edge	time	orlg_from	orlg_to	tract_length	start_pos	stop_pos	num_diff	template_seq	overide_seq
D1_N1	0.000201324544095	1	2	1	1493	1493	0	T	T
D1_N1	0.000496679749794	1	2	1	1094	1094	0	A	A
D1_N1	0.000953043064979	2	1	1	1598	1598	0	A	A
D1_N1	0.0037813212601	1	2	1	532	532	0	A	A
D1_N1	0.00385222743668	1	2	1	868	868	0	T	T
D1_N1	0.00386626473493	2	1	1	127	127	0	C	C
D1_N1	0.00398721970603	2	1	1	823	823	0	C	C
D1_N1	0.00522321399061	2	1	1	639	639	0	G	G
D1_N1	0.00522463910279	1	2	1	1528	1528	0	C	C
D1_N1	0.00656172584129	1	2	1	789	789	0	C	C
D1_N1	0.00735042304353	2	1	1	288	288	0	A	A
D1_N1	0.0073941127787	2	1	1	1483	1483	0	C	C
D1_N1	0.00753910946225	2	1	1	946	946	0	A	A
D1_N1	0.0080581023951	1	2	1	32	32	0	A	A
D1_N1	0.00873326437597	1	2	1	571	571	0	A	A
D1_N1	0.0100404601879	2	1	1	129	129	0	T	T
D1_N1	0.0108461430568	1	2	1	1298	1298	0	T	T
D1_N1	0.011243980239	2	1	1	874	874	0	T	T
D1_N1	0.01272216281	1	2	1	304	304	0	A	A
D1_N1	0.0127892322703	1	2	1	930	930	0	A	A
D1_N1	0.0133044134001	1	2	1	1373	1373	0	G	G
D1_N1	0.0135355993156	2	1	1	305	305	0	A	A
D1_N1	0.0142075230499	2	1	1	790	790	0	T	T
D1_N1	0.0142759206646	2	1	1	1663	1663	0	G	G
D1_N1	0.0143243026454	2	1	1	1281	1281	0	A	A
D1_N1	0.0145014492455	2	1	1	1083	1083	0	T	T
D1_N1	0.0149878373332	2	1	1	1581	1581	0	A	A
D1_N1	0.0157530353379	1	2	1	401	401	0	T	T
D1_N1	0.0158691748893	1	2	1	991	991	0	T	T
D1_N1	0.0159592952344	2	1	1	357	357	0	A	A
D1_N1	0.0175654072872	2	1	1	83	83	0	T	T
D1_N1	0.0184441730978	1	2	1	1675	1675	0	T	T
D1_N1	0.0210863769507	2	1	1	561	561	0	T	T
D1_N1	0.0214272817693	1	2	1	885	885	0	G	G
D1_N1	0.0227044607462	1	2	1	317	317	0	A	A
D1_N1	0.0235432145966	2	1	1	1088	1088	0	G	G
D1_N1	0.0252386396409	2	1	1	1018	1018	0	C	C
D1_N1	0.0255414771155	2	1	1	1193	1193	0	A	A
D1_N1	0.0256952994469	1	2	1	883	883	0	G	G
D1_N1	0.0258457528194	2	1	1	1576	1576	0	G	G
D1_N1	0.0267957544041	2	1	1	4	4	0	T	T
D1_N1	0.0277835002537	1	2	1	1316	1316	0	G	G
D1_N1	0.0288443206939	2	1	1	1385	1385	0	C	C
D1_N1	0.0293264771156	1	2	1	898	898	0	T	T
D1_N1	0.0298995663604	2	1	1	509	509	1	G	C
D1_N1	0.0308693771051	2	1	1	1467	1467	0	A	A
D1_N1	0.0311237811503	2	1	1	1351	1351	0	T	T
D1_N1	0.0311591353287	1	2	1	1275	1275	0	T	T
D1_N1	0.0320553998054	1	2	1	17	17	0	A	A
D1_N1	0.033144938692	2	1	1	1656	1656	0	T	T
D1_N1	0.0332670478189	2	1	1	1676	1676	0	T	T
D1_N1	0.0339259456466	1	2	1	1460	1460	0	A	A
D1_N1	0.0340073762545	1	2	1	449	449	0	G	G
D1_N1	0.0342026359337	1	2	1	430	430	0	T	T
D1_N1	0.0342216729374	1	2	1	256	256	0	T	T
D1_N1	0.0344846183888	2	1	1	1222	1222	1	T	C
D1_N1	0.0349924346514	2	1	1	962	962	0	G	G
D1_N1	0.0352843958893	2	1	1	1519	1519	0	T	T
D1_N1	0.0363470185319	1	2	1	136	136	0	C	C
D1_N1	0.0363640987253	1	2	1	103	103	0	C	C
D1_N1	0.0364867051359	1	2	1	613	613	0	A	A
D1_N1	0.0367535392551	1	2	1	1258	1258	0	T	T
D1_N1	0.0373099200341	2	1	1	438	438	0	C	C
D1_N1	0.0379592458355	1	2	1	1483	1483	0	C	C
D1_N1	0.0380395351428	2	1	1	116	116	0	T	T
D1_N1	0.0383521530337	2	1	1	58	58	0	C	C
D1_N1	0.0396645361551	1	2	1	1475	1475	0	T	T
D1_N1	0.0398181711622	2	1	1	1195	1195	0	G	G
D1_N1	0.0402600108726	1	2	1	1000	1000	1	A	C
D1_N1	0.042547292588	2	1	1	288	288	0	A	A
D1_N1	0.0426648670893	2	1	1	912	912	1	T	A
D1_N1	0.0438957197887	2	1	1	1673	1673	0	C	C
D1_N1	0.0459008120604	1	2	1	1543	1543	0	A	A
D1_N1	0.0473954358735	1	2	1	1425	1425	1	G	A
D1_N1	0.0474515462241	2	1	1	1374	1374	0	T	T
D1_N1	0.0475723251606	1	2	1	668	668	0	G	G
D1_N1	0.0491837730106	2	1	1	110	110	0	A	A
D1_N1	0.0498951716966	1	2	1	394	394	0	T	T
D1_N1	0.050959671914	1	2	1	1374	1374	0	T	T
D1_N1	0.051674490272	1	2	1	1513	1513	0	T	T
D1_N1	0.0518003483275	2	1	1	1422	1422	0	G	G
D1_N1	0.0534363591465	1	2	1	99	99	0	G	G
D1_N1	0.0542495800307	2	1	1	837	837	0	G	G
D1_N1	0.0546961748323	1	2	1	1063	1063	0	G	G
D1_N1	0.0547234772507	2	1	1	1117	1117	0	C	C
D1_N1	0.0563756231681	1	2	1	818	818	0	T	T
D1_N1	0.0570861185106	2	1	1	775	775	0	T	T
D1_N1	0.0572224899265	2	1	1	976	976	0	C	C
D1_N1	0.0577377445193	2	1	1	552	552	0	G	G
D1_N1	0.0578194833588	1	2	1	935	935	1	A	C
D1_N1	0.0581945057995	2	1	1	449	449	0	G	G
D1_N1	0.0600731164557	2	1	1	1508	1508	0	T	T
D1_N1	0.0600803608502	2	1	1	531	531	0	A	A
D1_N1	0.0613639456203	1	2	1	1552	1552	0	C	C
D1_N1	0.0615851745747	1	2	1	825	825	0	G	G
D1_N1	0.0616124525279	2	1	1	712	712	0	T	T
D1_N1	0.0628039695685	2	1	1	1157	1157	0	T	T
D1_N1	0.0644838441766	1	2	1	807	807	0	G	G
D1_N1	0.0647120800533	1	2	1	178	178	0	G	G
D1_N1	0.0648763459141	2	1	1	668	668	0	G	G
D1_N1	0.065718089338	1	2	1	717	717	0	G	G
D1_N1	0.0658508649805	1	2	1	627	627	0	C	C
D1_N1	0.066446721201	1	2	1	747	747	0	T	T
D1_N1	0.0666872282837	2	1	1	654	654	0	A	A
D1_N1	0.0672424666843	2	1	1	301	301	0	C	C
D1_N1	0.0673121785346	1	2	1	282	282	0	T	T
D1_N1	0.0678411731824	1	2	1	1293	1293	0	G	G
D1_N1	0.0698593937508	1	2	1	1099	1099	0	G	G
D1_N1	0.0705752974779	1	2	1	1353	1353	0	A	A
D1_N1	0.0718571371359	2	1	1	867	867	0	T	T
D1_N1	0.0723565962944	2	1	1	1272	1272	0	C	C
D1_N1	0.0750268637205	2	1	1	689	689	0	A	A
D1_N1	0.0760060347167	2	1	1	556	556	1	C	T
D1_N1	0.076008974592	1	2	1	197	197	0	T	T
D1_N1	0.076091111172	2	1	1	342	342	0	C	C
D1_N1	0.0763053466644	1	2	1	921	921	1	T	C
D1_N1	0.078012872975	2	1	1	734	734	1	A	G
D1_N1	0.0782368144114	1	2	1	1316	1316	0	G	G
D1_N1	0.0783973294626	1	2	1	551	551	0	G	G
D1_N1	0.0790193868117	2	1	1	1687	1687	0	A	A
D1_N1	0.0800161425367	1	2	1	133	133	0	C	C
D1_N1	0.0803390328829	2	1	1	1126	1126	0	A	A
D1_N1	0.0821094825229	2	1	1	755	755	0	A	A
D1_N1	0.0828687148867	2	1	1	1287	1287	0	T	T
D1_N1	0.0833645996245	2	1	1	1719	1719	0	C	C
D1_N1	0.0845427079519	2	1	1	632	632	0	C	C
D1_N1	0.0855111096497	1	2	1	491	491	0	A	A
D1_N1	0.085697218792	1	2	1	1438	1438	0	G	G
D1_N1	0.0857526779082	2	1	1	1685	1685	0	G	G
D1_N1	0.086829377511	2	1	1	572	572	1	C	T
D1_N1	0.0872687283979	1	2	1	1474	1474	0	A	A
D1_N1	0.0882828501944	2	1	1	1204	1204	1	G	A
D1_N1	0.0883140609538	2	1	1	455	455	0	G	G
D1_N1	0.089795617481	1	2	1	69	69	0	A	A
D1_N1	0.0901798910584	1	2	1	939	939	1	C	A
D1_N1	0.0911809945175	2	1	1	1596	1596	0	A	A
D1_N1	0.0917889370091	2	1	1	953	953	0	T	T
D1_N1	0.0920768465726	2	1	1	1627	1627	0	C	C
D1_N1	0.0924347754853	2	1	1	1389	1389	0	G	G
D1_N1	0.0926916080759	2	1	1	232	232	1	G	A
D1_N1	0.093229922829	2	1	1	352	352	1	G	C
D1_N1	0.0934280691412	2	1	1	558	558	0	T	T
D1_N1	0.096136581691	2	1	1	855	855	1	C	T
D1_N1	0.0970897744839	1	2	1	1019	1019	0	T	T
D1_N1	0.0980567251287	2	1	1	1336	1336	0	C	C
D1_N1	0.0982989063708	1	2	1	206	206	0	A	A
D1_N1	0.100299081444	1	2	1	1632	1632	0	A	A
D1_N1	0.100718600888	1	2	1	186	186	0	G	G
D1_N1	0.101307513341	1	2	1	548	548	0	T	T
D1_N1	0.101566758095	2	1	1	1679	1679	0	T	T
D1_N1	0.101928593517	2	1	1	77	77	0	C	C
D1_N1	0.105103953497	2	1	1	970	970	0	A	A
D1_N1	0.106287872541	1	2	1	433	433	0	G	G
D1_N1	0.106658510349	1	2	1	808	808	1	G	A
D1_N1	0.107909658375	2	1	1	1332	1332	1	T	C
D1_N1	0.108914285721	2	1	1	897	897	0	T	T
D1_N1	0.109764334002	2	1	1	719	719	0	C	C
D1_N1	0.111060465856	2	1	1	233	233	0	C	C
D1_N1	0.111521090589	1	2	1	463	463	0	T	T
D1_N1	0.111587657479	2	1	1	861	861	0	A	A
D1_N1	0.112767443085	2	1	1	1672	1672	1	A	G
D1_N1	0.112889860031	2	1	1	1036	1036	0	T	T
D1_N1	0.11323527765	2	1	1	1146	1146	0	A	A
D1_N1	0.114352058913	1	2	1	1440	1440	1	C	T
D1_N1	0.115635246808	1	2	1	990	990	0	T	T
D1_N1	0.116429731301	2	1	1	1126	1126	0	A	A
D1_N1	0.11713902663	2	1	1	624	624	0	A	A
D1_N1	0.118813214413	1	2	1	248	248	1	T	C
D1_N1	0.119270667904	1	2	1	756	756	0	T	T
D1_N1	0.119900912344	1	2	1	206	206	0	A	A
D1_N1	0.120692758697	2	1	1	782	782	0	A	A
D1_N1	0.120817019022	2	1	1	664	664	0	G	G
D1_N1	0.122663533344	2	1	1	1613	1613	0	T	T
D1_N1	0.12276137947	2	1	1	1614	1614	0	A	A
D1_N1	0.123279314278	1	2	1	1120	1120	0	T	T
D1_N1	0.123566474033	1	2	1	623	623	0	C	C
D1_N1	0.123896874991	2	1	1	734	734	0	A	A
D1_N1	0.124768543931	1	2	1	828	828	0	G	G
D1_N1	0.12519770278	2	1	1	1387	1387	0	G	G
D1_N1	0.125551047954	2	1	1	1469	1469	1	T	G
D1_N1	0.125952123427	2	1	1	884	884	0	T	T
D1_N1	0.127281751438	2	1	1	1275	1275	0	T	T
D1_N1	0.12733704035	2	1	1	396	396	0	G	G
D1_N1	0.127560774749	1	2	1	252	252	0	T	T
D1_N1	0.129135215039	1	2	1	498	498	0	C	C
D1_N1	0.129990686567	1	2	1	23	23	1	T	A
D1_N1	0.130644469624	1	2	1	644	644	0	A	A
D1_N1	0.130725994946	1	2	1	10	10	0	A	A
D1_N1	0.130843701041	1	2	1	194	194	0	A	A
D1_N1	0.13101743013	1	2	1	1265	1265	0	T	T
D1_N1	0.131088617757	2	1	1	798	798	0	A	A
D1_N1	0.131772281858	2	1	1	265	265	0	A	A
D1_N1	0.13232385044	1	2	1	85	85	0	T	T
D1_N1	0.132592874448	1	2	1	1479	1479	1	G	A
D1_N1	0.132634605836	2	1	1	1307	1307	0	C	C
D1_N1	0.135791499015	2	1	1	295	295	1	A	C
D1_N1	0.136893976907	1	2	1	1325	1325	0	T	T
D1_N1	0.137276007184	2	1	1	450	450	0	A	A
D1_N1	0.138400515019	2	1	1	1475	1475	0	T	T
D1_N1	0.138449167799	1	2	1	972	972	0	C	C
D1_N1	0.138883905507	1	2	1	103	103	0	C	C
D1_N1	0.139253310207	1	2	1	1228	1228	1	A	G
D1_N1	0.13993158024	1	2	1	1290	1290	0	A	A
D1_N1	0.140545918292	2	1	1	1358	1358	1	G	A
D1_N1	0.141803306192	1	2	1	1003	1003	0	A	A
D1_N1	0.141885934919	1	2	1	598	598	1	A	G
D1_N1	0.143652672529	2	1	1	194	194	0	A	A
D1_N1	0.143722518592	2	1	1	1086	1086	1	C	G
D1_N1	0.143770562189	1	2	1	583	583	0	A	A
D1_N1	0.143847912875	1	2	1	721	721	0	A	A
D1_N1	0.144533857346	2	1	1	465	465	0	A	A
D1_N1	0.14534576625	1	2	1	788	788	1	T	G
D1_N1	0.145558364202	2	1	1	616	616	0	T	T
D1_N1	0.145746349567	1	2	1	86	86	0	C	C
D1_N1	0.14644940569	1	2	1	1337	1337	0	A	A
D1_N1	0.14666181891	2	1	1	1324	1324	0	G	G
D1_N1	0.1474807863	1	2	1	865	865	0	T	T
D1_N1	0.147944458521	1	2	1	1667	1667	1	C	T
D1_N1	0.14838983086	1	2	1	774	774	0	A	A
D1_N1	0.149983157285	2	1	1	641	641	0	A	A
D1_N1	0.151774832245	2	1	1	263	263	1	G	T
D1_N1	0.153246032277	1	2	1	518	518	0	A	A
D1_N1	0.153563522544	2	1	1	671	671	1	G	A
D1_N1	0.154111483732	1	2	1	219	219	0	T	T
D1_N1	0.154373958805	1	2	1	1340	1340	1	T	C
D1_N1	0.15712239777	1	2	1	323	323	1	G	A
D1_N1	0.157703673739	2	1	1	1179	1179	0	G	G
D1_N1	0.158236045341	1	2	1	55	55	0	C	C
D1_N1	0.158629579806	2	1	1	617	617	0	T	T
D1_N1	0.162574291062	1	2	1	238	238	0	T	T
D1_N1	0.163455360945	1	2	1	1124	1124	0	C	C
D1_N1	0.163877842577	2	1	1	1336	1336	0	C	C
D1_N1	0.163912133162	1	2	1	887	887	0	G	G
D1_N1	0.164549887526	2	1	1	185	185	1	G	C
D1_N1	0.165620062986	2	1	1	1631	1631	0	G	G
D1_N1	0.166028283171	2	1	1	381	381	0	C	C
D1_N1	0.168942262118	2	1	1	1651	1651	0	G	G
D1_N1	0.171471551467	1	2	1	95	95	0	A	A
D1_N1	0.172507918051	2	1	1	124	124	0	G	G
D1_N1	0.172702353425	1	2	1	1544	1544	1	C	A
D1_N1	0.175049813418	2	1	1	708	708	0	T	T
D1_N1	0.175142775094	2	1	1	1058	1058	0	A	A
D1_N1	0.175365113173	2	1	1	283	283	0	A	A
D1_N1	0.176261816923	1	2	1	911	911	0	C	C
D1_N1	0.176936983394	1	2	1	558	558	0	T	T
D1_N1	0.177634423811	1	2	1	32	32	0	A	A
D1_N1	0.178391385843	1	2	1	1086	1086	0	C	C
D1_N1	0.178560140196	1	2	1	4	4	0	T	T
D1_N1	0.178728689897	2	1	1	94	94	1	G	T
D1_N1	0.181058640756	2	1	1	657	657	0	A	A
D1_N1	0.181221087277	1	2	1	1352	1352	0	T	T
D1_N1	0.182142162297	1	2	1	1537	1537	0	C	C
D1_N1	0.183363745587	2	1	1	603	603	0	T	T
D1_N1	0.183752349618	2	1	1	1305	1305	0	A	A
D1_N1	0.18412839261	1	2	1	1019	1019	0	T	T
D1_N1	0.186416638471	1	2	1	1510	1510	1	T	G
D1_N1	0.186485659456	1	2	1	1720	1720	0	C	C
D1_N1	0.18672605373	1	2	1	282	282	0	T	T
D1_N1	0.186817628677	2	1	1	1572	1572	0	C	C
D1_N1	0.187009035347	2	1	1	19	19	1	A	G
D1_N1	0.187034610081	1	2	1	1319	1319	1	T	C
D1_N1	0.187319348079	2	1	1	1427	1427	0	T	T
D1_N1	0.187475026979	2	1	1	1115	1115	0	G	G
D1_N1	0.188572458844	2	1	1	1006	1006	0	G	G
D1_N1	0.188843598592	1	2	1	380	380	0	C	C
D1_N1	0.188977517274	2	1	1	283	283	0	A	A
D1_N1	0.18929427325	2	1	1	120	120	1	C	T
D1_N1	0.189770031605	2	1	1	649	649	1	C	G
D1_N1	0.189804303641	2	1	1	1205	1205	0	A	A
D1_N1	0.190146665878	2	1	1	87	87	1	A	G
D1_N1	0.19015549992	2	1	1	1646	1646	0	A	A
D1_N1	0.19053913364	2	1	1	562	562	1	C	T
D1_N1	0.191262382637	2	1	1	1490	1490	0	C	C
D1_N1	0.191529075769	1	2	1	1627	1627	0	C	C
D1_N1	0.192612623699	2	1	1	1630	1630	0	C	C
D1_N1	0.196141643617	2	1	1	629	629	1	C	A
D1_N1	0.197078852552	2	1	1	817	817	0	A	A
D1_N1	0.197557791324	2	1	1	623	623	1	C	T
D1_N1	0.197832400847	1	2	1	654	654	0	A	A
D1_N1	0.198477734276	2	1	1	943	943	1	G	A
D1_N1	0.198702120947	2	1	1	1020	1020	1	A	T
D1_N1	0.199350679461	1	2	1	1723	1723	0	G	G
D1_N1	0.199670904076	1	2	1	774	774	0	A	A
D1_N1	0.199935925976	2	1	1	1683	1683	1	G	A
D1_N1	0.200244930732	2	1	1	1119	1119	0	G	G
D1_N1	0.200453725419	2	1	1	243	243	1	G	A
D1_N1	0.200588038896	1	2	1	647	647	0	A	A
D1_N1	0.201267970435	2	1	1	1508	1508	0	T	T
D1_N1	0.201541662197	2	1	1	933	933	0	C	C
D1_N1	0.201787424522	1	2	1	1441	1441	0	G	G
D1_N1	0.201939670423	2	1	1	820	820	1	C	G
D1_N1	0.202268425658	2	1	1	1603	1603	1	A	C
D1_N1	0.203017784914	1	2	1	1525	1525	0	A	A
D1_N1	0.203829067448	1	2	1	1207	1207	0	A	A
D1_N1	0.203938596961	2	1	1	1345	1345	1	A	G
D1_N1	0.204216057795	2	1	1	1098	1098	1	T	G
D1_N1	0.204424502936	2	1	1	230	230	1	G	A
D1_N1	0.204507518395	2	1	1	688	688	0	C	C
D1_N1	0.204814401093	2	1	1	962	962	0	G	G
D1_N1	0.206464666362	1	2	1	639	639	0	G	G
D1_N1	0.20667437693	2	1	1	461	461	0	A	A
D1_N1	0.207536621196	1	2	1	219	219	0	T	T
D1_N1	0.207937992377	1	2	1	1322	1322	0	A	A
D1_N1	0.208803631728	2	1	1	482	482	0	G	G
D1_N1	0.209204526626	2	1	1	1671	1671	1	T	C
D1_N1	0.20923344235	2	1	1	910	910	0	A	A
D1_N1	0.209573066716	1	2	1	1535	1535	0	T	T
D1_N1	0.209597226886	2	1	1	880	880	0	A	A
D1_N1	0.210255996263	1	2	1	517	517	1	G	A
D1_N1	0.212097964241	2	1	1	479	479	1	A	T
D1_N1	0.212174841117	2	1	1	1724	1724	0	A	A
D1_N1	0.213455437221	1	2	1	368	368	1	C	G
D1_N1	0.214866139697	1	2	1	843	843	0	A	A
D1_N1	0.216384751872	2	1	1	1209	1209	0	T	T
D1_N1	0.217030935827	2	1	1	1393	1393	1	A	G
D1_N1	0.217036201541	2	1	1	300	300	1	A	T
D1_N1	0.217191776015	2	1	1	1683	1683	0	G	G
D1_N1	0.218385548659	2	1	1	1625	1625	0	G	G
D1_N1	0.219343074537	1	2	1	296	296	0	G	G
D1_N1	0.221081494653	2	1	1	1131	1131	0	T	T
D1_N1	0.222292808783	1	2	1	143	143	0	A	A
D1_N1	0.222331034314	1	2	1	1030	1030	0	A	A
D1_N1	0.222434060368	2	1	1	294	294	1	G	A
D1_N1	0.223813345497	2	1	1	1392	1392	0	T	T
D1_N1	0.224986818739	1	2	1	1393	1393	0	A	A
D1_N1	0.225573405779	1	2	1	10	10	0	A	A
D1_N1	0.22742249936	2	1	1	1181	1181	1	T	C
D1_N1	0.227858404247	2	1	1	860	860	0	G	G
D1_N1	0.229525657216	2	1	1	688	688	0	C	C
D1_N1	0.229604704876	1	2	1	426	426	0	G	G
D1_N1	0.229806382756	2	1	1	799	799	0	C	C
D1_N1	0.230018062832	1	2	1	1168	1168	1	C	T
D1_N1	0.231165581785	1	2	1	1715	1715	0	G	G
D1_N1	0.231401407606	2	1	1	1285	1285	0	T	T
D1_N1	0.232882504624	1	2	1	1005	1005	0	A	A
D1_N1	0.233003140908	2	1	1	282	282	1	T	C
D1_N1	0.233686411958	1	2	1	1169	1169	0	G	G
N1_N2	0.00166787678023	1	2	1	66	66	0	T	T
N1_N2	0.00181503615674	1	2	1	440	440	0	A	A
N1_N2	0.00263041227499	1	2	1	1641	1641	1	C	T
N1_N2	0.00273016417117	1	2	1	131	131	1	T	C
N1_N2	0.00317963186061	2	1	1	1011	1011	0	C	C
N1_N2	0.00461958377127	1	2	1	652	652	0	G	G
N1_N2	0.00588520480437	1	2	1	565	565	0	T	T
N1_N2	0.00653317811245	2	1	1	881	881	1	A	T
N1_N2	0.00678434381541	2	1	1	1332	1332	1	T	C
N1_N2	0.00756457986499	1	2	1	1469	1469	0	T	T
N1_N2	0.00781223277839	2	1	1	498	498	0	C	C
N1_N2	0.00804654672005	2	1	1	1507	1507	0	G	G
N1_N2	0.00843304923698	2	1	1	1038	1038	1	T	C
N1_N2	0.00995926278901	2	1	1	690	690	1	T	A
N1_N2	0.010175280412	1	2	1	682	682	0	A	A
N1_N2	0.010696170348	2	1	1	911	911	0	C	C
N1_N2	0.0107572546723	2	1	1	179	179	0	C	C
N1_N2	0.0110083696828	1	2	1	194	194	0	A	A
N1_N2	0.0110494135061	2	1	1	1386	1386	0	G	G
N1_N2	0.0115892547407	2	1	1	1253	1253	1	G	T
N1_N2	0.0120486758273	1	2	1	170	170	1	G	A
N1_N2	0.0123177921959	1	2	1	677	677	1	T	C
N1_N2	0.0127718174852	2	1	1	835	835	1	G	A
N1_N2	0.0129988647789	1	2	1	1508	1508	0	T	T
N1_N2	0.013230583484	1	2	1	492	492	1	A	C
N1_N2	0.0135891559032	1	2	1	1043	1043	0	T	T
N1_N2	0.0137537447785	1	2	1	1611	1611	0	A	A
N1_N2	0.0156200054044	1	2	1	1683	1683	0	G	G
N2_N3	0.00227643590431	1	2	1	1010	1010	1	A	C
N2_N3	0.00288186252354	1	2	1	630	630	0	G	G
N2_N3	0.00309786716757	1	2	1	303	303	0	T	T
N2_N3	0.00448284611897	1	2	1	425	425	0	T	T
N2_N3	0.00473186377152	2	1	1	1626	1626	1	G	T
N2_N3	0.00495977739333	2	1	1	1373	1373	0	G	G
N2_N3	0.00594436592284	2	1	1	813	813	0	C	C
N2_N3	0.00636728182171	1	2	1	862	862	0	G	G
N2_N3	0.00655873548324	1	2	1	1724	1724	0	A	A
N3_N4	1.40154251738e-05	2	1	1	666	666	0	C	C
N3_N4	0.000201679776505	2	1	1	107	107	1	G	A
N3_N4	0.000289064353886	2	1	1	997	997	0	A	A
N3_N4	0.00207848749806	1	2	1	456	456	0	G	G
N3_N4	0.00241314030625	2	1	1	889	889	1	G	A
N3_N4	0.0027372960391	2	1	1	56	56	1	A	G
N3_N4	0.00274961356223	1	2	1	970	970	0	A	A
N3_N4	0.00399329170194	2	1	1	503	503	0	T	T
N3_N4	0.00536709769055	2	1	1	518	518	1	C	A
N3_N4	0.00593348540336	2	1	1	596	596	0	T	T
N3_N4	0.00617291317358	2	1	1	247	247	1	G	C
N3_N4	0.00815438256961	1	2	1	1032	1032	0	T	T
N3_N4	0.00839396484051	1	2	1	562	562	1	T	C
N3_N4	0.00867066273573	2	1	1	769	769	0	T	T
N3_N4	0.00878843641604	1	2	1	422	422	0	A	A
N4_Human	0.000375949689832	1	2	1	2	2	1	G	A
N4_Human	0.00118768750028	2	1	1	1714	1714	0	T	T
N4_Human	0.00159700534049	2	1	1	1390	1390	0	A	A
N4_Human	0.00162354541962	1	2	1	1568	1568	0	C	C
N4_Human	0.00188282358652	1	2	1	1068	1068	0	A	A
N4_Human	0.00323489929562	2	1	1	628	628	0	C	C
N4_Human	0.00375320425897	1	2	1	376	376	1	T	A
N4_Human	0.00441991833534	1	2	1	499	499	0	T	T
N4_Human	0.00541398248922	1	2	1	1337	1337	0	A	A
N4_Human	0.00561018797836	2	1	1	1198	1198	1	G	A
N4_Human	0.00587426696324	2	1	1	631	631	0	T	T
N4_Human	0.00596168989563	1	2	1	774	774	1	G	A
N4_Human	0.00605906861584	2	1	1	777	777	0	G	G
N4_Human	0.00663696651871	1	2	1	953	953	0	T	T
N4_Human	0.00770983453546	1	2	1	1637	1637	1	A	T
N4_Human	0.00778326566415	1	2	1	891	891	0	T	T
N4_Human	0.00909803533726	2	1	1	1334	1334	0	C	C
N4_Human	0.00921614683032	2	1	1	756	756	1	T	C
N4_Human	0.00983128491094	2	1	1	369	369	0	C	C
N4_Human	0.00988998536003	2	1	1	1165	1165	1	C	G
N4_Human	0.0102187307763	1	2	1	1731	1731	0	T	T
N4_Chimp	0.000187083029605	1	2	1	1370	1370	1	A	G
N4_Chimp	0.000213105914286	1	2	1	1618	1618	0	T	T
N4_Chimp	0.000397320784562	1	2	1	557	557	1	C	T
N4_Chimp	0.00145037934575	1	2	1	1020	1020	0	A	A
N4_Chimp	0.00281790552382	1	2	1	877	877	1	T	A
N4_Chimp	0.00401559753107	2	1	1	957	957	1	C	T
N4_Chimp	0.00427680237924	1	2	1	169	169	1	C	T
N4_Chimp	0.00451578271933	1	2	1	1702	1702	1	G	A
N4_Chimp	0.004927659559	1	2	1	1537	1537	0	C	C
N4_Chimp	0.00533575036832	2	1	1	1126	1126	1	T	A
N4_Chimp	0.00562308218747	1	2	1	1455	1455	0	G	G
N4_Chimp	0.00638923970079	1	2	1	103	103	0	C	C
N4_Chimp	0.00657675464921	2	1	1	26	26	0	A	A
N4_Chimp	0.00745331804434	2	1	1	1521	1521	0	T	T
N4_Chimp	0.00781539565315	1	2	1	790	790	0	T	T
N4_Chimp	0.00841766941863	2	1	1	134	134	0	A	A
N4_Chimp	0.00981130724897	1	2	1	517	517	0	G	G
N4_Chimp	0.0106194903138	1	2	1	1171	1171	0	T	T
N3_Goril	0.000443990339415	1	2	1	1723	1723	0	G	G
N3_Goril	0.00126218211264	2	1	1	694	694	0	C	C
N3_Goril	0.00231201431132	1	2	1	471	471	1	C	T
N3_Goril	0.00295767284821	2	1	1	1554	1554	0	T	T
N3_Goril	0.00362845802305	2	1	1	368	368	0	C	C
N3_Goril	0.00398301208559	2	1	1	58	58	1	C	T
N3_Goril	0.00427590036181	2	1	1	429	429	1	G	T
N3_Goril	0.00497642149219	1	2	1	1382	1382	0	G	G
N3_Goril	0.00570418193367	2	1	1	745	745	1	A	T
N3_Goril	0.00624214718827	1	2	1	577	577	0	T	T
N3_Goril	0.00643038833985	1	2	1	552	552	0	G	G
N3_Goril	0.00720840157235	2	1	1	1701	1701	0	T	T
N3_Goril	0.00851568599264	2	1	1	1098	1098	0	T	T
N3_Goril	0.00891045548215	2	1	1	690	690	0	T	T
N3_Goril	0.0110518013355	2	1	1	540	540	0	T	T
N3_Goril	0.0111940189512	2	1	1	1350	1350	0	A	A
N3_Goril	0.0116450608789	2	1	1	309	309	0	T	T
N3_Goril	0.012381789939	1	2	1	94	94	0	G	G
N3_Goril	0.0124486845305	1	2	1	402	402	0	T	T
N3_Goril	0.0130753591969	1	2	1	1543	1543	0	A	A
N3_Goril	0.0150018657906	1	2	1	245	245	0	T	T
N3_Goril	0.0150555740802	1	2	1	1581	1581	1	A	T
N3_Goril	0.0151396589901	1	2	1	670	670	1	A	G
N3_Goril	0.0157630284416	2	1	1	1472	1472	0	A	A
N3_Goril	0.0171440231117	2	1	1	1011	1011	0	C	C
N3_Goril	0.017422679214	2	1	1	46	46	0	T	T
N3_Goril	0.0177082830839	2	1	1	919	919	1	A	C
N3_Goril	0.0178931936348	1	2	1	65	65	1	G	C
N3_Goril	0.0181827289088	1	2	1	1709	1709	0	G	G
N3_Goril	0.0194945495311	1	2	1	1607	1607	0	A	A
N3_Goril	0.0198883465197	1	2	1	1100	1100	1	T	G
N3_Goril	0.0200117489048	1	2	1	64	64	1	C	T
N2_Orang	2.27902308209e-06	1	2	1	1581	1581	0	A	A
N2_Orang	0.000229023043876	1	2	1	1558	1558	0	T	T
N2_Orang	0.00028626617729	2	1	1	1268	1268	0	T	T
N2_Orang	0.000395282175549	2	1	1	623	623	0	C	C
N2_Orang	0.0011700357518	2	1	1	547	547	0	T	T
N2_Orang	0.00134497366632	2	1	1	1358	1358	1	G	T
N2_Orang	0.00227228958308	1	2	1	589	589	0	A	A
N2_Orang	0.00330510100955	1	2	1	705	705	1	C	G
N2_Orang	0.00339158061099	1	2	1	1170	1170	0	C	C
N2_Orang	0.00340836986794	2	1	1	271	271	1	G	C
N2_Orang	0.00357855750102	1	2	1	1457	1457	1	T	A
N2_Orang	0.00413826210405	2	1	1	443	443	1	A	T
N2_Orang	0.00465174477801	2	1	1	474	474	1	G	T
N2_Orang	0.00503137977142	1	2	1	477	477	1	C	G
N2_Orang	0.00612833370658	1	2	1	1080	1080	0	A	A
N2_Orang	0.00627118535237	2	1	1	888	888	0	T	T
N2_Orang	0.00657372071602	1	2	1	1487	1487	0	G	G
N2_Orang	0.00697585535598	1	2	1	734	734	0	A	A
N2_Orang	0.00704556984061	1	2	1	242	242	1	G	A
N2_Orang	0.00904236712199	1	2	1	537	537	0	T	T
N2_Orang	0.00956671956283	1	2	1	831	831	0	A	A
N2_Orang	0.00976728450695	1	2	1	879	879	1	C	T
N2_Orang	0.0116709907446	1	2	1	1610	1610	1	G	A
N2_Orang	0.0141179335	2	1	1	514	514	0	A	A
N2_Orang	0.014249619837	1	2	1	1660	1660	0	T	T
N2_Orang	0.0144272434271	2	1	1	85	85	0	T	T
N2_Orang	0.0181530765952	2	1	1	998	998	0	A	A
N2_Orang	0.0182587597978	2	1	1	1100	1100	1	G	T
N1_Macaq	0.000243637918744	1	2	1	201	201	0	C	C
N1_Macaq	0.000657046619748	1	2	1	1617	1617	1	G	T
N1_Macaq	0.000735006066109	1	2	1	1721	1721	0	A	A
N1_Macaq	0.00181942623487	2	1	1	819	819	0	A	A
N1_Macaq	0.00251492219392	1	2	1	192	192	1	G	A
N1_Macaq	0.00308338573924	1	2	1	796	796	0	A	A
N1_Macaq	0.00362699110915	2	1	1	1515	1515	0	T	T
N1_Macaq	0.00367716364957	2	1	1	319	319	0	C	C
N1_Macaq	0.00494376247511	2	1	1	325	325	0	C	C
N1_Macaq	0.00520262000748	1	2	1	299	299	0	T	T
N1_Macaq	0.00524699384328	2	1	1	564	564	0	T	T
N1_Macaq	0.00525260954504	1	2	1	1156	1156	1	A	G
N1_Macaq	0.00653856295654	1	2	1	1416	1416	1	G	A
N1_Macaq	0.00732228099419	2	1	1	1333	1333	0	A	A
N1_Macaq	0.00778006744191	1	2	1	478	478	0	T	T
N1_Macaq	0.00900974395351	2	1	1	1702	1702	1	A	G
N1_Macaq	0.00946076581173	1	2	1	1481	1481	1	C	A
N1_Macaq	0.0113298778849	2	1	1	911	911	0	C	C
N1_Macaq	0.011918938133	1	2	1	739	739	0	A	A
N1_Macaq	0.0134246743405	1	2	1	319	319	0	C	C
N1_Macaq	0.0147784537647	2	1	1	431	431	0	C	C
N1_Macaq	0.015291340299	1	2	1	1652	1652	1	T	A
N1_Macaq	0.0169227536962	2	1	1	579	579	0	T	T
N1_Macaq	0.0189063247231	2	1	1	129	129	1	C	T
N1_Macaq	0.0193826440327	2	1	1	880	880	0	A	A
N1_Macaq	0.0195177264583	2	1	1	1322	1322	0	A	A
N1_Macaq	0.0196944684826	2	1	1	1131	1131	0	T	T
N1_Macaq	0.0197924099855	2	1	1	258	258	1	C	G
N1_Macaq	0.0208160832106	1	2	1	292	292	1	T	C
N1_Macaq	0.0211048440891	1	2	1	594	594	0	C	C
N1_Macaq	0.0223020505312	2	1	1	711	711	1	C	G
N1_Macaq	0.0224997088882	1	2	1	13	13	1	C	T
N1_Macaq	0.0237637688663	1	2	1	849	849	1	G	A
N1_Macaq	0.02414133313	1	2	1	1421	1421	1	G	A
N1_Macaq	0.0241551480522	2	1	1	978	978	0	T	T
N1_Macaq	0.0243237158044	2	1	1	1098	1098	1	C	T
N1_Macaq	0.0246680796894	1	2	1	700	700	1	A	T
N1_Macaq	0.0247405486669	2	1	1	371	371	1	T	A
N1_Macaq	0.0249071743978	2	1	1	707	707	0	T	T
N1_Macaq	0.0250945139578	1	2	1	719	719	0	C	C
N1_Macaq	0.0255612032419	2	1	1	448	448	1	A	C
N1_Macaq	0.0261714692557	2	1	1	1665	1665	1	C	T
N1_Macaq	0.0265153894943	2	1	1	628	628	0	C	C
N1_Macaq	0.0271945277726	2	1	1	165	165	0	T	T
N1_Macaq	0.0292157108412	2	1	1	375	375	1	A	T
N1_Macaq	0.0292717586963	2	1	1	1183	1183	1	G	T
N1_Macaq	0.0294274336174	1	2	1	237	237	1	C	A
N1_Macaq	0.031258851506	1	2	1	125	125	0	G	G
N1_Macaq	0.0313954735561	2	1	1	1208	1208	1	T	G
N1_Macaq	0.0342940925866	2	1	1	74	74	0	T	T
N1_Macaq	0.0352622238617	2	1	1	1425	1425	1	T	G
N1_Macaq	0.0360341033973	1	2	1	478	478	0	T	T
N1_Macaq	0.0365967286307	1	2	1	1657	1657	0	G	G
N1_Macaq	0.0368164938723	1	2	1	106	106	0	T	T
N1_Macaq	0.0376266281428	1	2	1	1191	1191	0	A	A
N1_Macaq	0.0386776797863	2	1	1	19	19	0	A	A
N1_Macaq	0.0399438856159	1	2	1	826	826	1	G	A
N1_Macaq	0.0405015127243	2	1	1	328	328	0	G	G
N1_Macaq	0.0413355801395	2	1	1	911	911	0	C	C
N1_Macaq	0.0414925035528	1	2	1	1091	1091	0	A	A
N1_Macaq	0.043068058793	1	2	1	1256	1256	0	T	T
N1_Macaq	0.0436103312358	2	1	1	1439	1439	0	G	G
