edge	time	orlg_from	orlg_to	tract_length	start_pos	stop_pos	num_diff	template_seq	overide_seq
D1_N1	0.00338698994309	2	1	1	268	268	0	A	A
D1_N1	0.00425454535812	1	2	1	263	263	0	T	T
D1_N1	0.00792484323429	1	2	1	67	67	0	A	A
N1_castellii	0.00219408316729	2	1	1	406	406	0	T	T
N1_castellii	0.00462921539499	1	2	1	543	543	0	A	A
N1_castellii	0.00783159914806	1	2	1	334	334	0	T	T
N1_castellii	0.00848463414188	1	2	1	657	657	0	C	C
N1_castellii	0.00874754789311	1	2	1	79	79	0	T	T
N1_N2	0.000710735849223	2	1	1	43	43	0	C	C
N1_N2	0.00335488040695	1	2	1	94	94	0	C	C
N1_N2	0.00775488324948	2	1	1	475	475	0	C	C
N2_bayanus	0.00521738069218	2	1	1	477	477	0	A	A
N2_bayanus	0.00618677437138	1	2	1	417	417	0	A	A
N2_bayanus	0.00695944203508	2	1	1	71	71	0	C	C
N2_N3	0.00403261891379	1	2	1	182	182	0	T	T
N2_N3	0.00487290102871	1	2	1	600	600	0	G	G
N3_kudriavzevii	0.00683667744151	2	1	1	546	546	0	G	G
N3_kudriavzevii	0.00756906228581	1	2	1	75	75	0	A	A
N3_kudriavzevii	0.00811735066936	1	2	1	225	225	0	A	A
N3_kudriavzevii	0.00933790613837	1	2	1	499	499	0	T	T
N3_N4	0.000492407488894	2	1	1	176	176	0	G	G
N3_N4	0.00162587767254	2	1	1	363	363	0	C	C
N3_N4	0.00496949414074	2	1	1	181	181	0	C	C
N4_mikatae	0.00105156523838	2	1	1	605	605	0	C	C
N4_mikatae	0.00344798809057	1	2	1	408	408	1	A	G
N4_mikatae	0.00502112798069	2	1	1	562	562	0	C	C
N4_mikatae	0.00756309028888	2	1	1	280	280	1	G	A
N4_mikatae	0.00967353964495	1	2	1	637	637	1	C	A
N4_N5	0.00100585187161	2	1	1	109	109	0	G	G
N4_N5	0.00237136369868	2	1	1	362	362	0	G	G
N4_N5	0.00490516169062	1	2	1	392	392	0	G	G
N4_N5	0.00608805618777	1	2	1	537	537	0	G	G
N5_paradoxus	0.00108141538736	2	1	1	507	507	0	G	G
N5_paradoxus	0.00490966820585	2	1	1	675	675	1	A	T
N5_paradoxus	0.00812686807251	1	2	1	403	403	0	G	G
N5_cerevisiae	0.000756174128773	1	2	1	22	22	0	C	C
N5_cerevisiae	0.00085349592054	2	1	1	86	86	0	C	C
N5_cerevisiae	0.00141734151686	1	2	1	507	507	0	G	G
N5_cerevisiae	0.00252241318795	1	2	1	187	187	0	A	A
N5_cerevisiae	0.00486942719761	2	1	1	483	483	1	G	C
N5_cerevisiae	0.00549441021438	2	1	1	82	82	0	A	A
N5_cerevisiae	0.00601362561292	1	2	1	289	289	0	T	T
N5_cerevisiae	0.00735838500251	2	1	1	558	558	0	C	C
N5_cerevisiae	0.00941519344401	2	1	1	151	151	0	G	G
