edge	time	mut_orlg	mut_pos	old_state	new_state
N0_kluyveri	0.000237822672544	0	89	G	A
N0_kluyveri	0.000725126989727	0	125	G	A
N0_kluyveri	0.00116130588636	0	299	G	A
N0_kluyveri	0.00192510147429	0	368	C	G
N0_kluyveri	0.00196547995815	0	341	T	C
N0_kluyveri	0.00196945850208	0	473	T	C
N0_kluyveri	0.0023105296827	0	48	T	C
N0_kluyveri	0.00299008221911	0	146	G	A
N0_kluyveri	0.00302831364785	0	206	T	C
N0_kluyveri	0.00307193745758	0	473	C	T
N0_kluyveri	0.00321426875343	0	428	T	C
N0_kluyveri	0.00473688906435	0	101	G	A
N0_kluyveri	0.00543911680694	0	287	G	A
N0_kluyveri	0.00545767739598	0	305	T	C
N0_kluyveri	0.00593889109928	0	353	G	A
N0_kluyveri	0.00682654840125	0	47	G	A
N0_kluyveri	0.00733244666418	0	485	C	T
N0_kluyveri	0.00805900062226	0	225	T	C
N0_kluyveri	0.00859415715798	0	341	C	T
N0_kluyveri	0.00880978752606	0	204	C	T
N0_kluyveri	0.00913467912947	0	152	A	C
N0_kluyveri	0.0101226082371	0	446	T	C
N0_kluyveri	0.010226343104	0	350	G	C
N0_kluyveri	0.0107049553825	0	437	T	C
N0_kluyveri	0.0107182735901	0	158	A	T
N0_kluyveri	0.0107199325047	0	407	T	C
N0_kluyveri	0.0108354589512	0	425	C	T
N0_kluyveri	0.0109123081781	0	357	G	A
N0_kluyveri	0.0113779703981	0	62	C	T
N0_kluyveri	0.0114441850747	0	332	C	G
N0_kluyveri	0.0115456111397	0	158	T	C
N0_kluyveri	0.0118120420289	0	83	A	G
N0_kluyveri	0.0118524103624	0	77	C	T
N0_kluyveri	0.0122163489539	0	410	T	G
N0_kluyveri	0.0122243402577	0	296	T	A
N0_kluyveri	0.0122814651901	0	191	T	C
N0_kluyveri	0.013476489411	0	341	T	C
N0_kluyveri	0.0138527557588	0	218	A	G
N0_kluyveri	0.0138856451298	0	331	C	A
N0_D1	0.00024378531839	0	266	G	A
N0_D1	0.000895242678627	0	317	C	T
N0_D1	0.00114911573312	0	209	A	G
D1_N1	3.02051037213e-05	2	206	T	C
D1_N1	0.000275153407361	2	122	C	T
D1_N1	0.000398719801296	1	275	C	T
D1_N1	0.000685091192111	1	307	T	C
D1_N1	0.000764326815707	1	302	G	C
D1_N1	0.000818619466754	2	206	C	T
D1_N1	0.00103779907634	2	97	A	T
D1_N1	0.00126667483257	2	332	C	T
D1_N1	0.00170053985473	1	50	T	C
D1_N1	0.00219967865646	1	425	C	T
D1_N1	0.00251529498625	2	149	A	G
D1_N1	0.00262549357928	2	239	G	A
D1_N1	0.00265105160123	2	44	C	T
D1_N1	0.00316713763998	1	467	G	A
D1_N1	0.0032559604753	1	353	G	A
N1_castellii	0.000176872619192	1	476	C	T
N1_castellii	0.000430125726069	1	68	T	A
N1_castellii	0.0004601142451	1	378	G	A
N1_castellii	0.000922584116441	2	80	A	G
N1_castellii	0.00097424461145	2	137	A	G
N1_castellii	0.00156057583562	1	254	C	T
N1_castellii	0.00158871854133	1	319	A	T
N1_castellii	0.0017187531667	1	155	C	T
N1_castellii	0.00197108764253	1	98	A	G
N1_castellii	0.00242416002793	2	212	A	T
N1_castellii	0.00271216943642	1	228	T	C
N1_castellii	0.00277387773967	2	209	G	A
N1_castellii	0.00278421110511	2	347	C	T
N1_castellii	0.00288173198566	2	266	A	G
N1_castellii	0.00290546821425	1	50	C	T
N1_castellii	0.00295181916529	2	98	A	G
N1_castellii	0.00349318745551	2	11	C	G
N1_castellii	0.00357090184225	1	335	C	T
N1_castellii	0.00380911834534	1	248	A	G
N1_castellii	0.0044538223876	1	396	A	G
N1_castellii	0.00447729001151	1	233	T	C
N1_castellii	0.00453394865551	2	365	A	G
N1_castellii	0.00464059246804	1	173	A	G
N1_castellii	0.00474194452992	2	320	T	C
N1_castellii	0.00483574587689	2	43	C	T
N1_castellii	0.00523051793116	1	432	G	A
N1_castellii	0.00529805946955	1	371	C	T
N1_castellii	0.00533643401317	1	428	T	A
N1_castellii	0.00544742787506	2	354	C	T
N1_castellii	0.00570759466793	2	290	T	C
N1_castellii	0.00571591960848	1	134	T	C
N1_castellii	0.00628148683507	2	300	C	T
N1_castellii	0.00663220422528	1	320	T	C
N1_castellii	0.00687875869063	2	245	C	T
N1_castellii	0.00688556611627	2	233	T	A
N1_castellii	0.0071704305399	1	191	T	C
N1_castellii	0.00722188496451	2	125	G	A
N1_castellii	0.00724356251124	1	329	G	A
N1_castellii	0.00753508803595	2	464	A	G
N1_castellii	0.00768342256694	1	32	T	C
N1_castellii	0.00830911757234	1	53	A	T
N1_castellii	0.00835922315472	1	77	C	T
N1_castellii	0.00844350615266	1	125	G	A
N1_castellii	0.00921608968575	1	50	T	C
N1_castellii	0.00976144454905	2	137	G	C
N1_castellii	0.00988852240814	1	287	G	A
N1_castellii	0.00995702706813	1	452	G	A
N1_castellii	0.01041392221	2	449	C	T
N1_castellii	0.0104176324843	2	365	G	A
N1_castellii	0.0113194620292	2	351	A	G
N1_castellii	0.011700126206	2	254	C	A
N1_castellii	0.0119112501002	2	473	T	C
N1_castellii	0.0119325033082	1	423	A	G
N1_castellii	0.0124107895106	1	488	A	G
N1_castellii	0.0124425233019	2	374	G	A
N1_N2	5.43306342602e-06	1	302	C	T
N1_N2	0.000123840461952	1	386	A	G
N1_N2	0.000681470448325	1	68	T	C
N1_N2	0.000811041363348	2	140	G	A
N1_N2	0.000848131727865	1	77	C	T
N1_N2	0.00105554825225	2	380	A	G
N1_N2	0.00130063665163	2	321	A	G
N1_N2	0.00150422877404	1	287	G	A
N1_N2	0.00160078872492	2	399	T	C
N1_N2	0.00162938648415	2	6	C	T
N1_N2	0.00184540365934	1	142	A	G
N1_N2	0.0021877250437	2	469	T	C
N1_N2	0.00236551378119	2	236	A	G
N1_N2	0.00282462072648	1	404	A	G
N1_N2	0.00302840679403	2	332	T	C
N1_N2	0.00313833897887	1	311	T	C
N1_N2	0.00341618095207	2	452	G	A
N1_N2	0.00386097518414	2	17	G	A
N1_N2	0.00388177064406	1	347	C	T
N1_N2	0.00403168004122	1	359	C	A
N1_N2	0.00414068740692	1	389	G	A
N1_N2	0.00420979751382	2	479	C	T
N1_N2	0.00451109619902	1	255	G	A
N1_N2	0.00537207850667	1	6	C	T
N1_N2	0.00548656915088	1	278	G	A
N1_N2	0.00576266543039	2	134	T	C
N1_N2	0.00618318548714	1	146	G	T
N1_N2	0.00619958232463	2	62	C	T
N1_N2	0.0062327577684	1	290	T	C
N1_N2	0.00659426428508	2	113	G	A
N1_N2	0.00748071871987	2	191	T	C
N1_N2	0.00751605269376	1	293	G	T
N1_N2	0.00765644458835	2	182	C	T
N1_N2	0.00834766146123	2	209	G	A
N1_N2	0.00843836668314	2	140	A	G
N1_N2	0.00868764184095	1	17	G	A
N1_N2	0.00880106394555	2	95	A	G
N1_N2	0.00888929693333	1	77	T	C
N1_N2	0.00897624653865	1	302	T	C
N1_N2	0.00927188260717	1	131	T	C
N1_N2	0.00940385010799	1	386	G	A
N1_N2	0.00969136516638	2	287	G	A
N1_N2	0.0100498776698	1	65	C	T
N1_N2	0.0100555802617	1	137	A	G
N1_N2	0.0101273191361	2	71	A	G
N1_N2	0.0107708440172	1	311	C	T
N1_N2	0.0108066642156	1	437	T	C
N1_N2	0.0108802383864	1	239	G	A
N1_N2	0.0111142889867	1	335	C	T
N1_N2	0.011187727334	2	272	T	C
N1_N2	0.0112370850069	2	443	T	C
N1_N2	0.0113586667904	2	383	T	C
N1_N2	0.0114217986797	2	284	C	T
N1_N2	0.0115318762935	2	374	G	A
N1_N2	0.0115721778422	1	357	G	A
N1_N2	0.0122428069282	2	56	C	T
N1_N2	0.0122645268853	2	38	A	T
N1_N2	0.0132202368851	1	107	A	G
N1_N2	0.0136523806749	2	203	A	G
N1_N2	0.0141401371551	2	199	A	G
N1_N2	0.0144244845025	1	149	A	G
N1_N2	0.0148904868557	1	462	T	C
N1_N2	0.0151902043817	2	143	T	C
N1_N2	0.0152133231826	2	125	G	A
N1_N2	0.0152249781504	2	211	C	T
N1_N2	0.0153556689486	1	62	C	T
N2_bayanus	6.60694164036e-05	2	203	G	A
N2_bayanus	0.000195647053698	1	285	A	G
N2_bayanus	0.000687151429209	1	113	G	A
N2_bayanus	0.000694599925932	1	305	T	C
N2_bayanus	0.00159900053941	1	284	C	A
N2_bayanus	0.00161433233258	2	272	C	T
N2_bayanus	0.00161805000984	2	302	G	A
N2_bayanus	0.00163169126445	1	116	A	G
N2_bayanus	0.00229949763562	1	290	C	T
N2_N3	3.55807326127e-05	2	17	A	G
N2_N3	0.00035062186711	1	161	A	G
N2_N3	0.000653735912748	1	293	T	C
N2_N3	0.00066931282656	1	89	G	A
N2_N3	0.00138360498376	2	275	C	T
N3_kudriavzevii	0.000117537072892	2	341	T	C
N3_kudriavzevii	0.000140962149844	1	155	C	T
N3_kudriavzevii	0.000857909188386	1	455	C	T
N3_kudriavzevii	0.00109802243405	1	404	G	A
N3_kudriavzevii	0.00117545572233	2	20	C	T
N3_kudriavzevii	0.00125371126151	2	92	A	G
N3_kudriavzevii	0.00160121654406	1	368	C	T
N3_kudriavzevii	0.00163142772246	2	206	T	C
N3_kudriavzevii	0.00165488946227	2	191	C	T
N3_kudriavzevii	0.00179238924654	1	403	C	T
N3_kudriavzevii	0.00207140438481	1	413	C	T
N3_kudriavzevii	0.00251789780546	2	314	A	G
N3_kudriavzevii	0.00266165593664	2	80	A	G
N3_kudriavzevii	0.00297018036332	2	188	G	A
N3_kudriavzevii	0.00340351220544	2	269	A	G
N3_kudriavzevii	0.0034888180761	2	224	T	C
N3_kudriavzevii	0.00371486209809	2	344	T	C
N3_kudriavzevii	0.00386659331867	2	116	A	G
N3_kudriavzevii	0.00395341785494	2	205	C	T
N3_kudriavzevii	0.00405510699903	1	215	G	A
N3_kudriavzevii	0.0043404204426	1	446	T	A
N3_kudriavzevii	0.00453795108665	1	135	T	C
N3_kudriavzevii	0.00463954305242	2	272	T	C
N3_kudriavzevii	0.00476146011877	2	18	C	T
N3_kudriavzevii	0.00486876436761	1	437	C	T
N3_kudriavzevii	0.0049318552132	1	470	G	A
N3_kudriavzevii	0.00566776859062	2	436	C	T
N3_N4	0.000158960978862	1	429	T	C
N3_N4	0.000292887398441	1	200	C	T
N3_N4	0.000322489777598	1	425	T	C
N3_N4	0.000503132496183	2	401	T	C
N3_N4	0.000548072662413	2	362	G	A
N3_N4	0.000895299388541	1	485	C	T
N3_N4	0.000941908613193	2	293	G	A
N3_N4	0.00095632930604	1	460	A	G
N3_N4	0.00115378555969	2	206	T	C
N3_N4	0.00175371867668	2	11	C	T
N3_N4	0.00211630296725	1	68	C	A
N3_N4	0.00223562149908	2	277	G	A
N3_N4	0.00233212221978	1	323	C	G
N4_mikatae	0.000125535650391	2	341	T	A
N4_mikatae	0.000194158108473	2	185	T	C
N4_mikatae	0.000315449678163	2	425	C	T
N4_mikatae	0.000602916252454	1	260	A	G
N4_mikatae	0.000779274394974	1	101	G	A
N4_mikatae	0.00127853859945	2	5	A	G
N4_mikatae	0.00148678012924	1	324	A	C
N4_mikatae	0.00159202634866	1	110	T	C
N4_mikatae	0.00179192490063	1	185	T	C
N4_mikatae	0.0018503697765	1	467	A	G
N4_mikatae	0.00192964338853	2	151	T	C
N4_mikatae	0.00225541124847	1	488	A	G
N4_mikatae	0.00228384660167	1	14	T	C
N4_mikatae	0.00239588431781	1	323	G	A
N4_mikatae	0.00295539851506	2	491	G	A
N4_mikatae	0.00308380818388	1	35	C	T
N4_mikatae	0.00347193099312	1	59	A	G
N4_mikatae	0.00365629320161	2	491	A	G
N4_mikatae	0.00395576508478	2	179	A	G
N4_mikatae	0.00395668128792	2	2	A	G
N4_mikatae	0.00418315408296	2	326	A	G
N4_N5	0.000237479868179	2	293	C	T
N4_N5	0.000421248503389	1	116	A	G
N4_N5	0.000568082866255	1	113	G	A
N4_N5	0.000740423934388	1	281	T	C
N4_N5	0.000834284322144	2	113	A	G
N4_N5	0.00104622933274	1	1	T	C
N4_N5	0.00116318838185	2	314	A	G
N4_N5	0.0014376697	2	467	G	A
N4_N5	0.00148697325449	1	32	T	C
N4_N5	0.00151079388062	1	8	T	C
N5_paradoxus	1.74069988606e-05	1	113	A	T
N5_paradoxus	5.20640084078e-05	1	20	C	T
N5_paradoxus	0.000299925608838	1	317	T	C
N5_paradoxus	0.00067667350994	1	5	A	G
N5_paradoxus	0.000857892422644	2	455	C	A
N5_paradoxus	0.000859180537395	2	32	T	C
N5_paradoxus	0.00115629518654	2	389	G	A
N5_paradoxus	0.00143735879457	2	152	A	G
N5_cerevisiae	7.29854587916e-06	1	233	T	C
N5_cerevisiae	1.0626289739e-05	1	260	A	G
N5_cerevisiae	0.000222603769759	2	374	G	A
N5_cerevisiae	0.000272625677091	2	329	G	A
N5_cerevisiae	0.000396799927939	2	11	T	C
N5_cerevisiae	0.000813959464272	1	16	G	A
N5_cerevisiae	0.000847738927476	2	164	T	C
N5_cerevisiae	0.00107302108651	2	143	C	T
N5_cerevisiae	0.00137782783365	2	473	T	C
N5_cerevisiae	0.00147200186019	2	284	C	T
N5_cerevisiae	0.00199295137742	1	458	C	T
N5_cerevisiae	0.00252968770493	1	402	T	A
N5_cerevisiae	0.00293902828607	1	371	C	T
N5_cerevisiae	0.00297692341432	1	485	T	C
N5_cerevisiae	0.00298870402764	1	386	A	G
N5_cerevisiae	0.00307156406937	2	137	A	G
N5_cerevisiae	0.0031026096245	2	368	C	T
N5_cerevisiae	0.00315518912582	2	308	C	T
N5_cerevisiae	0.00321346122975	2	185	T	C
N5_cerevisiae	0.00346878681012	1	353	A	G
N5_cerevisiae	0.0038316161665	1	191	T	A
N5_cerevisiae	0.00405946881002	1	65	T	C
N5_cerevisiae	0.00423018285506	1	149	G	A
