edge	time	mut_orlg	mut_pos	old_state	new_state
N0_D1	0.00452578548209	0	329	C	T
N0_D1	0.00691248526765	0	15	T	G
N0_D1	0.00711269947337	0	370	A	C
N0_D1	0.00814345739318	0	302	T	C
N0_D1	0.0152759867952	0	201	C	G
N0_D1	0.0177872666666	0	320	A	G
N0_D1	0.0216250184049	0	261	T	A
N0_D1	0.0250336340303	0	317	G	T
N0_D1	0.0269458839212	0	361	G	A
N0_D1	0.0296147911363	0	50	G	A
N0_D1	0.0296832353129	0	378	A	C
N0_D1	0.0322439445805	0	259	G	A
N0_D1	0.0366790964477	0	410	A	G
N0_D1	0.0458923609678	0	67	A	G
N0_D1	0.0462975850181	0	180	T	C
D1_N1	0.000249182544207	1	169	C	A
D1_N1	0.000306702580407	2	312	A	T
D1_N1	0.000639460113621	1	40	A	T
D1_N1	0.00270122137629	1	151	A	G
D1_N1	0.00353663402224	1	299	G	A
D1_N1	0.00379529005196	2	337	G	T
D1_N1	0.00385706680679	2	272	G	A
D1_N1	0.00410507922762	1	59	A	T
D1_N1	0.00660234375561	2	192	T	A
D1_N1	0.0075900657273	2	322	C	T
D1_N1	0.00819599974831	1	334	A	T
D1_N1	0.00948992759376	2	298	G	T
D1_N1	0.0107488809772	2	356	A	T
D1_N1	0.0110585213923	1	235	C	T
D1_N1	0.0114936964372	1	37	C	A
D1_N1	0.01211994214	2	274	C	A
D1_N1	0.0127392103257	1	273	T	A
D1_N1	0.0140445273653	1	77	G	T
D1_N1	0.0141696629082	1	75	A	C
D1_N1	0.0151732885524	1	212	A	G
D1_N1	0.017523446814	2	85	C	T
D1_N1	0.0178720226023	2	41	A	G
D1_N1	0.0183445672501	2	247	A	T
D1_N1	0.0187105790496	2	65	G	A
D1_N1	0.0194707497811	2	317	T	C
D1_N1	0.0233620591722	2	121	T	G
D1_N1	0.0237250349607	1	390	T	G
D1_N1	0.0239844130058	2	145	C	T
D1_N1	0.026462502577	2	1	T	C
D1_N1	0.0275532532662	1	307	T	A
D1_N1	0.0276740646132	2	237	A	G
D1_N1	0.0279162212032	2	34	T	G
D1_N1	0.0279303113188	2	101	T	G
D1_N1	0.0300914785848	1	113	A	T
D1_N1	0.0303385076467	1	18	C	T
D1_N1	0.0315285410425	2	222	G	A
D1_N1	0.0315666334825	1	295	A	C
D1_N1	0.0320256467377	1	7	G	C
D1_N1	0.0338842230359	2	436	A	T
D1_N1	0.0344727173927	2	166	A	G
D1_N1	0.0347561258431	1	410	G	C
D1_N1	0.0355787120652	1	148	C	T
D1_N1	0.0356817060928	1	336	T	C
D1_N1	0.0362268882764	1	100	C	T
D1_N1	0.0363954986062	1	240	A	T
D1_N1	0.0368689961899	1	405	G	C
D1_N1	0.0376315183717	1	393	C	T
D1_N1	0.038237763457	2	202	G	C
D1_N1	0.0389311132964	1	304	C	T
D1_N1	0.0392168846911	1	391	T	C
D1_N1	0.0394833405691	2	338	G	T
D1_N1	0.0397090937307	2	333	C	T
D1_N1	0.0428087672918	1	443	T	C
D1_N1	0.0439792812847	2	419	C	G
D1_N1	0.0439953498798	2	5	G	C
D1_N1	0.04439419375	1	47	A	T
D1_N1	0.0452181081944	2	38	T	A
D1_N1	0.0460644006794	1	442	A	G
D1_N1	0.0466634150773	2	440	G	C
D1_N1	0.0475390922245	1	327	T	C
D1_N1	0.0479854092574	2	53	C	T
D1_N1	0.0495623789698	1	274	C	A
D1_N1	0.0500667304191	1	17	A	C
D1_N1	0.0503110004575	2	223	A	G
D1_N1	0.0528274996049	2	180	C	A
D1_N1	0.054809063863	1	374	C	G
D1_N1	0.0549251675731	1	19	G	A
D1_N1	0.0549663359479	1	295	C	A
D1_N1	0.0562571992382	1	42	T	A
D1_N1	0.0572542160233	2	385	T	G
D1_N1	0.0592802299413	2	424	C	A
D1_N1	0.0603774685055	1	26	G	A
D1_N1	0.0604131003959	2	317	C	G
D1_N1	0.0642360049695	2	214	C	T
D1_N1	0.0643392648472	1	462	T	G
D1_N1	0.0644008074845	2	88	C	T
D1_N1	0.0646106948988	2	28	A	G
D1_N1	0.069551714601	1	145	C	A
D1_N1	0.07142567172	2	404	T	G
D1_N1	0.0717944318045	1	444	A	G
D1_N1	0.0723519516487	2	52	T	A
D1_N1	0.0730103565294	2	114	T	C
D1_N1	0.0758146468445	2	361	A	G
D1_N1	0.0771875372159	2	166	G	A
D1_N1	0.0783300292209	1	126	T	G
D1_N1	0.0791816951549	1	116	G	C
D1_N1	0.0794907146939	2	197	G	A
D1_N1	0.0806152863198	1	301	T	A
D1_N1	0.0807218061983	2	41	G	T
D1_N1	0.0835087364264	1	348	A	G
D1_N1	0.0852268495675	1	134	G	T
D1_N1	0.0891007133837	1	321	G	A
D1_N1	0.0903140700037	2	152	T	C
D1_N1	0.091532357251	2	30	A	T
D1_N1	0.0921866804092	1	277	T	A
D1_N1	0.0953308177671	1	207	T	A
D1_N1	0.0953335165039	2	58	C	A
D1_N1	0.096582022938	1	34	T	A
D1_N1	0.0986940779998	2	398	C	A
D1_N1	0.0990300313212	1	114	T	G
D1_N1	0.100265671654	2	383	A	G
D1_N1	0.101994601613	2	7	G	A
D1_N1	0.102272696032	2	138	G	A
D1_N1	0.103499078398	1	128	A	G
D1_N1	0.103829094373	1	137	A	T
D1_N1	0.104696628505	2	194	A	G
D1_N1	0.104833841909	1	340	G	A
D1_N1	0.105607356299	1	268	G	T
D1_N1	0.10756581982	2	66	C	T
D1_N1	0.108442244188	2	363	C	T
D1_N1	0.111367583252	2	332	T	C
D1_N1	0.112153147127	2	81	A	G
D1_N1	0.112386330479	1	255	C	T
D1_N1	0.114173921313	1	373	T	A
D1_N1	0.115143133252	1	242	C	A
D1_N1	0.115574980217	1	275	C	T
D1_N1	0.116635247843	1	368	T	A
D1_N1	0.117692564792	1	168	A	T
D1_N1	0.117781159972	2	75	A	T
D1_N1	0.119414700869	1	294	A	G
D1_N1	0.119430230501	1	250	T	C
D1_N1	0.120197047773	2	419	G	A
D1_N1	0.12392206079	2	335	G	T
D1_N1	0.12427414262	2	37	C	A
D1_N1	0.124307766163	1	66	C	T
D1_N1	0.126555657471	2	341	T	A
D1_N1	0.127659525234	2	445	G	T
D1_N1	0.128253010794	2	345	T	C
D1_N1	0.128765935453	2	88	T	C
D1_N1	0.130556416103	2	148	C	T
D1_N1	0.131791679153	1	287	A	T
D1_N1	0.132011448093	1	420	T	A
D1_N1	0.13326292577	1	387	T	C
D1_N1	0.13381525088	2	153	A	G
D1_N1	0.134441053357	1	462	G	A
D1_N1	0.136422060161	2	352	C	T
D1_N1	0.136558547289	1	456	A	G
D1_N1	0.137127319345	2	122	T	A
D1_N1	0.137898289148	1	3	G	A
D1_N1	0.139598345075	2	23	A	G
D1_N1	0.140814328727	1	199	C	T
D1_N1	0.142714367132	2	182	C	A
D1_N1	0.143581709058	2	195	G	A
D1_N1	0.146419561509	1	86	G	A
D1_N1	0.146424778178	1	406	C	T
D1_N1	0.147666878448	2	458	G	T
D1_N1	0.147724064588	2	286	T	A
D1_N1	0.147946474966	1	49	A	C
D1_N1	0.148067608461	1	106	G	T
D1_N1	0.148201112643	1	367	T	C
D1_N1	0.151188544724	1	451	G	T
D1_N1	0.151963632919	2	280	T	G
D1_N1	0.152030313995	2	113	A	T
D1_N1	0.152679631585	2	287	A	C
D1_N1	0.153486999144	2	87	T	C
D1_N1	0.153793419434	2	335	T	C
D1_N1	0.155039451025	1	250	C	A
D1_N1	0.155125905764	2	90	C	T
D1_N1	0.155510357496	2	345	C	T
D1_N1	0.156293669433	1	272	G	A
D1_N1	0.156803317801	2	163	G	A
D1_N1	0.157667100583	1	84	G	A
D1_N1	0.158230176479	1	230	A	G
D1_N1	0.158543422094	2	206	T	G
D1_N1	0.158682513672	2	49	A	C
D1_N1	0.159292537751	2	342	T	G
D1_N1	0.159654684937	1	210	C	A
D1_N1	0.160785079597	2	229	T	A
D1_N1	0.162461582776	2	387	T	A
D1_N1	0.162778055938	2	81	G	T
D1_N1	0.165262766481	1	189	T	A
D1_N1	0.165379298082	2	148	T	C
D1_N1	0.167321598023	2	86	G	A
D1_N1	0.168177949344	1	270	T	C
D1_N1	0.170237422317	1	73	T	A
D1_N1	0.171654025202	2	129	T	C
D1_N1	0.172624959287	2	452	A	G
D1_N1	0.173383619522	2	373	T	C
D1_N1	0.174143695174	1	391	C	G
D1_N1	0.174376465097	2	390	T	C
D1_N1	0.176665636206	2	324	A	G
D1_N1	0.178955074014	1	38	T	C
D1_N1	0.180249157213	1	75	C	T
D1_N1	0.180600616321	1	466	T	G
D1_N1	0.181276428443	1	8	C	A
D1_N1	0.182449436334	2	60	A	G
D1_N1	0.18364428533	1	331	T	C
D1_N1	0.184425537434	2	168	A	T
D1_N1	0.186071173809	1	263	T	G
D1_N1	0.186569292994	2	86	A	G
D1_N1	0.191208177696	2	193	A	T
D1_N1	0.191291437463	1	261	A	G
D1_N1	0.192346361137	1	59	T	A
D1_N1	0.192704613476	1	10	A	G
D1_N1	0.194006302651	1	160	T	C
D1_N1	0.195024254691	2	293	G	C
D1_N1	0.196175995573	1	426	G	T
D1_N1	0.196285500034	1	129	T	G
D1_N1	0.196638098247	1	409	C	T
D1_N1	0.197373800956	1	448	G	A
D1_N1	0.199087360204	2	326	T	A
D1_N1	0.200792645072	1	227	T	C
D1_N1	0.200913125859	2	400	G	C
D1_N1	0.20232319765	2	113	T	A
D1_N1	0.202364523718	2	401	G	A
D1_N1	0.203203624337	1	188	T	C
D1_N1	0.20370242726	1	185	G	T
D1_N1	0.204069910246	2	396	G	A
D1_N1	0.205669556663	2	23	G	C
D1_N1	0.206337296646	2	453	T	A
D1_N1	0.20673145458	2	160	T	A
D1_N1	0.207017559381	1	216	G	A
D1_N1	0.20733153567	2	45	T	A
D1_N1	0.210183047893	2	208	T	A
D1_N1	0.210455816966	1	419	C	A
D1_N1	0.21051128318	2	90	T	A
D1_N1	0.21304457656	2	244	T	A
D1_N1	0.213968981622	2	457	A	G
D1_N1	0.214360296058	2	374	C	G
N1_N2	0.00237131861357	1	435	A	G
N1_N2	0.0027451284516	1	243	G	T
N1_N2	0.0057348940036	2	153	G	A
N1_N2	0.00917109811234	2	51	G	A
N1_N2	0.00968619588896	2	316	C	G
N1_N2	0.00984593602219	1	234	A	G
N1_N2	0.0105294024153	2	345	T	C
N1_N2	0.0118874884957	1	337	G	A
N1_N2	0.0121218945385	2	377	C	T
N1_N2	0.012557872608	1	350	C	A
N1_N2	0.012595786938	1	61	T	G
N1_N2	0.0149115445118	1	227	C	T
N2_N3	0.00453498957189	2	316	G	A
N2_N3	0.00533152492755	1	464	C	T
N2_N3	0.00631186249639	2	435	A	C
N3_N4	0.000811032611607	1	91	G	T
N3_N4	0.00136710285346	1	57	G	A
N3_N4	0.0045441408838	1	338	G	A
N3_N4	0.00531695227374	2	218	G	C
N3_N4	0.00569559630949	1	236	G	T
N3_N4	0.00735536814498	2	152	C	G
N4_Human	0.000977778511249	1	125	T	G
N4_Human	0.00185509445747	2	306	G	A
N4_Human	0.00286148173237	1	300	A	G
N4_Human	0.00484583180664	1	242	A	T
N4_Human	0.0075686734779	1	152	T	C
N4_Human	0.00985934785978	2	22	G	C
N4_Human	0.0101530437268	2	113	A	G
N4_Human	0.0103548740006	2	457	G	A
N4_Human	0.0104532641357	1	467	G	A
N4_Human	0.0106200329834	2	301	T	G
N4_Human	0.0108872232373	1	323	C	A
N4_Human	0.0110439641462	1	454	G	A
N4_Chimp	0.000110317531796	1	189	A	T
N4_Chimp	0.0048121260852	1	182	C	A
N4_Chimp	0.00503022283844	1	428	C	G
N4_Chimp	0.00545333312818	2	423	T	C
N4_Chimp	0.00623351675253	1	162	G	A
N4_Chimp	0.00898253723611	1	173	A	G
N4_Chimp	0.00962920903341	2	311	C	G
N4_Chimp	0.0103987088379	1	222	G	T
N3_Goril	0.00301414758044	1	167	G	A
N3_Goril	0.00458227826609	1	229	T	G
N3_Goril	0.00750979815299	2	366	C	A
N3_Goril	0.00775545242489	2	452	G	C
N3_Goril	0.00849444619007	1	191	T	A
N3_Goril	0.00858871696132	2	304	C	T
N3_Goril	0.0090925595844	1	177	T	C
N3_Goril	0.00994202594691	2	381	T	C
N3_Goril	0.0100532982893	1	388	A	C
N3_Goril	0.0101649958907	2	148	C	G
N3_Goril	0.0106046505228	2	263	T	G
N3_Goril	0.0109457249387	2	253	A	C
N3_Goril	0.0119699098829	2	91	G	T
N3_Goril	0.0133821280364	2	262	G	A
N3_Goril	0.0138957617767	2	107	G	A
N3_Goril	0.0142244378371	1	416	A	T
N3_Goril	0.0143986543059	1	178	C	A
N3_Goril	0.0153962914546	2	154	G	A
N3_Goril	0.0165676907143	1	294	G	T
N3_Goril	0.0167873854624	2	283	G	A
N3_Goril	0.0176029997182	1	127	G	C
N3_Goril	0.0179000398747	1	148	T	G
N3_Goril	0.0197894190999	2	178	C	A
N3_Goril	0.0200886787165	1	255	T	C
N3_Goril	0.0209358834191	2	354	T	C
N2_Orang	0.00255540880923	2	165	G	A
N2_Orang	0.00502925110067	1	395	A	G
N2_Orang	0.00516921644978	2	74	T	G
N2_Orang	0.00556884122945	2	177	T	C
N2_Orang	0.00845623106083	1	170	T	G
N2_Orang	0.00926973449357	1	240	T	G
N2_Orang	0.0104839145859	2	391	T	A
N2_Orang	0.0105037387418	1	222	G	T
N2_Orang	0.0126799296404	2	233	A	G
N2_Orang	0.0128575111502	2	353	C	A
N2_Orang	0.0131128588604	2	361	G	A
N2_Orang	0.0139535552246	1	64	G	A
N1_Macaq	5.23106374154e-06	1	107	G	C
N1_Macaq	0.00051599155903	2	427	T	A
N1_Macaq	0.00300052436493	2	215	C	T
N1_Macaq	0.00406716242233	1	215	C	G
N1_Macaq	0.00455083393713	1	406	T	A
N1_Macaq	0.00458430091831	2	335	C	T
N1_Macaq	0.00588428962223	2	57	G	A
N1_Macaq	0.0109396381642	1	217	C	A
N1_Macaq	0.0124934153737	2	144	A	T
N1_Macaq	0.0128398402052	2	180	A	G
N1_Macaq	0.0142666676404	2	460	T	A
N1_Macaq	0.0147597129695	2	365	T	A
N1_Macaq	0.0149776077138	1	97	T	A
N1_Macaq	0.0153337710169	2	131	A	G
N1_Macaq	0.0155903187263	2	235	C	G
N1_Macaq	0.01683212293	1	39	G	A
N1_Macaq	0.0203124258076	2	382	G	T
N1_Macaq	0.0221512063259	2	60	G	A
N1_Macaq	0.0231206995142	2	6	G	T
N1_Macaq	0.0260418151804	1	89	A	T
N1_Macaq	0.0279210345842	1	306	G	A
N1_Macaq	0.0302051740291	2	26	G	T
N1_Macaq	0.0303816371961	2	294	A	G
N1_Macaq	0.0318511254351	2	414	C	T
N1_Macaq	0.0325373225496	2	350	C	A
N0_Mouse	0.00258571230152	0	327	T	G
N0_Mouse	0.00285920218872	0	303	C	G
N0_Mouse	0.0033322233701	0	340	G	A
N0_Mouse	0.00448306181771	0	237	A	T
N0_Mouse	0.0047950083408	0	354	T	A
N0_Mouse	0.00577851490627	0	295	A	T
N0_Mouse	0.00781444557612	0	142	A	G
N0_Mouse	0.00952080074337	0	56	T	A
N0_Mouse	0.00961601676298	0	180	T	A
N0_Mouse	0.0120882413746	0	43	C	T
N0_Mouse	0.0140033325335	0	63	T	G
N0_Mouse	0.0198651444103	0	6	G	A
N0_Mouse	0.0243047650216	0	157	C	T
N0_Mouse	0.0280699630741	0	40	A	T
N0_Mouse	0.029293756123	0	12	A	G
N0_Mouse	0.0299230063046	0	208	T	C
N0_Mouse	0.0302796133483	0	269	C	T
N0_Mouse	0.0311193453199	0	175	A	G
N0_Mouse	0.0329831749814	0	408	C	G
N0_Mouse	0.0338345210661	0	327	G	A
N0_Mouse	0.0343082760785	0	111	T	G
N0_Mouse	0.0362409194856	0	214	C	G
N0_Mouse	0.0387015064989	0	264	G	A
N0_Mouse	0.0418073179124	0	207	T	C
N0_Mouse	0.0445987946603	0	145	C	A
N0_Mouse	0.0478445667486	0	3	G	A
N0_Mouse	0.0482440063633	0	214	G	A
N0_Mouse	0.053844767874	0	363	C	A
N0_Mouse	0.0614685516298	0	362	G	A
N0_Mouse	0.0634910499309	0	457	A	C
N0_Mouse	0.0641520085537	0	142	G	A
N0_Mouse	0.0642245650628	0	18	C	T
N0_Mouse	0.0652036335468	0	14	A	T
N0_Mouse	0.0667566844373	0	381	T	A
N0_Mouse	0.0675704639079	0	264	A	G
N0_Mouse	0.0684877584656	0	45	T	C
N0_Mouse	0.0689098145578	0	160	T	C
N0_Mouse	0.0717062262171	0	360	A	C
N0_Mouse	0.0741799751674	0	146	T	A
N0_Mouse	0.0761030554263	0	272	G	T
N0_Mouse	0.07693750502	0	398	C	T
N0_Mouse	0.0772877824583	0	310	G	A
N0_Mouse	0.0781569026331	0	77	G	A
N0_Mouse	0.0796239015872	0	375	T	C
N0_Mouse	0.0798778967196	0	338	G	A
N0_Mouse	0.080979841818	0	274	C	T
N0_Mouse	0.0819107507865	0	217	C	T
N0_Mouse	0.0824977003374	0	115	T	A
N0_Mouse	0.0851433218757	0	307	T	G
N0_Mouse	0.0860751404205	0	352	C	T
N0_Mouse	0.0862966737649	0	232	A	G
N0_Mouse	0.0864441926313	0	31	A	G
N0_Mouse	0.0865995394848	0	280	T	G
N0_Mouse	0.0892841646176	0	447	T	G
N0_Mouse	0.0951371554104	0	190	C	A
N0_Mouse	0.105684465938	0	140	T	C
N0_Mouse	0.106595215487	0	85	C	T
N0_Mouse	0.10721337594	0	65	G	C
N0_Mouse	0.107496601897	0	380	T	C
N0_Mouse	0.11030202088	0	463	C	T
N0_Mouse	0.110742114803	0	194	A	G
N0_Mouse	0.111106434162	0	432	C	T
N0_Mouse	0.112059924085	0	79	T	C
N0_Mouse	0.113380277576	0	92	G	A
N0_Mouse	0.115162663851	0	11	A	C
N0_Mouse	0.115664881994	0	33	T	G
N0_Mouse	0.116360347158	0	195	G	A
N0_Mouse	0.1208618507	0	416	A	G
N0_Mouse	0.123149623088	0	31	G	A
N0_Mouse	0.124359594758	0	380	C	A
N0_Mouse	0.125374553288	0	396	G	A
N0_Mouse	0.125777877507	0	330	T	A
N0_Mouse	0.128949272125	0	223	A	T
N0_Mouse	0.133414019838	0	442	A	T
N0_Mouse	0.135659241707	0	339	G	T
N0_Mouse	0.141584565938	0	20	G	A
N0_Mouse	0.142108401897	0	178	C	T
N0_Mouse	0.144404332423	0	111	G	A
N0_Mouse	0.150951779618	0	46	T	G
N0_Mouse	0.151402110221	0	50	G	T
N0_Mouse	0.152867610806	0	63	G	C
N0_Mouse	0.153974175457	0	28	A	G
N0_Mouse	0.15409891187	0	157	T	G
N0_Mouse	0.155425401093	0	393	C	T
N0_Mouse	0.159054498385	0	318	G	A
N0_Mouse	0.15990466098	0	47	A	C
N0_Mouse	0.16223011824	0	250	T	A
N0_Mouse	0.162414630692	0	368	T	G
N0_Mouse	0.164338363474	0	236	G	A
N0_Mouse	0.170989085265	0	322	C	A
N0_Mouse	0.172392256186	0	262	G	T
N0_Mouse	0.173140762433	0	290	T	C
N0_Mouse	0.174728040107	0	316	C	T
N0_Mouse	0.175531633576	0	457	C	T
N0_Mouse	0.176623470836	0	326	T	A
N0_Mouse	0.177691489898	0	60	A	G
N0_Mouse	0.179833363526	0	318	A	T
N0_Mouse	0.181238134099	0	232	G	T
N0_Mouse	0.181714780889	0	162	G	A
N0_Mouse	0.1822799379	0	296	A	C
N0_Mouse	0.183250858117	0	467	G	T
N0_Mouse	0.186443593969	0	199	C	G
N0_Mouse	0.189417791993	0	468	A	G
N0_Mouse	0.191600907125	0	250	A	T
N0_Mouse	0.192851297667	0	333	C	T
N0_Mouse	0.19387688894	0	216	G	A
N0_Mouse	0.193890202757	0	352	T	G
N0_Mouse	0.197735372032	0	178	T	C
N0_Mouse	0.198984553603	0	446	T	C
N0_Mouse	0.203766787727	0	383	A	C
N0_Mouse	0.208319071827	0	374	C	T
N0_Mouse	0.213509748536	0	206	T	A
N0_Mouse	0.214828153936	0	128	A	G
N0_Mouse	0.219967520087	0	451	G	A
N0_Mouse	0.225206373704	0	283	G	A
N0_Mouse	0.22937173325	0	133	A	G
N0_Mouse	0.236253360175	0	204	A	G
N0_Mouse	0.238748121809	0	357	C	G
N0_Mouse	0.241339188468	0	279	G	T
N0_Mouse	0.241656281073	0	0	G	T
N0_Mouse	0.243557603302	0	168	A	G
N0_Mouse	0.250291184679	0	464	C	G
N0_Mouse	0.25054430793	0	194	G	A
N0_Mouse	0.250752450281	0	454	G	T
N0_Mouse	0.253874586248	0	70	A	G
N0_Mouse	0.255151085238	0	311	C	T
N0_Mouse	0.259080138843	0	174	G	A
N0_Mouse	0.26066709334	0	222	G	T
N0_Mouse	0.261342934236	0	239	G	A
N0_Mouse	0.265074380924	0	221	T	G
N0_Mouse	0.268420904563	0	263	T	C
N0_Mouse	0.269330912201	0	259	G	C
N0_Mouse	0.277365653799	0	111	A	T
N0_Mouse	0.277784686456	0	377	C	G
N0_Mouse	0.281453460219	0	221	G	C
N0_Mouse	0.283249617098	0	457	T	A
N0_Mouse	0.285795561813	0	268	G	T
N0_Mouse	0.287493207536	0	80	G	T
N0_Mouse	0.297179470374	0	344	T	A
N0_Mouse	0.299385201342	0	180	A	G
N0_Mouse	0.2994587635	0	444	A	G
N0_Mouse	0.301171911089	0	8	C	T
N0_Mouse	0.301390377598	0	349	A	C
N0_Mouse	0.302744362215	0	60	G	A
N0_Mouse	0.302805531963	0	278	A	G
N0_Mouse	0.304313391572	0	404	T	C
N0_Mouse	0.30497875908	0	359	C	T
N0_Mouse	0.305088630467	0	355	T	G
N0_Mouse	0.307140159938	0	55	T	A
N0_Mouse	0.313060001424	0	28	G	A
N0_Mouse	0.315453902568	0	50	T	A
N0_Mouse	0.316274079793	0	120	A	C
N0_Mouse	0.323508257512	0	319	C	T
N0_Mouse	0.325804101405	0	155	T	C
N0_Mouse	0.329099165402	0	102	G	A
N0_Mouse	0.329605291444	0	379	A	G
N0_Mouse	0.3319144705	0	51	G	A
N0_Mouse	0.333089979096	0	420	T	C
N0_Mouse	0.335957439663	0	178	C	A
N0_Mouse	0.339947516768	0	425	G	T
N0_Mouse	0.342297376975	0	105	A	C
N0_Mouse	0.343436335661	0	108	T	C
N0_Mouse	0.344178397885	0	3	A	G
N0_Mouse	0.351009268716	0	193	A	G
N0_Mouse	0.351481624445	0	239	A	T
N0_Mouse	0.353119859981	0	79	C	T
N0_Mouse	0.354195882814	0	30	A	G
N0_Mouse	0.357702946851	0	356	A	G
N0_Mouse	0.360607384239	0	306	G	T
N0_Mouse	0.363190226724	0	412	T	A
N0_Mouse	0.366060212058	0	216	A	C
N0_Mouse	0.366707737702	0	36	T	G
N0_Mouse	0.367752658295	0	397	T	C
N0_Mouse	0.368252352546	0	337	G	A
N0_Mouse	0.368543879547	0	125	T	C
N0_Mouse	0.368585577207	0	76	C	A
N0_Mouse	0.368637149341	0	384	G	T
N0_Mouse	0.36915220438	0	350	C	A
N0_Mouse	0.371451019095	0	169	C	A
N0_Mouse	0.374888660314	0	202	G	T
N0_Mouse	0.375041740094	0	335	G	C
N0_Mouse	0.377116252795	0	200	T	C
N0_Mouse	0.377437979957	0	243	G	A
N0_Mouse	0.378551263196	0	52	T	C
N0_Mouse	0.380320701776	0	335	C	A
N0_Mouse	0.380424611315	0	60	A	T
N0_Mouse	0.381099064292	0	79	T	C
N0_Mouse	0.38203555485	0	35	A	G
N0_Mouse	0.383031889147	0	451	A	T
N0_Mouse	0.386605089828	0	125	C	T
N0_Mouse	0.387242829069	0	51	A	G
N0_Mouse	0.387526129346	0	460	T	C
N0_Mouse	0.389893519389	0	124	T	A
N0_Mouse	0.390991720704	0	120	C	G
N0_Mouse	0.39500110314	0	435	A	G
N0_Mouse	0.396546296106	0	78	A	T
N0_Mouse	0.398109676253	0	92	A	C
N0_Mouse	0.401480426738	0	239	T	C
N0_Mouse	0.403140116469	0	193	G	T
N0_Mouse	0.406846185468	0	185	G	T
N0_Mouse	0.407792124369	0	465	G	A
N0_Mouse	0.407929890386	0	163	G	T
N0_Mouse	0.411469759825	0	154	G	A
N0_Mouse	0.413008461781	0	137	A	G
N0_Mouse	0.416677923046	0	407	G	A
N0_Mouse	0.41886748338	0	148	C	T
N0_Mouse	0.419002558214	0	355	G	A
N0_Mouse	0.420841776752	0	372	T	A
N0_Mouse	0.421880891305	0	77	A	T
N0_Mouse	0.425229131136	0	121	T	A
N0_Mouse	0.427202355695	0	144	A	G
N0_Mouse	0.430435368391	0	65	C	T
N0_Mouse	0.430544770748	0	210	C	T
N0_Mouse	0.431832296184	0	180	G	T
N0_Mouse	0.432626353929	0	78	T	G
N0_Mouse	0.432922122769	0	382	G	T
N0_Mouse	0.433177350274	0	21	T	A
N0_Mouse	0.433901423702	0	165	G	A
N0_Mouse	0.44001717673	0	192	T	C
N0_Mouse	0.440388365587	0	34	T	A
N0_Mouse	0.446903114782	0	396	A	T
N0_Mouse	0.447026448828	0	303	G	C
N0_Mouse	0.447575828958	0	351	C	T
N0_Mouse	0.45189091865	0	344	A	G
N0_Mouse	0.454138060649	0	222	T	C
N0_Mouse	0.455846298064	0	225	T	G
N0_Mouse	0.457238661411	0	439	T	C
N0_Mouse	0.458241646755	0	75	A	G
