edge	time	mut_orlg	mut_pos	old_state	new_state
N0_D1	0.000446993234173	0	79	A	G
N0_D1	0.00268056698177	0	194	T	G
N0_D1	0.0141003618227	0	59	C	T
N0_D1	0.0170785496591	0	215	A	T
N0_D1	0.0221172350805	0	65	G	T
N0_D1	0.0267945366363	0	130	A	T
N0_D1	0.0277010961055	0	5	T	G
N0_D1	0.0286869251061	0	81	A	T
N0_D1	0.0356852475223	0	60	T	C
N0_D1	0.0415567345096	0	181	T	A
N0_D1	0.0466846128974	0	28	G	A
N0_D1	0.0487966486716	0	83	A	G
D1_N1	0.00263116147419	2	174	A	T
D1_N1	0.00508023720891	1	146	T	A
D1_N1	0.00889707678946	1	120	A	C
D1_N1	0.0115630936164	1	174	A	C
D1_N1	0.0118077554735	2	98	A	C
D1_N1	0.0192722572759	1	125	C	A
D1_N1	0.0332239589024	2	64	C	A
D1_N1	0.0357531152586	2	19	A	G
D1_N1	0.037981409451	1	37	C	T
D1_N1	0.0391981891842	1	141	A	T
D1_N1	0.0411828648922	2	31	C	T
D1_N1	0.0421547338769	2	91	A	C
D1_N1	0.042250031221	1	158	C	T
D1_N1	0.0422846590984	2	31	T	A
D1_N1	0.043547458423	1	77	G	A
D1_N1	0.0449810935489	1	51	G	A
D1_N1	0.0488028239056	1	44	T	A
D1_N1	0.0501400608777	1	157	T	G
D1_N1	0.0584587009219	2	135	A	G
D1_N1	0.0588462477679	1	137	G	A
D1_N1	0.0590746273063	1	153	A	G
D1_N1	0.0622131916181	2	126	G	C
D1_N1	0.0623102956909	2	5	G	T
D1_N1	0.0631140114817	1	60	C	T
D1_N1	0.0656865365535	1	214	C	T
D1_N1	0.0675704742926	2	9	A	T
D1_N1	0.0738176680877	1	86	G	A
D1_N1	0.0773484468242	2	43	T	G
D1_N1	0.0784052074735	2	149	C	T
D1_N1	0.0836913023977	1	212	T	G
D1_N1	0.0853280631342	1	168	C	T
D1_N1	0.0861719716078	1	124	C	G
D1_N1	0.0894911498351	2	159	A	T
D1_N1	0.0902829682572	2	113	G	A
D1_N1	0.0907962165469	2	41	C	A
D1_N1	0.0937289652468	1	52	A	C
D1_N1	0.09878351497	2	176	A	G
D1_N1	0.103682266931	2	46	A	G
D1_N1	0.104266209325	1	191	T	A
D1_N1	0.105845069725	1	213	G	A
D1_N1	0.109497798227	2	209	C	A
D1_N1	0.111388496661	1	161	T	G
D1_N1	0.116661683328	2	195	A	G
D1_N1	0.119201489222	2	2	G	A
D1_N1	0.122936725151	1	67	C	A
D1_N1	0.127282299316	1	51	A	G
D1_N1	0.128030786319	2	22	T	A
D1_N1	0.137215466959	1	179	T	A
D1_N1	0.140666378109	2	54	A	T
D1_N1	0.145702216827	2	186	A	C
D1_N1	0.15054666021	2	148	A	G
D1_N1	0.15558278965	1	41	C	T
D1_N1	0.157042315494	2	213	G	C
D1_N1	0.160516199837	2	104	T	G
D1_N1	0.161780399528	2	170	T	A
D1_N1	0.161812999408	2	110	T	A
D1_N1	0.166523007977	1	99	A	T
D1_N1	0.168286454083	2	73	A	G
D1_N1	0.175011403764	2	40	G	A
D1_N1	0.175822619155	2	7	T	G
D1_N1	0.176032645672	1	97	G	A
D1_N1	0.185768437594	2	182	A	C
D1_N1	0.186869527419	1	73	A	T
D1_N1	0.190944513731	2	111	A	G
D1_N1	0.193489349677	2	89	A	C
D1_N1	0.195186873595	2	178	A	C
D1_N1	0.197627982595	2	119	T	A
D1_N1	0.198143625972	2	155	G	A
D1_N1	0.198489680714	1	180	T	A
D1_N1	0.198968231512	2	142	G	A
D1_N1	0.200845091576	1	25	T	A
D1_N1	0.201115704359	2	77	A	G
D1_N1	0.202218422105	1	196	C	G
D1_N1	0.206017088474	2	96	C	T
D1_N1	0.209110047335	2	49	C	T
D1_N1	0.212243639618	2	1	C	T
N1_N2	0.00384481012494	2	153	G	A
N1_N2	0.0052734465699	2	85	T	C
N1_N2	0.0107026538386	2	105	G	C
N1_N2	0.0127451938118	2	20	C	T
N1_N2	0.015010947904	1	79	G	A
N1_N2	0.0179180255169	2	166	T	C
N2_N3	0.00231311100062	1	21	T	A
N2_N3	0.00454056093038	2	212	G	C
N3_N4	0.00622663672163	1	147	T	C
N3_N4	0.00804286312519	2	74	A	C
N4_Human	0.0012773750921	2	116	T	G
N4_Human	0.00371865024794	1	215	T	A
N4_Human	0.00966237939102	2	183	T	G
N4_Human	0.0100617958674	2	41	T	C
N4_Chimp	0.00149836816901	2	85	C	A
N4_Chimp	0.00701470585842	2	139	C	T
N4_Chimp	0.00819589131195	2	83	G	T
N4_Chimp	0.00881035701879	2	146	A	T
N4_Chimp	0.0100389645284	1	15	T	C
N3_Goril	0.00238106528698	1	35	T	C
N3_Goril	0.00455007503582	2	76	A	T
N3_Goril	0.00547064944032	1	210	G	C
N3_Goril	0.00668816679767	1	40	G	A
N3_Goril	0.00888043236312	1	48	G	A
N3_Goril	0.0114366117139	2	106	C	A
N3_Goril	0.0115133604785	1	164	C	T
N3_Goril	0.0132185860018	2	135	A	T
N3_Goril	0.0158302082501	2	32	A	C
N3_Goril	0.016802856168	2	83	G	A
N3_Goril	0.0186106565611	2	76	T	A
N2_Orang	0.00849650793138	1	10	G	C
N2_Orang	0.0139607085262	2	88	A	G
N1_Macaq	0.000629203772585	2	197	T	C
N1_Macaq	0.00146234088856	1	55	A	G
N1_Macaq	0.00210204549783	2	48	G	T
N1_Macaq	0.00631062548732	2	157	G	A
N1_Macaq	0.0075537107056	2	171	G	A
N1_Macaq	0.00761776829928	2	119	A	G
N1_Macaq	0.00781227925691	1	140	G	A
N1_Macaq	0.00838426855211	1	209	C	T
N1_Macaq	0.0118277736576	1	218	T	G
N1_Macaq	0.0155347690658	2	147	T	C
N1_Macaq	0.0188825525694	2	218	T	A
N1_Macaq	0.0192331445384	1	20	C	T
N1_Macaq	0.0223229747269	2	58	G	A
N1_Macaq	0.0246194525087	2	186	A	G
N1_Macaq	0.0250226390015	2	42	T	C
N1_Macaq	0.0288091054597	2	90	C	T
N1_Macaq	0.0304956318691	1	35	T	A
N1_Macaq	0.0314521180779	2	162	T	G
N1_Macaq	0.0316453773944	2	66	C	G
N0_Mouse	0.00694595697065	0	186	A	T
N0_Mouse	0.0119744092636	0	196	C	A
N0_Mouse	0.0197446048534	0	215	A	C
N0_Mouse	0.02069393625	0	209	C	G
N0_Mouse	0.0267172306328	0	199	A	G
N0_Mouse	0.0303790634889	0	39	C	A
N0_Mouse	0.0307524914439	0	151	G	A
N0_Mouse	0.0340923689985	0	11	A	G
N0_Mouse	0.0371489068312	0	104	T	C
N0_Mouse	0.0446571108812	0	178	A	T
N0_Mouse	0.052868355249	0	181	T	C
N0_Mouse	0.0550512784159	0	63	A	T
N0_Mouse	0.0569603962607	0	165	T	C
N0_Mouse	0.0585326896337	0	122	G	C
N0_Mouse	0.0682240035715	0	153	A	G
N0_Mouse	0.070052075027	0	175	A	G
N0_Mouse	0.0758711697578	0	44	T	C
N0_Mouse	0.0772540266346	0	220	C	A
N0_Mouse	0.08688000999	0	148	A	G
N0_Mouse	0.0910675121588	0	219	A	G
N0_Mouse	0.0921896563398	0	94	C	T
N0_Mouse	0.0975047656114	0	220	A	G
N0_Mouse	0.0977935126158	0	146	T	A
N0_Mouse	0.100474671995	0	106	C	G
N0_Mouse	0.117472318919	0	142	G	A
N0_Mouse	0.119214423651	0	72	C	T
N0_Mouse	0.124180201291	0	182	A	G
N0_Mouse	0.125743079231	0	212	T	C
N0_Mouse	0.140128050373	0	161	T	A
N0_Mouse	0.141102346321	0	98	A	G
N0_Mouse	0.145229061078	0	32	A	T
N0_Mouse	0.150690212811	0	2	G	A
N0_Mouse	0.154271962659	0	185	C	T
N0_Mouse	0.157061995931	0	2	A	G
N0_Mouse	0.169902247931	0	208	T	C
N0_Mouse	0.177943586163	0	148	G	C
N0_Mouse	0.18161301973	0	204	A	G
N0_Mouse	0.190975243963	0	173	G	T
N0_Mouse	0.194843275935	0	218	T	A
N0_Mouse	0.209508776202	0	28	G	A
N0_Mouse	0.212883149215	0	111	A	C
N0_Mouse	0.215023629789	0	54	A	T
N0_Mouse	0.21534812201	0	167	A	G
N0_Mouse	0.218651436281	0	33	C	T
N0_Mouse	0.220456792441	0	19	A	T
N0_Mouse	0.223686563818	0	29	G	T
N0_Mouse	0.22411916064	0	213	G	A
N0_Mouse	0.228576214499	0	13	T	G
N0_Mouse	0.235610817613	0	0	T	C
N0_Mouse	0.241587444365	0	165	C	T
N0_Mouse	0.242328558163	0	40	G	A
N0_Mouse	0.247243072553	0	53	T	G
N0_Mouse	0.2555254658	0	168	C	G
N0_Mouse	0.255618209869	0	43	T	C
N0_Mouse	0.258561390623	0	4	A	T
N0_Mouse	0.268275886725	0	42	T	G
N0_Mouse	0.272520931687	0	183	T	G
N0_Mouse	0.275800697137	0	24	T	G
N0_Mouse	0.277025383606	0	51	G	A
N0_Mouse	0.280428311944	0	218	A	T
N0_Mouse	0.280959527591	0	220	G	T
N0_Mouse	0.288457206618	0	164	C	A
N0_Mouse	0.290762709968	0	194	T	C
N0_Mouse	0.298677277407	0	204	G	A
N0_Mouse	0.29924107899	0	151	A	C
N0_Mouse	0.305109439034	0	17	T	C
N0_Mouse	0.314032571363	0	141	A	G
N0_Mouse	0.319459394842	0	154	G	C
N0_Mouse	0.323693447513	0	125	C	G
N0_Mouse	0.325110834386	0	19	T	G
N0_Mouse	0.327114070882	0	210	G	A
N0_Mouse	0.339491673473	0	29	T	C
N0_Mouse	0.339714159157	0	209	G	A
N0_Mouse	0.347063746838	0	115	A	C
N0_Mouse	0.352002184716	0	30	A	C
N0_Mouse	0.354065700125	0	191	T	A
N0_Mouse	0.36194831482	0	114	G	A
N0_Mouse	0.363339679331	0	44	C	A
N0_Mouse	0.367820024234	0	25	T	G
N0_Mouse	0.369695322158	0	216	G	A
N0_Mouse	0.372222768041	0	209	A	T
N0_Mouse	0.374215193204	0	205	A	G
N0_Mouse	0.378156574659	0	54	T	A
N0_Mouse	0.384290551463	0	113	G	T
N0_Mouse	0.388436103821	0	193	G	T
N0_Mouse	0.391258021403	0	30	C	G
N0_Mouse	0.396173964503	0	104	C	A
N0_Mouse	0.401197335539	0	211	G	A
N0_Mouse	0.401474247995	0	77	G	T
N0_Mouse	0.402219300341	0	116	T	G
N0_Mouse	0.421216923213	0	8	C	G
N0_Mouse	0.428018888921	0	107	G	T
N0_Mouse	0.430180827058	0	108	T	G
N0_Mouse	0.430639467827	0	135	A	G
N0_Mouse	0.44121845372	0	54	A	T
N0_Mouse	0.441682992334	0	208	C	G
N0_Mouse	0.443753143371	0	219	G	C
N0_Mouse	0.44576902971	0	112	T	G
N0_Mouse	0.453835157257	0	216	A	G
N0_Mouse	0.457721010505	0	109	T	G
