edge	time	orlg_from	orlg_to	tract_length	start_pos	stop_pos	num_diff	template_seq	overide_seq
D1_N1	4.87260212297e-05	2	1	1	220	220	0	A	A
D1_N1	0.000197432372476	1	2	1	638	638	0	A	A
D1_N1	0.00046673750805	1	2	2	0	1	0	TA	TA
D1_N1	0.000493007639832	2	1	1	642	642	0	A	A
D1_N1	0.000577840436842	1	2	2	81	82	0	GA	GA
D1_N1	0.000673171375863	2	1	4	530	533	0	GACC	GACC
D1_N1	0.000913368527846	2	1	3	497	499	0	GCG	GCG
D1_N1	0.00135284066873	2	1	5	396	400	0	ATTAA	ATTAA
D1_N1	0.00156325111405	2	1	2	665	666	0	TC	TC
D1_N1	0.00165992276726	2	1	1	645	645	0	T	T
D1_N1	0.00199291204349	1	2	16	607	622	0	TCTCCAGGATATACCA	TCTCCAGGATATACCA
D1_N1	0.00223055586137	1	2	7	107	113	0	GTACTGA	GTACTGA
D1_N1	0.00240371357235	1	2	6	344	349	0	AAGAAT	AAGAAT
D1_N1	0.00250959697134	1	2	1	16	16	0	T	T
D1_N1	0.00252072768999	1	2	5	410	414	0	AATCC	AATCC
D1_N1	0.00260492432884	2	1	4	197	200	0	CAGA	CAGA
D1_N1	0.0026346924726	1	2	14	455	468	0	AATGTCCTATGTAA	AATGTCCTATGTAA
D1_N1	0.00271286006972	2	1	4	367	370	0	TTCA	TTCA
D1_N1	0.00275244462789	2	1	7	215	221	0	GGGTGAG	GGGTGAG
D1_N1	0.00278093656989	2	1	3	166	168	0	GTC	GTC
D1_N1	0.00286156867596	1	2	15	376	390	0	ACATCGCATAAATTG	ACATCGCATAAATTG
D1_N1	0.00286466133685	1	2	5	368	372	0	TCAGT	TCAGT
D1_N1	0.00317170920351	2	1	2	210	211	0	CT	CT
D1_N1	0.00338844874218	2	1	12	570	581	0	AGAATAAGCCCT	AGAATAAGCCCT
D1_N1	0.00340553305218	2	1	4	205	208	0	TTCG	TTCG
D1_N1	0.00368375041325	2	1	3	26	28	0	TCA	TCA
D1_N1	0.00391516791963	2	1	3	611	613	0	CAG	CAG
D1_N1	0.00407764221545	2	1	4	319	322	0	ATAG	ATAG
D1_N1	0.0041760410976	2	1	5	222	226	0	TTTTA	TTTTA
D1_N1	0.00435452560951	2	1	4	538	541	0	GAGT	GAGT
D1_N1	0.00437827078167	1	2	1	136	136	0	C	C
D1_N1	0.00448096815066	1	2	2	236	237	0	CG	CG
D1_N1	0.00449642568561	1	2	6	404	409	0	CTCATG	CTCATG
D1_N1	0.00457519273921	1	2	3	65	67	0	ACG	ACG
D1_N1	0.00460273603684	1	2	24	372	395	0	TGTAACATCGCATAAATTGACTAC	TGTAACATCGCATAAATTGACTAC
D1_N1	0.00470290786395	1	2	4	117	120	0	CCCG	CCCG
D1_N1	0.00473176164059	1	2	6	624	629	0	TGAACT	TGAACT
D1_N1	0.00500781184738	1	2	2	532	533	0	CC	CC
D1_N1	0.00530726048532	2	1	1	220	220	0	A	A
D1_N1	0.00559181969037	2	1	3	606	608	0	CTC	CTC
D1_N1	0.00566283885314	2	1	1	656	656	0	T	T
D1_N1	0.00570288032862	1	2	6	106	111	0	TGTACT	TGTACT
D1_N1	0.00590736278866	2	1	7	276	282	0	TGAGTAG	TGAGTAG
N1_castellii	2.34673162275e-05	2	1	6	174	179	0	ATGAAC	ATGAAC
N1_castellii	0.000313266339403	1	2	8	452	459	0	ATGAATGT	ATGAATGT
N1_castellii	0.00031929290121	2	1	1	300	300	0	A	A
N1_castellii	0.000408764725108	2	1	4	208	211	0	GACT	GACT
N1_castellii	0.000454218344977	2	1	8	192	199	0	ACCTCCAG	ACCTCCAG
N1_castellii	0.000506565486148	2	1	3	301	303	0	GTC	GTC
N1_castellii	0.000626246581477	2	1	3	57	59	0	AGC	AGC
N1_castellii	0.000727087811601	1	2	9	571	579	0	GAATAAGCC	GAATAAGCC
N1_castellii	0.000774014716912	2	1	2	50	51	0	CG	CG
N1_castellii	0.000981247118915	1	2	2	248	249	0	TA	TA
N1_castellii	0.000982970468887	1	2	1	61	61	0	T	T
N1_castellii	0.00114333184775	2	1	1	81	81	0	G	G
N1_castellii	0.00169683245556	1	2	5	652	656	0	AATAT	AATAT
N1_castellii	0.00170616961617	1	2	17	613	629	1	GGATATACCAATGAACT	GGATACACCAATGAACT
N1_castellii	0.00234314516885	2	1	5	225	229	0	TAATA	TAATA
N1_castellii	0.00243259301538	1	2	2	328	329	0	TC	TC
N1_castellii	0.00271908360121	2	1	1	298	298	0	T	T
N1_castellii	0.00295684525778	1	2	8	0	7	0	TATCGTAG	TATCGTAG
N1_castellii	0.00311170172854	2	1	1	538	538	0	G	G
N1_castellii	0.00316889422809	2	1	3	394	396	0	ACA	ACA
N1_castellii	0.00317387928896	2	1	6	45	50	0	ATATGC	ATATGC
N1_castellii	0.0031793782165	1	2	1	346	346	0	G	G
N1_castellii	0.00322892043562	2	1	1	41	41	0	T	T
N1_castellii	0.00342797164562	1	2	1	62	62	0	T	T
N1_castellii	0.00404048424091	2	1	5	393	397	0	TACAT	TACAT
N1_castellii	0.0040883158324	2	1	3	648	650	0	TGG	TGG
N1_castellii	0.00417567787048	1	2	1	536	536	0	G	G
N1_castellii	0.00437882533205	2	1	13	147	159	0	TAAACCTTAAAAT	TAAACCTTAAAAT
N1_castellii	0.00444224790975	1	2	4	295	298	0	GGGT	GGGT
N1_castellii	0.00450524747659	1	2	4	478	481	0	TGAA	TGAA
N1_castellii	0.00456316305162	1	2	1	55	55	0	G	G
N1_castellii	0.00457620773305	2	1	2	120	121	0	GA	GA
N1_castellii	0.00460000334305	2	1	10	104	113	0	TGTGTACTGA	TGTGTACTGA
N1_castellii	0.00474231776242	2	1	2	524	525	0	CT	CT
N1_castellii	0.0048555374631	2	1	1	417	417	0	T	T
N1_castellii	0.0048941502902	2	1	2	101	102	0	CG	CG
N1_castellii	0.00489415096036	1	2	1	599	599	0	A	A
N1_castellii	0.00527115441943	1	2	5	510	514	0	CTAAC	CTAAC
N1_castellii	0.00530274424828	2	1	3	3	5	0	CGT	CGT
N1_castellii	0.00551593144752	2	1	4	49	52	0	GCGA	GCGA
N1_castellii	0.0055737326723	1	2	1	246	246	0	T	T
N1_castellii	0.00644890203758	2	1	1	327	327	0	A	A
N1_castellii	0.00647473578151	2	1	6	606	611	1	CTCTCC	TTCTCC
N1_castellii	0.00662652518445	1	2	1	103	103	0	G	G
N1_castellii	0.00677387745222	2	1	9	553	561	1	TTCAAAGAT	TTCAAAGAC
N1_castellii	0.00684859157256	2	1	1	125	125	0	A	A
N1_castellii	0.00706778602556	2	1	3	139	141	0	CCA	CCA
N1_castellii	0.00767750321189	2	1	3	204	206	0	CTT	CTT
N1_castellii	0.00768544830776	2	1	5	320	324	0	TAGTG	TAGTG
N1_castellii	0.00787914544388	2	1	5	138	142	0	TCCAG	TCCAG
N1_castellii	0.00799005759518	2	1	10	314	323	1	ATAGTATAGT	ATAATATAGT
N1_castellii	0.00816046382735	2	1	2	104	105	0	TG	TG
N1_castellii	0.00823006333707	1	2	1	434	434	0	G	G
N1_castellii	0.00865436448062	2	1	3	280	282	0	TAG	TAG
N1_castellii	0.00876037994737	1	2	3	190	192	0	TTA	TTA
N1_castellii	0.00893380207581	1	2	2	78	79	0	TA	TA
N1_castellii	0.00893629679625	2	1	1	667	667	0	C	C
N1_castellii	0.00899954586247	2	1	9	35	43	1	AAGAACTTA	GAGAACTTA
N1_castellii	0.00902739914264	1	2	10	242	251	0	CGTTTTTAGA	CGTTTTTAGA
N1_castellii	0.00945978090445	2	1	4	408	411	1	TGAG	CGAG
N1_castellii	0.00948416899216	1	2	1	643	643	0	A	A
N1_castellii	0.00951588317147	2	1	1	529	529	0	C	C
N1_castellii	0.00952357008931	2	1	6	294	299	1	AAGGTT	AGGGTT
N1_castellii	0.00956360000774	2	1	4	7	10	0	GAAC	GAAC
N1_castellii	0.0096461155786	1	2	3	174	176	0	ATG	ATG
N1_castellii	0.0101733672578	1	2	4	494	497	0	TATG	TATG
N1_castellii	0.0103701142387	2	1	1	107	107	0	G	G
N1_castellii	0.0104127533451	1	2	1	112	112	0	G	G
N1_N2	2.93147624718e-05	1	2	2	247	248	0	TT	TT
N1_N2	7.47934238852e-05	2	1	1	399	399	0	A	A
N1_N2	0.000187849799479	2	1	3	546	548	0	CAG	CAG
N1_N2	0.000265712117867	1	2	1	58	58	0	G	G
N1_N2	0.000281658267195	2	1	8	495	502	0	ATGCGTCC	ATGCGTCC
N1_N2	0.000451487115891	1	2	2	435	436	0	TT	TT
N1_N2	0.000506340752941	1	2	4	273	276	0	TCCT	TCCT
N1_N2	0.00101820771899	1	2	6	584	589	0	GCGCGG	GCGCGG
N1_N2	0.00106010556647	2	1	4	662	665	0	CCCT	CCCT
N1_N2	0.00133652235719	2	1	7	682	684	0	AAG	AAG
N1_N2	0.00177385605545	1	2	2	238	239	0	CA	CA
N1_N2	0.00214135835279	1	2	11	539	549	1	AGTATCCCAGC	AGTATCCCAGT
N1_N2	0.00256657146282	1	2	1	218	218	0	T	T
N1_N2	0.00261384014763	2	1	1	261	261	0	A	A
N1_N2	0.00273756998407	1	2	14	604	617	0	GTCTCTCCAGGATA	GTCTCTCCAGGATA
N1_N2	0.00355904025848	2	1	3	166	168	0	GTC	GTC
N1_N2	0.0037177611565	1	2	2	679	680	0	AG	AG
N1_N2	0.0038078061772	1	2	1	683	683	0	A	A
N1_N2	0.00389093787513	2	1	6	282	287	0	GTATGA	GTATGA
N1_N2	0.00401354967077	2	1	3	606	608	0	CTC	CTC
N1_N2	0.00418993178946	2	1	7	282	288	0	GTATGAG	GTATGAG
N1_N2	0.00429322913087	2	1	2	565	566	0	CA	CA
N1_N2	0.00436971327092	2	1	5	217	221	0	GTGAG	GTGAG
N1_N2	0.00451876710701	1	2	16	220	235	0	AGTTTTAATACGATAA	AGTTTTAATACGATAA
N1_N2	0.00473245743045	1	2	1	141	141	0	A	A
N1_N2	0.00491635731576	1	2	2	678	679	0	TA	TA
N1_N2	0.00530660402029	2	1	3	2	4	0	TCG	TCG
N1_N2	0.00568173833158	1	2	4	598	601	0	TATA	TATA
N1_N2	0.00576955226966	1	2	11	283	293	0	TATGAGTCCTT	TATGAGTCCTT
N1_N2	0.00600077031868	1	2	1	316	316	0	A	A
N1_N2	0.00607720574708	1	2	1	90	90	0	T	T
N1_N2	0.00624240340129	1	2	4	514	517	1	CCGT	CCAT
N1_N2	0.00678294517868	1	2	4	318	321	0	TATA	TATA
N1_N2	0.00681505940438	2	1	5	350	354	0	TTAAG	TTAAG
N1_N2	0.00705748283572	1	2	6	574	579	0	TAAGCC	TAAGCC
N1_N2	0.0072577936572	2	1	2	244	245	0	TT	TT
N1_N2	0.00733144725316	1	2	4	56	59	0	AAGC	AAGC
N1_N2	0.00754640895896	2	1	16	311	326	1	ACGATAGTATAGTGCT	ACGATAATATAGTGCT
N1_N2	0.00766885499216	2	1	3	397	399	0	TTA	TTA
N1_N2	0.00813164970273	2	1	22	434	455	1	GTTCTGTATATACGCTGAATGA	GTTCTGTATATACGCTAAATGA
N1_N2	0.00840705131286	2	1	2	356	357	0	TT	TT
N1_N2	0.00841438940056	1	2	6	333	338	0	GTCAGT	GTCAGT
N1_N2	0.00864989162248	2	1	1	485	485	0	T	T
N1_N2	0.00892957006852	1	2	1	297	297	0	G	G
N1_N2	0.00913089250241	2	1	3	12	14	0	GAA	GAA
N1_N2	0.0091749126967	1	2	3	562	564	0	ATA	ATA
N1_N2	0.00941515157739	2	1	2	534	535	0	GG	GG
N1_N2	0.00943318171032	1	2	5	352	356	0	AAGCT	AAGCT
N1_N2	0.0097393887668	1	2	4	441	444	0	ATAT	ATAT
N1_N2	0.00980851144651	2	1	3	378	380	0	ATC	ATC
N1_N2	0.010172016801	1	2	2	400	401	0	AT	AT
N1_N2	0.0103943985828	2	1	3	92	94	0	GAG	GAG
N1_N2	0.0106519363453	1	2	2	578	579	0	CC	CC
N1_N2	0.0106888156025	1	2	1	669	669	0	A	A
N1_N2	0.0107397548234	1	2	16	80	95	1	AGAAAGATATTAGAGG	AGAAAGATATTAGAGC
N1_N2	0.0108907251544	1	2	14	642	655	1	GATTACTGGTAATA	AATTACTGGTAATA
N1_N2	0.010908372492	1	2	17	680	684	1	GAAAG	GTAAG
N1_N2	0.0109270555042	1	2	5	0	4	1	TACCG	TATCG
N1_N2	0.0111121807107	2	1	8	247	254	0	TTAGATTG	TTAGATTG
N1_N2	0.0113172194772	1	2	7	446	452	0	CGCTGAA	CGCTGAA
N1_N2	0.0115638003972	2	1	7	3	9	0	CGTAGAA	CGTAGAA
N1_N2	0.0119104038665	2	1	4	630	633	1	GCTC	ACTC
N1_N2	0.012138705529	1	2	5	387	391	0	ATTGA	ATTGA
N1_N2	0.0121414683206	2	1	1	295	295	0	G	G
N1_N2	0.0122013075429	2	1	8	278	285	1	AGTAGTAT	AATAGTAT
N1_N2	0.0122159229064	1	2	2	0	1	0	TA	TA
N1_N2	0.0123438545324	1	2	3	275	277	0	CTG	CTG
N1_N2	0.0125714693806	2	1	1	391	391	0	A	A
N1_N2	0.0128124414696	2	1	2	296	297	0	GG	GG
N1_N2	0.0134464714748	1	2	1	631	631	0	C	C
N1_N2	0.0134922100603	1	2	2	333	334	0	GT	GT
N2_bayanus	9.26402028869e-05	2	1	1	579	579	0	C	C
N2_bayanus	0.000380128431002	1	2	21	66	86	0	CGTAATCTGAGATAAGAAAGA	CGTAATCTGAGATAAGAAAGA
N2_bayanus	0.000628870408113	2	1	3	78	80	0	TAA	TAA
N2_bayanus	0.000706840272439	2	1	2	331	332	0	GC	GC
N2_bayanus	0.000710111416835	1	2	11	129	139	3	GTAATCCCCTC	GTAGCTCCCTC
N2_bayanus	0.000759496580562	1	2	7	170	176	0	TGTGATG	TGTGATG
N2_bayanus	0.000830841749174	1	2	4	442	445	0	TATA	TATA
N2_bayanus	0.00157483879169	1	2	1	394	394	0	A	A
N2_bayanus	0.00174597827371	1	2	2	599	600	0	AT	AT
N2_bayanus	0.00180794804353	1	2	1	559	559	0	G	G
N2_bayanus	0.00225709043051	2	1	1	65	65	0	A	A
N2_bayanus	0.00238185749782	1	2	6	140	145	1	TAGTTG	CAGTTG
N2_bayanus	0.00243757377674	1	2	10	338	347	2	TGCTACAAGA	TACTACGAGA
N2_bayanus	0.00261126020809	1	2	1	407	407	0	A	A
N2_bayanus	0.00275083094599	2	1	2	178	179	0	AC	AC
N2_bayanus	0.00280105020695	2	1	1	599	599	0	A	A
N2_bayanus	0.00284769337108	1	2	3	41	43	0	TTA	TTA
N2_bayanus	0.00336299185813	1	2	5	166	170	0	GTCTT	GTCTT
N2_bayanus	0.0034008366458	2	1	11	142	152	0	GTTGTTAAACC	GTTGTTAAACC
N2_bayanus	0.00344763828858	2	1	6	476	481	2	AGCGAA	AGTGGA
N2_bayanus	0.00372956568479	2	1	15	0	14	1	TACCGTAGAACGGAA	TACCGTAGAACAGAA
N2_bayanus	0.0037653480296	2	1	1	119	119	0	C	C
N2_bayanus	0.0045060625615	1	2	6	154	159	0	TAAAAT	TAAAAT
N2_bayanus	0.00464199309503	1	2	2	249	250	0	AG	AG
N2_bayanus	0.00468696133709	2	1	1	475	475	0	A	A
N2_bayanus	0.00477590380496	1	2	1	542	542	0	A	A
N2_bayanus	0.00483925731897	1	2	10	380	389	0	CGCATAAATT	CGCATAAATT
N2_bayanus	0.00494478509859	1	2	4	0	3	0	TACC	TACC
N2_bayanus	0.00537711505036	1	2	7	409	415	2	GATTCTA	GAGTCCA
N2_bayanus	0.00563833484581	1	2	4	446	449	1	CACT	CGCT
N2_bayanus	0.00570281233933	1	2	2	336	337	0	AG	AG
N2_bayanus	0.00580768343313	2	1	5	268	272	0	AAGCT	AAGCT
N2_bayanus	0.00607660907475	1	2	2	161	162	0	TG	TG
N2_bayanus	0.0062143882163	1	2	2	669	670	0	AT	AT
N2_bayanus	0.00635431404937	1	2	17	538	554	0	GAGTATCCTAGCATTTT	GAGTATCCTAGCATTTT
N2_bayanus	0.0064264723053	2	1	6	142	147	0	GTTGTT	GTTGTT
N2_bayanus	0.00673103930544	2	1	5	15	19	0	GTGCT	GTGCT
N2_bayanus	0.00673662559287	1	2	3	550	552	0	ATT	ATT
N2_bayanus	0.0067722433728	2	1	3	425	427	1	ATA	GTA
N2_bayanus	0.0070675921558	2	1	8	391	398	0	ACTACATT	ACTACATT
N2_bayanus	0.00735168585464	1	2	1	413	413	0	C	C
N2_bayanus	0.00737496337122	2	1	1	675	675	1	C	T
N2_bayanus	0.00748824041717	2	1	2	500	501	0	TC	TC
N2_bayanus	0.00769392096615	1	2	3	684	684	0	G	G
N2_bayanus	0.00787094850568	2	1	18	133	150	0	TCCCCTCTAGTTGTTAAA	TCCCCTCTAGTTGTTAAA
N2_bayanus	0.00848140077388	1	2	10	389	398	0	TGACTACATT	TGACTACATT
N2_bayanus	0.00853247843515	1	2	2	385	386	0	AA	AA
N2_bayanus	0.00864334111358	2	1	11	395	405	0	CATTAATTACT	CATTAATTACT
N2_N3	0.000500275846707	1	2	2	219	220	0	GA	GA
N2_N3	0.000510552722296	1	2	5	501	505	0	CCACC	CCACC
N2_N3	0.000677564756327	1	2	5	357	361	0	TTTAA	TTTAA
N2_N3	0.000677784949374	1	2	1	204	204	0	C	C
N2_N3	0.00080458591937	1	2	7	589	595	1	GGAGTAT	GGAGTAC
N2_N3	0.00110288003059	1	2	2	295	296	0	GG	GG
N2_N3	0.00111419683273	1	2	1	240	240	0	T	T
N2_N3	0.00117790148207	1	2	7	79	85	0	AAGAAAG	AAGAAAG
N2_N3	0.00118362058239	1	2	2	202	203	0	CG	CG
N2_N3	0.00125715774601	1	2	5	294	298	0	AGGGT	AGGGT
N2_N3	0.00147945596754	1	2	1	448	448	0	C	C
N2_N3	0.00164870657907	2	1	4	390	393	0	GACT	GACT
N2_N3	0.00165987745098	1	2	2	559	560	0	GA	GA
N2_N3	0.00181257928364	2	1	5	44	48	2	AATAT	GATGT
N2_N3	0.00185605959446	2	1	1	260	260	0	T	T
N2_N3	0.00198312108849	2	1	4	533	536	0	CGGG	CGGG
N3_kudriavzevii	9.09853161448e-05	1	2	13	103	115	1	GTGTGTACTGAAA	GTGTGTATTGAAA
N3_kudriavzevii	0.000262083042421	2	1	6	109	114	0	ACTGAA	ACTGAA
N3_kudriavzevii	0.000342621740979	2	1	19	96	114	0	ATAGACGGTGTGTACTGAA	ATAGACGGTGTGTACTGAA
N3_kudriavzevii	0.000545463053669	1	2	11	79	89	0	AAGAAAGATAT	AAGAAAGATAT
N3_kudriavzevii	0.00112640507425	1	2	2	617	618	1	AT	AC
N3_kudriavzevii	0.00114814835462	1	2	1	607	607	0	T	T
N3_kudriavzevii	0.00124292723085	1	2	3	4	6	0	GTA	GTA
N3_kudriavzevii	0.00129903605458	1	2	1	321	321	0	A	A
N3_kudriavzevii	0.00192407641712	1	2	1	491	491	0	C	C
N3_kudriavzevii	0.00228488787501	2	1	4	82	85	0	AAAG	AAAG
N3_kudriavzevii	0.00241257037708	1	2	2	171	172	0	GT	GT
N3_kudriavzevii	0.00247740073504	1	2	6	618	623	1	TACGAA	TACCAA
N3_kudriavzevii	0.00269856525119	2	1	2	75	76	0	AG	AG
N3_kudriavzevii	0.00281752352146	1	2	5	5	9	0	TAGAA	TAGAA
N3_kudriavzevii	0.00299188501508	1	2	5	63	67	1	CCACG	CTACG
N3_kudriavzevii	0.00302477888054	2	1	1	629	629	0	T	T
N3_kudriavzevii	0.00328704755826	1	2	3	590	592	0	GAG	GAG
N3_kudriavzevii	0.00334306106712	1	2	1	546	546	1	C	T
N3_kudriavzevii	0.00339992997634	1	2	1	452	452	0	A	A
N3_kudriavzevii	0.00346132323699	1	2	1	374	374	0	T	T
N3_kudriavzevii	0.0035294100812	1	2	9	254	262	0	GTGTACTAT	GTGTACTAT
N3_kudriavzevii	0.00358623668941	1	2	3	570	572	0	AGA	AGA
N3_kudriavzevii	0.00361127942217	1	2	6	496	501	0	TGCGTC	TGCGTC
N3_kudriavzevii	0.00365477599977	2	1	1	42	42	0	T	T
N3_kudriavzevii	0.00382760878003	2	1	4	115	118	0	AACC	AACC
N3_kudriavzevii	0.0038277448334	1	2	2	372	373	0	TG	TG
N3_kudriavzevii	0.00404832984913	1	2	2	13	14	0	AA	AA
N3_kudriavzevii	0.00420449783217	1	2	7	162	168	0	GTCAGTC	GTCAGTC
N3_kudriavzevii	0.00458279921429	2	1	16	515	530	1	CGTTATAATCTACCCG	CGTTATAATCTACTCG
N3_kudriavzevii	0.00459935940249	1	2	3	169	171	0	TTG	TTG
N3_kudriavzevii	0.00506784228636	2	1	12	527	538	0	CCCGACCGGGCG	CCCGACCGGGCG
N3_kudriavzevii	0.00517604099199	1	2	3	632	634	1	TCC	TAC
N3_kudriavzevii	0.00528142869547	1	2	4	370	373	0	AGTG	AGTG
N3_kudriavzevii	0.00542516366581	2	1	15	417	431	1	TCGTTAGCATAAAGC	TCGTTAACATAAAGC
N3_kudriavzevii	0.0055238699178	2	1	7	61	67	0	TTCCACG	TTCCACG
N3_kudriavzevii	0.00562966193784	2	1	4	642	645	0	GATT	GATT
N3_kudriavzevii	0.00611728005934	2	1	3	106	108	0	TGT	TGT
N3_kudriavzevii	0.00629624285173	2	1	1	475	475	0	A	A
N3_kudriavzevii	0.00631080663002	1	2	2	595	596	0	TC	TC
N3_N4	0.000109836786765	1	2	1	614	614	0	G	G
N3_N4	0.000218923978393	1	2	1	13	13	0	A	A
N3_N4	0.000812234649053	1	2	2	35	36	1	GA	AA
N3_N4	0.00112565847339	1	2	4	483	486	0	GGTT	GGTT
N4_mikatae	0.000112955410462	1	2	2	604	605	0	GT	GT
N4_mikatae	0.000444839997976	1	2	9	396	404	0	ATTAATTAC	ATTAATTAC
N4_mikatae	0.000731548594759	1	2	6	622	627	1	AACGAA	AATGAA
N4_mikatae	0.000811419863041	1	2	2	454	455	0	GA	GA
N4_mikatae	0.00105729785486	2	1	1	245	245	0	T	T
N4_mikatae	0.00111142475172	1	2	2	93	94	0	AG	AG
N4_mikatae	0.00127831755799	1	2	1	529	529	0	C	C
N4_mikatae	0.00128748534645	1	2	1	74	74	0	G	G
N4_mikatae	0.00140476160519	2	1	3	684	684	0	G	G
N4_mikatae	0.001537491407	1	2	10	381	390	0	GCATAAATTG	GCATAAATTG
N4_mikatae	0.00154742398205	1	2	8	63	70	1	CCACGTAA	CTACGTAA
N4_mikatae	0.00166465020829	1	2	1	648	648	1	T	C
N4_mikatae	0.00198627441035	1	2	2	180	181	0	AA	AA
N4_mikatae	0.0022892512561	2	1	2	105	106	0	GT	GT
N4_mikatae	0.00229713567592	2	1	2	672	673	1	GG	AG
N4_mikatae	0.00263997747926	1	2	10	13	22	0	AAGTGCTAAG	AAGTGCTAAG
N4_mikatae	0.00283258692564	1	2	1	327	327	0	A	A
N4_mikatae	0.00295009782706	1	2	5	409	413	1	GAGTC	GAATC
N4_mikatae	0.00311309599172	1	2	1	658	658	0	T	T
N4_mikatae	0.00313417704616	2	1	3	483	485	0	GGT	GGT
N4_mikatae	0.0032196610613	2	1	3	588	590	0	GGG	GGG
N4_mikatae	0.00327029629368	1	2	3	360	362	0	AAT	AAT
N4_mikatae	0.00349117398184	2	1	2	532	533	0	CC	CC
N4_mikatae	0.00354268248833	1	2	13	644	656	0	TTACTGGTAATAT	TTACTGGTAATAT
N4_mikatae	0.00370108597109	2	1	12	323	334	0	TGCTATCCGCGT	TGCTATCCGCGT
N4_mikatae	0.0037654340507	1	2	4	565	568	1	CATG	CACG
N4_mikatae	0.00403240829173	1	2	7	683	684	0	AG	AG
N4_mikatae	0.00454014350584	1	2	4	160	163	0	CTGT	CTGT
N4_mikatae	0.00458853237199	2	1	1	587	587	0	C	C
N4_mikatae	0.00472308685282	1	2	1	111	111	0	T	T
N4_mikatae	0.00486001476469	1	2	5	172	176	0	TGATG	TGATG
N4_mikatae	0.00492507971089	1	2	9	371	379	2	GTGTGACAT	GTGTAATAT
N4_mikatae	0.00502766643587	1	2	4	619	622	1	ACGA	ACCA
N4_mikatae	0.00579815651975	2	1	4	610	613	0	CCAG	CCAG
N4_mikatae	0.00618887546727	1	2	1	487	487	0	T	T
N4_mikatae	0.00624087580609	1	2	1	360	360	0	A	A
N4_mikatae	0.00657060855357	2	1	3	462	464	0	TAT	TAT
N4_mikatae	0.00663696690088	2	1	4	295	298	0	GGGT	GGGT
N4_mikatae	0.00684399689786	2	1	1	282	282	0	G	G
N4_mikatae	0.00697499659387	2	1	3	34	36	0	GGA	GGA
N4_mikatae	0.00711426891055	2	1	1	352	352	0	A	A
N4_mikatae	0.00714310724536	1	2	1	283	283	1	C	T
N4_mikatae	0.00715680565711	1	2	12	75	86	0	AGATAAGAAAGA	AGATAAGAAAGA
N4_mikatae	0.00719294991629	2	1	2	434	435	1	GC	GT
N4_mikatae	0.00791733945338	2	1	1	157	157	0	A	A
N4_mikatae	0.00860199526629	1	2	6	494	499	0	TATGCG	TATGCG
N4_mikatae	0.00870073348321	1	2	2	509	510	0	AC	AC
N4_mikatae	0.00902089552987	2	1	4	504	507	0	CCGT	CCGT
N4_mikatae	0.00920950263984	2	1	5	654	658	1	TATTT	TATGT
N4_mikatae	0.0092101920168	1	2	10	361	370	1	ATATTTTTCA	ATGTTTTTCA
N4_mikatae	0.00931601349306	1	2	8	301	308	1	GTCGGTCA	GTCTGTCA
N4_mikatae	0.00934448712927	1	2	1	628	628	1	T	C
N4_N5	0.000118483431147	1	2	1	133	133	1	T	C
N4_N5	0.00027327796687	2	1	2	191	192	0	TA	TA
N4_N5	0.000333062460499	1	2	8	341	348	1	TACAAGAA	TACGAGAA
N4_N5	0.000348894950084	2	1	1	621	621	1	C	G
N5_paradoxus	0.000372554474971	1	2	1	53	53	1	A	G
N5_paradoxus	0.000401956522649	2	1	2	569	570	0	AA	AA
N5_paradoxus	0.000661805604313	1	2	1	398	398	0	T	T
N5_paradoxus	0.000896520871974	2	1	6	337	342	1	GTACTA	GTGCTA
N5_paradoxus	0.000948306850825	1	2	4	682	684	0	AAG	AAG
N5_paradoxus	0.000955325063875	2	1	8	114	121	1	AAACCCGA	AAACCCAA
N5_paradoxus	0.00104582946977	1	2	3	301	303	0	GTC	GTC
N5_paradoxus	0.00107967880918	2	1	1	609	609	0	T	T
N5_paradoxus	0.00151868301928	2	1	1	251	251	0	A	A
N5_paradoxus	0.00161819570765	2	1	3	1	3	0	ACC	ACC
N5_paradoxus	0.00165285946023	2	1	8	659	666	1	AACCCCTC	AGCCCCTC
N5_paradoxus	0.00180400010463	1	2	2	206	207	0	TC	TC
N5_paradoxus	0.00180980076549	2	1	1	341	341	0	T	T
N5_paradoxus	0.00188154091481	1	2	12	352	363	0	AAGCTTTTAATG	AAGCTTTTAATG
N5_paradoxus	0.00192717161362	2	1	5	595	599	1	TCCCA	TCCTA
N5_paradoxus	0.00196014943752	1	2	1	79	79	0	A	A
N5_paradoxus	0.0021068357823	1	2	12	354	365	0	GCTTTTAATGTT	GCTTTTAATGTT
N5_paradoxus	0.0021519652834	1	2	10	666	675	2	CCCATTAGCT	CCCATTGGCC
N5_paradoxus	0.00217885550897	1	2	1	27	27	0	C	C
N5_paradoxus	0.00229884225407	1	2	7	2	8	0	CCGTAGA	CCGTAGA
N5_paradoxus	0.00252440003726	2	1	1	138	138	0	T	T
N5_paradoxus	0.0025783603027	2	1	1	560	560	0	A	A
N5_paradoxus	0.00294484817569	1	2	1	289	289	0	T	T
N5_paradoxus	0.00309454498756	2	1	3	464	466	0	TGT	TGT
N5_paradoxus	0.00316751885296	2	1	1	211	211	0	T	T
N5_paradoxus	0.00328133454082	1	2	1	82	82	0	A	A
N5_paradoxus	0.0033407623169	1	2	2	138	139	0	TC	TC
N5_paradoxus	0.00357316633955	2	1	2	31	32	0	CG	CG
N5_paradoxus	0.0035952925424	2	1	11	427	437	2	AAGGCCAGTTC	AAAGCCAGCTC
N5_paradoxus	0.00392592695361	1	2	6	198	203	0	AGAACG	AGAACG
N5_cerevisiae	0.000788885412756	1	2	2	658	659	0	TA	TA
N5_cerevisiae	0.000865578384475	1	2	8	466	473	2	TAATAAGA	TAGTAGGA
N5_cerevisiae	0.000987441612539	2	1	7	25	31	1	CTCACTC	CTCATTC
N5_cerevisiae	0.00102984424542	2	1	2	460	461	0	CC	CC
N5_cerevisiae	0.00105745787868	2	1	2	272	273	0	TT	TT
N5_cerevisiae	0.00111867121692	1	2	3	588	590	0	GGG	GGG
N5_cerevisiae	0.00132309450494	2	1	2	354	355	0	GC	GC
N5_cerevisiae	0.00144138905046	2	1	3	316	318	0	AGT	AGT
N5_cerevisiae	0.00145415123174	1	2	2	573	574	1	AA	AT
N5_cerevisiae	0.00147427860869	1	2	3	590	592	0	GAG	GAG
N5_cerevisiae	0.00157847082399	1	2	3	660	662	1	GCC	ACC
N5_cerevisiae	0.00162713681571	1	2	15	325	339	1	CTATCCGCGTCAGTG	CTATCCGCGTCAGTA
N5_cerevisiae	0.00164470075706	1	2	1	339	339	0	G	G
N5_cerevisiae	0.00171204289327	2	1	2	486	487	0	TT	TT
N5_cerevisiae	0.00223577452592	1	2	8	147	154	1	TAAACCTT	CAAACCTT
N5_cerevisiae	0.00224358748284	1	2	1	52	52	0	A	A
N5_cerevisiae	0.00257959603895	2	1	2	236	237	0	CG	CG
N5_cerevisiae	0.00274553615621	1	2	2	302	303	0	TC	TC
N5_cerevisiae	0.00289558904722	1	2	3	474	476	0	TAA	TAA
N5_cerevisiae	0.00301947086002	2	1	7	610	616	1	CCAGGAT	CCAGGGT
N5_cerevisiae	0.00327120092331	2	1	5	318	322	0	TATAG	TATAG
N5_cerevisiae	0.00328645385959	1	2	5	448	452	0	CTGAA	CTGAA
N5_cerevisiae	0.00352193757142	2	1	2	313	314	0	GA	GA
N5_cerevisiae	0.00401761082516	1	2	2	467	468	0	AA	AA
