edge	time	orlg_from	orlg_to	tract_length	start_pos	stop_pos	num_diff	template_seq	overide_seq
D1_N1	3.97891352715e-05	2	1	2	50	51	0	TA	TA
D1_N1	0.00053383256961	1	2	9	121	129	0	ATATATTCA	ATATATTCA
D1_N1	0.00103711744185	1	2	13	429	441	0	TTCCCCTATGAGG	TTCCCCTATGAGG
D1_N1	0.00147196540507	2	1	2	59	60	0	CC	CC
D1_N1	0.00158749644473	1	2	10	248	257	0	GGACTACCAG	GGACTACCAG
D1_N1	0.00304025135369	2	1	13	389	401	0	CTTATAGGCTTCG	CTTATAGGCTTCG
N1_castellii	0.000108347923922	1	2	39	131	169	0	CGGGCTTGTTAACAAATACAATAAGGACTGACGAGCATG	CGGGCTTGTTAACAAATACAATAAGGACTGACGAGCATG
N1_castellii	0.00038214703804	2	1	1	30	30	0	A	A
N1_castellii	0.00287955722002	2	1	6	386	391	1	TACCTT	TACTTT
N1_castellii	0.00306191005649	2	1	10	358	367	0	TTGTTGGTAG	TTGTTGGTAG
N1_castellii	0.00396598616162	1	2	14	47	60	1	CACTACCACGAGCC	CACTACCACAAGCC
N1_castellii	0.00427240495981	2	1	17	218	234	3	TCAGATGCTCCGAGTTT	TCAGATACTCCGGGTCT
N1_castellii	0.00435347009931	1	2	19	183	201	1	GATCTTTTGAAGTAATAAC	AATCTTTTGAAGTAATAAC
N1_castellii	0.00486493320283	2	1	5	17	21	0	TTAGC	TTAGC
N1_castellii	0.00655003509868	2	1	6	457	462	0	GCAGTT	GCAGTT
N1_castellii	0.00755730138768	2	1	24	16	39	0	GTTAGCATGAAAGCAGGTCTAAAA	GTTAGCATGAAAGCAGGTCTAAAA
N1_castellii	0.00818548364417	1	2	12	345	356	2	ATATTAAGGCAT	ATATTGAGGCAC
N1_castellii	0.00845451827335	2	1	6	270	275	0	TCTAGC	TCTAGC
N1_castellii	0.00862630276023	1	2	23	314	336	2	AGGGGGTAAATCGGACATCTTTT	AGGAGGTAAATCGGACATCTTCT
N1_castellii	0.00910369407086	1	2	8	337	344	1	ACTATCCC	ACTACCCC
N1_castellii	0.0101922494872	1	2	19	0	18	2	CCCGGAAATACAATAAGCT	CCCGGGAATACAATAAGTT
N1_castellii	0.0127733427418	1	2	9	487	491	0	GAGTT	GAGTT
N1_N2	8.57220594475e-05	2	1	50	455	491	2	AAGCAGTTCTCTCGTAACCTCGGTACAAAGAGGAGTT	AAGCAGTTCTCTCGTAACTTCAGTACAAAGAGGAGTT
N1_N2	0.00136562695582	1	2	2	368	369	0	CG	CG
N1_N2	0.00169314670731	1	2	11	85	95	1	GGGGTTCGAAT	GGGGTTCAAAT
N1_N2	0.00181663011881	1	2	5	167	171	0	ATGGG	ATGGG
N1_N2	0.00219688861818	1	2	17	183	199	1	GATCTTTTGAAGTAGTA	GATCTTTTGAAGTAATA
N1_N2	0.00251272529092	2	1	4	312	315	0	TTAG	TTAG
N1_N2	0.00351024556939	2	1	5	245	249	0	AGTGG	AGTGG
N1_N2	0.00380879790901	2	1	1	284	284	1	T	C
N1_N2	0.00387519057471	2	1	4	446	449	0	ATCC	ATCC
N1_N2	0.00618617078732	1	2	3	390	392	0	TTA	TTA
N1_N2	0.00691091833002	1	2	8	158	165	1	CTGACGAG	CTGTCGAG
N1_N2	0.00714578764187	1	2	35	0	34	1	CCCGGGAATACAATAAGTTAGCATGAAAGTAGGTC	CCCGGGAATACAATAAGTTAGCATGAAAGCAGGTC
N1_N2	0.0072136518882	1	2	1	324	324	0	T	T
N1_N2	0.00843437752783	1	2	1	279	279	0	C	C
N1_N2	0.00929271773219	2	1	1	268	268	0	G	G
N1_N2	0.00971692706828	1	2	22	344	365	3	CATATTAAGGCACGTCGTTGGT	TATATTGAGGCACGTTGTTGGT
N1_N2	0.00980119744591	1	2	9	28	36	0	GTAGGTCTA	GTAGGTCTA
N1_N2	0.0101459303607	1	2	13	340	352	0	ATCCCATATTAAG	ATCCCATATTAAG
N1_N2	0.0118468052628	2	1	10	270	279	0	TCTAGCATTC	TCTAGCATTC
N1_N2	0.0123857583471	2	1	6	338	343	0	CTATCC	CTATCC
N1_N2	0.0151130483153	2	1	5	389	393	0	CTTAT	CTTAT
N1_N2	0.0152176025791	2	1	1	287	287	0	G	G
N2_bayanus	0.000594221488718	2	1	8	361	368	0	TTGGTAGC	TTGGTAGC
N2_bayanus	0.00104254475859	1	2	1	131	131	0	C	C
N2_bayanus	0.00124055050149	1	2	17	263	279	1	CGCATGCTCTAGCATTC	CGCGTGCTCTAGCATTC
N2_bayanus	0.00145168098667	1	2	16	395	410	1	GGCTTCGGTTTACACT	GGCTTCGGTTTATACT
N2_bayanus	0.00160882114813	2	1	2	104	105	0	AT	AT
N2_N3	0.000378407013798	2	1	34	223	256	5	TGCCCCGAGTTTCGGTCTAAGCAGTGGACTACCA	TACTCCGGGTTTCAGTCTAAGCGGTGGACTACCA
N2_N3	0.001311683048	2	1	3	183	185	0	GAT	GAT
N2_N3	0.00146491107046	2	1	3	222	224	0	ATG	ATG
N3_kudriavzevii	0.000143093374255	2	1	11	425	435	1	CTGATTCCCCT	CTGGTTCCCCT
N3_kudriavzevii	0.000184488372703	1	2	1	432	432	0	C	C
N3_kudriavzevii	0.000319676198091	2	1	13	385	397	1	ATACCTTATAGGC	ATGCCTTATAGGC
N3_kudriavzevii	0.00041539512593	1	2	12	158	169	0	CTGACGAGCATG	CTGACGAGCATG
N3_kudriavzevii	0.00215900444051	1	2	12	213	224	3	CCAACCCAGATG	CCGACTCAGATA
N3_kudriavzevii	0.00300878166601	1	2	2	336	337	1	CA	TA
N3_kudriavzevii	0.0030159852711	1	2	8	331	338	2	TCTCTCAC	TCTTCCAC
N3_kudriavzevii	0.00306531329376	2	1	10	216	225	0	ACCCAGATGC	ACCCAGATGC
N3_N4	0.000528036224218	1	2	34	374	407	4	ATTTTACAGGGATGCCTTATAGGCTTCGGTTTAC	ATTTTATAGGGATACCTTATAGGCCTCGGTTTAT
N3_N4	0.00209213945556	1	2	13	218	230	0	TCAGATGCCCCGA	TCAGATGCCCCGA
N4_mikatae	0.000433420807083	1	2	2	459	460	0	AG	AG
N4_mikatae	0.000433962109739	2	1	12	285	296	1	GAGAGGAAGCAT	GAGAGAAAGCAT
N4_mikatae	0.000603757314868	1	2	2	155	156	1	GG	AG
N4_mikatae	0.000643412452499	1	2	7	230	236	0	AGTTTCG	AGTTTCG
N4_mikatae	0.00347952515655	1	2	5	39	43	0	ACATT	ACATT
N5_paradoxus	0.000160273294192	1	2	4	108	111	0	TATT	TATT
N5_paradoxus	0.000540802286843	1	2	10	27	36	2	AATAGGTCCA	AGTAGGTCTA
N5_paradoxus	0.000574770311067	1	2	1	408	408	0	A	A
