edge	time	orlg_from	orlg_to	tract_length	start_pos	stop_pos	num_diff	template_seq	overide_seq
D1_N1	0.000201473837629	1	2	1	268	268	0	C	C
D1_N1	0.000643171497	1	2	4	153	156	0	TCTA	TCTA
D1_N1	0.00188747657016	1	2	3	66	68	0	CAT	CAT
D1_N1	0.00189100230677	1	2	6	466	471	0	ATGGAC	ATGGAC
D1_N1	0.00207789624154	1	2	1	324	324	0	A	A
N1_castellii	0.000458363654189	1	2	16	273	288	0	TCCTACCTTCGAATAA	TCCTACCTTCGAATAA
N1_castellii	0.000555802070816	1	2	6	114	119	0	AAACGT	AAACGT
N1_castellii	0.000594590503158	1	2	1	265	265	0	C	C
N1_castellii	0.0010064122637	1	2	1	414	414	0	C	C
N1_castellii	0.00157445104754	1	2	17	0	16	1	CCGAGCCGGTTTCTCGT	CCGAGCCGGTTCCTCGT
N1_castellii	0.00192051265428	1	2	2	332	333	0	AC	AC
N1_castellii	0.00205503148197	1	2	3	388	390	0	TAT	TAT
N1_castellii	0.00208032690958	1	2	2	142	143	1	AG	AA
N1_castellii	0.00226577758483	1	2	3	234	236	0	TAT	TAT
N1_castellii	0.00246696654141	1	2	2	394	395	0	TG	TG
N1_castellii	0.00289234230753	1	2	3	481	483	0	GTG	GTG
N1_castellii	0.00358549224377	1	2	2	222	223	0	CT	CT
N1_castellii	0.00371927714659	1	2	5	91	95	0	AATAG	AATAG
N1_castellii	0.00379385322332	1	2	2	206	207	1	AT	GT
N1_castellii	0.00404747349305	1	2	5	345	349	0	CGCTG	CGCTG
N1_castellii	0.00436136133444	1	2	4	272	275	0	ATCC	ATCC
N1_castellii	0.00455489455616	1	2	6	155	160	0	TACAGG	TACAGG
N1_castellii	0.00468772560688	1	2	1	255	255	0	T	T
N1_castellii	0.00623850879569	1	2	1	248	248	1	G	A
N1_castellii	0.00756385918397	1	2	1	272	272	0	A	A
N1_castellii	0.00769430832277	1	2	5	387	391	0	CTATT	CTATT
N1_castellii	0.00805003183031	1	2	1	383	383	0	A	A
N1_castellii	0.00925473671203	1	2	5	415	419	0	CTGAC	CTGAC
N1_castellii	0.00961994054781	1	2	7	56	62	0	CCACGAA	CCACGAA
N1_castellii	0.00975379875391	1	2	1	420	420	0	T	T
N1_castellii	0.0101471705673	1	2	9	351	359	2	TAAAGCCTC	TATAGTCTC
N1_castellii	0.0108800695435	1	2	1	256	256	0	C	C
N1_castellii	0.0113055971756	1	2	2	380	381	0	AG	AG
N1_castellii	0.0124832163783	1	2	1	190	190	0	A	A
N1_castellii	0.0127746330175	1	2	6	226	231	1	ATTATC	ATTACC
N1_N2	0.000346590436395	1	2	5	24	28	0	TTAGC	TTAGC
N1_N2	0.00129770913004	1	2	2	92	93	0	AT	AT
N1_N2	0.00222812117695	1	2	1	184	184	0	A	A
N1_N2	0.0030767132221	1	2	1	328	328	0	G	G
N1_N2	0.00353476494616	1	2	4	32	35	1	TAGA	TAGG
N1_N2	0.00363243077035	1	2	1	487	487	0	T	T
N1_N2	0.00569742547671	1	2	6	75	80	1	GCCTAA	GCTTAA
N1_N2	0.00626037549542	1	2	3	395	397	1	TCA	ACA
N1_N2	0.00659562188077	1	2	2	488	489	0	GG	GG
N1_N2	0.00697412669404	1	2	2	174	175	0	TA	TA
N1_N2	0.00763035454521	1	2	3	250	252	0	TAC	TAC
N1_N2	0.00806403892483	1	2	10	314	323	2	TTACGTCAAA	CTACGTCAAC
N1_N2	0.00806460946652	1	2	6	341	346	0	AGCACG	AGCACG
N1_N2	0.00916910156798	1	2	1	321	321	0	A	A
N1_N2	0.00948839679511	1	2	2	420	421	0	TA	TA
N1_N2	0.0107096635536	1	2	1	251	251	0	A	A
N1_N2	0.0127478014743	1	2	2	86	87	1	CA	TA
N1_N2	0.0130307665761	1	2	2	83	84	1	CT	TT
N1_N2	0.0131826565297	1	2	5	67	71	1	ACAAT	ATAAT
N1_N2	0.0146042989842	1	2	4	110	113	1	GTGG	ATGG
N1_N2	0.0151549007884	1	2	2	489	490	0	GT	GT
N2_bayanus	0.000345562270026	1	2	1	227	227	0	T	T
N2_bayanus	0.000655474612723	1	2	1	356	356	0	C	C
N2_bayanus	0.00209852587963	1	2	1	280	280	0	T	T
N2_N3	0.000341844717732	1	2	1	232	232	0	T	T
N2_N3	0.000454451840782	1	2	1	249	249	0	T	T
N2_N3	0.00139620833296	1	2	4	392	395	0	TATT	TATT
N3_kudriavzevii	0.000689386152646	1	2	2	283	284	0	GA	GA
N3_kudriavzevii	0.000767140597336	1	2	1	227	227	0	T	T
N3_kudriavzevii	0.00151061234641	1	2	2	73	74	0	GT	GT
N3_kudriavzevii	0.00229853508919	1	2	6	305	310	1	TTGAGA	CTGAGA
N3_kudriavzevii	0.00444298092015	1	2	4	8	11	2	GTTT	GCTC
N3_kudriavzevii	0.00466900066014	1	2	2	89	90	1	CT	TT
N3_kudriavzevii	0.00600932876791	1	2	4	130	133	1	TCCA	TTCA
N3_N4	0.000343224918365	1	2	1	347	347	0	C	C
N3_N4	0.000463869060102	1	2	4	142	145	0	AAGC	AAGC
N3_N4	0.000757828754603	1	2	6	51	56	0	TTTCTT	TTTCTT
N3_N4	0.00158661259024	1	2	4	215	218	1	CATA	CATG
N3_N4	0.00166016496928	1	2	2	412	413	0	TT	TT
N3_N4	0.00181941299977	1	2	3	106	108	1	GAT	GGT
N3_N4	0.00182757693724	1	2	1	199	199	0	C	C
N3_N4	0.00213616923926	1	2	1	53	53	0	T	T
N3_N4	0.00230319759368	1	2	2	359	360	1	TG	GG
N4_mikatae	0.000465376541404	1	2	5	380	384	2	AGGGG	GGGAG
N4_mikatae	0.00104241778703	1	2	2	466	467	0	AT	AT
N4_mikatae	0.00140631557348	1	2	6	282	287	1	CGAATA	CGAATG
N4_mikatae	0.00246524314696	1	2	3	314	316	0	TTA	TTA
N4_N5	3.18166881387e-05	1	2	1	63	63	0	T	T
N4_N5	0.000441317790729	1	2	1	109	109	0	A	A
N4_N5	0.00133430400722	1	2	1	0	0	0	C	C
N5_paradoxus	0.000561914534385	1	2	6	192	197	1	ACGGAA	ACGAAA
N5_paradoxus	0.00108194290917	1	2	1	259	259	0	A	A
N5_cerevisiae	0.000424875933981	1	2	2	317	318	0	CG	CG
N5_cerevisiae	0.000952979320267	1	2	1	367	367	0	T	T
N5_cerevisiae	0.00115159357777	1	2	5	395	399	0	TCATT	TCATT
N5_cerevisiae	0.00179017659398	1	2	1	327	327	0	T	T
N5_cerevisiae	0.00197199207759	1	2	4	201	204	1	CTGC	CTTC
N5_cerevisiae	0.0025655513912	1	2	1	362	362	0	T	T
N5_cerevisiae	0.0029342965316	1	2	1	219	219	0	G	G
N5_cerevisiae	0.00313619868903	1	2	5	115	119	0	AACGT	AACGT
N5_cerevisiae	0.00326737517913	1	2	1	29	29	0	C	C
N5_cerevisiae	0.00403367862322	1	2	9	170	178	1	AGATTACTA	AGATTAATA
