edge	time	mut_orlg	mut_pos	old_state	new_state
N0_D1	0.00016528772291	0	110	A	G
N0_D1	0.000563628308245	0	239	A	T
N0_D1	0.00209564808565	0	6	G	A
N0_D1	0.00329073273699	0	347	G	T
N0_D1	0.0036920537516	0	307	T	C
N0_D1	0.00457250230099	0	439	A	G
N0_D1	0.00564539015186	0	291	T	C
N0_D1	0.00841616841234	0	342	C	G
N0_D1	0.0094110067583	0	277	A	T
N0_D1	0.00998541082383	0	94	A	G
N0_D1	0.0103832282793	0	389	A	T
N0_D1	0.012704340275	0	217	C	A
N0_D1	0.0135768074148	0	390	A	G
N0_D1	0.0183995355626	0	62	A	C
N0_D1	0.0215672166466	0	175	C	T
N0_D1	0.0233591374866	0	301	C	A
N0_D1	0.0243201750495	0	85	T	C
N0_D1	0.0257908661059	0	140	T	A
N0_D1	0.0305151753881	0	50	G	A
N0_D1	0.0310174716477	0	356	T	C
N0_D1	0.0319009461007	0	430	A	T
N0_D1	0.0325776697811	0	322	A	G
N0_D1	0.0337349592535	0	321	G	A
N0_D1	0.0342406485418	0	224	T	A
N0_D1	0.0349658444278	0	286	T	C
N0_D1	0.0361943130368	0	107	A	G
N0_D1	0.0452583968945	0	351	G	T
N0_D1	0.0459009514185	0	406	A	T
N0_D1	0.0464618028542	0	369	T	C
N0_D1	0.0469641587102	0	170	T	A
D1_N1	0.00110768878806	2	31	A	T
D1_N1	0.0031856992018	1	377	A	C
D1_N1	0.00721246744768	1	383	G	A
D1_N1	0.00779952687252	1	240	T	A
D1_N1	0.00902414655843	2	303	A	G
D1_N1	0.0111534468348	2	89	A	G
D1_N1	0.0118188942164	1	166	T	A
D1_N1	0.0134722719807	2	213	T	G
D1_N1	0.0137999274161	2	60	T	C
D1_N1	0.0152210915957	2	269	G	T
D1_N1	0.0156310865847	2	85	C	G
D1_N1	0.0161755891761	2	375	C	G
D1_N1	0.0177641058499	1	38	G	A
D1_N1	0.0189254580397	1	364	C	T
D1_N1	0.020857428538	1	183	C	T
D1_N1	0.0215042812555	1	434	C	A
D1_N1	0.0225251764965	1	45	A	G
D1_N1	0.0229648681232	2	349	G	T
D1_N1	0.0231531362575	1	72	A	G
D1_N1	0.0237203558889	1	286	C	A
D1_N1	0.0262134918911	1	239	T	C
D1_N1	0.0270247457113	1	43	A	G
D1_N1	0.027986960636	2	200	A	G
D1_N1	0.0292257721262	2	155	G	A
D1_N1	0.0296406541791	2	60	C	T
D1_N1	0.0305346838479	2	169	T	C
D1_N1	0.0356323983673	2	192	A	T
D1_N1	0.0365398147775	2	222	T	C
D1_N1	0.0371137133166	2	433	A	G
D1_N1	0.0377095357097	2	351	T	C
D1_N1	0.0391963901344	2	403	T	G
D1_N1	0.0394600495526	1	365	T	A
D1_N1	0.0410402445971	1	321	A	G
D1_N1	0.0412605392596	2	59	C	T
D1_N1	0.0416501115795	1	382	G	A
D1_N1	0.0429687377633	1	355	C	A
D1_N1	0.0431047177212	2	268	G	A
D1_N1	0.0435418480573	2	139	T	A
D1_N1	0.0447307192954	2	405	G	A
D1_N1	0.0449246477816	1	278	G	T
D1_N1	0.0455722603684	2	241	G	A
D1_N1	0.0459352941648	2	437	C	T
D1_N1	0.0466679530314	1	233	A	T
D1_N1	0.0476368939995	1	97	T	C
D1_N1	0.0478055823452	2	392	A	T
D1_N1	0.0519707826017	2	148	T	G
D1_N1	0.0525376901415	2	361	A	T
D1_N1	0.0529137297116	1	431	A	C
D1_N1	0.0545022582888	1	350	T	C
D1_N1	0.0550954696417	2	91	A	T
D1_N1	0.0559665661141	1	34	C	G
D1_N1	0.0572289132548	2	89	G	A
D1_N1	0.0576310313595	2	309	T	A
D1_N1	0.0582176568493	1	14	C	G
D1_N1	0.0598447261075	1	181	A	T
D1_N1	0.0602948495018	2	146	A	T
D1_N1	0.0611499599298	1	302	T	A
D1_N1	0.0612143291064	1	199	T	A
D1_N1	0.06248003965	1	151	T	A
D1_N1	0.063711777723	2	412	G	A
D1_N1	0.0648792505837	2	211	C	A
D1_N1	0.0656412566087	1	132	T	C
D1_N1	0.0665178303459	2	394	A	G
D1_N1	0.0666923762424	2	173	A	C
D1_N1	0.0685166943768	1	186	C	A
D1_N1	0.0695075872884	1	77	C	A
D1_N1	0.0705390825341	1	110	G	C
D1_N1	0.0721078674629	2	418	G	A
D1_N1	0.0724449367691	2	76	T	C
D1_N1	0.0741236822796	1	153	A	G
D1_N1	0.0750643955979	1	100	G	A
D1_N1	0.0760925433639	2	329	A	C
D1_N1	0.0765418483022	2	207	T	C
D1_N1	0.0768225478152	1	387	A	G
D1_N1	0.078433293728	2	178	T	G
D1_N1	0.0830324636737	1	208	C	G
D1_N1	0.0833007844686	1	10	C	T
D1_N1	0.0861759264838	1	254	T	G
D1_N1	0.0864480782666	2	387	A	G
D1_N1	0.0868249636653	2	310	T	C
D1_N1	0.0868512839769	1	393	G	T
D1_N1	0.0879752120459	1	282	T	C
D1_N1	0.0883121698511	1	339	C	A
D1_N1	0.0883804000847	2	303	G	A
D1_N1	0.0884482168708	1	220	C	A
D1_N1	0.0903184019454	2	212	C	A
D1_N1	0.090392240522	1	157	C	A
D1_N1	0.0906417178255	1	74	C	T
D1_N1	0.0907336380651	2	89	A	T
D1_N1	0.0923333533213	1	351	T	C
D1_N1	0.093368046486	2	224	A	G
D1_N1	0.0948508048953	2	70	T	C
D1_N1	0.0952177545291	2	42	C	T
D1_N1	0.0958992164725	1	126	G	T
D1_N1	0.09590741511	2	275	T	A
D1_N1	0.0963938421476	1	351	C	A
D1_N1	0.0968587533446	1	281	T	C
D1_N1	0.0997667899514	2	119	G	A
D1_N1	0.105352532891	2	342	G	A
D1_N1	0.106132717545	2	65	T	A
D1_N1	0.108255670532	2	225	G	A
D1_N1	0.110835250709	2	433	G	T
D1_N1	0.111898899991	2	213	G	A
D1_N1	0.112944864056	1	281	C	T
D1_N1	0.113335258268	2	425	C	T
D1_N1	0.116113211354	1	69	T	C
D1_N1	0.116972804889	2	104	G	C
D1_N1	0.117165823167	2	378	T	A
D1_N1	0.117501935652	1	239	C	T
D1_N1	0.11788452704	1	137	A	G
D1_N1	0.119912239418	1	267	A	T
D1_N1	0.120072681932	2	30	G	T
D1_N1	0.122137628716	2	223	G	A
D1_N1	0.12301325579	1	73	G	A
D1_N1	0.124015195061	2	412	A	T
D1_N1	0.124430908539	2	314	G	T
D1_N1	0.125087930274	2	79	T	G
D1_N1	0.126717379427	1	328	G	T
D1_N1	0.127761670645	2	81	G	T
D1_N1	0.128568813257	1	150	T	C
D1_N1	0.129948526941	1	15	A	G
D1_N1	0.136603148783	1	139	T	A
D1_N1	0.136985477315	2	155	A	G
D1_N1	0.136987949205	1	389	T	C
D1_N1	0.137077768367	1	403	T	C
D1_N1	0.137753221757	1	384	C	A
D1_N1	0.138354808374	1	20	G	A
D1_N1	0.139411338019	2	228	T	C
D1_N1	0.139477410552	2	46	T	C
D1_N1	0.140512568854	1	364	T	A
D1_N1	0.140768284127	2	104	C	T
D1_N1	0.143203284866	1	389	C	G
D1_N1	0.146048007231	2	147	C	A
D1_N1	0.147822743105	2	244	A	G
D1_N1	0.148106711095	1	286	A	C
D1_N1	0.149422099761	2	343	G	C
D1_N1	0.150139237028	2	312	T	C
D1_N1	0.150444270581	1	113	G	A
D1_N1	0.151166500499	1	281	T	A
D1_N1	0.151206735767	2	416	A	C
D1_N1	0.152945010107	2	424	A	C
D1_N1	0.153309796681	1	148	T	C
D1_N1	0.154173471976	1	117	C	G
D1_N1	0.15417370743	1	81	G	C
D1_N1	0.154454605609	2	98	A	G
D1_N1	0.154494103857	1	211	C	A
D1_N1	0.154822830418	1	296	C	T
D1_N1	0.154919091952	2	148	G	A
D1_N1	0.157048227511	2	264	A	T
D1_N1	0.157190450092	2	379	A	G
D1_N1	0.158649848903	1	85	C	A
D1_N1	0.15934070381	2	16	C	T
D1_N1	0.160244397441	2	168	T	C
D1_N1	0.162194103603	1	96	G	C
D1_N1	0.162538651405	1	289	A	G
D1_N1	0.16576903769	2	293	T	G
D1_N1	0.167594520335	2	106	C	T
D1_N1	0.168041678341	2	305	C	T
D1_N1	0.169721761089	2	199	T	C
D1_N1	0.171679544648	1	339	A	G
D1_N1	0.175034343165	1	25	T	G
D1_N1	0.176754644687	2	128	G	C
D1_N1	0.178336483404	1	104	G	A
D1_N1	0.179503626927	1	395	C	A
D1_N1	0.179781865013	2	333	C	G
D1_N1	0.180141318093	2	1	T	C
D1_N1	0.180256698792	1	30	G	T
D1_N1	0.181403940247	2	59	T	A
D1_N1	0.184249045741	1	200	A	G
D1_N1	0.185388410608	2	39	A	T
D1_N1	0.186272893381	2	18	G	T
D1_N1	0.187490896907	1	346	A	C
D1_N1	0.187766233826	1	159	T	A
D1_N1	0.188721966933	1	268	G	A
D1_N1	0.188897672522	2	270	T	A
D1_N1	0.191168887459	1	208	G	T
D1_N1	0.193147694179	2	437	T	A
D1_N1	0.194691847563	1	48	T	G
D1_N1	0.194845577781	1	344	A	G
D1_N1	0.195196864371	2	410	A	G
D1_N1	0.196584412743	1	129	A	G
D1_N1	0.197661927848	2	121	T	G
D1_N1	0.197814162025	2	163	G	C
D1_N1	0.199642864375	1	255	C	T
D1_N1	0.204054489132	2	134	G	T
D1_N1	0.204515774555	1	399	A	G
D1_N1	0.208944135089	2	291	C	T
D1_N1	0.210451446809	2	250	C	G
D1_N1	0.213556870283	2	58	C	T
D1_N1	0.214088571459	1	140	A	G
D1_N1	0.214294932189	1	415	A	G
D1_N1	0.214860309098	2	249	G	A
D1_N1	0.216752747093	2	346	A	G
D1_N1	0.216786681064	1	298	A	G
D1_N1	0.217931889472	1	12	A	T
D1_N1	0.219561692565	1	95	A	T
D1_N1	0.222540128673	1	202	A	T
D1_N1	0.222858912098	1	357	G	T
D1_N1	0.222912611105	1	232	G	C
D1_N1	0.223456323948	2	230	T	C
D1_N1	0.225353651483	1	255	T	C
D1_N1	0.225435369191	1	343	G	A
D1_N1	0.22572251387	1	186	A	T
D1_N1	0.228267026035	2	423	C	T
D1_N1	0.228677332887	2	76	C	T
D1_N1	0.228692154578	2	187	G	A
D1_N1	0.229024864367	2	207	C	T
D1_N1	0.231751196852	2	296	C	T
D1_N1	0.232656770033	2	440	T	A
D1_N1	0.23326335451	2	385	A	G
D1_N1	0.23381299252	2	147	A	G
N1_N2	0.00314302811588	2	174	A	G
N1_N2	0.00499086025262	1	230	T	A
N1_N2	0.00685439040263	1	319	T	A
N1_N2	0.00734655497904	1	232	C	T
N1_N2	0.00828567225874	2	177	A	C
N1_N2	0.00886106060824	2	108	C	A
N1_N2	0.0109575188188	1	345	T	A
N1_N2	0.0144840291205	1	101	T	C
N1_N2	0.0150899595104	1	313	T	C
N1_N2	0.0157041414469	2	151	T	A
N2_N3	5.48917195145e-05	1	157	A	G
N2_N3	6.00803572537e-05	2	239	T	C
N2_N3	0.00116000058223	1	150	C	G
N2_N3	0.00247759132861	2	324	A	G
N2_N3	0.00251484789183	2	32	T	C
N2_N3	0.00262073108701	1	303	A	T
N2_N3	0.00332729729296	2	100	G	A
N2_N3	0.00425692973279	2	82	T	G
N2_N3	0.00621551143633	1	264	A	T
N3_N4	0.00177053962544	2	26	A	T
N3_N4	0.00227052407536	2	160	C	A
N3_N4	0.00326815764709	1	46	T	A
N3_N4	0.00361895710525	1	52	G	C
N3_N4	0.00607155603915	1	90	T	C
N3_N4	0.00859164250548	1	388	T	C
N4_Human	0.000119049278671	1	150	G	A
N4_Human	0.000748258991905	1	30	T	C
N4_Human	0.00408555380083	1	298	G	A
N4_Human	0.00440101888933	2	53	T	C
N4_Human	0.00488418887678	2	53	C	T
N4_Human	0.00813729444574	1	319	A	G
N4_Human	0.00832702136767	1	245	T	A
N4_Human	0.00926402150976	1	133	G	A
N4_Human	0.0097022362457	2	362	G	C
N4_Chimp	0.00245034652568	2	358	G	A
N4_Chimp	0.00374345106881	1	48	G	A
N4_Chimp	0.00529503840633	2	292	G	A
N4_Chimp	0.00858473458052	2	291	T	C
N4_Chimp	0.0098464138409	1	108	C	A
N3_Goril	0.00127581437533	1	329	A	C
N3_Goril	0.00244729812444	2	176	A	C
N3_Goril	0.00466137425725	2	243	T	G
N3_Goril	0.00527586534607	1	307	C	T
N3_Goril	0.00602349511895	1	69	C	G
N3_Goril	0.00693140142053	1	167	T	A
N3_Goril	0.00888893218035	2	261	A	G
N3_Goril	0.0121114037337	1	160	C	G
N3_Goril	0.0122860321259	2	197	A	C
N3_Goril	0.0126164846282	2	214	C	T
N3_Goril	0.0148800225911	1	182	C	T
N3_Goril	0.0157609588959	1	287	A	C
N3_Goril	0.0170396231831	2	416	C	T
N3_Goril	0.0181577172783	1	271	A	T
N3_Goril	0.0195277768511	2	405	G	C
N2_Orang	0.000810080593179	1	75	T	G
N2_Orang	0.00143758777126	1	216	G	T
N2_Orang	0.0019125235587	1	318	A	C
N2_Orang	0.00222129949654	1	438	A	G
N2_Orang	0.0029353227802	2	289	A	T
N2_Orang	0.00356656168723	1	248	G	A
N2_Orang	0.00396515741226	1	372	C	T
N2_Orang	0.00585565884959	1	373	T	A
N2_Orang	0.00856984668197	2	297	T	A
N2_Orang	0.00899189403292	2	43	A	G
N2_Orang	0.00987345917171	1	266	G	T
N2_Orang	0.0108861622988	2	216	G	T
N2_Orang	0.0109192915102	1	400	C	A
N2_Orang	0.0117953880584	2	293	G	A
N2_Orang	0.0134753410112	1	161	G	A
N2_Orang	0.0148364842604	1	231	C	G
N2_Orang	0.0148399988123	2	61	G	A
N2_Orang	0.0155457154525	2	209	T	C
N2_Orang	0.0167723151747	1	358	G	T
N2_Orang	0.0178975011554	1	183	T	G
N2_Orang	0.0181601033251	2	77	C	A
N1_Macaq	0.000674112079058	1	129	G	A
N1_Macaq	0.00330396709702	1	333	C	T
N1_Macaq	0.00393311370133	2	163	C	T
N1_Macaq	0.00521915768278	2	401	G	A
N1_Macaq	0.00542076609448	2	239	T	G
N1_Macaq	0.00611588858409	2	362	G	A
N1_Macaq	0.00752554455033	2	167	T	A
N1_Macaq	0.00813032557486	1	131	T	A
N1_Macaq	0.00916457751657	2	440	A	G
N1_Macaq	0.00921313020645	2	6	A	C
N1_Macaq	0.0100376594739	1	279	T	G
N1_Macaq	0.0102834450052	1	176	A	C
N1_Macaq	0.011313662651	1	111	A	C
N1_Macaq	0.0113602213198	1	119	G	A
N1_Macaq	0.0115128136239	1	14	G	C
N1_Macaq	0.0117272282181	1	269	G	T
N1_Macaq	0.0148575821847	2	379	G	T
N1_Macaq	0.0165564594421	2	87	T	G
N1_Macaq	0.0166465601039	1	364	A	G
N1_Macaq	0.0198964712653	2	27	C	T
N1_Macaq	0.0202010142835	1	156	T	A
N1_Macaq	0.020446701446	1	399	G	T
N1_Macaq	0.0207690836908	2	319	T	C
N1_Macaq	0.0246078761344	2	416	C	G
N1_Macaq	0.0253320473703	2	123	A	G
N1_Macaq	0.0259630793711	1	396	G	T
N1_Macaq	0.029489161377	2	170	A	T
N1_Macaq	0.0301001905944	1	62	C	T
N1_Macaq	0.0301826049998	1	13	C	T
N1_Macaq	0.0310104455681	1	438	A	C
N1_Macaq	0.0319832314916	1	136	A	C
N1_Macaq	0.0324476686513	1	88	A	T
N1_Macaq	0.0327127651795	1	59	C	T
N1_Macaq	0.0352355471826	2	11	T	G
N1_Macaq	0.0375861494674	1	267	T	A
N1_Macaq	0.0383412703133	2	221	C	A
N1_Macaq	0.0418591470739	2	298	A	G
N1_Macaq	0.0423390433224	2	161	G	A
N1_Macaq	0.0436685976143	2	233	A	T
N0_Mouse	0.00135281198276	0	128	G	C
N0_Mouse	0.0019382662742	0	136	A	G
N0_Mouse	0.00332560651624	0	218	G	A
N0_Mouse	0.00350188244727	0	329	A	G
N0_Mouse	0.00648481991282	0	233	A	G
N0_Mouse	0.0073101434791	0	74	C	G
N0_Mouse	0.00773925509661	0	277	A	G
N0_Mouse	0.00984600341247	0	436	C	T
N0_Mouse	0.0113305438596	0	25	T	A
N0_Mouse	0.0114285547216	0	271	A	C
N0_Mouse	0.01565181746	0	260	A	G
N0_Mouse	0.0157569518331	0	82	T	C
N0_Mouse	0.0162872429246	0	100	G	A
N0_Mouse	0.0179306399872	0	89	A	T
N0_Mouse	0.0186735041857	0	261	A	G
N0_Mouse	0.0300441704194	0	80	A	G
N0_Mouse	0.0307749438954	0	212	C	A
N0_Mouse	0.037881430739	0	414	C	T
N0_Mouse	0.0427446413773	0	361	A	G
N0_Mouse	0.0430390880666	0	67	T	A
N0_Mouse	0.0438734952209	0	91	A	G
N0_Mouse	0.0457561353316	0	154	C	G
N0_Mouse	0.0482217547159	0	80	G	A
N0_Mouse	0.0485989734273	0	140	T	C
N0_Mouse	0.0506446922144	0	325	A	T
N0_Mouse	0.053415915045	0	390	A	G
N0_Mouse	0.0543091847568	0	24	G	A
N0_Mouse	0.0562943682022	0	289	A	G
N0_Mouse	0.0595697008922	0	211	C	T
N0_Mouse	0.0617813010568	0	66	T	G
N0_Mouse	0.0628872246451	0	269	G	A
N0_Mouse	0.0630466080537	0	48	T	C
N0_Mouse	0.0656511389023	0	370	A	T
N0_Mouse	0.0698547782887	0	2	C	A
N0_Mouse	0.0724648478489	0	332	C	G
N0_Mouse	0.0726792480437	0	201	C	G
N0_Mouse	0.0728429435955	0	271	C	T
N0_Mouse	0.0729525549389	0	176	A	G
N0_Mouse	0.0740352036436	0	357	G	T
N0_Mouse	0.0762048658963	0	273	C	A
N0_Mouse	0.0770966700627	0	311	G	A
N0_Mouse	0.0794800020279	0	216	G	A
N0_Mouse	0.0816422021052	0	199	T	C
N0_Mouse	0.0832487173113	0	205	T	G
N0_Mouse	0.0853233386117	0	80	A	T
N0_Mouse	0.0873980591493	0	439	A	C
N0_Mouse	0.0895489673507	0	186	C	T
N0_Mouse	0.0919901588695	0	296	C	T
N0_Mouse	0.0931973421379	0	218	A	G
N0_Mouse	0.0955148255311	0	187	G	T
N0_Mouse	0.0965463292352	0	410	A	T
N0_Mouse	0.0971435099655	0	210	T	C
N0_Mouse	0.102246074335	0	316	T	C
N0_Mouse	0.102651729371	0	171	A	G
N0_Mouse	0.102919553919	0	1	T	C
N0_Mouse	0.104185517984	0	44	C	G
N0_Mouse	0.108646237953	0	382	G	T
N0_Mouse	0.111892095371	0	147	C	G
N0_Mouse	0.11325665965	0	360	G	A
N0_Mouse	0.11634211937	0	303	A	G
N0_Mouse	0.116710462463	0	300	C	T
N0_Mouse	0.119131857539	0	368	T	G
N0_Mouse	0.120833056265	0	155	G	A
N0_Mouse	0.121072054212	0	114	T	G
N0_Mouse	0.129604600144	0	395	C	T
N0_Mouse	0.134020897009	0	419	T	A
N0_Mouse	0.135180911811	0	268	G	T
N0_Mouse	0.138315880617	0	363	G	T
N0_Mouse	0.140872616038	0	207	T	A
N0_Mouse	0.141766203912	0	207	A	T
N0_Mouse	0.143311815263	0	432	T	A
N0_Mouse	0.145676193904	0	211	T	C
N0_Mouse	0.147160330627	0	386	T	A
N0_Mouse	0.148438868869	0	105	G	A
N0_Mouse	0.148781983101	0	230	T	C
N0_Mouse	0.155585406443	0	170	T	A
N0_Mouse	0.156611978547	0	37	T	C
N0_Mouse	0.158962544954	0	232	G	T
N0_Mouse	0.159145087664	0	315	A	C
N0_Mouse	0.159749510484	0	370	T	A
N0_Mouse	0.162657015137	0	5	T	C
N0_Mouse	0.163846542449	0	213	T	G
N0_Mouse	0.168339863016	0	270	T	C
N0_Mouse	0.168627388007	0	145	C	T
N0_Mouse	0.171296634774	0	111	A	C
N0_Mouse	0.172382238668	0	58	C	T
N0_Mouse	0.175148995194	0	378	T	C
N0_Mouse	0.177345254116	0	345	T	C
N0_Mouse	0.183402953505	0	392	A	T
N0_Mouse	0.187572192892	0	341	G	T
N0_Mouse	0.193424401095	0	142	A	G
N0_Mouse	0.199291078502	0	128	C	T
N0_Mouse	0.199856553031	0	65	T	A
N0_Mouse	0.205925680803	0	396	G	A
N0_Mouse	0.208734634045	0	181	A	C
N0_Mouse	0.208894095123	0	220	C	T
N0_Mouse	0.210198173222	0	365	T	G
N0_Mouse	0.211569893485	0	326	A	C
N0_Mouse	0.213049647342	0	158	A	C
N0_Mouse	0.214981539181	0	248	G	A
N0_Mouse	0.219690840403	0	228	T	C
N0_Mouse	0.223587075679	0	401	G	A
N0_Mouse	0.22495094905	0	87	T	A
N0_Mouse	0.225431551627	0	195	T	C
N0_Mouse	0.226457038024	0	42	C	A
N0_Mouse	0.229611112966	0	175	C	G
N0_Mouse	0.22997272441	0	280	T	C
N0_Mouse	0.231048027974	0	351	G	C
N0_Mouse	0.231562138023	0	370	A	T
N0_Mouse	0.232432503653	0	35	A	G
N0_Mouse	0.232973143538	0	119	G	C
N0_Mouse	0.233624817343	0	354	A	C
N0_Mouse	0.234541518142	0	412	G	A
N0_Mouse	0.235152343708	0	362	G	T
N0_Mouse	0.235971513628	0	283	C	G
N0_Mouse	0.237870472417	0	375	C	G
N0_Mouse	0.239864263239	0	175	G	T
N0_Mouse	0.241947298459	0	377	A	C
N0_Mouse	0.242336184265	0	265	A	G
N0_Mouse	0.248690065726	0	2	A	G
N0_Mouse	0.250863421008	0	274	G	A
N0_Mouse	0.252490787458	0	248	A	T
N0_Mouse	0.252492605836	0	185	G	T
N0_Mouse	0.253154022034	0	165	C	G
N0_Mouse	0.253779125132	0	50	G	A
N0_Mouse	0.26104847499	0	31	A	G
N0_Mouse	0.26550807275	0	90	T	C
N0_Mouse	0.271275719469	0	437	C	T
N0_Mouse	0.271553909332	0	89	T	C
N0_Mouse	0.274477673549	0	401	A	G
N0_Mouse	0.278474827793	0	375	G	A
N0_Mouse	0.278542356195	0	6	G	A
N0_Mouse	0.280541431515	0	304	T	C
N0_Mouse	0.280569296125	0	392	T	A
N0_Mouse	0.28164399214	0	141	T	C
N0_Mouse	0.283297236562	0	221	C	T
N0_Mouse	0.283681005633	0	320	T	A
N0_Mouse	0.283882884439	0	434	C	A
N0_Mouse	0.291427530855	0	399	A	G
N0_Mouse	0.294614912967	0	283	G	C
N0_Mouse	0.295592037871	0	5	C	A
N0_Mouse	0.299009160769	0	46	T	A
N0_Mouse	0.299537402376	0	422	T	C
N0_Mouse	0.29958384528	0	363	T	G
N0_Mouse	0.300850088121	0	108	C	T
N0_Mouse	0.302051901535	0	150	T	A
N0_Mouse	0.303322282951	0	115	C	G
N0_Mouse	0.305866318426	0	368	G	C
N0_Mouse	0.311287458017	0	203	G	T
N0_Mouse	0.315085171252	0	181	C	T
N0_Mouse	0.315199808384	0	22	T	A
N0_Mouse	0.315998354536	0	2	G	A
N0_Mouse	0.316972445212	0	10	C	T
N0_Mouse	0.317306316125	0	183	C	T
N0_Mouse	0.319587067105	0	186	T	C
N0_Mouse	0.324743692317	0	229	G	C
N0_Mouse	0.326382791955	0	366	G	C
N0_Mouse	0.328242891614	0	194	A	T
N0_Mouse	0.328556878313	0	268	T	C
N0_Mouse	0.331662782763	0	288	T	A
N0_Mouse	0.334468532406	0	149	A	G
N0_Mouse	0.336820458566	0	16	C	T
N0_Mouse	0.337698522887	0	196	C	T
N0_Mouse	0.337842862962	0	57	G	A
N0_Mouse	0.342595927649	0	206	G	T
N0_Mouse	0.346811750623	0	98	A	T
N0_Mouse	0.35085691687	0	29	T	G
N0_Mouse	0.351535267758	0	164	G	T
N0_Mouse	0.353092768666	0	418	G	A
N0_Mouse	0.353201518056	0	283	C	A
N0_Mouse	0.35422738767	0	201	G	C
N0_Mouse	0.354453154693	0	217	C	T
N0_Mouse	0.357032813062	0	362	T	C
N0_Mouse	0.357982828707	0	221	T	C
N0_Mouse	0.358161242005	0	9	G	T
N0_Mouse	0.361756857418	0	76	T	G
N0_Mouse	0.362346489501	0	186	C	T
N0_Mouse	0.36455342668	0	276	A	G
N0_Mouse	0.366845486499	0	273	A	G
N0_Mouse	0.37118769793	0	115	G	A
N0_Mouse	0.374668693723	0	327	A	G
N0_Mouse	0.375704819635	0	336	T	C
N0_Mouse	0.376962550293	0	356	T	C
N0_Mouse	0.377599864786	0	145	T	A
N0_Mouse	0.378024856075	0	399	G	C
N0_Mouse	0.380127343453	0	145	A	T
N0_Mouse	0.384957070896	0	6	A	C
N0_Mouse	0.388354410834	0	93	G	C
N0_Mouse	0.392836925796	0	177	A	G
N0_Mouse	0.395000597442	0	90	C	A
N0_Mouse	0.396880647454	0	308	G	T
N0_Mouse	0.397591844408	0	231	C	A
N0_Mouse	0.398125840646	0	421	G	C
N0_Mouse	0.399256883413	0	99	T	G
N0_Mouse	0.399795817818	0	439	C	A
N0_Mouse	0.400123366209	0	232	T	A
N0_Mouse	0.412193734716	0	231	A	G
N0_Mouse	0.413024803872	0	135	C	A
N0_Mouse	0.417722902274	0	75	T	C
N0_Mouse	0.420005729405	0	150	A	G
N0_Mouse	0.423376478423	0	404	T	C
N0_Mouse	0.423428725696	0	387	A	T
N0_Mouse	0.425126522058	0	83	G	T
N0_Mouse	0.432439322354	0	4	T	C
N0_Mouse	0.435041675563	0	124	G	T
N0_Mouse	0.436897456988	0	202	A	G
N0_Mouse	0.439347982009	0	268	C	G
N0_Mouse	0.446013128949	0	98	T	C
