edge	time	mut_orlg	mut_pos	old_state	new_state
N0_kluyveri	0.00235559515144	0	209	A	G
N0_kluyveri	0.00274868432316	0	83	C	T
N0_kluyveri	0.00297717498159	0	104	C	T
N0_kluyveri	0.00336252929558	0	443	T	C
N0_kluyveri	0.00413339783686	0	92	C	T
N0_kluyveri	0.00465190151876	0	239	C	T
N0_kluyveri	0.00520137841901	0	203	G	A
N0_kluyveri	0.00838156792401	0	245	C	T
N0_kluyveri	0.00894970125695	0	368	C	T
N0_kluyveri	0.00915783480631	0	101	A	C
N0_kluyveri	0.0102114894525	0	236	C	G
N0_kluyveri	0.0104896009446	0	377	C	T
N0_kluyveri	0.0117769798139	0	5	G	A
N0_kluyveri	0.0118244274877	0	293	G	A
N0_kluyveri	0.0120531858115	0	462	G	A
N0_kluyveri	0.0125618411168	0	287	T	C
N0_kluyveri	0.0128190201244	0	2	G	A
N0_kluyveri	0.0133563738316	0	378	G	A
N0_kluyveri	0.0136673125707	0	53	C	T
N0_D1	3.7960680131e-05	0	203	G	A
N0_D1	0.000490796544611	0	5	G	A
N0_D1	0.000579805069205	0	251	G	A
N0_D1	0.00122701763913	0	362	A	T
N0_D1	0.0013795237783	0	94	A	G
D1_N1	0.000320271982668	2	347	T	C
D1_N1	0.000569842263708	1	376	C	T
D1_N1	0.000927874531305	1	467	T	C
D1_N1	0.00109241990539	2	363	A	G
D1_N1	0.00150368002944	2	5	A	G
D1_N1	0.00198708186799	2	113	A	G
D1_N1	0.00212407535591	2	149	T	C
D1_N1	0.00244961516672	2	299	G	T
D1_N1	0.00251214897057	2	254	T	C
D1_N1	0.00294927352691	2	132	A	G
D1_N1	0.00324172406465	1	146	G	A
D1_N1	0.00324878490085	1	167	C	T
N1_castellii	0.000218661451096	1	416	A	G
N1_castellii	0.000519753176271	1	53	C	T
N1_castellii	0.000643992643178	1	275	A	G
N1_castellii	0.000649440454089	1	380	A	G
N1_castellii	0.00107736842444	1	416	G	A
N1_castellii	0.00128212897183	1	20	A	G
N1_castellii	0.00170508053791	2	485	G	T
N1_castellii	0.0023754081774	2	488	T	C
N1_castellii	0.00237764082631	2	167	C	T
N1_castellii	0.00239974525911	2	23	A	G
N1_castellii	0.00280233470268	2	281	T	C
N1_castellii	0.00281862673492	2	278	C	T
N1_castellii	0.00286797469093	2	402	G	A
N1_castellii	0.00303378241701	1	475	A	T
N1_castellii	0.00307160329489	1	146	A	G
N1_castellii	0.00316007617938	1	302	T	C
N1_castellii	0.00351330170586	1	290	C	T
N1_castellii	0.00364679540307	2	11	T	C
N1_castellii	0.00375125443343	1	366	C	T
N1_castellii	0.00376407115246	2	38	A	C
N1_castellii	0.00405154027754	2	269	G	A
N1_castellii	0.0041368829295	1	455	T	C
N1_castellii	0.00435057052509	2	458	A	G
N1_castellii	0.00461501471129	2	170	G	A
N1_castellii	0.00472502936162	2	383	T	C
N1_castellii	0.00527762271347	1	452	C	T
N1_castellii	0.00561737946691	1	9	A	G
N1_castellii	0.00580744009713	2	209	A	G
N1_castellii	0.00651599586356	2	230	T	C
N1_castellii	0.00662505840621	2	41	C	T
N1_castellii	0.00662643607676	2	399	C	T
N1_castellii	0.0066363143224	1	80	C	T
N1_castellii	0.00703328689641	2	26	T	C
N1_castellii	0.00715734364577	1	81	T	C
N1_castellii	0.00731827970611	2	296	C	T
N1_castellii	0.00749642930525	2	323	T	C
N1_castellii	0.00753302205191	2	206	C	T
N1_castellii	0.00764037262934	1	347	T	C
N1_castellii	0.00817481311075	1	68	T	C
N1_castellii	0.00829647490989	1	38	A	G
N1_castellii	0.00895511261471	2	314	T	C
N1_castellii	0.00992303588842	2	176	T	C
N1_castellii	0.0100621688144	1	374	A	G
N1_castellii	0.0103158144594	2	41	T	C
N1_castellii	0.0104715415209	1	89	A	G
N1_castellii	0.0109156110186	2	47	G	A
N1_castellii	0.0110019224235	2	456	A	G
N1_castellii	0.0116291473536	2	270	C	T
N1_castellii	0.0118264229662	1	329	G	A
N1_castellii	0.0118634823846	1	299	G	A
N1_castellii	0.0120535929	2	350	A	G
N1_N2	0.000624432038748	2	299	T	C
N1_N2	0.000703880892056	2	5	G	A
N1_N2	0.00141938168659	2	305	C	T
N1_N2	0.00142357092754	1	308	G	A
N1_N2	0.00149184793618	1	68	T	C
N1_N2	0.00197085892952	2	149	C	T
N1_N2	0.00221352319088	2	341	A	G
N1_N2	0.00224998149331	2	485	G	A
N1_N2	0.00239261474066	1	92	C	T
N1_N2	0.00263306215964	1	44	A	G
N1_N2	0.00265153054908	1	251	A	G
N1_N2	0.00266602618785	1	155	G	A
N1_N2	0.00281661413935	2	107	T	C
N1_N2	0.0029876163858	1	206	C	T
N1_N2	0.00339714739097	2	14	C	A
N1_N2	0.00374238446291	2	488	T	C
N1_N2	0.00453313329459	1	294	G	A
N1_N2	0.00486289230597	2	122	T	C
N1_N2	0.0050615180738	2	249	A	G
N1_N2	0.00522651211575	2	227	T	C
N1_N2	0.0053889945024	1	169	A	G
N1_N2	0.00542210292036	2	48	G	A
N1_N2	0.00543409915754	1	170	G	A
N1_N2	0.00583845586634	2	249	G	A
N1_N2	0.00625565577033	1	434	T	C
N1_N2	0.00638355956837	1	185	T	C
N1_N2	0.00639753777386	1	140	C	T
N1_N2	0.00662039609283	1	260	A	C
N1_N2	0.0072647194729	1	35	A	G
N1_N2	0.00819519620473	2	74	A	G
N1_N2	0.0083361387306	1	212	C	T
N1_N2	0.00833672866283	1	194	A	G
N1_N2	0.00835743942623	1	53	C	T
N1_N2	0.00840741177748	2	248	T	C
N1_N2	0.00850770263392	1	56	C	T
N1_N2	0.00855639557317	1	230	T	C
N1_N2	0.00906128241647	2	446	A	G
N1_N2	0.00913816668998	2	161	G	A
N1_N2	0.00916488419929	1	341	A	T
N1_N2	0.0095599148638	2	206	C	T
N1_N2	0.00968655588973	1	335	C	T
N1_N2	0.0107276738905	1	389	T	C
N1_N2	0.0107301352158	2	131	A	G
N1_N2	0.0108270376476	1	95	A	G
N1_N2	0.0110718609241	1	470	C	G
N1_N2	0.011231424379	2	125	G	A
N1_N2	0.0117064290165	2	347	C	T
N1_N2	0.0118203329441	1	347	T	C
N1_N2	0.0120229584978	1	215	T	A
N1_N2	0.0121296381755	2	266	T	C
N1_N2	0.012359526533	1	42	C	T
N1_N2	0.0126429900296	1	168	T	C
N1_N2	0.0126843512472	2	12	T	C
N1_N2	0.0135325206961	2	14	A	G
N1_N2	0.0136926468425	1	428	C	T
N1_N2	0.0137224382973	1	403	G	A
N1_N2	0.0139858324612	2	407	A	C
N1_N2	0.0140341008152	1	149	T	C
N1_N2	0.0141581664071	2	120	T	A
N1_N2	0.0143292912878	1	413	A	G
N1_N2	0.014470964168	1	119	G	A
N1_N2	0.0144920976772	1	68	C	T
N1_N2	0.0151623166839	1	392	C	T
N1_N2	0.0154491373706	1	95	G	A
N1_N2	0.0154809505591	1	317	T	C
N2_bayanus	0.00030539482275	2	218	A	G
N2_bayanus	0.000643383655086	1	41	C	T
N2_bayanus	0.000776560534871	1	440	A	G
N2_bayanus	0.00128947048055	1	482	T	C
N2_bayanus	0.00162548776114	2	350	A	G
N2_bayanus	0.00164841360251	2	28	T	C
N2_bayanus	0.00172465120826	2	485	A	G
N2_bayanus	0.00229041265635	1	78	T	C
N2_N3	0.000953004776356	2	248	C	T
N2_N3	0.00117787404631	2	77	C	T
N2_N3	0.00127849481341	1	71	G	A
N2_N3	0.00129483255492	2	290	C	T
N2_N3	0.00140465649853	2	218	A	G
N3_kudriavzevii	6.12715037815e-05	2	161	G	A
N3_kudriavzevii	0.000130591072047	1	14	C	T
N3_kudriavzevii	0.000236614625744	1	143	A	G
N3_kudriavzevii	0.000494236419773	2	62	T	G
N3_kudriavzevii	0.00112565888499	2	347	T	C
N3_kudriavzevii	0.00114163727812	1	152	G	A
N3_kudriavzevii	0.00177063400283	2	203	A	C
N3_kudriavzevii	0.00227440039362	1	22	T	C
N3_kudriavzevii	0.00277467250897	1	35	G	A
N3_kudriavzevii	0.00374899755517	2	266	C	A
N3_kudriavzevii	0.00382697040229	1	113	A	G
N3_kudriavzevii	0.00385698494351	1	251	G	A
N3_kudriavzevii	0.00401311148176	2	89	A	G
N3_kudriavzevii	0.00462631898831	1	350	A	G
N3_kudriavzevii	0.00471530142752	1	86	G	C
N3_kudriavzevii	0.00477597286946	2	368	C	T
N3_kudriavzevii	0.00502712439772	2	477	T	C
N3_kudriavzevii	0.00531612923287	1	491	T	C
N3_kudriavzevii	0.00542602965834	1	413	G	A
N3_kudriavzevii	0.00562159539242	1	119	A	G
N3_kudriavzevii	0.00591567710228	1	158	C	T
N3_N4	0.000232202994138	1	107	T	G
N3_N4	0.000273398042768	2	341	A	G
N3_N4	0.0006096501148	2	257	T	C
N3_N4	0.000622425794154	1	212	T	G
N3_N4	0.000692807216745	2	317	T	C
N3_N4	0.000765802290736	1	1	A	G
N3_N4	0.00128462703099	2	89	A	C
N3_N4	0.0013916024014	2	188	G	A
N3_N4	0.00146428305211	1	179	C	T
N3_N4	0.00152095356636	2	191	A	G
N3_N4	0.00170428269043	2	479	T	A
N3_N4	0.00195608474674	1	236	C	T
N3_N4	0.00214881973305	2	491	T	C
N4_mikatae	0.000157667470407	2	239	C	T
N4_mikatae	0.000162404982248	2	44	A	G
N4_mikatae	0.000602592646522	1	155	A	G
N4_mikatae	0.00133109320359	2	200	T	C
N4_mikatae	0.00158908298584	2	239	T	C
N4_mikatae	0.00185831987606	1	179	T	C
N4_mikatae	0.00345758619888	2	190	G	A
N4_mikatae	0.00375045482563	1	83	C	T
N4_mikatae	0.00380923525791	1	59	T	C
N4_mikatae	0.00414849958574	2	206	T	C
N4_N5	0.00026291556139	2	343	G	A
N4_N5	0.000292930535677	1	452	C	T
N4_N5	0.000459242959757	1	377	C	T
N4_N5	0.000676520145441	2	336	C	T
N4_N5	0.00141536721632	1	419	A	C
N5_paradoxus	2.58410118674e-05	2	359	G	A
N5_paradoxus	0.00059568697413	2	206	T	C
N5_paradoxus	0.000685035749531	1	140	T	C
N5_paradoxus	0.000755075730939	2	59	T	C
N5_paradoxus	0.00102397388891	2	68	T	A
N5_paradoxus	0.00103953336955	2	353	A	C
N5_paradoxus	0.00108216169829	2	152	G	A
N5_paradoxus	0.00125427746592	2	79	C	T
N5_paradoxus	0.0014142209794	1	29	A	G
N5_paradoxus	0.00155854468729	1	464	A	G
N5_cerevisiae	0.000839648244599	1	389	C	T
N5_cerevisiae	0.0009090924123	2	257	C	T
N5_cerevisiae	0.00125860117735	2	462	G	A
N5_cerevisiae	0.00141725808382	2	419	A	G
N5_cerevisiae	0.00142434185546	1	299	G	A
N5_cerevisiae	0.00214848687274	2	380	A	G
N5_cerevisiae	0.00219552293688	2	416	A	G
N5_cerevisiae	0.00241746744367	2	440	A	G
N5_cerevisiae	0.003642334091	1	311	T	C
N5_cerevisiae	0.00403141926278	1	227	T	G
