edge	time	mut_orlg	mut_pos	old_state	new_state
N0_D1	0.000591282724542	0	1206	A	G
N0_D1	0.000864726742708	0	1166	G	A
N0_D1	0.00121376211147	0	56	C	G
N0_D1	0.0026204124499	0	106	T	A
N0_D1	0.00286804234237	0	627	A	G
N0_D1	0.00490282240793	0	774	A	C
N0_D1	0.00571831870295	0	1139	A	G
N0_D1	0.00584322280461	0	986	A	G
N0_D1	0.00800881254874	0	612	A	G
N0_D1	0.0087358465864	0	1155	T	G
N0_D1	0.0118869329788	0	812	T	A
N0_D1	0.0142873712857	0	1341	G	C
N0_D1	0.0165831649527	0	735	T	A
N0_D1	0.0169065397487	0	240	T	C
N0_D1	0.0185340436076	0	847	C	T
N0_D1	0.018975315608	0	959	G	C
N0_D1	0.0191676924191	0	754	C	A
N0_D1	0.0196080692405	0	235	T	A
N0_D1	0.0209407827995	0	549	C	T
N0_D1	0.0218826284098	0	1120	G	A
N0_D1	0.0228084866177	0	1148	T	A
N0_D1	0.022940342582	0	314	G	A
N0_D1	0.0246341800974	0	1080	C	T
N0_D1	0.0246732465187	0	62	A	G
N0_D1	0.0273262435995	0	460	G	T
N0_D1	0.029038015049	0	171	C	T
N0_D1	0.0294569972303	0	487	T	C
N0_D1	0.0301470256799	0	936	A	C
N0_D1	0.0318364330542	0	1156	G	A
N0_D1	0.0328624071262	0	1062	T	C
N0_D1	0.0337109650754	0	712	G	A
N0_D1	0.0346801981119	0	521	T	G
N0_D1	0.0347786557368	0	455	T	A
N0_D1	0.0363185296387	0	281	C	T
N0_D1	0.0366043485249	0	781	T	C
N0_D1	0.03660508244	0	612	G	A
N0_D1	0.0370143641597	0	27	A	T
N0_D1	0.0376155569769	0	328	C	T
N0_D1	0.0383385610271	0	1225	C	G
N0_D1	0.0406336148403	0	972	G	A
N0_D1	0.0407139572606	0	501	A	T
N0_D1	0.0434331574501	0	559	A	T
N0_D1	0.0448338740055	0	204	T	C
N0_D1	0.0448569302369	0	897	T	A
N0_D1	0.0449435424544	0	225	A	G
N0_D1	0.0455215894646	0	490	T	A
N0_D1	0.0456745375005	0	171	T	A
N0_D1	0.0462498669957	0	430	G	A
N0_D1	0.0473164500503	0	1245	T	G
N0_D1	0.0473474250766	0	452	A	C
N0_D1	0.0473845609407	0	283	C	T
N0_D1	0.0484623167237	0	1227	A	G
N0_D1	0.0496380660552	0	288	C	T
N0_D1	0.0502793238375	0	964	G	A
N0_D1	0.0509139808137	0	1020	G	A
D1_N1	0.000213740612399	2	1332	C	A
D1_N1	0.000255705477302	1	226	G	A
D1_N1	0.00115065054337	2	619	G	A
D1_N1	0.0012888964299	2	377	C	T
D1_N1	0.00258545124984	1	1319	G	A
D1_N1	0.00262121513491	1	653	T	C
D1_N1	0.00307005572282	2	938	A	G
D1_N1	0.00393900680055	2	607	C	T
D1_N1	0.00444682215522	1	87	T	A
D1_N1	0.00622590992033	2	990	C	A
D1_N1	0.00666309137767	1	946	A	C
D1_N1	0.00693333702468	1	485	T	A
D1_N1	0.00714893209116	2	441	C	G
D1_N1	0.00724697212104	1	841	T	G
D1_N1	0.00733852524254	1	929	G	C
D1_N1	0.00750994171993	1	708	G	T
D1_N1	0.00781680906408	2	1018	T	A
D1_N1	0.00817152709284	2	767	C	T
D1_N1	0.00924448785046	1	373	G	A
D1_N1	0.00995071337743	2	1242	T	G
D1_N1	0.00998361682757	1	255	C	T
D1_N1	0.0103103341509	2	706	T	A
D1_N1	0.0108273129071	2	425	T	C
D1_N1	0.0108874692595	2	822	A	C
D1_N1	0.011034667515	2	573	C	T
D1_N1	0.0111797921539	2	1005	A	G
D1_N1	0.0118793460229	1	796	T	C
D1_N1	0.0119213585003	2	468	G	T
D1_N1	0.0132644183906	2	878	A	T
D1_N1	0.0132866914737	1	583	T	G
D1_N1	0.014805442178	1	6	G	A
D1_N1	0.0148061871287	1	70	C	G
D1_N1	0.0149473954684	2	830	C	T
D1_N1	0.0154069311443	2	1183	A	T
D1_N1	0.0154397213802	2	188	T	G
D1_N1	0.0157202871416	2	1299	G	T
D1_N1	0.0159378734194	2	1233	G	T
D1_N1	0.0170011226982	2	155	C	A
D1_N1	0.0180362685236	2	774	C	T
D1_N1	0.0190851292397	1	1195	C	G
D1_N1	0.0197186985165	2	44	T	C
D1_N1	0.0204166730239	1	795	T	C
D1_N1	0.0206071270182	2	1155	G	T
D1_N1	0.0212806835172	1	220	A	C
D1_N1	0.0216230327099	2	941	C	T
D1_N1	0.0224373071671	2	351	G	A
D1_N1	0.0224385381112	2	227	T	C
D1_N1	0.0225714013689	2	696	T	G
D1_N1	0.0226897219561	2	0	T	G
D1_N1	0.0227804876542	1	1068	T	A
D1_N1	0.0235101214314	1	1029	G	T
D1_N1	0.02399733705	1	961	A	T
D1_N1	0.0247085602788	1	834	T	C
D1_N1	0.0247164054242	1	1071	T	G
D1_N1	0.0249765105027	2	587	C	A
D1_N1	0.0250049658137	2	1343	C	T
D1_N1	0.0253207335955	2	39	T	G
D1_N1	0.0255257403058	1	544	T	A
D1_N1	0.0257890282348	1	229	G	A
D1_N1	0.0265223143016	2	916	G	A
D1_N1	0.0268472161674	1	307	T	C
D1_N1	0.027490287517	1	1100	A	G
D1_N1	0.0279605974059	2	540	T	A
D1_N1	0.0291511345218	1	619	G	A
D1_N1	0.0297863134982	1	221	A	C
D1_N1	0.0302234664695	1	635	C	A
D1_N1	0.0314924020141	1	1219	T	C
D1_N1	0.031508537256	2	801	G	A
D1_N1	0.0322901921117	1	908	A	G
D1_N1	0.0331868545325	2	471	T	G
D1_N1	0.0332193930731	1	167	A	C
D1_N1	0.0332615401083	2	142	G	C
D1_N1	0.0335752751744	1	432	C	A
D1_N1	0.0345167533606	1	1212	G	C
D1_N1	0.0353130717751	2	175	C	G
D1_N1	0.0354405741993	1	1232	A	T
D1_N1	0.0355079633382	2	927	T	C
D1_N1	0.0359498997746	1	9	G	T
D1_N1	0.0365537237701	1	1321	A	G
D1_N1	0.0371459771101	2	684	A	C
D1_N1	0.0377856858833	1	331	C	T
D1_N1	0.0385548197481	1	455	A	T
D1_N1	0.0385817782783	2	545	C	A
D1_N1	0.0391056804367	1	1266	G	A
D1_N1	0.0393318296945	1	941	C	T
D1_N1	0.040249238079	1	1275	G	T
D1_N1	0.0411767884898	2	1026	T	G
D1_N1	0.0421771388363	1	440	T	A
D1_N1	0.0431053227272	2	1122	A	G
D1_N1	0.0431874621878	2	687	G	A
D1_N1	0.0433568113175	2	739	G	C
D1_N1	0.04352240817	1	822	A	G
D1_N1	0.0448839528146	2	239	G	A
D1_N1	0.0449900895998	2	1099	A	C
D1_N1	0.0453064900914	2	305	T	C
D1_N1	0.0453206262944	1	1092	A	G
D1_N1	0.0466299178447	2	432	C	T
D1_N1	0.0467849933976	1	498	C	T
D1_N1	0.0469081336119	1	756	C	T
D1_N1	0.0472387141677	1	1091	T	A
D1_N1	0.047266870473	2	125	T	A
D1_N1	0.0473741145347	2	335	T	C
D1_N1	0.0473885799608	2	482	G	A
D1_N1	0.0475148486291	2	526	A	G
D1_N1	0.0475350816594	1	1228	A	G
D1_N1	0.0488781982617	1	315	T	C
D1_N1	0.0490201543031	1	548	G	A
D1_N1	0.0491204829963	1	995	A	G
D1_N1	0.0492502231548	1	229	A	G
D1_N1	0.0496315092025	1	1024	A	T
D1_N1	0.0501392651567	1	204	C	T
D1_N1	0.0502139544928	1	41	T	A
D1_N1	0.0502489332638	1	989	A	G
D1_N1	0.0503082034012	2	900	A	C
D1_N1	0.0505191777154	2	225	G	A
D1_N1	0.0511857483172	2	857	G	T
D1_N1	0.0512045229151	2	150	C	T
D1_N1	0.0512563393763	2	731	A	T
D1_N1	0.0512804287301	2	391	G	A
D1_N1	0.0516833386317	1	647	T	G
D1_N1	0.052622303818	2	273	T	A
D1_N1	0.0526738656198	1	1144	C	A
D1_N1	0.05276934408	1	1085	G	T
D1_N1	0.0533933715178	1	224	G	A
D1_N1	0.0534673813912	2	126	G	A
D1_N1	0.0538674514883	1	641	A	G
D1_N1	0.0544043484205	2	1249	T	C
D1_N1	0.0546963205692	1	1190	A	C
D1_N1	0.0547925814057	1	1070	A	C
D1_N1	0.0548268476032	1	82	A	C
D1_N1	0.0549856780706	2	787	G	A
D1_N1	0.0552206389272	2	1072	T	A
D1_N1	0.055582302744	2	1279	T	A
D1_N1	0.0557062926828	1	746	A	G
D1_N1	0.0557673566031	1	323	C	T
D1_N1	0.0561158163974	2	149	T	C
D1_N1	0.0563759853495	2	327	G	C
D1_N1	0.0567898178039	2	624	G	A
D1_N1	0.0570575056905	2	339	G	A
D1_N1	0.0576465717078	1	572	G	C
D1_N1	0.0582938238432	2	451	A	G
D1_N1	0.0583807939944	2	496	T	A
D1_N1	0.0586315908138	1	322	A	G
D1_N1	0.0587499380836	1	825	G	A
D1_N1	0.0590430648659	1	696	T	C
D1_N1	0.0591426119525	1	985	T	C
D1_N1	0.0594890516338	2	175	G	A
D1_N1	0.0595867428321	2	121	A	C
D1_N1	0.0596145602687	2	1246	T	A
D1_N1	0.0596866915368	1	402	T	C
D1_N1	0.0597560664541	2	1330	T	A
D1_N1	0.0601320198529	1	1050	T	C
D1_N1	0.0609508565033	2	367	A	T
D1_N1	0.0610309448533	2	252	A	G
D1_N1	0.0613889479529	1	881	C	T
D1_N1	0.0615054553432	1	629	G	A
D1_N1	0.0615378903536	1	279	C	A
D1_N1	0.061776125824	1	691	G	T
D1_N1	0.0621680883506	2	906	C	A
D1_N1	0.0621752966113	2	867	A	T
D1_N1	0.0624277463207	2	262	C	A
D1_N1	0.0626262852308	2	431	C	T
D1_N1	0.0626796244865	2	1225	G	A
D1_N1	0.0628266959104	2	1226	T	C
D1_N1	0.0631904544667	2	497	A	G
D1_N1	0.0633235953466	1	360	A	G
D1_N1	0.0640215521864	1	1346	A	G
D1_N1	0.064859175937	2	259	T	C
D1_N1	0.0651973547659	2	69	G	C
D1_N1	0.0658661895129	1	1278	C	T
D1_N1	0.0658957821977	1	39	T	A
D1_N1	0.0659293116989	2	340	T	C
D1_N1	0.066294882733	1	1192	T	C
D1_N1	0.0663060591014	1	1217	C	A
D1_N1	0.0666229687689	2	414	G	A
D1_N1	0.0667595729815	2	542	A	T
D1_N1	0.0669523432511	2	76	T	C
D1_N1	0.0672173055616	1	255	C	T
D1_N1	0.067333826642	1	822	G	C
D1_N1	0.0674557830704	2	914	G	A
D1_N1	0.0676677214292	2	158	C	A
D1_N1	0.0677617181324	2	1182	G	A
D1_N1	0.0677994550958	1	455	A	C
D1_N1	0.0687919502653	2	6	G	T
D1_N1	0.0689561576827	1	611	A	G
D1_N1	0.0691897594106	1	321	C	G
D1_N1	0.0699086727647	1	515	C	T
D1_N1	0.070034455949	1	542	A	G
D1_N1	0.071284736569	1	509	T	C
D1_N1	0.0715951964983	1	317	G	A
D1_N1	0.072133441109	1	1212	C	T
D1_N1	0.0723859790259	1	864	C	T
D1_N1	0.0726838327957	1	1041	T	G
D1_N1	0.0726933886093	2	40	G	A
D1_N1	0.0732995652267	2	1017	C	A
D1_N1	0.0733812422982	1	530	C	A
D1_N1	0.0734131944402	2	881	C	A
D1_N1	0.0739958140529	2	281	T	C
D1_N1	0.074119799605	1	997	G	T
D1_N1	0.0742131945808	1	314	A	G
D1_N1	0.0747091289714	2	55	G	A
D1_N1	0.0749952254611	2	513	G	T
D1_N1	0.0755111118011	2	1334	A	G
D1_N1	0.076693371286	1	50	T	C
D1_N1	0.0767492537896	1	715	T	C
D1_N1	0.0768378534955	2	803	A	T
D1_N1	0.0770030949592	1	1244	C	T
D1_N1	0.0771026797746	1	498	C	T
D1_N1	0.0772786643948	1	1255	A	T
D1_N1	0.0774008434194	2	548	G	C
D1_N1	0.0778042810264	1	1007	G	T
D1_N1	0.0779269685473	2	704	C	A
D1_N1	0.0784748321288	2	352	A	T
D1_N1	0.0790719038179	2	13	C	G
D1_N1	0.0792926146782	2	1213	T	A
D1_N1	0.0795579502972	2	742	G	C
D1_N1	0.0796162194324	1	574	A	G
D1_N1	0.0801199258129	2	31	G	A
D1_N1	0.0808855507112	1	1013	A	T
D1_N1	0.082409713119	2	1208	T	C
D1_N1	0.0825676592679	1	128	T	C
D1_N1	0.0826997750419	1	88	C	G
D1_N1	0.0832127984416	1	375	A	G
D1_N1	0.0839893900042	2	817	A	C
D1_N1	0.0846729342339	1	1332	C	T
D1_N1	0.0849372377648	2	1191	A	G
D1_N1	0.0854670588902	1	1304	G	T
D1_N1	0.0861065062993	2	1318	T	G
D1_N1	0.0862869165852	2	33	T	C
D1_N1	0.0864599863933	1	384	G	T
D1_N1	0.0865559513508	1	215	C	T
D1_N1	0.0865772360641	2	688	A	T
D1_N1	0.086671662405	1	1021	C	T
D1_N1	0.0867867140587	2	847	T	C
D1_N1	0.0870488562859	1	224	A	T
D1_N1	0.0880443561103	2	847	C	A
D1_N1	0.0883789281035	1	525	C	T
D1_N1	0.0886966782972	2	534	T	A
D1_N1	0.0891204893286	1	1229	C	T
D1_N1	0.0892104942988	1	1246	T	A
D1_N1	0.0892462642415	1	837	G	C
D1_N1	0.0896292425972	2	878	T	C
D1_N1	0.0896820844086	2	397	C	T
D1_N1	0.0896878876914	2	731	T	C
D1_N1	0.0901557894921	2	479	A	C
D1_N1	0.0906222769879	2	839	A	G
D1_N1	0.0907197507728	2	721	A	C
D1_N1	0.091006819334	2	1340	T	A
D1_N1	0.0913068276725	2	223	A	G
D1_N1	0.0920895636597	2	1172	A	C
D1_N1	0.0921936107165	1	855	A	T
D1_N1	0.0926055676993	2	492	G	A
D1_N1	0.0930760814126	1	756	T	G
D1_N1	0.0934369174871	2	286	T	C
D1_N1	0.0936137619932	1	1280	G	A
D1_N1	0.0937239557391	1	81	C	A
D1_N1	0.0941644363784	1	3	C	G
D1_N1	0.0945877886036	2	916	A	T
D1_N1	0.0946968584598	1	70	G	A
D1_N1	0.0952326104892	2	1261	C	T
D1_N1	0.0953449795269	1	344	A	G
D1_N1	0.0954717174152	2	110	A	G
D1_N1	0.0957365228403	2	842	C	A
D1_N1	0.0957428683169	2	329	G	A
D1_N1	0.0960608427588	2	1191	G	C
D1_N1	0.0960860558178	2	15	C	T
D1_N1	0.0969865289743	2	479	C	A
D1_N1	0.097062297453	2	1136	T	C
D1_N1	0.0975479372514	1	189	T	A
D1_N1	0.0984193377479	2	376	A	G
D1_N1	0.0994043579337	1	654	A	T
D1_N1	0.0994183825545	1	1133	T	A
D1_N1	0.0999834303937	1	616	A	T
D1_N1	0.0999996764836	1	101	A	T
D1_N1	0.100001316579	1	749	A	T
D1_N1	0.100298489264	2	62	G	A
D1_N1	0.100313544965	1	1032	T	C
D1_N1	0.100582609232	2	788	T	G
D1_N1	0.10060043463	2	51	A	G
D1_N1	0.100668134537	1	680	A	T
D1_N1	0.101353808738	1	408	T	A
D1_N1	0.101414325886	1	124	A	G
D1_N1	0.101483324096	2	1214	G	A
D1_N1	0.102197730648	2	885	T	C
D1_N1	0.102443403131	1	473	A	T
D1_N1	0.102462295491	2	353	A	G
D1_N1	0.102566788623	1	388	C	A
D1_N1	0.102626529029	2	202	G	A
D1_N1	0.102922896316	2	1312	T	G
D1_N1	0.103332474659	1	640	T	C
D1_N1	0.103334274061	1	724	C	A
D1_N1	0.103802294486	1	867	A	T
D1_N1	0.104625016608	2	1255	A	T
D1_N1	0.105437597158	2	309	T	C
D1_N1	0.105515042718	1	259	T	A
D1_N1	0.105841940024	1	938	A	G
D1_N1	0.10625562628	1	1206	G	T
D1_N1	0.106356477741	1	358	A	G
D1_N1	0.107316813829	2	644	A	G
D1_N1	0.107405585589	1	811	T	C
D1_N1	0.107655294667	1	859	T	A
D1_N1	0.108356769596	1	471	G	A
D1_N1	0.108563535665	2	606	A	C
D1_N1	0.108777858503	2	426	G	T
D1_N1	0.109479155072	1	554	A	T
D1_N1	0.10978788515	2	770	A	G
D1_N1	0.109870295014	1	229	G	A
D1_N1	0.11046781042	1	1135	G	A
D1_N1	0.110641100471	1	1021	T	A
D1_N1	0.110893249696	2	409	T	A
D1_N1	0.110978596248	2	886	A	T
D1_N1	0.111131009493	2	18	C	T
D1_N1	0.111204640713	1	1116	T	G
D1_N1	0.111284636465	1	557	T	A
D1_N1	0.111695374586	2	755	A	T
D1_N1	0.111936952948	1	1290	T	C
D1_N1	0.112984699504	2	169	A	G
D1_N1	0.113105677885	2	836	T	C
D1_N1	0.113939405192	2	971	A	G
D1_N1	0.114114843817	2	568	A	G
D1_N1	0.114313745455	2	378	G	A
D1_N1	0.114356464351	2	657	C	T
D1_N1	0.114788432021	1	827	A	T
D1_N1	0.115605640349	2	737	A	T
D1_N1	0.115970093941	2	754	A	G
D1_N1	0.115976970937	2	645	A	T
D1_N1	0.116289863093	2	742	C	T
D1_N1	0.116816198166	2	739	C	T
D1_N1	0.117015885943	2	18	T	A
D1_N1	0.117295519504	2	288	T	G
D1_N1	0.117746369507	2	726	C	T
D1_N1	0.118312331952	1	720	T	G
D1_N1	0.118793898338	2	1223	C	A
D1_N1	0.119358975188	1	771	T	C
D1_N1	0.120151371176	2	781	C	T
D1_N1	0.1201878547	2	219	A	G
D1_N1	0.120309281234	1	212	C	A
D1_N1	0.120535280585	1	103	C	T
D1_N1	0.120941254175	1	1317	T	A
D1_N1	0.12098026107	2	83	G	A
D1_N1	0.121259931501	2	1211	A	T
D1_N1	0.121565677663	2	1213	A	T
D1_N1	0.121590011024	1	806	G	T
D1_N1	0.121876255838	2	1119	C	A
D1_N1	0.122503509927	2	83	A	T
D1_N1	0.122681471469	2	286	C	T
D1_N1	0.123079667281	1	1010	A	G
D1_N1	0.124015112941	1	883	A	G
D1_N1	0.124773494673	2	195	A	T
D1_N1	0.125221917783	2	178	G	T
D1_N1	0.125284866985	2	600	T	A
D1_N1	0.125457549351	2	508	A	C
D1_N1	0.12547494414	2	1204	C	T
D1_N1	0.125478923342	1	511	A	G
D1_N1	0.126370935988	2	1147	A	G
D1_N1	0.126488547494	1	378	G	A
D1_N1	0.126524477248	2	337	C	A
D1_N1	0.126847187975	2	1216	G	T
D1_N1	0.126957047064	2	318	A	T
D1_N1	0.127392671119	1	970	C	G
D1_N1	0.127493674415	2	137	T	A
D1_N1	0.127888420528	2	1155	T	C
D1_N1	0.128393092448	1	540	A	G
D1_N1	0.128426887982	2	672	G	A
D1_N1	0.12873909841	1	920	T	C
D1_N1	0.128779731011	2	125	A	T
D1_N1	0.128906898929	1	709	C	A
D1_N1	0.129157504347	2	786	T	C
D1_N1	0.12924713647	1	678	A	C
D1_N1	0.131684181632	2	810	G	A
D1_N1	0.131821736332	2	1206	G	A
D1_N1	0.132292500986	2	202	A	G
D1_N1	0.132365061627	2	1067	A	G
D1_N1	0.133057856306	1	758	A	G
D1_N1	0.13430442285	1	1193	C	T
D1_N1	0.134339416625	2	903	T	C
D1_N1	0.134529129678	1	211	A	C
D1_N1	0.135777866689	1	190	A	T
D1_N1	0.135882725877	2	840	T	G
D1_N1	0.1360559209	1	1021	A	T
D1_N1	0.136115521174	1	751	C	T
D1_N1	0.136632616133	1	247	A	G
D1_N1	0.136789778972	1	1343	C	G
D1_N1	0.136872720951	1	899	G	A
D1_N1	0.136988820924	1	1354	T	G
D1_N1	0.137662633129	1	379	T	A
D1_N1	0.138412408285	1	567	G	A
D1_N1	0.138801952649	2	1293	T	C
D1_N1	0.139047421965	1	1000	T	C
D1_N1	0.139280154578	2	435	A	T
D1_N1	0.140306724552	2	1175	G	C
D1_N1	0.141025438888	2	1052	G	A
D1_N1	0.141224626563	1	968	T	C
D1_N1	0.141445434652	2	11	A	G
D1_N1	0.141619298627	2	1032	T	C
D1_N1	0.141761788592	1	681	A	T
D1_N1	0.142091665615	2	194	G	T
D1_N1	0.1423161613	1	1257	G	A
D1_N1	0.142460823	2	64	C	A
D1_N1	0.142933614069	2	303	A	G
D1_N1	0.14315104947	1	671	T	A
D1_N1	0.144096411089	1	151	C	A
D1_N1	0.144471138781	2	582	A	T
D1_N1	0.145607820072	2	155	A	G
D1_N1	0.145783732698	2	5	G	A
D1_N1	0.146013076933	1	18	C	T
D1_N1	0.146858328158	1	754	A	G
D1_N1	0.147530229986	2	1210	T	A
D1_N1	0.147603779561	2	668	A	G
D1_N1	0.147741488196	1	513	G	A
D1_N1	0.148274763212	1	721	A	T
D1_N1	0.149739613589	2	1336	A	G
D1_N1	0.149953462217	2	734	A	G
D1_N1	0.15081244662	2	1227	G	C
D1_N1	0.151204280628	2	986	G	C
D1_N1	0.151889379837	1	239	A	C
D1_N1	0.152599699971	2	1284	G	A
D1_N1	0.152928669698	2	1227	C	T
D1_N1	0.15311024427	1	407	T	C
D1_N1	0.153789273042	1	1187	T	A
D1_N1	0.15394416026	1	961	T	A
D1_N1	0.154000869772	1	1227	G	A
D1_N1	0.154288598627	1	88	G	C
D1_N1	0.15472845621	2	257	C	A
D1_N1	0.155124954089	2	1231	G	C
D1_N1	0.155267934386	2	309	C	G
D1_N1	0.155660320935	1	1049	G	C
D1_N1	0.15595218866	2	825	G	A
D1_N1	0.157110736072	2	51	G	T
D1_N1	0.15793769035	2	872	A	G
D1_N1	0.158415543108	2	15	T	G
D1_N1	0.158779582365	2	986	C	A
D1_N1	0.159697924369	2	248	G	A
D1_N1	0.159800772268	2	1038	T	A
D1_N1	0.159886322517	2	615	G	A
D1_N1	0.159981679065	1	1351	A	T
D1_N1	0.160241730371	1	1273	G	A
D1_N1	0.160263989937	1	139	A	T
D1_N1	0.160367066924	1	269	G	A
D1_N1	0.160915654539	1	1215	T	C
D1_N1	0.162429733492	2	938	G	A
D1_N1	0.162870609147	1	659	G	A
D1_N1	0.163034103531	1	35	T	C
D1_N1	0.163475855414	2	856	A	G
D1_N1	0.163859633229	2	1088	T	C
D1_N1	0.164126638434	1	33	T	C
D1_N1	0.164904483027	1	869	C	T
D1_N1	0.165363554606	2	130	G	A
D1_N1	0.165446936805	1	582	A	G
D1_N1	0.165456951427	2	518	C	A
D1_N1	0.166243228541	2	273	A	G
D1_N1	0.166251040188	2	471	G	A
D1_N1	0.166505528762	2	16	C	G
D1_N1	0.166672522164	2	1064	G	T
D1_N1	0.166678083778	1	25	C	T
D1_N1	0.166712600544	1	893	A	G
D1_N1	0.167041297848	2	86	G	T
D1_N1	0.167636347915	1	448	A	G
D1_N1	0.16833954848	2	955	T	A
D1_N1	0.168344946797	1	1052	G	T
D1_N1	0.168521978569	2	965	A	T
D1_N1	0.169075081748	1	1190	C	G
D1_N1	0.169140965795	1	886	A	G
D1_N1	0.169263384826	1	702	A	T
D1_N1	0.169482568345	1	201	A	G
D1_N1	0.169718731209	1	1147	A	C
D1_N1	0.170221342177	2	1085	G	A
D1_N1	0.170596555845	1	426	G	A
D1_N1	0.171266628228	2	723	A	G
D1_N1	0.172394863465	2	985	T	G
D1_N1	0.172844901332	1	439	A	G
D1_N1	0.173080890995	1	23	A	G
D1_N1	0.173235109062	2	274	C	T
D1_N1	0.174541931027	1	836	T	C
D1_N1	0.174737327538	1	463	G	C
D1_N1	0.174932376992	2	930	G	T
D1_N1	0.175384702067	2	852	T	C
D1_N1	0.175390729391	1	1034	T	G
D1_N1	0.175953801368	2	562	C	T
D1_N1	0.176141662159	1	301	C	T
D1_N1	0.176278625187	2	1145	C	T
D1_N1	0.176842999595	2	213	G	C
D1_N1	0.177118866862	1	112	A	G
D1_N1	0.177910262833	1	333	C	G
D1_N1	0.178008617631	2	474	T	A
D1_N1	0.17854024158	1	892	G	A
D1_N1	0.178639170656	2	554	A	C
D1_N1	0.178961388219	2	228	G	A
D1_N1	0.179016211152	2	348	G	A
D1_N1	0.179117744658	2	177	A	T
D1_N1	0.179548558863	1	847	T	A
D1_N1	0.179612230322	1	1194	A	G
D1_N1	0.179723006157	1	926	G	T
D1_N1	0.17992314176	2	488	A	T
D1_N1	0.180931564443	2	421	A	T
D1_N1	0.181086941103	2	863	T	C
D1_N1	0.181145200131	2	930	T	A
D1_N1	0.181391464932	1	861	A	G
D1_N1	0.181434757226	1	1088	T	A
D1_N1	0.181694648875	2	533	A	G
D1_N1	0.182029467314	2	716	C	T
D1_N1	0.182245481493	1	937	C	G
D1_N1	0.182337164807	2	194	T	A
D1_N1	0.183526269405	2	1045	C	T
D1_N1	0.183586362965	2	1116	T	G
D1_N1	0.184926721089	2	986	A	C
D1_N1	0.185939450686	1	418	T	C
D1_N1	0.18601746361	1	126	G	A
D1_N1	0.186335735421	1	339	G	A
D1_N1	0.186595501021	1	1300	A	G
D1_N1	0.18663313801	2	1224	T	C
D1_N1	0.187434980766	1	1315	G	A
D1_N1	0.188308281812	2	53	G	A
D1_N1	0.188418007657	1	859	A	G
D1_N1	0.188445691186	1	744	A	C
D1_N1	0.188573371313	1	672	G	A
D1_N1	0.18890642615	1	1030	T	A
D1_N1	0.189748973456	2	712	A	G
D1_N1	0.189805864825	2	1118	G	T
D1_N1	0.189843972299	1	804	G	T
D1_N1	0.189877597328	2	912	C	T
D1_N1	0.190228202416	2	1011	G	T
D1_N1	0.190622238502	2	588	C	A
D1_N1	0.190971842957	1	1345	C	T
D1_N1	0.191217991651	2	473	A	G
D1_N1	0.191300619433	1	535	G	A
D1_N1	0.192413122935	1	925	T	C
D1_N1	0.192986116878	1	615	G	T
D1_N1	0.192989120527	2	213	C	A
D1_N1	0.193738017305	1	571	C	T
D1_N1	0.194878734481	2	224	G	C
D1_N1	0.194894272425	2	304	C	A
D1_N1	0.195401183189	2	1202	G	C
D1_N1	0.195733044979	2	255	C	T
D1_N1	0.19619109174	1	148	G	A
D1_N1	0.196365715172	1	1361	A	T
D1_N1	0.196412017475	1	1236	A	T
D1_N1	0.196911516518	1	1033	A	C
D1_N1	0.196937579541	2	582	T	C
D1_N1	0.197376829354	1	658	A	G
D1_N1	0.197721095579	1	919	A	T
D1_N1	0.197771572654	2	563	C	T
D1_N1	0.19812320223	2	866	T	C
D1_N1	0.198170096398	2	570	A	G
D1_N1	0.198514943534	1	676	T	A
D1_N1	0.198796476222	1	562	C	T
D1_N1	0.199620073199	2	555	G	C
D1_N1	0.199632824769	1	228	G	A
D1_N1	0.1998386106	2	1128	G	C
D1_N1	0.200026513825	2	820	T	G
D1_N1	0.200044666168	1	400	T	G
D1_N1	0.201446539112	2	364	T	C
D1_N1	0.201862392058	2	1187	T	A
D1_N1	0.202066578955	1	1312	T	A
D1_N1	0.202120398616	2	1215	T	C
D1_N1	0.202218420422	2	42	G	A
D1_N1	0.202466593465	2	1361	A	C
D1_N1	0.20368474131	1	142	G	A
D1_N1	0.20369661268	2	380	C	T
D1_N1	0.20425688007	1	611	G	A
D1_N1	0.204653624697	1	54	A	G
D1_N1	0.204837669927	1	314	G	A
D1_N1	0.205404545451	1	1216	G	A
D1_N1	0.205586514398	2	683	C	G
D1_N1	0.205709479039	1	130	G	T
D1_N1	0.205929936754	1	542	G	A
D1_N1	0.206134771776	2	1146	G	T
D1_N1	0.20615695095	1	949	G	A
D1_N1	0.206610749434	1	962	G	A
D1_N1	0.207772673779	1	1120	A	T
D1_N1	0.208276303846	2	206	A	T
D1_N1	0.208381845236	2	1252	A	T
D1_N1	0.208563297537	2	1280	G	A
D1_N1	0.208607976382	2	520	A	C
D1_N1	0.209154493022	1	948	T	G
D1_N1	0.209582669665	1	246	A	G
D1_N1	0.209863078286	1	216	A	T
D1_N1	0.209998599129	2	966	G	C
D1_N1	0.21313580522	2	593	A	G
D1_N1	0.21316521201	2	383	A	G
D1_N1	0.213896174593	2	163	C	A
D1_N1	0.214816328878	1	593	A	T
D1_N1	0.214852268804	2	944	T	C
N1_N2	6.94843089365e-05	2	562	T	C
N1_N2	0.00110524204534	1	1328	G	A
N1_N2	0.00141648884318	1	1051	A	G
N1_N2	0.00232224549715	2	768	A	G
N1_N2	0.00232288201589	2	888	G	A
N1_N2	0.00261017754502	1	1277	C	A
N1_N2	0.00342720674561	1	1139	G	T
N1_N2	0.00404769438024	1	172	G	A
N1_N2	0.00415202104721	1	1187	A	T
N1_N2	0.00469245357234	2	900	C	T
N1_N2	0.00529424595307	2	96	C	G
N1_N2	0.00559635685522	2	778	C	T
N1_N2	0.00578201189341	1	42	G	A
N1_N2	0.00592071208883	2	154	A	G
N1_N2	0.00597610133964	1	1346	G	T
N1_N2	0.00623103139046	2	12	A	G
N1_N2	0.00651301358474	2	1270	C	T
N1_N2	0.00652666176392	2	224	C	A
N1_N2	0.00670589154901	2	265	T	A
N1_N2	0.0068292506761	1	183	C	T
N1_N2	0.00704180196275	1	1234	A	G
N1_N2	0.0074469681916	2	1129	T	A
N1_N2	0.00757216815726	2	1327	C	A
N1_N2	0.0076202516134	2	235	A	C
N1_N2	0.0076415198731	2	1260	A	G
N1_N2	0.00774574290869	1	1095	A	T
N1_N2	0.00796621821653	2	507	G	A
N1_N2	0.0080925008269	1	769	A	T
N1_N2	0.00833442396588	1	542	A	C
N1_N2	0.00856561684349	2	550	T	G
N1_N2	0.00890429410895	1	361	T	C
N1_N2	0.00943155548014	1	218	C	G
N1_N2	0.0095402807688	1	759	C	A
N1_N2	0.0102156386625	1	910	A	C
N1_N2	0.0104923580195	1	748	A	G
N1_N2	0.0105739071215	1	15	C	A
N1_N2	0.0113606425845	1	821	T	C
N1_N2	0.0116800775354	2	810	A	T
N1_N2	0.0118317258035	2	861	A	C
N1_N2	0.0123583109172	1	641	G	A
N1_N2	0.0125474422623	1	1276	G	A
N1_N2	0.0130796288671	2	14	C	T
N1_N2	0.0134505875603	1	1085	T	C
N1_N2	0.0136335960177	2	708	G	T
N1_N2	0.0144193246001	1	961	A	T
N1_N2	0.0152552843634	1	905	G	T
N1_N2	0.0157483302158	2	885	C	T
N1_N2	0.0177604842602	2	338	T	G
N2_N3	7.32622936747e-05	1	586	G	A
N2_N3	0.000416965433382	1	266	G	A
N2_N3	0.000666989807571	2	370	T	G
N2_N3	0.000780372501018	2	137	A	C
N2_N3	0.00120584816828	2	339	A	C
N2_N3	0.00125033882052	1	1334	A	G
N2_N3	0.0013625696044	2	171	A	G
N2_N3	0.00151063233341	1	694	T	A
N2_N3	0.00166229434038	2	551	C	T
N2_N3	0.00172231197528	2	162	A	G
N2_N3	0.00191044699108	1	1166	A	C
N2_N3	0.00211593440868	2	890	G	A
N2_N3	0.00253808400659	2	1229	C	G
N2_N3	0.00256576281168	2	1126	C	T
N2_N3	0.00284896038307	1	661	G	T
N2_N3	0.0033155541919	1	854	C	T
N2_N3	0.00341389072097	2	1121	T	C
N2_N3	0.00363380871473	2	395	C	T
N2_N3	0.00382164412464	1	58	T	C
N2_N3	0.00421475949761	1	725	T	C
N2_N3	0.00470470284771	1	1121	T	A
N2_N3	0.0048341775914	1	428	C	T
N2_N3	0.0051911517223	1	1071	G	A
N2_N3	0.00545925468273	1	128	C	T
N2_N3	0.00574310622668	1	109	A	G
N2_N3	0.00619839866587	1	785	T	G
N2_N3	0.00669079592328	1	1221	A	C
N3_N4	0.00128355565868	1	536	T	G
N3_N4	0.002493563616	1	753	T	C
N3_N4	0.00274902860885	2	1296	C	A
N3_N4	0.00356567094895	2	449	T	C
N3_N4	0.00382265853425	2	289	A	G
N3_N4	0.00526871912661	2	512	A	G
N3_N4	0.00541959780996	2	27	T	C
N3_N4	0.00546400368589	1	1077	T	C
N3_N4	0.005682821648	1	1274	A	C
N3_N4	0.00571603818226	2	170	C	T
N3_N4	0.0058389303123	2	424	T	C
N3_N4	0.00605676643699	2	300	C	A
N3_N4	0.00606471317098	1	806	T	A
N3_N4	0.00720867595071	1	1002	A	C
N3_N4	0.00761485072362	2	223	G	T
N3_N4	0.00795647883029	2	593	G	A
N3_N4	0.00816570073039	2	935	T	G
N3_N4	0.00817986825249	1	702	T	C
N3_N4	0.00822836002272	1	965	A	C
N4_Human	6.46615359331e-05	1	1043	A	C
N4_Human	0.000211089272066	2	412	T	C
N4_Human	0.000255377409107	2	1080	T	C
N4_Human	0.000483084782107	2	288	G	A
N4_Human	0.00147935425471	1	926	T	C
N4_Human	0.00220565609919	2	1153	A	G
N4_Human	0.00270811313651	2	345	A	G
N4_Human	0.00316567594096	2	707	A	G
N4_Human	0.00361863432261	2	973	G	A
N4_Human	0.00364001127419	1	1195	G	T
N4_Human	0.004697448669	2	955	A	G
N4_Human	0.00511823062826	1	928	T	C
N4_Human	0.0058961993681	2	901	T	A
N4_Human	0.00603912736071	2	325	C	T
N4_Human	0.00632391980779	1	17	C	T
N4_Human	0.0066033013315	1	1220	G	C
N4_Human	0.00709075907936	1	1050	C	G
N4_Human	0.0072548523653	2	610	A	T
N4_Human	0.00736129467106	1	707	A	G
N4_Human	0.00749731315953	2	563	T	C
N4_Human	0.0076024445535	1	1000	C	T
N4_Human	0.00768870214734	1	647	G	A
N4_Human	0.00814141398701	1	1175	G	C
N4_Human	0.00913135402763	2	1283	T	C
N4_Human	0.00918310064546	1	598	A	T
N4_Human	0.00942393838194	2	1189	G	A
N4_Human	0.010456913295	2	1043	A	T
N4_Human	0.0109695430977	2	715	T	A
N4_Human	0.0111840927456	2	1353	A	T
N4_Human	0.0113011285424	1	30	A	T
N4_Chimp	7.87928022932e-05	1	1067	A	G
N4_Chimp	0.000417612424637	2	315	T	C
N4_Chimp	0.000583005060601	2	549	T	C
N4_Chimp	0.000786623112128	2	292	T	C
N4_Chimp	0.000813031304186	2	350	A	C
N4_Chimp	0.0010508421765	1	1286	G	A
N4_Chimp	0.00123033403737	1	608	T	G
N4_Chimp	0.0013619234228	1	799	T	G
N4_Chimp	0.00175370162716	2	1207	T	G
N4_Chimp	0.002791969685	2	1327	A	G
N4_Chimp	0.00289409362875	1	400	G	C
N4_Chimp	0.00398985319301	1	454	T	A
N4_Chimp	0.00490178339042	2	106	A	T
N4_Chimp	0.00500182436368	1	794	G	A
N4_Chimp	0.0052165047503	1	1287	G	C
N4_Chimp	0.00591805978805	2	651	G	A
N4_Chimp	0.00613084128074	1	1288	C	A
N4_Chimp	0.00631661888662	1	119	T	A
N4_Chimp	0.00632055576382	2	8	A	T
N4_Chimp	0.0065749571858	2	614	T	A
N4_Chimp	0.007699333678	1	214	C	T
N4_Chimp	0.00801692028474	2	835	T	C
N4_Chimp	0.00843365743067	2	977	T	C
N4_Chimp	0.00851007300471	1	1259	G	A
N4_Chimp	0.00882105959367	2	450	T	C
N4_Chimp	0.00916132383988	2	127	G	A
N4_Chimp	0.00933364165739	1	827	T	G
N4_Chimp	0.00979515810546	1	88	C	G
N4_Chimp	0.0101807889753	1	695	A	G
N4_Chimp	0.0106705456717	1	624	G	C
N4_Chimp	0.0108290903822	1	1050	C	A
N3_Goril	0.000314876266627	2	268	A	T
N3_Goril	0.00074294220942	2	51	T	A
N3_Goril	0.00103957542502	2	168	G	A
N3_Goril	0.00130355493404	1	1159	C	A
N3_Goril	0.00133522600423	1	913	C	T
N3_Goril	0.00173083540375	2	525	C	G
N3_Goril	0.00211442424965	1	744	C	A
N3_Goril	0.00232944552208	2	841	T	G
N3_Goril	0.00247535808728	2	766	T	G
N3_Goril	0.00279091877735	1	495	A	C
N3_Goril	0.00334868178961	1	958	A	G
N3_Goril	0.00352220573975	1	1293	T	G
N3_Goril	0.00424536270894	2	1260	G	A
N3_Goril	0.00434032306745	2	879	T	G
N3_Goril	0.00490242774559	2	1164	T	C
N3_Goril	0.00509123501311	2	1350	T	C
N3_Goril	0.00555923367248	2	833	C	T
N3_Goril	0.00632344510326	1	489	T	C
N3_Goril	0.00677405645533	1	484	A	G
N3_Goril	0.00778238935801	1	1342	G	A
N3_Goril	0.00780141673164	2	960	G	C
N3_Goril	0.00863944121563	2	388	C	T
N3_Goril	0.00897035358086	1	837	C	T
N3_Goril	0.00916179487495	1	393	C	A
N3_Goril	0.0092321847993	1	379	A	C
N3_Goril	0.00947012189182	1	1206	T	C
N3_Goril	0.00981196932317	2	1335	G	A
N3_Goril	0.0104029720238	2	696	G	A
N3_Goril	0.0107254736181	1	1261	C	T
N3_Goril	0.0113124376824	2	126	A	G
N3_Goril	0.0117095620131	2	409	A	G
N3_Goril	0.0122465883432	2	971	G	A
N3_Goril	0.0122470091688	2	1166	A	G
N3_Goril	0.0129307927278	2	1063	A	G
N3_Goril	0.0147236003142	2	494	T	G
N3_Goril	0.0149561440753	2	987	C	T
N3_Goril	0.0150093044215	1	442	C	T
N3_Goril	0.0155721996064	2	253	G	A
N3_Goril	0.0158521851433	2	140	G	T
N3_Goril	0.0159035694697	1	304	C	T
N3_Goril	0.0160765471512	1	531	A	G
N3_Goril	0.0160825357653	2	507	A	T
N3_Goril	0.0163519587222	1	1047	G	T
N3_Goril	0.0165151474346	1	737	A	C
N3_Goril	0.0166598439077	1	729	C	A
N3_Goril	0.0166813112327	2	579	T	A
N3_Goril	0.0172045606151	1	755	A	G
N3_Goril	0.0176325304567	2	755	T	C
N3_Goril	0.0180572534821	2	383	G	C
N3_Goril	0.018178695493	1	1100	G	A
N3_Goril	0.0185494902695	2	460	T	C
N3_Goril	0.0190324601062	1	1233	G	A
N3_Goril	0.0190763174002	1	185	C	G
N3_Goril	0.0192063357718	2	1093	G	A
N3_Goril	0.0195411941224	2	389	G	C
N3_Goril	0.0206047602771	1	1057	T	G
N2_Orang	0.000742107616021	2	274	T	C
N2_Orang	0.00171675197044	2	784	C	T
N2_Orang	0.00218017557526	1	374	A	G
N2_Orang	0.00225555879927	1	934	T	C
N2_Orang	0.00240172641282	1	1327	C	G
N2_Orang	0.00241231297473	1	1103	A	C
N2_Orang	0.00258495110901	2	1112	A	G
N2_Orang	0.00300160865588	2	1028	T	A
N2_Orang	0.00338135565546	2	1054	T	A
N2_Orang	0.00339240773818	2	1328	G	T
N2_Orang	0.00381725348384	1	564	G	A
N2_Orang	0.00385829748637	1	1220	G	T
N2_Orang	0.00438463600017	1	308	T	G
N2_Orang	0.00465990896551	2	993	A	G
N2_Orang	0.00488082484262	2	750	A	T
N2_Orang	0.00490114236885	2	313	C	T
N2_Orang	0.00543159711596	2	302	T	A
N2_Orang	0.00576998768186	1	431	C	G
N2_Orang	0.00588359293132	1	855	T	C
N2_Orang	0.00588842522638	1	1261	C	T
N2_Orang	0.00721281659479	2	374	A	T
N2_Orang	0.00771678255144	2	1101	A	G
N2_Orang	0.00828725090464	2	80	A	G
N2_Orang	0.00886169689134	1	1040	G	A
N2_Orang	0.008875418505	2	595	C	T
N2_Orang	0.00894201076613	2	254	C	G
N2_Orang	0.00944140523274	1	948	G	A
N2_Orang	0.00991496525011	1	37	A	T
N2_Orang	0.00997485818511	1	397	C	T
N2_Orang	0.0100998322816	2	644	G	A
N2_Orang	0.0101801228168	2	1246	A	T
N2_Orang	0.0106527146546	1	943	T	C
N2_Orang	0.0114865040191	2	938	A	G
N2_Orang	0.0118998157686	2	622	C	G
N2_Orang	0.012164543751	2	916	T	A
N2_Orang	0.0123229252546	1	52	T	A
N2_Orang	0.012344359851	2	761	G	T
N2_Orang	0.0127532704771	2	960	G	T
N2_Orang	0.0127673105308	1	56	G	A
N2_Orang	0.0128156222142	2	1317	T	G
N2_Orang	0.0134014211327	2	927	C	T
N2_Orang	0.0138580978045	1	86	G	C
N2_Orang	0.0139809205543	1	888	G	C
N2_Orang	0.013989795545	1	774	C	T
N2_Orang	0.0140603297066	1	757	T	A
N2_Orang	0.014151778923	1	432	T	A
N2_Orang	0.0146230396724	1	622	C	A
N1_Macaq	0.000392487026872	2	723	G	A
N1_Macaq	0.0014426668666	1	1271	A	T
N1_Macaq	0.00176778641353	2	807	T	A
N1_Macaq	0.00211701483649	2	509	T	A
N1_Macaq	0.00234601748331	2	275	C	A
N1_Macaq	0.00276241909955	2	988	T	G
N1_Macaq	0.00307704277935	1	1175	G	A
N1_Macaq	0.00400270922419	1	1047	G	C
N1_Macaq	0.00443543280788	1	69	G	A
N1_Macaq	0.00489709116199	1	505	T	A
N1_Macaq	0.00503239816091	2	1282	C	T
N1_Macaq	0.00581459313021	2	767	T	C
N1_Macaq	0.00627925271463	2	765	T	G
N1_Macaq	0.00669749565402	1	386	C	A
N1_Macaq	0.006990281315	1	229	A	G
N1_Macaq	0.00742548120198	2	591	A	T
N1_Macaq	0.00779865714656	2	1135	G	C
N1_Macaq	0.00795039460244	1	69	A	G
N1_Macaq	0.00854218883421	1	1166	A	T
N1_Macaq	0.00997063482065	2	515	C	T
N1_Macaq	0.0107973258827	1	1138	A	G
N1_Macaq	0.0109808941959	1	99	T	C
N1_Macaq	0.0114287306682	1	877	T	C
N1_Macaq	0.0115514676582	2	621	G	C
N1_Macaq	0.0123829837412	1	937	G	A
N1_Macaq	0.0124495751173	2	335	C	G
N1_Macaq	0.0125766165219	2	741	A	T
N1_Macaq	0.0127362805958	2	375	A	G
N1_Macaq	0.0127806546638	2	938	A	T
N1_Macaq	0.014061435639	2	517	C	T
N1_Macaq	0.0146243836559	1	794	G	A
N1_Macaq	0.0152985781858	2	721	C	T
N1_Macaq	0.0155237656445	1	776	C	T
N1_Macaq	0.0158314246968	2	553	G	A
N1_Macaq	0.0160064198823	2	122	A	G
N1_Macaq	0.016095676991	1	1359	C	T
N1_Macaq	0.0171638851986	2	168	G	A
N1_Macaq	0.017397472747	1	41	A	G
N1_Macaq	0.0178978987406	2	443	T	G
N1_Macaq	0.0181814143792	1	1176	A	T
N1_Macaq	0.0182171801537	1	1049	C	A
N1_Macaq	0.0183667235093	2	476	A	G
N1_Macaq	0.0188385204496	1	64	C	A
N1_Macaq	0.0192092786798	1	673	G	A
N1_Macaq	0.0195640699973	2	949	G	A
N1_Macaq	0.0200414966404	1	760	A	T
N1_Macaq	0.0206485518521	2	776	C	T
N1_Macaq	0.0211755516226	1	11	A	C
N1_Macaq	0.0212980438146	1	14	C	T
N1_Macaq	0.0219263247502	1	647	G	A
N1_Macaq	0.023376521281	1	833	C	T
N1_Macaq	0.0234453477197	2	586	G	C
N1_Macaq	0.0236309000286	1	893	G	C
N1_Macaq	0.0237821546021	1	1084	C	T
N1_Macaq	0.0239818389393	2	1241	C	G
N1_Macaq	0.0241715337747	1	629	A	C
N1_Macaq	0.0256185763971	1	867	T	A
N1_Macaq	0.0268454016689	2	1045	T	A
N1_Macaq	0.0268511516732	1	1211	A	G
N1_Macaq	0.0270064983425	1	626	T	C
N1_Macaq	0.0270929894739	1	686	T	A
N1_Macaq	0.0271520031815	1	71	G	A
N1_Macaq	0.0280355490058	1	139	T	C
N1_Macaq	0.028037191503	2	1217	C	G
N1_Macaq	0.0281182424968	1	23	G	A
N1_Macaq	0.028118565851	1	1028	T	C
N1_Macaq	0.0281263741686	1	963	G	T
N1_Macaq	0.0289197159956	1	173	A	C
N1_Macaq	0.0292544294588	2	127	G	T
N1_Macaq	0.0293141279893	1	147	T	A
N1_Macaq	0.0294232079941	1	653	T	C
N1_Macaq	0.0300458362349	1	443	T	G
N1_Macaq	0.0307258460641	2	986	C	T
N1_Macaq	0.0308174981822	2	441	G	T
N1_Macaq	0.0324914917411	1	122	A	T
N0_Mouse	0.000800873929522	0	531	A	C
N0_Mouse	0.00134259490379	0	757	T	C
N0_Mouse	0.00154633381391	0	835	T	C
N0_Mouse	0.00410605389458	0	734	A	G
N0_Mouse	0.00507548420699	0	902	T	C
N0_Mouse	0.00553088429553	0	340	T	A
N0_Mouse	0.00579942110179	0	904	C	T
N0_Mouse	0.00638399829368	0	904	T	C
N0_Mouse	0.00656331717994	0	371	T	A
N0_Mouse	0.00665585436362	0	138	A	G
N0_Mouse	0.0068269837158	0	1227	A	T
N0_Mouse	0.00730708548936	0	1061	A	T
N0_Mouse	0.00761486693365	0	1163	G	A
N0_Mouse	0.00926550896513	0	1004	A	C
N0_Mouse	0.0100300615542	0	1198	T	G
N0_Mouse	0.0100845620225	0	737	A	G
N0_Mouse	0.0104183182181	0	344	A	G
N0_Mouse	0.0105219459428	0	439	A	T
N0_Mouse	0.0106901371398	0	607	C	T
N0_Mouse	0.0112516868728	0	1094	T	C
N0_Mouse	0.0113784591066	0	485	T	A
N0_Mouse	0.011873519985	0	136	C	T
N0_Mouse	0.012256050223	0	720	T	A
N0_Mouse	0.0128570545265	0	1182	G	T
N0_Mouse	0.0129255723947	0	214	C	T
N0_Mouse	0.0137599227122	0	1267	A	T
N0_Mouse	0.0141469662535	0	963	G	T
N0_Mouse	0.0142379947805	0	283	C	T
N0_Mouse	0.0164357056864	0	706	T	G
N0_Mouse	0.0172543838468	0	1205	T	G
N0_Mouse	0.0174207605326	0	130	G	A
N0_Mouse	0.0205038699286	0	1086	T	C
N0_Mouse	0.0208089984168	0	441	C	T
N0_Mouse	0.0215009026671	0	856	A	G
N0_Mouse	0.0216770761501	0	407	T	G
N0_Mouse	0.0217677981782	0	692	T	A
N0_Mouse	0.0221233685722	0	789	T	G
N0_Mouse	0.0225789344331	0	117	T	A
N0_Mouse	0.0228644899191	0	319	T	G
N0_Mouse	0.0256945264286	0	1179	A	C
N0_Mouse	0.0257136341327	0	87	T	C
N0_Mouse	0.0278839572559	0	500	A	G
N0_Mouse	0.0281835458787	0	943	T	C
N0_Mouse	0.0285889922658	0	1085	G	A
N0_Mouse	0.0286636755543	0	585	A	C
N0_Mouse	0.0290997695072	0	962	G	A
N0_Mouse	0.0291263347407	0	168	G	T
N0_Mouse	0.0309876612779	0	523	A	T
N0_Mouse	0.0310562363439	0	658	A	G
N0_Mouse	0.0317294786872	0	773	A	T
N0_Mouse	0.0318235554513	0	669	T	A
N0_Mouse	0.0323877755544	0	248	G	A
N0_Mouse	0.0331441573171	0	1098	T	C
N0_Mouse	0.0331574826846	0	1213	T	G
N0_Mouse	0.0334572683126	0	488	A	T
N0_Mouse	0.033737883906	0	406	T	C
N0_Mouse	0.0357804557815	0	42	G	A
N0_Mouse	0.0369293579483	0	824	T	C
N0_Mouse	0.038390352855	0	40	G	A
N0_Mouse	0.0389211709441	0	512	A	C
N0_Mouse	0.0391947486819	0	1021	C	G
N0_Mouse	0.0397652838744	0	1234	A	C
N0_Mouse	0.0398685372293	0	1191	A	G
N0_Mouse	0.0399588714862	0	287	C	G
N0_Mouse	0.0406020185302	0	855	A	T
N0_Mouse	0.0407217553715	0	311	T	C
N0_Mouse	0.0413698574165	0	841	T	A
N0_Mouse	0.0416773797759	0	903	T	C
N0_Mouse	0.0428947732211	0	1137	A	G
N0_Mouse	0.0429531682415	0	719	G	C
N0_Mouse	0.0433872437446	0	975	C	T
N0_Mouse	0.0441453767292	0	1266	G	C
N0_Mouse	0.0447026459664	0	64	C	G
N0_Mouse	0.044980557029	0	66	G	A
N0_Mouse	0.0457091279946	0	773	T	A
N0_Mouse	0.046289604622	0	629	G	T
N0_Mouse	0.0464657593473	0	857	G	T
N0_Mouse	0.046624249457	0	451	A	G
N0_Mouse	0.0468557193565	0	1275	G	A
N0_Mouse	0.0473985539496	0	1060	C	T
N0_Mouse	0.0477052117939	0	15	C	T
N0_Mouse	0.0482128213813	0	1292	G	A
N0_Mouse	0.0489684544175	0	1054	T	A
N0_Mouse	0.0495676800758	0	517	C	G
N0_Mouse	0.0498908064372	0	841	A	T
N0_Mouse	0.0510420033057	0	1348	T	A
N0_Mouse	0.0518610163461	0	193	G	A
N0_Mouse	0.0524598195925	0	275	C	A
N0_Mouse	0.0544425776554	0	983	A	G
N0_Mouse	0.0554199763236	0	365	A	G
N0_Mouse	0.0579916135748	0	420	C	G
N0_Mouse	0.0587524999845	0	1114	C	A
N0_Mouse	0.0588097583952	0	1094	C	T
N0_Mouse	0.0592854040044	0	890	G	T
N0_Mouse	0.0623711993553	0	812	T	C
N0_Mouse	0.0624064123859	0	870	G	A
N0_Mouse	0.0626090261584	0	450	T	C
N0_Mouse	0.0641542173196	0	336	A	G
N0_Mouse	0.0641734847184	0	1209	C	A
N0_Mouse	0.0642846139052	0	800	C	A
N0_Mouse	0.0643379892935	0	470	A	T
N0_Mouse	0.065843995402	0	305	T	C
N0_Mouse	0.0677380415088	0	1320	A	G
N0_Mouse	0.0695147107865	0	1092	A	C
N0_Mouse	0.0712764322533	0	763	C	T
N0_Mouse	0.0722710484345	0	943	C	G
N0_Mouse	0.0734662305827	0	758	A	G
N0_Mouse	0.0735600336185	0	711	T	C
N0_Mouse	0.0742956343021	0	122	A	G
N0_Mouse	0.0749855158341	0	955	T	G
N0_Mouse	0.0760517206212	0	716	C	A
N0_Mouse	0.0765674978391	0	399	G	T
N0_Mouse	0.0779811159575	0	849	T	C
N0_Mouse	0.0780239852514	0	1334	A	T
N0_Mouse	0.0781577882139	0	159	A	G
N0_Mouse	0.0788654983816	0	394	A	T
N0_Mouse	0.080327006	0	123	T	A
N0_Mouse	0.0817964730863	0	723	A	G
N0_Mouse	0.0819703670049	0	787	G	A
N0_Mouse	0.0825691143477	0	1145	C	G
N0_Mouse	0.0835769587285	0	378	G	A
N0_Mouse	0.0838877735207	0	1015	T	A
N0_Mouse	0.0848203712897	0	746	A	G
N0_Mouse	0.0863408394851	0	916	G	A
N0_Mouse	0.0878234033813	0	403	C	A
N0_Mouse	0.0884652799753	0	33	T	C
N0_Mouse	0.0891701190171	0	85	T	C
N0_Mouse	0.0897530103101	0	8	A	T
N0_Mouse	0.0899903834232	0	514	T	A
N0_Mouse	0.090525142877	0	307	T	G
N0_Mouse	0.0916383516942	0	63	T	G
N0_Mouse	0.0927414160351	0	1039	A	C
N0_Mouse	0.0961299271889	0	969	C	T
N0_Mouse	0.0965881715978	0	750	A	T
N0_Mouse	0.0979122604404	0	1293	T	G
N0_Mouse	0.098125554618	0	931	C	A
N0_Mouse	0.0988301263683	0	1313	A	T
N0_Mouse	0.100357963969	0	268	A	G
N0_Mouse	0.100879663507	0	678	A	G
N0_Mouse	0.105557607057	0	1353	A	T
N0_Mouse	0.105612084254	0	1179	C	T
N0_Mouse	0.106150917304	0	540	T	C
N0_Mouse	0.106218348971	0	1203	T	C
N0_Mouse	0.106571607973	0	485	A	G
N0_Mouse	0.107261268332	0	551	C	T
N0_Mouse	0.108220720204	0	1120	G	C
N0_Mouse	0.109489649456	0	896	A	G
N0_Mouse	0.109881348652	0	807	T	A
N0_Mouse	0.110528118638	0	751	C	T
N0_Mouse	0.111551274469	0	1363	A	G
N0_Mouse	0.111657634455	0	504	C	T
N0_Mouse	0.111763509984	0	1187	T	A
N0_Mouse	0.11315548752	0	226	G	A
N0_Mouse	0.113751799553	0	1214	G	A
N0_Mouse	0.113867765017	0	1251	T	C
N0_Mouse	0.114440303461	0	706	G	A
N0_Mouse	0.114484188908	0	657	C	T
N0_Mouse	0.115283153658	0	510	G	A
N0_Mouse	0.115597312338	0	719	C	A
N0_Mouse	0.115600787893	0	800	A	T
N0_Mouse	0.115674708162	0	1270	C	T
N0_Mouse	0.116973241997	0	224	G	A
N0_Mouse	0.117929249208	0	412	T	C
N0_Mouse	0.118902126577	0	940	G	A
N0_Mouse	0.121002960998	0	596	C	G
N0_Mouse	0.121459025515	0	770	A	G
N0_Mouse	0.121646774324	0	507	G	T
N0_Mouse	0.121795410117	0	747	C	A
N0_Mouse	0.122070390446	0	223	A	C
N0_Mouse	0.122092417467	0	845	T	A
N0_Mouse	0.122358471	0	356	C	T
N0_Mouse	0.12273991988	0	1184	C	T
N0_Mouse	0.12397069132	0	146	T	A
N0_Mouse	0.124554080019	0	874	T	A
N0_Mouse	0.125059139859	0	1042	C	T
N0_Mouse	0.125596000848	0	1361	A	G
N0_Mouse	0.125721937634	0	823	G	A
N0_Mouse	0.125787334101	0	30	A	T
N0_Mouse	0.125882528938	0	261	G	A
N0_Mouse	0.12739276477	0	1078	G	A
N0_Mouse	0.130560552861	0	13	C	A
N0_Mouse	0.131311152497	0	115	C	G
N0_Mouse	0.131488529775	0	426	G	A
N0_Mouse	0.131873139324	0	1266	C	G
N0_Mouse	0.132936460944	0	1024	A	G
N0_Mouse	0.133392497616	0	775	C	G
N0_Mouse	0.133393748131	0	651	G	T
N0_Mouse	0.134671540115	0	1339	T	A
N0_Mouse	0.135588934402	0	917	T	G
N0_Mouse	0.135832529258	0	218	C	T
N0_Mouse	0.136005399509	0	619	G	A
N0_Mouse	0.136078602869	0	937	C	T
N0_Mouse	0.136133412184	0	151	C	A
N0_Mouse	0.136886221242	0	153	T	C
N0_Mouse	0.137282883157	0	464	C	T
N0_Mouse	0.137963688957	0	561	A	G
N0_Mouse	0.13857321472	0	1007	G	T
N0_Mouse	0.1391137232	0	977	T	G
N0_Mouse	0.140664309933	0	475	C	A
N0_Mouse	0.140685918284	0	660	G	C
N0_Mouse	0.141697917939	0	686	T	A
N0_Mouse	0.141956698897	0	746	G	A
N0_Mouse	0.142519902991	0	378	A	C
N0_Mouse	0.142939643073	0	829	T	A
N0_Mouse	0.144180830977	0	95	A	G
N0_Mouse	0.14445898194	0	1102	T	A
N0_Mouse	0.145050819243	0	134	G	A
N0_Mouse	0.145463086237	0	401	T	G
N0_Mouse	0.146190412781	0	11	A	C
N0_Mouse	0.146808036833	0	922	T	G
N0_Mouse	0.148989773854	0	267	G	A
N0_Mouse	0.150596963099	0	31	G	T
N0_Mouse	0.150760103338	0	274	C	T
N0_Mouse	0.15222984374	0	594	A	T
N0_Mouse	0.152247665938	0	630	T	C
N0_Mouse	0.152430462531	0	153	C	G
N0_Mouse	0.152634948735	0	499	A	G
N0_Mouse	0.152979211667	0	263	A	C
N0_Mouse	0.153016993705	0	891	C	A
N0_Mouse	0.154806889166	0	961	A	G
N0_Mouse	0.154911000095	0	702	A	T
N0_Mouse	0.155240708655	0	1315	G	C
N0_Mouse	0.156067807799	0	1116	T	A
N0_Mouse	0.156560164992	0	980	A	G
N0_Mouse	0.15677545116	0	906	C	A
N0_Mouse	0.157181061616	0	182	T	A
N0_Mouse	0.157186917981	0	759	C	A
N0_Mouse	0.157598021384	0	894	G	A
N0_Mouse	0.158125825854	0	754	C	G
N0_Mouse	0.158176240972	0	405	T	A
N0_Mouse	0.158599752116	0	629	T	C
N0_Mouse	0.158697007299	0	586	G	A
N0_Mouse	0.158843528383	0	917	G	A
N0_Mouse	0.159792026112	0	1155	T	G
N0_Mouse	0.160207892791	0	415	A	C
N0_Mouse	0.161045152443	0	242	A	T
N0_Mouse	0.161640646175	0	1021	G	A
N0_Mouse	0.161852002725	0	127	G	A
N0_Mouse	0.16284923527	0	651	T	A
N0_Mouse	0.163373755238	0	1163	A	G
N0_Mouse	0.164304736731	0	295	G	A
N0_Mouse	0.164736232065	0	297	G	A
N0_Mouse	0.164865362663	0	581	A	G
N0_Mouse	0.166151549564	0	972	G	T
N0_Mouse	0.166198413728	0	604	C	T
N0_Mouse	0.167313158508	0	661	G	A
N0_Mouse	0.167512978304	0	399	T	G
N0_Mouse	0.168286692341	0	646	A	G
N0_Mouse	0.168576081378	0	288	C	T
N0_Mouse	0.169624685384	0	405	A	G
N0_Mouse	0.170240766364	0	193	A	T
N0_Mouse	0.170281194727	0	646	G	A
N0_Mouse	0.170343057528	0	962	A	G
N0_Mouse	0.170474615765	0	1184	T	C
N0_Mouse	0.17063948776	0	1017	C	T
N0_Mouse	0.170712811208	0	1231	G	A
N0_Mouse	0.17115138734	0	648	T	G
N0_Mouse	0.174139020597	0	258	C	A
N0_Mouse	0.17436756244	0	1228	A	G
N0_Mouse	0.175428963578	0	1336	A	G
N0_Mouse	0.176151383263	0	108	T	A
N0_Mouse	0.176606326145	0	917	A	T
N0_Mouse	0.176678617287	0	453	T	C
N0_Mouse	0.177233340499	0	309	T	C
N0_Mouse	0.177933093564	0	1241	C	T
N0_Mouse	0.178489672301	0	919	A	G
N0_Mouse	0.183666377041	0	821	T	A
N0_Mouse	0.183864755174	0	587	C	T
N0_Mouse	0.184574691625	0	1061	T	C
N0_Mouse	0.185522185404	0	236	C	A
N0_Mouse	0.18590585159	0	930	G	T
N0_Mouse	0.185943659808	0	176	T	C
N0_Mouse	0.187479780677	0	33	C	T
N0_Mouse	0.188696508915	0	732	G	T
N0_Mouse	0.18948499502	0	247	A	C
N0_Mouse	0.190775720213	0	86	G	C
N0_Mouse	0.191632427413	0	809	T	C
N0_Mouse	0.193148533099	0	746	A	C
N0_Mouse	0.193375520071	0	24	T	C
N0_Mouse	0.194147626865	0	201	A	G
N0_Mouse	0.194800948134	0	327	G	A
N0_Mouse	0.19493039021	0	1001	T	A
N0_Mouse	0.195069095899	0	315	T	C
N0_Mouse	0.195786207193	0	1252	A	G
N0_Mouse	0.197104020712	0	658	G	C
N0_Mouse	0.199397062339	0	331	C	A
N0_Mouse	0.202228440931	0	309	C	G
N0_Mouse	0.202611930562	0	639	T	G
N0_Mouse	0.205226063429	0	769	A	G
N0_Mouse	0.205698218165	0	1014	G	T
N0_Mouse	0.206238904626	0	735	T	A
N0_Mouse	0.207630589901	0	173	A	T
N0_Mouse	0.209297245182	0	303	A	G
N0_Mouse	0.20959427511	0	90	A	C
N0_Mouse	0.210403015015	0	1013	A	G
N0_Mouse	0.210505178175	0	428	C	T
N0_Mouse	0.210786221619	0	719	A	G
N0_Mouse	0.21141372048	0	944	T	G
N0_Mouse	0.214270505952	0	987	C	T
N0_Mouse	0.214911922175	0	982	G	C
N0_Mouse	0.215786911403	0	814	C	A
N0_Mouse	0.21647141874	0	270	T	C
N0_Mouse	0.218021186784	0	850	T	A
N0_Mouse	0.21887600734	0	926	G	A
N0_Mouse	0.220008965827	0	942	C	A
N0_Mouse	0.221458288209	0	321	C	A
N0_Mouse	0.221797167153	0	708	G	A
N0_Mouse	0.222051202849	0	875	T	A
N0_Mouse	0.223089106952	0	1313	T	A
N0_Mouse	0.223622111862	0	862	T	A
N0_Mouse	0.225970253381	0	1246	T	G
N0_Mouse	0.227232678401	0	672	G	C
N0_Mouse	0.227390884192	0	1284	G	A
N0_Mouse	0.228115379483	0	535	G	C
N0_Mouse	0.22863722836	0	207	T	C
N0_Mouse	0.228968095823	0	941	C	G
N0_Mouse	0.22983267749	0	270	C	G
N0_Mouse	0.229961520917	0	613	A	G
N0_Mouse	0.2314731989	0	921	C	T
N0_Mouse	0.231502716919	0	1132	T	C
N0_Mouse	0.233420814243	0	141	C	T
N0_Mouse	0.233654696206	0	257	C	T
N0_Mouse	0.234207923453	0	77	T	G
N0_Mouse	0.234695967115	0	60	A	G
N0_Mouse	0.234816450726	0	524	C	G
N0_Mouse	0.235914160808	0	136	T	G
N0_Mouse	0.237000394042	0	1205	G	T
N0_Mouse	0.237675213224	0	1310	G	A
N0_Mouse	0.237856877245	0	1119	C	A
N0_Mouse	0.238006131669	0	733	A	T
N0_Mouse	0.238065585192	0	942	A	G
N0_Mouse	0.239038393179	0	102	A	G
N0_Mouse	0.239177511327	0	704	C	G
N0_Mouse	0.239231471198	0	717	C	T
N0_Mouse	0.240071619004	0	305	C	T
N0_Mouse	0.240173082822	0	470	T	C
N0_Mouse	0.240292342629	0	683	C	G
N0_Mouse	0.240840100527	0	1305	C	T
N0_Mouse	0.240918052879	0	430	G	A
N0_Mouse	0.243724430585	0	233	G	T
N0_Mouse	0.246298035472	0	1205	T	G
N0_Mouse	0.246924961363	0	716	A	G
N0_Mouse	0.247392812231	0	124	A	G
N0_Mouse	0.249854685003	0	243	G	A
N0_Mouse	0.250115619869	0	980	G	T
N0_Mouse	0.250606493362	0	425	T	C
N0_Mouse	0.251544883849	0	74	T	C
N0_Mouse	0.252173886328	0	776	C	A
N0_Mouse	0.25239702881	0	1087	T	G
N0_Mouse	0.253378827558	0	171	C	T
N0_Mouse	0.254257309453	0	643	A	T
N0_Mouse	0.25495297298	0	90	C	T
N0_Mouse	0.255562154107	0	22	G	A
N0_Mouse	0.25667921254	0	1065	C	A
N0_Mouse	0.256754088536	0	27	A	G
N0_Mouse	0.257847050166	0	5	G	T
N0_Mouse	0.258489206977	0	1161	A	C
N0_Mouse	0.260709478198	0	734	G	C
N0_Mouse	0.261228439631	0	936	A	T
N0_Mouse	0.261746988624	0	119	T	A
N0_Mouse	0.26194489347	0	1224	T	G
N0_Mouse	0.262631790091	0	403	A	G
N0_Mouse	0.263518655787	0	711	C	T
N0_Mouse	0.263638279188	0	378	C	T
N0_Mouse	0.264165240216	0	710	T	G
N0_Mouse	0.264883201594	0	357	G	A
N0_Mouse	0.265163045684	0	605	T	G
N0_Mouse	0.265574330751	0	1024	G	A
N0_Mouse	0.268739334922	0	317	G	A
N0_Mouse	0.269963149667	0	143	A	T
N0_Mouse	0.27018583881	0	1054	A	G
N0_Mouse	0.270831068807	0	411	T	A
N0_Mouse	0.273260377193	0	755	A	C
N0_Mouse	0.273720883465	0	1078	A	G
N0_Mouse	0.273761084963	0	878	A	G
N0_Mouse	0.27389149602	0	58	T	C
N0_Mouse	0.274621926946	0	886	A	G
N0_Mouse	0.274733027673	0	1317	T	G
N0_Mouse	0.277220375118	0	1336	G	A
N0_Mouse	0.277859761905	0	681	A	T
N0_Mouse	0.27838064152	0	60	G	C
N0_Mouse	0.278394704995	0	1003	A	T
N0_Mouse	0.279020208152	0	427	C	G
N0_Mouse	0.280400635343	0	906	A	G
N0_Mouse	0.280486378894	0	580	A	G
N0_Mouse	0.282259724199	0	579	T	G
N0_Mouse	0.28236733843	0	376	A	G
N0_Mouse	0.28252766834	0	634	A	C
N0_Mouse	0.283184228363	0	36	G	A
N0_Mouse	0.283562945688	0	568	A	C
N0_Mouse	0.284365734329	0	730	T	C
N0_Mouse	0.284852382112	0	1253	A	G
N0_Mouse	0.288306542648	0	1053	C	G
N0_Mouse	0.288308776244	0	1066	A	T
N0_Mouse	0.289945583624	0	49	A	C
N0_Mouse	0.292267913657	0	1106	T	C
N0_Mouse	0.29279878723	0	400	T	G
N0_Mouse	0.293320175628	0	328	C	A
N0_Mouse	0.293723674201	0	735	A	G
N0_Mouse	0.296253174667	0	515	C	T
N0_Mouse	0.296348215068	0	183	C	A
N0_Mouse	0.296480830892	0	253	G	T
N0_Mouse	0.296577033757	0	1053	G	A
N0_Mouse	0.296759023496	0	1148	T	G
N0_Mouse	0.298073037354	0	1355	G	A
N0_Mouse	0.298620766711	0	670	T	C
N0_Mouse	0.299881729412	0	125	T	C
N0_Mouse	0.300144246022	0	1154	G	C
N0_Mouse	0.301196069129	0	639	G	C
N0_Mouse	0.301813023856	0	301	C	A
N0_Mouse	0.302516833265	0	758	G	T
N0_Mouse	0.303042698898	0	827	A	T
N0_Mouse	0.306251303005	0	1118	G	A
N0_Mouse	0.306496227135	0	994	C	T
N0_Mouse	0.31040065075	0	1069	C	T
N0_Mouse	0.310971629978	0	1224	G	T
N0_Mouse	0.312373763836	0	518	C	G
N0_Mouse	0.312587765382	0	549	C	T
N0_Mouse	0.312893094976	0	1322	G	A
N0_Mouse	0.31334728069	0	338	T	C
N0_Mouse	0.314441827027	0	1349	C	T
N0_Mouse	0.314827678418	0	557	T	C
N0_Mouse	0.316117732106	0	381	C	T
N0_Mouse	0.317091886716	0	718	G	T
N0_Mouse	0.317541122857	0	146	A	T
N0_Mouse	0.319883312311	0	202	G	T
N0_Mouse	0.320516518072	0	1263	G	T
N0_Mouse	0.321218727152	0	187	A	G
N0_Mouse	0.321412547227	0	320	A	G
N0_Mouse	0.321503503697	0	769	G	C
N0_Mouse	0.322359647481	0	944	G	A
N0_Mouse	0.323237629223	0	1296	C	A
N0_Mouse	0.323398920937	0	115	G	T
N0_Mouse	0.323531254108	0	1098	C	T
N0_Mouse	0.324264785071	0	315	C	G
N0_Mouse	0.324594051953	0	913	C	T
N0_Mouse	0.32536435506	0	1118	A	G
N0_Mouse	0.325702902134	0	541	C	A
N0_Mouse	0.325867412708	0	351	G	C
N0_Mouse	0.327815268936	0	458	G	A
N0_Mouse	0.329002795903	0	1288	C	T
N0_Mouse	0.329188559771	0	203	G	A
N0_Mouse	0.329983400438	0	146	T	C
N0_Mouse	0.330456945266	0	1103	A	G
N0_Mouse	0.330831418104	0	749	A	G
N0_Mouse	0.331480073588	0	909	G	A
N0_Mouse	0.331868900176	0	368	C	G
N0_Mouse	0.33249032531	0	557	C	A
N0_Mouse	0.332761700845	0	1000	T	C
N0_Mouse	0.333527582772	0	656	G	A
N0_Mouse	0.335006825339	0	535	C	T
N0_Mouse	0.335968708078	0	667	C	T
N0_Mouse	0.336398503938	0	729	C	G
N0_Mouse	0.336481720594	0	417	C	T
N0_Mouse	0.337025218662	0	58	C	A
N0_Mouse	0.337639535482	0	445	G	A
N0_Mouse	0.339581157523	0	945	A	G
N0_Mouse	0.340623980733	0	330	A	G
N0_Mouse	0.340945086672	0	279	C	A
N0_Mouse	0.341097139267	0	1350	T	A
N0_Mouse	0.342280016027	0	329	G	C
N0_Mouse	0.342917496186	0	398	G	A
N0_Mouse	0.343700100958	0	641	A	C
N0_Mouse	0.344599118715	0	983	G	A
N0_Mouse	0.346425614115	0	1180	G	T
N0_Mouse	0.346649023154	0	1237	G	C
N0_Mouse	0.34704261009	0	548	G	A
N0_Mouse	0.347588636078	0	819	G	T
N0_Mouse	0.348151574984	0	1207	T	G
N0_Mouse	0.348336804172	0	342	G	A
N0_Mouse	0.348866107938	0	1045	C	T
N0_Mouse	0.350421161947	0	1250	G	A
N0_Mouse	0.350909245823	0	1317	G	T
N0_Mouse	0.350972177832	0	424	T	A
N0_Mouse	0.352016569342	0	654	A	T
N0_Mouse	0.35203656426	0	1000	C	T
N0_Mouse	0.352766664736	0	180	G	T
N0_Mouse	0.353592860699	0	726	C	T
N0_Mouse	0.354511291819	0	83	G	T
N0_Mouse	0.355409944335	0	1168	A	C
N0_Mouse	0.355475484554	0	16	C	T
N0_Mouse	0.356438698104	0	331	A	G
N0_Mouse	0.357495250221	0	76	T	C
N0_Mouse	0.357591725926	0	1340	T	C
N0_Mouse	0.357733182811	0	805	A	C
N0_Mouse	0.358144352942	0	752	T	C
N0_Mouse	0.358698773745	0	312	A	G
N0_Mouse	0.35961576713	0	779	A	G
N0_Mouse	0.360597636673	0	1199	A	G
N0_Mouse	0.360845575046	0	592	G	A
N0_Mouse	0.361628246271	0	643	T	G
N0_Mouse	0.361637721148	0	484	A	T
N0_Mouse	0.361848331001	0	651	A	T
N0_Mouse	0.36436860423	0	1314	A	C
N0_Mouse	0.365440881493	0	186	G	C
N0_Mouse	0.365510844208	0	749	G	T
N0_Mouse	0.36708903358	0	194	G	A
N0_Mouse	0.370166980931	0	1033	A	G
N0_Mouse	0.371034657006	0	366	T	C
N0_Mouse	0.373111899766	0	902	C	T
N0_Mouse	0.374753545611	0	450	C	G
N0_Mouse	0.376301742663	0	301	A	G
N0_Mouse	0.376378940628	0	1094	T	C
N0_Mouse	0.376967124184	0	11	C	A
N0_Mouse	0.377263282514	0	547	T	A
N0_Mouse	0.377963655238	0	496	T	A
N0_Mouse	0.378720557773	0	636	G	C
N0_Mouse	0.379419749394	0	709	C	T
N0_Mouse	0.379595184699	0	41	T	G
N0_Mouse	0.38003202371	0	276	G	C
N0_Mouse	0.380383063981	0	481	C	G
N0_Mouse	0.380445903094	0	964	G	T
N0_Mouse	0.380520138476	0	220	A	G
N0_Mouse	0.380664840184	0	401	G	A
N0_Mouse	0.380700898111	0	599	A	C
N0_Mouse	0.381129145318	0	386	C	T
N0_Mouse	0.38415584251	0	100	G	C
N0_Mouse	0.384483597202	0	226	A	G
N0_Mouse	0.385128706114	0	481	G	A
N0_Mouse	0.386928626653	0	1242	T	A
N0_Mouse	0.387346305207	0	635	C	T
N0_Mouse	0.387763282742	0	1284	A	G
N0_Mouse	0.387976960652	0	162	A	G
N0_Mouse	0.388562366647	0	1275	A	G
N0_Mouse	0.388727633522	0	1186	A	T
N0_Mouse	0.388746742335	0	210	T	C
N0_Mouse	0.389905158026	0	191	G	A
N0_Mouse	0.390492293597	0	309	G	T
N0_Mouse	0.390591494197	0	41	G	A
N0_Mouse	0.391064758267	0	1173	C	A
N0_Mouse	0.39147348004	0	1305	T	A
N0_Mouse	0.393576414772	0	1159	C	T
N0_Mouse	0.394208154609	0	816	T	A
N0_Mouse	0.394759912244	0	356	T	G
N0_Mouse	0.395053579061	0	543	G	A
N0_Mouse	0.396805167612	0	988	T	A
N0_Mouse	0.399796551741	0	617	T	A
N0_Mouse	0.399944661444	0	486	T	C
N0_Mouse	0.400423951645	0	1332	C	T
N0_Mouse	0.400964352044	0	33	T	C
N0_Mouse	0.401854333114	0	1145	G	A
N0_Mouse	0.402142952573	0	502	T	G
N0_Mouse	0.402279713745	0	860	A	G
N0_Mouse	0.404466582692	0	606	A	T
N0_Mouse	0.404800413961	0	683	G	A
N0_Mouse	0.405055933563	0	647	T	G
N0_Mouse	0.405779456346	0	73	T	G
N0_Mouse	0.406393856881	0	133	A	G
N0_Mouse	0.406403907625	0	58	A	T
N0_Mouse	0.407361435925	0	1060	T	A
N0_Mouse	0.407974400188	0	335	T	C
N0_Mouse	0.410274193182	0	1299	G	A
N0_Mouse	0.410591621692	0	1143	T	C
N0_Mouse	0.412472141657	0	541	A	G
N0_Mouse	0.414070712619	0	1233	G	A
N0_Mouse	0.415177932838	0	124	G	T
N0_Mouse	0.416945242885	0	955	G	A
N0_Mouse	0.417282809599	0	120	A	T
N0_Mouse	0.417286889643	0	161	G	C
N0_Mouse	0.421258242244	0	5	T	C
N0_Mouse	0.423229326365	0	1252	G	A
N0_Mouse	0.426048257554	0	340	A	G
N0_Mouse	0.42878403374	0	771	T	C
N0_Mouse	0.429084613744	0	816	A	G
N0_Mouse	0.432389149105	0	433	G	A
N0_Mouse	0.432613433213	0	1204	C	A
N0_Mouse	0.432795809176	0	1098	T	G
N0_Mouse	0.432894374315	0	42	A	C
N0_Mouse	0.433163293845	0	1204	A	C
N0_Mouse	0.433176293457	0	787	A	G
N0_Mouse	0.433446182244	0	810	G	A
N0_Mouse	0.434232071433	0	841	T	C
N0_Mouse	0.435294691061	0	863	T	G
N0_Mouse	0.435791856695	0	666	A	C
N0_Mouse	0.436035226798	0	1231	A	G
N0_Mouse	0.436052088101	0	1251	C	T
N0_Mouse	0.438004225079	0	1013	G	A
N0_Mouse	0.439670813072	0	374	A	C
N0_Mouse	0.439738139596	0	727	C	T
N0_Mouse	0.440807490167	0	878	G	A
N0_Mouse	0.441190178667	0	27	G	T
N0_Mouse	0.441243563251	0	468	G	A
N0_Mouse	0.441501426777	0	131	G	A
N0_Mouse	0.441508002657	0	625	A	G
N0_Mouse	0.443018000676	0	231	A	G
N0_Mouse	0.443213913368	0	740	T	C
N0_Mouse	0.44359559232	0	621	G	A
N0_Mouse	0.444205527321	0	960	G	T
N0_Mouse	0.446064810543	0	596	G	A
N0_Mouse	0.446761789799	0	449	T	C
N0_Mouse	0.447565657793	0	1123	G	C
N0_Mouse	0.449533222529	0	482	G	A
N0_Mouse	0.449770513323	0	375	A	T
N0_Mouse	0.450505514786	0	1117	G	T
N0_Mouse	0.450674445731	0	609	A	G
N0_Mouse	0.451548913356	0	541	G	A
N0_Mouse	0.452543355866	0	81	C	G
N0_Mouse	0.453597538716	0	88	C	A
N0_Mouse	0.453671178733	0	199	A	T
N0_Mouse	0.455648401058	0	455	T	C
N0_Mouse	0.457511229257	0	740	C	G
N0_Mouse	0.458830412984	0	616	A	G
N0_Mouse	0.459045261524	0	1111	T	C
