edge	time	mut_orlg	mut_pos	old_state	new_state
N0_D1	0.0297834078889	0	9	T	C
N0_D1	0.0321394267507	0	16	T	C
D1_N1	0.00701780490366	1	7	T	A
D1_N1	0.0653906400923	2	22	G	T
D1_N1	0.0747636071342	2	11	C	A
D1_N1	0.0946556848343	2	15	A	G
D1_N1	0.105963588552	2	23	C	T
D1_N1	0.107222367298	1	11	C	T
D1_N1	0.140461414136	2	20	G	T
D1_N1	0.149038877257	1	14	A	C
D1_N1	0.164837571849	2	14	A	T
D1_N1	0.198268255804	1	8	G	A
D1_N1	0.20063688872	1	25	T	A
D1_N1	0.216443332176	1	16	C	T
N1_N2	0.00524100142794	2	11	A	G
N2_Orang	0.00518086865418	1	9	C	T
N2_Orang	0.0126323194916	1	4	C	A
N1_Macaq	0.00672854852223	2	0	T	C
N1_Macaq	0.0407181506087	1	17	C	T
N0_Mouse	0.015167264192	0	1	T	C
N0_Mouse	0.0202682809927	0	26	T	C
N0_Mouse	0.0495913575731	0	20	G	T
N0_Mouse	0.0711602802867	0	23	C	T
N0_Mouse	0.140546975554	0	10	G	T
N0_Mouse	0.175757845678	0	14	A	T
N0_Mouse	0.229372265163	0	19	A	G
N0_Mouse	0.278153650314	0	23	T	C
N0_Mouse	0.302231695001	0	9	T	C
N0_Mouse	0.312544409174	0	24	T	A
N0_Mouse	0.315848642487	0	24	A	C
N0_Mouse	0.33172701873	0	11	C	A
N0_Mouse	0.432022716411	0	24	C	A
