edge	time	orlg_from	orlg_to	tract_length	start_pos	stop_pos	num_diff	template_seq	overide_seq
D1_N1	0.000429313850502	1	2	1	440	440	0	A	A
D1_N1	0.00335825695621	2	1	1	129	129	0	A	A
D1_N1	0.00349455426438	1	2	1	12	12	0	A	A
D1_N1	0.00477203752531	2	1	1	234	234	0	A	A
D1_N1	0.00499597607102	2	1	1	405	405	0	G	G
D1_N1	0.00662453322286	2	1	1	12	12	0	A	A
D1_N1	0.0076173860209	1	2	1	753	753	0	C	C
D1_N1	0.00807582392063	1	2	1	748	748	0	T	T
N1_castellii	0.00048027618733	1	2	1	253	253	0	G	G
N1_castellii	0.000565160192522	1	2	1	652	652	0	C	C
N1_castellii	0.00101906087909	1	2	1	755	755	0	T	T
N1_castellii	0.00333412270919	2	1	1	286	286	0	G	G
N1_castellii	0.00514335562297	2	1	1	281	281	0	T	T
N1_castellii	0.00835594133875	2	1	1	820	820	0	T	T
N1_N2	0.00107845039086	1	2	1	286	286	0	G	G
N1_N2	0.00388900956384	1	2	1	128	128	0	A	A
N2_bayanus	0.000778955803415	2	1	1	653	653	0	G	G
N2_bayanus	0.00387839503412	1	2	1	505	505	1	G	A
N2_bayanus	0.00977264291751	1	2	1	359	359	0	T	T
N2_N3	0.00444571340262	1	2	1	830	830	0	A	A
N2_N3	0.00548045761408	2	1	1	722	722	0	G	G
N2_N3	0.00619353449416	1	2	1	729	729	0	T	T
N2_N3	0.00725118491542	2	1	1	489	489	0	A	A
N2_N3	0.00732874636692	1	2	1	396	396	0	A	A
N2_N3	0.00809442376484	2	1	1	739	739	0	A	A
N2_N3	0.00984656268836	2	1	1	182	182	0	C	C
N3_kudriavzevii	0.000467751327194	2	1	1	641	641	1	G	A
N3_kudriavzevii	0.0015621608659	2	1	1	668	668	0	C	C
N3_kudriavzevii	0.00286601088864	1	2	1	373	373	0	T	T
N3_kudriavzevii	0.00594577077646	1	2	1	568	568	0	G	G
N3_kudriavzevii	0.00708207488924	1	2	1	114	114	0	T	T
N3_N4	0.00159045091642	1	2	1	218	218	0	A	A
N3_N4	0.00168704463833	2	1	1	803	803	0	C	C
N3_N4	0.00264447397502	2	1	1	479	479	0	T	T
N3_N4	0.00281042156105	2	1	1	105	105	0	A	A
N3_N4	0.00291035107524	1	2	1	73	73	0	T	T
N3_N4	0.00357370968119	1	2	1	453	453	1	G	T
N3_N4	0.00363816834837	2	1	1	95	95	0	T	T
N3_N4	0.00494940167143	1	2	1	40	40	0	C	C
N3_N4	0.00703289021146	2	1	1	312	312	0	A	A
N3_N4	0.00745102551552	1	2	1	385	385	0	A	A
N3_N4	0.00810079880896	2	1	1	819	819	0	A	A
N3_N4	0.00930018394321	1	2	1	65	65	0	G	G
N4_mikatae	0.00371568722797	2	1	1	464	464	0	C	C
N4_mikatae	0.00568910595557	2	1	1	193	193	0	C	C
N4_mikatae	0.0060909623812	2	1	1	188	188	0	G	G
N4_mikatae	0.00769552561854	2	1	1	121	121	0	A	A
N4_mikatae	0.00828413169592	1	2	1	85	85	0	G	G
N4_mikatae	0.00829841537389	1	2	1	305	305	0	A	A
N4_N5	0.000498672964	1	2	1	822	822	0	A	A
N4_N5	0.00517981719549	1	2	1	136	136	0	G	G
N4_N5	0.00679906355702	1	2	1	388	388	0	A	A
N4_N5	0.0072005934639	1	2	1	799	799	1	T	C
N5_paradoxus	7.61590877586e-05	1	2	1	69	69	0	G	G
N5_paradoxus	0.00179676740385	2	1	1	778	778	0	T	T
N5_paradoxus	0.00374065311038	1	2	1	595	595	1	A	T
N5_paradoxus	0.00524132157561	2	1	1	645	645	0	T	T
N5_paradoxus	0.00569070154464	2	1	1	707	707	0	A	A
N5_paradoxus	0.00960474361569	2	1	1	453	453	0	G	G
N5_cerevisiae	0.00152304473556	2	1	1	484	484	0	T	T
N5_cerevisiae	0.00708670338252	2	1	1	91	91	1	C	T
N5_cerevisiae	0.00857212125101	2	1	1	820	820	0	T	T
N5_cerevisiae	0.00984388543267	2	1	1	216	216	0	T	T
