edge	time	orlg_from	orlg_to	tract_length	start_pos	stop_pos	num_diff	template_seq	overide_seq
D1_N1	0.0023094220417	1	2	1	458	458	0	G	G
D1_N1	0.00375505859979	2	1	1	481	481	0	T	T
D1_N1	0.00551795317844	1	2	1	117	117	0	T	T
D1_N1	0.00740096536946	1	2	1	338	338	0	A	A
D1_N1	0.00779287921393	2	1	1	490	490	0	C	C
D1_N1	0.00958307376894	1	2	1	492	492	0	G	G
D1_N1	0.00966751338654	1	2	1	162	162	0	C	C
D1_N1	0.0123081635524	1	2	1	249	249	0	G	G
D1_N1	0.012766251119	2	1	1	484	484	0	C	C
D1_N1	0.013277104845	2	1	1	177	177	0	T	T
D1_N1	0.0135682600034	2	1	1	347	347	0	G	G
D1_N1	0.0150561025218	1	2	1	1	1	0	T	T
D1_N1	0.0158001915265	2	1	1	417	417	1	G	C
D1_N1	0.0160005611127	1	2	1	517	517	0	A	A
D1_N1	0.0187964643722	1	2	1	619	619	0	G	G
D1_N1	0.0214147102478	2	1	1	307	307	0	T	T
D1_N1	0.0264299050925	1	2	1	255	255	0	C	C
D1_N1	0.0264915650257	2	1	1	584	584	0	C	C
D1_N1	0.0265744015195	2	1	1	183	183	0	T	T
D1_N1	0.0309167123458	1	2	1	363	363	1	T	A
D1_N1	0.0334224073828	1	2	1	710	710	0	A	A
D1_N1	0.0337991470303	2	1	1	454	454	0	G	G
D1_N1	0.0340225162494	2	1	1	41	41	0	G	G
D1_N1	0.0350435067516	1	2	1	614	614	0	C	C
D1_N1	0.0361893428318	1	2	1	96	96	0	A	A
D1_N1	0.0366292912913	1	2	1	151	151	0	A	A
D1_N1	0.0403151016271	1	2	1	195	195	0	G	G
D1_N1	0.0415809722843	2	1	1	227	227	0	C	C
D1_N1	0.0424883077261	2	1	1	223	223	0	A	A
D1_N1	0.043285880897	2	1	1	103	103	0	A	A
D1_N1	0.0433676836654	2	1	1	98	98	0	A	A
D1_N1	0.043388506972	2	1	1	519	519	0	G	G
D1_N1	0.0473298183352	2	1	1	296	296	0	G	G
D1_N1	0.0490747437457	1	2	1	557	557	0	A	A
D1_N1	0.0491365680722	2	1	1	46	46	0	T	T
D1_N1	0.0494014734779	2	1	1	406	406	0	G	G
D1_N1	0.0584458560636	1	2	1	97	97	0	G	G
D1_N1	0.0603843313765	1	2	1	310	310	1	G	A
D1_N1	0.0608317490545	1	2	1	544	544	0	A	A
D1_N1	0.0611132099368	2	1	1	327	327	0	A	A
D1_N1	0.0619139169181	1	2	1	313	313	0	T	T
D1_N1	0.063246861053	1	2	1	367	367	0	T	T
D1_N1	0.0645245103931	2	1	1	116	116	0	G	G
D1_N1	0.0661323147594	1	2	1	524	524	0	C	C
D1_N1	0.0683412462479	1	2	1	88	88	0	T	T
D1_N1	0.0726334855277	1	2	1	250	250	0	A	A
D1_N1	0.0728491289955	1	2	1	688	688	0	A	A
D1_N1	0.073328996377	1	2	1	40	40	0	G	G
D1_N1	0.0762725384017	2	1	1	310	310	0	G	G
D1_N1	0.0780949829761	1	2	1	64	64	0	C	C
D1_N1	0.0785623405337	1	2	1	111	111	0	A	A
D1_N1	0.0803744129847	1	2	1	92	92	0	T	T
D1_N1	0.0848809577393	2	1	1	574	574	1	A	G
D1_N1	0.0859081622952	2	1	1	146	146	0	G	G
D1_N1	0.0871227696131	1	2	1	424	424	0	G	G
D1_N1	0.08996281541	2	1	1	379	379	0	G	G
D1_N1	0.0929483885771	1	2	1	369	369	0	A	A
D1_N1	0.0930380963357	2	1	1	541	541	0	G	G
D1_N1	0.0975863703489	2	1	1	72	72	0	G	G
D1_N1	0.0977833772262	1	2	1	193	193	0	C	C
D1_N1	0.0997099697039	1	2	1	535	535	0	G	G
D1_N1	0.100593435784	2	1	1	636	636	1	A	G
D1_N1	0.10191686365	1	2	1	439	439	0	G	G
D1_N1	0.101939898723	2	1	1	711	711	0	G	G
D1_N1	0.103902520504	2	1	1	258	258	0	A	A
D1_N1	0.10395811871	2	1	1	701	701	0	C	C
D1_N1	0.108530852812	2	1	1	135	135	0	G	G
D1_N1	0.108746250179	2	1	1	471	471	1	T	A
D1_N1	0.109773153207	1	2	1	395	395	0	G	G
D1_N1	0.110636903618	1	2	1	380	380	0	A	A
D1_N1	0.112200438413	2	1	1	630	630	0	G	G
D1_N1	0.112325422733	1	2	1	700	700	0	T	T
D1_N1	0.114232604965	1	2	1	629	629	0	T	T
D1_N1	0.114435693505	1	2	1	541	541	0	G	G
D1_N1	0.115679752298	2	1	1	215	215	0	C	C
D1_N1	0.120292855176	1	2	1	131	131	0	T	T
D1_N1	0.12281620031	1	2	1	41	41	0	G	G
D1_N1	0.123142327309	1	2	1	406	406	0	G	G
D1_N1	0.125230930693	2	1	1	517	517	0	A	A
D1_N1	0.126468519222	2	1	1	494	494	0	T	T
D1_N1	0.126834889256	2	1	1	347	347	0	G	G
D1_N1	0.127733776805	2	1	1	244	244	0	G	G
D1_N1	0.128854089886	1	2	1	333	333	0	C	C
D1_N1	0.12974245185	1	2	1	211	211	0	A	A
D1_N1	0.129861132359	1	2	1	232	232	0	T	T
D1_N1	0.130266567559	1	2	1	515	515	0	T	T
D1_N1	0.130913001674	1	2	1	511	511	0	T	T
D1_N1	0.131166201656	2	1	1	346	346	0	A	A
D1_N1	0.131234319073	1	2	1	506	506	0	T	T
D1_N1	0.132480893724	1	2	1	209	209	0	A	A
D1_N1	0.137993888915	1	2	1	26	26	0	C	C
D1_N1	0.142316912413	2	1	1	79	79	0	C	C
D1_N1	0.143106342082	1	2	1	274	274	0	T	T
D1_N1	0.147183728187	2	1	1	324	324	0	C	C
D1_N1	0.149437281311	2	1	1	401	401	0	T	T
D1_N1	0.149462280862	1	2	1	46	46	0	T	T
D1_N1	0.150983506662	2	1	1	701	701	0	C	C
D1_N1	0.152723815275	1	2	1	333	333	0	C	C
D1_N1	0.153519961703	2	1	1	29	29	1	C	T
D1_N1	0.154556658997	1	2	1	395	395	0	G	G
D1_N1	0.154586717315	2	1	1	720	720	0	A	A
D1_N1	0.155891907621	2	1	1	78	78	1	G	A
D1_N1	0.156537096383	1	2	1	299	299	0	C	C
D1_N1	0.157788166913	1	2	1	59	59	0	T	T
D1_N1	0.16115587161	1	2	1	358	358	1	T	A
D1_N1	0.161545058099	2	1	1	236	236	0	A	A
D1_N1	0.16564449943	2	1	1	284	284	0	G	G
D1_N1	0.166008844874	2	1	1	240	240	0	A	A
D1_N1	0.166407564703	1	2	1	29	29	0	C	C
D1_N1	0.16780289672	2	1	1	157	157	0	C	C
D1_N1	0.168058490369	2	1	1	309	309	0	T	T
D1_N1	0.168106898821	1	2	1	44	44	0	C	C
D1_N1	0.168641665328	2	1	1	621	621	0	A	A
D1_N1	0.169495893844	1	2	1	76	76	1	T	A
D1_N1	0.170033749986	2	1	1	504	504	0	G	G
D1_N1	0.171391299266	1	2	1	460	460	1	G	C
D1_N1	0.176588577876	1	2	1	433	433	0	G	G
D1_N1	0.180341782295	1	2	1	292	292	0	A	A
D1_N1	0.180699296175	2	1	1	118	118	0	C	C
D1_N1	0.181179335865	2	1	1	390	390	0	C	C
D1_N1	0.183895655226	1	2	1	404	404	0	A	A
D1_N1	0.186645016814	2	1	1	377	377	1	A	G
D1_N1	0.186831086491	1	2	1	209	209	0	A	A
D1_N1	0.18765906824	1	2	1	340	340	0	T	T
D1_N1	0.188205753177	1	2	1	110	110	0	T	T
D1_N1	0.190248927051	1	2	1	245	245	0	A	A
D1_N1	0.190940988217	1	2	1	513	513	0	C	C
D1_N1	0.192349425166	1	2	1	452	452	1	G	C
D1_N1	0.19560477352	2	1	1	481	481	1	T	A
D1_N1	0.200340955009	1	2	1	262	262	1	G	T
D1_N1	0.201124444728	1	2	1	648	648	1	T	G
D1_N1	0.201472614672	2	1	1	688	688	0	A	A
D1_N1	0.201954588738	1	2	1	182	182	0	C	C
D1_N1	0.206424012575	1	2	1	320	320	0	G	G
D1_N1	0.20658023902	1	2	1	584	584	0	C	C
D1_N1	0.210990184711	1	2	1	549	549	0	A	A
D1_N1	0.213054211723	2	1	1	87	87	0	A	A
D1_N1	0.213821147994	1	2	1	577	577	1	G	A
D1_N1	0.215225436567	1	2	1	509	509	0	C	C
D1_N1	0.215456991167	2	1	1	571	571	0	A	A
D1_N1	0.217808981621	2	1	1	492	492	1	A	G
D1_N1	0.218998165829	2	1	1	195	195	1	G	C
D1_N1	0.220611939778	2	1	1	297	297	1	T	A
D1_N1	0.223834148905	1	2	1	565	565	0	G	G
D1_N1	0.224639818334	2	1	1	723	723	1	G	A
D1_N1	0.226428017411	2	1	1	273	273	1	G	A
D1_N1	0.232077995601	1	2	1	630	630	1	A	G
D1_N1	0.232490022922	2	1	1	141	141	1	C	G
N1_N2	0.0138183661502	1	2	1	299	299	0	C	C
N1_N2	0.0145725938942	2	1	1	443	443	1	C	G
N2_N3	0.00267669379847	1	2	1	155	155	1	G	A
N2_N3	0.00317585764132	2	1	1	46	46	0	T	T
N2_N3	0.0036410707106	2	1	1	694	694	1	G	A
N3_N4	0.00022653409269	1	2	1	707	707	1	G	A
N3_N4	0.00134692107344	1	2	1	587	587	0	C	C
N3_N4	0.0025141074672	1	2	1	210	210	0	C	C
N3_N4	0.00269484184039	2	1	1	329	329	1	C	T
N3_N4	0.00777329652793	2	1	1	473	473	0	T	T
N3_N4	0.00847226350583	2	1	1	461	461	0	A	A
N4_Human	0.00817840658388	2	1	1	638	638	0	A	A
N4_Human	0.00826534521619	2	1	1	575	575	1	A	T
N4_Human	0.0085461184465	2	1	1	6	6	1	G	C
N4_Human	0.00911679721707	1	2	1	313	313	0	T	T
N4_Chimp	0.000922625822118	1	2	1	580	580	0	C	C
N4_Chimp	0.0016725235288	2	1	1	632	632	1	C	T
N4_Chimp	0.00506177584156	2	1	1	435	435	0	A	A
N4_Chimp	0.00755004625371	2	1	1	571	571	0	A	A
N4_Chimp	0.00908845839623	1	2	1	580	580	0	C	C
N3_Goril	0.000439874527043	2	1	1	488	488	0	A	A
N3_Goril	0.000514588393854	2	1	1	317	317	1	T	A
N3_Goril	0.000886349536112	2	1	1	14	14	1	A	C
N3_Goril	0.00105660673267	1	2	1	479	479	1	T	C
N3_Goril	0.00248439816125	1	2	1	535	535	0	G	G
N3_Goril	0.00529301894147	2	1	1	538	538	0	C	C
N3_Goril	0.00857049700996	2	1	1	363	363	0	T	T
N3_Goril	0.00897491058462	2	1	1	98	98	0	A	A
N3_Goril	0.012617818084	1	2	1	2	2	1	A	T
N3_Goril	0.0127483654111	1	2	1	300	300	0	G	G
N3_Goril	0.0128236158148	2	1	1	540	540	0	T	T
N3_Goril	0.0146402664087	2	1	1	222	222	0	A	A
N3_Goril	0.0150316625206	1	2	1	69	69	0	T	T
N3_Goril	0.0158230479157	1	2	1	511	511	1	C	T
N3_Goril	0.0168331916488	2	1	1	175	175	0	A	A
N3_Goril	0.017041596042	1	2	1	623	623	1	A	T
N3_Goril	0.0178709623106	2	1	1	168	168	0	A	A
N2_Orang	0.000223851985529	2	1	1	571	571	0	A	A
N2_Orang	0.00127630734132	2	1	1	214	214	0	T	T
N2_Orang	0.00448127493551	2	1	1	728	728	0	A	A
N2_Orang	0.00605012670999	2	1	1	68	68	1	C	A
N2_Orang	0.00715645208393	2	1	1	626	626	0	T	T
N2_Orang	0.00717434431016	2	1	1	576	576	1	T	G
N2_Orang	0.00924671274731	1	2	1	316	316	0	A	A
N2_Orang	0.00990883957473	1	2	1	325	325	0	C	C
N2_Orang	0.011476720015	1	2	1	497	497	0	A	A
N2_Orang	0.0124641987288	2	1	1	478	478	0	G	G
N2_Orang	0.0136705144445	2	1	1	57	57	0	T	T
N2_Orang	0.0144187530117	2	1	1	298	298	1	T	G
N2_Orang	0.0161956534702	2	1	1	402	402	0	T	T
N2_Orang	0.0172592067572	1	2	1	120	120	1	G	A
N2_Orang	0.0173718430598	2	1	1	538	538	0	C	C
N2_Orang	0.0185458846721	2	1	1	329	329	1	C	T
N1_Macaq	0.00155055268692	1	2	1	659	659	1	A	T
N1_Macaq	0.00247219471883	2	1	1	689	689	1	A	T
N1_Macaq	0.00348675386683	2	1	1	416	416	1	C	A
N1_Macaq	0.00374316896249	2	1	1	553	553	1	G	A
N1_Macaq	0.00582860445471	2	1	1	400	400	1	A	C
N1_Macaq	0.00592029130414	1	2	1	379	379	0	G	G
N1_Macaq	0.00649485400007	1	2	1	610	610	0	G	G
N1_Macaq	0.00887418674497	2	1	1	321	321	1	C	A
N1_Macaq	0.00891717678181	1	2	1	134	134	0	G	G
N1_Macaq	0.00963555367882	2	1	1	295	295	0	G	G
N1_Macaq	0.0111405147561	2	1	1	418	418	1	C	A
N1_Macaq	0.0138088547027	1	2	1	293	293	0	C	C
N1_Macaq	0.0165504596518	2	1	1	506	506	0	T	T
N1_Macaq	0.0172497185242	2	1	1	88	88	0	T	T
N1_Macaq	0.0204150269927	2	1	1	55	55	1	A	T
N1_Macaq	0.0207340842088	1	2	1	230	230	0	A	A
N1_Macaq	0.0220874184331	2	1	1	132	132	0	A	A
N1_Macaq	0.0234748607137	1	2	1	646	646	1	T	G
N1_Macaq	0.023534561022	2	1	1	188	188	0	T	T
N1_Macaq	0.0275591753624	2	1	1	279	279	1	T	C
N1_Macaq	0.0286513260114	2	1	1	494	494	0	T	T
N1_Macaq	0.0339037360438	2	1	1	633	633	0	A	A
N1_Macaq	0.0339931396933	1	2	1	451	451	0	A	A
N1_Macaq	0.0348439631208	2	1	1	190	190	0	T	T
N1_Macaq	0.036442838128	2	1	1	55	55	0	A	A
N1_Macaq	0.036711174503	2	1	1	341	341	1	A	T
N1_Macaq	0.0371714490409	2	1	1	26	26	0	C	C
N1_Macaq	0.0376459069142	1	2	1	549	549	0	A	A
N1_Macaq	0.0406415205467	1	2	1	614	614	0	C	C
N1_Macaq	0.0431209648948	2	1	1	138	138	1	T	A
N1_Macaq	0.0432202503133	2	1	1	205	205	0	C	C
