edge	time	orlg_from	orlg_to	tract_length	start_pos	stop_pos	num_diff	template_seq	overide_seq
D1_N1	0.00621557562486	1	2	3	405	407	0	CTT	CTT
D1_N1	0.0110680931728	1	2	3	180	182	0	GCA	GCA
D1_N1	0.015237933007	1	2	3	474	476	0	CGC	CGC
D1_N1	0.0173967627435	1	2	3	90	92	0	TAC	TAC
D1_N1	0.0196967947247	1	2	3	57	59	1	GGA	GGG
D1_N1	0.0208699306625	1	2	3	123	125	0	TAT	TAT
D1_N1	0.0220924071074	1	2	3	402	404	0	AAT	AAT
D1_N1	0.0223980190448	1	2	3	387	389	0	GGG	GGG
D1_N1	0.0244340702866	1	2	3	474	476	0	CGC	CGC
D1_N1	0.0258300845702	1	2	3	318	320	0	GTA	GTA
D1_N1	0.0296703939989	1	2	3	87	89	0	TGG	TGG
D1_N1	0.0310146734835	1	2	3	336	338	0	CCT	CCT
D1_N1	0.0339403627025	1	2	3	438	440	0	TGG	TGG
D1_N1	0.0373124689933	1	2	3	153	155	0	CCT	CCT
D1_N1	0.0373609227463	1	2	3	393	395	0	CAA	CAA
D1_N1	0.039299114179	1	2	3	273	275	0	GAA	GAA
D1_N1	0.0415175927151	1	2	3	435	437	0	TCA	TCA
D1_N1	0.0425023946482	1	2	3	456	458	0	GAC	GAC
D1_N1	0.0444175565269	1	2	3	213	215	0	TGG	TGG
D1_N1	0.0453587142334	1	2	3	393	395	0	CAA	CAA
D1_N1	0.0460796067545	1	2	3	42	44	0	ATG	ATG
D1_N1	0.0462232522897	1	2	3	471	473	0	AGA	AGA
D1_N1	0.051075465283	1	2	3	117	119	0	TAC	TAC
D1_N1	0.0552623008202	1	2	3	144	146	0	TAT	TAT
D1_N1	0.0592865225368	1	2	3	336	338	0	CCT	CCT
D1_N1	0.0642066746669	1	2	3	72	74	0	TAC	TAC
D1_N1	0.0660307424181	1	2	3	366	368	0	GGT	GGT
D1_N1	0.06701336949	1	2	3	474	476	0	CGC	CGC
D1_N1	0.0670693170666	1	2	3	405	407	0	CTT	CTT
D1_N1	0.0688702556115	1	2	3	399	401	0	ATC	ATC
D1_N1	0.070081933057	1	2	3	153	155	0	CCT	CCT
D1_N1	0.0704771447911	1	2	3	132	134	0	ATA	ATA
D1_N1	0.0718681126077	1	2	3	162	164	0	ACT	ACT
D1_N1	0.0729254860246	1	2	3	336	338	0	CCT	CCT
D1_N1	0.0736516624721	1	2	3	450	452	0	GAA	GAA
D1_N1	0.0747835045128	1	2	3	78	80	0	ATG	ATG
D1_N1	0.0760407964426	1	2	3	240	242	0	GAT	GAT
D1_N1	0.0764540021412	1	2	3	234	236	0	GGC	GGC
D1_N1	0.0764902732836	1	2	3	243	245	1	AAA	AAG
D1_N1	0.0781742311585	1	2	3	456	458	0	GAC	GAC
D1_N1	0.0784886365412	1	2	3	306	308	0	TTT	TTT
D1_N1	0.0796410347511	1	2	3	276	278	0	GTA	GTA
D1_N1	0.0829884516861	1	2	3	15	17	0	TGT	TGT
D1_N1	0.0861527184705	1	2	3	78	80	0	ATG	ATG
D1_N1	0.0865336949587	1	2	3	147	149	1	GCA	GCG
D1_N1	0.0877941784337	1	2	3	402	404	0	AAT	AAT
D1_N1	0.0904852390995	1	2	3	471	473	0	AGA	AGA
D1_N1	0.0923801383309	1	2	3	237	239	0	GGC	GGC
D1_N1	0.092887459054	1	2	3	474	476	0	CGC	CGC
D1_N1	0.0949842923153	1	2	3	363	365	1	ATT	ATC
D1_N1	0.0980987192123	1	2	3	39	41	0	TAT	TAT
D1_N1	0.103803318881	1	2	3	135	137	0	AGG	AGG
D1_N1	0.103949255351	1	2	3	243	245	0	AAA	AAA
D1_N1	0.10638986758	1	2	3	42	44	0	ATG	ATG
D1_N1	0.10724435802	1	2	3	6	8	0	TTG	TTG
D1_N1	0.10737465109	1	2	3	33	35	0	CGT	CGT
D1_N1	0.10969467782	1	2	3	429	431	1	AAA	AAG
D1_N1	0.110966964496	1	2	3	321	323	0	CCG	CCG
D1_N1	0.111051239461	1	2	3	222	224	0	CCT	CCT
D1_N1	0.113234289138	1	2	3	150	152	0	TCC	TCC
D1_N1	0.114239614408	1	2	3	189	191	0	AGC	AGC
D1_N1	0.11805776028	1	2	3	180	182	1	GCA	GTA
D1_N1	0.12226190278	1	2	3	228	230	0	GAA	GAA
D1_N1	0.126102675094	1	2	3	249	251	0	ATC	ATC
D1_N1	0.127775261399	1	2	3	411	413	1	TTC	TTT
D1_N1	0.128604729178	1	2	3	315	317	1	CTG	CTA
D1_N1	0.12892146877	1	2	3	483	485	0	GTT	GTT
D1_N1	0.129696788733	1	2	3	18	20	0	GAC	GAC
D1_N1	0.132714147475	1	2	3	204	206	0	CGG	CGG
D1_N1	0.133952569826	1	2	3	258	260	0	TCC	TCC
D1_N1	0.134303167772	1	2	3	282	284	0	TTG	TTG
D1_N1	0.136764738411	1	2	3	54	56	1	AGA	AGG
D1_N1	0.136964007201	1	2	3	114	116	0	GCA	GCA
D1_N1	0.139485388072	1	2	3	288	290	0	GAC	GAC
D1_N1	0.141519373972	1	2	3	462	464	0	TAT	TAT
D1_N1	0.143524242112	1	2	3	54	56	0	AGA	AGA
D1_N1	0.147624072631	1	2	3	330	332	0	TCA	TCA
D1_N1	0.14834790431	1	2	3	9	11	0	ATT	ATT
D1_N1	0.148348949025	1	2	3	36	38	0	TAT	TAT
D1_N1	0.149715450805	1	2	3	201	203	1	ATT	ATC
D1_N1	0.150223324083	1	2	3	39	41	0	TAT	TAT
D1_N1	0.156157657153	1	2	3	450	452	0	GAA	GAA
D1_N1	0.156941548542	1	2	3	105	107	0	TGT	TGT
D1_N1	0.159715252973	1	2	3	177	179	1	TCA	TCG
D1_N1	0.160611764572	1	2	3	417	419	0	AAA	AAA
D1_N1	0.161610130542	1	2	3	453	455	0	ACA	ACA
D1_N1	0.164015745824	1	2	3	147	149	0	GCA	GCA
D1_N1	0.165268455753	1	2	3	129	131	0	AAG	AAG
D1_N1	0.168416204028	1	2	3	186	188	1	CGG	TGG
D1_N1	0.168539858486	1	2	3	21	23	1	GGT	GGG
D1_N1	0.17132914833	1	2	3	48	50	1	GAT	GAC
D1_N1	0.171578176144	1	2	3	219	221	0	CAT	CAT
D1_N1	0.172087286955	1	2	3	102	104	1	CTG	CTA
D1_N1	0.172412464466	1	2	3	105	107	0	TGT	TGT
D1_N1	0.173940049202	1	2	3	60	62	0	AGT	AGT
D1_N1	0.176582937163	1	2	3	105	107	0	TGT	TGT
D1_N1	0.17721871498	1	2	3	477	479	0	TGG	TGG
D1_N1	0.177555910075	1	2	3	303	305	0	TTT	TTT
D1_N1	0.17785948355	1	2	3	180	182	0	GCA	GCA
D1_N1	0.17959360041	1	2	3	372	374	0	TAT	TAT
D1_N1	0.180384800571	1	2	3	456	458	1	GAT	GAC
D1_N1	0.181793213264	1	2	3	42	44	0	ATG	ATG
D1_N1	0.184088073845	1	2	3	357	359	1	GCA	GCG
D1_N1	0.185407664779	1	2	3	57	59	0	GGA	GGA
D1_N1	0.185717746805	1	2	3	396	398	0	GAG	GAG
D1_N1	0.18596146157	1	2	3	294	296	0	TTT	TTT
D1_N1	0.186025683556	1	2	3	339	341	0	GGT	GGT
D1_N1	0.189513787874	1	2	3	342	344	0	CAA	CAA
D1_N1	0.190191903457	1	2	3	162	164	0	ACT	ACT
D1_N1	0.190995997482	1	2	3	282	284	1	TTG	CTG
D1_N1	0.193632077006	1	2	3	72	74	0	TAC	TAC
D1_N1	0.197220032527	1	2	3	429	431	0	AAA	AAA
D1_N1	0.198046725597	1	2	3	261	263	0	AAG	AAG
D1_N1	0.198489565452	1	2	3	201	203	0	ATT	ATT
D1_N1	0.206013287527	1	2	3	30	32	0	GCG	GCG
D1_N1	0.206871378841	1	2	3	450	452	0	GAA	GAA
D1_N1	0.207985344283	1	2	3	75	77	1	AGC	AGT
D1_N1	0.208109036896	1	2	3	90	92	0	TAT	TAT
D1_N1	0.20963098869	1	2	3	228	230	0	GAA	GAA
D1_N1	0.210028949273	1	2	3	138	140	0	AAT	AAT
D1_N1	0.210569877571	1	2	3	348	350	0	AAT	AAT
D1_N1	0.211124830883	1	2	3	0	2	0	ATC	ATC
D1_N1	0.211516430999	1	2	3	300	302	1	TCG	TCT
D1_N1	0.211529501467	1	2	3	114	116	0	GCA	GCA
D1_N1	0.212855527815	1	2	3	6	8	0	TTG	TTG
D1_N1	0.213107639137	1	2	3	264	266	0	CAA	CAA
D1_N1	0.2133291919	1	2	3	444	446	0	CAC	CAC
N1_castellii	0.000794781717018	1	2	3	114	116	0	GCA	GCA
N1_castellii	0.0124196961866	1	2	3	300	302	0	TCG	TCG
N1_castellii	0.0127120161318	1	2	3	78	80	0	ATG	ATG
N1_castellii	0.0156521050429	1	2	3	66	68	0	AAT	AAT
N1_castellii	0.0170021447034	1	2	3	450	452	0	GAA	GAA
N1_castellii	0.0170742575551	1	2	3	327	329	1	TAT	TAC
N1_castellii	0.0178847598482	1	2	3	234	236	1	GGC	GGT
N1_castellii	0.0181811074003	1	2	3	282	284	0	TTG	TTG
N1_castellii	0.0210389849314	1	2	3	213	215	0	TGG	TGG
N1_castellii	0.0226149625819	1	2	3	0	2	0	ATC	ATC
N1_castellii	0.023163732906	1	2	3	261	263	0	AAG	AAG
N1_castellii	0.0267536931066	1	2	3	456	458	0	GAT	GAT
N1_castellii	0.0272529541928	1	2	3	6	8	0	TTG	TTG
N1_castellii	0.0289709268875	1	2	3	477	479	0	TGG	TGG
N1_castellii	0.0333739487612	1	2	3	171	173	1	CGG	CGA
N1_castellii	0.0374309985051	1	2	3	81	83	1	CTC	CTT
N1_castellii	0.040040432026	1	2	3	288	290	0	GAC	GAC
N1_castellii	0.0410297016909	1	2	3	462	464	1	TAC	TAT
N1_castellii	0.0410507039833	1	2	3	129	131	1	AAG	AAA
N1_castellii	0.0413647971063	1	2	3	333	335	0	CTC	CTC
N1_castellii	0.0422758229999	1	2	3	138	140	0	AAT	AAT
N1_castellii	0.0458034905222	1	2	3	267	269	0	TAC	TAC
N1_castellii	0.0471619660964	1	2	3	120	122	0	GCC	GCC
N1_castellii	0.0494968179595	1	2	3	264	266	0	CAA	CAA
N1_castellii	0.0514936069465	1	2	3	33	35	0	CGT	CGT
N1_castellii	0.055981183742	1	2	3	216	218	0	GCC	GCC
N1_castellii	0.0613643129535	1	2	3	450	452	1	GAA	GAG
N1_castellii	0.0626442469708	1	2	3	27	29	0	CGG	CGG
N1_castellii	0.0630481783896	1	2	3	471	473	0	AGA	AGA
N1_castellii	0.0630910086791	1	2	3	297	299	1	TTC	TTT
N1_castellii	0.0631363867338	1	2	3	468	470	0	TTC	TTC
N1_castellii	0.0650473992639	1	2	3	45	47	1	AAT	AAC
N1_castellii	0.0665452313251	1	2	3	87	89	0	TGG	TGG
N1_castellii	0.0666314799136	1	2	3	72	74	0	TAC	TAC
N1_castellii	0.0681203140487	1	2	3	243	245	0	AAA	AAA
N1_castellii	0.0687228350377	1	2	3	255	257	1	CTT	CTC
N1_castellii	0.07166849643	1	2	3	465	467	1	ACT	ACC
N1_castellii	0.0735430661142	1	2	3	36	38	0	TAT	TAT
N1_castellii	0.0739895047383	1	2	3	135	137	0	AGG	AGG
N1_castellii	0.0774694270333	1	2	3	312	314	0	TCA	TCA
N1_castellii	0.0819618753929	1	2	3	468	470	0	TTC	TTC
N1_castellii	0.0837594851127	1	2	3	453	455	0	ACA	ACA
N1_castellii	0.0873650235883	1	2	3	210	212	1	CAA	CAG
N1_castellii	0.0874030616047	1	2	3	33	35	0	CGT	CGT
N1_castellii	0.0906679151444	1	2	3	138	140	0	AAT	AAT
N1_castellii	0.0912771523472	1	2	3	294	296	0	TTT	TTT
N1_castellii	0.091901587822	1	2	3	420	422	0	GCC	GCC
N1_castellii	0.0927535131266	1	2	3	33	35	0	CGT	CGT
N1_castellii	0.0927982435038	1	2	3	123	125	0	TAT	TAT
N1_castellii	0.092884138037	1	2	3	87	89	0	TGG	TGG
N1_castellii	0.100018106054	1	2	3	408	410	0	GAG	GAG
N1_castellii	0.10041752195	1	2	3	426	428	1	CAA	CAG
N1_castellii	0.101023773067	1	2	3	486	488	0	ATT	ATT
N1_castellii	0.103995007169	1	2	3	30	32	0	GCG	GCG
N1_castellii	0.104264479615	1	2	3	141	143	0	CAG	CAG
N1_castellii	0.104777199354	1	2	3	168	170	0	ATC	ATC
N1_castellii	0.108536838912	1	2	3	15	17	0	TGT	TGT
N1_castellii	0.110364578467	1	2	3	108	110	0	AGT	AGT
N1_castellii	0.111689239272	1	2	3	387	389	0	GGG	GGG
N1_castellii	0.112402633329	1	2	3	489	491	1	ACA	ACG
N1_castellii	0.113096904581	1	2	3	48	50	0	GAT	GAT
N1_castellii	0.114121275209	1	2	3	243	245	0	AAA	AAA
N1_castellii	0.115582068192	1	2	3	459	461	0	ACG	ACG
N1_castellii	0.115737162025	1	2	3	120	122	0	GCC	GCC
N1_castellii	0.117045486655	1	2	3	285	287	1	AAG	AAA
N1_castellii	0.117136026168	1	2	3	261	263	0	AAG	AAG
N1_castellii	0.123337641782	1	2	3	153	155	1	CCG	CCT
N1_castellii	0.123552256653	1	2	3	114	116	1	GCG	GCA
N1_castellii	0.126497700293	1	2	3	111	113	1	CTG	TTG
N1_castellii	0.127899572728	1	2	3	237	239	1	GGT	GGC
N1_castellii	0.13180951369	1	2	3	378	380	0	TGC	TGC
N1_castellii	0.133409742888	1	2	3	333	335	1	CTC	CTT
N1_castellii	0.134169593499	1	2	3	60	62	0	AGT	AGT
N1_castellii	0.135922752593	1	2	3	114	116	0	GCG	GCG
N1_castellii	0.136586861523	1	2	3	489	491	0	ACA	ACA
N1_castellii	0.137027997806	1	2	3	90	92	0	TAT	TAT
N1_castellii	0.139505394139	1	2	3	426	428	0	CAA	CAA
N1_castellii	0.139844684521	1	2	3	33	35	0	CGT	CGT
N1_castellii	0.14034161112	1	2	3	264	266	0	CAA	CAA
N1_castellii	0.140376229125	1	2	3	438	440	0	TGG	TGG
N1_castellii	0.146386764548	1	2	3	318	320	0	GTA	GTA
N1_castellii	0.146738450717	1	2	3	402	404	0	AAT	AAT
N1_castellii	0.149509350673	1	2	3	450	452	1	GAG	GAA
N1_castellii	0.152520976318	1	2	3	441	443	0	TAC	TAC
N1_castellii	0.154170935054	1	2	3	462	464	0	TAC	TAC
N1_castellii	0.156367584951	1	2	3	333	335	0	CTC	CTC
N1_castellii	0.157148547058	1	2	3	291	293	0	GCT	GCT
N1_castellii	0.157252792002	1	2	3	30	32	0	GCG	GCG
N1_castellii	0.157255570108	1	2	3	411	413	1	TTC	TTT
N1_castellii	0.158128014771	1	2	3	459	461	0	ACG	ACG
N1_castellii	0.159069268387	1	2	3	489	491	0	ACA	ACA
N1_castellii	0.166851316367	1	2	3	150	152	0	TCC	TCC
N1_castellii	0.168027654175	1	2	3	453	455	0	ACA	ACA
N1_castellii	0.169132778585	1	2	3	81	83	0	CTC	CTC
N1_castellii	0.171026588123	1	2	3	207	209	0	GAA	GAA
N1_castellii	0.172900985941	1	2	3	222	224	0	CCT	CCT
N1_castellii	0.173566982243	1	2	3	321	323	0	CCG	CCG
N1_castellii	0.175624718897	1	2	3	57	59	0	GGA	GGA
N1_castellii	0.175627128358	1	2	3	387	389	0	GGG	GGG
N1_castellii	0.177699194405	1	2	3	339	341	0	GGT	GGT
N1_castellii	0.179151997054	1	2	3	399	401	0	ATC	ATC
N1_castellii	0.180702284427	1	2	3	66	68	0	AAT	AAT
N1_N2	0.00265036162892	1	2	3	117	119	0	TAC	TAC
N1_N2	0.0081661544767	1	2	3	342	344	0	CAA	CAA
N1_N2	0.00897396710776	1	2	3	192	194	0	AGC	AGC
N1_N2	0.0117349157984	1	2	3	30	32	0	GCG	GCG
N1_N2	0.0128074214075	1	2	3	42	44	0	ATG	ATG
N1_N2	0.014703515279	1	2	3	408	410	0	GAG	GAG
N1_N2	0.0168791465732	1	2	3	450	452	0	GAA	GAA
N1_N2	0.0169197972798	1	2	3	327	329	1	TAT	TAC
N1_N2	0.0183985265039	1	2	3	471	473	0	AGA	AGA
N1_N2	0.0192745573287	1	2	3	438	440	0	TGG	TGG
N1_N2	0.0196122993006	1	2	3	177	179	0	TCA	TCA
N1_N2	0.0220534810709	1	2	3	183	185	0	AAC	AAC
N1_N2	0.0236198417132	1	2	3	111	113	1	CTG	TTG
N1_N2	0.0254989017151	1	2	3	204	206	1	CGA	CGG
N1_N2	0.0264331079157	1	2	3	42	44	0	ATG	ATG
N1_N2	0.0269028049202	1	2	3	39	41	0	TAT	TAT
N1_N2	0.02726637717	1	2	3	372	374	0	TAT	TAT
N1_N2	0.03334562809	1	2	3	324	326	1	GTT	GTG
N1_N2	0.0342506714557	1	2	3	27	29	0	CGG	CGG
N1_N2	0.0364861483515	1	2	3	156	158	1	TTA	TTG
N1_N2	0.0403455972463	1	2	3	381	383	0	TAT	TAT
N1_N2	0.0405532100146	1	2	3	378	380	1	TGT	TGC
N1_N2	0.0421637450156	1	2	3	297	299	0	TTT	TTT
N1_N2	0.0432057734855	1	2	3	369	371	0	CTT	CTT
N1_N2	0.0448345304721	1	2	3	144	146	0	TAT	TAT
N1_N2	0.046380064467	1	2	3	318	320	0	GTA	GTA
N1_N2	0.0468908464893	1	2	3	3	5	0	TGC	TGC
N1_N2	0.047189149193	1	2	3	36	38	0	TAT	TAT
N1_N2	0.0478044092476	1	2	3	447	449	1	GGC	GGT
N1_N2	0.0550798580472	1	2	3	309	311	0	AAA	AAA
N1_N2	0.0583284678217	1	2	3	345	347	0	GCG	GCG
N1_N2	0.0656295016331	1	2	3	108	110	0	AGT	AGT
N1_N2	0.0661392227519	1	2	3	255	257	1	CTT	CTC
N1_N2	0.0690858938792	1	2	3	486	488	1	ATT	ATC
N1_N2	0.0695405145492	1	2	3	114	116	0	GCA	GCA
N1_N2	0.0714408702713	1	2	3	78	80	0	ATG	ATG
N1_N2	0.0760065631331	1	2	3	384	386	1	TCC	TCA
N1_N2	0.0813168751826	1	2	3	330	332	0	TCA	TCA
N1_N2	0.0830433479447	1	2	3	252	254	0	CAC	CAC
N1_N2	0.0864534145067	1	2	3	459	461	0	ACG	ACG
N1_N2	0.0864758305144	1	2	3	102	104	1	TTG	CTG
N1_N2	0.0915751886672	1	2	3	204	206	0	CGA	CGA
N1_N2	0.0916749345237	1	2	3	42	44	0	ATG	ATG
N1_N2	0.0929539970663	1	2	3	60	62	0	AGT	AGT
N1_N2	0.0994540310758	1	2	3	147	149	0	GCA	GCA
N1_N2	0.100228605845	1	2	3	216	218	0	GCC	GCC
N1_N2	0.101181344472	1	2	3	51	53	0	TCT	TCT
N1_N2	0.106827315519	1	2	3	48	50	0	GAT	GAT
N1_N2	0.110018214193	1	2	3	435	437	0	TCA	TCA
N1_N2	0.110335200509	1	2	3	477	479	0	TGG	TGG
N1_N2	0.112659055789	1	2	3	297	299	0	TTT	TTT
N1_N2	0.116596464091	1	2	3	432	434	0	TTT	TTT
N1_N2	0.117412867996	1	2	3	318	320	0	GTA	GTA
N1_N2	0.118417320452	1	2	3	168	170	1	ATT	ATC
N1_N2	0.118728321157	1	2	3	369	371	0	CTT	CTT
N1_N2	0.119095209493	1	2	3	123	125	0	TAT	TAT
N1_N2	0.11968358122	1	2	3	261	263	0	AAG	AAG
N1_N2	0.121223237889	1	2	3	450	452	1	GAA	GAG
N1_N2	0.122480326175	1	2	3	363	365	0	ATT	ATT
N1_N2	0.12393731662	1	2	3	426	428	1	CAA	CAG
N1_N2	0.124240288555	1	2	3	324	326	0	GTT	GTT
N1_N2	0.12771930758	1	2	3	390	392	0	TTC	TTC
N1_N2	0.127981566921	1	2	3	225	227	0	TCT	TCT
N1_N2	0.128448207661	1	2	3	15	17	0	TGT	TGT
N1_N2	0.132841391717	1	2	3	402	404	0	AAT	AAT
N1_N2	0.134553140385	1	2	3	369	371	0	CTT	CTT
N1_N2	0.134617608691	1	2	3	147	149	0	GCA	GCA
N1_N2	0.137417589401	1	2	3	480	482	1	TCA	TCG
N1_N2	0.140142395386	1	2	3	150	152	1	TCT	TCC
N1_N2	0.142572044995	1	2	3	114	116	0	GCA	GCA
N1_N2	0.145608826287	1	2	3	417	419	0	AAA	AAA
N1_N2	0.147018740842	1	2	3	24	26	0	TCG	TCG
N1_N2	0.147310284754	1	2	3	3	5	0	TGC	TGC
N1_N2	0.149850019769	1	2	3	87	89	0	TGG	TGG
N1_N2	0.153903669901	1	2	3	378	380	0	TGT	TGT
N1_N2	0.153990120914	1	2	3	441	443	0	TAC	TAC
N1_N2	0.155514708992	1	2	3	426	428	0	CAA	CAA
N1_N2	0.156133589254	1	2	3	297	299	0	TTT	TTT
N1_N2	0.156370867836	1	2	3	450	452	0	GAA	GAA
N1_N2	0.158368522475	1	2	3	222	224	1	CCT	CCC
N1_N2	0.159388938436	1	2	3	447	449	1	GGT	GGC
N1_N2	0.161764033087	1	2	3	57	59	0	GGA	GGA
N1_N2	0.161989611732	1	2	3	264	266	0	CAA	CAA
N1_N2	0.163271538403	1	2	3	468	470	1	TTC	TCC
N1_N2	0.16530111573	1	2	3	75	77	0	AGC	AGC
N1_N2	0.167366345684	1	2	3	30	32	0	GCG	GCG
N1_N2	0.167779214955	1	2	3	201	203	1	ATT	ATC
N1_N2	0.169637169176	1	2	3	123	125	0	TAT	TAT
N1_N2	0.171273933514	1	2	3	174	176	0	AAA	AAA
N1_N2	0.174904683565	1	2	3	177	179	0	TCA	TCA
N1_N2	0.175428837575	1	2	3	171	173	2	CGG	AGA
N1_N2	0.17717814859	1	2	3	309	311	0	AAA	AAA
N1_N2	0.180723336615	1	2	3	114	116	1	GCG	GCA
N1_N2	0.1821602235	1	2	3	210	212	1	CAA	CAG
N1_N2	0.182266406342	1	2	3	210	212	0	CAA	CAA
N1_N2	0.182634669918	1	2	3	228	230	0	GAA	GAA
N1_N2	0.185338224225	1	2	3	381	383	1	TAT	TAC
N1_N2	0.188582562929	1	2	3	447	449	0	GGT	GGT
N1_N2	0.189211471806	1	2	3	165	167	1	CGA	AGA
N1_N2	0.1919734671	1	2	3	192	194	0	AGT	AGT
N1_N2	0.193883315122	1	2	3	123	125	0	TAT	TAT
N1_N2	0.195628702982	1	2	3	153	155	0	CCT	CCT
N1_N2	0.195888765904	1	2	3	54	56	1	AGA	AGG
N1_N2	0.197816168881	1	2	3	426	428	0	CAA	CAA
N1_N2	0.199165050925	1	2	3	258	260	2	TCC	CCT
N1_N2	0.199477130277	1	2	3	120	122	0	GCC	GCC
N1_N2	0.200485979453	1	2	3	90	92	0	TAT	TAT
N1_N2	0.200933059773	1	2	3	429	431	0	AAA	AAA
N1_N2	0.204386468103	1	2	3	90	92	0	TAT	TAT
N1_N2	0.208943728138	1	2	3	45	47	1	AAT	AAC
N1_N2	0.210032782669	1	2	3	3	5	0	TGC	TGC
N1_N2	0.210462357432	1	2	3	90	92	0	TAT	TAT
N2_bayanus	0.000676370061166	1	2	3	66	68	1	AAT	AAC
N2_bayanus	0.00196824567436	1	2	3	447	449	0	GGT	GGT
N2_bayanus	0.00251765369962	1	2	3	261	263	0	AAG	AAG
N2_bayanus	0.00288371404058	1	2	3	207	209	0	GAA	GAA
N2_bayanus	0.00296370753859	1	2	3	219	221	1	CAT	TAT
N2_bayanus	0.00313789190984	1	2	3	270	272	1	AGT	AGC
N2_bayanus	0.00506022439787	1	2	3	261	263	0	AAG	AAG
N2_bayanus	0.00608696121015	1	2	3	276	278	0	GTA	GTA
N2_bayanus	0.00835021382751	1	2	3	303	305	0	TTT	TTT
N2_bayanus	0.0112452807899	1	2	3	342	344	0	CAA	CAA
N2_bayanus	0.0132096590345	1	2	3	45	47	0	AAT	AAT
N2_bayanus	0.0198825975671	1	2	3	306	308	2	TTT	CTA
N2_bayanus	0.023167701906	1	2	3	366	368	1	GGT	AGT
N2_bayanus	0.0241276560142	1	2	3	291	293	0	GCC	GCC
N2_bayanus	0.0251151000529	1	2	3	429	431	1	AAG	AAA
N2_bayanus	0.027155146674	1	2	3	291	293	0	GCC	GCC
N2_N3	0.00118486964585	1	2	3	270	272	1	AGT	AGC
N2_N3	0.00739419199646	1	2	3	351	353	0	ATA	ATA
N2_N3	0.00919877842115	1	2	3	195	197	1	GGA	GGG
N2_N3	0.0144009537798	1	2	3	417	419	0	AAA	AAA
N2_N3	0.0164366464527	1	2	3	72	74	0	TAC	TAC
N2_N3	0.0166441765441	1	2	3	363	365	0	ATT	ATT
N2_N3	0.0167625012712	1	2	3	351	353	0	ATA	ATA
N2_N3	0.0167682062104	1	2	3	360	362	2	GCA	ACG
N2_N3	0.0232625426122	1	2	3	333	335	0	CTC	CTC
N3_kudriavzevii	0.000344789064976	1	2	3	384	386	0	TCC	TCC
N3_kudriavzevii	0.00159247982031	1	2	3	102	104	2	CTG	TTA
N3_kudriavzevii	0.00332883918944	1	2	3	303	305	0	TTT	TTT
N3_kudriavzevii	0.00571303576871	1	2	3	105	107	1	TGT	TGC
N3_kudriavzevii	0.00664503538178	1	2	3	108	110	1	AGT	AGC
N3_kudriavzevii	0.0074683473026	1	2	3	18	20	0	GAC	GAC
N3_kudriavzevii	0.00752073853058	1	2	3	333	335	0	CTC	CTC
N3_kudriavzevii	0.0082882901688	1	2	3	465	467	0	ACT	ACT
N3_kudriavzevii	0.00915259424639	1	2	3	75	77	0	AGC	AGC
N3_kudriavzevii	0.0101189230177	1	2	3	18	20	0	GAC	GAC
N3_kudriavzevii	0.0112844959652	1	2	3	96	98	0	GAA	GAA
N3_kudriavzevii	0.0129885660096	1	2	3	153	155	0	CCT	CCT
N3_kudriavzevii	0.0139101263666	1	2	3	411	413	0	TTC	TTC
N3_kudriavzevii	0.0139640532598	1	2	3	78	80	0	ATG	ATG
N3_kudriavzevii	0.0152490793085	1	2	3	105	107	0	TGT	TGT
N3_kudriavzevii	0.0185474102456	1	2	3	444	446	0	CAC	CAC
N3_kudriavzevii	0.0250684914844	1	2	3	339	341	0	GGT	GGT
N3_kudriavzevii	0.0299415229817	1	2	3	330	332	1	TTA	TCA
N3_kudriavzevii	0.0306717535865	1	2	3	135	137	0	AGG	AGG
N3_kudriavzevii	0.0318844400204	1	2	3	489	491	1	ACA	ACG
N3_kudriavzevii	0.0355269781131	1	2	3	321	323	0	CCG	CCG
N3_kudriavzevii	0.0357055886524	1	2	3	456	458	0	GAT	GAT
N3_kudriavzevii	0.036594437507	1	2	3	219	221	1	CAT	TAT
N3_kudriavzevii	0.0395943675914	1	2	3	315	317	1	TTG	CTG
N3_kudriavzevii	0.0415863465244	1	2	3	399	401	1	ATC	ATT
N3_kudriavzevii	0.0419666792636	1	2	3	414	416	0	ATA	ATA
N3_kudriavzevii	0.0436438750192	1	2	3	480	482	1	TCA	TCC
N3_kudriavzevii	0.0456529212992	1	2	3	369	371	0	CTT	CTT
N3_kudriavzevii	0.0493799476932	1	2	3	285	287	0	AAG	AAG
N3_kudriavzevii	0.0496137251235	1	2	3	360	362	0	GCA	GCA
N3_kudriavzevii	0.0496885965464	1	2	3	387	389	1	GGG	GGA
N3_kudriavzevii	0.049929772287	1	2	3	417	419	0	AAA	AAA
N3_kudriavzevii	0.0516538182193	1	2	3	363	365	0	ATT	ATT
N3_kudriavzevii	0.0521118953599	1	2	3	237	239	1	GGT	GGC
N3_kudriavzevii	0.056950659826	1	2	3	453	455	0	ACA	ACA
N3_kudriavzevii	0.0570168424449	1	2	3	222	224	0	CCT	CCT
N3_kudriavzevii	0.0573195082464	1	2	3	114	116	1	GCA	GCG
N3_kudriavzevii	0.0586862987396	1	2	3	231	233	1	TGC	TGT
N3_kudriavzevii	0.0594856288439	1	2	3	447	449	0	GGT	GGT
N3_kudriavzevii	0.0598285825763	1	2	3	399	401	0	ATC	ATC
N3_kudriavzevii	0.0634554761568	1	2	3	273	275	0	GAA	GAA
N3_kudriavzevii	0.0653668443406	1	2	3	72	74	0	TAC	TAC
N3_kudriavzevii	0.0666862209783	1	2	3	444	446	0	CAC	CAC
N3_kudriavzevii	0.0668072468172	1	2	3	480	482	0	TCA	TCA
N3_kudriavzevii	0.0668341215654	1	2	3	189	191	0	AGC	AGC
N3_kudriavzevii	0.0681007648543	1	2	3	486	488	1	ATC	ATT
N3_kudriavzevii	0.0698660458873	1	2	3	315	317	0	TTG	TTG
N3_kudriavzevii	0.0721442978912	1	2	3	234	236	0	GGC	GGC
N3_kudriavzevii	0.075696150822	1	2	3	480	482	0	TCA	TCA
N3_kudriavzevii	0.0772370879349	1	2	3	174	176	0	AAA	AAA
N3_kudriavzevii	0.0779039713737	1	2	3	426	428	0	CAA	CAA
N3_kudriavzevii	0.0817643370644	1	2	3	456	458	0	GAT	GAT
N3_kudriavzevii	0.0834756274121	1	2	3	165	167	0	CGA	CGA
N3_N4	0.00203329127549	1	2	3	198	200	1	GAC	GAT
N3_N4	0.00493372859459	1	2	3	225	227	0	TCT	TCT
N3_N4	0.0054457598926	1	2	3	387	389	1	GGG	GGA
N3_N4	0.0151624661895	1	2	3	270	272	0	AGT	AGT
N3_N4	0.0152789871807	1	2	3	294	296	2	TTC	TAT
N3_N4	0.0160427519037	1	2	3	249	251	0	ATC	ATC
N3_N4	0.0168890435765	1	2	3	471	473	0	AGA	AGA
N3_N4	0.0176823842806	1	2	3	486	488	1	ATC	ATT
N3_N4	0.0202551231159	1	2	3	69	71	2	ATT	ACA
N3_N4	0.0213967182312	1	2	3	321	323	0	CCG	CCG
N3_N4	0.0231183190694	1	2	3	126	128	1	TGC	TGT
N3_N4	0.0309830231117	1	2	3	147	149	0	GCA	GCA
N3_N4	0.0321744633792	1	2	3	198	200	0	GAC	GAC
N4_mikatae	0.00595946515365	1	2	3	102	104	1	TTG	TTA
N4_mikatae	0.006665621216	1	2	3	333	335	0	CTC	CTC
N4_mikatae	0.00691290478715	1	2	3	429	431	0	AAA	AAA
N4_mikatae	0.00899652187807	1	2	3	294	296	0	TTC	TTC
N4_mikatae	0.00934903034095	1	2	3	450	452	0	GAA	GAA
N4_mikatae	0.0100276594059	1	2	3	105	107	1	TGT	TGC
N4_mikatae	0.0134187498453	1	2	3	123	125	0	TAT	TAT
N4_mikatae	0.0193343797897	1	2	3	198	200	0	GAC	GAC
N4_mikatae	0.0196491333485	1	2	3	150	152	0	TCT	TCT
N4_mikatae	0.0213248256659	1	2	3	183	185	0	AAC	AAC
N4_mikatae	0.022134026656	1	2	3	135	137	0	AGG	AGG
N4_mikatae	0.0238991020444	1	2	3	165	167	0	CGA	CGA
N4_mikatae	0.0250070392343	1	2	3	366	368	1	GGT	AGT
N4_mikatae	0.0258927767863	1	2	3	369	371	0	CTT	CTT
N4_mikatae	0.0297916372829	1	2	3	114	116	0	GCG	GCG
N4_mikatae	0.0298029156759	1	2	3	285	287	0	AAG	AAG
N4_mikatae	0.0315509965247	1	2	3	174	176	0	AAA	AAA
N4_mikatae	0.0324449491803	1	2	3	231	233	1	TGC	TGT
N4_mikatae	0.0347358559849	1	2	3	366	368	0	GGT	GGT
N4_mikatae	0.0347929673008	1	2	3	486	488	1	ATC	GTC
N4_mikatae	0.0378287081769	1	2	3	21	23	0	GGT	GGT
N4_mikatae	0.0406167967184	1	2	3	93	95	0	TGT	TGT
N4_mikatae	0.0446131819346	1	2	3	372	374	1	TAC	TAT
N4_mikatae	0.0453305469563	1	2	3	93	95	0	TGT	TGT
N4_mikatae	0.0470075088075	1	2	3	417	419	0	AAA	AAA
N4_mikatae	0.0484544678854	1	2	3	324	326	0	GTT	GTT
N4_mikatae	0.0506541425041	1	2	3	243	245	1	AAA	AAG
N4_mikatae	0.054966509106	1	2	3	357	359	0	GCA	GCA
N4_N5	0.00149614291665	1	2	3	483	485	0	GTT	GTT
N4_N5	0.00554538651218	1	2	3	420	422	1	GCC	GCT
N4_N5	0.00630327415501	1	2	3	387	389	0	GGG	GGG
N4_N5	0.0175876021066	1	2	3	279	281	1	TAT	TAC
N4_N5	0.0182672654461	1	2	3	102	104	1	TTG	TTA
N4_N5	0.0197133189203	1	2	3	114	116	0	GCG	GCG
N4_N5	0.0203828055045	1	2	3	417	419	0	AAA	AAA
N5_paradoxus	0.00204348637565	1	2	3	450	452	0	GAA	GAA
N5_paradoxus	0.00233839658927	1	2	3	270	272	0	AGT	AGT
N5_paradoxus	0.00647791823875	1	2	3	345	347	0	GCG	GCG
N5_paradoxus	0.0130686868325	1	2	3	327	329	1	TAC	TAT
N5_paradoxus	0.0143511424229	1	2	3	339	341	0	GGT	GGT
N5_paradoxus	0.0146987252391	1	2	3	87	89	0	TGG	TGG
N5_paradoxus	0.0150475218195	1	2	3	72	74	0	TAC	TAC
N5_paradoxus	0.0159315509859	1	2	3	63	65	1	AGC	AGT
N5_paradoxus	0.0203879597646	1	2	3	201	203	0	ATT	ATT
N5_paradoxus	0.020834712589	1	2	3	75	77	0	AGC	AGC
N5_cerevisiae	0.00283613130523	1	2	3	207	209	0	GAA	GAA
N5_cerevisiae	0.00355042896648	1	2	3	54	56	0	AGA	AGA
N5_cerevisiae	0.0100216560349	1	2	3	84	86	0	CAT	CAT
N5_cerevisiae	0.0142085267249	1	2	3	195	197	0	GGA	GGA
N5_cerevisiae	0.0154028033788	1	2	3	426	428	0	CAA	CAA
N5_cerevisiae	0.0191424873096	1	2	3	213	215	0	TGG	TGG
N5_cerevisiae	0.0196585064111	1	2	3	87	89	0	TGG	TGG
N5_cerevisiae	0.0211012133747	1	2	3	12	14	0	TGT	TGT
N5_cerevisiae	0.0249695519925	1	2	3	117	119	0	TAT	TAT
N5_cerevisiae	0.0271917556813	1	2	3	105	107	1	TGT	TGC
N5_cerevisiae	0.028628258201	1	2	3	228	230	0	GAA	GAA
N5_cerevisiae	0.0297642227123	1	2	3	243	245	0	AAA	AAA
N5_cerevisiae	0.0306887022498	1	2	3	108	110	1	AGT	AGC
N5_cerevisiae	0.0310997072726	1	2	3	84	86	0	CAT	CAT
N5_cerevisiae	0.0347927086661	1	2	3	147	149	0	GCA	GCA
N5_cerevisiae	0.0384018408071	1	2	3	57	59	0	GGA	GGA
N5_cerevisiae	0.0385600835426	1	2	3	72	74	0	TAC	TAC
N5_cerevisiae	0.0385653653533	1	2	3	81	83	0	CTT	CTT
N5_cerevisiae	0.0386121882928	1	2	3	480	482	1	TCA	TCC
N5_cerevisiae	0.0425529291266	1	2	3	342	344	0	CAA	CAA
N5_cerevisiae	0.043064922971	1	2	3	147	149	0	GCA	GCA
N5_cerevisiae	0.0432293394801	1	2	3	453	455	1	ACG	ACA
N5_cerevisiae	0.0462646953289	1	2	3	435	437	1	TCC	TCA
N5_cerevisiae	0.0465635321083	1	2	3	468	470	0	TTC	TTC
N5_cerevisiae	0.0492610949297	1	2	3	234	236	0	GGC	GGC
N5_cerevisiae	0.0507164714145	1	2	3	123	125	0	TAT	TAT
N5_cerevisiae	0.0574616461115	1	2	3	399	401	0	ATC	ATC
