edge	time	mut_orlg	mut_pos	old_state	new_state
N0_kluyveri	0.000889648836071	0	208	A	G
N0_kluyveri	0.00145327074522	0	122	A	G
N0_kluyveri	0.00148060946954	0	23	C	A
N0_kluyveri	0.00180630429802	0	268	C	G
N0_kluyveri	0.00199298346215	0	455	G	A
N0_kluyveri	0.00207317454085	0	8	G	A
N0_kluyveri	0.00253701236988	0	365	G	A
N0_kluyveri	0.00255720741978	0	479	C	A
N0_kluyveri	0.00260312756286	0	122	G	A
N0_kluyveri	0.00289263480154	0	476	G	A
N0_kluyveri	0.00350257631524	0	410	G	A
N0_kluyveri	0.00426830862906	0	315	A	G
N0_kluyveri	0.00429876167225	0	257	A	G
N0_kluyveri	0.00485703229972	0	488	T	C
N0_kluyveri	0.0050680558112	0	311	A	G
N0_kluyveri	0.00532327815291	0	197	A	C
N0_kluyveri	0.00589124664571	0	209	A	G
N0_kluyveri	0.00593344461782	0	42	A	G
N0_kluyveri	0.00637054614797	0	113	A	T
N0_kluyveri	0.00874712019982	0	224	C	T
N0_kluyveri	0.0087520058598	0	191	T	C
N0_kluyveri	0.00877618852299	0	368	T	C
N0_kluyveri	0.00896084060707	0	35	G	A
N0_kluyveri	0.00902262477781	0	239	A	C
N0_kluyveri	0.00924241274946	0	298	T	C
N0_kluyveri	0.00941800010742	0	20	T	C
N0_kluyveri	0.0096603875513	0	446	A	G
N0_kluyveri	0.0101332816137	0	248	A	G
N0_kluyveri	0.0103670268397	0	380	T	C
N0_kluyveri	0.0107887521209	0	116	T	C
N0_kluyveri	0.0108461288895	0	134	T	C
N0_kluyveri	0.0109409234115	0	47	T	A
N0_kluyveri	0.0111999240089	0	39	A	G
N0_kluyveri	0.0114286488824	0	16	C	T
N0_kluyveri	0.0126002459169	0	398	T	C
N0_kluyveri	0.0126199707446	0	197	C	T
N0_kluyveri	0.0131063790395	0	260	T	A
N0_kluyveri	0.0137183435242	0	33	G	A
N0_D1	0.000619897784288	0	128	C	T
N0_D1	0.000880622723231	0	344	A	G
N0_D1	0.000928287623383	0	47	T	C
N0_D1	0.00119567323816	0	398	T	G
D1_N1	0.000277792962906	1	164	T	C
D1_N1	0.000333069574658	1	326	G	T
D1_N1	0.000530650798895	2	365	G	A
D1_N1	0.000952325215376	1	26	T	C
D1_N1	0.00103688467349	1	284	T	C
D1_N1	0.00112246222575	1	83	T	G
D1_N1	0.00156989439232	2	356	G	A
D1_N1	0.00160188994442	2	41	C	T
D1_N1	0.00168450786182	2	293	C	T
D1_N1	0.00229106002413	2	272	A	G
D1_N1	0.00231661414751	2	101	T	C
D1_N1	0.002637455043	2	165	C	T
D1_N1	0.00323653236709	1	314	C	T
D1_N1	0.0032999546414	2	251	A	G
D1_N1	0.00340553884897	2	431	C	T
D1_N1	0.00341261722298	2	191	T	C
N1_castellii	0.000124354643739	2	26	T	C
N1_castellii	0.000574752146215	2	362	A	G
N1_castellii	0.0009240592674	2	449	A	G
N1_castellii	0.00107801875073	1	38	T	C
N1_castellii	0.00121936903351	2	143	A	G
N1_castellii	0.00132124689208	1	407	A	T
N1_castellii	0.00150316202498	1	428	G	A
N1_castellii	0.00174354765712	1	233	T	G
N1_castellii	0.00192605711845	2	128	T	C
N1_castellii	0.00231663405674	2	86	C	T
N1_castellii	0.00246064117552	2	473	C	T
N1_castellii	0.00248654696056	2	305	A	G
N1_castellii	0.00264878785979	2	50	C	T
N1_castellii	0.00289854084111	2	350	T	C
N1_castellii	0.00301655027733	2	377	A	G
N1_castellii	0.00315821966834	2	375	A	T
N1_castellii	0.00323188748431	2	182	G	A
N1_castellii	0.00324830107113	2	284	T	C
N1_castellii	0.003290918322	1	65	G	A
N1_castellii	0.00331326853589	1	425	T	A
N1_castellii	0.00406525801374	2	341	C	T
N1_castellii	0.00438201691672	1	13	C	T
N1_castellii	0.00451020273844	2	312	T	G
N1_castellii	0.00497677263556	2	359	T	C
N1_castellii	0.0049926101352	2	464	C	T
N1_castellii	0.005165040791	1	210	C	T
N1_castellii	0.00546744314566	1	197	A	G
N1_castellii	0.00633674366444	2	410	G	A
N1_castellii	0.00635524445437	1	431	C	T
N1_castellii	0.00684865264788	1	281	A	G
N1_castellii	0.00697717399612	1	335	T	G
N1_castellii	0.00711133425971	1	79	C	T
N1_castellii	0.00782903844818	1	485	G	A
N1_castellii	0.00789785509463	1	47	C	T
N1_castellii	0.00795668705727	1	374	T	C
N1_castellii	0.00810277315701	1	92	T	C
N1_castellii	0.00833275969585	2	311	A	G
N1_castellii	0.00841660746051	2	90	A	G
N1_castellii	0.00865583618463	1	92	C	T
N1_castellii	0.00891626502668	1	452	C	T
N1_castellii	0.00911691387457	1	210	T	C
N1_castellii	0.00914060596771	2	176	A	C
N1_castellii	0.00920444267499	1	59	G	A
N1_castellii	0.0100512298574	2	431	T	C
N1_castellii	0.0100857841498	1	35	G	A
N1_castellii	0.0102394235244	1	23	C	T
N1_castellii	0.0106989735951	2	125	A	G
N1_castellii	0.0108138224378	1	255	T	C
N1_castellii	0.0108560318181	1	140	C	T
N1_castellii	0.0108580473629	2	392	C	T
N1_castellii	0.010963731817	2	107	G	C
N1_castellii	0.0113910082297	1	128	T	A
N1_castellii	0.0114184628662	2	299	A	C
N1_castellii	0.0114875827912	1	191	T	C
N1_castellii	0.011503030187	2	404	T	C
N1_castellii	0.0117703464394	1	341	C	T
N1_castellii	0.0122097630385	1	281	G	T
N1_castellii	0.0124533546533	1	323	G	A
N1_castellii	0.012481815751	1	389	G	A
N1_castellii	0.0127799544036	1	422	C	T
N1_castellii	0.0129142065968	1	368	T	C
N1_N2	4.98983006557e-05	1	107	G	C
N1_N2	0.000124799711677	1	293	C	T
N1_N2	0.000290888296243	1	2	A	T
N1_N2	0.000437656600273	2	332	C	T
N1_N2	0.000632499299262	2	260	T	C
N1_N2	0.00065407638364	2	308	A	G
N1_N2	0.000679010462384	1	296	A	G
N1_N2	0.000681566988898	1	182	G	A
N1_N2	0.000716712335197	2	219	T	C
N1_N2	0.000744646648161	1	431	C	T
N1_N2	0.000963267380272	2	347	T	A
N1_N2	0.000980013285931	1	98	C	T
N1_N2	0.00110018355118	2	95	A	G
N1_N2	0.00113845291862	2	5	A	G
N1_N2	0.00127315199316	1	206	G	A
N1_N2	0.00148097782157	2	380	T	C
N1_N2	0.0016466331456	1	17	G	A
N1_N2	0.00179895101816	2	101	C	T
N1_N2	0.00203041403772	2	158	C	T
N1_N2	0.0023011095736	1	131	G	A
N1_N2	0.00244428649199	2	50	C	T
N1_N2	0.00256361248514	2	413	G	A
N1_N2	0.00267922444879	1	95	A	G
N1_N2	0.00287912081141	1	431	T	C
N1_N2	0.00289265069486	2	74	T	C
N1_N2	0.00289398726567	2	272	G	A
N1_N2	0.00290763748701	1	173	A	G
N1_N2	0.00295782908478	2	464	C	T
N1_N2	0.00339386753816	1	221	T	C
N1_N2	0.00405784874683	2	290	A	G
N1_N2	0.00455020156342	1	8	G	A
N1_N2	0.00476189794794	1	89	T	C
N1_N2	0.00495803572127	2	332	T	A
N1_N2	0.00510968664095	2	104	C	A
N1_N2	0.00513767342257	1	246	T	A
N1_N2	0.00522018441376	1	332	C	T
N1_N2	0.00539048590739	2	266	G	A
N1_N2	0.00551403898294	1	431	C	T
N1_N2	0.00582973899809	2	185	T	C
N1_N2	0.00593909535918	1	287	A	G
N1_N2	0.00602408479579	1	161	G	C
N1_N2	0.0060954948274	1	116	T	C
N1_N2	0.00617435332874	1	86	C	T
N1_N2	0.00619153556317	1	200	C	T
N1_N2	0.00621870708033	1	413	G	T
N1_N2	0.00642705743846	2	233	T	C
N1_N2	0.00646479247466	1	383	A	T
N1_N2	0.00648590520985	2	431	T	C
N1_N2	0.00655427217148	1	215	A	G
N1_N2	0.00670290194288	2	488	T	C
N1_N2	0.00702079177906	2	359	T	A
N1_N2	0.00719617689234	2	434	C	T
N1_N2	0.00753973761065	1	230	C	T
N1_N2	0.00761233671637	2	24	T	C
N1_N2	0.008313164969	2	229	T	C
N1_N2	0.00864932562545	1	389	G	A
N1_N2	0.00922411633225	1	75	C	T
N1_N2	0.00924425877374	2	143	A	G
N1_N2	0.0092923824423	2	47	C	A
N1_N2	0.00961881459379	1	26	T	C
N1_N2	0.00978671707196	2	68	A	G
N1_N2	0.00986177990746	1	329	G	T
N1_N2	0.0101499887115	2	44	T	C
N1_N2	0.0103726916585	2	491	A	G
N1_N2	0.0108182221682	1	155	G	A
N1_N2	0.0110938657358	1	185	T	C
N1_N2	0.0114247024336	1	347	T	C
N1_N2	0.011954694527	1	405	G	A
N1_N2	0.012002925412	1	368	T	C
N1_N2	0.0122506329789	1	74	C	T
N1_N2	0.0125933353869	1	5	A	G
N1_N2	0.012875111845	1	374	T	C
N1_N2	0.0131520202791	1	236	T	C
N1_N2	0.0133822085196	1	362	A	T
N1_N2	0.0134923954391	1	276	A	G
N1_N2	0.0137172890674	2	230	C	T
N1_N2	0.0138903171014	1	44	T	C
N1_N2	0.014357236429	1	306	T	G
N1_N2	0.0143842625717	2	167	C	T
N1_N2	0.0157440408009	2	86	C	T
N2_bayanus	1.74400726964e-05	2	344	G	T
N2_bayanus	0.000243914253456	1	416	G	A
N2_bayanus	0.000386361430051	1	242	C	T
N2_bayanus	0.00110589863828	2	248	A	G
N2_bayanus	0.00120032138443	1	59	G	A
N2_bayanus	0.00150952850192	2	353	G	A
N2_bayanus	0.00173493297918	1	368	T	C
N2_bayanus	0.00174515764983	2	455	G	A
N2_bayanus	0.00180340857723	2	149	C	T
N2_bayanus	0.00194401895302	2	155	G	A
N2_bayanus	0.00199378927937	1	368	T	C
N2_bayanus	0.00231366388046	1	198	C	T
N2_N3	0.000296528071181	2	122	A	G
N2_N3	0.00121967065293	1	359	A	G
N2_N3	0.00138607448058	1	425	T	C
N2_N3	0.00148627069406	1	29	T	C
N3_kudriavzevii	2.92185643738e-05	1	173	A	G
N3_kudriavzevii	9.96862960305e-05	2	291	A	G
N3_kudriavzevii	0.000535792389819	1	398	G	A
N3_kudriavzevii	0.000621164443173	1	467	G	A
N3_kudriavzevii	0.00100854970386	1	371	G	A
N3_kudriavzevii	0.00120193370748	2	38	T	G
N3_kudriavzevii	0.00164271550223	2	389	G	T
N3_kudriavzevii	0.00174631084631	1	86	C	T
N3_kudriavzevii	0.00178187343436	1	158	T	C
N3_kudriavzevii	0.00183330807568	1	140	C	T
N3_kudriavzevii	0.0018796979569	2	206	G	A
N3_kudriavzevii	0.00190264969612	1	336	T	C
N3_kudriavzevii	0.00257287675449	1	59	G	A
N3_kudriavzevii	0.00274550487725	1	33	G	A
N3_kudriavzevii	0.00294739759926	2	323	G	A
N3_kudriavzevii	0.00317743111643	1	239	A	G
N3_kudriavzevii	0.00336681762306	2	410	G	A
N3_kudriavzevii	0.00337085818443	1	170	T	C
N3_kudriavzevii	0.00347536118457	1	179	G	A
N3_kudriavzevii	0.0037489557562	2	125	A	T
N3_kudriavzevii	0.00442422197692	2	121	G	A
N3_kudriavzevii	0.00444474811947	1	461	A	G
N3_kudriavzevii	0.00496504590392	1	371	A	G
N3_kudriavzevii	0.00511737882532	2	284	T	C
N3_kudriavzevii	0.00514634623557	2	251	G	A
N3_kudriavzevii	0.00518608646811	1	95	G	A
N3_kudriavzevii	0.00549534503498	2	410	A	G
N3_N4	7.0359156867e-05	1	50	T	G
N3_N4	0.000133316726726	1	152	C	T
N3_N4	0.000133879865597	1	353	G	A
N3_N4	0.000386778262667	1	252	T	G
N3_N4	0.000793601692818	1	344	G	T
N3_N4	0.00119187313757	1	68	A	G
N3_N4	0.00135134329689	2	143	G	A
N3_N4	0.00152745507559	2	11	T	C
N3_N4	0.00221422155361	1	131	G	A
N3_N4	0.00229313262839	1	179	G	A
N4_mikatae	0.000228353500497	2	260	C	T
N4_mikatae	0.000264547803994	2	339	C	T
N4_mikatae	0.000278168278015	1	272	A	G
N4_mikatae	0.000443254130867	1	305	A	G
N4_mikatae	0.000561680471374	2	35	G	A
N4_mikatae	0.000815015693536	1	149	C	A
N4_mikatae	0.000959301803953	2	284	T	C
N4_mikatae	0.00118885552661	2	155	G	A
N4_mikatae	0.00125502645094	2	455	G	C
N4_mikatae	0.0012562588774	1	38	T	C
N4_mikatae	0.00140343602787	2	179	G	A
N4_mikatae	0.001966234962	1	333	T	C
N4_mikatae	0.00220240320272	2	197	A	G
N4_mikatae	0.00225978356225	1	68	G	A
N4_mikatae	0.00246967744447	1	126	T	C
N4_mikatae	0.00253741268434	1	434	T	C
N4_mikatae	0.00289528949478	2	20	T	C
N4_mikatae	0.00291860100463	2	137	C	T
N4_mikatae	0.00292496133899	2	95	G	A
N4_mikatae	0.00312946221437	1	254	A	G
N4_mikatae	0.00335037277201	2	278	A	G
N4_mikatae	0.00339693403715	1	8	A	G
N4_mikatae	0.00351581668898	2	239	A	G
N4_mikatae	0.00351619995887	2	122	G	A
N4_mikatae	0.0037728389135	1	341	C	T
N4_mikatae	0.00384981512244	2	152	C	T
N4_mikatae	0.00408763805415	2	242	C	T
N4_mikatae	0.00412350398002	2	110	A	G
N4_mikatae	0.00413098635635	2	23	C	T
N4_N5	5.73660894958e-05	2	99	T	C
N4_N5	0.000189239261563	1	290	A	G
N4_N5	0.000597416242553	2	344	G	T
N4_N5	0.000672748549474	2	425	T	A
N4_N5	0.00102648135538	1	185	C	A
N4_N5	0.00108209786084	1	198	C	T
N4_N5	0.00127043421642	1	86	C	T
N5_paradoxus	0.000322718138115	1	261	A	G
N5_paradoxus	0.000343450373572	1	164	T	C
N5_paradoxus	0.000462245943844	1	71	T	C
N5_paradoxus	0.000808493679047	2	488	C	T
N5_paradoxus	0.000820875841901	1	293	T	C
N5_paradoxus	0.00083532890792	1	464	T	C
N5_cerevisiae	9.96654981306e-05	2	20	T	C
N5_cerevisiae	0.000314365365215	1	215	G	C
N5_cerevisiae	0.000456344459725	2	275	A	C
N5_cerevisiae	0.000469998138319	1	158	T	C
N5_cerevisiae	0.000512845442758	2	398	G	A
N5_cerevisiae	0.000518485105918	1	200	T	C
N5_cerevisiae	0.00146312258765	1	212	A	G
N5_cerevisiae	0.00184570635843	2	233	C	T
N5_cerevisiae	0.00197019608148	2	170	T	C
N5_cerevisiae	0.00212663582151	1	439	A	C
N5_cerevisiae	0.00260354894806	1	164	T	C
N5_cerevisiae	0.00263487226926	1	188	A	G
N5_cerevisiae	0.00288290921774	1	101	T	A
N5_cerevisiae	0.00322575402184	2	416	G	A
N5_cerevisiae	0.00327239715832	2	128	T	C
N5_cerevisiae	0.00397289621387	2	392	C	T
N5_cerevisiae	0.00398871887957	1	233	T	C
N5_cerevisiae	0.00414067742446	2	44	C	T
