edge	time	orlg_from	orlg_to	tract_length	start_pos	stop_pos	num_diff	template_seq	overide_seq
D1_N1	0.00456097940655	2	1	1	699	699	0	T	T
D1_N1	0.00471023653833	1	2	1	14	14	0	T	T
D1_N1	0.00856324218813	1	2	1	749	749	0	A	A
D1_N1	0.00861890344947	2	1	1	741	741	0	T	T
D1_N1	0.00978732775207	1	2	1	431	431	0	C	C
N1_castellii	0.00105257146395	2	1	1	217	217	0	A	A
N1_castellii	0.00588079327362	1	2	1	434	434	0	A	A
N1_castellii	0.0080048769861	2	1	1	385	385	0	A	A
N1_castellii	0.00808974603228	1	2	1	755	755	0	A	A
N1_N2	0.000645465933461	2	1	1	118	118	0	C	C
N1_N2	0.00268060956417	2	1	1	71	71	0	T	T
N1_N2	0.00496843702569	2	1	1	802	802	0	C	C
N2_bayanus	0.00140602834585	1	2	1	125	125	0	G	G
N2_bayanus	0.00217433422664	1	2	1	115	115	0	C	C
N2_bayanus	0.00458440358648	2	1	1	458	458	0	C	C
N2_bayanus	0.00539948142365	1	2	1	94	94	0	C	C
N2_bayanus	0.00925558712038	1	2	1	94	94	0	C	C
N2_N3	0.000731512106352	2	1	1	526	526	0	T	T
N2_N3	0.00251081155404	2	1	1	599	599	0	C	C
N2_N3	0.00373170217315	2	1	1	384	384	0	A	A
N2_N3	0.00505294514538	1	2	1	637	637	1	C	T
N2_N3	0.00537702118703	1	2	1	733	733	0	C	C
N3_kudriavzevii	0.0063788959028	1	2	1	228	228	0	A	A
N3_kudriavzevii	0.00909388837387	1	2	1	730	730	1	G	A
N3_N4	0.000765405618148	1	2	1	227	227	0	A	A
N3_N4	0.00362991788734	1	2	1	291	291	0	C	C
N3_N4	0.00510669877562	2	1	1	437	437	0	T	T
N3_N4	0.00587343225504	1	2	1	712	712	0	T	T
N4_mikatae	0.000718918684256	1	2	1	213	213	0	G	G
N4_mikatae	0.00151232749031	2	1	1	358	358	0	C	C
N4_mikatae	0.00260672991313	2	1	1	290	290	0	G	G
N4_mikatae	0.00311655414314	2	1	1	226	226	1	C	G
N4_mikatae	0.00381302524702	2	1	1	141	141	0	C	C
N4_mikatae	0.00389966967085	2	1	1	677	677	0	T	T
N4_mikatae	0.00429665542878	1	2	1	6	6	0	A	A
N4_N5	0.00156557791058	1	2	1	66	66	0	A	A
N4_N5	0.0063952691544	1	2	1	695	695	0	T	T
N4_N5	0.00922242739696	2	1	1	775	775	1	G	A
N4_N5	0.00946889494664	2	1	1	795	795	0	T	T
N5_paradoxus	0.00280834771011	1	2	1	668	668	0	T	T
N5_paradoxus	0.00406411460389	1	2	1	191	191	0	G	G
N5_paradoxus	0.00670366514099	2	1	1	302	302	0	C	C
N5_paradoxus	0.00876651093197	2	1	1	615	615	0	T	T
N5_cerevisiae	0.00655711238173	2	1	1	516	516	1	T	C
N5_cerevisiae	0.00816903229673	2	1	1	758	758	0	T	T
N5_cerevisiae	0.00837567898313	1	2	1	16	16	0	G	G
N5_cerevisiae	0.00931984805979	2	1	1	306	306	0	A	A
