edge	time	mut_orlg	mut_pos	old_state	new_state
N0_D1	0.00198572156144	0	186	G	T
N0_D1	0.00680968505232	0	568	A	G
N0_D1	0.007715223227	0	272	G	A
N0_D1	0.00832676929739	0	543	T	A
N0_D1	0.0112195616696	0	532	G	A
N0_D1	0.0128448606216	0	95	A	G
N0_D1	0.0159270672167	0	30	T	A
N0_D1	0.0160169254589	0	564	T	C
N0_D1	0.018656350093	0	511	C	T
N0_D1	0.0198289878939	0	300	G	A
N0_D1	0.0210763587842	0	73	T	C
N0_D1	0.0220883691873	0	159	G	A
N0_D1	0.0224503800983	0	111	T	C
N0_D1	0.022888920109	0	410	A	T
N0_D1	0.0269858063231	0	252	A	G
N0_D1	0.0301251619738	0	360	A	T
N0_D1	0.0308485235327	0	69	G	C
N0_D1	0.0315910219795	0	276	T	G
N0_D1	0.0316682659576	0	144	T	G
N0_D1	0.0359662666921	0	340	A	G
N0_D1	0.0383015012409	0	232	A	G
N0_D1	0.0400718701807	0	421	G	A
N0_D1	0.0408847356969	0	540	G	A
N0_D1	0.0431568645207	0	106	G	T
N0_D1	0.0443157094483	0	118	A	G
N0_D1	0.0459843069157	0	474	T	A
N0_D1	0.0489204171912	0	503	A	C
N0_D1	0.049468462906	0	336	G	A
N0_D1	0.0496097435679	0	382	G	C
N0_D1	0.0498038970946	0	116	A	G
N0_D1	0.0500005641323	0	492	G	A
N0_D1	0.050422825174	0	213	C	A
D1_N1	0.000369474894442	2	444	A	G
D1_N1	0.000643257694294	2	304	T	G
D1_N1	0.000735620693514	2	565	G	T
D1_N1	0.00115912781689	2	65	G	T
D1_N1	0.00157953209155	1	382	C	T
D1_N1	0.00194317615984	2	58	T	A
D1_N1	0.00208151401765	1	208	C	A
D1_N1	0.00404342862383	1	235	C	G
D1_N1	0.00623602558861	2	263	A	T
D1_N1	0.00673825855223	1	436	C	T
D1_N1	0.00731764949588	1	94	T	C
D1_N1	0.009006969019	2	238	T	A
D1_N1	0.00909295151046	2	546	G	A
D1_N1	0.0161999473431	2	450	T	A
D1_N1	0.0181064966746	1	15	A	G
D1_N1	0.0185081434689	1	114	T	A
D1_N1	0.0195146768598	1	345	A	G
D1_N1	0.01988330784	1	123	G	T
D1_N1	0.0200091290701	1	91	A	C
D1_N1	0.0205332571335	1	19	T	C
D1_N1	0.0223563937291	2	508	G	A
D1_N1	0.0229912424532	2	27	G	T
D1_N1	0.0238109405232	1	239	G	A
D1_N1	0.0239389389219	2	178	A	T
D1_N1	0.0243358657465	1	337	A	G
D1_N1	0.0254163966674	1	528	C	T
D1_N1	0.0255692765039	1	8	A	T
D1_N1	0.0265177494943	2	240	C	T
D1_N1	0.0275946136323	1	294	A	T
D1_N1	0.0276937615751	2	7	C	T
D1_N1	0.027999444121	1	230	C	T
D1_N1	0.0287360865866	1	92	A	G
D1_N1	0.0292099518047	2	328	T	C
D1_N1	0.0310637388251	1	34	A	G
D1_N1	0.0320099866043	2	409	C	T
D1_N1	0.0354504511488	2	70	T	A
D1_N1	0.036578735533	1	339	A	C
D1_N1	0.0371513708378	1	358	A	C
D1_N1	0.037628472904	2	123	G	A
D1_N1	0.0377794760962	2	88	A	G
D1_N1	0.0403055165569	2	64	C	A
D1_N1	0.0422668105388	1	3	C	G
D1_N1	0.0434412242107	2	227	T	C
D1_N1	0.0435143735906	1	52	A	T
D1_N1	0.04423043798	2	528	C	G
D1_N1	0.0443423455697	1	419	A	T
D1_N1	0.0446959204733	2	426	C	A
D1_N1	0.0447535675474	1	501	A	G
D1_N1	0.0459470921528	1	538	T	A
D1_N1	0.0461997377338	1	177	A	G
D1_N1	0.0484802196459	2	44	A	G
D1_N1	0.0488975398179	2	358	A	G
D1_N1	0.0502538103574	2	332	A	G
D1_N1	0.0520558154124	2	230	C	G
D1_N1	0.053122736936	2	51	G	C
D1_N1	0.0533073040807	1	294	T	C
D1_N1	0.0535259741329	1	531	A	G
D1_N1	0.0535639108252	1	264	A	G
D1_N1	0.0576076178328	2	114	T	C
D1_N1	0.0584306694417	1	53	G	A
D1_N1	0.0594372345126	2	34	A	G
D1_N1	0.059506243468	1	168	G	A
D1_N1	0.0609866665633	1	153	T	C
D1_N1	0.0613907232414	1	158	T	G
D1_N1	0.0614101627117	2	393	G	A
D1_N1	0.0648869033398	1	439	T	A
D1_N1	0.0652473438895	1	199	A	T
D1_N1	0.066211107353	1	556	G	A
D1_N1	0.0678390209285	1	433	T	G
D1_N1	0.0700759593766	2	181	T	G
D1_N1	0.071005154532	1	397	G	A
D1_N1	0.0718272654884	2	473	A	G
D1_N1	0.074867492547	2	294	A	C
D1_N1	0.07560743976	2	423	G	A
D1_N1	0.0763549710788	2	92	A	G
D1_N1	0.0783056885413	2	354	T	C
D1_N1	0.0797213372726	2	419	A	G
D1_N1	0.0799029990702	1	289	A	G
D1_N1	0.0804228818701	2	264	A	G
D1_N1	0.0805738237492	1	551	C	A
D1_N1	0.0806412427291	1	81	A	T
D1_N1	0.0812638670131	1	68	A	G
D1_N1	0.0843596463543	1	221	T	C
D1_N1	0.0858131674413	2	281	T	A
D1_N1	0.0861278921053	1	295	A	T
D1_N1	0.0867480067825	2	227	C	G
D1_N1	0.0871826739677	2	119	T	C
D1_N1	0.0872212363788	2	85	G	A
D1_N1	0.0884464630891	2	264	G	C
D1_N1	0.088629935696	2	297	A	T
D1_N1	0.0899981498393	2	533	G	A
D1_N1	0.0901815767038	2	230	G	C
D1_N1	0.0905434585396	1	241	A	C
D1_N1	0.0908678851277	2	499	G	A
D1_N1	0.0910277260667	1	34	G	C
D1_N1	0.0916129807259	2	40	C	T
D1_N1	0.092220812362	2	379	G	A
D1_N1	0.0922437353567	2	439	T	C
D1_N1	0.0930019028432	2	468	G	T
D1_N1	0.0938690072792	1	282	C	A
D1_N1	0.0951399436469	2	54	A	G
D1_N1	0.0972976460661	1	564	C	T
D1_N1	0.0973754323774	2	281	A	C
D1_N1	0.0989561422827	1	82	T	A
D1_N1	0.0996243169363	1	414	T	A
D1_N1	0.100655499991	1	429	A	T
D1_N1	0.100746288773	1	295	T	C
D1_N1	0.101891123581	2	75	T	G
D1_N1	0.102654939576	1	339	C	T
D1_N1	0.106202426164	2	143	T	A
D1_N1	0.106693824007	1	249	G	T
D1_N1	0.106801361608	1	207	C	T
D1_N1	0.107298790705	2	379	A	G
D1_N1	0.107465698793	2	542	A	G
D1_N1	0.108741842935	1	301	G	C
D1_N1	0.110851812759	1	357	C	T
D1_N1	0.111024455719	2	247	G	A
D1_N1	0.113126549669	1	123	T	G
D1_N1	0.113553654775	2	179	A	G
D1_N1	0.113975528887	1	80	C	T
D1_N1	0.114171690094	1	327	A	T
D1_N1	0.114451209723	1	294	C	G
D1_N1	0.115017328787	2	206	A	T
D1_N1	0.11509738246	1	548	G	A
D1_N1	0.116741078025	2	383	A	C
D1_N1	0.118131948038	1	40	C	A
D1_N1	0.119371469433	2	77	A	G
D1_N1	0.119900185821	2	262	G	A
D1_N1	0.124314880494	2	386	G	C
D1_N1	0.12444977819	1	329	C	T
D1_N1	0.12629545715	2	131	A	G
D1_N1	0.126717998858	2	142	T	C
D1_N1	0.127832936167	2	36	T	C
D1_N1	0.129983120074	2	130	G	T
D1_N1	0.130846219561	2	357	C	T
D1_N1	0.131594394048	2	215	C	T
D1_N1	0.131782967518	2	394	T	C
D1_N1	0.133557836353	2	150	C	T
D1_N1	0.135366424984	1	123	G	T
D1_N1	0.135704022984	1	553	T	G
D1_N1	0.13591802382	2	124	A	T
D1_N1	0.136049696847	1	216	G	A
D1_N1	0.136281737356	1	381	A	G
D1_N1	0.137510090679	2	366	G	C
D1_N1	0.137566192516	1	263	A	C
D1_N1	0.138274408151	2	387	A	C
D1_N1	0.138748276582	2	135	A	G
D1_N1	0.139179055283	2	398	G	A
D1_N1	0.139430345238	1	4	G	T
D1_N1	0.139694344029	2	343	T	C
D1_N1	0.140078907369	1	315	T	C
D1_N1	0.140113774269	2	62	C	T
D1_N1	0.141837428377	2	306	C	G
D1_N1	0.142627974615	2	42	G	A
D1_N1	0.143105181019	2	359	T	C
D1_N1	0.144125664428	1	259	G	A
D1_N1	0.144406772612	2	444	G	A
D1_N1	0.146415540575	1	382	T	C
D1_N1	0.151323250062	1	56	T	A
D1_N1	0.152979868775	2	16	A	T
D1_N1	0.155330411896	1	449	T	C
D1_N1	0.157270298192	2	1	A	G
D1_N1	0.157638696689	2	458	G	C
D1_N1	0.158147154859	1	321	C	A
D1_N1	0.159144663348	2	286	T	A
D1_N1	0.160613450814	1	134	C	G
D1_N1	0.161844825941	1	240	C	T
D1_N1	0.16241000805	2	415	A	T
D1_N1	0.1627809486	1	206	A	G
D1_N1	0.163170019885	1	384	A	T
D1_N1	0.164053187862	1	223	C	T
D1_N1	0.164212262625	1	546	G	T
D1_N1	0.164709667219	1	37	A	G
D1_N1	0.164918538719	2	261	C	A
D1_N1	0.167139281276	2	212	A	G
D1_N1	0.167158217089	1	206	G	A
D1_N1	0.167196621518	1	158	G	T
D1_N1	0.168715421369	1	453	C	G
D1_N1	0.169517226955	2	501	A	T
D1_N1	0.170351689521	1	332	A	C
D1_N1	0.170408970399	2	266	G	A
D1_N1	0.17112662976	2	208	C	T
D1_N1	0.171376960876	1	80	T	A
D1_N1	0.172464805062	2	577	G	A
D1_N1	0.172580172774	1	266	G	A
D1_N1	0.17333589196	1	235	G	T
D1_N1	0.173968108103	1	570	A	G
D1_N1	0.174149789264	1	165	G	A
D1_N1	0.176583137115	1	260	G	C
D1_N1	0.177986365878	2	42	A	G
D1_N1	0.178430483717	1	411	G	A
D1_N1	0.17873513768	1	354	T	A
D1_N1	0.179624387934	1	240	T	G
D1_N1	0.180257934983	1	378	G	A
D1_N1	0.18084323488	1	350	C	A
D1_N1	0.182152391039	1	58	T	C
D1_N1	0.182352203555	2	436	C	T
D1_N1	0.182560998486	2	148	C	A
D1_N1	0.184311915959	1	268	A	T
D1_N1	0.185589130897	1	438	C	T
D1_N1	0.186019639362	1	318	T	C
D1_N1	0.186638212299	2	201	T	A
D1_N1	0.186692399411	1	439	A	G
D1_N1	0.187331007099	2	65	T	G
D1_N1	0.187657729536	1	114	A	C
D1_N1	0.189317424564	2	45	A	G
D1_N1	0.190197344481	1	563	C	T
D1_N1	0.190209504301	2	231	C	T
D1_N1	0.191264772552	2	110	A	G
D1_N1	0.193773706521	2	318	T	G
D1_N1	0.194475056125	2	523	A	C
D1_N1	0.194596926239	1	583	G	C
D1_N1	0.200080343069	1	337	G	A
D1_N1	0.202295293429	1	289	G	A
D1_N1	0.202328176392	2	440	A	C
D1_N1	0.202517852387	2	311	T	A
D1_N1	0.203076010118	2	193	G	A
D1_N1	0.203742896847	1	249	T	C
D1_N1	0.20513224187	2	443	C	A
D1_N1	0.205149882114	2	172	G	A
D1_N1	0.20583858078	2	505	A	T
D1_N1	0.206196404771	2	131	G	A
D1_N1	0.207616628491	2	522	A	G
D1_N1	0.208598679181	1	322	T	A
D1_N1	0.211148522357	1	109	A	G
D1_N1	0.212446314334	1	9	G	A
D1_N1	0.213010188629	2	370	T	C
D1_N1	0.213015197728	1	175	G	T
D1_N1	0.213138293485	1	127	G	A
D1_N1	0.214576288101	1	524	T	A
N1_N2	0.00171373255649	1	543	A	C
N1_N2	0.00425695488235	1	370	T	A
N1_N2	0.00617310687274	1	109	G	A
N1_N2	0.0074098265222	1	332	C	T
N1_N2	0.00857679429749	2	577	A	T
N1_N2	0.00905830152113	1	444	A	G
N1_N2	0.00915276597642	2	511	T	C
N1_N2	0.00941474471258	2	494	G	A
N1_N2	0.011060390307	1	292	T	C
N1_N2	0.0120287150741	2	398	A	G
N1_N2	0.0123012275219	1	312	G	T
N1_N2	0.0124861127962	1	435	A	G
N1_N2	0.0130741626737	2	521	C	T
N1_N2	0.013145553626	2	62	T	G
N1_N2	0.0156749671328	2	522	G	A
N1_N2	0.0157190409996	1	508	G	A
N1_N2	0.0169022740362	2	500	A	G
N2_N3	0.000262425966197	1	563	T	A
N2_N3	0.000293511955345	2	428	T	C
N2_N3	0.00119660542913	1	573	C	G
N2_N3	0.00126368321722	2	451	T	A
N2_N3	0.00128029804947	1	234	T	A
N2_N3	0.00183276147782	2	157	T	G
N2_N3	0.00293431948875	2	339	A	C
N2_N3	0.00304409375549	2	383	C	A
N2_N3	0.00425031486128	1	142	T	G
N2_N3	0.00441833669759	1	401	A	C
N3_N4	0.000533050568359	1	529	G	T
N3_N4	0.000640150296739	1	292	C	T
N3_N4	0.00130928478937	2	218	C	A
N3_N4	0.00306762713618	2	158	T	C
N3_N4	0.00508123560256	1	381	G	A
N3_N4	0.00843737299731	1	15	G	A
N3_N4	0.00852979306089	2	31	C	T
N4_Human	0.00106637267734	2	440	C	A
N4_Human	0.00116559043408	1	2	A	G
N4_Human	0.00129757990423	2	266	A	C
N4_Human	0.00353834006885	1	373	T	C
N4_Human	0.00460078690913	1	254	T	C
N4_Human	0.00504152042084	1	372	C	G
N4_Human	0.00551901587888	2	526	T	C
N4_Human	0.00629463995971	1	559	A	G
N4_Human	0.00637880646913	1	50	C	A
N4_Human	0.00659787048877	2	403	C	A
N4_Human	0.00664921115436	1	446	T	A
N4_Human	0.00669968016942	1	410	T	G
N4_Human	0.00712998240438	1	177	G	A
N4_Human	0.00742307470847	1	453	G	T
N4_Human	0.0077013955165	1	497	T	A
N4_Human	0.00859470678439	2	209	T	A
N4_Human	0.00936199429598	1	547	A	T
N4_Human	0.0096467767716	2	159	A	C
N4_Human	0.0100223808075	1	160	T	C
N4_Chimp	0.000971987512308	2	538	T	C
N4_Chimp	0.00138995973189	2	152	G	A
N4_Chimp	0.00184905488271	2	266	A	G
N4_Chimp	0.00185291761095	1	188	A	G
N4_Chimp	0.00750176838035	1	462	G	A
N4_Chimp	0.00756120591438	2	527	G	A
N4_Chimp	0.00886097254233	1	48	G	T
N4_Chimp	0.009025782962	2	139	A	G
N4_Chimp	0.0095794551988	1	64	C	G
N4_Chimp	0.0100226218734	1	51	G	A
N4_Chimp	0.0105665049096	1	14	A	G
N3_Goril	0.000750519715161	1	525	T	A
N3_Goril	0.00413490884405	2	157	G	T
N3_Goril	0.00422318320369	2	386	C	A
N3_Goril	0.00685222849613	1	497	T	G
N3_Goril	0.00711574820866	2	78	T	C
N3_Goril	0.0105578651855	2	291	C	T
N3_Goril	0.0123236086129	1	378	A	T
N3_Goril	0.0128749104171	2	417	T	C
N3_Goril	0.0131193181905	1	455	G	A
N3_Goril	0.0163597919041	1	409	C	A
N3_Goril	0.017705276945	2	504	A	G
N3_Goril	0.0184107955396	1	410	T	A
N3_Goril	0.0188196769769	1	30	A	G
N3_Goril	0.0194527396437	1	490	A	G
N3_Goril	0.0197961958069	1	112	C	T
N3_Goril	0.0199397952402	2	405	A	T
N3_Goril	0.0202296445985	2	191	A	T
N3_Goril	0.0207465467387	1	210	T	G
N2_Orang	0.00086319117313	2	200	T	C
N2_Orang	0.000874973611641	1	252	G	A
N2_Orang	0.00115373511256	1	204	C	T
N2_Orang	0.00415643917349	1	210	T	A
N2_Orang	0.0044673479819	1	537	G	T
N2_Orang	0.00581005447128	2	494	A	T
N2_Orang	0.00669690939542	1	543	C	T
N2_Orang	0.00818541324525	2	246	A	G
N2_Orang	0.00829547103221	1	341	G	A
N2_Orang	0.0102065660164	2	336	A	C
N2_Orang	0.0102393937042	2	151	G	A
N2_Orang	0.0109625035792	1	128	A	G
N2_Orang	0.0110140780448	1	290	C	A
N2_Orang	0.011693960963	1	455	G	C
N2_Orang	0.0117845109559	1	182	A	C
N2_Orang	0.0126037942395	2	498	A	G
N2_Orang	0.0131142519594	2	197	T	G
N2_Orang	0.0135597504826	2	563	C	G
N2_Orang	0.0139544645583	1	49	C	A
N1_Macaq	0.000185334009091	1	503	C	A
N1_Macaq	0.00262577755071	2	211	C	T
N1_Macaq	0.00266298219014	2	146	C	A
N1_Macaq	0.00278995164455	1	276	G	A
N1_Macaq	0.00519768002874	1	346	T	C
N1_Macaq	0.00900779155727	2	424	C	T
N1_Macaq	0.0105896806036	1	275	C	G
N1_Macaq	0.0110807323229	2	420	G	C
N1_Macaq	0.0115059510982	2	442	G	A
N1_Macaq	0.0133356869066	1	316	A	G
N1_Macaq	0.0142883842515	2	130	T	G
N1_Macaq	0.0145236322451	1	243	G	C
N1_Macaq	0.0149205856651	2	87	G	T
N1_Macaq	0.0154320479262	2	251	C	T
N1_Macaq	0.018379316525	2	427	T	C
N1_Macaq	0.0192712933306	1	465	G	A
N1_Macaq	0.0222346650186	2	293	A	G
N1_Macaq	0.0227980852932	2	196	G	A
N1_Macaq	0.0229083378995	1	245	G	A
N1_Macaq	0.024958696988	2	445	C	T
N1_Macaq	0.0253016170762	1	359	T	G
N1_Macaq	0.0260783165209	1	342	T	C
N1_Macaq	0.0279761878288	2	284	T	G
N1_Macaq	0.0281151527676	2	70	A	T
N1_Macaq	0.0291880441481	2	400	G	C
N1_Macaq	0.0296890901899	1	5	G	A
N1_Macaq	0.0299588080671	1	469	C	T
N1_Macaq	0.0300019394344	2	574	C	T
N1_Macaq	0.0305879982416	2	553	T	A
N1_Macaq	0.0314301779784	2	245	G	A
N0_Mouse	0.0030376286799	0	443	C	A
N0_Mouse	0.00350203175003	0	89	T	C
N0_Mouse	0.0062898250587	0	94	T	C
N0_Mouse	0.00688010898454	0	565	G	T
N0_Mouse	0.0104935683828	0	567	T	A
N0_Mouse	0.0129281439891	0	77	A	G
N0_Mouse	0.0138984389522	0	39	C	A
N0_Mouse	0.0151326002946	0	69	G	A
N0_Mouse	0.0157587826229	0	420	G	A
N0_Mouse	0.0160086603806	0	109	A	T
N0_Mouse	0.0171960442882	0	123	G	C
N0_Mouse	0.018264843774	0	219	T	A
N0_Mouse	0.0183477590405	0	70	T	G
N0_Mouse	0.0204197810365	0	43	T	C
N0_Mouse	0.0216130916885	0	502	A	G
N0_Mouse	0.0230233474858	0	346	T	A
N0_Mouse	0.025752613225	0	159	G	C
N0_Mouse	0.0280146309373	0	41	C	G
N0_Mouse	0.0303632926616	0	94	C	A
N0_Mouse	0.0330532352853	0	374	T	G
N0_Mouse	0.0352233782361	0	533	G	A
N0_Mouse	0.0354036113241	0	458	G	C
N0_Mouse	0.0355619376687	0	429	A	G
N0_Mouse	0.0395092242074	0	472	G	C
N0_Mouse	0.0400087869241	0	217	T	A
N0_Mouse	0.0415952427139	0	429	G	A
N0_Mouse	0.0422759242691	0	292	T	A
N0_Mouse	0.0448225402196	0	385	G	T
N0_Mouse	0.0452692307131	0	531	A	G
N0_Mouse	0.0456694506565	0	529	G	T
N0_Mouse	0.0463287343569	0	64	C	T
N0_Mouse	0.0470744109261	0	144	T	G
N0_Mouse	0.0480812524374	0	530	T	C
N0_Mouse	0.0493537111092	0	55	A	G
N0_Mouse	0.0497008888662	0	468	G	A
N0_Mouse	0.0508001349575	0	106	G	A
N0_Mouse	0.0517573884093	0	27	G	A
N0_Mouse	0.0521282468096	0	70	G	T
N0_Mouse	0.0532366380512	0	352	G	T
N0_Mouse	0.0537703263323	0	39	A	G
N0_Mouse	0.0543984140893	0	43	C	T
N0_Mouse	0.0553144823817	0	429	A	T
N0_Mouse	0.0583635833341	0	191	A	C
N0_Mouse	0.0595791131822	0	231	C	G
N0_Mouse	0.0639919969485	0	22	A	G
N0_Mouse	0.0670806142679	0	484	T	C
N0_Mouse	0.0678742380069	0	491	G	A
N0_Mouse	0.0682308502117	0	302	T	C
N0_Mouse	0.0690836339054	0	138	T	G
N0_Mouse	0.0701184890709	0	376	A	G
N0_Mouse	0.0755224963107	0	241	A	C
N0_Mouse	0.0781305969712	0	232	A	T
N0_Mouse	0.0791427293161	0	379	G	T
N0_Mouse	0.0805960973896	0	394	T	C
N0_Mouse	0.0848897061461	0	84	G	A
N0_Mouse	0.0867518236341	0	26	G	C
N0_Mouse	0.08687072953	0	280	T	A
N0_Mouse	0.0874166257276	0	152	G	A
N0_Mouse	0.0927382052486	0	236	A	T
N0_Mouse	0.0967219066922	0	27	A	T
N0_Mouse	0.103584482686	0	252	A	T
N0_Mouse	0.103750778959	0	340	A	G
N0_Mouse	0.104549998601	0	469	C	G
N0_Mouse	0.104794308154	0	264	A	G
N0_Mouse	0.104840980714	0	535	A	G
N0_Mouse	0.109363106606	0	174	G	C
N0_Mouse	0.109537116575	0	195	T	A
N0_Mouse	0.110865712781	0	381	A	T
N0_Mouse	0.114089798741	0	132	T	A
N0_Mouse	0.114349978906	0	169	A	C
N0_Mouse	0.114489431337	0	346	A	G
N0_Mouse	0.115390798438	0	337	A	T
N0_Mouse	0.11547290365	0	287	T	G
N0_Mouse	0.120378578242	0	141	A	C
N0_Mouse	0.122144407317	0	212	A	T
N0_Mouse	0.127904393496	0	372	C	G
N0_Mouse	0.127964440759	0	16	A	G
N0_Mouse	0.131201427951	0	450	T	A
N0_Mouse	0.13311189611	0	27	T	C
N0_Mouse	0.133825402731	0	221	T	C
N0_Mouse	0.135384919116	0	99	G	A
N0_Mouse	0.136888484244	0	383	A	C
N0_Mouse	0.136938090584	0	26	C	T
N0_Mouse	0.137636310253	0	566	A	G
N0_Mouse	0.14467350139	0	123	C	A
N0_Mouse	0.145371265983	0	505	A	T
N0_Mouse	0.147084944357	0	204	C	G
N0_Mouse	0.14912976864	0	151	G	A
N0_Mouse	0.149844127267	0	49	C	A
N0_Mouse	0.15064113963	0	350	C	A
N0_Mouse	0.151039849406	0	171	A	T
N0_Mouse	0.158592995821	0	494	G	T
N0_Mouse	0.159439531493	0	233	G	T
N0_Mouse	0.161062363685	0	565	T	G
N0_Mouse	0.161502229358	0	46	G	C
N0_Mouse	0.163922634332	0	33	A	C
N0_Mouse	0.167579064434	0	146	C	G
N0_Mouse	0.168489981003	0	344	A	C
N0_Mouse	0.169273266154	0	415	A	G
N0_Mouse	0.170435466812	0	447	A	G
N0_Mouse	0.171326167734	0	230	C	G
N0_Mouse	0.173753581117	0	117	G	T
N0_Mouse	0.174037832484	0	578	C	A
N0_Mouse	0.174399231823	0	418	C	T
N0_Mouse	0.1794322007	0	455	G	A
N0_Mouse	0.181459280957	0	27	C	T
N0_Mouse	0.181481057482	0	227	T	C
N0_Mouse	0.182742335136	0	181	T	G
N0_Mouse	0.185236509586	0	220	A	G
N0_Mouse	0.186723562164	0	49	A	C
N0_Mouse	0.186845400644	0	194	A	C
N0_Mouse	0.187210397856	0	167	G	A
N0_Mouse	0.187385279344	0	281	T	A
N0_Mouse	0.188588451717	0	184	G	A
N0_Mouse	0.189369840538	0	287	G	A
N0_Mouse	0.194305402971	0	279	C	T
N0_Mouse	0.195438440972	0	269	G	T
N0_Mouse	0.195584037506	0	371	A	G
N0_Mouse	0.195813965492	0	421	G	A
N0_Mouse	0.198269581565	0	500	A	G
N0_Mouse	0.201056395127	0	310	C	T
N0_Mouse	0.201616799766	0	265	T	C
N0_Mouse	0.203978213188	0	394	C	T
N0_Mouse	0.206115701508	0	277	A	C
N0_Mouse	0.211012506793	0	406	G	A
N0_Mouse	0.215504893183	0	338	A	G
N0_Mouse	0.216822215208	0	209	T	G
N0_Mouse	0.216936720166	0	152	A	T
N0_Mouse	0.220531538249	0	177	A	T
N0_Mouse	0.222803482421	0	83	A	G
N0_Mouse	0.226275246384	0	458	C	A
N0_Mouse	0.231670831458	0	266	G	T
N0_Mouse	0.232253293554	0	255	T	A
N0_Mouse	0.232940558983	0	321	C	G
N0_Mouse	0.238501349983	0	439	T	A
N0_Mouse	0.243295479198	0	366	G	A
N0_Mouse	0.243607990491	0	326	G	A
N0_Mouse	0.245146006069	0	400	G	C
N0_Mouse	0.247304592223	0	268	A	T
N0_Mouse	0.248375769911	0	257	A	G
N0_Mouse	0.24854970431	0	391	A	G
N0_Mouse	0.248561349218	0	571	T	A
N0_Mouse	0.249556913559	0	9	G	A
N0_Mouse	0.253317226604	0	27	T	A
N0_Mouse	0.25520028972	0	57	G	A
N0_Mouse	0.255603191341	0	101	T	A
N0_Mouse	0.256419891094	0	547	A	T
N0_Mouse	0.256496579066	0	245	G	T
N0_Mouse	0.257169080959	0	37	A	G
N0_Mouse	0.257337020606	0	432	T	C
N0_Mouse	0.260315612938	0	149	T	A
N0_Mouse	0.262434296087	0	582	A	G
N0_Mouse	0.262748848956	0	502	G	T
N0_Mouse	0.263080477298	0	293	A	C
N0_Mouse	0.263194690873	0	221	C	G
N0_Mouse	0.266014207804	0	121	T	G
N0_Mouse	0.271337598726	0	357	C	A
N0_Mouse	0.274742403349	0	562	C	T
N0_Mouse	0.276150767166	0	313	G	T
N0_Mouse	0.276901404848	0	6	T	G
N0_Mouse	0.277172094771	0	417	T	A
N0_Mouse	0.27769119985	0	108	A	G
N0_Mouse	0.278007073342	0	520	T	A
N0_Mouse	0.280328049364	0	223	C	T
N0_Mouse	0.282124958645	0	473	A	G
N0_Mouse	0.283764279494	0	159	C	T
N0_Mouse	0.284654358923	0	20	A	G
N0_Mouse	0.28562740848	0	328	T	A
N0_Mouse	0.290133368765	0	407	C	A
N0_Mouse	0.292288057459	0	207	C	T
N0_Mouse	0.292905491303	0	291	C	T
N0_Mouse	0.293441237817	0	275	C	A
N0_Mouse	0.294755325654	0	501	A	T
N0_Mouse	0.294983351717	0	329	C	A
N0_Mouse	0.296593237368	0	130	G	A
N0_Mouse	0.299742721551	0	141	C	G
N0_Mouse	0.301697487617	0	299	A	C
N0_Mouse	0.305114935228	0	408	C	T
N0_Mouse	0.306429589778	0	191	C	T
N0_Mouse	0.306526915529	0	264	G	A
N0_Mouse	0.30970369832	0	2	A	G
N0_Mouse	0.311001754735	0	147	C	G
N0_Mouse	0.311177826602	0	311	T	C
N0_Mouse	0.311341383865	0	115	C	A
N0_Mouse	0.311837624377	0	76	T	A
N0_Mouse	0.313448743468	0	424	C	A
N0_Mouse	0.313803904042	0	294	A	T
N0_Mouse	0.314816650449	0	175	G	T
N0_Mouse	0.316690421257	0	195	A	G
N0_Mouse	0.318041428029	0	502	T	C
N0_Mouse	0.32287830251	0	251	C	T
N0_Mouse	0.32509010131	0	155	G	T
N0_Mouse	0.32673658531	0	124	A	T
N0_Mouse	0.327409584092	0	51	G	T
N0_Mouse	0.329414596694	0	235	C	G
N0_Mouse	0.331057397526	0	492	G	T
N0_Mouse	0.33306937209	0	94	A	T
N0_Mouse	0.341149317411	0	436	C	T
N0_Mouse	0.341575310472	0	183	A	T
N0_Mouse	0.343506954277	0	456	C	G
N0_Mouse	0.34365926859	0	473	G	A
N0_Mouse	0.343764590826	0	187	A	C
N0_Mouse	0.344316545621	0	582	G	A
N0_Mouse	0.347428883517	0	414	T	G
N0_Mouse	0.349227901403	0	543	T	C
N0_Mouse	0.349547498907	0	343	T	C
N0_Mouse	0.350307623412	0	427	T	C
N0_Mouse	0.351161751091	0	385	T	A
N0_Mouse	0.351730577691	0	133	G	T
N0_Mouse	0.355738725442	0	380	A	T
N0_Mouse	0.357242654619	0	433	T	G
N0_Mouse	0.358314313037	0	120	A	T
N0_Mouse	0.35847603352	0	477	T	C
N0_Mouse	0.359811921446	0	312	G	A
N0_Mouse	0.360068559479	0	69	A	T
N0_Mouse	0.362106448073	0	510	C	A
N0_Mouse	0.363826704529	0	373	T	C
N0_Mouse	0.366454780873	0	376	G	A
N0_Mouse	0.367527987185	0	519	A	G
N0_Mouse	0.368713125114	0	293	C	T
N0_Mouse	0.372178231931	0	131	A	T
N0_Mouse	0.37311736126	0	170	G	C
N0_Mouse	0.373230327379	0	358	A	T
N0_Mouse	0.375101059308	0	349	A	G
N0_Mouse	0.375285544536	0	314	C	T
N0_Mouse	0.378262728391	0	345	A	G
N0_Mouse	0.379365747262	0	204	G	A
N0_Mouse	0.380409199654	0	306	C	G
N0_Mouse	0.380448076808	0	241	C	T
N0_Mouse	0.382447969198	0	457	T	C
N0_Mouse	0.38307315843	0	300	G	A
N0_Mouse	0.383214850127	0	478	G	A
N0_Mouse	0.384338024933	0	279	T	G
N0_Mouse	0.386644536544	0	102	A	C
N0_Mouse	0.386875172355	0	142	T	C
N0_Mouse	0.387045983514	0	488	G	A
N0_Mouse	0.391892508268	0	270	A	C
N0_Mouse	0.392341713869	0	78	T	A
N0_Mouse	0.398524309491	0	126	G	A
N0_Mouse	0.400517846883	0	5	G	A
N0_Mouse	0.401480465685	0	100	A	G
N0_Mouse	0.404123062765	0	173	A	G
N0_Mouse	0.404708274454	0	277	C	T
N0_Mouse	0.40718914473	0	306	G	C
N0_Mouse	0.407931082796	0	297	A	T
N0_Mouse	0.411587893389	0	265	C	A
N0_Mouse	0.411813624731	0	48	G	A
N0_Mouse	0.412300475422	0	3	C	T
N0_Mouse	0.412549186636	0	432	C	G
N0_Mouse	0.413489976149	0	506	G	C
N0_Mouse	0.414875405044	0	116	A	C
N0_Mouse	0.417522742464	0	308	T	C
N0_Mouse	0.41903845524	0	215	C	T
N0_Mouse	0.420296723541	0	22	G	T
N0_Mouse	0.420693163394	0	221	G	A
N0_Mouse	0.422752860292	0	256	C	T
N0_Mouse	0.424506834132	0	105	G	A
N0_Mouse	0.42472938191	0	236	T	C
N0_Mouse	0.424977557523	0	252	T	C
N0_Mouse	0.42818688469	0	546	G	A
N0_Mouse	0.430231910729	0	396	T	G
N0_Mouse	0.432652216955	0	204	A	G
N0_Mouse	0.433449425524	0	0	T	A
N0_Mouse	0.43453176478	0	303	T	C
N0_Mouse	0.4373849103	0	572	C	T
N0_Mouse	0.437451862349	0	162	A	G
N0_Mouse	0.439164858198	0	394	T	A
N0_Mouse	0.439393903585	0	121	G	A
N0_Mouse	0.439863198145	0	564	T	C
N0_Mouse	0.439963608927	0	109	T	C
N0_Mouse	0.441629955096	0	307	C	G
N0_Mouse	0.442959923266	0	366	A	G
N0_Mouse	0.444396946654	0	108	G	T
N0_Mouse	0.444608196479	0	101	A	G
N0_Mouse	0.44461075323	0	402	T	C
N0_Mouse	0.445225659424	0	439	A	T
N0_Mouse	0.445411200345	0	508	G	T
N0_Mouse	0.451341280425	0	567	A	G
N0_Mouse	0.453024379434	0	475	T	A
N0_Mouse	0.454852619113	0	449	T	A
N0_Mouse	0.455431661267	0	462	G	A
N0_Mouse	0.457735209924	0	245	T	C
N0_Mouse	0.458985426641	0	419	A	G
