edge	time	mut_orlg	mut_pos	old_state	new_state
N0_kluyveri	8.43347003074e-05	0	70	T	C
N0_kluyveri	0.000165112506086	0	942	C	A
N0_kluyveri	0.000645299881264	0	535	A	G
N0_kluyveri	0.00504774741828	0	243	A	G
N0_kluyveri	0.0050590716142	0	11	T	G
N0_kluyveri	0.0054131472917	0	852	G	A
N0_kluyveri	0.00635971237851	0	419	T	C
N0_kluyveri	0.00678526058004	0	309	G	A
N0_kluyveri	0.00707744687882	0	298	C	G
N0_kluyveri	0.00825517485917	0	756	T	G
N0_kluyveri	0.00838725353502	0	74	G	A
N0_kluyveri	0.00839748944301	0	816	G	C
N0_kluyveri	0.00876668776403	0	227	G	A
N0_D1	0.000294730886237	0	148	G	T
D1_N1	0.000322155670012	2	902	T	C
D1_N1	0.000629810131537	2	711	G	A
D1_N1	0.000741565174957	1	846	T	G
D1_N1	0.00101006096926	1	258	C	T
D1_N1	0.00132723251874	1	858	G	C
D1_N1	0.00221957533221	1	243	A	C
D1_N1	0.00222740351566	2	286	G	A
D1_N1	0.00271897709473	1	693	T	C
D1_N1	0.00297296908861	1	693	C	G
D1_N1	0.003062550601	1	592	A	G
D1_N1	0.00337732559053	2	729	G	A
D1_N1	0.00429627675061	2	495	T	C
D1_N1	0.00501922158105	1	633	T	A
D1_N1	0.00665055701803	1	2	G	A
D1_N1	0.00679575957616	2	622	G	A
D1_N1	0.00716192526282	2	579	T	G
D1_N1	0.00730247887679	2	860	C	G
D1_N1	0.00737859662791	1	696	A	C
D1_N1	0.0074935230876	2	762	G	A
D1_N1	0.0076736474966	2	404	C	T
D1_N1	0.00779066970841	2	741	T	C
D1_N1	0.007814937309	2	892	T	C
D1_N1	0.00784239553137	2	702	A	G
D1_N1	0.00795235388695	1	518	C	T
D1_N1	0.00795636279141	1	714	G	A
D1_N1	0.00806057629125	1	606	A	C
D1_N1	0.00822593216769	2	8	T	G
D1_N1	0.00853205111053	1	582	G	C
D1_N1	0.00915317659905	1	804	G	C
D1_N1	0.00921419523906	2	804	G	A
D1_N1	0.00959224281171	2	744	A	C
D1_N1	0.00998302983132	2	475	G	C
N1_castellii	0.000306910325974	2	631	T	A
N1_castellii	0.000567151564583	2	113	A	G
N1_castellii	0.00112433343675	1	876	C	A
N1_castellii	0.00140477919298	2	495	C	T
N1_castellii	0.00178639776093	1	747	C	G
N1_castellii	0.00208325212701	1	597	C	T
N1_castellii	0.00247510208157	1	945	T	C
N1_castellii	0.00253452033734	1	86	C	T
N1_castellii	0.00286217008771	2	148	T	C
N1_castellii	0.00300214109738	1	175	G	A
N1_castellii	0.0033252034907	2	838	A	G
N1_castellii	0.00362831132999	2	555	A	C
N1_castellii	0.00376345861128	1	768	A	G
N1_castellii	0.00379859902081	1	889	C	A
N1_castellii	0.00395825478513	1	816	G	A
N1_castellii	0.00402920498577	2	868	T	C
N1_castellii	0.00433875166043	2	603	G	A
N1_castellii	0.00492967445122	2	762	A	G
N1_castellii	0.00591200111123	1	473	C	G
N1_castellii	0.00704691976481	1	582	C	T
N1_castellii	0.00704734290226	2	837	G	C
N1_castellii	0.00708766260465	2	930	T	C
N1_castellii	0.00711783854651	1	723	G	A
N1_castellii	0.00729422124643	2	600	T	C
N1_castellii	0.00747670680962	2	513	T	C
N1_castellii	0.0075153533287	2	744	C	T
N1_castellii	0.00795019768572	1	311	C	G
N1_castellii	0.00839024407232	2	645	T	C
N1_castellii	0.00855241477403	1	880	C	T
N1_castellii	0.00990443977757	2	774	G	A
N1_N2	0.000635052459962	1	594	C	T
N1_N2	0.000753845201056	1	297	C	G
N1_N2	0.000948363903428	2	339	G	A
N1_N2	0.00118744071906	1	334	G	C
N1_N2	0.00123142541265	1	109	A	G
N1_N2	0.00127844111917	2	781	A	T
N1_N2	0.00155989589881	1	347	A	T
N1_N2	0.00191640155426	2	130	G	A
N1_N2	0.00214920016086	2	557	G	A
N1_N2	0.00227929473996	1	739	G	C
N1_N2	0.00240183124403	1	693	G	A
N1_N2	0.00264289243393	2	384	G	A
N1_N2	0.00288111537726	2	272	G	A
N1_N2	0.00364884771513	1	825	G	A
N1_N2	0.00408993392377	1	933	G	A
N1_N2	0.00421517381527	2	663	G	A
N1_N2	0.00492177624119	2	513	T	C
N1_N2	0.0052082632767	2	879	A	G
N1_N2	0.00598949928841	2	539	A	T
N1_N2	0.00611082347904	1	772	A	C
N1_N2	0.00625496923423	1	813	C	T
N1_N2	0.00667607006165	2	23	G	A
N1_N2	0.00725628577513	1	669	C	T
N1_N2	0.00732203201774	2	11	T	A
N1_N2	0.00789244586728	1	609	A	G
N1_N2	0.00800102478837	2	795	G	A
N1_N2	0.00866298322489	2	882	T	C
N1_N2	0.00888565354515	2	101	T	G
N1_N2	0.00925212773051	1	23	G	A
N1_N2	0.00963518724772	1	939	C	A
N2_bayanus	0.000233598315223	1	784	A	G
N2_bayanus	0.00023890080399	1	930	T	G
N2_bayanus	0.000358258906433	1	934	T	C
N2_bayanus	0.000427344331263	2	5	G	A
N2_bayanus	0.00049491855317	1	492	T	C
N2_bayanus	0.000522260702949	1	392	C	G
N2_bayanus	0.000556539122289	2	601	A	C
N2_bayanus	0.000820799639736	1	477	T	C
N2_bayanus	0.00129590554409	2	597	C	A
N2_bayanus	0.00170348659869	2	579	G	A
N2_bayanus	0.00230074427651	1	558	G	A
N2_bayanus	0.00286387044735	1	780	C	A
N2_bayanus	0.00310328592936	1	572	C	T
N2_bayanus	0.00414122615474	2	852	G	T
N2_bayanus	0.00430975716206	2	597	A	G
N2_bayanus	0.00439328004341	1	482	T	A
N2_bayanus	0.0052604298426	1	837	G	C
N2_bayanus	0.00582626005664	1	729	G	A
N2_bayanus	0.00606309394132	1	750	C	T
N2_bayanus	0.00608564829306	1	654	T	C
N2_bayanus	0.00624832969606	2	792	C	T
N2_bayanus	0.00628328690695	2	915	C	G
N2_bayanus	0.00702506708108	1	708	C	G
N2_bayanus	0.00714428338908	1	242	A	G
N2_bayanus	0.00800993048301	2	577	A	C
N2_bayanus	0.00818195153131	2	909	G	T
N2_bayanus	0.00851904504592	1	765	C	A
N2_bayanus	0.00875337544728	2	609	A	G
N2_bayanus	0.00900488469648	2	25	G	T
N2_bayanus	0.00923463262271	2	83	T	C
N2_bayanus	0.00940021942368	1	292	A	G
N2_bayanus	0.00954031717652	2	152	A	G
N2_N3	0.000299344401533	2	168	A	C
N2_N3	0.000440728674909	1	797	T	C
N2_N3	0.000461743477274	1	194	A	G
N2_N3	0.000629763038913	1	221	G	A
N2_N3	0.000865417254862	1	515	T	C
N2_N3	0.00167167569673	1	842	G	A
N2_N3	0.00216432218336	2	77	C	G
N2_N3	0.00252857320382	1	648	C	T
N2_N3	0.00282567217098	2	678	T	C
N2_N3	0.00313046003038	1	624	C	T
N2_N3	0.00315997806369	1	594	T	C
N2_N3	0.00337165191347	2	513	C	T
N2_N3	0.00454226293839	1	196	C	T
N2_N3	0.00558703184029	1	50	T	C
N2_N3	0.00575441098628	2	81	C	G
N2_N3	0.00585417253909	2	578	G	A
N2_N3	0.00603608141526	1	749	G	A
N2_N3	0.00625661443152	1	802	G	T
N2_N3	0.00672223846526	2	234	G	A
N2_N3	0.00684758019874	2	870	A	G
N2_N3	0.00689654692069	1	837	G	T
N2_N3	0.00760087753246	1	600	T	C
N2_N3	0.00767429031781	2	834	G	A
N2_N3	0.00857707657823	1	23	A	T
N2_N3	0.00859481559123	1	769	A	G
N2_N3	0.00912971916218	2	223	C	T
N2_N3	0.00925090971528	2	867	G	A
N2_N3	0.0096349302074	2	413	G	T
N2_N3	0.00983640091881	1	732	G	A
N2_N3	0.00987484263653	2	543	T	G
N3_kudriavzevii	2.60676128038e-05	2	784	A	G
N3_kudriavzevii	9.73195695368e-05	1	651	A	G
N3_kudriavzevii	0.000294909511095	2	768	A	G
N3_kudriavzevii	0.000303395868567	2	627	C	T
N3_kudriavzevii	0.00114024904449	1	739	C	T
N3_kudriavzevii	0.0013594518298	2	499	T	A
N3_kudriavzevii	0.00173787021593	1	471	T	C
N3_kudriavzevii	0.00183946755001	1	77	C	G
N3_kudriavzevii	0.00200917437327	1	642	A	G
N3_kudriavzevii	0.00219345723626	1	394	G	C
N3_kudriavzevii	0.00441384274391	1	904	C	A
N3_kudriavzevii	0.00453445490943	2	591	G	A
N3_kudriavzevii	0.00515151214361	1	768	A	T
N3_kudriavzevii	0.00533864316308	1	281	G	A
N3_kudriavzevii	0.00536878030636	1	457	C	G
N3_kudriavzevii	0.00540713619648	1	867	G	A
N3_kudriavzevii	0.00551412316355	2	740	T	C
N3_kudriavzevii	0.00579134367282	2	741	C	T
N3_kudriavzevii	0.0058096326075	2	14	T	C
N3_kudriavzevii	0.0059288822489	2	636	T	C
N3_kudriavzevii	0.0063259802541	1	780	C	T
N3_kudriavzevii	0.00632942876848	1	301	T	C
N3_kudriavzevii	0.00663066461961	1	591	G	A
N3_kudriavzevii	0.00679194301834	2	804	A	T
N3_kudriavzevii	0.00696240657608	2	272	A	C
N3_kudriavzevii	0.0072232379002	1	909	G	C
N3_kudriavzevii	0.0073724687191	1	854	G	A
N3_kudriavzevii	0.00822399185847	1	939	A	G
N3_kudriavzevii	0.00855784160867	1	895	T	G
N3_kudriavzevii	0.00872105836754	2	227	G	T
N3_kudriavzevii	0.00876493853119	2	17	T	A
N3_kudriavzevii	0.00991671307567	1	306	T	C
N3_kudriavzevii	0.00998552929195	1	747	C	A
N3_N4	0.000538729090066	2	172	A	G
N3_N4	0.000645196056876	2	615	T	A
N3_N4	0.0012735609518	1	897	A	G
N3_N4	0.00147655904227	2	791	T	C
N3_N4	0.00151064337078	1	474	A	G
N3_N4	0.00172875568911	2	394	G	A
N3_N4	0.0019811596505	1	161	A	G
N3_N4	0.00285945235509	2	437	C	A
N3_N4	0.00380947560396	1	843	A	G
N3_N4	0.00385948782112	1	427	T	C
N3_N4	0.00456590861887	1	349	C	T
N3_N4	0.00478028874913	2	868	T	G
N3_N4	0.00478401550856	2	601	A	G
N3_N4	0.00510604021333	2	488	T	C
N3_N4	0.00514734484011	2	250	T	C
N3_N4	0.00524151027059	1	720	A	G
N3_N4	0.00600078774697	1	861	C	T
N3_N4	0.00684778181438	1	252	T	C
N3_N4	0.00740471286626	1	753	T	A
N3_N4	0.00888456177058	1	723	G	A
N3_N4	0.00904878699288	2	726	C	G
N3_N4	0.00995686032727	1	473	C	G
N4_mikatae	0.000270945187907	2	462	C	T
N4_mikatae	0.000613626988652	2	121	T	C
N4_mikatae	0.00127972178729	2	913	C	T
N4_mikatae	0.00153606409161	2	696	A	G
N4_mikatae	0.00166005843449	1	228	T	C
N4_mikatae	0.00236503296981	1	531	C	T
N4_mikatae	0.00264002075351	2	807	T	C
N4_mikatae	0.0029166550446	1	193	A	C
N4_mikatae	0.00302465401214	1	159	C	A
N4_mikatae	0.0032117716265	1	681	C	T
N4_mikatae	0.00337192576016	1	675	G	C
N4_mikatae	0.00410000301507	2	615	A	T
N4_mikatae	0.00445615232019	2	864	G	A
N4_mikatae	0.00520831387872	2	55	G	C
N4_mikatae	0.0059843489166	1	810	G	A
N4_mikatae	0.00608678914201	1	885	G	C
N4_mikatae	0.00658812333587	1	813	T	G
N4_mikatae	0.00660443912613	1	594	C	A
N4_mikatae	0.00664244765235	1	654	T	C
N4_mikatae	0.00689461176017	1	867	G	A
N4_mikatae	0.00749865968125	2	786	C	T
N4_mikatae	0.00820137406232	1	900	T	C
N4_mikatae	0.00854486826347	2	296	T	C
N4_mikatae	0.00880767254151	2	720	A	T
N4_mikatae	0.00891264048664	2	750	C	T
N4_mikatae	0.00898848597556	1	632	T	C
N4_mikatae	0.00989755454706	1	810	A	T
N4_N5	4.72556417948e-05	1	278	T	C
N4_N5	0.000365940047874	1	437	C	A
N4_N5	0.000495398731354	1	23	T	C
N4_N5	0.000574229212119	1	627	C	T
N4_N5	0.000668868332355	1	177	C	A
N4_N5	0.000989338523015	1	903	C	T
N4_N5	0.00152174110005	2	792	C	T
N4_N5	0.00173931537394	1	646	A	T
N4_N5	0.00176524167399	1	27	G	A
N4_N5	0.00305292990303	1	118	C	A
N4_N5	0.00322092751426	1	183	G	A
N4_N5	0.00322527198785	2	244	G	C
N4_N5	0.00323146266577	1	711	G	A
N4_N5	0.0032500848778	2	684	A	G
N4_N5	0.00326520877779	2	942	C	T
N4_N5	0.00328616360728	2	606	A	G
N4_N5	0.00342057650105	2	467	C	G
N4_N5	0.00350334500618	2	364	C	T
N4_N5	0.00352777774869	1	879	A	G
N4_N5	0.00358351067976	2	930	T	G
N4_N5	0.0035843555866	1	765	C	G
N4_N5	0.00366449528937	2	672	A	C
N4_N5	0.0038398155654	1	681	C	T
N4_N5	0.00558360685261	1	887	T	C
N4_N5	0.00620925198113	2	270	T	C
N4_N5	0.00644102219216	2	48	T	C
N4_N5	0.0066060400951	2	639	C	T
N4_N5	0.00690447175149	1	34	A	T
N4_N5	0.00712754811356	2	693	T	C
N4_N5	0.00718638556451	1	603	G	A
N4_N5	0.00722285992203	1	840	C	T
N4_N5	0.00785866422785	1	30	C	A
N4_N5	0.00873533424695	2	645	T	C
N4_N5	0.00925753471172	1	874	T	G
N4_N5	0.00935516301169	2	519	A	G
N4_N5	0.00952429135395	1	841	T	C
N4_N5	0.00955371833861	1	547	G	A
N5_paradoxus	0.000194378258186	2	633	T	C
N5_paradoxus	0.00140101049802	2	831	C	T
N5_paradoxus	0.00175959873835	1	28	A	G
N5_paradoxus	0.00193227606101	1	5	G	T
N5_paradoxus	0.00196225812233	1	726	C	T
N5_paradoxus	0.00200744943842	2	771	G	A
N5_paradoxus	0.00215622545025	1	771	G	A
N5_paradoxus	0.0022234567302	1	597	C	G
N5_paradoxus	0.00369560459496	1	202	T	C
N5_paradoxus	0.00428375613797	2	801	T	C
N5_paradoxus	0.0045890821367	1	735	T	C
N5_paradoxus	0.00466883115271	2	798	C	T
N5_paradoxus	0.00471364105448	2	651	A	G
N5_paradoxus	0.00475750022621	1	23	C	T
N5_paradoxus	0.00485628880845	1	445	G	A
N5_paradoxus	0.00502392431148	1	888	C	G
N5_paradoxus	0.00504192959936	1	367	A	G
N5_paradoxus	0.00510257052395	1	855	G	A
N5_paradoxus	0.00515912735747	1	819	G	A
N5_paradoxus	0.00559562768508	1	267	G	C
N5_paradoxus	0.00567363733324	1	780	C	T
N5_paradoxus	0.0056972528902	2	497	A	C
N5_paradoxus	0.00636724400337	1	535	A	G
N5_paradoxus	0.00654382684571	1	352	G	C
N5_paradoxus	0.00673906074733	1	439	A	T
N5_paradoxus	0.00713552842274	1	210	C	G
N5_paradoxus	0.00722005910746	2	20	A	G
N5_paradoxus	0.00740292138473	2	888	C	T
N5_paradoxus	0.0075265862826	1	134	A	G
N5_paradoxus	0.00763305620889	2	494	A	T
N5_paradoxus	0.00775794884277	1	30	A	C
N5_paradoxus	0.0078867894439	2	257	A	T
N5_paradoxus	0.00795635326571	1	861	T	C
N5_paradoxus	0.0081797553179	2	879	G	T
N5_paradoxus	0.00836554711183	2	753	T	C
N5_paradoxus	0.00847990852753	2	865	A	C
N5_paradoxus	0.00855430876746	1	118	A	G
N5_paradoxus	0.00868201433827	2	831	T	A
N5_paradoxus	0.00870031310014	1	411	T	G
N5_paradoxus	0.00967369740592	1	730	A	G
N5_cerevisiae	0.000150941455486	1	617	G	A
N5_cerevisiae	0.000648125913244	1	624	T	C
N5_cerevisiae	0.00154651810994	2	245	A	G
N5_cerevisiae	0.00155663862024	1	724	T	C
N5_cerevisiae	0.00190970406104	1	913	C	T
N5_cerevisiae	0.00221036918223	2	189	C	T
N5_cerevisiae	0.00254820560792	2	573	C	T
N5_cerevisiae	0.00333831288972	2	145	G	A
N5_cerevisiae	0.00337027986224	2	615	A	G
N5_cerevisiae	0.00348280634303	2	789	T	G
N5_cerevisiae	0.00409272054932	2	893	A	C
N5_cerevisiae	0.00411425422836	1	140	G	A
N5_cerevisiae	0.00418745752304	2	261	A	G
N5_cerevisiae	0.00448326241773	2	661	C	T
N5_cerevisiae	0.00467118116679	1	139	T	C
N5_cerevisiae	0.00502323945728	1	538	G	A
N5_cerevisiae	0.00531665503585	2	248	G	A
N5_cerevisiae	0.00539597007776	2	424	A	G
N5_cerevisiae	0.00560432766255	2	174	A	G
N5_cerevisiae	0.0056092403493	1	792	C	T
N5_cerevisiae	0.00573180606848	2	804	A	G
N5_cerevisiae	0.00579244956988	2	870	G	A
N5_cerevisiae	0.00585550497585	1	298	C	G
N5_cerevisiae	0.00641558408133	2	5	G	A
N5_cerevisiae	0.00717307842611	2	213	T	A
N5_cerevisiae	0.0082847616568	1	700	A	G
N5_cerevisiae	0.00834536481912	2	579	T	C
N5_cerevisiae	0.00879875467258	1	759	T	G
N5_cerevisiae	0.00880288380946	1	615	T	C
N5_cerevisiae	0.00911104591676	2	822	C	A
N5_cerevisiae	0.00955730012131	1	16	G	A
N5_cerevisiae	0.0097745971209	2	45	A	G
N5_cerevisiae	0.00999240202499	1	44	C	T
N5_cerevisiae	0.00999535571447	1	708	C	T
