edge	time	mut_orlg	mut_pos	old_state	new_state
N0_kluyveri	0.000400409967772	0	38	T	C
N0_kluyveri	0.000408944854378	0	119	C	T
N0_kluyveri	0.000437966327809	0	39	T	C
N0_kluyveri	0.0017683275594	0	29	A	G
N0_kluyveri	0.00314629308714	0	80	C	T
N0_kluyveri	0.00337569753207	0	142	T	C
N0_kluyveri	0.00360788202829	0	323	T	C
N0_kluyveri	0.00429270068692	0	356	C	A
N0_kluyveri	0.00433702064808	0	323	C	T
N0_kluyveri	0.00507061999809	0	365	G	A
N0_kluyveri	0.00516553872551	0	482	T	A
N0_kluyveri	0.00545065150406	0	162	A	G
N0_kluyveri	0.00554884626009	0	143	C	T
N0_kluyveri	0.00737078156782	0	449	T	C
N0_kluyveri	0.00741716549706	0	194	T	C
N0_kluyveri	0.00757835639323	0	281	C	T
N0_kluyveri	0.00779113051709	0	212	C	T
N0_kluyveri	0.00889296735871	0	23	G	A
N0_kluyveri	0.00973283052703	0	302	T	C
N0_kluyveri	0.0102245155749	0	350	C	T
N0_kluyveri	0.0106428915002	0	185	T	C
N0_kluyveri	0.0107756629179	0	401	C	G
N0_kluyveri	0.011118802646	0	278	A	G
N0_kluyveri	0.0115534840427	0	87	C	T
N0_kluyveri	0.0122371861284	0	393	A	G
N0_kluyveri	0.0123105601386	0	35	C	T
N0_kluyveri	0.0123364006645	0	440	T	C
N0_kluyveri	0.0127990450529	0	371	A	G
N0_kluyveri	0.0130391170699	0	299	A	G
N0_kluyveri	0.0131370190812	0	177	G	A
N0_D1	0.00127279129544	0	431	A	G
N0_D1	0.00138485652448	0	50	C	T
D1_N1	0.000154763123947	2	351	T	C
D1_N1	0.000276236885616	1	185	T	C
D1_N1	0.00067379706947	2	211	C	T
D1_N1	0.000730871886751	1	419	T	C
D1_N1	0.000773927934691	1	56	A	G
D1_N1	0.000783329096782	2	317	T	C
D1_N1	0.000988240299723	2	308	C	T
D1_N1	0.00112255414396	2	20	C	T
D1_N1	0.00122493009278	1	35	C	T
D1_N1	0.00182591665901	2	246	A	G
D1_N1	0.00207710565566	1	107	C	A
D1_N1	0.00242386325144	1	143	C	T
D1_N1	0.00255004319921	1	377	A	G
D1_N1	0.00314997398243	2	212	C	T
N1_castellii	9.66416682321e-05	2	401	C	T
N1_castellii	0.000214117436998	2	89	A	G
N1_castellii	0.000692283059514	2	284	T	C
N1_castellii	0.000847899279814	1	8	A	G
N1_castellii	0.00112229102971	1	143	T	C
N1_castellii	0.00112346217158	2	380	C	A
N1_castellii	0.00202495254538	2	320	C	A
N1_castellii	0.00204553598412	1	53	T	C
N1_castellii	0.00208703540844	2	383	A	G
N1_castellii	0.00231958162277	1	332	T	C
N1_castellii	0.00262088482501	2	398	A	G
N1_castellii	0.00276905314271	1	86	C	T
N1_castellii	0.00302424330185	2	205	T	C
N1_castellii	0.00362654862467	2	458	C	T
N1_castellii	0.00370038086051	1	146	C	T
N1_castellii	0.00398530788541	1	345	G	A
N1_castellii	0.00400791127106	2	131	T	C
N1_castellii	0.00424606756823	1	113	C	T
N1_castellii	0.00457539101194	2	3	T	C
N1_castellii	0.00459641706227	2	314	C	T
N1_castellii	0.00593740337372	2	428	T	C
N1_castellii	0.00638538606165	1	113	T	A
N1_castellii	0.0066310741536	1	119	C	T
N1_castellii	0.00690783796265	1	356	C	T
N1_castellii	0.00722491848828	1	170	C	T
N1_castellii	0.00759133313847	1	458	C	T
N1_castellii	0.00761060297266	1	132	T	C
N1_castellii	0.00769335950746	1	98	C	T
N1_castellii	0.00783508182458	2	233	C	T
N1_castellii	0.00801086654541	2	204	A	G
N1_castellii	0.00804867121579	1	57	C	T
N1_castellii	0.00838043556542	1	281	C	T
N1_castellii	0.00859825857472	1	349	T	C
N1_castellii	0.00903385842323	2	314	T	C
N1_castellii	0.00933537550243	1	323	T	C
N1_castellii	0.00964238879753	1	488	A	G
N1_castellii	0.00988663348845	1	293	T	C
N1_castellii	0.00993228903851	2	446	G	A
N1_castellii	0.0102901659057	1	38	T	C
N1_castellii	0.010465199277	1	295	A	G
N1_castellii	0.0107092214947	2	185	T	A
N1_castellii	0.010789514498	2	447	G	A
N1_castellii	0.0119098809342	2	461	T	C
N1_castellii	0.011979214626	1	213	C	T
N1_castellii	0.012015622258	1	8	G	A
N1_castellii	0.0124316307168	1	437	C	T
N1_castellii	0.0124547742839	1	35	T	C
N1_castellii	0.0126504946161	1	287	G	A
N1_castellii	0.0127796219042	1	326	G	A
N1_N2	2.13120966462e-05	2	117	A	G
N1_N2	0.000604516960735	1	86	C	T
N1_N2	0.00113801382865	1	14	A	G
N1_N2	0.0013905982321	2	431	G	A
N1_N2	0.0018516712811	1	449	T	A
N1_N2	0.00222752534344	1	188	T	C
N1_N2	0.00264243025814	2	446	G	A
N1_N2	0.00307815447622	2	71	T	C
N1_N2	0.00332271330796	1	176	G	A
N1_N2	0.00339034252101	1	224	A	G
N1_N2	0.00348855827981	1	20	C	T
N1_N2	0.00371612512777	2	182	A	G
N1_N2	0.00382179514933	2	182	G	T
N1_N2	0.00402285537578	2	188	T	C
N1_N2	0.0041121649816	1	56	G	A
N1_N2	0.00448563291621	1	263	A	G
N1_N2	0.00507026912764	2	286	C	T
N1_N2	0.00523171594985	1	56	A	C
N1_N2	0.00555437715268	1	155	G	A
N1_N2	0.00556116449687	1	35	T	C
N1_N2	0.00587797799522	2	122	T	C
N1_N2	0.00636312770311	2	449	T	A
N1_N2	0.00637052346198	1	197	T	C
N1_N2	0.00652292739556	2	476	A	G
N1_N2	0.00653165360378	2	218	A	G
N1_N2	0.0066003907094	2	146	C	T
N1_N2	0.00678507745026	1	149	C	T
N1_N2	0.00774629037053	2	223	C	T
N1_N2	0.00781118204752	1	83	T	C
N1_N2	0.00783410813584	2	143	C	T
N1_N2	0.00784441587971	2	17	T	C
N1_N2	0.0079819727906	2	239	T	C
N1_N2	0.00839824105676	2	101	C	T
N1_N2	0.00854063879654	2	416	C	T
N1_N2	0.0089742136169	2	206	A	G
N1_N2	0.00934458008867	2	113	C	T
N1_N2	0.00953218870505	2	236	G	A
N1_N2	0.009623239613	1	344	A	G
N1_N2	0.010282961321	1	314	C	T
N1_N2	0.0104755297701	1	17	T	C
N1_N2	0.0105266291007	2	182	T	C
N1_N2	0.0106435597136	1	86	T	C
N1_N2	0.0112110105182	2	128	T	C
N1_N2	0.0113049408003	2	179	G	A
N1_N2	0.0115180959547	1	353	C	T
N1_N2	0.0117160573425	2	71	C	T
N1_N2	0.0118202625806	2	415	C	T
N1_N2	0.0124227285084	2	449	A	G
N1_N2	0.0125181534577	1	344	G	A
N1_N2	0.0126994721591	2	437	C	T
N1_N2	0.0129399823548	1	332	T	C
N1_N2	0.012996303372	2	2	G	A
N1_N2	0.013071079121	2	290	C	A
N1_N2	0.0134036070832	1	272	G	A
N1_N2	0.0134287101626	2	419	T	A
N1_N2	0.0140879231795	1	473	A	G
N1_N2	0.0142173273746	2	410	C	T
N1_N2	0.0143825053808	1	260	G	A
N1_N2	0.0143861697833	1	146	C	A
N1_N2	0.014466460144	1	425	A	G
N1_N2	0.0146845332079	1	437	C	T
N1_N2	0.0147107349619	1	452	T	C
N1_N2	0.0150466087572	1	308	C	T
N1_N2	0.0151423804364	1	476	A	C
N1_N2	0.0154181777161	2	465	T	G
N1_N2	0.0157461618907	2	47	A	G
N1_N2	0.0158722891282	1	425	G	A
N2_bayanus	0.000181631475481	2	422	T	C
N2_bayanus	0.000531844790817	2	257	A	G
N2_bayanus	0.000540745466505	1	185	C	A
N2_bayanus	0.000565687976234	1	86	C	T
N2_bayanus	0.000619515305228	1	488	A	T
N2_bayanus	0.000747270157322	2	278	A	G
N2_bayanus	0.000968864713277	1	226	A	G
N2_bayanus	0.00111385492753	2	416	T	C
N2_bayanus	0.00120735557604	2	131	T	C
N2_bayanus	0.00148078506399	1	68	C	T
N2_bayanus	0.00158114777102	2	395	A	G
N2_bayanus	0.00171791292888	1	233	C	T
N2_bayanus	0.00182725534754	2	149	C	T
N2_bayanus	0.00207414060155	1	398	A	G
N2_bayanus	0.00220725734664	2	260	G	A
N2_N3	0.000100348698807	1	409	A	G
N2_N3	0.000120993422693	1	116	T	C
N2_N3	0.000179485318309	1	260	A	G
N2_N3	0.000242415550836	2	404	T	A
N2_N3	0.000306811077843	1	83	C	T
N2_N3	0.000325011160568	2	279	T	C
N2_N3	0.000371653736923	1	179	G	A
N2_N3	0.00108424713917	1	167	A	G
N2_N3	0.00108754009323	1	50	T	C
N2_N3	0.00127450249358	1	212	C	T
N3_kudriavzevii	0.000115589031445	1	245	A	G
N3_kudriavzevii	0.0002700774929	2	479	A	G
N3_kudriavzevii	0.000510653174396	1	300	C	T
N3_kudriavzevii	0.00103655676196	2	455	C	T
N3_kudriavzevii	0.00119545162262	2	38	T	C
N3_kudriavzevii	0.00127884243721	2	245	A	G
N3_kudriavzevii	0.00147368403963	2	272	G	A
N3_kudriavzevii	0.00183319679881	2	356	C	T
N3_kudriavzevii	0.00201005811355	2	297	A	G
N3_kudriavzevii	0.00201185445786	1	470	A	G
N3_kudriavzevii	0.00202596144917	2	278	A	G
N3_kudriavzevii	0.00202866601706	1	194	T	C
N3_kudriavzevii	0.00216239169197	1	374	C	T
N3_kudriavzevii	0.00226086696885	2	257	A	C
N3_kudriavzevii	0.00233032588564	1	20	T	C
N3_kudriavzevii	0.00239334548675	2	254	A	G
N3_kudriavzevii	0.00292336346224	1	197	C	T
N3_kudriavzevii	0.00316282505939	1	11	C	T
N3_kudriavzevii	0.00331950818591	2	260	G	A
N3_kudriavzevii	0.00350412639896	1	470	G	T
N3_kudriavzevii	0.00353336276362	2	89	A	G
N3_kudriavzevii	0.00369740678112	1	398	A	C
N3_kudriavzevii	0.00400081774532	1	371	A	C
N3_kudriavzevii	0.00432084348272	1	449	A	G
N3_kudriavzevii	0.00438926517195	2	425	A	G
N3_kudriavzevii	0.00466485631039	2	284	T	A
N3_kudriavzevii	0.00510800307966	1	128	T	C
N3_kudriavzevii	0.00518563950075	2	47	G	A
N3_kudriavzevii	0.00579660789991	1	56	C	T
N3_kudriavzevii	0.00581899439557	1	395	A	G
N3_N4	2.00672716065e-05	1	221	G	A
N3_N4	0.000261772733458	2	218	G	A
N3_N4	0.000310373428597	2	149	C	T
N3_N4	0.000529504687486	1	119	C	G
N3_N4	0.000648722338263	2	331	A	G
N3_N4	0.00109635400574	1	440	T	C
N3_N4	0.00114500309289	2	5	A	G
N3_N4	0.00124251588021	2	314	C	T
N3_N4	0.00165067415102	2	182	C	G
N3_N4	0.00175611971606	2	273	C	T
N3_N4	0.00176894718811	2	191	C	T
N3_N4	0.00201811042413	2	410	T	C
N3_N4	0.00222615992235	2	293	T	C
N4_mikatae	0.00010604978079	1	431	G	A
N4_mikatae	0.000310951543394	2	137	T	C
N4_mikatae	0.000618583524934	2	368	T	G
N4_mikatae	0.000696034684221	1	15	T	C
N4_mikatae	0.000959983589906	2	347	T	C
N4_mikatae	0.00160400486951	1	491	T	C
N4_mikatae	0.00173014080084	2	173	T	A
N4_mikatae	0.00179188190673	2	264	A	G
N4_mikatae	0.00193460125114	2	491	T	C
N4_mikatae	0.00225741357838	2	13	G	C
N4_mikatae	0.00233562952766	2	38	T	C
N4_mikatae	0.00245683329626	1	77	G	A
N4_mikatae	0.00252199030813	1	288	A	G
N4_mikatae	0.00322720399459	1	194	T	C
N4_mikatae	0.00352654864639	2	143	T	G
N4_mikatae	0.00361797234855	1	443	C	T
N4_mikatae	0.00364253692493	1	188	C	T
N4_mikatae	0.00373466728298	1	215	C	A
N4_mikatae	0.00392651078127	1	314	T	C
N4_mikatae	0.00397746531412	1	290	C	T
N4_mikatae	0.00403991782521	2	74	T	C
N4_N5	0.000485109189615	2	491	T	C
N4_N5	0.000571255060412	2	149	T	A
N4_N5	0.000718583656536	1	164	A	G
N4_N5	0.000837412580167	1	377	G	A
N4_N5	0.000842366771174	1	119	G	A
N4_N5	0.00121380500317	2	485	G	T
N5_paradoxus	0.000295025266247	2	259	T	C
N5_paradoxus	0.00071033015739	1	218	A	G
N5_paradoxus	0.00127437668816	2	59	G	A
N5_paradoxus	0.00145192888948	1	140	T	G
N5_cerevisiae	0.000484236753772	1	311	T	C
N5_cerevisiae	0.000562219103486	1	361	A	G
N5_cerevisiae	0.00091462399615	2	70	G	A
N5_cerevisiae	0.000938109713551	1	401	C	T
N5_cerevisiae	0.00126971889552	2	209	G	A
N5_cerevisiae	0.0012899545213	1	224	G	C
N5_cerevisiae	0.00131059083584	1	170	C	T
N5_cerevisiae	0.0013560901968	1	350	C	T
N5_cerevisiae	0.00141289420695	1	92	G	A
N5_cerevisiae	0.00156784250966	2	344	A	G
N5_cerevisiae	0.00165377776011	1	3	T	C
N5_cerevisiae	0.00189665115708	1	449	A	G
N5_cerevisiae	0.00195245882105	2	299	A	G
N5_cerevisiae	0.00200343262666	2	324	A	G
N5_cerevisiae	0.0023732974353	1	44	T	C
N5_cerevisiae	0.00237816597575	2	128	C	T
N5_cerevisiae	0.00238321190765	2	410	C	T
N5_cerevisiae	0.00254846102569	1	482	T	C
N5_cerevisiae	0.00281191128369	2	269	T	C
N5_cerevisiae	0.00295050849457	1	266	G	A
N5_cerevisiae	0.00330829637394	1	155	A	G
N5_cerevisiae	0.00351923881394	2	53	T	C
N5_cerevisiae	0.00355025452962	1	374	C	T
N5_cerevisiae	0.00362420224924	1	92	A	G
N5_cerevisiae	0.00367809281799	1	332	C	T
N5_cerevisiae	0.00382604538754	1	374	T	A
