edge	time	mut_orlg	mut_pos	old_state	new_state
N0_kluyveri	0.000424196262164	0	18	TGT	TGC
N0_kluyveri	0.0104151094313	0	83	AGG	AGA
N0_kluyveri	0.0175553556344	0	134	ATT	ATC
N0_kluyveri	0.0177773573924	0	14	ACT	ACC
N0_kluyveri	0.0196124773827	0	50	AAT	AAC
N0_kluyveri	0.0254945711779	0	48	TGT	TGC
D1_N1	0.00285048349094	2	24	GGG	GGA
D1_N1	0.00361950889663	2	79	GTG	GTA
D1_N1	0.00735270170545	2	75	AAA	AAG
D1_N1	0.011301030011	1	75	AAA	AAG
D1_N1	0.0125877691964	2	113	AAG	AAA
D1_N1	0.0130280422429	1	24	GGG	GGA
D1_N1	0.0174915729335	1	47	ACC	ACT
D1_N1	0.0235174844695	2	78	CTC	CTT
D1_N1	0.026209656542	1	122	TTT	TTC
D1_N1	0.0267979857991	2	20	ATA	ATC
D1_N1	0.0292498252033	1	110	TTA	CTA
D1_N1	0.0293858352941	2	100	ATT	ATC
D1_N1	0.0318046455563	1	116	TCG	TCA
D1_N1	0.0320061926567	1	51	ATT	ATC
D1_N1	0.0345654322688	1	24	GGA	GGG
D1_N1	0.0362392375319	1	2	GTC	GTT
D1_N1	0.0412640138172	1	107	GTA	GTG
D1_N1	0.0423054210756	1	104	AAG	ATG
D1_N1	0.0424697497077	1	11	CTC	CTT
D1_N1	0.0454735873642	2	33	GTA	GTG
D1_N1	0.0536934216086	1	96	GGG	GGT
D1_N1	0.0544058050028	2	104	AAG	AAA
D1_N1	0.0551702993145	2	52	GAT	AAT
D1_N1	0.0566489188276	1	161	CTC	CTT
D1_N1	0.058921666832	1	39	GAA	GAG
D1_N1	0.067014223414	1	13	CTT	CTC
D1_N1	0.0739917329691	2	105	AGG	AGA
D1_N1	0.0740237034226	2	6	AAC	AAT
D1_N1	0.0752682357083	2	69	GAC	GAT
D1_N1	0.0815997211669	1	52	GAT	GAC
D1_N1	0.0829916136036	2	84	CAG	CAA
D1_N1	0.0888031603958	1	37	TAC	TAT
D1_N1	0.0914763375752	2	15	AAT	AAC
D1_N1	0.091636143348	2	6	AAT	AAC
D1_N1	0.0943966393245	2	154	CTC	CTT
D1_N1	0.0959408226783	2	101	TAC	TAT
D1_N1	0.0967537846664	2	126	TCA	TCG
D1_N1	0.100017002833	2	162	GTA	GTG
D1_N1	0.105429468838	1	63	GGA	GGG
D1_N1	0.109522734531	1	11	CTT	CTC
D1_N1	0.117850718256	1	110	CTA	CCA
D1_N1	0.120767082836	1	26	ACC	ACT
D1_N1	0.129613603716	1	163	TAT	TAC
D1_N1	0.134290736049	2	18	TGT	TGC
D1_N1	0.135655772322	1	39	GAG	GAA
D1_N1	0.138413208037	2	69	GAT	GAC
D1_N1	0.139912290347	2	6	AAC	AAT
D1_N1	0.143951203263	1	98	GTA	GTG
D1_N1	0.144991227271	2	62	CTC	CTT
D1_N1	0.146517132948	1	151	ACG	ACA
D1_N1	0.14685745151	2	59	AAA	AAG
D1_N1	0.150793048962	2	88	GCA	GCG
D1_N1	0.151132193534	1	110	CCA	CCG
D1_N1	0.159161812598	2	39	GAG	GAA
D1_N1	0.162372050647	2	82	ACT	ACG
D1_N1	0.163162173111	2	79	GTA	GTC
D1_N1	0.171887856049	1	30	TTA	CTA
D1_N1	0.173431602026	2	115	CAC	CAT
D1_N1	0.176493970275	2	39	GAA	CAA
D1_N1	0.178375048022	1	103	CGC	CGT
D1_N1	0.182249506732	1	120	AGA	AGG
D1_N1	0.187807877844	2	13	CTC	CTT
D1_N1	0.18917793899	1	90	CCC	CCT
D1_N1	0.190068434467	2	52	GAT	GAC
D1_N1	0.191878436702	2	114	TTG	CTG
D1_N1	0.197262423029	1	35	ACG	ACA
D1_N1	0.198237507749	1	160	TTC	TTT
D1_N1	0.201479859566	2	117	CGA	CGG
D1_N1	0.211421356409	2	47	ACT	ACC
D1_N1	0.212571345439	1	99	AAT	AAC
D1_N1	0.212879382628	2	118	CGC	CGA
D1_N1	0.213240671977	2	65	CGT	CGC
N1_castellii	0.000260986975224	2	30	TTA	TTG
N1_castellii	0.00724358477399	1	85	CCT	CCC
N1_castellii	0.0117898769719	2	33	GTA	GTG
N1_castellii	0.0209138209727	2	135	TAT	TAC
N1_castellii	0.0233197677416	1	87	GTG	GTA
N1_castellii	0.0320388709511	1	145	GTG	GTA
N1_castellii	0.0335888548129	1	120	AGG	CGG
N1_castellii	0.0396627654515	2	26	ACC	ACT
N1_castellii	0.0447981184002	2	160	TTC	TTT
N1_castellii	0.0523718200243	1	10	AAT	AAC
N1_castellii	0.0534957915157	2	38	GGG	GGA
N1_castellii	0.0558369971074	2	59	AAG	GAG
N1_castellii	0.0563844127127	1	101	TAC	TAT
N1_castellii	0.0622274530009	2	18	TGC	TGT
N1_castellii	0.0663101140009	1	39	GAA	GAG
N1_castellii	0.0677999031244	2	13	CTT	CTC
N1_castellii	0.0713837968049	1	84	CAG	CAA
N1_castellii	0.0739485926821	2	79	GTC	GTT
N1_castellii	0.0778674962421	2	142	ACA	ACC
N1_castellii	0.0790819510456	1	80	AAG	AAA
N1_castellii	0.0816413439852	1	139	AGG	AGA
N1_castellii	0.0833668422996	2	162	GTG	GTA
N1_castellii	0.0880493225304	2	68	CAT	CAC
N1_castellii	0.0887309828519	1	24	GGG	GGA
N1_castellii	0.0895054167916	1	14	ACT	ACC
N1_castellii	0.0921408710458	1	36	GTT	GTC
N1_castellii	0.0989543596231	1	49	TCG	TCA
N1_castellii	0.0995669679073	1	135	TAT	TTT
N1_castellii	0.101893908219	1	2	GTT	GTA
N1_castellii	0.101929804384	2	135	TAT	TAC
N1_castellii	0.104324938778	2	42	TCC	TCT
N1_castellii	0.11154243288	2	31	TAT	TAC
N1_castellii	0.11457846851	2	8	ATT	ATC
N1_castellii	0.117010282182	1	72	ATT	ATC
N1_castellii	0.119376074902	2	138	GCC	GTC
N1_castellii	0.120913523516	2	124	TTC	TTT
N1_castellii	0.121533943158	1	42	TCC	TCG
N1_castellii	0.12171336243	2	153	TCG	TCA
N1_castellii	0.125552361921	1	83	AGG	AGA
N1_castellii	0.127052709977	2	134	ATT	ATC
N1_castellii	0.129862580101	2	3	AGA	AGG
N1_castellii	0.131231401441	2	68	CAC	CAT
N1_castellii	0.132136289909	1	3	AGA	AGG
N1_castellii	0.132182917174	2	28	CTC	CTT
N1_castellii	0.136447650215	2	134	ATC	ATT
N1_castellii	0.136975191315	2	15	AAT	AAC
N1_castellii	0.137108527692	1	17	TAC	TAT
N1_castellii	0.137127258774	1	117	CGA	CGT
N1_castellii	0.139661834023	1	39	GAG	GAA
N1_castellii	0.145365419648	1	160	TTT	TTC
N1_castellii	0.146345415728	1	5	AGT	AGC
N1_castellii	0.154078633075	2	127	TAC	TAT
N1_castellii	0.159297641002	2	91	ACA	ACT
N1_castellii	0.159604648218	2	71	TCT	TCG
N1_castellii	0.160297954178	2	131	GTG	GTA
N1_castellii	0.165232000985	1	1	ATT	ATC
N1_castellii	0.166786434122	2	63	GGG	GGT
N1_castellii	0.167581648468	2	9	TTG	CTG
N1_castellii	0.169852509117	1	158	CTT	CTA
N1_castellii	0.170255439384	2	96	GGT	GAT
N1_castellii	0.172459259619	1	155	CGA	CGG
N1_castellii	0.172536706939	1	52	GAC	GAT
N1_castellii	0.17679918446	1	80	AAA	AAG
N1_castellii	0.177183064895	2	83	AGG	AGA
N1_castellii	0.178766254411	2	119	TTA	CTA
N1_N2	0.000873291664683	1	137	CCT	CCC
N1_N2	0.00432619336681	2	2	GTT	GTG
N1_N2	0.00597473806869	2	107	GTA	GTG
N1_N2	0.0102561905234	1	34	CCT	CCC
N1_N2	0.0115168232846	1	124	TTC	TTT
N1_N2	0.0159038037079	2	18	TGC	TGT
N1_N2	0.0207716285396	1	14	ACT	ACC
N1_N2	0.021547109055	1	52	GAC	GAT
N1_N2	0.0230416205356	1	33	GTA	GTG
N1_N2	0.0235521785983	2	147	TAC	TAT
N1_N2	0.0348465207784	2	35	ACG	CCG
N1_N2	0.0350132222664	2	35	CCG	CCA
N1_N2	0.050958716866	2	6	AAC	AAT
N1_N2	0.0520348401899	1	17	TAC	TAT
N1_N2	0.0520873436124	1	99	AAC	AAT
N1_N2	0.0538538913146	2	152	GGG	GGA
N1_N2	0.0557319785372	1	118	CGC	CGT
N1_N2	0.0570817667212	2	59	AAG	GAG
N1_N2	0.0572167466075	1	36	GTT	ATT
N1_N2	0.0604388798877	1	129	TGT	TGC
N1_N2	0.0610856270566	1	87	GTG	GTA
N1_N2	0.0681663871983	2	2	GTG	GTA
N1_N2	0.0690125543453	2	119	TTA	CTA
N1_N2	0.071531664199	1	135	TAT	TAC
N1_N2	0.075798867126	2	69	GAC	GAT
N1_N2	0.089308343268	1	87	GTA	GTG
N1_N2	0.0919408685647	1	21	AGA	AGG
N1_N2	0.0922073744375	2	30	TTA	CTA
N1_N2	0.0949359662039	2	30	CTA	TTA
N1_N2	0.109366290022	2	39	CAA	CAG
N1_N2	0.114647413125	2	133	TGT	TGC
N1_N2	0.115152165932	1	142	ACA	ACG
N1_N2	0.1157453758	2	60	AGA	AGG
N1_N2	0.116482984808	2	83	AGG	AGA
N1_N2	0.118189090935	1	53	AAG	AAA
N1_N2	0.124029364338	1	81	TTA	TTG
N1_N2	0.125034604383	2	65	CGC	CGT
N1_N2	0.125902276923	2	7	ATG	ATA
N1_N2	0.127530821428	1	81	TTG	TTA
N1_N2	0.12877586684	2	122	TTT	TTC
N1_N2	0.134945999649	2	103	CGC	CGT
N1_N2	0.140774827391	1	94	CGA	GGA
N1_N2	0.142745985638	2	56	CTC	CTT
N1_N2	0.143102375181	2	126	TCG	TCT
N1_N2	0.145534146807	1	123	CGT	CGC
N1_N2	0.146705248459	1	42	TCC	TCT
N1_N2	0.152571872549	1	159	GGT	GGG
N1_N2	0.153904532924	2	55	ATA	ATG
N1_N2	0.158860161839	2	16	AAA	AAG
N1_N2	0.160186317773	1	69	GAC	GAT
N1_N2	0.161924528663	2	60	AGG	CGG
N1_N2	0.162737663841	2	9	TTG	CTG
N1_N2	0.168451558834	2	157	CTG	CTA
N1_N2	0.171566378981	2	38	GGG	GGA
N1_N2	0.17332654042	2	2	GTA	GTG
N1_N2	0.176134170994	2	18	TGT	TGC
N1_N2	0.178608300245	2	54	AAT	AAC
N1_N2	0.182879668911	1	161	CTT	TTT
N1_N2	0.193025009912	1	15	AAT	AAC
N1_N2	0.194776603539	2	29	TTT	TTC
N1_N2	0.195878168753	1	30	CTA	TTA
N1_N2	0.196761587141	2	161	CTC	CTT
N1_N2	0.19771540671	2	117	CGG	CGA
N1_N2	0.197806042857	1	116	TCA	TCG
N1_N2	0.20031152036	1	79	GTG	GTA
N1_N2	0.206151628923	2	133	TGC	TGT
N1_N2	0.21282428354	2	137	CCT	CCC
N1_N2	0.213111611661	2	15	AAT	AGT
N2_bayanus	0.00190834694537	1	4	ATA	ACA
N2_bayanus	0.00592829542281	2	72	ATT	ATC
N2_bayanus	0.0062181975262	1	82	ACT	ACG
N2_bayanus	0.00910202157988	1	157	CTG	CTA
N2_bayanus	0.0108202308459	1	34	CCC	CCG
N2_bayanus	0.0164860113094	2	53	AAG	AAA
N2_bayanus	0.0192606574177	1	8	ATT	ATC
N2_bayanus	0.021238226734	1	49	TCG	TTG
N2_bayanus	0.0233487461896	1	15	AAC	AAT
N2_N3	0.0057036399409	2	88	GCG	GCA
N2_N3	0.00716501727345	2	13	CTT	CTC
N2_N3	0.0139978374616	2	163	TAT	TAC
N2_N3	0.0159947352914	1	36	ATT	ATC
N2_N3	0.0175885235585	1	151	ACA	ACG
N2_N3	0.0196366956721	1	5	AGT	AGC
N2_N3	0.0210350332458	2	78	CTT	CTC
N2_N3	0.0218664914755	1	1	ATT	GTT
N2_N3	0.0232505319764	2	50	AAT	GAT
N3_kudriavzevii	0.0075321134868	2	114	CTG	CTA
N3_kudriavzevii	0.00901632898596	2	79	GTC	GTT
N3_kudriavzevii	0.0121118989691	2	88	GCA	GCG
N3_kudriavzevii	0.0129826704608	2	136	ACG	ACA
N3_kudriavzevii	0.0277631601924	2	54	AAT	AAC
N3_kudriavzevii	0.0327771661333	1	47	ACT	ACC
N3_kudriavzevii	0.0330197241057	1	9	TTG	TTA
N3_kudriavzevii	0.0344673764001	1	22	AAA	AAG
N3_kudriavzevii	0.038853478202	2	6	AAC	AAA
N3_kudriavzevii	0.039412429317	2	157	CTA	CTG
N3_kudriavzevii	0.0401059050536	1	69	GAT	GAC
N3_kudriavzevii	0.0416193972352	1	112	AAT	AAC
N3_kudriavzevii	0.0424254228184	1	48	TGT	TAT
N3_kudriavzevii	0.0443407750909	1	77	CTT	CTG
N3_kudriavzevii	0.0444145551804	2	127	TAC	TAT
N3_kudriavzevii	0.044581270143	1	106	GTA	GTG
N3_kudriavzevii	0.0481428667988	2	113	AAA	AAG
N3_kudriavzevii	0.0507861300698	1	94	GGA	GGT
N3_kudriavzevii	0.0527202356659	1	53	AAA	AAG
N3_kudriavzevii	0.0559809865114	1	161	TTT	TTC
N3_kudriavzevii	0.0667012751754	2	31	TAT	TAC
N3_kudriavzevii	0.0695554697068	1	78	CTC	CTT
N3_kudriavzevii	0.0699721228628	1	65	CGT	TGT
N3_kudriavzevii	0.0735380189473	1	113	AAG	AAA
N3_N4	0.00376653242413	1	76	ACA	ACC
N3_N4	0.0100082655069	1	1	GTT	GTC
N3_N4	0.0102659536327	2	160	TTC	TTT
N3_N4	0.0105608885019	2	104	AAA	AAG
N3_N4	0.0156511824918	2	126	TCT	TCC
N3_N4	0.0277704171449	1	64	TCC	TCG
N3_N4	0.030244755598	2	103	CGT	CGC
N3_N4	0.0303007705249	2	103	CGC	CGA
N4_mikatae	0.00141850200155	2	95	CCA	CCG
N4_mikatae	0.00235167362075	2	48	TGT	TGC
N4_mikatae	0.00850923539363	1	31	TAT	TAC
N4_mikatae	0.00872527981868	2	0	GCA	GCT
N4_mikatae	0.0179394127218	2	66	GAG	GAA
N4_mikatae	0.019716955228	2	18	TGC	TGT
N4_mikatae	0.0270294888095	1	41	GAC	GAT
N4_mikatae	0.0295428900494	2	46	ACA	ACG
N4_mikatae	0.0374183192994	1	34	CCC	CCT
N4_mikatae	0.041741705823	1	65	CGT	CGC
N4_mikatae	0.0418111899259	1	109	GAA	GAG
N4_mikatae	0.0429986677511	1	65	CGC	CGT
N4_mikatae	0.0455949370905	1	102	TTT	TTC
N4_mikatae	0.0473084567997	1	53	AAA	AAG
N4_mikatae	0.0538221624727	1	52	GAT	GAC
N4_N5	0.0027479758145	1	128	ACT	ACC
N4_N5	0.00625834888301	1	146	CAG	CAA
N4_N5	0.00649316121844	1	52	GAT	GAC
N4_N5	0.00741009428301	2	76	ACA	ACG
N4_N5	0.0139875992638	1	75	AAG	AAA
N4_N5	0.0151962490344	1	117	CGA	AGA
N4_N5	0.0161888232004	2	81	TTA	CTA
N4_N5	0.0172814068774	2	150	AGT	AGC
N4_N5	0.0177508620507	2	79	GTC	ATC
N4_N5	0.0180897466896	1	143	AGG	AGA
N4_N5	0.0190335684926	1	29	TTT	TTC
N4_N5	0.0208518110054	1	153	TCG	TCA
N5_paradoxus	0.00151292682924	1	159	GGG	GGA
N5_paradoxus	0.00322605045708	2	63	GGA	GGG
N5_paradoxus	0.00541136201052	2	88	GCA	GCG
N5_paradoxus	0.00608856891099	2	134	ATT	ACT
N5_paradoxus	0.00610475533529	2	134	ACT	GCT
N5_paradoxus	0.00646103963549	1	21	AGG	AGA
N5_paradoxus	0.0164097522284	1	114	TTG	TTA
N5_paradoxus	0.0170784471009	1	117	AGA	CGA
N5_paradoxus	0.0173273919754	1	63	GGG	GGA
N5_paradoxus	0.0183160809039	1	5	AGC	AGT
N5_paradoxus	0.0190984517913	2	150	AGC	AGT
N5_paradoxus	0.0201423043062	2	136	ACG	ACA
N5_cerevisiae	0.00724010218488	1	111	ACT	ACC
N5_cerevisiae	0.00749439795297	1	21	AGG	AGA
N5_cerevisiae	0.016464037793	2	30	TTA	CTA
N5_cerevisiae	0.0194771871766	2	87	GTG	GTA
N5_cerevisiae	0.0261579753567	2	51	ATC	GTC
N5_cerevisiae	0.0272171573516	2	117	CGA	CGG
N5_cerevisiae	0.0326939052554	1	1	GTC	GTT
N5_cerevisiae	0.0328630278717	2	117	CGG	CGC
N5_cerevisiae	0.0335439612809	2	114	CTG	CTA
N5_cerevisiae	0.0355722171537	2	97	GAA	GAG
N5_cerevisiae	0.0363312144636	2	134	ATT	ATC
N5_cerevisiae	0.0494304775879	1	8	ATT	ATA
N5_cerevisiae	0.0494578075408	2	130	TTG	TTA
N5_cerevisiae	0.052191626108	2	56	CTT	CAT
N5_cerevisiae	0.0564946919539	2	14	ACT	ACC
