edge	time	orlg_from	orlg_to	tract_length	start_pos	stop_pos	num_diff	template_seq	overide_seq
D1_N1	0.000637686285537	1	2	16	489	491	0	GAT	GAT
D1_N1	0.00218015132825	1	2	14	204	217	0	ATATCCTTCTTTGC	ATATCCTTCTTTGC
D1_N1	0.00320483312062	1	2	5	31	35	0	TAAGC	TAAGC
N1_castellii	0.00185721325574	1	2	37	216	252	1	GCCTAAACGAGTTGTCTTACAGCTTATTTGGTTAACA	GCCTAAACAAGTTGTCTTACAGCTTATTTGGTTAACA
N1_castellii	0.00622948891509	1	2	4	158	161	0	TTTT	TTTT
N1_castellii	0.00859976922215	1	2	4	464	467	0	TTCG	TTCG
N1_castellii	0.00893125580632	1	2	11	465	475	0	TCGGCGCTCCT	TCGGCGCTCCT
N1_castellii	0.00951196820343	1	2	18	399	416	3	CTTAAGTAAATACGTTCA	CTTAAGTACATGCGCTCA
N1_N2	1.55272286195e-05	1	2	9	147	155	0	TTCTCCCCA	TTCTCCCCA
N1_N2	8.8529476926e-05	1	2	4	209	212	0	CTTC	CTTC
N1_N2	0.00185366542348	1	2	5	297	301	0	GTCCT	GTCCT
N1_N2	0.0056959106317	1	2	4	13	16	0	ATGA	ATGA
N1_N2	0.00571439559165	1	2	9	215	223	0	TGCCTAAAC	TGCCTAAAC
N1_N2	0.00701397450248	1	2	2	296	297	0	CG	CG
N1_N2	0.00854207175641	1	2	4	8	11	1	GTCT	ATCT
N1_N2	0.0110358333134	1	2	11	102	112	1	AGCTCAATAGG	AGCTCGATAGG
N1_N2	0.0137410232235	1	2	13	387	399	2	ACGGTGCACTTCC	ACGGTGCATTTTC
N1_N2	0.0155264353682	1	2	37	486	491	1	CTAGAT	CTGGAT
N2_bayanus	0.00130657605247	1	2	28	303	330	6	AACTTTACAGAATAGTTATGACATTCCA	AATTTCACAGAATATTTGTGGCATTCTA
N2_bayanus	0.00178131988401	1	2	7	225	231	1	AGTTGTC	AGTTGGC
N3_kudriavzevii	0.00115617868586	1	2	1	332	332	1	T	C
N3_N4	0.000214892772018	1	2	2	481	482	0	TA	TA
N3_N4	0.000976507266275	1	2	12	42	53	3	GCCTCTTCTCAA	GCGTCTCCCCAA
N4_mikatae	0.000988020356877	1	2	8	386	393	0	AACGGTGC	AACGGTGC
N4_mikatae	0.00110646107	1	2	9	344	352	2	CTCGTATGT	TTCGTACGT
N4_mikatae	0.00112592201981	1	2	28	443	470	5	TTTTCTTGACCAATTTATGGATTCGGCG	TTTCCTCGATCAATTTATAGATTCGGCA
N4_N5	0.000326573905179	1	2	18	87	104	2	TTGTTGTTACTTTTTAGT	TTGTTGTTGCTCTTTAGT
N5_cerevisiae	0.000472136971787	1	2	9	322	330	2	GACATTCCA	GGCATTCTA
N5_cerevisiae	0.00211319583115	1	2	9	390	398	0	GTGCACTTC	GTGCACTTC
N5_cerevisiae	0.00404060333834	1	2	1	482	482	0	A	A
