edge	time	orlg_from	orlg_to	tract_length	start_pos	stop_pos	num_diff	template_seq	overide_seq
D1_N1	0.000503332052461	1	2	1	506	506	0	C	C
D1_N1	0.00272950238893	1	2	1	160	160	0	G	G
D1_N1	0.00309023584229	2	1	1	172	172	0	A	A
D1_N1	0.00378700194194	2	1	1	522	522	0	A	A
D1_N1	0.00394109637112	1	2	1	1432	1432	0	A	A
D1_N1	0.00441280614181	2	1	1	616	616	0	T	T
D1_N1	0.00457596756171	2	1	1	657	657	0	C	C
D1_N1	0.00523042481354	1	2	1	1234	1234	0	A	A
D1_N1	0.00560557635734	1	2	1	1205	1205	0	T	T
D1_N1	0.00618338983367	1	2	1	644	644	0	A	A
D1_N1	0.00648672417888	2	1	1	1614	1614	0	G	G
D1_N1	0.00667019032446	2	1	1	1554	1554	0	G	G
D1_N1	0.00673498269873	2	1	1	343	343	0	A	A
D1_N1	0.00691520760114	1	2	1	1325	1325	0	G	G
D1_N1	0.00709364655063	1	2	1	1242	1242	0	T	T
D1_N1	0.00736687738652	1	2	1	752	752	0	G	G
D1_N1	0.00973516530402	2	1	1	229	229	0	C	C
D1_N1	0.00988127492558	2	1	1	488	488	0	T	T
D1_N1	0.0100925751787	2	1	1	151	151	0	A	A
D1_N1	0.0119916330632	1	2	1	1321	1321	0	C	C
D1_N1	0.0132267759384	1	2	1	445	445	0	A	A
D1_N1	0.0132289009927	1	2	1	184	184	0	A	A
D1_N1	0.0132770193387	1	2	1	148	148	0	G	G
D1_N1	0.0142890106302	1	2	1	1354	1354	0	T	T
D1_N1	0.0148170186353	1	2	1	1585	1585	0	T	T
D1_N1	0.0149104686222	2	1	1	708	708	0	G	G
D1_N1	0.0178821066788	2	1	1	652	652	0	T	T
D1_N1	0.0185373493391	1	2	1	460	460	0	A	A
D1_N1	0.0191721086978	2	1	1	1060	1060	0	G	G
D1_N1	0.0199443730733	1	2	1	250	250	0	G	G
D1_N1	0.0213011132138	2	1	1	380	380	0	G	G
D1_N1	0.0213306641698	2	1	1	779	779	0	C	C
D1_N1	0.0223352252988	2	1	1	471	471	0	T	T
D1_N1	0.0230432349543	1	2	1	677	677	0	C	C
D1_N1	0.0231261056806	2	1	1	122	122	0	T	T
D1_N1	0.0271854884237	2	1	1	673	673	0	T	T
D1_N1	0.0279531632414	1	2	1	1476	1476	1	G	C
D1_N1	0.0281628183784	2	1	1	216	216	1	A	G
D1_N1	0.0288196307748	1	2	1	1391	1391	0	A	A
D1_N1	0.0297234593855	2	1	1	393	393	0	A	A
D1_N1	0.0308143124814	2	1	1	1241	1241	0	G	G
D1_N1	0.0308782439705	2	1	1	1106	1106	0	A	A
D1_N1	0.0316096430895	1	2	1	1599	1599	1	A	C
D1_N1	0.0322737703044	2	1	1	829	829	0	T	T
D1_N1	0.0335124764423	1	2	1	213	213	0	G	G
D1_N1	0.0338352784824	2	1	1	19	19	0	T	T
D1_N1	0.0340625845809	1	2	1	773	773	0	G	G
D1_N1	0.0345365222205	2	1	1	1106	1106	0	A	A
D1_N1	0.035262231161	1	2	1	1244	1244	0	G	G
D1_N1	0.035438005168	2	1	1	1573	1573	0	A	A
D1_N1	0.0368095586239	2	1	1	912	912	0	A	A
D1_N1	0.0372606501419	1	2	1	1380	1380	0	A	A
D1_N1	0.0376659965189	2	1	1	403	403	0	T	T
D1_N1	0.0382534676829	2	1	1	180	180	0	C	C
D1_N1	0.0385134255842	2	1	1	925	925	0	G	G
D1_N1	0.039034188355	2	1	1	0	0	0	A	A
D1_N1	0.0391091380359	2	1	1	280	280	1	C	A
D1_N1	0.0392842388858	1	2	1	863	863	0	T	T
D1_N1	0.0398536811213	2	1	1	926	926	1	T	A
D1_N1	0.0416990668159	2	1	1	17	17	0	T	T
D1_N1	0.0435459363426	2	1	1	187	187	0	T	T
D1_N1	0.0438063372046	1	2	1	1587	1587	0	A	A
D1_N1	0.0447518111812	2	1	1	308	308	0	T	T
D1_N1	0.0448392002072	1	2	1	290	290	0	A	A
D1_N1	0.0451181788054	2	1	1	347	347	0	G	G
D1_N1	0.0456774444683	1	2	1	1442	1442	0	T	T
D1_N1	0.045730566033	1	2	1	169	169	0	C	C
D1_N1	0.0472555771837	2	1	1	909	909	0	A	A
D1_N1	0.0475749650978	1	2	1	421	421	0	G	G
D1_N1	0.0486843511778	2	1	1	473	473	0	G	G
D1_N1	0.0487551494643	2	1	1	930	930	0	T	T
D1_N1	0.048818075813	1	2	1	397	397	0	A	A
D1_N1	0.0491577502705	2	1	1	1486	1486	0	A	A
D1_N1	0.0520647845716	2	1	1	686	686	0	G	G
D1_N1	0.05209855279	1	2	1	929	929	1	T	C
D1_N1	0.0536668177284	2	1	1	1509	1509	0	T	T
D1_N1	0.054409628503	2	1	1	818	818	0	T	T
D1_N1	0.054435055458	1	2	1	574	574	0	A	A
D1_N1	0.054670254296	1	2	1	1011	1011	0	G	G
D1_N1	0.0564923233935	2	1	1	882	882	0	A	A
D1_N1	0.0567689996053	2	1	1	948	948	0	C	C
D1_N1	0.0567805891778	1	2	1	804	804	0	T	T
D1_N1	0.0569359094924	1	2	1	73	73	0	A	A
D1_N1	0.0570181431199	2	1	1	384	384	0	C	C
D1_N1	0.0590800638946	2	1	1	109	109	0	T	T
D1_N1	0.0596205588264	1	2	1	1527	1527	0	C	C
D1_N1	0.0597773802265	1	2	1	208	208	0	T	T
D1_N1	0.0600350573015	2	1	1	457	457	0	A	A
D1_N1	0.0603364154829	2	1	1	495	495	0	A	A
D1_N1	0.0615563903045	2	1	1	1356	1356	1	G	C
D1_N1	0.0618387120514	1	2	1	886	886	0	A	A
D1_N1	0.0650993396028	1	2	1	411	411	0	C	C
D1_N1	0.0656258464792	1	2	1	1347	1347	0	T	T
D1_N1	0.0676132467175	2	1	1	944	944	0	T	T
D1_N1	0.0676150088114	2	1	1	1004	1004	0	C	C
D1_N1	0.0681803934172	1	2	1	1016	1016	0	T	T
D1_N1	0.0701950362646	2	1	1	321	321	0	T	T
D1_N1	0.0706357785429	1	2	1	1200	1200	0	A	A
D1_N1	0.0716956324241	1	2	1	139	139	0	C	C
D1_N1	0.0718124646544	2	1	1	118	118	0	G	G
D1_N1	0.0731569914847	1	2	1	162	162	0	T	T
D1_N1	0.0740942281395	2	1	1	1266	1266	0	G	G
D1_N1	0.0758104578543	1	2	1	873	873	0	G	G
D1_N1	0.0761677268472	1	2	1	43	43	0	A	A
D1_N1	0.0777419262232	1	2	1	110	110	1	C	A
D1_N1	0.0787306537975	1	2	1	1256	1256	0	A	A
D1_N1	0.0793056697963	2	1	1	683	683	0	C	C
D1_N1	0.0793821196599	1	2	1	875	875	0	A	A
D1_N1	0.0795755614165	2	1	1	1247	1247	1	C	A
D1_N1	0.0803247268275	1	2	1	117	117	0	A	A
D1_N1	0.0808054680337	1	2	1	526	526	0	C	C
D1_N1	0.0826149140847	1	2	1	451	451	0	G	G
D1_N1	0.082873724083	2	1	1	224	224	0	C	C
D1_N1	0.0846347106447	1	2	1	490	490	0	A	A
D1_N1	0.0849375461003	1	2	1	1222	1222	0	T	T
D1_N1	0.0859795572349	2	1	1	983	983	0	A	A
D1_N1	0.0861348308124	2	1	1	380	380	0	G	G
D1_N1	0.0873172126473	2	1	1	359	359	0	A	A
D1_N1	0.0877560669734	1	2	1	996	996	1	G	A
D1_N1	0.0882616246834	2	1	1	202	202	0	A	A
D1_N1	0.0886721465167	2	1	1	177	177	0	A	A
D1_N1	0.0891432589654	2	1	1	120	120	0	G	G
D1_N1	0.0910770249323	1	2	1	4	4	0	A	A
D1_N1	0.091108925373	2	1	1	842	842	0	C	C
D1_N1	0.0922012321169	2	1	1	496	496	0	G	G
D1_N1	0.0925362537186	2	1	1	716	716	0	C	C
D1_N1	0.0933445824834	2	1	1	340	340	0	T	T
D1_N1	0.0939102707554	1	2	1	241	241	0	A	A
D1_N1	0.0951735273112	2	1	1	1147	1147	0	T	T
D1_N1	0.0969345704264	2	1	1	896	896	1	A	T
D1_N1	0.0970334981305	2	1	1	1383	1383	0	G	G
D1_N1	0.0975601065802	1	2	1	1618	1618	0	A	A
D1_N1	0.0991338504778	2	1	1	361	361	0	G	G
D1_N1	0.0998508911629	2	1	1	988	988	0	C	C
D1_N1	0.100322842274	2	1	1	53	53	0	G	G
D1_N1	0.104764758892	1	2	1	1294	1294	0	A	A
D1_N1	0.105499464309	2	1	1	1562	1562	0	T	T
D1_N1	0.105887243081	1	2	1	545	545	1	T	G
D1_N1	0.106530565827	2	1	1	795	795	0	A	A
D1_N1	0.108778093604	2	1	1	1427	1427	0	T	T
D1_N1	0.109948517649	1	2	1	241	241	0	A	A
D1_N1	0.112455899233	1	2	1	1605	1605	0	C	C
D1_N1	0.113009115865	1	2	1	1261	1261	0	G	G
D1_N1	0.113401688038	1	2	1	1100	1100	0	A	A
D1_N1	0.113738902034	1	2	1	835	835	1	G	T
D1_N1	0.114005609887	1	2	1	1417	1417	0	T	T
D1_N1	0.114308829944	1	2	1	1103	1103	0	T	T
D1_N1	0.114846086112	1	2	1	897	897	0	T	T
D1_N1	0.115734877142	2	1	1	1516	1516	0	G	G
D1_N1	0.116171462526	2	1	1	1445	1445	0	A	A
D1_N1	0.11627327173	2	1	1	507	507	0	T	T
D1_N1	0.116365090868	2	1	1	1625	1625	0	G	G
D1_N1	0.116772194353	1	2	1	775	775	1	G	A
D1_N1	0.117218297843	2	1	1	767	767	0	T	T
D1_N1	0.117691269349	1	2	1	1375	1375	0	T	T
D1_N1	0.118873184315	1	2	1	609	609	1	A	G
D1_N1	0.118885690347	2	1	1	959	959	1	G	A
D1_N1	0.120209249928	2	1	1	420	420	0	T	T
D1_N1	0.12126036318	2	1	1	865	865	0	C	C
D1_N1	0.122905810155	1	2	1	1488	1488	1	C	A
D1_N1	0.124936868199	1	2	1	550	550	0	G	G
D1_N1	0.125093316566	2	1	1	1074	1074	0	G	G
D1_N1	0.126413603132	2	1	1	1290	1290	0	A	A
D1_N1	0.127508151439	2	1	1	154	154	0	A	A
D1_N1	0.127660653436	1	2	1	1113	1113	0	G	G
D1_N1	0.127836252721	2	1	1	537	537	0	C	C
D1_N1	0.128237939472	1	2	1	1065	1065	1	A	G
D1_N1	0.130142279713	2	1	1	572	572	1	G	C
D1_N1	0.13091322715	2	1	1	124	124	1	T	A
D1_N1	0.131646245739	1	2	1	595	595	0	A	A
D1_N1	0.131908973837	1	2	1	1416	1416	0	A	A
D1_N1	0.134526947038	1	2	1	666	666	0	G	G
D1_N1	0.134694752007	1	2	1	862	862	0	T	T
D1_N1	0.134913427268	1	2	1	1267	1267	1	G	A
D1_N1	0.135034986494	2	1	1	1191	1191	0	T	T
D1_N1	0.135327066144	1	2	1	1615	1615	0	T	T
D1_N1	0.135559360651	1	2	1	983	983	0	A	A
D1_N1	0.135625583209	1	2	1	1014	1014	0	T	T
D1_N1	0.135809359359	1	2	1	692	692	0	A	A
D1_N1	0.136209139345	1	2	1	1072	1072	1	G	A
D1_N1	0.136425053504	2	1	1	909	909	1	G	A
D1_N1	0.136960889794	1	2	1	1226	1226	0	C	C
D1_N1	0.137061652829	2	1	1	1319	1319	0	A	A
D1_N1	0.138500920407	2	1	1	1541	1541	0	A	A
D1_N1	0.139030993207	1	2	1	257	257	1	G	C
D1_N1	0.139672297989	2	1	1	1008	1008	0	C	C
D1_N1	0.13997777587	2	1	1	734	734	0	G	G
D1_N1	0.14144093553	1	2	1	1460	1460	1	G	A
D1_N1	0.141608558343	2	1	1	210	210	0	C	C
D1_N1	0.141756146836	2	1	1	966	966	1	T	C
D1_N1	0.14184361245	1	2	1	1153	1153	1	C	T
D1_N1	0.142295810591	2	1	1	696	696	0	C	C
D1_N1	0.142978753923	2	1	1	842	842	0	C	C
D1_N1	0.143141570123	2	1	1	1445	1445	0	A	A
D1_N1	0.145001198566	1	2	1	371	371	1	G	A
D1_N1	0.14562295657	1	2	1	1524	1524	0	T	T
D1_N1	0.145760757367	2	1	1	1429	1429	0	T	T
D1_N1	0.145779498281	1	2	1	1439	1439	0	C	C
D1_N1	0.145947204727	1	2	1	222	222	0	G	G
D1_N1	0.146276622858	1	2	1	242	242	0	A	A
D1_N1	0.146409114225	1	2	1	504	504	0	A	A
D1_N1	0.146530746841	1	2	1	757	757	0	T	T
D1_N1	0.14762562164	1	2	1	1349	1349	1	C	G
D1_N1	0.14984730932	1	2	1	894	894	0	G	G
D1_N1	0.149958230134	1	2	1	1544	1544	1	A	G
D1_N1	0.150604450509	2	1	1	1601	1601	0	G	G
D1_N1	0.150674630142	2	1	1	959	959	0	G	G
D1_N1	0.152090010713	2	1	1	831	831	0	A	A
D1_N1	0.152455995235	2	1	1	1154	1154	0	G	G
D1_N1	0.152573448801	2	1	1	641	641	0	T	T
D1_N1	0.152975043345	2	1	1	934	934	0	G	G
D1_N1	0.153095661691	2	1	1	319	319	0	A	A
D1_N1	0.153974442138	1	2	1	44	44	0	T	T
D1_N1	0.154070197186	2	1	1	960	960	1	G	A
D1_N1	0.155542715661	2	1	1	1081	1081	0	A	A
D1_N1	0.156381020901	2	1	1	1219	1219	0	A	A
D1_N1	0.156427427887	1	2	1	1492	1492	0	G	G
D1_N1	0.156881979292	1	2	1	1326	1326	0	A	A
D1_N1	0.156968339719	2	1	1	372	372	0	T	T
D1_N1	0.157226431584	1	2	1	580	580	0	T	T
D1_N1	0.157303702501	1	2	1	1019	1019	0	T	T
D1_N1	0.157815610991	2	1	1	1208	1208	0	T	T
D1_N1	0.157983261366	2	1	1	1250	1250	0	T	T
D1_N1	0.158029751726	1	2	1	771	771	0	C	C
D1_N1	0.159300174157	2	1	1	1319	1319	0	A	A
D1_N1	0.160167397954	2	1	1	1169	1169	0	T	T
D1_N1	0.160383835407	1	2	1	285	285	0	A	A
D1_N1	0.16086626814	1	2	1	1252	1252	0	A	A
D1_N1	0.160888382784	1	2	1	275	275	0	G	G
D1_N1	0.164780582883	2	1	1	386	386	0	T	T
D1_N1	0.164846898329	2	1	1	417	417	0	A	A
D1_N1	0.165027491261	2	1	1	1524	1524	0	T	T
D1_N1	0.165145450268	1	2	1	1027	1027	0	G	G
D1_N1	0.165723890145	2	1	1	720	720	1	T	C
D1_N1	0.16596162155	1	2	1	1197	1197	0	G	G
D1_N1	0.166413495243	2	1	1	1624	1624	0	C	C
D1_N1	0.167501773552	1	2	1	600	600	0	T	T
D1_N1	0.168333781981	1	2	1	1073	1073	1	T	C
D1_N1	0.16847035328	1	2	1	988	988	0	C	C
D1_N1	0.168673335951	2	1	1	717	717	0	G	G
D1_N1	0.168696694115	2	1	1	999	999	0	C	C
D1_N1	0.169595131704	2	1	1	352	352	0	A	A
D1_N1	0.169626445042	2	1	1	780	780	1	A	T
D1_N1	0.172342751535	2	1	1	320	320	0	C	C
D1_N1	0.172840178436	2	1	1	751	751	0	G	G
D1_N1	0.174708355895	2	1	1	1483	1483	0	G	G
D1_N1	0.174943878704	1	2	1	728	728	0	G	G
D1_N1	0.175469670137	1	2	1	307	307	0	C	C
D1_N1	0.176675801216	1	2	1	1153	1153	0	C	C
D1_N1	0.176799163764	2	1	1	1347	1347	0	T	T
D1_N1	0.177820590673	1	2	1	1497	1497	0	C	C
D1_N1	0.17845525543	2	1	1	90	90	0	T	T
D1_N1	0.178469465478	2	1	1	1033	1033	1	G	A
D1_N1	0.178541301674	2	1	1	1377	1377	0	C	C
D1_N1	0.18078402129	1	2	1	31	31	0	A	A
D1_N1	0.181216016679	1	2	1	754	754	0	G	G
D1_N1	0.18223115934	1	2	1	973	973	0	A	A
D1_N1	0.182523077772	1	2	1	1492	1492	0	G	G
D1_N1	0.184629248427	2	1	1	1377	1377	0	C	C
D1_N1	0.185045835624	2	1	1	1419	1419	1	C	A
D1_N1	0.18591721585	1	2	1	356	356	1	A	G
D1_N1	0.186108983452	2	1	1	540	540	0	A	A
D1_N1	0.186190849435	2	1	1	684	684	0	A	A
D1_N1	0.186321716603	2	1	1	327	327	0	T	T
D1_N1	0.1880983312	2	1	1	1119	1119	0	T	T
D1_N1	0.188116506356	2	1	1	1601	1601	0	G	G
D1_N1	0.18957861853	1	2	1	1345	1345	1	T	C
D1_N1	0.190622308339	1	2	1	527	527	0	T	T
D1_N1	0.190927610118	2	1	1	698	698	1	G	A
D1_N1	0.191120980895	1	2	1	687	687	0	A	A
D1_N1	0.191817285201	2	1	1	1206	1206	0	G	G
D1_N1	0.192141302213	2	1	1	706	706	0	C	C
D1_N1	0.192587014537	2	1	1	1176	1176	0	T	T
D1_N1	0.193014466555	2	1	1	1476	1476	0	G	G
D1_N1	0.193256268015	1	2	1	377	377	0	A	A
D1_N1	0.193724895843	2	1	1	947	947	0	T	T
D1_N1	0.19375926197	2	1	1	1367	1367	0	A	A
D1_N1	0.194560541745	1	2	1	367	367	0	G	G
D1_N1	0.19461766302	2	1	1	61	61	0	A	A
D1_N1	0.19467487384	1	2	1	356	356	0	A	A
D1_N1	0.196086850573	1	2	1	995	995	1	T	G
D1_N1	0.197046803603	1	2	1	1074	1074	0	G	G
D1_N1	0.197493912241	1	2	1	764	764	0	A	A
D1_N1	0.198631264032	1	2	1	372	372	0	T	T
D1_N1	0.199163177447	1	2	1	1283	1283	1	A	T
D1_N1	0.199446636012	2	1	1	153	153	0	C	C
D1_N1	0.200270802022	1	2	1	1142	1142	0	A	A
D1_N1	0.202078747223	1	2	1	561	561	0	G	G
D1_N1	0.203408552932	1	2	1	1221	1221	0	C	C
D1_N1	0.204327762576	1	2	1	1493	1493	1	C	G
D1_N1	0.204342395347	1	2	1	586	586	1	T	A
D1_N1	0.204688515719	2	1	1	646	646	0	T	T
D1_N1	0.205397120003	1	2	1	561	561	0	G	G
D1_N1	0.207997935007	2	1	1	729	729	0	A	A
D1_N1	0.208039603627	1	2	1	806	806	0	G	G
D1_N1	0.208565083107	1	2	1	1188	1188	1	A	G
D1_N1	0.208634211463	2	1	1	345	345	1	A	G
D1_N1	0.208638424469	1	2	1	651	651	0	G	G
D1_N1	0.208680959962	2	1	1	986	986	1	A	G
D1_N1	0.210569589762	1	2	1	72	72	0	T	T
D1_N1	0.212795292444	1	2	1	899	899	1	C	G
D1_N1	0.214223768463	1	2	1	1338	1338	1	A	G
D1_N1	0.215333901922	1	2	1	468	468	0	G	G
D1_N1	0.215681617598	1	2	1	1497	1497	1	C	T
D1_N1	0.216164343462	1	2	1	626	626	0	T	T
D1_N1	0.216237453574	2	1	1	40	40	0	G	G
D1_N1	0.21738019962	1	2	1	76	76	1	A	T
D1_N1	0.217781063372	1	2	1	992	992	0	T	T
D1_N1	0.219018268819	2	1	1	317	317	0	T	T
D1_N1	0.219199763295	1	2	1	1237	1237	0	C	C
D1_N1	0.221268254616	2	1	1	1314	1314	0	G	G
D1_N1	0.22147815665	2	1	1	1432	1432	0	A	A
D1_N1	0.222399089306	1	2	1	431	431	1	C	T
D1_N1	0.222514219874	1	2	1	1476	1476	0	G	G
D1_N1	0.224080879186	2	1	1	1539	1539	0	C	C
D1_N1	0.224447063419	2	1	1	47	47	0	C	C
D1_N1	0.225117272623	2	1	1	287	287	0	A	A
D1_N1	0.225508965146	2	1	1	1110	1110	1	C	T
D1_N1	0.227744928677	1	2	1	403	403	0	T	T
D1_N1	0.227941220686	2	1	1	518	518	0	C	C
D1_N1	0.228378496922	1	2	1	324	324	0	C	C
D1_N1	0.229388577245	1	2	1	948	948	0	C	C
D1_N1	0.230935200701	1	2	1	733	733	0	A	A
D1_N1	0.231279687792	1	2	1	608	608	1	T	G
D1_N1	0.231792969997	1	2	1	164	164	0	T	T
D1_N1	0.232938239391	1	2	1	750	750	0	G	G
D1_N1	0.232969244668	2	1	1	1304	1304	0	A	A
N1_N2	0.000166520663735	2	1	1	778	778	0	A	A
N1_N2	0.00273873417064	1	2	1	465	465	0	C	C
N1_N2	0.00290952016189	2	1	1	1539	1539	0	C	C
N1_N2	0.00293111395485	2	1	1	896	896	0	A	A
N1_N2	0.00360734610225	2	1	1	994	994	0	A	A
N1_N2	0.00490088469238	1	2	1	154	154	0	A	A
N1_N2	0.00609142089544	2	1	1	260	260	0	T	T
N1_N2	0.00690909296277	2	1	1	1595	1595	1	G	C
N1_N2	0.00790668522979	2	1	1	358	358	0	T	T
N1_N2	0.00878790106138	1	2	1	863	863	0	T	T
N1_N2	0.00889665889011	2	1	1	817	817	0	A	A
N1_N2	0.00918504361688	1	2	1	786	786	1	A	G
N1_N2	0.0109841794406	1	2	1	238	238	0	A	A
N1_N2	0.0113220890718	1	2	1	684	684	0	A	A
N1_N2	0.0114897016201	1	2	1	429	429	0	A	A
N1_N2	0.0124766493215	1	2	1	1591	1591	0	T	T
N1_N2	0.0126434326109	1	2	1	642	642	0	T	T
N1_N2	0.0129741771711	1	2	1	1129	1129	0	G	G
N1_N2	0.0132890984109	1	2	1	949	949	0	A	A
N1_N2	0.0142629182648	1	2	1	360	360	0	A	A
N1_N2	0.0156920647381	1	2	1	146	146	1	C	G
N2_N3	0.000578444805096	1	2	1	578	578	0	G	G
N2_N3	0.000633202375188	1	2	1	479	479	0	G	G
N2_N3	0.00213399793401	1	2	1	1140	1140	0	T	T
N2_N3	0.00217272047468	1	2	1	1579	1579	1	G	C
N2_N3	0.00268792163596	1	2	1	1056	1056	0	A	A
N2_N3	0.00314500145709	1	2	1	1430	1430	0	G	G
N2_N3	0.00322251137818	2	1	1	1232	1232	1	A	T
N2_N3	0.00528123444285	2	1	1	1398	1398	1	T	G
N2_N3	0.00533017657622	2	1	1	1325	1325	0	G	G
N2_N3	0.00579014992294	2	1	1	1347	1347	0	T	T
N3_N4	0.000243793275375	2	1	1	1184	1184	1	T	C
N3_N4	0.000456623124466	1	2	1	748	748	0	C	C
N3_N4	0.000457777795792	1	2	1	1519	1519	1	C	T
N3_N4	0.00129566307625	2	1	1	1046	1046	0	G	G
N3_N4	0.00131351577523	1	2	1	653	653	0	T	T
N3_N4	0.00204596446341	1	2	1	479	479	0	G	G
N3_N4	0.00347053577901	1	2	1	1607	1607	0	A	A
N3_N4	0.00398093498037	1	2	1	84	84	0	C	C
N3_N4	0.00410557762856	1	2	1	1389	1389	1	T	G
N3_N4	0.00432848951319	1	2	1	915	915	0	G	G
N3_N4	0.00582299321071	1	2	1	883	883	0	A	A
N3_N4	0.00593143571971	2	1	1	641	641	1	T	G
N3_N4	0.00674102556836	2	1	1	476	476	0	A	A
N3_N4	0.00727087673125	2	1	1	783	783	0	T	T
N3_N4	0.00744483299519	1	2	1	287	287	0	A	A
N3_N4	0.00870866748214	2	1	1	1482	1482	0	C	C
N4_Human	0.000127067770941	1	2	1	344	344	1	A	G
N4_Human	0.000868431763908	1	2	1	1199	1199	0	G	G
N4_Human	0.00288657992388	2	1	1	247	247	0	G	G
N4_Human	0.00329020842852	2	1	1	542	542	1	T	A
N4_Human	0.00369545556819	2	1	1	992	992	0	T	T
N4_Human	0.00500993135037	1	2	1	1574	1574	0	T	T
N4_Human	0.00503802416171	2	1	1	544	544	0	C	C
N4_Human	0.00853587240594	2	1	1	512	512	0	G	G
N4_Human	0.00885339314438	2	1	1	521	521	1	C	G
N4_Human	0.00914596431755	2	1	1	310	310	0	T	T
N4_Human	0.0096846266054	2	1	1	226	226	0	A	A
N4_Chimp	0.000273056014793	1	2	1	1473	1473	0	T	T
N4_Chimp	0.000428145244679	2	1	1	1451	1451	1	G	C
N4_Chimp	0.000878145028252	2	1	1	1187	1187	0	A	A
N4_Chimp	0.00102716768331	2	1	1	1202	1202	0	A	A
N4_Chimp	0.00119761045883	1	2	1	1227	1227	1	T	C
N4_Chimp	0.00401554645816	1	2	1	1316	1316	0	A	A
N4_Chimp	0.00475718619439	1	2	1	621	621	0	G	G
N4_Chimp	0.00552862883148	2	1	1	638	638	1	C	A
N4_Chimp	0.00861792753585	2	1	1	1341	1341	0	A	A
N4_Chimp	0.00978087890565	2	1	1	892	892	0	T	T
N4_Chimp	0.0104217724347	1	2	1	667	667	0	A	A
N4_Chimp	0.0106720401164	1	2	1	147	147	1	G	A
N4_Chimp	0.0106827587439	2	1	1	1559	1559	0	A	A
N3_Goril	0.000786063526307	1	2	1	1387	1387	0	G	G
N3_Goril	0.00105968188718	1	2	1	1204	1204	0	C	C
N3_Goril	0.00130071309259	1	2	1	1523	1523	0	T	T
N3_Goril	0.00395405646355	1	2	1	179	179	0	A	A
N3_Goril	0.00491700638047	2	1	1	1500	1500	0	G	G
N3_Goril	0.00591134333296	2	1	1	965	965	0	G	G
N3_Goril	0.00593049983044	1	2	1	1401	1401	0	A	A
N3_Goril	0.00864128199593	2	1	1	1530	1530	1	C	A
N3_Goril	0.0105353211881	2	1	1	1325	1325	0	G	G
N3_Goril	0.0108548297716	1	2	1	1465	1465	1	G	A
N3_Goril	0.0109990678958	2	1	1	511	511	1	C	T
N3_Goril	0.0113564100573	1	2	1	234	234	1	G	A
N3_Goril	0.0124681905919	1	2	1	1294	1294	0	A	A
N3_Goril	0.0138728069843	2	1	1	304	304	0	T	T
N3_Goril	0.0138752194783	2	1	1	1299	1299	1	A	T
N3_Goril	0.0147926344056	1	2	1	220	220	0	C	C
N3_Goril	0.015862935081	1	2	1	704	704	0	T	T
N3_Goril	0.0159493141797	1	2	1	715	715	1	A	T
N3_Goril	0.0163788693928	2	1	1	1563	1563	1	A	G
N3_Goril	0.0163818763731	1	2	1	1173	1173	1	A	G
N3_Goril	0.0166485941745	1	2	1	553	553	0	A	A
N3_Goril	0.0184521953993	2	1	1	781	781	0	A	A
N3_Goril	0.0189366196371	1	2	1	1568	1568	1	G	T
N2_Orang	0.000211764984796	1	2	1	1343	1343	0	C	C
N2_Orang	0.00238935985406	2	1	1	162	162	1	T	C
N2_Orang	0.00311776275519	1	2	1	1117	1117	0	A	A
N2_Orang	0.00417838080374	1	2	1	1519	1519	1	C	T
N2_Orang	0.00723895664417	1	2	1	699	699	1	A	C
N2_Orang	0.0087030753169	2	1	1	1144	1144	0	A	A
N2_Orang	0.00901988724634	2	1	1	1126	1126	0	T	T
N2_Orang	0.00905372439985	2	1	1	85	85	1	G	A
N2_Orang	0.0093613456327	1	2	1	772	772	0	T	T
N2_Orang	0.00936269588121	1	2	1	446	446	0	G	G
N2_Orang	0.0112757610503	2	1	1	681	681	0	C	C
N2_Orang	0.0113932378494	2	1	1	1526	1526	0	A	A
N2_Orang	0.0126800611362	1	2	1	1234	1234	1	T	A
N2_Orang	0.0132556349905	1	2	1	785	785	1	T	A
N2_Orang	0.014195782507	2	1	1	1424	1424	0	T	T
N2_Orang	0.0143994188285	2	1	1	1002	1002	1	G	A
N2_Orang	0.0157761541034	1	2	1	1358	1358	0	T	T
N2_Orang	0.0162982134086	1	2	1	1000	1000	0	A	A
N2_Orang	0.0173089341629	1	2	1	493	493	1	A	C
N1_Macaq	0.000269732283879	1	2	1	664	664	1	A	C
N1_Macaq	0.000338920152627	2	1	1	783	783	0	T	T
N1_Macaq	0.00123089809313	2	1	1	235	235	0	A	A
N1_Macaq	0.00221479719381	2	1	1	1514	1514	0	C	C
N1_Macaq	0.00247475879194	2	1	1	194	194	0	T	T
N1_Macaq	0.00255037434812	2	1	1	0	0	0	A	A
N1_Macaq	0.00290665788863	1	2	1	512	512	0	G	G
N1_Macaq	0.0029404220534	1	2	1	774	774	0	A	A
N1_Macaq	0.00319244216353	2	1	1	703	703	0	A	A
N1_Macaq	0.00397062676297	1	2	1	470	470	0	G	G
N1_Macaq	0.00479733259023	2	1	1	767	767	0	T	T
N1_Macaq	0.00602732779518	1	2	1	795	795	0	A	A
N1_Macaq	0.00675119015222	1	2	1	934	934	0	G	G
N1_Macaq	0.00680818704415	2	1	1	1241	1241	0	G	G
N1_Macaq	0.00715676355136	1	2	1	115	115	0	T	T
N1_Macaq	0.00720215393594	1	2	1	1372	1372	0	C	C
N1_Macaq	0.00837511522206	1	2	1	976	976	1	C	G
N1_Macaq	0.0090193452126	1	2	1	1001	1001	0	A	A
N1_Macaq	0.00927431599883	1	2	1	132	132	0	T	T
N1_Macaq	0.00968671020398	1	2	1	402	402	1	G	A
N1_Macaq	0.00993636069637	2	1	1	1360	1360	1	T	A
N1_Macaq	0.0100077112478	1	2	1	632	632	0	G	G
N1_Macaq	0.0100301947697	1	2	1	936	936	0	T	T
N1_Macaq	0.0107541044374	2	1	1	1045	1045	0	A	A
N1_Macaq	0.0111618845005	1	2	1	1419	1419	0	C	C
N1_Macaq	0.0112274808407	2	1	1	1028	1028	0	T	T
N1_Macaq	0.0115031757072	2	1	1	130	130	0	G	G
N1_Macaq	0.0124753994172	1	2	1	1612	1612	1	G	A
N1_Macaq	0.0148408401458	1	2	1	550	550	1	G	C
N1_Macaq	0.0149078226959	2	1	1	394	394	0	G	G
N1_Macaq	0.0164173716521	1	2	1	1576	1576	0	T	T
N1_Macaq	0.0166223060808	2	1	1	1493	1493	0	C	C
N1_Macaq	0.0167269879924	2	1	1	1449	1449	0	T	T
N1_Macaq	0.0182128687847	2	1	1	1258	1258	0	C	C
N1_Macaq	0.0182154689174	1	2	1	386	386	0	T	T
N1_Macaq	0.0182214564816	2	1	1	1618	1618	0	A	A
N1_Macaq	0.0188763513082	1	2	1	600	600	0	T	T
N1_Macaq	0.0195473996059	1	2	1	634	634	0	C	C
N1_Macaq	0.0205588625278	1	2	1	965	965	0	G	G
N1_Macaq	0.0210839869965	1	2	1	1078	1078	1	A	G
N1_Macaq	0.0214832131197	1	2	1	1070	1070	0	C	C
N1_Macaq	0.0215597620425	2	1	1	1228	1228	1	A	T
N1_Macaq	0.0216643869154	1	2	1	111	111	0	T	T
N1_Macaq	0.0216661939377	1	2	1	334	334	0	A	A
N1_Macaq	0.0219022151979	2	1	1	954	954	0	C	C
N1_Macaq	0.0226075657874	2	1	1	311	311	0	T	T
N1_Macaq	0.0231685363596	2	1	1	224	224	0	C	C
N1_Macaq	0.0243925576819	2	1	1	168	168	0	G	G
N1_Macaq	0.0245718774168	1	2	1	1504	1504	1	T	C
N1_Macaq	0.0259905836852	1	2	1	762	762	1	T	C
N1_Macaq	0.0259912462689	2	1	1	1358	1358	0	T	T
N1_Macaq	0.0265899773767	2	1	1	23	23	1	A	T
N1_Macaq	0.0266685570596	2	1	1	311	311	0	T	T
N1_Macaq	0.0275057254313	1	2	1	1050	1050	0	G	G
N1_Macaq	0.0275768010837	1	2	1	833	833	1	T	A
N1_Macaq	0.028144400425	2	1	1	914	914	0	C	C
N1_Macaq	0.0281838450234	2	1	1	1190	1190	0	T	T
N1_Macaq	0.0293636540836	1	2	1	698	698	0	G	G
N1_Macaq	0.029874295342	2	1	1	639	639	0	A	A
N1_Macaq	0.0305190231916	1	2	1	1446	1446	0	C	C
N1_Macaq	0.0311948965718	1	2	1	19	19	1	C	T
N1_Macaq	0.0313213349532	2	1	1	917	917	0	T	T
N1_Macaq	0.0317480615403	1	2	1	943	943	0	A	A
N1_Macaq	0.031963808887	2	1	1	524	524	0	G	G
N1_Macaq	0.0322923041152	1	2	1	188	188	0	A	A
N1_Macaq	0.0329624028663	1	2	1	1095	1095	0	C	C
N1_Macaq	0.0329747561043	2	1	1	412	412	1	A	T
N1_Macaq	0.0330959933551	1	2	1	586	586	0	T	T
N1_Macaq	0.0339141795683	2	1	1	1007	1007	1	A	T
N1_Macaq	0.0357201509847	1	2	1	1377	1377	0	C	C
N1_Macaq	0.0364751650531	2	1	1	1301	1301	1	G	A
N1_Macaq	0.0372449615644	2	1	1	383	383	0	G	G
N1_Macaq	0.0380601726589	1	2	1	41	41	1	C	T
N1_Macaq	0.0386734564365	2	1	1	363	363	0	G	G
N1_Macaq	0.0402592096488	2	1	1	26	26	0	T	T
N1_Macaq	0.0405481683658	2	1	1	587	587	1	A	G
N1_Macaq	0.0426669217689	2	1	1	1212	1212	0	G	G
N1_Macaq	0.0431309254039	1	2	1	69	69	0	G	G
N1_Macaq	0.0432371252342	2	1	1	343	343	0	A	A
N1_Macaq	0.0437717226751	1	2	1	302	302	0	A	A
