edge	time	mut_orlg	mut_pos	old_state	new_state
N0_D1	0.0020162543154	0	3	A	T
N0_D1	0.030823256843	0	3	T	C
N0_D1	0.0356177540816	0	22	A	T
D1_N1	0.0107783736554	2	3	C	T
D1_N1	0.061308998571	2	16	A	G
D1_N1	0.0749477447167	2	26	C	T
D1_N1	0.0823993961225	2	7	T	A
D1_N1	0.0842809782601	1	11	A	C
D1_N1	0.127663284476	1	22	T	C
D1_N1	0.162939820103	1	25	G	A
D1_N1	0.181395717469	1	8	C	A
D1_N1	0.193996107038	2	22	T	C
D1_N1	0.195439991788	1	9	A	G
D1_N1	0.195591458268	1	5	C	A
D1_N1	0.213351409578	2	5	C	T
D1_N1	0.231247384874	1	13	A	T
N2_N3	0.00169703382923	1	21	T	C
N4_Human	0.00364318345493	1	3	C	A
N2_Orang	0.00505754434887	1	26	C	T
N1_Macaq	0.00666799564955	2	21	T	A
N0_Mouse	0.0310658298881	0	0	T	C
N0_Mouse	0.0474525114788	0	15	T	A
N0_Mouse	0.0484838594356	0	1	T	A
N0_Mouse	0.133851693309	0	6	G	A
N0_Mouse	0.144879927647	0	22	A	G
N0_Mouse	0.164852170099	0	11	A	T
N0_Mouse	0.251703214826	0	8	C	A
N0_Mouse	0.254912232266	0	11	T	A
N0_Mouse	0.272929633884	0	26	C	T
N0_Mouse	0.286801025061	0	13	A	G
N0_Mouse	0.362434143387	0	23	T	C
N0_Mouse	0.393028402053	0	13	G	C
N0_Mouse	0.401900998058	0	13	C	G
N0_Mouse	0.436324162202	0	9	A	C
N0_Mouse	0.441367943684	0	10	T	A
