edge	time	mut_orlg	mut_pos	old_state	new_state
N0_D1	0.00246045017658	0	345	A	G
N0_D1	0.00409051976165	0	92	T	C
N0_D1	0.00628813229175	0	54	C	T
N0_D1	0.00741000998182	0	278	G	C
N0_D1	0.00985472020534	0	21	C	T
N0_D1	0.0101066632178	0	76	T	C
N0_D1	0.0107032963026	0	244	T	A
N0_D1	0.0117213906922	0	11	G	A
N0_D1	0.0129046012482	0	315	T	C
N0_D1	0.0144848103125	0	313	G	C
N0_D1	0.0227646503612	0	36	T	C
N0_D1	0.0239420169787	0	239	T	C
N0_D1	0.0267656237818	0	295	T	A
N0_D1	0.0303471468823	0	260	T	G
N0_D1	0.0330779987223	0	354	C	T
N0_D1	0.0345186713414	0	153	A	G
N0_D1	0.0381456140656	0	28	T	C
N0_D1	0.0400064696337	0	345	G	A
N0_D1	0.0408078338259	0	218	C	T
N0_D1	0.0413559708815	0	10	T	C
N0_D1	0.0462592185156	0	361	G	T
D1_N1	0.00198728640873	1	7	T	C
D1_N1	0.00431437335848	1	256	T	G
D1_N1	0.00539273190963	1	14	A	T
D1_N1	0.00703271447859	2	223	A	T
D1_N1	0.00844683534321	2	305	A	T
D1_N1	0.00850222582084	2	250	T	G
D1_N1	0.00858888436089	2	295	A	C
D1_N1	0.0100690063397	2	92	C	T
D1_N1	0.0136182610596	2	34	A	T
D1_N1	0.0144826926213	1	52	C	T
D1_N1	0.0153210217258	2	425	C	A
D1_N1	0.01533419761	2	107	A	G
D1_N1	0.0156965215406	1	316	T	A
D1_N1	0.0188532232026	1	38	C	T
D1_N1	0.0195684124609	1	206	C	T
D1_N1	0.020825396707	2	318	G	A
D1_N1	0.0216089074651	1	337	T	C
D1_N1	0.0239059309933	1	130	C	G
D1_N1	0.0243018408939	2	433	G	C
D1_N1	0.0251663770882	1	422	A	G
D1_N1	0.0266123900434	1	277	T	A
D1_N1	0.0280937287302	2	247	A	T
D1_N1	0.0287016039501	1	295	A	G
D1_N1	0.0318320536432	1	360	C	G
D1_N1	0.032248221284	1	198	G	T
D1_N1	0.0322618773742	1	252	C	G
D1_N1	0.0324569134837	1	23	A	G
D1_N1	0.0330260648501	1	362	T	C
D1_N1	0.0335787306671	1	192	T	G
D1_N1	0.0357656059851	1	102	T	C
D1_N1	0.0364406058206	2	276	A	T
D1_N1	0.0394383258596	2	393	G	A
D1_N1	0.0399760717739	1	352	C	T
D1_N1	0.0409518284702	1	228	G	C
D1_N1	0.0428811199263	2	195	A	T
D1_N1	0.0430977979266	2	413	A	G
D1_N1	0.0431742317843	1	180	G	A
D1_N1	0.0432244264044	2	324	A	T
D1_N1	0.0432829978453	1	267	T	G
D1_N1	0.044832195132	1	5	C	G
D1_N1	0.0448952267409	1	85	C	T
D1_N1	0.045278368225	1	426	T	C
D1_N1	0.045302689991	2	164	C	G
D1_N1	0.0460371224994	1	363	G	T
D1_N1	0.0460801324243	1	37	A	C
D1_N1	0.0466637734814	2	347	A	G
D1_N1	0.048036595231	1	33	A	T
D1_N1	0.0482217905063	1	403	T	A
D1_N1	0.0495554398498	2	270	T	C
D1_N1	0.0512158547525	1	128	G	T
D1_N1	0.0545152029013	2	65	T	A
D1_N1	0.0549383619736	1	163	G	C
D1_N1	0.056321212101	2	55	A	G
D1_N1	0.0566712306256	1	244	A	T
D1_N1	0.0572405019485	2	4	C	G
D1_N1	0.0575619450945	2	350	C	T
D1_N1	0.058270043007	1	349	C	T
D1_N1	0.0591029033011	2	176	C	A
D1_N1	0.0598564643079	2	167	C	T
D1_N1	0.0630403518421	2	44	A	C
D1_N1	0.063297720528	1	45	T	G
D1_N1	0.0638009990806	2	121	G	T
D1_N1	0.0670495386027	2	58	C	T
D1_N1	0.0678611103845	2	86	T	G
D1_N1	0.0704071637797	1	298	G	A
D1_N1	0.070477560403	1	181	C	T
D1_N1	0.0731071898445	1	404	A	T
D1_N1	0.0763145674153	1	168	C	G
D1_N1	0.0767120714655	2	247	T	G
D1_N1	0.080002201969	1	100	A	G
D1_N1	0.0823738607506	2	406	A	C
D1_N1	0.0836660094964	2	195	T	A
D1_N1	0.0836694597619	1	140	A	G
D1_N1	0.0841705954773	1	295	G	A
D1_N1	0.0846303277679	2	114	T	C
D1_N1	0.0857508435305	2	398	T	G
D1_N1	0.0867880777756	1	360	G	A
D1_N1	0.0869388366471	1	291	G	A
D1_N1	0.0869635393414	2	231	T	G
D1_N1	0.088704051784	1	235	A	T
D1_N1	0.0888148469844	2	209	G	A
D1_N1	0.0909704512102	2	316	T	C
D1_N1	0.0939433593074	1	197	T	A
D1_N1	0.0950020726336	1	59	C	G
D1_N1	0.0950191906503	2	31	T	C
D1_N1	0.0981155258131	1	335	C	T
D1_N1	0.0992089540268	2	199	C	T
D1_N1	0.0997747626613	2	187	C	T
D1_N1	0.0998786629972	1	408	T	C
D1_N1	0.100193724359	1	208	T	A
D1_N1	0.100401938744	2	278	C	T
D1_N1	0.1008400205	1	377	A	C
D1_N1	0.101843482923	2	68	G	A
D1_N1	0.103469541528	1	391	T	C
D1_N1	0.104048475336	2	185	A	G
D1_N1	0.10545801245	2	296	C	T
D1_N1	0.105800338034	2	265	G	T
D1_N1	0.106468615949	2	275	G	A
D1_N1	0.108080405889	1	133	T	C
D1_N1	0.112473775637	2	415	T	G
D1_N1	0.112570515108	2	24	G	A
D1_N1	0.112988635486	2	102	T	A
D1_N1	0.113544217105	2	122	G	A
D1_N1	0.113830635216	2	402	G	A
D1_N1	0.114056832459	1	261	G	C
D1_N1	0.11720366844	1	405	T	A
D1_N1	0.123029338351	2	320	C	T
D1_N1	0.123085948623	1	133	C	G
D1_N1	0.125250409821	1	344	G	A
D1_N1	0.12578809978	1	107	A	G
D1_N1	0.126310882334	1	391	C	T
D1_N1	0.127641756744	2	93	A	T
D1_N1	0.128201444118	1	415	T	A
D1_N1	0.129224971442	1	282	C	A
D1_N1	0.130509562788	2	164	G	C
D1_N1	0.133947536655	1	238	T	G
D1_N1	0.136637062732	2	358	A	C
D1_N1	0.138462724112	1	140	G	A
D1_N1	0.138989422624	2	423	C	A
D1_N1	0.139612356936	1	246	G	T
D1_N1	0.140717576243	2	158	A	G
D1_N1	0.141303963467	2	68	A	G
D1_N1	0.142248947489	1	301	T	C
D1_N1	0.142876977897	1	279	T	G
D1_N1	0.143921552892	2	192	T	G
D1_N1	0.14431906512	2	95	A	G
D1_N1	0.144660105159	2	422	A	T
D1_N1	0.146768941413	2	373	G	T
D1_N1	0.147026704052	1	435	T	C
D1_N1	0.147214095558	2	50	C	T
D1_N1	0.149892892856	2	196	T	G
D1_N1	0.150087585307	1	177	G	T
D1_N1	0.150782787743	1	114	T	A
D1_N1	0.151590915822	1	302	T	C
D1_N1	0.151893859739	1	408	C	T
D1_N1	0.153593847848	2	340	A	G
D1_N1	0.153694912968	2	193	G	A
D1_N1	0.154752353951	2	128	G	T
D1_N1	0.15480027892	1	337	C	T
D1_N1	0.154856510856	1	247	A	G
D1_N1	0.156234583033	1	373	G	A
D1_N1	0.157021180821	1	236	T	G
D1_N1	0.158549512268	1	267	G	T
D1_N1	0.159023353371	1	244	T	G
D1_N1	0.159346788543	2	323	T	G
D1_N1	0.159982229503	2	403	T	A
D1_N1	0.160051947293	2	378	A	T
D1_N1	0.160680379689	1	225	T	G
D1_N1	0.160937645088	2	93	T	C
D1_N1	0.16122127059	1	51	A	T
D1_N1	0.161889333525	2	11	A	T
D1_N1	0.164024011424	2	207	C	G
D1_N1	0.164192983217	2	17	G	T
D1_N1	0.164589940976	1	316	A	G
D1_N1	0.164628453245	1	81	A	G
D1_N1	0.166884016432	2	180	G	A
D1_N1	0.168405992871	2	94	T	C
D1_N1	0.170833951087	1	341	T	C
D1_N1	0.171776554284	2	266	A	T
D1_N1	0.171939054691	1	220	A	G
D1_N1	0.175053267963	1	286	G	A
D1_N1	0.177156488356	2	382	C	T
D1_N1	0.179175684126	2	235	A	G
D1_N1	0.180317375693	1	320	C	A
D1_N1	0.180535657659	1	199	C	T
D1_N1	0.181301120665	1	422	G	A
D1_N1	0.182065608279	2	124	T	C
D1_N1	0.183372253048	2	338	C	G
D1_N1	0.184693900142	2	284	C	T
D1_N1	0.186586308404	2	225	T	G
D1_N1	0.18665542442	1	247	G	T
D1_N1	0.188253316984	2	268	T	A
D1_N1	0.188709660966	1	87	A	G
D1_N1	0.189359504885	1	150	G	T
D1_N1	0.189463904011	1	278	C	G
D1_N1	0.195178581605	2	155	C	G
D1_N1	0.195773246474	1	118	C	T
D1_N1	0.19751684347	1	137	G	T
D1_N1	0.197556338213	1	97	C	A
D1_N1	0.197632259811	1	281	G	A
D1_N1	0.198686194354	1	104	T	G
D1_N1	0.199864447025	1	322	G	T
D1_N1	0.20152370481	2	273	G	A
D1_N1	0.202952468953	1	23	G	A
D1_N1	0.203062914746	1	291	A	G
D1_N1	0.203342499658	2	382	T	A
D1_N1	0.203634450466	1	31	T	C
D1_N1	0.204166742337	1	118	T	C
D1_N1	0.204369659521	1	348	T	A
D1_N1	0.207043799846	1	435	C	T
D1_N1	0.210042893963	1	262	T	C
D1_N1	0.211456527548	1	361	T	A
D1_N1	0.211914381671	1	109	T	C
D1_N1	0.214257646791	1	168	G	A
D1_N1	0.216692196931	1	142	G	T
D1_N1	0.217454697578	2	391	T	C
D1_N1	0.219683394774	1	25	C	T
D1_N1	0.22123420372	2	364	G	A
D1_N1	0.22151451464	1	120	C	G
D1_N1	0.223671604536	1	385	A	T
D1_N1	0.224943678241	2	190	T	C
D1_N1	0.225950570256	2	150	G	T
D1_N1	0.227491721601	1	6	T	C
D1_N1	0.228107007144	2	211	C	T
D1_N1	0.229614356964	2	291	G	T
D1_N1	0.230243285575	2	111	A	C
D1_N1	0.230467706024	2	222	C	T
D1_N1	0.231353626349	1	206	T	C
D1_N1	0.233495945646	1	176	A	C
N1_N2	0.000830542938907	2	414	C	T
N1_N2	0.000903146692026	1	354	T	C
N1_N2	0.00204832327745	2	3	T	C
N1_N2	0.00248968442105	2	365	T	G
N1_N2	0.0046114543184	2	142	G	A
N1_N2	0.00891161918687	2	31	C	A
N1_N2	0.00907299702611	2	45	T	C
N1_N2	0.0138731699114	1	29	C	T
N1_N2	0.0140265552674	2	65	A	G
N2_N3	0.000666316098449	1	79	A	G
N2_N3	0.000730360127054	2	53	C	T
N2_N3	0.00100889394915	1	204	A	T
N2_N3	0.00140168053062	2	171	A	T
N2_N3	0.00248002807857	2	177	G	A
N2_N3	0.00265145119806	2	322	G	T
N2_N3	0.00334574604457	1	110	A	G
N2_N3	0.00589017385861	1	149	C	T
N2_N3	0.00614837656991	2	301	T	G
N3_N4	0.00121710453354	1	244	G	C
N3_N4	0.00182791813191	2	148	A	T
N3_N4	0.00541896915579	1	418	T	C
N3_N4	0.0055245622283	1	354	C	T
N3_N4	0.00556942149134	1	417	C	A
N3_N4	0.00807464875857	1	81	G	A
N3_N4	0.00882087383375	2	87	A	G
N4_Human	0.00129044907341	1	171	A	T
N4_Human	0.00254008035559	1	235	T	G
N4_Human	0.00314577464253	1	337	T	G
N4_Human	0.00438416196177	1	440	T	C
N4_Human	0.0063039318146	1	133	G	A
N4_Human	0.00675882822878	1	219	T	C
N4_Human	0.00680751204094	2	32	A	C
N4_Human	0.00881137313021	1	139	G	A
N4_Chimp	0.00358162795143	1	280	A	C
N4_Chimp	0.004817616663	2	123	C	T
N4_Chimp	0.00561154977425	1	304	A	C
N4_Chimp	0.0057798331728	1	41	G	A
N4_Chimp	0.00884648068474	1	117	T	C
N4_Chimp	0.00942669289445	1	288	G	T
N4_Chimp	0.0103781423737	1	21	T	G
N4_Chimp	0.0104890518096	2	301	G	A
N4_Chimp	0.0106937080834	2	408	T	G
N3_Goril	4.77310660701e-05	1	119	A	G
N3_Goril	0.000345365136561	1	236	G	A
N3_Goril	0.000387898650889	1	335	T	G
N3_Goril	0.00105374252431	1	184	G	T
N3_Goril	0.00116003337514	2	145	C	G
N3_Goril	0.00430312935484	2	144	A	G
N3_Goril	0.00553172977786	2	310	A	G
N3_Goril	0.00711206457975	1	315	C	T
N3_Goril	0.00754098352332	2	53	T	G
N3_Goril	0.00844618525314	2	10	C	T
N3_Goril	0.0107829479048	2	117	T	C
N3_Goril	0.010825084144	1	260	G	A
N3_Goril	0.0121150516474	1	139	G	T
N3_Goril	0.0126986548848	2	241	T	G
N3_Goril	0.0142573230283	2	41	G	A
N3_Goril	0.01429935275	1	54	T	A
N3_Goril	0.0171500161449	1	126	T	C
N3_Goril	0.0176445055104	1	31	C	T
N3_Goril	0.0187805292526	2	26	A	T
N2_Orang	0.0019304780421	2	265	T	A
N2_Orang	0.00257503685023	2	281	G	C
N2_Orang	0.00400393218081	1	107	G	A
N2_Orang	0.0040564389591	1	318	A	G
N2_Orang	0.00420374431585	1	245	C	A
N2_Orang	0.00462660249526	2	101	T	G
N2_Orang	0.00483671397436	1	217	A	C
N2_Orang	0.00712343853485	2	2	T	G
N2_Orang	0.00984506284883	1	361	A	G
N2_Orang	0.0105712665319	1	351	T	C
N2_Orang	0.0168069592139	2	66	A	G
N2_Orang	0.0168228071325	2	321	T	C
N2_Orang	0.0179579632029	1	103	C	T
N1_Macaq	0.0016124044939	2	254	A	T
N1_Macaq	0.0017440285673	2	73	T	G
N1_Macaq	0.00252731804782	1	440	T	C
N1_Macaq	0.00280070836262	1	260	G	T
N1_Macaq	0.00570886395204	2	285	T	A
N1_Macaq	0.00832040173336	1	11	A	T
N1_Macaq	0.00947757071577	1	302	C	T
N1_Macaq	0.0145357549357	2	56	C	G
N1_Macaq	0.0148250930411	2	177	G	T
N1_Macaq	0.0151765782769	1	261	C	T
N1_Macaq	0.0169817826297	1	94	T	C
N1_Macaq	0.0182026152075	1	22	G	A
N1_Macaq	0.0197194720918	1	139	G	C
N1_Macaq	0.0216334601193	1	167	C	G
N1_Macaq	0.0231423866617	2	162	A	G
N1_Macaq	0.0231658060659	2	297	G	A
N1_Macaq	0.0250917460472	2	143	A	G
N1_Macaq	0.0260492904343	1	251	C	T
N1_Macaq	0.0264295176836	1	38	T	A
N1_Macaq	0.0294644822644	1	12	C	G
N1_Macaq	0.0309998814077	2	253	G	C
N1_Macaq	0.033258372796	1	357	G	A
N1_Macaq	0.0335630431372	2	357	G	A
N1_Macaq	0.0357736756781	2	418	T	C
N1_Macaq	0.0364137805236	1	310	A	C
N1_Macaq	0.0377193107815	2	94	C	T
N1_Macaq	0.0395519650894	2	200	T	C
N1_Macaq	0.0407760253762	2	38	C	G
N1_Macaq	0.0413539653702	1	137	T	C
N1_Macaq	0.0421905644028	2	382	A	C
N1_Macaq	0.0428813031073	2	286	G	C
N1_Macaq	0.0435067369972	1	29	C	G
N0_Mouse	0.000610088070108	0	359	T	A
N0_Mouse	0.000611773983742	0	359	A	C
N0_Mouse	0.00150815106796	0	273	G	T
N0_Mouse	0.00160935084171	0	94	T	G
N0_Mouse	0.00161021514758	0	203	A	G
N0_Mouse	0.00291899190036	0	419	A	T
N0_Mouse	0.00338384532686	0	269	G	A
N0_Mouse	0.00626504197874	0	223	A	G
N0_Mouse	0.00727777609831	0	413	A	T
N0_Mouse	0.00782112502537	0	55	A	T
N0_Mouse	0.00801611168578	0	152	A	T
N0_Mouse	0.0084095607605	0	56	C	A
N0_Mouse	0.00946582703751	0	106	G	A
N0_Mouse	0.0102413011218	0	264	G	A
N0_Mouse	0.0117087581033	0	225	T	C
N0_Mouse	0.015328555522	0	319	C	T
N0_Mouse	0.0153407043499	0	220	A	G
N0_Mouse	0.0180642119213	0	304	A	C
N0_Mouse	0.0187604261798	0	436	T	C
N0_Mouse	0.0221525089915	0	25	C	T
N0_Mouse	0.0267612241342	0	302	T	G
N0_Mouse	0.0292055890478	0	191	A	T
N0_Mouse	0.0351046799396	0	216	C	T
N0_Mouse	0.0360201888311	0	352	C	T
N0_Mouse	0.0365534802278	0	22	G	A
N0_Mouse	0.0405924236669	0	235	A	G
N0_Mouse	0.0428307014692	0	314	A	G
N0_Mouse	0.0461689989744	0	105	C	G
N0_Mouse	0.0466346232297	0	383	A	G
N0_Mouse	0.0539637770293	0	311	C	T
N0_Mouse	0.0588824807735	0	185	A	T
N0_Mouse	0.0612395997689	0	410	T	A
N0_Mouse	0.0641221369065	0	253	G	A
N0_Mouse	0.0656897383753	0	187	C	T
N0_Mouse	0.0685189763973	0	255	A	C
N0_Mouse	0.0710027394326	0	355	A	C
N0_Mouse	0.0715846470848	0	320	C	A
N0_Mouse	0.0725844546453	0	50	C	T
N0_Mouse	0.0733350705318	0	402	G	C
N0_Mouse	0.0772523487322	0	33	A	G
N0_Mouse	0.0778999038837	0	6	T	C
N0_Mouse	0.0805844835472	0	193	G	T
N0_Mouse	0.0856871181621	0	283	A	G
N0_Mouse	0.0875943186716	0	260	T	C
N0_Mouse	0.0911066733321	0	289	G	A
N0_Mouse	0.0914211622518	0	4	C	A
N0_Mouse	0.0925999834274	0	155	C	A
N0_Mouse	0.0928483964533	0	67	A	G
N0_Mouse	0.101905315472	0	150	G	A
N0_Mouse	0.104068726677	0	259	G	A
N0_Mouse	0.107042585586	0	357	G	A
N0_Mouse	0.107738396523	0	61	A	G
N0_Mouse	0.109262713896	0	51	A	G
N0_Mouse	0.112702777698	0	90	T	G
N0_Mouse	0.113429439404	0	110	A	G
N0_Mouse	0.114236128406	0	354	C	G
N0_Mouse	0.117570554713	0	151	C	T
N0_Mouse	0.121154709146	0	336	T	G
N0_Mouse	0.123545897061	0	348	T	C
N0_Mouse	0.123918817746	0	38	C	A
N0_Mouse	0.124609077275	0	164	C	T
N0_Mouse	0.135459347628	0	221	A	G
N0_Mouse	0.136258012772	0	165	A	G
N0_Mouse	0.139667127866	0	141	A	T
N0_Mouse	0.140690955533	0	105	G	A
N0_Mouse	0.141601137685	0	202	A	G
N0_Mouse	0.142907140176	0	26	A	C
N0_Mouse	0.144151901216	0	133	T	A
N0_Mouse	0.149537373612	0	158	A	T
N0_Mouse	0.152291513973	0	240	T	A
N0_Mouse	0.152583199404	0	6	C	T
N0_Mouse	0.152835460309	0	51	G	T
N0_Mouse	0.153259385244	0	420	T	C
N0_Mouse	0.154546356811	0	145	C	T
N0_Mouse	0.157291200229	0	241	T	C
N0_Mouse	0.158356779704	0	72	C	G
N0_Mouse	0.159047892913	0	163	G	C
N0_Mouse	0.159754069339	0	410	A	C
N0_Mouse	0.160126789847	0	87	A	T
N0_Mouse	0.160670425839	0	311	T	G
N0_Mouse	0.163136098465	0	113	A	C
N0_Mouse	0.169930671987	0	149	C	A
N0_Mouse	0.174155032215	0	279	T	C
N0_Mouse	0.174781218691	0	133	A	T
N0_Mouse	0.176455583443	0	353	T	G
N0_Mouse	0.176656492839	0	266	A	C
N0_Mouse	0.178886313748	0	325	T	C
N0_Mouse	0.18445325837	0	1	T	C
N0_Mouse	0.18664918303	0	240	A	G
N0_Mouse	0.19099537734	0	294	C	A
N0_Mouse	0.193496499375	0	421	T	A
N0_Mouse	0.198008172175	0	304	C	T
N0_Mouse	0.198513739952	0	288	G	T
N0_Mouse	0.200153214789	0	232	G	A
N0_Mouse	0.20132974974	0	215	T	C
N0_Mouse	0.202511703336	0	315	T	C
N0_Mouse	0.203408032922	0	5	C	T
N0_Mouse	0.204734468395	0	283	G	A
N0_Mouse	0.205715192904	0	186	C	T
N0_Mouse	0.206075341607	0	313	G	A
N0_Mouse	0.207085165524	0	238	T	G
N0_Mouse	0.207885271721	0	339	C	T
N0_Mouse	0.211829828069	0	170	C	A
N0_Mouse	0.214778685531	0	209	G	A
N0_Mouse	0.215207221832	0	290	C	A
N0_Mouse	0.215876655831	0	384	A	T
N0_Mouse	0.217206836095	0	284	C	G
N0_Mouse	0.217210961402	0	286	G	A
N0_Mouse	0.217419449607	0	433	G	A
N0_Mouse	0.220559748399	0	321	T	G
N0_Mouse	0.221943573724	0	265	G	A
N0_Mouse	0.222119347084	0	197	T	G
N0_Mouse	0.231887456427	0	440	T	G
N0_Mouse	0.23338495315	0	181	C	A
N0_Mouse	0.235984136885	0	277	T	G
N0_Mouse	0.237208231227	0	224	G	A
N0_Mouse	0.23779987789	0	415	T	A
N0_Mouse	0.239752450249	0	134	A	C
N0_Mouse	0.245681021896	0	9	A	C
N0_Mouse	0.248944930413	0	109	T	C
N0_Mouse	0.249371293923	0	282	C	G
N0_Mouse	0.252170355092	0	423	C	A
N0_Mouse	0.252979639984	0	410	C	T
N0_Mouse	0.257858484777	0	148	A	G
N0_Mouse	0.263384012275	0	147	G	A
N0_Mouse	0.265047871693	0	196	T	C
N0_Mouse	0.270184422175	0	274	A	G
N0_Mouse	0.279825765965	0	364	G	C
N0_Mouse	0.280431019854	0	115	C	G
N0_Mouse	0.286400656687	0	27	A	T
N0_Mouse	0.292603762878	0	412	G	A
N0_Mouse	0.293029608448	0	197	G	A
N0_Mouse	0.296213081254	0	303	C	T
N0_Mouse	0.298602285552	0	421	A	G
N0_Mouse	0.300205020575	0	217	A	T
N0_Mouse	0.300973402439	0	216	T	C
N0_Mouse	0.305108038395	0	155	A	T
N0_Mouse	0.307928359844	0	175	G	T
N0_Mouse	0.313208290511	0	422	A	G
N0_Mouse	0.314667453259	0	54	C	G
N0_Mouse	0.322855095955	0	81	A	T
N0_Mouse	0.323789171935	0	362	T	C
N0_Mouse	0.324813491815	0	312	T	C
N0_Mouse	0.325279781226	0	322	G	C
N0_Mouse	0.325931305599	0	233	G	T
N0_Mouse	0.329253706348	0	358	A	G
N0_Mouse	0.331091018818	0	206	C	G
N0_Mouse	0.332373480895	0	16	A	C
N0_Mouse	0.333341019126	0	251	C	T
N0_Mouse	0.333736435349	0	240	G	A
N0_Mouse	0.336517402712	0	189	T	A
N0_Mouse	0.339294218828	0	404	A	T
N0_Mouse	0.346298863158	0	353	G	C
N0_Mouse	0.34647131402	0	188	T	G
N0_Mouse	0.346806083753	0	41	G	C
N0_Mouse	0.34736594994	0	175	T	C
N0_Mouse	0.34868551793	0	327	G	A
N0_Mouse	0.349155968753	0	200	T	G
N0_Mouse	0.356295528201	0	130	C	G
N0_Mouse	0.360349648337	0	113	C	A
N0_Mouse	0.365968848423	0	320	A	G
N0_Mouse	0.376308942564	0	231	T	A
N0_Mouse	0.376919860164	0	76	T	A
N0_Mouse	0.378480653429	0	168	C	T
N0_Mouse	0.380483319513	0	277	G	A
N0_Mouse	0.382022946671	0	93	A	T
N0_Mouse	0.3839732467	0	367	C	T
N0_Mouse	0.390630926138	0	298	G	C
N0_Mouse	0.39132293758	0	260	C	T
N0_Mouse	0.392915519945	0	298	C	T
N0_Mouse	0.394428000908	0	30	C	G
N0_Mouse	0.396490593836	0	112	A	T
N0_Mouse	0.396656265335	0	157	T	A
N0_Mouse	0.399419701546	0	169	A	T
N0_Mouse	0.399558407953	0	421	G	A
N0_Mouse	0.399733144685	0	72	G	T
N0_Mouse	0.405039956195	0	381	T	C
N0_Mouse	0.407024023065	0	420	C	T
N0_Mouse	0.414010325276	0	27	T	A
N0_Mouse	0.414327786325	0	408	T	C
N0_Mouse	0.414924871898	0	236	T	C
N0_Mouse	0.415579961409	0	209	A	G
N0_Mouse	0.417093547833	0	179	A	T
N0_Mouse	0.419441936001	0	398	T	A
N0_Mouse	0.419587861171	0	252	C	A
N0_Mouse	0.420336481923	0	154	A	C
N0_Mouse	0.420890186604	0	280	A	G
N0_Mouse	0.423714090861	0	28	T	A
N0_Mouse	0.425072269953	0	40	T	C
N0_Mouse	0.430185146169	0	108	G	A
N0_Mouse	0.431589872533	0	209	G	T
N0_Mouse	0.432664877713	0	177	G	C
N0_Mouse	0.43676788882	0	138	G	T
N0_Mouse	0.437343459719	0	74	T	C
N0_Mouse	0.439211722441	0	427	C	T
N0_Mouse	0.440964069183	0	108	A	G
N0_Mouse	0.444479875888	0	33	G	C
N0_Mouse	0.447174714883	0	380	T	G
N0_Mouse	0.447922481225	0	394	A	C
