edge	time	orlg_from	orlg_to	tract_length	start_pos	stop_pos	num_diff	template_seq	overide_seq
D1_N1	0.00201551411995	2	1	1	130	130	0	A	A
D1_N1	0.00229508099703	1	2	1	888	888	0	C	C
D1_N1	0.00248376424523	1	2	1	721	721	0	G	G
D1_N1	0.00273075208237	2	1	1	173	173	0	G	G
D1_N1	0.00275656080842	2	1	1	654	654	0	T	T
D1_N1	0.00398087095207	2	1	1	1202	1202	0	C	C
D1_N1	0.00452147907138	1	2	1	466	466	0	A	A
D1_N1	0.00463917351869	1	2	1	1464	1464	0	G	G
D1_N1	0.00543533727911	2	1	1	601	601	0	T	T
D1_N1	0.00621857133846	2	1	1	29	29	0	T	T
D1_N1	0.00677052283492	2	1	1	240	240	0	G	G
D1_N1	0.00693496169472	2	1	1	1015	1015	0	C	C
D1_N1	0.00708662609174	1	2	1	663	663	0	T	T
D1_N1	0.00807046035742	2	1	1	507	507	0	A	A
D1_N1	0.00940895795107	2	1	1	640	640	0	A	A
D1_N1	0.00973848837845	2	1	1	1136	1136	0	T	T
D1_N1	0.0120150672467	2	1	1	840	840	1	T	A
D1_N1	0.0121577266533	1	2	1	1408	1408	0	C	C
D1_N1	0.0129185109899	1	2	1	1443	1443	0	T	T
D1_N1	0.0130355469816	1	2	1	298	298	0	C	C
D1_N1	0.0134060489058	2	1	1	72	72	0	A	A
D1_N1	0.0153778196713	2	1	1	227	227	0	A	A
D1_N1	0.0169985460342	1	2	1	199	199	0	T	T
D1_N1	0.0172815367587	2	1	1	165	165	0	A	A
D1_N1	0.0174477421517	1	2	1	1086	1086	0	T	T
D1_N1	0.0177012922693	2	1	1	1238	1238	0	T	T
D1_N1	0.0185156933088	2	1	1	1091	1091	0	C	C
D1_N1	0.0189554807496	2	1	1	875	875	0	T	T
D1_N1	0.0201515573395	2	1	1	38	38	0	A	A
D1_N1	0.0203404987227	2	1	1	1419	1419	0	A	A
D1_N1	0.0207429825777	2	1	1	1496	1496	0	C	C
D1_N1	0.0214233495258	2	1	1	20	20	0	C	C
D1_N1	0.022673548266	1	2	1	426	426	0	T	T
D1_N1	0.0239327689539	2	1	1	339	339	0	C	C
D1_N1	0.0242701290899	1	2	1	444	444	0	G	G
D1_N1	0.0253060731028	2	1	1	741	741	0	A	A
D1_N1	0.0259356782043	1	2	1	739	739	0	C	C
D1_N1	0.0261065415329	2	1	1	1206	1206	0	C	C
D1_N1	0.0274671783663	2	1	1	1028	1028	0	T	T
D1_N1	0.0298697607582	1	2	1	585	585	0	T	T
D1_N1	0.0298899249903	2	1	1	1501	1501	1	G	A
D1_N1	0.0302504060596	2	1	1	1221	1221	0	A	A
D1_N1	0.0304324910432	1	2	1	405	405	0	G	G
D1_N1	0.0314431902631	2	1	1	830	830	0	A	A
D1_N1	0.0315491986164	2	1	1	302	302	0	T	T
D1_N1	0.0317011086098	2	1	1	1204	1204	0	A	A
D1_N1	0.0329477953173	1	2	1	253	253	0	T	T
D1_N1	0.0329941749039	1	2	1	126	126	1	G	C
D1_N1	0.0355022949673	1	2	1	1076	1076	0	T	T
D1_N1	0.0357584088191	1	2	1	1263	1263	0	C	C
D1_N1	0.0362503999022	2	1	1	300	300	0	C	C
D1_N1	0.0363172344026	1	2	1	1366	1366	0	A	A
D1_N1	0.0364068570606	1	2	1	1029	1029	0	G	G
D1_N1	0.0378674661561	2	1	1	599	599	1	T	C
D1_N1	0.0380187906939	2	1	1	129	129	0	T	T
D1_N1	0.0388446509579	1	2	1	1144	1144	0	T	T
D1_N1	0.0392148020306	2	1	1	342	342	0	G	G
D1_N1	0.0392740333327	2	1	1	1452	1452	0	C	C
D1_N1	0.039757450386	2	1	1	1433	1433	0	C	C
D1_N1	0.0400157529291	2	1	1	626	626	0	T	T
D1_N1	0.0402330494356	1	2	1	1372	1372	0	T	T
D1_N1	0.0410672181546	2	1	1	1444	1444	0	A	A
D1_N1	0.0423739168393	2	1	1	185	185	0	A	A
D1_N1	0.0439792671511	1	2	1	393	393	0	G	G
D1_N1	0.0454088395364	2	1	1	626	626	0	T	T
D1_N1	0.0459162562179	1	2	1	1507	1507	0	T	T
D1_N1	0.0479958529658	2	1	1	369	369	0	A	A
D1_N1	0.0482081847146	2	1	1	671	671	0	A	A
D1_N1	0.050107626102	2	1	1	796	796	0	A	A
D1_N1	0.0519371022004	1	2	1	653	653	0	G	G
D1_N1	0.0519918666645	2	1	1	821	821	0	G	G
D1_N1	0.0525372771808	2	1	1	335	335	0	T	T
D1_N1	0.0535748979535	1	2	1	1439	1439	0	G	G
D1_N1	0.0546969518905	2	1	1	653	653	0	G	G
D1_N1	0.0555261096888	2	1	1	182	182	0	A	A
D1_N1	0.055784802752	1	2	1	424	424	0	T	T
D1_N1	0.0564622840209	2	1	1	952	952	0	A	A
D1_N1	0.0584029796937	1	2	1	466	466	0	A	A
D1_N1	0.0587994230132	1	2	1	889	889	0	C	C
D1_N1	0.0597330905519	2	1	1	354	354	0	T	T
D1_N1	0.0604183238995	1	2	1	1033	1033	1	T	C
D1_N1	0.060486533785	2	1	1	253	253	0	T	T
D1_N1	0.061823038043	2	1	1	1216	1216	0	T	T
D1_N1	0.0629775106676	2	1	1	560	560	1	C	T
D1_N1	0.0640341457332	2	1	1	419	419	0	C	C
D1_N1	0.0658393285521	2	1	1	709	709	0	A	A
D1_N1	0.0667178076411	2	1	1	40	40	0	T	T
D1_N1	0.0670714754678	2	1	1	1100	1100	0	G	G
D1_N1	0.068867297411	2	1	1	530	530	0	T	T
D1_N1	0.0690837875659	2	1	1	1061	1061	0	A	A
D1_N1	0.069366053394	2	1	1	1437	1437	0	C	C
D1_N1	0.0701157230221	2	1	1	378	378	0	T	T
D1_N1	0.0702779709075	2	1	1	550	550	0	G	G
D1_N1	0.0705614542081	2	1	1	1059	1059	0	T	T
D1_N1	0.0720674463109	1	2	1	127	127	1	C	T
D1_N1	0.074226288743	1	2	1	813	813	0	C	C
D1_N1	0.0752334693841	1	2	1	673	673	0	A	A
D1_N1	0.0764930291575	1	2	1	656	656	0	G	G
D1_N1	0.0770926662427	1	2	1	1324	1324	0	C	C
D1_N1	0.0776384106373	2	1	1	1142	1142	0	G	G
D1_N1	0.0804205155172	1	2	1	1198	1198	0	A	A
D1_N1	0.0813465661337	1	2	1	806	806	0	C	C
D1_N1	0.0824435331672	1	2	1	1350	1350	0	T	T
D1_N1	0.0841425895823	2	1	1	477	477	0	G	G
D1_N1	0.0842635027132	2	1	1	856	856	0	A	A
D1_N1	0.085531438866	1	2	1	504	504	0	G	G
D1_N1	0.0876078198458	1	2	1	566	566	0	T	T
D1_N1	0.0880941638973	2	1	1	916	916	0	A	A
D1_N1	0.0882122156767	2	1	1	1130	1130	0	C	C
D1_N1	0.088596330142	2	1	1	858	858	0	A	A
D1_N1	0.0886490855029	2	1	1	19	19	0	A	A
D1_N1	0.0886958422144	1	2	1	333	333	0	G	G
D1_N1	0.0890564280144	2	1	1	1038	1038	0	T	T
D1_N1	0.0895086902187	1	2	1	329	329	0	C	C
D1_N1	0.0907570709161	1	2	1	195	195	0	G	G
D1_N1	0.0908981397405	1	2	1	810	810	0	T	T
D1_N1	0.0922493910667	2	1	1	1124	1124	1	A	G
D1_N1	0.0928822385046	1	2	1	657	657	0	A	A
D1_N1	0.0931958454157	2	1	1	492	492	0	G	G
D1_N1	0.094450548338	2	1	1	164	164	0	G	G
D1_N1	0.0959052850426	2	1	1	1372	1372	0	T	T
D1_N1	0.0961365381002	1	2	1	1472	1472	0	G	G
D1_N1	0.0976354864276	1	2	1	1162	1162	1	C	T
D1_N1	0.0979915967633	2	1	1	932	932	0	C	C
D1_N1	0.0997411505611	2	1	1	610	610	0	T	T
D1_N1	0.10129124087	2	1	1	112	112	1	A	G
D1_N1	0.101539947388	1	2	1	1114	1114	0	G	G
D1_N1	0.103551757355	2	1	1	335	335	0	T	T
D1_N1	0.104239262629	1	2	1	1070	1070	0	A	A
D1_N1	0.104338943109	2	1	1	81	81	0	C	C
D1_N1	0.106178535611	2	1	1	1440	1440	0	A	A
D1_N1	0.106312513709	2	1	1	1006	1006	0	C	C
D1_N1	0.107525784026	2	1	1	751	751	0	G	G
D1_N1	0.108356683052	2	1	1	212	212	0	T	T
D1_N1	0.109312475034	1	2	1	821	821	0	G	G
D1_N1	0.109640827791	1	2	1	266	266	0	A	A
D1_N1	0.109873673759	1	2	1	827	827	0	A	A
D1_N1	0.109878393518	2	1	1	750	750	0	C	C
D1_N1	0.110346628877	1	2	1	415	415	0	G	G
D1_N1	0.111082716914	1	2	1	1129	1129	0	T	T
D1_N1	0.111523696098	2	1	1	1096	1096	0	A	A
D1_N1	0.111575606769	1	2	1	1472	1472	0	G	G
D1_N1	0.11212736931	2	1	1	213	213	0	A	A
D1_N1	0.112702186674	2	1	1	598	598	1	A	T
D1_N1	0.11340626036	1	2	1	1157	1157	0	G	G
D1_N1	0.114360019782	1	2	1	1212	1212	1	T	G
D1_N1	0.115541621153	2	1	1	901	901	0	T	T
D1_N1	0.116427422045	2	1	1	1148	1148	0	G	G
D1_N1	0.116501101879	2	1	1	398	398	0	C	C
D1_N1	0.117517378639	1	2	1	198	198	1	G	A
D1_N1	0.118074417159	1	2	1	1459	1459	0	T	T
D1_N1	0.119659905428	1	2	1	776	776	0	C	C
D1_N1	0.119880595338	2	1	1	178	178	0	A	A
D1_N1	0.120451801769	1	2	1	996	996	0	G	G
D1_N1	0.121244018226	2	1	1	847	847	0	T	T
D1_N1	0.122514074864	2	1	1	1492	1492	0	T	T
D1_N1	0.122903959935	2	1	1	966	966	0	A	A
D1_N1	0.123435117719	1	2	1	900	900	0	T	T
D1_N1	0.123888924392	1	2	1	1268	1268	0	G	G
D1_N1	0.125219862244	2	1	1	995	995	0	T	T
D1_N1	0.126878361195	2	1	1	675	675	0	C	C
D1_N1	0.127146603806	2	1	1	1101	1101	1	T	A
D1_N1	0.127701088536	2	1	1	352	352	0	G	G
D1_N1	0.128782622578	2	1	1	1277	1277	0	A	A
D1_N1	0.128855382198	1	2	1	775	775	0	T	T
D1_N1	0.129618701568	1	2	1	1304	1304	0	T	T
D1_N1	0.130141698316	1	2	1	673	673	0	A	A
D1_N1	0.132383337179	2	1	1	24	24	0	G	G
D1_N1	0.133490956653	2	1	1	1476	1476	0	T	T
D1_N1	0.136327253499	1	2	1	1210	1210	0	A	A
D1_N1	0.136689325706	2	1	1	579	579	0	G	G
D1_N1	0.137042217088	2	1	1	1451	1451	0	T	T
D1_N1	0.13817018937	1	2	1	650	650	0	T	T
D1_N1	0.139990146741	1	2	1	849	849	0	T	T
D1_N1	0.140253370031	2	1	1	80	80	0	A	A
D1_N1	0.140305402325	2	1	1	340	340	1	A	T
D1_N1	0.141096428331	1	2	1	706	706	0	T	T
D1_N1	0.142059878797	1	2	1	165	165	0	A	A
D1_N1	0.142403407048	2	1	1	924	924	0	T	T
D1_N1	0.144586319481	1	2	1	1470	1470	1	G	A
D1_N1	0.146539287935	1	2	1	32	32	1	A	G
D1_N1	0.14681937552	1	2	1	1055	1055	0	T	T
D1_N1	0.147397727969	1	2	1	1493	1493	0	A	A
D1_N1	0.147715783277	1	2	1	1324	1324	0	C	C
D1_N1	0.14857004061	2	1	1	90	90	0	A	A
D1_N1	0.149087611161	1	2	1	1248	1248	1	A	G
D1_N1	0.149828986187	1	2	1	780	780	0	T	T
D1_N1	0.15125901691	2	1	1	1045	1045	1	C	T
D1_N1	0.151417863845	2	1	1	951	951	0	T	T
D1_N1	0.153111181415	1	2	1	534	534	0	A	A
D1_N1	0.1531308242	2	1	1	1498	1498	0	G	G
D1_N1	0.15330899745	2	1	1	653	653	0	G	G
D1_N1	0.154176329317	1	2	1	141	141	0	T	T
D1_N1	0.155347707163	2	1	1	431	431	0	C	C
D1_N1	0.155477231333	1	2	1	425	425	0	C	C
D1_N1	0.156350435073	2	1	1	180	180	0	A	A
D1_N1	0.158703079973	2	1	1	122	122	0	G	G
D1_N1	0.161491839995	2	1	1	1125	1125	1	T	G
D1_N1	0.16247929214	1	2	1	1258	1258	0	T	T
D1_N1	0.162782785387	1	2	1	1016	1016	0	A	A
D1_N1	0.163010381033	1	2	1	878	878	1	C	A
D1_N1	0.163113468576	2	1	1	210	210	1	T	C
D1_N1	0.163539587048	2	1	1	485	485	0	G	G
D1_N1	0.164407559021	2	1	1	450	450	0	T	T
D1_N1	0.165848022684	2	1	1	523	523	1	A	G
D1_N1	0.165917935243	1	2	1	957	957	1	C	T
D1_N1	0.167163716231	2	1	1	667	667	0	T	T
D1_N1	0.167749755219	1	2	1	280	280	0	T	T
D1_N1	0.168281873023	2	1	1	1059	1059	0	T	T
D1_N1	0.168920143317	2	1	1	766	766	0	C	C
D1_N1	0.170410754329	2	1	1	534	534	0	A	A
D1_N1	0.171751205017	2	1	1	247	247	0	G	G
D1_N1	0.172414670155	2	1	1	1435	1435	1	T	C
D1_N1	0.172981574291	2	1	1	840	840	0	T	T
D1_N1	0.174979935468	1	2	1	347	347	1	C	A
D1_N1	0.17561114163	1	2	1	690	690	0	A	A
D1_N1	0.175801570382	2	1	1	1290	1290	0	T	T
D1_N1	0.175832300362	2	1	1	1197	1197	0	G	G
D1_N1	0.175851427864	2	1	1	880	880	0	C	C
D1_N1	0.176543799722	1	2	1	689	689	0	T	T
D1_N1	0.177162353792	2	1	1	795	795	0	C	C
D1_N1	0.177567306576	1	2	1	1351	1351	0	C	C
D1_N1	0.177776502034	1	2	1	1479	1479	1	G	C
D1_N1	0.178022948734	2	1	1	908	908	0	C	C
D1_N1	0.179924027476	2	1	1	1483	1483	1	T	C
D1_N1	0.180119745761	2	1	1	773	773	0	G	G
D1_N1	0.180896685331	2	1	1	917	917	1	A	T
D1_N1	0.182151656468	1	2	1	738	738	0	A	A
D1_N1	0.182707002477	1	2	1	922	922	0	T	T
D1_N1	0.183686152	1	2	1	1190	1190	0	A	A
D1_N1	0.183703285502	2	1	1	342	342	0	G	G
D1_N1	0.185470551289	1	2	1	663	663	1	T	C
D1_N1	0.185747080202	2	1	1	206	206	0	A	A
D1_N1	0.186932390821	2	1	1	635	635	0	C	C
D1_N1	0.187234642644	1	2	1	105	105	0	C	C
D1_N1	0.191789447676	2	1	1	1277	1277	0	A	A
D1_N1	0.191920642829	2	1	1	9	9	0	T	T
D1_N1	0.19342143633	1	2	1	191	191	1	G	A
D1_N1	0.193466192924	2	1	1	1497	1497	0	A	A
D1_N1	0.194012511493	2	1	1	1062	1062	0	C	C
D1_N1	0.195432747403	2	1	1	720	720	0	T	T
D1_N1	0.195800587588	2	1	1	1277	1277	0	A	A
D1_N1	0.196936776989	1	2	1	1240	1240	0	T	T
D1_N1	0.197410270933	1	2	1	464	464	0	G	G
D1_N1	0.197734017893	1	2	1	1345	1345	0	A	A
D1_N1	0.198715856385	2	1	1	237	237	0	A	A
D1_N1	0.20122163312	2	1	1	1495	1495	0	G	G
D1_N1	0.201345805248	1	2	1	360	360	0	C	C
D1_N1	0.201404217673	2	1	1	403	403	1	T	C
D1_N1	0.202839291436	1	2	1	165	165	0	A	A
D1_N1	0.202912854449	2	1	1	1387	1387	0	T	T
D1_N1	0.20445002326	1	2	1	65	65	0	A	A
D1_N1	0.205152430964	2	1	1	1510	1510	0	A	A
D1_N1	0.205354002623	1	2	1	140	140	1	C	T
D1_N1	0.205595866379	2	1	1	961	961	0	G	G
D1_N1	0.206092940858	2	1	1	1158	1158	0	T	T
D1_N1	0.206789095615	2	1	1	1211	1211	0	T	T
D1_N1	0.209396875144	1	2	1	150	150	0	G	G
D1_N1	0.210443452348	1	2	1	293	293	0	T	T
D1_N1	0.210867226851	2	1	1	243	243	0	G	G
D1_N1	0.211503931321	1	2	1	884	884	0	G	G
D1_N1	0.211572168561	1	2	1	213	213	0	A	A
D1_N1	0.211595855229	1	2	1	137	137	0	A	A
D1_N1	0.21434379138	1	2	1	994	994	0	A	A
D1_N1	0.214541657882	2	1	1	694	694	1	A	C
D1_N1	0.21462208566	1	2	1	78	78	0	T	T
D1_N1	0.215226850893	1	2	1	948	948	1	C	A
D1_N1	0.215952103129	1	2	1	920	920	0	G	G
D1_N1	0.216959411271	1	2	1	97	97	1	A	G
D1_N1	0.217549313346	2	1	1	267	267	0	C	C
D1_N1	0.218226666683	1	2	1	1056	1056	0	G	G
D1_N1	0.219284755449	1	2	1	1397	1397	0	T	T
D1_N1	0.21951234884	1	2	1	98	98	1	G	A
D1_N1	0.219905782657	2	1	1	901	901	1	T	G
D1_N1	0.219973295961	2	1	1	904	904	0	A	A
D1_N1	0.221302684815	2	1	1	1112	1112	0	G	G
D1_N1	0.222425592892	1	2	1	884	884	0	G	G
D1_N1	0.222732835062	2	1	1	676	676	0	G	G
D1_N1	0.223148051033	2	1	1	77	77	0	C	C
D1_N1	0.223447273285	2	1	1	144	144	0	T	T
D1_N1	0.225648525705	2	1	1	1375	1375	1	A	C
D1_N1	0.225650510559	1	2	1	1326	1326	0	T	T
D1_N1	0.226033636321	2	1	1	133	133	0	C	C
D1_N1	0.22706464429	1	2	1	1066	1066	1	G	A
D1_N1	0.227551999275	1	2	1	1368	1368	1	A	C
D1_N1	0.230789477416	2	1	1	1434	1434	0	T	T
D1_N1	0.231000637556	2	1	1	1279	1279	0	G	G
D1_N1	0.231864160683	1	2	1	1336	1336	0	A	A
N1_N2	0.00126668135038	1	2	1	272	272	0	T	T
N1_N2	0.00151838524381	2	1	1	1489	1489	0	A	A
N1_N2	0.00208921730337	1	2	1	345	345	0	G	G
N1_N2	0.00351085639937	1	2	1	358	358	0	T	T
N1_N2	0.00356268378971	1	2	1	1116	1116	0	A	A
N1_N2	0.00610855641469	2	1	1	419	419	0	C	C
N1_N2	0.00720988427885	2	1	1	932	932	1	T	C
N1_N2	0.00734616819287	1	2	1	74	74	1	G	C
N1_N2	0.00801990468469	2	1	1	1362	1362	0	C	C
N1_N2	0.0094347695014	2	1	1	551	551	0	A	A
N1_N2	0.0100203304423	2	1	1	1447	1447	0	C	C
N1_N2	0.0116722657188	2	1	1	1104	1104	0	T	T
N1_N2	0.0119296475956	2	1	1	240	240	1	G	T
N1_N2	0.012800016653	2	1	1	554	554	1	G	T
N1_N2	0.0130658758891	1	2	1	1007	1007	0	G	G
N1_N2	0.0138658844941	1	2	1	512	512	0	C	C
N1_N2	0.0143154786039	2	1	1	1118	1118	0	G	G
N1_N2	0.0152192577205	2	1	1	109	109	1	C	T
N2_N3	0.00102508026685	1	2	1	685	685	1	G	T
N2_N3	0.00211310691994	2	1	1	956	956	0	A	A
N2_N3	0.0023384193413	1	2	1	458	458	1	T	G
N2_N3	0.00332933588754	1	2	1	1097	1097	1	A	T
N3_N4	0.000425158026767	2	1	1	1343	1343	0	C	C
N3_N4	0.00123734944564	1	2	1	400	400	0	C	C
N3_N4	0.00280491828814	1	2	1	474	474	0	A	A
N3_N4	0.00502773237599	2	1	1	1130	1130	0	C	C
N3_N4	0.00517988905207	1	2	1	56	56	0	A	A
N3_N4	0.00664591911317	1	2	1	855	855	0	C	C
N3_N4	0.00681820288401	2	1	1	1254	1254	1	A	C
N3_N4	0.00728797723379	1	2	1	1068	1068	0	G	G
N4_Human	0.000667561069839	1	2	1	1401	1401	1	C	G
N4_Human	0.00134644803873	1	2	1	1408	1408	1	C	G
N4_Human	0.00162761544425	2	1	1	604	604	0	A	A
N4_Human	0.00498832608981	2	1	1	1130	1130	0	C	C
N4_Human	0.00555679212314	1	2	1	649	649	0	A	A
N4_Human	0.00587599370648	1	2	1	59	59	1	A	T
N4_Human	0.00622688389897	1	2	1	1193	1193	0	T	T
N4_Human	0.00693831665403	1	2	1	178	178	0	A	A
N4_Human	0.00792176180018	1	2	1	195	195	1	A	G
N4_Human	0.0084853236374	2	1	1	1261	1261	0	C	C
N4_Human	0.0085827774449	1	2	1	1420	1420	1	C	T
N4_Chimp	2.57857681677e-06	2	1	1	821	821	0	G	G
N4_Chimp	0.000300712739758	2	1	1	858	858	0	A	A
N4_Chimp	0.000994770425121	1	2	1	732	732	0	C	C
N4_Chimp	0.00239854302423	2	1	1	603	603	0	G	G
N4_Chimp	0.00279255083102	1	2	1	669	669	0	T	T
N4_Chimp	0.0032153637753	1	2	1	851	851	1	A	G
N4_Chimp	0.00407298381647	2	1	1	611	611	0	A	A
N4_Chimp	0.00659339902843	2	1	1	1027	1027	1	T	G
N4_Chimp	0.00687967709518	2	1	1	404	404	1	T	A
N4_Chimp	0.00868497129301	2	1	1	242	242	1	T	G
N4_Chimp	0.00915133712367	2	1	1	864	864	1	C	T
N4_Chimp	0.0111181256267	2	1	1	187	187	1	A	T
N3_Goril	0.000217760882223	2	1	1	997	997	1	A	C
N3_Goril	0.000933230582119	2	1	1	1033	1033	1	A	T
N3_Goril	0.00165366763626	2	1	1	728	728	0	T	T
N3_Goril	0.00284041198384	2	1	1	1026	1026	1	T	A
N3_Goril	0.00284369778012	2	1	1	1365	1365	0	G	G
N3_Goril	0.00346306224357	1	2	1	219	219	0	A	A
N3_Goril	0.00478118424571	2	1	1	178	178	0	A	A
N3_Goril	0.00662067230869	2	1	1	1222	1222	0	G	G
N3_Goril	0.00803977161537	2	1	1	764	764	1	G	A
N3_Goril	0.0093401110732	1	2	1	798	798	0	C	C
N3_Goril	0.00955945203875	1	2	1	896	896	1	C	T
N3_Goril	0.0101721122673	2	1	1	280	280	0	T	T
N3_Goril	0.012134666643	2	1	1	266	266	0	A	A
N3_Goril	0.0131775797804	1	2	1	829	829	1	G	T
N3_Goril	0.0139380563914	1	2	1	185	185	0	A	A
N3_Goril	0.0140350971117	2	1	1	695	695	0	C	C
N3_Goril	0.0141876673051	1	2	1	1386	1386	0	A	A
N3_Goril	0.0144174112089	1	2	1	516	516	1	A	G
N3_Goril	0.0147785365906	1	2	1	749	749	1	C	T
N3_Goril	0.0155280377099	1	2	1	554	554	0	G	G
N3_Goril	0.0164010612639	1	2	1	1179	1179	1	T	C
N3_Goril	0.0179704884896	1	2	1	780	780	0	T	T
N3_Goril	0.0180341425601	1	2	1	772	772	1	A	G
N3_Goril	0.0200370247211	1	2	1	189	189	0	A	A
N2_Orang	0.00463392295251	2	1	1	25	25	0	T	T
N2_Orang	0.00470944124637	1	2	1	885	885	0	G	G
N2_Orang	0.00552149269079	2	1	1	775	775	0	T	T
N2_Orang	0.00739793382712	2	1	1	653	653	1	G	A
N2_Orang	0.00745720534568	1	2	1	757	757	1	T	G
N2_Orang	0.00916975330771	1	2	1	977	977	1	C	A
N2_Orang	0.00928704975238	2	1	1	446	446	0	T	T
N2_Orang	0.00958452355969	2	1	1	129	129	0	T	T
N2_Orang	0.0100035528834	1	2	1	628	628	0	G	G
N2_Orang	0.0114055482594	2	1	1	59	59	1	T	A
N2_Orang	0.0118233191626	1	2	1	499	499	1	A	C
N2_Orang	0.011879420963	2	1	1	140	140	0	C	C
N2_Orang	0.0124313017281	2	1	1	3	3	0	C	C
N2_Orang	0.0128300357687	1	2	1	1424	1424	0	T	T
N2_Orang	0.0144167158933	1	2	1	618	618	0	G	G
N2_Orang	0.0145663079972	2	1	1	176	176	0	C	C
N2_Orang	0.0149795376122	1	2	1	1308	1308	1	A	T
N2_Orang	0.015862922236	1	2	1	1077	1077	1	C	T
N2_Orang	0.0158951858127	1	2	1	175	175	0	T	T
N2_Orang	0.0162936061417	2	1	1	1039	1039	1	T	A
N2_Orang	0.0177305597778	2	1	1	407	407	0	T	T
N2_Orang	0.018264721186	2	1	1	1421	1421	1	T	C
N2_Orang	0.0184192429915	1	2	1	952	952	1	G	A
N1_Macaq	0.000607457371753	2	1	1	1128	1128	0	A	A
N1_Macaq	0.000778267515918	2	1	1	1173	1173	0	A	A
N1_Macaq	0.0010901822498	2	1	1	1419	1419	0	A	A
N1_Macaq	0.00213964336472	2	1	1	43	43	1	G	A
N1_Macaq	0.0025039776133	2	1	1	1078	1078	0	A	A
N1_Macaq	0.00362568273336	1	2	1	484	484	1	C	T
N1_Macaq	0.00379170919831	1	2	1	106	106	0	T	T
N1_Macaq	0.00444734649758	2	1	1	1129	1129	1	T	G
N1_Macaq	0.00504038589652	1	2	1	200	200	0	C	C
N1_Macaq	0.00753386973504	2	1	1	167	167	0	C	C
N1_Macaq	0.00783032683842	2	1	1	1231	1231	0	T	T
N1_Macaq	0.00849011209012	1	2	1	1122	1122	1	G	A
N1_Macaq	0.00858365355142	2	1	1	1459	1459	1	T	G
N1_Macaq	0.00906463305512	2	1	1	529	529	0	A	A
N1_Macaq	0.0110469425078	2	1	1	1417	1417	0	T	T
N1_Macaq	0.0111612188373	1	2	1	1054	1054	0	C	C
N1_Macaq	0.0114744331695	1	2	1	1267	1267	1	G	A
N1_Macaq	0.0117908153361	2	1	1	1096	1096	0	A	A
N1_Macaq	0.0170486291058	2	1	1	415	415	0	G	G
N1_Macaq	0.0176178375014	2	1	1	310	310	0	G	G
N1_Macaq	0.0194794365916	1	2	1	987	987	0	T	T
N1_Macaq	0.0196238038373	1	2	1	1446	1446	0	G	G
N1_Macaq	0.0207368227507	1	2	1	199	199	1	T	C
N1_Macaq	0.021522154862	2	1	1	125	125	1	T	C
N1_Macaq	0.0216532047326	2	1	1	354	354	1	C	A
N1_Macaq	0.0217413013306	1	2	1	448	448	0	T	T
N1_Macaq	0.0218171468178	1	2	1	1481	1481	1	C	T
N1_Macaq	0.0223225731079	2	1	1	1138	1138	1	A	G
N1_Macaq	0.0226939409727	1	2	1	2	2	0	T	T
N1_Macaq	0.0228345085037	2	1	1	407	407	0	T	T
N1_Macaq	0.0242889472667	2	1	1	816	816	0	T	T
N1_Macaq	0.025870445107	2	1	1	927	927	0	C	C
N1_Macaq	0.0260924430728	1	2	1	547	547	1	T	C
N1_Macaq	0.0268314284858	1	2	1	1250	1250	0	A	A
N1_Macaq	0.026943247339	1	2	1	715	715	0	A	A
N1_Macaq	0.0269436349936	2	1	1	4	4	0	T	T
N1_Macaq	0.0290438355892	2	1	1	213	213	0	A	A
N1_Macaq	0.029081663627	2	1	1	983	983	1	A	C
N1_Macaq	0.0310428588849	2	1	1	816	816	0	T	T
N1_Macaq	0.0310621548385	2	1	1	241	241	1	A	T
N1_Macaq	0.0319989298767	2	1	1	155	155	1	A	G
N1_Macaq	0.0338282643904	2	1	1	45	45	1	A	G
N1_Macaq	0.0376328025932	2	1	1	1206	1206	0	C	C
N1_Macaq	0.0384471001916	1	2	1	1094	1094	0	C	C
N1_Macaq	0.0390949719866	2	1	1	602	602	1	A	G
N1_Macaq	0.0410528563117	2	1	1	1238	1238	1	A	T
N1_Macaq	0.0417972117814	2	1	1	1252	1252	0	C	C
N1_Macaq	0.0426144408633	2	1	1	0	0	0	T	T
N1_Macaq	0.0437526836581	2	1	1	821	821	0	G	G
