edge	time	mut_orlg	mut_pos	old_state	new_state
N0_D1	0.000749002388643	0	153	G	A
N0_D1	0.000754628427863	0	36	C	T
N0_D1	0.00121909947843	0	366	T	A
N0_D1	0.00261619947766	0	34	T	A
N0_D1	0.0071717111658	0	221	A	G
N0_D1	0.0155584805947	0	242	A	G
N0_D1	0.0190403370582	0	112	A	G
N0_D1	0.0196367012698	0	297	T	C
N0_D1	0.0203494801033	0	323	G	A
N0_D1	0.0246110268529	0	225	T	C
N0_D1	0.0270214417739	0	235	T	C
N0_D1	0.0279781260272	0	160	T	A
N0_D1	0.0325458969107	0	0	A	T
N0_D1	0.0327963874697	0	298	C	T
N0_D1	0.0337140212435	0	370	C	A
N0_D1	0.0340557906945	0	147	T	C
N0_D1	0.0366167960714	0	65	C	T
N0_D1	0.0370425940406	0	0	T	A
N0_D1	0.0372946725178	0	120	G	A
N0_D1	0.0401854817912	0	41	C	A
N0_D1	0.043815778495	0	442	C	T
N0_D1	0.0438613471627	0	88	G	T
N0_D1	0.0443736259075	0	301	A	T
N0_D1	0.0486542414479	0	98	G	A
D1_N1	0.00147988583722	1	436	A	C
D1_N1	0.0015112628454	1	462	G	A
D1_N1	0.00168012732238	1	16	A	G
D1_N1	0.00246236294452	1	344	C	G
D1_N1	0.00311003291475	2	291	G	A
D1_N1	0.00612609680824	2	311	T	C
D1_N1	0.00625390298744	2	425	A	T
D1_N1	0.00732319477586	1	393	G	T
D1_N1	0.00781701887271	1	407	T	A
D1_N1	0.00813628439799	1	456	A	C
D1_N1	0.00823240147648	2	362	T	C
D1_N1	0.010182241008	1	340	A	C
D1_N1	0.010278538992	2	125	G	A
D1_N1	0.0124848280478	2	49	C	A
D1_N1	0.013231448631	1	344	G	A
D1_N1	0.0150271217817	2	221	G	A
D1_N1	0.015291560284	2	285	A	T
D1_N1	0.0154747193292	1	165	T	A
D1_N1	0.0158880264458	2	211	C	T
D1_N1	0.0168660628041	2	415	C	T
D1_N1	0.017389653007	2	427	A	G
D1_N1	0.0177359353329	2	116	T	A
D1_N1	0.0179333300843	2	37	T	C
D1_N1	0.0188407099908	2	141	C	A
D1_N1	0.0191614760192	2	371	G	T
D1_N1	0.01979523717	2	132	T	C
D1_N1	0.0200035914385	2	466	T	C
D1_N1	0.0216982283573	1	148	A	T
D1_N1	0.023193940077	2	140	A	T
D1_N1	0.0250432576302	1	226	C	T
D1_N1	0.0283107954275	2	465	C	T
D1_N1	0.0289386224176	1	449	C	A
D1_N1	0.0310531239762	1	19	C	T
D1_N1	0.0333110043341	2	0	A	T
D1_N1	0.0340852255304	1	335	A	G
D1_N1	0.0352622156655	1	174	T	C
D1_N1	0.0367119943539	1	67	G	T
D1_N1	0.0373141337104	1	397	A	T
D1_N1	0.0375021839937	2	428	T	G
D1_N1	0.0375989544067	1	327	T	C
D1_N1	0.0390706344962	2	426	A	T
D1_N1	0.0395367166092	2	335	A	G
D1_N1	0.0411444102382	2	195	G	A
D1_N1	0.0415377879027	1	183	G	A
D1_N1	0.0416277553521	1	411	G	A
D1_N1	0.0423325203076	1	76	A	T
D1_N1	0.0437904805805	2	396	C	T
D1_N1	0.0465338453911	2	420	C	A
D1_N1	0.0472827085521	1	289	T	G
D1_N1	0.0529963877907	2	201	A	C
D1_N1	0.0533752168746	2	154	T	G
D1_N1	0.0534009692133	2	254	T	C
D1_N1	0.0539960990412	1	337	G	A
D1_N1	0.0557749840686	2	304	T	C
D1_N1	0.0586137547441	2	244	C	T
D1_N1	0.0591924693019	1	236	C	T
D1_N1	0.0617222535468	2	55	G	A
D1_N1	0.0620478440636	2	191	T	C
D1_N1	0.0660411390204	2	71	T	C
D1_N1	0.066743196647	2	328	A	G
D1_N1	0.0669881456111	2	44	T	A
D1_N1	0.067397651822	1	42	A	T
D1_N1	0.0682868625243	1	48	A	G
D1_N1	0.0685924730723	2	402	T	G
D1_N1	0.068889833475	2	460	G	T
D1_N1	0.069451353479	1	16	G	A
D1_N1	0.0696036191354	1	296	T	A
D1_N1	0.069634057528	2	363	T	A
D1_N1	0.0743260700546	2	344	C	A
D1_N1	0.0756162076254	1	219	T	A
D1_N1	0.0759320790041	1	271	A	T
D1_N1	0.0768503566	1	275	C	G
D1_N1	0.0779651901272	2	281	G	T
D1_N1	0.0781887361574	2	283	T	G
D1_N1	0.078500895248	2	449	C	T
D1_N1	0.0790373940843	2	429	C	T
D1_N1	0.0826793570139	1	391	T	G
D1_N1	0.0835798468682	1	223	T	C
D1_N1	0.0873138594935	2	45	T	A
D1_N1	0.0878341431058	2	188	G	T
D1_N1	0.0929559891118	2	410	G	T
D1_N1	0.095878690917	1	142	A	C
D1_N1	0.0962778975828	1	222	G	A
D1_N1	0.0964022857836	2	217	A	C
D1_N1	0.0994459645335	2	29	A	G
D1_N1	0.100717486836	1	185	C	T
D1_N1	0.101430231435	1	193	A	C
D1_N1	0.10172096046	1	339	T	C
D1_N1	0.101819217571	2	43	C	G
D1_N1	0.102149194196	2	207	T	A
D1_N1	0.102492046946	1	338	C	T
D1_N1	0.10272279439	1	338	T	G
D1_N1	0.104561653213	1	256	T	G
D1_N1	0.104673664896	1	8	C	A
D1_N1	0.10690974029	1	282	A	T
D1_N1	0.107220590625	1	59	T	C
D1_N1	0.108674051114	1	225	C	T
D1_N1	0.109204863519	2	190	G	T
D1_N1	0.111026920174	1	106	T	C
D1_N1	0.11209379931	1	413	G	C
D1_N1	0.112251669386	1	49	C	A
D1_N1	0.112326993039	2	195	A	T
D1_N1	0.112448958256	2	226	C	A
D1_N1	0.114455236522	2	208	G	A
D1_N1	0.115533188838	1	208	G	C
D1_N1	0.116148031629	1	144	C	A
D1_N1	0.116521500929	2	194	A	G
D1_N1	0.117475778552	1	336	G	A
D1_N1	0.120349377606	2	45	A	T
D1_N1	0.120555547527	1	16	A	T
D1_N1	0.121199029254	1	344	A	T
D1_N1	0.122152216341	2	136	C	T
D1_N1	0.122410283053	1	144	A	G
D1_N1	0.122800605687	2	227	A	T
D1_N1	0.123091367407	2	374	C	T
D1_N1	0.124708535519	1	209	T	A
D1_N1	0.125249718754	2	463	G	A
D1_N1	0.126006328871	1	255	G	T
D1_N1	0.127752895271	1	273	A	C
D1_N1	0.12889301945	2	335	G	A
D1_N1	0.12949344282	2	406	A	G
D1_N1	0.132178447302	1	283	T	A
D1_N1	0.135243416904	2	165	T	A
D1_N1	0.135765336192	1	158	G	A
D1_N1	0.137982380902	1	280	A	C
D1_N1	0.138132465048	1	354	C	T
D1_N1	0.138345895307	1	91	C	T
D1_N1	0.139749468974	1	26	A	C
D1_N1	0.139781568818	2	117	T	C
D1_N1	0.140897652476	1	156	C	T
D1_N1	0.142044010105	1	341	G	A
D1_N1	0.142912732785	1	11	G	A
D1_N1	0.143287313071	2	466	C	A
D1_N1	0.145129483317	2	209	T	G
D1_N1	0.146067319294	2	424	T	C
D1_N1	0.146205263608	1	451	G	A
D1_N1	0.146766050186	1	41	A	G
D1_N1	0.147694026313	2	211	T	A
D1_N1	0.149492310381	1	130	T	C
D1_N1	0.153039852142	1	349	G	A
D1_N1	0.153755641557	2	429	T	G
D1_N1	0.15603572177	2	350	T	A
D1_N1	0.157758181425	1	273	C	T
D1_N1	0.157938574913	1	106	C	T
D1_N1	0.159578675948	2	174	T	A
D1_N1	0.159718524838	2	340	A	G
D1_N1	0.159965488509	2	223	T	G
D1_N1	0.161164499669	1	71	T	C
D1_N1	0.163584129181	2	300	C	T
D1_N1	0.164503857977	1	232	A	C
D1_N1	0.164686621728	1	301	T	C
D1_N1	0.16517856772	1	355	T	C
D1_N1	0.166972580753	1	441	C	A
D1_N1	0.16857190685	2	257	T	C
D1_N1	0.168718627312	1	279	C	T
D1_N1	0.168788816609	2	400	T	C
D1_N1	0.170611115589	1	362	T	G
D1_N1	0.171221679407	2	73	G	T
D1_N1	0.171765867376	2	80	G	A
D1_N1	0.172696461951	1	25	A	C
D1_N1	0.174059107447	1	315	G	A
D1_N1	0.174511657837	1	396	C	T
D1_N1	0.174768700209	2	172	T	A
D1_N1	0.1782960453	1	357	C	A
D1_N1	0.178359665167	2	31	G	T
D1_N1	0.179340502269	1	6	T	A
D1_N1	0.179618675664	2	330	A	G
D1_N1	0.180129023254	1	423	T	C
D1_N1	0.182034527472	2	458	A	C
D1_N1	0.182340994345	1	162	A	G
D1_N1	0.182869515624	1	289	G	A
D1_N1	0.183423050882	1	220	A	G
D1_N1	0.183638991447	1	363	T	C
D1_N1	0.185011415768	1	443	C	T
D1_N1	0.185617758726	2	93	A	C
D1_N1	0.187147877145	2	230	G	A
D1_N1	0.187680642217	2	398	A	T
D1_N1	0.188040167683	1	209	A	T
D1_N1	0.188161762071	2	297	C	T
D1_N1	0.188922708348	1	27	A	T
D1_N1	0.190834974148	2	110	A	T
D1_N1	0.191974123778	1	266	C	T
D1_N1	0.193192424775	2	155	A	G
D1_N1	0.195021325472	2	221	A	G
D1_N1	0.196362035561	1	330	A	T
D1_N1	0.196858496339	1	208	C	T
D1_N1	0.197200805544	1	193	C	G
D1_N1	0.197675571783	1	351	G	A
D1_N1	0.199201544319	1	211	C	T
D1_N1	0.200872299644	1	292	A	G
D1_N1	0.20192214802	2	97	G	A
D1_N1	0.202372202631	2	368	G	A
D1_N1	0.203701344745	1	203	A	T
D1_N1	0.203815359488	2	326	A	G
D1_N1	0.204354229285	2	461	G	A
D1_N1	0.206393533113	1	96	A	T
D1_N1	0.207262916473	2	356	A	T
D1_N1	0.207838887134	2	406	G	A
D1_N1	0.208349576391	1	256	G	A
D1_N1	0.208619987416	2	70	A	C
D1_N1	0.210026116105	2	211	A	C
D1_N1	0.21007794539	1	67	T	C
D1_N1	0.210163927532	1	208	T	C
D1_N1	0.21062418981	1	360	T	G
D1_N1	0.211136561584	2	462	G	A
D1_N1	0.212291928782	1	16	T	C
D1_N1	0.212997862085	1	276	A	G
D1_N1	0.214213703214	1	289	A	G
N1_N2	0.000801057630351	1	169	T	C
N1_N2	0.000862759671612	2	288	T	C
N1_N2	0.00119721757704	1	239	A	G
N1_N2	0.00142675619586	1	308	C	A
N1_N2	0.0018959429574	1	300	C	A
N1_N2	0.00236264146253	1	186	A	G
N1_N2	0.00344944657302	1	460	G	A
N1_N2	0.00484149556465	1	418	T	C
N1_N2	0.00574248900363	1	408	T	A
N1_N2	0.00575826592356	1	203	T	A
N1_N2	0.00611268946517	2	193	A	T
N1_N2	0.0068155495312	2	155	G	A
N1_N2	0.0077422844642	2	357	C	T
N1_N2	0.00783269392981	1	255	T	A
N1_N2	0.0079104713961	2	465	T	C
N1_N2	0.0119993624004	1	84	A	T
N1_N2	0.0122526786754	1	445	A	T
N1_N2	0.0124237487786	2	459	A	G
N1_N2	0.0133162648456	2	321	A	T
N1_N2	0.0133549411253	2	206	G	A
N1_N2	0.014934662123	1	436	C	T
N1_N2	0.0165963068483	2	453	C	T
N2_N3	0.000714297220323	2	441	C	T
N2_N3	0.00186685302625	2	440	T	G
N2_N3	0.00213515394598	2	283	G	A
N2_N3	0.00250171216152	1	52	G	A
N2_N3	0.00443227952416	2	132	C	A
N3_N4	0.00189380264221	2	350	A	T
N3_N4	0.00304223209224	2	98	A	G
N3_N4	0.00326521452936	1	223	C	T
N3_N4	0.00395586794997	1	104	A	G
N3_N4	0.00485240475383	2	87	G	T
N3_N4	0.0051326260782	2	81	C	A
N3_N4	0.00565572952993	2	98	G	T
N3_N4	0.0061804183416	2	138	A	C
N4_Human	7.52140472066e-05	1	3	A	T
N4_Human	0.00204337923036	2	145	G	A
N4_Human	0.00264195324327	1	153	A	C
N4_Human	0.00437595810501	1	296	A	T
N4_Human	0.00734811798128	2	107	C	G
N4_Human	0.00776205422607	1	18	T	C
N4_Human	0.00837475457544	1	397	T	A
N4_Human	0.00839194191736	1	340	C	G
N4_Human	0.00857455490606	1	22	C	A
N4_Human	0.00869009341491	1	359	T	C
N4_Human	0.00883172578946	1	171	C	T
N4_Human	0.0106367310219	2	133	G	T
N4_Chimp	0.000594522599418	2	454	C	T
N4_Chimp	0.000731419703193	1	217	A	G
N4_Chimp	0.00473992267708	1	196	A	G
N4_Chimp	0.00482395383659	1	96	T	A
N4_Chimp	0.00551339898384	1	190	G	T
N4_Chimp	0.00786944250442	2	441	T	C
N4_Chimp	0.00844765846052	2	23	T	A
N4_Chimp	0.00992860049646	2	465	C	T
N4_Chimp	0.0104812023291	2	333	G	T
N3_Goril	0.00107204026402	1	443	T	G
N3_Goril	0.00397251524293	2	446	G	A
N3_Goril	0.0041597471928	1	10	A	G
N3_Goril	0.00509662536546	1	10	G	T
N3_Goril	0.0052435094409	2	408	T	A
N3_Goril	0.00951840026782	1	351	A	G
N3_Goril	0.0147391194681	1	381	A	G
N3_Goril	0.0153103881243	2	98	A	T
N3_Goril	0.0156034042664	2	266	C	T
N3_Goril	0.0180285949508	2	20	A	G
N3_Goril	0.0190155670955	2	335	A	G
N2_Orang	0.000124128558768	1	299	G	C
N2_Orang	0.000125943613551	2	396	T	A
N2_Orang	0.000620690509172	2	86	C	A
N2_Orang	0.00186288959867	1	366	A	C
N2_Orang	0.00232896799182	1	18	T	G
N2_Orang	0.00249720582103	2	298	T	G
N2_Orang	0.00253872688486	2	229	A	G
N2_Orang	0.00257945880738	2	311	C	T
N2_Orang	0.00310335630003	2	95	C	G
N2_Orang	0.00468247282044	2	106	T	C
N2_Orang	0.00596990418474	2	151	G	A
N2_Orang	0.0073001964272	2	299	G	T
N2_Orang	0.00794621215355	2	18	T	C
N2_Orang	0.00820730423955	1	354	T	C
N2_Orang	0.0106314191833	1	210	C	T
N2_Orang	0.0107117617214	2	176	A	G
N2_Orang	0.0109981305957	1	227	A	G
N2_Orang	0.0118707527583	1	384	A	T
N2_Orang	0.012589981848	2	106	C	T
N2_Orang	0.013267390887	2	91	C	A
N1_Macaq	0.00175164319111	2	20	A	G
N1_Macaq	0.00343316828476	1	45	T	A
N1_Macaq	0.00428902355282	2	426	T	C
N1_Macaq	0.00437548500232	2	450	C	T
N1_Macaq	0.00531272748279	1	270	C	T
N1_Macaq	0.00560379927443	2	450	T	G
N1_Macaq	0.0065885518329	1	260	T	C
N1_Macaq	0.00734008157655	1	92	T	C
N1_Macaq	0.00751787797339	1	349	A	G
N1_Macaq	0.00811200263105	1	340	C	T
N1_Macaq	0.00850502774274	2	236	C	A
N1_Macaq	0.00941219121147	1	178	T	A
N1_Macaq	0.00953995766883	1	431	C	T
N1_Macaq	0.0107644249449	1	417	T	A
N1_Macaq	0.0117500184753	2	257	C	T
N1_Macaq	0.0131298318662	2	308	C	T
N1_Macaq	0.0137617160058	1	31	G	T
N1_Macaq	0.015418883667	1	437	A	G
N1_Macaq	0.0154822545716	1	414	T	C
N1_Macaq	0.0165558619238	2	308	T	G
N1_Macaq	0.0168316237202	2	188	T	G
N1_Macaq	0.0171175130882	2	26	A	C
N1_Macaq	0.0175986629511	1	424	T	C
N1_Macaq	0.0200821121895	1	259	G	C
N1_Macaq	0.0206418072545	2	332	C	A
N1_Macaq	0.0212203777414	2	354	C	G
N1_Macaq	0.0240188483323	1	268	T	C
N1_Macaq	0.025167697506	1	323	A	T
N1_Macaq	0.0260776401267	1	52	G	T
N1_Macaq	0.0284221213415	2	75	G	C
N1_Macaq	0.030119522857	2	314	T	C
N1_Macaq	0.0303744432247	2	100	G	T
N1_Macaq	0.0321086771845	2	81	C	T
N0_Mouse	0.000780770629602	0	357	C	T
N0_Mouse	0.00335974100867	0	462	G	C
N0_Mouse	0.00368362101232	0	385	C	A
N0_Mouse	0.00669364516252	0	68	T	C
N0_Mouse	0.00750004492806	0	395	T	A
N0_Mouse	0.00772548488358	0	279	C	T
N0_Mouse	0.00920666506622	0	202	C	A
N0_Mouse	0.0100194079668	0	89	A	T
N0_Mouse	0.0112077253568	0	251	T	C
N0_Mouse	0.0136433369776	0	204	T	G
N0_Mouse	0.0143271875578	0	272	G	T
N0_Mouse	0.014921471864	0	277	A	G
N0_Mouse	0.015633612811	0	123	G	A
N0_Mouse	0.0178514419905	0	53	T	G
N0_Mouse	0.0181856539653	0	150	A	G
N0_Mouse	0.0231424850534	0	212	A	T
N0_Mouse	0.0238850683854	0	31	G	T
N0_Mouse	0.025103167596	0	339	T	G
N0_Mouse	0.0282436269204	0	419	T	A
N0_Mouse	0.0309187686953	0	283	T	A
N0_Mouse	0.0319757261923	0	309	A	G
N0_Mouse	0.0356602480472	0	155	A	G
N0_Mouse	0.0383521685449	0	158	G	A
N0_Mouse	0.0394603138637	0	128	T	C
N0_Mouse	0.0405416947868	0	288	T	C
N0_Mouse	0.0433991407218	0	133	G	T
N0_Mouse	0.0462245686805	0	157	A	G
N0_Mouse	0.0473201368532	0	230	G	C
N0_Mouse	0.0473323567462	0	291	G	A
N0_Mouse	0.0493390911597	0	438	A	G
N0_Mouse	0.0494191391171	0	349	G	T
N0_Mouse	0.0501667616276	0	440	T	G
N0_Mouse	0.0571411861552	0	257	T	G
N0_Mouse	0.0600048882692	0	246	G	C
N0_Mouse	0.0616909657549	0	389	G	T
N0_Mouse	0.0652671173388	0	75	G	A
N0_Mouse	0.0662384450507	0	82	T	C
N0_Mouse	0.0665782640968	0	277	G	T
N0_Mouse	0.068210256642	0	328	A	G
N0_Mouse	0.0685913573611	0	368	G	T
N0_Mouse	0.0698185363303	0	384	A	G
N0_Mouse	0.0795882969867	0	85	A	C
N0_Mouse	0.0801600853749	0	207	T	A
N0_Mouse	0.0844304393158	0	117	T	G
N0_Mouse	0.0858306612945	0	41	C	T
N0_Mouse	0.0872327455845	0	410	G	A
N0_Mouse	0.0878541854912	0	405	A	T
N0_Mouse	0.0911947935899	0	154	T	A
N0_Mouse	0.0915434844357	0	403	A	G
N0_Mouse	0.0957889243686	0	453	C	T
N0_Mouse	0.0971211060772	0	240	C	A
N0_Mouse	0.0978390924505	0	190	G	C
N0_Mouse	0.0982688589781	0	218	A	G
N0_Mouse	0.0993452920774	0	184	T	A
N0_Mouse	0.101023272502	0	349	T	C
N0_Mouse	0.103281095899	0	357	T	A
N0_Mouse	0.105585274837	0	160	T	A
N0_Mouse	0.108497781433	0	150	G	T
N0_Mouse	0.109065707827	0	140	A	G
N0_Mouse	0.111009738201	0	442	C	A
N0_Mouse	0.11175138807	0	370	C	G
N0_Mouse	0.124913634064	0	0	A	C
N0_Mouse	0.127993942617	0	245	C	T
N0_Mouse	0.128798839263	0	123	A	G
N0_Mouse	0.13204502188	0	180	A	G
N0_Mouse	0.138168285063	0	194	A	G
N0_Mouse	0.14769627692	0	192	G	A
N0_Mouse	0.149231744068	0	150	T	C
N0_Mouse	0.150378134912	0	356	A	T
N0_Mouse	0.152370013981	0	192	A	G
N0_Mouse	0.153400521295	0	106	T	C
N0_Mouse	0.154448861108	0	326	A	T
N0_Mouse	0.155149690683	0	18	T	A
N0_Mouse	0.15519243083	0	211	C	A
N0_Mouse	0.158419153173	0	187	G	A
N0_Mouse	0.163876392739	0	233	T	C
N0_Mouse	0.166319958338	0	397	A	G
N0_Mouse	0.167031104704	0	434	T	C
N0_Mouse	0.170008028975	0	360	T	C
N0_Mouse	0.172234839105	0	109	A	C
N0_Mouse	0.176179929946	0	387	A	T
N0_Mouse	0.17672615429	0	333	G	T
N0_Mouse	0.179773175985	0	21	A	G
N0_Mouse	0.180983125971	0	452	G	T
N0_Mouse	0.18216081355	0	176	A	G
N0_Mouse	0.186658220351	0	45	T	G
N0_Mouse	0.186879188985	0	371	G	T
N0_Mouse	0.187545687978	0	396	C	G
N0_Mouse	0.187844172386	0	439	C	G
N0_Mouse	0.188548542302	0	86	C	G
N0_Mouse	0.190155498028	0	281	G	A
N0_Mouse	0.190521235187	0	78	C	T
N0_Mouse	0.191646131433	0	224	T	A
N0_Mouse	0.193441803939	0	359	T	A
N0_Mouse	0.194094343349	0	229	A	G
N0_Mouse	0.194305037797	0	164	G	C
N0_Mouse	0.19493212499	0	100	G	A
N0_Mouse	0.196717051635	0	266	C	T
N0_Mouse	0.198221860096	0	111	G	A
N0_Mouse	0.199521973375	0	278	T	C
N0_Mouse	0.201946450047	0	392	G	A
N0_Mouse	0.204951697139	0	259	G	A
N0_Mouse	0.208510674764	0	168	C	G
N0_Mouse	0.209048973597	0	258	A	G
N0_Mouse	0.211457565507	0	464	C	A
N0_Mouse	0.214279434914	0	154	A	G
N0_Mouse	0.221073042021	0	159	A	T
N0_Mouse	0.223814930887	0	41	T	G
N0_Mouse	0.231395888384	0	390	T	G
N0_Mouse	0.234946840087	0	392	A	G
N0_Mouse	0.235730242585	0	446	G	A
N0_Mouse	0.237731618647	0	232	A	G
N0_Mouse	0.244181085924	0	135	T	C
N0_Mouse	0.245184365667	0	54	G	T
N0_Mouse	0.246510540818	0	385	A	T
N0_Mouse	0.249496227425	0	257	G	A
N0_Mouse	0.260536170824	0	200	T	A
N0_Mouse	0.260688178252	0	8	C	T
N0_Mouse	0.262126008388	0	289	T	A
N0_Mouse	0.263019177403	0	403	G	C
N0_Mouse	0.263395767477	0	443	C	T
N0_Mouse	0.269545839867	0	31	T	A
N0_Mouse	0.271364217826	0	90	T	C
N0_Mouse	0.276645973126	0	9	T	A
N0_Mouse	0.277132687393	0	18	A	G
N0_Mouse	0.277820156836	0	54	T	G
N0_Mouse	0.280363702271	0	393	G	A
N0_Mouse	0.281674857939	0	443	T	C
N0_Mouse	0.283699194116	0	127	T	C
N0_Mouse	0.288307044973	0	107	C	A
N0_Mouse	0.293357973386	0	263	T	C
N0_Mouse	0.293718961433	0	186	A	T
N0_Mouse	0.294278959645	0	323	G	A
N0_Mouse	0.294514941436	0	246	C	T
N0_Mouse	0.295567789199	0	24	T	C
N0_Mouse	0.297184288176	0	369	G	A
N0_Mouse	0.29831506619	0	95	C	T
N0_Mouse	0.298699804902	0	46	T	G
N0_Mouse	0.30407755529	0	243	T	G
N0_Mouse	0.311811075558	0	292	A	G
N0_Mouse	0.312119035516	0	150	C	A
N0_Mouse	0.31455554863	0	318	G	A
N0_Mouse	0.31784123955	0	75	A	T
N0_Mouse	0.319115521197	0	15	A	G
N0_Mouse	0.319565713189	0	143	G	C
N0_Mouse	0.325782323793	0	155	G	C
N0_Mouse	0.32644085987	0	254	T	G
N0_Mouse	0.326850281084	0	415	C	T
N0_Mouse	0.327480263069	0	330	A	T
N0_Mouse	0.327506577241	0	203	A	T
N0_Mouse	0.327732159441	0	275	C	G
N0_Mouse	0.333669230675	0	133	T	C
N0_Mouse	0.334143525734	0	124	A	T
N0_Mouse	0.338898560428	0	322	T	G
N0_Mouse	0.340325976174	0	398	A	T
N0_Mouse	0.34071281159	0	361	A	G
N0_Mouse	0.341891408088	0	63	A	G
N0_Mouse	0.343950829829	0	244	C	G
N0_Mouse	0.34608666667	0	52	G	C
N0_Mouse	0.34945629864	0	231	T	G
N0_Mouse	0.351935884383	0	2	G	A
N0_Mouse	0.35204988383	0	249	T	C
N0_Mouse	0.35273611468	0	436	A	C
N0_Mouse	0.354603992892	0	378	C	T
N0_Mouse	0.355126549308	0	74	G	A
N0_Mouse	0.359163520837	0	132	T	A
N0_Mouse	0.359646334375	0	320	C	T
N0_Mouse	0.360968049357	0	389	T	C
N0_Mouse	0.361483598435	0	98	G	A
N0_Mouse	0.362085449117	0	140	G	A
N0_Mouse	0.362820650247	0	53	G	A
N0_Mouse	0.363068566481	0	52	C	G
N0_Mouse	0.364243208711	0	360	C	T
N0_Mouse	0.364312442523	0	381	A	G
N0_Mouse	0.365511816809	0	25	A	G
N0_Mouse	0.367509572244	0	67	G	A
N0_Mouse	0.369029049219	0	9	A	C
N0_Mouse	0.369805503412	0	362	T	C
N0_Mouse	0.371699572929	0	189	G	A
N0_Mouse	0.374620001293	0	143	C	T
N0_Mouse	0.378494450539	0	457	C	G
N0_Mouse	0.380365348349	0	376	G	A
N0_Mouse	0.385383870177	0	267	G	A
N0_Mouse	0.385664477237	0	288	C	T
N0_Mouse	0.391194340022	0	262	T	A
N0_Mouse	0.395176641424	0	234	T	A
N0_Mouse	0.398204049879	0	195	G	T
N0_Mouse	0.403269453381	0	382	C	T
N0_Mouse	0.40437019442	0	355	T	A
N0_Mouse	0.407753628797	0	80	G	A
N0_Mouse	0.408972238939	0	178	T	A
N0_Mouse	0.409428249434	0	22	C	A
N0_Mouse	0.415323484104	0	359	A	G
N0_Mouse	0.416159601409	0	53	A	C
N0_Mouse	0.416700022177	0	458	A	G
N0_Mouse	0.419442616775	0	195	T	A
N0_Mouse	0.420311039423	0	158	A	T
N0_Mouse	0.422747350899	0	204	G	A
N0_Mouse	0.423416687886	0	9	C	T
N0_Mouse	0.423972363817	0	247	A	T
N0_Mouse	0.424648499663	0	26	A	G
N0_Mouse	0.431814042733	0	305	T	C
N0_Mouse	0.431990189083	0	248	C	T
N0_Mouse	0.434080000801	0	60	G	T
N0_Mouse	0.435400470971	0	430	A	C
N0_Mouse	0.437833396181	0	258	G	C
N0_Mouse	0.43888962048	0	55	G	T
N0_Mouse	0.44382735656	0	155	C	G
N0_Mouse	0.449935493016	0	83	G	T
N0_Mouse	0.450907465767	0	275	G	A
N0_Mouse	0.454372547038	0	49	C	T
N0_Mouse	0.456739208421	0	59	T	C
N0_Mouse	0.456806624007	0	360	T	G
N0_Mouse	0.457204278564	0	304	T	C
