edge	time	mut_orlg	mut_pos	old_state	new_state
N0_kluyveri	0.000169679665799	0	146	A	G
N0_kluyveri	0.000761488806083	0	58	A	T
N0_kluyveri	0.00146133177455	0	266	T	A
N0_kluyveri	0.00149469011868	0	120	T	C
N0_kluyveri	0.00195861500036	0	347	C	T
N0_kluyveri	0.00211313195407	0	345	C	T
N0_kluyveri	0.00219150222377	0	476	C	T
N0_kluyveri	0.0030720862849	0	83	C	T
N0_kluyveri	0.0038209096413	0	255	T	C
N0_kluyveri	0.00449453352407	0	488	A	G
N0_kluyveri	0.00530639033445	0	8	C	T
N0_kluyveri	0.00563448057552	0	17	C	T
N0_kluyveri	0.00656049216335	0	414	C	T
N0_kluyveri	0.00732809582319	0	347	T	C
N0_kluyveri	0.00755270384506	0	323	T	C
N0_kluyveri	0.00828833483075	0	188	T	C
N0_kluyveri	0.00944495457949	0	380	G	A
N0_kluyveri	0.0094475678084	0	395	C	T
N0_kluyveri	0.0096459205056	0	95	A	G
N0_kluyveri	0.00987715804172	0	443	G	A
N0_kluyveri	0.00996458447628	0	227	C	T
N0_kluyveri	0.0106990828561	0	134	A	G
N0_kluyveri	0.0107219492496	0	238	C	T
N0_kluyveri	0.0111933416867	0	200	T	C
N0_kluyveri	0.0118730797918	0	437	T	C
N0_kluyveri	0.0123434584559	0	278	G	A
N0_kluyveri	0.0126376098603	0	308	C	T
N0_kluyveri	0.0131657892062	0	182	A	T
N0_kluyveri	0.0134496706588	0	38	C	T
N0_kluyveri	0.0138050994207	0	170	C	T
N0_D1	2.92366278874e-06	0	113	T	C
N0_D1	0.000563548181217	0	278	G	A
N0_D1	0.000845666218197	0	227	C	A
N0_D1	0.00100409206383	0	350	C	T
N0_D1	0.0014441249501	0	200	T	C
N0_D1	0.00145622088865	0	170	C	A
N0_D1	0.00153677760358	0	359	T	C
D1_N1	9.3576286395e-05	1	149	G	A
D1_N1	0.00023700610872	1	67	A	G
D1_N1	0.000835389629926	2	206	C	T
D1_N1	0.00149934005721	2	200	C	T
D1_N1	0.00203254938855	1	218	C	T
D1_N1	0.00223540157368	1	242	T	C
D1_N1	0.00224322527546	1	272	C	T
D1_N1	0.00242007467707	1	380	G	A
D1_N1	0.0029846621797	1	236	T	C
N1_castellii	0.000103888472767	1	425	T	C
N1_castellii	0.000123894042775	2	167	T	C
N1_castellii	0.000534298235936	1	41	G	A
N1_castellii	0.00136906446545	1	344	T	C
N1_castellii	0.00148557190914	2	107	C	T
N1_castellii	0.00150053560283	1	482	T	C
N1_castellii	0.00167062591622	2	260	C	T
N1_castellii	0.00170406464209	1	303	C	T
N1_castellii	0.00170637481794	2	366	G	A
N1_castellii	0.00182245766601	1	230	C	T
N1_castellii	0.00183840288722	1	77	T	G
N1_castellii	0.00202252063798	2	341	T	A
N1_castellii	0.00233476077722	2	5	C	T
N1_castellii	0.00248115126912	2	107	T	C
N1_castellii	0.00294469439562	2	98	G	A
N1_castellii	0.00311681932023	1	176	T	C
N1_castellii	0.00318555456433	2	38	C	T
N1_castellii	0.00363900926992	2	61	G	A
N1_castellii	0.00411485646697	2	149	G	A
N1_castellii	0.00425452780829	1	287	T	C
N1_castellii	0.00430004814281	2	332	C	T
N1_castellii	0.00444586717295	2	473	T	A
N1_castellii	0.00450062752691	2	242	T	A
N1_castellii	0.00493372936391	1	350	T	C
N1_castellii	0.00516593547919	1	96	G	A
N1_castellii	0.00526429472344	2	320	C	T
N1_castellii	0.00529551677588	2	92	A	C
N1_castellii	0.00537021633925	1	11	G	A
N1_castellii	0.00554297956482	2	245	T	C
N1_castellii	0.00587502522756	2	269	C	G
N1_castellii	0.00599146138115	2	173	C	G
N1_castellii	0.00612739334546	1	221	T	G
N1_castellii	0.00645482437754	2	311	T	C
N1_castellii	0.0067344751605	2	281	C	T
N1_castellii	0.00690975737051	2	119	A	C
N1_castellii	0.00758385990111	1	179	T	C
N1_castellii	0.00771572787841	2	167	C	T
N1_castellii	0.00804396289268	2	359	C	T
N1_castellii	0.00821429452238	1	197	C	T
N1_castellii	0.00859102192788	1	389	T	C
N1_castellii	0.00871529195988	2	31	T	C
N1_castellii	0.00895685536606	1	257	T	C
N1_castellii	0.0090215917981	2	56	A	G
N1_castellii	0.00935490578682	1	377	A	G
N1_castellii	0.00991215535811	2	203	T	A
N1_castellii	0.0104870810974	2	194	T	C
N1_castellii	0.0117122326967	1	224	T	C
N1_castellii	0.0118373526494	1	38	C	T
N1_castellii	0.0122952852262	2	2	C	T
N1_castellii	0.0123074239949	1	53	T	A
N1_castellii	0.0123802552208	1	194	T	G
N1_castellii	0.0124455207217	1	329	C	T
N1_castellii	0.0124945209394	2	377	A	G
N1_castellii	0.0125054771191	1	362	G	A
N1_castellii	0.0125571420436	1	245	T	G
N1_castellii	0.0126141706191	2	89	T	C
N1_castellii	0.0127206676485	2	161	A	G
N1_N2	0.00012123019899	2	161	A	G
N1_N2	0.000143563574132	2	164	C	T
N1_N2	0.000486274991523	1	41	G	A
N1_N2	0.000670893191001	1	308	C	T
N1_N2	0.000797761000347	1	458	A	G
N1_N2	0.00112104939935	1	321	G	T
N1_N2	0.00122260196814	1	311	T	C
N1_N2	0.00144135892361	2	254	T	C
N1_N2	0.00172549996837	2	441	T	C
N1_N2	0.00206689609732	2	68	A	G
N1_N2	0.00213696141071	2	47	T	C
N1_N2	0.00302204533421	2	278	A	G
N1_N2	0.00319468027488	1	267	T	C
N1_N2	0.00386126243403	1	173	C	T
N1_N2	0.00405162735972	2	410	A	G
N1_N2	0.00442112675822	1	119	A	G
N1_N2	0.00451518841086	2	266	T	C
N1_N2	0.00461709341636	2	170	A	G
N1_N2	0.00495256333521	2	416	A	T
N1_N2	0.00508027624247	2	272	C	T
N1_N2	0.00513391447342	2	95	A	G
N1_N2	0.00520066929433	1	92	A	G
N1_N2	0.00527159471839	1	431	C	T
N1_N2	0.00644506928816	1	398	A	G
N1_N2	0.00649503672461	1	269	C	A
N1_N2	0.00679754328968	2	215	T	C
N1_N2	0.00724305658576	1	473	T	C
N1_N2	0.00738732862505	1	17	C	T
N1_N2	0.00767965914292	1	254	T	C
N1_N2	0.00787460460985	1	395	C	T
N1_N2	0.00835300506438	2	344	T	C
N1_N2	0.00845916089747	1	59	G	A
N1_N2	0.0084666435347	1	431	T	C
N1_N2	0.00864537838539	1	344	T	C
N1_N2	0.00903036182493	1	215	T	C
N1_N2	0.00969779861956	2	56	A	G
N1_N2	0.0104123324561	2	320	C	G
N1_N2	0.0109144509174	2	83	C	T
N1_N2	0.0117233894974	2	107	C	T
N1_N2	0.0120793969898	1	291	C	T
N1_N2	0.012239597153	2	137	T	C
N1_N2	0.0125441708618	1	330	C	T
N1_N2	0.0129663114203	2	386	G	A
N1_N2	0.0132876438496	1	326	A	G
N1_N2	0.0133109439993	2	371	T	C
N1_N2	0.013407496188	1	59	A	G
N1_N2	0.0134172195559	1	461	G	A
N1_N2	0.0136372495455	2	410	G	A
N1_N2	0.0141705047411	1	461	A	G
N1_N2	0.014366701115	2	374	T	G
N1_N2	0.0144713593832	1	341	T	C
N1_N2	0.0148684308846	1	283	C	T
N1_N2	0.0148902221459	2	434	C	A
N1_N2	0.0149112797611	1	135	A	G
N1_N2	0.0153782200633	1	224	T	C
N1_N2	0.0153790348823	2	95	G	A
N1_N2	0.0154620670799	2	173	C	T
N1_N2	0.0154758628649	2	173	T	C
N1_N2	0.015531329028	1	308	T	C
N1_N2	0.0156322346649	2	41	G	A
N1_N2	0.0156476390564	2	194	T	C
N1_N2	0.0158125379406	2	146	A	G
N2_bayanus	0.00016768354772	2	56	G	A
N2_bayanus	0.000204512201581	2	374	G	A
N2_bayanus	0.000223251119101	1	329	C	T
N2_bayanus	0.00051571774431	1	281	C	T
N2_bayanus	0.000646064677577	2	155	A	C
N2_bayanus	0.000689330463362	1	128	G	A
N2_bayanus	0.000868379735998	2	347	C	T
N2_bayanus	0.000871077457753	1	90	A	G
N2_bayanus	0.000939858831187	1	28	G	T
N2_bayanus	0.00130724754253	2	275	G	A
N2_bayanus	0.00177272099065	2	75	C	T
N2_bayanus	0.00186813988056	2	122	T	C
N2_N3	0.000294719075543	1	23	A	G
N2_N3	0.000791315653976	1	272	T	A
N2_N3	0.00108721539667	1	65	T	C
N2_N3	0.00138475864341	2	170	G	A
N3_kudriavzevii	0.00019166062295	1	20	T	C
N3_kudriavzevii	0.000478965867132	2	263	C	T
N3_kudriavzevii	0.00090860547118	2	83	T	A
N3_kudriavzevii	0.00114563464218	1	335	T	G
N3_kudriavzevii	0.00145583318365	2	107	T	C
N3_kudriavzevii	0.00153755641559	1	5	C	T
N3_kudriavzevii	0.0019992337733	2	396	G	T
N3_kudriavzevii	0.00266712618634	2	14	C	T
N3_kudriavzevii	0.00277416061242	1	35	A	G
N3_kudriavzevii	0.00300098633835	2	434	A	G
N3_kudriavzevii	0.00312174975814	1	384	T	C
N3_kudriavzevii	0.00317855795325	2	281	C	T
N3_kudriavzevii	0.00346535258531	1	257	T	C
N3_kudriavzevii	0.00373292343491	1	248	A	G
N3_kudriavzevii	0.00438309373216	2	464	A	G
N3_kudriavzevii	0.0049917166435	1	386	G	A
N3_kudriavzevii	0.00508693536472	1	83	C	T
N3_kudriavzevii	0.00539806457185	2	374	G	A
N3_kudriavzevii	0.00558195618646	1	128	G	A
N3_kudriavzevii	0.00561859492967	1	11	G	A
N3_kudriavzevii	0.00562426264196	2	11	G	A
N3_kudriavzevii	0.00572257308858	2	161	G	A
N3_kudriavzevii	0.00599990278831	1	464	A	G
N3_N4	0.000105327955059	1	365	T	C
N3_N4	0.000497953365549	1	38	C	T
N3_N4	0.000794405084208	2	98	G	A
N3_N4	0.00101627897882	1	167	T	G
N3_N4	0.00105498640391	1	482	T	C
N3_N4	0.00139137353905	1	324	T	A
N3_N4	0.00164351327299	1	257	T	C
N3_N4	0.00168062957489	2	332	C	A
N4_mikatae	0.000106870775327	2	263	C	T
N4_mikatae	0.000286491842001	2	59	G	A
N4_mikatae	0.000308332981182	2	47	C	T
N4_mikatae	0.000341209000654	1	407	T	C
N4_mikatae	0.000379457019717	2	149	G	A
N4_mikatae	0.000462615878027	2	239	A	G
N4_mikatae	0.000775208568574	2	155	A	G
N4_mikatae	0.000920195329657	2	467	A	G
N4_mikatae	0.0011606301373	1	314	A	G
N4_mikatae	0.0013873148247	2	113	C	T
N4_mikatae	0.0015849808477	2	9	G	A
N4_mikatae	0.00203132265773	2	251	G	A
N4_mikatae	0.0021499988156	1	263	C	T
N4_mikatae	0.00224550298323	1	77	T	C
N4_mikatae	0.00315195906767	2	365	C	T
N4_mikatae	0.00324457994802	2	332	C	T
N4_mikatae	0.00358108484726	2	194	T	C
N4_mikatae	0.00419911295963	1	347	C	A
N4_mikatae	0.00421509558904	2	74	T	C
N4_N5	0.000197095432698	1	410	A	G
N4_N5	0.00040617354635	1	215	C	T
N4_N5	0.000423547822822	1	426	G	A
N4_N5	0.000630808360361	1	398	G	A
N4_N5	0.000998267023732	1	305	C	T
N4_N5	0.00110854808342	2	317	T	C
N4_N5	0.00115982422403	1	104	T	A
N4_N5	0.00144538847445	2	224	T	C
N4_N5	0.00148137044646	2	347	C	T
N5_paradoxus	0.000241942021277	2	41	A	G
N5_paradoxus	0.00113276427493	1	140	A	G
N5_paradoxus	0.00136475999432	2	371	C	T
N5_paradoxus	0.00148949937488	2	89	T	C
N5_paradoxus	0.00152728187574	2	2	C	T
N5_cerevisiae	0.000191675929393	1	50	A	G
N5_cerevisiae	0.000390743281265	2	422	T	C
N5_cerevisiae	0.000614774270922	2	47	C	T
N5_cerevisiae	0.00101810221568	2	366	G	A
N5_cerevisiae	0.00117452554266	2	420	A	G
N5_cerevisiae	0.00150160086158	2	455	A	G
N5_cerevisiae	0.00150875094067	1	161	A	G
N5_cerevisiae	0.0015831843543	2	110	C	T
N5_cerevisiae	0.00166664947822	1	89	T	A
N5_cerevisiae	0.00176590574695	2	449	A	G
N5_cerevisiae	0.00210280829755	1	299	T	C
N5_cerevisiae	0.00254840469641	1	240	A	T
N5_cerevisiae	0.00265144022695	1	351	G	A
N5_cerevisiae	0.00315312437368	1	131	T	A
N5_cerevisiae	0.00403272433901	1	392	T	C
N5_cerevisiae	0.00413578473619	1	203	T	C
N5_cerevisiae	0.00415536456056	2	192	G	A
