edge	time	orlg_from	orlg_to	tract_length	start_pos	stop_pos	num_diff	template_seq	overide_seq
D1_N1	0.000328514837389	2	1	1	672	672	0	A	A
D1_N1	0.000385209216407	1	2	5	83	87	0	CTGCG	CTGCG
D1_N1	0.000386919696222	2	1	12	308	319	0	ATTCATCTTGGA	ATTCATCTTGGA
D1_N1	0.000445143487462	1	2	2	62	63	0	CC	CC
D1_N1	0.000490388485296	1	2	2	159	160	0	AG	AG
D1_N1	0.000691012287544	1	2	3	57	59	0	CTA	CTA
D1_N1	0.000838009537829	2	1	2	385	386	0	AG	AG
D1_N1	0.00116413824952	2	1	13	147	159	1	TGTTTTTGGCCTA	TGTATTTGGCCTA
D1_N1	0.0016590881953	1	2	10	560	569	0	ATTTGATGGT	ATTTGATGGT
D1_N1	0.00169129021666	1	2	3	347	349	0	GCA	GCA
D1_N1	0.00176384388301	1	2	7	426	432	1	GTCATAT	GTCGTAT
D1_N1	0.00185727297005	1	2	10	397	406	0	CGTGAACTAA	CGTGAACTAA
D1_N1	0.00192169413114	2	1	16	663	678	0	GAAGACGTCACGCCCC	GAAGACGTCACGCCCC
D1_N1	0.00220799398162	1	2	3	520	522	0	GAG	GAG
D1_N1	0.00221771657836	2	1	5	86	90	0	CGTTC	CGTTC
D1_N1	0.0023638602081	2	1	2	467	468	0	TG	TG
D1_N1	0.00290372221758	1	2	3	189	191	0	AAT	AAT
D1_N1	0.00301483555549	2	1	2	243	244	0	CG	CG
D1_N1	0.00335552237459	1	2	5	117	121	0	CTTGT	CTTGT
D1_N1	0.00347837572187	2	1	6	341	346	0	GGAACG	GGAACG
D1_N1	0.00364984612522	2	1	3	154	156	0	GGC	GGC
D1_N1	0.00416512165442	2	1	1	481	481	0	G	G
D1_N1	0.00417917089703	1	2	4	42	45	0	GGCT	GGCT
D1_N1	0.00439047637532	2	1	5	574	578	0	GTTTC	GTTTC
D1_N1	0.00443981776783	2	1	9	159	167	0	AGGGACAAA	AGGGACAAA
D1_N1	0.00464272077007	1	2	1	78	78	0	A	A
D1_N1	0.00474176155048	2	1	6	564	569	0	GATGGT	GATGGT
D1_N1	0.00489616860858	2	1	2	403	404	0	CT	CT
D1_N1	0.00511383055972	2	1	1	504	504	0	T	T
D1_N1	0.00565949520113	2	1	3	511	513	0	TAA	TAA
D1_N1	0.00597568017561	2	1	3	367	369	0	GGT	GGT
D1_N1	0.00606483704209	2	1	5	451	455	0	CCCCC	CCCCC
N1_castellii	0.000322547154416	1	2	4	272	275	1	TATC	TGTC
N1_castellii	0.000587499761814	1	2	6	147	152	0	TGTTTT	TGTTTT
N1_castellii	0.000676305251252	1	2	3	445	447	0	AGT	AGT
N1_castellii	0.000691528854417	2	1	1	206	206	0	G	G
N1_castellii	0.000814651345185	1	2	6	679	684	0	CCAGAA	CCAGAA
N1_castellii	0.000836542171393	2	1	1	550	550	0	G	G
N1_castellii	0.00127608062098	2	1	5	619	623	0	GAGTT	GAGTT
N1_castellii	0.00175445657893	1	2	9	508	516	0	AGGTAAAGT	AGGTAAAGT
N1_castellii	0.00194016247243	2	1	8	461	468	0	AAACCTTG	AAACCTTG
N1_castellii	0.00274963955403	2	1	1	639	639	1	C	T
N1_castellii	0.0032719833886	2	1	3	140	142	0	CTT	CTT
N1_castellii	0.00342707609881	1	2	6	87	92	0	GTTCCA	GTTCCA
N1_castellii	0.00390287071539	2	1	10	326	335	0	ATTAATTTAA	ATTAATTTAA
N1_castellii	0.004008041018	1	2	6	57	62	0	CTATAC	CTATAC
N1_castellii	0.00407881020528	2	1	5	525	529	0	CGCAC	CGCAC
N1_castellii	0.00429615399525	2	1	2	281	282	0	AT	AT
N1_castellii	0.00483355359286	2	1	5	666	670	1	TACGT	GACGT
N1_castellii	0.00511851786934	1	2	8	428	435	1	CATATATT	CATATATC
N1_castellii	0.00572405359834	1	2	1	59	59	0	A	A
N1_castellii	0.00599350220639	2	1	1	239	239	0	G	G
N1_castellii	0.0063445662501	2	1	1	476	476	0	A	A
N1_castellii	0.00635773934217	2	1	7	609	615	1	CGAACAC	TGAACAC
N1_castellii	0.00663620965836	2	1	2	401	402	0	AA	AA
N1_castellii	0.00703349571497	2	1	7	225	231	0	GGATAAT	GGATAAT
N1_castellii	0.00771381928229	1	2	7	55	61	1	TGCTATA	TACTATA
N1_castellii	0.00775130829983	1	2	7	383	389	2	GTAGCCA	ATAGTCA
N1_castellii	0.00797262362075	1	2	8	185	192	0	CATTAATC	CATTAATC
N1_castellii	0.00812801511773	1	2	1	241	241	0	A	A
N1_castellii	0.00822556226409	1	2	1	135	135	0	C	C
N1_castellii	0.00848119407953	2	1	1	293	293	0	G	G
N1_castellii	0.00855443793933	2	1	2	176	177	0	GT	GT
N1_castellii	0.00909082891392	2	1	1	200	200	0	C	C
N1_castellii	0.00929921869252	2	1	3	304	306	0	AGA	AGA
N1_castellii	0.00945708550406	1	2	5	196	200	0	ATACC	ATACC
N1_castellii	0.0100500946713	2	1	8	205	212	0	AGTCACTA	AGTCACTA
N1_castellii	0.0104493643593	1	2	8	426	433	1	GTCATATA	GTCGTATA
N1_castellii	0.0104900611331	2	1	3	237	239	0	CGG	CGG
N1_castellii	0.0105110305705	1	2	4	149	152	0	TTTT	TTTT
N1_castellii	0.01060928834	1	2	4	148	151	0	GTTT	GTTT
N1_N2	0.00050419138747	2	1	13	0	12	0	TGTCAATAATACC	TGTCAATAATACC
N1_N2	0.000893986547411	2	1	7	11	17	0	CCATGCC	CCATGCC
N1_N2	0.000927996591739	1	2	5	213	217	0	TGCTG	TGCTG
N1_N2	0.00106083721758	2	1	4	660	663	0	GCGG	GCGG
N1_N2	0.00109889505915	2	1	3	380	382	0	CTC	CTC
N1_N2	0.0011428573736	1	2	2	275	276	0	CT	CT
N1_N2	0.00135938916481	1	2	1	62	62	0	C	C
N1_N2	0.0017950193081	2	1	1	506	506	0	A	A
N1_N2	0.00179548990253	2	1	1	581	581	0	T	T
N1_N2	0.00185030684051	1	2	1	212	212	0	A	A
N1_N2	0.00206095443677	2	1	5	431	435	1	ATATC	ATATT
N1_N2	0.00211885843364	1	2	1	581	581	0	T	T
N1_N2	0.00242111452053	2	1	1	296	296	0	C	C
N1_N2	0.00251207888585	1	2	1	181	181	0	T	T
N1_N2	0.00262493628157	1	2	4	362	365	0	TGTT	TGTT
N1_N2	0.00263209333617	1	2	3	598	600	0	ACT	ACT
N1_N2	0.00267777972776	1	2	2	482	483	0	CG	CG
N1_N2	0.00268353283375	2	1	2	185	186	0	CA	CA
N1_N2	0.00273494337256	1	2	1	683	683	0	A	A
N1_N2	0.00321160746044	1	2	3	345	347	0	CGG	CGG
N1_N2	0.00335845801059	2	1	2	271	272	0	TT	TT
N1_N2	0.00342203167408	1	2	3	554	556	0	ACC	ACC
N1_N2	0.00390323293646	2	1	6	602	607	0	CCGGGT	CCGGGT
N1_N2	0.00398447578408	2	1	1	562	562	0	T	T
N1_N2	0.00413672733904	1	2	8	487	494	0	AGTGTCTT	AGTGTCTT
N1_N2	0.00419995289397	2	1	1	292	292	0	T	T
N1_N2	0.00429220100748	1	2	1	623	623	0	T	T
N1_N2	0.00450843513335	2	1	3	59	61	0	ATA	ATA
N1_N2	0.0045775316703	2	1	2	112	113	0	TA	TA
N1_N2	0.00487230485329	1	2	3	473	475	0	TTA	TTA
N1_N2	0.00496127027604	2	1	1	278	278	0	A	A
N1_N2	0.00500646304872	1	2	1	441	441	1	C	T
N1_N2	0.0050808314301	1	2	5	680	684	0	CAGAA	CAGAA
N1_N2	0.00515705170924	2	1	2	431	432	0	AT	AT
N1_N2	0.00579994848744	1	2	2	230	231	0	AT	AT
N1_N2	0.00597602433115	1	2	1	684	684	0	A	A
N1_N2	0.00614856796505	1	2	1	504	504	0	T	T
N1_N2	0.00615168182726	2	1	7	441	447	1	CTGAAGT	CTGGAGT
N1_N2	0.0062467866269	1	2	2	408	409	0	CC	CC
N1_N2	0.00654270453546	2	1	2	585	586	0	AT	AT
N1_N2	0.00658039361628	1	2	1	353	353	0	A	A
N1_N2	0.00713246994953	2	1	1	11	11	0	C	C
N1_N2	0.0071516169369	1	2	1	110	110	0	T	T
N1_N2	0.00719350028466	2	1	3	382	384	0	CGT	CGT
N1_N2	0.00736271045734	1	2	3	28	30	0	CAG	CAG
N1_N2	0.00742246513633	2	1	1	147	147	0	T	T
N1_N2	0.00743664808903	2	1	6	453	458	1	CCCGAT	ACCGAT
N1_N2	0.00812046117322	2	1	10	431	440	1	ATATCAGGAA	ATATCAGAAA
N1_N2	0.00854788570061	1	2	2	301	302	0	GT	GT
N1_N2	0.00880295394125	2	1	12	571	582	2	TCGGTCTCTTTC	TCGGTTTCTTTT
N1_N2	0.00890514365622	1	2	5	346	350	0	GGCAC	GGCAC
N1_N2	0.00899625626567	2	1	2	239	240	0	GC	GC
N1_N2	0.00903601906099	1	2	1	152	152	0	T	T
N1_N2	0.00908681787292	2	1	3	309	311	0	TTC	TTC
N1_N2	0.00918485630705	2	1	3	581	583	0	TCC	TCC
N1_N2	0.00959494977595	1	2	3	210	212	0	CTA	CTA
N1_N2	0.00976754251463	2	1	6	157	162	0	CTAGGG	CTAGGG
N1_N2	0.00990794775928	1	2	2	187	188	0	TT	TT
N1_N2	0.0101292510442	2	1	1	553	553	0	G	G
N1_N2	0.0102003547636	1	2	6	87	92	0	GTTCCA	GTTCCA
N1_N2	0.0102489749327	2	1	3	673	675	0	CGC	CGC
N1_N2	0.0106222557448	1	2	1	679	679	0	C	C
N1_N2	0.0107991501777	2	1	1	46	46	0	A	A
N1_N2	0.0108753500159	1	2	2	402	403	0	AC	AC
N1_N2	0.0112504574345	2	1	2	130	131	0	AT	AT
N1_N2	0.0113124357411	2	1	4	491	494	0	TCTT	TCTT
N1_N2	0.0114201698805	2	1	2	301	302	0	GT	GT
N1_N2	0.011488979715	1	2	8	579	586	0	TTTCCGAT	TTTCCGAT
N1_N2	0.0114959192523	2	1	8	122	129	0	AGGAAGCT	AGGAAGCT
N1_N2	0.0115108043525	1	2	6	181	186	0	TAAGCA	TAAGCA
N1_N2	0.011554640688	2	1	5	251	255	0	ACTTT	ACTTT
N1_N2	0.0119576831993	1	2	13	343	355	0	AACGGCACTTAGA	AACGGCACTTAGA
N1_N2	0.0121342666961	2	1	14	106	119	0	TCTATATATATCTT	TCTATATATATCTT
N1_N2	0.0121999179414	1	2	4	125	128	0	AAGC	AAGC
N1_N2	0.0122412086343	1	2	5	587	591	1	AGAAG	AAAAG
N1_N2	0.0126224718238	1	2	2	638	639	1	AT	AC
N1_N2	0.0129458766434	2	1	6	478	483	0	GGTGCG	GGTGCG
N1_N2	0.0131409700121	1	2	2	56	57	1	GC	AC
N1_N2	0.0131571669798	1	2	7	91	97	0	CAATAGA	CAATAGA
N1_N2	0.0136033162953	2	1	7	237	243	0	CGGCATC	CGGCATC
N1_N2	0.0137562243452	1	2	5	211	215	0	TATGC	TATGC
N2_bayanus	0.000156960177987	1	2	13	206	218	0	GTCACTATGCTGC	GTCACTATGCTGC
N2_bayanus	0.000234230460358	1	2	8	496	503	1	AGTCTTGT	AGTCTTAT
N2_bayanus	0.000334413602352	1	2	2	32	33	1	GA	AA
N2_bayanus	0.000385749509862	2	1	2	142	143	0	TC	TC
N2_bayanus	0.000411192572659	1	2	15	219	233	0	TAAGTGGGATAATAG	TAAGTGGGATAATAG
N2_bayanus	0.000818307561589	1	2	1	671	671	0	C	C
N2_bayanus	0.00125794375911	2	1	3	436	438	0	AGG	AGG
N2_bayanus	0.00166314691638	2	1	7	597	603	0	CACTGCC	CACTGCC
N2_bayanus	0.00207536038067	2	1	4	227	230	0	ATAA	ATAA
N2_bayanus	0.00214310496897	1	2	4	9	12	1	TACC	TATC
N2_bayanus	0.00221392805233	1	2	2	79	80	0	AG	AG
N2_bayanus	0.00223741993818	2	1	6	336	341	1	ATCCTG	ATGCTG
N2_bayanus	0.00247831655056	1	2	8	566	573	1	TAGTCTCG	TGGTCTCG
N2_bayanus	0.0025211471966	2	1	4	479	482	0	GTGC	GTGC
N2_bayanus	0.00280323155743	1	2	1	166	166	0	A	A
N2_bayanus	0.00310208202219	1	2	2	474	475	0	TA	TA
N2_bayanus	0.00327553266261	1	2	6	489	494	0	TGTCTT	TGTCTT
N2_bayanus	0.00339178858793	1	2	6	536	541	0	GTGGAA	GTGGAA
N2_bayanus	0.00363617777634	1	2	8	46	53	0	ACTCTTAA	ACTCTTAA
N2_bayanus	0.00398867544274	2	1	1	536	536	0	G	G
N2_bayanus	0.00401695696462	2	1	1	589	589	0	A	A
N2_bayanus	0.00418460465415	1	2	10	344	353	2	ACGCCACTCA	ACGGCACTTA
N2_bayanus	0.00444161133001	2	1	2	209	210	0	AC	AC
N2_bayanus	0.00460459283852	2	1	1	122	122	0	A	A
N2_bayanus	0.00472296365852	1	2	7	65	71	1	TTATGAA	TTATGAG
N2_bayanus	0.00510638069019	2	1	1	297	297	0	A	A
N2_bayanus	0.00547719883973	2	1	7	387	393	0	CCAAACG	CCAAACG
N2_bayanus	0.00550272492978	2	1	1	435	435	0	C	C
N2_bayanus	0.00565865247409	2	1	1	12	12	0	C	C
N2_bayanus	0.00566136455222	2	1	5	129	133	0	TATAA	TATAA
N2_bayanus	0.005698278814	1	2	2	194	195	0	TG	TG
N2_bayanus	0.00578647163619	1	2	3	447	449	0	TGA	TGA
N2_bayanus	0.00596777282702	2	1	4	408	411	0	CCTA	CCTA
N2_bayanus	0.00605975967909	2	1	4	513	516	0	AAGT	AAGT
N2_bayanus	0.00651663143393	1	2	3	281	283	0	ATT	ATT
N2_bayanus	0.00673692052295	1	2	2	371	372	0	CA	CA
N2_bayanus	0.00680408668995	2	1	7	429	435	1	GTATATC	TTATATC
N2_bayanus	0.0069927048414	2	1	4	497	500	0	GTCT	GTCT
N2_bayanus	0.00724244893627	1	2	1	203	203	0	G	G
N2_bayanus	0.00728423467478	2	1	4	535	538	0	CGTG	CGTG
N2_bayanus	0.00730307109361	2	1	1	198	198	0	A	A
N2_bayanus	0.00738943167917	2	1	2	192	193	0	CG	CG
N2_bayanus	0.00749453002514	1	2	3	198	200	0	ACC	ACC
N2_bayanus	0.00757063067817	1	2	2	3	4	0	CA	CA
N2_bayanus	0.00765834237386	2	1	3	643	645	0	AGC	AGC
N2_bayanus	0.0078109894415	2	1	1	176	176	0	G	G
N2_bayanus	0.00794308445762	1	2	4	94	97	0	TAGA	TAGA
N2_bayanus	0.00804891105791	2	1	7	633	639	0	TACCCAT	TACCCAT
N2_bayanus	0.00849420274889	2	1	4	394	397	0	ATTC	ATTC
N2_bayanus	0.00851753156821	1	2	4	260	263	2	GACT	AACC
N2_N3	2.81875152083e-05	2	1	14	522	535	2	GTCCGCGCACACTC	GTCAGCACACACTC
N2_N3	0.000211368625336	1	2	1	323	323	0	A	A
N2_N3	0.000278164450878	2	1	3	402	404	0	ACT	ACT
N2_N3	0.00055486650585	2	1	1	187	187	0	T	T
N2_N3	0.000576851673517	1	2	5	240	244	0	CATCG	CATCG
N2_N3	0.00076247339678	1	2	3	443	445	0	GAA	GAA
N2_N3	0.000802278051941	2	1	2	379	380	0	GC	GC
N2_N3	0.000980932114412	2	1	1	28	28	0	C	C
N2_N3	0.000983445057217	2	1	3	265	267	0	CCT	CCT
N2_N3	0.00153269280507	1	2	2	241	242	0	AT	AT
N2_N3	0.00162672677505	1	2	17	147	163	0	TGTTTTTGGCCTAGGGA	TGTTTTTGGCCTAGGGA
N2_N3	0.00166508225428	2	1	3	393	395	0	GAT	GAT
N2_N3	0.00168826784064	1	2	2	653	654	0	AA	AA
N2_N3	0.00169804426999	1	2	1	149	149	0	T	T
N2_N3	0.00174640677846	1	2	5	260	264	2	GACTG	AACCG
N2_N3	0.00179705908568	2	1	5	559	563	0	TATTT	TATTT
N2_N3	0.00190887917529	1	2	2	140	141	0	CT	CT
N2_N3	0.00211238857598	1	2	8	577	584	0	TCTTTCCG	TCTTTCCG
N3_kudriavzevii	0.000209596438274	1	2	1	491	491	0	T	T
N3_kudriavzevii	0.0009184481156	1	2	6	200	205	1	CGTGAA	CGAGAA
N3_kudriavzevii	0.0010035545415	2	1	3	566	568	1	TGG	TAG
N3_kudriavzevii	0.00123098465062	1	2	2	606	607	1	GT	AT
N3_kudriavzevii	0.00133443912542	2	1	5	327	331	0	TTAAT	TTAAT
N3_kudriavzevii	0.0016372715683	2	1	2	475	476	0	AA	AA
N3_kudriavzevii	0.00184223371829	1	2	4	174	177	1	CTGT	CTGA
N3_kudriavzevii	0.0018690611496	1	2	4	594	597	1	GTCT	GTCC
N3_kudriavzevii	0.00187377541271	1	2	2	78	79	0	AA	AA
N3_kudriavzevii	0.0021484309046	1	2	4	473	476	0	TTAA	TTAA
N3_kudriavzevii	0.0023848386173	1	2	3	635	637	0	CCC	CCC
N3_kudriavzevii	0.00290733610206	1	2	2	231	232	0	TA	TA
N3_kudriavzevii	0.00298970279654	2	1	2	424	425	0	AG	AG
N3_kudriavzevii	0.00324467367516	1	2	1	266	266	0	C	C
N3_kudriavzevii	0.00326345348057	2	1	8	487	494	0	AGTGTCTT	AGTGTCTT
N3_kudriavzevii	0.00334629530324	2	1	2	155	156	0	GC	GC
N3_kudriavzevii	0.00345589524673	2	1	2	636	637	0	CC	CC
N3_kudriavzevii	0.0034855744622	2	1	1	448	448	0	G	G
N3_kudriavzevii	0.00352183743161	2	1	3	0	2	1	TAT	TGT
N3_kudriavzevii	0.00361374309451	1	2	2	622	623	0	TT	TT
N3_kudriavzevii	0.00361747254042	2	1	1	321	321	0	A	A
N3_kudriavzevii	0.00367918606511	2	1	1	78	78	0	A	A
N3_kudriavzevii	0.00384957556143	1	2	6	62	67	0	CCGTTA	CCGTTA
N3_kudriavzevii	0.00473285431936	2	1	20	556	575	1	CTATATTTAATGGTCTCGGT	CTATATTTGATGGTCTCGGT
N3_kudriavzevii	0.00481243981749	1	2	3	366	368	0	AGG	AGG
N3_kudriavzevii	0.0051236172524	2	1	2	400	401	0	GA	GA
N3_kudriavzevii	0.00513577372207	2	1	5	417	421	0	AACGT	AACGT
N3_kudriavzevii	0.00527754563303	1	2	3	170	172	1	TCC	TTC
N3_kudriavzevii	0.00538735600726	1	2	1	513	513	0	A	A
N3_kudriavzevii	0.00560355708484	1	2	1	139	139	0	T	T
N3_kudriavzevii	0.00562886755648	1	2	2	454	455	0	CC	CC
N3_N4	9.69226209369e-05	1	2	4	367	370	0	GGTA	GGTA
N3_N4	0.000336712043735	1	2	2	135	136	0	CA	CA
N3_N4	0.000441475524639	1	2	3	611	613	0	AAC	AAC
N3_N4	0.000475041093794	2	1	1	642	642	0	C	C
N3_N4	0.000528679447196	1	2	1	393	393	0	G	G
N3_N4	0.000638919706511	2	1	2	239	240	0	GC	GC
N3_N4	0.00072302851991	2	1	13	342	354	1	GAACGGCACTTAG	GAACGGCACTCAG
N3_N4	0.000888582166267	2	1	6	579	584	0	TTTCCG	TTTCCG
N3_N4	0.000977902735516	1	2	5	115	119	0	ATCTT	ATCTT
N3_N4	0.000980454212246	2	1	5	452	456	1	CCCCA	CCCCG
N3_N4	0.00154290132826	1	2	9	575	583	0	TCTCTTTCC	TCTCTTTCC
N3_N4	0.00159730290373	2	1	21	129	149	0	TATAACCACGTCTTCAGCTGT	TATAACCACGTCTTCAGCTGT
N3_N4	0.00163323794562	1	2	1	398	398	0	G	G
N3_N4	0.00177709221598	1	2	3	376	378	0	ATT	ATT
N4_mikatae	5.42931886556e-05	1	2	5	369	373	0	TACAT	TACAT
N4_mikatae	0.000337232891918	1	2	6	297	302	0	ACAAGT	ACAAGT
N4_mikatae	0.000583468110315	2	1	1	654	654	0	A	A
N4_mikatae	0.000848427876923	1	2	3	141	143	0	TTC	TTC
N4_mikatae	0.000866777544361	1	2	3	178	180	2	TCC	CTC
N4_mikatae	0.000900026478378	1	2	1	84	84	0	T	T
N4_mikatae	0.00135993612716	2	1	6	304	309	1	ATAAAT	AGAAAT
N4_mikatae	0.0013791198785	1	2	3	631	633	0	GCT	GCT
N4_mikatae	0.00138281925104	2	1	8	234	241	1	CATCGGCA	CGTCGGCA
N4_mikatae	0.00206655763955	2	1	10	138	147	1	GTCTTTAGCT	GTCTTCAGCT
N4_mikatae	0.00226236864905	1	2	1	463	463	0	A	A
N4_mikatae	0.00226900578068	1	2	4	237	240	0	CGGC	CGGC
N4_mikatae	0.00248890030323	1	2	4	178	181	0	TCCT	TCCT
N4_mikatae	0.00251173255958	1	2	1	231	231	0	T	T
N4_mikatae	0.00251299105509	2	1	4	367	370	0	GGTA	GGTA
N4_mikatae	0.00254203623202	2	1	2	97	98	0	AA	AA
N4_mikatae	0.00255836750567	1	2	3	629	631	1	TCG	TTG
N4_mikatae	0.00293240860367	1	2	3	489	491	0	TGT	TGT
N4_mikatae	0.00326097190988	1	2	4	343	346	0	AACG	AACG
N4_mikatae	0.00347069447281	2	1	13	618	630	2	TGAGTTGATAATT	TGAGTTGATTATC
N4_mikatae	0.0034943009256	2	1	8	497	504	2	GTCTTATT	GTCTAGTT
N4_mikatae	0.00352719222541	2	1	1	504	504	0	T	T
N4_mikatae	0.00385764390426	1	2	4	130	133	0	ATAA	ATAA
N4_mikatae	0.00394176796755	2	1	2	283	284	0	TT	TT
N4_mikatae	0.00408404873824	1	2	2	533	534	0	CT	CT
N4_mikatae	0.00418187981896	2	1	3	539	541	1	GAA	GGA
N4_mikatae	0.00420243116375	1	2	2	0	1	1	TG	TA
N4_mikatae	0.00426393041875	1	2	14	289	302	2	AGTTGAACACAAGT	AGCTTAACACAAGT
N4_mikatae	0.00426692368795	2	1	6	78	83	0	AAGTGC	AAGTGC
N4_mikatae	0.00441958333702	2	1	3	152	154	0	TTG	TTG
N4_mikatae	0.00494093501756	2	1	6	168	173	1	CATTCA	CATCCA
N4_mikatae	0.00497882526528	2	1	3	175	177	2	TGA	CGT
N4_mikatae	0.00524949330384	1	2	3	661	663	1	CGG	CGA
N4_mikatae	0.00537323733765	2	1	2	248	249	0	GC	GC
N4_mikatae	0.00558705479981	2	1	3	648	650	1	CTA	TTA
N4_mikatae	0.005623180221	1	2	3	103	105	0	TTA	TTA
N4_mikatae	0.00623385015258	1	2	6	373	378	0	TCGATT	TCGATT
N4_mikatae	0.00626495621139	1	2	4	469	472	0	GAAC	GAAC
N4_mikatae	0.00629030550115	1	2	6	589	594	1	AAGAGA	AAGAGG
N4_mikatae	0.00645250636042	1	2	2	300	301	0	AG	AG
N4_mikatae	0.00657125180979	2	1	4	359	362	0	GAAT	GAAT
N4_mikatae	0.0067590187952	2	1	3	360	362	0	AAT	AAT
N4_mikatae	0.00676961210197	1	2	2	184	185	0	GC	GC
N4_mikatae	0.00721163114993	2	1	9	545	553	0	GTAAGGTAG	GTAAGGTAG
N4_mikatae	0.00733536614722	2	1	6	405	410	1	AAACCT	AAATCT
N4_mikatae	0.00734514718106	1	2	3	41	43	1	TAG	TGG
N4_mikatae	0.00755708865849	1	2	1	224	224	0	G	G
N4_mikatae	0.00778147178432	2	1	10	25	34	1	TATCAGAAAA	TATCAGAGAA
N4_mikatae	0.00798014719466	2	1	2	449	450	0	AA	AA
N4_mikatae	0.00798259254269	2	1	3	154	156	0	GGC	GGC
N4_mikatae	0.00814168554134	1	2	1	158	158	0	T	T
N4_mikatae	0.00850896996454	2	1	6	172	177	0	CACTGA	CACTGA
N4_mikatae	0.00869411657621	1	2	1	71	71	0	G	G
N4_mikatae	0.00871049729373	1	2	1	544	544	0	G	G
N4_mikatae	0.00881601735175	2	1	1	8	8	0	A	A
N4_mikatae	0.00885060740495	1	2	1	383	383	0	G	G
N4_mikatae	0.0090084579141	2	1	2	122	123	0	AG	AG
N4_mikatae	0.0091294661665	1	2	2	490	491	0	GT	GT
N5_paradoxus	0.000201679689425	1	2	11	488	498	0	GTGTCTTCAGT	GTGTCTTCAGT
N5_paradoxus	0.000230856541794	1	2	5	43	47	0	GCTAC	GCTAC
N5_paradoxus	0.000255027498409	1	2	12	217	228	0	GCTAAGTGGGAT	GCTAAGTGGGAT
N5_paradoxus	0.000339066166912	2	1	5	536	540	1	GTGGA	GTGGG
N5_paradoxus	0.000631975449662	1	2	3	207	209	0	TCA	TCA
N5_paradoxus	0.000776066803685	2	1	7	326	332	0	ATTAATT	ATTAATT
N5_paradoxus	0.000879392883338	1	2	1	114	114	0	T	T
N5_paradoxus	0.000946517631137	1	2	1	510	510	1	A	G
N5_paradoxus	0.00107246094922	2	1	1	209	209	0	A	A
N5_paradoxus	0.00107504243924	2	1	1	138	138	0	G	G
N5_paradoxus	0.00114123053543	2	1	1	609	609	0	T	T
N5_paradoxus	0.00160934881469	1	2	1	145	145	0	G	G
N5_paradoxus	0.00201783759323	1	2	5	419	423	0	CGTAC	CGTAC
N5_paradoxus	0.00231152399839	1	2	1	266	266	0	C	C
N5_paradoxus	0.00294240998235	2	1	7	423	429	1	CAGGTCG	CAGGTCT
N5_paradoxus	0.00297932435051	1	2	2	232	233	0	AG	AG
N5_paradoxus	0.00321942042253	2	1	2	221	222	0	AG	AG
N5_paradoxus	0.00326480146288	1	2	1	455	455	0	C	C
N5_paradoxus	0.00336864388771	1	2	3	116	118	0	TCT	TCT
N5_paradoxus	0.00348909358197	1	2	1	250	250	0	A	A
N5_paradoxus	0.00364793627258	1	2	4	216	219	0	TGCT	TGCT
N5_cerevisiae	3.37324474224e-05	2	1	2	564	565	1	AA	GA
N5_cerevisiae	0.000272706788308	1	2	1	640	640	0	A	A
N5_cerevisiae	0.000277624039222	2	1	6	142	147	0	TCAGCT	TCAGCT
N5_cerevisiae	0.000384084893636	2	1	2	214	215	0	GC	GC
N5_cerevisiae	0.000454518539062	2	1	1	527	527	0	C	C
N5_cerevisiae	0.000502616244038	1	2	2	581	582	0	TC	TC
N5_cerevisiae	0.000520380713363	2	1	3	577	579	0	TCT	TCT
N5_cerevisiae	0.000601408630404	2	1	2	662	663	0	GG	GG
N5_cerevisiae	0.000875326746277	1	2	11	82	92	0	GCTGCGTTCCA	GCTGCGTTCCA
N5_cerevisiae	0.000975907389825	1	2	5	513	517	0	AAGTC	AAGTC
N5_cerevisiae	0.00109849770016	2	1	7	653	659	1	AAATTCA	AAATCCA
N5_cerevisiae	0.00112835092824	1	2	11	628	638	1	ATCGCTACCCA	ATGGCTACCCA
N5_cerevisiae	0.00135422959494	1	2	3	432	434	0	TAT	TAT
N5_cerevisiae	0.00164868800965	2	1	2	612	613	0	AC	AC
N5_cerevisiae	0.00196844738152	2	1	2	524	525	0	CC	CC
N5_cerevisiae	0.00216636331789	1	2	1	69	69	0	G	G
N5_cerevisiae	0.00217030153088	1	2	4	660	663	0	GCGG	GCGG
N5_cerevisiae	0.00226223752225	1	2	1	418	418	0	A	A
N5_cerevisiae	0.00230813127766	2	1	1	446	446	0	G	G
N5_cerevisiae	0.0025674219306	1	2	1	637	637	0	C	C
N5_cerevisiae	0.00273749030266	1	2	4	144	147	0	AGCT	AGCT
N5_cerevisiae	0.0027431063633	2	1	9	203	211	0	GAAGTCACT	GAAGTCACT
N5_cerevisiae	0.00290226426189	2	1	3	257	259	0	AGT	AGT
N5_cerevisiae	0.00293441494459	1	2	6	569	574	0	TCTCGG	TCTCGG
N5_cerevisiae	0.00296883792128	1	2	6	97	102	1	AATACG	AATGCG
N5_cerevisiae	0.00334697449592	1	2	3	91	93	0	CAA	CAA
N5_cerevisiae	0.00389064936661	1	2	2	312	313	0	AT	AT
N5_cerevisiae	0.00397879909141	2	1	1	641	641	0	C	C
