edge	time	mut_orlg	mut_pos	old_state	new_state
N0_D1	0.000228982243345	0	692	G	C
N0_D1	0.00157399124961	0	282	C	T
N0_D1	0.00254164905905	0	1081	T	A
N0_D1	0.00366596673805	0	81	A	G
N0_D1	0.00402451531231	0	1114	A	G
N0_D1	0.00445877679356	0	731	G	A
N0_D1	0.00485565592968	0	1127	G	A
N0_D1	0.00496489257815	0	388	C	T
N0_D1	0.00520705378452	0	481	C	T
N0_D1	0.00529034537966	0	161	G	C
N0_D1	0.0054169379838	0	176	A	T
N0_D1	0.00586840558632	0	917	C	T
N0_D1	0.00630956051211	0	914	C	A
N0_D1	0.00660551158259	0	718	C	T
N0_D1	0.0084584705161	0	163	A	G
N0_D1	0.00859614711535	0	777	C	A
N0_D1	0.00879489437261	0	558	C	T
N0_D1	0.0108867920002	0	729	G	A
N0_D1	0.0109770265626	0	1184	A	C
N0_D1	0.0113493085656	0	1025	T	G
N0_D1	0.0114684113909	0	558	T	G
N0_D1	0.0133081672074	0	831	A	T
N0_D1	0.013657816302	0	931	G	A
N0_D1	0.0149855643864	0	191	G	A
N0_D1	0.0168419768805	0	1071	C	G
N0_D1	0.0173271157697	0	217	A	G
N0_D1	0.0182660493219	0	792	C	T
N0_D1	0.0186842769385	0	574	A	T
N0_D1	0.0195987223904	0	476	G	A
N0_D1	0.0196931146528	0	320	C	G
N0_D1	0.019879050242	0	16	C	T
N0_D1	0.0210605319259	0	295	T	A
N0_D1	0.0224997278441	0	1054	A	G
N0_D1	0.0227840612643	0	1143	T	A
N0_D1	0.0234541544132	0	676	T	C
N0_D1	0.023820084349	0	355	A	C
N0_D1	0.0248792537971	0	118	G	T
N0_D1	0.0248836015861	0	843	T	C
N0_D1	0.0264124937473	0	561	C	A
N0_D1	0.0276686383388	0	62	T	G
N0_D1	0.0277435911275	0	309	A	T
N0_D1	0.0282690634422	0	735	A	G
N0_D1	0.0289226453998	0	5	G	A
N0_D1	0.0294223327087	0	1033	A	T
N0_D1	0.0305179595884	0	386	T	A
N0_D1	0.0330069265543	0	626	T	A
N0_D1	0.0340430141991	0	152	A	G
N0_D1	0.0349644683964	0	426	G	A
N0_D1	0.035201328066	0	1069	C	T
N0_D1	0.035809146341	0	248	C	T
N0_D1	0.0366643433652	0	1001	C	G
N0_D1	0.0371471548679	0	699	T	G
N0_D1	0.039488643661	0	139	T	G
N0_D1	0.0405935460358	0	984	G	A
N0_D1	0.0420583316424	0	907	C	T
N0_D1	0.0427328203293	0	847	C	T
N0_D1	0.0493426929405	0	29	C	A
N0_D1	0.0496617899048	0	671	C	T
D1_N1	0.0001005364014	2	556	A	C
D1_N1	0.000142264513546	2	1150	G	T
D1_N1	0.000207785324649	1	1018	C	G
D1_N1	0.000436984774635	2	245	T	C
D1_N1	0.000769256057828	1	1129	A	T
D1_N1	0.00125139587219	1	1143	A	C
D1_N1	0.00168901353386	1	392	G	A
D1_N1	0.00177040201947	1	569	G	A
D1_N1	0.00194904422008	1	92	C	T
D1_N1	0.00247671973571	1	222	G	C
D1_N1	0.00276531835979	2	628	T	C
D1_N1	0.00351243875861	1	639	G	A
D1_N1	0.00401859231993	2	194	G	C
D1_N1	0.00466185722078	1	864	T	A
D1_N1	0.00529818266454	1	246	T	A
D1_N1	0.00579548312267	1	265	T	C
D1_N1	0.00686857218471	2	591	T	A
D1_N1	0.00746918839646	2	855	A	T
D1_N1	0.00783692343255	1	204	A	C
D1_N1	0.00847024601912	1	25	A	C
D1_N1	0.008673520914	1	266	C	T
D1_N1	0.0103482258816	2	1186	G	A
D1_N1	0.0119035799065	2	231	G	A
D1_N1	0.0130307100862	2	977	T	C
D1_N1	0.0130877194251	1	250	G	A
D1_N1	0.0134096897097	1	694	C	A
D1_N1	0.0134920961284	2	124	T	C
D1_N1	0.013760722974	1	65	A	T
D1_N1	0.0140068232375	2	724	A	T
D1_N1	0.0142698206528	2	316	G	A
D1_N1	0.014578427765	2	468	C	T
D1_N1	0.0146176753426	2	420	G	A
D1_N1	0.0148412248803	1	668	C	T
D1_N1	0.0149285326252	1	430	A	G
D1_N1	0.0149698218714	2	321	C	A
D1_N1	0.0150900792612	2	8	T	G
D1_N1	0.0159458399834	2	1197	G	C
D1_N1	0.0167563309392	2	299	A	T
D1_N1	0.0173451371998	2	903	C	A
D1_N1	0.0180524144169	1	920	A	G
D1_N1	0.0190212976595	1	136	C	G
D1_N1	0.0193373532348	2	849	G	A
D1_N1	0.0193844591849	2	16	T	G
D1_N1	0.0198202402588	1	271	A	T
D1_N1	0.0200773065701	1	1109	C	T
D1_N1	0.0200939930106	2	69	A	G
D1_N1	0.0207826204928	1	519	C	T
D1_N1	0.0211741548917	2	1062	T	G
D1_N1	0.0211939630069	2	286	G	A
D1_N1	0.0213991321679	1	37	G	A
D1_N1	0.0214422419611	1	62	G	T
D1_N1	0.0216264012608	1	332	T	G
D1_N1	0.0225833390549	2	207	G	T
D1_N1	0.0227457127299	1	262	A	G
D1_N1	0.0235340422186	2	696	G	A
D1_N1	0.0235903815249	1	813	G	A
D1_N1	0.0240857097797	2	981	G	A
D1_N1	0.02416657549	2	55	A	T
D1_N1	0.0243186418068	1	222	C	A
D1_N1	0.0245702244264	1	671	T	G
D1_N1	0.0246741894571	2	844	T	C
D1_N1	0.0249410666656	1	823	G	T
D1_N1	0.0249687117027	1	1119	G	A
D1_N1	0.0251318888835	2	1182	A	T
D1_N1	0.0251839767859	2	361	C	T
D1_N1	0.0253231786267	2	1202	G	T
D1_N1	0.0260408715602	2	41	T	C
D1_N1	0.026260810143	2	687	A	G
D1_N1	0.0262923205229	1	1138	A	G
D1_N1	0.0264492197905	1	776	C	G
D1_N1	0.0266526898352	1	683	T	A
D1_N1	0.0268016954889	2	1097	G	A
D1_N1	0.02698574527	1	979	G	A
D1_N1	0.0275721095846	2	381	T	G
D1_N1	0.0290271117743	1	194	G	A
D1_N1	0.0293302159497	1	1006	C	T
D1_N1	0.0295691213176	1	983	T	G
D1_N1	0.0296518661111	1	684	C	T
D1_N1	0.0301080785959	1	581	G	A
D1_N1	0.0302577555623	1	608	T	A
D1_N1	0.0302813479338	2	400	A	G
D1_N1	0.030485261481	1	385	G	C
D1_N1	0.031035097669	2	282	T	A
D1_N1	0.0312175943547	1	261	C	G
D1_N1	0.0315812729112	2	791	A	T
D1_N1	0.0322379113097	2	493	T	A
D1_N1	0.0323016161081	1	144	A	C
D1_N1	0.0323491128585	1	199	T	A
D1_N1	0.0329087850875	2	834	C	T
D1_N1	0.0331306647353	2	1208	C	T
D1_N1	0.0332166979826	1	817	C	G
D1_N1	0.0334310513176	1	850	C	T
D1_N1	0.0334507402815	1	643	C	T
D1_N1	0.0336091962812	1	991	A	G
D1_N1	0.0336453817424	2	519	C	A
D1_N1	0.0337151163772	1	911	A	G
D1_N1	0.0338165048366	1	333	C	G
D1_N1	0.0340723136119	2	1141	C	T
D1_N1	0.034279096524	2	405	G	A
D1_N1	0.0345202463624	1	562	T	C
D1_N1	0.0349099947621	2	147	A	G
D1_N1	0.0353860356361	2	851	G	A
D1_N1	0.0354086996255	1	202	C	G
D1_N1	0.0355039699785	2	909	T	C
D1_N1	0.0358794412905	2	1012	G	T
D1_N1	0.0364614020664	2	953	A	T
D1_N1	0.0364764973968	2	1126	A	T
D1_N1	0.0372984421695	1	817	G	T
D1_N1	0.0383692852536	2	788	T	C
D1_N1	0.0390372556191	1	889	C	T
D1_N1	0.0399949276087	1	1058	C	A
D1_N1	0.0402829268999	1	313	T	A
D1_N1	0.0402940072129	1	821	G	T
D1_N1	0.0406165368674	2	61	T	C
D1_N1	0.0407814731321	1	1121	T	C
D1_N1	0.0410037271833	1	854	A	G
D1_N1	0.0424669742394	2	9	A	C
D1_N1	0.0431446918853	2	1112	T	A
D1_N1	0.0432693561674	2	1199	G	A
D1_N1	0.0437245973584	1	743	T	C
D1_N1	0.0443795227991	2	669	G	A
D1_N1	0.045241372797	1	843	C	T
D1_N1	0.046745077119	1	197	G	A
D1_N1	0.0468321471412	1	933	T	A
D1_N1	0.0474069999866	1	603	A	T
D1_N1	0.0476483574727	2	753	G	C
D1_N1	0.0476621044179	1	1211	C	T
D1_N1	0.0484271447988	1	642	G	A
D1_N1	0.0500061759722	1	257	A	G
D1_N1	0.0502125989947	1	609	A	T
D1_N1	0.050215364111	2	620	T	A
D1_N1	0.0502559887727	2	1012	T	C
D1_N1	0.0504633622593	1	173	G	C
D1_N1	0.0505930324544	1	694	A	G
D1_N1	0.0515456654815	2	1005	G	A
D1_N1	0.0517726270438	2	175	T	C
D1_N1	0.0518547637158	1	24	T	G
D1_N1	0.0521872378762	1	423	G	A
D1_N1	0.0541411815951	1	219	G	T
D1_N1	0.0546455389445	2	742	C	A
D1_N1	0.0547032088516	2	350	T	G
D1_N1	0.0551402297109	2	225	C	A
D1_N1	0.0555553223878	2	829	G	A
D1_N1	0.0557143205995	2	309	T	C
D1_N1	0.0559744254593	1	757	A	G
D1_N1	0.0566446116476	1	1193	A	G
D1_N1	0.0567491489391	1	768	A	G
D1_N1	0.0568846939362	1	1225	T	C
D1_N1	0.0570660190114	1	85	A	G
D1_N1	0.0572459508275	1	600	C	A
D1_N1	0.0575011587847	2	450	T	C
D1_N1	0.057614306453	1	946	C	T
D1_N1	0.0582688383332	2	653	T	A
D1_N1	0.059836648723	2	1112	A	G
D1_N1	0.059981865241	1	254	G	A
D1_N1	0.0613408699031	1	1074	A	C
D1_N1	0.0620189638655	1	257	G	A
D1_N1	0.0623045295599	1	907	T	A
D1_N1	0.0623241540034	1	439	C	A
D1_N1	0.0627410575479	1	568	A	G
D1_N1	0.0629544174732	2	169	A	C
D1_N1	0.0635015128147	1	43	T	A
D1_N1	0.0637520293025	2	216	T	C
D1_N1	0.0637688393896	2	288	T	G
D1_N1	0.0639362562183	1	362	C	A
D1_N1	0.063990438324	1	301	T	C
D1_N1	0.064378968279	1	287	G	A
D1_N1	0.0650133207786	2	372	A	T
D1_N1	0.0659722070267	2	488	T	C
D1_N1	0.0671945914293	2	657	A	G
D1_N1	0.0677920603461	2	1070	C	T
D1_N1	0.068026239085	2	415	A	C
D1_N1	0.0680559433495	1	669	G	A
D1_N1	0.0681086531404	2	506	C	T
D1_N1	0.0681602243181	1	203	T	G
D1_N1	0.0685861390201	2	202	C	G
D1_N1	0.0691583611679	1	378	A	G
D1_N1	0.0694488481536	2	592	A	C
D1_N1	0.0698454023269	2	179	C	A
D1_N1	0.0699942494531	1	199	A	G
D1_N1	0.0702970548025	1	37	A	G
D1_N1	0.0712594203848	2	540	C	T
D1_N1	0.0718960492215	2	341	T	A
D1_N1	0.0721468271016	2	1172	G	A
D1_N1	0.0726110086415	1	811	A	T
D1_N1	0.0726406595586	2	469	A	G
D1_N1	0.0734804479854	2	495	C	A
D1_N1	0.0735712601181	2	875	A	G
D1_N1	0.0746535395157	1	887	T	C
D1_N1	0.0752904102518	1	205	G	A
D1_N1	0.0753812377264	2	412	T	C
D1_N1	0.0757458170622	2	770	A	G
D1_N1	0.0762773401408	2	1018	C	A
D1_N1	0.0770328915523	1	230	A	C
D1_N1	0.0777686962478	2	57	T	A
D1_N1	0.0778545595099	2	868	C	T
D1_N1	0.0779912208022	1	537	T	A
D1_N1	0.0780587387414	2	910	T	G
D1_N1	0.0795035181782	1	696	G	T
D1_N1	0.0795526841297	2	831	T	A
D1_N1	0.079804873396	1	993	T	C
D1_N1	0.0805000041874	1	234	T	C
D1_N1	0.0814124253268	1	576	C	T
D1_N1	0.081585353264	2	842	T	A
D1_N1	0.0817626098968	1	1068	T	A
D1_N1	0.0818560477362	1	819	C	A
D1_N1	0.0828821504952	1	79	G	A
D1_N1	0.0835000699863	2	688	G	A
D1_N1	0.0836534012216	2	542	A	G
D1_N1	0.083674070003	1	26	G	C
D1_N1	0.0840819191778	2	984	A	C
D1_N1	0.084713123096	2	1166	T	A
D1_N1	0.0848940355764	1	1102	A	T
D1_N1	0.0849443464769	2	629	A	G
D1_N1	0.0854054073393	2	870	C	T
D1_N1	0.085583952709	1	932	A	C
D1_N1	0.0859795179532	2	822	G	T
D1_N1	0.0865927268571	2	785	C	A
D1_N1	0.0866078088777	2	539	C	T
D1_N1	0.0866886297654	1	483	G	T
D1_N1	0.0898868766103	2	794	C	T
D1_N1	0.0899685200861	1	420	G	A
D1_N1	0.0902019286715	2	270	C	A
D1_N1	0.0903011227094	2	36	A	G
D1_N1	0.09069188764	2	149	T	G
D1_N1	0.0906933527532	1	660	A	C
D1_N1	0.0912098083907	2	1084	G	T
D1_N1	0.0912624967493	2	58	C	G
D1_N1	0.0915018490141	2	815	T	A
D1_N1	0.0917906771696	2	189	C	T
D1_N1	0.0921318184226	1	477	C	G
D1_N1	0.0923832141728	1	50	A	T
D1_N1	0.0937695476372	1	1176	T	C
D1_N1	0.0942595720258	2	227	A	G
D1_N1	0.094613087148	2	408	C	T
D1_N1	0.0946778272906	1	623	T	G
D1_N1	0.094860543549	2	247	A	G
D1_N1	0.0949327851144	2	701	C	T
D1_N1	0.0950570348696	1	940	C	G
D1_N1	0.0953349299444	1	787	G	T
D1_N1	0.0955343969302	1	457	G	C
D1_N1	0.0956903103317	2	767	A	G
D1_N1	0.0960618666902	1	200	T	G
D1_N1	0.0968454080743	2	767	G	T
D1_N1	0.097351756782	2	1012	C	T
D1_N1	0.0979541710686	1	568	G	C
D1_N1	0.0981026616479	2	1165	C	A
D1_N1	0.0986992536448	1	686	C	A
D1_N1	0.0994804439983	2	1180	C	T
D1_N1	0.100268201051	1	1079	C	T
D1_N1	0.100666632764	1	1171	A	T
D1_N1	0.101051058252	2	294	A	T
D1_N1	0.101502380189	2	583	A	C
D1_N1	0.103612478882	1	1142	T	G
D1_N1	0.104527495451	2	1093	T	C
D1_N1	0.104816971106	1	710	C	T
D1_N1	0.105494425045	1	1217	A	G
D1_N1	0.105874989589	2	1073	A	T
D1_N1	0.106071656984	2	271	A	G
D1_N1	0.106078521614	1	919	T	C
D1_N1	0.106169912634	2	666	C	T
D1_N1	0.10688020164	2	1047	A	T
D1_N1	0.107540198598	1	150	T	C
D1_N1	0.107806335112	1	686	A	C
D1_N1	0.108307640797	2	795	C	T
D1_N1	0.109218695641	2	687	G	T
D1_N1	0.109450174525	2	1134	C	T
D1_N1	0.110037824282	1	328	G	T
D1_N1	0.110226512006	2	912	T	A
D1_N1	0.110644761431	2	677	A	G
D1_N1	0.110711742235	1	131	C	T
D1_N1	0.110862618762	2	350	G	A
D1_N1	0.111324039858	1	107	G	A
D1_N1	0.112512129883	2	769	A	C
D1_N1	0.112901642772	2	416	C	T
D1_N1	0.112964296323	1	706	A	G
D1_N1	0.112990339291	2	703	T	C
D1_N1	0.113846115622	1	85	G	A
D1_N1	0.113953671462	1	952	C	T
D1_N1	0.114053348966	1	261	G	C
D1_N1	0.114322012417	1	1121	C	A
D1_N1	0.115232636643	1	1072	C	G
D1_N1	0.115498510622	1	655	G	A
D1_N1	0.115693614927	2	556	C	G
D1_N1	0.115838703144	1	55	A	G
D1_N1	0.115840248982	1	1076	A	G
D1_N1	0.116136977416	1	252	G	T
D1_N1	0.11657811507	2	194	C	A
D1_N1	0.117354627457	2	581	G	T
D1_N1	0.117441814752	2	502	G	A
D1_N1	0.118710235889	1	857	G	T
D1_N1	0.118853665292	2	530	C	T
D1_N1	0.119552984037	1	222	A	G
D1_N1	0.121085858804	1	1120	T	C
D1_N1	0.121947600567	1	726	C	A
D1_N1	0.122044425917	2	608	T	C
D1_N1	0.122066608037	1	903	C	A
D1_N1	0.122194840976	2	378	A	T
D1_N1	0.122421089245	2	201	G	T
D1_N1	0.122906938539	1	826	A	G
D1_N1	0.123589533826	2	810	A	G
D1_N1	0.124028655781	2	801	T	G
D1_N1	0.124313872606	1	756	T	G
D1_N1	0.12433300743	2	834	T	C
D1_N1	0.12465212661	2	302	G	C
D1_N1	0.126528454382	2	1022	A	G
D1_N1	0.126771677912	1	882	C	T
D1_N1	0.127272350487	1	214	A	G
D1_N1	0.127513573473	2	272	C	T
D1_N1	0.127911048823	2	943	C	T
D1_N1	0.128064342503	1	1092	T	C
D1_N1	0.128544499829	2	624	A	T
D1_N1	0.129061252371	2	1118	T	C
D1_N1	0.129627839532	2	631	G	C
D1_N1	0.129966362303	1	197	A	T
D1_N1	0.130235958096	2	843	C	T
D1_N1	0.130374143313	2	247	G	T
D1_N1	0.131021602855	2	475	A	T
D1_N1	0.131307299088	1	1187	G	A
D1_N1	0.132111601968	2	1195	G	A
D1_N1	0.132573685675	2	373	C	A
D1_N1	0.132632556717	1	526	T	G
D1_N1	0.132783461169	1	635	T	A
D1_N1	0.133179137694	2	57	A	G
D1_N1	0.133439775615	1	862	T	C
D1_N1	0.133500862259	1	3	C	A
D1_N1	0.13352987325	2	690	A	T
D1_N1	0.133658634446	1	813	A	T
D1_N1	0.134259478877	2	1008	T	C
D1_N1	0.134394940617	1	408	C	T
D1_N1	0.134661993729	1	865	T	C
D1_N1	0.134832012463	1	923	C	G
D1_N1	0.135915815782	2	1064	C	T
D1_N1	0.136731932407	2	843	T	A
D1_N1	0.137012298088	1	795	C	T
D1_N1	0.137457954132	1	113	C	G
D1_N1	0.137762850243	1	211	G	A
D1_N1	0.138357743428	1	481	T	C
D1_N1	0.138562523854	1	1121	A	G
D1_N1	0.138752193028	1	983	G	A
D1_N1	0.139308858696	2	686	C	T
D1_N1	0.140284177358	1	104	G	A
D1_N1	0.14045170406	1	42	T	G
D1_N1	0.141191240573	2	204	A	C
D1_N1	0.141368007296	1	1130	A	C
D1_N1	0.141582713144	2	1180	T	A
D1_N1	0.142502244007	2	790	T	A
D1_N1	0.143018194542	1	253	G	T
D1_N1	0.143741356351	1	1231	A	G
D1_N1	0.143958803809	2	946	C	T
D1_N1	0.144505484455	2	870	T	C
D1_N1	0.144940115487	1	440	A	T
D1_N1	0.145029147989	2	902	C	T
D1_N1	0.145411618888	1	481	C	A
D1_N1	0.145681363984	1	146	T	C
D1_N1	0.146994223655	1	107	A	T
D1_N1	0.147157344025	1	1123	C	G
D1_N1	0.147304330514	1	780	A	T
D1_N1	0.147751639258	2	1011	A	G
D1_N1	0.148788262238	2	218	A	T
D1_N1	0.149049052466	1	1011	A	T
D1_N1	0.149292459143	2	166	C	G
D1_N1	0.149469156454	2	775	G	T
D1_N1	0.149644486662	1	503	C	T
D1_N1	0.150098841329	2	824	T	G
D1_N1	0.150852683442	2	692	C	T
D1_N1	0.151200091979	1	232	G	C
D1_N1	0.151565323932	2	386	A	G
D1_N1	0.151571348179	2	184	A	C
D1_N1	0.151889207713	2	581	T	A
D1_N1	0.15190580444	1	844	T	C
D1_N1	0.152414370925	1	500	T	G
D1_N1	0.15286753502	1	629	A	G
D1_N1	0.153434995818	2	598	C	T
D1_N1	0.153454878316	2	124	T	A
D1_N1	0.153488770747	2	500	T	C
D1_N1	0.153523914508	2	389	C	T
D1_N1	0.153792228227	2	1231	A	T
D1_N1	0.153846852793	2	453	G	C
D1_N1	0.153872719123	1	1217	G	A
D1_N1	0.154002620229	1	741	C	T
D1_N1	0.154456753173	1	837	A	G
D1_N1	0.154873115639	2	859	A	G
D1_N1	0.155268274998	1	479	T	A
D1_N1	0.155858817905	2	563	T	G
D1_N1	0.155989244461	1	908	T	C
D1_N1	0.156178687824	2	50	A	T
D1_N1	0.15717949302	2	317	T	G
D1_N1	0.157283479614	1	55	G	T
D1_N1	0.157316507687	2	806	C	A
D1_N1	0.157476164146	2	686	T	A
D1_N1	0.157827544044	1	94	A	C
D1_N1	0.159132929089	1	834	C	T
D1_N1	0.159260280302	1	189	C	G
D1_N1	0.159475649769	1	34	G	T
D1_N1	0.159519511474	2	1170	G	C
D1_N1	0.159599993729	1	667	G	A
D1_N1	0.160579093936	2	161	C	T
D1_N1	0.161286398405	2	41	C	T
D1_N1	0.161578551308	2	867	C	T
D1_N1	0.162833519641	2	1146	C	T
D1_N1	0.163055384734	1	344	A	T
D1_N1	0.164525183682	1	494	C	A
D1_N1	0.164666696604	1	343	C	T
D1_N1	0.165245779154	2	958	T	A
D1_N1	0.165734053201	1	782	A	C
D1_N1	0.165783550458	2	398	T	A
D1_N1	0.166489160329	2	688	A	T
D1_N1	0.166634073574	1	1006	T	A
D1_N1	0.166970178819	2	283	A	T
D1_N1	0.168060551489	1	820	C	G
D1_N1	0.168608608946	1	716	C	T
D1_N1	0.16892744673	1	150	C	T
D1_N1	0.168961367263	2	347	A	C
D1_N1	0.16929057548	2	86	C	T
D1_N1	0.169567175387	2	254	G	A
D1_N1	0.169790793973	1	51	A	T
D1_N1	0.169925339095	1	12	C	T
D1_N1	0.170645292613	1	156	A	C
D1_N1	0.170770808389	1	890	G	A
D1_N1	0.170773907641	2	1008	C	A
D1_N1	0.170852310509	1	1119	A	G
D1_N1	0.170955799884	2	906	A	T
D1_N1	0.172511957653	1	568	C	A
D1_N1	0.172558421863	2	158	A	T
D1_N1	0.172619895222	2	1007	G	T
D1_N1	0.173407665843	1	758	A	G
D1_N1	0.173766572633	1	901	C	T
D1_N1	0.174659242583	2	1114	G	A
D1_N1	0.174759007629	1	254	A	C
D1_N1	0.175149419943	2	1010	C	A
D1_N1	0.175810494822	1	466	T	A
D1_N1	0.175997326011	2	226	T	G
D1_N1	0.176550859572	1	473	T	C
D1_N1	0.177439593873	2	367	A	T
D1_N1	0.177742975338	1	254	C	T
D1_N1	0.177755384969	1	280	T	G
D1_N1	0.178064689317	1	1045	T	A
D1_N1	0.178198445231	2	538	G	A
D1_N1	0.17869035411	1	350	T	C
D1_N1	0.179028081033	1	1074	C	T
D1_N1	0.179143933604	2	808	T	A
D1_N1	0.179759257841	1	702	C	T
D1_N1	0.179975367439	2	974	A	T
D1_N1	0.180273453727	1	1120	C	T
D1_N1	0.180755858433	1	1188	A	G
D1_N1	0.180901052662	1	259	C	T
D1_N1	0.181131275771	1	496	A	G
D1_N1	0.181193755245	1	852	A	T
D1_N1	0.18208200803	1	1173	G	A
D1_N1	0.182299678026	1	17	G	T
D1_N1	0.18301522828	1	1169	G	T
D1_N1	0.183390550889	2	191	A	G
D1_N1	0.183829680314	1	851	G	C
D1_N1	0.184617920914	1	535	T	C
D1_N1	0.184932815373	2	572	T	C
D1_N1	0.185512111015	2	997	A	T
D1_N1	0.185518940579	1	741	T	C
D1_N1	0.185843299322	2	486	T	G
D1_N1	0.186321598393	1	467	C	T
D1_N1	0.186372835109	2	773	T	G
D1_N1	0.186411407159	2	1220	G	A
D1_N1	0.18693639134	2	1150	T	C
D1_N1	0.187101724497	2	696	A	G
D1_N1	0.187222780879	1	503	T	C
D1_N1	0.187435763484	1	823	T	C
D1_N1	0.187573326965	2	562	T	C
D1_N1	0.187703036081	2	274	C	T
D1_N1	0.188261584446	2	217	G	A
D1_N1	0.188514110882	1	1038	G	T
D1_N1	0.189058362968	1	1225	C	A
D1_N1	0.189848835037	1	1158	A	G
D1_N1	0.190895793315	2	185	A	G
D1_N1	0.191028670721	2	621	C	A
D1_N1	0.193323482962	1	39	A	T
D1_N1	0.194173863704	1	355	C	G
D1_N1	0.195246962182	2	524	C	A
D1_N1	0.198552393969	2	727	G	C
D1_N1	0.198763531557	1	1175	C	A
D1_N1	0.198816783167	2	737	C	G
D1_N1	0.198955386782	1	525	G	C
D1_N1	0.199631712695	1	525	C	G
D1_N1	0.199812789749	2	358	G	A
D1_N1	0.200692111729	1	57	T	A
D1_N1	0.200898229233	1	1158	G	C
D1_N1	0.201586742373	2	964	C	A
D1_N1	0.201840103156	1	162	G	A
D1_N1	0.202086079749	1	801	T	C
D1_N1	0.202231819176	2	179	A	C
D1_N1	0.203293420489	1	665	A	G
D1_N1	0.204018410399	2	682	T	A
D1_N1	0.204260419737	2	395	C	T
D1_N1	0.204279358102	2	867	T	A
D1_N1	0.204532751543	2	462	A	T
D1_N1	0.204689826843	2	461	C	T
D1_N1	0.204977754628	2	470	A	C
D1_N1	0.20499821036	1	1160	A	G
D1_N1	0.205058900254	1	151	A	T
D1_N1	0.205112215497	1	86	C	T
D1_N1	0.205176376326	2	155	G	A
D1_N1	0.205620701301	1	417	T	C
D1_N1	0.206325856955	2	237	G	C
D1_N1	0.2070660134	1	558	G	T
D1_N1	0.20727508275	1	838	G	T
D1_N1	0.207287672333	1	825	T	A
D1_N1	0.207487316576	2	1050	T	C
D1_N1	0.208317761343	1	833	C	T
D1_N1	0.208844401059	1	121	G	T
D1_N1	0.208907446377	1	651	T	C
D1_N1	0.209209337761	2	337	G	T
D1_N1	0.209592060563	2	368	T	C
D1_N1	0.209736075148	2	1042	A	G
D1_N1	0.210011696353	1	772	T	G
D1_N1	0.210749935842	1	262	G	C
D1_N1	0.210820393058	2	159	G	A
D1_N1	0.210887671892	2	1138	G	C
D1_N1	0.211013311921	1	378	G	A
D1_N1	0.211098953688	2	434	T	G
D1_N1	0.211156787429	1	626	A	G
D1_N1	0.212017213867	2	495	A	C
D1_N1	0.212146460477	1	1029	C	A
D1_N1	0.212554643013	1	208	G	T
D1_N1	0.21271931851	1	218	A	G
D1_N1	0.213580047953	1	82	G	T
D1_N1	0.213862863435	1	1067	G	T
D1_N1	0.214549965714	1	756	G	C
D1_N1	0.21543220294	1	1042	A	T
D1_N1	0.215786309757	2	443	G	T
D1_N1	0.216899386696	2	771	A	T
D1_N1	0.218040111048	2	842	A	C
D1_N1	0.218212642475	2	543	C	G
D1_N1	0.218826724703	1	968	T	C
D1_N1	0.219172242857	2	484	A	G
D1_N1	0.219379210202	1	560	A	G
D1_N1	0.219495313786	1	979	A	C
D1_N1	0.219981610466	2	384	C	A
D1_N1	0.220480009726	2	274	T	C
D1_N1	0.220509581517	2	171	A	G
D1_N1	0.220753372617	1	331	T	C
D1_N1	0.221266930985	1	308	G	T
D1_N1	0.221278054294	1	1161	T	C
D1_N1	0.222064501235	1	1231	G	T
D1_N1	0.224477210262	1	992	A	G
D1_N1	0.224995105684	1	1196	G	C
D1_N1	0.225019121094	2	329	G	A
D1_N1	0.225688579826	1	532	G	A
D1_N1	0.225850003362	2	19	A	G
D1_N1	0.227217863649	1	495	C	T
D1_N1	0.227433798074	2	344	A	T
D1_N1	0.228256066128	1	907	A	G
D1_N1	0.228322753231	2	1008	A	T
D1_N1	0.228511054823	1	364	G	A
D1_N1	0.228526011601	1	891	G	A
D1_N1	0.229433994087	2	1046	G	A
D1_N1	0.229887312738	1	395	C	T
D1_N1	0.230181428578	2	353	G	T
D1_N1	0.230628841424	2	335	T	C
D1_N1	0.230719274475	2	623	G	C
D1_N1	0.231702365411	2	891	G	A
D1_N1	0.231872806654	2	86	T	A
D1_N1	0.231899852752	1	11	G	A
D1_N1	0.232005738254	1	626	G	T
D1_N1	0.232199026636	1	174	C	T
D1_N1	0.232278164258	1	738	A	G
D1_N1	0.232386348712	1	594	A	G
D1_N1	0.233515244331	1	254	T	G
D1_N1	0.233607833238	1	481	T	C
D1_N1	0.233836767585	1	1027	C	T
N1_N2	4.34651251463e-05	1	19	A	C
N1_N2	0.000640314992375	1	645	T	A
N1_N2	0.00149802578395	2	404	T	C
N1_N2	0.0023652681345	2	573	T	A
N1_N2	0.0026182670344	2	250	G	T
N1_N2	0.00311090647369	2	881	A	G
N1_N2	0.00326202822463	1	302	G	T
N1_N2	0.00345568500335	2	1205	G	A
N1_N2	0.00353518468129	2	754	C	T
N1_N2	0.00374289488559	1	851	C	T
N1_N2	0.00434231095147	1	943	C	G
N1_N2	0.00464365500713	1	1183	A	G
N1_N2	0.00478531534316	2	1193	A	C
N1_N2	0.00483868884452	2	220	C	T
N1_N2	0.00654442040167	1	707	A	T
N1_N2	0.00663001043026	2	813	G	A
N1_N2	0.00697759651548	2	1170	C	T
N1_N2	0.00723121083952	1	673	T	C
N1_N2	0.0073986414167	2	873	A	T
N1_N2	0.007886943956	1	765	A	G
N1_N2	0.00889828995369	2	832	C	G
N1_N2	0.00892441752879	1	200	G	A
N1_N2	0.00898871670009	2	694	C	T
N1_N2	0.00969117540971	2	906	T	A
N1_N2	0.0101221183531	2	1	T	C
N1_N2	0.0113435646574	1	902	C	T
N1_N2	0.0117222302279	1	822	G	A
N1_N2	0.0132371583951	1	1187	A	G
N1_N2	0.0134106411718	2	222	G	A
N1_N2	0.0135639650538	2	231	A	C
N1_N2	0.0136964554613	2	982	A	T
N1_N2	0.0146362447082	2	749	C	G
N1_N2	0.0149138934351	2	793	A	G
N1_N2	0.0150310711922	1	644	T	G
N2_N3	3.61696402044e-05	1	764	T	C
N2_N3	0.000823386905678	2	436	A	T
N2_N3	0.000915121947134	1	231	G	T
N2_N3	0.000921519379607	1	499	G	T
N2_N3	0.00152013475247	1	695	A	G
N2_N3	0.00154836442364	1	575	T	C
N2_N3	0.00179662829298	2	1044	C	T
N2_N3	0.00190016632613	2	1147	T	C
N2_N3	0.00230503613529	1	632	A	G
N2_N3	0.00251805627606	2	380	G	A
N2_N3	0.0035738909817	1	1216	A	G
N2_N3	0.00364627217478	1	239	T	C
N2_N3	0.00566941556817	1	860	G	T
N2_N3	0.00607433652111	2	157	T	A
N2_N3	0.00701307963555	1	413	A	C
N3_N4	0.00164939459171	2	685	T	G
N3_N4	0.00169860390402	1	368	T	C
N3_N4	0.00258783735577	1	728	G	A
N3_N4	0.00385231914288	2	453	C	T
N3_N4	0.00393831533487	2	1138	C	A
N3_N4	0.00446923861812	2	1048	T	C
N3_N4	0.00463128218568	1	1159	G	C
N3_N4	0.00476891581087	2	1033	T	C
N3_N4	0.00489553123775	1	594	G	A
N3_N4	0.00491442290233	1	32	C	T
N3_N4	0.005327209024	1	758	G	T
N3_N4	0.00580974969085	1	376	T	A
N3_N4	0.00644093279491	2	386	G	T
N3_N4	0.0067287984615	2	529	A	C
N3_N4	0.00688730324375	2	612	T	G
N3_N4	0.0075031752526	2	330	G	A
N3_N4	0.00770820048178	1	539	C	T
N3_N4	0.00796150361559	1	1115	G	T
N3_N4	0.00875983093482	1	93	A	T
N4_Human	0.000193563879556	1	662	A	T
N4_Human	0.00144621419602	1	601	A	G
N4_Human	0.00192826047207	1	948	T	C
N4_Human	0.00238583338551	2	1031	G	A
N4_Human	0.00245330259211	1	189	G	A
N4_Human	0.00267753008237	1	894	A	G
N4_Human	0.00295335452422	1	995	T	C
N4_Human	0.00350366133875	2	52	A	T
N4_Human	0.00417654512159	2	870	C	A
N4_Human	0.00457590882437	1	1075	G	T
N4_Human	0.0048116931166	2	580	T	G
N4_Human	0.0049204427283	1	362	A	C
N4_Human	0.00526287667378	1	771	A	G
N4_Human	0.00540426906845	1	1140	A	G
N4_Human	0.00552548235806	1	262	C	A
N4_Human	0.00563103095149	2	425	A	G
N4_Human	0.00582678349455	1	743	C	T
N4_Human	0.0059408140416	1	1167	T	C
N4_Human	0.00601631933278	1	191	A	G
N4_Human	0.0067026003384	1	544	A	G
N4_Human	0.0072608748255	2	88	T	C
N4_Human	0.00768679189149	2	816	T	C
N4_Human	0.00776017880438	1	314	A	C
N4_Human	0.00848586425143	1	191	G	A
N4_Human	0.00877584227866	2	33	A	G
N4_Human	0.00981466895184	1	971	C	T
N4_Human	0.00999313174429	2	254	A	T
N4_Human	0.00999866537922	2	1003	G	A
N4_Chimp	9.19008420102e-05	1	511	T	A
N4_Chimp	0.000100876190651	2	392	G	C
N4_Chimp	0.00036864950134	2	992	A	T
N4_Chimp	0.000396894446854	1	269	T	A
N4_Chimp	0.000573773732927	2	887	T	A
N4_Chimp	0.000650736035012	1	373	C	A
N4_Chimp	0.00160089072414	2	610	A	G
N4_Chimp	0.00218727692974	2	1108	C	T
N4_Chimp	0.00242099062911	1	165	A	T
N4_Chimp	0.00267497514283	2	356	G	T
N4_Chimp	0.00277018569226	1	263	A	G
N4_Chimp	0.0030135865341	1	876	T	A
N4_Chimp	0.00306863906179	1	449	C	T
N4_Chimp	0.00308530239116	1	341	T	G
N4_Chimp	0.00325315870543	2	949	T	G
N4_Chimp	0.00342475261636	2	668	C	A
N4_Chimp	0.00358282193348	2	1085	A	G
N4_Chimp	0.00374511697058	1	291	C	A
N4_Chimp	0.00384123414547	2	832	G	C
N4_Chimp	0.00505671247812	2	747	T	C
N4_Chimp	0.00511104850199	2	202	G	A
N4_Chimp	0.00535331593996	2	1000	C	T
N4_Chimp	0.00598859201867	2	371	G	A
N4_Chimp	0.00691314207887	1	617	G	T
N4_Chimp	0.00798737128774	1	497	T	G
N4_Chimp	0.00894320959889	1	772	G	A
N4_Chimp	0.00936197156385	2	388	T	A
N4_Chimp	0.00942439281988	2	272	T	C
N4_Chimp	0.0100440569637	2	1023	C	T
N3_Goril	9.1514376e-05	1	212	A	T
N3_Goril	0.000145962106157	2	718	T	G
N3_Goril	0.000211243872297	1	30	A	G
N3_Goril	0.000340841393353	2	390	A	G
N3_Goril	0.000838700185827	2	841	C	T
N3_Goril	0.00252547816942	1	136	G	A
N3_Goril	0.00301006054005	2	867	A	G
N3_Goril	0.00360682993711	1	720	C	T
N3_Goril	0.00367515509487	2	969	G	A
N3_Goril	0.00408853051331	2	309	C	A
N3_Goril	0.0054257968798	2	568	A	C
N3_Goril	0.00559551075185	2	778	G	A
N3_Goril	0.00661185207514	2	1183	A	G
N3_Goril	0.00802720154929	2	559	G	C
N3_Goril	0.00826715912129	1	821	T	G
N3_Goril	0.00863222538311	1	588	T	A
N3_Goril	0.00876091761273	1	782	C	A
N3_Goril	0.0103373731518	2	283	T	C
N3_Goril	0.0116672774187	1	753	G	A
N3_Goril	0.0118980559248	1	270	C	T
N3_Goril	0.0121594125604	1	519	T	A
N3_Goril	0.0126761412449	2	367	T	A
N3_Goril	0.013021982243	1	415	C	A
N3_Goril	0.013184832338	2	93	A	G
N3_Goril	0.013311689278	2	1060	T	G
N3_Goril	0.0137253216896	1	354	G	T
N3_Goril	0.0139094591225	1	385	C	A
N3_Goril	0.0143348423515	1	566	A	C
N3_Goril	0.0151467112525	2	147	G	T
N3_Goril	0.0153888756727	1	938	C	A
N3_Goril	0.0154769300004	1	851	T	A
N3_Goril	0.016036590036	1	1032	G	A
N3_Goril	0.0166651763607	2	344	T	C
N3_Goril	0.0172751869925	1	551	T	G
N3_Goril	0.0177062731425	2	442	A	C
N3_Goril	0.0181226248069	1	563	T	C
N3_Goril	0.0182130855666	1	114	A	G
N3_Goril	0.0183581408747	2	625	T	A
N3_Goril	0.019347120173	2	611	C	G
N3_Goril	0.0194826701351	1	985	C	G
N3_Goril	0.0195215776511	1	993	C	A
N2_Orang	0.000905958388994	1	692	C	T
N2_Orang	0.00101575663303	1	163	G	A
N2_Orang	0.00113795377952	1	15	T	G
N2_Orang	0.00205967102387	1	621	C	T
N2_Orang	0.00218310261946	2	204	C	T
N2_Orang	0.00238210220566	1	512	T	C
N2_Orang	0.00298958825818	2	888	A	T
N2_Orang	0.00345949635104	1	686	C	T
N2_Orang	0.00448095039905	2	477	C	T
N2_Orang	0.00464085369828	2	740	C	G
N2_Orang	0.00526593332486	1	640	C	T
N2_Orang	0.00627817673403	2	758	A	G
N2_Orang	0.00756804152052	1	1082	G	C
N2_Orang	0.0076370446339	1	1042	T	A
N2_Orang	0.00851561997524	2	626	A	T
N2_Orang	0.0085732014448	2	555	C	T
N2_Orang	0.0086884479331	2	918	A	G
N2_Orang	0.0106557239379	1	1031	G	A
N2_Orang	0.0107066995956	1	423	A	G
N2_Orang	0.0108295240682	2	130	T	C
N2_Orang	0.0108299506963	2	1094	C	T
N2_Orang	0.0112913568686	2	532	G	A
N2_Orang	0.0119185549747	1	1085	A	T
N2_Orang	0.0120138749062	1	769	A	C
N2_Orang	0.0120411525411	2	1041	A	T
N2_Orang	0.012267851416	2	36	A	G
N2_Orang	0.0124295670097	2	572	C	T
N2_Orang	0.0129883133977	1	1131	A	C
N2_Orang	0.013524947746	2	13	T	C
N2_Orang	0.0137663289957	1	302	T	C
N2_Orang	0.0138988646858	1	96	G	A
N2_Orang	0.0143845869318	1	636	C	T
N2_Orang	0.0144634245646	1	1013	A	C
N2_Orang	0.0145227674341	2	1025	G	A
N2_Orang	0.0151403371625	2	305	A	G
N2_Orang	0.015249475329	1	423	G	C
N2_Orang	0.0154000445355	2	1039	T	A
N2_Orang	0.0154528388383	1	211	A	G
N2_Orang	0.015828310256	2	640	C	T
N2_Orang	0.0159057991043	2	309	C	T
N2_Orang	0.0163934578674	1	38	C	T
N2_Orang	0.0170069451124	2	573	A	G
N2_Orang	0.0180540154576	1	550	G	A
N2_Orang	0.0184799048698	2	143	A	T
N1_Macaq	0.000673571204778	1	507	T	A
N1_Macaq	0.00164648909828	1	1201	C	A
N1_Macaq	0.00171931970605	2	1085	A	G
N1_Macaq	0.00207929716791	1	1115	G	A
N1_Macaq	0.00223904436457	1	295	A	T
N1_Macaq	0.00225077375079	2	567	A	G
N1_Macaq	0.00234713198916	2	284	T	G
N1_Macaq	0.00296254755339	2	449	C	T
N1_Macaq	0.00327511855788	2	888	A	G
N1_Macaq	0.0034052476641	1	204	C	A
N1_Macaq	0.00360247924907	2	379	A	T
N1_Macaq	0.00459484674299	2	217	A	T
N1_Macaq	0.00494159520622	1	589	A	G
N1_Macaq	0.00567837661652	1	584	C	G
N1_Macaq	0.00572402512496	1	1009	C	T
N1_Macaq	0.00604614460677	2	501	C	A
N1_Macaq	0.0064884337593	2	57	G	C
N1_Macaq	0.0066632875961	2	354	G	A
N1_Macaq	0.00671031056417	1	1157	A	G
N1_Macaq	0.00678644347702	1	899	T	C
N1_Macaq	0.00846595069888	1	66	T	G
N1_Macaq	0.0084770027546	1	362	A	G
N1_Macaq	0.00875943576877	1	230	C	G
N1_Macaq	0.00884667325194	2	516	A	C
N1_Macaq	0.00889586456117	2	69	G	A
N1_Macaq	0.00973561049948	2	851	A	G
N1_Macaq	0.00975173936045	2	893	T	A
N1_Macaq	0.0102454763841	2	971	C	T
N1_Macaq	0.010725737679	1	14	T	C
N1_Macaq	0.0117432876715	2	626	A	T
N1_Macaq	0.0119890690495	2	613	T	G
N1_Macaq	0.0134818963131	2	299	T	A
N1_Macaq	0.0139089495055	1	1208	C	A
N1_Macaq	0.0141704887328	1	692	C	T
N1_Macaq	0.0148670249011	1	846	C	A
N1_Macaq	0.0151559878411	2	864	T	C
N1_Macaq	0.0152621394418	1	1173	G	T
N1_Macaq	0.0152969512158	1	94	C	G
N1_Macaq	0.0155663369803	1	1177	C	A
N1_Macaq	0.0157792412907	1	371	G	A
N1_Macaq	0.0160913877477	2	415	C	T
N1_Macaq	0.0165554738702	2	139	G	A
N1_Macaq	0.0166394401867	2	30	A	G
N1_Macaq	0.0168975261184	2	398	A	T
N1_Macaq	0.0171327732591	2	146	T	A
N1_Macaq	0.0176163472161	1	315	C	A
N1_Macaq	0.0177324950812	1	674	C	A
N1_Macaq	0.0181827809666	1	1121	G	T
N1_Macaq	0.0188309071189	2	138	T	G
N1_Macaq	0.0199317449125	1	1210	T	C
N1_Macaq	0.0204407863	1	1225	A	G
N1_Macaq	0.0206409291226	1	397	A	G
N1_Macaq	0.0215719171074	1	675	T	G
N1_Macaq	0.0216011574397	2	34	G	A
N1_Macaq	0.022017552029	1	435	T	A
N1_Macaq	0.0230988880568	1	769	A	C
N1_Macaq	0.0233053353743	1	639	A	G
N1_Macaq	0.0233078269076	1	242	G	T
N1_Macaq	0.0235399212884	1	1105	T	C
N1_Macaq	0.0244602600368	1	875	A	G
N1_Macaq	0.0246085113046	2	733	A	G
N1_Macaq	0.0249390982871	2	820	C	G
N1_Macaq	0.0249900595071	1	619	G	C
N1_Macaq	0.0257043520202	1	691	G	A
N1_Macaq	0.0258853046279	1	159	G	C
N1_Macaq	0.0264512720359	1	326	C	T
N1_Macaq	0.0272895826648	1	1101	G	A
N1_Macaq	0.0274590589673	2	486	G	A
N1_Macaq	0.0275041954661	1	697	G	T
N1_Macaq	0.0275574908768	1	632	A	G
N1_Macaq	0.027712276275	2	2	C	A
N1_Macaq	0.0278987886315	1	631	G	C
N1_Macaq	0.0279400074503	2	50	T	C
N1_Macaq	0.0284490661502	2	1207	C	T
N1_Macaq	0.0285421725461	1	797	G	T
N1_Macaq	0.028563167323	1	1220	G	C
N1_Macaq	0.0291121025073	2	524	A	G
N1_Macaq	0.031382740097	2	11	G	T
N1_Macaq	0.0318830206544	2	992	A	C
N1_Macaq	0.0322742782414	2	258	A	C
N1_Macaq	0.032297307407	1	1073	A	G
N1_Macaq	0.0333194967193	1	461	C	T
N1_Macaq	0.0334213968757	2	673	T	G
N1_Macaq	0.0337019366978	1	891	A	T
N1_Macaq	0.0339412478708	2	38	C	G
N1_Macaq	0.0340944702114	2	969	G	A
N1_Macaq	0.0343150102707	2	136	C	T
N1_Macaq	0.035055520682	1	801	C	A
N1_Macaq	0.0352445418373	2	1037	T	C
N1_Macaq	0.0361187861338	1	91	T	C
N1_Macaq	0.036198648864	1	1090	A	T
N1_Macaq	0.0366340674079	1	226	T	A
N1_Macaq	0.0373112329172	2	1234	T	G
N1_Macaq	0.0376624215566	1	964	C	T
N1_Macaq	0.0377016986667	1	1009	T	A
N1_Macaq	0.0386743856411	2	1181	T	A
N1_Macaq	0.0390977398778	1	257	A	T
N1_Macaq	0.0392033868473	2	736	T	C
N1_Macaq	0.0393011027418	1	599	C	T
N1_Macaq	0.0394818484828	1	429	T	C
N1_Macaq	0.0395515696259	1	860	G	T
N1_Macaq	0.039557506829	1	683	A	T
N1_Macaq	0.0401030492477	2	256	T	G
N1_Macaq	0.0404740639407	2	367	T	G
N1_Macaq	0.0406498784506	2	1000	C	T
N1_Macaq	0.0408336968387	2	37	G	A
N1_Macaq	0.0408351922439	2	728	G	A
N1_Macaq	0.0409179153986	2	214	A	T
N1_Macaq	0.0409398640666	1	823	C	G
N1_Macaq	0.0411618897383	1	166	C	T
N1_Macaq	0.0411873622037	1	499	G	A
N1_Macaq	0.0415129748705	2	647	T	C
N1_Macaq	0.0415581958407	1	785	C	T
N1_Macaq	0.041777884824	1	1012	G	A
N1_Macaq	0.0417932336511	1	1179	A	C
N1_Macaq	0.0417987472843	1	806	C	T
N1_Macaq	0.0419852025214	2	523	C	G
N1_Macaq	0.0421237310972	1	606	A	G
N1_Macaq	0.0422562872512	1	1065	A	T
N1_Macaq	0.0431330105611	1	1217	A	T
N1_Macaq	0.0436827044523	1	24	G	A
N0_Mouse	0.000164856412164	0	475	A	C
N0_Mouse	0.000318268666692	0	710	C	G
N0_Mouse	0.0019286522835	0	412	T	C
N0_Mouse	0.00199112365397	0	1082	G	C
N0_Mouse	0.00306635128983	0	986	A	T
N0_Mouse	0.00501838689876	0	124	T	A
N0_Mouse	0.00686093470615	0	571	A	C
N0_Mouse	0.00769164998344	0	101	T	A
N0_Mouse	0.00940534944713	0	729	G	T
N0_Mouse	0.00983029674934	0	866	G	A
N0_Mouse	0.00998437054733	0	641	A	G
N0_Mouse	0.010456882225	0	39	A	G
N0_Mouse	0.0109878128408	0	298	C	T
N0_Mouse	0.0124936933398	0	218	A	G
N0_Mouse	0.0130485328355	0	1195	G	A
N0_Mouse	0.0135889054673	0	778	G	C
N0_Mouse	0.0139887726256	0	1145	C	G
N0_Mouse	0.0147610997037	0	353	G	C
N0_Mouse	0.0164154593614	0	317	T	C
N0_Mouse	0.0169671799912	0	1142	T	G
N0_Mouse	0.0192560718547	0	425	A	T
N0_Mouse	0.0193894086366	0	831	A	G
N0_Mouse	0.0199783354683	0	1180	C	G
N0_Mouse	0.0199880026478	0	424	C	A
N0_Mouse	0.0219972450907	0	31	G	A
N0_Mouse	0.023068011319	0	827	G	T
N0_Mouse	0.0232824880792	0	484	A	G
N0_Mouse	0.0261933067646	0	1164	A	C
N0_Mouse	0.02623768123	0	412	C	T
N0_Mouse	0.026451149104	0	765	A	G
N0_Mouse	0.0285697887007	0	1121	T	A
N0_Mouse	0.0291878684325	0	22	T	A
N0_Mouse	0.0293753272426	0	906	A	G
N0_Mouse	0.0339253537568	0	382	T	G
N0_Mouse	0.0372477268624	0	744	A	C
N0_Mouse	0.03793968651	0	106	A	G
N0_Mouse	0.0394394952824	0	1096	A	C
N0_Mouse	0.0404787723784	0	487	T	C
N0_Mouse	0.0405591816887	0	464	G	A
N0_Mouse	0.040734369678	0	604	T	A
N0_Mouse	0.0408567088781	0	18	T	C
N0_Mouse	0.0414298413578	0	1009	C	G
N0_Mouse	0.041583065105	0	852	A	G
N0_Mouse	0.0418029361585	0	596	A	T
N0_Mouse	0.0426337082963	0	608	T	A
N0_Mouse	0.0459415512944	0	902	C	T
N0_Mouse	0.0469781563913	0	356	G	A
N0_Mouse	0.0472070178651	0	232	G	T
N0_Mouse	0.0476810425784	0	1045	T	C
N0_Mouse	0.0487780664624	0	456	G	T
N0_Mouse	0.0489988052335	0	127	G	A
N0_Mouse	0.0491630496622	0	70	T	C
N0_Mouse	0.0508357792899	0	355	A	T
N0_Mouse	0.0508374215728	0	838	G	A
N0_Mouse	0.0510069187642	0	118	G	T
N0_Mouse	0.0520982113857	0	50	A	G
N0_Mouse	0.0528733269227	0	599	C	T
N0_Mouse	0.0531011063524	0	1190	T	C
N0_Mouse	0.0556326370139	0	586	C	G
N0_Mouse	0.0562932313311	0	879	C	T
N0_Mouse	0.056346271586	0	57	T	A
N0_Mouse	0.0569952703688	0	869	G	A
N0_Mouse	0.0571036578362	0	219	G	T
N0_Mouse	0.0582729322692	0	1122	C	A
N0_Mouse	0.0586997720745	0	817	C	T
N0_Mouse	0.0597718192316	0	30	A	C
N0_Mouse	0.060263241552	0	277	G	C
N0_Mouse	0.0608592637754	0	300	T	C
N0_Mouse	0.0613102772771	0	191	G	T
N0_Mouse	0.0628641447909	0	482	A	C
N0_Mouse	0.0630762541568	0	661	C	T
N0_Mouse	0.0632253417174	0	252	G	T
N0_Mouse	0.0647249120306	0	1032	G	C
N0_Mouse	0.0655661909066	0	1030	A	G
N0_Mouse	0.065921627952	0	1174	T	C
N0_Mouse	0.0667853990232	0	741	C	T
N0_Mouse	0.0670772429202	0	434	T	C
N0_Mouse	0.0678688331878	0	831	G	A
N0_Mouse	0.0698813985486	0	412	T	G
N0_Mouse	0.0698861090019	0	236	T	G
N0_Mouse	0.0702536926876	0	710	G	C
N0_Mouse	0.0709784841981	0	1217	A	G
N0_Mouse	0.0722342377772	0	174	C	A
N0_Mouse	0.0725842232379	0	832	C	A
N0_Mouse	0.0730122192388	0	985	C	T
N0_Mouse	0.0730970847872	0	357	T	A
N0_Mouse	0.074740854211	0	530	C	T
N0_Mouse	0.0753246317291	0	1227	G	A
N0_Mouse	0.0759887787002	0	351	A	T
N0_Mouse	0.076502266037	0	941	G	T
N0_Mouse	0.0779452569703	0	480	A	T
N0_Mouse	0.0779573882129	0	258	A	T
N0_Mouse	0.0781811123106	0	1209	G	A
N0_Mouse	0.0784761719122	0	671	C	G
N0_Mouse	0.0793231611411	0	677	A	G
N0_Mouse	0.0798577331758	0	296	T	C
N0_Mouse	0.0805731919079	0	629	A	G
N0_Mouse	0.0814011287225	0	1154	G	A
N0_Mouse	0.081537452157	0	768	A	C
N0_Mouse	0.0821255344894	0	509	C	T
N0_Mouse	0.083342433743	0	727	G	A
N0_Mouse	0.0839072228046	0	62	T	A
N0_Mouse	0.0842618797281	0	201	G	C
N0_Mouse	0.0844943543436	0	333	C	T
N0_Mouse	0.0845866852014	0	304	A	G
N0_Mouse	0.0862027140687	0	891	G	A
N0_Mouse	0.0862938134671	0	72	A	G
N0_Mouse	0.0876221222004	0	229	C	T
N0_Mouse	0.0886515044896	0	1027	C	A
N0_Mouse	0.0909123367024	0	896	A	G
N0_Mouse	0.0924548067719	0	1169	G	A
N0_Mouse	0.0928489421112	0	113	C	T
N0_Mouse	0.0930587645351	0	1133	A	T
N0_Mouse	0.09467949819	0	1127	G	A
N0_Mouse	0.0948945595711	0	261	C	G
N0_Mouse	0.0969534172253	0	412	G	A
N0_Mouse	0.0969765801708	0	864	T	G
N0_Mouse	0.0987782191374	0	20	T	C
N0_Mouse	0.100177554035	0	1056	T	A
N0_Mouse	0.100329810895	0	226	T	A
N0_Mouse	0.100413802155	0	197	G	A
N0_Mouse	0.100578171812	0	1124	T	G
N0_Mouse	0.101308661243	0	516	A	G
N0_Mouse	0.103798704979	0	416	C	A
N0_Mouse	0.104636074344	0	548	A	T
N0_Mouse	0.104910316403	0	1033	A	T
N0_Mouse	0.107039170699	0	571	C	T
N0_Mouse	0.108782077584	0	886	T	A
N0_Mouse	0.109032531423	0	610	A	G
N0_Mouse	0.10923019398	0	266	C	T
N0_Mouse	0.110605768758	0	508	A	G
N0_Mouse	0.110897184475	0	103	C	G
N0_Mouse	0.111083857256	0	647	T	C
N0_Mouse	0.11130696884	0	772	T	A
N0_Mouse	0.111451841618	0	83	A	T
N0_Mouse	0.11148458532	0	971	C	T
N0_Mouse	0.111900992353	0	687	A	G
N0_Mouse	0.112325850146	0	156	A	G
N0_Mouse	0.112886204622	0	799	G	A
N0_Mouse	0.11668805164	0	146	T	A
N0_Mouse	0.118248496685	0	777	C	G
N0_Mouse	0.118731893642	0	1219	G	A
N0_Mouse	0.119412758596	0	1091	C	T
N0_Mouse	0.119555879528	0	1178	G	A
N0_Mouse	0.120049979145	0	1115	G	T
N0_Mouse	0.120431244423	0	243	G	A
N0_Mouse	0.121619139063	0	794	C	T
N0_Mouse	0.122612561551	0	278	T	C
N0_Mouse	0.123021405047	0	1216	A	C
N0_Mouse	0.123721097676	0	1140	A	C
N0_Mouse	0.124157013773	0	297	G	A
N0_Mouse	0.127123237301	0	1129	A	C
N0_Mouse	0.127164700215	0	917	C	G
N0_Mouse	0.127312094083	0	521	G	A
N0_Mouse	0.127713763114	0	1023	C	A
N0_Mouse	0.128187253662	0	283	A	T
N0_Mouse	0.128844571437	0	30	C	T
N0_Mouse	0.129836429524	0	879	T	C
N0_Mouse	0.130381402175	0	131	C	T
N0_Mouse	0.132618310168	0	251	C	A
N0_Mouse	0.13304793615	0	510	G	A
N0_Mouse	0.133072169554	0	531	C	G
N0_Mouse	0.137427951137	0	516	G	C
N0_Mouse	0.137451638549	0	723	T	A
N0_Mouse	0.137806650536	0	337	G	T
N0_Mouse	0.138133944598	0	441	T	C
N0_Mouse	0.138880350649	0	1173	G	A
N0_Mouse	0.139009468658	0	368	T	C
N0_Mouse	0.140790276514	0	861	T	A
N0_Mouse	0.141678716285	0	1108	C	T
N0_Mouse	0.142213858898	0	977	T	G
N0_Mouse	0.142582077974	0	903	C	T
N0_Mouse	0.144848691956	0	778	C	A
N0_Mouse	0.145204779149	0	803	A	G
N0_Mouse	0.145401956785	0	1097	G	A
N0_Mouse	0.145674601264	0	533	G	T
N0_Mouse	0.146333041914	0	637	T	C
N0_Mouse	0.14661595856	0	1158	A	G
N0_Mouse	0.147249337371	0	50	G	A
N0_Mouse	0.147452002807	0	143	A	T
N0_Mouse	0.147587924313	0	1201	C	A
N0_Mouse	0.147847354054	0	711	A	T
N0_Mouse	0.15133062582	0	254	G	T
N0_Mouse	0.15151468885	0	732	T	C
N0_Mouse	0.15288030207	0	708	A	G
N0_Mouse	0.153566445937	0	1169	A	G
N0_Mouse	0.153853577623	0	1097	A	T
N0_Mouse	0.153980058452	0	483	G	T
N0_Mouse	0.155392032906	0	55	A	T
N0_Mouse	0.155900664691	0	148	A	G
N0_Mouse	0.159357882531	0	551	T	C
N0_Mouse	0.159546361114	0	62	A	G
N0_Mouse	0.160240666582	0	1089	C	G
N0_Mouse	0.160747112415	0	480	T	C
N0_Mouse	0.161266518618	0	1071	C	T
N0_Mouse	0.161496674372	0	741	T	A
N0_Mouse	0.161627587457	0	402	A	G
N0_Mouse	0.161949368329	0	251	A	G
N0_Mouse	0.163084464924	0	1210	T	C
N0_Mouse	0.163262487298	0	1192	G	A
N0_Mouse	0.1634408221	0	316	G	A
N0_Mouse	0.164074833363	0	49	A	G
N0_Mouse	0.165961235453	0	151	A	G
N0_Mouse	0.166175937369	0	234	T	G
N0_Mouse	0.167792274496	0	595	A	G
N0_Mouse	0.168323258323	0	84	T	G
N0_Mouse	0.168895620291	0	1167	T	A
N0_Mouse	0.169003349188	0	562	T	A
N0_Mouse	0.16943268629	0	575	T	C
N0_Mouse	0.170602611365	0	1101	G	T
N0_Mouse	0.171511770302	0	436	A	G
N0_Mouse	0.17210398462	0	354	G	T
N0_Mouse	0.172439542609	0	740	C	A
N0_Mouse	0.172554572756	0	372	A	T
N0_Mouse	0.172971811718	0	433	T	C
N0_Mouse	0.173670708885	0	1175	C	T
N0_Mouse	0.174879538355	0	369	A	G
N0_Mouse	0.175868134027	0	284	T	A
N0_Mouse	0.17625758824	0	172	G	T
N0_Mouse	0.17642791385	0	1186	G	T
N0_Mouse	0.176640408273	0	730	A	G
N0_Mouse	0.176664617284	0	1220	G	T
N0_Mouse	0.179400344208	0	1157	A	G
N0_Mouse	0.179966106009	0	1181	T	A
N0_Mouse	0.180345489018	0	927	T	C
N0_Mouse	0.180996893354	0	816	T	G
N0_Mouse	0.181136837372	0	334	A	C
N0_Mouse	0.181411893511	0	907	C	T
N0_Mouse	0.182030671717	0	574	A	G
N0_Mouse	0.182053956813	0	457	G	A
N0_Mouse	0.183003441697	0	488	T	G
N0_Mouse	0.183027340798	0	334	C	T
N0_Mouse	0.1837277364	0	846	C	T
N0_Mouse	0.184203265692	0	916	C	A
N0_Mouse	0.184272613674	0	1088	A	G
N0_Mouse	0.187558926639	0	355	T	G
N0_Mouse	0.187991756216	0	224	A	C
N0_Mouse	0.189496036046	0	1056	A	G
N0_Mouse	0.189988221328	0	575	C	G
N0_Mouse	0.190419046544	0	629	G	A
N0_Mouse	0.191632186206	0	802	T	A
N0_Mouse	0.191910308252	0	1171	A	G
N0_Mouse	0.191923038467	0	419	G	A
N0_Mouse	0.191953981405	0	1100	C	T
N0_Mouse	0.194426753432	0	829	G	A
N0_Mouse	0.194621830551	0	643	C	T
N0_Mouse	0.199724066217	0	526	T	C
N0_Mouse	0.199984924482	0	696	G	T
N0_Mouse	0.200519912019	0	1097	T	A
N0_Mouse	0.202834138959	0	1046	G	A
N0_Mouse	0.203131148049	0	94	A	C
N0_Mouse	0.203539687425	0	959	T	G
N0_Mouse	0.203639254359	0	561	C	G
N0_Mouse	0.204003958772	0	417	T	A
N0_Mouse	0.204561658442	0	436	G	A
N0_Mouse	0.205914822583	0	1009	G	C
N0_Mouse	0.207383793048	0	776	C	A
N0_Mouse	0.208158074522	0	352	A	T
N0_Mouse	0.208285838716	0	633	A	G
N0_Mouse	0.209105963469	0	163	A	G
N0_Mouse	0.209421764164	0	650	C	T
N0_Mouse	0.21010540732	0	1186	T	C
N0_Mouse	0.212482099749	0	656	A	G
N0_Mouse	0.212762767108	0	1175	T	C
N0_Mouse	0.21375506213	0	631	G	C
N0_Mouse	0.213854199901	0	805	A	G
N0_Mouse	0.214466079124	0	284	A	T
N0_Mouse	0.214941918847	0	669	G	C
N0_Mouse	0.215461698173	0	248	C	T
N0_Mouse	0.216563717978	0	1117	G	T
N0_Mouse	0.217042841711	0	1088	G	A
N0_Mouse	0.217569533229	0	566	A	T
N0_Mouse	0.217720001835	0	334	T	C
N0_Mouse	0.217953950729	0	416	A	G
N0_Mouse	0.218153420924	0	287	G	A
N0_Mouse	0.218161445518	0	561	G	C
N0_Mouse	0.218509012296	0	573	T	A
N0_Mouse	0.218518261171	0	587	T	A
N0_Mouse	0.218610128395	0	627	T	C
N0_Mouse	0.220888643693	0	260	T	C
N0_Mouse	0.222991717804	0	608	A	T
N0_Mouse	0.223090521494	0	1132	T	G
N0_Mouse	0.223279647087	0	442	A	T
N0_Mouse	0.224535717587	0	1146	C	T
N0_Mouse	0.226700764297	0	759	T	C
N0_Mouse	0.227121180097	0	150	T	C
N0_Mouse	0.227561399297	0	453	G	A
N0_Mouse	0.227741050346	0	970	A	G
N0_Mouse	0.228985601931	0	437	A	T
N0_Mouse	0.22934728757	0	84	G	T
N0_Mouse	0.229885345006	0	610	G	A
N0_Mouse	0.229950899604	0	309	A	C
N0_Mouse	0.230489220959	0	458	C	A
N0_Mouse	0.230877035141	0	1073	A	C
N0_Mouse	0.231049729087	0	289	G	T
N0_Mouse	0.232629095575	0	1004	C	T
N0_Mouse	0.233334973159	0	654	C	A
N0_Mouse	0.233370186945	0	1177	C	A
N0_Mouse	0.233372348493	0	348	A	T
N0_Mouse	0.233527371971	0	179	C	T
N0_Mouse	0.234680020774	0	495	C	G
N0_Mouse	0.236045525719	0	871	A	C
N0_Mouse	0.236379220546	0	1099	C	A
N0_Mouse	0.236637342555	0	721	A	T
N0_Mouse	0.237043821763	0	967	T	C
N0_Mouse	0.237666553214	0	588	T	A
N0_Mouse	0.237820755441	0	1215	T	C
N0_Mouse	0.23847477054	0	401	T	A
N0_Mouse	0.238535055911	0	1090	A	C
N0_Mouse	0.242070184416	0	1155	C	A
N0_Mouse	0.243752073423	0	966	C	A
N0_Mouse	0.244360202499	0	1015	T	A
N0_Mouse	0.24453663257	0	308	G	C
N0_Mouse	0.245103477385	0	151	G	T
N0_Mouse	0.245966521831	0	903	T	G
N0_Mouse	0.24600641678	0	996	G	A
N0_Mouse	0.247221645381	0	1190	C	T
N0_Mouse	0.248138072825	0	673	T	A
N0_Mouse	0.248789354649	0	605	C	T
N0_Mouse	0.249205651812	0	644	T	A
N0_Mouse	0.249697824639	0	774	C	A
N0_Mouse	0.252869826434	0	263	A	G
N0_Mouse	0.253001787346	0	54	G	T
N0_Mouse	0.253907729654	0	766	C	A
N0_Mouse	0.255461753099	0	476	G	C
N0_Mouse	0.256045435572	0	827	T	G
N0_Mouse	0.258004677925	0	293	C	G
N0_Mouse	0.259904603481	0	253	G	A
N0_Mouse	0.262064076739	0	773	T	G
N0_Mouse	0.263979031169	0	296	C	T
N0_Mouse	0.26406177193	0	1162	A	T
N0_Mouse	0.264461446202	0	661	T	C
N0_Mouse	0.265858975797	0	638	T	C
N0_Mouse	0.266699439527	0	556	A	C
N0_Mouse	0.267700071657	0	1060	T	A
N0_Mouse	0.270331952943	0	154	A	T
N0_Mouse	0.270713172441	0	28	A	T
N0_Mouse	0.271705792016	0	1032	C	G
N0_Mouse	0.272310785421	0	75	C	G
N0_Mouse	0.272399058576	0	818	C	T
N0_Mouse	0.274584927085	0	652	C	T
N0_Mouse	0.275347781181	0	253	A	T
N0_Mouse	0.275628348505	0	592	A	C
N0_Mouse	0.27648256066	0	468	C	T
N0_Mouse	0.277455984049	0	129	C	T
N0_Mouse	0.277678219988	0	539	C	T
N0_Mouse	0.278190303536	0	372	T	G
N0_Mouse	0.278301545833	0	322	G	A
N0_Mouse	0.278775328238	0	311	G	C
N0_Mouse	0.279005835501	0	235	A	G
N0_Mouse	0.279870781672	0	852	G	T
N0_Mouse	0.280483961563	0	927	C	T
N0_Mouse	0.281282979612	0	1147	T	A
N0_Mouse	0.281995116815	0	221	T	C
N0_Mouse	0.281996502527	0	490	T	C
N0_Mouse	0.286745761723	0	259	C	A
N0_Mouse	0.288087308175	0	780	A	T
N0_Mouse	0.290742369834	0	237	G	T
N0_Mouse	0.29129940444	0	274	C	T
N0_Mouse	0.291408547349	0	466	T	C
N0_Mouse	0.292471187072	0	969	G	A
N0_Mouse	0.292592173405	0	737	C	G
N0_Mouse	0.2931751731	0	588	A	G
N0_Mouse	0.294431113492	0	294	A	T
N0_Mouse	0.294892591281	0	732	C	T
N0_Mouse	0.298073550919	0	870	C	T
N0_Mouse	0.299238940335	0	545	C	T
N0_Mouse	0.299588595077	0	879	C	T
N0_Mouse	0.29984922689	0	140	T	A
N0_Mouse	0.300385200138	0	586	G	A
N0_Mouse	0.300540374878	0	45	C	T
N0_Mouse	0.302389009584	0	353	C	G
N0_Mouse	0.303679369214	0	567	A	G
N0_Mouse	0.304512024683	0	1067	G	T
N0_Mouse	0.304701937154	0	124	A	T
N0_Mouse	0.304714333878	0	1081	T	G
N0_Mouse	0.305580396176	0	959	G	A
N0_Mouse	0.306585306191	0	839	T	C
N0_Mouse	0.306930251071	0	932	A	G
N0_Mouse	0.306982186813	0	1052	G	T
N0_Mouse	0.307881188019	0	115	A	G
N0_Mouse	0.310460739888	0	604	A	G
N0_Mouse	0.312533156217	0	587	A	T
N0_Mouse	0.312733411183	0	938	C	G
N0_Mouse	0.314211112228	0	1037	T	C
N0_Mouse	0.317018319136	0	15	T	G
N0_Mouse	0.317325968458	0	345	A	G
N0_Mouse	0.318014382569	0	910	T	C
N0_Mouse	0.318392541741	0	343	C	T
N0_Mouse	0.318514720487	0	629	A	G
N0_Mouse	0.318640222105	0	468	T	C
N0_Mouse	0.31943611222	0	18	C	G
N0_Mouse	0.319647869124	0	666	C	T
N0_Mouse	0.319742832455	0	728	G	C
N0_Mouse	0.320059897094	0	356	A	T
N0_Mouse	0.320862355387	0	715	G	A
N0_Mouse	0.321591666788	0	536	T	C
N0_Mouse	0.324215704257	0	708	G	A
N0_Mouse	0.324993086627	0	936	C	T
N0_Mouse	0.32522405238	0	47	A	T
N0_Mouse	0.32537648013	0	467	C	T
N0_Mouse	0.325826907887	0	761	G	C
N0_Mouse	0.326377064154	0	374	G	A
N0_Mouse	0.326382406946	0	31	A	G
N0_Mouse	0.326767367211	0	60	T	C
N0_Mouse	0.327132056308	0	752	C	T
N0_Mouse	0.32737696348	0	978	C	A
N0_Mouse	0.328108350186	0	766	A	C
N0_Mouse	0.329382691656	0	176	A	T
N0_Mouse	0.329403567369	0	1232	A	G
N0_Mouse	0.329873785413	0	257	A	G
N0_Mouse	0.330151590578	0	932	G	T
N0_Mouse	0.330704093684	0	287	A	G
N0_Mouse	0.331329883434	0	1139	T	G
N0_Mouse	0.332395568916	0	246	T	C
N0_Mouse	0.333345797936	0	88	T	A
N0_Mouse	0.333844072769	0	935	T	G
N0_Mouse	0.334509115596	0	735	A	T
N0_Mouse	0.335155744878	0	899	T	C
N0_Mouse	0.335475258413	0	284	T	A
N0_Mouse	0.335858684946	0	849	G	T
N0_Mouse	0.336070077289	0	953	A	T
N0_Mouse	0.33654529713	0	754	C	A
N0_Mouse	0.336995389727	0	1130	A	C
N0_Mouse	0.33709439208	0	996	A	C
N0_Mouse	0.337414783528	0	1185	G	A
N0_Mouse	0.338338030296	0	221	C	A
N0_Mouse	0.338730391158	0	964	C	T
N0_Mouse	0.339004592074	0	56	C	T
N0_Mouse	0.340200008441	0	123	A	G
N0_Mouse	0.340229721401	0	81	A	G
N0_Mouse	0.34181867159	0	797	G	A
N0_Mouse	0.342139687555	0	1061	T	A
N0_Mouse	0.34394283541	0	698	T	C
N0_Mouse	0.345222955863	0	538	G	C
N0_Mouse	0.346465435664	0	392	G	A
N0_Mouse	0.349257448281	0	957	A	C
N0_Mouse	0.34927346547	0	963	A	T
N0_Mouse	0.349755065388	0	694	C	G
N0_Mouse	0.350541952969	0	85	A	G
N0_Mouse	0.351235880426	0	1226	A	C
N0_Mouse	0.352137563497	0	305	A	T
N0_Mouse	0.353464322783	0	307	T	C
N0_Mouse	0.355660386258	0	260	C	A
N0_Mouse	0.355826290052	0	597	T	G
N0_Mouse	0.356478425741	0	676	T	C
N0_Mouse	0.357205588424	0	904	G	T
N0_Mouse	0.358801406012	0	765	G	A
N0_Mouse	0.360024406774	0	229	T	C
N0_Mouse	0.360526334742	0	888	A	T
N0_Mouse	0.360826765684	0	66	T	A
N0_Mouse	0.363213804322	0	128	T	A
N0_Mouse	0.363458295969	0	336	T	A
N0_Mouse	0.364033740071	0	1039	T	G
N0_Mouse	0.364492082594	0	940	C	A
N0_Mouse	0.365612106797	0	93	A	G
N0_Mouse	0.367447582736	0	124	T	A
N0_Mouse	0.368219618611	0	705	T	C
N0_Mouse	0.36863589808	0	170	A	G
N0_Mouse	0.370061549284	0	576	C	A
N0_Mouse	0.370121743903	0	277	C	T
N0_Mouse	0.370641391528	0	557	T	C
N0_Mouse	0.371350027339	0	72	G	A
N0_Mouse	0.371453688179	0	620	T	G
N0_Mouse	0.371637535368	0	910	C	T
N0_Mouse	0.372074484804	0	889	C	T
N0_Mouse	0.372114562715	0	928	T	C
N0_Mouse	0.372521478048	0	282	C	T
N0_Mouse	0.37271061232	0	631	C	T
N0_Mouse	0.373341563304	0	1213	T	A
N0_Mouse	0.373580634983	0	648	C	T
N0_Mouse	0.373906678267	0	327	T	A
N0_Mouse	0.374607631207	0	990	G	A
N0_Mouse	0.374835050899	0	750	C	G
N0_Mouse	0.375790016952	0	1129	C	T
N0_Mouse	0.376736633127	0	864	G	A
N0_Mouse	0.377218987865	0	106	G	T
N0_Mouse	0.377927709665	0	708	A	T
N0_Mouse	0.379012603745	0	256	T	C
N0_Mouse	0.379541966113	0	155	G	A
N0_Mouse	0.379608919993	0	948	T	C
N0_Mouse	0.380090373152	0	153	A	T
N0_Mouse	0.380501249406	0	449	C	T
N0_Mouse	0.381032571425	0	605	T	A
N0_Mouse	0.382470151711	0	228	A	G
N0_Mouse	0.383647384082	0	457	A	T
N0_Mouse	0.384031432732	0	580	T	C
N0_Mouse	0.384033070516	0	189	C	A
N0_Mouse	0.384245687586	0	243	A	C
N0_Mouse	0.384850929511	0	471	G	C
N0_Mouse	0.386538813157	0	226	A	G
N0_Mouse	0.387531035921	0	498	A	G
N0_Mouse	0.387621468546	0	608	T	C
N0_Mouse	0.392602568766	0	458	A	T
N0_Mouse	0.392687487191	0	655	G	A
N0_Mouse	0.393565874159	0	983	T	A
N0_Mouse	0.393930528848	0	14	T	C
N0_Mouse	0.394069094915	0	428	A	T
N0_Mouse	0.394384725695	0	63	G	T
N0_Mouse	0.396087904826	0	489	T	A
N0_Mouse	0.397604969806	0	115	G	T
N0_Mouse	0.397635093073	0	1096	C	T
N0_Mouse	0.397763379181	0	614	G	A
N0_Mouse	0.398529975969	0	1029	C	T
N0_Mouse	0.399323519966	0	908	T	A
N0_Mouse	0.399719347266	0	374	A	T
N0_Mouse	0.399976299923	0	410	T	C
N0_Mouse	0.400302525582	0	579	A	T
N0_Mouse	0.400781854526	0	1112	T	C
N0_Mouse	0.401162411112	0	666	T	A
N0_Mouse	0.401316237943	0	1175	C	T
N0_Mouse	0.401515700449	0	1028	T	A
N0_Mouse	0.404284582752	0	156	G	T
N0_Mouse	0.405465701373	0	1049	A	G
N0_Mouse	0.405647656827	0	349	T	C
N0_Mouse	0.406647744095	0	621	C	T
N0_Mouse	0.406736008271	0	686	C	T
N0_Mouse	0.407040185508	0	426	G	A
N0_Mouse	0.408782608519	0	767	A	G
N0_Mouse	0.408978320072	0	250	G	A
N0_Mouse	0.410338158379	0	315	C	A
N0_Mouse	0.41074260391	0	1010	C	G
N0_Mouse	0.411923350533	0	937	T	C
N0_Mouse	0.412285289598	0	606	A	T
N0_Mouse	0.414315093792	0	304	G	A
N0_Mouse	0.414820929075	0	52	A	G
N0_Mouse	0.415680295976	0	557	C	A
N0_Mouse	0.416377646469	0	361	C	T
N0_Mouse	0.416718136034	0	1131	A	T
N0_Mouse	0.417321759961	0	428	T	G
N0_Mouse	0.4183841146	0	1034	T	A
N0_Mouse	0.418442383889	0	553	G	A
N0_Mouse	0.418665642792	0	1123	C	G
N0_Mouse	0.419601551619	0	1217	G	A
N0_Mouse	0.423172870884	0	619	G	A
N0_Mouse	0.423575702597	0	821	G	A
N0_Mouse	0.424181863368	0	38	C	T
N0_Mouse	0.424519814355	0	605	A	T
N0_Mouse	0.425436217938	0	943	C	A
N0_Mouse	0.425638087378	0	284	A	T
N0_Mouse	0.425982938318	0	914	C	T
N0_Mouse	0.427244596938	0	1230	A	C
N0_Mouse	0.427262884567	0	722	G	C
N0_Mouse	0.429431850618	0	966	A	G
N0_Mouse	0.430043504806	0	105	T	A
N0_Mouse	0.430427065652	0	349	C	G
N0_Mouse	0.431723420035	0	346	G	A
N0_Mouse	0.431739754937	0	1164	C	T
N0_Mouse	0.432070937927	0	1052	T	C
N0_Mouse	0.432679751965	0	240	A	G
N0_Mouse	0.433223615765	0	120	C	A
N0_Mouse	0.434256268176	0	482	C	T
N0_Mouse	0.435625545299	0	604	G	T
N0_Mouse	0.436062908731	0	1091	T	C
N0_Mouse	0.436648600208	0	453	A	G
N0_Mouse	0.437086316737	0	470	A	G
N0_Mouse	0.43866485996	0	872	T	G
N0_Mouse	0.442050328216	0	994	T	A
N0_Mouse	0.44221660942	0	1110	G	C
N0_Mouse	0.44431006757	0	155	A	T
N0_Mouse	0.444483689997	0	393	A	G
N0_Mouse	0.445226019362	0	2	C	A
N0_Mouse	0.445269186487	0	1074	A	T
N0_Mouse	0.445572813989	0	644	A	G
N0_Mouse	0.44577566626	0	1098	T	C
