edge	time	orlg_from	orlg_to	tract_length	start_pos	stop_pos	num_diff	template_seq	overide_seq
D1_N1	0.000133697348932	1	2	2	560	561	0	TA	TA
D1_N1	0.000288186166283	2	1	4	591	594	0	GAGC	GAGC
D1_N1	0.000846386471801	2	1	1	384	384	0	T	T
D1_N1	0.00154670622063	2	1	7	116	122	0	ATATCAA	ATATCAA
D1_N1	0.00211368440489	2	1	15	251	265	0	GTTATGAGTTAGGCT	GTTATGAGTTAGGCT
D1_N1	0.00213136754055	1	2	7	586	592	0	CCGTAGA	CCGTAGA
D1_N1	0.00229225986491	1	2	4	125	128	0	GATA	GATA
D1_N1	0.00250415872422	1	2	2	326	327	0	TA	TA
D1_N1	0.0040462319137	1	2	14	524	537	0	TGTACAACATAGTC	TGTACAACATAGTC
D1_N1	0.00406711640737	1	2	4	132	135	0	CTGT	CTGT
D1_N1	0.004083851672	2	1	1	546	546	0	A	A
D1_N1	0.00426199510107	2	1	1	348	348	0	T	T
D1_N1	0.00451003208231	2	1	1	647	647	1	T	C
D1_N1	0.00466827928087	1	2	1	495	495	0	C	C
D1_N1	0.00600664300793	1	2	1	176	176	0	T	T
D1_N1	0.00621538889694	1	2	2	655	656	0	AA	AA
N1_castellii	0.00031078306913	2	1	15	254	268	1	ATGAGTTAAGCTTTA	ATGAGTTAGGCTTTA
N1_castellii	0.000693595062279	1	2	7	401	407	0	CGGGTCT	CGGGTCT
N1_castellii	0.000712275137386	1	2	4	627	630	0	AAGA	AAGA
N1_castellii	0.000820082367771	2	1	1	680	680	0	A	A
N1_castellii	0.000991336244705	1	2	3	624	626	0	ATT	ATT
N1_castellii	0.00103885266701	1	2	1	363	363	0	T	T
N1_castellii	0.00263634452164	2	1	1	228	228	0	A	A
N1_castellii	0.00312469218519	2	1	4	567	570	1	CAGC	CAAC
N1_castellii	0.00321027963663	2	1	1	556	556	0	A	A
N1_castellii	0.00322902564685	1	2	1	556	556	0	A	A
N1_castellii	0.00365358777828	1	2	6	391	396	0	TGTCCA	TGTCCA
N1_castellii	0.00424653625179	2	1	6	461	466	1	GCGTAG	ACGTAG
N1_castellii	0.00486360877431	2	1	3	116	118	0	ATA	ATA
N1_castellii	0.00530548028601	2	1	25	210	234	2	TGCTCCCTATTGTAAGTGACAGGAA	TGTTCCCTATTATAAGTGACAGGAA
N1_castellii	0.00564440178274	1	2	8	534	541	1	AGTCAGTC	AGCCAGTC
N1_castellii	0.00574860394894	1	2	6	12	17	1	ACGTAA	ACGTAG
N1_castellii	0.00659592775951	1	2	1	337	337	0	A	A
N1_castellii	0.00711219937678	2	1	3	374	376	0	CAA	CAA
N1_castellii	0.00727881002032	2	1	3	503	505	0	CCG	CCG
N1_castellii	0.00779275685516	2	1	1	381	381	0	A	A
N1_castellii	0.00831847603117	2	1	1	225	225	0	G	G
N1_castellii	0.00881065254913	2	1	6	0	5	0	CTGGCC	CTGGCC
N1_castellii	0.00904095649591	2	1	8	358	365	0	CATCATTT	CATCATTT
N1_castellii	0.00958925924388	1	2	9	59	67	0	CGCGCATAT	CGCGCATAT
N1_castellii	0.0103726859316	2	1	7	312	318	0	AAGCAAA	AAGCAAA
N1_N2	0.000116885362993	2	1	2	603	604	0	TA	TA
N1_N2	0.000620414360499	1	2	13	301	313	2	TGAAAGGATGGAA	TGAAGGGATGAAA
N1_N2	0.000729585518375	2	1	3	97	99	0	ACC	ACC
N1_N2	0.00243154756896	2	1	5	43	47	1	CTTAG	CTTAA
N1_N2	0.00311250378096	2	1	5	558	562	0	GGTAA	GGTAA
N1_N2	0.00382045512711	1	2	2	257	258	0	AG	AG
N1_N2	0.00403805367471	2	1	3	148	150	0	GTT	GTT
N1_N2	0.00467201004011	2	1	1	126	126	0	A	A
N1_N2	0.00476864455309	2	1	1	513	513	0	A	A
N1_N2	0.00493963587728	2	1	8	589	596	1	TAGAGCCG	TAGAGCCA
N1_N2	0.00514487221332	2	1	4	87	90	1	CGCA	CGGA
N1_N2	0.00560267765202	1	2	2	323	324	0	AA	AA
N1_N2	0.00583521152424	1	2	6	653	658	0	ATAAGT	ATAAGT
N1_N2	0.00647551444495	1	2	1	19	19	0	C	C
N1_N2	0.00714899595497	2	1	4	6	9	0	TATA	TATA
N1_N2	0.00734126647275	1	2	1	82	82	0	T	T
N1_N2	0.00810386307744	1	2	1	296	296	0	A	A
N1_N2	0.00821809703141	2	1	4	526	529	0	TACA	TACA
N1_N2	0.00873345984563	1	2	1	459	459	0	A	A
N1_N2	0.00899254263065	2	1	3	645	647	0	CAT	CAT
N1_N2	0.00903520726789	2	1	3	83	85	0	TGA	TGA
N1_N2	0.0095866200741	2	1	1	116	116	0	A	A
N1_N2	0.0101918671005	1	2	7	147	153	1	AGTTTCG	GGTTTCG
N1_N2	0.0104741204231	1	2	2	584	585	0	TG	TG
N1_N2	0.0117271443379	1	2	3	546	548	0	ACT	ACT
N1_N2	0.0120741493619	1	2	8	224	231	1	AGTGACAG	AGTAACAG
N1_N2	0.0120792423917	2	1	4	43	46	0	CTTA	CTTA
N1_N2	0.0124587163106	2	1	1	138	138	0	A	A
N1_N2	0.0127047270296	2	1	4	382	385	1	TATG	TATA
N1_N2	0.0130982967137	1	2	8	261	268	2	AGACTTTA	AAGCTTTA
N1_N2	0.0135355509649	2	1	1	653	653	0	A	A
N1_N2	0.013772791797	2	1	3	310	312	0	GGA	GGA
N2_bayanus	0.000169542272204	1	2	3	56	58	0	TCA	TCA
N2_bayanus	0.0010299375336	1	2	2	508	509	0	AA	AA
N2_bayanus	0.0012716322779	1	2	5	37	41	0	ACGAG	ACGAG
N2_bayanus	0.00229112786029	2	1	11	49	59	1	CTTCAACTCAC	CTTCGACTCAC
N2_bayanus	0.00300970565371	1	2	3	648	650	0	TCA	TCA
N2_bayanus	0.00316241169187	2	1	8	38	45	1	CGAGACGT	CGAGACTT
N2_bayanus	0.00338160094131	2	1	2	68	69	0	TA	TA
N2_bayanus	0.00344420712313	2	1	2	633	634	0	TT	TT
N2_bayanus	0.00353890840201	2	1	1	9	9	0	A	A
N2_bayanus	0.00356050251007	2	1	1	152	152	0	C	C
N2_bayanus	0.00380362662145	1	2	1	400	400	0	A	A
N2_bayanus	0.00382737859852	2	1	11	83	93	3	TAAACGCACTA	TGAGCGCACGA
N2_bayanus	0.00382788192712	2	1	1	531	531	0	C	C
N2_bayanus	0.00386303208215	1	2	1	661	661	0	G	G
N2_bayanus	0.00414512701587	1	2	1	509	509	0	A	A
N2_bayanus	0.00415822481905	1	2	1	241	241	0	T	T
N2_bayanus	0.00449195449284	1	2	5	110	114	1	CTTCA	TTTCA
N2_bayanus	0.00765870712331	1	2	1	249	249	0	C	C
N2_bayanus	0.00790244332599	2	1	1	381	381	0	A	A
N2_bayanus	0.00790667484643	1	2	10	145	154	0	CTAGTTTCGC	CTAGTTTCGC
N2_bayanus	0.00840740862521	2	1	3	285	287	0	TCT	TCT
N2_N3	7.66027964971e-05	2	1	2	139	140	0	TA	TA
N2_N3	0.000617684870482	2	1	1	292	292	0	C	C
N2_N3	0.000730531513686	1	2	6	408	413	0	TCCTTT	TCCTTT
N2_N3	0.000840385738289	1	2	2	49	50	0	CT	CT
N2_N3	0.00116510043232	1	2	17	586	602	0	CCGTAGAGCCGCTAGTA	CCGTAGAGCCGCTAGTA
N3_kudriavzevii	0.000358659452533	2	1	1	177	177	1	G	C
N3_kudriavzevii	0.000384149140256	2	1	2	461	462	0	GC	GC
N3_kudriavzevii	0.000489830777247	2	1	1	501	501	0	C	C
N3_kudriavzevii	0.00104223658312	2	1	3	457	459	0	CTA	CTA
N3_kudriavzevii	0.00118939127404	1	2	15	190	204	1	AAGAGCTACCCGATC	AAGAACTACCCGATC
N3_kudriavzevii	0.00166365662354	2	1	1	605	605	1	C	T
N3_kudriavzevii	0.00188770350393	2	1	2	446	447	0	TT	TT
N3_kudriavzevii	0.00518425263478	2	1	9	85	93	2	AACGCACTA	AGCGCACGA
N3_kudriavzevii	0.00551140856998	1	2	2	109	110	1	TC	TT
N3_kudriavzevii	0.00603231414882	2	1	3	43	45	1	CGT	CTT
N3_kudriavzevii	0.00651214977184	2	1	11	674	684	1	CAAAAAAAAAA	TAAAAAAAAAA
N3_N4	6.30206672611e-05	1	2	1	243	243	0	A	A
N3_N4	0.00088211622977	2	1	3	671	673	1	CTA	TTA
N3_N4	0.00182536493508	1	2	8	367	374	1	CATCGAAC	CATCAAAC
N4_mikatae	0.000141315497019	2	1	11	505	515	3	GACAATGTAGT	GCCAATATAGC
N4_mikatae	0.000210467503792	2	1	3	18	20	0	ACT	ACT
N4_mikatae	0.000245615021984	1	2	3	30	32	0	GAT	GAT
N4_mikatae	0.000585151416564	1	2	1	584	584	0	T	T
N4_mikatae	0.000790610373791	2	1	2	372	373	0	AA	AA
N4_mikatae	0.00186733813099	2	1	4	295	298	0	TAAG	TAAG
N4_mikatae	0.00298640605848	2	1	1	4	4	0	C	C
N4_mikatae	0.00299090213858	2	1	1	352	352	0	T	T
N4_mikatae	0.00307214603176	2	1	1	88	88	0	G	G
N4_mikatae	0.00327449278316	2	1	3	543	545	0	AAT	AAT
N4_mikatae	0.00358349202152	1	2	5	135	139	0	TACAT	TACAT
N4_mikatae	0.00367536335973	2	1	6	349	354	1	GACTGT	GGCTGT
N4_mikatae	0.00370599970451	1	2	5	272	276	0	AACCT	AACCT
N4_mikatae	0.00388346936852	1	2	2	586	587	0	CC	CC
N4_mikatae	0.00445643389222	1	2	3	218	220	0	ATT	ATT
N4_mikatae	0.0048048273399	2	1	5	50	54	1	TTCAA	TTCGA
N4_mikatae	0.00536549646295	1	2	6	569	574	1	GCATCT	GCAACT
N4_mikatae	0.00540638800381	1	2	1	203	203	0	T	T
N4_mikatae	0.00554815496463	2	1	2	397	398	0	AA	AA
N4_mikatae	0.00596408901162	2	1	13	216	228	2	CTCTTGTAAGTGA	TTATTGTAAGTGA
N4_mikatae	0.00667925916712	1	2	5	535	539	1	GTCAA	GTCAG
N4_mikatae	0.0077530865133	1	2	5	153	157	0	GCGAA	GCGAA
N4_mikatae	0.00793999060064	1	2	7	253	259	0	TATGAGT	TATGAGT
N4_mikatae	0.0082953841662	2	1	6	380	385	2	CATATG	TATGTG
N4_mikatae	0.00880931015461	1	2	7	505	511	0	GACAATG	GACAATG
N4_mikatae	0.00902385045801	2	1	1	248	248	0	A	A
N5_paradoxus	0.000777822624303	1	2	2	542	543	0	CA	CA
N5_paradoxus	0.000913182216432	1	2	1	563	563	0	T	T
N5_paradoxus	0.00140558033656	1	2	1	597	597	0	C	C
N5_paradoxus	0.00185467426668	1	2	2	559	560	0	GT	GT
N5_paradoxus	0.00192900876697	2	1	4	285	288	0	TCTA	TCTA
N5_paradoxus	0.00219459268761	2	1	5	2	6	0	GGCCT	GGCCT
N5_paradoxus	0.00223385453542	1	2	7	121	127	0	AAGAGAT	AAGAGAT
N5_paradoxus	0.00226440793503	2	1	10	19	28	0	CTGGGCTCAA	CTGGGCTCAA
N5_cerevisiae	0.00044026940175	2	1	1	319	319	0	A	A
N5_cerevisiae	0.000472357817098	2	1	2	538	539	1	AG	AA
N5_cerevisiae	0.000618535967529	1	2	1	354	354	0	T	T
N5_cerevisiae	0.0015908422417	1	2	2	26	27	0	CA	CA
N5_cerevisiae	0.00169999945947	2	1	1	30	30	0	G	G
N5_cerevisiae	0.00176298055412	1	2	2	415	416	0	AT	AT
N5_cerevisiae	0.00187650883054	1	2	6	495	500	1	CACATC	CACATT
N5_cerevisiae	0.0021902716728	2	1	14	677	684	0	AAAAAAAA	AAAAAAAA
N5_cerevisiae	0.00260039479958	1	2	7	154	160	0	CGAATGA	CGAATGA
N5_cerevisiae	0.00303087042108	2	1	2	125	126	0	GA	GA
