edge	time	mut_orlg	mut_pos	old_state	new_state
N0_kluyveri	0.00214825280525	0	383	T	C
N0_kluyveri	0.00281116300704	0	122	C	T
N0_kluyveri	0.00284545461961	0	215	A	G
N0_kluyveri	0.00316205148167	0	182	A	G
N0_kluyveri	0.00380242005008	0	59	A	G
N0_kluyveri	0.00421881981441	0	299	C	T
N0_kluyveri	0.00429358160183	0	50	C	T
N0_kluyveri	0.00451240403289	0	368	T	C
N0_kluyveri	0.00452159762957	0	353	C	A
N0_kluyveri	0.00463624879673	0	269	A	G
N0_kluyveri	0.00527215486719	0	137	G	A
N0_kluyveri	0.00551620157649	0	443	T	C
N0_kluyveri	0.00553086804143	0	197	G	A
N0_kluyveri	0.00613929167185	0	425	C	T
N0_kluyveri	0.00688831947366	0	302	T	C
N0_kluyveri	0.00857354432404	0	347	T	C
N0_kluyveri	0.00861821050285	0	23	A	C
N0_kluyveri	0.00911307231868	0	149	C	T
N0_kluyveri	0.0101265501208	0	8	G	A
N0_kluyveri	0.0102585657333	0	387	G	C
N0_kluyveri	0.010308881651	0	482	C	T
N0_kluyveri	0.0117561223608	0	28	C	A
N0_kluyveri	0.01233608001	0	93	C	T
N0_kluyveri	0.0127471143617	0	194	C	T
N0_kluyveri	0.0128223137874	0	68	C	T
N0_kluyveri	0.0131831731024	0	218	G	A
N0_kluyveri	0.0135012424148	0	23	C	T
N0_kluyveri	0.0136109116312	0	218	A	C
N0_kluyveri	0.0138917685889	0	392	A	G
D1_N1	0.000279799240728	2	26	G	C
D1_N1	0.000314107741432	2	55	A	G
D1_N1	0.000398218590983	2	440	T	A
D1_N1	0.000414671368987	1	380	T	C
D1_N1	0.000651474178002	2	73	T	C
D1_N1	0.00140202832443	1	260	C	T
D1_N1	0.00153870806173	1	44	A	C
D1_N1	0.00226845027169	1	41	C	T
D1_N1	0.00264515524215	1	329	C	T
D1_N1	0.0027478005443	1	242	T	C
D1_N1	0.00277884529044	2	50	C	T
D1_N1	0.003016904299	2	206	C	T
D1_N1	0.00303036750296	2	140	G	A
D1_N1	0.00303872171926	1	59	A	G
D1_N1	0.00329960597214	1	287	C	A
N1_castellii	0.000519057999775	2	143	G	A
N1_castellii	0.000562201090964	2	194	C	T
N1_castellii	0.00057526122074	2	68	C	T
N1_castellii	0.000612529353191	1	203	C	T
N1_castellii	0.000773722883567	2	476	A	G
N1_castellii	0.00121130850995	1	191	G	A
N1_castellii	0.00143409219073	1	236	C	G
N1_castellii	0.00159245024881	1	323	T	C
N1_castellii	0.00160143311051	2	228	G	A
N1_castellii	0.0022055769517	1	83	A	G
N1_castellii	0.00223374628406	2	209	A	G
N1_castellii	0.00227959450787	1	211	C	T
N1_castellii	0.00237901101232	1	122	C	T
N1_castellii	0.00250929709621	2	275	T	C
N1_castellii	0.00287577383506	2	215	A	G
N1_castellii	0.00312676400365	2	470	T	A
N1_castellii	0.00325811532647	2	191	G	C
N1_castellii	0.00363001779574	2	155	T	C
N1_castellii	0.00364014051614	1	282	G	A
N1_castellii	0.003806964809	1	191	A	G
N1_castellii	0.0039927902004	1	200	A	G
N1_castellii	0.00434367065359	1	179	C	T
N1_castellii	0.0044191895287	1	212	T	C
N1_castellii	0.00532522304046	1	191	G	A
N1_castellii	0.00565240624171	2	437	C	T
N1_castellii	0.00585915152458	1	113	G	A
N1_castellii	0.00592803719794	2	365	A	G
N1_castellii	0.0060929776844	1	197	G	A
N1_castellii	0.00725641691385	2	419	G	A
N1_castellii	0.00731080086176	1	476	A	T
N1_castellii	0.0077861158262	1	140	G	A
N1_castellii	0.00800722643908	2	14	T	C
N1_castellii	0.00812957202061	2	449	A	G
N1_castellii	0.00871271557947	1	26	G	A
N1_castellii	0.00904589145616	2	149	C	A
N1_castellii	0.00928190611965	2	332	A	C
N1_castellii	0.00941085544988	2	56	C	T
N1_castellii	0.00965386870795	2	290	A	G
N1_castellii	0.00984300947785	1	32	A	G
N1_castellii	0.010154679065	1	74	C	T
N1_castellii	0.0108479007035	2	417	A	G
N1_castellii	0.0109133163482	1	389	G	A
N1_castellii	0.0112787967103	1	380	C	T
N1_castellii	0.0115898635607	2	470	A	G
N1_castellii	0.0116959573791	2	402	T	C
N1_castellii	0.0118363980687	1	143	G	A
N1_castellii	0.0120896053627	1	149	C	A
N1_castellii	0.0121108466793	2	41	C	T
N1_castellii	0.0122160488154	2	482	C	T
N1_castellii	0.0124378979772	1	413	A	T
N1_castellii	0.0125982387766	2	470	G	A
N1_N2	2.39142843841e-05	2	467	A	G
N1_N2	5.89620062626e-05	1	53	C	T
N1_N2	0.000588619435499	2	387	G	A
N1_N2	0.00119520997872	1	362	T	C
N1_N2	0.00122216928214	2	120	A	G
N1_N2	0.00167107541163	1	227	T	C
N1_N2	0.00174680196569	2	383	T	C
N1_N2	0.00188107159287	1	8	G	A
N1_N2	0.00237817883039	1	11	T	C
N1_N2	0.0025727030397	1	92	C	T
N1_N2	0.00262816737404	2	44	C	T
N1_N2	0.00305636355949	2	206	C	T
N1_N2	0.00309723745148	2	485	G	A
N1_N2	0.00371468114409	1	197	G	A
N1_N2	0.00393037845227	2	41	T	C
N1_N2	0.00401322054227	2	319	T	C
N1_N2	0.0044956518282	2	344	T	C
N1_N2	0.00457174014462	1	242	C	T
N1_N2	0.00504211188226	2	401	A	G
N1_N2	0.00516057607627	2	347	T	C
N1_N2	0.00523119000113	2	80	G	A
N1_N2	0.00536362701607	2	491	G	A
N1_N2	0.00560185557256	1	224	G	A
N1_N2	0.00588725489737	1	146	T	C
N1_N2	0.00589691377093	2	185	G	A
N1_N2	0.00602190611516	1	89	T	C
N1_N2	0.00610832563787	2	381	A	G
N1_N2	0.00649772459219	2	183	C	G
N1_N2	0.00656974671709	1	212	T	C
N1_N2	0.00659539931606	2	470	T	C
N1_N2	0.00683075772195	1	170	G	A
N1_N2	0.00707412313813	1	428	T	C
N1_N2	0.00730788542839	2	464	C	T
N1_N2	0.00745182065443	1	113	G	T
N1_N2	0.00750049820647	2	273	C	T
N1_N2	0.00790232896691	1	185	G	A
N1_N2	0.0079981449269	1	41	T	C
N1_N2	0.00850123898256	1	479	C	T
N1_N2	0.00927434293029	2	44	T	C
N1_N2	0.00947723787996	2	225	G	A
N1_N2	0.0099056884373	2	110	T	C
N1_N2	0.0101177934883	2	160	C	T
N1_N2	0.011646744358	1	251	A	G
N1_N2	0.0117691157884	1	404	G	A
N1_N2	0.0117963849383	1	288	C	T
N1_N2	0.011956155411	2	296	A	G
N1_N2	0.0119595271839	1	362	C	T
N1_N2	0.0125943226483	1	419	G	A
N1_N2	0.0126818619504	1	389	G	A
N1_N2	0.0127476381562	2	163	A	G
N1_N2	0.0132196142268	1	80	G	A
N1_N2	0.0133117685193	1	344	T	C
N1_N2	0.0133841470774	2	65	C	T
N1_N2	0.0137786887882	2	140	G	A
N1_N2	0.0138226412522	2	386	C	T
N1_N2	0.0147559230772	2	482	C	T
N1_N2	0.0148890397767	2	257	C	T
N1_N2	0.0149672305665	2	251	A	G
N1_N2	0.0153329951821	2	272	A	G
N1_N2	0.0153485754665	2	305	T	C
N1_N2	0.015386900657	1	191	G	A
N1_N2	0.0154761189582	2	404	G	A
N1_N2	0.0156223315086	1	345	T	C
N1_N2	0.0157411233041	2	419	G	A
N1_N2	0.0158529847481	1	134	C	T
N2_bayanus	0.000183322191686	1	18	C	T
N2_bayanus	0.000438104094499	1	59	G	A
N2_bayanus	0.000531881001392	2	107	T	C
N2_bayanus	0.000616861638407	2	83	A	G
N2_bayanus	0.000750091407263	2	266	C	T
N2_bayanus	0.000974514788547	2	416	G	A
N2_bayanus	0.00104331610865	1	431	C	T
N2_bayanus	0.00110366136963	1	137	G	A
N2_bayanus	0.00114938968582	2	122	C	T
N2_bayanus	0.00131502727523	2	452	A	G
N2_bayanus	0.00170537630008	2	341	G	A
N3_kudriavzevii	0.000569261620254	1	104	A	C
N3_kudriavzevii	0.000893673568489	1	293	T	C
N3_kudriavzevii	0.00100577301754	2	170	G	A
N3_kudriavzevii	0.00136262049941	2	347	C	T
N3_kudriavzevii	0.00191361547789	1	413	A	G
N3_kudriavzevii	0.00209373188834	2	467	A	G
N3_kudriavzevii	0.00225665003789	2	380	C	T
N3_kudriavzevii	0.00284644283792	1	350	A	G
N3_kudriavzevii	0.00313221209065	1	140	G	A
N3_kudriavzevii	0.00337891765144	1	431	C	T
N3_kudriavzevii	0.00391865332192	2	173	G	A
N3_kudriavzevii	0.0043046573035	1	350	G	A
N3_kudriavzevii	0.00489643589338	2	104	A	G
N3_kudriavzevii	0.00531272532231	2	32	A	T
N3_kudriavzevii	0.00538540993658	1	263	C	T
N3_kudriavzevii	0.00539915941203	1	389	G	A
N3_kudriavzevii	0.00573974558472	1	416	G	A
N3_kudriavzevii	0.00579707345309	2	143	G	A
N3_N4	0.000634900802261	1	230	T	C
N3_N4	0.000774782919255	2	194	C	T
N3_N4	0.000796715292528	2	456	T	C
N3_N4	0.00135573258174	2	263	C	T
N3_N4	0.00137297407264	2	167	T	C
N3_N4	0.00145298026347	2	293	T	C
N3_N4	0.00170181705688	2	473	C	T
N3_N4	0.00171225575567	1	65	C	T
N3_N4	0.0017959557363	1	338	C	T
N3_N4	0.00195200899123	2	27	T	C
N3_N4	0.00209143322143	1	146	C	T
N4_mikatae	3.86124567929e-05	1	218	G	A
N4_mikatae	0.000306309509334	1	182	A	G
N4_mikatae	0.000884662215081	2	341	G	A
N4_mikatae	0.00134344641473	1	173	G	A
N4_mikatae	0.00147767231373	2	149	C	T
N4_mikatae	0.00264638322677	1	272	G	A
N4_mikatae	0.00298593140313	1	323	T	C
N4_mikatae	0.00300960968227	2	23	A	G
N4_mikatae	0.00317133964028	1	368	T	C
N4_mikatae	0.00323425671931	1	374	A	G
N4_mikatae	0.00324547206737	1	257	T	C
N4_mikatae	0.00361590925813	2	254	T	C
N4_N5	0.000211244896242	2	359	A	G
N4_N5	0.000245770045145	1	299	C	T
N4_N5	0.000308158223896	1	116	G	A
N4_N5	0.000819708671691	2	407	G	A
N4_N5	0.00117554496538	2	167	C	T
N4_N5	0.00119272905009	2	8	G	A
N4_N5	0.00120157611379	2	68	C	T
N4_N5	0.00153551793466	2	86	T	C
N5_paradoxus	6.60269257066e-06	2	150	T	C
N5_paradoxus	0.000189723401419	2	407	A	G
N5_paradoxus	0.000609729257475	2	36	A	G
N5_paradoxus	0.000765615017096	2	113	G	A
N5_paradoxus	0.000818527091091	2	452	A	G
N5_paradoxus	0.00111890756581	2	125	A	T
N5_paradoxus	0.00139862631717	2	242	C	G
N5_paradoxus	0.00151433586764	1	197	A	G
N5_cerevisiae	0.000147679341117	1	479	C	T
N5_cerevisiae	0.000185464922249	2	161	A	G
N5_cerevisiae	0.000234065993431	1	83	A	G
N5_cerevisiae	0.000402381626462	1	314	G	A
N5_cerevisiae	0.000437610101245	2	104	A	G
N5_cerevisiae	0.000767665441585	2	47	G	A
N5_cerevisiae	0.0013181871612	1	122	C	T
N5_cerevisiae	0.002215382629	1	386	T	C
N5_cerevisiae	0.00223139625375	2	428	T	G
N5_cerevisiae	0.0025220769267	2	167	T	C
N5_cerevisiae	0.00314255521226	2	467	A	T
N5_cerevisiae	0.00324095030186	2	260	T	G
N5_cerevisiae	0.00335246580816	2	254	T	C
N5_cerevisiae	0.00394313753417	1	41	C	T
N5_cerevisiae	0.00397783106035	2	224	G	A
