edge	time	mut_orlg	mut_pos	old_state	new_state
N0_kluyveri	0.00151694008686	0	35	C	T
N0_kluyveri	0.00208559018919	0	338	T	C
N0_kluyveri	0.00276597258774	0	332	T	C
N0_kluyveri	0.00398357784859	0	70	A	G
N0_kluyveri	0.00409455350001	0	368	T	C
N0_kluyveri	0.00412126165323	0	14	G	A
N0_kluyveri	0.0043526193506	0	6	T	C
N0_kluyveri	0.00476387503264	0	71	A	G
N0_kluyveri	0.00498347156652	0	38	C	T
N0_kluyveri	0.00648029092328	0	485	A	G
N0_kluyveri	0.00676704209889	0	17	T	C
N0_kluyveri	0.00774423131718	0	38	T	A
N0_kluyveri	0.00848891798038	0	374	G	T
N0_kluyveri	0.00876190031977	0	362	T	C
N0_kluyveri	0.00915708322023	0	485	G	A
N0_kluyveri	0.00929067958172	0	299	A	G
N0_kluyveri	0.00959633433016	0	65	C	T
N0_kluyveri	0.0104184857613	0	59	C	T
N0_kluyveri	0.011785057311	0	362	C	T
N0_kluyveri	0.0121385951304	0	62	T	C
N0_kluyveri	0.0121635202135	0	419	C	T
N0_kluyveri	0.0122392329411	0	278	G	A
N0_kluyveri	0.0122619554599	0	384	C	T
N0_kluyveri	0.0123224369294	0	113	A	G
N0_kluyveri	0.01249377733	0	476	T	C
N0_kluyveri	0.0126161235103	0	164	G	A
N0_kluyveri	0.0127948593437	0	248	T	C
N0_kluyveri	0.0133228445215	0	416	C	T
N0_kluyveri	0.0135398751517	0	6	C	T
N0_D1	1.0183276085e-05	0	485	A	G
N0_D1	0.000603319832622	0	23	A	T
N0_D1	0.000733836497262	0	71	A	G
N0_D1	0.000921457029612	0	102	A	G
N0_D1	0.00111909524175	0	5	T	C
N0_D1	0.00126531603747	0	317	C	T
N0_D1	0.00143202485769	0	17	T	C
D1_N1	0.00017016949157	2	305	G	A
D1_N1	0.000204677491084	2	80	C	A
D1_N1	0.000290072811807	1	383	T	C
D1_N1	0.000366507257282	1	230	T	C
D1_N1	0.00163995677799	1	128	T	C
D1_N1	0.00170684451057	1	233	T	A
D1_N1	0.00176695623321	2	239	T	C
D1_N1	0.00196442888312	2	212	G	A
D1_N1	0.00201695222563	2	197	T	G
D1_N1	0.0020692627042	1	104	T	A
D1_N1	0.00214791048334	2	129	T	C
D1_N1	0.00229396748773	1	227	T	C
D1_N1	0.00238330706317	1	23	T	C
D1_N1	0.00268779998146	1	464	A	G
D1_N1	0.00276156089037	2	287	G	A
D1_N1	0.0028320261308	1	91	T	C
D1_N1	0.00312235265406	1	212	G	A
D1_N1	0.0031973632015	2	119	A	G
N1_castellii	0.00102934137579	1	50	C	T
N1_castellii	0.0014254151659	1	464	G	A
N1_castellii	0.00177930650563	2	359	A	G
N1_castellii	0.00194239213402	2	332	T	C
N1_castellii	0.00219712727216	2	92	T	C
N1_castellii	0.00221137071861	2	152	C	T
N1_castellii	0.00236287781207	2	308	G	A
N1_castellii	0.00267082973344	2	171	A	G
N1_castellii	0.00297536994901	1	293	T	C
N1_castellii	0.00305058637181	2	230	T	C
N1_castellii	0.00313714018736	1	380	A	G
N1_castellii	0.00395229763513	1	425	A	G
N1_castellii	0.0039758540618	1	149	A	G
N1_castellii	0.00444265246244	2	170	A	G
N1_castellii	0.00526620079389	2	311	A	G
N1_castellii	0.00528348761593	1	353	T	C
N1_castellii	0.00544880973431	2	115	T	C
N1_castellii	0.00550597162927	1	65	C	T
N1_castellii	0.00684468992204	1	46	C	T
N1_castellii	0.00704027428472	2	449	T	C
N1_castellii	0.0072592837828	2	413	T	C
N1_castellii	0.00743758064082	2	428	C	T
N1_castellii	0.00749458585772	1	260	G	A
N1_castellii	0.00756882710459	2	95	T	G
N1_castellii	0.00775570746903	2	248	T	C
N1_castellii	0.00797486893418	2	14	G	A
N1_castellii	0.00802702158575	1	392	T	G
N1_castellii	0.00806863462912	2	56	G	A
N1_castellii	0.00853935228477	2	407	A	G
N1_castellii	0.00860122536505	2	188	A	G
N1_castellii	0.00879998521695	1	431	C	T
N1_castellii	0.00884681571203	1	203	A	G
N1_castellii	0.00909875959402	2	371	G	C
N1_castellii	0.00938432809536	1	491	T	C
N1_castellii	0.0100306135923	2	479	C	T
N1_castellii	0.0101064633768	1	384	C	T
N1_castellii	0.0102165846313	1	317	T	C
N1_castellii	0.0105107160859	1	407	A	T
N1_castellii	0.0106985385993	2	419	C	T
N1_castellii	0.0112823978556	1	488	T	C
N1_castellii	0.0114407486795	2	479	T	C
N1_castellii	0.0116553981977	1	314	T	A
N1_castellii	0.0116886290504	2	110	A	G
N1_castellii	0.0119416631873	2	128	T	C
N1_castellii	0.0122095817141	1	136	A	G
N1_castellii	0.0126172317511	1	419	C	A
N1_castellii	0.0127010088222	1	195	G	A
N1_N2	2.07510781377e-06	2	486	G	A
N1_N2	0.000163208324729	1	38	C	T
N1_N2	0.000588381775256	1	424	A	G
N1_N2	0.000635930990135	2	125	G	A
N1_N2	0.000735499512188	1	38	T	C
N1_N2	0.000792501849217	1	440	A	G
N1_N2	0.00147447855843	2	164	G	A
N1_N2	0.00152325984521	1	17	C	T
N1_N2	0.00159053258242	2	263	T	C
N1_N2	0.00174928109022	2	230	T	C
N1_N2	0.00179906170856	1	116	A	G
N1_N2	0.0022451974331	1	5	C	T
N1_N2	0.00226536069087	2	194	A	G
N1_N2	0.00228834719014	1	170	A	G
N1_N2	0.00235196968275	2	203	A	G
N1_N2	0.00265527854066	2	374	G	A
N1_N2	0.00309379613736	1	242	G	A
N1_N2	0.00354860402118	1	455	G	A
N1_N2	0.00365243994109	1	23	C	G
N1_N2	0.00372235539018	1	473	T	C
N1_N2	0.00412386503704	1	422	C	G
N1_N2	0.00416682871739	1	149	A	G
N1_N2	0.00419188389771	2	453	A	G
N1_N2	0.00458829174036	2	341	A	G
N1_N2	0.0046089165229	1	422	G	A
N1_N2	0.0049658276767	2	104	T	C
N1_N2	0.00556022047469	1	269	A	G
N1_N2	0.00560653252141	1	209	A	C
N1_N2	0.00604898903415	2	393	C	T
N1_N2	0.00662078486454	2	194	G	A
N1_N2	0.00714193643944	2	116	A	G
N1_N2	0.00718271186795	2	413	T	C
N1_N2	0.00800506557941	2	92	T	C
N1_N2	0.00831529829944	2	128	T	C
N1_N2	0.00951824792032	2	455	G	A
N1_N2	0.00952140625853	1	296	A	G
N1_N2	0.0102130674503	2	140	T	C
N1_N2	0.0108514727227	2	251	C	T
N1_N2	0.010897829753	2	269	A	C
N1_N2	0.0109626316585	2	386	T	G
N1_N2	0.01105495349	1	50	C	T
N1_N2	0.0111483943797	2	233	T	C
N1_N2	0.0111608449072	1	200	G	A
N1_N2	0.0117011897532	2	453	G	A
N1_N2	0.01181611758	2	245	T	C
N1_N2	0.0118644112038	2	49	T	C
N1_N2	0.0120257327483	2	122	T	C
N1_N2	0.0123109451313	1	479	C	T
N1_N2	0.012387732744	2	324	A	G
N1_N2	0.0125727408962	2	470	A	G
N1_N2	0.0126427923846	2	47	T	C
N1_N2	0.013157334026	2	65	C	T
N1_N2	0.0132434888685	1	440	G	A
N1_N2	0.0134036416321	1	206	T	C
N1_N2	0.0134295016993	2	437	T	C
N1_N2	0.0134645769263	1	317	T	C
N1_N2	0.0134904444032	2	197	G	A
N1_N2	0.0134999886852	2	491	T	C
N1_N2	0.0137106609914	2	349	C	T
N1_N2	0.0137730380567	2	86	T	C
N1_N2	0.0138861424592	2	107	T	C
N1_N2	0.0139053902993	1	449	T	C
N1_N2	0.0140378714542	1	107	T	A
N1_N2	0.014616642762	2	227	T	C
N1_N2	0.0147142273023	1	94	C	T
N1_N2	0.0150251320452	2	155	T	C
N1_N2	0.015033558907	2	47	C	T
N1_N2	0.0153348236067	2	20	T	C
N1_N2	0.0153425593155	2	176	G	A
N1_N2	0.0154696625408	1	2	C	T
N1_N2	0.0157467182279	2	314	T	C
N1_N2	0.0157858616928	1	26	T	C
N1_N2	0.0158712948178	2	62	T	G
N2_bayanus	0.00015084809837	1	287	G	A
N2_bayanus	0.000348159567303	2	428	C	T
N2_bayanus	0.00046928141769	2	356	G	A
N2_bayanus	0.000614718035193	2	470	G	A
N2_bayanus	0.00117856106524	1	383	C	T
N2_bayanus	0.00155257507814	1	485	G	A
N2_bayanus	0.00228764829159	1	491	T	C
N2_N3	0.000185981086577	1	215	T	C
N2_N3	0.000492058767821	2	440	A	G
N2_N3	0.00064560432018	2	164	A	G
N2_N3	0.000990410175007	2	224	C	T
N2_N3	0.00106027968856	2	431	C	T
N2_N3	0.00106741930145	1	260	G	T
N2_N3	0.00129600968761	2	188	A	G
N3_kudriavzevii	0.000139308971353	2	491	C	T
N3_kudriavzevii	0.000143961798606	2	140	C	T
N3_kudriavzevii	0.000348069299355	2	56	G	A
N3_kudriavzevii	0.000629422915764	2	5	C	G
N3_kudriavzevii	0.00064541261516	1	458	G	A
N3_kudriavzevii	0.00109033665013	1	89	T	G
N3_kudriavzevii	0.00164890987972	2	362	T	C
N3_kudriavzevii	0.00168525555154	1	485	G	A
N3_kudriavzevii	0.00210999992837	1	146	T	C
N3_kudriavzevii	0.00215269499205	1	350	A	G
N3_kudriavzevii	0.00262573093997	1	384	C	T
N3_kudriavzevii	0.00314059495825	2	251	T	C
N3_kudriavzevii	0.0031884972953	2	261	G	A
N3_kudriavzevii	0.00323151316489	1	278	G	A
N3_kudriavzevii	0.00325606927709	1	260	T	C
N3_kudriavzevii	0.00344856785949	2	358	C	T
N3_kudriavzevii	0.00419067956157	2	308	G	A
N3_kudriavzevii	0.00420838526576	1	425	A	G
N3_kudriavzevii	0.00447268137905	2	452	A	C
N3_kudriavzevii	0.00449958168617	2	485	G	A
N3_kudriavzevii	0.00450618147598	1	14	G	T
N3_kudriavzevii	0.00469283347454	1	485	A	T
N3_kudriavzevii	0.00490634023203	2	278	G	A
N3_kudriavzevii	0.0053989655513	2	159	G	A
N3_kudriavzevii	0.00570768865467	1	20	T	C
N3_kudriavzevii	0.00575009619467	1	203	A	C
N3_N4	0.000333926850163	2	248	T	C
N3_N4	0.000669384445628	1	401	A	G
N3_N4	0.000938434600329	2	389	C	T
N3_N4	0.000962141703063	2	294	T	C
N3_N4	0.000986721522922	2	488	T	C
N3_N4	0.00105510378923	2	491	C	T
N3_N4	0.0012705622794	2	257	T	C
N3_N4	0.00170551980498	1	470	A	G
N3_N4	0.00191190942034	1	170	G	A
N3_N4	0.0022492234652	2	485	G	T
N4_mikatae	0.000844232123917	2	314	C	T
N4_mikatae	0.00123297784096	2	374	A	G
N4_mikatae	0.00130578298174	2	263	C	T
N4_mikatae	0.00154575594229	1	364	A	G
N4_mikatae	0.00170517865475	1	428	C	T
N4_mikatae	0.00171561295024	1	341	A	G
N4_mikatae	0.00211883070819	1	302	T	C
N4_mikatae	0.00218840424878	1	149	G	A
N4_mikatae	0.00219042339204	2	476	T	A
N4_mikatae	0.0022567147493	1	105	C	T
N4_mikatae	0.00243450178026	1	246	G	A
N4_mikatae	0.00247981577181	1	419	C	T
N4_mikatae	0.00331118670631	1	122	T	C
N4_mikatae	0.00401587500997	1	341	G	A
N4_N5	5.67463230191e-05	2	326	T	C
N4_N5	0.000178730858998	2	320	A	G
N4_N5	0.00023268149705	1	104	A	G
N4_N5	0.000270022985809	2	113	A	G
N4_N5	0.000285048158882	1	422	A	G
N4_N5	0.000303224264487	1	173	C	T
N4_N5	0.00038243033986	1	356	G	A
N4_N5	0.00048394083283	1	239	T	C
N4_N5	0.000708493678309	2	223	A	G
N4_N5	0.000825034345131	2	455	A	G
N4_N5	0.00139664979445	1	344	T	A
N4_N5	0.00143797500651	2	281	A	G
N4_N5	0.00145010416841	1	308	G	A
N4_N5	0.00154262189533	2	479	C	T
N5_paradoxus	4.53455112101e-05	2	200	G	A
N5_paradoxus	0.000580472073824	1	407	A	G
N5_paradoxus	0.00126886764077	2	473	T	C
N5_paradoxus	0.00131269852354	2	80	A	G
N5_paradoxus	0.00135237159528	1	137	A	G
N5_paradoxus	0.00144125686188	2	215	T	C
N5_cerevisiae	0.000133733723129	1	218	T	C
N5_cerevisiae	0.000239117081053	2	230	C	T
N5_cerevisiae	0.000272302109905	1	187	T	C
N5_cerevisiae	0.000322146686347	2	32	A	G
N5_cerevisiae	0.000635576109824	1	449	C	T
N5_cerevisiae	0.00104149815396	2	335	C	T
N5_cerevisiae	0.00116237983354	2	458	G	C
N5_cerevisiae	0.0012163504149	1	419	C	G
N5_cerevisiae	0.00124931251587	1	297	G	A
N5_cerevisiae	0.00137728312542	2	143	T	A
N5_cerevisiae	0.00139819379394	1	126	C	T
N5_cerevisiae	0.00151754268799	1	485	G	A
N5_cerevisiae	0.0020317381503	1	416	C	T
N5_cerevisiae	0.00221668629241	2	338	T	C
N5_cerevisiae	0.00236362275968	2	272	A	T
N5_cerevisiae	0.00251821941267	2	242	G	A
N5_cerevisiae	0.00255081743139	1	50	T	C
N5_cerevisiae	0.00294193886038	1	446	T	C
N5_cerevisiae	0.00328215939046	2	386	G	A
N5_cerevisiae	0.00369197378471	2	443	C	T
N5_cerevisiae	0.00392744686878	2	416	C	T
