edge	time	mut_orlg	mut_pos	old_state	new_state
N0_kluyveri	0.00101483320629	0	368	G	A
N0_kluyveri	0.00133517097324	0	485	C	T
N0_kluyveri	0.00262642784881	0	464	G	A
N0_kluyveri	0.00267142765864	0	668	G	A
N0_kluyveri	0.00301331425038	0	812	A	G
N0_kluyveri	0.00364341086373	0	683	T	C
N0_kluyveri	0.00420716951883	0	263	G	A
N0_kluyveri	0.00433540953447	0	788	G	A
N0_kluyveri	0.00437573661731	0	569	T	C
N0_kluyveri	0.00559561878919	0	68	T	C
N0_kluyveri	0.00604949414082	0	710	A	G
N0_kluyveri	0.00693506655601	0	59	A	G
N0_kluyveri	0.00703202969881	0	455	T	C
N0_kluyveri	0.00712497873126	0	179	G	A
N0_kluyveri	0.00722149869787	0	179	A	G
N0_kluyveri	0.00733477601206	0	206	A	G
N0_kluyveri	0.00788647382058	0	695	T	C
N0_kluyveri	0.00789746963625	0	551	G	A
N0_kluyveri	0.00798390141711	0	752	T	C
N0_kluyveri	0.00812184944132	0	785	G	A
N0_kluyveri	0.00816646764792	0	755	A	G
N0_kluyveri	0.00864584711665	0	44	G	A
N0_kluyveri	0.00865705998342	0	569	C	T
N0_kluyveri	0.00874990851191	0	236	T	C
N0_kluyveri	0.00876576352445	0	713	T	A
N0_kluyveri	0.00916251538354	0	590	A	C
N0_kluyveri	0.00935357429552	0	179	G	A
N0_kluyveri	0.00935948537486	0	671	C	T
N0_kluyveri	0.010283862878	0	425	C	T
N0_kluyveri	0.0103043748396	0	690	G	A
N0_kluyveri	0.0105634835096	0	686	A	G
N0_kluyveri	0.0107481608334	0	803	G	T
N0_kluyveri	0.0108447345797	0	437	G	A
N0_D1	0.00058746517177	0	716	C	T
N0_D1	0.000638988057113	0	212	G	C
N0_D1	0.000722635185911	0	203	A	G
N0_D1	0.000765225045427	0	446	T	C
D1_N1	5.69515738553e-05	2	645	G	A
D1_N1	5.84083390721e-05	1	176	G	A
D1_N1	0.000650564118594	2	695	T	C
D1_N1	0.000676524921275	2	488	G	T
D1_N1	0.00103522212924	1	671	C	T
D1_N1	0.00120282141738	1	566	T	A
D1_N1	0.00141286927633	2	179	G	A
D1_N1	0.00156381698887	1	727	G	A
D1_N1	0.00164173179187	1	722	T	C
D1_N1	0.00178265772203	2	170	G	A
D1_N1	0.00183906647555	2	476	T	A
D1_N1	0.00190001757991	2	614	A	G
D1_N1	0.00193389689236	2	653	T	C
D1_N1	0.00197039510127	1	810	C	T
D1_N1	0.00236852964825	2	764	T	C
D1_N1	0.00239524116849	1	110	C	T
D1_N1	0.00239616017896	1	548	G	A
D1_N1	0.00240807950474	2	100	A	G
D1_N1	0.00247228967397	2	797	A	G
D1_N1	0.00264831541818	2	491	C	T
D1_N1	0.00325163046055	2	17	T	A
D1_N1	0.00358395213242	2	665	A	G
D1_N1	0.00397652266635	2	755	A	G
D1_N1	0.00401570351423	2	314	A	G
D1_N1	0.00403924001455	1	404	C	G
D1_N1	0.00433966207228	2	185	A	G
D1_N1	0.0043869000597	2	50	A	G
D1_N1	0.00475782254306	2	293	G	A
D1_N1	0.00531410903076	1	809	C	G
D1_N1	0.00546682231692	2	725	A	C
D1_N1	0.00593137656898	1	257	T	C
D1_N1	0.0062012532479	1	281	C	T
D1_N1	0.00635709084341	2	113	C	T
D1_N1	0.00644776711477	2	587	A	G
D1_N1	0.0064631324831	1	677	C	T
D1_N1	0.0068056676209	1	695	T	C
D1_N1	0.00683987057518	2	683	T	C
D1_N1	0.0071270574697	2	26	C	T
D1_N1	0.00722676847884	1	182	C	T
D1_N1	0.00728253691621	2	770	T	A
D1_N1	0.00728725370999	2	23	C	A
D1_N1	0.00744738425816	2	50	G	A
D1_N1	0.00770136194036	2	26	T	C
D1_N1	0.00781575228343	1	740	A	G
D1_N1	0.00782136411202	1	254	A	G
D1_N1	0.00783145231861	1	698	T	A
D1_N1	0.00784311624576	2	647	C	T
D1_N1	0.0079934390991	1	503	T	C
D1_N1	0.00839010416519	2	554	C	T
D1_N1	0.00842232112261	1	779	C	T
D1_N1	0.00846018174887	1	61	G	A
D1_N1	0.00886301852251	1	477	G	A
D1_N1	0.00923850656628	1	365	G	C
D1_N1	0.0092671120091	1	371	T	C
D1_N1	0.00929096984388	2	77	G	A
D1_N1	0.0093605772646	2	701	A	G
D1_N1	0.00936308313592	2	357	T	C
D1_N1	0.00942132939014	1	470	A	G
D1_N1	0.00944376536408	2	275	C	T
D1_N1	0.00958398571626	1	641	T	C
D1_N1	0.00962290468127	2	677	C	T
D1_N1	0.00975262625078	2	737	C	T
D1_N1	0.00976890447983	1	191	C	T
D1_N1	0.00980963007554	1	284	C	T
D1_N1	0.0103279103479	2	551	G	A
D1_N1	0.0105326247067	2	686	A	G
D1_N1	0.0105833154225	2	434	G	A
D1_N1	0.0108799207517	2	596	A	G
D1_N1	0.0109080778287	1	261	C	T
D1_N1	0.0109953786155	1	255	A	G
D1_N1	0.0110779844738	1	470	G	A
D1_N1	0.0114459310622	1	785	G	A
D1_N1	0.0117746996975	2	569	T	C
D1_N1	0.0118570980617	1	20	G	A
D1_N1	0.0120204679045	1	197	T	C
D1_N1	0.0120726970027	2	86	G	A
D1_N1	0.012187597007	1	696	T	C
D1_N1	0.0124286809889	1	38	G	T
D1_N1	0.0125428216591	1	248	T	C
N1_castellii	0.000100332130427	1	806	T	C
N1_castellii	0.000169943528283	2	545	T	C
N1_castellii	0.000289449449361	2	434	G	A
N1_castellii	0.000379339301752	1	800	T	C
N1_castellii	0.000439609165808	2	29	T	C
N1_castellii	0.000504180069566	2	803	G	A
N1_castellii	0.000712772701137	1	435	A	G
N1_castellii	0.000992660195315	2	266	G	A
N1_castellii	0.00104374794509	2	359	G	A
N1_castellii	0.00135250171822	2	12	T	C
N1_castellii	0.00148912063254	2	278	A	T
N1_castellii	0.00150076668686	2	344	G	A
N1_castellii	0.0015761023305	2	161	C	T
N1_castellii	0.00159980806578	2	614	G	A
N1_castellii	0.0017901711774	1	248	C	T
N1_castellii	0.00179196879099	2	710	A	T
N1_castellii	0.00183354506426	1	145	G	A
N1_castellii	0.00186932644594	1	200	T	C
N1_castellii	0.00191725047836	1	674	A	G
N1_castellii	0.00201392169527	1	755	A	G
N1_castellii	0.00271995344187	1	425	C	T
N1_castellii	0.00278113893237	1	113	C	T
N1_castellii	0.00326210705544	1	707	C	T
N1_castellii	0.00349697067219	2	332	C	T
N1_castellii	0.00358718167523	2	824	T	G
N1_castellii	0.00373523745126	2	608	C	T
N1_castellii	0.0038200779392	1	584	A	T
N1_castellii	0.00405693756916	2	254	A	G
N1_castellii	0.00415155399625	2	66	A	G
N1_castellii	0.00420456358436	1	668	G	A
N1_castellii	0.00426782497631	2	362	T	C
N1_castellii	0.00434458235596	2	434	A	G
N1_castellii	0.00520577810256	1	656	T	C
N1_castellii	0.00538833900319	1	336	T	C
N1_castellii	0.00550253348857	2	365	G	A
N1_castellii	0.00551559299437	2	284	C	T
N1_castellii	0.00593014711932	2	83	T	C
N1_castellii	0.00600415984084	1	236	T	C
N1_castellii	0.00603119699466	2	401	T	C
N1_castellii	0.00643271973937	2	800	T	C
N1_castellii	0.0066479033722	2	317	T	C
N1_castellii	0.00672436459678	1	254	G	A
N1_castellii	0.00697084885651	2	782	T	A
N1_castellii	0.00707114859168	1	218	T	C
N1_castellii	0.00732898620268	2	629	A	G
N1_castellii	0.00749947969293	1	234	G	A
N1_castellii	0.00765820556771	2	560	C	T
N1_castellii	0.0078420189573	2	428	A	G
N1_castellii	0.00794702673146	1	821	C	T
N1_castellii	0.00811161961287	1	158	T	C
N1_castellii	0.00816838574095	1	608	C	T
N1_castellii	0.00827314643981	1	593	A	G
N1_castellii	0.00830134706715	1	641	C	T
N1_castellii	0.00857109196718	2	797	G	A
N1_castellii	0.00875671976092	2	818	C	T
N1_castellii	0.0087905444785	2	410	A	G
N1_castellii	0.00879752295702	1	152	C	T
N1_castellii	0.00883719841187	1	695	C	A
N1_castellii	0.00902995404382	2	11	C	T
N1_castellii	0.00911379988182	1	308	T	C
N1_castellii	0.0092512617094	2	278	T	C
N1_castellii	0.00938281708566	1	399	T	C
N1_castellii	0.00944830372568	1	634	G	A
N1_castellii	0.00989092114844	1	275	C	T
N1_castellii	0.00989916672738	2	728	A	T
N1_castellii	0.0104508754118	1	44	G	A
N1_castellii	0.0104888347251	1	110	T	C
N1_castellii	0.0105198053173	1	716	T	C
N1_castellii	0.0107638022871	1	105	A	C
N1_castellii	0.0107908666417	2	539	C	T
N1_castellii	0.0108777055721	2	332	T	C
N1_castellii	0.0109333265564	2	596	G	A
N1_castellii	0.0110670926301	1	806	T	C
N1_castellii	0.011067133317	2	329	G	A
N1_castellii	0.0118040632502	2	155	C	T
N1_castellii	0.0120115103191	2	405	G	A
N1_castellii	0.0120884101399	2	35	C	T
N1_castellii	0.0122955897669	1	41	C	A
N1_castellii	0.0129945737003	1	152	T	C
N1_castellii	0.0133073741498	1	353	C	T
N1_castellii	0.0134983909673	1	545	T	C
N1_castellii	0.0135079936083	1	287	G	A
N1_castellii	0.0135359773204	1	422	A	C
N1_castellii	0.0138384081757	1	665	A	C
N1_N2	9.13914769511e-05	1	464	G	A
N1_N2	0.000344523153414	1	539	C	T
N1_N2	0.00058755535162	2	44	G	A
N1_N2	0.000592483644854	2	233	T	C
N1_N2	0.000641543479439	2	287	G	A
N1_N2	0.00135607430264	2	542	G	A
N1_N2	0.00166011386003	2	644	G	A
N1_N2	0.00189285196799	1	14	A	T
N1_N2	0.00201409069114	1	236	T	C
N1_N2	0.00205336253766	2	380	T	C
N1_N2	0.00216165046115	1	596	A	G
N1_N2	0.00230883370829	1	359	G	A
N1_N2	0.0024417745494	1	359	A	G
N1_N2	0.00262850041812	1	737	C	T
N1_N2	0.00303573716991	2	563	A	C
N1_N2	0.00322538223093	2	503	T	A
N1_N2	0.00341740672545	2	224	T	C
N1_N2	0.00343831901266	2	203	G	A
N1_N2	0.00369430740186	2	560	C	T
N1_N2	0.0037140719466	1	5	T	C
N1_N2	0.00373086246439	2	719	G	A
N1_N2	0.00384588440783	1	473	C	T
N1_N2	0.0038916882223	1	758	T	C
N1_N2	0.00393535570183	1	308	T	C
N1_N2	0.00403056908416	2	11	C	T
N1_N2	0.004184602303	1	365	G	A
N1_N2	0.00431446616861	1	131	C	T
N1_N2	0.00432692116596	1	398	A	G
N1_N2	0.00441217203386	2	269	T	C
N1_N2	0.00447105653766	1	767	G	T
N1_N2	0.00455922499056	1	257	C	T
N1_N2	0.00473929475547	2	536	G	A
N1_N2	0.00510045232096	1	587	A	G
N1_N2	0.00511156292718	1	653	T	C
N1_N2	0.00512694430442	1	272	G	C
N1_N2	0.00571560906828	1	275	C	T
N1_N2	0.00574982042757	1	6	T	C
N1_N2	0.00577198019305	2	434	G	A
N1_N2	0.00579703104221	1	302	T	C
N1_N2	0.00582206580945	2	212	C	T
N1_N2	0.00620618007145	2	404	G	A
N1_N2	0.00621694925242	2	488	G	T
N1_N2	0.00630940709166	1	77	G	A
N1_N2	0.00658675848501	2	464	G	A
N1_N2	0.00669382336861	1	572	G	A
N1_N2	0.00697380003825	2	92	T	C
N1_N2	0.00706324388555	1	614	G	A
N1_N2	0.00729198395715	1	176	A	G
N1_N2	0.0074775280177	1	393	C	T
N1_N2	0.00751026178357	1	362	T	C
N1_N2	0.00768295235033	1	230	C	T
N1_N2	0.00772222442456	1	800	T	C
N1_N2	0.00795438341068	2	497	G	A
N2_bayanus	3.40786808216e-05	1	710	A	C
N2_bayanus	0.000292600061649	2	248	T	C
N2_bayanus	0.000334107732609	2	11	T	C
N2_bayanus	0.000515283363668	2	593	A	G
N2_bayanus	0.000828261521482	1	650	G	A
N2_bayanus	0.000911240734223	2	272	G	A
N2_bayanus	0.000944348607792	2	620	T	C
N2_bayanus	0.00124695016646	2	686	G	A
N2_bayanus	0.00151891875494	2	443	G	A
N2_bayanus	0.00160922715134	1	524	T	C
N2_bayanus	0.00163045194333	1	578	T	C
N2_bayanus	0.00169218199295	1	649	C	T
N2_bayanus	0.00181771339836	2	437	G	T
N2_bayanus	0.00189762174661	1	803	G	C
N2_bayanus	0.00240931207371	1	548	A	G
N2_bayanus	0.00257601929046	1	146	G	A
N2_bayanus	0.00262868175314	2	776	G	A
N2_bayanus	0.00265411351669	1	263	G	A
N2_bayanus	0.00294287790394	1	377	A	G
N2_bayanus	0.00302246132313	1	783	T	C
N2_bayanus	0.00350167368301	2	128	A	C
N2_bayanus	0.00382197923784	1	119	A	G
N2_bayanus	0.00430481956563	2	473	C	A
N2_bayanus	0.00436891114981	2	314	G	A
N2_bayanus	0.00453867485556	1	113	T	C
N2_N3	0.000281780030353	2	110	C	T
N3_kudriavzevii	0.000306507635708	2	596	G	C
N3_kudriavzevii	0.00042239567038	1	149	C	T
N3_kudriavzevii	0.000481154219006	1	80	T	C
N3_kudriavzevii	0.000498494728892	1	434	G	C
N3_kudriavzevii	0.000708879135022	1	44	G	A
N3_kudriavzevii	0.000890652711949	1	497	G	A
N3_kudriavzevii	0.00174172168126	2	305	A	G
N3_kudriavzevii	0.00192983477097	2	587	G	A
N3_kudriavzevii	0.00194782468562	1	117	A	G
N3_kudriavzevii	0.00196816851382	2	677	T	C
N3_kudriavzevii	0.00198266767569	1	674	A	G
N3_kudriavzevii	0.00200679363201	1	74	T	C
N3_kudriavzevii	0.00208716319523	2	488	T	C
N3_kudriavzevii	0.0023359121506	1	722	T	C
N3_kudriavzevii	0.00241638115051	2	731	T	G
N3_kudriavzevii	0.00245196585353	2	632	C	T
N3_kudriavzevii	0.00272821792617	1	488	G	C
N3_kudriavzevii	0.00293758150293	1	734	C	T
N3_kudriavzevii	0.00364734550179	2	561	T	C
N3_kudriavzevii	0.00395231462515	2	344	G	A
N3_kudriavzevii	0.00439430676534	1	437	G	A
N3_kudriavzevii	0.00442556193473	1	242	C	G
N3_kudriavzevii	0.00447068182355	1	335	G	T
N3_kudriavzevii	0.00447249181501	1	556	G	A
N3_kudriavzevii	0.0048387308162	1	473	T	C
N3_kudriavzevii	0.00498940087823	2	539	C	T
N3_kudriavzevii	0.00511911396921	1	371	T	C
N3_kudriavzevii	0.00519290729351	1	369	A	G
N3_kudriavzevii	0.00529750625415	1	350	G	C
N3_kudriavzevii	0.00530335352874	1	299	C	T
N3_kudriavzevii	0.00538223061707	1	539	C	T
N3_kudriavzevii	0.00548022558999	2	431	G	A
N3_kudriavzevii	0.00557499095196	1	554	C	A
N3_kudriavzevii	0.0058539952398	1	86	A	C
N3_kudriavzevii	0.00595245770985	2	557	A	G
N3_kudriavzevii	0.00603148358642	2	764	T	C
N3_kudriavzevii	0.00604814322398	1	731	T	C
N3_kudriavzevii	0.0065841307939	1	146	G	A
N3_kudriavzevii	0.00661651393943	1	578	T	C
N4_mikatae	0.000283872350096	2	26	C	T
N4_mikatae	0.000617746908617	1	62	G	A
N4_mikatae	0.000690668351156	2	575	C	T
N4_mikatae	0.000886809256287	2	698	A	G
N4_mikatae	0.000939063249404	1	458	A	T
N4_mikatae	0.00109556287612	2	68	T	C
N4_mikatae	0.00110219928498	2	809	G	A
N4_mikatae	0.0011073312381	2	710	A	G
N4_mikatae	0.00114175948131	1	832	G	C
N4_mikatae	0.00114308200727	1	107	A	G
N4_mikatae	0.001332150264	2	17	A	G
N4_mikatae	0.00137480546072	1	44	G	A
N4_mikatae	0.00146465145583	1	554	C	T
N4_mikatae	0.00150955047596	2	512	T	A
N4_mikatae	0.00180568049595	1	506	A	T
N4_mikatae	0.00186930687467	1	677	T	C
N4_mikatae	0.00207155569773	2	95	A	C
N4_mikatae	0.00233757055211	1	689	G	A
N4_mikatae	0.00235576107671	1	674	A	G
N4_mikatae	0.00262201464912	2	626	G	A
N4_mikatae	0.0026966788805	1	776	G	A
N4_mikatae	0.00270540507118	2	527	T	C
N4_mikatae	0.00276009706017	1	488	G	A
N4_mikatae	0.00280381657896	2	541	C	T
N4_mikatae	0.00283392244194	1	227	C	T
N4_mikatae	0.0029004191582	1	758	C	T
N4_mikatae	0.00301844955344	1	200	T	C
N4_mikatae	0.00324170085098	2	32	T	C
N4_mikatae	0.00329876689514	2	650	G	A
N4_mikatae	0.0036734087716	2	713	T	C
N4_mikatae	0.0039754086059	2	567	G	A
N4_mikatae	0.00408577797	2	464	A	G
N4_mikatae	0.00424756339676	1	211	C	T
N4_mikatae	0.00495462697409	2	815	A	G
N4_mikatae	0.00535098366844	2	413	C	T
N4_mikatae	0.00539445918669	2	210	C	T
N4_mikatae	0.00556087897374	2	740	A	G
N4_mikatae	0.00569419089062	2	401	T	C
N4_mikatae	0.00581442508239	2	590	A	G
N4_mikatae	0.00583424537047	1	641	C	T
N4_mikatae	0.0061767174006	1	633	T	C
N4_mikatae	0.006336870286	2	203	A	G
N4_N5	0.00041361144845	1	272	C	T
N4_N5	0.000540999871263	2	344	G	A
N4_N5	0.000561648930596	2	233	C	T
N4_N5	0.000598822732795	2	668	G	A
N5_paradoxus	0.000201973304999	1	5	C	T
N5_paradoxus	0.0003759663528	2	821	C	T
N5_paradoxus	0.000465469583648	2	446	C	G
N5_paradoxus	0.000483115370534	1	209	T	C
N5_paradoxus	0.000627673613545	2	503	T	C
N5_paradoxus	0.000627874979175	1	497	G	A
N5_paradoxus	0.000717205846701	2	362	T	C
N5_paradoxus	0.0011534458339	1	242	C	T
N5_paradoxus	0.00139457663062	2	2	G	A
N5_paradoxus	0.00140786685242	1	236	C	T
N5_paradoxus	0.00158375076571	2	668	A	G
N5_paradoxus	0.00160106386655	2	338	G	A
N5_paradoxus	0.00165837476968	1	788	G	A
N5_cerevisiae	0.0002470914267	1	161	C	A
N5_cerevisiae	0.000443308768316	1	809	G	A
N5_cerevisiae	0.000707790436386	2	71	G	A
N5_cerevisiae	0.000740559416811	1	335	G	A
N5_cerevisiae	0.00127811126727	2	205	C	T
N5_cerevisiae	0.00132687558407	2	614	G	A
N5_cerevisiae	0.00141386513001	1	372	A	G
N5_cerevisiae	0.00144138262604	1	359	G	A
N5_cerevisiae	0.00144152754256	1	185	A	G
N5_cerevisiae	0.0015546069062	1	338	G	A
N5_cerevisiae	0.00160673276284	1	743	A	G
N5_cerevisiae	0.00161116533367	2	72	T	C
N5_cerevisiae	0.00189238359789	2	23	A	G
N5_cerevisiae	0.00256936975681	1	824	T	C
N5_cerevisiae	0.00314482101458	2	350	G	T
N5_cerevisiae	0.00317199966302	1	53	G	A
