edge	time	mut_orlg	mut_pos	old_state	new_state
N0_D1	3.80495607581e-05	0	927	A	T
N0_D1	0.00017739656426	0	376	T	G
N0_D1	0.000447730428637	0	829	G	A
N0_D1	0.00128116878864	0	855	T	A
N0_D1	0.00231854649599	0	541	A	C
N0_D1	0.00271519364578	0	429	A	G
N0_D1	0.00460270855026	0	1171	G	C
N0_D1	0.0046634461095	0	910	A	G
N0_D1	0.00516569618916	0	857	G	T
N0_D1	0.00527207751172	0	1047	A	G
N0_D1	0.00646891134422	0	149	A	G
N0_D1	0.00767990955478	0	953	A	C
N0_D1	0.00803253596223	0	250	T	A
N0_D1	0.00847866977555	0	381	A	G
N0_D1	0.00895371036489	0	1205	A	G
N0_D1	0.00923222418271	0	291	A	T
N0_D1	0.00951912590454	0	1222	C	T
N0_D1	0.0113667569534	0	340	G	T
N0_D1	0.0118172542582	0	1076	T	C
N0_D1	0.0137907013315	0	255	A	G
N0_D1	0.0153628048284	0	432	C	A
N0_D1	0.0156651524873	0	1213	T	A
N0_D1	0.0160118923186	0	364	C	A
N0_D1	0.0168167588672	0	690	T	C
N0_D1	0.0169278627204	0	172	A	G
N0_D1	0.0169682136287	0	183	G	A
N0_D1	0.0186455391516	0	763	G	C
N0_D1	0.0187607076472	0	378	G	T
N0_D1	0.0187641163184	0	139	T	C
N0_D1	0.0189161766446	0	615	T	C
N0_D1	0.0211509184218	0	217	G	T
N0_D1	0.0213946962993	0	876	C	G
N0_D1	0.0217526020113	0	424	A	T
N0_D1	0.0220897211653	0	381	G	A
N0_D1	0.0227530062003	0	801	T	C
N0_D1	0.0234083729933	0	752	T	C
N0_D1	0.0255201041856	0	506	C	T
N0_D1	0.0267335610002	0	608	T	A
N0_D1	0.0270780973242	0	970	T	C
N0_D1	0.0271044123281	0	918	G	C
N0_D1	0.0273623794376	0	582	G	C
N0_D1	0.0275320091088	0	738	T	G
N0_D1	0.0281771979912	0	937	A	T
N0_D1	0.0299590593338	0	251	A	G
N0_D1	0.0300442139296	0	962	A	G
N0_D1	0.030612794876	0	182	A	G
N0_D1	0.0314567520144	0	465	T	A
N0_D1	0.0319930586443	0	1082	A	T
N0_D1	0.0320976114829	0	107	T	C
N0_D1	0.0326732945763	0	1059	G	T
N0_D1	0.0328978640282	0	383	C	T
N0_D1	0.0346474480915	0	1107	A	C
N0_D1	0.0370774655181	0	659	C	G
N0_D1	0.0377157179487	0	643	C	T
N0_D1	0.0384474653946	0	1050	T	C
N0_D1	0.0389091619811	0	148	G	C
N0_D1	0.039695047952	0	172	G	C
N0_D1	0.0412444789583	0	506	T	C
N0_D1	0.042768053768	0	543	T	C
N0_D1	0.043103399924	0	996	A	G
N0_D1	0.0449628078166	0	984	T	C
N0_D1	0.0463092627472	0	1131	T	C
N0_D1	0.0467335291466	0	102	C	A
N0_D1	0.0473005858273	0	254	T	C
N0_D1	0.0474649293164	0	110	C	A
N0_D1	0.0475950209396	0	137	A	G
N0_D1	0.0486717538631	0	736	A	T
N0_D1	0.0488309418755	0	993	T	G
D1_N1	0.00160370437368	1	132	A	G
D1_N1	0.00193271935664	2	507	T	G
D1_N1	0.00241681066983	1	614	A	G
D1_N1	0.00247273515137	2	1107	C	G
D1_N1	0.00272922702212	2	1154	C	T
D1_N1	0.00338237990556	1	169	T	A
D1_N1	0.00367054615013	1	960	A	T
D1_N1	0.00436797459949	2	756	T	G
D1_N1	0.00512898653485	1	291	T	G
D1_N1	0.00552799480612	2	541	C	A
D1_N1	0.00569242539748	2	1166	C	T
D1_N1	0.00640151789425	2	1230	T	C
D1_N1	0.00643144837546	1	883	G	A
D1_N1	0.00646523221308	1	939	C	T
D1_N1	0.00669877005286	2	764	A	G
D1_N1	0.00677388832097	1	377	G	A
D1_N1	0.00695441936336	1	542	G	A
D1_N1	0.00708763576249	2	366	C	T
D1_N1	0.00736794637594	1	418	T	C
D1_N1	0.00740232769388	1	1083	C	T
D1_N1	0.00830942189944	2	499	T	C
D1_N1	0.00840560474433	1	1040	C	A
D1_N1	0.00887660563373	2	93	T	A
D1_N1	0.00922485004542	1	676	G	T
D1_N1	0.00954476316534	2	368	A	C
D1_N1	0.00969287021394	2	138	C	T
D1_N1	0.00990706097059	2	588	T	G
D1_N1	0.0102213025643	2	278	T	G
D1_N1	0.0107462975406	1	11	T	C
D1_N1	0.0111535298915	1	69	A	G
D1_N1	0.0114527033807	2	68	G	A
D1_N1	0.0118724270916	2	636	T	G
D1_N1	0.012042129818	2	403	A	G
D1_N1	0.0128597862201	2	1027	A	G
D1_N1	0.0137226931213	1	41	C	T
D1_N1	0.0137396495148	1	904	C	T
D1_N1	0.0142509833936	2	221	G	T
D1_N1	0.0146456557249	2	1039	C	T
D1_N1	0.0149196799013	1	1081	C	A
D1_N1	0.0156280700077	1	1210	T	C
D1_N1	0.0161875536906	1	71	G	A
D1_N1	0.0166790621448	1	610	G	T
D1_N1	0.0167579409628	2	474	A	G
D1_N1	0.0170115441706	2	71	G	A
D1_N1	0.0172361746393	1	78	A	T
D1_N1	0.0175092855986	1	710	C	G
D1_N1	0.0175246435092	1	655	A	G
D1_N1	0.0175469578458	1	592	A	G
D1_N1	0.0176545455782	2	559	C	T
D1_N1	0.0180098789366	1	255	G	A
D1_N1	0.0185768223187	2	1063	A	G
D1_N1	0.0190680579612	1	81	C	A
D1_N1	0.0191210042014	1	304	A	C
D1_N1	0.0192839023266	1	756	T	C
D1_N1	0.0198030283181	2	274	C	G
D1_N1	0.0205390799421	1	347	A	T
D1_N1	0.0209966977535	2	1132	A	G
D1_N1	0.0212130078768	1	581	C	A
D1_N1	0.0215209367192	2	1118	C	T
D1_N1	0.0219586451909	1	384	G	A
D1_N1	0.0220314847717	1	669	C	T
D1_N1	0.0227620765867	2	998	G	T
D1_N1	0.0239538819315	1	1095	C	T
D1_N1	0.0245637019966	1	1143	G	T
D1_N1	0.0247198078473	2	226	G	T
D1_N1	0.0247617784045	2	35	A	C
D1_N1	0.0260259819613	1	284	G	A
D1_N1	0.0265412627364	2	177	C	T
D1_N1	0.0266431015767	2	614	A	C
D1_N1	0.0272441208325	1	1148	T	C
D1_N1	0.0274382735059	2	944	T	C
D1_N1	0.0274708707674	1	441	A	G
D1_N1	0.0276794578761	2	372	C	T
D1_N1	0.0279208529949	1	166	G	T
D1_N1	0.0287609064981	2	410	T	A
D1_N1	0.0296695735099	1	1041	G	C
D1_N1	0.0297174082758	1	400	A	T
D1_N1	0.0308187438081	2	412	G	A
D1_N1	0.031219577077	1	1191	T	C
D1_N1	0.0322479638224	1	246	G	A
D1_N1	0.032780663109	1	871	G	A
D1_N1	0.034196186873	1	818	C	A
D1_N1	0.0344936980638	1	562	A	C
D1_N1	0.0350800605419	2	758	A	C
D1_N1	0.0350984830416	1	589	C	T
D1_N1	0.0355036055647	2	109	A	G
D1_N1	0.0361385118368	2	767	C	T
D1_N1	0.0362571189034	1	224	C	A
D1_N1	0.0369314981807	1	491	A	G
D1_N1	0.0371945401691	2	977	C	T
D1_N1	0.0378883766145	1	64	T	C
D1_N1	0.038200098761	1	1003	G	A
D1_N1	0.038359329129	2	587	A	T
D1_N1	0.0392547452471	2	1046	A	C
D1_N1	0.0394670901634	2	1061	T	A
D1_N1	0.0396088710296	1	730	A	G
D1_N1	0.0408168188737	1	384	A	G
D1_N1	0.0408576736274	2	637	T	A
D1_N1	0.0410660399366	1	770	A	G
D1_N1	0.0418718244012	1	1153	G	C
D1_N1	0.0422003466899	2	285	T	C
D1_N1	0.0424516815983	2	811	A	T
D1_N1	0.0425520691903	2	869	G	A
D1_N1	0.0426246082967	1	644	C	T
D1_N1	0.0434940973904	1	983	C	T
D1_N1	0.0443192961922	2	3	T	A
D1_N1	0.0445459992093	2	68	A	C
D1_N1	0.0445515884704	2	244	T	A
D1_N1	0.044637667255	2	444	C	G
D1_N1	0.0449151234704	1	644	T	A
D1_N1	0.0449177772908	2	869	A	C
D1_N1	0.0449312588526	2	171	C	T
D1_N1	0.0458166709155	2	833	C	A
D1_N1	0.0471350732945	1	218	G	A
D1_N1	0.04718724987	1	640	G	A
D1_N1	0.0472257794374	2	1023	T	C
D1_N1	0.0472298540499	1	942	C	A
D1_N1	0.0472517643605	1	36	T	A
D1_N1	0.0477792757715	2	647	T	G
D1_N1	0.0478891973038	1	37	A	T
D1_N1	0.0481261790517	1	1121	T	C
D1_N1	0.0482299313496	2	37	A	G
D1_N1	0.0482797190656	1	886	T	C
D1_N1	0.0484305386538	1	561	T	C
D1_N1	0.0485162891681	2	385	A	T
D1_N1	0.0495519644544	2	104	T	C
D1_N1	0.0496007604484	1	1158	G	T
D1_N1	0.0496433643079	2	345	T	A
D1_N1	0.0497854687798	2	1128	T	A
D1_N1	0.0499039992477	2	707	T	G
D1_N1	0.0501158624847	2	28	A	G
D1_N1	0.0507602443048	1	592	G	T
D1_N1	0.0515665755119	1	905	C	A
D1_N1	0.0521578640208	2	875	T	G
D1_N1	0.0523248612798	2	69	A	G
D1_N1	0.0524826490813	2	659	G	C
D1_N1	0.0528669620057	1	289	T	C
D1_N1	0.0530194933037	1	182	G	T
D1_N1	0.0532446966766	1	481	C	T
D1_N1	0.0553651564501	1	337	A	T
D1_N1	0.0561359607555	1	507	T	C
D1_N1	0.0565677828903	1	418	C	A
D1_N1	0.0573634521519	1	50	T	C
D1_N1	0.0575615706806	2	787	T	A
D1_N1	0.0578536122081	1	507	C	T
D1_N1	0.0579283164346	2	616	G	T
D1_N1	0.0580721588645	2	904	C	T
D1_N1	0.0586924460517	2	363	T	A
D1_N1	0.0588086362173	1	589	T	C
D1_N1	0.0594228809719	1	351	C	G
D1_N1	0.0598413051901	1	344	C	T
D1_N1	0.0598463563446	1	709	A	G
D1_N1	0.0598978947555	1	1077	T	A
D1_N1	0.0600687926158	1	147	A	G
D1_N1	0.0601112102934	1	462	C	T
D1_N1	0.0602691349289	1	435	G	A
D1_N1	0.0604141391419	2	679	C	T
D1_N1	0.0604451708686	1	578	G	A
D1_N1	0.0605764540346	1	191	T	C
D1_N1	0.0609023235024	2	985	T	C
D1_N1	0.0609647948577	1	1119	A	G
D1_N1	0.0618110830637	2	904	T	A
D1_N1	0.0620399553098	2	163	G	C
D1_N1	0.0620646912166	1	620	T	C
D1_N1	0.0623963949366	1	459	G	A
D1_N1	0.0632697139442	1	851	A	C
D1_N1	0.0632863722936	1	657	A	T
D1_N1	0.0642895057976	1	570	A	G
D1_N1	0.0655671476459	1	254	C	T
D1_N1	0.0658770837096	1	533	C	T
D1_N1	0.0664026789231	1	939	T	G
D1_N1	0.0665831707077	1	682	G	T
D1_N1	0.0666174173623	1	741	T	A
D1_N1	0.0669976064483	2	656	G	T
D1_N1	0.0670180928956	2	821	G	A
D1_N1	0.0676107192939	2	1129	C	A
D1_N1	0.0678409109127	2	1066	T	A
D1_N1	0.0679557200879	2	700	A	G
D1_N1	0.0679828606507	1	631	T	G
D1_N1	0.0680549618286	1	458	C	T
D1_N1	0.0682514190259	2	326	A	C
D1_N1	0.0683207440186	2	549	A	G
D1_N1	0.0692579333749	2	977	T	C
D1_N1	0.0693121363197	1	874	T	C
D1_N1	0.0696330399291	1	255	A	T
D1_N1	0.0706697283571	2	1194	G	T
D1_N1	0.0709451385642	1	1028	C	A
D1_N1	0.0710567084729	2	144	T	C
D1_N1	0.0712624297168	1	877	T	G
D1_N1	0.0720092046394	1	164	G	A
D1_N1	0.0723666102909	2	243	A	G
D1_N1	0.0724424442889	2	399	T	A
D1_N1	0.0726416559471	2	179	C	G
D1_N1	0.0726463530221	1	949	T	C
D1_N1	0.0727635327261	2	971	T	C
D1_N1	0.0730547369693	1	662	A	T
D1_N1	0.0733420668346	1	763	C	T
D1_N1	0.0739135820487	2	919	T	G
D1_N1	0.074175014569	2	213	T	A
D1_N1	0.0752378388679	1	775	C	G
D1_N1	0.0752957788945	2	545	C	T
D1_N1	0.0758783654875	2	374	T	C
D1_N1	0.0760437693145	2	56	G	A
D1_N1	0.0762539215839	2	58	G	A
D1_N1	0.0762612364122	1	24	C	T
D1_N1	0.0766558784137	1	955	T	C
D1_N1	0.0771922359598	2	992	T	C
D1_N1	0.0772209850361	1	1148	C	G
D1_N1	0.0774830454592	2	246	G	A
D1_N1	0.0776459884068	1	14	T	A
D1_N1	0.0780028261749	1	1092	G	C
D1_N1	0.078284026823	1	638	T	C
D1_N1	0.0794076303941	2	96	T	C
D1_N1	0.0803647723369	2	1088	T	A
D1_N1	0.0804139174754	2	658	A	G
D1_N1	0.0815026341153	1	979	G	A
D1_N1	0.0820711394555	2	848	T	G
D1_N1	0.0829736490953	2	128	T	G
D1_N1	0.0830196155135	2	547	G	A
D1_N1	0.0830878145494	1	994	C	T
D1_N1	0.0839853264522	1	310	C	T
D1_N1	0.0840081495822	2	393	T	A
D1_N1	0.0843175470082	2	277	T	G
D1_N1	0.0852234408892	1	766	A	G
D1_N1	0.0865125767982	1	413	G	T
D1_N1	0.0874751596278	1	867	T	C
D1_N1	0.0877127111189	1	742	T	C
D1_N1	0.0877140450433	2	419	T	G
D1_N1	0.0878298355273	1	255	T	G
D1_N1	0.0880923616247	2	640	G	A
D1_N1	0.088155138386	1	748	G	T
D1_N1	0.088196697559	1	1067	A	G
D1_N1	0.0900197639086	1	1028	A	T
D1_N1	0.0913690506164	1	574	T	C
D1_N1	0.0919957557669	1	59	T	C
D1_N1	0.0922127230079	1	114	C	A
D1_N1	0.0924436346788	2	199	T	G
D1_N1	0.0945942418754	2	428	A	G
D1_N1	0.0946922903581	2	237	A	C
D1_N1	0.095047747464	2	1125	A	T
D1_N1	0.0955269332514	2	485	G	A
D1_N1	0.096471750355	2	317	T	G
D1_N1	0.0969504687316	2	522	T	A
D1_N1	0.0972932154793	1	116	C	T
D1_N1	0.0975689871192	1	389	G	T
D1_N1	0.0978430807253	1	949	C	G
D1_N1	0.0989911852093	1	1131	C	T
D1_N1	0.100296977989	2	723	G	A
D1_N1	0.100378513739	2	544	C	G
D1_N1	0.100626827328	2	304	A	G
D1_N1	0.101688342077	2	1029	G	T
D1_N1	0.10184642165	2	191	T	C
D1_N1	0.10209834603	1	982	T	C
D1_N1	0.102203080371	1	979	A	T
D1_N1	0.102720407482	2	274	G	A
D1_N1	0.102819461876	2	131	G	T
D1_N1	0.103948045402	2	73	T	C
D1_N1	0.105172284918	2	218	G	A
D1_N1	0.105608516951	1	786	C	T
D1_N1	0.105701919455	1	837	G	A
D1_N1	0.106631275817	2	469	C	T
D1_N1	0.106638765637	2	644	C	T
D1_N1	0.106876297871	1	95	G	T
D1_N1	0.107104221916	2	622	G	T
D1_N1	0.107802665269	1	38	G	A
D1_N1	0.108156695768	1	172	C	T
D1_N1	0.108411533422	2	244	A	T
D1_N1	0.109513002812	1	912	C	G
D1_N1	0.109623955261	1	1141	G	A
D1_N1	0.111183324689	1	468	G	A
D1_N1	0.111925134173	1	106	G	T
D1_N1	0.112099284044	1	950	A	C
D1_N1	0.112460208223	2	622	T	A
D1_N1	0.112554660767	1	554	T	C
D1_N1	0.112793338796	2	393	A	C
D1_N1	0.113083263247	1	212	A	G
D1_N1	0.11314292497	2	599	A	T
D1_N1	0.113492860866	2	63	T	A
D1_N1	0.113825220261	1	150	G	T
D1_N1	0.113958219432	1	224	C	A
D1_N1	0.114686364191	2	368	C	T
D1_N1	0.115101409936	2	508	T	A
D1_N1	0.115544859252	1	665	A	T
D1_N1	0.115744168968	2	350	A	G
D1_N1	0.11574931068	2	1156	A	G
D1_N1	0.115848026855	1	100	A	T
D1_N1	0.116494524893	1	1146	T	C
D1_N1	0.116927264114	1	486	A	T
D1_N1	0.117913267278	1	355	A	C
D1_N1	0.118073873987	1	1154	C	A
D1_N1	0.119089685434	2	1217	G	C
D1_N1	0.119388784567	2	784	A	T
D1_N1	0.119475945263	2	1	T	C
D1_N1	0.119493544596	2	300	T	A
D1_N1	0.119500077428	1	1187	A	C
D1_N1	0.119697890052	2	885	G	A
D1_N1	0.119850425499	2	0	C	G
D1_N1	0.120010086234	2	568	C	A
D1_N1	0.120025319486	2	947	T	G
D1_N1	0.120162705762	2	372	T	G
D1_N1	0.120434300249	1	897	A	T
D1_N1	0.120988170506	1	39	C	T
D1_N1	0.120997050335	2	820	A	T
D1_N1	0.121290887518	2	817	C	G
D1_N1	0.121486855712	1	653	T	C
D1_N1	0.121815288286	2	978	C	T
D1_N1	0.121860274167	1	638	C	A
D1_N1	0.122156975913	1	107	C	A
D1_N1	0.122208335105	2	336	A	C
D1_N1	0.123621626169	2	987	C	G
D1_N1	0.124207219855	2	384	A	T
D1_N1	0.124561987902	2	148	C	T
D1_N1	0.124573714568	2	214	T	G
D1_N1	0.12464692718	1	597	C	A
D1_N1	0.124765789331	2	308	T	C
D1_N1	0.124903552013	1	1009	A	C
D1_N1	0.125428406864	2	573	A	G
D1_N1	0.126723912237	1	854	G	A
D1_N1	0.126795251214	2	897	A	G
D1_N1	0.127269781283	2	788	A	G
D1_N1	0.127444647121	2	361	G	A
D1_N1	0.129502316391	2	91	G	C
D1_N1	0.130219870767	1	423	A	C
D1_N1	0.131027617747	1	1008	G	A
D1_N1	0.131267948089	2	736	T	A
D1_N1	0.131637150365	1	477	T	C
D1_N1	0.131670171971	1	154	T	G
D1_N1	0.131692901179	1	215	C	T
D1_N1	0.13178301966	1	518	C	T
D1_N1	0.132798166619	2	62	T	G
D1_N1	0.133064443541	2	1124	C	T
D1_N1	0.133195889211	2	534	G	A
D1_N1	0.134187162891	2	778	T	C
D1_N1	0.134874775609	2	704	T	G
D1_N1	0.135209177516	1	702	A	G
D1_N1	0.135358370431	2	80	G	T
D1_N1	0.136836876377	2	323	T	A
D1_N1	0.137085854565	2	668	A	G
D1_N1	0.137681266059	1	998	G	A
D1_N1	0.137990737022	2	776	C	T
D1_N1	0.138803770735	1	710	G	A
D1_N1	0.139164440688	2	884	T	C
D1_N1	0.139188885406	1	183	A	T
D1_N1	0.139455773489	1	876	G	T
D1_N1	0.140800415675	2	835	A	C
D1_N1	0.142190807916	2	438	G	C
D1_N1	0.142204979377	1	817	C	T
D1_N1	0.142335293238	2	376	G	T
D1_N1	0.143052937484	1	831	C	T
D1_N1	0.143091978684	2	797	T	A
D1_N1	0.143476884712	2	1197	A	C
D1_N1	0.144028923974	2	1124	T	C
D1_N1	0.144250133046	2	820	T	C
D1_N1	0.145030870706	1	500	A	T
D1_N1	0.145343920031	2	1024	T	C
D1_N1	0.147660541574	2	692	T	A
D1_N1	0.147753766979	2	815	A	T
D1_N1	0.147960564182	2	175	T	C
D1_N1	0.14820034371	2	443	G	T
D1_N1	0.149670781635	2	907	C	A
D1_N1	0.149839754687	1	192	T	A
D1_N1	0.150259153342	1	230	T	C
D1_N1	0.151238552244	2	623	T	G
D1_N1	0.151356738549	2	1012	C	G
D1_N1	0.15188513087	1	543	C	G
D1_N1	0.152725629028	1	996	G	C
D1_N1	0.152854256831	2	750	G	A
D1_N1	0.153620728562	2	558	T	C
D1_N1	0.154158553744	2	386	A	T
D1_N1	0.154361089949	1	473	A	C
D1_N1	0.154442613331	2	706	A	G
D1_N1	0.154528995865	1	1012	C	T
D1_N1	0.155044838363	2	770	A	C
D1_N1	0.155068810234	1	157	A	T
D1_N1	0.155295029742	1	169	A	C
D1_N1	0.155359946462	2	92	T	A
D1_N1	0.156193787863	1	1190	A	G
D1_N1	0.156872978146	1	703	T	C
D1_N1	0.156928268321	1	475	G	C
D1_N1	0.156943935252	1	532	G	A
D1_N1	0.157418934049	2	992	C	T
D1_N1	0.157498120793	2	500	A	T
D1_N1	0.157504096648	2	161	A	C
D1_N1	0.158019121263	1	440	T	G
D1_N1	0.158150938545	2	1208	G	A
D1_N1	0.158511655998	2	46	C	T
D1_N1	0.158942334538	2	126	A	T
D1_N1	0.159992198497	1	55	G	A
D1_N1	0.160145570865	2	430	C	A
D1_N1	0.160494091371	2	997	G	T
D1_N1	0.160628829027	2	876	G	T
D1_N1	0.160853297334	1	890	G	A
D1_N1	0.161217508183	1	186	G	T
D1_N1	0.163350428557	1	767	C	G
D1_N1	0.163511759509	1	783	A	G
D1_N1	0.163693914539	1	1043	C	A
D1_N1	0.164003425414	2	679	T	G
D1_N1	0.164026816433	1	313	C	T
D1_N1	0.164183505799	2	585	A	T
D1_N1	0.164200543773	1	467	C	A
D1_N1	0.164358492578	1	277	T	G
D1_N1	0.164665177414	1	793	A	G
D1_N1	0.16479369554	2	94	T	A
D1_N1	0.166134417656	1	925	T	A
D1_N1	0.166606972896	1	706	A	G
D1_N1	0.167834879766	1	783	G	A
D1_N1	0.167892162762	1	1196	A	T
D1_N1	0.168117315534	2	1084	C	G
D1_N1	0.168162145618	1	742	C	T
D1_N1	0.1683567621	2	407	A	G
D1_N1	0.168384004428	1	1167	T	C
D1_N1	0.169876797025	1	626	A	G
D1_N1	0.169923782302	2	1005	A	C
D1_N1	0.17010787982	2	803	G	T
D1_N1	0.170404509589	1	528	T	C
D1_N1	0.170701155805	2	399	A	G
D1_N1	0.171942744303	1	1197	A	G
D1_N1	0.172155355033	1	232	C	T
D1_N1	0.172739765417	1	916	G	C
D1_N1	0.173011327626	1	707	T	C
D1_N1	0.17369623836	1	349	C	T
D1_N1	0.174140772318	2	350	G	C
D1_N1	0.174170472743	2	986	A	G
D1_N1	0.174217931922	2	136	T	A
D1_N1	0.175234732996	2	594	C	T
D1_N1	0.175735222808	2	487	A	C
D1_N1	0.175828866726	2	148	T	A
D1_N1	0.176098998604	1	335	T	G
D1_N1	0.17692876285	1	559	C	T
D1_N1	0.177319182575	1	171	C	T
D1_N1	0.177398868968	2	993	G	A
D1_N1	0.177795546559	1	681	C	T
D1_N1	0.177821957587	2	301	T	C
D1_N1	0.177839255475	2	1085	A	C
D1_N1	0.17785950992	1	1045	A	G
D1_N1	0.177863889218	2	47	G	A
D1_N1	0.178406717029	2	667	G	A
D1_N1	0.179067442401	2	488	T	C
D1_N1	0.179199827468	2	829	A	C
D1_N1	0.179385683489	2	594	T	G
D1_N1	0.179777724277	2	544	G	C
D1_N1	0.179781894122	2	663	G	C
D1_N1	0.179794852462	2	574	T	G
D1_N1	0.180113270858	2	372	G	A
D1_N1	0.180629457225	2	277	G	A
D1_N1	0.180660792746	1	714	T	A
D1_N1	0.181077771265	1	851	C	T
D1_N1	0.182352822507	2	566	T	A
D1_N1	0.182859833483	2	407	G	A
D1_N1	0.182936150941	1	1032	A	G
D1_N1	0.183089032361	2	736	A	C
D1_N1	0.18318110475	1	180	A	T
D1_N1	0.183521020793	1	234	G	A
D1_N1	0.183963287229	2	638	T	C
D1_N1	0.184724223925	2	1144	T	C
D1_N1	0.184765531852	2	780	C	A
D1_N1	0.18478855863	2	114	C	T
D1_N1	0.185243288794	2	1011	A	C
D1_N1	0.185309482986	1	899	C	A
D1_N1	0.185737732561	1	614	G	A
D1_N1	0.18690636223	1	201	T	C
D1_N1	0.186941043684	2	709	A	T
D1_N1	0.188567139067	1	138	C	T
D1_N1	0.18861360397	1	704	T	C
D1_N1	0.18873453158	1	920	T	C
D1_N1	0.1887694255	1	440	G	A
D1_N1	0.18891913888	1	725	A	T
D1_N1	0.190439398878	2	1002	T	G
D1_N1	0.190904626127	1	333	C	T
D1_N1	0.190979920757	1	136	T	C
D1_N1	0.191286879991	2	101	T	C
D1_N1	0.191695768384	2	651	A	T
D1_N1	0.192891187544	1	86	C	G
D1_N1	0.194506427039	2	1192	T	A
D1_N1	0.194619731407	2	500	T	A
D1_N1	0.194683672932	1	546	A	G
D1_N1	0.194845249957	2	782	G	A
D1_N1	0.195536304603	1	394	G	T
D1_N1	0.196006154368	2	972	C	T
D1_N1	0.196505200157	1	1204	C	G
D1_N1	0.196633646388	1	57	T	A
D1_N1	0.197239434851	2	1053	C	T
D1_N1	0.197337378979	2	581	C	G
D1_N1	0.198002907013	1	1043	A	C
D1_N1	0.198204146592	1	592	T	A
D1_N1	0.199034448392	1	343	C	T
D1_N1	0.199088290002	1	662	T	C
D1_N1	0.200533991701	1	340	T	C
D1_N1	0.20108954927	1	338	C	T
D1_N1	0.201253783025	2	129	C	A
D1_N1	0.201720259805	2	480	T	A
D1_N1	0.202345786566	2	1124	C	A
D1_N1	0.202398281334	2	462	C	T
D1_N1	0.204190982519	2	1150	G	T
D1_N1	0.204436182702	2	988	A	T
D1_N1	0.204506533171	1	132	G	A
D1_N1	0.204805344913	2	348	G	A
D1_N1	0.205027919551	2	1179	T	C
D1_N1	0.205155940576	2	509	A	G
D1_N1	0.205622463471	1	712	G	A
D1_N1	0.205800998343	2	1083	C	T
D1_N1	0.206778214908	2	371	T	A
D1_N1	0.206818376791	1	604	A	C
D1_N1	0.207618720592	1	774	G	A
D1_N1	0.207685107265	1	267	G	T
D1_N1	0.207775320931	1	1199	G	T
D1_N1	0.208277738091	1	204	A	G
D1_N1	0.208517992416	2	640	A	G
D1_N1	0.209283506599	2	235	T	A
D1_N1	0.209575169655	2	175	C	T
D1_N1	0.209836347576	1	652	G	T
D1_N1	0.210452325323	1	855	A	T
D1_N1	0.21092400868	2	505	G	A
D1_N1	0.211505023944	1	99	A	T
D1_N1	0.212368485173	2	441	A	G
D1_N1	0.21249229843	1	880	C	A
D1_N1	0.212708473966	1	511	T	A
D1_N1	0.212870806278	2	1228	A	T
D1_N1	0.213073157279	1	1188	T	G
D1_N1	0.213599078315	1	649	A	C
D1_N1	0.213716410693	1	1057	G	C
D1_N1	0.213721126057	1	827	A	C
D1_N1	0.213856252494	1	83	T	C
D1_N1	0.21403124391	2	340	T	G
D1_N1	0.214555133125	2	819	G	A
D1_N1	0.215666986008	2	531	C	T
D1_N1	0.217125050876	2	791	T	C
D1_N1	0.21720606681	2	889	A	G
D1_N1	0.217249028223	2	1106	C	T
D1_N1	0.217504693506	2	1176	C	G
D1_N1	0.217620424754	2	13	A	C
D1_N1	0.217975848392	1	655	G	T
D1_N1	0.218371403876	2	1032	A	G
D1_N1	0.21839063797	2	77	C	T
D1_N1	0.219544328256	1	933	G	A
D1_N1	0.219832014372	1	404	C	A
D1_N1	0.220359093174	1	1218	C	T
D1_N1	0.221282909999	2	1086	C	T
D1_N1	0.221750872406	1	230	C	T
D1_N1	0.22182341822	1	46	C	T
D1_N1	0.222065254855	1	367	A	G
D1_N1	0.222164374476	1	1187	C	G
D1_N1	0.222392631572	2	97	G	C
D1_N1	0.222620437818	1	806	G	T
D1_N1	0.222706541258	2	558	C	A
D1_N1	0.22285201465	2	1181	G	A
D1_N1	0.223166267936	1	528	C	T
D1_N1	0.223192093053	1	237	A	G
D1_N1	0.223283650993	1	535	A	G
D1_N1	0.22346502759	1	35	A	G
D1_N1	0.223626638546	1	427	T	A
D1_N1	0.224270284003	1	196	C	T
D1_N1	0.226528194529	1	914	T	A
D1_N1	0.226609837225	2	628	A	G
D1_N1	0.226638227419	2	1051	G	A
D1_N1	0.226638755318	1	607	T	C
D1_N1	0.228021366355	1	218	A	T
D1_N1	0.228213244304	2	928	C	A
D1_N1	0.229761301138	1	989	C	T
D1_N1	0.229949777449	2	252	T	A
D1_N1	0.230290332039	2	14	T	C
D1_N1	0.232057161462	2	728	C	T
D1_N1	0.232666045253	2	712	G	T
D1_N1	0.232965001431	2	1127	A	G
N1_N2	0.000390816286213	2	72	T	C
N1_N2	0.00184387443288	1	323	T	G
N1_N2	0.00252136921002	2	479	C	T
N1_N2	0.00261629759231	2	1111	A	C
N1_N2	0.00287884855187	1	469	C	G
N1_N2	0.00320166036688	2	8	T	C
N1_N2	0.00397279966603	2	1115	T	C
N1_N2	0.00466399785092	1	976	A	G
N1_N2	0.00515093373174	2	591	T	G
N1_N2	0.00563065994566	2	417	G	T
N1_N2	0.00588498249011	2	624	C	A
N1_N2	0.00633819284034	2	1075	C	T
N1_N2	0.00680045237364	1	755	T	G
N1_N2	0.00748946314766	1	1155	T	C
N1_N2	0.00766737585411	2	89	C	T
N1_N2	0.00798622434952	1	1082	T	C
N1_N2	0.00837005130528	1	622	G	T
N1_N2	0.00861291077634	1	857	T	C
N1_N2	0.00881260541178	2	471	T	C
N1_N2	0.00885454635832	2	1071	G	C
N1_N2	0.00938603875952	2	406	G	T
N1_N2	0.0100737904568	2	192	T	G
N1_N2	0.0109346171152	2	194	A	T
N1_N2	0.0110775529354	2	89	T	C
N1_N2	0.0117977647671	2	1228	T	C
N1_N2	0.0128073372529	2	275	T	A
N1_N2	0.0128780542248	2	1006	T	A
N1_N2	0.0129601793939	2	791	C	T
N1_N2	0.0131328959952	2	558	A	G
N1_N2	0.0131524415056	2	1215	A	T
N1_N2	0.0134532579587	1	150	T	A
N1_N2	0.0148742981829	2	353	C	A
N1_N2	0.0149432911023	1	944	T	A
N1_N2	0.015284841858	1	229	A	G
N1_N2	0.0157039024714	2	6	G	A
N2_N3	0.000376513701141	2	144	C	A
N2_N3	0.00131811150948	1	1091	A	G
N2_N3	0.0020904811379	1	333	T	C
N2_N3	0.00285061902338	1	677	T	C
N2_N3	0.00294157679428	2	118	C	T
N2_N3	0.00369011253675	1	289	C	T
N2_N3	0.00562843211644	2	1155	T	A
N2_N3	0.00642767952699	2	709	T	A
N3_N4	0.000365720868802	2	469	T	A
N3_N4	0.000498052021318	2	1223	A	C
N3_N4	0.000874250253022	1	698	G	T
N3_N4	0.00132465373287	2	340	G	A
N3_N4	0.00215639505217	2	264	T	A
N3_N4	0.00281653253438	2	984	C	T
N3_N4	0.00356249058395	1	8	T	G
N3_N4	0.00361585716788	2	414	T	G
N3_N4	0.0043165984514	2	130	G	C
N3_N4	0.00524368286119	2	1190	A	T
N3_N4	0.0052507420671	2	435	G	T
N3_N4	0.00543827743455	2	1018	A	G
N3_N4	0.00551359509948	1	1158	T	A
N3_N4	0.00635106535488	2	185	C	T
N3_N4	0.00711101683115	2	58	A	G
N3_N4	0.00716309842606	1	489	G	A
N3_N4	0.0076725227338	2	277	A	C
N3_N4	0.00789880516955	1	345	T	C
N3_N4	0.00826986973847	2	62	G	C
N4_Human	5.88044226221e-05	1	0	C	T
N4_Human	0.000162866997247	2	815	T	A
N4_Human	0.000189037837212	1	1064	A	C
N4_Human	0.000426032786563	2	299	A	T
N4_Human	0.00126825886812	2	972	T	C
N4_Human	0.0014919460881	2	607	T	G
N4_Human	0.00165247086759	1	666	A	T
N4_Human	0.00218984760148	2	678	T	G
N4_Human	0.0029399992499	1	569	A	G
N4_Human	0.00306205700176	2	748	G	T
N4_Human	0.00390737275121	1	142	T	A
N4_Human	0.00428672968886	1	643	T	G
N4_Human	0.00432249243236	2	1102	A	G
N4_Human	0.00435369637402	2	464	A	G
N4_Human	0.00457302078303	1	121	T	A
N4_Human	0.00466890156493	2	1210	T	C
N4_Human	0.00473102585125	1	1233	A	T
N4_Human	0.00536920810116	1	990	A	C
N4_Human	0.00550009138293	1	945	T	C
N4_Human	0.00551510296909	1	916	C	T
N4_Human	0.00620419940656	2	1229	A	T
N4_Human	0.00635451376353	1	977	C	G
N4_Human	0.00667062153875	2	989	C	T
N4_Human	0.00683393343382	1	61	G	T
N4_Human	0.00726725139135	1	914	A	G
N4_Human	0.00812395033468	1	265	T	A
N4_Human	0.00843964518966	1	1144	T	A
N4_Human	0.00871586743852	1	1106	C	T
N4_Human	0.00926111569972	2	1204	C	A
N4_Human	0.00955728362953	1	895	T	C
N4_Human	0.00976945169945	1	1148	G	C
N4_Human	0.0100277634776	2	178	A	C
N4_Human	0.0103216261308	2	1025	T	C
N4_Human	0.0105312318593	2	668	G	A
N4_Human	0.010557590854	2	1191	C	T
N4_Chimp	0.000382237665722	2	1121	T	C
N4_Chimp	0.000778251831835	1	874	C	T
N4_Chimp	0.000902612753005	2	1018	G	A
N4_Chimp	0.000955440175523	1	533	T	C
N4_Chimp	0.00187011729876	1	754	C	G
N4_Chimp	0.00194651832348	2	24	C	A
N4_Chimp	0.00248583919864	2	297	C	T
N4_Chimp	0.00249554844296	1	889	A	G
N4_Chimp	0.00302105755367	2	511	T	A
N4_Chimp	0.00369063693521	2	844	C	T
N4_Chimp	0.00411598879458	1	777	A	C
N4_Chimp	0.0053205194699	2	75	T	G
N4_Chimp	0.00585407639026	1	294	A	G
N4_Chimp	0.00594221551086	1	1176	C	T
N4_Chimp	0.00654603218557	1	366	T	G
N4_Chimp	0.00735407754157	2	1230	C	T
N4_Chimp	0.00737774138975	1	386	A	C
N4_Chimp	0.0084063245489	1	822	C	T
N4_Chimp	0.00887710761399	2	1207	A	G
N4_Chimp	0.0105783674321	2	854	G	A
N4_Chimp	0.0107542595119	2	525	A	T
N4_Chimp	0.0111920375101	2	68	G	A
N3_Goril	0.000160636652852	1	908	G	A
N3_Goril	0.000383122815977	2	459	G	A
N3_Goril	0.00120554730777	2	1017	T	A
N3_Goril	0.00150701799542	1	490	T	C
N3_Goril	0.00175748268279	2	343	C	T
N3_Goril	0.00178042574324	1	1050	C	A
N3_Goril	0.00224882240583	1	1086	C	T
N3_Goril	0.00294263853959	1	679	C	T
N3_Goril	0.00316782929293	1	742	T	C
N3_Goril	0.00326792954133	2	964	A	C
N3_Goril	0.00327959173734	1	61	G	A
N3_Goril	0.00341118197955	1	809	C	A
N3_Goril	0.00343363694506	1	1158	T	C
N3_Goril	0.0040165561362	2	177	T	C
N3_Goril	0.00413705327812	1	139	C	T
N3_Goril	0.00428237152794	1	781	A	T
N3_Goril	0.00476043615077	1	563	C	T
N3_Goril	0.00487941281166	2	946	A	T
N3_Goril	0.00528092526133	2	710	C	A
N3_Goril	0.00558330840007	1	138	T	C
N3_Goril	0.00572334082782	2	782	A	G
N3_Goril	0.00572710034835	1	519	A	T
N3_Goril	0.00693394765341	2	755	T	A
N3_Goril	0.00699342444551	1	286	G	A
N3_Goril	0.00708115526893	1	429	G	A
N3_Goril	0.00744634915205	2	800	T	G
N3_Goril	0.00865143680913	1	218	T	C
N3_Goril	0.00918812290501	2	1046	C	G
N3_Goril	0.00937027535908	2	442	T	G
N3_Goril	0.00940874749377	1	823	A	G
N3_Goril	0.0097995010271	1	1233	A	G
N3_Goril	0.0117133804184	2	1028	C	T
N3_Goril	0.0122569743883	2	93	A	G
N3_Goril	0.0127068147798	1	1071	G	A
N3_Goril	0.0132417354114	2	754	C	A
N3_Goril	0.0133348571385	2	187	A	G
N3_Goril	0.0139143309087	1	68	G	A
N3_Goril	0.014109835655	1	354	G	A
N3_Goril	0.0143117535101	2	704	G	A
N3_Goril	0.0147796691378	1	692	T	C
N3_Goril	0.0157408022305	2	553	A	T
N3_Goril	0.0162987873215	1	817	T	A
N3_Goril	0.0164179877894	2	611	A	T
N3_Goril	0.0165796794601	1	466	C	T
N3_Goril	0.0166558632755	1	348	A	T
N3_Goril	0.0167647411852	2	1192	A	C
N3_Goril	0.019038580978	1	1079	T	C
N3_Goril	0.0190391244428	2	680	A	T
N3_Goril	0.0196757640688	2	112	T	C
N3_Goril	0.0198806272493	1	1195	C	G
N3_Goril	0.0199799830279	2	1020	G	A
N2_Orang	0.000108738886287	2	4	C	T
N2_Orang	0.00150906616568	2	593	G	A
N2_Orang	0.00170759606075	2	1082	T	A
N2_Orang	0.00174336577523	1	596	T	C
N2_Orang	0.00272729737051	1	42	T	A
N2_Orang	0.00288960366073	2	812	C	T
N2_Orang	0.00359089448185	2	1223	A	G
N2_Orang	0.00362279884974	1	1050	C	T
N2_Orang	0.00375193609625	2	720	A	T
N2_Orang	0.00409039804667	2	298	C	T
N2_Orang	0.00428133249654	1	233	G	A
N2_Orang	0.00430391431053	1	39	T	A
N2_Orang	0.00439730436434	2	1231	G	A
N2_Orang	0.00475667125776	2	1020	G	C
N2_Orang	0.00524212718129	2	151	A	G
N2_Orang	0.00536978830402	2	192	G	A
N2_Orang	0.00626816048576	2	899	C	A
N2_Orang	0.00638266999719	1	470	T	C
N2_Orang	0.00679119166335	2	944	C	T
N2_Orang	0.00724818886717	1	1194	G	T
N2_Orang	0.00844055801227	1	22	A	G
N2_Orang	0.00853192668013	2	348	A	G
N2_Orang	0.00880788423351	1	542	A	T
N2_Orang	0.0108671337379	1	505	G	T
N2_Orang	0.0114701053636	1	170	A	T
N2_Orang	0.0118243356011	1	407	A	G
N2_Orang	0.0118406030436	2	911	C	G
N2_Orang	0.0133258189287	1	533	T	C
N2_Orang	0.0134772182854	1	476	C	T
N2_Orang	0.0141190582962	2	546	A	G
N2_Orang	0.0145393540988	1	1103	T	C
N2_Orang	0.0145952763063	2	1114	C	T
N2_Orang	0.0152868212162	1	776	C	A
N2_Orang	0.0153999445475	2	1142	T	G
N2_Orang	0.0154504514954	2	491	A	G
N2_Orang	0.0160181551374	2	37	G	A
N2_Orang	0.0161189486497	2	1009	A	G
N2_Orang	0.0162058501966	1	843	A	C
N2_Orang	0.0165360593084	1	1076	C	G
N2_Orang	0.01682980735	2	30	C	T
N2_Orang	0.0169035099727	1	553	A	G
N2_Orang	0.0170890338732	1	141	A	T
N2_Orang	0.0172632227506	2	1077	T	A
N2_Orang	0.0176872451496	2	103	C	A
N1_Macaq	1.12625951481e-05	1	893	A	G
N1_Macaq	3.75343512239e-05	1	148	C	G
N1_Macaq	6.39874962637e-05	1	630	G	T
N1_Macaq	0.0004867444555	2	573	G	T
N1_Macaq	0.00118231172603	1	686	T	C
N1_Macaq	0.00206127068311	1	1195	C	A
N1_Macaq	0.00251066789241	1	896	A	G
N1_Macaq	0.00276142837482	1	1041	C	T
N1_Macaq	0.00325020633977	2	373	A	T
N1_Macaq	0.00425418551324	2	733	T	A
N1_Macaq	0.00566557487743	2	167	T	C
N1_Macaq	0.00567017438815	1	546	G	A
N1_Macaq	0.00570847483112	2	949	T	A
N1_Macaq	0.0061258437732	1	404	A	G
N1_Macaq	0.00650512961434	2	858	G	A
N1_Macaq	0.0065356951831	2	817	G	C
N1_Macaq	0.00719700640751	1	829	A	C
N1_Macaq	0.00723843189646	1	957	A	T
N1_Macaq	0.00769748672108	1	331	T	G
N1_Macaq	0.00819078873705	1	38	A	T
N1_Macaq	0.0101878949647	1	441	G	A
N1_Macaq	0.0104789968565	2	44	C	T
N1_Macaq	0.0108645407139	1	698	G	T
N1_Macaq	0.0117980447515	2	624	C	A
N1_Macaq	0.0121510606152	2	921	T	A
N1_Macaq	0.0126273943308	2	530	A	G
N1_Macaq	0.0130506829664	2	1222	T	A
N1_Macaq	0.0133674590091	2	294	A	G
N1_Macaq	0.0136397314468	2	919	G	A
N1_Macaq	0.0139767130771	1	806	T	A
N1_Macaq	0.0141810894618	2	1228	T	C
N1_Macaq	0.0144638844168	2	1234	T	G
N1_Macaq	0.0156311824847	2	1224	C	G
N1_Macaq	0.0168732686644	1	931	G	A
N1_Macaq	0.0169116506213	2	301	C	A
N1_Macaq	0.0170342261074	2	673	G	T
N1_Macaq	0.0170515073149	2	614	G	C
N1_Macaq	0.0171084208314	2	470	T	A
N1_Macaq	0.0171712817821	1	107	A	G
N1_Macaq	0.0174534088608	1	144	T	G
N1_Macaq	0.0175312711823	2	801	C	G
N1_Macaq	0.0177395012999	2	895	T	C
N1_Macaq	0.0182151258068	1	837	A	G
N1_Macaq	0.0182555195265	1	153	C	G
N1_Macaq	0.0182758169953	2	623	G	T
N1_Macaq	0.0191906411911	1	944	T	G
N1_Macaq	0.0193845998778	1	523	A	T
N1_Macaq	0.0212510477272	2	710	C	T
N1_Macaq	0.0215072855544	1	768	A	G
N1_Macaq	0.0217355619323	2	554	T	A
N1_Macaq	0.0237517017224	2	481	C	G
N1_Macaq	0.0246772455307	2	837	G	A
N1_Macaq	0.025227537298	2	70	T	C
N1_Macaq	0.0256581167502	1	854	A	C
N1_Macaq	0.0256635162456	2	683	C	A
N1_Macaq	0.0262873940449	2	438	C	T
N1_Macaq	0.0264215679476	1	369	A	G
N1_Macaq	0.0267154157454	1	822	C	T
N1_Macaq	0.027088055736	2	1191	C	T
N1_Macaq	0.0276331013414	2	959	T	C
N1_Macaq	0.0278176618698	2	575	G	T
N1_Macaq	0.0283396701373	1	615	C	A
N1_Macaq	0.0284135958516	1	133	C	T
N1_Macaq	0.0286858881488	1	354	G	T
N1_Macaq	0.0289242831484	1	468	A	T
N1_Macaq	0.0301921005776	1	808	C	T
N1_Macaq	0.0313233109382	1	842	G	T
N1_Macaq	0.0313722786856	2	625	T	G
N1_Macaq	0.0320259091501	1	711	G	C
N1_Macaq	0.0330959103516	1	196	T	C
N1_Macaq	0.0333697612533	2	474	G	C
N1_Macaq	0.0339024863458	2	510	T	A
N1_Macaq	0.0340051196293	2	117	A	G
N1_Macaq	0.0342902233981	1	117	A	G
N1_Macaq	0.0345292193315	2	197	G	A
N1_Macaq	0.0359207240518	1	1070	C	A
N1_Macaq	0.0370087065333	2	161	A	T
N1_Macaq	0.0370869340885	2	727	C	T
N1_Macaq	0.0373802287832	1	419	T	G
N1_Macaq	0.0377554922871	2	833	A	G
N1_Macaq	0.037884874484	2	635	A	G
N1_Macaq	0.0379471277644	2	497	A	G
N1_Macaq	0.0384636355948	1	974	C	A
N1_Macaq	0.0389969139821	2	684	A	G
N1_Macaq	0.0391156157574	2	1183	G	A
N1_Macaq	0.0401136808831	1	728	C	T
N1_Macaq	0.0418028731736	2	1023	C	T
N1_Macaq	0.0425539051376	1	150	T	G
N1_Macaq	0.0428321259603	2	848	G	C
N0_Mouse	0.000208502671524	0	918	G	C
N0_Mouse	0.000379009232189	0	111	T	A
N0_Mouse	0.00165118019381	0	8	T	A
N0_Mouse	0.0019572883478	0	539	A	C
N0_Mouse	0.00261787899484	0	26	T	A
N0_Mouse	0.00341071783184	0	1168	C	G
N0_Mouse	0.00477829381946	0	122	G	A
N0_Mouse	0.00624558576926	0	412	G	A
N0_Mouse	0.00708085073134	0	1110	A	G
N0_Mouse	0.00736463916562	0	923	T	A
N0_Mouse	0.00877468857404	0	1089	G	C
N0_Mouse	0.00901098330273	0	813	C	T
N0_Mouse	0.010346028057	0	912	C	G
N0_Mouse	0.0105520521237	0	925	T	C
N0_Mouse	0.0125502238048	0	1212	G	A
N0_Mouse	0.0127225528929	0	71	G	T
N0_Mouse	0.0140245965425	0	852	G	C
N0_Mouse	0.0141711938825	0	1116	A	C
N0_Mouse	0.0147492510061	0	809	C	T
N0_Mouse	0.0155597281103	0	803	G	A
N0_Mouse	0.0160187242955	0	25	G	C
N0_Mouse	0.0166582917368	0	1186	G	A
N0_Mouse	0.0167428072894	0	245	A	C
N0_Mouse	0.0184862152625	0	115	A	G
N0_Mouse	0.0197929031648	0	1105	G	T
N0_Mouse	0.0201013136768	0	825	G	A
N0_Mouse	0.0204581727599	0	889	A	C
N0_Mouse	0.0204708387483	0	1060	G	T
N0_Mouse	0.0204791117545	0	73	T	C
N0_Mouse	0.0206951975167	0	927	A	T
N0_Mouse	0.0207108111645	0	219	T	G
N0_Mouse	0.0210314527493	0	898	G	C
N0_Mouse	0.0213428328418	0	811	A	T
N0_Mouse	0.0225221027085	0	954	G	A
N0_Mouse	0.023209722	0	752	T	C
N0_Mouse	0.0254799244605	0	524	G	A
N0_Mouse	0.0262234607292	0	276	T	A
N0_Mouse	0.0270106241798	0	1000	C	T
N0_Mouse	0.0284267796252	0	921	T	A
N0_Mouse	0.0284963778335	0	426	A	T
N0_Mouse	0.029169834626	0	656	G	T
N0_Mouse	0.0299847764435	0	500	A	G
N0_Mouse	0.0320840712104	0	651	A	C
N0_Mouse	0.0328283574138	0	943	C	T
N0_Mouse	0.0329112622421	0	430	C	T
N0_Mouse	0.0331628781276	0	1080	T	C
N0_Mouse	0.0332379823926	0	314	C	T
N0_Mouse	0.0336125160645	0	152	A	G
N0_Mouse	0.034165182529	0	1107	A	C
N0_Mouse	0.0366213040608	0	836	T	G
N0_Mouse	0.0371978481807	0	1068	A	G
N0_Mouse	0.0383508107896	0	450	A	T
N0_Mouse	0.038388248499	0	548	T	C
N0_Mouse	0.0384424372056	0	74	G	A
N0_Mouse	0.0391677684709	0	1168	G	T
N0_Mouse	0.03978417911	0	883	G	T
N0_Mouse	0.0402403188892	0	385	A	G
N0_Mouse	0.0404842507055	0	629	T	C
N0_Mouse	0.0408694022607	0	1116	C	A
N0_Mouse	0.0426888062885	0	761	A	G
N0_Mouse	0.0432706145891	0	424	A	G
N0_Mouse	0.0433075814877	0	92	T	C
N0_Mouse	0.0434824945625	0	1175	C	T
N0_Mouse	0.043742907779	0	525	A	T
N0_Mouse	0.0438390340885	0	1164	A	G
N0_Mouse	0.0448636358953	0	469	C	T
N0_Mouse	0.0452791884409	0	1091	A	G
N0_Mouse	0.0469826819769	0	906	T	A
N0_Mouse	0.0471641364443	0	600	T	C
N0_Mouse	0.0472653507153	0	1176	C	T
N0_Mouse	0.0478367727989	0	60	A	G
N0_Mouse	0.0485469003022	0	856	A	T
N0_Mouse	0.0495405719208	0	564	C	T
N0_Mouse	0.0515906082742	0	27	T	G
N0_Mouse	0.0533004313974	0	1007	T	A
N0_Mouse	0.0533133634557	0	507	T	A
N0_Mouse	0.0556871737394	0	521	G	C
N0_Mouse	0.055806109085	0	89	C	G
N0_Mouse	0.0568072612219	0	1211	C	T
N0_Mouse	0.0570311853434	0	1019	T	C
N0_Mouse	0.0572171549903	0	249	G	C
N0_Mouse	0.0584228917933	0	678	T	A
N0_Mouse	0.058762484907	0	924	T	C
N0_Mouse	0.05881309078	0	123	T	A
N0_Mouse	0.0588859721989	0	333	C	A
N0_Mouse	0.0589859013876	0	28	A	C
N0_Mouse	0.0599733689797	0	88	G	T
N0_Mouse	0.0607713128914	0	988	A	C
N0_Mouse	0.0624273919134	0	860	C	T
N0_Mouse	0.0625608551764	0	913	C	T
N0_Mouse	0.0627274436355	0	730	A	C
N0_Mouse	0.0629134117128	0	863	T	G
N0_Mouse	0.0631747088612	0	893	A	T
N0_Mouse	0.063186976482	0	162	A	G
N0_Mouse	0.0633549189594	0	954	A	G
N0_Mouse	0.0663429219849	0	1011	A	T
N0_Mouse	0.0667415309867	0	541	A	G
N0_Mouse	0.0677129107659	0	689	G	T
N0_Mouse	0.0678613935865	0	793	A	T
N0_Mouse	0.0681858701098	0	296	T	C
N0_Mouse	0.0706166065694	0	911	C	T
N0_Mouse	0.0713884461515	0	593	G	T
N0_Mouse	0.0719014227204	0	359	G	T
N0_Mouse	0.0735933481125	0	353	C	T
N0_Mouse	0.0736442052943	0	758	A	G
N0_Mouse	0.0739263172868	0	904	C	A
N0_Mouse	0.07434232538	0	432	C	G
N0_Mouse	0.0744103463645	0	864	G	A
N0_Mouse	0.0746507144947	0	757	C	T
N0_Mouse	0.0765227319676	0	579	T	A
N0_Mouse	0.0778938405212	0	221	G	C
N0_Mouse	0.0780017688886	0	25	C	A
N0_Mouse	0.078175852653	0	245	C	T
N0_Mouse	0.0790606216498	0	1051	G	C
N0_Mouse	0.0843067974012	0	216	C	T
N0_Mouse	0.0846524308887	0	315	C	T
N0_Mouse	0.0858756244162	0	456	G	C
N0_Mouse	0.0866603319506	0	802	G	A
N0_Mouse	0.0870583786035	0	428	A	G
N0_Mouse	0.087487436312	0	870	A	G
N0_Mouse	0.088127517968	0	330	A	G
N0_Mouse	0.0886580639963	0	1137	A	T
N0_Mouse	0.089568180182	0	428	G	A
N0_Mouse	0.0900660111073	0	293	A	T
N0_Mouse	0.0902916742798	0	746	T	C
N0_Mouse	0.0905665580039	0	973	T	C
N0_Mouse	0.0906989147068	0	776	C	G
N0_Mouse	0.0912152671354	0	284	G	T
N0_Mouse	0.091264747999	0	1074	T	C
N0_Mouse	0.0917374277904	0	131	G	T
N0_Mouse	0.0917631678657	0	1047	A	G
N0_Mouse	0.0919997178008	0	91	G	T
N0_Mouse	0.0931975177645	0	537	C	T
N0_Mouse	0.0947552029117	0	187	A	G
N0_Mouse	0.0954527842366	0	1028	C	G
N0_Mouse	0.0970718233055	0	1039	C	T
N0_Mouse	0.0979231905407	0	25	A	T
N0_Mouse	0.0997395750241	0	770	A	T
N0_Mouse	0.100911167014	0	1222	C	G
N0_Mouse	0.102708001145	0	394	G	A
N0_Mouse	0.102853545283	0	1172	G	T
N0_Mouse	0.104366582853	0	117	A	G
N0_Mouse	0.104389397096	0	836	G	C
N0_Mouse	0.104551923855	0	687	G	A
N0_Mouse	0.1047241545	0	1084	C	T
N0_Mouse	0.104952234183	0	748	G	C
N0_Mouse	0.105077881455	0	515	T	G
N0_Mouse	0.105375252834	0	1007	A	C
N0_Mouse	0.107982543272	0	106	G	T
N0_Mouse	0.108801455217	0	634	C	T
N0_Mouse	0.109664794215	0	357	A	G
N0_Mouse	0.109783640311	0	126	A	T
N0_Mouse	0.110074923889	0	689	T	A
N0_Mouse	0.111101147424	0	1213	T	G
N0_Mouse	0.111117631929	0	987	C	T
N0_Mouse	0.112460017497	0	730	C	A
N0_Mouse	0.112886737987	0	491	A	G
N0_Mouse	0.113593992361	0	247	T	A
N0_Mouse	0.113846276689	0	818	C	A
N0_Mouse	0.114222916482	0	967	T	C
N0_Mouse	0.115169008877	0	1215	A	T
N0_Mouse	0.11646247444	0	366	C	T
N0_Mouse	0.117268531795	0	195	G	C
N0_Mouse	0.119843239982	0	1073	A	T
N0_Mouse	0.120257252358	0	369	A	T
N0_Mouse	0.120499974185	0	611	A	T
N0_Mouse	0.121081774778	0	1154	C	T
N0_Mouse	0.121851742239	0	541	G	A
N0_Mouse	0.122449232852	0	339	T	C
N0_Mouse	0.122676708519	0	705	C	T
N0_Mouse	0.124312967454	0	142	T	C
N0_Mouse	0.126473168371	0	384	G	A
N0_Mouse	0.127041289464	0	159	C	T
N0_Mouse	0.127562467516	0	0	C	G
N0_Mouse	0.128410988904	0	148	G	A
N0_Mouse	0.128453035232	0	316	A	C
N0_Mouse	0.133859602393	0	1037	T	A
N0_Mouse	0.1339338965	0	277	T	C
N0_Mouse	0.134640476943	0	987	T	C
N0_Mouse	0.135102769495	0	674	A	C
N0_Mouse	0.135677441124	0	64	T	C
N0_Mouse	0.1363232621	0	193	A	C
N0_Mouse	0.137880343552	0	1146	T	C
N0_Mouse	0.138973372133	0	575	G	T
N0_Mouse	0.138989335738	0	1090	C	T
N0_Mouse	0.140186357389	0	999	C	A
N0_Mouse	0.142935604987	0	732	G	C
N0_Mouse	0.143590097431	0	1152	A	G
N0_Mouse	0.146217267398	0	778	T	C
N0_Mouse	0.146516975602	0	945	T	C
N0_Mouse	0.14740355035	0	726	C	T
N0_Mouse	0.148591394903	0	833	C	A
N0_Mouse	0.149947908804	0	276	A	T
N0_Mouse	0.150733849164	0	290	T	C
N0_Mouse	0.151100281545	0	1202	G	C
N0_Mouse	0.151511460183	0	650	A	G
N0_Mouse	0.152125154552	0	85	A	G
N0_Mouse	0.152374597316	0	269	T	A
N0_Mouse	0.154653994483	0	1186	A	C
N0_Mouse	0.155887453607	0	207	C	T
N0_Mouse	0.1574107921	0	397	G	A
N0_Mouse	0.157621474519	0	532	G	T
N0_Mouse	0.158498174165	0	791	T	C
N0_Mouse	0.159110098806	0	918	C	A
N0_Mouse	0.159750962331	0	773	T	C
N0_Mouse	0.160786134949	0	909	T	A
N0_Mouse	0.161667768052	0	548	C	T
N0_Mouse	0.162287919481	0	137	A	C
N0_Mouse	0.163206049731	0	552	A	T
N0_Mouse	0.163835063444	0	240	C	T
N0_Mouse	0.164108450836	0	265	T	C
N0_Mouse	0.165290846773	0	1188	T	A
N0_Mouse	0.165591141728	0	36	T	C
N0_Mouse	0.165758361913	0	1070	C	T
N0_Mouse	0.166564881776	0	985	T	G
N0_Mouse	0.167544214635	0	53	G	A
N0_Mouse	0.168359243176	0	423	A	G
N0_Mouse	0.168655741429	0	915	G	T
N0_Mouse	0.169138314288	0	76	A	G
N0_Mouse	0.169752527183	0	881	C	T
N0_Mouse	0.169985592983	0	867	T	A
N0_Mouse	0.170611055003	0	778	C	A
N0_Mouse	0.170792421741	0	313	C	G
N0_Mouse	0.171063933598	0	949	T	G
N0_Mouse	0.171887686924	0	680	A	C
N0_Mouse	0.172141198773	0	56	G	T
N0_Mouse	0.172815255402	0	952	T	A
N0_Mouse	0.175068067804	0	581	C	T
N0_Mouse	0.175365302839	0	252	T	A
N0_Mouse	0.176407923057	0	225	T	C
N0_Mouse	0.17756277398	0	1193	C	A
N0_Mouse	0.177759669998	0	433	G	T
N0_Mouse	0.177935619809	0	108	T	C
N0_Mouse	0.178950643175	0	541	A	G
N0_Mouse	0.180286606911	0	712	G	A
N0_Mouse	0.183374291294	0	397	A	C
N0_Mouse	0.183768874406	0	1153	G	A
N0_Mouse	0.184891169556	0	703	T	C
N0_Mouse	0.186061910632	0	237	A	G
N0_Mouse	0.189024915665	0	319	T	A
N0_Mouse	0.189445443617	0	723	G	T
N0_Mouse	0.18955316406	0	190	A	T
N0_Mouse	0.189570282453	0	522	T	C
N0_Mouse	0.190827863415	0	63	T	A
N0_Mouse	0.191326489325	0	640	G	A
N0_Mouse	0.191637825845	0	600	C	T
N0_Mouse	0.192762488255	0	1131	T	A
N0_Mouse	0.193317828865	0	464	A	C
N0_Mouse	0.196582602617	0	937	A	T
N0_Mouse	0.199864793781	0	421	A	G
N0_Mouse	0.200232390602	0	1004	G	T
N0_Mouse	0.200478027938	0	739	G	A
N0_Mouse	0.205659584353	0	683	C	T
N0_Mouse	0.206021757667	0	371	T	C
N0_Mouse	0.207970053507	0	396	T	C
N0_Mouse	0.208368926364	0	483	T	A
N0_Mouse	0.208616203703	0	836	C	A
N0_Mouse	0.209362186968	0	789	T	C
N0_Mouse	0.210945351357	0	1160	C	T
N0_Mouse	0.211643247981	0	405	G	A
N0_Mouse	0.21238182967	0	1154	T	C
N0_Mouse	0.212430935319	0	1134	A	C
N0_Mouse	0.212455714918	0	945	C	G
N0_Mouse	0.212996990635	0	632	T	C
N0_Mouse	0.214025477431	0	1098	A	C
N0_Mouse	0.214334724304	0	110	C	G
N0_Mouse	0.215445251735	0	183	G	A
N0_Mouse	0.215543806447	0	264	T	G
N0_Mouse	0.21621808979	0	475	G	A
N0_Mouse	0.218277386534	0	302	A	T
N0_Mouse	0.21874840101	0	943	T	A
N0_Mouse	0.219014315376	0	1206	A	T
N0_Mouse	0.219817907951	0	237	G	C
N0_Mouse	0.220498251198	0	160	G	A
N0_Mouse	0.220759916601	0	1051	C	T
N0_Mouse	0.221171121227	0	249	C	A
N0_Mouse	0.222794684617	0	665	A	T
N0_Mouse	0.222899578622	0	313	G	T
N0_Mouse	0.223740752776	0	434	T	C
N0_Mouse	0.224433314193	0	284	T	G
N0_Mouse	0.224472316093	0	338	C	T
N0_Mouse	0.226574585125	0	1074	C	G
N0_Mouse	0.227169636321	0	727	C	T
N0_Mouse	0.227374769005	0	481	C	T
N0_Mouse	0.23047489374	0	779	T	G
N0_Mouse	0.232044557389	0	919	T	C
N0_Mouse	0.232704898539	0	1207	A	C
N0_Mouse	0.234627844711	0	869	G	T
N0_Mouse	0.234930945899	0	575	T	A
N0_Mouse	0.236296481251	0	349	C	A
N0_Mouse	0.236437143678	0	333	A	G
N0_Mouse	0.236627178936	0	1138	C	T
N0_Mouse	0.237071254351	0	822	C	T
N0_Mouse	0.237446574345	0	559	C	T
N0_Mouse	0.237545097603	0	122	A	T
N0_Mouse	0.237680434128	0	334	T	G
N0_Mouse	0.238295661589	0	40	C	T
N0_Mouse	0.239244118075	0	599	A	T
N0_Mouse	0.239456374873	0	344	C	G
N0_Mouse	0.240336505752	0	662	A	C
N0_Mouse	0.24149014315	0	11	T	C
N0_Mouse	0.241744225568	0	738	T	A
N0_Mouse	0.242024706577	0	90	A	G
N0_Mouse	0.242151180815	0	910	A	G
N0_Mouse	0.24290349527	0	295	T	G
N0_Mouse	0.243319730737	0	646	A	T
N0_Mouse	0.243589136884	0	1173	G	T
N0_Mouse	0.244227701749	0	1160	T	A
N0_Mouse	0.2455132904	0	739	A	G
N0_Mouse	0.247568478767	0	1053	C	G
N0_Mouse	0.248320468789	0	976	A	G
N0_Mouse	0.250671178944	0	560	T	C
N0_Mouse	0.251009801234	0	107	T	C
N0_Mouse	0.251441447549	0	492	T	G
N0_Mouse	0.251506535513	0	63	A	T
N0_Mouse	0.251881107964	0	447	G	A
N0_Mouse	0.252295358853	0	1082	A	G
N0_Mouse	0.25266212238	0	662	C	G
N0_Mouse	0.252796322987	0	1133	T	A
N0_Mouse	0.252910867192	0	1130	A	C
N0_Mouse	0.253041661982	0	849	A	G
N0_Mouse	0.253181298647	0	70	T	A
N0_Mouse	0.254521224512	0	594	C	G
N0_Mouse	0.254790052592	0	894	T	C
N0_Mouse	0.255920549296	0	7	A	G
N0_Mouse	0.256945262908	0	51	T	A
N0_Mouse	0.257342661273	0	1165	C	T
N0_Mouse	0.257515311329	0	649	A	T
N0_Mouse	0.259025286468	0	817	C	T
N0_Mouse	0.261271764286	0	277	C	T
N0_Mouse	0.261305857258	0	897	A	C
N0_Mouse	0.261507945452	0	927	T	C
N0_Mouse	0.261824270324	0	877	T	G
N0_Mouse	0.262006106845	0	841	T	C
N0_Mouse	0.263023490706	0	1083	C	A
N0_Mouse	0.263396553709	0	914	T	A
N0_Mouse	0.264359431697	0	602	A	G
N0_Mouse	0.264925237346	0	479	C	A
N0_Mouse	0.264959409561	0	406	G	A
N0_Mouse	0.265928886476	0	1189	G	A
N0_Mouse	0.265980074177	0	774	G	T
N0_Mouse	0.266118113753	0	1020	G	C
N0_Mouse	0.266551604191	0	1112	C	T
N0_Mouse	0.267123959654	0	639	C	T
N0_Mouse	0.267538231928	0	30	C	A
N0_Mouse	0.268201653126	0	1152	G	T
N0_Mouse	0.269005421824	0	464	C	A
N0_Mouse	0.26900930376	0	529	A	G
N0_Mouse	0.270012537232	0	215	C	T
N0_Mouse	0.27008821189	0	519	A	G
N0_Mouse	0.271385471618	0	941	C	T
N0_Mouse	0.273839163296	0	663	G	T
N0_Mouse	0.274662197415	0	1037	A	G
N0_Mouse	0.274783711539	0	627	C	T
N0_Mouse	0.276090844382	0	222	A	G
N0_Mouse	0.276886270258	0	298	C	A
N0_Mouse	0.277856688991	0	751	G	T
N0_Mouse	0.278703082032	0	1172	T	A
N0_Mouse	0.279009119846	0	574	T	C
N0_Mouse	0.279697225622	0	354	G	A
N0_Mouse	0.281739153802	0	23	G	A
N0_Mouse	0.281823011712	0	478	G	A
N0_Mouse	0.283056869914	0	1236	T	G
N0_Mouse	0.283096608957	0	162	G	C
N0_Mouse	0.28347188884	0	340	G	C
N0_Mouse	0.283716864471	0	575	A	T
N0_Mouse	0.28547622136	0	613	C	A
N0_Mouse	0.286004066135	0	821	G	T
N0_Mouse	0.286169935177	0	149	A	G
N0_Mouse	0.28696467431	0	129	C	T
N0_Mouse	0.28944324088	0	600	T	G
N0_Mouse	0.290812364832	0	703	C	G
N0_Mouse	0.291230158101	0	539	C	G
N0_Mouse	0.292233028093	0	692	T	A
N0_Mouse	0.293229084281	0	259	T	C
N0_Mouse	0.293664085151	0	1160	A	G
N0_Mouse	0.295011344539	0	501	A	G
N0_Mouse	0.295201442124	0	414	T	A
N0_Mouse	0.296215054974	0	904	A	G
N0_Mouse	0.297763046442	0	400	A	G
N0_Mouse	0.299762673923	0	124	T	C
N0_Mouse	0.300415401268	0	409	A	C
N0_Mouse	0.300573739302	0	249	A	G
N0_Mouse	0.301229630011	0	399	T	G
N0_Mouse	0.302742510403	0	30	A	G
N0_Mouse	0.303235936675	0	950	A	G
N0_Mouse	0.304310825751	0	370	T	C
N0_Mouse	0.305421022075	0	100	A	T
N0_Mouse	0.307129670781	0	565	T	C
N0_Mouse	0.308513808374	0	1097	A	G
N0_Mouse	0.309202852758	0	15	T	G
N0_Mouse	0.309735471205	0	429	A	T
N0_Mouse	0.310498437963	0	597	C	G
N0_Mouse	0.31180599616	0	914	A	C
N0_Mouse	0.312827405421	0	292	A	T
N0_Mouse	0.313657576802	0	217	G	A
N0_Mouse	0.3140016068	0	674	C	G
N0_Mouse	0.316303207785	0	650	G	T
N0_Mouse	0.316982994904	0	599	T	C
N0_Mouse	0.317052634875	0	528	T	C
N0_Mouse	0.317795059347	0	555	A	G
N0_Mouse	0.317981027172	0	586	A	T
N0_Mouse	0.319746424365	0	1178	A	C
N0_Mouse	0.323096751675	0	68	G	A
N0_Mouse	0.32396878641	0	1110	G	T
N0_Mouse	0.324074834247	0	387	G	C
N0_Mouse	0.324282944494	0	305	A	G
N0_Mouse	0.32489729665	0	2	G	C
N0_Mouse	0.325098850765	0	118	C	T
N0_Mouse	0.328342444713	0	227	G	A
N0_Mouse	0.328518481486	0	255	A	G
N0_Mouse	0.329357699141	0	1218	C	G
N0_Mouse	0.329725556614	0	869	T	G
N0_Mouse	0.332262051106	0	821	T	A
N0_Mouse	0.333626007637	0	1234	T	G
N0_Mouse	0.334649976463	0	133	C	A
N0_Mouse	0.336372533629	0	157	A	C
N0_Mouse	0.336451897529	0	907	C	A
N0_Mouse	0.338130868981	0	749	G	C
N0_Mouse	0.338429348555	0	616	G	C
N0_Mouse	0.338593286831	0	855	T	C
N0_Mouse	0.338830145522	0	750	G	T
N0_Mouse	0.338944961028	0	352	G	A
N0_Mouse	0.339282938805	0	388	A	C
N0_Mouse	0.340591460865	0	1114	C	T
N0_Mouse	0.341112899453	0	806	G	A
N0_Mouse	0.34170777408	0	751	T	G
N0_Mouse	0.34314925078	0	991	A	G
N0_Mouse	0.343503777904	0	842	G	C
N0_Mouse	0.346731564547	0	181	T	A
N0_Mouse	0.347090659414	0	400	G	A
N0_Mouse	0.349246692322	0	1118	C	G
N0_Mouse	0.349761435409	0	440	T	C
N0_Mouse	0.350538260764	0	988	C	A
N0_Mouse	0.350560702101	0	1080	C	T
N0_Mouse	0.352502007814	0	1034	G	C
N0_Mouse	0.352521816908	0	383	C	A
N0_Mouse	0.353154653324	0	82	T	A
N0_Mouse	0.353999860821	0	1123	T	A
N0_Mouse	0.354564037627	0	424	G	T
N0_Mouse	0.355183677817	0	1156	A	G
N0_Mouse	0.355752407782	0	682	G	C
N0_Mouse	0.355791508597	0	817	T	C
N0_Mouse	0.357393612432	0	1003	G	T
N0_Mouse	0.360065155993	0	588	T	A
N0_Mouse	0.361833830429	0	339	C	T
N0_Mouse	0.363644782578	0	370	C	T
N0_Mouse	0.363711754765	0	611	T	C
N0_Mouse	0.364161544943	0	365	C	T
N0_Mouse	0.364637480815	0	545	C	T
N0_Mouse	0.367455650682	0	369	T	C
N0_Mouse	0.368536131869	0	1088	T	C
N0_Mouse	0.369903204971	0	544	C	A
N0_Mouse	0.371400454207	0	619	A	G
N0_Mouse	0.372693161844	0	811	T	C
N0_Mouse	0.372935538626	0	1049	A	C
N0_Mouse	0.373011757887	0	990	A	C
N0_Mouse	0.374605960784	0	1119	A	T
N0_Mouse	0.375579528677	0	251	A	C
N0_Mouse	0.375870111323	0	601	A	G
N0_Mouse	0.378856518746	0	311	C	A
N0_Mouse	0.379144296092	0	84	A	C
N0_Mouse	0.380331082601	0	136	T	G
N0_Mouse	0.380478532541	0	257	A	T
N0_Mouse	0.380587236511	0	1035	G	A
N0_Mouse	0.381277923938	0	692	A	G
N0_Mouse	0.381392770464	0	1130	C	T
N0_Mouse	0.38141654549	0	720	A	G
N0_Mouse	0.383170148393	0	1176	T	A
N0_Mouse	0.383877230077	0	1117	A	T
N0_Mouse	0.384752488604	0	393	T	C
N0_Mouse	0.385682969786	0	1	T	C
N0_Mouse	0.385862440055	0	472	A	C
N0_Mouse	0.386277834843	0	445	G	T
N0_Mouse	0.386345322353	0	515	G	C
N0_Mouse	0.386462039467	0	848	T	C
N0_Mouse	0.386569459544	0	691	C	T
N0_Mouse	0.386677033791	0	1110	T	C
N0_Mouse	0.387530158434	0	834	T	G
N0_Mouse	0.388019007072	0	791	C	T
N0_Mouse	0.38840838164	0	815	A	G
N0_Mouse	0.388602754121	0	1058	T	A
N0_Mouse	0.388947094612	0	1208	G	T
N0_Mouse	0.389242532119	0	844	C	A
N0_Mouse	0.389354071389	0	1174	T	A
N0_Mouse	0.390446777608	0	568	C	A
N0_Mouse	0.390506995788	0	726	T	A
N0_Mouse	0.390694191716	0	36	C	T
N0_Mouse	0.39108606246	0	1020	C	T
N0_Mouse	0.391744714287	0	919	C	T
N0_Mouse	0.393005562573	0	645	T	C
N0_Mouse	0.394032065124	0	346	T	C
N0_Mouse	0.39557496191	0	1059	G	A
N0_Mouse	0.395726499977	0	564	T	C
N0_Mouse	0.396153722912	0	811	C	G
N0_Mouse	0.396798898896	0	917	C	T
N0_Mouse	0.396920978679	0	101	T	A
N0_Mouse	0.397470600706	0	793	T	A
N0_Mouse	0.397764062194	0	849	G	C
N0_Mouse	0.398166737447	0	231	C	T
N0_Mouse	0.399066880369	0	931	G	C
N0_Mouse	0.399677247781	0	708	C	A
N0_Mouse	0.401812248657	0	177	C	T
N0_Mouse	0.404963917283	0	228	T	G
N0_Mouse	0.405301070137	0	578	G	T
N0_Mouse	0.405588762943	0	1163	C	T
N0_Mouse	0.41021133266	0	637	T	A
N0_Mouse	0.411524142968	0	861	C	A
N0_Mouse	0.411629844666	0	612	G	A
N0_Mouse	0.413954081017	0	1231	G	A
N0_Mouse	0.415547630148	0	691	T	G
N0_Mouse	0.416105617649	0	308	T	A
N0_Mouse	0.416242968981	0	1224	C	T
N0_Mouse	0.416422655591	0	832	G	A
N0_Mouse	0.416666049225	0	124	C	T
N0_Mouse	0.416980329227	0	895	T	G
N0_Mouse	0.417023455321	0	68	A	T
N0_Mouse	0.417185594397	0	1220	A	G
N0_Mouse	0.418360980158	0	1142	T	C
N0_Mouse	0.4186175508	0	1042	G	C
N0_Mouse	0.42104556411	0	623	T	C
N0_Mouse	0.421198009344	0	341	A	T
N0_Mouse	0.422265243313	0	33	G	T
N0_Mouse	0.4237979568	0	839	T	A
N0_Mouse	0.424162722021	0	1002	T	C
N0_Mouse	0.42458762897	0	790	A	G
N0_Mouse	0.424832025959	0	252	A	T
N0_Mouse	0.425377085658	0	674	G	A
N0_Mouse	0.425546950107	0	335	T	A
N0_Mouse	0.425780321791	0	511	T	C
N0_Mouse	0.426832976596	0	863	G	A
N0_Mouse	0.427307816327	0	937	T	A
N0_Mouse	0.427881333953	0	219	G	A
N0_Mouse	0.428340970957	0	161	A	C
N0_Mouse	0.428491540914	0	990	C	G
N0_Mouse	0.428732434401	0	1118	G	A
N0_Mouse	0.430212604911	0	475	A	G
N0_Mouse	0.431869250723	0	509	A	G
N0_Mouse	0.433728093917	0	303	T	C
N0_Mouse	0.434544076674	0	1080	T	G
N0_Mouse	0.43481789606	0	1219	A	T
N0_Mouse	0.435096116316	0	1031	A	G
N0_Mouse	0.435606319324	0	143	T	A
N0_Mouse	0.436125077986	0	318	G	T
N0_Mouse	0.436572330834	0	338	T	G
N0_Mouse	0.437830105643	0	1051	T	A
N0_Mouse	0.438831281482	0	667	G	T
N0_Mouse	0.43920248788	0	483	A	C
N0_Mouse	0.440617622602	0	701	A	C
N0_Mouse	0.441109915202	0	265	C	T
N0_Mouse	0.444449556987	0	923	A	T
N0_Mouse	0.444562444949	0	1008	G	A
N0_Mouse	0.446681250144	0	26	A	C
N0_Mouse	0.447683031506	0	522	C	A
