edge	time	mut_orlg	mut_pos	old_state	new_state
N0_D1	0.000578970387895	0	271	G	T
N0_D1	0.00246156545498	0	584	T	A
N0_D1	0.0045522715064	0	129	A	G
N0_D1	0.00608153445317	0	130	C	A
N0_D1	0.00660844891191	0	513	T	G
N0_D1	0.0111777076053	0	78	G	T
N0_D1	0.0137444422289	0	224	T	C
N0_D1	0.0144192688427	0	169	T	G
N0_D1	0.0152783960117	0	598	A	T
N0_D1	0.0172016986346	0	489	A	G
N0_D1	0.0233620578478	0	365	G	A
N0_D1	0.0235080756044	0	380	T	A
N0_D1	0.0241163035763	0	355	A	T
N0_D1	0.0244096390815	0	523	A	T
N0_D1	0.0245856748061	0	383	T	A
N0_D1	0.0255983290113	0	98	A	T
N0_D1	0.0286044763087	0	166	T	G
N0_D1	0.0293898515995	0	127	G	A
N0_D1	0.0294837854322	0	295	G	A
N0_D1	0.0297141802053	0	379	A	T
N0_D1	0.0297722005028	0	388	C	T
N0_D1	0.030574319946	0	346	G	T
N0_D1	0.0306813898321	0	314	C	T
N0_D1	0.0351395425335	0	530	C	T
N0_D1	0.0357973285168	0	353	C	T
N0_D1	0.0359093601934	0	363	C	A
N0_D1	0.0366340011412	0	49	G	T
N0_D1	0.0376898851214	0	267	A	T
N0_D1	0.0382290601812	0	507	C	A
N0_D1	0.0440149298854	0	325	T	G
N0_D1	0.0440566436204	0	128	T	C
N0_D1	0.0467985487991	0	582	T	G
N0_D1	0.0480164257268	0	650	A	G
N0_D1	0.0482804934413	0	349	A	G
N0_D1	0.0489952798225	0	450	G	A
D1_N1	0.000835908588332	1	606	C	G
D1_N1	0.00105506589789	2	189	A	C
D1_N1	0.00214098751543	2	119	T	C
D1_N1	0.00265638763414	1	96	T	A
D1_N1	0.00378384358859	2	414	T	C
D1_N1	0.0042339177585	2	100	C	G
D1_N1	0.00524594210346	1	651	G	T
D1_N1	0.00616405147743	2	376	T	C
D1_N1	0.0073581710678	1	297	C	G
D1_N1	0.00762857988046	1	24	G	A
D1_N1	0.00779015110651	2	75	A	T
D1_N1	0.00854679923501	1	12	A	G
D1_N1	0.0110392661248	1	74	G	A
D1_N1	0.0115544864187	2	440	T	G
D1_N1	0.0116462536946	1	659	C	T
D1_N1	0.0120372008462	2	212	C	T
D1_N1	0.0131641420751	2	348	T	C
D1_N1	0.0137232032481	2	517	C	G
D1_N1	0.0137258614115	1	137	A	G
D1_N1	0.0137267694611	2	431	C	T
D1_N1	0.0141811901912	2	50	G	A
D1_N1	0.015900793512	2	158	A	G
D1_N1	0.0161131148831	1	42	C	T
D1_N1	0.017243114194	1	273	A	G
D1_N1	0.0178225344013	2	291	A	G
D1_N1	0.0179281127369	2	397	A	G
D1_N1	0.0179672625768	2	617	G	A
D1_N1	0.0180915557579	2	200	C	T
D1_N1	0.0181408697337	1	472	G	C
D1_N1	0.0183350134526	1	426	G	A
D1_N1	0.0183843298159	1	32	T	C
D1_N1	0.0192375200153	2	619	G	A
D1_N1	0.0192493543317	1	534	T	A
D1_N1	0.0193561604504	1	451	T	A
D1_N1	0.0194713524435	1	618	T	A
D1_N1	0.0207011064777	1	33	T	A
D1_N1	0.0210044650464	1	615	A	G
D1_N1	0.0218371906079	1	127	A	G
D1_N1	0.0220538966107	2	127	A	T
D1_N1	0.0235529410682	1	604	G	A
D1_N1	0.0243156907338	1	643	C	T
D1_N1	0.0248522044221	1	327	A	T
D1_N1	0.024982460045	2	565	A	T
D1_N1	0.0263334112887	2	77	A	C
D1_N1	0.0266312591249	1	293	A	G
D1_N1	0.0276976502366	1	311	G	C
D1_N1	0.0278165494753	1	287	A	T
D1_N1	0.0284717924421	1	130	A	G
D1_N1	0.028959749529	1	162	C	T
D1_N1	0.0296245195862	2	604	G	A
D1_N1	0.0309151047061	1	138	T	A
D1_N1	0.0311831001983	1	618	A	G
D1_N1	0.0313718538026	1	362	G	T
D1_N1	0.0375764035348	1	268	C	T
D1_N1	0.0385058576449	1	73	C	T
D1_N1	0.0390863841851	2	311	G	T
D1_N1	0.0395003398986	1	564	C	G
D1_N1	0.0402770772965	1	531	A	T
D1_N1	0.0406055992065	1	402	G	A
D1_N1	0.0408927399054	1	201	C	G
D1_N1	0.0424314837961	2	58	C	A
D1_N1	0.0432806702495	1	516	C	G
D1_N1	0.0457927734326	1	197	A	T
D1_N1	0.0469792078104	2	513	G	A
D1_N1	0.0484103517245	2	314	T	C
D1_N1	0.048959242203	1	520	T	C
D1_N1	0.0496927734152	2	162	T	C
D1_N1	0.0500301354814	2	107	A	G
D1_N1	0.0512921522883	2	167	C	G
D1_N1	0.0520464722525	1	669	A	G
D1_N1	0.052395188216	1	214	A	G
D1_N1	0.0525131096033	1	595	C	T
D1_N1	0.0538986943449	2	431	T	G
D1_N1	0.0541219742938	1	53	T	A
D1_N1	0.0546097901538	1	43	G	A
D1_N1	0.0546451012552	1	426	A	T
D1_N1	0.0559717998112	2	585	C	T
D1_N1	0.0564290940141	1	447	A	C
D1_N1	0.0565071890087	2	364	A	G
D1_N1	0.0570387653569	1	485	G	A
D1_N1	0.0576964916383	1	186	T	C
D1_N1	0.0589222178922	1	325	G	A
D1_N1	0.059375965998	1	440	T	C
D1_N1	0.0594469711917	1	292	A	G
D1_N1	0.0598448462408	1	429	T	A
D1_N1	0.0607819805971	1	618	G	A
D1_N1	0.0610910639087	1	78	T	A
D1_N1	0.0614892949968	1	359	T	A
D1_N1	0.0626492533916	1	338	C	T
D1_N1	0.0626703512783	2	169	G	C
D1_N1	0.0636406735568	2	483	G	A
D1_N1	0.0638925220763	1	156	T	C
D1_N1	0.0660955747715	1	322	A	G
D1_N1	0.0661215812604	2	589	A	T
D1_N1	0.067164744289	2	182	C	A
D1_N1	0.0677547300216	2	511	T	C
D1_N1	0.0678579607662	1	190	T	A
D1_N1	0.0680250598162	2	591	G	A
D1_N1	0.0693785153882	1	303	A	G
D1_N1	0.0699288651007	1	228	A	G
D1_N1	0.0699640775403	2	186	T	G
D1_N1	0.0704599511238	2	10	A	G
D1_N1	0.0704900207335	1	603	A	C
D1_N1	0.0707397468737	1	450	A	G
D1_N1	0.0709131372438	1	630	A	G
D1_N1	0.07161528757	2	193	T	A
D1_N1	0.0728904187516	2	671	C	T
D1_N1	0.0746988006489	1	680	A	G
D1_N1	0.0749276600093	2	156	T	C
D1_N1	0.0751581012637	2	256	T	C
D1_N1	0.0757382002196	2	197	A	T
D1_N1	0.0757545297845	1	632	G	A
D1_N1	0.076154165406	1	362	T	C
D1_N1	0.077635688614	1	595	T	C
D1_N1	0.0796762273804	1	311	C	T
D1_N1	0.0796856249996	2	207	T	A
D1_N1	0.080359557473	1	574	C	G
D1_N1	0.081713608384	2	554	G	A
D1_N1	0.0818871715333	1	255	G	T
D1_N1	0.0837325101477	1	366	T	C
D1_N1	0.0844507789911	1	51	T	C
D1_N1	0.0844685672355	2	55	T	A
D1_N1	0.0847832074325	1	203	T	G
D1_N1	0.0856957309572	2	667	T	A
D1_N1	0.0862417320874	1	247	A	C
D1_N1	0.086500085338	2	334	G	T
D1_N1	0.0870358990327	2	355	T	A
D1_N1	0.0875100458874	2	111	G	A
D1_N1	0.0876102293712	1	592	A	G
D1_N1	0.0878245935529	2	18	G	C
D1_N1	0.0881743658325	1	300	C	A
D1_N1	0.0885255555283	1	512	A	C
D1_N1	0.0889042949227	1	643	T	C
D1_N1	0.0894977984793	2	663	C	T
D1_N1	0.0898886023914	1	326	T	A
D1_N1	0.0913714330525	1	120	A	G
D1_N1	0.0920935702879	1	86	C	G
D1_N1	0.0937232122486	1	214	G	T
D1_N1	0.0946573247643	1	78	A	T
D1_N1	0.0952377278263	1	398	C	T
D1_N1	0.0958845452765	2	166	G	A
D1_N1	0.0960360939127	1	487	G	A
D1_N1	0.0968373538933	1	477	C	G
D1_N1	0.0974550392344	1	133	G	A
D1_N1	0.101851493664	1	308	A	G
D1_N1	0.102629229283	1	401	T	C
D1_N1	0.102776798538	2	333	T	A
D1_N1	0.102918165751	2	617	A	G
D1_N1	0.103224180964	2	634	G	A
D1_N1	0.107156888653	1	216	G	A
D1_N1	0.108028338424	2	77	C	A
D1_N1	0.108373601778	1	675	A	T
D1_N1	0.108850707095	1	439	T	A
D1_N1	0.108894643891	1	249	C	G
D1_N1	0.110563945093	1	294	T	A
D1_N1	0.110784473165	2	44	T	A
D1_N1	0.111069136059	1	556	A	G
D1_N1	0.111508558949	1	128	C	G
D1_N1	0.111729700687	1	162	T	C
D1_N1	0.111799030646	1	464	C	T
D1_N1	0.112022892997	2	181	C	T
D1_N1	0.112352192972	1	88	G	T
D1_N1	0.113574415711	1	572	G	T
D1_N1	0.113621626487	1	441	C	A
D1_N1	0.113830519108	2	641	C	G
D1_N1	0.114106010662	2	419	G	T
D1_N1	0.114185420841	1	322	G	T
D1_N1	0.114836043823	1	63	C	T
D1_N1	0.114933424925	1	509	C	A
D1_N1	0.115006708784	2	210	A	T
D1_N1	0.115409473431	1	18	G	C
D1_N1	0.117215226663	1	328	G	A
D1_N1	0.117445374276	1	451	A	C
D1_N1	0.117516897754	1	109	A	T
D1_N1	0.11919658206	2	48	A	T
D1_N1	0.119307567728	1	303	G	C
D1_N1	0.11970022045	1	323	C	T
D1_N1	0.120313678736	1	385	C	G
D1_N1	0.120635397912	2	309	A	G
D1_N1	0.120679190776	2	217	G	A
D1_N1	0.121107028283	2	68	A	C
D1_N1	0.121339176221	2	576	C	T
D1_N1	0.121420632679	1	5	A	T
D1_N1	0.121495517353	1	673	T	G
D1_N1	0.123316730016	2	502	A	G
D1_N1	0.123550920816	2	335	T	C
D1_N1	0.123657264363	2	276	G	T
D1_N1	0.125516460622	2	474	C	T
D1_N1	0.125831533548	2	278	G	A
D1_N1	0.12597136591	2	26	T	G
D1_N1	0.130460477544	2	147	C	G
D1_N1	0.13047500908	2	65	G	T
D1_N1	0.131202647851	2	328	G	A
D1_N1	0.132097504261	2	101	A	G
D1_N1	0.132113933561	1	218	T	C
D1_N1	0.132439428901	2	309	G	T
D1_N1	0.132876208728	1	679	A	T
D1_N1	0.133352367852	1	618	A	G
D1_N1	0.13368777522	1	488	T	G
D1_N1	0.1336901791	1	185	T	C
D1_N1	0.134089427245	1	179	G	C
D1_N1	0.134286396932	1	344	A	G
D1_N1	0.134600065113	2	524	T	C
D1_N1	0.135313192346	1	222	T	C
D1_N1	0.135401615345	1	336	T	A
D1_N1	0.136184381695	1	163	G	T
D1_N1	0.136956382994	1	644	G	C
D1_N1	0.13713731947	2	150	T	A
D1_N1	0.139228149607	1	151	A	T
D1_N1	0.139939302024	1	432	G	T
D1_N1	0.14053632151	2	400	T	C
D1_N1	0.141595622141	2	582	G	A
D1_N1	0.141711017508	2	156	C	T
D1_N1	0.142159871127	1	320	G	T
D1_N1	0.142956894709	2	136	T	A
D1_N1	0.146150383333	2	456	A	C
D1_N1	0.147343860481	1	543	A	T
D1_N1	0.148460784499	1	450	G	A
D1_N1	0.149005383548	2	608	T	C
D1_N1	0.149095217628	2	83	A	G
D1_N1	0.150016877889	1	203	G	A
D1_N1	0.150542093935	2	436	T	C
D1_N1	0.150769055142	2	482	G	T
D1_N1	0.151090151893	2	130	A	T
D1_N1	0.151177277838	2	117	C	T
D1_N1	0.152764905887	2	394	C	T
D1_N1	0.153508890196	1	365	A	T
D1_N1	0.154894743807	1	23	G	A
D1_N1	0.155196168256	2	54	A	T
D1_N1	0.156093031126	2	344	A	G
D1_N1	0.158474005649	1	414	T	C
D1_N1	0.16143004503	1	163	T	C
D1_N1	0.161713084861	1	236	A	C
D1_N1	0.161923252363	1	4	C	T
D1_N1	0.163004058768	2	143	T	C
D1_N1	0.163092111545	1	52	T	G
D1_N1	0.164325361825	2	156	T	C
D1_N1	0.165888367386	2	478	A	C
D1_N1	0.165951159712	1	508	C	T
D1_N1	0.166232273913	1	66	T	C
D1_N1	0.166474164632	1	540	T	A
D1_N1	0.168460033102	2	90	A	G
D1_N1	0.16885283666	1	205	C	T
D1_N1	0.169168646377	2	237	T	A
D1_N1	0.169814237882	1	634	G	A
D1_N1	0.171963860979	1	535	G	C
D1_N1	0.171968563303	1	275	G	A
D1_N1	0.172144435015	2	421	A	G
D1_N1	0.172422030116	2	597	T	G
D1_N1	0.17309937385	2	114	T	G
D1_N1	0.173817935156	2	440	C	G
D1_N1	0.17384831561	2	312	T	C
D1_N1	0.17483843623	1	482	G	T
D1_N1	0.175089337428	2	232	C	T
D1_N1	0.175835616257	1	267	T	C
D1_N1	0.178074996304	2	333	A	G
D1_N1	0.178192508837	2	283	G	C
D1_N1	0.178222532099	2	347	C	T
D1_N1	0.178484255077	1	66	C	T
D1_N1	0.178828297611	2	93	T	A
D1_N1	0.180049441826	1	519	C	T
D1_N1	0.180215392453	1	456	A	G
D1_N1	0.181106279461	2	625	A	T
D1_N1	0.181115374379	1	355	T	C
D1_N1	0.181626546586	2	448	G	C
D1_N1	0.181627735548	2	88	G	A
D1_N1	0.182268208762	1	384	T	C
D1_N1	0.182703076909	1	43	A	T
D1_N1	0.182811721689	1	87	A	T
D1_N1	0.183425540184	2	387	G	A
D1_N1	0.185035420378	1	637	G	A
D1_N1	0.18787356419	2	485	G	A
D1_N1	0.188195211567	2	668	G	C
D1_N1	0.189712633034	2	292	A	C
D1_N1	0.190445513098	1	512	C	T
D1_N1	0.190596565476	1	495	A	G
D1_N1	0.192737229791	1	634	A	C
D1_N1	0.193404547011	2	266	G	A
D1_N1	0.193833586823	2	57	C	T
D1_N1	0.194572446501	2	134	C	A
D1_N1	0.194975053387	1	127	G	C
D1_N1	0.195304115925	2	50	A	T
D1_N1	0.195857229006	2	367	C	G
D1_N1	0.196208501536	2	323	C	T
D1_N1	0.196433130715	1	655	G	C
D1_N1	0.196598510299	1	225	A	T
D1_N1	0.196804229252	1	526	C	G
D1_N1	0.19711265953	2	657	T	G
D1_N1	0.198780362435	1	405	A	T
D1_N1	0.199303369849	2	101	G	T
D1_N1	0.199800101492	1	655	C	T
D1_N1	0.2008298519	1	403	C	A
D1_N1	0.202994878572	2	105	T	C
D1_N1	0.203091684855	1	325	A	G
D1_N1	0.20320646585	1	322	T	C
D1_N1	0.203227442699	2	337	C	T
D1_N1	0.203853408111	1	157	G	A
D1_N1	0.204351185657	2	437	T	G
D1_N1	0.20465830941	1	408	G	A
D1_N1	0.204925889608	2	208	T	C
D1_N1	0.205930507749	2	500	T	A
D1_N1	0.206115827044	2	508	C	T
D1_N1	0.206473017781	1	556	G	T
D1_N1	0.206501305713	1	516	G	T
D1_N1	0.208245089422	1	614	C	T
D1_N1	0.209131545566	2	612	G	T
D1_N1	0.210224739311	1	0	C	T
D1_N1	0.210314500565	2	300	C	A
D1_N1	0.211149332077	2	395	A	C
D1_N1	0.212025527992	1	293	G	T
D1_N1	0.21237003953	2	360	C	T
D1_N1	0.212695531676	2	274	A	C
D1_N1	0.213794437634	2	321	G	A
D1_N1	0.214820075426	2	19	T	A
D1_N1	0.214945901801	1	78	T	A
D1_N1	0.215121181331	1	407	T	C
D1_N1	0.215486339746	1	95	G	A
D1_N1	0.21563197067	1	439	A	G
D1_N1	0.215677229365	1	158	A	T
D1_N1	0.215780678453	1	292	G	A
D1_N1	0.216230229972	2	548	T	C
D1_N1	0.217212790296	1	550	T	C
D1_N1	0.217714527258	1	657	T	A
D1_N1	0.218296665122	1	198	T	A
D1_N1	0.219922347411	1	346	T	C
D1_N1	0.220428619721	2	513	A	G
D1_N1	0.220751451522	2	201	C	A
D1_N1	0.221271938401	1	165	T	C
D1_N1	0.223076717137	1	265	A	G
D1_N1	0.225348752883	2	407	T	A
D1_N1	0.225407216597	2	562	T	A
D1_N1	0.226921444588	2	651	G	T
D1_N1	0.227390836367	2	113	A	T
D1_N1	0.229120831952	2	559	G	A
D1_N1	0.229365377371	1	144	C	T
D1_N1	0.229417015957	2	509	C	A
D1_N1	0.229426222408	1	680	G	A
D1_N1	0.229940887843	1	218	C	T
D1_N1	0.230226667879	2	294	T	A
D1_N1	0.230284476776	2	616	A	G
D1_N1	0.231380210769	2	509	A	T
D1_N1	0.233413645854	2	140	C	T
D1_N1	0.2334991516	2	571	A	G
D1_N1	0.233695179171	1	128	G	T
N1_N2	0.0012173045224	2	374	C	G
N1_N2	0.00161360025991	2	679	A	T
N1_N2	0.00210904940102	1	533	A	G
N1_N2	0.00301039731624	1	18	C	A
N1_N2	0.00419374088001	2	508	T	C
N1_N2	0.00437288686799	1	587	G	C
N1_N2	0.00575813191893	2	13	A	C
N1_N2	0.00909202818047	2	405	A	C
N1_N2	0.00951542051415	1	133	G	T
N1_N2	0.0101014030397	1	344	G	A
N1_N2	0.0104485657546	2	355	A	G
N1_N2	0.0111701127146	1	41	G	A
N1_N2	0.0115457795606	1	211	A	G
N2_N3	0.000224365784333	2	364	A	G
N2_N3	0.000786818225759	1	442	G	A
N2_N3	0.00167764824528	1	264	C	G
N2_N3	0.00274237836852	2	262	A	T
N2_N3	0.00328474699038	2	609	C	T
N2_N3	0.00371957483698	2	497	T	C
N2_N3	0.0038140783652	2	147	G	T
N2_N3	0.00519816285044	1	617	G	C
N2_N3	0.00596135891251	2	557	G	A
N3_N4	0.00133648581192	2	444	C	A
N3_N4	0.00203466462736	2	32	T	C
N3_N4	0.00233686820604	2	616	G	A
N3_N4	0.00344542138051	1	591	G	A
N3_N4	0.00384832982621	2	505	G	A
N3_N4	0.00445076989628	1	57	C	A
N3_N4	0.00462087685164	2	306	G	A
N3_N4	0.00496856136977	1	328	A	G
N3_N4	0.00516232480134	2	584	A	C
N3_N4	0.00564103531836	2	70	A	G
N3_N4	0.00735009909634	2	90	G	A
N3_N4	0.0077449047511	1	465	G	T
N3_N4	0.00845793668399	1	299	A	T
N3_N4	0.00874675023492	1	579	T	C
N4_Human	0.000391833487112	1	491	G	C
N4_Human	0.00164605395249	1	107	G	C
N4_Human	0.00318828285218	2	66	T	G
N4_Human	0.00459016130977	1	546	T	A
N4_Human	0.00536587598303	2	156	C	G
N4_Human	0.00583868188153	1	444	C	A
N4_Human	0.00725454674729	2	164	T	C
N4_Human	0.00816474514249	2	473	C	T
N4_Human	0.00849266364122	2	284	T	A
N4_Human	0.00878109724559	1	544	A	G
N4_Human	0.00966641154779	1	570	T	C
N4_Human	0.0105679091142	2	83	G	T
N4_Chimp	0.000456750518779	2	56	G	C
N4_Chimp	0.000748561050835	2	516	C	T
N4_Chimp	0.00150241868826	2	89	T	A
N4_Chimp	0.00194295603765	2	163	G	A
N4_Chimp	0.0020345396896	2	461	A	C
N4_Chimp	0.00525299691557	2	6	A	G
N4_Chimp	0.00543279406114	1	291	A	G
N4_Chimp	0.00569968556237	1	133	T	C
N4_Chimp	0.00624723484254	1	170	A	T
N4_Chimp	0.00735966636067	1	623	A	G
N4_Chimp	0.00773085828605	2	304	A	T
N4_Chimp	0.00817407356634	1	73	T	G
N4_Chimp	0.00870482908139	2	536	A	G
N4_Chimp	0.00912800541322	2	16	C	T
N4_Chimp	0.00933970573196	2	244	C	A
N4_Chimp	0.00964236624431	2	204	T	G
N4_Chimp	0.0097793672626	2	36	C	G
N3_Goril	0.000103725599652	2	355	G	C
N3_Goril	0.000127784272228	2	169	C	G
N3_Goril	0.000791037075661	2	447	A	T
N3_Goril	0.000798361494161	1	15	T	C
N3_Goril	0.000903579298721	2	384	T	A
N3_Goril	0.00292480961202	1	419	G	A
N3_Goril	0.00315363644299	1	66	T	A
N3_Goril	0.00372417164889	2	262	T	G
N3_Goril	0.00476814995839	1	463	T	C
N3_Goril	0.00614472249894	1	109	T	A
N3_Goril	0.00643072839531	1	603	C	T
N3_Goril	0.00821014244632	2	5	A	T
N3_Goril	0.00899002019785	2	648	A	T
N3_Goril	0.0091236411229	1	462	T	C
N3_Goril	0.0109661649952	1	398	T	C
N3_Goril	0.0112648237806	1	325	G	A
N3_Goril	0.0148728579514	1	535	C	T
N3_Goril	0.0156121099027	1	601	G	A
N3_Goril	0.0159458489941	1	371	A	T
N3_Goril	0.0163038074822	1	69	A	G
N3_Goril	0.0169401494355	2	321	A	G
N3_Goril	0.0174940652034	2	148	G	A
N3_Goril	0.0182228281239	1	182	C	G
N3_Goril	0.0191817954271	2	174	G	C
N2_Orang	0.00044361098804	1	60	G	A
N2_Orang	0.000570271180527	1	480	A	G
N2_Orang	0.00185821032992	2	581	C	G
N2_Orang	0.00268528855696	1	567	C	T
N2_Orang	0.0036391981555	1	604	A	T
N2_Orang	0.00398461926281	2	460	T	C
N2_Orang	0.00456892115197	1	399	A	G
N2_Orang	0.0047367964219	2	609	C	T
N2_Orang	0.00581126475685	2	634	A	G
N2_Orang	0.00665935847111	2	37	C	T
N2_Orang	0.00684499020923	1	108	T	C
N2_Orang	0.00727584454498	1	592	G	A
N2_Orang	0.00854625985511	2	576	T	C
N2_Orang	0.00965193305368	1	535	C	A
N2_Orang	0.00997878970519	2	322	A	T
N2_Orang	0.0100500693133	2	647	T	A
N2_Orang	0.0102002144223	1	415	G	C
N2_Orang	0.0103877472102	1	534	A	G
N2_Orang	0.0104751832657	2	531	A	G
N2_Orang	0.0106094137731	1	104	G	T
N2_Orang	0.011605187266	1	451	C	G
N2_Orang	0.012227157531	1	367	C	G
N2_Orang	0.0122408390206	1	66	T	A
N2_Orang	0.0128304231755	2	107	G	C
N2_Orang	0.0133458913721	1	296	A	G
N2_Orang	0.0164258404712	1	433	A	T
N2_Orang	0.017822910486	1	388	T	C
N1_Macaq	0.000829163827082	1	31	C	T
N1_Macaq	0.00139742336988	1	504	A	T
N1_Macaq	0.00166873451319	1	319	A	G
N1_Macaq	0.00169095020076	2	486	T	C
N1_Macaq	0.00419065149525	2	188	T	C
N1_Macaq	0.00508696116304	2	525	T	G
N1_Macaq	0.00530390697262	1	192	A	G
N1_Macaq	0.00590650145581	2	44	A	G
N1_Macaq	0.0084167714149	1	15	T	C
N1_Macaq	0.00917372484014	1	258	C	A
N1_Macaq	0.00973670018472	1	309	A	T
N1_Macaq	0.0102531145044	1	625	A	T
N1_Macaq	0.0112152949625	1	246	A	C
N1_Macaq	0.0117411946027	2	621	G	C
N1_Macaq	0.0121224160938	1	105	T	C
N1_Macaq	0.0123615977617	1	385	G	A
N1_Macaq	0.0127529610972	1	519	T	A
N1_Macaq	0.0129669393346	2	180	A	C
N1_Macaq	0.0134471007341	2	537	A	T
N1_Macaq	0.0135817163316	1	626	G	C
N1_Macaq	0.0141452509394	2	85	T	C
N1_Macaq	0.0143774690959	2	662	A	C
N1_Macaq	0.0143799274575	2	524	C	T
N1_Macaq	0.0150303221072	2	220	T	A
N1_Macaq	0.0169107826533	2	56	G	A
N1_Macaq	0.0172747910347	1	286	G	A
N1_Macaq	0.0175387455579	2	242	G	A
N1_Macaq	0.0182482415914	1	248	A	G
N1_Macaq	0.0184530396469	1	69	A	G
N1_Macaq	0.020246737698	1	191	T	G
N1_Macaq	0.0203109711986	1	247	C	T
N1_Macaq	0.0211001821796	2	481	T	G
N1_Macaq	0.0218857106055	2	549	A	G
N1_Macaq	0.0222016810513	1	352	A	G
N1_Macaq	0.0225507755982	1	327	A	T
N1_Macaq	0.022833123806	1	651	G	A
N1_Macaq	0.0228781923707	2	18	C	A
N1_Macaq	0.0230952996901	1	24	G	A
N1_Macaq	0.0236498152531	1	406	C	T
N1_Macaq	0.0257821495703	1	664	A	G
N1_Macaq	0.0259414620465	2	519	C	G
N1_Macaq	0.0270073927616	1	41	G	A
N1_Macaq	0.0277677840474	2	239	A	T
N1_Macaq	0.0288828306689	1	204	T	C
N1_Macaq	0.029030303677	1	218	T	G
N1_Macaq	0.0294012811233	2	536	A	G
N1_Macaq	0.0295891258912	2	136	A	T
N1_Macaq	0.0303400117033	2	289	T	C
N1_Macaq	0.0304049379522	1	92	A	T
N1_Macaq	0.0306475319305	1	516	T	C
N1_Macaq	0.0308024545822	1	609	C	G
N1_Macaq	0.0339003999346	1	150	T	G
N1_Macaq	0.0348286908301	1	365	T	G
N1_Macaq	0.0350882423643	2	393	T	C
N1_Macaq	0.0352773455124	1	660	A	G
N1_Macaq	0.0353135597542	1	221	A	C
N1_Macaq	0.0356546242747	1	297	G	A
N1_Macaq	0.0358300643457	1	188	T	C
N1_Macaq	0.0370810032562	2	280	G	T
N1_Macaq	0.0411117755827	2	87	A	T
N1_Macaq	0.041342219585	1	67	A	T
N1_Macaq	0.0415594006002	2	617	G	A
N1_Macaq	0.0418972046716	2	1	G	C
N1_Macaq	0.0423978406681	2	2	C	T
N0_Mouse	0.000368836965184	0	635	T	G
N0_Mouse	0.00135414811995	0	392	A	C
N0_Mouse	0.00384512242107	0	440	T	C
N0_Mouse	0.00404985431507	0	546	T	G
N0_Mouse	0.00492103493287	0	607	C	T
N0_Mouse	0.00552661626526	0	263	G	T
N0_Mouse	0.00562842772437	0	87	A	C
N0_Mouse	0.00951334861852	0	519	C	G
N0_Mouse	0.0110939510039	0	367	C	G
N0_Mouse	0.0156763851333	0	225	A	C
N0_Mouse	0.0166492179019	0	539	A	T
N0_Mouse	0.0171667595969	0	358	C	A
N0_Mouse	0.0186138625821	0	324	T	C
N0_Mouse	0.0203343372479	0	325	T	A
N0_Mouse	0.0221720245824	0	403	C	T
N0_Mouse	0.0230524569382	0	396	T	C
N0_Mouse	0.0256375624077	0	407	T	A
N0_Mouse	0.028207004577	0	194	A	G
N0_Mouse	0.0289917519333	0	333	T	C
N0_Mouse	0.0303812358186	0	117	C	G
N0_Mouse	0.0305712872652	0	599	T	C
N0_Mouse	0.0341479161304	0	187	G	A
N0_Mouse	0.034247136884	0	558	A	T
N0_Mouse	0.0404100743641	0	227	C	T
N0_Mouse	0.0408605067141	0	87	C	G
N0_Mouse	0.0411279336611	0	86	C	A
N0_Mouse	0.0421446730284	0	640	C	G
N0_Mouse	0.0425035763806	0	537	A	G
N0_Mouse	0.045104890145	0	239	A	C
N0_Mouse	0.0472541084133	0	244	C	A
N0_Mouse	0.0476176625915	0	575	T	G
N0_Mouse	0.0528994684821	0	332	A	C
N0_Mouse	0.0532862110241	0	590	C	T
N0_Mouse	0.0559898787144	0	48	A	G
N0_Mouse	0.0565852968962	0	5	A	T
N0_Mouse	0.0571053464663	0	564	C	T
N0_Mouse	0.0578880211121	0	278	G	A
N0_Mouse	0.0589010993929	0	362	G	T
N0_Mouse	0.0600197500733	0	580	A	G
N0_Mouse	0.060020755703	0	668	G	T
N0_Mouse	0.0605229417694	0	486	T	A
N0_Mouse	0.061900453642	0	77	A	G
N0_Mouse	0.0623101160033	0	217	G	A
N0_Mouse	0.0636549447093	0	60	G	T
N0_Mouse	0.0640999689499	0	278	A	G
N0_Mouse	0.0651987898161	0	272	C	A
N0_Mouse	0.0657163250169	0	43	G	A
N0_Mouse	0.0667414579387	0	24	G	T
N0_Mouse	0.0700304063838	0	557	G	T
N0_Mouse	0.071578255466	0	109	A	G
N0_Mouse	0.0718188950996	0	645	A	T
N0_Mouse	0.0723405931782	0	214	A	G
N0_Mouse	0.0730338319688	0	246	A	G
N0_Mouse	0.0753262158131	0	411	T	A
N0_Mouse	0.0753824219846	0	272	A	G
N0_Mouse	0.0788750759767	0	498	G	T
N0_Mouse	0.0809897994137	0	323	C	T
N0_Mouse	0.0835920566911	0	166	T	C
N0_Mouse	0.0858860735419	0	282	C	T
N0_Mouse	0.0888267105102	0	412	T	A
N0_Mouse	0.0891968322949	0	12	A	G
N0_Mouse	0.09601179585	0	144	C	T
N0_Mouse	0.0963404092655	0	214	G	A
N0_Mouse	0.0973116076661	0	467	T	C
N0_Mouse	0.099425001214	0	293	A	C
N0_Mouse	0.099763719594	0	660	A	C
N0_Mouse	0.101813282433	0	85	T	A
N0_Mouse	0.102567599367	0	632	G	A
N0_Mouse	0.106160628652	0	676	A	G
N0_Mouse	0.107619936812	0	156	T	A
N0_Mouse	0.108387393621	0	407	A	G
N0_Mouse	0.108643591219	0	561	T	A
N0_Mouse	0.108660614843	0	572	G	C
N0_Mouse	0.11172222183	0	258	C	A
N0_Mouse	0.113223088892	0	414	T	C
N0_Mouse	0.114483320094	0	346	G	T
N0_Mouse	0.115700099761	0	651	G	T
N0_Mouse	0.119813977035	0	450	G	A
N0_Mouse	0.123349400875	0	108	T	C
N0_Mouse	0.124277517577	0	529	A	G
N0_Mouse	0.127426298561	0	670	A	C
N0_Mouse	0.128018213044	0	232	C	T
N0_Mouse	0.129812248942	0	82	C	G
N0_Mouse	0.130220013592	0	670	C	A
N0_Mouse	0.131243164083	0	579	T	C
N0_Mouse	0.131505581507	0	91	T	C
N0_Mouse	0.131947428347	0	517	C	T
N0_Mouse	0.13304407961	0	500	T	C
N0_Mouse	0.133076228316	0	674	G	C
N0_Mouse	0.13422007638	0	580	G	A
N0_Mouse	0.134782321907	0	27	A	G
N0_Mouse	0.135938228912	0	539	T	G
N0_Mouse	0.136118036262	0	192	A	C
N0_Mouse	0.136827802837	0	429	T	C
N0_Mouse	0.138427894734	0	606	C	G
N0_Mouse	0.139067546658	0	267	A	G
N0_Mouse	0.139193394676	0	575	G	C
N0_Mouse	0.144082959608	0	435	T	C
N0_Mouse	0.146097342874	0	299	A	T
N0_Mouse	0.147740357004	0	365	G	A
N0_Mouse	0.149260233796	0	109	G	A
N0_Mouse	0.158363911586	0	30	A	G
N0_Mouse	0.158592315315	0	557	T	C
N0_Mouse	0.159873017967	0	656	C	A
N0_Mouse	0.16046193656	0	243	G	T
N0_Mouse	0.161307732912	0	172	C	A
N0_Mouse	0.162341152892	0	441	C	A
N0_Mouse	0.162478884627	0	131	A	C
N0_Mouse	0.165640560506	0	455	T	C
N0_Mouse	0.16619424686	0	184	A	G
N0_Mouse	0.166466278547	0	663	C	T
N0_Mouse	0.16708884713	0	664	A	G
N0_Mouse	0.167657331237	0	538	C	T
N0_Mouse	0.171862732027	0	66	T	C
N0_Mouse	0.171998838106	0	443	T	A
N0_Mouse	0.172275020826	0	134	C	T
N0_Mouse	0.172857909705	0	589	A	G
N0_Mouse	0.174042584272	0	576	C	T
N0_Mouse	0.177023746257	0	179	G	A
N0_Mouse	0.177278338263	0	34	G	A
N0_Mouse	0.178628763601	0	329	A	G
N0_Mouse	0.178886760263	0	529	G	A
N0_Mouse	0.179694668001	0	505	G	A
N0_Mouse	0.181708387332	0	458	A	C
N0_Mouse	0.185090874605	0	70	A	T
N0_Mouse	0.185524155177	0	310	G	A
N0_Mouse	0.186817539311	0	242	G	T
N0_Mouse	0.190327187348	0	460	T	C
N0_Mouse	0.192276800659	0	118	G	A
N0_Mouse	0.193798292566	0	591	G	C
N0_Mouse	0.194274563194	0	597	T	A
N0_Mouse	0.194877506919	0	489	A	G
N0_Mouse	0.195461274659	0	663	T	A
N0_Mouse	0.195518091256	0	519	G	C
N0_Mouse	0.197425360539	0	520	T	A
N0_Mouse	0.198832513061	0	619	G	A
N0_Mouse	0.200946112584	0	369	T	A
N0_Mouse	0.203084671508	0	597	A	G
N0_Mouse	0.205856476887	0	23	G	T
N0_Mouse	0.212200622357	0	43	A	G
N0_Mouse	0.213574252108	0	305	T	A
N0_Mouse	0.213796266147	0	291	A	G
N0_Mouse	0.216243991641	0	382	G	A
N0_Mouse	0.217121294146	0	82	G	T
N0_Mouse	0.217434979174	0	239	C	T
N0_Mouse	0.218962367015	0	212	C	A
N0_Mouse	0.220630549948	0	239	T	G
N0_Mouse	0.221171635857	0	138	T	C
N0_Mouse	0.222935160475	0	463	T	C
N0_Mouse	0.223276914628	0	258	A	G
N0_Mouse	0.225037344689	0	453	A	G
N0_Mouse	0.230327997954	0	657	T	C
N0_Mouse	0.232779444933	0	423	C	T
N0_Mouse	0.233160510904	0	60	T	A
N0_Mouse	0.234689357467	0	298	G	A
N0_Mouse	0.235097854244	0	227	T	A
N0_Mouse	0.235840116123	0	451	T	G
N0_Mouse	0.238594717392	0	308	A	C
N0_Mouse	0.240134758189	0	680	A	C
N0_Mouse	0.240909253455	0	127	G	A
N0_Mouse	0.243591925558	0	150	T	G
N0_Mouse	0.245999642168	0	401	T	C
N0_Mouse	0.247150346746	0	200	C	T
N0_Mouse	0.247512993303	0	530	C	T
N0_Mouse	0.247733492141	0	417	T	C
N0_Mouse	0.247938148877	0	499	T	A
N0_Mouse	0.247944869982	0	447	A	G
N0_Mouse	0.248215918622	0	269	C	T
N0_Mouse	0.250275585815	0	130	C	T
N0_Mouse	0.250433345277	0	673	T	C
N0_Mouse	0.250726879732	0	398	C	T
N0_Mouse	0.25104589185	0	133	G	T
N0_Mouse	0.251810524894	0	664	G	A
N0_Mouse	0.252433202225	0	317	T	G
N0_Mouse	0.254760972985	0	5	T	A
N0_Mouse	0.257280073959	0	242	T	C
N0_Mouse	0.257906378019	0	164	T	A
N0_Mouse	0.257936812725	0	672	T	A
N0_Mouse	0.263410798348	0	192	C	T
N0_Mouse	0.263839824903	0	54	A	T
N0_Mouse	0.264615293281	0	675	A	G
N0_Mouse	0.266969111754	0	546	G	A
N0_Mouse	0.268448527351	0	281	G	C
N0_Mouse	0.268975318684	0	523	A	G
N0_Mouse	0.271739677668	0	519	C	T
N0_Mouse	0.271918174423	0	151	A	T
N0_Mouse	0.272069902616	0	138	C	A
N0_Mouse	0.273605137827	0	634	G	A
N0_Mouse	0.274011094728	0	444	C	T
N0_Mouse	0.275355454798	0	334	G	C
N0_Mouse	0.277644081558	0	661	T	A
N0_Mouse	0.278200609694	0	75	A	T
N0_Mouse	0.279186097738	0	223	A	C
N0_Mouse	0.280813420612	0	143	T	C
N0_Mouse	0.282899693937	0	195	C	T
N0_Mouse	0.285077261329	0	633	A	T
N0_Mouse	0.286637306963	0	644	G	A
N0_Mouse	0.287199829474	0	255	G	A
N0_Mouse	0.288366252373	0	405	A	T
N0_Mouse	0.290452941579	0	240	G	A
N0_Mouse	0.292421804939	0	456	A	G
N0_Mouse	0.292630828182	0	485	G	A
N0_Mouse	0.296812862781	0	185	T	A
N0_Mouse	0.297553576913	0	138	A	G
N0_Mouse	0.29771604704	0	129	A	G
N0_Mouse	0.298070815624	0	631	T	C
N0_Mouse	0.299609186828	0	455	C	T
N0_Mouse	0.300123517556	0	430	T	G
N0_Mouse	0.300201963005	0	364	A	T
N0_Mouse	0.301689349227	0	308	C	T
N0_Mouse	0.303146390951	0	464	C	T
N0_Mouse	0.303817295234	0	427	T	C
N0_Mouse	0.311526993484	0	113	A	T
N0_Mouse	0.312272480519	0	658	C	T
N0_Mouse	0.313467276737	0	577	C	T
N0_Mouse	0.314850734607	0	394	C	T
N0_Mouse	0.315164704654	0	267	G	A
N0_Mouse	0.320582106147	0	98	A	C
N0_Mouse	0.32228594504	0	64	G	A
N0_Mouse	0.325564722985	0	458	C	T
N0_Mouse	0.327000719621	0	212	A	C
N0_Mouse	0.329295711325	0	645	T	C
N0_Mouse	0.333816900782	0	22	C	T
N0_Mouse	0.335013422401	0	330	G	A
N0_Mouse	0.337228783892	0	463	C	A
N0_Mouse	0.342537503251	0	131	C	A
N0_Mouse	0.34256109706	0	382	A	C
N0_Mouse	0.342822333851	0	360	C	G
N0_Mouse	0.343825646399	0	570	T	C
N0_Mouse	0.345080115705	0	159	A	T
N0_Mouse	0.346647128347	0	471	T	G
N0_Mouse	0.34762138613	0	634	A	G
N0_Mouse	0.349101142086	0	408	G	A
N0_Mouse	0.351161238873	0	541	T	A
N0_Mouse	0.351730184656	0	192	T	C
N0_Mouse	0.352958169251	0	225	C	T
N0_Mouse	0.356042251909	0	199	A	G
N0_Mouse	0.357118220059	0	676	G	A
N0_Mouse	0.357276970436	0	595	C	A
N0_Mouse	0.357521802252	0	147	C	A
N0_Mouse	0.357766879856	0	240	A	G
N0_Mouse	0.358876465144	0	652	A	G
N0_Mouse	0.359858537398	0	207	T	G
N0_Mouse	0.360967677932	0	199	G	C
N0_Mouse	0.361366672981	0	211	A	G
N0_Mouse	0.363504297273	0	282	T	C
N0_Mouse	0.364483419395	0	630	A	G
N0_Mouse	0.364566727809	0	10	A	T
N0_Mouse	0.3654612014	0	194	G	A
N0_Mouse	0.365678849633	0	9	T	G
N0_Mouse	0.366975731998	0	505	A	C
N0_Mouse	0.367815612889	0	195	T	C
N0_Mouse	0.371192834049	0	390	C	T
N0_Mouse	0.371603258514	0	466	T	A
N0_Mouse	0.37581370346	0	313	G	A
N0_Mouse	0.376119047657	0	656	A	G
N0_Mouse	0.37703272971	0	327	A	C
N0_Mouse	0.378176499526	0	653	T	C
N0_Mouse	0.378790339562	0	107	A	C
N0_Mouse	0.3810598208	0	209	G	T
N0_Mouse	0.381502306772	0	364	T	C
N0_Mouse	0.382695888927	0	607	T	C
N0_Mouse	0.382839118793	0	493	C	T
N0_Mouse	0.383842597612	0	623	A	T
N0_Mouse	0.384988473504	0	528	A	G
N0_Mouse	0.387260030479	0	159	T	G
N0_Mouse	0.38799569293	0	192	C	T
N0_Mouse	0.389320548316	0	485	A	G
N0_Mouse	0.390171600915	0	201	C	A
N0_Mouse	0.391381072369	0	604	G	C
N0_Mouse	0.391570125687	0	514	T	A
N0_Mouse	0.392148901173	0	510	T	C
N0_Mouse	0.393761978452	0	568	C	A
N0_Mouse	0.394163020691	0	608	T	A
N0_Mouse	0.395792879581	0	6	A	C
N0_Mouse	0.396316656546	0	566	T	A
N0_Mouse	0.397472014239	0	489	G	C
N0_Mouse	0.397833925164	0	357	G	C
N0_Mouse	0.398771029959	0	553	A	G
N0_Mouse	0.399951553082	0	84	T	A
N0_Mouse	0.401141513869	0	348	T	C
N0_Mouse	0.401246016278	0	608	A	G
N0_Mouse	0.401358586158	0	6	C	T
N0_Mouse	0.40257794411	0	560	T	G
N0_Mouse	0.403994848736	0	327	C	T
N0_Mouse	0.404072358591	0	300	C	T
N0_Mouse	0.404107569462	0	74	G	C
N0_Mouse	0.404812942522	0	332	C	A
N0_Mouse	0.407387835848	0	170	A	C
N0_Mouse	0.407821878376	0	77	G	A
N0_Mouse	0.410015758705	0	295	G	A
N0_Mouse	0.411301492072	0	616	A	T
N0_Mouse	0.411838960249	0	462	T	C
N0_Mouse	0.413783106837	0	272	G	C
N0_Mouse	0.413862979212	0	333	C	T
N0_Mouse	0.416574921745	0	368	C	T
N0_Mouse	0.417116111745	0	199	C	A
N0_Mouse	0.419750043938	0	514	A	G
N0_Mouse	0.420053170728	0	227	A	T
N0_Mouse	0.421725336446	0	315	T	A
N0_Mouse	0.425055772477	0	349	A	C
N0_Mouse	0.425069836533	0	492	C	T
N0_Mouse	0.425758151683	0	41	G	A
N0_Mouse	0.426901666537	0	321	G	A
N0_Mouse	0.427326656853	0	578	A	T
N0_Mouse	0.427401923286	0	376	T	A
N0_Mouse	0.427692614648	0	427	C	T
N0_Mouse	0.428683111982	0	22	T	C
N0_Mouse	0.430859538748	0	583	C	A
N0_Mouse	0.435648288892	0	72	C	G
N0_Mouse	0.435664954001	0	214	A	G
N0_Mouse	0.437347907779	0	671	C	A
N0_Mouse	0.440323285104	0	138	G	A
N0_Mouse	0.440944226691	0	50	G	C
N0_Mouse	0.444516774349	0	375	T	C
N0_Mouse	0.446189302801	0	94	T	C
