edge	time	mut_orlg	mut_pos	old_state	new_state
N0_kluyveri	0.000174331393152	0	485	G	A
N0_kluyveri	0.000225709814036	0	729	T	C
N0_kluyveri	0.000505090399248	0	236	C	T
N0_kluyveri	0.000511400344215	0	797	C	T
N0_kluyveri	0.0013958101756	0	707	T	C
N0_kluyveri	0.00201114770452	0	80	G	A
N0_kluyveri	0.00252826964238	0	176	G	A
N0_kluyveri	0.00347101520478	0	692	C	T
N0_kluyveri	0.00347231452316	0	347	C	G
N0_kluyveri	0.00395140868112	0	197	T	C
N0_kluyveri	0.00426409908652	0	452	G	A
N0_kluyveri	0.0045391151167	0	107	A	G
N0_kluyveri	0.00518672229398	0	443	A	G
N0_kluyveri	0.00545088629857	0	21	G	A
N0_kluyveri	0.00552062968988	0	648	G	A
N0_kluyveri	0.00563293541939	0	101	A	C
N0_kluyveri	0.00621914635509	0	351	C	T
N0_kluyveri	0.00703496001161	0	815	A	G
N0_kluyveri	0.00709859019786	0	452	A	G
N0_kluyveri	0.00763391811053	0	800	G	A
N0_kluyveri	0.00773385514907	0	404	C	T
N0_kluyveri	0.00827581444447	0	680	T	C
N0_kluyveri	0.00885647612926	0	569	A	G
N0_kluyveri	0.00923286106745	0	380	A	G
N0_kluyveri	0.00927169631823	0	114	T	C
N0_kluyveri	0.00959283515551	0	357	C	T
N0_kluyveri	0.00991691352489	0	656	T	C
N0_kluyveri	0.0106931767282	0	53	A	T
N0_kluyveri	0.0107884485218	0	8	T	A
N0_kluyveri	0.0109619777539	0	261	T	G
N0_kluyveri	0.0110271039406	0	758	A	G
N0_kluyveri	0.0110842575303	0	764	T	A
N0_kluyveri	0.0120179248909	0	134	C	T
N0_kluyveri	0.0122995223032	0	230	T	C
N0_kluyveri	0.0125086039006	0	650	C	T
N0_kluyveri	0.0126430902731	0	842	C	A
N0_kluyveri	0.0128688982081	0	53	T	C
N0_kluyveri	0.0132831583546	0	305	G	A
N0_kluyveri	0.0136187898359	0	216	T	C
N0_kluyveri	0.013881836676	0	341	T	C
N0_kluyveri	0.0139090074757	0	602	C	T
N0_kluyveri	0.0146632465941	0	758	G	A
N0_kluyveri	0.0150712381065	0	125	C	T
N0_kluyveri	0.0152941546198	0	368	A	G
N0_kluyveri	0.0160404402305	0	800	A	G
N0_kluyveri	0.0165978450994	0	584	G	A
N0_kluyveri	0.0169061034182	0	249	C	T
N0_kluyveri	0.0169788631281	0	209	G	A
N0_kluyveri	0.0170880004215	0	394	G	A
N0_kluyveri	0.0171772485499	0	512	G	A
N0_kluyveri	0.017181393458	0	620	G	A
N0_kluyveri	0.0180467176145	0	449	G	A
N0_kluyveri	0.0182668873763	0	776	G	A
N0_kluyveri	0.0184286898276	0	204	C	T
N0_kluyveri	0.0184515704743	0	674	C	T
N0_kluyveri	0.018871528647	0	296	A	G
N0_kluyveri	0.0197433394598	0	470	T	C
N0_kluyveri	0.0202450514844	0	413	C	T
N0_kluyveri	0.0203746263393	0	440	C	T
N0_kluyveri	0.0203756292133	0	865	G	A
N0_kluyveri	0.0210997150902	0	611	C	G
N0_kluyveri	0.0211895828141	0	56	T	C
N0_kluyveri	0.0212049480065	0	149	G	A
N0_kluyveri	0.022488236382	0	179	G	A
N0_kluyveri	0.0224937871264	0	824	A	G
N0_kluyveri	0.022752614494	0	624	A	G
N0_kluyveri	0.0229552649823	0	641	C	T
N0_kluyveri	0.0231523969097	0	542	G	A
N0_kluyveri	0.023301904997	0	19	A	G
N0_kluyveri	0.0235752866645	0	608	A	G
N0_kluyveri	0.0239481012027	0	825	T	C
N0_kluyveri	0.024073508074	0	800	G	A
N0_D1	0.000295342784374	0	518	A	G
N0_D1	0.000635449717132	0	479	C	T
N0_D1	0.00108606173856	0	650	C	T
N0_D1	0.00136724823508	0	833	T	C
N0_D1	0.00138731903923	0	380	A	G
N0_D1	0.00175398909025	0	262	T	C
N0_D1	0.00179177617193	0	218	G	A
N1_castellii	0.000297482254181	2	371	G	A
N1_castellii	0.000530877838883	2	111	C	T
N1_castellii	0.00102775485479	1	155	T	C
N1_castellii	0.00116661267705	2	398	A	G
N1_castellii	0.00138115017398	1	155	C	T
N1_castellii	0.00158303856038	1	323	T	C
N1_castellii	0.00225334016531	1	38	T	C
N1_castellii	0.0024885801114	1	488	T	G
N1_castellii	0.00280703422581	2	458	G	A
N1_castellii	0.00288857056617	2	71	C	T
N1_castellii	0.00327024999488	2	866	A	G
N1_castellii	0.00340517547531	2	602	C	T
N1_castellii	0.00365861755319	2	137	C	T
N1_castellii	0.00371293359419	1	764	T	C
N1_castellii	0.00385950218873	2	816	T	C
N1_castellii	0.00386920918609	2	821	G	A
N1_castellii	0.00429227352827	2	578	A	G
N1_castellii	0.00437551493724	2	410	G	A
N1_castellii	0.0049209027593	2	524	T	C
N1_castellii	0.00494675342442	1	131	A	G
N1_castellii	0.00495133170816	1	645	G	A
N1_castellii	0.00496250495065	2	449	G	A
N1_castellii	0.0052918366057	2	809	A	G
N1_castellii	0.00533258119555	1	797	C	T
N1_castellii	0.00535995062202	2	350	A	G
N1_castellii	0.00536708459835	2	797	C	T
N1_castellii	0.00585730755261	2	200	T	C
N1_castellii	0.00590271858515	1	791	T	C
N1_castellii	0.00617766877031	2	771	A	G
N1_castellii	0.00636901723815	1	355	C	T
N1_castellii	0.006413406237	1	710	G	A
N1_castellii	0.00659825380581	2	194	A	G
N1_castellii	0.0070597829804	1	404	C	T
N1_castellii	0.0070832675059	1	329	A	C
N1_castellii	0.00728407143092	1	572	T	C
N1_castellii	0.00843766614057	2	359	G	A
N1_castellii	0.00864846229967	2	239	G	A
N1_castellii	0.00883743251969	2	227	T	C
N1_castellii	0.00924837513036	1	641	C	T
N1_castellii	0.00964413876087	2	2	A	G
N1_castellii	0.0101644872944	2	344	A	G
N1_castellii	0.0102647214947	2	104	G	A
N1_castellii	0.010676832208	1	215	C	T
N1_castellii	0.0108183754467	2	239	A	G
N1_castellii	0.0112622320587	1	176	G	A
N1_castellii	0.0115057563851	1	326	T	C
N1_castellii	0.0115096732798	1	542	G	A
N1_castellii	0.0115767120894	1	326	C	G
N1_castellii	0.0117231271552	1	512	G	A
N1_castellii	0.0118645284652	2	707	T	C
N1_castellii	0.0120618838404	2	23	C	G
N1_castellii	0.0121612022504	2	222	G	A
N1_castellii	0.0125400592923	1	610	T	C
N1_castellii	0.0125491968357	2	722	A	G
N1_castellii	0.0129431706774	2	855	C	T
N1_castellii	0.0132686211226	2	350	A	G
N1_castellii	0.0136145715291	1	185	T	C
N1_castellii	0.0137105093507	1	461	G	A
N1_castellii	0.0137255720499	1	780	G	A
N1_castellii	0.0138316346192	1	368	A	T
N1_castellii	0.0140079026134	1	287	C	T
N1_castellii	0.0140932526684	1	845	A	G
N1_castellii	0.0141897513737	2	317	A	T
N1_castellii	0.0149098877788	1	590	A	G
N1_castellii	0.0149239098561	1	314	T	C
N1_castellii	0.015398801883	2	848	A	G
N1_castellii	0.0157278508315	2	116	G	A
N1_castellii	0.015814879431	2	476	C	T
N1_castellii	0.0167371726918	2	242	A	G
N1_castellii	0.0167644237365	2	281	C	T
N1_castellii	0.0168592696935	2	834	C	T
N1_castellii	0.0169492095186	1	93	T	C
N1_castellii	0.0172726998742	1	350	A	G
N1_castellii	0.0176226179048	2	359	G	C
N1_castellii	0.0177696546757	2	674	C	T
N1_castellii	0.0179235074164	2	284	T	G
N1_castellii	0.0181654635657	2	69	T	C
N1_castellii	0.0182610457372	1	528	G	A
N1_castellii	0.0187156708783	2	194	G	A
N1_castellii	0.0196097126921	2	500	G	A
N1_castellii	0.0197505652865	1	776	G	A
N1_castellii	0.0201716728444	2	513	C	T
N1_castellii	0.0203503064234	2	167	T	C
N1_castellii	0.0204722348107	1	659	G	A
N1_castellii	0.020612165418	2	20	G	A
N1_castellii	0.0206370056138	1	71	T	C
N1_castellii	0.0207485213325	2	764	T	C
N1_castellii	0.021193228039	1	2	G	A
N1_castellii	0.0212523471113	1	734	A	G
N1_castellii	0.0214182359406	1	458	G	A
N1_castellii	0.0214938017215	1	707	T	C
N1_castellii	0.0216532620336	1	860	G	A
N1_castellii	0.0222987432297	2	449	G	A
N1_castellii	0.0225163570095	1	470	T	C
N1_castellii	0.022779106069	1	620	G	A
N1_castellii	0.0229524751449	2	357	C	T
N1_castellii	0.0229630643661	1	448	C	T
N1_castellii	0.0230353111877	1	89	C	G
N1_castellii	0.0232172859228	2	140	A	G
N1_castellii	0.0234460131413	2	665	G	A
N1_castellii	0.024054335426	1	146	G	A
N1_castellii	0.0240658051656	2	383	G	A
N1_castellii	0.0244988797093	1	551	G	A
N1_castellii	0.0245709169	2	341	T	C
N1_castellii	0.0246362303326	1	512	A	G
N1_castellii	0.0246907377679	2	656	T	C
N1_castellii	0.0250938411689	1	632	T	C
N1_castellii	0.0254069003648	2	242	A	G
N1_castellii	0.0255771662694	2	374	A	G
N1_castellii	0.0261119393694	1	605	C	T
N1_castellii	0.0264270030897	2	69	C	T
N1_castellii	0.0266134262143	1	131	A	G
N1_castellii	0.0268911396229	1	685	T	C
N1_castellii	0.0271774392929	1	794	A	G
N1_castellii	0.0274746778106	2	656	T	C
N1_N2	0.000200246263915	1	344	A	G
N1_N2	0.000677387525981	2	78	C	T
N1_N2	0.000911121610816	2	284	T	C
N1_N2	0.00107204878844	1	510	T	C
N1_N2	0.00110419061114	2	858	A	G
N1_N2	0.00163998248478	2	582	A	G
N1_N2	0.00196266693463	1	23	C	T
N1_N2	0.00217229928161	1	137	C	T
N1_N2	0.00217358142001	2	623	A	G
N1_N2	0.00229945785434	1	267	C	T
N1_N2	0.00249622789401	2	365	A	G
N1_N2	0.0026058672136	2	719	G	A
N1_N2	0.00261664729268	1	383	G	A
N1_N2	0.00278283841497	2	449	G	A
N1_N2	0.00300011419783	2	263	G	A
N1_N2	0.00324647942945	1	185	T	C
N1_N2	0.0033563043785	2	379	G	C
N1_N2	0.00339584886059	1	320	G	A
N1_N2	0.00419223399716	2	353	C	T
N1_N2	0.00425484628942	2	263	A	T
N1_N2	0.00427827715454	2	689	A	G
N1_N2	0.00428323066448	2	536	G	A
N1_N2	0.00428752448277	1	470	T	C
N1_N2	0.00461026318943	1	560	G	A
N1_N2	0.00466006335925	2	833	C	T
N1_N2	0.0048489499902	2	5	G	A
N1_N2	0.00573398717764	2	129	C	T
N1_N2	0.00587884749438	1	680	T	C
N1_N2	0.00632083826471	2	377	C	T
N1_N2	0.00655659856559	1	335	T	C
N1_N2	0.00683073023124	2	158	T	C
N1_N2	0.00683284768138	2	224	T	G
N1_N2	0.00693284316804	2	824	A	G
N1_N2	0.00695118011826	1	581	T	C
N1_N2	0.00714520614525	1	611	C	A
N1_N2	0.00722005588189	1	653	A	G
N1_N2	0.00729753261734	2	398	A	G
N1_N2	0.00782812122335	2	6	G	A
N1_N2	0.00797793355281	1	602	C	T
N1_N2	0.00803422816314	1	531	A	G
N1_N2	0.0081566056634	2	248	C	A
N1_N2	0.00835309385365	1	791	T	C
N1_N2	0.00853509771916	2	689	A	G
N1_N2	0.00865637093479	2	707	T	C
N1_N2	0.00870341962238	2	129	T	C
N1_N2	0.00871884973389	1	755	C	T
N1_N2	0.00880786736494	1	20	G	C
N1_N2	0.00887419366485	1	96	G	A
N1_N2	0.00891709802246	2	629	T	C
N1_N2	0.00913758077515	1	845	A	G
N1_N2	0.00920607912881	1	495	C	G
N1_N2	0.00929910149345	1	770	T	C
N1_N2	0.00990931295885	2	683	A	G
N1_N2	0.0108255500103	1	485	G	A
N1_N2	0.011846011801	1	206	A	T
N1_N2	0.0118997483684	1	86	A	G
N1_N2	0.0121270302878	1	422	A	C
N1_N2	0.0122900990861	1	572	T	C
N1_N2	0.0124499549057	2	71	C	T
N1_N2	0.0124609878351	1	642	G	A
N1_N2	0.0125836525573	2	659	G	C
N2_bayanus	0.00028831902371	1	239	G	A
N2_bayanus	0.000619363130254	2	269	T	C
N2_bayanus	0.000681126492922	2	392	G	A
N2_bayanus	0.000848728790832	2	284	T	C
N2_bayanus	0.000886095760465	1	155	T	C
N2_bayanus	0.000994977080855	1	353	C	T
N2_bayanus	0.00128339940522	2	332	T	C
N2_bayanus	0.00143902034799	2	755	C	T
N2_bayanus	0.00159941241174	1	554	C	T
N2_bayanus	0.00172795012742	2	824	G	A
N2_bayanus	0.00182692413351	2	288	A	G
N2_bayanus	0.00193043124527	1	143	T	G
N2_bayanus	0.00261918819846	1	410	G	A
N2_bayanus	0.00330328361902	2	329	A	G
N2_bayanus	0.00359190089371	1	626	A	C
N2_bayanus	0.00363332773726	2	128	A	T
N2_bayanus	0.00370332663551	1	377	C	T
N2_bayanus	0.00374840137979	1	818	C	T
N2_bayanus	0.00392639624496	2	29	T	C
N2_bayanus	0.00441220801025	1	395	A	G
N2_bayanus	0.00456185230647	2	620	G	A
N2_bayanus	0.00479358446877	2	434	C	T
N2_bayanus	0.0050680215282	1	647	T	C
N2_bayanus	0.00509142054784	1	341	T	C
N2_bayanus	0.00528666780423	2	860	G	A
N2_bayanus	0.00550987097681	2	125	C	T
N2_bayanus	0.00553885306463	1	365	A	G
N2_bayanus	0.00587233128291	2	326	T	C
N2_bayanus	0.00592804119264	1	215	C	T
N3_kudriavzevii	3.50839144193e-05	1	20	C	T
N3_kudriavzevii	0.000230155940823	2	519	T	C
N3_kudriavzevii	0.0004486400885	1	581	C	T
N3_kudriavzevii	0.000726054157343	2	722	A	G
N3_kudriavzevii	0.000780377557982	2	674	C	T
N3_kudriavzevii	0.000972633378777	1	686	A	T
N3_kudriavzevii	0.00129445469492	1	783	G	T
N3_kudriavzevii	0.001806193768	2	41	G	A
N3_kudriavzevii	0.00200416255752	2	488	T	C
N3_kudriavzevii	0.00211134208751	2	131	A	G
N3_kudriavzevii	0.0027124080914	2	464	T	C
N3_kudriavzevii	0.00293298248011	1	761	T	C
N3_kudriavzevii	0.00329838286553	2	119	T	C
N3_kudriavzevii	0.0034110560045	2	491	T	C
N3_kudriavzevii	0.00376172577866	2	26	C	A
N3_kudriavzevii	0.00411961421654	2	713	C	T
N3_kudriavzevii	0.00421319171004	1	827	G	T
N3_kudriavzevii	0.00434204010705	2	113	A	G
N3_kudriavzevii	0.00487640094477	2	719	G	A
N3_kudriavzevii	0.00536097186256	1	446	G	A
N3_kudriavzevii	0.00559629994231	1	62	A	G
N3_kudriavzevii	0.00620544603373	2	512	G	A
N3_kudriavzevii	0.00626751610054	2	623	A	G
N3_kudriavzevii	0.00643953648563	2	299	A	G
N3_kudriavzevii	0.00680016326368	1	800	G	A
N3_kudriavzevii	0.00682911654753	1	620	G	A
N3_kudriavzevii	0.00690238797355	2	116	G	A
N3_kudriavzevii	0.00718379699874	2	158	C	T
N3_kudriavzevii	0.00731489334979	1	479	T	C
N3_kudriavzevii	0.00735660427237	1	575	T	C
N3_kudriavzevii	0.00742653360725	1	176	G	C
N3_kudriavzevii	0.00751678169171	1	95	C	T
N3_kudriavzevii	0.0079577044754	2	371	G	C
N3_kudriavzevii	0.00801170523479	1	788	C	T
N3_kudriavzevii	0.00844260597041	2	11	C	T
N3_kudriavzevii	0.00860476570288	1	326	T	C
N3_kudriavzevii	0.00891367776047	1	461	G	A
N3_kudriavzevii	0.00905451034705	2	804	G	C
N3_kudriavzevii	0.00954278619976	1	860	G	A
N4_mikatae	0.00033982778837	1	818	C	T
N4_mikatae	0.000359311924951	1	518	G	A
N4_mikatae	0.000417042420985	2	824	G	A
N4_mikatae	0.000477268534001	1	183	A	G
N4_mikatae	0.000485504085372	1	851	C	T
N4_mikatae	0.000588837809448	2	752	G	A
N4_mikatae	0.000605479595473	2	533	C	T
N4_mikatae	0.00061174502653	2	773	G	C
N4_mikatae	0.000733446059385	2	437	G	A
N4_mikatae	0.000823659669466	2	75	A	G
N4_mikatae	0.00144830925497	2	596	G	A
N4_mikatae	0.00151839204928	2	839	A	C
N4_mikatae	0.00180072760243	2	29	T	C
N4_mikatae	0.00182440878207	2	452	G	A
N4_mikatae	0.00208326833432	2	326	T	A
N4_mikatae	0.00211845858125	2	5	A	G
N4_mikatae	0.00220342416311	1	515	G	A
N4_mikatae	0.00227004861124	2	524	T	C
N4_mikatae	0.00256594552432	2	44	A	G
N4_mikatae	0.00262763062902	2	623	A	G
N4_mikatae	0.00273996276688	1	569	A	C
N4_mikatae	0.00329693888791	2	341	T	G
N4_mikatae	0.00371239156364	1	497	A	G
N4_mikatae	0.00393187956369	2	338	T	C
N4_mikatae	0.00400900697401	2	464	T	C
N4_mikatae	0.00408048473097	1	86	G	A
N4_mikatae	0.00440851264193	2	557	G	A
N4_mikatae	0.00457429352349	2	552	G	A
N4_mikatae	0.00460600665621	1	47	A	G
N4_mikatae	0.00477863192603	1	653	A	C
N4_mikatae	0.00485170227923	2	812	A	G
N4_mikatae	0.00491956489787	1	734	A	G
N4_mikatae	0.00504243828157	1	425	C	T
N4_mikatae	0.00543278183581	2	80	G	A
N4_mikatae	0.00607686663236	2	705	T	C
N4_mikatae	0.00609079551573	2	302	T	G
N4_mikatae	0.00611596568087	2	116	G	A
N4_mikatae	0.00632437736512	2	173	A	G
N4_mikatae	0.00666205174745	2	5	G	A
N4_mikatae	0.00671527532689	2	335	C	T
N4_mikatae	0.00691281159828	1	839	A	G
N4_mikatae	0.00697525200437	1	350	A	G
N4_mikatae	0.00719922226659	2	131	A	T
N4_mikatae	0.00724543994881	1	530	A	G
N4_mikatae	0.00734565229634	1	686	A	T
N4_mikatae	0.00761278718671	1	860	G	A
N4_N5	9.66659224626e-05	1	74	T	C
N4_N5	0.000152195474276	2	356	G	A
N4_N5	0.000204040090469	1	302	T	G
N4_N5	0.000223411278447	1	542	G	A
N4_N5	0.000438621924753	2	89	C	T
N4_N5	0.000716676633223	1	458	G	A
N5_paradoxus	0.000194382869773	1	539	G	A
N5_paradoxus	0.000195927958316	2	512	G	C
N5_paradoxus	0.000428230212767	2	866	A	G
N5_paradoxus	0.00054570065827	1	404	C	T
N5_paradoxus	0.00109730508171	1	311	A	C
N5_paradoxus	0.00124379552618	2	245	A	G
N5_paradoxus	0.00142643097416	1	299	A	G
N5_cerevisiae	0.000400419076115	1	401	G	A
N5_cerevisiae	0.000578775269478	1	230	T	C
N5_cerevisiae	0.000589520023082	1	65	C	T
N5_cerevisiae	0.000821499320623	2	725	T	C
N5_cerevisiae	0.0011426208396	1	614	G	A
N5_cerevisiae	0.00127094462825	1	197	T	C
N5_cerevisiae	0.00155190653764	2	353	C	T
N5_cerevisiae	0.00157713694109	2	128	A	G
N5_cerevisiae	0.00216873028628	1	692	C	T
N5_cerevisiae	0.00231978063077	2	227	T	C
N5_cerevisiae	0.00247241463582	2	566	A	G
N5_cerevisiae	0.00278733890801	2	351	C	T
N5_cerevisiae	0.00300116502878	2	232	C	T
N5_cerevisiae	0.00317395824177	1	29	T	C
N5_cerevisiae	0.00344059099134	1	572	C	T
N5_cerevisiae	0.00379789030278	1	611	A	G
N5_cerevisiae	0.00415025868272	2	573	G	A
N5_cerevisiae	0.0041766426075	1	503	A	G
N5_cerevisiae	0.00457749143678	2	428	G	A
N5_cerevisiae	0.00460009761612	2	207	G	A
N5_cerevisiae	0.0048963235129	1	500	G	C
N5_cerevisiae	0.00491112313744	1	779	C	T
N5_cerevisiae	0.00557290280416	1	245	A	G
N5_cerevisiae	0.00591826642792	2	710	G	A
N5_cerevisiae	0.00613832798593	2	647	T	C
N5_cerevisiae	0.00614438660843	1	809	A	G
N5_cerevisiae	0.00665890864626	2	734	A	G
N5_cerevisiae	0.00683496962699	1	521	A	G
