edge	time	mut_orlg	mut_pos	old_state	new_state
N0_kluyveri	0.00273499901295	0	384	G	A
N0_kluyveri	0.00329267509753	0	516	C	T
N0_kluyveri	0.00540931878732	0	573	T	C
N0_kluyveri	0.00547221791714	0	520	G	A
N0_kluyveri	0.00658515412992	0	525	A	G
N0_kluyveri	0.00746135903779	0	26	A	G
N0_kluyveri	0.00797787399133	0	716	T	C
N0_kluyveri	0.00899395971999	0	347	A	T
N0_D1	1.90341240033e-05	0	724	C	T
N0_D1	0.00030247665463	0	825	T	A
D1_N1	0.000248079758123	1	269	T	C
D1_N1	0.00145643070488	2	835	G	A
D1_N1	0.00161621380953	1	443	T	C
D1_N1	0.00207677834013	2	860	G	T
D1_N1	0.0023938018361	2	621	A	G
D1_N1	0.00264336826578	1	375	T	A
D1_N1	0.00299153638094	1	333	T	C
D1_N1	0.00306150244115	2	828	C	T
D1_N1	0.00314873835289	2	182	A	C
D1_N1	0.00316529413235	2	204	A	G
D1_N1	0.0032680453287	1	627	A	G
D1_N1	0.00336974758377	2	84	A	G
D1_N1	0.00349120684277	2	816	T	A
D1_N1	0.00432422543737	1	391	G	A
D1_N1	0.00467551265323	1	217	A	T
D1_N1	0.00597578749306	2	71	A	G
D1_N1	0.0060892062215	1	612	T	A
D1_N1	0.00648554297477	1	317	G	T
D1_N1	0.00699308176567	2	561	G	A
D1_N1	0.00722168823946	1	340	G	A
D1_N1	0.00769917492729	1	606	A	C
D1_N1	0.0084615524437	2	618	A	G
D1_N1	0.00869104068494	2	573	T	C
N1_castellii	0.000307633598604	1	65	T	A
N1_castellii	0.000998138418258	2	720	C	A
N1_castellii	0.00186652657307	2	504	G	C
N1_castellii	0.00297578335736	1	747	G	T
N1_castellii	0.00350833838204	2	579	C	A
N1_castellii	0.00398299223104	2	594	C	T
N1_castellii	0.00408817209349	1	721	C	T
N1_castellii	0.00453218182415	2	609	T	G
N1_castellii	0.004630775588	1	126	C	T
N1_castellii	0.00483909267565	2	354	A	G
N1_castellii	0.00500478345277	2	579	A	G
N1_castellii	0.00569473603024	2	354	G	T
N1_castellii	0.00595799616284	1	825	A	C
N1_castellii	0.00627096270254	2	465	T	C
N1_castellii	0.00653601489189	1	699	T	C
N1_castellii	0.00686087092984	1	16	C	T
N1_castellii	0.00694307761475	2	495	C	G
N1_castellii	0.00720754458644	1	809	T	C
N1_castellii	0.00740173282103	1	604	C	T
N1_castellii	0.00847782767731	1	756	C	T
N1_castellii	0.00848721485306	1	138	C	T
N1_castellii	0.00856575287234	1	763	C	A
N1_castellii	0.00993842430784	2	504	C	T
N1_N2	0.000418024026555	1	275	G	A
N1_N2	0.000603921352458	1	828	C	A
N1_N2	0.00126112080134	2	128	A	G
N1_N2	0.0014339855538	1	687	G	T
N1_N2	0.00154265794363	2	260	T	G
N1_N2	0.00168139215231	1	783	C	T
N1_N2	0.00170812637051	2	457	T	C
N1_N2	0.00225694456273	1	113	C	G
N1_N2	0.00337218179974	1	684	G	A
N1_N2	0.00352794192724	2	284	G	C
N1_N2	0.00354793323477	1	855	A	G
N1_N2	0.00402222691332	1	418	C	A
N1_N2	0.00411562402906	1	174	C	T
N1_N2	0.00416045917997	1	412	C	T
N1_N2	0.00446075997671	2	673	T	C
N1_N2	0.00486966141775	1	471	C	T
N1_N2	0.00496141697265	2	108	C	T
N1_N2	0.00556632050404	2	171	G	A
N1_N2	0.00620106711821	2	403	T	A
N1_N2	0.00638720073937	1	614	T	C
N1_N2	0.00644790566737	2	669	G	A
N1_N2	0.00674321300163	1	82	C	T
N1_N2	0.00702930738552	1	723	A	G
N1_N2	0.00737153175113	1	585	G	A
N1_N2	0.00778589952164	2	300	T	A
N1_N2	0.00805084581764	1	40	C	G
N1_N2	0.00847388261177	2	528	G	A
N1_N2	0.00909477625358	2	643	T	C
N1_N2	0.00982218460875	1	209	A	G
N2_bayanus	0.000355636846964	1	792	G	C
N2_bayanus	0.000493976609337	2	606	A	G
N2_bayanus	0.00120086609744	1	732	A	G
N2_bayanus	0.00139642161535	2	457	C	G
N2_bayanus	0.00189370647266	2	528	A	G
N2_bayanus	0.00288989452003	2	630	A	G
N2_bayanus	0.00295399827279	2	153	T	C
N2_bayanus	0.00360193314591	1	213	T	C
N2_bayanus	0.00377304451706	2	484	A	G
N2_bayanus	0.00383123029181	1	813	G	T
N2_bayanus	0.00435671679155	1	64	T	G
N2_bayanus	0.00437922835273	1	807	A	T
N2_bayanus	0.00457299385914	1	642	C	T
N2_bayanus	0.00469769207833	1	421	A	T
N2_bayanus	0.00494427750781	1	546	T	A
N2_bayanus	0.00539534197985	1	183	T	C
N2_bayanus	0.00582698971465	2	838	C	G
N2_bayanus	0.00620435405063	2	195	C	G
N2_bayanus	0.00664762322217	1	495	C	A
N2_bayanus	0.00713633937382	2	427	G	A
N2_bayanus	0.00773580457779	2	858	G	A
N2_bayanus	0.00817261828763	1	777	G	A
N2_bayanus	0.00843463821526	2	744	T	C
N2_bayanus	0.00850398493504	1	589	G	A
N2_bayanus	0.00880365542535	1	11	G	A
N2_bayanus	0.00971654305725	1	552	G	A
N2_N3	0.000567634282035	1	570	C	A
N2_N3	0.000818341084732	2	840	C	G
N2_N3	0.00129973900554	2	57	C	T
N2_N3	0.00139858925731	2	797	C	T
N2_N3	0.00145811727158	2	150	A	G
N2_N3	0.00223772234411	2	615	A	G
N2_N3	0.00227841316459	1	660	A	G
N2_N3	0.00273602093837	1	687	T	G
N2_N3	0.0030844105213	2	576	T	C
N2_N3	0.00421265831877	2	816	A	G
N2_N3	0.00444682886136	1	351	G	A
N2_N3	0.00461323772677	1	478	T	C
N2_N3	0.00499836247886	1	585	A	C
N2_N3	0.00540527344697	2	519	A	G
N2_N3	0.00600495881416	1	840	C	T
N2_N3	0.0062322236254	2	229	C	T
N2_N3	0.0062396846365	2	110	T	G
N2_N3	0.00784874814811	1	84	A	G
N2_N3	0.00802591301728	2	95	G	C
N2_N3	0.00985287554905	2	653	A	C
N3_kudriavzevii	0.000421241105442	2	349	T	G
N3_kudriavzevii	0.000488194586499	2	338	C	T
N3_kudriavzevii	0.00062995753318	2	311	T	C
N3_kudriavzevii	0.00152225851545	1	649	T	C
N3_kudriavzevii	0.0017236388863	1	558	T	C
N3_kudriavzevii	0.00216395138529	1	254	C	T
N3_kudriavzevii	0.00282862207299	1	672	G	C
N3_kudriavzevii	0.00284733886817	1	109	G	A
N3_kudriavzevii	0.00304360636733	2	298	G	A
N3_kudriavzevii	0.00383088012675	2	744	T	C
N3_kudriavzevii	0.00402786656844	2	186	C	T
N3_kudriavzevii	0.00486232587908	2	827	T	C
N3_kudriavzevii	0.00515357839542	2	376	T	G
N3_kudriavzevii	0.00516912191578	1	537	G	A
N3_kudriavzevii	0.0052489670613	2	252	C	T
N3_kudriavzevii	0.00536102780952	2	471	C	T
N3_kudriavzevii	0.00537963393726	2	471	T	C
N3_kudriavzevii	0.0054544914011	1	636	C	G
N3_kudriavzevii	0.00559076747563	2	115	T	C
N3_kudriavzevii	0.0056115519234	2	495	C	T
N3_kudriavzevii	0.00583419486736	2	392	A	G
N3_kudriavzevii	0.0064652420818	1	840	T	C
N3_kudriavzevii	0.00654383149477	2	783	C	T
N3_kudriavzevii	0.00673270812735	2	173	G	A
N3_kudriavzevii	0.00721575291262	2	684	G	A
N3_kudriavzevii	0.00732804600714	1	600	T	C
N3_kudriavzevii	0.00734409728626	1	579	C	A
N3_kudriavzevii	0.007557887411	1	783	T	G
N3_kudriavzevii	0.00887935035595	2	666	T	A
N3_kudriavzevii	0.00934640156204	1	655	T	A
N3_N4	0.000494613315755	2	600	T	A
N3_N4	0.00112068400326	2	204	G	A
N3_N4	0.00124901662176	2	324	A	G
N3_N4	0.00293577387137	2	834	A	C
N3_N4	0.00359178147489	1	175	T	C
N3_N4	0.00399442008327	2	459	G	A
N3_N4	0.00433389153626	2	696	A	C
N3_N4	0.0043705898227	2	129	A	G
N3_N4	0.0050973319782	1	672	G	T
N3_N4	0.00551682139259	2	288	A	G
N3_N4	0.00562741331114	1	10	A	G
N3_N4	0.00625175139959	2	753	C	T
N3_N4	0.00715491134798	2	43	G	T
N3_N4	0.00729955015199	1	100	T	C
N3_N4	0.00760635573916	2	796	T	C
N3_N4	0.00776985492297	1	735	A	G
N3_N4	0.00784677093688	2	606	A	G
N3_N4	0.00843780064908	1	493	C	T
N3_N4	0.00873233987562	1	668	T	A
N3_N4	0.00876035727919	2	546	T	A
N3_N4	0.00943356583279	2	126	C	T
N3_N4	0.0094775328231	1	389	A	T
N3_N4	0.00948181713814	1	64	T	G
N3_N4	0.0097082208831	1	678	A	G
N4_mikatae	0.000106182781667	1	790	A	G
N4_mikatae	0.000663468165926	1	702	C	G
N4_mikatae	0.000809497386171	2	642	C	T
N4_mikatae	0.000822572661781	2	525	A	G
N4_mikatae	0.00110845846077	2	307	C	T
N4_mikatae	0.00159650120129	1	238	G	A
N4_mikatae	0.00159898659146	1	627	G	A
N4_mikatae	0.00163927453163	2	783	C	T
N4_mikatae	0.0019202807476	1	272	T	C
N4_mikatae	0.0021477084208	1	490	A	G
N4_mikatae	0.00304826354083	2	864	G	A
N4_mikatae	0.0033663744191	1	229	C	A
N4_mikatae	0.00353363326882	1	406	G	T
N4_mikatae	0.00386248628716	1	624	T	C
N4_mikatae	0.00428560098672	2	549	C	A
N4_mikatae	0.00461923699046	1	827	T	C
N4_mikatae	0.00576766521457	2	392	A	G
N4_mikatae	0.00588734389959	2	336	A	T
N4_mikatae	0.00618361812874	2	201	A	C
N4_mikatae	0.00640855894234	2	690	G	C
N4_mikatae	0.0068478925797	1	747	G	A
N4_mikatae	0.00694495241175	1	669	G	T
N4_mikatae	0.00696981260318	2	843	G	A
N4_mikatae	0.00761043337751	1	660	G	A
N4_mikatae	0.00872196429934	2	203	A	G
N4_mikatae	0.00873787823329	1	669	T	C
N4_mikatae	0.0087875808273	2	639	G	A
N4_mikatae	0.00893767996572	2	576	C	T
N4_mikatae	0.00902723324482	1	538	A	G
N4_mikatae	0.00910742211865	2	690	C	G
N4_mikatae	0.00977934104947	1	259	C	T
N4_N5	6.92690453476e-05	1	279	A	C
N4_N5	0.000454912050546	2	535	C	A
N4_N5	0.000503537496372	2	689	C	T
N4_N5	0.000927121134545	2	200	T	C
N4_N5	0.00186221355142	1	864	G	A
N4_N5	0.0018774937103	2	570	C	T
N4_N5	0.00213634432388	1	137	T	C
N4_N5	0.00240543059558	2	783	C	T
N4_N5	0.00270846806683	2	136	A	G
N4_N5	0.00450786969002	1	80	G	A
N4_N5	0.00456385392405	1	591	A	G
N4_N5	0.00485917442832	1	624	T	C
N4_N5	0.00488853206553	1	681	C	T
N4_N5	0.0058661640438	2	581	T	A
N4_N5	0.005979814339	2	688	T	C
N4_N5	0.00740833449436	1	744	T	C
N4_N5	0.00754803568934	1	507	G	T
N4_N5	0.00757459476798	2	492	G	A
N4_N5	0.00782850088429	1	840	T	C
N4_N5	0.00794530836829	1	426	C	T
N4_N5	0.00829462628024	1	819	G	C
N4_N5	0.00841381598347	2	524	A	G
N4_N5	0.00842891561563	2	146	T	C
N4_N5	0.00843086556906	2	510	C	T
N4_N5	0.00888379301492	2	525	A	T
N4_N5	0.0090565292719	1	501	G	T
N4_N5	0.00949460785926	1	138	C	T
N5_paradoxus	0.000370743522265	1	714	C	G
N5_paradoxus	0.00043046862999	2	227	G	A
N5_paradoxus	0.000649938632442	2	152	A	T
N5_paradoxus	0.00135478264605	2	627	G	A
N5_paradoxus	0.00177153401041	1	660	G	A
N5_paradoxus	0.00183858905674	2	570	T	C
N5_paradoxus	0.00270140369793	2	591	A	T
N5_paradoxus	0.00299969287035	2	292	T	A
N5_paradoxus	0.00325045284426	2	867	T	C
N5_paradoxus	0.00338409247614	2	753	T	G
N5_paradoxus	0.00400964676248	1	76	C	T
N5_paradoxus	0.00457081965993	1	700	A	C
N5_paradoxus	0.00566130955922	2	272	T	C
N5_paradoxus	0.00570983226685	1	711	G	C
N5_paradoxus	0.00729616414961	1	606	C	A
N5_paradoxus	0.00763666101494	1	741	G	A
N5_paradoxus	0.00772243277291	2	366	C	T
N5_paradoxus	0.00795641619068	2	594	C	T
N5_paradoxus	0.00941724263117	1	365	A	T
N5_paradoxus	0.0098685867891	1	525	A	G
N5_paradoxus	0.00990175236356	2	305	A	C
N5_cerevisiae	0.00040819945611	1	418	A	T
N5_cerevisiae	0.000558263471138	1	4	A	G
N5_cerevisiae	0.00115589285696	1	267	G	A
N5_cerevisiae	0.00118233553914	1	804	C	T
N5_cerevisiae	0.00230781993655	2	700	A	G
N5_cerevisiae	0.00248833322489	1	168	G	A
N5_cerevisiae	0.0025450486195	2	631	C	T
N5_cerevisiae	0.00263084471302	2	849	A	G
N5_cerevisiae	0.00276683192161	2	325	C	T
N5_cerevisiae	0.00287306183854	1	573	T	C
N5_cerevisiae	0.00289313217048	2	370	G	A
N5_cerevisiae	0.00292842006945	2	177	G	A
N5_cerevisiae	0.00316726409961	2	265	C	G
N5_cerevisiae	0.00336609176454	1	504	G	A
N5_cerevisiae	0.00501528143959	2	357	C	T
N5_cerevisiae	0.00593106998595	2	783	T	C
N5_cerevisiae	0.00613071865104	1	624	C	A
N5_cerevisiae	0.00715633852738	1	109	G	A
N5_cerevisiae	0.00775635288413	1	86	T	C
N5_cerevisiae	0.00893175887013	1	786	C	T
N5_cerevisiae	0.00935324227451	1	214	G	C
N5_cerevisiae	0.00991656480743	1	663	A	G
N5_cerevisiae	0.00996166356075	1	594	C	A
N5_cerevisiae	0.00996365898196	2	1	C	A
