edge	time	mut_orlg	mut_pos	old_state	new_state
N0_kluyveri	8.6529946391e-06	0	442	T	C
N0_kluyveri	0.00173807253995	0	607	C	T
N0_kluyveri	0.00187775023931	0	940	G	A
N0_kluyveri	0.00231418903998	0	9	G	C
N0_kluyveri	0.0024393416499	0	354	G	A
N0_kluyveri	0.00261128910118	0	970	T	G
N0_kluyveri	0.00288926865232	0	728	A	G
N0_kluyveri	0.00411095213279	0	572	T	C
N0_kluyveri	0.00544264856415	0	859	C	A
N0_kluyveri	0.00875506387039	0	38	T	C
N0_kluyveri	0.00993249075143	0	847	A	G
N0_kluyveri	0.0101154346516	0	589	C	G
N0_kluyveri	0.0103545866096	0	177	T	C
N0_kluyveri	0.0112520637171	0	985	A	G
N0_kluyveri	0.0122035355828	0	236	C	T
N0_D1	0.00017088023286	0	1031	G	A
N0_D1	0.000679670549537	0	964	G	A
D1_N1	0.000326659388449	1	338	A	G
D1_N1	0.00120329579243	2	99	C	T
D1_N1	0.00135352832025	1	967	G	C
D1_N1	0.00164067331537	1	601	T	C
D1_N1	0.0017573564063	2	594	A	G
D1_N1	0.00190458425216	1	176	T	A
D1_N1	0.00197053184559	2	179	A	G
D1_N1	0.00217210325839	1	964	A	G
D1_N1	0.00220352981649	1	592	G	A
D1_N1	0.00329868105024	2	125	G	A
D1_N1	0.00374182075715	1	315	C	T
D1_N1	0.00434522399938	1	159	A	G
D1_N1	0.00461163254289	2	30	A	C
D1_N1	0.00461994673647	2	356	C	T
D1_N1	0.00469417110242	1	186	C	T
D1_N1	0.00469909462302	1	877	C	G
D1_N1	0.00480446963318	1	131	T	C
D1_N1	0.00502776192475	1	450	T	G
D1_N1	0.00576309230439	2	933	T	C
D1_N1	0.0058129131793	2	299	C	T
D1_N1	0.00605255044475	2	365	T	C
D1_N1	0.00660058418277	2	194	C	A
D1_N1	0.00664914934486	1	763	G	A
D1_N1	0.00671184583891	2	754	C	T
D1_N1	0.00697897505618	2	598	C	G
D1_N1	0.00717228195692	1	72	G	A
D1_N1	0.00730374512294	2	599	G	A
D1_N1	0.00737037350387	1	1000	C	T
D1_N1	0.00762055316208	2	823	C	T
D1_N1	0.00823810482929	1	481	T	A
D1_N1	0.00865272450286	2	727	T	C
D1_N1	0.0089694691671	1	823	C	A
D1_N1	0.00950454494388	1	115	G	A
D1_N1	0.00982634787197	1	422	C	T
D1_N1	0.0101862702829	1	215	C	T
D1_N1	0.0101915066063	1	916	C	T
D1_N1	0.0102879693499	1	1036	G	A
D1_N1	0.0103024887861	2	688	A	T
D1_N1	0.0103081192918	2	529	A	G
D1_N1	0.0108078803289	1	935	G	A
D1_N1	0.0110244522188	2	226	A	G
D1_N1	0.0111879631628	1	701	C	T
D1_N1	0.0114574097205	1	607	C	T
D1_N1	0.0116025402993	1	664	T	G
D1_N1	0.0117945180997	1	538	C	T
D1_N1	0.0119999292954	2	643	T	A
D1_N1	0.0122915839102	2	27	A	G
D1_N1	0.0125343303752	1	647	T	C
D1_N1	0.012789297993	2	880	G	A
D1_N1	0.0132353584274	2	18	G	A
D1_N1	0.0133311295763	1	197	G	A
D1_N1	0.0136039880264	2	826	T	C
D1_N1	0.0136745154958	1	305	T	A
D1_N1	0.0137592348733	2	781	G	A
D1_N1	0.0148999887308	1	610	G	T
D1_N1	0.015145224007	1	340	T	C
D1_N1	0.0154675243026	1	742	G	A
D1_N1	0.0157744346538	1	817	C	A
D1_N1	0.0157826043224	2	832	G	A
D1_N1	0.0163732901044	2	481	T	G
D1_N1	0.0164256547009	2	877	G	A
D1_N1	0.0167951520726	2	601	T	C
D1_N1	0.0171705404619	2	730	A	G
D1_N1	0.0175301796304	2	871	T	C
D1_N1	0.0186115996422	1	144	T	C
D1_N1	0.0195008736852	2	886	C	T
D1_N1	0.0201101877142	2	497	A	T
D1_N1	0.0201985927331	2	962	C	T
D1_N1	0.0202008287938	2	262	T	C
D1_N1	0.020206662086	1	508	G	C
D1_N1	0.0206385721634	1	39	A	G
D1_N1	0.0207466199648	1	832	G	A
D1_N1	0.0209512128449	2	635	A	G
D1_N1	0.0213398353656	2	40	G	A
D1_N1	0.0214212408365	2	898	T	C
D1_N1	0.0214792717781	2	970	T	C
D1_N1	0.0218777321707	1	520	G	A
D1_N1	0.0220856230577	1	910	C	T
D1_N1	0.0221736866759	2	763	G	A
D1_N1	0.0223676921122	1	295	G	A
D1_N1	0.0224624871215	1	481	G	A
D1_N1	0.0233171740044	2	814	T	C
D1_N1	0.0235802482476	2	970	C	T
D1_N1	0.0238038313511	1	601	C	T
D1_N1	0.0238513527242	2	955	A	G
D1_N1	0.0238541522907	2	523	G	A
D1_N1	0.024068074131	2	937	G	A
D1_N1	0.0240737439023	1	686	G	A
D1_N1	0.0240978811939	2	315	C	T
D1_N1	0.0241721663862	2	490	C	T
D1_N1	0.0245656660211	1	243	A	G
D1_N1	0.0247699584736	2	793	G	T
D1_N1	0.0248014529125	2	214	T	G
D1_N1	0.0254640019814	1	949	G	C
D1_N1	0.0254986006086	2	904	A	G
D1_N1	0.0256519745839	1	602	G	A
D1_N1	0.025911653487	2	43	T	A
D1_N1	0.0262031069532	2	991	T	C
D1_N1	0.026458742336	2	880	A	G
D1_N1	0.0265493803549	1	497	A	G
D1_N1	0.0265788752448	1	425	A	G
D1_N1	0.0268195086924	2	373	A	G
D1_N1	0.0269531434144	2	754	T	C
D1_N1	0.0269641214194	1	271	A	G
D1_N1	0.0274162495535	2	841	T	C
D1_N1	0.0285596146862	2	208	C	T
D1_N1	0.0287853421458	1	82	T	C
D1_N1	0.0289676947138	2	883	G	A
D1_N1	0.0290973938121	2	143	T	C
N1_castellii	9.32291301681e-05	2	811	G	A
N1_castellii	0.000459231085842	2	994	A	G
N1_castellii	0.000528660528647	1	514	A	G
N1_castellii	0.00056074135848	1	22	T	C
N1_castellii	0.00130601365864	1	1027	G	A
N1_castellii	0.00152369252381	1	904	A	G
N1_castellii	0.00154219624343	1	502	A	G
N1_castellii	0.00170739079823	2	889	A	G
N1_castellii	0.00221336970364	2	871	C	T
N1_castellii	0.00265244290791	1	892	C	T
N1_castellii	0.00268820864767	2	301	C	T
N1_castellii	0.00309340229754	2	958	A	G
N1_castellii	0.00338317748351	2	949	G	A
N1_castellii	0.00391101178147	2	338	G	A
N1_castellii	0.00422467589769	1	979	C	T
N1_castellii	0.0042677668258	2	281	T	C
N1_castellii	0.00427622487192	1	402	C	T
N1_castellii	0.00479685808999	2	1033	A	G
N1_castellii	0.0049130456183	1	321	A	C
N1_castellii	0.00546034365406	1	814	T	C
N1_castellii	0.00549568617171	2	57	C	T
N1_castellii	0.00640423524999	2	386	C	A
N1_castellii	0.00674948541471	1	739	A	G
N1_castellii	0.00767580538089	1	722	C	T
N1_castellii	0.00789503920847	2	763	A	T
N1_castellii	0.00811892126202	2	63	A	G
N1_castellii	0.00840244374252	1	619	G	A
N1_castellii	0.00843419145137	1	766	C	A
N1_castellii	0.00857411364305	2	823	T	C
N1_castellii	0.00872818520044	1	673	T	A
N1_castellii	0.00874104498162	2	330	T	C
N1_castellii	0.00946121447788	2	443	C	T
N1_castellii	0.00954869227493	1	219	C	T
N1_castellii	0.00986435305823	2	226	G	A
N1_castellii	0.0100085362107	1	1020	T	C
N1_castellii	0.0102707486879	1	644	T	C
N1_castellii	0.0106281027316	1	490	C	T
N1_castellii	0.0107820927986	1	916	C	T
N1_castellii	0.0109035428675	2	979	C	T
N1_castellii	0.0115875288561	2	484	C	T
N1_castellii	0.0116758513723	2	658	G	A
N1_castellii	0.0120995811231	1	793	G	T
N1_castellii	0.0122679748824	1	358	T	C
N1_castellii	0.0122862236142	1	487	T	C
N1_castellii	0.0125646457625	1	649	C	A
N1_castellii	0.0127922308009	2	757	G	C
N1_castellii	0.0128671933898	2	952	C	T
N1_castellii	0.0131619346945	1	382	C	T
N1_castellii	0.0135008758008	2	911	T	C
N1_castellii	0.0135127122665	2	119	C	T
N1_castellii	0.0138338569437	1	922	C	G
N1_castellii	0.0139816615883	2	946	A	T
N1_castellii	0.0139926121614	1	883	G	T
N1_castellii	0.0143558595811	2	173	A	C
N1_castellii	0.0144430763874	1	571	C	T
N1_castellii	0.0145951674667	1	508	C	T
N1_castellii	0.0146086950116	2	687	C	T
N1_castellii	0.0149378438199	2	165	C	T
N1_castellii	0.0149468463564	2	67	A	C
N1_castellii	0.0151907705131	1	958	A	G
N1_castellii	0.0154888805627	2	733	T	A
N1_castellii	0.0156340561912	2	190	C	T
N1_castellii	0.0162745404231	1	778	C	T
N1_castellii	0.0162911699106	1	538	T	C
N1_castellii	0.0163122690963	1	730	A	G
N1_castellii	0.0163409820049	1	853	C	T
N1_castellii	0.0164275302233	2	538	C	T
N1_castellii	0.0166107129732	2	916	C	T
N1_castellii	0.0167926089185	1	568	C	T
N1_castellii	0.0170024094512	1	531	G	C
N1_castellii	0.0170047411426	2	433	G	C
N1_castellii	0.0170312653357	1	994	A	G
N1_castellii	0.017090352488	1	796	T	C
N1_castellii	0.0172078951237	1	544	A	G
N1_castellii	0.0172348706022	2	880	G	A
N1_castellii	0.0172425765108	2	937	A	G
N1_castellii	0.0176298699513	2	71	T	A
N1_castellii	0.0180303891243	2	339	C	T
N1_castellii	0.0181700211869	1	694	A	G
N1_castellii	0.0184021992127	1	817	A	C
N1_castellii	0.0185603373243	2	1033	G	T
N1_castellii	0.0192629630219	1	103	A	T
N1_castellii	0.0195490651144	2	637	T	C
N1_castellii	0.0199571612694	2	967	G	T
N1_castellii	0.0200529883152	1	186	T	C
N1_castellii	0.0200531634811	1	814	C	T
N1_castellii	0.0201819102746	1	821	C	T
N1_castellii	0.021054180634	2	742	A	G
N1_castellii	0.0213429774704	1	355	C	T
N1_castellii	0.021385674305	1	289	C	T
N1_castellii	0.0216221160075	2	859	C	T
N1_castellii	0.0222554736301	1	679	T	C
N1_castellii	0.0229490570097	1	646	T	A
N1_castellii	0.0230240889265	1	598	G	A
N1_castellii	0.0231245815121	1	490	T	C
N1_castellii	0.0236110912357	1	730	G	A
N1_castellii	0.0237487045452	2	919	T	A
N1_castellii	0.0240746807686	2	109	G	C
N1_castellii	0.0241814891611	2	802	G	A
N1_castellii	0.0245700843773	1	832	A	C
N1_castellii	0.0246194495869	1	292	A	G
N1_castellii	0.0246733909155	1	6	G	A
N1_castellii	0.0253719515413	1	898	T	C
N1_castellii	0.0254720771245	2	919	A	G
N1_castellii	0.0257133059239	1	526	C	T
N1_castellii	0.0257138705355	2	983	G	C
N1_castellii	0.0260430831748	1	946	A	G
N1_castellii	0.0260474763819	2	844	T	C
N1_castellii	0.0260995616709	2	949	A	T
N1_castellii	0.026243527213	1	577	A	G
N1_castellii	0.0263618371562	2	617	G	A
N1_castellii	0.0266089070292	2	976	G	A
N1_castellii	0.0272962447659	2	748	C	T
N1_castellii	0.0276524844873	1	904	G	A
N1_castellii	0.0277346315091	2	667	T	C
N1_castellii	0.0278845141633	2	901	T	A
N1_castellii	0.0280451765792	2	508	G	A
N1_castellii	0.0281584897539	2	380	A	G
N1_castellii	0.0282209213366	1	952	C	T
N1_castellii	0.0282989940076	1	8	G	A
N1_castellii	0.0285558854111	2	187	T	C
N1_castellii	0.0286378372532	2	294	C	T
N1_castellii	0.0286808612797	2	769	T	C
N1_castellii	0.0287272616139	2	1003	A	G
N1_castellii	0.0291813858075	2	817	C	T
N1_castellii	0.0293321351636	2	934	C	T
N1_castellii	0.0295164450088	2	680	C	G
N1_castellii	0.0295255366867	2	643	T	C
N1_castellii	0.0300288861893	2	697	T	C
N1_castellii	0.0300671596483	1	685	C	T
N1_castellii	0.030343046538	2	513	C	T
N1_castellii	0.0309741180095	1	1039	G	C
N1_castellii	0.0309938119634	1	538	C	A
N1_castellii	0.0311233931952	1	874	A	G
N1_castellii	0.0311667543526	1	738	G	A
N1_castellii	0.0315396121083	2	985	A	G
N1_castellii	0.0317487340417	2	592	G	A
N1_castellii	0.031838547897	2	591	G	A
N1_castellii	0.0319115940094	2	550	T	A
N1_castellii	0.0322280255151	2	838	T	C
N1_castellii	0.0327497325613	1	934	C	A
N1_castellii	0.0327934808973	2	778	C	T
N1_castellii	0.0329320019169	2	497	T	C
N1_castellii	0.0329906865295	2	598	G	A
N1_castellii	0.0333053451213	1	481	A	G
N1_castellii	0.0333230670304	2	940	G	A
N1_N2	7.47593390541e-06	1	496	T	C
N1_N2	0.000342150983656	1	863	T	C
N1_N2	0.000424940001942	2	509	C	T
N1_N2	0.000552423175004	1	754	C	T
N1_N2	0.00164633458174	2	41	G	A
N1_N2	0.00207545291917	2	134	C	T
N1_N2	0.00207877677191	2	484	C	T
N1_N2	0.00227025361254	1	414	C	T
N1_N2	0.00230701736736	2	167	A	G
N1_N2	0.00265361992439	2	296	T	C
N1_N2	0.00302115011311	2	925	T	C
N1_N2	0.00395186571694	2	691	A	C
N1_N2	0.00421387263698	2	892	C	T
N1_N2	0.00426721842055	1	40	G	A
N1_N2	0.00449951747084	2	922	C	T
N1_N2	0.00525024689728	1	116	G	C
N1_N2	0.00526975955671	1	686	A	T
N1_N2	0.00529281147599	1	799	G	A
N1_N2	0.00541433236654	1	946	A	G
N1_N2	0.00676785330401	2	225	T	C
N1_N2	0.00691949134547	2	691	C	T
N1_N2	0.00708395304986	2	1024	T	C
N1_N2	0.00728316349569	2	517	A	G
N1_N2	0.0073074720876	1	892	C	T
N1_N2	0.00731979792019	1	667	T	C
N1_N2	0.0076415661531	2	647	T	C
N1_N2	0.00819334258939	1	697	T	C
N1_N2	0.0082858198111	1	508	C	T
N1_N2	0.00856765638828	1	718	C	T
N1_N2	0.00859070351693	1	55	C	T
N1_N2	0.00873895344791	1	673	T	C
N1_N2	0.00899225416079	2	952	C	T
N1_N2	0.00902761212317	1	125	G	A
N1_N2	0.00906938023753	1	964	G	A
N1_N2	0.00929889703255	2	871	C	T
N1_N2	0.00945173208187	1	426	C	T
N1_N2	0.0094619811186	2	581	T	C
N1_N2	0.0095693142994	2	640	T	C
N1_N2	0.0105466697151	2	563	G	A
N1_N2	0.010891381119	2	294	C	T
N1_N2	0.0113487628594	1	614	C	T
N1_N2	0.0113847761849	1	481	G	A
N1_N2	0.0114275156403	2	496	T	C
N1_N2	0.0117428436235	1	974	C	T
N1_N2	0.0118187619617	2	973	G	A
N1_N2	0.0123317328295	1	989	T	C
N1_N2	0.0123807778766	2	76	A	G
N1_N2	0.0126259763594	1	736	G	A
N1_N2	0.0126571450317	2	743	G	A
N1_N2	0.0129663499237	1	406	G	T
N1_N2	0.0130749755012	1	940	G	A
N1_N2	0.0132208764261	2	246	G	A
N1_N2	0.0133205724111	1	1036	G	A
N1_N2	0.0136847601852	2	478	G	A
N1_N2	0.0137406485113	1	928	A	G
N1_N2	0.0140136249398	1	751	C	G
N1_N2	0.0146081123381	1	324	T	C
N1_N2	0.0147557516586	2	23	C	G
N1_N2	0.0150704291036	1	853	C	T
N1_N2	0.0152005288751	1	805	C	T
N1_N2	0.0153138891941	2	111	A	G
N1_N2	0.0154994769815	1	797	A	G
N1_N2	0.0156141554479	1	596	A	G
N1_N2	0.0167028971989	1	656	G	A
N1_N2	0.0167326956884	1	674	A	G
N1_N2	0.0167877786421	1	140	A	G
N1_N2	0.0170646422218	2	427	C	T
N1_N2	0.0171606488815	1	967	C	T
N1_N2	0.0172427788772	2	691	T	C
N1_N2	0.017531213293	1	294	C	T
N1_N2	0.0178661161111	1	881	T	C
N1_N2	0.0181398963868	1	811	G	A
N1_N2	0.0190399847304	1	8	G	A
N1_N2	0.0195152745281	2	173	A	G
N1_N2	0.0208348840993	1	278	T	C
N1_N2	0.0211518582002	2	884	G	A
N1_N2	0.0213583477893	2	844	T	A
N1_N2	0.0221292255618	2	691	C	T
N1_N2	0.0221998927139	1	952	C	T
N1_N2	0.0222266961871	1	55	T	G
N1_N2	0.0223224594174	1	5	A	G
N1_N2	0.0225454016855	2	562	T	C
N1_N2	0.0233791833889	2	354	G	A
N1_N2	0.0237418404857	1	709	T	C
N1_N2	0.0239547217825	1	538	C	T
N1_N2	0.0240001217028	2	634	C	T
N1_N2	0.024255372944	2	319	C	T
N1_N2	0.0243684840434	1	799	A	T
N1_N2	0.0245679201904	2	997	A	G
N1_N2	0.0248472781181	2	670	A	G
N1_N2	0.0250458492406	2	847	A	G
N1_N2	0.025404109178	2	1005	C	T
N1_N2	0.0254441665216	2	580	C	A
N1_N2	0.0254479515646	2	5	A	G
N1_N2	0.0265628625887	2	1021	C	T
N1_N2	0.0266722543281	1	92	T	C
N2_bayanus	0.000562937422648	2	889	A	G
N2_bayanus	0.000680826036433	2	89	T	A
N2_bayanus	0.000988560311285	1	902	G	A
N2_bayanus	0.0010074495059	1	832	A	G
N2_bayanus	0.00127510570672	1	598	C	T
N2_bayanus	0.00131105144586	1	500	G	A
N2_bayanus	0.00166592223412	2	778	C	T
N2_bayanus	0.00171241055054	1	991	T	C
N2_bayanus	0.00193111895331	1	902	A	G
N2_bayanus	0.00314543041765	1	672	A	C
N2_bayanus	0.00329794225749	2	1015	G	A
N2_bayanus	0.00353768162083	2	586	A	G
N2_bayanus	0.00368686038344	2	748	C	T
N2_bayanus	0.00369005876755	2	559	A	G
N2_bayanus	0.00394352683786	1	953	A	G
N2_bayanus	0.0046564376984	2	517	G	A
N2_bayanus	0.00503465103615	2	563	A	G
N2_bayanus	0.0050769412628	2	325	C	T
N2_bayanus	0.00523721642486	2	958	A	G
N2_bayanus	0.00544232607755	2	1034	A	G
N2_bayanus	0.00552792929537	1	893	A	G
N2_bayanus	0.00567464445706	1	950	G	A
N2_bayanus	0.00573891330179	2	356	T	C
N2_bayanus	0.00588729362385	1	709	C	T
N2_bayanus	0.00651861744309	2	586	G	T
N2_bayanus	0.00671065743263	2	940	G	A
N2_bayanus	0.00732848110397	1	667	C	T
N2_bayanus	0.00794799771378	2	435	A	G
N2_bayanus	0.00811088281535	1	928	G	A
N2_bayanus	0.0081961447273	1	604	C	T
N2_bayanus	0.00856290921722	1	615	C	G
N2_bayanus	0.00863610152257	1	602	A	G
N2_bayanus	0.00890125021538	2	169	A	G
N2_bayanus	0.00921204266831	2	859	C	T
N2_bayanus	0.00936920072086	2	218	T	G
N2_bayanus	0.00942762581301	2	407	G	A
N2_bayanus	0.00955205420095	1	66	G	A
N2_bayanus	0.00964619939159	2	853	C	T
N2_bayanus	0.0099783214548	1	820	A	G
N2_bayanus	0.0102163817161	2	943	T	G
N2_bayanus	0.0102351112324	2	682	A	G
N2_bayanus	0.0105218416572	2	700	T	C
N2_bayanus	0.0110452427627	2	499	G	C
N2_bayanus	0.0110858128843	1	237	C	T
N2_bayanus	0.0113251628227	2	737	G	A
N2_bayanus	0.0120691705714	1	505	T	C
N2_bayanus	0.0122010998503	1	86	A	G
N2_N3	0.000208768766934	1	671	A	C
N2_N3	0.000855432020254	2	366	T	C
N2_N3	0.00106288931152	2	1009	A	G
N2_N3	0.00111290727488	2	165	C	A
N2_N3	0.00144765859388	2	541	G	A
N2_N3	0.0015255903555	2	849	C	A
N2_N3	0.00236101475396	2	664	G	A
N2_N3	0.0023723905076	1	884	G	A
N2_N3	0.00318574423248	2	490	T	C
N3_kudriavzevii	0.00103736301081	2	409	C	T
N3_kudriavzevii	0.00180134238554	2	493	T	C
N3_kudriavzevii	0.00182325187526	1	688	A	G
N3_kudriavzevii	0.00187843842866	2	339	C	T
N3_kudriavzevii	0.00195238148093	1	496	T	C
N3_kudriavzevii	0.00196977608318	1	835	A	G
N3_kudriavzevii	0.00221537309269	2	607	C	T
N3_kudriavzevii	0.00240884627649	2	857	G	A
N3_kudriavzevii	0.00274408770635	2	20	A	T
N3_kudriavzevii	0.0028426456261	1	156	A	C
N3_kudriavzevii	0.00297593292262	1	314	T	A
N3_kudriavzevii	0.00329558668675	2	916	T	C
N3_kudriavzevii	0.00362238447892	2	667	T	C
N3_kudriavzevii	0.00380601024972	1	874	A	G
N3_kudriavzevii	0.00404999281431	1	970	T	C
N3_kudriavzevii	0.00416101155627	2	430	T	G
N3_kudriavzevii	0.00419582699636	1	493	T	C
N3_kudriavzevii	0.00452884371068	1	976	G	A
N3_kudriavzevii	0.00466780589588	1	361	C	T
N3_kudriavzevii	0.00471418386042	1	880	G	A
N3_kudriavzevii	0.00482846625709	2	814	C	A
N3_kudriavzevii	0.00510560689146	1	362	C	T
N3_kudriavzevii	0.00518883713387	1	688	G	A
N3_kudriavzevii	0.00531814885318	2	985	A	G
N3_kudriavzevii	0.00600078868028	1	535	G	A
N3_kudriavzevii	0.00602212400567	2	603	C	T
N3_kudriavzevii	0.00636251467006	1	159	A	C
N3_kudriavzevii	0.00639909317897	1	607	T	C
N3_kudriavzevii	0.00708379325004	2	784	T	G
N3_kudriavzevii	0.00763197189505	1	145	T	A
N3_kudriavzevii	0.00803831576617	1	802	G	A
N3_kudriavzevii	0.00842874371207	2	898	C	T
N3_kudriavzevii	0.00863968868706	2	1030	G	A
N3_kudriavzevii	0.00880398689738	2	571	C	T
N3_kudriavzevii	0.00897902532699	2	375	T	G
N3_kudriavzevii	0.00915296503772	2	23	G	A
N3_kudriavzevii	0.00926456787044	1	571	C	T
N3_kudriavzevii	0.00939627777237	1	1003	A	G
N3_kudriavzevii	0.010373094026	1	17	G	A
N3_kudriavzevii	0.0105759297368	2	770	C	A
N3_kudriavzevii	0.0107651682955	2	158	A	G
N3_kudriavzevii	0.0113197650242	1	1003	G	A
N3_kudriavzevii	0.0113573958102	2	772	T	C
N3_kudriavzevii	0.0115956141065	1	454	G	A
N3_kudriavzevii	0.0118032548673	1	620	G	A
N3_N4	0.000311503113206	2	910	C	T
N3_N4	0.000636269985824	2	485	T	C
N3_N4	0.000684371426245	1	592	A	G
N3_N4	0.000802285331555	2	988	G	C
N4_mikatae	0.000364205912153	2	607	C	A
N4_mikatae	0.000832495407945	2	325	C	G
N4_mikatae	0.000870145230072	1	724	T	C
N4_mikatae	0.00099714140765	1	931	A	G
N4_mikatae	0.00108041157152	2	838	T	C
N4_mikatae	0.00109915786563	2	636	G	A
N4_mikatae	0.00157198627753	2	836	C	T
N4_mikatae	0.00158324717183	2	946	A	G
N4_mikatae	0.0020002745744	2	682	A	G
N4_mikatae	0.00258023988103	1	611	A	T
N4_mikatae	0.00260048930806	2	925	T	C
N4_mikatae	0.00267760469223	2	880	G	A
N4_mikatae	0.00336738375459	1	869	A	G
N4_mikatae	0.00347832493757	2	559	A	G
N4_mikatae	0.0036667108211	2	931	A	G
N4_mikatae	0.00391302607565	2	79	C	T
N4_mikatae	0.00438667592324	1	883	A	C
N4_mikatae	0.00495303002973	1	619	G	A
N4_mikatae	0.00501282140651	2	456	A	G
N4_mikatae	0.00529256656134	2	898	C	T
N4_mikatae	0.00608778944013	2	997	G	A
N4_mikatae	0.00625369217259	1	952	T	C
N4_mikatae	0.00755779113599	1	1039	G	A
N4_mikatae	0.00773133247049	1	644	T	C
N4_mikatae	0.00782895118885	1	119	C	T
N4_mikatae	0.00855710084235	2	820	A	G
N4_mikatae	0.00901034266082	2	360	C	G
N4_mikatae	0.00964680823252	2	562	C	T
N4_N5	0.00111725539626	1	313	T	G
N4_N5	0.00135626989702	1	87	A	C
N4_N5	0.00181484317506	2	547	A	G
N4_N5	0.00204162027536	1	957	G	A
N4_N5	0.00227115993939	1	697	C	T
N4_N5	0.00243412944232	1	182	C	T
N4_N5	0.00255568036361	2	976	G	C
N4_N5	0.00287793384386	1	758	A	G
N4_N5	0.00296663555157	2	425	A	G
N5_paradoxus	0.000129254437537	1	718	T	C
N5_paradoxus	0.000839532892799	1	934	C	T
N5_paradoxus	0.00105752639193	1	943	T	C
N5_paradoxus	0.00121954347645	1	23	C	G
N5_paradoxus	0.00130959639303	2	481	G	A
N5_cerevisiae	9.59582656423e-05	2	258	A	G
N5_cerevisiae	0.000848743345202	2	523	A	G
N5_cerevisiae	0.001483096093	1	293	C	T
N5_cerevisiae	0.00349540831528	1	647	C	T
N5_cerevisiae	0.00398183365195	2	932	A	G
N5_cerevisiae	0.00408559532729	2	982	A	T
N5_cerevisiae	0.00413983307615	1	616	T	G
N5_cerevisiae	0.00426848699958	1	661	C	T
N5_cerevisiae	0.00500597625142	2	694	A	T
N5_cerevisiae	0.00588875368098	2	896	G	A
N5_cerevisiae	0.00602362535783	2	901	T	C
