edge	time	mut_orlg	mut_pos	old_state	new_state
N0_D1	0.000625437378044	0	134	C	A
N0_D1	0.00340625091184	0	4	G	A
N0_D1	0.00351791796229	0	56	G	C
N0_D1	0.00414172087747	0	186	T	A
N0_D1	0.00491178906733	0	84	G	A
N0_D1	0.00690537439401	0	61	T	C
N0_D1	0.0139307239756	0	149	A	G
N0_D1	0.0208330199413	0	163	T	A
N0_D1	0.0232640766698	0	95	G	A
N0_D1	0.0340339766812	0	174	T	C
N0_D1	0.0345670316465	0	192	A	C
N0_D1	0.0413681516375	0	32	A	T
N0_D1	0.0443027685156	0	171	G	A
N0_D1	0.0470031837313	0	17	A	T
N0_D1	0.049552787187	0	153	G	A
D1_N1	0.00850981878421	1	180	G	T
D1_N1	0.00993428242932	1	75	A	G
D1_N1	0.014625231813	2	31	G	T
D1_N1	0.0200590867638	1	52	A	T
D1_N1	0.0236072793918	2	77	G	T
D1_N1	0.029419399334	1	161	A	G
D1_N1	0.0329549322869	1	22	T	C
D1_N1	0.0330185281535	2	97	A	G
D1_N1	0.0340189700686	2	92	C	A
D1_N1	0.0381159610654	1	107	G	C
D1_N1	0.0412675356331	2	156	T	A
D1_N1	0.0422938959921	2	147	G	C
D1_N1	0.0442917534771	1	187	A	G
D1_N1	0.0443628840102	1	158	G	A
D1_N1	0.048330066614	1	56	C	T
D1_N1	0.0504864701022	2	99	A	G
D1_N1	0.0522208971852	2	18	G	T
D1_N1	0.0525483446183	1	144	T	C
D1_N1	0.0553539394671	2	45	T	A
D1_N1	0.0587610663546	2	86	C	A
D1_N1	0.0588182760659	2	44	C	T
D1_N1	0.0596409587307	1	68	G	T
D1_N1	0.0639436632734	1	102	C	A
D1_N1	0.065505858367	2	173	A	T
D1_N1	0.0663353353586	1	11	T	G
D1_N1	0.0670731016249	1	114	G	T
D1_N1	0.0681202010938	1	69	G	A
D1_N1	0.072767749172	2	80	C	G
D1_N1	0.0790587985864	1	52	T	A
D1_N1	0.0835472994768	2	97	G	A
D1_N1	0.08670293153	1	190	T	G
D1_N1	0.0989207613237	1	181	G	A
D1_N1	0.104271761743	2	161	A	G
D1_N1	0.10436449296	2	5	C	G
D1_N1	0.108575359783	1	93	A	G
D1_N1	0.109040780668	1	15	A	C
D1_N1	0.110483955399	1	129	A	T
D1_N1	0.111335890326	1	188	G	A
D1_N1	0.124333928819	1	133	C	T
D1_N1	0.133574657647	2	125	C	G
D1_N1	0.135441456199	2	45	A	G
D1_N1	0.140098877227	1	76	A	G
D1_N1	0.142600101857	1	129	T	A
D1_N1	0.145101467364	2	164	G	A
D1_N1	0.152510195509	2	107	G	A
D1_N1	0.153659090369	2	133	C	T
D1_N1	0.15414445577	1	192	C	G
D1_N1	0.156538714703	1	4	A	T
D1_N1	0.158805733892	1	65	T	G
D1_N1	0.160684049986	2	50	A	T
D1_N1	0.164090979561	2	23	A	G
D1_N1	0.166244763571	1	83	T	C
D1_N1	0.17118811693	2	10	C	T
D1_N1	0.173458592453	1	56	T	C
D1_N1	0.18035724942	2	14	T	C
D1_N1	0.18223348805	1	142	G	C
D1_N1	0.18755703063	1	139	A	G
D1_N1	0.188238664196	2	40	A	G
D1_N1	0.192149437329	1	128	A	G
D1_N1	0.194041412246	1	117	C	G
D1_N1	0.196825779242	2	163	A	T
D1_N1	0.201472750516	2	122	C	A
D1_N1	0.202624650533	1	121	G	A
D1_N1	0.203425638732	2	125	G	T
D1_N1	0.204781798939	2	167	C	A
D1_N1	0.204877079215	2	147	C	T
D1_N1	0.206036014066	1	142	C	G
D1_N1	0.20789133963	2	9	C	T
D1_N1	0.209682214845	1	60	T	C
D1_N1	0.21116063142	1	46	A	G
D1_N1	0.213889451742	1	127	T	C
N1_N2	0.00471866239525	1	114	T	C
N1_N2	0.00540384714307	1	191	T	C
N1_N2	0.00560187979235	1	184	A	C
N1_N2	0.007266893044	2	60	C	A
N1_N2	0.0104671840315	1	73	T	A
N1_N2	0.0114319679839	1	17	T	G
N1_N2	0.011638055583	1	21	T	C
N1_N2	0.0134541502666	1	52	A	G
N1_N2	0.0136633503069	2	124	A	G
N1_N2	0.0178663054102	2	192	G	T
N2_N3	0.00162913404076	2	156	T	A
N2_N3	0.00291375142973	1	19	G	T
N2_N3	0.00325621516806	2	140	A	G
N2_N3	0.00451846482838	2	26	T	C
N2_N3	0.00493484892832	1	184	C	A
N2_N3	0.00493733120408	1	35	T	A
N3_N4	0.000697210236543	2	87	A	T
N3_N4	0.00687011051455	2	25	A	G
N3_N4	0.00747393699814	2	123	A	C
N3_N4	0.00768901415304	1	72	T	C
N3_N4	0.00774435740587	1	90	T	G
N4_Human	0.00360198962336	1	131	C	T
N4_Human	0.00933614010622	2	190	G	A
N4_Human	0.0105929510849	1	32	T	A
N4_Chimp	0.00046658902319	2	129	A	G
N4_Chimp	0.00398326681443	2	54	A	T
N4_Chimp	0.00531488354853	2	155	T	C
N4_Chimp	0.00901968294511	2	56	C	G
N4_Chimp	0.00953181462974	1	19	T	C
N4_Chimp	0.0109291647283	2	27	T	C
N3_Goril	0.010389475578	1	7	G	A
N3_Goril	0.0112697895594	2	180	T	C
N3_Goril	0.0116639444825	1	50	A	C
N3_Goril	0.0124510737645	1	188	A	G
N3_Goril	0.0130003250078	2	55	T	G
N3_Goril	0.0141129412373	2	42	A	T
N3_Goril	0.0141448940068	1	80	C	G
N3_Goril	0.0183307148859	1	149	G	A
N3_Goril	0.0184726062266	2	54	A	G
N2_Orang	0.00954837076776	1	32	T	A
N2_Orang	0.0107557915935	2	146	A	T
N2_Orang	0.0114398010067	2	181	A	G
N2_Orang	0.0121726960406	2	18	G	A
N2_Orang	0.0122130579095	2	184	A	T
N2_Orang	0.013460989897	2	55	T	A
N1_Macaq	0.00473260164479	1	51	T	C
N1_Macaq	0.00515746157386	1	153	A	C
N1_Macaq	0.00836910883897	2	103	G	T
N1_Macaq	0.0158493079529	1	64	G	A
N1_Macaq	0.0183618396256	2	190	G	T
N1_Macaq	0.0190839455952	2	149	G	C
N1_Macaq	0.0195345612659	2	18	G	A
N1_Macaq	0.0199394314512	1	43	T	C
N1_Macaq	0.0205744505002	1	38	A	G
N1_Macaq	0.02091273866	2	57	G	A
N1_Macaq	0.0209762942845	2	5	C	A
N1_Macaq	0.0212513074904	2	175	T	C
N1_Macaq	0.0266860114669	1	172	G	A
N1_Macaq	0.0285917005923	1	77	G	A
N1_Macaq	0.0310577345742	1	10	C	T
N0_Mouse	0.00369784202261	0	109	A	G
N0_Mouse	0.00637854829257	0	63	T	A
N0_Mouse	0.0261877101638	0	138	A	G
N0_Mouse	0.0276424711184	0	49	A	T
N0_Mouse	0.0345563273232	0	30	A	G
N0_Mouse	0.0414518095637	0	87	A	T
N0_Mouse	0.04425205931	0	186	T	A
N0_Mouse	0.0453778174061	0	25	A	G
N0_Mouse	0.0615693390688	0	86	C	A
N0_Mouse	0.0686707403422	0	142	G	T
N0_Mouse	0.0712850868585	0	12	G	A
N0_Mouse	0.0723691307455	0	69	G	T
N0_Mouse	0.0893607954305	0	112	T	G
N0_Mouse	0.0925417512253	0	184	A	T
N0_Mouse	0.0999991815807	0	36	T	A
N0_Mouse	0.106759139398	0	185	A	T
N0_Mouse	0.113164743476	0	124	A	G
N0_Mouse	0.116956676401	0	71	G	T
N0_Mouse	0.11742710058	0	27	T	G
N0_Mouse	0.117592993988	0	92	C	T
N0_Mouse	0.131032979622	0	63	A	G
N0_Mouse	0.131726649389	0	148	G	A
N0_Mouse	0.13485932641	0	44	C	G
N0_Mouse	0.156319342867	0	133	C	A
N0_Mouse	0.156852754435	0	170	A	G
N0_Mouse	0.173474717134	0	35	T	C
N0_Mouse	0.17361010791	0	89	A	T
N0_Mouse	0.180163503917	0	91	A	G
N0_Mouse	0.185610092472	0	150	C	G
N0_Mouse	0.187398012175	0	49	T	A
N0_Mouse	0.189444169244	0	71	T	C
N0_Mouse	0.190225231972	0	166	A	G
N0_Mouse	0.200182473701	0	193	G	T
N0_Mouse	0.201364169004	0	9	C	T
N0_Mouse	0.20904517001	0	104	A	T
N0_Mouse	0.234812535777	0	141	C	T
N0_Mouse	0.240826087063	0	4	G	A
N0_Mouse	0.256633773299	0	99	A	T
N0_Mouse	0.262004489467	0	121	G	A
N0_Mouse	0.262422401619	0	30	G	A
N0_Mouse	0.263665405768	0	42	A	T
N0_Mouse	0.265276419661	0	90	T	G
N0_Mouse	0.279087651433	0	173	A	G
N0_Mouse	0.280531803198	0	30	A	T
N0_Mouse	0.293881872527	0	45	T	A
N0_Mouse	0.298592689607	0	160	A	G
N0_Mouse	0.300006746895	0	185	T	C
N0_Mouse	0.30039422115	0	135	T	G
N0_Mouse	0.306334482923	0	148	A	T
N0_Mouse	0.312046379531	0	178	T	G
N0_Mouse	0.312851687288	0	41	G	A
N0_Mouse	0.319952032839	0	10	C	T
N0_Mouse	0.32010887226	0	77	G	A
N0_Mouse	0.320177716957	0	113	G	A
N0_Mouse	0.320984558894	0	73	T	C
N0_Mouse	0.321397413694	0	185	C	T
N0_Mouse	0.343271681121	0	89	T	G
N0_Mouse	0.343457943562	0	169	C	A
N0_Mouse	0.343866768654	0	154	A	C
N0_Mouse	0.35114918471	0	86	A	G
N0_Mouse	0.357979526362	0	110	T	C
N0_Mouse	0.379781502502	0	49	A	G
N0_Mouse	0.384544880793	0	93	A	G
N0_Mouse	0.385271939928	0	160	G	C
N0_Mouse	0.385938509838	0	182	A	T
N0_Mouse	0.392683241198	0	102	C	T
N0_Mouse	0.393360295106	0	9	T	C
N0_Mouse	0.403025854503	0	29	T	C
N0_Mouse	0.407250650808	0	8	C	T
N0_Mouse	0.415060069454	0	23	A	T
N0_Mouse	0.416386118372	0	60	T	G
N0_Mouse	0.433805578366	0	45	A	G
N0_Mouse	0.435848827719	0	62	A	G
N0_Mouse	0.439406127409	0	130	A	T
N0_Mouse	0.448937976077	0	72	T	G
N0_Mouse	0.449007385819	0	125	C	A
N0_Mouse	0.44932053734	0	171	G	C
N0_Mouse	0.449983548882	0	180	G	A
N0_Mouse	0.45729827836	0	87	T	A
