edge	time	mut_orlg	mut_pos	old_state	new_state
N0_D1	8.86449399664e-05	0	922	T	C
N0_D1	0.000984737398682	0	611	A	T
N0_D1	0.00130887932751	0	1307	T	C
N0_D1	0.00323193420474	0	902	A	G
N0_D1	0.00371306922006	0	173	C	G
N0_D1	0.00418772910489	0	1518	G	A
N0_D1	0.00459581148609	0	550	C	A
N0_D1	0.00462436732466	0	1126	G	A
N0_D1	0.00509607115737	0	1388	A	C
N0_D1	0.00509624521436	0	1463	A	G
N0_D1	0.00631914601757	0	733	C	T
N0_D1	0.00639672293394	0	964	T	C
N0_D1	0.00734017828652	0	1339	C	T
N0_D1	0.00795387754379	0	737	T	G
N0_D1	0.00820451413565	0	1220	A	G
N0_D1	0.00822189910262	0	525	A	T
N0_D1	0.00868185589303	0	462	T	G
N0_D1	0.00902389951358	0	94	T	C
N0_D1	0.00944141891922	0	989	G	C
N0_D1	0.0104298588974	0	263	C	A
N0_D1	0.011222695284	0	770	T	C
N0_D1	0.0123664051696	0	740	A	T
N0_D1	0.0127306372918	0	849	G	A
N0_D1	0.012813153366	0	1546	A	G
N0_D1	0.0133190764121	0	651	A	G
N0_D1	0.0152647650128	0	988	A	C
N0_D1	0.0152843665117	0	843	A	C
N0_D1	0.0155326657026	0	958	C	T
N0_D1	0.0156123909625	0	462	G	A
N0_D1	0.0158386494813	0	880	G	T
N0_D1	0.0161437037475	0	1671	G	T
N0_D1	0.0169433354397	0	312	A	G
N0_D1	0.0187302843588	0	1462	C	T
N0_D1	0.0187613518204	0	169	G	A
N0_D1	0.0194711708061	0	1357	A	C
N0_D1	0.0198976762457	0	683	G	A
N0_D1	0.0201299471905	0	1196	T	A
N0_D1	0.0202247088855	0	872	G	A
N0_D1	0.0211356968348	0	362	A	C
N0_D1	0.0214933782679	0	1485	C	T
N0_D1	0.0220759915624	0	1729	C	G
N0_D1	0.0227646205834	0	1500	A	C
N0_D1	0.0231742493807	0	1590	G	A
N0_D1	0.0238779180413	0	1404	G	A
N0_D1	0.0244712699046	0	515	A	T
N0_D1	0.0248175151822	0	1730	C	T
N0_D1	0.0252945864545	0	1274	A	C
N0_D1	0.0261608631165	0	53	T	A
N0_D1	0.0266475094149	0	777	A	G
N0_D1	0.027502810552	0	422	A	T
N0_D1	0.0292342588139	0	896	A	G
N0_D1	0.0292638839432	0	1346	T	C
N0_D1	0.0299238296997	0	1041	A	G
N0_D1	0.0303804271583	0	1436	A	C
N0_D1	0.0308858264671	0	784	A	G
N0_D1	0.0311795253996	0	1354	T	G
N0_D1	0.0315378668197	0	1343	C	G
N0_D1	0.0324511331064	0	1061	A	G
N0_D1	0.0326046381396	0	374	A	G
N0_D1	0.0327775430374	0	175	G	A
N0_D1	0.0331594541301	0	56	T	G
N0_D1	0.0335371672164	0	1586	A	C
N0_D1	0.0343327115258	0	495	A	T
N0_D1	0.0347386452238	0	191	G	A
N0_D1	0.03500126529	0	459	C	G
N0_D1	0.0351863208283	0	1343	G	A
N0_D1	0.0355296492819	0	1001	G	C
N0_D1	0.0361864842009	0	1224	G	T
N0_D1	0.0365777167805	0	469	C	T
N0_D1	0.0367653417448	0	1583	A	C
N0_D1	0.0375217203454	0	220	A	T
N0_D1	0.0382712282886	0	1147	A	T
N0_D1	0.0386320577551	0	313	T	G
N0_D1	0.0387464803435	0	1136	T	G
N0_D1	0.039754365796	0	314	A	T
N0_D1	0.0402030137049	0	811	T	A
N0_D1	0.0406720759571	0	871	T	C
N0_D1	0.0408073817599	0	502	T	C
N0_D1	0.042121771776	0	1301	T	G
N0_D1	0.0426336210406	0	23	G	C
N0_D1	0.0429911084535	0	52	T	G
N0_D1	0.043023335618	0	474	C	G
N0_D1	0.0435733270418	0	829	T	C
N0_D1	0.0437637477021	0	1312	A	T
N0_D1	0.0450442059637	0	1357	C	T
N0_D1	0.0454090302048	0	345	T	A
N0_D1	0.0457718064571	0	1680	C	T
N0_D1	0.0459058825242	0	1726	C	T
N0_D1	0.0462646369919	0	44	A	G
N0_D1	0.046775716713	0	1505	A	G
N0_D1	0.0469694507857	0	456	G	C
N0_D1	0.0470431545729	0	303	A	T
N0_D1	0.0478305719174	0	1048	A	G
N0_D1	0.0481474585983	0	1105	G	A
N0_D1	0.0481701844316	0	875	A	G
N0_D1	0.0488829952679	0	928	G	A
N0_D1	0.0494601493501	0	678	T	A
N0_D1	0.0495778547043	0	589	C	T
N0_D1	0.0498712365433	0	479	C	T
D1_N1	7.16277796629e-05	1	14	A	T
D1_N1	0.000152885644576	1	1401	C	A
D1_N1	0.000785019787148	2	420	T	C
D1_N1	0.000833538827165	2	1342	A	T
D1_N1	0.00146366277241	1	1296	T	C
D1_N1	0.00181078657769	2	1557	A	T
D1_N1	0.00228782926079	2	352	G	A
D1_N1	0.00254490458788	2	1390	G	T
D1_N1	0.00276526908316	1	691	G	C
D1_N1	0.00282426936819	2	1438	A	G
D1_N1	0.00284586670689	2	1604	A	G
D1_N1	0.00301468800025	2	70	G	A
D1_N1	0.00308765348479	2	375	G	T
D1_N1	0.00313966901105	2	669	T	A
D1_N1	0.00320191162882	1	1104	T	C
D1_N1	0.00332273418671	2	388	G	A
D1_N1	0.00345544875447	2	552	C	G
D1_N1	0.00358006543139	1	1106	A	G
D1_N1	0.00380101467777	1	1677	C	T
D1_N1	0.00398397249212	1	819	C	G
D1_N1	0.00432290205717	1	1371	T	C
D1_N1	0.00474572511213	2	776	T	C
D1_N1	0.00559134244806	1	1104	C	T
D1_N1	0.00563652857513	1	144	T	A
D1_N1	0.00609150122767	2	895	T	G
D1_N1	0.00653805427393	2	751	C	T
D1_N1	0.00661188610105	2	1332	C	G
D1_N1	0.006835514659	1	762	T	C
D1_N1	0.00707291588904	2	1309	G	A
D1_N1	0.00720890565396	2	411	T	C
D1_N1	0.00727922041696	2	1505	G	C
D1_N1	0.00742586380859	1	1239	A	G
D1_N1	0.00747968564461	1	338	T	A
D1_N1	0.00789344524481	1	1063	G	A
D1_N1	0.00791703495522	2	1140	C	T
D1_N1	0.00798508321529	2	157	A	G
D1_N1	0.00828472258468	1	1520	C	T
D1_N1	0.00835194379088	1	196	C	T
D1_N1	0.00866512330197	2	852	A	T
D1_N1	0.00892280431578	1	1158	C	T
D1_N1	0.00930664181672	2	734	T	G
D1_N1	0.00934398997186	2	1702	G	A
D1_N1	0.00944131685265	2	1635	G	T
D1_N1	0.0104367504571	2	585	A	T
D1_N1	0.0104562638699	2	453	A	T
D1_N1	0.0106450838125	2	975	A	T
D1_N1	0.0109529869776	1	730	T	A
D1_N1	0.0113253989933	1	1520	T	A
D1_N1	0.0113288211433	1	1436	C	G
D1_N1	0.0119431148888	1	229	T	A
D1_N1	0.0120666625299	2	1002	T	A
D1_N1	0.0122666350724	2	662	C	T
D1_N1	0.0124050031778	1	1388	C	A
D1_N1	0.0129275803101	2	1176	G	C
D1_N1	0.0141860195045	1	495	T	A
D1_N1	0.0145892761131	2	1251	T	A
D1_N1	0.0153058791855	2	213	T	G
D1_N1	0.0153242093676	1	105	A	C
D1_N1	0.0166448946304	1	1111	T	C
D1_N1	0.0167468279071	2	1700	G	T
D1_N1	0.0168664813587	1	607	A	T
D1_N1	0.0173838436742	2	148	T	C
D1_N1	0.0174005137571	1	1101	A	T
D1_N1	0.0179147330372	2	486	T	C
D1_N1	0.0179270027711	2	1453	G	A
D1_N1	0.0179913733066	1	464	A	G
D1_N1	0.018328329473	2	1663	C	T
D1_N1	0.0188065545052	2	329	G	A
D1_N1	0.0194835555529	2	1594	T	C
D1_N1	0.0200424852826	2	461	C	A
D1_N1	0.0204356211938	2	324	T	C
D1_N1	0.0205709915083	2	1423	T	C
D1_N1	0.0206210240096	1	377	T	A
D1_N1	0.0207243229944	1	1521	A	G
D1_N1	0.0209886039552	2	388	A	G
D1_N1	0.02131486696	1	447	C	A
D1_N1	0.0215611304001	2	407	G	A
D1_N1	0.0219547095175	2	1296	T	G
D1_N1	0.0221538863783	2	766	T	C
D1_N1	0.0226711750222	1	370	G	T
D1_N1	0.0229859137057	1	1587	A	C
D1_N1	0.023371042191	2	1542	A	T
D1_N1	0.0239965609708	1	864	T	C
D1_N1	0.0241058122694	2	617	A	G
D1_N1	0.0241724521122	1	794	T	A
D1_N1	0.0243945557305	2	1624	C	T
D1_N1	0.0245154672354	1	501	G	C
D1_N1	0.0246638509869	1	836	C	T
D1_N1	0.0250638159949	1	293	G	A
D1_N1	0.0252263889847	2	431	G	A
D1_N1	0.0252414039739	1	504	G	T
D1_N1	0.0252981323464	1	100	T	A
D1_N1	0.0258082421414	2	601	G	A
D1_N1	0.0259050404504	1	863	T	C
D1_N1	0.0259492716613	2	859	A	T
D1_N1	0.0261015734541	1	1560	T	C
D1_N1	0.0264562598164	1	979	G	T
D1_N1	0.0271187362983	1	1544	A	T
D1_N1	0.0273274715066	1	138	A	G
D1_N1	0.0276383734703	2	382	A	G
D1_N1	0.0276474880785	2	790	C	T
D1_N1	0.0283245066081	1	297	A	C
D1_N1	0.0285388977563	1	804	G	C
D1_N1	0.0287413542035	2	165	C	G
D1_N1	0.0288937424848	1	320	T	G
D1_N1	0.0289146498977	1	1315	T	C
D1_N1	0.0290011212407	1	1401	A	G
D1_N1	0.029738368047	1	413	A	G
D1_N1	0.0301978048179	1	648	T	G
D1_N1	0.0303186548907	2	1133	A	T
D1_N1	0.0319455765869	2	1524	A	T
D1_N1	0.0321572297342	1	1677	T	C
D1_N1	0.0322267068811	1	1553	T	A
D1_N1	0.0326423245001	2	553	A	T
D1_N1	0.0327909457701	1	169	A	G
D1_N1	0.0331527291895	2	400	T	C
D1_N1	0.0334453026427	2	1084	A	C
D1_N1	0.0337738663813	1	1393	T	C
D1_N1	0.0337858069151	2	272	G	A
D1_N1	0.0342359958548	2	455	A	C
D1_N1	0.0343222004923	2	2	A	C
D1_N1	0.0345288195774	1	820	A	G
D1_N1	0.0345502567503	2	302	G	T
D1_N1	0.0347085984376	2	425	G	A
D1_N1	0.0348432073883	1	1000	G	A
D1_N1	0.0349903141135	2	520	C	T
D1_N1	0.0349929809999	2	737	G	A
D1_N1	0.0351262617478	1	881	A	T
D1_N1	0.0353158930552	1	1353	C	T
D1_N1	0.0353576508528	2	783	T	A
D1_N1	0.0354180531142	2	806	G	A
D1_N1	0.0355558154506	1	439	A	T
D1_N1	0.0360514588177	2	165	G	T
D1_N1	0.0360799148956	1	1036	G	A
D1_N1	0.0360971630615	2	21	C	T
D1_N1	0.0361509506855	2	384	G	A
D1_N1	0.0365582527725	1	1486	G	T
D1_N1	0.0367929718127	2	384	A	G
D1_N1	0.037055847215	1	1446	A	C
D1_N1	0.0371988459663	1	1181	A	C
D1_N1	0.0377481034779	2	1623	C	G
D1_N1	0.0382102707108	1	1726	T	A
D1_N1	0.0388001610954	2	1433	A	T
D1_N1	0.0389578856666	2	1402	C	A
D1_N1	0.0390256686941	1	1163	T	A
D1_N1	0.0391306907155	2	1154	T	C
D1_N1	0.0391486477742	2	1375	G	A
D1_N1	0.0400694827412	1	1259	A	G
D1_N1	0.0405417230111	2	1428	G	C
D1_N1	0.0407912431166	2	79	C	G
D1_N1	0.0410536656497	2	1386	A	C
D1_N1	0.0411944414955	2	988	C	T
D1_N1	0.0413494305533	1	720	C	T
D1_N1	0.0414602042785	2	953	A	G
D1_N1	0.0416776299076	2	1106	A	T
D1_N1	0.0420435420364	1	531	T	C
D1_N1	0.0434473822054	2	131	A	G
D1_N1	0.0434888600626	1	1312	T	C
D1_N1	0.0436873009263	1	334	G	T
D1_N1	0.0439654149519	2	976	G	A
D1_N1	0.0457810718652	2	1650	T	A
D1_N1	0.0460078052502	2	501	G	T
D1_N1	0.0460818076201	2	26	A	T
D1_N1	0.0461833666924	2	905	G	A
D1_N1	0.0462543136498	2	271	A	G
D1_N1	0.0467664395259	1	880	T	G
D1_N1	0.0472227955535	1	1583	C	A
D1_N1	0.047237150986	2	171	G	C
D1_N1	0.0473152510677	1	105	C	G
D1_N1	0.0474325831985	1	836	T	A
D1_N1	0.0477244581563	2	241	A	C
D1_N1	0.0478575627387	1	401	C	A
D1_N1	0.0485553076085	2	71	C	T
D1_N1	0.0498242018359	1	264	C	T
D1_N1	0.0516043465719	1	1661	T	G
D1_N1	0.0521317680424	1	1696	G	C
D1_N1	0.0523884403139	1	1228	C	T
D1_N1	0.0525409399796	2	778	G	C
D1_N1	0.0525780100318	2	1589	G	A
D1_N1	0.0531749523676	1	482	A	T
D1_N1	0.053509642475	1	1618	G	A
D1_N1	0.0535367554973	1	669	T	C
D1_N1	0.0536119356452	2	1558	A	G
D1_N1	0.0542570415583	2	30	C	T
D1_N1	0.0548236007695	2	474	G	A
D1_N1	0.0549784027352	1	1096	T	G
D1_N1	0.0550513735279	1	239	G	C
D1_N1	0.0550813137618	1	1283	A	G
D1_N1	0.0551112877128	2	684	G	T
D1_N1	0.0556779831869	1	235	A	G
D1_N1	0.0560513596198	1	1573	G	T
D1_N1	0.0561711314793	1	461	C	T
D1_N1	0.0563027762999	2	1112	C	A
D1_N1	0.057104702503	2	1446	A	G
D1_N1	0.0573079168443	2	1310	G	T
D1_N1	0.0573684365452	1	161	A	C
D1_N1	0.0576869608063	1	1406	T	A
D1_N1	0.0577285860538	1	1482	G	A
D1_N1	0.0577885595826	1	1675	T	A
D1_N1	0.0578516947459	1	1243	T	A
D1_N1	0.0578720280356	1	382	A	T
D1_N1	0.0581218551275	1	878	C	T
D1_N1	0.05863086799	1	1482	A	T
D1_N1	0.05878922973	2	681	C	T
D1_N1	0.059142367161	1	1111	C	T
D1_N1	0.0591661474667	2	445	C	T
D1_N1	0.0593163735422	2	623	C	T
D1_N1	0.059427864061	2	1329	T	G
D1_N1	0.0596244738289	2	226	G	T
D1_N1	0.0596622862458	2	1631	T	A
D1_N1	0.0600084471379	1	1720	G	T
D1_N1	0.0605347212626	1	1082	T	C
D1_N1	0.060975178233	1	1694	T	C
D1_N1	0.0610202768086	2	1700	T	A
D1_N1	0.0614349547327	2	801	A	G
D1_N1	0.0616735081785	2	358	G	T
D1_N1	0.061824885692	2	1079	G	T
D1_N1	0.0625970932515	1	1333	G	C
D1_N1	0.0626532814293	2	1267	G	A
D1_N1	0.0630970116971	2	1474	A	C
D1_N1	0.0631480713033	1	1446	C	T
D1_N1	0.0633913581696	1	296	A	G
D1_N1	0.0634893452911	1	1254	T	A
D1_N1	0.063915774275	2	1441	T	A
D1_N1	0.0639241702506	1	470	G	T
D1_N1	0.0645222398262	2	1486	G	A
D1_N1	0.0649444052367	1	501	C	T
D1_N1	0.064959581974	2	1164	T	C
D1_N1	0.0649692471964	2	591	G	C
D1_N1	0.0659776718706	1	1421	T	A
D1_N1	0.0664021667381	1	1127	C	T
D1_N1	0.0667383215823	2	902	G	T
D1_N1	0.0667446243733	1	1700	G	C
D1_N1	0.0674318449618	1	939	G	T
D1_N1	0.0678777219834	1	639	C	A
D1_N1	0.068433143448	1	1698	T	G
D1_N1	0.0687672126101	1	335	T	G
D1_N1	0.0688327878688	2	1494	T	G
D1_N1	0.0689585936882	1	46	A	C
D1_N1	0.0698851259941	2	182	T	A
D1_N1	0.0700930127846	1	789	A	C
D1_N1	0.0705607724196	1	1207	G	A
D1_N1	0.0707878750796	2	910	T	G
D1_N1	0.0708287336374	1	500	C	G
D1_N1	0.0708624552269	2	606	A	G
D1_N1	0.0713762608971	2	1479	T	C
D1_N1	0.0715204034855	1	268	G	A
D1_N1	0.0715701381432	2	1197	T	G
D1_N1	0.0720010525398	1	1344	C	G
D1_N1	0.0725432938444	1	1484	G	A
D1_N1	0.0731821866276	2	1710	G	T
D1_N1	0.0732735998174	1	612	C	G
D1_N1	0.0738244316546	1	1591	G	T
D1_N1	0.0738603090578	1	54	A	C
D1_N1	0.0741043272608	2	229	T	C
D1_N1	0.0742815594201	1	1421	A	G
D1_N1	0.0744003488528	1	938	T	A
D1_N1	0.0748355001257	2	253	A	C
D1_N1	0.0757339888582	1	726	C	T
D1_N1	0.0758191105447	1	287	T	C
D1_N1	0.0758708271902	2	715	A	G
D1_N1	0.076171426713	1	998	A	G
D1_N1	0.0764302625795	1	502	C	T
D1_N1	0.0769606780691	2	837	T	A
D1_N1	0.0774317193189	1	1256	G	A
D1_N1	0.0776488585078	1	511	C	T
D1_N1	0.0777303034395	1	1614	A	G
D1_N1	0.0781841818077	2	1652	C	T
D1_N1	0.0782854242321	1	934	T	C
D1_N1	0.0785791901796	2	848	T	A
D1_N1	0.0787433069975	2	267	G	C
D1_N1	0.0787976627996	1	303	T	C
D1_N1	0.0793444540541	2	1244	G	A
D1_N1	0.0794119880168	2	1643	G	C
D1_N1	0.0795483675858	1	1311	G	A
D1_N1	0.0796450418442	1	1058	C	T
D1_N1	0.0800008770175	1	1433	A	G
D1_N1	0.0800534334266	1	782	G	A
D1_N1	0.0803324135347	2	445	T	A
D1_N1	0.0811005499311	2	1644	A	G
D1_N1	0.0811813717342	2	705	A	T
D1_N1	0.0812091011046	2	399	G	T
D1_N1	0.0814773433103	2	462	A	T
D1_N1	0.0816672501798	1	704	T	G
D1_N1	0.0819969849562	2	1639	A	T
D1_N1	0.0827040855738	2	1503	G	T
D1_N1	0.0827976932488	1	969	G	C
D1_N1	0.0829491304528	2	865	T	G
D1_N1	0.084070800617	2	530	C	T
D1_N1	0.0841729460826	1	568	A	G
D1_N1	0.0842130526446	1	23	C	A
D1_N1	0.0845337905717	1	823	G	A
D1_N1	0.0847463997371	1	1248	C	T
D1_N1	0.0849210416884	1	917	A	C
D1_N1	0.0849524221165	1	1652	C	A
D1_N1	0.0850659081354	2	150	A	T
D1_N1	0.0852859884819	1	1336	G	A
D1_N1	0.0856483673781	2	524	T	A
D1_N1	0.085657427309	2	637	A	G
D1_N1	0.0857238791506	1	1284	A	G
D1_N1	0.0859217525823	2	880	T	C
D1_N1	0.0862337567473	2	676	G	C
D1_N1	0.0863558659862	2	1313	G	C
D1_N1	0.0872301832052	1	160	T	G
D1_N1	0.0884153939347	1	545	A	T
D1_N1	0.0885258369707	1	644	A	G
D1_N1	0.0889211035452	1	1321	T	C
D1_N1	0.0890740120337	1	502	T	C
D1_N1	0.0893809979456	2	684	T	C
D1_N1	0.0896223258794	1	426	T	A
D1_N1	0.0903776755957	2	1451	C	A
D1_N1	0.0905026524324	2	1614	A	G
D1_N1	0.0907495774193	2	1273	A	T
D1_N1	0.0908065375484	2	23	C	T
D1_N1	0.0913409261865	2	1372	G	A
D1_N1	0.091356562256	1	250	G	A
D1_N1	0.0914649394727	1	1313	G	C
D1_N1	0.0918346647173	2	1538	G	T
D1_N1	0.0920476763814	1	1200	T	G
D1_N1	0.0921269348313	2	932	G	A
D1_N1	0.0925711880981	2	1684	C	G
D1_N1	0.0926063725757	1	1514	A	G
D1_N1	0.0926096698122	2	983	A	C
D1_N1	0.092944223464	2	428	G	A
D1_N1	0.09302335189	2	261	A	T
D1_N1	0.0930396347759	1	1597	T	C
D1_N1	0.0931115505404	1	867	G	A
D1_N1	0.0932747012467	2	10	C	T
D1_N1	0.0933997701554	2	152	G	A
D1_N1	0.0938255266087	2	442	T	A
D1_N1	0.093931862183	2	1159	T	C
D1_N1	0.095408678596	1	1081	C	T
D1_N1	0.095629411294	1	1541	A	G
D1_N1	0.0960955595835	2	1250	G	T
D1_N1	0.0964878322707	1	202	G	T
D1_N1	0.096569774007	1	329	G	A
D1_N1	0.0969423166826	1	1001	C	G
D1_N1	0.0969462178665	1	920	A	G
D1_N1	0.0970250018017	1	1389	T	G
D1_N1	0.0971237511522	1	1021	T	A
D1_N1	0.0973164794279	1	1371	C	G
D1_N1	0.0980930388689	2	1388	C	T
D1_N1	0.0981458213887	2	173	G	T
D1_N1	0.0984094862683	2	1242	C	T
D1_N1	0.0984584931489	1	1286	G	A
D1_N1	0.0985202722919	1	33	T	G
D1_N1	0.0991780045794	1	1646	A	T
D1_N1	0.099270833063	1	332	G	A
D1_N1	0.0993966609074	2	345	A	G
D1_N1	0.0998547314622	2	877	G	A
D1_N1	0.100180374365	2	1699	A	T
D1_N1	0.100233156064	2	1642	G	A
D1_N1	0.100355304574	1	1209	T	C
D1_N1	0.100434013268	2	709	T	C
D1_N1	0.100586181272	2	1193	T	A
D1_N1	0.100914992686	1	1062	T	G
D1_N1	0.101395917778	1	810	A	C
D1_N1	0.10170837328	2	268	G	A
D1_N1	0.101801182919	2	456	C	T
D1_N1	0.10181224352	2	1691	G	C
D1_N1	0.101935652324	2	1496	C	A
D1_N1	0.102872155294	1	1312	C	G
D1_N1	0.102965097626	2	1476	A	T
D1_N1	0.103956389808	1	1049	A	T
D1_N1	0.103971565869	1	185	G	A
D1_N1	0.104865244977	2	1614	G	A
D1_N1	0.105036472787	2	44	G	C
D1_N1	0.105162399449	2	1128	A	C
D1_N1	0.105189712736	1	1403	C	A
D1_N1	0.105573343604	1	1529	C	G
D1_N1	0.105686747695	1	1163	A	T
D1_N1	0.106383180769	2	1729	G	T
D1_N1	0.10664475678	2	717	C	G
D1_N1	0.106786924824	1	752	C	T
D1_N1	0.106816922115	1	975	A	G
D1_N1	0.106862786413	2	1137	A	G
D1_N1	0.107171187698	1	358	G	C
D1_N1	0.107287401031	2	913	G	C
D1_N1	0.107668838932	1	1670	G	A
D1_N1	0.108117269819	1	1713	A	T
D1_N1	0.108279743649	1	1342	A	G
D1_N1	0.108719573027	1	1519	A	T
D1_N1	0.109038104663	2	22	A	G
D1_N1	0.109550435937	1	248	G	A
D1_N1	0.10979577673	2	1552	G	T
D1_N1	0.109820004951	2	954	T	C
D1_N1	0.110163599459	1	1451	C	A
D1_N1	0.110168439429	2	321	G	C
D1_N1	0.110281483777	2	1242	T	A
D1_N1	0.110362031107	2	542	A	T
D1_N1	0.110897530007	2	328	C	A
D1_N1	0.111807356976	2	84	C	T
D1_N1	0.1118806077	2	1102	T	G
D1_N1	0.112468542895	1	1664	G	A
D1_N1	0.113955808868	2	738	T	A
D1_N1	0.114103118974	2	389	A	T
D1_N1	0.114282495852	2	963	G	C
D1_N1	0.114355258733	1	1619	C	G
D1_N1	0.114369322931	1	1237	G	A
D1_N1	0.115133475692	2	1348	A	T
D1_N1	0.11563162228	1	1301	G	A
D1_N1	0.116327020641	2	1	G	C
D1_N1	0.116346127892	2	1003	G	T
D1_N1	0.116352921485	2	569	T	C
D1_N1	0.116473803847	1	495	A	G
D1_N1	0.116820624095	1	1715	C	T
D1_N1	0.117405497205	1	1366	C	T
D1_N1	0.117410623605	1	1591	T	C
D1_N1	0.117643459791	1	1082	C	T
D1_N1	0.117708394713	2	817	T	C
D1_N1	0.11776477126	1	1464	A	G
D1_N1	0.118352847289	1	783	T	C
D1_N1	0.119069453669	1	543	G	A
D1_N1	0.119512294432	1	1645	A	T
D1_N1	0.120302213887	1	1236	T	A
D1_N1	0.120616727378	2	793	A	T
D1_N1	0.120748548985	2	635	C	A
D1_N1	0.120766441568	1	1387	T	G
D1_N1	0.120772061136	1	1606	G	A
D1_N1	0.120956684571	2	1611	T	A
D1_N1	0.121115413092	2	1402	A	T
D1_N1	0.12249209684	1	1573	T	C
D1_N1	0.123028455011	2	853	T	C
D1_N1	0.123430487421	2	552	G	T
D1_N1	0.123927919402	2	1198	C	G
D1_N1	0.124524421476	1	90	C	T
D1_N1	0.125042946607	2	1334	G	A
D1_N1	0.125779632527	1	463	A	G
D1_N1	0.125814658114	2	626	C	A
D1_N1	0.125817233116	1	1316	A	G
D1_N1	0.126002353356	1	228	A	G
D1_N1	0.126229072626	1	1561	A	C
D1_N1	0.126734382545	1	1474	A	C
D1_N1	0.127076833554	2	737	A	T
D1_N1	0.127421979402	2	234	T	C
D1_N1	0.128008278926	2	1154	C	G
D1_N1	0.128335788321	2	1072	C	T
D1_N1	0.128713978053	2	437	G	T
D1_N1	0.129547504958	2	573	A	C
D1_N1	0.129841280235	1	290	A	T
D1_N1	0.129915140727	1	509	G	A
D1_N1	0.130135147379	1	1432	C	T
D1_N1	0.130145765404	2	1072	T	G
D1_N1	0.130836775035	2	159	C	T
D1_N1	0.131235825729	2	239	G	A
D1_N1	0.131784729632	2	1268	T	A
D1_N1	0.131786862939	2	577	C	T
D1_N1	0.131891744847	1	221	T	C
D1_N1	0.132335983239	1	1321	C	T
D1_N1	0.132644978321	1	1229	T	A
D1_N1	0.132775697038	2	849	A	C
D1_N1	0.133297385718	1	1025	A	C
D1_N1	0.133572939354	1	661	T	C
D1_N1	0.133780286103	1	897	G	A
D1_N1	0.133878114837	2	1204	C	T
D1_N1	0.134263176304	1	256	G	A
D1_N1	0.134441305088	1	636	C	T
D1_N1	0.13457842526	2	1231	A	G
D1_N1	0.135669866448	2	954	C	T
D1_N1	0.135905853164	2	3	T	A
D1_N1	0.135949804093	2	59	G	T
D1_N1	0.136039524037	1	390	T	G
D1_N1	0.136048317359	2	1036	G	C
D1_N1	0.136346458891	1	1710	G	A
D1_N1	0.136563517495	1	1710	A	T
D1_N1	0.137327531562	1	1171	A	T
D1_N1	0.13738740602	1	192	T	C
D1_N1	0.137484037296	1	1382	G	A
D1_N1	0.137496223871	1	1050	C	G
D1_N1	0.137942206622	1	1628	A	G
D1_N1	0.138325061806	2	1407	A	G
D1_N1	0.138430750431	1	679	C	T
D1_N1	0.13856194141	1	971	T	G
D1_N1	0.138605988074	2	834	T	G
D1_N1	0.138639110581	1	1207	A	G
D1_N1	0.138683348724	1	1437	G	T
D1_N1	0.139109526686	2	330	G	A
D1_N1	0.139208083477	2	88	C	T
D1_N1	0.139606286256	2	474	A	G
D1_N1	0.140571000286	2	1569	T	G
D1_N1	0.140621494441	2	294	G	A
D1_N1	0.140992688773	2	1260	A	G
D1_N1	0.141106456246	1	876	A	C
D1_N1	0.14162113256	2	1659	A	G
D1_N1	0.142342404533	2	19	T	G
D1_N1	0.142685596559	1	1595	C	T
D1_N1	0.142868185372	1	1335	A	G
D1_N1	0.142896679255	1	275	T	G
D1_N1	0.142987383061	1	39	G	C
D1_N1	0.14344580279	2	1664	G	C
D1_N1	0.143638994265	1	750	A	T
D1_N1	0.143709639419	1	27	T	A
D1_N1	0.144030295379	1	974	A	C
D1_N1	0.14429275028	1	749	G	C
D1_N1	0.144352113663	2	956	A	T
D1_N1	0.14502179685	1	359	T	A
D1_N1	0.145060556896	2	1452	G	A
D1_N1	0.146013338119	2	186	A	T
D1_N1	0.146074651805	1	982	C	A
D1_N1	0.146123493421	2	1274	C	T
D1_N1	0.146132495204	2	1596	G	T
D1_N1	0.14646051295	2	1229	T	G
D1_N1	0.146676873166	1	1513	A	G
D1_N1	0.147311581172	1	131	A	G
D1_N1	0.147657756526	1	943	G	A
D1_N1	0.147985273672	1	0	T	C
D1_N1	0.147988565199	2	900	C	T
D1_N1	0.148084483285	1	514	C	A
D1_N1	0.14866545398	1	1228	T	C
D1_N1	0.148718851689	2	1142	C	T
D1_N1	0.149148150036	1	1041	G	T
D1_N1	0.149186798692	1	1530	G	A
D1_N1	0.149892400339	1	822	A	T
D1_N1	0.150011916551	2	1156	A	G
D1_N1	0.150472822866	1	1427	A	C
D1_N1	0.150734462273	1	1244	G	C
D1_N1	0.151273634141	1	294	G	T
D1_N1	0.15147477265	1	1002	T	A
D1_N1	0.152339560908	1	974	C	G
D1_N1	0.152385545939	1	279	A	G
D1_N1	0.152465009535	2	325	A	G
D1_N1	0.152755537414	2	774	C	T
D1_N1	0.153234934031	2	1151	G	A
D1_N1	0.153451403419	1	1131	G	A
D1_N1	0.153539787715	2	254	G	T
D1_N1	0.153667586015	2	1555	G	A
D1_N1	0.153879735346	1	567	G	A
D1_N1	0.153944652548	1	1326	T	G
D1_N1	0.15398447099	2	1094	A	C
D1_N1	0.15427187214	2	1135	T	A
D1_N1	0.155108695416	1	1534	T	C
D1_N1	0.155297881093	1	1652	A	T
D1_N1	0.155336659811	1	973	C	A
D1_N1	0.155884515219	2	1006	C	A
D1_N1	0.156040004626	1	1308	A	T
D1_N1	0.157593129492	1	1653	A	T
D1_N1	0.158017652681	1	1630	T	G
D1_N1	0.158564341836	1	1712	G	A
D1_N1	0.158999542281	1	1501	A	G
D1_N1	0.159278522005	1	804	C	T
D1_N1	0.159552757106	1	533	C	T
D1_N1	0.159636796597	2	364	C	A
D1_N1	0.159854809232	2	348	C	G
D1_N1	0.159975259703	2	1471	T	G
D1_N1	0.160158994671	2	540	G	C
D1_N1	0.160352175256	2	996	A	G
D1_N1	0.160674149394	1	182	T	A
D1_N1	0.16082984888	1	1413	A	T
D1_N1	0.161126996277	1	296	G	T
D1_N1	0.161289254005	1	97	A	C
D1_N1	0.161310748901	2	1558	G	A
D1_N1	0.161529580671	1	1658	T	A
D1_N1	0.162118568648	1	1030	A	G
D1_N1	0.162192879585	2	381	A	C
D1_N1	0.1628254288	2	1473	G	A
D1_N1	0.162935833234	1	1029	G	C
D1_N1	0.164156508861	1	1111	T	A
D1_N1	0.164507168987	2	246	A	C
D1_N1	0.164670929226	1	1625	C	T
D1_N1	0.164710424453	2	377	T	A
D1_N1	0.164859969683	1	672	C	T
D1_N1	0.165432525005	2	5	A	T
D1_N1	0.165510412536	2	1475	A	T
D1_N1	0.16554418686	2	1109	T	G
D1_N1	0.165586675358	2	1010	T	C
D1_N1	0.165673147081	2	404	T	G
D1_N1	0.165749149197	1	639	A	G
D1_N1	0.166402267085	1	1254	A	G
D1_N1	0.166735962389	2	758	G	A
D1_N1	0.167654052225	2	696	G	C
D1_N1	0.167687888062	1	72	A	T
D1_N1	0.168087204587	1	1517	A	G
D1_N1	0.168168257173	1	399	G	C
D1_N1	0.16842388271	1	329	A	T
D1_N1	0.168434131637	1	1607	A	G
D1_N1	0.168623714678	1	643	A	G
D1_N1	0.168702998241	1	295	A	C
D1_N1	0.169123844348	2	1309	G	T
D1_N1	0.169667987814	2	95	T	A
D1_N1	0.170170249303	1	206	C	T
D1_N1	0.170303740318	1	915	G	T
D1_N1	0.170629558281	1	1426	G	A
D1_N1	0.170715654529	1	813	C	A
D1_N1	0.171048594393	2	342	G	A
D1_N1	0.17127854316	2	1591	G	C
D1_N1	0.171286036263	2	180	T	C
D1_N1	0.171444812339	1	1505	G	A
D1_N1	0.1715355482	2	1585	A	G
D1_N1	0.171627234862	2	806	A	C
D1_N1	0.171735128154	2	1429	T	A
D1_N1	0.171748029355	2	732	C	G
D1_N1	0.171878009902	1	833	A	G
D1_N1	0.172104760875	1	1663	C	A
D1_N1	0.172790898517	2	1632	T	A
D1_N1	0.172816983949	1	1402	C	T
D1_N1	0.172961813025	1	1677	C	T
D1_N1	0.173772052665	2	1053	A	G
D1_N1	0.173863595002	2	716	G	A
D1_N1	0.173903347108	2	856	G	A
D1_N1	0.174016583971	2	751	T	A
D1_N1	0.174829743131	1	777	G	T
D1_N1	0.174915872091	1	1357	T	C
D1_N1	0.174929438471	1	1239	G	A
D1_N1	0.174936901885	2	1331	C	G
D1_N1	0.175523530532	1	372	A	T
D1_N1	0.17563417103	2	556	C	T
D1_N1	0.175664301484	1	343	T	C
D1_N1	0.176336834546	2	257	G	A
D1_N1	0.176702112772	1	1344	G	A
D1_N1	0.176838812303	2	1372	G	C
D1_N1	0.176991843808	1	1165	G	T
D1_N1	0.176995379638	1	1006	C	G
D1_N1	0.177271401547	2	1367	T	G
D1_N1	0.177398390706	2	1243	A	G
D1_N1	0.177507552318	1	312	G	A
D1_N1	0.17827653594	2	184	C	G
D1_N1	0.178379075349	1	1704	T	G
D1_N1	0.178548261891	1	356	A	C
D1_N1	0.17898165229	1	41	A	G
D1_N1	0.179912886984	2	720	C	G
D1_N1	0.179957705511	2	949	T	C
D1_N1	0.180005578979	2	490	A	G
D1_N1	0.180021282289	2	554	A	T
D1_N1	0.180241485012	2	584	T	C
D1_N1	0.180383313553	2	761	T	A
D1_N1	0.180456001203	1	1669	A	T
D1_N1	0.180458159107	2	1014	A	T
D1_N1	0.180530401039	1	218	C	A
D1_N1	0.180592868043	1	52	G	A
D1_N1	0.181757932162	1	1182	T	G
D1_N1	0.181800729334	1	934	C	T
D1_N1	0.181930804885	1	1375	G	C
D1_N1	0.181995337066	2	461	A	G
D1_N1	0.182097480778	2	849	C	T
D1_N1	0.1828960047	2	316	A	G
D1_N1	0.183220564269	1	1171	T	A
D1_N1	0.18340189422	1	982	A	T
D1_N1	0.183761667858	1	1664	A	G
D1_N1	0.184384490068	2	661	T	C
D1_N1	0.184460479447	2	1701	A	T
D1_N1	0.184705239224	2	1667	A	G
D1_N1	0.184834566104	1	1313	C	T
D1_N1	0.184847248567	1	1602	A	C
D1_N1	0.184895176592	1	1363	A	T
D1_N1	0.185149969079	2	1345	C	T
D1_N1	0.185176382498	2	429	G	A
D1_N1	0.185191818994	2	1311	A	G
D1_N1	0.185383060272	1	1708	G	A
D1_N1	0.185577367594	1	1644	A	G
D1_N1	0.185724184186	2	691	G	A
D1_N1	0.186051017802	2	234	C	A
D1_N1	0.186258951448	2	85	T	A
D1_N1	0.186917552776	2	1324	T	A
D1_N1	0.187086644463	1	1282	G	A
D1_N1	0.187656650971	2	921	G	A
D1_N1	0.187794829248	1	246	A	C
D1_N1	0.188216442105	2	612	C	A
D1_N1	0.188216919924	1	724	T	A
D1_N1	0.188343496302	2	671	A	C
D1_N1	0.189274863632	2	1313	C	T
D1_N1	0.190095835045	1	37	C	G
D1_N1	0.19048673392	2	1313	T	C
D1_N1	0.190625323071	1	66	A	G
D1_N1	0.190782866408	2	1469	G	T
D1_N1	0.190858754264	2	1347	T	A
D1_N1	0.191407328924	2	1548	C	G
D1_N1	0.191469704059	1	79	G	A
D1_N1	0.191905404504	2	494	T	C
D1_N1	0.192725409077	1	1719	C	G
D1_N1	0.192966214989	1	1716	T	A
D1_N1	0.193700955605	1	14	A	T
D1_N1	0.193717607181	1	594	T	G
D1_N1	0.194514848686	2	256	G	A
D1_N1	0.194738168424	1	1291	T	C
D1_N1	0.194776488833	1	1574	T	C
D1_N1	0.195329478919	2	828	C	A
D1_N1	0.195430954082	2	1443	G	T
D1_N1	0.195443511135	2	876	A	C
D1_N1	0.195480714397	2	1701	T	A
D1_N1	0.195828497232	1	898	C	G
D1_N1	0.196273460617	1	1615	A	C
D1_N1	0.196456394746	1	90	C	T
D1_N1	0.196533554612	1	1404	A	C
D1_N1	0.196768533111	2	1359	T	A
D1_N1	0.196814608138	1	130	A	G
D1_N1	0.197155242676	1	23	T	G
D1_N1	0.19760127414	2	1298	G	T
D1_N1	0.198552850685	1	1581	A	G
D1_N1	0.198893549721	2	232	A	G
D1_N1	0.199082472211	1	82	T	C
D1_N1	0.200484393118	2	1122	G	T
D1_N1	0.20182307975	2	1704	T	C
D1_N1	0.201854524922	1	1277	T	A
D1_N1	0.20203414671	1	214	T	C
D1_N1	0.20209426285	1	730	A	T
D1_N1	0.202285943702	2	1117	C	A
D1_N1	0.202330548853	2	1269	G	A
D1_N1	0.202386903523	2	618	A	G
D1_N1	0.202647497183	2	1714	T	A
D1_N1	0.203001846906	2	1489	A	G
D1_N1	0.203675990769	1	844	C	A
D1_N1	0.203966199343	2	1397	T	G
D1_N1	0.204068660947	2	580	A	G
D1_N1	0.204480158486	1	1707	G	T
D1_N1	0.204483430532	1	731	C	T
D1_N1	0.205043918531	1	969	C	A
D1_N1	0.205840091692	1	1009	C	A
D1_N1	0.205856090386	1	83	A	C
D1_N1	0.205880508709	1	737	G	A
D1_N1	0.206324336727	1	1567	A	G
D1_N1	0.206749857769	1	251	T	C
D1_N1	0.206978437773	1	323	T	A
D1_N1	0.206986952931	2	1327	A	T
D1_N1	0.207182041226	2	740	T	C
D1_N1	0.207396307646	2	848	A	G
D1_N1	0.207470474803	2	1287	G	A
D1_N1	0.207876663933	2	756	C	T
D1_N1	0.208780174346	2	1598	C	A
D1_N1	0.208807882674	1	475	A	T
D1_N1	0.208818738284	1	440	C	T
D1_N1	0.208834052494	1	813	A	C
D1_N1	0.209210322485	2	66	A	G
D1_N1	0.209456541047	1	783	C	T
D1_N1	0.20956939174	2	127	T	C
D1_N1	0.21002956219	1	617	A	C
D1_N1	0.211072849877	2	433	A	T
D1_N1	0.21108132319	1	346	C	T
D1_N1	0.211389510813	2	1392	C	T
D1_N1	0.211990395291	2	1462	T	C
D1_N1	0.212119754374	1	1538	G	A
D1_N1	0.212221068577	1	1242	C	T
D1_N1	0.213095805988	2	1429	A	G
D1_N1	0.2131769111	2	1567	A	T
D1_N1	0.213271205894	1	1306	G	A
D1_N1	0.214761594099	1	755	G	A
D1_N1	0.214830434724	2	821	T	C
N1_N2	5.43818738528e-05	1	1101	T	G
N1_N2	0.000188901607952	1	1540	C	T
N1_N2	0.000291430792459	1	312	A	T
N1_N2	0.000367395524959	1	1629	T	A
N1_N2	0.000571928983833	1	151	T	C
N1_N2	0.000627240988759	2	67	T	A
N1_N2	0.00170913267297	2	1642	A	C
N1_N2	0.00180292348706	2	1345	T	C
N1_N2	0.0020834826914	1	270	C	T
N1_N2	0.00217919632805	2	929	C	T
N1_N2	0.00225785091103	1	583	A	C
N1_N2	0.00225793578005	2	431	A	T
N1_N2	0.00270159629778	2	279	A	T
N1_N2	0.00288761283052	1	589	T	C
N1_N2	0.00294503496553	1	125	A	T
N1_N2	0.00326304729362	1	680	C	A
N1_N2	0.00348913269476	1	479	T	A
N1_N2	0.00349322935184	2	110	G	A
N1_N2	0.00388175554605	2	283	C	T
N1_N2	0.00394952981949	1	641	C	G
N1_N2	0.00484562030952	1	210	G	A
N1_N2	0.00500358754404	2	926	T	C
N1_N2	0.00561475528933	2	497	C	T
N1_N2	0.00589402976411	1	134	A	G
N1_N2	0.00621861426735	2	408	A	G
N1_N2	0.00644307231079	2	326	A	G
N1_N2	0.00658002633477	1	1284	G	A
N1_N2	0.00678014908293	1	509	A	G
N1_N2	0.00693921617602	1	547	C	T
N1_N2	0.00736477678318	1	1414	T	G
N1_N2	0.00737870773257	2	352	A	G
N1_N2	0.00827550785864	2	700	A	C
N1_N2	0.00836511158754	2	1398	T	A
N1_N2	0.00839036688533	2	1087	A	T
N1_N2	0.00845921814261	1	1190	G	A
N1_N2	0.00878133912566	1	28	T	C
N1_N2	0.00887932092199	2	1030	A	G
N1_N2	0.00889830780991	1	353	C	A
N1_N2	0.00906878442824	1	1332	C	T
N1_N2	0.00973126999983	2	175	A	G
N1_N2	0.00975156739829	2	643	A	G
N1_N2	0.00988161318262	2	1265	A	C
N1_N2	0.0102785374914	2	402	T	G
N1_N2	0.0108672777746	1	783	T	G
N1_N2	0.0114001432847	2	1463	G	A
N1_N2	0.0114192624768	2	223	T	C
N1_N2	0.0115840235522	2	964	C	T
N1_N2	0.0123886477725	1	1507	T	C
N1_N2	0.0124753229276	1	274	C	T
N1_N2	0.0127831195353	2	343	T	A
N1_N2	0.0130262261811	2	1475	T	G
N1_N2	0.0131036161926	2	830	T	C
N1_N2	0.0135092957395	1	986	A	G
N1_N2	0.0138560655254	2	1574	T	C
N1_N2	0.0140032679344	1	113	T	C
N1_N2	0.0144343191615	1	440	T	A
N1_N2	0.0144764072842	2	146	C	T
N1_N2	0.0145754201241	2	1318	G	A
N1_N2	0.0150310784462	1	806	G	A
N1_N2	0.0154656958489	2	1655	T	A
N1_N2	0.0155890534317	1	1041	T	C
N1_N2	0.0158318461832	1	276	T	G
N1_N2	0.0163194947524	2	617	G	T
N1_N2	0.0165487919231	1	416	T	C
N1_N2	0.0166564514897	2	1628	A	G
N1_N2	0.0167981110135	2	1541	A	G
N1_N2	0.0171108904462	2	892	T	A
N1_N2	0.0171863776112	2	1032	T	A
N1_N2	0.0174641992462	2	185	G	C
N1_N2	0.0180053697204	2	354	T	A
N2_N3	0.000226964886926	1	1356	A	G
N2_N3	0.000265076498346	1	483	T	A
N2_N3	0.000710814851392	1	1373	A	T
N2_N3	0.00119543130641	1	209	C	A
N2_N3	0.00124382706234	1	1727	G	T
N2_N3	0.00145580256695	2	1472	A	G
N2_N3	0.00154421378993	1	107	C	T
N2_N3	0.00215582085768	2	1113	T	G
N2_N3	0.00245981125737	1	791	G	C
N2_N3	0.00250576845467	1	936	T	A
N2_N3	0.00290859663684	2	1035	A	G
N2_N3	0.00316287076104	1	394	G	C
N2_N3	0.00341202396927	2	491	G	A
N2_N3	0.00368926447406	1	1697	C	T
N2_N3	0.00371667854928	2	1007	A	G
N2_N3	0.00390717479862	1	838	A	G
N2_N3	0.00438887282211	1	87	A	T
N2_N3	0.0049109859548	1	475	T	C
N2_N3	0.00496682294782	1	725	G	C
N2_N3	0.00498875845016	1	836	A	G
N2_N3	0.00519795008476	1	1036	A	G
N2_N3	0.00532662383331	1	862	A	T
N2_N3	0.00553745718018	1	246	C	T
N2_N3	0.00555355070191	2	734	G	A
N2_N3	0.005679544209	2	725	G	C
N2_N3	0.00645621914248	2	266	A	G
N3_N4	0.000287112740444	2	1027	T	C
N3_N4	0.000461130683235	1	810	C	T
N3_N4	0.000877851615346	1	1588	G	A
N3_N4	0.000887759114898	1	278	C	A
N3_N4	0.000950174957982	2	11	T	C
N3_N4	0.00110285291509	2	727	C	T
N3_N4	0.00118789862015	1	290	T	A
N3_N4	0.00120342108234	2	345	G	A
N3_N4	0.00137320792889	2	877	A	T
N3_N4	0.00172968999343	2	80	A	C
N3_N4	0.00216043349702	2	92	T	C
N3_N4	0.00223087668072	2	1335	G	A
N3_N4	0.00304179552023	1	1189	G	A
N3_N4	0.00318379641888	2	1444	A	C
N3_N4	0.00390097762267	1	442	T	A
N3_N4	0.00404708044437	1	572	C	T
N3_N4	0.00465968102766	1	458	T	C
N3_N4	0.0046716109867	2	1124	A	G
N3_N4	0.00469649491058	1	1421	G	C
N3_N4	0.00556748446333	1	149	A	C
N3_N4	0.00580744061827	1	48	C	A
N3_N4	0.00587569222392	1	861	C	A
N3_N4	0.00605166286625	1	455	A	T
N3_N4	0.00724681256671	1	313	G	T
N3_N4	0.00735163050543	1	1251	T	A
N3_N4	0.00744710474757	2	934	T	G
N3_N4	0.00823118808411	1	1419	A	G
N4_Human	0.000632603921747	1	46	A	G
N4_Human	0.000653538523546	1	131	G	T
N4_Human	0.000961468396847	1	987	G	C
N4_Human	0.00122150727903	2	10	T	C
N4_Human	0.00161030944934	1	852	A	T
N4_Human	0.00177276645618	2	877	T	A
N4_Human	0.00177958134685	2	1347	A	C
N4_Human	0.00180816666802	1	321	G	T
N4_Human	0.00208351955544	1	629	T	A
N4_Human	0.00224403462397	1	983	A	G
N4_Human	0.00274685704921	1	773	A	G
N4_Human	0.00278413005433	1	1204	C	T
N4_Human	0.0033877766009	2	754	A	G
N4_Human	0.00339594522193	1	1372	G	T
N4_Human	0.00353824643023	2	1024	A	G
N4_Human	0.00386923878863	1	1498	C	G
N4_Human	0.00441636393314	2	1610	C	G
N4_Human	0.00449543862608	2	928	A	C
N4_Human	0.00455115614601	1	1597	C	G
N4_Human	0.0047474058119	1	762	C	A
N4_Human	0.0051729262218	1	102	A	G
N4_Human	0.00576277792761	2	31	A	T
N4_Human	0.00580970466434	2	126	G	A
N4_Human	0.00587288082839	1	188	T	C
N4_Human	0.00641473471666	1	152	G	T
N4_Human	0.0064400877403	1	133	G	T
N4_Human	0.00648606901088	1	407	G	C
N4_Human	0.00659540298454	1	743	T	G
N4_Human	0.00675593114102	2	789	A	G
N4_Human	0.00711223383672	2	770	C	T
N4_Human	0.00712137848196	1	240	T	G
N4_Human	0.00726546965417	1	1468	C	T
N4_Human	0.00776975171465	2	504	G	T
N4_Human	0.00848146918321	2	418	C	T
N4_Human	0.00866482862517	1	902	G	C
N4_Human	0.00877886883646	1	1502	A	G
N4_Human	0.00994282436946	2	1689	A	C
N4_Human	0.00996571588448	1	484	A	T
N4_Human	0.0100123486918	1	1582	T	G
N4_Human	0.0109843571483	1	964	C	A
N4_Human	0.0112341900442	2	1266	G	T
N4_Chimp	4.88481434279e-05	2	778	C	G
N4_Chimp	0.000784576647135	2	801	G	T
N4_Chimp	0.000859625687298	2	1485	T	C
N4_Chimp	0.00100140689972	1	1273	A	T
N4_Chimp	0.00109715310465	2	374	G	T
N4_Chimp	0.00126618127623	1	0	T	A
N4_Chimp	0.00132156951501	2	188	T	C
N4_Chimp	0.00155541745512	1	1174	C	T
N4_Chimp	0.00155576358254	1	1528	G	A
N4_Chimp	0.0017784165878	1	1687	A	T
N4_Chimp	0.00182488159373	2	1696	G	A
N4_Chimp	0.0020702993384	1	937	A	G
N4_Chimp	0.00212392317642	2	907	G	A
N4_Chimp	0.00223916620881	1	237	A	G
N4_Chimp	0.00259214696776	2	110	A	G
N4_Chimp	0.00279194967611	2	100	T	C
N4_Chimp	0.00294814570572	1	895	T	A
N4_Chimp	0.00353130874744	2	1188	A	G
N4_Chimp	0.00388256812123	1	1218	T	G
N4_Chimp	0.0040938745012	2	667	A	G
N4_Chimp	0.00409615049456	2	270	C	T
N4_Chimp	0.00450524099003	1	61	G	C
N4_Chimp	0.00487629375654	2	319	A	G
N4_Chimp	0.00490914126003	2	426	T	C
N4_Chimp	0.00543128215806	2	519	C	T
N4_Chimp	0.00594540908099	2	630	C	T
N4_Chimp	0.00614086128288	2	1003	T	C
N4_Chimp	0.00632104649588	2	1678	T	C
N4_Chimp	0.00664015476307	2	1275	A	T
N4_Chimp	0.00753378555655	2	204	G	C
N4_Chimp	0.00760906305584	1	867	A	G
N4_Chimp	0.00805875276978	2	1265	C	T
N4_Chimp	0.00860319143809	1	119	T	C
N4_Chimp	0.0087985881074	2	1347	A	C
N4_Chimp	0.00881205272674	2	584	C	A
N4_Chimp	0.00949437615202	2	676	C	T
N4_Chimp	0.0099700432938	1	810	T	C
N4_Chimp	0.0101200623468	1	1333	C	A
N4_Chimp	0.0103238245189	2	369	T	C
N3_Goril	0.000221060823703	1	456	C	A
N3_Goril	0.000241372691542	1	1234	A	G
N3_Goril	0.000373516955252	2	517	A	G
N3_Goril	0.00125987365093	2	847	T	C
N3_Goril	0.00169041648883	2	687	T	C
N3_Goril	0.00228423130475	2	1462	C	T
N3_Goril	0.00284213959429	2	142	A	G
N3_Goril	0.00300030719402	2	507	C	T
N3_Goril	0.0032385929243	2	70	A	T
N3_Goril	0.00365221633238	2	1623	G	A
N3_Goril	0.00443807625728	1	409	C	A
N3_Goril	0.004542423788	2	754	A	G
N3_Goril	0.00485022678394	2	257	A	T
N3_Goril	0.00498964008203	1	649	G	A
N3_Goril	0.00526174219376	2	1223	G	A
N3_Goril	0.00546345092998	2	1214	G	A
N3_Goril	0.00565270163831	1	935	G	C
N3_Goril	0.00600424561963	2	834	G	T
N3_Goril	0.00619166776609	2	891	T	C
N3_Goril	0.00622693817048	2	865	G	A
N3_Goril	0.00631201947723	1	835	A	C
N3_Goril	0.00646541407508	2	12	T	A
N3_Goril	0.00662779968424	2	1601	T	G
N3_Goril	0.00671476179648	2	884	C	T
N3_Goril	0.00690142027119	2	1242	C	G
N3_Goril	0.00692031404619	1	1425	A	T
N3_Goril	0.00846258817827	2	312	G	A
N3_Goril	0.00919982204018	1	1457	T	A
N3_Goril	0.00927606267567	1	910	T	C
N3_Goril	0.00956332795984	1	838	G	A
N3_Goril	0.00975298524558	2	566	C	T
N3_Goril	0.00984767946603	2	743	T	A
N3_Goril	0.0100015818142	2	437	T	C
N3_Goril	0.0101771528678	2	586	C	T
N3_Goril	0.0103289925166	1	1308	T	A
N3_Goril	0.0106894937254	2	152	A	G
N3_Goril	0.011579300163	1	388	G	T
N3_Goril	0.0129025483626	2	78	T	A
N3_Goril	0.0135541619346	1	1438	A	T
N3_Goril	0.0136059761589	1	533	T	A
N3_Goril	0.0138637942702	1	455	A	G
N3_Goril	0.0138970380256	1	1696	C	G
N3_Goril	0.0139199805894	2	833	A	G
N3_Goril	0.0143490144187	2	481	C	A
N3_Goril	0.0143818918406	2	43	A	G
N3_Goril	0.0147380041264	1	1359	T	G
N3_Goril	0.0148581915119	2	1245	G	T
N3_Goril	0.0149617016884	1	1202	T	G
N3_Goril	0.0149859904933	2	66	G	A
N3_Goril	0.0151899012775	1	899	A	C
N3_Goril	0.0156489340266	2	768	A	T
N3_Goril	0.0157029884429	2	1344	G	A
N3_Goril	0.0161763702983	1	1718	C	G
N3_Goril	0.0163690004546	2	1126	A	G
N3_Goril	0.0172624419166	2	548	A	T
N3_Goril	0.0174574726509	1	398	T	C
N3_Goril	0.0175139742875	1	745	C	T
N3_Goril	0.0177555801454	1	1616	G	A
N3_Goril	0.0181805034451	2	1526	C	T
N3_Goril	0.0182657916871	1	1156	A	G
N3_Goril	0.0187785815218	2	39	G	A
N3_Goril	0.018799424382	1	1661	G	A
N3_Goril	0.0189309002313	1	315	T	A
N3_Goril	0.0191146248517	2	84	T	G
N3_Goril	0.0191392218132	1	232	A	C
N3_Goril	0.0193752744659	2	276	T	C
N3_Goril	0.0196254801278	1	608	T	A
N3_Goril	0.0196475851799	2	1593	G	T
N3_Goril	0.0197797661864	2	1507	T	G
N3_Goril	0.0197870316305	1	579	T	A
N3_Goril	0.0199391282885	2	1226	A	G
N3_Goril	0.0200775763889	1	1552	G	T
N3_Goril	0.0202840486198	2	852	T	C
N3_Goril	0.0203223403345	2	893	A	G
N3_Goril	0.0205478055268	2	846	G	T
N3_Goril	0.0211263452769	1	925	G	A
N2_Orang	2.34009754086e-05	2	369	T	G
N2_Orang	6.53410820876e-05	2	1018	A	T
N2_Orang	0.000314966977381	1	1443	G	A
N2_Orang	0.00062072431834	1	1092	T	G
N2_Orang	0.000630156229211	2	1196	A	G
N2_Orang	0.000648236939068	1	892	T	G
N2_Orang	0.00196211685349	2	1335	G	A
N2_Orang	0.00252692917335	1	868	G	C
N2_Orang	0.00311325634176	1	1582	T	G
N2_Orang	0.0031506275212	1	1405	T	A
N2_Orang	0.00318314506371	2	925	G	A
N2_Orang	0.00324266780193	1	934	T	C
N2_Orang	0.00337811669858	2	640	G	T
N2_Orang	0.00340871304196	1	1652	T	C
N2_Orang	0.0036297712176	1	557	G	C
N2_Orang	0.0044392925644	1	1113	T	A
N2_Orang	0.00468226346927	1	1188	A	T
N2_Orang	0.00479529366798	1	749	C	G
N2_Orang	0.00515747445062	2	1024	A	T
N2_Orang	0.00585889767551	1	208	C	T
N2_Orang	0.0069542500685	2	43	A	G
N2_Orang	0.00726082156098	1	911	A	C
N2_Orang	0.00742765471592	1	926	T	C
N2_Orang	0.0076838823546	1	1657	G	C
N2_Orang	0.00795007157409	2	1455	T	C
N2_Orang	0.00818011312083	1	729	A	G
N2_Orang	0.00838591992059	1	385	G	A
N2_Orang	0.00862504142501	2	268	A	G
N2_Orang	0.00888029874252	2	753	A	G
N2_Orang	0.00914601528005	1	1668	C	T
N2_Orang	0.00926030686047	2	585	T	G
N2_Orang	0.00975443592214	2	118	A	G
N2_Orang	0.0101071180496	2	1168	T	A
N2_Orang	0.0106830077419	2	469	T	G
N2_Orang	0.0112130494161	1	389	A	T
N2_Orang	0.0115420614458	2	1313	C	T
N2_Orang	0.0116802440093	1	595	G	A
N2_Orang	0.0119689988163	1	1060	C	A
N2_Orang	0.0119837509387	2	1195	C	A
N2_Orang	0.012281083055	2	1156	G	A
N2_Orang	0.0127671826902	2	64	G	C
N2_Orang	0.0130195723283	2	1531	T	G
N2_Orang	0.0133454925848	1	486	T	A
N2_Orang	0.0134653469879	1	1671	T	C
N2_Orang	0.0135083688074	1	1724	T	C
N2_Orang	0.0136864808188	1	1662	G	A
N2_Orang	0.0139013763623	1	1427	C	G
N2_Orang	0.0139420633883	2	1369	A	G
N1_Macaq	9.75046517499e-05	1	877	G	A
N1_Macaq	0.000617258705535	2	1275	A	G
N1_Macaq	0.000814414318842	2	1455	T	A
N1_Macaq	0.00138738485194	2	552	T	C
N1_Macaq	0.00273249180151	1	748	G	T
N1_Macaq	0.00275226751205	2	1300	A	T
N1_Macaq	0.00279323309806	1	651	G	T
N1_Macaq	0.00282682574177	1	421	A	G
N1_Macaq	0.00295540480331	2	136	G	T
N1_Macaq	0.00355564486738	1	805	T	C
N1_Macaq	0.00361151431394	2	1432	T	A
N1_Macaq	0.00432982131681	2	519	C	T
N1_Macaq	0.00434374468051	1	206	T	G
N1_Macaq	0.00434424783638	1	1503	G	C
N1_Macaq	0.00437261487194	1	1158	T	A
N1_Macaq	0.00442587922872	2	360	C	G
N1_Macaq	0.0046154736965	1	1284	G	A
N1_Macaq	0.00477081697827	1	487	A	G
N1_Macaq	0.00511452120159	1	1029	C	G
N1_Macaq	0.00544595627539	1	1359	T	G
N1_Macaq	0.005540087117	1	1062	G	A
N1_Macaq	0.0055832780805	2	1189	G	T
N1_Macaq	0.00592049660681	1	136	G	T
N1_Macaq	0.00607715545205	2	1558	A	G
N1_Macaq	0.00654091554826	1	640	G	A
N1_Macaq	0.00686148782641	1	1418	G	A
N1_Macaq	0.00717280305989	2	948	T	C
N1_Macaq	0.00721654156893	1	395	G	A
N1_Macaq	0.00765132252607	1	1473	G	A
N1_Macaq	0.00790542667192	2	1601	T	C
N1_Macaq	0.00803219834206	1	1168	T	A
N1_Macaq	0.00813195971803	2	927	T	A
N1_Macaq	0.00817033418685	1	113	T	C
N1_Macaq	0.00986018432438	2	1207	G	A
N1_Macaq	0.0101836638226	2	749	G	A
N1_Macaq	0.0105733596861	1	1478	C	T
N1_Macaq	0.0106483996792	1	592	G	A
N1_Macaq	0.0110004073121	1	85	T	A
N1_Macaq	0.0122541792031	1	868	G	C
N1_Macaq	0.0122555874541	2	443	T	A
N1_Macaq	0.0130336497759	2	52	G	A
N1_Macaq	0.0131592225862	1	1457	T	G
N1_Macaq	0.0137964146141	1	1261	T	G
N1_Macaq	0.0143859267723	2	136	T	C
N1_Macaq	0.0145548906794	1	754	A	T
N1_Macaq	0.0145987756217	1	568	G	A
N1_Macaq	0.0150989275053	2	699	T	C
N1_Macaq	0.0153528115028	1	1566	A	C
N1_Macaq	0.0156574836411	1	899	A	G
N1_Macaq	0.0157541582627	1	1709	G	A
N1_Macaq	0.0159676147965	2	527	A	G
N1_Macaq	0.0165733503301	1	70	A	T
N1_Macaq	0.0166277938722	2	722	T	G
N1_Macaq	0.016754068234	2	1460	A	G
N1_Macaq	0.0167826533755	1	1566	C	T
N1_Macaq	0.0173821819215	1	635	C	A
N1_Macaq	0.0176537839034	2	681	T	G
N1_Macaq	0.0177577395321	1	931	G	A
N1_Macaq	0.017997599525	1	678	A	C
N1_Macaq	0.0185891202536	2	1598	A	T
N1_Macaq	0.0188477113467	2	163	T	G
N1_Macaq	0.0188579339221	1	1471	T	G
N1_Macaq	0.0190660495279	2	1393	C	T
N1_Macaq	0.0192891308759	2	401	C	T
N1_Macaq	0.0193099396358	1	1034	C	A
N1_Macaq	0.0196531394418	1	646	T	A
N1_Macaq	0.0198013139395	2	116	C	T
N1_Macaq	0.0198327742156	1	1541	G	A
N1_Macaq	0.0200623178992	1	1370	A	G
N1_Macaq	0.020393943154	2	117	G	A
N1_Macaq	0.0205231791342	1	1082	T	C
N1_Macaq	0.0207425117478	2	787	C	A
N1_Macaq	0.0208058841805	2	754	A	C
N1_Macaq	0.0209121744335	2	1084	C	T
N1_Macaq	0.0209874579643	2	74	G	A
N1_Macaq	0.0211065431392	1	1371	G	A
N1_Macaq	0.0215793739254	2	635	A	G
N1_Macaq	0.021630342835	2	361	G	A
N1_Macaq	0.0216862481457	1	560	T	A
N1_Macaq	0.0224352554574	2	533	C	T
N1_Macaq	0.022663294668	1	82	C	T
N1_Macaq	0.0230778618226	1	584	T	G
N1_Macaq	0.0235141767357	1	772	G	A
N1_Macaq	0.0237259342118	1	1438	A	C
N1_Macaq	0.0242706144216	2	429	A	G
N1_Macaq	0.0246676332216	1	945	T	A
N1_Macaq	0.0249361207413	2	1388	A	G
N1_Macaq	0.0250183299455	1	1190	G	A
N1_Macaq	0.0250703783211	1	315	T	A
N1_Macaq	0.0250763851715	1	136	T	C
N1_Macaq	0.0250776641082	1	421	G	A
N1_Macaq	0.0254032210181	2	1347	A	T
N1_Macaq	0.0254385575402	2	4	T	C
N1_Macaq	0.0255459645183	1	806	G	C
N1_Macaq	0.0255493357534	1	236	T	G
N1_Macaq	0.0262238694924	1	696	G	A
N1_Macaq	0.0264431816808	1	1575	T	C
N1_Macaq	0.0268293281868	1	1192	C	G
N1_Macaq	0.026906658765	2	1106	T	G
N1_Macaq	0.0272657774931	2	444	A	G
N1_Macaq	0.0272748154483	2	247	G	C
N1_Macaq	0.0274094815136	1	372	T	G
N1_Macaq	0.0285716875769	2	522	A	G
N1_Macaq	0.028695826577	1	586	C	A
N1_Macaq	0.028982545743	1	899	G	A
N1_Macaq	0.0291385149564	1	1221	T	A
N1_Macaq	0.0294948412789	2	991	A	G
N1_Macaq	0.0302569168529	1	1288	T	C
N1_Macaq	0.0305655734544	2	802	C	G
N1_Macaq	0.0308728087274	1	474	G	A
N1_Macaq	0.031090745182	1	208	C	T
N1_Macaq	0.0311649297367	2	697	A	G
N1_Macaq	0.0321270792142	2	1686	G	T
N1_Macaq	0.0321312004405	2	557	G	C
N1_Macaq	0.0325396485885	1	1043	C	T
N0_Mouse	0.000162973415475	0	1136	T	G
N0_Mouse	0.00022761338595	0	1362	A	C
N0_Mouse	0.000259780658044	0	1195	C	A
N0_Mouse	0.00037493120564	0	1274	A	C
N0_Mouse	0.00064636628852	0	815	A	T
N0_Mouse	0.00120610314612	0	895	T	G
N0_Mouse	0.0012746097045	0	28	T	C
N0_Mouse	0.00135509817657	0	950	G	A
N0_Mouse	0.00138345678281	0	828	C	T
N0_Mouse	0.00146823665986	0	985	T	C
N0_Mouse	0.00165741649774	0	1078	A	C
N0_Mouse	0.00229584530417	0	486	T	A
N0_Mouse	0.00322096488412	0	1030	A	G
N0_Mouse	0.00357643461801	0	1228	C	T
N0_Mouse	0.0035921408529	0	321	G	A
N0_Mouse	0.0036060535107	0	227	G	A
N0_Mouse	0.00397386723487	0	410	T	A
N0_Mouse	0.00401184543927	0	435	A	T
N0_Mouse	0.00401631344928	0	865	T	C
N0_Mouse	0.0040428414759	0	1681	T	G
N0_Mouse	0.00417491749789	0	1235	A	G
N0_Mouse	0.00431441819069	0	604	G	T
N0_Mouse	0.00475317706089	0	263	C	A
N0_Mouse	0.00547774461211	0	1587	A	T
N0_Mouse	0.00553525508294	0	913	G	T
N0_Mouse	0.00588509094409	0	945	T	A
N0_Mouse	0.00643531818505	0	623	C	T
N0_Mouse	0.00706498827186	0	118	A	T
N0_Mouse	0.0071712562221	0	1090	A	G
N0_Mouse	0.00739564567388	0	415	C	T
N0_Mouse	0.0085076615384	0	964	T	A
N0_Mouse	0.00857097033375	0	162	G	T
N0_Mouse	0.00944524985896	0	247	G	C
N0_Mouse	0.00977393141354	0	177	A	T
N0_Mouse	0.00987609771794	0	555	A	G
N0_Mouse	0.00989465837633	0	444	A	G
N0_Mouse	0.0101535789967	0	1390	G	A
N0_Mouse	0.0109117562631	0	216	A	T
N0_Mouse	0.0117582300381	0	198	T	C
N0_Mouse	0.011952960826	0	1667	A	G
N0_Mouse	0.0126796025094	0	573	A	T
N0_Mouse	0.012817194527	0	1695	A	T
N0_Mouse	0.0139007059971	0	1582	T	A
N0_Mouse	0.0143848881063	0	1200	T	C
N0_Mouse	0.0144475206973	0	903	C	T
N0_Mouse	0.0152656702304	0	1008	C	A
N0_Mouse	0.0155703972352	0	25	T	C
N0_Mouse	0.0160940906381	0	144	T	A
N0_Mouse	0.0169029922683	0	465	G	T
N0_Mouse	0.0174441682628	0	1292	C	A
N0_Mouse	0.0176619075356	0	1293	A	T
N0_Mouse	0.0186114096055	0	1135	T	G
N0_Mouse	0.0192680940654	0	737	T	G
N0_Mouse	0.0198851269003	0	727	C	T
N0_Mouse	0.019999422713	0	405	A	T
N0_Mouse	0.0201128949657	0	1193	T	G
N0_Mouse	0.0201628309223	0	1236	T	A
N0_Mouse	0.0207424360603	0	1687	A	G
N0_Mouse	0.0212982233304	0	1147	A	G
N0_Mouse	0.0218548832871	0	1473	G	T
N0_Mouse	0.0220844197288	0	984	A	T
N0_Mouse	0.0223906548952	0	1247	A	T
N0_Mouse	0.0245321333654	0	1600	C	T
N0_Mouse	0.0269161747943	0	194	C	G
N0_Mouse	0.0270662243526	0	982	C	A
N0_Mouse	0.0284917095435	0	1477	A	G
N0_Mouse	0.0286149840832	0	945	A	C
N0_Mouse	0.029894092625	0	1176	G	A
N0_Mouse	0.029977658492	0	9	G	A
N0_Mouse	0.0315367384624	0	24	T	C
N0_Mouse	0.0316965948727	0	334	G	A
N0_Mouse	0.0317222458225	0	1190	G	T
N0_Mouse	0.0320397435083	0	1095	T	A
N0_Mouse	0.0338092084763	0	950	A	T
N0_Mouse	0.0342053044188	0	1601	T	C
N0_Mouse	0.035049287812	0	1609	A	C
N0_Mouse	0.0361806092008	0	328	C	A
N0_Mouse	0.0367302696113	0	853	T	C
N0_Mouse	0.0380409806762	0	857	A	G
N0_Mouse	0.0383555986965	0	1053	A	C
N0_Mouse	0.0384890796582	0	1554	C	T
N0_Mouse	0.0390163531152	0	1172	C	T
N0_Mouse	0.0393693604664	0	177	T	C
N0_Mouse	0.0405330241435	0	1298	G	C
N0_Mouse	0.0408634077986	0	1184	T	A
N0_Mouse	0.0411002282636	0	1196	T	C
N0_Mouse	0.0412762132535	0	1345	C	A
N0_Mouse	0.0416712071747	0	1099	G	A
N0_Mouse	0.0423566061496	0	814	T	G
N0_Mouse	0.0441077268888	0	597	G	A
N0_Mouse	0.0451061895421	0	114	G	A
N0_Mouse	0.046971851521	0	1422	G	T
N0_Mouse	0.0481557628359	0	713	A	C
N0_Mouse	0.0482000279411	0	1015	G	A
N0_Mouse	0.0495725169972	0	520	C	A
N0_Mouse	0.0502153646278	0	1510	A	G
N0_Mouse	0.0507874275924	0	1054	C	G
N0_Mouse	0.0521604604961	0	1560	T	C
N0_Mouse	0.0522735484456	0	82	T	C
N0_Mouse	0.0530701598296	0	156	A	G
N0_Mouse	0.053193284935	0	857	G	T
N0_Mouse	0.0538736210306	0	333	G	A
N0_Mouse	0.0540441562648	0	1474	A	G
N0_Mouse	0.0543232976573	0	531	T	A
N0_Mouse	0.0546289527441	0	410	A	G
N0_Mouse	0.0552955034783	0	1264	G	A
N0_Mouse	0.055343070014	0	1710	G	T
N0_Mouse	0.0553822240696	0	1590	G	C
N0_Mouse	0.0569212943148	0	1424	C	T
N0_Mouse	0.0611653726013	0	1401	C	T
N0_Mouse	0.0615741106614	0	603	T	A
N0_Mouse	0.0621159340412	0	1050	C	A
N0_Mouse	0.0622352944611	0	1140	C	G
N0_Mouse	0.0624833352325	0	1054	G	T
N0_Mouse	0.0628316064302	0	1031	G	C
N0_Mouse	0.0630165525867	0	1415	G	A
N0_Mouse	0.0639472485513	0	1428	G	T
N0_Mouse	0.0645242385138	0	1554	T	A
N0_Mouse	0.0646826272793	0	176	T	C
N0_Mouse	0.0647235572744	0	1265	A	T
N0_Mouse	0.0654985136955	0	159	C	A
N0_Mouse	0.0667972848151	0	285	T	A
N0_Mouse	0.06758065507	0	1555	G	T
N0_Mouse	0.0682898734779	0	70	G	T
N0_Mouse	0.0685969111042	0	177	C	A
N0_Mouse	0.068659369192	0	41	A	C
N0_Mouse	0.0689334158922	0	866	G	A
N0_Mouse	0.0699924470265	0	241	A	G
N0_Mouse	0.0733466187376	0	680	C	A
N0_Mouse	0.0733746259092	0	446	T	A
N0_Mouse	0.0738431032187	0	1422	T	C
N0_Mouse	0.0754851478094	0	27	T	A
N0_Mouse	0.0755080273727	0	1237	G	C
N0_Mouse	0.0762386932939	0	492	G	C
N0_Mouse	0.0768605722997	0	1607	A	G
N0_Mouse	0.0769776313523	0	217	G	T
N0_Mouse	0.0779087573881	0	918	C	A
N0_Mouse	0.078351647394	0	603	A	G
N0_Mouse	0.0785654419449	0	505	A	C
N0_Mouse	0.0787300171445	0	199	T	C
N0_Mouse	0.0787607225304	0	46	A	G
N0_Mouse	0.0787960875429	0	445	C	A
N0_Mouse	0.0788251134777	0	667	A	G
N0_Mouse	0.0788735192917	0	1199	T	A
N0_Mouse	0.0789405550515	0	61	G	A
N0_Mouse	0.0816788756091	0	765	C	A
N0_Mouse	0.0820304279733	0	1563	G	A
N0_Mouse	0.0823128376846	0	679	C	A
N0_Mouse	0.0826349207656	0	24	C	T
N0_Mouse	0.0831830160969	0	1556	T	G
N0_Mouse	0.083616542211	0	457	G	A
N0_Mouse	0.0836712149757	0	1632	T	G
N0_Mouse	0.0837353680321	0	1472	A	G
N0_Mouse	0.0840178865618	0	1169	C	G
N0_Mouse	0.0843557033895	0	1408	T	C
N0_Mouse	0.0844492186753	0	1364	A	G
N0_Mouse	0.084620945157	0	523	C	T
N0_Mouse	0.0875237311306	0	198	C	T
N0_Mouse	0.0875620484979	0	156	G	A
N0_Mouse	0.0885199077867	0	1038	G	A
N0_Mouse	0.0891357244624	0	334	A	T
N0_Mouse	0.0892688247355	0	12	T	A
N0_Mouse	0.0893336853717	0	401	C	T
N0_Mouse	0.0905589354569	0	1202	T	G
N0_Mouse	0.0919160278337	0	412	T	C
N0_Mouse	0.0919572462658	0	904	A	G
N0_Mouse	0.092132383343	0	1382	G	T
N0_Mouse	0.0921396082363	0	936	T	A
N0_Mouse	0.092140997325	0	968	T	C
N0_Mouse	0.093116480155	0	223	T	G
N0_Mouse	0.0936605178079	0	1441	T	A
N0_Mouse	0.0952775187842	0	32	T	G
N0_Mouse	0.0963064327257	0	1031	C	A
N0_Mouse	0.0970193743318	0	1654	C	G
N0_Mouse	0.0986458667661	0	801	A	G
N0_Mouse	0.0999211179111	0	340	T	C
N0_Mouse	0.0999556137279	0	1469	G	A
N0_Mouse	0.100885121413	0	1273	A	G
N0_Mouse	0.10093334396	0	1471	T	A
N0_Mouse	0.101160852724	0	1427	A	T
N0_Mouse	0.101364234213	0	767	A	C
N0_Mouse	0.10157047839	0	1614	A	G
N0_Mouse	0.10179593093	0	1587	T	C
N0_Mouse	0.101887625746	0	744	T	G
N0_Mouse	0.102208018118	0	347	A	G
N0_Mouse	0.102428657739	0	1559	T	C
N0_Mouse	0.102603291092	0	971	T	A
N0_Mouse	0.102854532891	0	574	A	G
N0_Mouse	0.103088104352	0	1189	G	A
N0_Mouse	0.103139069778	0	650	A	G
N0_Mouse	0.10436749128	0	85	T	G
N0_Mouse	0.104512873061	0	1043	C	A
N0_Mouse	0.105120056978	0	219	T	G
N0_Mouse	0.106625352783	0	1707	G	A
N0_Mouse	0.107242225747	0	1057	A	G
N0_Mouse	0.107850939188	0	143	G	A
N0_Mouse	0.109449680611	0	1403	C	T
N0_Mouse	0.109807428718	0	1134	T	A
N0_Mouse	0.109888424971	0	974	A	G
N0_Mouse	0.111721333725	0	117	G	A
N0_Mouse	0.111782435135	0	170	A	T
N0_Mouse	0.112026165158	0	426	T	C
N0_Mouse	0.113041747084	0	117	A	T
N0_Mouse	0.113796153521	0	238	T	C
N0_Mouse	0.116438452766	0	680	A	T
N0_Mouse	0.116715684426	0	1511	C	A
N0_Mouse	0.117305436877	0	1409	G	C
N0_Mouse	0.118033989486	0	40	C	T
N0_Mouse	0.118838381874	0	848	T	C
N0_Mouse	0.119246812325	0	1535	A	G
N0_Mouse	0.119343705224	0	1080	G	A
N0_Mouse	0.119521032381	0	1576	A	G
N0_Mouse	0.121241157652	0	1449	C	T
N0_Mouse	0.122136706989	0	1006	C	G
N0_Mouse	0.122986356998	0	1026	C	T
N0_Mouse	0.124054137943	0	491	G	C
N0_Mouse	0.124946475887	0	1086	A	C
N0_Mouse	0.125266893273	0	1565	G	A
N0_Mouse	0.125327552373	0	1529	C	T
N0_Mouse	0.125419079398	0	406	C	T
N0_Mouse	0.125570506357	0	1260	A	G
N0_Mouse	0.1267087497	0	769	C	T
N0_Mouse	0.126778615523	0	1714	T	C
N0_Mouse	0.127067982003	0	763	A	G
N0_Mouse	0.127168496781	0	1269	G	A
N0_Mouse	0.127208100424	0	1440	G	A
N0_Mouse	0.127324871068	0	1468	C	T
N0_Mouse	0.127644215376	0	1221	T	C
N0_Mouse	0.127793462887	0	553	A	T
N0_Mouse	0.127949054296	0	1184	A	C
N0_Mouse	0.129375457756	0	970	C	T
N0_Mouse	0.130040266988	0	717	C	T
N0_Mouse	0.13093329368	0	1411	T	G
N0_Mouse	0.131434237831	0	140	G	A
N0_Mouse	0.131512996096	0	381	A	G
N0_Mouse	0.131547905955	0	1166	C	A
N0_Mouse	0.13169883765	0	192	T	A
N0_Mouse	0.132009397477	0	13	C	T
N0_Mouse	0.13221188716	0	632	A	T
N0_Mouse	0.1322131775	0	839	C	T
N0_Mouse	0.133499594169	0	1669	A	G
N0_Mouse	0.134723704123	0	1501	A	G
N0_Mouse	0.136135185569	0	1328	A	C
N0_Mouse	0.136500972074	0	233	T	C
N0_Mouse	0.136718307157	0	1491	T	A
N0_Mouse	0.136824935471	0	1213	A	T
N0_Mouse	0.136987645194	0	641	C	T
N0_Mouse	0.138005813173	0	35	T	C
N0_Mouse	0.138708719379	0	419	G	T
N0_Mouse	0.139072693259	0	55	G	C
N0_Mouse	0.139222549488	0	1337	T	A
N0_Mouse	0.139680622386	0	839	T	A
N0_Mouse	0.139700216447	0	1549	G	A
N0_Mouse	0.140472458698	0	486	A	G
N0_Mouse	0.140484364606	0	401	T	G
N0_Mouse	0.142155309417	0	1208	G	A
N0_Mouse	0.142421782153	0	1691	G	A
N0_Mouse	0.143671604281	0	243	A	G
N0_Mouse	0.145639960355	0	1493	G	T
N0_Mouse	0.146053771487	0	625	T	A
N0_Mouse	0.14629957484	0	771	T	C
N0_Mouse	0.148009351531	0	1399	T	A
N0_Mouse	0.148092017796	0	404	T	C
N0_Mouse	0.148975842705	0	1663	C	G
N0_Mouse	0.149133336506	0	68	G	A
N0_Mouse	0.1497631203	0	1081	C	A
N0_Mouse	0.151643612998	0	875	A	G
N0_Mouse	0.151707215614	0	328	A	G
N0_Mouse	0.152571072744	0	74	G	A
N0_Mouse	0.152737429708	0	1163	T	G
N0_Mouse	0.15335244776	0	383	G	A
N0_Mouse	0.15339500654	0	610	G	T
N0_Mouse	0.15431901295	0	1590	C	T
N0_Mouse	0.154979787712	0	925	G	A
N0_Mouse	0.15564616073	0	1548	C	G
N0_Mouse	0.15633916747	0	1439	G	T
N0_Mouse	0.156393875425	0	1195	A	T
N0_Mouse	0.157712829883	0	1470	G	A
N0_Mouse	0.158184399248	0	1242	C	T
N0_Mouse	0.158587108112	0	1528	G	T
N0_Mouse	0.158795046537	0	1451	C	T
N0_Mouse	0.15922444973	0	1103	C	G
N0_Mouse	0.160088315002	0	908	T	A
N0_Mouse	0.160383267214	0	285	A	C
N0_Mouse	0.161020507692	0	337	A	T
N0_Mouse	0.161826174533	0	1587	C	T
N0_Mouse	0.163988722172	0	1729	C	T
N0_Mouse	0.164178952915	0	1731	C	T
N0_Mouse	0.164339774698	0	1509	A	G
N0_Mouse	0.166116343028	0	803	G	T
N0_Mouse	0.166808885081	0	28	C	G
N0_Mouse	0.167081484657	0	1253	T	C
N0_Mouse	0.167905736009	0	982	A	C
N0_Mouse	0.169424709932	0	1111	T	A
N0_Mouse	0.169633898007	0	173	C	G
N0_Mouse	0.169976335757	0	36	G	A
N0_Mouse	0.169976882571	0	541	A	G
N0_Mouse	0.170310920907	0	929	C	T
N0_Mouse	0.170462534221	0	541	G	T
N0_Mouse	0.170613475725	0	1136	G	A
N0_Mouse	0.170994605555	0	1432	C	A
N0_Mouse	0.171234081976	0	1268	T	A
N0_Mouse	0.172846053534	0	174	G	C
N0_Mouse	0.172855633208	0	431	G	A
N0_Mouse	0.173644949197	0	1173	A	G
N0_Mouse	0.174287081162	0	723	A	C
N0_Mouse	0.174351674448	0	1309	G	A
N0_Mouse	0.174530438099	0	709	T	A
N0_Mouse	0.176139449333	0	1586	A	G
N0_Mouse	0.176570421729	0	980	A	G
N0_Mouse	0.17663721095	0	940	G	A
N0_Mouse	0.177334953971	0	968	C	T
N0_Mouse	0.178010750426	0	1546	A	G
N0_Mouse	0.178665200721	0	549	C	A
N0_Mouse	0.178730080475	0	262	C	T
N0_Mouse	0.178781457937	0	977	C	T
N0_Mouse	0.17960065227	0	77	A	T
N0_Mouse	0.180394943573	0	1323	A	T
N0_Mouse	0.180712061922	0	1559	C	G
N0_Mouse	0.181011583567	0	1709	G	A
N0_Mouse	0.181238022465	0	1342	A	C
N0_Mouse	0.181408534819	0	1681	G	A
N0_Mouse	0.183024201117	0	1501	G	T
N0_Mouse	0.183616346522	0	402	T	C
N0_Mouse	0.183838553421	0	1325	A	G
N0_Mouse	0.183857790178	0	1613	T	G
N0_Mouse	0.183875038602	0	1646	A	T
N0_Mouse	0.184594266076	0	659	T	A
N0_Mouse	0.185770457311	0	802	C	T
N0_Mouse	0.185885349565	0	831	C	T
N0_Mouse	0.186276754221	0	514	C	T
N0_Mouse	0.187060857322	0	824	A	T
N0_Mouse	0.187095003974	0	569	T	C
N0_Mouse	0.188987831409	0	617	A	G
N0_Mouse	0.189236151444	0	1597	T	A
N0_Mouse	0.18971243148	0	648	T	G
N0_Mouse	0.189808925748	0	1303	A	G
N0_Mouse	0.189935835199	0	829	T	C
N0_Mouse	0.190027931623	0	36	A	G
N0_Mouse	0.190449124913	0	899	A	G
N0_Mouse	0.19139918818	0	577	C	T
N0_Mouse	0.192176354938	0	1036	G	A
N0_Mouse	0.194325250336	0	666	A	G
N0_Mouse	0.194382776147	0	113	T	C
N0_Mouse	0.195835116614	0	1721	G	A
N0_Mouse	0.196123402755	0	1254	T	G
N0_Mouse	0.196609097008	0	1588	G	T
N0_Mouse	0.196612335546	0	317	G	A
N0_Mouse	0.196803514774	0	1195	T	C
N0_Mouse	0.197299152603	0	1627	T	A
N0_Mouse	0.197429405918	0	1243	T	G
N0_Mouse	0.197500795461	0	636	C	G
N0_Mouse	0.198296259988	0	221	T	A
N0_Mouse	0.198442149052	0	834	T	C
N0_Mouse	0.198686138154	0	1305	T	C
N0_Mouse	0.198785525981	0	577	T	G
N0_Mouse	0.199746070553	0	423	G	A
N0_Mouse	0.200353765962	0	0	T	A
N0_Mouse	0.200692731178	0	1349	T	C
N0_Mouse	0.20150291718	0	750	A	C
N0_Mouse	0.201625044513	0	203	A	C
N0_Mouse	0.201868453803	0	551	A	G
N0_Mouse	0.202058232928	0	515	A	C
N0_Mouse	0.202104744175	0	1311	G	C
N0_Mouse	0.203042590697	0	1167	T	C
N0_Mouse	0.203582392291	0	982	C	G
N0_Mouse	0.204234566313	0	1424	T	G
N0_Mouse	0.205378784289	0	1042	T	C
N0_Mouse	0.205418852014	0	748	G	A
N0_Mouse	0.206002016343	0	514	T	A
N0_Mouse	0.206611310225	0	788	T	G
N0_Mouse	0.207943537059	0	109	T	C
N0_Mouse	0.208009697968	0	703	A	G
N0_Mouse	0.208280875293	0	849	G	A
N0_Mouse	0.209404068656	0	1631	T	C
N0_Mouse	0.209886817675	0	1525	A	T
N0_Mouse	0.210212514155	0	590	T	A
N0_Mouse	0.210356530448	0	414	A	C
N0_Mouse	0.211616439582	0	1094	A	T
N0_Mouse	0.211680312716	0	1513	A	T
N0_Mouse	0.211856828559	0	1503	G	A
N0_Mouse	0.213469445748	0	1731	T	G
N0_Mouse	0.213541356977	0	555	G	A
N0_Mouse	0.213560677087	0	653	G	T
N0_Mouse	0.213873671558	0	489	C	T
N0_Mouse	0.214526824053	0	1260	G	C
N0_Mouse	0.215350307441	0	622	T	A
N0_Mouse	0.215378627163	0	469	C	T
N0_Mouse	0.215535374536	0	169	G	A
N0_Mouse	0.215604538373	0	1256	G	T
N0_Mouse	0.215838487579	0	927	T	C
N0_Mouse	0.215856015242	0	778	G	A
N0_Mouse	0.21665019299	0	1417	G	A
N0_Mouse	0.217164434644	0	773	A	C
N0_Mouse	0.21761407268	0	1387	T	A
N0_Mouse	0.2178809801	0	735	T	A
N0_Mouse	0.218502542294	0	797	T	A
N0_Mouse	0.219138379652	0	225	G	T
N0_Mouse	0.219750951012	0	1413	A	G
N0_Mouse	0.219843785143	0	1404	G	T
N0_Mouse	0.220475568477	0	1709	A	T
N0_Mouse	0.220850770468	0	759	G	A
N0_Mouse	0.222922059932	0	891	T	C
N0_Mouse	0.224091256021	0	701	T	C
N0_Mouse	0.226659145158	0	346	C	A
N0_Mouse	0.228196324097	0	369	T	C
N0_Mouse	0.228418709147	0	1115	A	G
N0_Mouse	0.228742371918	0	1492	T	C
N0_Mouse	0.228922571799	0	850	A	G
N0_Mouse	0.229575573604	0	1522	A	G
N0_Mouse	0.230911538908	0	831	T	G
N0_Mouse	0.231670687747	0	1359	T	C
N0_Mouse	0.231673031156	0	1552	G	A
N0_Mouse	0.231865760423	0	1053	C	G
N0_Mouse	0.231876534172	0	1068	C	T
N0_Mouse	0.232922262275	0	304	A	T
N0_Mouse	0.233151940717	0	629	T	C
N0_Mouse	0.23322261889	0	1496	C	T
N0_Mouse	0.233452420073	0	229	T	G
N0_Mouse	0.234889500311	0	353	C	T
N0_Mouse	0.235764651289	0	260	T	A
N0_Mouse	0.235838948473	0	1107	C	A
N0_Mouse	0.236023978863	0	1252	C	T
N0_Mouse	0.236355146968	0	858	C	T
N0_Mouse	0.236964937906	0	312	A	G
N0_Mouse	0.237204280739	0	1296	T	C
N0_Mouse	0.23861110149	0	520	A	T
N0_Mouse	0.239809328046	0	353	T	C
N0_Mouse	0.241180155906	0	325	A	T
N0_Mouse	0.241489282403	0	1345	A	G
N0_Mouse	0.242147662276	0	836	C	T
N0_Mouse	0.242623655036	0	1126	G	C
N0_Mouse	0.242946227988	0	1249	T	G
N0_Mouse	0.243407782271	0	938	T	A
N0_Mouse	0.243877332681	0	384	G	T
N0_Mouse	0.24451316306	0	395	G	A
N0_Mouse	0.245150145579	0	703	G	A
N0_Mouse	0.246475064677	0	1355	T	C
N0_Mouse	0.246956450609	0	1545	C	T
N0_Mouse	0.247958120077	0	1079	G	A
N0_Mouse	0.248097112414	0	291	A	T
N0_Mouse	0.248412853663	0	474	C	T
N0_Mouse	0.249798066718	0	244	G	A
N0_Mouse	0.250026489902	0	17	A	C
N0_Mouse	0.251546986736	0	379	A	T
N0_Mouse	0.251869197339	0	592	G	T
N0_Mouse	0.254568061367	0	489	T	C
N0_Mouse	0.255984323287	0	1713	A	C
N0_Mouse	0.256389617067	0	1723	A	G
N0_Mouse	0.257711398011	0	1335	A	T
N0_Mouse	0.258039929067	0	138	A	G
N0_Mouse	0.258365077702	0	1424	G	A
N0_Mouse	0.25896826054	0	784	A	C
N0_Mouse	0.259111005626	0	1189	A	T
N0_Mouse	0.259178343126	0	750	C	T
N0_Mouse	0.259918907496	0	532	G	T
N0_Mouse	0.261158273598	0	1287	G	T
N0_Mouse	0.262152696684	0	996	A	C
N0_Mouse	0.262302246929	0	595	G	A
N0_Mouse	0.263366804365	0	1080	A	G
N0_Mouse	0.263965211016	0	908	A	C
N0_Mouse	0.265698406986	0	1486	G	A
N0_Mouse	0.267417473965	0	840	C	T
N0_Mouse	0.268729878931	0	872	G	T
N0_Mouse	0.26918276709	0	255	A	C
N0_Mouse	0.26937583965	0	1544	A	G
N0_Mouse	0.271117560254	0	586	C	G
N0_Mouse	0.271823849983	0	238	C	T
N0_Mouse	0.272115842708	0	698	C	A
N0_Mouse	0.272618931781	0	791	G	A
N0_Mouse	0.272823455277	0	440	C	T
N0_Mouse	0.273209800117	0	93	T	A
N0_Mouse	0.273858674612	0	129	T	C
N0_Mouse	0.274354380243	0	1673	T	G
N0_Mouse	0.274698857345	0	402	C	T
N0_Mouse	0.275061038774	0	1717	T	A
N0_Mouse	0.27534409018	0	140	A	T
N0_Mouse	0.2755788165	0	1464	A	G
N0_Mouse	0.275579939856	0	1347	T	C
N0_Mouse	0.27573229141	0	938	A	T
N0_Mouse	0.276688626006	0	1167	C	A
N0_Mouse	0.277262345519	0	499	C	T
N0_Mouse	0.278061054692	0	470	G	A
N0_Mouse	0.278356188931	0	1624	C	T
N0_Mouse	0.278449733145	0	867	G	T
N0_Mouse	0.279332462346	0	1429	T	A
N0_Mouse	0.280411577257	0	672	C	A
N0_Mouse	0.280562118558	0	1422	C	A
N0_Mouse	0.280751370617	0	1366	C	T
N0_Mouse	0.28321098656	0	295	A	G
N0_Mouse	0.283842147849	0	476	T	A
N0_Mouse	0.283860564698	0	25	C	A
N0_Mouse	0.284964139957	0	378	T	C
N0_Mouse	0.285248542032	0	587	C	T
N0_Mouse	0.286129033213	0	1123	T	C
N0_Mouse	0.286689176829	0	328	G	A
N0_Mouse	0.287153068667	0	727	T	C
N0_Mouse	0.288258768044	0	256	G	A
N0_Mouse	0.288940644309	0	289	G	A
N0_Mouse	0.289153444232	0	1634	C	T
N0_Mouse	0.289670342054	0	381	G	A
N0_Mouse	0.290773803359	0	584	T	G
N0_Mouse	0.290891165799	0	540	G	A
N0_Mouse	0.291455652893	0	740	A	T
N0_Mouse	0.291763873875	0	1239	A	G
N0_Mouse	0.291895083173	0	1235	G	A
N0_Mouse	0.291942864796	0	925	A	C
N0_Mouse	0.292154196171	0	1222	C	A
N0_Mouse	0.292438650108	0	48	C	A
N0_Mouse	0.292466550114	0	1152	T	C
N0_Mouse	0.293274044294	0	501	G	T
N0_Mouse	0.293291828755	0	1246	T	C
N0_Mouse	0.293605814319	0	657	G	A
N0_Mouse	0.293843466608	0	888	T	C
N0_Mouse	0.294170474523	0	882	A	T
N0_Mouse	0.294480326867	0	1287	T	A
N0_Mouse	0.294928321685	0	1362	C	T
N0_Mouse	0.295530947267	0	1495	G	A
N0_Mouse	0.295859581973	0	1493	T	G
N0_Mouse	0.296007166431	0	1132	G	A
N0_Mouse	0.296228192226	0	39	G	T
N0_Mouse	0.299181277666	0	494	T	G
N0_Mouse	0.299186694332	0	24	T	G
N0_Mouse	0.299463345636	0	721	A	G
N0_Mouse	0.299487969759	0	856	G	C
N0_Mouse	0.299629548234	0	1061	A	G
N0_Mouse	0.300275050268	0	1236	A	T
N0_Mouse	0.301322078966	0	1181	A	C
N0_Mouse	0.302038512056	0	824	T	C
N0_Mouse	0.30214971285	0	111	T	G
N0_Mouse	0.303169876967	0	550	C	A
N0_Mouse	0.303526030534	0	1563	A	T
N0_Mouse	0.304607927917	0	128	A	C
N0_Mouse	0.304792400394	0	806	G	C
N0_Mouse	0.305663121132	0	935	G	C
N0_Mouse	0.30580450562	0	681	C	T
N0_Mouse	0.306011117525	0	300	T	C
N0_Mouse	0.306948394049	0	142	A	G
N0_Mouse	0.307743179066	0	1169	G	A
N0_Mouse	0.308364747242	0	27	A	C
N0_Mouse	0.308366050986	0	843	A	G
N0_Mouse	0.309034048593	0	1695	T	C
N0_Mouse	0.309154342841	0	73	T	C
N0_Mouse	0.310558064212	0	828	T	G
N0_Mouse	0.312129321658	0	1225	A	T
N0_Mouse	0.312444446137	0	1519	A	G
N0_Mouse	0.313975036377	0	425	G	A
N0_Mouse	0.314764594049	0	1673	G	A
N0_Mouse	0.315311752018	0	1091	G	T
N0_Mouse	0.315345797308	0	205	T	C
N0_Mouse	0.31562503419	0	630	C	A
N0_Mouse	0.317361600381	0	1194	A	G
N0_Mouse	0.317365197647	0	479	C	T
N0_Mouse	0.317996994174	0	1524	A	G
N0_Mouse	0.31820380603	0	752	C	T
N0_Mouse	0.318458357564	0	533	C	T
N0_Mouse	0.318844998162	0	571	C	T
N0_Mouse	0.319601627502	0	810	A	T
N0_Mouse	0.319762406112	0	512	C	T
N0_Mouse	0.32194017156	0	767	C	T
N0_Mouse	0.323241606627	0	1042	C	T
N0_Mouse	0.323291567136	0	52	T	A
N0_Mouse	0.324239513647	0	1055	G	A
N0_Mouse	0.325181903942	0	396	A	T
N0_Mouse	0.326600437968	0	944	A	G
N0_Mouse	0.327843015593	0	1549	A	G
N0_Mouse	0.328010898325	0	982	G	C
N0_Mouse	0.328409235029	0	1714	C	T
N0_Mouse	0.329196194026	0	706	T	C
N0_Mouse	0.330056751031	0	69	C	T
N0_Mouse	0.330580855874	0	1126	C	T
N0_Mouse	0.330900988556	0	1716	T	C
N0_Mouse	0.332395461679	0	94	T	A
N0_Mouse	0.333320253092	0	218	C	A
N0_Mouse	0.333511228649	0	524	T	G
N0_Mouse	0.333565178642	0	1230	A	G
N0_Mouse	0.33409112946	0	198	T	A
N0_Mouse	0.334387804948	0	301	A	T
N0_Mouse	0.335487589319	0	1297	A	T
N0_Mouse	0.337033756096	0	706	C	G
N0_Mouse	0.337259723196	0	915	G	T
N0_Mouse	0.337301785714	0	886	A	G
N0_Mouse	0.33925283125	0	518	G	A
N0_Mouse	0.339378342001	0	233	C	A
N0_Mouse	0.339940774634	0	944	G	T
N0_Mouse	0.340057126666	0	1512	G	C
N0_Mouse	0.341051341389	0	236	T	C
N0_Mouse	0.341211864572	0	394	G	A
N0_Mouse	0.342009191355	0	1093	T	A
N0_Mouse	0.342084502848	0	1077	A	G
N0_Mouse	0.342722094754	0	867	T	G
N0_Mouse	0.342843151538	0	1332	C	T
N0_Mouse	0.343067762616	0	772	G	A
N0_Mouse	0.343280860292	0	1595	C	G
N0_Mouse	0.344521676541	0	299	T	A
N0_Mouse	0.345929488167	0	1559	G	C
N0_Mouse	0.34674400255	0	608	T	A
N0_Mouse	0.346845298448	0	1285	A	G
N0_Mouse	0.346855470273	0	734	T	C
N0_Mouse	0.347075869957	0	112	T	A
N0_Mouse	0.347480747344	0	577	G	A
N0_Mouse	0.348347142896	0	999	G	A
N0_Mouse	0.348446127502	0	548	A	C
N0_Mouse	0.350780467313	0	856	C	T
N0_Mouse	0.352642000825	0	1129	T	C
N0_Mouse	0.352813782526	0	115	C	G
N0_Mouse	0.353086042981	0	1266	G	A
N0_Mouse	0.353249817747	0	108	G	T
N0_Mouse	0.353782006395	0	199	C	A
N0_Mouse	0.354143627065	0	1042	T	A
N0_Mouse	0.354472124134	0	614	A	T
N0_Mouse	0.354770589662	0	1721	A	G
N0_Mouse	0.355381188384	0	367	T	G
N0_Mouse	0.356478630534	0	1123	C	T
N0_Mouse	0.356586024749	0	968	T	C
N0_Mouse	0.356732099552	0	1621	C	G
N0_Mouse	0.357709461969	0	1305	C	A
N0_Mouse	0.359936160497	0	1520	C	A
N0_Mouse	0.360997439316	0	1304	G	C
N0_Mouse	0.362985737303	0	1702	G	A
N0_Mouse	0.363062739406	0	341	A	G
N0_Mouse	0.363364099805	0	512	T	C
N0_Mouse	0.363928932209	0	1553	T	A
N0_Mouse	0.364316268229	0	274	C	G
N0_Mouse	0.364352929003	0	1020	T	A
N0_Mouse	0.364430626593	0	1200	C	T
N0_Mouse	0.364468583358	0	304	T	C
N0_Mouse	0.365186856707	0	1464	G	A
N0_Mouse	0.365897510589	0	1144	T	C
N0_Mouse	0.366147830475	0	1544	G	C
N0_Mouse	0.366578274129	0	1183	G	T
N0_Mouse	0.367442781961	0	369	C	G
N0_Mouse	0.368216320776	0	100	T	G
N0_Mouse	0.368564223686	0	627	A	G
N0_Mouse	0.368665014783	0	1559	C	G
N0_Mouse	0.368830169427	0	1328	C	T
N0_Mouse	0.368988952607	0	1273	G	A
N0_Mouse	0.369032716284	0	943	G	A
N0_Mouse	0.369039312935	0	1161	T	G
N0_Mouse	0.37061967189	0	1485	C	T
N0_Mouse	0.371497101205	0	585	A	C
N0_Mouse	0.372367450333	0	1533	T	G
N0_Mouse	0.372825636082	0	720	C	A
N0_Mouse	0.373543675644	0	529	A	T
N0_Mouse	0.37534145505	0	109	C	T
N0_Mouse	0.376039468759	0	766	T	A
N0_Mouse	0.377447471169	0	276	T	A
N0_Mouse	0.377833268207	0	1228	T	A
N0_Mouse	0.37811274174	0	1480	A	G
N0_Mouse	0.378624426319	0	1519	G	C
N0_Mouse	0.379120519427	0	484	A	T
N0_Mouse	0.379259496203	0	461	C	A
N0_Mouse	0.379562104937	0	1228	A	G
N0_Mouse	0.379697420272	0	1040	T	G
N0_Mouse	0.380081331728	0	98	C	A
N0_Mouse	0.380124413784	0	825	G	A
N0_Mouse	0.381080070263	0	1177	A	T
N0_Mouse	0.38163041802	0	744	G	T
N0_Mouse	0.38170748832	0	71	C	T
N0_Mouse	0.38177362192	0	508	A	T
N0_Mouse	0.382061393093	0	902	A	T
N0_Mouse	0.382091883457	0	363	T	C
N0_Mouse	0.38255873049	0	1100	C	A
N0_Mouse	0.384155387743	0	401	G	A
N0_Mouse	0.384268824234	0	713	C	G
N0_Mouse	0.385154279095	0	1260	C	T
N0_Mouse	0.385191526651	0	964	A	T
N0_Mouse	0.386490679163	0	565	A	T
N0_Mouse	0.386505933894	0	210	G	C
N0_Mouse	0.387127489455	0	1598	C	A
N0_Mouse	0.38746431394	0	120	T	A
N0_Mouse	0.387864763383	0	116	C	T
N0_Mouse	0.388176491034	0	1036	A	G
N0_Mouse	0.390325024613	0	922	T	A
N0_Mouse	0.390557080795	0	1538	G	T
N0_Mouse	0.390587356821	0	512	C	T
N0_Mouse	0.390726216569	0	1379	A	C
N0_Mouse	0.391068603132	0	1511	A	G
N0_Mouse	0.391184863287	0	1385	A	G
N0_Mouse	0.39139285308	0	215	C	A
N0_Mouse	0.392793768496	0	276	A	G
N0_Mouse	0.392898223685	0	482	A	T
N0_Mouse	0.394355931065	0	1414	T	G
N0_Mouse	0.395327441907	0	1106	A	T
N0_Mouse	0.395634605336	0	181	G	T
N0_Mouse	0.395932472946	0	685	C	A
N0_Mouse	0.396335803492	0	992	C	T
N0_Mouse	0.396583381024	0	1086	C	T
N0_Mouse	0.397188411564	0	580	A	G
N0_Mouse	0.397929808471	0	1477	G	A
N0_Mouse	0.397968342492	0	401	A	G
N0_Mouse	0.399686919418	0	51	T	A
N0_Mouse	0.39992030585	0	117	T	G
N0_Mouse	0.400582480446	0	502	T	C
N0_Mouse	0.400926730051	0	1127	C	T
N0_Mouse	0.400944045824	0	887	T	A
N0_Mouse	0.401950436988	0	261	A	G
N0_Mouse	0.402333239229	0	332	G	T
N0_Mouse	0.40365022523	0	298	G	A
N0_Mouse	0.403668415316	0	1292	A	T
N0_Mouse	0.404202881199	0	1307	T	C
N0_Mouse	0.404411458258	0	770	T	A
N0_Mouse	0.404812639899	0	367	G	A
N0_Mouse	0.405144985113	0	943	A	C
N0_Mouse	0.405224983105	0	258	C	A
N0_Mouse	0.40569800938	0	399	G	T
N0_Mouse	0.406125472083	0	439	A	G
N0_Mouse	0.407552988674	0	1062	T	A
N0_Mouse	0.409157267502	0	885	A	T
N0_Mouse	0.410194350628	0	1694	T	G
N0_Mouse	0.410401460889	0	956	A	G
N0_Mouse	0.411945245445	0	1123	T	A
N0_Mouse	0.412657339626	0	1013	A	G
N0_Mouse	0.412785298543	0	1279	A	G
N0_Mouse	0.413217791837	0	1344	C	T
N0_Mouse	0.413225456742	0	1057	G	A
N0_Mouse	0.414037392071	0	1325	G	T
N0_Mouse	0.414155961479	0	940	A	G
N0_Mouse	0.415271284459	0	935	C	T
N0_Mouse	0.416286304909	0	1694	G	T
N0_Mouse	0.417366715877	0	1704	T	C
N0_Mouse	0.417693931866	0	626	C	A
N0_Mouse	0.418171666475	0	1663	G	T
N0_Mouse	0.418281868288	0	458	T	G
N0_Mouse	0.418557555237	0	984	T	A
N0_Mouse	0.420000932389	0	742	A	G
N0_Mouse	0.420905531692	0	1581	A	G
N0_Mouse	0.421533710467	0	1161	G	A
N0_Mouse	0.422120157828	0	764	G	A
N0_Mouse	0.422145066323	0	1536	G	C
N0_Mouse	0.422393841869	0	1216	A	T
N0_Mouse	0.422722605312	0	421	A	G
N0_Mouse	0.422852717069	0	1065	T	G
N0_Mouse	0.424923590648	0	1528	T	A
N0_Mouse	0.426675126654	0	352	G	C
N0_Mouse	0.428270969084	0	1093	A	G
N0_Mouse	0.428703766484	0	1649	C	T
N0_Mouse	0.429743732373	0	506	A	T
N0_Mouse	0.430050569595	0	189	G	T
N0_Mouse	0.431643987514	0	1183	T	C
N0_Mouse	0.432868766135	0	1347	C	G
N0_Mouse	0.4332860946	0	768	A	T
N0_Mouse	0.433751048424	0	962	T	G
N0_Mouse	0.43396547292	0	155	A	T
N0_Mouse	0.434425528868	0	1483	A	C
N0_Mouse	0.435770209263	0	985	C	A
N0_Mouse	0.437095848062	0	1304	C	T
N0_Mouse	0.437132014768	0	1217	A	T
N0_Mouse	0.437382471496	0	1098	T	A
N0_Mouse	0.438348495115	0	327	A	G
N0_Mouse	0.439321464628	0	161	A	C
N0_Mouse	0.439348199653	0	484	T	G
N0_Mouse	0.439437886106	0	1386	A	G
N0_Mouse	0.439488940145	0	80	A	C
N0_Mouse	0.439601943666	0	271	A	G
N0_Mouse	0.439748605748	0	1019	T	C
N0_Mouse	0.440245322167	0	1186	A	G
N0_Mouse	0.441638746561	0	1389	T	C
N0_Mouse	0.442159479868	0	742	G	T
N0_Mouse	0.442365668352	0	847	T	A
N0_Mouse	0.443343675188	0	615	G	T
N0_Mouse	0.44344476897	0	300	C	T
N0_Mouse	0.444354175817	0	326	A	T
N0_Mouse	0.444690640115	0	835	A	G
N0_Mouse	0.444946463847	0	1519	C	A
N0_Mouse	0.445423082697	0	268	G	A
N0_Mouse	0.446018194171	0	933	C	T
N0_Mouse	0.446820516332	0	79	C	A
N0_Mouse	0.447898622631	0	358	G	T
N0_Mouse	0.448431935623	0	740	T	G
N0_Mouse	0.450289761281	0	1127	T	G
N0_Mouse	0.450663020419	0	519	C	A
N0_Mouse	0.453446466681	0	244	A	T
N0_Mouse	0.455791142269	0	609	A	G
N0_Mouse	0.456288558986	0	1345	G	A
N0_Mouse	0.456436796465	0	346	A	G
