edge	time	mut_orlg	mut_pos	old_state	new_state
N0_kluyveri	0.00102184580437	0	847	T	A
N0_kluyveri	0.00124739900649	0	429	C	T
N0_kluyveri	0.0016186367325	0	825	T	G
N0_kluyveri	0.00210869387531	0	56	C	T
N0_kluyveri	0.00248720597777	0	709	C	T
N0_kluyveri	0.00287283841783	0	649	T	C
N0_kluyveri	0.00288629126281	0	389	A	C
N0_kluyveri	0.003812479592	0	687	G	A
N0_kluyveri	0.00401299108111	0	570	C	A
N0_kluyveri	0.00422264273403	0	739	T	C
N0_kluyveri	0.00448953660305	0	29	T	C
N0_kluyveri	0.0050144809462	0	71	A	G
N0_kluyveri	0.0071673167557	0	176	A	T
N0_kluyveri	0.00779509539942	0	62	A	T
N0_kluyveri	0.00807983302001	0	382	C	G
N0_kluyveri	0.00832806902128	0	257	G	T
N0_D1	0.000670831397598	0	727	C	T
D1_N1	0.000282092191428	1	131	A	G
D1_N1	0.00045896314174	2	488	T	C
D1_N1	0.000811688524528	1	71	A	C
D1_N1	0.00105493159569	1	481	A	C
D1_N1	0.00115754247764	1	473	A	G
D1_N1	0.00137227622543	1	606	A	G
D1_N1	0.00227028125165	2	769	G	A
D1_N1	0.00231521038937	2	242	A	G
D1_N1	0.00233925859294	2	842	C	T
D1_N1	0.00234552048127	1	2	A	C
D1_N1	0.00268438718822	2	426	C	G
D1_N1	0.00290118917776	1	152	A	G
D1_N1	0.00332500675168	2	851	T	C
D1_N1	0.00385662085459	1	71	C	A
D1_N1	0.0038916671362	2	395	C	T
D1_N1	0.00409796043778	1	179	C	G
D1_N1	0.00452884195945	1	502	C	A
D1_N1	0.00521680749385	2	532	C	T
D1_N1	0.00542389649782	2	425	G	A
D1_N1	0.00674612254561	2	611	A	C
D1_N1	0.00753541013553	2	285	A	G
D1_N1	0.0085363977302	1	727	T	G
D1_N1	0.00901697263472	2	440	A	C
D1_N1	0.00944529781726	2	474	C	T
D1_N1	0.00954021158205	1	700	A	G
D1_N1	0.00994088367043	2	511	C	T
N1_castellii	0.000419752424149	2	501	G	A
N1_castellii	0.000668369438402	2	111	T	C
N1_castellii	0.00100557480575	1	407	C	T
N1_castellii	0.0010401364238	2	749	T	C
N1_castellii	0.00105661669835	1	35	C	T
N1_castellii	0.0015071386515	1	305	A	G
N1_castellii	0.00254213519098	2	188	A	C
N1_castellii	0.00265058355074	1	676	G	A
N1_castellii	0.00294373196204	1	8	C	T
N1_castellii	0.00301791485004	2	275	G	A
N1_castellii	0.00325656847976	1	799	T	C
N1_castellii	0.00343180294	1	500	C	T
N1_castellii	0.00440286538207	1	739	T	C
N1_castellii	0.004411336321	1	72	G	C
N1_castellii	0.00448220862407	1	748	G	A
N1_castellii	0.00572090023991	2	284	G	A
N1_castellii	0.00636406914396	1	308	A	C
N1_castellii	0.0066085848206	1	374	T	C
N1_castellii	0.00677401420301	1	663	A	T
N1_castellii	0.00687207960648	2	136	A	T
N1_castellii	0.00699727264006	1	772	A	G
N1_castellii	0.00702139746052	2	239	T	C
N1_castellii	0.00751664816345	1	59	A	G
N1_castellii	0.00852303248778	1	658	T	C
N1_castellii	0.0086635896226	2	149	T	C
N1_castellii	0.00868162967529	1	851	T	C
N1_castellii	0.00910962984188	1	218	T	A
N1_castellii	0.00919391091688	1	92	C	T
N1_castellii	0.00923436992556	1	215	G	A
N1_castellii	0.00950535981399	2	646	T	C
N1_castellii	0.00987435036309	1	248	G	C
N1_castellii	0.00995715010206	2	56	C	T
N1_N2	6.86179718654e-05	1	104	T	G
N1_N2	0.000130772975061	1	191	C	T
N1_N2	0.000554729506964	2	400	T	C
N1_N2	0.000602630958815	2	149	T	C
N1_N2	0.0022021937826	2	646	T	C
N1_N2	0.0023284369109	2	176	A	G
N1_N2	0.00235739302724	1	646	T	C
N1_N2	0.00285281146148	1	173	G	A
N1_N2	0.00310946204664	1	458	A	G
N1_N2	0.00311296267795	2	27	A	T
N1_N2	0.00350474038957	2	410	C	T
N1_N2	0.0039246801629	1	713	T	C
N1_N2	0.00424560501732	1	781	T	C
N1_N2	0.0043704421046	2	501	G	C
N1_N2	0.00500833552875	1	712	T	C
N1_N2	0.00518480381839	2	239	T	C
N1_N2	0.00563355110598	2	313	G	C
N1_N2	0.00653250605628	2	561	G	A
N1_N2	0.00659035295178	2	80	G	A
N1_N2	0.00717504603578	1	111	T	C
N1_N2	0.00732945605359	2	263	C	T
N1_N2	0.00738196259629	1	805	T	G
N1_N2	0.0078561589004	1	35	C	T
N1_N2	0.00787647321697	1	797	C	T
N1_N2	0.00805132620948	1	590	G	A
N1_N2	0.00816385323862	1	221	T	G
N1_N2	0.00838637065698	1	359	G	A
N1_N2	0.00879340890755	1	95	G	A
N1_N2	0.00918292559469	2	832	C	G
N1_N2	0.00952345722302	2	101	T	C
N1_N2	0.00992346103467	1	275	G	A
N2_bayanus	0.00100775129461	1	618	A	G
N2_bayanus	0.00136801177475	2	224	C	T
N2_bayanus	0.00190896607958	2	853	T	C
N2_bayanus	0.00230314451592	1	763	C	A
N2_bayanus	0.00253958994572	2	726	A	G
N2_bayanus	0.00260216806759	1	463	T	C
N2_bayanus	0.00287258917075	1	5	C	T
N2_bayanus	0.00369637425623	1	372	G	A
N2_bayanus	0.00421911591819	2	640	G	C
N2_bayanus	0.00461665336302	1	50	G	T
N2_bayanus	0.00472061394477	2	303	G	A
N2_bayanus	0.0049673928773	1	164	T	C
N2_bayanus	0.00534624037493	1	453	C	T
N2_bayanus	0.00615242905888	1	240	G	A
N2_bayanus	0.00638250460641	2	751	C	T
N2_bayanus	0.0068295077245	1	170	T	C
N2_bayanus	0.00694340735497	2	445	T	C
N2_bayanus	0.00778365718639	1	285	A	T
N2_bayanus	0.00803820308868	1	389	A	C
N2_bayanus	0.00806562122683	1	430	T	C
N2_bayanus	0.00822644562005	2	856	A	C
N2_bayanus	0.00837231325164	1	269	T	A
N2_bayanus	0.00846167980438	2	322	A	G
N2_bayanus	0.00881806701	2	661	A	G
N2_bayanus	0.00900116945096	1	814	A	T
N2_bayanus	0.00900661073136	2	299	G	A
N2_bayanus	0.00909007179537	2	93	T	A
N2_bayanus	0.00923405924452	2	688	T	G
N2_N3	9.08658576958e-06	1	772	A	G
N2_N3	0.000226283347077	1	652	T	G
N2_N3	0.000694432250256	1	300	T	G
N2_N3	0.00150660752014	2	76	C	T
N2_N3	0.00237691536866	2	618	A	C
N2_N3	0.00298845831028	2	116	T	C
N2_N3	0.00397301091056	2	146	T	C
N2_N3	0.00440600793919	1	524	A	G
N2_N3	0.00478256577297	1	388	C	T
N2_N3	0.00517990149858	1	133	T	G
N2_N3	0.00577969689524	1	643	T	C
N2_N3	0.00579658683457	1	57	C	T
N2_N3	0.00597369761241	2	155	A	G
N2_N3	0.00668412938796	2	725	A	G
N2_N3	0.00686188893583	2	98	A	G
N2_N3	0.00761490070916	2	820	C	G
N2_N3	0.00787772547607	2	197	A	T
N2_N3	0.00789175186859	1	333	T	A
N2_N3	0.00796380371563	2	131	A	G
N2_N3	0.00806492675623	2	245	A	G
N2_N3	0.00808171682983	2	247	T	C
N2_N3	0.00814926781868	1	575	G	A
N2_N3	0.0082722426447	2	60	T	C
N2_N3	0.00829099842305	2	274	T	C
N2_N3	0.0084919102661	2	206	C	G
N2_N3	0.0090613640141	1	835	G	A
N2_N3	0.00913228269458	2	772	A	T
N2_N3	0.00930272399259	2	90	A	G
N2_N3	0.00973862111269	2	658	T	C
N2_N3	0.00983995382138	1	487	C	T
N2_N3	0.00985443841278	1	437	A	C
N3_kudriavzevii	0.000217662740306	2	667	A	T
N3_kudriavzevii	0.000220939999099	1	125	G	C
N3_kudriavzevii	0.000304504139274	1	42	G	T
N3_kudriavzevii	0.000750840641556	2	489	C	A
N3_kudriavzevii	0.00131580359735	2	107	C	T
N3_kudriavzevii	0.00143161028966	2	170	T	C
N3_kudriavzevii	0.00295373132241	2	828	C	A
N3_kudriavzevii	0.00354570919664	1	92	C	T
N3_kudriavzevii	0.00390904819788	2	239	C	T
N3_kudriavzevii	0.00421538548426	2	671	T	A
N3_kudriavzevii	0.00424850182845	2	68	G	C
N3_kudriavzevii	0.00461523412759	1	363	T	C
N3_kudriavzevii	0.00462425593056	2	108	C	T
N3_kudriavzevii	0.00574391005608	1	523	G	A
N3_kudriavzevii	0.00596874797013	1	294	C	A
N3_kudriavzevii	0.00700427132959	2	23	T	G
N3_kudriavzevii	0.00713479263951	1	53	G	A
N3_kudriavzevii	0.00741165241723	2	785	A	G
N3_kudriavzevii	0.00755919323649	1	718	T	C
N3_kudriavzevii	0.0076286018503	2	507	G	C
N3_kudriavzevii	0.00816194401091	1	272	T	G
N3_kudriavzevii	0.00842773468813	1	640	G	A
N3_kudriavzevii	0.00845301744845	2	359	G	A
N3_kudriavzevii	0.00906051737122	2	66	G	A
N3_kudriavzevii	0.00910019295625	1	203	A	T
N3_kudriavzevii	0.00910405910002	1	34	A	T
N3_kudriavzevii	0.00930836467048	1	650	G	A
N3_kudriavzevii	0.00961751037546	2	272	T	C
N3_kudriavzevii	0.00979826435468	2	164	T	C
N3_kudriavzevii	0.00985537752779	2	59	A	G
N3_N4	1.1799061198e-05	2	308	A	G
N3_N4	0.000269780930083	2	161	T	C
N3_N4	0.000710188179202	1	125	G	A
N3_N4	0.000712430982451	1	553	G	A
N3_N4	0.000748786611642	2	769	A	G
N3_N4	0.00100236517	1	143	C	T
N3_N4	0.00120759472801	1	269	T	C
N3_N4	0.00202025101846	2	862	C	A
N3_N4	0.0023073126325	1	119	G	A
N3_N4	0.00245824615487	1	212	C	T
N3_N4	0.00275500142064	1	549	C	G
N3_N4	0.00313681794084	2	366	C	A
N3_N4	0.00343788934794	1	820	C	T
N3_N4	0.00447422504766	2	206	G	A
N3_N4	0.00458222247509	2	176	G	T
N3_N4	0.0048495788097	2	105	A	C
N3_N4	0.00505256423845	2	665	C	T
N3_N4	0.00544901664438	1	730	C	T
N3_N4	0.00553660293567	1	642	C	T
N3_N4	0.00555903664405	2	838	C	T
N3_N4	0.00613712952307	1	631	C	G
N3_N4	0.00714016928772	2	107	C	T
N3_N4	0.00715452993954	1	643	C	T
N3_N4	0.00719938130376	2	586	G	A
N3_N4	0.00733482999125	2	429	C	T
N3_N4	0.00741564240792	1	339	C	T
N3_N4	0.00748800443362	2	664	T	C
N3_N4	0.00809434060745	1	135	G	C
N3_N4	0.00838985936883	2	134	A	C
N3_N4	0.00839200249967	1	149	T	C
N3_N4	0.00843517348661	1	824	G	T
N3_N4	0.00855606498794	2	205	A	G
N3_N4	0.00877820021137	2	836	T	G
N3_N4	0.00882121180108	2	185	G	C
N3_N4	0.00961586680184	1	66	G	A
N4_mikatae	0.000277233513592	2	83	T	A
N4_mikatae	0.000570415037612	1	531	G	T
N4_mikatae	0.000939808147176	1	212	T	C
N4_mikatae	0.00126265292548	2	799	T	G
N4_mikatae	0.00161493127195	2	11	G	T
N4_mikatae	0.00200064891827	1	853	T	G
N4_mikatae	0.00223230120163	1	724	C	G
N4_mikatae	0.00252883905313	2	53	G	A
N4_mikatae	0.00264681298373	1	425	G	A
N4_mikatae	0.00264994857678	2	146	C	T
N4_mikatae	0.00274982726892	1	50	G	A
N4_mikatae	0.00291976902444	1	670	T	C
N4_mikatae	0.00364094864972	1	742	G	A
N4_mikatae	0.00389047395982	2	718	T	A
N4_mikatae	0.00403647868124	1	658	T	C
N4_mikatae	0.00406876828718	2	302	T	C
N4_mikatae	0.00436172647213	2	570	C	T
N4_mikatae	0.00473284638038	2	367	A	G
N4_mikatae	0.00479199141412	1	290	T	A
N4_mikatae	0.00483919911668	1	248	G	A
N4_mikatae	0.00527330219277	2	233	T	C
N4_mikatae	0.00572364680458	2	787	A	G
N4_mikatae	0.00607621748218	2	727	T	C
N4_mikatae	0.00613740286704	1	697	A	T
N4_mikatae	0.00647195990726	1	694	T	C
N4_mikatae	0.00652585553609	2	119	G	A
N4_mikatae	0.0067239041331	2	80	A	T
N4_mikatae	0.00735995173164	2	556	A	C
N4_mikatae	0.00764284755047	2	475	G	A
N4_mikatae	0.00860326331713	1	276	A	G
N4_mikatae	0.00887982424193	2	278	T	C
N4_mikatae	0.00909342371402	2	797	C	T
N4_mikatae	0.00959005366719	2	199	G	A
N4_N5	0.000736237652566	2	736	G	A
N4_N5	0.000875837961554	2	140	A	G
N4_N5	0.00114224972769	2	71	A	C
N4_N5	0.00294870955673	1	653	A	G
N4_N5	0.00414210105366	2	333	T	C
N4_N5	0.00415035750813	2	553	G	T
N4_N5	0.00466702190789	1	332	G	A
N4_N5	0.00472986870864	1	134	A	T
N4_N5	0.0053218903527	2	802	T	C
N4_N5	0.00563711348045	2	143	C	T
N4_N5	0.00568090012128	1	688	T	C
N4_N5	0.00711239782151	1	503	G	A
N4_N5	0.00741966043469	1	722	C	T
N4_N5	0.00749706042621	2	191	C	T
N4_N5	0.00770820585427	2	477	C	T
N4_N5	0.00902644809143	1	191	T	G
N4_N5	0.00943373872911	1	308	A	G
N4_N5	0.00946366717225	2	159	T	A
N4_N5	0.00987823098788	1	727	G	A
N5_paradoxus	0.00013541699233	1	2	C	T
N5_paradoxus	0.000674714664331	1	140	A	G
N5_paradoxus	0.000698576404201	1	793	T	C
N5_paradoxus	0.00171420771317	2	676	G	C
N5_paradoxus	0.00187710197252	1	89	C	A
N5_paradoxus	0.00192828165177	2	566	T	G
N5_paradoxus	0.00200570360357	2	844	A	G
N5_paradoxus	0.00212841775845	2	170	T	C
N5_paradoxus	0.00222427908699	1	420	T	C
N5_paradoxus	0.00224239045091	2	194	A	C
N5_paradoxus	0.00227423406873	2	92	C	T
N5_paradoxus	0.00248976568831	2	138	C	G
N5_paradoxus	0.00266918674654	1	284	G	A
N5_paradoxus	0.00415740699398	2	187	T	C
N5_paradoxus	0.00498380984969	2	769	G	A
N5_paradoxus	0.00516397177421	1	549	G	A
N5_paradoxus	0.00608948585501	1	57	T	C
N5_paradoxus	0.00663093571246	1	45	G	A
N5_paradoxus	0.00769161600521	1	775	G	T
N5_paradoxus	0.00807196045307	1	113	C	T
N5_paradoxus	0.00858029979815	1	634	T	C
N5_paradoxus	0.00862099668029	1	475	G	A
N5_paradoxus	0.00862279733808	2	1	C	A
N5_paradoxus	0.00893635029703	1	500	C	G
N5_paradoxus	0.00938671946366	2	287	G	A
N5_paradoxus	0.00957874127371	1	643	T	C
N5_paradoxus	0.00965703826778	2	98	G	A
N5_cerevisiae	8.18954025303e-05	1	646	C	G
N5_cerevisiae	0.000629173303215	1	829	A	G
N5_cerevisiae	0.000721077863257	1	216	A	G
N5_cerevisiae	0.000902003051207	2	450	C	A
N5_cerevisiae	0.00099950544596	1	829	G	A
N5_cerevisiae	0.00108707175514	2	727	T	C
N5_cerevisiae	0.00159024019376	2	850	C	T
N5_cerevisiae	0.00363291351288	1	11	G	C
N5_cerevisiae	0.0036776999778	2	125	G	T
N5_cerevisiae	0.00374987321472	1	859	T	C
N5_cerevisiae	0.00411517730359	2	227	G	T
N5_cerevisiae	0.00423076472625	1	74	C	G
N5_cerevisiae	0.00466871593928	2	629	T	C
N5_cerevisiae	0.00509008155248	1	311	T	C
N5_cerevisiae	0.005900030202	2	23	T	A
N5_cerevisiae	0.00627890245054	1	673	T	A
N5_cerevisiae	0.00656023246186	2	200	T	C
N5_cerevisiae	0.00663639192256	2	655	T	G
N5_cerevisiae	0.00695422117412	2	384	G	A
N5_cerevisiae	0.00728733116217	2	91	A	G
N5_cerevisiae	0.00784238293037	1	643	T	A
N5_cerevisiae	0.00796403121445	1	782	T	C
N5_cerevisiae	0.00891769656207	2	116	C	T
N5_cerevisiae	0.00908337346973	2	781	T	C
N5_cerevisiae	0.00959550509796	2	658	C	G
N5_cerevisiae	0.00970245146283	2	718	T	C
