edge	time	orlg_from	orlg_to	tract_length	start_pos	stop_pos	num_diff	template_seq	overide_seq
D1_N1	0.000614426168915	1	2	3	402	404	0	GTT	GTT
D1_N1	0.000758946153919	1	2	3	130	132	0	AAA	AAA
D1_N1	0.00128451880482	1	2	1	126	126	0	T	T
D1_N1	0.00285582953973	1	2	8	53	60	0	GTATATGG	GTATATGG
N1_castellii	0.00145522632159	1	2	6	291	296	1	GATTAT	GACTAT
N1_castellii	0.00263966001717	1	2	3	389	391	0	AAC	AAC
N1_castellii	0.00313253835695	1	2	3	279	281	0	CTT	CTT
N1_castellii	0.00488896333252	1	2	4	179	182	0	CTTG	CTTG
N1_castellii	0.0050591151431	1	2	1	46	46	0	C	C
N1_castellii	0.00541556452127	1	2	6	309	314	2	ACGGTA	ACAGTC
N1_castellii	0.00634032770204	1	2	2	108	109	0	TG	TG
N1_castellii	0.00641580231824	1	2	3	348	350	0	AAA	AAA
N1_castellii	0.00706863143222	1	2	1	393	393	0	A	A
N1_castellii	0.00719486569848	1	2	2	239	240	0	GT	GT
N1_castellii	0.00767777937789	1	2	5	230	234	1	CGCAA	TGCAA
N1_castellii	0.0080734094709	1	2	5	266	270	1	AGTAG	GGTAG
N1_castellii	0.00853053570685	1	2	1	190	190	0	T	T
N1_castellii	0.00908945461021	1	2	2	33	34	0	TC	TC
N1_castellii	0.00922172036579	1	2	7	111	117	0	AGACCCC	AGACCCC
N1_castellii	0.00956357352575	1	2	4	9	12	0	TAAA	TAAA
N1_castellii	0.00974158133648	1	2	6	152	157	1	GAATAA	AAATAA
N1_castellii	0.0102272862854	1	2	2	130	131	0	AA	AA
N1_castellii	0.0111201224612	1	2	9	225	233	0	TATCTCGCA	TATCTCGCA
N1_castellii	0.0119956938117	1	2	1	254	254	0	A	A
N1_castellii	0.0123149957683	1	2	4	157	160	0	AAGA	AAGA
N1_castellii	0.0128694377108	1	2	9	430	438	1	TTATTATAG	TTATTATGG
N1_N2	0.000883121073834	1	2	3	67	69	0	GTT	GTT
N1_N2	0.00142494482496	1	2	4	450	453	0	GAGC	GAGC
N1_N2	0.00251556537704	1	2	1	363	363	0	T	T
N1_N2	0.00272850161191	1	2	2	350	351	0	GC	GC
N1_N2	0.00359624814467	1	2	8	117	124	1	CCTCTCAA	CCTCTTAA
N1_N2	0.00388475820971	1	2	3	117	119	0	CCT	CCT
N1_N2	0.00548324244627	1	2	9	291	299	0	GACTATCCC	GACTATCCC
N1_N2	0.00674545490309	1	2	1	238	238	0	C	C
N1_N2	0.00738807833493	1	2	1	374	374	1	C	T
N1_N2	0.00763744473529	1	2	5	435	439	0	ATGGA	ATGGA
N1_N2	0.00802038955303	1	2	6	391	396	0	CGACAG	CGACAG
N1_N2	0.00920122706074	1	2	2	75	76	0	CC	CC
N1_N2	0.00970019675765	1	2	3	187	189	0	AAC	AAC
N1_N2	0.0114379063383	1	2	3	317	319	0	GAT	GAT
N1_N2	0.0135149549172	1	2	3	158	160	0	GGA	GGA
N1_N2	0.0136631532634	1	2	2	59	60	1	AG	GG
N1_N2	0.0137769567507	1	2	2	338	339	1	TT	CT
N1_N2	0.0141883375327	1	2	3	38	40	0	CAC	CAC
N1_N2	0.0144510027043	1	2	1	89	89	0	C	C
N1_N2	0.0148896796659	1	2	2	223	224	2	CT	TC
N1_N2	0.0150607945991	1	2	2	187	188	0	AA	AA
N1_N2	0.0153337931635	1	2	3	27	29	1	CTA	CTG
N2_bayanus	0.000718583637229	1	2	2	464	465	1	TA	CA
N2_bayanus	0.000950604684779	1	2	7	146	152	1	GACTCCG	GACCCCG
N2_bayanus	0.00117519369093	1	2	7	319	325	1	TCAGCCC	TCAACCC
N2_bayanus	0.00125411988537	1	2	2	235	236	0	GA	GA
N2_bayanus	0.00222332462038	1	2	7	472	478	0	GTCAATG	GTCAATG
N2_N3	0.000569837896339	1	2	2	202	203	1	AA	AG
N2_N3	0.00067841472436	1	2	6	351	356	0	CATCAT	CATCAT
N3_kudriavzevii	0.000126161857089	1	2	2	77	78	0	AT	AT
N3_kudriavzevii	0.000700717625477	1	2	1	174	174	0	C	C
N3_kudriavzevii	0.00101890555955	1	2	3	98	100	1	CCA	TCA
N3_kudriavzevii	0.00191832741002	1	2	2	376	377	0	CT	CT
N3_kudriavzevii	0.00196975653942	1	2	1	85	85	0	C	C
N3_kudriavzevii	0.00226955786745	1	2	1	98	98	0	C	C
N3_kudriavzevii	0.00237050715994	1	2	4	77	80	1	ATAC	ATAG
N3_kudriavzevii	0.00329066434869	1	2	1	122	122	1	G	C
N3_kudriavzevii	0.00365384192159	1	2	1	154	154	0	A	A
N3_kudriavzevii	0.00489754003311	1	2	8	122	129	1	GAAGTGCG	GAAATGCG
N3_kudriavzevii	0.00514423748607	1	2	1	468	468	0	A	A
N3_N4	0.000920154959774	1	2	1	50	50	1	A	T
N3_N4	0.00223281890557	1	2	6	286	291	1	AGTATA	AGTATG
N4_mikatae	0.000949424263984	1	2	4	65	68	1	GACT	GAGT
N4_mikatae	0.00194204347424	1	2	11	113	123	2	ACCTCCTCTGA	GCCTCCTCTCA
N4_mikatae	0.00308301418776	1	2	6	148	153	1	CTCCGA	CCCCGA
N4_mikatae	0.00323354488714	1	2	9	344	352	2	TACCAACCA	CACCAAGCA
N4_mikatae	0.00398956645584	1	2	1	235	235	0	G	G
N4_N5	0.000466504292845	1	2	3	284	286	1	GTA	GCA
N4_N5	0.0011899964522	1	2	3	321	323	1	AGC	AAC
N4_N5	0.00121018294868	1	2	3	155	157	1	CAA	GAA
N5_paradoxus	0.000829530455728	1	2	1	35	35	1	A	C
N5_cerevisiae	0.000559381110494	1	2	4	64	67	1	AGAC	AGAG
N5_cerevisiae	0.00122047962844	1	2	1	437	437	0	G	G
N5_cerevisiae	0.00137270092425	1	2	3	291	293	0	AAC	AAC
N5_cerevisiae	0.00206160864383	1	2	3	208	210	0	TTA	TTA
N5_cerevisiae	0.00252918544942	1	2	8	408	415	1	CTGCATCA	CTACATCA
N5_cerevisiae	0.00416263101521	1	2	6	201	206	1	GAAACG	GAGACG
