edge	time	mut_orlg	mut_pos	old_state	new_state
N0_kluyveri	0.000285825907349	0	77	A	G
N0_kluyveri	0.000299174551076	0	347	G	A
N0_kluyveri	0.000360460935643	0	410	T	C
N0_kluyveri	0.000364509040251	0	317	C	T
N0_kluyveri	0.000373473295881	0	350	A	G
N0_kluyveri	0.00125153493026	0	77	G	A
N0_kluyveri	0.00147658955378	0	350	G	A
N0_kluyveri	0.00197702399041	0	77	A	T
N0_kluyveri	0.00201629104906	0	377	T	C
N0_kluyveri	0.00224398244458	0	65	C	A
N0_kluyveri	0.00238771119263	0	8	A	G
N0_kluyveri	0.00249577503449	0	53	T	C
N0_kluyveri	0.00454762607306	0	248	A	T
N0_kluyveri	0.00544367363656	0	428	T	C
N0_kluyveri	0.00607435382258	0	259	T	C
N0_kluyveri	0.00618756898701	0	353	C	G
N0_kluyveri	0.00670951373565	0	147	G	A
N0_kluyveri	0.00795685650371	0	423	G	A
N0_kluyveri	0.00819993320149	0	119	A	G
N0_kluyveri	0.00862316916999	0	90	A	G
N0_kluyveri	0.00908216834372	0	299	C	T
N0_kluyveri	0.00979429475046	0	239	A	G
N0_kluyveri	0.0101491714215	0	20	G	A
N0_kluyveri	0.0102333540783	0	395	T	C
N0_kluyveri	0.0104687390444	0	410	C	G
N0_kluyveri	0.0106789314734	0	255	G	T
N0_kluyveri	0.01068210493	0	302	C	T
N0_kluyveri	0.0108283033056	0	413	C	A
N0_kluyveri	0.0117623838982	0	455	A	G
N0_kluyveri	0.0120026000739	0	314	G	A
N0_kluyveri	0.0121552868218	0	266	T	C
N0_kluyveri	0.0126442532415	0	311	A	G
N0_D1	0.000209489171978	0	323	A	T
N0_D1	0.00108949159118	0	473	C	T
D1_N1	0.000688356103897	2	146	C	T
D1_N1	0.000802251229893	1	387	T	G
D1_N1	0.00100177589268	2	347	G	A
D1_N1	0.00113213931612	2	215	C	A
D1_N1	0.00120571728983	2	149	T	C
D1_N1	0.00127900896752	1	200	C	T
D1_N1	0.00155545492339	2	62	C	T
D1_N1	0.00158179177289	1	242	A	G
D1_N1	0.00166353820709	1	14	T	C
D1_N1	0.00264679110622	1	65	C	T
D1_N1	0.00289357047332	2	356	T	C
D1_N1	0.0030608675298	1	176	C	T
D1_N1	0.00310632665689	2	29	C	G
D1_N1	0.00316774050871	1	197	G	A
N1_castellii	0.000388933084867	1	236	A	G
N1_castellii	0.000453835212316	1	35	T	C
N1_castellii	0.000676200463764	2	389	A	G
N1_castellii	0.000836863853909	1	491	G	A
N1_castellii	0.000869352116639	1	140	A	G
N1_castellii	0.000896651357759	1	323	T	C
N1_castellii	0.00110401550698	1	296	A	G
N1_castellii	0.0011418387878	2	98	A	G
N1_castellii	0.00160468993373	2	40	C	T
N1_castellii	0.00162943113067	1	43	A	G
N1_castellii	0.00184494749773	1	437	G	A
N1_castellii	0.00210046253606	2	404	C	T
N1_castellii	0.00213452460281	2	374	A	G
N1_castellii	0.0024578562068	1	368	A	G
N1_castellii	0.00267729337685	2	299	C	T
N1_castellii	0.00268857270418	2	440	T	C
N1_castellii	0.00297003628294	1	326	T	C
N1_castellii	0.00319222393012	2	266	T	A
N1_castellii	0.00327204909616	1	386	T	G
N1_castellii	0.00353438439131	2	56	G	A
N1_castellii	0.00363740050475	1	56	G	A
N1_castellii	0.00371983360573	2	182	T	C
N1_castellii	0.00389881090196	1	167	G	A
N1_castellii	0.00395625303203	1	101	T	C
N1_castellii	0.00397151707261	1	491	G	A
N1_castellii	0.00436534459693	1	107	A	C
N1_castellii	0.00442108966536	1	56	A	G
N1_castellii	0.00445138372799	1	56	G	A
N1_castellii	0.00468845096311	1	11	G	A
N1_castellii	0.00490747904821	1	83	C	T
N1_castellii	0.00504825163355	1	149	C	T
N1_castellii	0.00516896592685	2	143	C	T
N1_castellii	0.00518225273591	1	302	C	A
N1_castellii	0.00533702976545	2	395	T	C
N1_castellii	0.00558500620694	1	473	T	C
N1_castellii	0.00575695273659	2	44	C	T
N1_castellii	0.0060171254686	1	134	C	T
N1_castellii	0.00617048554448	1	71	T	C
N1_castellii	0.00699222123654	1	341	G	A
N1_castellii	0.00820572426566	1	422	C	T
N1_castellii	0.00879446486753	2	146	T	C
N1_castellii	0.00889194057726	1	431	T	A
N1_castellii	0.00912215329924	1	137	T	C
N1_castellii	0.00921089212279	1	119	A	G
N1_castellii	0.00934735632539	2	380	T	C
N1_castellii	0.00979588175918	2	479	T	C
N1_castellii	0.00983394054689	1	101	C	T
N1_castellii	0.0100022329055	1	438	C	T
N1_castellii	0.0100101696207	1	383	T	C
N1_castellii	0.0103843926767	2	299	T	C
N1_castellii	0.0105824906884	2	83	C	T
N1_castellii	0.0108270947037	2	158	G	A
N1_castellii	0.0108281036184	2	257	A	C
N1_castellii	0.0110118764073	1	8	A	G
N1_castellii	0.0119483991433	1	86	C	T
N1_castellii	0.0125416700373	2	110	C	T
N1_castellii	0.0125472370806	2	470	A	G
N1_castellii	0.0126522716142	2	374	G	C
N1_castellii	0.0129242781298	1	68	T	A
N1_N2	0.000232102151251	2	251	T	C
N1_N2	0.000413463140104	2	491	G	A
N1_N2	0.000726271843905	2	287	C	T
N1_N2	0.000949415809603	1	197	A	G
N1_N2	0.00114957417315	2	68	T	A
N1_N2	0.00182279483593	1	392	T	G
N1_N2	0.00239811927387	2	299	C	T
N1_N2	0.00246841818737	2	75	A	G
N1_N2	0.0026862103538	2	335	C	T
N1_N2	0.00320630775993	1	437	G	A
N1_N2	0.0034050778249	2	68	A	G
N1_N2	0.00401183354131	1	377	T	A
N1_N2	0.00428461687207	1	137	T	C
N1_N2	0.00447071136721	2	299	T	G
N1_N2	0.00466793950541	2	86	C	T
N1_N2	0.00474526905471	1	356	T	C
N1_N2	0.00507843582227	1	464	A	G
N1_N2	0.00602109357938	1	320	A	G
N1_N2	0.00621199349803	1	131	T	C
N1_N2	0.00621980813147	1	53	T	C
N1_N2	0.00626061319646	2	98	A	G
N1_N2	0.00644765932887	1	404	C	T
N1_N2	0.0065154935914	2	167	G	A
N1_N2	0.00654693156342	2	113	A	G
N1_N2	0.00708796744103	1	2	C	T
N1_N2	0.00724555187307	1	245	A	G
N1_N2	0.00739629711583	1	485	T	C
N1_N2	0.00741458973028	1	464	G	C
N1_N2	0.00764268603136	2	200	C	T
N1_N2	0.00790813964057	1	74	G	A
N1_N2	0.00854501424222	2	347	A	G
N1_N2	0.00894753338309	1	2	T	C
N1_N2	0.00911252622912	1	5	T	A
N1_N2	0.009347017822	2	194	C	T
N1_N2	0.00938931157123	2	251	C	T
N1_N2	0.00945124035599	2	329	A	G
N1_N2	0.00954381802456	2	332	C	T
N1_N2	0.00968928865144	1	459	A	G
N1_N2	0.00997640639804	1	347	G	A
N1_N2	0.0100206362437	2	197	G	A
N1_N2	0.0103198892627	2	438	C	T
N1_N2	0.0104831648468	2	5	T	C
N1_N2	0.0105519221367	1	341	G	A
N1_N2	0.0106031670932	2	194	T	C
N1_N2	0.0107205345139	2	11	G	T
N1_N2	0.0107843665375	2	383	T	C
N1_N2	0.0108958983955	2	50	C	T
N1_N2	0.0111718135438	1	407	A	G
N1_N2	0.0113030961269	2	419	A	G
N1_N2	0.0113040308216	2	336	A	G
N1_N2	0.0114209798489	1	464	C	T
N1_N2	0.0114757219998	2	257	A	G
N1_N2	0.0114768434401	1	404	T	C
N1_N2	0.0117263212217	2	482	A	G
N1_N2	0.0117927267066	1	356	C	T
N1_N2	0.0118035725861	2	68	G	A
N1_N2	0.0118696872947	2	89	G	A
N1_N2	0.0119417827714	2	239	A	C
N1_N2	0.0128442468327	1	215	C	T
N1_N2	0.0128949481545	2	424	T	C
N1_N2	0.013023354049	2	422	C	T
N1_N2	0.0132568417643	2	137	T	C
N1_N2	0.0133507965504	1	266	T	A
N1_N2	0.0136455807794	1	320	G	A
N1_N2	0.0138205817524	1	413	C	T
N1_N2	0.0140950664567	1	92	A	G
N1_N2	0.01419877716	2	212	T	C
N1_N2	0.0144411157957	2	482	G	A
N1_N2	0.0146202777971	1	14	C	T
N1_N2	0.0147398056211	1	200	T	C
N1_N2	0.0150273906237	1	305	T	A
N1_N2	0.015727168057	2	104	G	A
N1_N2	0.015889508716	2	275	A	G
N2_bayanus	0.000401729800701	2	242	A	C
N2_bayanus	0.000712676381062	2	144	C	T
N2_bayanus	0.000769502614172	2	371	G	A
N2_bayanus	0.000898622707269	2	368	A	G
N2_bayanus	0.0010256941533	1	290	C	T
N2_bayanus	0.00109711043704	2	443	C	A
N2_bayanus	0.0015932639135	1	491	G	A
N2_bayanus	0.00181292469361	2	20	G	A
N2_bayanus	0.00184652534206	1	137	C	T
N2_N3	0.000311208790518	1	341	A	G
N2_N3	0.000424214369747	2	473	T	C
N2_N3	0.000444389859477	1	25	A	T
N2_N3	0.000471520244862	1	239	A	G
N2_N3	0.000895135654597	2	83	C	T
N2_N3	0.000928766932759	2	26	G	A
N2_N3	0.00117838151154	1	254	G	A
N2_N3	0.00132515517777	2	350	A	G
N2_N3	0.0014372115219	2	218	T	C
N3_kudriavzevii	0.000295290770381	2	479	T	C
N3_kudriavzevii	0.000390327366696	2	194	C	T
N3_kudriavzevii	0.000451550169203	1	260	A	G
N3_kudriavzevii	0.000581767322453	1	317	C	T
N3_kudriavzevii	0.000687928778021	2	446	T	C
N3_kudriavzevii	0.000698622013517	1	2	C	T
N3_kudriavzevii	0.00144753557158	1	56	G	A
N3_kudriavzevii	0.00153998386612	1	212	T	C
N3_kudriavzevii	0.00161636711286	2	404	C	T
N3_kudriavzevii	0.00205197108573	1	284	C	T
N3_kudriavzevii	0.00229335971532	2	119	A	G
N3_kudriavzevii	0.00270142625969	2	296	A	T
N3_kudriavzevii	0.00298962469446	2	449	T	C
N3_kudriavzevii	0.00329262154901	1	134	C	T
N3_kudriavzevii	0.00345515494605	2	8	A	G
N3_kudriavzevii	0.00352645084462	2	413	T	C
N3_kudriavzevii	0.00364844052112	1	317	T	G
N3_kudriavzevii	0.00365831801692	2	86	C	T
N3_kudriavzevii	0.00384938073664	1	143	C	T
N3_kudriavzevii	0.0038653247588	2	488	C	T
N3_kudriavzevii	0.00464115441214	2	430	A	T
N3_kudriavzevii	0.00521718431509	1	155	C	T
N3_kudriavzevii	0.00556937410091	2	425	C	T
N3_N4	0.00036309112252	2	284	C	T
N3_N4	0.000411896337525	2	299	C	T
N3_N4	0.000468323573653	1	125	G	A
N3_N4	0.000803700340962	2	65	T	C
N3_N4	0.00154832019949	2	188	A	G
N3_N4	0.00163631040509	1	383	T	C
N3_N4	0.00189064662108	2	200	C	T
N3_N4	0.00206616321934	1	407	G	A
N3_N4	0.00224089463474	1	146	C	T
N4_mikatae	0.000353354603434	1	170	C	G
N4_mikatae	0.000957999240345	2	449	T	C
N4_mikatae	0.00146772893799	1	320	A	G
N4_mikatae	0.00148038732626	2	378	G	A
N4_mikatae	0.001665761689	2	467	G	A
N4_mikatae	0.00240591817222	1	428	T	C
N4_mikatae	0.0025277553621	2	176	T	C
N4_mikatae	0.0026250375745	2	362	T	C
N4_mikatae	0.00286954310274	2	287	C	T
N4_mikatae	0.00300517216716	2	404	C	T
N4_mikatae	0.00301651518054	2	2	C	T
N4_mikatae	0.00331389565685	2	65	C	T
N4_mikatae	0.00369540434643	2	347	A	G
N4_mikatae	0.00383343760475	2	305	A	G
N4_mikatae	0.00384476052771	2	479	T	C
N4_mikatae	0.00385897464966	1	191	G	T
N4_mikatae	0.00388979438018	2	416	T	C
N4_mikatae	0.00391033109697	2	320	A	G
N4_N5	0.000309399766945	1	14	T	C
N4_N5	0.000410675290696	2	242	G	A
N4_N5	0.000491492966392	2	238	A	G
N4_N5	0.000668870971578	1	428	T	C
N4_N5	0.000964697681573	2	479	T	C
N4_N5	0.00112371569307	1	260	A	G
N4_N5	0.00120161763499	2	191	G	A
N4_N5	0.00146303402834	2	431	T	C
N5_paradoxus	0.000289737052154	2	68	T	C
N5_paradoxus	0.00032474966684	2	320	A	G
N5_paradoxus	0.00033839456833	2	230	C	T
N5_paradoxus	0.000381599920074	2	197	G	A
N5_paradoxus	0.000439384032234	2	387	G	C
N5_paradoxus	0.0010595599059	2	230	C	T
N5_paradoxus	0.00121856422671	2	215	T	C
N5_paradoxus	0.00140924690845	1	431	T	C
N5_paradoxus	0.00141140568068	2	44	C	T
N5_cerevisiae	0.000243447940213	1	425	C	T
N5_cerevisiae	0.000402217317127	1	374	A	G
N5_cerevisiae	0.000538007289837	1	206	T	C
N5_cerevisiae	0.000591212718497	2	491	A	G
N5_cerevisiae	0.000607399300426	1	104	G	A
N5_cerevisiae	0.000886551000646	1	278	C	T
N5_cerevisiae	0.00104613734748	2	158	G	A
N5_cerevisiae	0.0011022421758	2	218	C	T
N5_cerevisiae	0.00122912984607	1	137	C	T
N5_cerevisiae	0.00142997308535	2	104	G	A
N5_cerevisiae	0.00156538393727	2	23	G	A
N5_cerevisiae	0.00189364124345	2	161	C	T
N5_cerevisiae	0.00190284619821	2	263	A	G
N5_cerevisiae	0.00207921560471	1	125	G	A
N5_cerevisiae	0.00218991071475	2	68	T	C
N5_cerevisiae	0.00261752820936	1	107	A	G
N5_cerevisiae	0.0027281095906	2	350	G	A
N5_cerevisiae	0.00274060432299	2	431	C	T
N5_cerevisiae	0.00331358216838	1	422	C	T
N5_cerevisiae	0.00392215432463	2	314	G	A
N5_cerevisiae	0.00403111859678	1	443	C	T
