edge	time	orlg_from	orlg_to	tract_length	start_pos	stop_pos	num_diff	template_seq	overide_seq
D1_N1	0.000632887816467	2	1	1	525	525	0	A	A
D1_N1	0.000740682701296	2	1	1	70	70	0	A	A
D1_N1	0.00313916747968	2	1	1	296	296	0	T	T
D1_N1	0.00341590656608	1	2	1	268	268	0	A	A
D1_N1	0.00364007951988	1	2	1	175	175	0	C	C
D1_N1	0.00413150398907	1	2	1	107	107	0	C	C
D1_N1	0.00689484570464	2	1	1	220	220	0	C	C
D1_N1	0.00809084083002	1	2	1	686	686	0	T	T
D1_N1	0.00921927718501	2	1	1	53	53	0	C	C
D1_N1	0.0103043044944	1	2	1	398	398	0	C	C
D1_N1	0.0106531821352	1	2	1	345	345	0	T	T
D1_N1	0.0119632586579	2	1	1	53	53	0	C	C
D1_N1	0.0121819912179	2	1	1	184	184	0	A	A
D1_N1	0.0161415134942	1	2	1	751	751	0	T	T
D1_N1	0.0163114867811	1	2	1	754	754	1	A	C
D1_N1	0.0173923873821	2	1	1	589	589	0	A	A
D1_N1	0.0177888210709	2	1	1	679	679	1	A	C
D1_N1	0.0200945799286	1	2	1	476	476	0	C	C
D1_N1	0.0210150288728	2	1	1	41	41	0	T	T
D1_N1	0.0254702824281	1	2	1	232	232	0	A	A
D1_N1	0.0270558780787	2	1	1	687	687	0	G	G
D1_N1	0.0297253517611	2	1	1	249	249	0	T	T
D1_N1	0.0325198797229	2	1	1	710	710	0	G	G
D1_N1	0.0361090691933	2	1	1	228	228	0	T	T
D1_N1	0.0376060140128	1	2	1	117	117	0	T	T
D1_N1	0.0390855298642	2	1	1	296	296	0	T	T
D1_N1	0.0405669109805	1	2	1	251	251	0	T	T
D1_N1	0.0410895962665	2	1	1	708	708	0	A	A
D1_N1	0.0421773522077	2	1	1	528	528	0	G	G
D1_N1	0.0496299312796	1	2	1	0	0	0	C	C
D1_N1	0.0502180439393	2	1	1	147	147	0	T	T
D1_N1	0.0515656540594	1	2	1	625	625	0	G	G
D1_N1	0.0520153503044	2	1	1	380	380	0	T	T
D1_N1	0.0533824390929	1	2	1	112	112	0	G	G
D1_N1	0.0560107007015	2	1	1	5	5	0	T	T
D1_N1	0.05616647996	2	1	1	622	622	1	C	G
D1_N1	0.0569910677039	2	1	1	384	384	0	A	A
D1_N1	0.0571213390332	2	1	1	131	131	0	A	A
D1_N1	0.0588572003741	2	1	1	138	138	0	A	A
D1_N1	0.0608722060615	1	2	1	400	400	0	A	A
D1_N1	0.0635278369218	2	1	1	373	373	0	T	T
D1_N1	0.0655495233441	2	1	1	733	733	0	T	T
D1_N1	0.0664297048804	2	1	1	671	671	0	C	C
D1_N1	0.0668112768589	2	1	1	89	89	0	C	C
D1_N1	0.0686133138204	2	1	1	587	587	0	C	C
D1_N1	0.0701811726178	2	1	1	439	439	0	G	G
D1_N1	0.0723747475177	1	2	1	16	16	0	A	A
D1_N1	0.0732176787518	2	1	1	370	370	0	T	T
D1_N1	0.07452230392	2	1	1	208	208	1	C	T
D1_N1	0.0747862769173	2	1	1	233	233	0	G	G
D1_N1	0.0753323836024	1	2	1	309	309	0	A	A
D1_N1	0.0761553452799	1	2	1	94	94	0	A	A
D1_N1	0.0780418828073	2	1	1	177	177	0	A	A
D1_N1	0.0797592966177	2	1	1	179	179	0	T	T
D1_N1	0.0800515983984	2	1	1	239	239	0	A	A
D1_N1	0.0804788318616	1	2	1	498	498	0	T	T
D1_N1	0.0816190523652	2	1	1	216	216	1	A	C
D1_N1	0.0824554263923	2	1	1	306	306	0	A	A
D1_N1	0.0839765324013	2	1	1	372	372	0	T	T
D1_N1	0.0864113976507	2	1	1	720	720	0	T	T
D1_N1	0.0883812123752	1	2	1	109	109	0	A	A
D1_N1	0.0896603164478	1	2	1	540	540	1	G	T
D1_N1	0.0898498903479	1	2	1	760	760	0	G	G
D1_N1	0.0916823289673	1	2	1	297	297	0	T	T
D1_N1	0.0960455880919	2	1	1	714	714	0	C	C
D1_N1	0.0978401482926	2	1	1	161	161	0	T	T
D1_N1	0.0984716223859	1	2	1	210	210	0	A	A
D1_N1	0.0985243232981	2	1	1	128	128	0	A	A
D1_N1	0.100306865316	2	1	1	226	226	1	A	C
D1_N1	0.100469742374	1	2	1	526	526	0	C	C
D1_N1	0.102444552931	1	2	1	270	270	1	A	G
D1_N1	0.103224904884	1	2	1	258	258	0	T	T
D1_N1	0.104462925986	1	2	1	392	392	0	G	G
D1_N1	0.104488360439	2	1	1	712	712	0	T	T
D1_N1	0.105279449947	2	1	1	697	697	0	T	T
D1_N1	0.110071952426	1	2	1	76	76	0	T	T
D1_N1	0.111892047873	2	1	1	139	139	0	A	A
D1_N1	0.112479800102	1	2	1	226	226	0	A	A
D1_N1	0.117371557705	2	1	1	376	376	0	T	T
D1_N1	0.124558642868	1	2	1	565	565	0	C	C
D1_N1	0.125300297044	1	2	1	469	469	0	T	T
D1_N1	0.127722987872	2	1	1	630	630	0	A	A
D1_N1	0.130781141454	1	2	1	146	146	0	G	G
D1_N1	0.133993278719	1	2	1	702	702	0	T	T
D1_N1	0.134358095439	1	2	1	757	757	0	G	G
D1_N1	0.13661352321	2	1	1	632	632	0	G	G
D1_N1	0.139804753322	1	2	1	516	516	0	T	T
D1_N1	0.140464736511	2	1	1	2	2	1	A	T
D1_N1	0.141053960413	1	2	1	667	667	1	A	G
D1_N1	0.141857480179	1	2	1	461	461	0	A	A
D1_N1	0.143678670979	1	2	1	641	641	0	A	A
D1_N1	0.149485121799	1	2	1	270	270	0	A	A
D1_N1	0.149963329613	1	2	1	207	207	0	A	A
D1_N1	0.15148105044	1	2	1	267	267	0	T	T
D1_N1	0.153003681197	1	2	1	668	668	0	A	A
D1_N1	0.15427171298	1	2	1	591	591	0	A	A
D1_N1	0.15785738276	1	2	1	711	711	0	G	G
D1_N1	0.158242242506	2	1	1	104	104	1	A	C
D1_N1	0.158722733755	1	2	1	645	645	0	A	A
D1_N1	0.15901387028	1	2	1	743	743	0	C	C
D1_N1	0.159640431416	1	2	1	676	676	0	T	T
D1_N1	0.162904058528	2	1	1	650	650	0	A	A
D1_N1	0.165473420767	1	2	1	715	715	0	G	G
D1_N1	0.166182707698	1	2	1	429	429	0	C	C
D1_N1	0.167085588508	1	2	1	626	626	0	G	G
D1_N1	0.1685382762	1	2	1	147	147	0	T	T
D1_N1	0.169850411341	2	1	1	747	747	1	C	G
D1_N1	0.172677591494	2	1	1	524	524	0	A	A
D1_N1	0.175539275216	1	2	1	74	74	0	C	C
D1_N1	0.175993884685	2	1	1	111	111	0	G	G
D1_N1	0.177430182954	1	2	1	61	61	0	C	C
D1_N1	0.178229683532	2	1	1	352	352	0	G	G
D1_N1	0.179885312575	2	1	1	434	434	0	C	C
D1_N1	0.184013951822	1	2	1	534	534	0	A	A
D1_N1	0.184094294326	2	1	1	311	311	1	T	C
D1_N1	0.184222588929	2	1	1	392	392	0	G	G
D1_N1	0.184401236343	1	2	1	590	590	1	T	A
D1_N1	0.184496513827	1	2	1	713	713	0	T	T
D1_N1	0.184793394953	2	1	1	675	675	0	A	A
D1_N1	0.18670132678	1	2	1	431	431	1	G	C
D1_N1	0.189052092676	2	1	1	587	587	0	C	C
D1_N1	0.191698202006	2	1	1	760	760	0	G	G
D1_N1	0.192030557267	1	2	1	411	411	0	A	A
D1_N1	0.192489928217	1	2	1	102	102	0	A	A
D1_N1	0.193434772331	2	1	1	129	129	1	A	G
D1_N1	0.193926927991	2	1	1	581	581	0	T	T
D1_N1	0.194459089808	2	1	1	208	208	1	A	C
D1_N1	0.195319886225	1	2	1	197	197	0	T	T
D1_N1	0.199019601521	2	1	1	141	141	1	A	C
D1_N1	0.205268194886	2	1	1	571	571	0	T	T
D1_N1	0.206072728035	2	1	1	478	478	0	C	C
D1_N1	0.206813880274	1	2	1	585	585	0	T	T
D1_N1	0.207527347451	1	2	1	231	231	1	T	C
D1_N1	0.208355079018	2	1	1	471	471	0	G	G
D1_N1	0.208926120407	2	1	1	176	176	1	G	A
D1_N1	0.215146577122	2	1	1	427	427	0	T	T
D1_N1	0.215659106209	2	1	1	388	388	0	A	A
D1_N1	0.215662367368	2	1	1	126	126	0	T	T
D1_N1	0.215839713206	2	1	1	636	636	0	G	G
D1_N1	0.216764696189	2	1	1	251	251	0	T	T
D1_N1	0.217684128705	1	2	1	306	306	0	A	A
D1_N1	0.217706854784	2	1	1	504	504	0	T	T
D1_N1	0.218778109608	2	1	1	90	90	0	T	T
D1_N1	0.219198968609	1	2	1	379	379	1	A	T
D1_N1	0.221903858317	1	2	1	442	442	0	A	A
D1_N1	0.223332172237	2	1	1	137	137	0	A	A
D1_N1	0.223350544338	1	2	1	377	377	0	A	A
D1_N1	0.223629195327	2	1	1	240	240	1	T	C
D1_N1	0.224989328879	2	1	1	96	96	1	T	C
D1_N1	0.226798733533	1	2	1	432	432	0	C	C
D1_N1	0.226997196147	1	2	1	728	728	1	A	T
D1_N1	0.232206069497	1	2	1	243	243	1	T	G
D1_N1	0.233748751069	2	1	1	561	561	0	T	T
N1_N2	0.000526173359565	2	1	1	497	497	0	T	T
N1_N2	0.000784935950957	1	2	1	28	28	1	A	C
N1_N2	0.00159064221433	1	2	1	752	752	1	C	T
N1_N2	0.00224298873053	2	1	1	292	292	0	G	G
N1_N2	0.00305100651769	1	2	1	490	490	0	T	T
N1_N2	0.00528288721239	1	2	1	562	562	1	A	C
N1_N2	0.00665360221329	1	2	1	735	735	0	G	G
N1_N2	0.00733377793505	2	1	1	286	286	1	A	G
N1_N2	0.0138626763742	2	1	1	651	651	0	C	C
N1_N2	0.0155225631232	2	1	1	565	565	0	C	C
N2_N3	0.000314248920253	2	1	1	415	415	1	T	C
N2_N3	0.00197837263357	1	2	1	569	569	0	C	C
N2_N3	0.00319839545458	1	2	1	461	461	0	A	A
N2_N3	0.00418168962788	2	1	1	695	695	0	T	T
N2_N3	0.00476450364871	1	2	1	654	654	0	A	A
N3_N4	0.000496139643332	2	1	1	38	38	0	T	T
N3_N4	0.000844564794714	1	2	1	386	386	1	G	C
N3_N4	0.00234260345694	2	1	1	610	610	0	C	C
N3_N4	0.0024202896825	2	1	1	752	752	0	C	C
N3_N4	0.00282894172539	1	2	1	179	179	1	T	G
N3_N4	0.005791879568	2	1	1	138	138	0	A	A
N3_N4	0.00663182261244	2	1	1	503	503	0	T	T
N3_N4	0.0089153809869	2	1	1	316	316	0	G	G
N4_Human	0.00153791484096	2	1	1	346	346	0	T	T
N4_Human	0.00172168192409	1	2	1	52	52	0	T	T
N4_Human	0.00180131863229	2	1	1	641	641	0	A	A
N4_Human	0.00217340052018	1	2	1	605	605	0	C	C
N4_Human	0.0027140186942	2	1	1	299	299	1	T	A
N4_Human	0.00340500408984	2	1	1	319	319	1	T	C
N4_Human	0.00381253361724	1	2	1	175	175	1	T	C
N4_Human	0.00523984179165	2	1	1	313	313	0	T	T
N4_Human	0.00611583609676	1	2	1	83	83	1	G	A
N4_Human	0.00842014006458	1	2	1	625	625	0	G	G
N4_Human	0.00870402603682	1	2	1	443	443	0	T	T
N4_Chimp	0.00371453638995	1	2	1	158	158	0	G	G
N4_Chimp	0.00535460330149	2	1	1	250	250	0	G	G
N4_Chimp	0.00553064296108	1	2	1	311	311	0	T	T
N4_Chimp	0.00567648587569	2	1	1	255	255	1	T	G
N4_Chimp	0.0065202542035	2	1	1	287	287	0	T	T
N4_Chimp	0.00692081934708	1	2	1	712	712	1	T	A
N4_Chimp	0.00799933276153	1	2	1	493	493	1	G	A
N4_Chimp	0.00839052548283	2	1	1	746	746	0	C	C
N4_Chimp	0.00897980150439	1	2	1	617	617	1	T	A
N4_Chimp	0.00927225503458	2	1	1	89	89	0	C	C
N4_Chimp	0.0104959115275	1	2	1	98	98	1	C	T
N3_Goril	0.00475866031047	1	2	1	74	74	0	C	C
N3_Goril	0.00528455775283	1	2	1	607	607	0	A	A
N3_Goril	0.00576070842552	1	2	1	145	145	1	T	G
N3_Goril	0.0077221706557	2	1	1	729	729	1	T	C
N3_Goril	0.00919095869829	1	2	1	184	184	1	A	G
N3_Goril	0.0142313000858	1	2	1	588	588	0	T	T
N3_Goril	0.0153577466286	2	1	1	221	221	0	G	G
N3_Goril	0.0178502639277	1	2	1	464	464	1	A	T
N3_Goril	0.0183876011677	1	2	1	370	370	0	T	T
N3_Goril	0.0199946448904	2	1	1	247	247	0	G	G
N2_Orang	0.00289300790558	2	1	1	267	267	1	G	T
N2_Orang	0.00417150850402	1	2	1	512	512	1	A	T
N2_Orang	0.00432101355965	2	1	1	313	313	0	T	T
N2_Orang	0.00476894273545	2	1	1	392	392	0	G	G
N2_Orang	0.00539526022825	1	2	1	377	377	0	A	A
N2_Orang	0.00583375865938	2	1	1	697	697	1	T	C
N2_Orang	0.0060155050436	2	1	1	327	327	0	G	G
N2_Orang	0.00615280028412	2	1	1	144	144	0	C	C
N2_Orang	0.00623180056161	2	1	1	649	649	0	G	G
N2_Orang	0.00948685379809	1	2	1	19	19	0	G	G
N2_Orang	0.00982936873937	1	2	1	87	87	0	G	G
N2_Orang	0.0100332165545	1	2	1	434	434	0	C	C
N2_Orang	0.0104393029632	2	1	1	684	684	0	C	C
N2_Orang	0.0117918003368	2	1	1	74	74	0	C	C
N2_Orang	0.0126022136372	2	1	1	43	43	0	C	C
N2_Orang	0.0138973956589	2	1	1	759	759	0	A	A
N2_Orang	0.0160853614433	1	2	1	219	219	0	T	T
N2_Orang	0.0170374833769	1	2	1	701	701	1	A	G
N1_Macaq	0.00166262825355	2	1	1	165	165	0	T	T
N1_Macaq	0.00493802161881	1	2	1	104	104	0	A	A
N1_Macaq	0.00524986805587	2	1	1	271	271	1	G	T
N1_Macaq	0.00707517360973	1	2	1	254	254	0	A	A
N1_Macaq	0.0155365317202	2	1	1	168	168	0	T	T
N1_Macaq	0.0172751125189	1	2	1	678	678	0	T	T
N1_Macaq	0.0179180312622	1	2	1	248	248	0	T	T
N1_Macaq	0.0192927392168	1	2	1	210	210	0	A	A
N1_Macaq	0.020235032408	2	1	1	175	175	1	C	T
N1_Macaq	0.0216777230477	2	1	1	587	587	0	C	C
N1_Macaq	0.0218509468399	1	2	1	337	337	0	A	A
N1_Macaq	0.0225735909598	1	2	1	236	236	0	A	A
N1_Macaq	0.0226726178303	1	2	1	223	223	1	A	C
N1_Macaq	0.0227722072987	2	1	1	302	302	1	G	A
N1_Macaq	0.0247008497501	2	1	1	661	661	1	T	G
N1_Macaq	0.0260144012947	1	2	1	258	258	1	G	T
N1_Macaq	0.0292967247926	2	1	1	17	17	0	C	C
N1_Macaq	0.03129762124	1	2	1	357	357	0	A	A
N1_Macaq	0.0339706096111	1	2	1	602	602	0	C	C
N1_Macaq	0.0349387607123	2	1	1	491	491	1	C	T
N1_Macaq	0.0375507284146	1	2	1	63	63	0	A	A
N1_Macaq	0.038715845455	2	1	1	387	387	0	T	T
N1_Macaq	0.0413750914907	2	1	1	574	574	1	C	G
