edge	time	mut_orlg	mut_pos	old_state	new_state
N0_kluyveri	0.000710231912415	0	314	T	C
N0_kluyveri	0.00118598745355	0	8	G	A
N0_kluyveri	0.00119911512542	0	246	A	G
N0_kluyveri	0.00122815322266	0	380	G	A
N0_kluyveri	0.00135513709134	0	452	C	T
N0_kluyveri	0.00168689471874	0	371	A	G
N0_kluyveri	0.00189467421825	0	179	C	T
N0_kluyveri	0.0021554062751	0	274	C	T
N0_kluyveri	0.00246288630408	0	155	G	A
N0_kluyveri	0.0028273017704	0	467	A	T
N0_kluyveri	0.003676108302	0	314	C	T
N0_kluyveri	0.00413261415146	0	44	G	A
N0_kluyveri	0.00418506007558	0	359	A	G
N0_kluyveri	0.00418554148186	0	470	G	A
N0_kluyveri	0.00421652812033	0	425	C	T
N0_kluyveri	0.00434167367312	0	83	A	G
N0_kluyveri	0.00503986466963	0	107	T	A
N0_kluyveri	0.00563004464	0	472	T	C
N0_kluyveri	0.00580781163718	0	473	T	C
N0_kluyveri	0.00661826630373	0	116	A	T
N0_kluyveri	0.00680448853374	0	173	G	A
N0_kluyveri	0.00776252115349	0	137	C	T
N0_kluyveri	0.00795419802014	0	392	T	C
N0_kluyveri	0.0085992252758	0	386	A	T
N0_kluyveri	0.00995791271266	0	467	T	C
N0_kluyveri	0.0100239674873	0	227	G	A
N0_kluyveri	0.0109802677919	0	392	C	T
N0_kluyveri	0.0113540469734	0	28	G	A
N0_kluyveri	0.01144882928	0	224	C	T
N0_kluyveri	0.0115049589902	0	428	G	A
N0_kluyveri	0.0124201936782	0	38	C	T
N0_kluyveri	0.0130162660326	0	233	C	T
N0_kluyveri	0.0131519542761	0	254	C	G
N0_kluyveri	0.0134125080728	0	371	G	A
N0_kluyveri	0.0137704451862	0	377	C	G
N0_D1	0.000815928540031	0	302	A	G
N0_D1	0.000833476482864	0	50	C	G
N0_D1	0.00104502653205	0	131	G	A
N0_D1	0.00131643360701	0	62	T	A
N0_D1	0.0014140101054	0	5	T	C
D1_N1	0.000185636448543	2	392	T	C
D1_N1	0.000255542856268	1	410	C	T
D1_N1	0.00041787379556	1	35	A	G
D1_N1	0.0004680525107	1	485	C	T
D1_N1	0.0005270887424	2	41	C	T
D1_N1	0.000680558144839	2	203	T	C
D1_N1	0.000735862944642	1	440	T	C
D1_N1	0.000883786068946	1	107	T	C
D1_N1	0.000959330373163	1	383	T	C
D1_N1	0.00133265189724	1	161	A	G
D1_N1	0.00133586327127	1	200	G	A
D1_N1	0.00150446156528	2	103	C	T
D1_N1	0.00163946188417	2	44	G	A
D1_N1	0.00190361484876	2	401	G	A
D1_N1	0.00232256672881	1	215	T	G
D1_N1	0.00237655856647	2	296	A	G
D1_N1	0.00247599939091	2	298	T	C
D1_N1	0.0024944070276	2	383	T	C
D1_N1	0.00252957763832	2	311	A	G
D1_N1	0.00268080987399	2	17	G	A
D1_N1	0.00326307024544	1	41	C	T
N1_castellii	2.91929263567e-06	2	306	A	G
N1_castellii	0.000544901676071	1	333	T	G
N1_castellii	0.000628864101814	2	131	A	G
N1_castellii	0.000722760512042	2	368	A	G
N1_castellii	0.00108973194801	1	161	G	A
N1_castellii	0.00113580918809	1	332	A	G
N1_castellii	0.0015183404512	2	266	T	G
N1_castellii	0.00215969168744	1	356	A	G
N1_castellii	0.00215975886385	2	151	T	C
N1_castellii	0.0028377136535	1	290	T	A
N1_castellii	0.00326819152212	2	372	A	G
N1_castellii	0.00330557104931	1	86	A	G
N1_castellii	0.00331246770985	2	440	T	A
N1_castellii	0.00411467405198	2	293	T	C
N1_castellii	0.00430250264819	2	134	A	G
N1_castellii	0.00442875539724	2	320	C	T
N1_castellii	0.00506578612922	2	488	T	C
N1_castellii	0.00551658175578	1	323	T	C
N1_castellii	0.00570817056735	2	365	A	C
N1_castellii	0.00588619609345	1	440	C	T
N1_castellii	0.00592993529504	1	233	C	T
N1_castellii	0.00629432402964	2	488	C	A
N1_castellii	0.00639145244531	2	467	A	G
N1_castellii	0.00643152994353	1	276	A	G
N1_castellii	0.00650305044965	1	101	T	C
N1_castellii	0.00652407169011	1	272	A	G
N1_castellii	0.00654755501535	2	86	A	G
N1_castellii	0.00658601471586	1	263	G	A
N1_castellii	0.00677372850396	2	356	A	G
N1_castellii	0.00693227757426	2	137	C	T
N1_castellii	0.00707091681984	2	53	G	A
N1_castellii	0.00731136647038	2	41	T	G
N1_castellii	0.00762487526087	1	425	C	T
N1_castellii	0.0079024302547	2	137	T	C
N1_castellii	0.00805781160883	1	305	T	G
N1_castellii	0.00829059430702	2	487	A	G
N1_castellii	0.00841651938673	1	59	A	G
N1_castellii	0.00858148550456	2	488	A	G
N1_castellii	0.00864328258026	2	331	G	T
N1_castellii	0.00927024101973	2	218	C	T
N1_castellii	0.00932715408277	2	281	C	T
N1_castellii	0.00933994721052	2	65	C	G
N1_castellii	0.00965508036915	1	131	A	C
N1_castellii	0.00979495332712	2	284	A	G
N1_castellii	0.00987019166202	2	242	G	A
N1_castellii	0.00989491393628	2	149	A	G
N1_castellii	0.0102000879852	1	482	C	T
N1_castellii	0.0106521254596	2	92	G	A
N1_castellii	0.010655084173	2	290	T	C
N1_castellii	0.0109601611048	2	452	C	T
N1_castellii	0.0110372509586	1	416	C	T
N1_castellii	0.0114890740763	1	167	A	G
N1_castellii	0.0115297422406	2	317	G	A
N1_castellii	0.0115782764342	2	11	G	T
N1_castellii	0.0116024593932	2	344	C	T
N1_castellii	0.0117228803623	1	380	G	A
N1_castellii	0.0121663598132	2	347	C	T
N1_castellii	0.0129394987389	1	215	G	A
N1_castellii	0.0129403981076	1	143	C	G
N1_castellii	0.0129579228577	2	110	T	C
N1_N2	6.70377798962e-05	1	360	G	A
N1_N2	0.000300890684962	2	86	A	G
N1_N2	0.000513786023148	2	40	C	T
N1_N2	0.000763707329422	1	413	C	T
N1_N2	0.000870396651923	2	203	C	T
N1_N2	0.00139915295993	1	52	T	C
N1_N2	0.00186004273426	1	5	C	T
N1_N2	0.00200709874176	2	233	C	T
N1_N2	0.00203912319386	1	8	G	A
N1_N2	0.0020979789368	2	329	C	T
N1_N2	0.00241038695372	1	23	T	C
N1_N2	0.00275682924317	2	200	G	A
N1_N2	0.00323735172229	2	152	G	A
N1_N2	0.00331789298415	2	71	C	T
N1_N2	0.00370433185268	1	254	C	T
N1_N2	0.00378570840297	2	218	C	G
N1_N2	0.00405121438626	2	24	T	C
N1_N2	0.0040744884525	2	53	G	C
N1_N2	0.00432678598799	2	491	T	C
N1_N2	0.00436670756244	2	218	G	A
N1_N2	0.00461308984806	1	20	A	G
N1_N2	0.00469368433382	1	83	A	G
N1_N2	0.00494844224891	1	44	G	A
N1_N2	0.00505869900895	1	312	G	A
N1_N2	0.00527792857474	2	80	A	G
N1_N2	0.00562018185834	2	98	A	G
N1_N2	0.00585407994153	1	281	C	T
N1_N2	0.00681095499411	1	446	G	A
N1_N2	0.00683983054355	2	296	G	A
N1_N2	0.00690567578185	2	23	T	C
N1_N2	0.00705575623395	2	452	C	T
N1_N2	0.00737723850305	1	308	A	G
N1_N2	0.00739762536624	1	311	A	G
N1_N2	0.00774282491135	1	122	G	A
N1_N2	0.00778889639556	1	479	A	G
N1_N2	0.00796356525463	2	254	C	T
N1_N2	0.00810921675603	1	92	G	A
N1_N2	0.00876256507754	1	116	A	G
N1_N2	0.00894757649167	1	233	C	T
N1_N2	0.00916035713671	2	491	C	T
N1_N2	0.00919748054461	1	308	G	A
N1_N2	0.00926199402989	1	479	G	C
N1_N2	0.00984285680347	1	398	G	A
N1_N2	0.0100290566424	1	446	A	G
N1_N2	0.0105406436674	2	86	G	A
N1_N2	0.0105915610082	2	110	T	C
N1_N2	0.0105964342563	2	275	G	T
N1_N2	0.0109752516501	2	434	T	C
N1_N2	0.0111489845113	1	329	C	T
N1_N2	0.0111659742409	2	305	T	C
N1_N2	0.0112741099355	2	161	A	C
N1_N2	0.0115908187826	2	314	T	C
N1_N2	0.012145408243	1	116	G	A
N1_N2	0.0121655027976	1	281	T	G
N1_N2	0.0123547362663	2	179	C	T
N1_N2	0.0123908701241	2	341	C	T
N1_N2	0.0125602728845	1	185	A	G
N1_N2	0.0129259530719	1	56	C	T
N1_N2	0.0129775259148	1	428	G	A
N1_N2	0.013176982548	2	380	G	A
N1_N2	0.0134399420978	1	272	A	G
N1_N2	0.0135858273623	1	215	G	A
N1_N2	0.014085586319	1	473	T	C
N1_N2	0.0142101086376	2	143	C	T
N1_N2	0.0142952964409	1	407	C	T
N1_N2	0.014437108998	2	51	G	A
N1_N2	0.0149112479259	1	76	A	G
N1_N2	0.0150402282894	2	335	T	C
N1_N2	0.0156646447204	1	239	A	G
N1_N2	0.015671848699	2	20	A	G
N1_N2	0.0158101791773	1	473	C	T
N2_bayanus	0.000354103821965	2	386	A	C
N2_bayanus	0.000610604498741	1	242	G	A
N2_bayanus	0.000646853454108	1	374	A	G
N2_bayanus	0.000667754114709	1	479	C	T
N2_bayanus	0.00143601860955	1	185	G	A
N2_bayanus	0.00165614269757	1	281	G	A
N2_bayanus	0.00199479872235	1	11	G	A
N2_bayanus	0.00225803581854	2	482	C	T
N2_N3	0.000379615253788	2	35	A	G
N2_N3	0.000847073363067	2	374	A	G
N2_N3	0.00101319292271	2	89	G	A
N2_N3	0.00109020175326	1	464	G	A
N2_N3	0.0011548393752	1	53	G	A
N2_N3	0.00145047753794	1	437	G	A
N3_kudriavzevii	0.000104008987201	2	227	G	A
N3_kudriavzevii	0.000222700384784	2	94	C	T
N3_kudriavzevii	0.000459150199827	1	325	A	G
N3_kudriavzevii	0.000574822814297	1	320	C	T
N3_kudriavzevii	0.000781531928639	1	326	G	A
N3_kudriavzevii	0.0009398753574	1	107	C	T
N3_kudriavzevii	0.0010468986795	1	434	T	A
N3_kudriavzevii	0.00135389082479	1	236	A	G
N3_kudriavzevii	0.00172104419119	1	452	C	T
N3_kudriavzevii	0.00218104415824	2	122	G	A
N3_kudriavzevii	0.00233856209743	1	146	G	A
N3_kudriavzevii	0.00258882808249	2	211	T	C
N3_kudriavzevii	0.00273439800653	1	32	A	G
N3_kudriavzevii	0.00310850313608	2	312	G	A
N3_kudriavzevii	0.00317383960897	2	380	A	G
N3_kudriavzevii	0.00358663920754	2	347	C	T
N3_kudriavzevii	0.00473643351578	2	167	A	T
N3_kudriavzevii	0.00484326003002	1	65	C	T
N3_kudriavzevii	0.00486204235762	2	449	G	A
N3_kudriavzevii	0.00494513776161	1	308	A	G
N3_kudriavzevii	0.00540768253012	1	278	T	C
N3_kudriavzevii	0.0057701224863	2	380	G	A
N3_kudriavzevii	0.00585884926005	2	413	C	T
N3_N4	9.14880402336e-05	1	23	C	T
N3_N4	0.00042151283839	1	323	T	C
N3_N4	0.000775809034149	1	17	G	A
N3_N4	0.0013039555604	2	296	A	T
N3_N4	0.00147441205397	2	194	T	C
N3_N4	0.00196246053572	2	175	C	T
N4_mikatae	0.000101586266973	2	104	C	T
N4_mikatae	0.000368890785172	1	425	C	T
N4_mikatae	0.000468019438067	1	251	C	T
N4_mikatae	0.00075229661368	2	278	T	C
N4_mikatae	0.000758477023005	2	385	G	A
N4_mikatae	0.00105246022693	2	380	A	G
N4_mikatae	0.00108614794345	1	173	G	A
N4_mikatae	0.00118163870593	2	293	T	C
N4_mikatae	0.0012779336544	1	446	G	A
N4_mikatae	0.0014909196375	2	458	G	A
N4_mikatae	0.00206157086954	2	485	C	T
N4_mikatae	0.00222843205995	2	77	C	T
N4_mikatae	0.00223516013535	2	290	T	C
N4_mikatae	0.00273544518896	2	419	A	G
N4_mikatae	0.00302666298487	2	374	G	A
N4_mikatae	0.00302716800321	1	125	G	A
N4_mikatae	0.00351445004014	2	110	C	T
N4_mikatae	0.00383759849745	1	230	A	C
N4_mikatae	0.00392491780579	1	380	G	A
N4_N5	0.000116934076588	2	338	T	C
N4_N5	0.00135199479664	2	467	A	G
N4_N5	0.00137693173519	1	379	T	C
N4_N5	0.00141303227384	1	123	G	A
N5_paradoxus	4.20807536116e-05	2	293	T	C
N5_paradoxus	0.000729885241245	1	74	T	C
N5_paradoxus	0.000777414154012	1	195	C	T
N5_paradoxus	0.0010516743508	1	242	G	A
N5_paradoxus	0.00116953339471	2	392	C	T
N5_paradoxus	0.0012312695976	2	364	A	G
N5_cerevisiae	0.000971038360051	1	35	G	A
N5_cerevisiae	0.000992940524731	1	17	A	G
N5_cerevisiae	0.00117709273846	2	62	A	G
N5_cerevisiae	0.00120425597301	1	410	T	C
N5_cerevisiae	0.00177318021704	2	11	G	A
N5_cerevisiae	0.0020172513337	2	440	T	C
N5_cerevisiae	0.00213141338522	2	398	G	A
N5_cerevisiae	0.00254164956288	2	110	C	T
N5_cerevisiae	0.0025640510964	2	320	C	T
N5_cerevisiae	0.00258816627037	2	272	A	G
N5_cerevisiae	0.00273399167437	2	362	C	T
N5_cerevisiae	0.00276984949263	2	182	A	G
N5_cerevisiae	0.00299016070851	2	71	T	C
N5_cerevisiae	0.00320197404701	1	389	A	G
N5_cerevisiae	0.00351791819439	1	401	G	A
N5_cerevisiae	0.0035456225644	1	347	C	T
N5_cerevisiae	0.00366314459932	1	141	C	T
N5_cerevisiae	0.00370718695653	2	308	A	G
N5_cerevisiae	0.00386294191244	1	149	A	G
