edge	time	mut_orlg	mut_pos	old_state	new_state
N0_D1	0.00150588565738	0	501	G	A
N0_D1	0.00311032282768	0	674	A	T
N0_D1	0.00342893670424	0	583	A	T
N0_D1	0.00368862492729	0	824	A	T
N0_D1	0.00492931082924	0	73	G	T
N0_D1	0.00644888633517	0	573	A	T
N0_D1	0.00691644089355	0	3	C	T
N0_D1	0.00748648745133	0	173	G	A
N0_D1	0.00776068536422	0	1447	T	C
N0_D1	0.00831628011719	0	235	C	G
N0_D1	0.0100830609132	0	794	A	G
N0_D1	0.0102652698602	0	918	C	T
N0_D1	0.010757779197	0	971	A	G
N0_D1	0.0110060141934	0	327	A	T
N0_D1	0.0110702596376	0	141	A	G
N0_D1	0.0112099001182	0	962	A	G
N0_D1	0.012109466366	0	115	A	T
N0_D1	0.0122993795839	0	1348	A	T
N0_D1	0.0129801661931	0	1407	A	T
N0_D1	0.0136561288304	0	495	A	C
N0_D1	0.0140601289535	0	323	A	T
N0_D1	0.0141832258573	0	128	G	A
N0_D1	0.0145781699217	0	987	T	C
N0_D1	0.0150316694136	0	425	G	C
N0_D1	0.0178844220476	0	1429	T	A
N0_D1	0.0184772736536	0	139	A	T
N0_D1	0.0185956427951	0	884	G	A
N0_D1	0.0192977998084	0	1518	T	A
N0_D1	0.0197154719794	0	864	G	A
N0_D1	0.0199875911961	0	925	A	T
N0_D1	0.0212395662373	0	104	G	T
N0_D1	0.0225641098663	0	270	T	C
N0_D1	0.0235204497171	0	24	C	A
N0_D1	0.0242272333066	0	706	C	G
N0_D1	0.0242910448301	0	152	T	C
N0_D1	0.0271131286373	0	76	T	A
N0_D1	0.0276732981991	0	707	G	A
N0_D1	0.0280633434812	0	24	A	G
N0_D1	0.0285374825181	0	73	T	G
N0_D1	0.0292298312459	0	1276	C	G
N0_D1	0.0313181662397	0	201	C	T
N0_D1	0.0315330345328	0	759	T	A
N0_D1	0.0321366288343	0	1010	A	G
N0_D1	0.0331693798468	0	931	C	T
N0_D1	0.0332402783738	0	115	T	C
N0_D1	0.0335422511751	0	1321	T	C
N0_D1	0.0335614189621	0	1557	T	C
N0_D1	0.0338259871579	0	367	A	T
N0_D1	0.0346435561882	0	1284	C	G
N0_D1	0.0349147087066	0	1088	G	A
N0_D1	0.0350109784314	0	1335	A	C
N0_D1	0.0357723783979	0	1078	T	C
N0_D1	0.0358848678528	0	204	G	A
N0_D1	0.0362670642539	0	1311	A	T
N0_D1	0.0371313965005	0	1411	G	C
N0_D1	0.037543455636	0	1204	T	G
N0_D1	0.0375621391442	0	971	G	A
N0_D1	0.0392244843232	0	1384	A	T
N0_D1	0.0402363803581	0	1031	A	T
N0_D1	0.040518355843	0	1173	A	G
N0_D1	0.0408960394442	0	777	G	T
N0_D1	0.0410740526411	0	468	T	C
N0_D1	0.0413049531291	0	15	T	A
N0_D1	0.0413222737523	0	772	A	G
N0_D1	0.0420752905802	0	1300	C	T
N0_D1	0.0422082489464	0	273	G	A
N0_D1	0.0426681335592	0	1230	T	G
N0_D1	0.042726576219	0	160	T	G
N0_D1	0.0427405966617	0	665	C	T
N0_D1	0.0430849897388	0	547	A	T
N0_D1	0.043196520788	0	771	G	C
N0_D1	0.0432941190971	0	872	G	T
N0_D1	0.0434191595882	0	71	T	G
N0_D1	0.0437994378985	0	639	A	G
N0_D1	0.0449958580022	0	139	T	G
N0_D1	0.0453215773469	0	1066	T	C
N0_D1	0.0453769282579	0	865	T	A
N0_D1	0.0462322454127	0	40	C	T
N0_D1	0.0473586042485	0	1046	C	T
N0_D1	0.0475855564293	0	1117	A	C
N0_D1	0.0482331692523	0	1215	C	G
N0_D1	0.0494781529749	0	841	G	C
N0_D1	0.0498157242629	0	1541	A	G
D1_N1	0.000266580559989	1	1008	T	A
D1_N1	0.00129671785169	1	542	T	C
D1_N1	0.00165734475293	1	541	T	C
D1_N1	0.0019778880442	2	1530	C	T
D1_N1	0.00235280813562	1	686	A	G
D1_N1	0.00299513339655	1	373	T	A
D1_N1	0.003053375644	2	948	C	T
D1_N1	0.00305811400365	1	168	A	G
D1_N1	0.00324255675155	1	1534	G	T
D1_N1	0.00373727437775	1	1375	G	T
D1_N1	0.0038606233136	2	970	G	T
D1_N1	0.00411154937674	2	990	T	A
D1_N1	0.00413831760471	1	994	T	G
D1_N1	0.00419599078207	2	949	G	A
D1_N1	0.00459316022933	1	66	A	G
D1_N1	0.00460265741993	1	1269	C	A
D1_N1	0.00465620944102	2	265	C	G
D1_N1	0.005361749241	2	723	A	G
D1_N1	0.00540112979093	1	848	A	T
D1_N1	0.0056390002321	1	444	G	A
D1_N1	0.00637680246394	2	1058	G	C
D1_N1	0.00689083714173	2	1030	A	G
D1_N1	0.00725027343241	1	479	G	C
D1_N1	0.00734959892991	1	714	G	A
D1_N1	0.00791964309467	2	1318	T	A
D1_N1	0.00842821808434	2	837	G	A
D1_N1	0.00851787815118	2	999	A	G
D1_N1	0.00871947807012	1	4	A	G
D1_N1	0.00921716161196	2	963	T	C
D1_N1	0.00923324977471	1	725	G	C
D1_N1	0.00923471078463	2	528	T	A
D1_N1	0.00942033843749	2	1363	T	C
D1_N1	0.00999988526624	1	270	C	T
D1_N1	0.0101823164524	1	404	G	A
D1_N1	0.0106033134014	2	1095	C	T
D1_N1	0.0106514387566	2	1420	A	C
D1_N1	0.010793273908	2	952	T	C
D1_N1	0.0114354395142	2	1324	T	C
D1_N1	0.0127107585984	1	1509	G	T
D1_N1	0.0132057081151	2	536	A	C
D1_N1	0.0135548121402	1	114	G	C
D1_N1	0.0138484363281	2	602	C	T
D1_N1	0.0139851485826	1	532	A	G
D1_N1	0.0140715282915	1	1541	G	T
D1_N1	0.0140893049459	2	557	T	C
D1_N1	0.0146999374762	2	318	G	A
D1_N1	0.0160053614241	2	1394	T	C
D1_N1	0.0162024834375	1	408	T	C
D1_N1	0.0164400535009	2	538	A	T
D1_N1	0.0165912715233	2	471	C	T
D1_N1	0.0169755677269	1	1210	T	G
D1_N1	0.017034039547	2	429	C	T
D1_N1	0.0178483271554	2	1565	T	G
D1_N1	0.0178531667256	2	1074	T	G
D1_N1	0.0178991210149	2	435	G	T
D1_N1	0.0180225679501	1	1139	G	A
D1_N1	0.0181599296723	1	652	T	C
D1_N1	0.0182146502064	1	78	T	C
D1_N1	0.0188477573426	1	1297	G	T
D1_N1	0.0191088853018	1	1542	G	A
D1_N1	0.0196708518646	1	156	T	C
D1_N1	0.0202209212747	2	532	A	T
D1_N1	0.0203315302863	1	897	T	C
D1_N1	0.0204909549313	1	1442	T	A
D1_N1	0.0210021604638	1	814	A	G
D1_N1	0.0210489299977	1	1096	G	A
D1_N1	0.0212897886015	2	1471	A	C
D1_N1	0.0214294682273	2	724	C	T
D1_N1	0.0217256723193	2	1060	T	A
D1_N1	0.0223959558047	2	217	T	C
D1_N1	0.0224457628129	2	536	C	T
D1_N1	0.0224587648588	1	228	G	T
D1_N1	0.02278705743	2	835	T	C
D1_N1	0.0230602658826	1	233	T	C
D1_N1	0.0232954160989	1	30	G	A
D1_N1	0.0241132980004	1	699	A	C
D1_N1	0.0244314241171	2	1018	C	G
D1_N1	0.0250359563511	2	705	G	C
D1_N1	0.0250659927744	2	1562	A	T
D1_N1	0.0250795986437	1	1471	A	C
D1_N1	0.0251645832159	2	1196	C	T
D1_N1	0.0252473066035	2	961	T	C
D1_N1	0.025697448999	1	1535	G	C
D1_N1	0.0269963797937	2	1162	A	G
D1_N1	0.0274305374301	2	1125	A	G
D1_N1	0.0276108182546	1	1462	T	C
D1_N1	0.0282827669767	1	1074	T	G
D1_N1	0.0283994143663	2	656	G	T
D1_N1	0.0286404148592	1	1437	C	T
D1_N1	0.0287264147573	2	572	T	C
D1_N1	0.0288580537418	2	189	G	A
D1_N1	0.0290520095068	1	1356	T	C
D1_N1	0.0291411848032	2	307	C	T
D1_N1	0.0294195413011	2	168	A	T
D1_N1	0.0297446123498	1	1033	T	C
D1_N1	0.03022578127	1	1439	G	T
D1_N1	0.0303184153454	2	865	A	G
D1_N1	0.0306000258706	1	685	T	C
D1_N1	0.0307546990031	1	534	A	G
D1_N1	0.0307584517418	2	110	G	T
D1_N1	0.0311714900126	1	603	T	A
D1_N1	0.0313418449642	2	332	T	A
D1_N1	0.0315205784778	1	769	G	A
D1_N1	0.0315255089835	1	1032	T	C
D1_N1	0.0316025802803	1	115	C	G
D1_N1	0.0316884781622	2	510	A	G
D1_N1	0.0325704199819	1	976	C	T
D1_N1	0.0330679332668	2	355	C	T
D1_N1	0.0333621259316	2	1178	C	T
D1_N1	0.0343621502172	2	1033	T	G
D1_N1	0.0344231701038	1	946	G	T
D1_N1	0.03462552941	2	1107	T	A
D1_N1	0.0349509977625	2	612	T	C
D1_N1	0.0350051037913	2	65	T	A
D1_N1	0.03601071796	1	1385	G	A
D1_N1	0.0362767722333	1	340	A	T
D1_N1	0.0367536912937	1	1428	C	T
D1_N1	0.036856920466	1	26	T	C
D1_N1	0.0368879823491	1	400	C	T
D1_N1	0.0369283056678	1	336	C	T
D1_N1	0.0380128344881	2	1173	G	C
D1_N1	0.0383946855284	1	955	G	A
D1_N1	0.0385451514026	2	809	T	C
D1_N1	0.0392519030864	1	354	G	T
D1_N1	0.0397004343973	2	1565	G	C
D1_N1	0.040337983899	1	194	G	A
D1_N1	0.0407979399222	2	741	C	T
D1_N1	0.041084008261	1	956	T	C
D1_N1	0.0414463433017	1	628	G	A
D1_N1	0.0416873912846	1	1236	T	A
D1_N1	0.0435103570283	1	489	A	G
D1_N1	0.0435815895262	2	510	G	A
D1_N1	0.0437004842136	2	1248	A	G
D1_N1	0.0440841558459	1	865	A	G
D1_N1	0.0442222168727	2	464	G	A
D1_N1	0.0443268732767	2	206	T	G
D1_N1	0.0452238141373	1	1342	T	C
D1_N1	0.0455382392225	1	195	A	G
D1_N1	0.0458776686693	1	276	C	G
D1_N1	0.0464070047426	1	1039	A	G
D1_N1	0.0471469220307	1	875	A	T
D1_N1	0.0473211687006	1	1401	G	C
D1_N1	0.047478467569	1	756	G	T
D1_N1	0.0475211371474	2	972	A	G
D1_N1	0.0476391217482	1	606	A	G
D1_N1	0.0479693958744	1	1166	A	T
D1_N1	0.0480635896504	2	340	A	T
D1_N1	0.0485679537143	1	439	G	A
D1_N1	0.0490793574267	1	883	A	T
D1_N1	0.0492960675813	2	1400	A	C
D1_N1	0.049818571649	1	55	G	A
D1_N1	0.0499598480854	2	1215	G	A
D1_N1	0.0500410610037	1	509	T	C
D1_N1	0.0504295162858	2	436	C	T
D1_N1	0.0508391535067	1	1097	T	C
D1_N1	0.0517747267282	1	606	G	T
D1_N1	0.0528789578212	2	458	C	T
D1_N1	0.0529063549066	1	1337	G	C
D1_N1	0.0532292773557	1	1136	A	G
D1_N1	0.0541420408294	2	1217	T	A
D1_N1	0.0544553451054	2	254	C	T
D1_N1	0.0544924817139	2	883	A	G
D1_N1	0.0545476615453	1	183	C	A
D1_N1	0.0546167359368	2	853	A	T
D1_N1	0.0546174274955	1	972	A	T
D1_N1	0.0548806585292	1	785	A	C
D1_N1	0.0550616781539	1	1126	A	G
D1_N1	0.0552503362834	2	1100	T	C
D1_N1	0.0553910854269	2	362	G	A
D1_N1	0.0557722676445	2	995	T	C
D1_N1	0.0557860465646	2	1036	T	A
D1_N1	0.0562492692881	2	1094	T	A
D1_N1	0.0568845125976	1	16	A	G
D1_N1	0.0572247515088	2	381	T	C
D1_N1	0.0588361154187	2	757	G	A
D1_N1	0.0593512662192	1	286	G	A
D1_N1	0.0596999604519	1	889	C	A
D1_N1	0.0597094071388	2	952	C	A
D1_N1	0.060103361364	2	1116	G	A
D1_N1	0.0601410222108	1	301	A	G
D1_N1	0.0607784537452	2	935	C	T
D1_N1	0.0608199921954	1	36	C	T
D1_N1	0.0608465879886	1	260	G	A
D1_N1	0.0609495521009	1	367	T	G
D1_N1	0.0611241226576	2	973	C	G
D1_N1	0.0611384095661	2	1350	T	C
D1_N1	0.0623919209707	1	535	C	T
D1_N1	0.0625603727037	2	1322	A	C
D1_N1	0.0630270588984	1	965	C	A
D1_N1	0.0631516514042	2	1527	G	A
D1_N1	0.063360841544	2	1483	T	A
D1_N1	0.0635349537323	2	1291	C	A
D1_N1	0.0639206313937	1	848	T	G
D1_N1	0.0640162346038	2	1403	G	A
D1_N1	0.0642235295982	2	18	T	G
D1_N1	0.0643390683869	2	1392	A	G
D1_N1	0.0654922440106	1	849	C	T
D1_N1	0.0660539962512	2	1410	A	T
D1_N1	0.0664071597513	1	162	A	G
D1_N1	0.0671659746226	2	1364	T	A
D1_N1	0.0671821643143	1	1266	G	A
D1_N1	0.0676343821596	1	166	C	A
D1_N1	0.0676661989427	2	396	A	T
D1_N1	0.0680524830817	1	697	A	C
D1_N1	0.0684556932559	1	544	A	T
D1_N1	0.0688307037038	1	909	G	A
D1_N1	0.0688504653847	2	586	G	T
D1_N1	0.0690179100354	1	1071	G	C
D1_N1	0.0690745364265	1	1273	A	G
D1_N1	0.069170625581	1	1091	G	T
D1_N1	0.0692336903795	1	569	G	A
D1_N1	0.0694631613695	1	577	A	G
D1_N1	0.0696013722909	2	229	A	C
D1_N1	0.0696894465838	2	1268	A	C
D1_N1	0.0697682504673	1	834	A	T
D1_N1	0.0697734449845	2	27	C	G
D1_N1	0.0702165090942	2	318	A	G
D1_N1	0.0702873674722	2	899	G	A
D1_N1	0.0703666553006	1	603	A	G
D1_N1	0.0706555135242	1	964	G	C
D1_N1	0.0714679913123	1	747	T	C
D1_N1	0.0719130604501	1	1542	A	G
D1_N1	0.0719839728677	2	715	A	T
D1_N1	0.0727972935921	2	344	A	G
D1_N1	0.0729050412697	2	699	A	C
D1_N1	0.0738645059539	2	753	G	A
D1_N1	0.074237652557	2	728	G	T
D1_N1	0.074806347789	2	218	G	C
D1_N1	0.0758323914403	1	863	G	T
D1_N1	0.0763146529743	1	857	G	A
D1_N1	0.0773429424463	1	198	G	T
D1_N1	0.0775728204472	1	933	A	C
D1_N1	0.0779102980404	2	297	T	A
D1_N1	0.0786347150168	2	1231	C	T
D1_N1	0.0786539103297	2	1155	A	G
D1_N1	0.0787375412728	2	183	C	T
D1_N1	0.0788271485406	1	964	C	T
D1_N1	0.0790532767626	2	239	G	C
D1_N1	0.0797754059673	2	669	G	C
D1_N1	0.0808933568141	1	1497	G	T
D1_N1	0.0810542404142	1	239	G	T
D1_N1	0.0817981975559	2	797	G	A
D1_N1	0.0818075625843	1	1252	C	T
D1_N1	0.0819426504859	1	567	G	A
D1_N1	0.0828503856295	1	659	G	A
D1_N1	0.0828879213503	2	942	G	A
D1_N1	0.0843280109138	1	1266	A	G
D1_N1	0.0848618328411	2	283	G	T
D1_N1	0.0849589196934	1	946	T	C
D1_N1	0.0850196008813	1	164	C	T
D1_N1	0.0850359455472	1	493	G	T
D1_N1	0.0862728243565	1	4	G	T
D1_N1	0.0865887323186	2	1066	C	T
D1_N1	0.0870298635126	1	956	C	A
D1_N1	0.0871399881656	2	173	A	G
D1_N1	0.0873310586758	1	83	T	G
D1_N1	0.0873364273245	1	611	G	A
D1_N1	0.087484678653	1	730	T	A
D1_N1	0.0874856705476	2	1349	G	A
D1_N1	0.0877576740973	1	818	G	T
D1_N1	0.0879926058561	1	836	A	G
D1_N1	0.0881547235895	2	1276	G	C
D1_N1	0.088217643542	1	1003	G	A
D1_N1	0.0883667173543	2	1261	A	G
D1_N1	0.0885730218549	2	607	G	C
D1_N1	0.0886981569433	2	434	T	C
D1_N1	0.0888415406437	2	620	T	A
D1_N1	0.089713611674	1	1264	T	C
D1_N1	0.0900743960789	1	1193	T	C
D1_N1	0.0901693728427	1	1084	A	G
D1_N1	0.0901791874465	2	1438	C	T
D1_N1	0.0908311754779	1	1558	T	C
D1_N1	0.0909018047566	1	507	C	T
D1_N1	0.0914291658052	2	1033	G	T
D1_N1	0.0914505482259	1	193	C	A
D1_N1	0.0915980894687	2	1208	T	G
D1_N1	0.092061408631	1	1256	G	C
D1_N1	0.0925218339657	1	866	A	G
D1_N1	0.0925436524104	1	1388	T	G
D1_N1	0.0929999572223	1	620	T	A
D1_N1	0.0938588189476	2	1197	A	G
D1_N1	0.0945028928421	1	963	T	C
D1_N1	0.0954799488379	2	170	G	A
D1_N1	0.0955179100623	1	55	A	G
D1_N1	0.0957981803418	2	1440	G	C
D1_N1	0.0962505097717	1	1418	A	G
D1_N1	0.0964925479663	1	175	C	G
D1_N1	0.0968556004067	1	172	C	T
D1_N1	0.0971384749906	2	210	C	T
D1_N1	0.0972437305831	2	796	C	A
D1_N1	0.0979329045416	1	499	G	A
D1_N1	0.0987171355071	2	921	A	C
D1_N1	0.0987382518819	2	1213	G	A
D1_N1	0.0989962257898	1	163	G	A
D1_N1	0.0995720149718	2	769	G	T
D1_N1	0.0997360159545	2	1086	G	A
D1_N1	0.100481624542	1	61	T	A
D1_N1	0.100520116487	1	91	A	C
D1_N1	0.100606818089	1	1127	A	T
D1_N1	0.100621530513	1	461	T	C
D1_N1	0.100857431329	2	1551	T	A
D1_N1	0.101007690867	1	153	C	T
D1_N1	0.101089725954	1	1482	C	G
D1_N1	0.101183612484	2	981	A	G
D1_N1	0.101230355168	2	912	C	T
D1_N1	0.101557965441	2	317	C	G
D1_N1	0.103168846995	1	749	T	C
D1_N1	0.103236379296	1	453	C	T
D1_N1	0.103668248051	1	816	C	G
D1_N1	0.103838165894	2	1359	A	G
D1_N1	0.104108517567	2	1064	A	G
D1_N1	0.104622804748	1	614	A	T
D1_N1	0.104731387008	2	608	C	A
D1_N1	0.105787110235	2	256	G	A
D1_N1	0.106709875559	1	1536	A	G
D1_N1	0.107107455882	1	1332	T	C
D1_N1	0.10746807344	2	1105	A	G
D1_N1	0.108739856306	1	1220	A	G
D1_N1	0.108889757978	1	13	C	T
D1_N1	0.109003512881	2	1362	T	G
D1_N1	0.109147130704	2	243	G	A
D1_N1	0.109445601347	1	468	C	T
D1_N1	0.109562617767	1	1396	G	T
D1_N1	0.110139557093	2	1355	C	G
D1_N1	0.110198211937	2	1131	C	G
D1_N1	0.110477216649	2	7	G	C
D1_N1	0.110485428503	1	1162	A	G
D1_N1	0.110544175048	1	849	T	C
D1_N1	0.110661264705	2	1067	T	G
D1_N1	0.110918106346	2	1368	A	C
D1_N1	0.111144132726	2	281	G	C
D1_N1	0.111227352939	2	63	T	A
D1_N1	0.111248579412	1	321	C	T
D1_N1	0.111405492058	2	360	C	G
D1_N1	0.111719898326	2	1185	C	G
D1_N1	0.113666270158	1	1345	G	C
D1_N1	0.1138612177	2	9	T	C
D1_N1	0.114449084543	1	1166	T	A
D1_N1	0.114516405666	1	1000	A	T
D1_N1	0.114613636582	1	1422	T	C
D1_N1	0.114751754196	2	1415	T	G
D1_N1	0.114862968759	2	490	A	G
D1_N1	0.115394573567	1	132	C	A
D1_N1	0.115599453184	1	1516	A	G
D1_N1	0.115930077557	2	384	C	A
D1_N1	0.116658807262	1	288	A	T
D1_N1	0.116692425921	2	28	G	C
D1_N1	0.116729680187	1	552	G	A
D1_N1	0.116790827704	2	709	G	A
D1_N1	0.117024504766	1	1326	T	C
D1_N1	0.117412743311	1	1402	A	T
D1_N1	0.118167698473	1	385	C	T
D1_N1	0.118181549693	1	175	G	T
D1_N1	0.118721492031	1	891	G	C
D1_N1	0.118791666734	2	1258	G	A
D1_N1	0.118805184894	1	322	A	G
D1_N1	0.119297207273	1	401	A	C
D1_N1	0.119367109838	2	582	T	C
D1_N1	0.119583136778	1	725	C	A
D1_N1	0.120067268169	2	561	T	C
D1_N1	0.120097185226	1	171	C	T
D1_N1	0.120771351133	2	536	T	C
D1_N1	0.121198531823	2	1079	C	T
D1_N1	0.121200298025	2	131	A	G
D1_N1	0.121958025814	1	1082	C	T
D1_N1	0.121991758975	2	1320	G	A
D1_N1	0.122232737342	2	1275	G	T
D1_N1	0.122586354731	2	977	C	T
D1_N1	0.122852908834	2	1495	C	T
D1_N1	0.123071297134	2	939	G	A
D1_N1	0.123782549167	2	1397	G	A
D1_N1	0.123928080275	1	1515	C	G
D1_N1	0.123978223203	2	703	T	G
D1_N1	0.125201973364	1	1382	T	C
D1_N1	0.125334136347	1	467	C	A
D1_N1	0.125347170691	2	76	A	T
D1_N1	0.125371906179	2	165	T	C
D1_N1	0.125635455307	2	1499	T	G
D1_N1	0.125660220471	2	114	G	A
D1_N1	0.125883994868	1	1153	C	T
D1_N1	0.126793717296	1	930	A	T
D1_N1	0.127212258124	1	1330	A	T
D1_N1	0.127368702048	2	218	C	T
D1_N1	0.127448111445	1	1412	C	T
D1_N1	0.128120049124	1	561	T	C
D1_N1	0.128689497742	1	1464	A	T
D1_N1	0.128929584207	2	393	T	A
D1_N1	0.129389029703	1	1493	C	A
D1_N1	0.129395060007	1	1024	G	A
D1_N1	0.129407326784	2	309	G	A
D1_N1	0.129458338175	2	1578	T	A
D1_N1	0.129565711842	2	671	A	G
D1_N1	0.129756941288	2	317	G	C
D1_N1	0.129949236722	1	1286	A	T
D1_N1	0.129981545135	1	750	A	T
D1_N1	0.130125645978	2	1425	T	A
D1_N1	0.130703767393	2	641	T	A
D1_N1	0.130761641875	2	1465	C	A
D1_N1	0.131767278648	2	37	C	A
D1_N1	0.132030011033	1	795	A	G
D1_N1	0.132053340258	1	701	G	C
D1_N1	0.132357463385	2	174	A	T
D1_N1	0.132867244735	2	137	G	A
D1_N1	0.133380483591	1	1241	C	T
D1_N1	0.133425391002	1	1314	T	C
D1_N1	0.133466326689	2	699	C	T
D1_N1	0.133638578333	2	842	A	T
D1_N1	0.13369222433	2	1213	A	G
D1_N1	0.134024528053	2	587	T	G
D1_N1	0.134644064329	2	1357	A	T
D1_N1	0.134903009877	2	320	G	A
D1_N1	0.135052867063	1	1497	T	C
D1_N1	0.135218748946	1	1130	A	G
D1_N1	0.135438102886	2	503	A	T
D1_N1	0.135697043954	2	922	T	A
D1_N1	0.135844334808	1	1175	A	G
D1_N1	0.136917654338	2	1025	A	G
D1_N1	0.137451972751	1	1549	T	C
D1_N1	0.137469904568	2	1427	G	A
D1_N1	0.137647844536	1	373	A	T
D1_N1	0.138406618883	1	971	A	T
D1_N1	0.138413022281	2	772	G	A
D1_N1	0.138463473588	2	951	T	C
D1_N1	0.138522734046	2	1560	T	C
D1_N1	0.138957837945	1	442	T	C
D1_N1	0.139018548315	2	7	C	G
D1_N1	0.139908414394	2	659	G	A
D1_N1	0.139923871373	2	1083	A	G
D1_N1	0.140475857014	1	697	C	T
D1_N1	0.140741244235	2	597	G	A
D1_N1	0.140842961232	2	418	T	A
D1_N1	0.141404948843	2	814	A	C
D1_N1	0.141558063288	2	1129	A	G
D1_N1	0.142023525958	2	796	A	T
D1_N1	0.142084766185	2	69	G	C
D1_N1	0.143128684516	1	1164	G	T
D1_N1	0.143674728716	1	204	A	G
D1_N1	0.143722206207	2	199	C	T
D1_N1	0.144547852417	2	664	G	T
D1_N1	0.144700707109	1	1174	A	G
D1_N1	0.145643535992	2	651	A	T
D1_N1	0.146029191554	2	9	C	G
D1_N1	0.146288777535	2	1392	G	A
D1_N1	0.146308727312	1	485	T	A
D1_N1	0.146573868799	2	1534	G	A
D1_N1	0.146625001569	1	1434	A	G
D1_N1	0.147258581989	2	1147	G	T
D1_N1	0.148193449301	1	812	C	T
D1_N1	0.148420663094	1	306	G	T
D1_N1	0.148485666977	1	1168	C	T
D1_N1	0.148622103988	2	800	T	G
D1_N1	0.149477164235	1	167	G	T
D1_N1	0.14959854428	1	770	C	A
D1_N1	0.150126324754	1	1177	G	A
D1_N1	0.150373919599	2	68	G	A
D1_N1	0.15075674637	2	517	A	T
D1_N1	0.151230433205	2	267	T	A
D1_N1	0.151275351686	1	1328	T	C
D1_N1	0.152007214997	1	1000	T	G
D1_N1	0.152214350979	1	474	C	T
D1_N1	0.153635717518	1	62	C	T
D1_N1	0.154212663616	1	731	G	A
D1_N1	0.154851332323	2	1399	T	C
D1_N1	0.155319567129	2	1256	G	A
D1_N1	0.157419130473	2	765	A	T
D1_N1	0.157537223231	2	738	T	G
D1_N1	0.158222346542	1	285	C	T
D1_N1	0.158650984066	1	687	G	T
D1_N1	0.158663122384	2	971	A	C
D1_N1	0.158745814111	1	1316	T	G
D1_N1	0.159261495502	2	145	T	C
D1_N1	0.159680698152	1	553	G	A
D1_N1	0.16000494669	1	1118	C	T
D1_N1	0.160468859896	2	596	T	G
D1_N1	0.160649281645	2	984	A	T
D1_N1	0.160779241009	1	136	A	G
D1_N1	0.160891943789	1	1574	A	G
D1_N1	0.161192984237	1	157	A	G
D1_N1	0.161413852171	1	1535	C	T
D1_N1	0.161450620161	1	190	C	T
D1_N1	0.161507154538	2	127	C	T
D1_N1	0.161560748612	1	1406	C	T
D1_N1	0.161845297018	1	825	C	G
D1_N1	0.16200258304	1	367	G	C
D1_N1	0.162126417536	1	1416	C	T
D1_N1	0.162283331417	1	197	A	C
D1_N1	0.16289884662	1	462	G	A
D1_N1	0.163029179348	1	1171	C	A
D1_N1	0.163269416816	1	300	A	T
D1_N1	0.163318911147	2	799	C	T
D1_N1	0.163812704883	1	488	G	C
D1_N1	0.163887960788	1	1408	T	G
D1_N1	0.164651213252	2	689	A	G
D1_N1	0.164654702422	1	1514	C	T
D1_N1	0.164775462238	2	225	T	C
D1_N1	0.165038084414	1	28	G	C
D1_N1	0.165788749638	2	611	G	A
D1_N1	0.165801514596	2	58	G	T
D1_N1	0.16643643658	2	1079	T	A
D1_N1	0.166605660933	2	283	T	G
D1_N1	0.166607520743	1	307	C	T
D1_N1	0.16662031683	2	551	G	C
D1_N1	0.166803970631	1	679	T	C
D1_N1	0.166827846142	1	67	A	G
D1_N1	0.167684614583	2	1538	G	C
D1_N1	0.167894766349	2	1481	G	A
D1_N1	0.167977019731	2	354	G	A
D1_N1	0.168378076471	2	1040	T	C
D1_N1	0.168736315856	2	125	G	A
D1_N1	0.16877905001	1	493	T	C
D1_N1	0.169149141994	2	831	G	A
D1_N1	0.169179977897	2	1105	G	A
D1_N1	0.169487339043	2	538	T	C
D1_N1	0.169521060322	2	112	A	G
D1_N1	0.170544996033	1	552	A	G
D1_N1	0.170677887342	2	703	G	A
D1_N1	0.171387215998	1	1429	A	G
D1_N1	0.17229660091	2	932	G	A
D1_N1	0.172480194978	2	191	A	G
D1_N1	0.173098735829	2	334	G	T
D1_N1	0.173199942455	1	660	G	A
D1_N1	0.173575717158	2	1072	A	G
D1_N1	0.174406769739	1	291	C	G
D1_N1	0.174481996012	2	153	C	T
D1_N1	0.175462101635	1	892	G	C
D1_N1	0.175956422133	2	224	C	T
D1_N1	0.176158794426	1	1060	T	A
D1_N1	0.176561434486	2	1184	C	T
D1_N1	0.176595088703	1	44	G	A
D1_N1	0.176653769825	2	66	A	T
D1_N1	0.17686937469	2	515	G	A
D1_N1	0.17703061998	1	1085	C	A
D1_N1	0.17705668802	1	915	A	G
D1_N1	0.177161700993	2	1063	A	C
D1_N1	0.177472275302	1	1563	G	T
D1_N1	0.177587748346	1	1469	T	G
D1_N1	0.177641151814	1	81	A	G
D1_N1	0.178136738436	1	1340	A	G
D1_N1	0.178485493977	2	1332	T	C
D1_N1	0.178871734605	2	605	T	C
D1_N1	0.17892800415	2	1360	T	A
D1_N1	0.178947134608	1	240	A	G
D1_N1	0.179034206674	1	53	G	A
D1_N1	0.17910272726	1	1247	C	T
D1_N1	0.179166640887	1	1393	T	C
D1_N1	0.179631756193	1	117	G	A
D1_N1	0.179666243704	1	672	G	C
D1_N1	0.180188847654	2	618	G	T
D1_N1	0.181361849368	2	270	C	T
D1_N1	0.181743175402	2	1442	T	A
D1_N1	0.181955189832	2	350	T	C
D1_N1	0.183008626799	1	1317	G	A
D1_N1	0.183350768296	1	1338	T	C
D1_N1	0.183368606572	1	1018	C	G
D1_N1	0.184204814815	2	885	G	A
D1_N1	0.185017941039	2	1397	A	C
D1_N1	0.185030755911	1	160	G	T
D1_N1	0.185140755335	2	1165	C	A
D1_N1	0.185985107986	1	769	A	C
D1_N1	0.186039149771	1	640	T	A
D1_N1	0.186061742507	1	1574	G	A
D1_N1	0.186615634185	1	1007	G	A
D1_N1	0.186759476109	1	1144	A	G
D1_N1	0.186833582094	1	1201	T	C
D1_N1	0.187225152922	1	459	C	T
D1_N1	0.18723162749	1	254	C	T
D1_N1	0.187285452702	2	144	G	A
D1_N1	0.188856281529	2	57	T	C
D1_N1	0.188859589831	1	1161	T	C
D1_N1	0.189012386598	1	927	G	A
D1_N1	0.189379189685	1	1417	A	C
D1_N1	0.189477426935	2	408	T	C
D1_N1	0.189607493928	2	137	A	T
D1_N1	0.189609427518	2	1008	T	C
D1_N1	0.190040956069	1	999	A	G
D1_N1	0.19015722421	1	124	A	T
D1_N1	0.190254648646	2	1436	G	A
D1_N1	0.190399877234	1	384	C	T
D1_N1	0.190601178873	2	1287	G	A
D1_N1	0.190718550703	1	678	T	C
D1_N1	0.190731244308	2	797	A	G
D1_N1	0.192077542363	1	865	G	T
D1_N1	0.192187937828	2	253	A	T
D1_N1	0.192362450623	1	1271	C	T
D1_N1	0.192407037879	1	1326	C	T
D1_N1	0.192477345604	1	1124	T	A
D1_N1	0.192946931606	1	263	A	G
D1_N1	0.193530922128	1	421	A	T
D1_N1	0.194566673176	2	1420	C	G
D1_N1	0.195102315355	2	1456	T	G
D1_N1	0.19528540921	1	1216	G	C
D1_N1	0.195717545418	2	628	G	A
D1_N1	0.196413003441	1	341	C	G
D1_N1	0.196568538233	1	1548	C	A
D1_N1	0.196654519058	1	863	T	G
D1_N1	0.196895595342	1	1099	G	C
D1_N1	0.197056961801	1	1205	C	A
D1_N1	0.197555666793	2	35	T	G
D1_N1	0.198311128427	1	1520	A	G
D1_N1	0.198699952879	2	1358	A	C
D1_N1	0.200212544593	1	863	G	A
D1_N1	0.200558971222	1	1273	G	T
D1_N1	0.200663377949	2	262	T	C
D1_N1	0.200664265128	1	692	C	G
D1_N1	0.200825498177	2	1454	G	A
D1_N1	0.201049160631	1	939	G	C
D1_N1	0.201275066388	2	1451	G	C
D1_N1	0.201329766665	2	1086	A	C
D1_N1	0.201605856217	1	940	T	G
D1_N1	0.201775355141	1	956	A	G
D1_N1	0.201813236661	2	28	C	A
D1_N1	0.201895297504	2	1052	A	G
D1_N1	0.202203855841	1	286	G	A
D1_N1	0.202977039322	2	147	A	C
D1_N1	0.203346256119	1	1072	A	C
D1_N1	0.203598243692	2	843	C	T
D1_N1	0.203656362773	1	1201	C	A
D1_N1	0.20384639355	2	240	A	G
D1_N1	0.204172518341	2	1421	T	A
D1_N1	0.204383750498	2	1186	T	G
D1_N1	0.204476274736	2	1134	T	A
D1_N1	0.204484853001	1	783	G	A
D1_N1	0.204524778694	2	24	G	A
D1_N1	0.204710508052	2	147	C	T
D1_N1	0.204759478294	1	984	T	C
D1_N1	0.204820652467	2	1064	G	A
D1_N1	0.205043996097	2	673	A	G
D1_N1	0.205108277007	2	816	C	T
D1_N1	0.2052014539	2	340	T	A
D1_N1	0.205399013901	1	1494	A	C
D1_N1	0.205445977087	2	753	A	T
D1_N1	0.206671849991	1	4	T	A
D1_N1	0.207051718425	1	1561	C	A
D1_N1	0.207242177978	2	784	G	A
D1_N1	0.207745186056	2	80	A	T
D1_N1	0.207913721753	1	1057	A	C
D1_N1	0.208042465826	1	51	C	T
D1_N1	0.208080211809	2	550	G	C
D1_N1	0.208184805099	1	933	C	T
D1_N1	0.208965718731	2	1393	T	A
D1_N1	0.208989438187	2	631	A	G
D1_N1	0.209014465457	1	454	G	T
D1_N1	0.209335124434	2	1451	C	A
D1_N1	0.209975601464	1	1066	C	T
D1_N1	0.210154530979	2	1075	C	T
D1_N1	0.210323862287	1	1325	T	A
D1_N1	0.21045924209	1	571	C	G
D1_N1	0.21048404578	1	1171	A	G
D1_N1	0.210885550052	2	353	G	A
D1_N1	0.211351206177	1	627	T	G
D1_N1	0.211667942946	1	740	C	T
D1_N1	0.211816461345	2	651	T	C
D1_N1	0.211930889482	1	1469	G	C
D1_N1	0.212025844446	2	443	C	T
D1_N1	0.212179351696	2	689	G	C
D1_N1	0.212211044237	2	741	T	A
D1_N1	0.212224223816	2	1092	C	T
D1_N1	0.212854914962	2	1202	T	C
D1_N1	0.213014051638	2	963	C	T
D1_N1	0.214502750932	2	520	T	C
D1_N1	0.214584906579	2	202	T	A
D1_N1	0.214626381682	2	1434	A	T
D1_N1	0.215028702227	2	803	G	A
D1_N1	0.215091815612	2	1427	A	T
D1_N1	0.215292313667	1	563	A	C
D1_N1	0.21535238707	1	1483	T	C
D1_N1	0.215805527519	2	161	T	A
D1_N1	0.216114157814	2	837	A	G
D1_N1	0.216776694731	2	748	G	A
D1_N1	0.216962807931	1	818	T	C
D1_N1	0.217406291259	2	470	T	C
D1_N1	0.217530636022	2	615	A	G
D1_N1	0.218369845432	1	1128	C	T
D1_N1	0.218489242923	1	121	C	T
D1_N1	0.218577094412	1	866	G	A
D1_N1	0.218655399076	2	1409	T	G
D1_N1	0.21894863031	1	559	T	C
D1_N1	0.21896044546	1	1025	A	G
D1_N1	0.219271742827	2	321	C	T
D1_N1	0.219544239903	1	195	G	T
D1_N1	0.220196452546	2	1192	C	T
D1_N1	0.220486032644	1	634	C	T
D1_N1	0.2208843902	2	774	G	A
D1_N1	0.220971110195	1	1335	C	T
D1_N1	0.221179137359	2	985	G	T
D1_N1	0.221516145567	1	126	G	A
D1_N1	0.221601922504	1	557	T	A
D1_N1	0.222071919657	1	738	T	C
D1_N1	0.222079752607	1	62	T	C
D1_N1	0.222345385336	1	1321	C	A
D1_N1	0.22313302697	1	306	T	C
D1_N1	0.22328122399	2	1172	T	A
D1_N1	0.223352941873	2	96	T	A
D1_N1	0.223610708737	2	400	T	A
D1_N1	0.223862074456	2	31	A	T
D1_N1	0.224295382008	1	577	G	T
D1_N1	0.224371270004	1	873	T	G
D1_N1	0.224432489535	2	735	A	G
D1_N1	0.224996140538	2	685	T	C
D1_N1	0.225053392433	1	880	T	C
D1_N1	0.225502938713	2	343	G	T
D1_N1	0.225577178277	2	742	C	T
D1_N1	0.225613140894	2	708	A	C
D1_N1	0.226042480259	1	310	G	T
D1_N1	0.226132450136	2	1530	T	C
D1_N1	0.226631905093	2	207	C	T
D1_N1	0.227024116043	2	115	C	T
D1_N1	0.227643267172	1	619	C	G
D1_N1	0.228584459284	1	1491	G	A
D1_N1	0.228935765279	2	131	A	G
D1_N1	0.228939029338	1	1389	C	T
D1_N1	0.229084329493	1	469	A	G
D1_N1	0.229098901976	1	715	T	A
D1_N1	0.229184192193	1	1298	C	G
D1_N1	0.229561428684	2	3	T	G
D1_N1	0.22971358897	2	904	T	A
D1_N1	0.229863246873	1	608	C	G
D1_N1	0.230557829539	1	754	C	T
D1_N1	0.231721878673	2	198	G	A
D1_N1	0.231845415375	1	742	C	A
D1_N1	0.232298854768	2	1258	A	G
D1_N1	0.2327207043	1	981	A	T
D1_N1	0.232724475933	1	1465	C	T
D1_N1	0.232794022394	2	1060	A	C
D1_N1	0.232913407478	1	1399	T	C
D1_N1	0.232972442537	2	601	T	G
D1_N1	0.233028513553	1	728	G	T
D1_N1	0.233174494873	2	221	T	C
D1_N1	0.233247718645	1	1302	A	C
D1_N1	0.233326364754	2	148	A	G
D1_N1	0.233519264696	2	1003	G	T
N1_N2	3.49058408844e-06	2	1184	T	G
N1_N2	5.50366918674e-05	1	1036	T	C
N1_N2	0.000702061489929	1	325	A	T
N1_N2	0.000723650196262	1	498	C	T
N1_N2	0.00103470882615	1	391	T	C
N1_N2	0.00216902876741	1	468	T	C
N1_N2	0.00233407871399	1	986	C	T
N1_N2	0.00277135840013	1	73	G	C
N1_N2	0.00359566537949	2	1100	C	G
N1_N2	0.00382772696376	1	335	T	A
N1_N2	0.00396737419955	2	581	A	T
N1_N2	0.00403912247316	1	1070	G	A
N1_N2	0.00425739142753	1	66	G	A
N1_N2	0.00453366845082	1	1452	T	A
N1_N2	0.00503873867685	2	510	A	T
N1_N2	0.00534872971987	1	90	G	T
N1_N2	0.00558149583585	2	761	C	T
N1_N2	0.00568637219939	1	413	A	G
N1_N2	0.00623492143977	1	1001	C	T
N1_N2	0.00651332548698	1	269	C	T
N1_N2	0.00657665516548	2	805	G	A
N1_N2	0.00670621513754	2	1224	A	C
N1_N2	0.00685762989238	2	1469	T	C
N1_N2	0.00710113239939	2	464	A	G
N1_N2	0.00732269472008	2	794	G	T
N1_N2	0.00753072284747	2	1075	T	A
N1_N2	0.00762533789381	2	1359	G	A
N1_N2	0.00766073487893	2	324	T	C
N1_N2	0.00775828459914	1	43	T	G
N1_N2	0.00794743329871	1	464	G	C
N1_N2	0.008086324462	1	887	T	A
N1_N2	0.00906076003905	2	1070	G	C
N1_N2	0.00925708435427	1	772	G	T
N1_N2	0.00954399549823	1	499	A	T
N1_N2	0.0101977923756	1	654	G	A
N1_N2	0.0111320190955	2	969	T	A
N1_N2	0.0111709161267	1	90	T	G
N1_N2	0.0112191250141	1	251	A	G
N1_N2	0.011505564584	2	10	T	A
N1_N2	0.0115267636324	1	1101	T	C
N1_N2	0.0116188044423	1	268	T	G
N1_N2	0.0122727571582	1	21	A	T
N1_N2	0.0125919412924	2	622	A	C
N1_N2	0.0126732580325	2	229	C	G
N1_N2	0.0132043554079	2	1286	A	G
N1_N2	0.0146276016582	2	524	T	C
N1_N2	0.0148925560093	1	922	T	G
N1_N2	0.0152594605699	2	228	G	T
N1_N2	0.0156083842397	2	901	G	T
N1_N2	0.0156827075208	1	881	T	G
N2_N3	0.000287257496432	1	915	A	T
N2_N3	0.000548767286163	2	175	C	A
N2_N3	0.000668427888121	2	605	C	A
N2_N3	0.00105789709665	2	993	A	T
N2_N3	0.00109582224487	2	854	T	A
N2_N3	0.00156781103843	1	1000	G	A
N2_N3	0.00204184921801	1	330	A	G
N2_N3	0.00220919643108	2	845	C	T
N2_N3	0.00256260093066	2	1529	T	C
N2_N3	0.0027529322115	1	1302	C	A
N2_N3	0.00328142065115	2	1115	G	A
N2_N3	0.00342599606668	2	951	C	G
N2_N3	0.00391599375779	2	390	C	T
N2_N3	0.00548179574061	2	423	T	C
N2_N3	0.00587432521293	1	185	A	G
N2_N3	0.00652588649191	1	926	T	C
N2_N3	0.00662269333651	2	450	C	T
N2_N3	0.00671269414824	1	1055	T	C
N2_N3	0.00699797136185	2	1393	A	C
N2_N3	0.00709946515913	1	987	C	T
N3_N4	0.00014463842001	2	1151	T	A
N3_N4	0.000151268982421	1	917	A	C
N3_N4	0.00017559538694	2	819	G	A
N3_N4	0.000372654113995	1	1460	A	T
N3_N4	0.000871143798003	2	615	G	T
N3_N4	0.00123126850892	2	1421	A	G
N3_N4	0.00189366843977	2	1104	G	A
N3_N4	0.00212874666642	1	1458	G	A
N3_N4	0.00237955468388	2	807	G	C
N3_N4	0.00300351574219	2	801	C	T
N3_N4	0.00403462057293	1	200	C	A
N3_N4	0.00535231151855	1	975	T	C
N3_N4	0.0058528854839	2	1058	C	T
N3_N4	0.00621666451192	2	551	C	T
N3_N4	0.00624663332319	1	628	A	C
N3_N4	0.00727575642905	1	1116	G	T
N3_N4	0.00785220665975	1	105	T	A
N3_N4	0.00827677017307	2	941	A	T
N4_Human	0.00151663954765	2	1311	T	C
N4_Human	0.00156671441186	2	667	A	C
N4_Human	0.0019861671699	2	634	C	T
N4_Human	0.00224015193498	2	680	A	T
N4_Human	0.00239330919455	1	1013	C	T
N4_Human	0.00348372115449	1	1349	G	T
N4_Human	0.00377690799453	2	898	A	T
N4_Human	0.00379503380558	2	933	A	C
N4_Human	0.00394078326827	1	509	C	T
N4_Human	0.00407524721084	2	1326	T	A
N4_Human	0.0046007487345	1	1563	T	A
N4_Human	0.00474006275863	2	820	G	A
N4_Human	0.0047543494681	2	668	C	G
N4_Human	0.00477243417236	2	827	C	T
N4_Human	0.00479295546066	2	1103	C	A
N4_Human	0.00569438878017	1	751	C	T
N4_Human	0.00573214711118	2	211	G	T
N4_Human	0.00584803400521	1	861	A	G
N4_Human	0.00623806052262	1	631	G	A
N4_Human	0.00702311636001	2	515	A	G
N4_Human	0.00711408130091	2	970	T	A
N4_Human	0.00721415389971	2	96	A	T
N4_Human	0.00760891426502	1	246	A	T
N4_Human	0.0087766703336	1	1116	T	G
N4_Human	0.00910750752612	1	500	C	A
N4_Human	0.00936321657852	1	996	T	C
N4_Human	0.00958271656029	2	298	C	G
N4_Human	0.00962152218797	1	737	G	T
N4_Human	0.00970382318251	1	339	T	G
N4_Human	0.00971693853546	2	827	T	C
N4_Human	0.00983600522105	2	906	T	A
N4_Human	0.00995207421675	1	1119	T	A
N4_Human	0.010217597009	2	618	T	A
N4_Chimp	0.000135239593	2	1359	A	T
N4_Chimp	0.000273955658706	2	596	G	A
N4_Chimp	0.00105868261499	1	978	A	G
N4_Chimp	0.00136330508614	1	858	C	A
N4_Chimp	0.00151847194478	1	513	A	T
N4_Chimp	0.00167132399838	1	248	G	A
N4_Chimp	0.00238725933164	1	66	A	G
N4_Chimp	0.00279396848558	1	788	A	T
N4_Chimp	0.00296302880786	2	1557	C	G
N4_Chimp	0.00327287301308	2	60	A	G
N4_Chimp	0.00349340717078	1	1300	T	A
N4_Chimp	0.00442054821721	1	1356	C	A
N4_Chimp	0.00491263439029	2	984	T	C
N4_Chimp	0.0052265150751	1	1556	T	G
N4_Chimp	0.0053298080755	1	235	G	T
N4_Chimp	0.00729858820786	2	405	G	T
N4_Chimp	0.00751318648348	1	6	G	T
N4_Chimp	0.007540236577	1	1236	A	T
N4_Chimp	0.00764338737485	2	1075	A	G
N4_Chimp	0.00793009853111	1	813	A	T
N4_Chimp	0.00796864497556	2	272	C	T
N4_Chimp	0.00888654219619	1	450	C	A
N4_Chimp	0.00909209025889	1	304	G	T
N4_Chimp	0.00926232942364	1	1157	G	C
N4_Chimp	0.00928919747574	2	344	G	C
N4_Chimp	0.00932908066298	2	584	G	A
N4_Chimp	0.0102945370205	1	571	G	A
N4_Chimp	0.0105652808174	1	276	G	A
N4_Chimp	0.010678507201	2	66	T	C
N4_Chimp	0.0109141790012	1	1383	T	G
N4_Chimp	0.0110716204335	1	1064	A	T
N3_Goril	0.000577416400821	2	1000	G	T
N3_Goril	0.00104607004503	2	211	G	A
N3_Goril	0.00116198897979	2	669	C	T
N3_Goril	0.00118149846326	1	638	A	G
N3_Goril	0.00121702964272	1	413	G	A
N3_Goril	0.00261987606978	1	1095	C	T
N3_Goril	0.00283017347151	2	891	G	A
N3_Goril	0.00286438171856	2	950	A	C
N3_Goril	0.00290083563181	1	39	G	C
N3_Goril	0.00393991006914	2	1116	A	T
N3_Goril	0.004397321693	2	1237	T	C
N3_Goril	0.0045112420464	1	167	T	G
N3_Goril	0.00532029550334	1	392	A	C
N3_Goril	0.00535561647334	2	1225	T	C
N3_Goril	0.00541574633332	2	957	T	G
N3_Goril	0.0055792814601	1	606	T	G
N3_Goril	0.0057009445961	1	1557	C	A
N3_Goril	0.00630706362464	2	608	A	G
N3_Goril	0.00644474155965	2	529	T	C
N3_Goril	0.0066359850972	2	307	T	A
N3_Goril	0.00667068783109	1	233	C	A
N3_Goril	0.00669160630678	2	693	A	G
N3_Goril	0.00673941654653	2	1319	A	C
N3_Goril	0.00685376509178	1	139	G	C
N3_Goril	0.00753389801166	1	1216	C	A
N3_Goril	0.00754812020467	2	411	T	A
N3_Goril	0.00787389207192	1	1168	T	C
N3_Goril	0.00799600595289	2	1026	A	C
N3_Goril	0.00816483934344	2	708	C	A
N3_Goril	0.00843620573451	1	1391	A	G
N3_Goril	0.00860942152296	2	980	A	G
N3_Goril	0.00933746984381	1	1336	C	T
N3_Goril	0.00946143919235	2	78	T	C
N3_Goril	0.00972808117115	2	460	A	C
N3_Goril	0.0102047903828	1	728	T	G
N3_Goril	0.0103978022361	2	814	C	T
N3_Goril	0.0105756102688	1	927	A	G
N3_Goril	0.010696053778	2	1422	T	G
N3_Goril	0.0110359729977	1	1353	C	T
N3_Goril	0.0115802592825	1	230	T	C
N3_Goril	0.0123991685284	2	812	T	C
N3_Goril	0.0126459307913	1	565	G	T
N3_Goril	0.0128824671425	2	789	T	A
N3_Goril	0.0136327777574	2	1340	A	C
N3_Goril	0.0140074276672	1	508	T	A
N3_Goril	0.0141465144461	2	544	A	T
N3_Goril	0.0145327069852	1	476	T	C
N3_Goril	0.014728699295	2	1056	C	G
N3_Goril	0.0149920217427	1	502	A	C
N3_Goril	0.0151782361475	2	360	G	A
N3_Goril	0.0153343700094	2	197	A	G
N3_Goril	0.0162786979954	2	846	G	A
N3_Goril	0.0165694284368	1	940	G	C
N3_Goril	0.0168213593691	2	815	C	T
N3_Goril	0.0174042552717	2	636	G	A
N3_Goril	0.0174849128933	1	858	C	A
N3_Goril	0.0179875374734	1	826	C	T
N3_Goril	0.018304688103	1	256	G	C
N3_Goril	0.0184922834858	1	469	G	A
N3_Goril	0.0186302600473	1	1169	T	G
N3_Goril	0.0186865955977	1	1034	T	C
N3_Goril	0.0192346848595	1	192	T	A
N3_Goril	0.0192724146973	1	1377	T	G
N3_Goril	0.0195395060576	1	865	G	A
N3_Goril	0.0199629860594	2	481	C	A
N3_Goril	0.0200104753421	1	481	C	T
N2_Orang	0.000171437023475	1	1571	T	C
N2_Orang	0.000242851046952	1	341	G	A
N2_Orang	0.000493356501006	1	1511	G	A
N2_Orang	0.00111105649444	2	1265	T	G
N2_Orang	0.0013168266026	2	1265	G	A
N2_Orang	0.00306711782251	1	264	G	C
N2_Orang	0.00479231310045	2	1556	T	G
N2_Orang	0.0049793176759	1	1272	G	T
N2_Orang	0.00537983006168	2	182	C	T
N2_Orang	0.00619668846495	1	1015	G	A
N2_Orang	0.00630790594106	1	313	T	A
N2_Orang	0.00633739870753	2	1255	C	A
N2_Orang	0.00697332719216	2	1087	A	G
N2_Orang	0.00718981039412	1	1337	C	T
N2_Orang	0.00735708787777	1	751	C	G
N2_Orang	0.00797840004784	2	524	C	T
N2_Orang	0.00809285643677	2	42	G	A
N2_Orang	0.00880869239426	2	400	A	T
N2_Orang	0.00934977815223	2	544	A	G
N2_Orang	0.00982281574366	1	796	C	T
N2_Orang	0.0101983383215	1	379	A	G
N2_Orang	0.0102661814589	2	630	G	A
N2_Orang	0.0104512855469	1	717	G	C
N2_Orang	0.0104611727258	1	68	G	A
N2_Orang	0.011256730632	2	382	T	A
N2_Orang	0.0114627865658	1	1182	G	C
N2_Orang	0.0119495571301	1	1472	T	C
N2_Orang	0.0124992750218	1	1344	C	T
N2_Orang	0.012599176131	1	1497	C	T
N2_Orang	0.0129685229702	2	531	A	C
N2_Orang	0.0137780158017	2	1293	G	A
N2_Orang	0.0139731246675	1	946	C	T
N2_Orang	0.0140417376626	2	609	G	A
N2_Orang	0.0143453469421	1	114	C	T
N2_Orang	0.0144473993789	2	153	T	A
N2_Orang	0.0144759676524	2	340	A	G
N2_Orang	0.0155433695566	1	946	T	C
N2_Orang	0.0158046200724	1	652	C	A
N2_Orang	0.0162318947113	2	545	T	C
N2_Orang	0.0164292402924	2	1362	G	C
N2_Orang	0.0172010288057	2	1498	G	T
N2_Orang	0.0173525475364	1	949	G	C
N2_Orang	0.0174253876785	2	199	T	C
N2_Orang	0.0176017498838	2	748	A	G
N2_Orang	0.0177297550564	2	903	T	A
N2_Orang	0.018072738033	2	1096	G	T
N2_Orang	0.0181032422125	1	1373	A	T
N1_Macaq	0.000117340197681	2	800	G	A
N1_Macaq	0.000255075282053	2	242	A	C
N1_Macaq	0.000983336616498	1	1428	T	C
N1_Macaq	0.00111373033715	1	511	A	G
N1_Macaq	0.00179842876474	2	1378	A	G
N1_Macaq	0.00189344961651	1	1305	G	A
N1_Macaq	0.00251668400589	2	1054	A	C
N1_Macaq	0.00292255953155	1	135	C	T
N1_Macaq	0.00305147585686	2	40	T	A
N1_Macaq	0.00320730369413	1	965	A	C
N1_Macaq	0.00356328823021	1	1466	C	G
N1_Macaq	0.00382525335363	1	966	A	C
N1_Macaq	0.00402627370098	1	1313	T	C
N1_Macaq	0.00471266288334	1	863	A	G
N1_Macaq	0.00498321860719	2	791	C	G
N1_Macaq	0.00507624597005	1	455	C	T
N1_Macaq	0.00522366778539	2	808	A	C
N1_Macaq	0.00583244646396	2	895	G	A
N1_Macaq	0.00600224617791	2	1053	G	A
N1_Macaq	0.00646829434774	2	366	G	T
N1_Macaq	0.00647059044423	2	1086	C	A
N1_Macaq	0.00663373716605	2	1551	A	T
N1_Macaq	0.00682010332601	2	571	C	T
N1_Macaq	0.00701486398804	2	563	A	T
N1_Macaq	0.00748882743649	2	1412	C	T
N1_Macaq	0.00780046771634	1	535	T	G
N1_Macaq	0.0080254317327	1	909	G	A
N1_Macaq	0.00808245243966	2	179	G	A
N1_Macaq	0.00826335754534	1	956	G	C
N1_Macaq	0.00916992683772	1	1559	G	A
N1_Macaq	0.00948203721538	1	1281	C	G
N1_Macaq	0.00953974203825	2	1578	A	T
N1_Macaq	0.0103615016511	1	854	T	A
N1_Macaq	0.0105656334459	1	1562	A	C
N1_Macaq	0.0108298171073	1	788	A	C
N1_Macaq	0.0108363511842	2	254	T	A
N1_Macaq	0.0111220494523	2	309	A	G
N1_Macaq	0.0118651947598	1	695	G	A
N1_Macaq	0.0120756365723	1	345	C	A
N1_Macaq	0.012269015549	1	1361	C	T
N1_Macaq	0.0128982962613	1	1530	C	T
N1_Macaq	0.0132994989862	2	791	G	C
N1_Macaq	0.014059864234	2	740	C	A
N1_Macaq	0.0146149014237	2	850	T	C
N1_Macaq	0.0146703161726	1	383	T	G
N1_Macaq	0.0147001620436	2	1216	G	T
N1_Macaq	0.0153585554042	1	71	G	A
N1_Macaq	0.0154479076614	2	770	C	T
N1_Macaq	0.0157119503818	2	282	T	C
N1_Macaq	0.015723329429	2	1272	G	A
N1_Macaq	0.0157288366799	2	262	C	A
N1_Macaq	0.0161363357205	1	361	G	A
N1_Macaq	0.0163347093434	1	1112	C	T
N1_Macaq	0.0168585522526	2	131	G	A
N1_Macaq	0.0173024593487	2	906	T	C
N1_Macaq	0.0174509554385	1	518	A	G
N1_Macaq	0.0175106220479	2	538	C	G
N1_Macaq	0.0177478899205	1	652	C	A
N1_Macaq	0.0177622575472	1	1051	T	A
N1_Macaq	0.0181382996224	1	1085	A	T
N1_Macaq	0.0190769757706	2	1466	C	T
N1_Macaq	0.0191253210612	1	570	T	C
N1_Macaq	0.0191378909171	2	1287	A	C
N1_Macaq	0.0193581437415	2	690	C	T
N1_Macaq	0.0194073915565	2	1199	G	A
N1_Macaq	0.0200381090354	1	1536	G	T
N1_Macaq	0.0206818438698	2	1488	C	G
N1_Macaq	0.0209001116902	2	29	A	C
N1_Macaq	0.0211353394931	1	895	G	C
N1_Macaq	0.0217418364658	1	566	G	A
N1_Macaq	0.0220341805727	2	1548	C	A
N1_Macaq	0.0223961084724	1	1173	G	A
N1_Macaq	0.0224680227442	2	568	A	G
N1_Macaq	0.0230698963961	1	1495	C	T
N1_Macaq	0.0232938188403	1	387	A	T
N1_Macaq	0.023709521848	2	959	G	A
N1_Macaq	0.0237203036078	1	85	A	G
N1_Macaq	0.0239020720285	1	796	C	A
N1_Macaq	0.0242158172551	2	1483	A	C
N1_Macaq	0.0246702331251	2	1559	G	A
N1_Macaq	0.0250466530044	2	711	C	A
N1_Macaq	0.0251908850814	2	1499	G	T
N1_Macaq	0.0255618315178	2	1403	A	G
N1_Macaq	0.0257632860205	2	1208	G	T
N1_Macaq	0.0262334848264	1	173	A	G
N1_Macaq	0.0262919759692	2	596	G	A
N1_Macaq	0.0263417409555	1	1444	T	A
N1_Macaq	0.0264025102648	2	858	C	A
N1_Macaq	0.0264473547639	2	296	G	T
N1_Macaq	0.0267115938482	2	423	T	G
N1_Macaq	0.0289045469858	2	168	T	C
N1_Macaq	0.0289107827023	2	524	T	C
N1_Macaq	0.0307616804002	2	592	A	G
N1_Macaq	0.0313904109499	2	1546	T	A
N1_Macaq	0.0314307319792	1	1515	G	A
N1_Macaq	0.0319485862719	1	794	G	T
N1_Macaq	0.0325686706885	1	278	T	C
N1_Macaq	0.0327839720263	2	771	C	T
N1_Macaq	0.0331514622648	1	1093	C	T
N1_Macaq	0.0337620443707	2	479	G	A
N1_Macaq	0.0338072186633	2	151	A	G
N1_Macaq	0.0342319955799	2	1215	A	G
N1_Macaq	0.0347302775984	1	158	C	T
N1_Macaq	0.0347895638642	2	643	A	C
N1_Macaq	0.0351324797601	2	150	A	C
N1_Macaq	0.0360550823642	2	1431	A	C
N1_Macaq	0.0378253252863	2	409	A	G
N1_Macaq	0.0381879313096	2	224	T	C
N1_Macaq	0.0383021440309	1	1406	T	A
N1_Macaq	0.0384133693793	1	487	G	C
N1_Macaq	0.0389117689459	1	2	T	C
N1_Macaq	0.0389669767969	1	1159	A	G
N1_Macaq	0.0389760600477	2	1088	A	T
N1_Macaq	0.0403236549783	2	1083	G	T
N1_Macaq	0.0418296419636	1	1280	T	A
N1_Macaq	0.0421871136042	2	561	C	T
N1_Macaq	0.0423928149823	1	423	T	G
N1_Macaq	0.0424541575056	1	617	T	C
N1_Macaq	0.0425282778801	1	993	A	G
N1_Macaq	0.0427161627331	1	1569	T	C
N1_Macaq	0.0430506210074	2	1393	A	T
N1_Macaq	0.0435953346198	2	1165	A	T
N0_Mouse	0.000889584477748	0	691	T	C
N0_Mouse	0.00228282715808	0	1105	A	G
N0_Mouse	0.0025618612784	0	261	T	G
N0_Mouse	0.00326732436095	0	1160	C	T
N0_Mouse	0.00428084996943	0	95	T	A
N0_Mouse	0.00662491735169	0	50	T	C
N0_Mouse	0.0069810430897	0	15	T	G
N0_Mouse	0.00930991200148	0	1436	G	A
N0_Mouse	0.010337015842	0	1135	A	G
N0_Mouse	0.0107801994997	0	1183	G	A
N0_Mouse	0.0109971628478	0	237	T	A
N0_Mouse	0.0111080338297	0	95	A	G
N0_Mouse	0.0116613699015	0	1317	G	C
N0_Mouse	0.0119141372737	0	1263	G	A
N0_Mouse	0.0138585664921	0	371	T	G
N0_Mouse	0.0148574534729	0	1078	T	C
N0_Mouse	0.0152836789555	0	1282	T	C
N0_Mouse	0.0156634026679	0	1444	T	A
N0_Mouse	0.0159041777557	0	1077	T	G
N0_Mouse	0.0161699742812	0	20	T	G
N0_Mouse	0.0163079466173	0	110	G	T
N0_Mouse	0.0165432124254	0	559	T	C
N0_Mouse	0.0176246753575	0	318	G	T
N0_Mouse	0.0176536202326	0	1384	A	T
N0_Mouse	0.0182026932358	0	467	C	A
N0_Mouse	0.0187348913989	0	1440	G	T
N0_Mouse	0.0204546235304	0	893	G	C
N0_Mouse	0.0212940503101	0	469	A	G
N0_Mouse	0.0213664132953	0	443	C	T
N0_Mouse	0.0218968374367	0	1006	T	C
N0_Mouse	0.0221822848226	0	426	C	A
N0_Mouse	0.0226021034283	0	1175	A	T
N0_Mouse	0.023223785877	0	136	A	G
N0_Mouse	0.0245339164845	0	484	A	T
N0_Mouse	0.0246465622623	0	933	A	G
N0_Mouse	0.0248240463151	0	878	A	C
N0_Mouse	0.026740268827	0	791	C	T
N0_Mouse	0.0272531522891	0	941	A	T
N0_Mouse	0.0274801658504	0	522	T	C
N0_Mouse	0.0289632821209	0	103	G	C
N0_Mouse	0.0300051975384	0	823	A	T
N0_Mouse	0.0303844446516	0	303	A	T
N0_Mouse	0.0304439869153	0	772	A	T
N0_Mouse	0.0312598289847	0	487	G	A
N0_Mouse	0.031933144668	0	1557	T	C
N0_Mouse	0.0327360915679	0	1037	A	G
N0_Mouse	0.0327656697026	0	74	T	C
N0_Mouse	0.0328867895555	0	679	T	C
N0_Mouse	0.0344819385472	0	63	T	A
N0_Mouse	0.034566278643	0	1208	T	C
N0_Mouse	0.0350258263369	0	163	G	A
N0_Mouse	0.0352155055085	0	600	A	G
N0_Mouse	0.0352312484273	0	1482	C	T
N0_Mouse	0.0353161012032	0	262	T	C
N0_Mouse	0.035872067301	0	781	C	A
N0_Mouse	0.0373931089884	0	715	A	G
N0_Mouse	0.0376073431843	0	1525	T	C
N0_Mouse	0.038251533579	0	1239	T	C
N0_Mouse	0.038789289618	0	436	C	T
N0_Mouse	0.0392192735011	0	267	T	C
N0_Mouse	0.0402107216123	0	771	G	T
N0_Mouse	0.0418594978415	0	1047	T	G
N0_Mouse	0.0420874513436	0	1043	T	A
N0_Mouse	0.0423975018838	0	1175	T	A
N0_Mouse	0.0424337144794	0	736	G	C
N0_Mouse	0.0427629920469	0	1465	C	T
N0_Mouse	0.0431516886986	0	1079	C	G
N0_Mouse	0.0432985673692	0	636	G	A
N0_Mouse	0.0450586264433	0	1021	A	T
N0_Mouse	0.0468079511542	0	1257	T	G
N0_Mouse	0.0481643807853	0	428	G	A
N0_Mouse	0.0486781182724	0	848	A	T
N0_Mouse	0.0488520133786	0	1402	A	C
N0_Mouse	0.0502392487981	0	512	G	C
N0_Mouse	0.0508136816671	0	1033	T	C
N0_Mouse	0.0515980706532	0	1254	C	A
N0_Mouse	0.0516052886643	0	1018	C	T
N0_Mouse	0.0517890482308	0	1378	A	G
N0_Mouse	0.0520219128261	0	1451	G	T
N0_Mouse	0.0524407738136	0	1575	A	T
N0_Mouse	0.0526921936621	0	1101	T	A
N0_Mouse	0.0531395957264	0	88	T	A
N0_Mouse	0.0531892888431	0	669	G	A
N0_Mouse	0.0537138570303	0	842	A	G
N0_Mouse	0.0539081832902	0	433	A	G
N0_Mouse	0.0549973728507	0	1110	G	C
N0_Mouse	0.0556736533996	0	218	G	A
N0_Mouse	0.0564108408525	0	349	C	A
N0_Mouse	0.0570213795061	0	890	G	T
N0_Mouse	0.0571329601429	0	321	C	T
N0_Mouse	0.0573183039547	0	1009	G	A
N0_Mouse	0.0576473611313	0	400	C	A
N0_Mouse	0.058046759036	0	1421	T	G
N0_Mouse	0.0580966635718	0	237	A	G
N0_Mouse	0.0596802679489	0	186	C	G
N0_Mouse	0.0598458984456	0	1158	T	A
N0_Mouse	0.0599867179788	0	340	A	T
N0_Mouse	0.0607100546377	0	1426	T	C
N0_Mouse	0.0608438376199	0	1294	A	T
N0_Mouse	0.0610624480112	0	693	A	T
N0_Mouse	0.0628908302649	0	815	C	A
N0_Mouse	0.0629203581764	0	1517	T	C
N0_Mouse	0.0638269769434	0	114	G	T
N0_Mouse	0.0660103803221	0	59	A	C
N0_Mouse	0.066239552512	0	488	G	A
N0_Mouse	0.0666618535426	0	1570	C	T
N0_Mouse	0.0678418130622	0	265	C	A
N0_Mouse	0.0679327980252	0	133	T	C
N0_Mouse	0.0679897420614	0	319	G	C
N0_Mouse	0.068074405297	0	781	A	T
N0_Mouse	0.0683491036141	0	362	G	A
N0_Mouse	0.0709375571291	0	534	A	C
N0_Mouse	0.0709947192866	0	1257	G	A
N0_Mouse	0.0714547416955	0	346	G	T
N0_Mouse	0.0719900851497	0	391	T	A
N0_Mouse	0.0725459022012	0	895	G	C
N0_Mouse	0.0731286457493	0	428	A	G
N0_Mouse	0.0742428153886	0	1488	C	A
N0_Mouse	0.0743721127373	0	1378	G	T
N0_Mouse	0.0747391749476	0	1323	G	T
N0_Mouse	0.0748493094036	0	131	A	T
N0_Mouse	0.0748700396116	0	1098	C	T
N0_Mouse	0.0753889646532	0	390	C	G
N0_Mouse	0.075619654653	0	885	G	C
N0_Mouse	0.0756853603818	0	823	T	A
N0_Mouse	0.0768599770756	0	548	G	C
N0_Mouse	0.0771838959208	0	1536	A	G
N0_Mouse	0.0773133335556	0	758	A	C
N0_Mouse	0.0777798628633	0	1347	A	T
N0_Mouse	0.0780169244525	0	355	C	T
N0_Mouse	0.0783136112284	0	1100	T	A
N0_Mouse	0.0790826912627	0	282	T	C
N0_Mouse	0.0790993645392	0	1369	G	A
N0_Mouse	0.0794194518834	0	1180	C	G
N0_Mouse	0.0814544206704	0	912	C	G
N0_Mouse	0.0840838241942	0	619	C	G
N0_Mouse	0.0844294339608	0	982	T	G
N0_Mouse	0.0849776201091	0	1053	G	T
N0_Mouse	0.0856305738275	0	56	T	C
N0_Mouse	0.0863823489425	0	683	A	T
N0_Mouse	0.0879703423327	0	1372	T	C
N0_Mouse	0.0880900029543	0	69	G	T
N0_Mouse	0.0882653570285	0	1239	C	T
N0_Mouse	0.088362515143	0	958	C	T
N0_Mouse	0.0893905597235	0	292	C	T
N0_Mouse	0.0897442697137	0	667	A	G
N0_Mouse	0.0898951989507	0	537	C	T
N0_Mouse	0.0903162363076	0	509	T	C
N0_Mouse	0.0904099186971	0	1009	A	C
N0_Mouse	0.0906467962568	0	322	A	T
N0_Mouse	0.0906850437724	0	915	A	G
N0_Mouse	0.0908504738507	0	41	T	C
N0_Mouse	0.0910212864651	0	279	T	A
N0_Mouse	0.0922964922674	0	88	A	T
N0_Mouse	0.0930406822769	0	121	C	T
N0_Mouse	0.0932688313337	0	1446	A	G
N0_Mouse	0.0934782607226	0	452	G	A
N0_Mouse	0.0938762357433	0	1016	G	A
N0_Mouse	0.0939431604295	0	1321	T	G
N0_Mouse	0.0947293116511	0	481	C	T
N0_Mouse	0.0950240093159	0	196	C	T
N0_Mouse	0.095045323068	0	783	G	A
N0_Mouse	0.0962188102144	0	1088	G	T
N0_Mouse	0.0963787952796	0	1073	A	G
N0_Mouse	0.0969751957335	0	881	T	G
N0_Mouse	0.0988042232367	0	64	A	T
N0_Mouse	0.099000424676	0	325	A	T
N0_Mouse	0.100295234624	0	817	T	A
N0_Mouse	0.101213463319	0	390	G	C
N0_Mouse	0.101375302149	0	1182	G	A
N0_Mouse	0.101856099628	0	291	C	A
N0_Mouse	0.10231876199	0	241	C	T
N0_Mouse	0.10330544706	0	1516	A	C
N0_Mouse	0.103319267142	0	1311	A	G
N0_Mouse	0.10421800294	0	483	T	A
N0_Mouse	0.104302310586	0	131	T	C
N0_Mouse	0.104323748538	0	396	A	G
N0_Mouse	0.105799199544	0	215	A	C
N0_Mouse	0.10746013832	0	619	G	C
N0_Mouse	0.108554404668	0	310	G	C
N0_Mouse	0.109320786906	0	1294	T	C
N0_Mouse	0.109324543212	0	1055	T	A
N0_Mouse	0.10951210796	0	785	A	T
N0_Mouse	0.109554621608	0	1047	G	T
N0_Mouse	0.111067882457	0	1260	A	T
N0_Mouse	0.111375484006	0	45	C	T
N0_Mouse	0.11161700035	0	767	A	T
N0_Mouse	0.11197573507	0	341	C	A
N0_Mouse	0.112847757015	0	1500	T	C
N0_Mouse	0.113497227677	0	1000	A	T
N0_Mouse	0.113674865727	0	253	A	T
N0_Mouse	0.115424691103	0	347	T	A
N0_Mouse	0.115471283918	0	359	C	A
N0_Mouse	0.115694411639	0	616	T	G
N0_Mouse	0.116104251329	0	794	A	G
N0_Mouse	0.116147371399	0	805	G	A
N0_Mouse	0.117940008772	0	1058	G	C
N0_Mouse	0.120677476509	0	942	G	A
N0_Mouse	0.12169841188	0	1148	G	T
N0_Mouse	0.123600357332	0	545	T	C
N0_Mouse	0.123970598678	0	1070	G	A
N0_Mouse	0.124332401974	0	1001	C	T
N0_Mouse	0.124614479449	0	1564	C	A
N0_Mouse	0.130077753617	0	609	G	T
N0_Mouse	0.130935463773	0	1044	T	C
N0_Mouse	0.131505664374	0	876	G	A
N0_Mouse	0.133900072657	0	1405	G	A
N0_Mouse	0.134075857052	0	215	C	T
N0_Mouse	0.134364779988	0	585	C	A
N0_Mouse	0.135537365177	0	330	A	T
N0_Mouse	0.13585064449	0	136	G	A
N0_Mouse	0.136838154171	0	683	T	C
N0_Mouse	0.138030496517	0	378	T	C
N0_Mouse	0.13816683338	0	295	A	G
N0_Mouse	0.138850527781	0	945	A	C
N0_Mouse	0.139222397068	0	740	C	A
N0_Mouse	0.13926514394	0	732	A	G
N0_Mouse	0.140403076475	0	843	C	T
N0_Mouse	0.140820783546	0	220	T	C
N0_Mouse	0.140946150106	0	1108	A	G
N0_Mouse	0.143495780988	0	372	A	T
N0_Mouse	0.144118695223	0	167	G	T
N0_Mouse	0.144128283731	0	659	G	T
N0_Mouse	0.144436148174	0	888	C	G
N0_Mouse	0.144752631214	0	0	G	A
N0_Mouse	0.145733789106	0	1569	T	C
N0_Mouse	0.146507420437	0	1372	C	A
N0_Mouse	0.148716068072	0	1001	T	G
N0_Mouse	0.148897222665	0	583	A	G
N0_Mouse	0.150411807891	0	930	A	C
N0_Mouse	0.150785345695	0	665	C	T
N0_Mouse	0.150969292077	0	1088	T	A
N0_Mouse	0.151298122958	0	1449	T	G
N0_Mouse	0.151647675045	0	716	A	G
N0_Mouse	0.152974120803	0	426	A	G
N0_Mouse	0.153518126818	0	1569	C	A
N0_Mouse	0.153963808727	0	709	G	T
N0_Mouse	0.154475275461	0	1213	G	T
N0_Mouse	0.154850303832	0	1235	T	G
N0_Mouse	0.155411604244	0	361	G	A
N0_Mouse	0.156692609934	0	1074	T	C
N0_Mouse	0.156716747863	0	1564	A	G
N0_Mouse	0.156995480473	0	544	A	G
N0_Mouse	0.157109202203	0	1335	A	G
N0_Mouse	0.160616043475	0	1539	T	A
N0_Mouse	0.161279247319	0	493	G	T
N0_Mouse	0.161341142976	0	664	G	A
N0_Mouse	0.161974145179	0	695	G	T
N0_Mouse	0.164190466136	0	706	C	A
N0_Mouse	0.165430085715	0	352	C	T
N0_Mouse	0.165550272926	0	1078	C	G
N0_Mouse	0.165641323498	0	862	T	C
N0_Mouse	0.16642503458	0	1470	A	G
N0_Mouse	0.167511954822	0	682	C	T
N0_Mouse	0.16776438357	0	1291	C	T
N0_Mouse	0.168172792038	0	1126	A	G
N0_Mouse	0.168267813347	0	1530	C	T
N0_Mouse	0.168322013107	0	1568	G	A
N0_Mouse	0.168442039482	0	226	C	A
N0_Mouse	0.168477156585	0	1372	A	T
N0_Mouse	0.16849662197	0	1346	A	T
N0_Mouse	0.169003521889	0	994	T	C
N0_Mouse	0.169178321229	0	658	A	G
N0_Mouse	0.169235735724	0	417	A	G
N0_Mouse	0.170229591425	0	657	T	A
N0_Mouse	0.170632113104	0	255	T	A
N0_Mouse	0.171159349143	0	387	A	T
N0_Mouse	0.171245941148	0	1383	T	G
N0_Mouse	0.172335296486	0	1292	C	T
N0_Mouse	0.173423064257	0	363	A	C
N0_Mouse	0.174980792557	0	1214	G	T
N0_Mouse	0.17542619112	0	335	T	A
N0_Mouse	0.175874996666	0	1419	T	C
N0_Mouse	0.176582333659	0	352	T	G
N0_Mouse	0.176624489883	0	998	C	T
N0_Mouse	0.177163291236	0	533	T	C
N0_Mouse	0.177492184888	0	1450	A	T
N0_Mouse	0.178452719297	0	1078	G	A
N0_Mouse	0.179155765004	0	1209	A	G
N0_Mouse	0.181145782589	0	429	C	T
N0_Mouse	0.18138683043	0	1080	G	T
N0_Mouse	0.181674263771	0	936	A	T
N0_Mouse	0.182801345608	0	246	A	C
N0_Mouse	0.182964344638	0	1414	C	T
N0_Mouse	0.183465896004	0	918	C	A
N0_Mouse	0.184802679149	0	812	C	T
N0_Mouse	0.185300625884	0	723	A	T
N0_Mouse	0.1857670591	0	97	A	T
N0_Mouse	0.186609904145	0	221	T	A
N0_Mouse	0.187360183142	0	1040	T	G
N0_Mouse	0.188274447214	0	1484	C	G
N0_Mouse	0.18855072385	0	1435	C	T
N0_Mouse	0.188849521614	0	1460	A	G
N0_Mouse	0.189477865413	0	1186	T	C
N0_Mouse	0.190028049747	0	1197	A	G
N0_Mouse	0.190061448423	0	911	A	C
N0_Mouse	0.190233645494	0	1558	T	A
N0_Mouse	0.191368260456	0	1079	G	A
N0_Mouse	0.191544972978	0	1551	T	G
N0_Mouse	0.1916044092	0	1365	G	T
N0_Mouse	0.191691365035	0	1348	A	G
N0_Mouse	0.191887901949	0	634	C	T
N0_Mouse	0.19308472689	0	1149	C	T
N0_Mouse	0.193155726647	0	1183	A	G
N0_Mouse	0.195496350857	0	543	T	G
N0_Mouse	0.19592562441	0	199	C	T
N0_Mouse	0.196774843864	0	1159	A	C
N0_Mouse	0.196952374361	0	1470	G	T
N0_Mouse	0.197118988019	0	887	T	C
N0_Mouse	0.197614496403	0	1459	A	G
N0_Mouse	0.198060260696	0	217	T	C
N0_Mouse	0.198142912641	0	655	A	G
N0_Mouse	0.198199685047	0	194	G	A
N0_Mouse	0.198345198143	0	409	A	T
N0_Mouse	0.198511317699	0	624	A	G
N0_Mouse	0.198643931115	0	151	A	G
N0_Mouse	0.198652049708	0	1428	C	G
N0_Mouse	0.1991582885	0	1223	C	T
N0_Mouse	0.199377444989	0	230	T	C
N0_Mouse	0.199834494088	0	657	A	T
N0_Mouse	0.200037459537	0	579	G	T
N0_Mouse	0.200675082242	0	1021	T	A
N0_Mouse	0.202128094626	0	820	G	T
N0_Mouse	0.203404118781	0	404	G	A
N0_Mouse	0.204096332963	0	311	C	T
N0_Mouse	0.204400346236	0	471	C	A
N0_Mouse	0.206060442258	0	1151	T	C
N0_Mouse	0.206837568472	0	8	C	G
N0_Mouse	0.206924037468	0	1302	A	G
N0_Mouse	0.207076281319	0	1475	G	T
N0_Mouse	0.20723583558	0	49	T	C
N0_Mouse	0.207881697747	0	735	A	G
N0_Mouse	0.208602077521	0	537	T	C
N0_Mouse	0.208692894305	0	1312	T	C
N0_Mouse	0.208965979409	0	1052	A	T
N0_Mouse	0.20908825326	0	135	C	T
N0_Mouse	0.210019083943	0	1385	G	T
N0_Mouse	0.211419110441	0	38	C	T
N0_Mouse	0.211909063318	0	993	A	T
N0_Mouse	0.211914245756	0	1120	C	T
N0_Mouse	0.212118950477	0	572	T	G
N0_Mouse	0.212549984067	0	120	C	T
N0_Mouse	0.212923495204	0	716	G	T
N0_Mouse	0.213206137813	0	817	A	C
N0_Mouse	0.214115646361	0	461	T	A
N0_Mouse	0.214522269741	0	1353	C	T
N0_Mouse	0.214912949147	0	770	C	T
N0_Mouse	0.21493226112	0	717	G	A
N0_Mouse	0.214994135506	0	544	G	A
N0_Mouse	0.215224660948	0	1140	T	C
N0_Mouse	0.21704947165	0	188	A	T
N0_Mouse	0.217484741875	0	545	C	G
N0_Mouse	0.218134007697	0	417	G	A
N0_Mouse	0.218640022816	0	1522	A	T
N0_Mouse	0.219237468616	0	1095	C	G
N0_Mouse	0.219345965712	0	1117	A	T
N0_Mouse	0.219892233969	0	956	T	G
N0_Mouse	0.22076494771	0	444	G	T
N0_Mouse	0.221127030746	0	719	T	A
N0_Mouse	0.221613760382	0	1298	C	A
N0_Mouse	0.222123649788	0	262	C	T
N0_Mouse	0.223467852645	0	860	T	G
N0_Mouse	0.223916253842	0	1357	A	C
N0_Mouse	0.225411372027	0	1152	T	A
N0_Mouse	0.225653927577	0	1108	G	C
N0_Mouse	0.225965293774	0	144	G	A
N0_Mouse	0.226123038521	0	992	T	C
N0_Mouse	0.228570961619	0	1387	T	C
N0_Mouse	0.228967799271	0	105	T	C
N0_Mouse	0.229933469765	0	623	C	G
N0_Mouse	0.230116340247	0	942	A	T
N0_Mouse	0.230790399391	0	689	A	T
N0_Mouse	0.232895320378	0	956	G	T
N0_Mouse	0.232914780967	0	777	G	A
N0_Mouse	0.232948926831	0	810	A	T
N0_Mouse	0.233120993805	0	1498	G	A
N0_Mouse	0.233133576141	0	909	G	A
N0_Mouse	0.233655955541	0	687	G	A
N0_Mouse	0.234186745626	0	1399	T	A
N0_Mouse	0.235865059725	0	425	G	A
N0_Mouse	0.235877633051	0	19	T	C
N0_Mouse	0.235986103521	0	830	T	C
N0_Mouse	0.237533181372	0	863	G	A
N0_Mouse	0.238643628031	0	892	G	A
N0_Mouse	0.238981348021	0	244	A	T
N0_Mouse	0.238991211926	0	1182	A	T
N0_Mouse	0.239350705519	0	1191	G	T
N0_Mouse	0.239361684047	0	958	T	A
N0_Mouse	0.240865698044	0	1517	C	A
N0_Mouse	0.24103144417	0	903	T	G
N0_Mouse	0.241283178461	0	656	G	T
N0_Mouse	0.241295187108	0	920	G	C
N0_Mouse	0.242307560424	0	1384	T	A
N0_Mouse	0.242585364244	0	785	T	A
N0_Mouse	0.243188501526	0	957	T	C
N0_Mouse	0.244268415289	0	493	T	C
N0_Mouse	0.244575287944	0	51	C	T
N0_Mouse	0.244716212403	0	17	A	G
N0_Mouse	0.244868020749	0	1236	T	A
N0_Mouse	0.24623409715	0	118	T	A
N0_Mouse	0.246590169163	0	759	T	A
N0_Mouse	0.246859584944	0	1323	T	C
N0_Mouse	0.246874842472	0	1322	A	T
N0_Mouse	0.246912075778	0	1080	T	C
N0_Mouse	0.247215011055	0	200	C	T
N0_Mouse	0.248262590333	0	583	G	C
N0_Mouse	0.249190029344	0	518	A	G
N0_Mouse	0.24928900637	0	452	A	C
N0_Mouse	0.249856804961	0	1495	C	T
N0_Mouse	0.249990331586	0	1183	G	A
N0_Mouse	0.250106133638	0	1393	T	C
N0_Mouse	0.250317427068	0	780	A	G
N0_Mouse	0.250417904582	0	1042	A	T
N0_Mouse	0.250421392767	0	330	T	A
N0_Mouse	0.250862564332	0	23	A	G
N0_Mouse	0.251259060296	0	839	G	C
N0_Mouse	0.252673800898	0	78	T	C
N0_Mouse	0.252951006926	0	1357	C	T
N0_Mouse	0.253878189944	0	920	C	T
N0_Mouse	0.253930492283	0	1254	A	G
N0_Mouse	0.25660057415	0	503	A	G
N0_Mouse	0.257569873827	0	849	C	T
N0_Mouse	0.258723732613	0	317	C	T
N0_Mouse	0.258755279755	0	665	T	A
N0_Mouse	0.259198438612	0	1189	T	A
N0_Mouse	0.259370035736	0	1045	G	C
N0_Mouse	0.259558037223	0	1035	T	G
N0_Mouse	0.259672535165	0	379	A	G
N0_Mouse	0.259805247405	0	335	A	G
N0_Mouse	0.260094334703	0	1098	T	A
N0_Mouse	0.260111512189	0	933	G	A
N0_Mouse	0.260278173566	0	1349	G	A
N0_Mouse	0.260574795811	0	278	T	C
N0_Mouse	0.260722380756	0	451	C	T
N0_Mouse	0.26119482845	0	731	G	A
N0_Mouse	0.261392703417	0	608	C	T
N0_Mouse	0.261427936917	0	83	T	C
N0_Mouse	0.261985845791	0	1220	A	G
N0_Mouse	0.262248215744	0	47	T	A
N0_Mouse	0.262591405613	0	69	T	C
N0_Mouse	0.263227313011	0	1045	C	G
N0_Mouse	0.263282572488	0	225	T	C
N0_Mouse	0.26359419793	0	1305	G	A
N0_Mouse	0.264212467332	0	99	G	A
N0_Mouse	0.264327071466	0	625	G	T
N0_Mouse	0.264776680072	0	466	A	T
N0_Mouse	0.266113633148	0	1263	A	C
N0_Mouse	0.267265295696	0	1515	C	G
N0_Mouse	0.267385061458	0	820	T	C
N0_Mouse	0.268477474314	0	196	T	A
N0_Mouse	0.268580736188	0	339	T	C
N0_Mouse	0.268893405078	0	506	A	T
N0_Mouse	0.269533787679	0	501	G	T
N0_Mouse	0.26981286384	0	21	A	G
N0_Mouse	0.270024359064	0	1143	T	A
N0_Mouse	0.270224879487	0	1231	C	T
N0_Mouse	0.271777335528	0	296	G	C
N0_Mouse	0.2721540413	0	1000	T	C
N0_Mouse	0.272763017738	0	1277	G	C
N0_Mouse	0.27322852053	0	1554	C	T
N0_Mouse	0.274462174563	0	290	A	T
N0_Mouse	0.274476514425	0	1157	G	T
N0_Mouse	0.274893236919	0	592	A	T
N0_Mouse	0.276195262681	0	1118	C	T
N0_Mouse	0.276522558513	0	507	C	G
N0_Mouse	0.276653295366	0	1327	A	G
N0_Mouse	0.277024336445	0	502	A	G
N0_Mouse	0.277330289087	0	25	G	A
N0_Mouse	0.277967001181	0	1060	T	C
N0_Mouse	0.27817404843	0	1548	C	A
N0_Mouse	0.278775511635	0	1550	G	T
N0_Mouse	0.279798393235	0	921	A	T
N0_Mouse	0.280449628325	0	931	C	T
N0_Mouse	0.280962942299	0	711	C	G
N0_Mouse	0.282959294816	0	1534	G	T
N0_Mouse	0.286062803386	0	1151	C	T
N0_Mouse	0.286336619484	0	622	A	G
N0_Mouse	0.286508811718	0	1101	A	G
N0_Mouse	0.286593581401	0	198	G	C
N0_Mouse	0.290600612278	0	639	A	G
N0_Mouse	0.290854982471	0	530	C	T
N0_Mouse	0.291607685703	0	432	C	A
N0_Mouse	0.293815330418	0	909	A	G
N0_Mouse	0.294462586307	0	966	A	G
N0_Mouse	0.294807568009	0	39	G	C
N0_Mouse	0.295069029284	0	878	C	T
N0_Mouse	0.295330852623	0	1531	G	C
N0_Mouse	0.295863890502	0	336	C	T
N0_Mouse	0.296097046848	0	1180	G	A
N0_Mouse	0.296118413786	0	1009	C	T
N0_Mouse	0.296278668685	0	467	A	C
N0_Mouse	0.297248428751	0	1418	A	T
N0_Mouse	0.298345637323	0	571	C	T
N0_Mouse	0.298406140922	0	1444	A	G
N0_Mouse	0.298459125427	0	1237	T	A
N0_Mouse	0.29976407082	0	1146	A	G
N0_Mouse	0.300222608007	0	1252	C	T
N0_Mouse	0.300528616547	0	1442	T	C
N0_Mouse	0.300994051316	0	434	T	G
N0_Mouse	0.302127512349	0	1029	T	C
N0_Mouse	0.302231897759	0	385	C	A
N0_Mouse	0.302994788924	0	1408	T	C
N0_Mouse	0.303742546993	0	546	C	G
N0_Mouse	0.304227932039	0	1410	A	T
N0_Mouse	0.304701795294	0	1184	C	A
N0_Mouse	0.306872112693	0	887	C	A
N0_Mouse	0.306911978036	0	1425	T	C
N0_Mouse	0.307239815761	0	1165	C	T
N0_Mouse	0.307245497104	0	271	T	A
N0_Mouse	0.307416070919	0	1097	T	C
N0_Mouse	0.307480273617	0	681	T	C
N0_Mouse	0.308453469957	0	1390	A	C
N0_Mouse	0.30874020285	0	295	G	T
N0_Mouse	0.310328104209	0	1302	G	T
N0_Mouse	0.31196546761	0	1081	T	G
N0_Mouse	0.313105668385	0	786	A	T
N0_Mouse	0.31372664588	0	92	C	T
N0_Mouse	0.313971210041	0	1193	T	G
N0_Mouse	0.314029113922	0	547	A	G
N0_Mouse	0.314228081923	0	782	T	C
N0_Mouse	0.315617838638	0	1000	C	A
N0_Mouse	0.316048047012	0	986	C	G
N0_Mouse	0.31629373365	0	370	A	T
N0_Mouse	0.316335513968	0	652	T	A
N0_Mouse	0.317614727511	0	194	A	G
N0_Mouse	0.318868801682	0	615	A	G
N0_Mouse	0.319028293047	0	416	T	G
N0_Mouse	0.319250335593	0	461	A	G
N0_Mouse	0.319468711122	0	293	T	C
N0_Mouse	0.320106019897	0	1075	C	T
N0_Mouse	0.320289881761	0	1278	T	A
N0_Mouse	0.321629590117	0	1033	C	T
N0_Mouse	0.321633784115	0	568	A	G
N0_Mouse	0.321862375802	0	266	G	A
N0_Mouse	0.322566059479	0	1428	G	T
N0_Mouse	0.322738249186	0	304	G	A
N0_Mouse	0.322795312014	0	1274	A	T
N0_Mouse	0.323380855926	0	1571	T	A
N0_Mouse	0.323666185165	0	902	A	T
N0_Mouse	0.323884249808	0	1577	A	T
N0_Mouse	0.32445257207	0	1107	T	G
N0_Mouse	0.325537083657	0	964	G	A
N0_Mouse	0.325576043802	0	328	T	A
N0_Mouse	0.32594506809	0	976	C	T
N0_Mouse	0.326420913131	0	1274	T	C
N0_Mouse	0.326886155023	0	502	G	C
N0_Mouse	0.326927662369	0	762	G	A
N0_Mouse	0.327111455779	0	1331	A	T
N0_Mouse	0.327302363178	0	717	A	C
N0_Mouse	0.329135965783	0	1451	T	G
N0_Mouse	0.330194157843	0	58	G	A
N0_Mouse	0.330326978987	0	1065	A	C
N0_Mouse	0.331172893542	0	305	C	T
N0_Mouse	0.331732774763	0	125	G	A
N0_Mouse	0.332908922282	0	649	G	A
N0_Mouse	0.333099653082	0	1408	C	T
N0_Mouse	0.333102227955	0	1144	A	G
N0_Mouse	0.333635688665	0	1126	G	A
N0_Mouse	0.33505053202	0	575	C	T
N0_Mouse	0.335470268654	0	168	A	G
N0_Mouse	0.335932243312	0	915	G	C
N0_Mouse	0.336215213094	0	177	T	C
N0_Mouse	0.338353168875	0	672	G	A
N0_Mouse	0.338953341559	0	1502	A	G
N0_Mouse	0.339625312039	0	49	C	A
N0_Mouse	0.340284038414	0	660	G	A
N0_Mouse	0.341371627219	0	1291	T	A
N0_Mouse	0.342357825762	0	145	T	G
N0_Mouse	0.342443493035	0	96	T	C
N0_Mouse	0.343226123169	0	1021	A	C
N0_Mouse	0.343419294351	0	528	T	A
N0_Mouse	0.34358641442	0	741	C	A
N0_Mouse	0.343736508433	0	874	C	A
N0_Mouse	0.345570226876	0	37	C	T
N0_Mouse	0.34634538313	0	159	A	T
N0_Mouse	0.346762285856	0	106	T	C
N0_Mouse	0.347361061703	0	1097	C	G
N0_Mouse	0.348834019509	0	232	A	T
N0_Mouse	0.349598002983	0	1246	C	A
N0_Mouse	0.349888035035	0	86	A	G
N0_Mouse	0.350840239736	0	420	T	C
N0_Mouse	0.350845798011	0	232	T	A
N0_Mouse	0.350892894062	0	116	G	C
N0_Mouse	0.352179553334	0	1332	T	G
N0_Mouse	0.353159535364	0	1017	G	T
N0_Mouse	0.353690072004	0	147	A	T
N0_Mouse	0.353832545914	0	883	A	G
N0_Mouse	0.354636810441	0	1502	G	A
N0_Mouse	0.355183585517	0	990	T	C
N0_Mouse	0.355419877538	0	662	G	T
N0_Mouse	0.355616112596	0	484	T	A
N0_Mouse	0.356317435071	0	1071	G	T
N0_Mouse	0.356543292744	0	1453	C	T
N0_Mouse	0.357489448835	0	1551	G	C
N0_Mouse	0.357783484608	0	18	T	C
N0_Mouse	0.357949258208	0	1317	C	G
N0_Mouse	0.359759308114	0	751	C	T
N0_Mouse	0.361460330974	0	290	T	A
N0_Mouse	0.362129064511	0	454	G	A
N0_Mouse	0.362590028112	0	328	A	G
N0_Mouse	0.363796828688	0	479	G	A
N0_Mouse	0.364441970823	0	458	C	T
N0_Mouse	0.365214173393	0	1560	T	A
N0_Mouse	0.366496689884	0	1492	G	A
N0_Mouse	0.36661308142	0	10	T	C
N0_Mouse	0.367049690608	0	842	G	A
N0_Mouse	0.367599692474	0	254	C	T
N0_Mouse	0.36815884322	0	327	A	T
N0_Mouse	0.370452635642	0	408	T	C
N0_Mouse	0.370527095902	0	329	C	T
N0_Mouse	0.370923911634	0	675	T	G
N0_Mouse	0.370988626366	0	1543	A	G
N0_Mouse	0.371825121308	0	422	G	A
N0_Mouse	0.371838119064	0	1027	C	T
N0_Mouse	0.372738793945	0	206	T	G
N0_Mouse	0.372809148748	0	1291	A	C
N0_Mouse	0.373797108798	0	163	A	G
N0_Mouse	0.374403329408	0	561	T	A
N0_Mouse	0.374804708066	0	1010	A	G
N0_Mouse	0.374837762945	0	956	T	C
N0_Mouse	0.375031845781	0	1416	C	T
N0_Mouse	0.375910595474	0	1559	G	T
N0_Mouse	0.377326433362	0	1093	C	A
N0_Mouse	0.378451182131	0	1449	G	A
N0_Mouse	0.378639965569	0	8	G	A
N0_Mouse	0.379273636765	0	547	G	A
N0_Mouse	0.379355250935	0	1497	G	A
N0_Mouse	0.379433551261	0	625	T	A
N0_Mouse	0.379677606403	0	557	T	C
N0_Mouse	0.380380530242	0	111	T	A
N0_Mouse	0.380907405284	0	815	A	C
N0_Mouse	0.381235979993	0	480	A	T
N0_Mouse	0.38199046087	0	1509	G	T
N0_Mouse	0.382515801006	0	1227	T	G
N0_Mouse	0.383170114344	0	901	G	A
N0_Mouse	0.384209512501	0	1034	T	C
N0_Mouse	0.384902729634	0	143	G	A
N0_Mouse	0.385090706964	0	932	G	C
N0_Mouse	0.38622419621	0	761	C	T
N0_Mouse	0.386260029808	0	1052	T	A
N0_Mouse	0.386404347704	0	998	T	A
N0_Mouse	0.387086149144	0	257	A	C
N0_Mouse	0.387343668847	0	1449	A	T
N0_Mouse	0.38747150939	0	136	A	T
N0_Mouse	0.388135071125	0	777	A	G
N0_Mouse	0.388761966669	0	923	A	T
N0_Mouse	0.389261609675	0	656	T	C
N0_Mouse	0.390450618424	0	1199	G	A
N0_Mouse	0.391106553194	0	231	T	C
N0_Mouse	0.391441357858	0	529	T	G
N0_Mouse	0.391587789062	0	407	A	G
N0_Mouse	0.391735382953	0	753	G	T
N0_Mouse	0.391892571526	0	501	T	G
N0_Mouse	0.392149817546	0	182	C	T
N0_Mouse	0.393389363204	0	912	G	A
N0_Mouse	0.394037867984	0	1321	G	C
N0_Mouse	0.394686017838	0	169	T	C
N0_Mouse	0.39740907232	0	254	T	C
N0_Mouse	0.398063468353	0	1435	T	A
N0_Mouse	0.398512021461	0	1323	C	A
N0_Mouse	0.398952432266	0	890	T	A
N0_Mouse	0.401152953824	0	1139	G	T
N0_Mouse	0.401377952751	0	71	T	C
N0_Mouse	0.401819590303	0	1096	G	C
N0_Mouse	0.401861196676	0	163	G	T
N0_Mouse	0.402562111017	0	1106	T	C
N0_Mouse	0.402899181937	0	1453	T	A
N0_Mouse	0.404965527296	0	1212	G	T
N0_Mouse	0.405683021185	0	1085	C	G
N0_Mouse	0.409963840105	0	1002	T	G
N0_Mouse	0.411139426323	0	1230	T	C
N0_Mouse	0.411208491832	0	823	A	G
N0_Mouse	0.412019978771	0	927	G	A
N0_Mouse	0.413628432147	0	177	C	A
N0_Mouse	0.414250091922	0	732	G	C
N0_Mouse	0.41627289084	0	682	T	C
N0_Mouse	0.416332225831	0	1534	T	G
N0_Mouse	0.416483621551	0	1095	G	A
N0_Mouse	0.416681793762	0	772	T	C
N0_Mouse	0.418004245825	0	566	G	C
N0_Mouse	0.418104526873	0	116	C	G
N0_Mouse	0.419608720801	0	1161	T	A
N0_Mouse	0.421623826268	0	604	A	T
N0_Mouse	0.422114588852	0	464	G	A
N0_Mouse	0.422190837299	0	1151	T	A
N0_Mouse	0.422505048311	0	922	T	C
N0_Mouse	0.422793665204	0	1345	G	A
N0_Mouse	0.422968672968	0	293	C	T
N0_Mouse	0.423254603833	0	834	A	G
N0_Mouse	0.426037130844	0	1307	C	T
N0_Mouse	0.42672973063	0	304	A	T
N0_Mouse	0.427402347053	0	159	T	C
N0_Mouse	0.429838624172	0	924	C	A
N0_Mouse	0.43025020069	0	729	T	G
N0_Mouse	0.430253146981	0	988	G	T
N0_Mouse	0.430750597941	0	122	C	T
N0_Mouse	0.430757374534	0	455	C	G
N0_Mouse	0.43110074467	0	62	C	T
N0_Mouse	0.431191268595	0	1094	T	C
N0_Mouse	0.434605207011	0	1287	G	T
N0_Mouse	0.434841961697	0	1089	A	C
N0_Mouse	0.436956838759	0	1220	G	A
N0_Mouse	0.437364850327	0	1524	T	C
N0_Mouse	0.438386926085	0	939	G	A
N0_Mouse	0.439796270148	0	55	G	A
N0_Mouse	0.439886889908	0	1482	T	G
N0_Mouse	0.441499185326	0	1339	T	A
N0_Mouse	0.44232250294	0	1277	C	T
N0_Mouse	0.442592806283	0	262	T	A
N0_Mouse	0.443393821605	0	280	T	G
N0_Mouse	0.443619748924	0	648	A	C
N0_Mouse	0.44524087732	0	1040	G	A
N0_Mouse	0.446151743139	0	594	G	T
N0_Mouse	0.446456774213	0	92	T	G
N0_Mouse	0.448151397558	0	1173	A	T
