edge	time	mut_orlg	mut_pos	old_state	new_state
N0_kluyveri	7.94640989357e-05	0	302	G	A
N0_kluyveri	0.000538452845843	0	383	T	C
N0_kluyveri	0.00141164787271	0	230	C	T
N0_kluyveri	0.00172784927667	0	489	A	G
N0_kluyveri	0.00237579744179	0	350	C	A
N0_kluyveri	0.00250125710893	0	134	C	T
N0_kluyveri	0.00283864887167	0	206	C	T
N0_kluyveri	0.00302221043773	0	149	T	C
N0_kluyveri	0.00368170477209	0	92	C	T
N0_kluyveri	0.00390075104804	0	38	T	C
N0_kluyveri	0.00426865395629	0	242	C	T
N0_kluyveri	0.00468240778332	0	346	C	T
N0_kluyveri	0.00488871387664	0	329	C	T
N0_kluyveri	0.0049227907224	0	32	T	C
N0_kluyveri	0.00580416035611	0	107	C	T
N0_kluyveri	0.00580518201261	0	347	A	G
N0_kluyveri	0.0060132687199	0	173	C	T
N0_kluyveri	0.00620088346867	0	302	A	G
N0_kluyveri	0.00663811707392	0	371	C	T
N0_kluyveri	0.00727044718938	0	39	G	A
N0_kluyveri	0.00753568033723	0	50	A	G
N0_kluyveri	0.00864454023466	0	35	A	G
N0_kluyveri	0.00868028827369	0	173	T	C
N0_kluyveri	0.00890764859716	0	158	C	T
N0_kluyveri	0.00895185628029	0	400	G	C
N0_kluyveri	0.00934095717116	0	359	A	G
N0_kluyveri	0.00941531199099	0	104	C	T
N0_kluyveri	0.00994382796427	0	197	C	G
N0_kluyveri	0.0108259684847	0	254	C	T
N0_kluyveri	0.0111987668596	0	41	A	G
N0_kluyveri	0.0114820554272	0	236	A	G
N0_kluyveri	0.0123074312346	0	230	T	C
N0_kluyveri	0.0126122133081	0	140	G	A
N0_kluyveri	0.0126485642213	0	290	T	C
N0_kluyveri	0.0132003157258	0	431	T	C
N0_kluyveri	0.0135642721127	0	434	C	T
N0_kluyveri	0.0138819242621	0	34	A	G
N0_D1	0.000586944172993	0	401	A	G
N0_D1	0.00105731843958	0	80	A	G
D1_N1	0.000420174269921	1	197	C	T
D1_N1	0.000580538945942	1	104	C	T
D1_N1	0.000705144732001	2	77	T	C
D1_N1	0.00133247731974	2	185	G	A
D1_N1	0.0016298912392	2	248	C	T
D1_N1	0.00224925169707	1	29	G	A
D1_N1	0.00253348242654	1	365	T	G
D1_N1	0.00253982305018	2	392	T	C
D1_N1	0.00282746584684	2	209	A	G
D1_N1	0.00303006261824	1	308	G	A
D1_N1	0.00318607262361	1	269	T	C
D1_N1	0.00319020018407	1	203	A	T
D1_N1	0.00332142668776	2	479	C	T
N1_castellii	8.42050888922e-05	2	52	T	C
N1_castellii	0.000385853586424	1	68	A	G
N1_castellii	0.000531109443281	2	335	C	T
N1_castellii	0.000682307456966	1	32	T	A
N1_castellii	0.00128863739498	1	185	G	A
N1_castellii	0.0013526655583	2	68	A	G
N1_castellii	0.00176256925507	1	5	G	A
N1_castellii	0.00178897780487	1	251	A	G
N1_castellii	0.00187939339658	1	473	A	G
N1_castellii	0.00195937392589	2	5	G	A
N1_castellii	0.00206045594136	2	458	A	G
N1_castellii	0.00210543324421	2	167	T	C
N1_castellii	0.00285302861036	1	236	A	G
N1_castellii	0.00294106542054	1	20	C	A
N1_castellii	0.00300500355302	1	53	C	T
N1_castellii	0.00302921828501	1	88	G	A
N1_castellii	0.00316919766628	2	431	T	C
N1_castellii	0.00326487282668	1	83	C	T
N1_castellii	0.0035822075765	1	488	A	G
N1_castellii	0.00365027810342	2	275	G	A
N1_castellii	0.00377689134438	1	218	C	T
N1_castellii	0.00389850991716	2	167	C	T
N1_castellii	0.00401793810205	2	26	A	G
N1_castellii	0.00420011521984	2	194	C	T
N1_castellii	0.00480513127652	1	234	T	C
N1_castellii	0.00529912128636	1	362	T	C
N1_castellii	0.00531444421782	1	269	C	T
N1_castellii	0.00550126305111	1	281	A	C
N1_castellii	0.0060487560096	2	195	T	C
N1_castellii	0.00627356294441	1	398	A	G
N1_castellii	0.00655984304043	2	164	T	C
N1_castellii	0.00656002437943	1	62	G	A
N1_castellii	0.0065751651247	2	275	A	G
N1_castellii	0.00667968952841	2	188	G	C
N1_castellii	0.00693628170157	2	272	C	T
N1_castellii	0.00699822889527	2	432	T	A
N1_castellii	0.00731705612103	2	168	C	T
N1_castellii	0.00735302015679	1	245	C	A
N1_castellii	0.00758842157342	1	240	G	A
N1_castellii	0.00804911065408	1	467	A	T
N1_castellii	0.00830629978412	1	158	C	T
N1_castellii	0.00899503359611	1	11	A	G
N1_castellii	0.00920617410071	2	197	C	T
N1_castellii	0.00971226260362	1	316	G	A
N1_castellii	0.0103177676864	2	488	A	G
N1_castellii	0.010461675514	1	161	G	A
N1_castellii	0.0111569796469	1	23	G	A
N1_castellii	0.0111884482716	2	39	G	A
N1_castellii	0.011296315388	1	74	C	T
N1_castellii	0.0118281159538	1	225	G	A
N1_castellii	0.0125906492418	1	326	G	T
N1_castellii	0.0126894135127	2	77	C	T
N1_castellii	0.0127010420451	1	194	C	T
N1_castellii	0.0127361711247	2	107	C	T
N1_N2	0.000264771358712	1	86	A	G
N1_N2	0.000353979891394	1	50	A	G
N1_N2	0.000445060699765	2	347	A	G
N1_N2	0.000891993244265	2	227	G	A
N1_N2	0.00132626171749	2	329	C	T
N1_N2	0.00164790342794	1	347	A	G
N1_N2	0.00200268551781	1	50	G	A
N1_N2	0.00200598942227	1	174	G	A
N1_N2	0.00214090434172	1	221	T	C
N1_N2	0.00249667621772	2	240	G	A
N1_N2	0.00274443697836	2	347	G	A
N1_N2	0.00276150836675	1	422	T	C
N1_N2	0.00283197981314	2	434	C	T
N1_N2	0.00313938748335	1	179	T	C
N1_N2	0.00326138258856	1	305	A	C
N1_N2	0.00342666565324	2	221	T	C
N1_N2	0.00359625297121	2	153	T	C
N1_N2	0.00365899893556	2	104	C	T
N1_N2	0.00387250564937	2	476	T	C
N1_N2	0.00398366127723	1	371	C	G
N1_N2	0.00398680141729	2	66	G	A
N1_N2	0.00427744700337	1	401	G	A
N1_N2	0.00435543989614	2	284	C	T
N1_N2	0.00438621571858	2	65	A	G
N1_N2	0.00446243425477	2	2	G	A
N1_N2	0.00447015205306	2	215	T	C
N1_N2	0.00453332199486	2	113	A	G
N1_N2	0.00516954514826	2	74	C	T
N1_N2	0.00524749078551	2	398	A	G
N1_N2	0.0059263054836	2	65	G	A
N1_N2	0.00606783976461	2	437	C	T
N1_N2	0.00620663708094	2	491	C	T
N1_N2	0.00634056583385	1	119	A	G
N1_N2	0.00663979398614	1	11	A	G
N1_N2	0.0068091741924	2	173	C	T
N1_N2	0.00693421123974	2	0	T	C
N1_N2	0.00735062310618	2	479	T	C
N1_N2	0.00757630111007	1	476	T	C
N1_N2	0.00763584064637	1	272	C	T
N1_N2	0.00782169090514	2	176	A	G
N1_N2	0.00793933674592	1	47	T	C
N1_N2	0.00802498140633	1	234	T	A
N1_N2	0.00818848228079	1	47	C	T
N1_N2	0.00834166332723	1	224	C	T
N1_N2	0.00839910333737	1	11	G	A
N1_N2	0.00895426906928	1	359	A	G
N1_N2	0.00908635491828	1	125	C	T
N1_N2	0.00959986741575	1	101	T	A
N1_N2	0.0098117419771	2	245	C	T
N1_N2	0.00998837262804	1	158	C	T
N1_N2	0.0104137263349	1	44	T	C
N1_N2	0.010921955033	1	338	T	C
N1_N2	0.0111894746019	1	323	T	C
N1_N2	0.0114516769927	1	224	T	C
N1_N2	0.0118811520333	2	77	C	T
N1_N2	0.0126580474533	2	197	C	T
N1_N2	0.0126965084995	2	8	T	C
N1_N2	0.0129275306726	2	206	C	T
N1_N2	0.0131385487861	1	101	A	G
N1_N2	0.0133290560026	2	110	T	C
N1_N2	0.0134941720332	2	116	G	A
N1_N2	0.0135067238079	2	326	G	A
N1_N2	0.0136561334782	2	398	G	A
N1_N2	0.0141144688749	2	278	C	T
N1_N2	0.0141205510902	2	412	A	G
N1_N2	0.0142463433753	2	364	C	A
N1_N2	0.0143479273062	2	482	C	T
N1_N2	0.0144860799154	1	47	T	C
N1_N2	0.0146027937847	2	413	C	T
N1_N2	0.0147554765102	2	491	T	C
N1_N2	0.0150278882232	1	278	C	T
N1_N2	0.0150765974534	1	113	A	G
N1_N2	0.0150861042097	2	299	C	T
N1_N2	0.0150963712814	2	299	T	C
N1_N2	0.015450194781	2	464	C	T
N1_N2	0.0156641553247	1	407	G	T
N2_bayanus	9.88382125242e-05	1	257	A	G
N2_bayanus	0.00020745762455	1	458	A	G
N2_bayanus	0.000571505398574	2	10	A	C
N2_bayanus	0.00101530076016	1	128	A	G
N2_bayanus	0.00150733589784	1	335	C	T
N2_bayanus	0.00193343281911	1	398	A	G
N2_bayanus	0.00196201883753	1	224	C	T
N2_N3	0.000817400753243	1	194	C	T
N2_N3	0.00102312872869	1	431	T	C
N2_N3	0.00109453557191	1	125	T	C
N3_kudriavzevii	8.30893894645e-05	2	374	C	T
N3_kudriavzevii	0.000133898310777	1	386	G	A
N3_kudriavzevii	0.0002809785584	1	173	C	T
N3_kudriavzevii	0.00028648008691	2	71	T	C
N3_kudriavzevii	0.000998779910788	1	209	A	G
N3_kudriavzevii	0.00198573565349	2	209	G	A
N3_kudriavzevii	0.00209514536306	2	437	T	C
N3_kudriavzevii	0.00211127333883	1	44	C	T
N3_kudriavzevii	0.00223215729554	2	5	G	A
N3_kudriavzevii	0.00234122474497	1	122	G	A
N3_kudriavzevii	0.00241760249173	1	281	A	G
N3_kudriavzevii	0.00261299412347	1	476	C	T
N3_kudriavzevii	0.00275789383115	1	314	G	C
N3_kudriavzevii	0.00275790089214	2	248	T	C
N3_kudriavzevii	0.00286684709379	1	296	A	G
N3_kudriavzevii	0.00293650012077	2	386	G	A
N3_kudriavzevii	0.00320979376773	2	251	A	T
N3_kudriavzevii	0.00341013437788	1	200	A	G
N3_kudriavzevii	0.00345836879499	2	431	T	C
N3_kudriavzevii	0.00376288466899	1	137	A	G
N3_kudriavzevii	0.00378731027268	2	395	A	G
N3_kudriavzevii	0.00388638393436	1	268	C	T
N3_kudriavzevii	0.00398688507696	1	233	T	C
N3_kudriavzevii	0.00399296155127	2	227	A	G
N3_kudriavzevii	0.00401477242157	2	98	A	G
N3_kudriavzevii	0.00409687560594	1	371	G	A
N3_kudriavzevii	0.00463062511622	2	302	G	A
N3_kudriavzevii	0.00503727675705	1	233	C	T
N3_kudriavzevii	0.00513940645196	2	224	C	T
N3_kudriavzevii	0.0058181301611	2	275	G	A
N3_N4	8.1333319376e-05	1	380	T	C
N3_N4	9.00840470335e-05	2	9	C	T
N3_N4	0.000445123510856	1	257	A	G
N3_N4	0.000799763189697	2	392	C	T
N3_N4	0.0010839755634	2	425	C	T
N3_N4	0.00116752985314	1	266	T	C
N3_N4	0.00151596080584	1	300	A	G
N3_N4	0.00215674692249	2	86	A	G
N3_N4	0.00218516970027	2	254	C	T
N4_mikatae	0.000126419597341	2	17	G	A
N4_mikatae	0.000431580653834	2	482	T	C
N4_mikatae	0.000444070693742	2	482	C	T
N4_mikatae	0.000629404216596	1	311	T	C
N4_mikatae	0.000911169744774	1	224	C	T
N4_mikatae	0.000946785602861	2	209	G	A
N4_mikatae	0.00099125661035	1	38	T	C
N4_mikatae	0.00103579036716	2	197	T	C
N4_mikatae	0.00121563809851	1	275	G	A
N4_mikatae	0.00130994651352	1	459	G	T
N4_mikatae	0.00185120763842	1	134	C	T
N4_mikatae	0.0019321754738	2	272	C	T
N4_mikatae	0.00203935569528	2	218	C	T
N4_mikatae	0.00239064083512	1	290	T	C
N4_mikatae	0.00258065020118	2	26	A	G
N4_mikatae	0.00303659194816	1	68	A	G
N4_mikatae	0.00307249784748	2	278	T	C
N4_mikatae	0.00324240644659	1	176	A	G
N4_mikatae	0.00338683930997	1	233	T	C
N4_mikatae	0.00356755254121	2	365	T	C
N4_mikatae	0.00399715691024	2	482	T	C
N4_mikatae	0.00400726026125	2	434	T	A
N4_mikatae	0.0041491709963	1	41	A	G
N4_mikatae	0.00418402197274	1	14	A	G
N4_N5	7.66732835454e-05	1	416	T	C
N4_N5	0.000324145228295	1	297	A	C
N4_N5	0.000414090713205	2	224	C	T
N4_N5	0.000695818425317	1	309	T	C
N4_N5	0.000909522309013	1	44	C	T
N4_N5	0.001156298188	1	219	A	T
N4_N5	0.00127192255236	2	170	A	T
N5_paradoxus	1.31136633791e-05	2	134	C	T
N5_paradoxus	3.52563579551e-05	1	173	C	T
N5_paradoxus	7.98036540712e-05	2	197	T	C
N5_paradoxus	0.000150676247428	2	302	G	A
N5_paradoxus	0.000301069095791	1	329	C	T
N5_paradoxus	0.000968797281261	2	23	G	A
N5_paradoxus	0.00107199300169	1	194	T	C
N5_paradoxus	0.00135922141861	2	383	T	A
N5_cerevisiae	0.000392718475281	2	333	G	A
N5_cerevisiae	0.000517418958224	1	98	A	G
N5_cerevisiae	0.000637587299031	1	488	A	G
N5_cerevisiae	0.00107990847552	1	386	G	A
N5_cerevisiae	0.0014771680111	1	89	C	T
N5_cerevisiae	0.00152225109823	1	287	A	G
N5_cerevisiae	0.0015549951686	2	254	T	C
N5_cerevisiae	0.00171621649722	1	44	T	C
N5_cerevisiae	0.0017732615886	1	302	G	A
N5_cerevisiae	0.00193209190589	2	5	G	A
N5_cerevisiae	0.00207418881088	1	83	C	T
N5_cerevisiae	0.0021749956724	2	68	A	G
N5_cerevisiae	0.00291492445125	1	251	A	G
N5_cerevisiae	0.00301051021533	1	326	G	A
N5_cerevisiae	0.00313789912063	1	473	A	C
N5_cerevisiae	0.00321816380288	1	173	C	T
N5_cerevisiae	0.00327285123534	1	257	G	A
N5_cerevisiae	0.00335266176376	2	167	T	C
N5_cerevisiae	0.00345318069662	2	54	A	G
