edge	time	mut_orlg	mut_pos	old_state	new_state
N0_kluyveri	0.00151694530435	0	35	C	T
N0_kluyveri	0.0020855973727	0	338	T	C
N0_kluyveri	0.0027659821114	0	332	T	C
N0_kluyveri	0.0039835915385	0	70	A	G
N0_kluyveri	0.00409456757028	0	368	T	C
N0_kluyveri	0.00412127581457	0	14	G	A
N0_kluyveri	0.00435263428254	0	6	T	C
N0_kluyveri	0.00476389133363	0	71	A	G
N0_kluyveri	0.00498348861587	0	38	C	T
N0_kluyveri	0.00648031310025	0	485	A	G
N0_kluyveri	0.00676706528075	0	17	T	C
N0_kluyveri	0.00774425790607	0	38	T	A
N0_kluyveri	0.00848894712657	0	374	G	T
N0_kluyveri	0.00876193039625	0	362	T	C
N0_kluyveri	0.00915711463646	0	485	G	A
N0_kluyveri	0.00929071144033	0	299	A	G
N0_kluyveri	0.00959636722501	0	65	C	T
N0_kluyveri	0.010418521458	0	59	C	T
N0_kluyveri	0.0117850976891	0	362	C	T
N0_kluyveri	0.0121386367259	0	62	T	C
N0_kluyveri	0.0121635618944	0	419	C	T
N0_kluyveri	0.0122392748827	0	278	G	A
N0_kluyveri	0.0122619974779	0	384	C	T
N0_kluyveri	0.012322479151	0	113	A	G
N0_kluyveri	0.012493820142	0	476	T	C
N0_kluyveri	0.0126161667416	0	164	G	A
N0_kluyveri	0.0127949031735	0	248	T	C
N0_kluyveri	0.0133228901098	0	416	C	T
N0_kluyveri	0.0135399214668	0	6	C	T
N0_D1	1.01833111102e-05	0	485	A	G
N0_D1	0.00060332195448	0	23	A	T
N0_D1	0.000733839085177	0	71	A	G
N0_D1	0.000921460302196	0	102	A	G
N0_D1	0.00111909923682	0	5	T	C
N0_D1	0.00126532056443	0	317	C	T
N0_D1	0.00143202999408	0	17	T	C
D1_N1	0.000152630729815	2	305	G	A
D1_N1	0.000183579072558	2	80	C	A
D1_N1	0.000260157403886	1	383	T	C
D1_N1	0.000328704949275	1	230	T	C
D1_N1	0.0017812154626	1	32	A	G
D1_N1	0.00224233099762	1	88	G	A
D1_N1	0.00229231594638	2	368	T	C
D1_N1	0.00230324353711	2	488	T	C
D1_N1	0.0026815499428	1	17	C	T
D1_N1	0.00331834579516	2	50	C	T
N1_castellii	5.58899636379e-05	1	311	A	G
N1_castellii	6.11106594569e-05	2	223	A	G
N1_castellii	0.000196098398121	1	263	T	C
N1_castellii	0.000525840101844	1	254	C	T
N1_castellii	0.00054725544313	2	206	T	C
N1_castellii	0.000599238638596	1	266	A	C
N1_castellii	0.000804234980686	2	278	G	T
N1_castellii	0.00108629102051	1	461	C	T
N1_castellii	0.00126912574731	1	395	T	C
N1_castellii	0.00130134837752	2	83	A	G
N1_castellii	0.00184167263387	2	356	G	A
N1_castellii	0.00205133397521	1	231	C	A
N1_castellii	0.00243727433951	2	209	A	G
N1_castellii	0.00247940744271	2	279	A	G
N1_castellii	0.00256092610559	2	162	C	T
N1_castellii	0.0026869217905	2	182	C	T
N1_castellii	0.00302500668513	1	335	C	T
N1_castellii	0.00336250676761	1	194	A	T
N1_castellii	0.00350424515762	2	20	T	C
N1_castellii	0.00353630319483	2	68	A	G
N1_castellii	0.003563705356	1	341	A	T
N1_castellii	0.00388696791076	2	398	T	A
N1_castellii	0.00413151131799	1	278	G	A
N1_castellii	0.00457016090579	1	128	T	C
N1_castellii	0.00494158293877	2	29	C	T
N1_castellii	0.00499053695323	1	465	A	G
N1_castellii	0.00562695667461	2	32	A	G
N1_castellii	0.00619591156518	1	212	G	A
N1_castellii	0.00626058206103	1	266	C	T
N1_castellii	0.00648386391998	1	365	C	T
N1_castellii	0.00654710345836	2	167	G	A
N1_castellii	0.00792201475431	1	20	T	C
N1_castellii	0.00793594298396	2	413	T	C
N1_castellii	0.00817565506274	1	353	T	C
N1_castellii	0.00832431509376	1	308	G	A
N1_castellii	0.00834677401519	1	419	C	T
N1_castellii	0.0083731491751	1	89	T	C
N1_castellii	0.00893892088876	2	38	C	T
N1_castellii	0.00927071670313	1	383	C	T
N1_castellii	0.00937018017199	1	314	T	C
N1_castellii	0.00963586248644	1	407	A	T
N1_castellii	0.00980552370319	2	422	C	T
N1_castellii	0.0103328924555	1	489	C	T
N1_castellii	0.0104760276784	2	479	C	T
N1_castellii	0.0111523916165	1	431	C	T
N1_castellii	0.0112685788948	2	134	T	C
N1_castellii	0.0112791124096	2	11	C	T
N1_castellii	0.0113840729045	1	26	T	C
N1_castellii	0.0113888777823	2	335	C	T
N1_castellii	0.0116474814764	1	338	T	C
N1_castellii	0.0116928827151	2	329	T	C
N1_castellii	0.0116938080751	1	32	G	A
N1_castellii	0.0118006776031	2	197	T	C
N1_castellii	0.0119184374623	2	74	C	T
N1_castellii	0.012191445944	2	188	A	G
N1_castellii	0.0122649614606	2	482	T	C
N1_castellii	0.0125189770999	2	233	T	C
N1_castellii	0.0128758227249	1	95	T	C
N1_N2	2.70358068022e-05	2	347	T	C
N1_N2	0.000162621461668	2	257	T	C
N1_N2	0.000341605330337	2	434	T	C
N1_N2	0.000555594502659	1	239	T	C
N1_N2	0.000652027335223	1	32	G	A
N1_N2	0.000673476638524	1	165	T	C
N1_N2	0.000861072748761	2	142	C	A
N1_N2	0.000876307111994	1	485	G	A
N1_N2	0.0010567091376	1	237	G	A
N1_N2	0.00107326666264	2	65	C	T
N1_N2	0.0011933848307	2	191	T	G
N1_N2	0.00138420699321	2	452	A	G
N1_N2	0.00143430163321	2	290	C	T
N1_N2	0.00147729158284	2	44	T	C
N1_N2	0.00166833563649	1	212	G	A
N1_N2	0.00206673174197	2	395	T	C
N1_N2	0.00258123911567	2	200	G	A
N1_N2	0.00305013176284	2	122	T	C
N1_N2	0.00308683049657	2	416	C	T
N1_N2	0.00382793119311	2	95	T	C
N1_N2	0.00410753015756	2	134	T	C
N1_N2	0.00519176847811	2	455	G	A
N1_N2	0.00519461487462	1	298	T	C
N1_N2	0.00581853390222	2	143	T	C
N1_N2	0.00639445154535	2	254	C	T
N1_N2	0.00643626830998	2	274	C	A
N1_N2	0.00649478510291	2	389	C	T
N1_N2	0.00657825560947	1	50	C	T
N1_N2	0.00666273234623	2	236	A	G
N1_N2	0.00667398653965	1	201	G	A
N1_N2	0.00739439871612	2	41	A	G
N1_N2	0.00763005316713	1	209	A	G
N1_N2	0.00772629813122	1	309	C	T
N1_N2	0.00773828356634	1	311	A	G
N1_N2	0.00776808292524	2	334	A	G
N1_N2	0.00799628782775	2	386	T	C
N1_N2	0.00817153076569	1	305	G	A
N1_N2	0.00829560448268	2	2	C	T
N1_N2	0.00834556173621	1	101	T	C
N1_N2	0.00895675505798	1	137	A	G
N1_N2	0.00903835745517	1	101	C	T
N1_N2	0.00929263307761	1	38	C	A
N1_N2	0.0113334466047	2	95	C	T
N1_N2	0.011736997282	1	231	C	T
N1_N2	0.0119227101291	1	381	T	A
N1_N2	0.0121214028268	1	77	A	G
N1_N2	0.0122488508557	1	428	C	T
N1_N2	0.0122732433298	2	413	T	C
N1_N2	0.012708529414	2	27	C	T
N1_N2	0.0130916511518	1	377	T	C
N1_N2	0.0132106692249	1	425	A	G
N1_N2	0.0134838567191	2	50	T	C
N1_N2	0.0136546882322	2	313	C	A
N1_N2	0.0138033740544	2	206	T	C
N1_N2	0.0143652909928	2	167	G	A
N1_N2	0.0148797309081	2	101	T	C
N1_N2	0.0157090298985	1	473	T	C
N1_N2	0.0157811094378	2	71	G	A
N2_bayanus	0.000541424116382	2	308	G	A
N2_bayanus	0.000652563736518	1	404	T	G
N2_bayanus	0.00100512368287	1	482	T	C
N2_bayanus	0.00166693457687	1	488	T	C
N2_bayanus	0.00220761873252	1	176	G	A
N2_N3	0.000277327411458	2	440	A	G
N2_N3	0.00041646248607	2	165	T	C
N2_N3	0.000729183998832	2	224	C	T
N2_N3	0.000792548120379	2	431	C	T
N2_N3	0.000799022570657	1	260	G	T
N2_N3	0.00100630448136	2	188	A	G
N2_N3	0.00127584886951	1	404	T	G
N2_N3	0.00138756026973	1	365	C	T
N3_kudriavzevii	0.000184857274546	2	53	T	C
N3_kudriavzevii	0.000439279423624	2	5	C	G
N3_kudriavzevii	0.000453738479349	1	458	G	A
N3_kudriavzevii	0.000856035105695	1	89	T	G
N3_kudriavzevii	0.00136112209766	2	365	C	T
N3_kudriavzevii	0.00140301662714	1	236	A	G
N3_kudriavzevii	0.00170941500639	2	355	C	T
N3_kudriavzevii	0.00235767733	1	323	G	C
N3_kudriavzevii	0.00270680379634	2	83	A	G
N3_kudriavzevii	0.00294522861506	2	302	T	C
N3_kudriavzevii	0.00375041710748	2	200	A	G
N3_kudriavzevii	0.00397806822488	1	185	G	A
N3_kudriavzevii	0.00415467731234	2	413	C	T
N3_kudriavzevii	0.0042122968401	2	206	C	G
N3_kudriavzevii	0.00429618369014	1	128	T	C
N3_kudriavzevii	0.00602390165292	1	26	T	C
N3_N4	0.000827942532537	2	9	T	C
N3_N4	0.00148991305434	1	59	C	T
N3_N4	0.00186521499219	1	41	A	G
N3_N4	0.0019045951284	1	473	C	A
N3_N4	0.00197613430163	2	65	T	C
N3_N4	0.00197732453728	2	260	G	A
N3_N4	0.00227254168776	2	260	A	G
N4_mikatae	0.000256921654304	1	369	T	C
N4_mikatae	0.000381211583759	1	275	A	G
N4_mikatae	0.000866512187818	1	41	G	T
N4_mikatae	0.000994892317607	2	419	C	T
N4_mikatae	0.00104457885223	1	311	G	A
N4_mikatae	0.00113618182677	2	242	G	A
N4_mikatae	0.00138311091489	1	17	T	C
N4_mikatae	0.00139105393211	1	336	A	T
N4_mikatae	0.0021373058813	1	17	C	T
N4_mikatae	0.00223748640353	2	473	A	G
N4_mikatae	0.00242844835987	1	284	A	G
N4_mikatae	0.00249788677157	2	467	A	G
N4_mikatae	0.00282796235696	1	65	C	T
N4_mikatae	0.00285345395324	2	314	T	C
N4_mikatae	0.00316822820582	1	464	A	G
N4_mikatae	0.00323813198282	2	309	C	T
N4_mikatae	0.00324102593094	1	299	A	G
N4_mikatae	0.00333515175462	1	179	C	T
N4_mikatae	0.00334061045047	1	479	C	T
N4_mikatae	0.00412997678736	1	341	A	G
N4_N5	0.000120665411984	2	233	T	C
N4_N5	0.00028381964586	2	287	G	A
N4_N5	0.000367981762842	2	113	A	C
N4_N5	0.000583513068803	1	87	T	A
N4_N5	0.000639079500871	1	152	C	T
N4_N5	0.000755809106023	1	278	G	A
N4_N5	0.000808881584843	1	422	C	T
N4_N5	0.000866425299	2	11	C	T
N4_N5	0.00106150538442	1	164	G	A
N4_N5	0.0013872578141	1	50	T	C
N4_N5	0.00146482475362	1	329	T	C
N5_paradoxus	8.72450675423e-05	1	176	G	T
N5_paradoxus	0.000342960210292	2	389	T	G
N5_paradoxus	0.000520290924042	1	386	T	C
N5_paradoxus	0.000532543971634	2	41	G	T
N5_paradoxus	0.000854097024755	1	157	T	C
N5_paradoxus	0.000885255955378	1	320	A	G
N5_paradoxus	0.00114973748231	2	65	C	T
N5_paradoxus	0.00145547660973	2	350	A	G
N5_cerevisiae	0.000277949727662	1	131	A	G
N5_cerevisiae	0.000322153918555	1	191	T	C
N5_cerevisiae	0.000480098392611	2	239	T	C
N5_cerevisiae	0.000605419612487	2	326	T	C
N5_cerevisiae	0.000991779721906	1	404	G	A
N5_cerevisiae	0.00171604696794	1	350	A	G
N5_cerevisiae	0.00213305683128	1	452	A	G
N5_cerevisiae	0.00213760420886	2	20	T	C
N5_cerevisiae	0.00247563022855	1	308	G	A
N5_cerevisiae	0.0030941839787	2	343	A	G
N5_cerevisiae	0.00322748213584	2	272	A	T
N5_cerevisiae	0.00336773370137	2	239	C	T
N5_cerevisiae	0.00339729746021	1	50	C	T
N5_cerevisiae	0.00375247149482	1	446	T	C
N5_cerevisiae	0.00406144207127	2	386	C	T
