edge	time	mut_orlg	mut_pos	old_state	new_state
N0_kluyveri	6.95308452429e-05	0	849	C	G
N0_kluyveri	0.000190098105241	0	771	C	T
N0_kluyveri	0.000688626313136	0	489	G	C
N0_kluyveri	0.000958101997259	0	705	G	A
N0_kluyveri	0.00256758857942	0	621	A	G
N0_kluyveri	0.00435619454312	0	244	G	T
N0_kluyveri	0.00456434807582	0	468	C	G
N0_kluyveri	0.0047033933611	0	786	G	A
N0_kluyveri	0.00479621439327	0	80	C	G
N0_kluyveri	0.00568187451448	0	565	G	A
N0_kluyveri	0.00607466308846	0	714	A	G
N0_kluyveri	0.006198316655	0	742	G	A
N0_kluyveri	0.00728200524866	0	309	G	A
N0_kluyveri	0.00761298830977	0	778	C	T
N0_kluyveri	0.00777685379534	0	477	A	G
N0_kluyveri	0.00894755398155	0	648	T	A
N0_D1	7.49009411348e-05	0	366	T	G
N0_D1	0.000300783425375	0	535	G	A
D1_N1	3.98561120944e-06	2	841	G	A
D1_N1	0.00118424485757	1	501	G	A
D1_N1	0.00135695808862	2	291	A	G
D1_N1	0.00156759029255	1	96	A	G
D1_N1	0.00160655165304	2	292	A	G
D1_N1	0.00312015535545	2	830	T	C
D1_N1	0.0032214547314	2	795	A	G
D1_N1	0.00330439260679	1	810	T	C
D1_N1	0.00359874154004	1	549	A	G
D1_N1	0.00387715379497	1	414	C	T
D1_N1	0.004077932357	2	61	A	G
D1_N1	0.00502053922861	1	38	G	T
D1_N1	0.00506452499326	2	64	C	T
D1_N1	0.00514056786075	1	453	G	A
D1_N1	0.00533998625722	1	540	T	A
D1_N1	0.00537802419517	2	585	A	G
D1_N1	0.0057304284276	2	456	A	C
D1_N1	0.00615394038699	2	191	C	T
D1_N1	0.00627910088398	1	348	G	C
D1_N1	0.00645305973998	2	249	G	A
D1_N1	0.00659858103696	2	193	C	T
D1_N1	0.00665991118238	1	564	C	T
D1_N1	0.00675265376399	2	435	A	C
D1_N1	0.00719874883466	1	547	A	T
D1_N1	0.00743189435617	1	610	G	A
D1_N1	0.00764615798044	1	459	G	T
D1_N1	0.00772351455707	1	540	A	G
D1_N1	0.00958703170852	2	570	A	C
N1_castellii	0.000312187493468	2	549	A	T
N1_castellii	0.000378303877919	2	678	G	A
N1_castellii	0.00056630090703	1	343	T	C
N1_castellii	0.0017989525291	1	669	A	G
N1_castellii	0.00324304751768	2	207	A	G
N1_castellii	0.00394092866308	2	792	T	C
N1_castellii	0.00416116576795	2	209	A	T
N1_castellii	0.00443491823949	2	567	T	C
N1_castellii	0.00447925867146	2	645	C	T
N1_castellii	0.00453608631642	2	402	C	T
N1_castellii	0.00460030277169	1	531	G	A
N1_castellii	0.004639298371	1	220	C	G
N1_castellii	0.00474724677463	1	400	G	A
N1_castellii	0.00478596044322	1	368	G	A
N1_castellii	0.00495315913185	2	423	T	C
N1_castellii	0.00555610991905	2	547	A	T
N1_castellii	0.00584561952691	1	700	T	G
N1_castellii	0.00607624323782	1	552	A	G
N1_castellii	0.00615526426356	1	85	T	A
N1_castellii	0.00615921973183	1	617	G	A
N1_castellii	0.00618262258188	2	423	C	A
N1_castellii	0.00633779437758	1	320	G	A
N1_castellii	0.00670034758476	2	657	T	C
N1_castellii	0.0069387203188	2	859	C	T
N1_castellii	0.00741602721844	1	344	A	C
N1_castellii	0.0082012082228	2	777	G	A
N1_castellii	0.00827037805566	2	270	G	A
N1_castellii	0.00860306352654	2	325	C	T
N1_castellii	0.0093639373998	2	181	A	C
N1_castellii	0.00943135944135	1	642	C	T
N1_castellii	0.00951838053764	2	633	A	G
N1_castellii	0.00988904310235	2	507	G	A
N1_N2	7.19264640884e-05	2	320	G	A
N1_N2	0.000419095140676	1	651	G	A
N1_N2	0.000764311982889	2	76	A	G
N1_N2	0.000884452783318	1	648	T	C
N1_N2	0.00129765354916	1	381	G	C
N1_N2	0.0016175271656	2	589	C	T
N1_N2	0.00172611082182	1	134	C	T
N1_N2	0.00388057426284	2	606	G	T
N1_N2	0.00443678610662	1	113	C	G
N1_N2	0.00488291093742	1	374	G	A
N1_N2	0.00489591563616	2	852	G	C
N1_N2	0.00498787726303	1	188	T	A
N1_N2	0.00558134781144	2	2	A	G
N1_N2	0.00609076878773	2	145	T	C
N1_N2	0.00653680813914	1	693	T	C
N1_N2	0.00714441330622	1	255	C	T
N1_N2	0.00765172457252	2	206	G	A
N1_N2	0.00787831880604	1	591	G	T
N1_N2	0.00825169680395	1	516	G	C
N1_N2	0.00845274993881	1	561	G	T
N1_N2	0.0084659799742	2	759	C	T
N1_N2	0.00851485479988	1	516	C	G
N1_N2	0.00857461573341	1	488	C	T
N1_N2	0.00858922855258	1	675	G	A
N1_N2	0.00909928663668	2	693	T	C
N1_N2	0.00952685653892	1	336	C	T
N2_bayanus	1.94354353469e-05	1	726	G	A
N2_bayanus	0.000107857173849	1	140	A	T
N2_bayanus	0.000415840140898	2	519	G	A
N2_bayanus	0.000726365712657	1	681	C	T
N2_bayanus	0.000747295674026	2	497	A	C
N2_bayanus	0.00134995710587	1	576	T	C
N2_bayanus	0.00138143267483	1	636	G	A
N2_bayanus	0.00192767164045	2	858	A	G
N2_bayanus	0.00212198472753	1	734	C	G
N2_bayanus	0.00225445398929	1	651	A	G
N2_bayanus	0.00225592884448	1	525	G	T
N2_bayanus	0.0024159348077	2	732	A	G
N2_bayanus	0.00292720389529	2	509	C	T
N2_bayanus	0.00344677300808	2	615	C	T
N2_bayanus	0.00394465395352	2	729	T	C
N2_bayanus	0.00435868780877	2	585	G	A
N2_bayanus	0.00514188845947	2	510	G	A
N2_bayanus	0.00530832956567	2	681	C	G
N2_bayanus	0.00532425739346	2	179	A	T
N2_bayanus	0.00545458701218	1	846	G	T
N2_bayanus	0.00657051694851	1	646	T	A
N2_bayanus	0.00680771817103	2	858	G	A
N2_bayanus	0.00727293396783	1	66	G	A
N2_bayanus	0.0073289736496	2	690	A	G
N2_bayanus	0.00733523488438	1	728	A	G
N2_bayanus	0.00747323753729	2	314	T	C
N2_bayanus	0.00788677295663	1	831	T	G
N2_bayanus	0.00800916235008	2	131	T	C
N2_bayanus	0.00809741532243	1	578	C	T
N2_bayanus	0.00935237628561	2	660	T	C
N2_bayanus	0.00941082624094	2	331	C	T
N2_bayanus	0.00957164434786	1	651	G	A
N2_N3	0.000149964461039	1	465	C	A
N2_N3	0.000160532504469	2	444	A	C
N2_N3	0.000236791268906	2	622	C	A
N2_N3	0.00108071676505	2	256	A	G
N2_N3	0.00166659817834	1	280	A	T
N2_N3	0.00170778278778	2	693	C	T
N2_N3	0.00195203287591	1	469	T	C
N2_N3	0.00283070878282	1	26	C	T
N2_N3	0.00316727474523	2	360	C	G
N2_N3	0.00398488976358	1	63	A	C
N2_N3	0.00408332256399	1	291	A	C
N2_N3	0.00435678490709	1	592	G	A
N2_N3	0.00467653079047	2	654	A	G
N2_N3	0.00470199441429	1	714	A	T
N2_N3	0.00509575697782	2	162	C	T
N2_N3	0.00623833045435	2	660	T	A
N2_N3	0.00626571941842	1	46	G	A
N2_N3	0.00700143091286	2	18	G	A
N2_N3	0.00707894408737	1	498	T	C
N2_N3	0.00728130787206	2	169	A	G
N2_N3	0.00755350301766	1	222	A	G
N2_N3	0.00845126348713	1	555	C	T
N2_N3	0.00856247547718	2	405	A	C
N2_N3	0.00878284548069	2	31	G	A
N2_N3	0.00902178578245	2	134	C	T
N2_N3	0.00913992350251	1	786	G	A
N2_N3	0.00935386842995	1	326	A	C
N2_N3	0.00948171479451	2	5	A	T
N3_kudriavzevii	0.000457634895359	2	487	T	A
N3_kudriavzevii	0.000707539466371	2	272	G	T
N3_kudriavzevii	0.00107292775069	2	558	C	A
N3_kudriavzevii	0.00124704126456	1	624	C	T
N3_kudriavzevii	0.00206489841589	2	583	T	G
N3_kudriavzevii	0.0022693975445	2	386	C	A
N3_kudriavzevii	0.00251096440132	1	384	T	C
N3_kudriavzevii	0.00251501685683	2	825	T	C
N3_kudriavzevii	0.00271513504102	2	378	A	G
N3_kudriavzevii	0.00287451763765	1	224	G	A
N3_kudriavzevii	0.00292928416551	2	93	A	G
N3_kudriavzevii	0.00362957702702	1	398	C	T
N3_kudriavzevii	0.00363827784771	2	408	T	G
N3_kudriavzevii	0.0039229633676	1	411	A	C
N3_kudriavzevii	0.00419374261448	2	666	T	A
N3_kudriavzevii	0.00507696538801	2	525	G	A
N3_kudriavzevii	0.00592097636045	1	771	C	T
N3_kudriavzevii	0.00614214738533	1	727	T	C
N3_kudriavzevii	0.0075830329694	2	501	G	C
N3_kudriavzevii	0.00764539452784	2	298	G	A
N3_kudriavzevii	0.00804477288557	1	513	C	G
N3_kudriavzevii	0.00848784555752	1	686	G	A
N3_kudriavzevii	0.00863647632066	1	846	G	A
N3_kudriavzevii	0.00871642343226	1	787	C	A
N3_kudriavzevii	0.00905670273441	1	289	C	A
N3_kudriavzevii	0.00981397948064	1	682	A	G
N3_kudriavzevii	0.00986289952981	2	59	G	A
N3_N4	0.000602464484963	2	279	T	G
N3_N4	0.00106731319854	2	338	A	C
N3_N4	0.00154517237844	1	621	A	G
N3_N4	0.00282790120884	1	607	C	T
N3_N4	0.00313149569477	2	639	G	T
N3_N4	0.00344153533096	2	64	T	C
N3_N4	0.00383418523681	1	525	G	A
N3_N4	0.00387814287912	1	642	C	A
N3_N4	0.00407181749796	2	687	C	T
N3_N4	0.00428513812361	1	567	T	A
N3_N4	0.00430294272804	2	290	A	G
N3_N4	0.00474037062526	2	238	T	C
N3_N4	0.00478689932537	2	636	G	A
N3_N4	0.00571126378565	2	271	A	C
N3_N4	0.0058395146927	2	799	G	A
N3_N4	0.00607137282654	2	447	T	C
N3_N4	0.00632580122435	1	850	G	C
N3_N4	0.0065233851615	2	477	A	G
N3_N4	0.00661110492142	2	616	T	A
N3_N4	0.00666331580873	2	23	C	T
N3_N4	0.0073382693492	2	555	C	G
N3_N4	0.00792410626008	1	666	T	G
N3_N4	0.00805742534362	1	669	A	G
N3_N4	0.00812574496228	1	228	C	A
N3_N4	0.00828759660486	1	522	G	A
N3_N4	0.00837078685071	2	852	C	T
N3_N4	0.00841103752347	1	275	C	T
N3_N4	0.00849978884541	2	410	G	A
N3_N4	0.00901581114797	1	595	G	A
N3_N4	0.00987372174134	2	531	G	A
N3_N4	0.0099129598445	2	594	A	G
N4_mikatae	9.01034132326e-05	1	534	C	T
N4_mikatae	0.000370670381908	1	852	G	A
N4_mikatae	0.000415314599412	1	501	A	T
N4_mikatae	0.00129889669133	1	445	T	C
N4_mikatae	0.00200660874128	2	535	A	G
N4_mikatae	0.00250710294898	2	464	A	G
N4_mikatae	0.00275039894845	1	646	T	C
N4_mikatae	0.00282102366746	2	8	G	A
N4_mikatae	0.00287735438588	1	163	A	C
N4_mikatae	0.00332751729791	2	580	C	G
N4_mikatae	0.00356904326733	1	106	C	T
N4_mikatae	0.00379140259682	2	442	T	A
N4_mikatae	0.00396765038769	2	537	G	A
N4_mikatae	0.00445826753902	1	852	A	G
N4_mikatae	0.00470480852304	2	453	G	C
N4_mikatae	0.00538073266177	2	508	G	C
N4_mikatae	0.00554504564923	2	858	A	C
N4_mikatae	0.005807321839	2	555	G	A
N4_mikatae	0.00602743304445	2	525	G	A
N4_mikatae	0.00616789412291	2	340	T	C
N4_mikatae	0.00651960829908	1	801	G	A
N4_mikatae	0.00690445152745	2	441	G	A
N4_mikatae	0.0071337680882	2	762	A	G
N4_mikatae	0.00726146568475	1	253	C	T
N4_mikatae	0.00727147799386	2	760	C	T
N4_mikatae	0.00739263078989	1	394	T	C
N4_mikatae	0.00746242806909	2	337	C	A
N4_mikatae	0.00807625195921	2	97	G	A
N4_mikatae	0.00812574918062	2	447	C	T
N4_mikatae	0.00870348297853	2	56	G	A
N4_mikatae	0.00890938837093	1	2	A	T
N4_mikatae	0.00905837483956	1	5	A	T
N4_mikatae	0.00915059944232	2	588	C	T
N4_mikatae	0.00933211541498	2	621	A	G
N4_mikatae	0.00955569262233	1	435	A	T
N4_mikatae	0.00968393559176	2	849	C	G
N4_N5	4.54075000538e-05	2	453	G	A
N4_N5	0.000522003150541	2	477	G	A
N4_N5	0.000691099224885	2	299	C	T
N4_N5	0.000883929782021	1	585	A	G
N4_N5	0.00120451308331	1	684	T	A
N4_N5	0.0014228699609	2	858	A	T
N4_N5	0.00239286549643	1	104	T	G
N4_N5	0.00278784010465	2	537	G	A
N4_N5	0.00335139371599	2	804	G	T
N4_N5	0.00348369870499	1	175	C	G
N4_N5	0.00348394056484	1	681	C	T
N4_N5	0.0036616563376	1	687	C	T
N4_N5	0.00486562344093	2	621	A	G
N4_N5	0.00526432894751	1	319	C	G
N4_N5	0.00532327156771	1	262	T	C
N4_N5	0.00535820763847	1	414	T	A
N4_N5	0.00536726566903	1	624	C	T
N4_N5	0.00713325062788	1	546	G	A
N4_N5	0.00723682256407	1	507	G	A
N4_N5	0.00737550892849	1	420	C	T
N4_N5	0.00771611044648	2	592	G	A
N4_N5	0.00784960048624	1	640	T	C
N4_N5	0.00787805806398	2	654	G	A
N4_N5	0.00802839055551	1	702	T	C
N4_N5	0.00862304602172	1	864	G	T
N4_N5	0.00890245896866	1	775	T	C
N4_N5	0.00891961556424	1	498	C	A
N4_N5	0.00902172684968	2	423	T	A
N4_N5	0.00946394496658	2	767	A	G
N4_N5	0.00979707123498	1	450	G	A
N4_N5	0.00979785071498	2	818	T	G
N5_paradoxus	0.00022468197291	2	114	C	A
N5_paradoxus	0.00167899299054	2	80	C	T
N5_paradoxus	0.00202628993969	2	546	G	A
N5_paradoxus	0.0022629829392	1	110	T	C
N5_paradoxus	0.00321358252689	1	16	T	C
N5_paradoxus	0.0033774258176	1	723	A	T
N5_paradoxus	0.0034983487809	1	564	T	A
N5_paradoxus	0.00437526260521	2	812	G	A
N5_paradoxus	0.00486150957499	1	753	C	A
N5_paradoxus	0.00497492520017	2	564	C	A
N5_paradoxus	0.00518191885158	2	753	C	A
N5_paradoxus	0.00540379380951	2	432	C	G
N5_paradoxus	0.00556024473456	2	336	C	T
N5_paradoxus	0.00564644769769	1	792	T	G
N5_paradoxus	0.00575421630721	1	5	A	C
N5_paradoxus	0.00610874101024	2	171	T	C
N5_paradoxus	0.0062218459836	2	262	T	C
N5_paradoxus	0.00628122157975	2	645	C	T
N5_paradoxus	0.00634527505151	2	834	G	A
N5_paradoxus	0.00663091182257	2	793	G	T
N5_paradoxus	0.00798396962634	2	8	G	T
N5_paradoxus	0.00856834598141	1	543	A	T
N5_paradoxus	0.00895600067508	1	145	T	C
N5_paradoxus	0.00900093715997	2	456	C	T
N5_paradoxus	0.00916424346389	2	774	T	C
N5_paradoxus	0.00919811128632	2	528	G	C
N5_paradoxus	0.00923669197979	1	459	T	C
N5_paradoxus	0.0094306272626	1	717	C	G
N5_paradoxus	0.00954269420898	1	528	G	C
N5_paradoxus	0.00971082889603	1	603	C	G
N5_cerevisiae	3.38825506864e-05	1	849	C	T
N5_cerevisiae	0.00012548622753	2	660	A	C
N5_cerevisiae	0.000161777367733	1	117	T	C
N5_cerevisiae	0.000180417453277	2	318	A	G
N5_cerevisiae	0.000206083162262	1	127	A	G
N5_cerevisiae	0.000634114780809	1	657	T	C
N5_cerevisiae	0.00101322432636	1	586	A	G
N5_cerevisiae	0.00136700892273	1	8	G	T
N5_cerevisiae	0.00153268640564	1	233	G	A
N5_cerevisiae	0.00237643099343	1	633	A	G
N5_cerevisiae	0.00256755255573	2	700	T	C
N5_cerevisiae	0.00328792273589	1	777	G	A
N5_cerevisiae	0.00334831124362	2	651	G	A
N5_cerevisiae	0.00353946542219	2	423	A	C
N5_cerevisiae	0.00362045300025	2	504	C	T
N5_cerevisiae	0.00405460062629	1	411	A	G
N5_cerevisiae	0.00407905771013	2	783	A	G
N5_cerevisiae	0.00458692615215	1	153	T	C
N5_cerevisiae	0.00494349713235	2	471	A	G
N5_cerevisiae	0.00529824206893	1	468	C	T
N5_cerevisiae	0.00568675139781	2	828	G	C
N5_cerevisiae	0.00580522742291	1	459	T	C
N5_cerevisiae	0.00592088034746	1	820	A	G
N5_cerevisiae	0.00592326326801	1	804	G	T
N5_cerevisiae	0.00652050156344	1	492	G	T
N5_cerevisiae	0.00668053483469	2	151	A	G
N5_cerevisiae	0.00832755214348	2	810	T	C
N5_cerevisiae	0.00834633204869	2	241	G	A
N5_cerevisiae	0.00856384638994	1	486	T	C
N5_cerevisiae	0.00905392420023	1	33	T	C
N5_cerevisiae	0.00936988421056	1	58	A	G
N5_cerevisiae	0.00949028724117	2	747	C	T
N5_cerevisiae	0.00955604606142	2	351	G	A
N5_cerevisiae	0.00955911183898	2	555	G	A
