edge	time	mut_orlg	mut_pos	old_state	new_state
N0_D1	0.000630040130093	0	81	T	A
N0_D1	0.00536915449863	0	199	G	T
N0_D1	0.00567154687239	0	436	C	G
N0_D1	0.0070933395359	0	19	A	T
N0_D1	0.0135079343168	0	595	A	G
N0_D1	0.0136473247458	0	389	T	A
N0_D1	0.016072545053	0	672	T	C
N0_D1	0.0196447180181	0	20	G	A
N0_D1	0.0201754866771	0	417	T	C
N0_D1	0.0212794965218	0	455	G	T
N0_D1	0.0215377162063	0	203	T	C
N0_D1	0.0242903852715	0	377	C	T
N0_D1	0.0262124214877	0	77	C	G
N0_D1	0.0269145837455	0	368	A	G
N0_D1	0.0286050056593	0	170	G	A
N0_D1	0.0298136923799	0	497	A	G
N0_D1	0.031658278596	0	630	C	A
N0_D1	0.0322307212599	0	160	T	C
N0_D1	0.033435419874	0	285	G	A
N0_D1	0.0342468808458	0	678	C	T
N0_D1	0.0364471683506	0	474	G	T
N0_D1	0.0367678797826	0	46	C	T
N0_D1	0.0371319397092	0	30	A	G
N0_D1	0.0383717997786	0	72	G	A
N0_D1	0.0408229028006	0	247	T	C
N0_D1	0.0410050757753	0	359	G	A
N0_D1	0.0428726535011	0	473	A	G
N0_D1	0.0428845264441	0	556	A	C
N0_D1	0.0459630963843	0	528	G	T
N0_D1	0.0468346492936	0	466	A	G
N0_D1	0.047499394809	0	337	A	G
N0_D1	0.0486714754926	0	29	T	C
N0_D1	0.0487453265006	0	63	C	A
D1_N1	0.000388350508202	2	563	G	A
D1_N1	0.000640734028923	2	498	G	C
D1_N1	0.000742479076434	1	173	A	T
D1_N1	0.000771901040849	2	631	A	T
D1_N1	0.00140074275407	1	339	A	T
D1_N1	0.00164623188296	2	546	T	A
D1_N1	0.00210643478285	2	10	T	G
D1_N1	0.00233085284379	2	271	T	A
D1_N1	0.00247906130035	1	14	A	G
D1_N1	0.00248670618798	2	104	G	A
D1_N1	0.00318530840069	2	546	A	G
D1_N1	0.0032716324246	2	66	A	C
D1_N1	0.0039751626273	1	100	G	A
D1_N1	0.00462430747839	1	589	A	T
D1_N1	0.00509744526553	2	75	A	G
D1_N1	0.00576159671392	2	207	G	T
D1_N1	0.00682166438224	1	128	A	C
D1_N1	0.00898299143658	2	246	G	A
D1_N1	0.00958601366692	2	402	G	A
D1_N1	0.00999891711432	1	33	G	A
D1_N1	0.0100837891486	2	336	G	A
D1_N1	0.0102204481237	1	159	A	C
D1_N1	0.0109342230792	1	544	A	T
D1_N1	0.0121951462983	2	235	A	T
D1_N1	0.0135382242515	1	587	T	G
D1_N1	0.0135856354613	1	179	G	A
D1_N1	0.0139777486964	1	553	C	G
D1_N1	0.0143734295186	2	348	G	A
D1_N1	0.0157890004741	1	72	A	G
D1_N1	0.0162554906613	2	673	G	A
D1_N1	0.0177048738656	2	536	G	A
D1_N1	0.0177906052549	1	667	T	G
D1_N1	0.0179469109982	1	537	T	C
D1_N1	0.0186503439319	1	376	A	G
D1_N1	0.0204744418285	1	567	C	A
D1_N1	0.0205053219407	2	175	A	G
D1_N1	0.0207238922802	2	70	T	A
D1_N1	0.0210074604748	2	477	G	C
D1_N1	0.0219182111744	1	195	A	T
D1_N1	0.022189871462	1	571	G	C
D1_N1	0.0231002014586	2	574	A	C
D1_N1	0.0237807191146	2	237	G	C
D1_N1	0.0241566977406	1	389	A	T
D1_N1	0.0242454369439	1	326	T	G
D1_N1	0.0246593514445	1	238	G	A
D1_N1	0.0255949131678	1	555	G	A
D1_N1	0.0268944171305	2	252	T	G
D1_N1	0.0270373952381	2	24	T	C
D1_N1	0.0287329648059	2	473	G	A
D1_N1	0.0295201657604	1	262	T	G
D1_N1	0.029553159522	1	49	A	G
D1_N1	0.0296495730651	2	616	C	A
D1_N1	0.029984986608	2	218	G	C
D1_N1	0.0307996291686	2	65	C	T
D1_N1	0.0310178950835	1	268	T	C
D1_N1	0.0313036688998	2	232	C	A
D1_N1	0.0314374691001	2	33	G	C
D1_N1	0.0323791799038	2	649	C	T
D1_N1	0.0328920255828	2	147	C	T
D1_N1	0.0339363189859	1	254	C	T
D1_N1	0.0348072116278	1	544	T	C
D1_N1	0.0357851324611	1	24	T	G
D1_N1	0.035953635767	2	338	T	C
D1_N1	0.0361545909521	1	433	A	G
D1_N1	0.0362032436016	1	498	G	A
D1_N1	0.0375205093776	1	39	T	C
D1_N1	0.0392502503626	2	559	C	T
D1_N1	0.039297527344	2	61	G	T
D1_N1	0.0401738798651	1	519	T	A
D1_N1	0.0410386837452	1	325	C	T
D1_N1	0.0416187627561	2	610	T	G
D1_N1	0.0418197739037	1	666	A	G
D1_N1	0.0420342718536	2	216	T	C
D1_N1	0.0431047385782	1	36	C	T
D1_N1	0.0434715808473	1	381	C	T
D1_N1	0.0444101447477	2	357	C	T
D1_N1	0.0446503827881	2	55	G	C
D1_N1	0.0467726771079	1	329	A	G
D1_N1	0.0468413780498	2	472	A	G
D1_N1	0.047588006031	2	105	T	C
D1_N1	0.0495907571338	2	562	G	C
D1_N1	0.0508192536569	2	662	C	A
D1_N1	0.0509749807932	1	493	G	T
D1_N1	0.052840910361	1	530	A	G
D1_N1	0.0528654757442	2	121	C	T
D1_N1	0.0530176887066	2	595	G	A
D1_N1	0.0533496457381	1	527	T	C
D1_N1	0.0535481842943	1	313	C	T
D1_N1	0.0536263255362	1	627	A	T
D1_N1	0.0538892198507	1	619	C	G
D1_N1	0.0546999784245	2	603	G	T
D1_N1	0.055264300759	1	274	A	G
D1_N1	0.0553952007471	1	556	C	A
D1_N1	0.0559401377446	2	150	G	A
D1_N1	0.0573013883247	1	314	T	C
D1_N1	0.0573706338281	1	255	G	A
D1_N1	0.0586391563082	1	475	T	A
D1_N1	0.0604033509585	2	420	T	C
D1_N1	0.0630055754087	2	125	C	T
D1_N1	0.0632319828268	2	176	G	T
D1_N1	0.0644437318181	1	502	T	C
D1_N1	0.065610478227	1	679	C	A
D1_N1	0.0671449445859	2	264	G	A
D1_N1	0.0674406677248	2	79	T	A
D1_N1	0.0686560312788	1	166	T	C
D1_N1	0.0690733350199	2	184	G	A
D1_N1	0.0703825537678	1	137	C	T
D1_N1	0.0711006547821	1	251	T	C
D1_N1	0.0711122058846	1	424	T	C
D1_N1	0.0713098075695	1	252	T	A
D1_N1	0.0717414141522	1	399	A	G
D1_N1	0.0721580165386	2	553	C	T
D1_N1	0.0727395417625	2	14	A	C
D1_N1	0.073032149755	2	170	A	G
D1_N1	0.0767995323007	2	472	G	T
D1_N1	0.0774111176922	1	673	G	T
D1_N1	0.0783266149471	1	608	A	T
D1_N1	0.0783482737793	2	229	C	G
D1_N1	0.0785722747395	2	538	A	C
D1_N1	0.0790293809262	1	27	A	G
D1_N1	0.0794349972182	2	635	T	C
D1_N1	0.0795359660774	1	257	G	A
D1_N1	0.0797193732359	2	550	C	G
D1_N1	0.0797447085936	2	641	C	T
D1_N1	0.0854526582353	1	241	A	C
D1_N1	0.0856534276789	1	461	T	A
D1_N1	0.0856947933472	1	242	C	T
D1_N1	0.0870960530263	2	665	G	T
D1_N1	0.0880674449741	2	86	A	C
D1_N1	0.0883242386819	2	370	C	T
D1_N1	0.0910453927602	2	185	T	C
D1_N1	0.0919935681647	2	470	T	A
D1_N1	0.0921068439461	2	451	C	T
D1_N1	0.0924439199883	2	387	A	G
D1_N1	0.0926745826837	2	528	T	A
D1_N1	0.0935701746004	2	354	G	A
D1_N1	0.0987800225568	2	302	T	G
D1_N1	0.0998452246957	1	437	G	A
D1_N1	0.0999647345411	2	209	G	A
D1_N1	0.100366515132	2	215	G	A
D1_N1	0.10090247078	2	194	A	C
D1_N1	0.101584528172	1	284	T	A
D1_N1	0.103102284936	1	168	G	C
D1_N1	0.103352241084	2	596	G	C
D1_N1	0.10466365307	1	1	A	C
D1_N1	0.10483790648	1	571	C	T
D1_N1	0.105532396771	1	544	C	T
D1_N1	0.105583138624	1	320	G	T
D1_N1	0.10628399472	2	207	T	G
D1_N1	0.106554388245	2	619	C	G
D1_N1	0.106594708106	1	92	T	C
D1_N1	0.1071576699	2	341	T	C
D1_N1	0.109799619046	1	114	T	C
D1_N1	0.109833344587	2	296	A	G
D1_N1	0.111106147537	1	431	A	G
D1_N1	0.111317763474	2	262	G	A
D1_N1	0.111509680166	1	401	G	T
D1_N1	0.111669922859	2	513	C	T
D1_N1	0.112921821847	1	559	C	A
D1_N1	0.114164678167	2	410	G	A
D1_N1	0.119127487516	2	620	G	C
D1_N1	0.119803056911	1	475	A	T
D1_N1	0.120729246262	2	52	T	C
D1_N1	0.121277177052	1	102	C	G
D1_N1	0.12209376022	1	535	G	A
D1_N1	0.122935663935	1	621	C	T
D1_N1	0.123810172853	2	513	C	T
D1_N1	0.125889649942	1	544	T	A
D1_N1	0.127364739594	2	220	C	T
D1_N1	0.127839447877	1	398	A	G
D1_N1	0.127934255953	2	673	A	T
D1_N1	0.129514779799	2	456	C	T
D1_N1	0.130466815221	1	18	A	T
D1_N1	0.131085194608	1	105	T	A
D1_N1	0.13108897592	2	489	A	T
D1_N1	0.131460364998	1	207	G	A
D1_N1	0.133183334843	1	143	T	C
D1_N1	0.133507060179	2	292	G	T
D1_N1	0.134545769237	1	250	G	T
D1_N1	0.135936388896	2	271	A	G
D1_N1	0.136120857798	2	204	G	T
D1_N1	0.136517007817	2	468	T	A
D1_N1	0.136715910932	1	14	G	T
D1_N1	0.144865129025	1	531	A	G
D1_N1	0.146166644429	2	290	A	G
D1_N1	0.146860685863	1	256	C	T
D1_N1	0.147667909765	2	121	T	C
D1_N1	0.147674145483	2	173	A	T
D1_N1	0.148187838631	2	480	T	C
D1_N1	0.150531951398	1	247	C	T
D1_N1	0.150692904835	1	477	G	A
D1_N1	0.150913480718	1	509	T	C
D1_N1	0.151141864654	2	308	A	G
D1_N1	0.152705881473	2	3	C	G
D1_N1	0.153147377422	1	470	T	G
D1_N1	0.153313229967	1	414	C	T
D1_N1	0.153673831096	2	190	G	A
D1_N1	0.156828617454	1	505	C	T
D1_N1	0.157336484795	1	256	T	A
D1_N1	0.158610916875	1	542	G	A
D1_N1	0.159322535674	2	108	A	T
D1_N1	0.159521072421	2	612	A	T
D1_N1	0.159905609517	1	328	A	C
D1_N1	0.160245467096	1	443	A	G
D1_N1	0.160416272911	1	564	C	T
D1_N1	0.160713227612	2	56	T	G
D1_N1	0.161510885133	2	659	G	T
D1_N1	0.163737331859	2	319	C	A
D1_N1	0.165128299912	1	446	G	A
D1_N1	0.165600283077	2	53	A	G
D1_N1	0.166630199038	2	53	G	T
D1_N1	0.166650680061	2	414	C	G
D1_N1	0.167234895087	1	263	G	A
D1_N1	0.168328827128	2	588	T	G
D1_N1	0.168802036421	1	433	G	A
D1_N1	0.169181222038	2	645	T	A
D1_N1	0.169473075746	2	223	T	G
D1_N1	0.169778285904	1	110	T	G
D1_N1	0.174483312377	2	422	A	T
D1_N1	0.175939841741	2	252	G	A
D1_N1	0.176791260314	1	488	T	A
D1_N1	0.176913503806	2	96	G	T
D1_N1	0.177120098819	1	292	G	T
D1_N1	0.177253119201	1	640	C	T
D1_N1	0.177778354708	2	21	G	A
D1_N1	0.179212301563	1	305	G	C
D1_N1	0.1796541685	2	485	T	C
D1_N1	0.180391522615	1	601	G	A
D1_N1	0.181844305166	1	616	A	G
D1_N1	0.181903500792	1	262	G	T
D1_N1	0.182480230117	2	674	C	T
D1_N1	0.183139345199	2	97	G	A
D1_N1	0.183224919133	1	281	C	G
D1_N1	0.184209964907	2	252	A	C
D1_N1	0.184374540338	1	164	T	C
D1_N1	0.185466653005	1	248	C	G
D1_N1	0.18547221943	2	239	T	C
D1_N1	0.186289152669	2	295	T	C
D1_N1	0.186659948796	1	642	G	A
D1_N1	0.187913545309	1	366	T	C
D1_N1	0.189020403782	2	232	A	G
D1_N1	0.190796266377	2	597	C	T
D1_N1	0.192699111143	2	318	C	A
D1_N1	0.193370820315	2	231	T	C
D1_N1	0.19354031936	2	471	T	C
D1_N1	0.196287934338	1	311	A	T
D1_N1	0.199068107846	2	267	C	T
D1_N1	0.202193726666	1	329	G	C
D1_N1	0.202274579109	1	46	T	A
D1_N1	0.204072841217	2	399	A	T
D1_N1	0.204256008296	2	488	T	C
D1_N1	0.204763783379	2	230	T	C
D1_N1	0.205828602007	1	625	G	A
D1_N1	0.205914065082	1	485	T	A
D1_N1	0.206294521505	2	508	A	G
D1_N1	0.206825293161	1	312	A	G
D1_N1	0.207312794474	2	149	T	C
D1_N1	0.207654579576	2	576	G	A
D1_N1	0.207764340314	2	26	C	T
D1_N1	0.208901917848	2	545	C	T
D1_N1	0.210130116165	2	572	T	A
D1_N1	0.211232016846	1	599	T	G
D1_N1	0.212026986138	2	76	G	A
D1_N1	0.213974519923	1	371	G	T
D1_N1	0.214323405074	2	399	T	A
D1_N1	0.215326358262	1	638	A	T
D1_N1	0.215383852534	1	404	C	G
D1_N1	0.215554139864	2	645	A	G
D1_N1	0.215731704055	1	142	T	A
D1_N1	0.216673979934	1	48	A	G
D1_N1	0.218208747413	1	93	T	C
D1_N1	0.219022239919	2	658	A	C
D1_N1	0.219853432807	2	23	C	T
D1_N1	0.219947853933	1	55	G	A
D1_N1	0.220674807524	1	591	T	C
D1_N1	0.221060601695	1	257	A	G
D1_N1	0.221549742506	1	406	A	G
D1_N1	0.222548383841	1	648	G	A
D1_N1	0.222750972602	2	622	C	T
D1_N1	0.222860494372	1	46	A	C
D1_N1	0.22321069803	2	659	T	G
D1_N1	0.223431465117	1	323	T	A
D1_N1	0.224361962776	1	405	C	T
D1_N1	0.224841692228	2	259	C	T
D1_N1	0.225069156789	2	363	T	C
D1_N1	0.225279977975	1	67	A	C
D1_N1	0.227210489817	2	178	G	A
D1_N1	0.227450318065	1	466	G	A
D1_N1	0.229206132461	1	439	T	C
D1_N1	0.230124406997	2	677	T	C
D1_N1	0.230284096962	1	255	A	C
D1_N1	0.230687074855	2	647	T	A
D1_N1	0.233657022826	1	627	T	C
D1_N1	0.233715541492	2	460	T	A
N1_N2	0.000103873054751	2	188	T	C
N1_N2	0.00106551749853	1	469	A	G
N1_N2	0.00110452730813	1	421	A	T
N1_N2	0.00173680063858	2	581	T	A
N1_N2	0.00177301431209	1	228	A	C
N1_N2	0.00342080974477	2	15	C	G
N1_N2	0.00360403817862	1	535	A	T
N1_N2	0.00439276403484	1	674	C	T
N1_N2	0.00653786895643	2	634	T	A
N1_N2	0.006948801816	1	11	C	T
N1_N2	0.0069705867448	1	372	T	G
N1_N2	0.00758582029168	1	351	C	A
N1_N2	0.00940755010893	1	422	A	T
N1_N2	0.00941210187759	2	397	G	T
N1_N2	0.0100964497041	2	679	C	T
N1_N2	0.0107044188208	1	64	A	G
N1_N2	0.0107252549062	2	88	T	C
N1_N2	0.0109170673197	1	655	A	T
N1_N2	0.012097181947	1	311	T	A
N1_N2	0.0126228404965	1	178	G	A
N1_N2	0.0126545339988	1	50	C	G
N1_N2	0.013338673504	2	565	C	T
N1_N2	0.0142858255165	1	479	C	T
N1_N2	0.0146639933139	1	151	G	A
N1_N2	0.0154920727476	2	272	A	T
N1_N2	0.0155663873311	2	99	A	G
N2_N3	9.99720922714e-05	2	671	T	C
N2_N3	0.000747081364492	2	407	A	G
N2_N3	0.00184803149869	2	283	A	G
N2_N3	0.00452949882307	1	478	G	A
N2_N3	0.00556807556011	2	448	G	A
N2_N3	0.00564583544345	1	392	G	C
N2_N3	0.00702769674068	2	61	T	G
N3_N4	5.10002667848e-05	2	472	T	A
N3_N4	0.000486299278828	2	586	G	A
N3_N4	0.000626522098853	2	428	G	T
N3_N4	0.000989442590084	2	463	G	T
N3_N4	0.00217665646165	1	46	C	T
N3_N4	0.00249686225322	2	610	G	A
N3_N4	0.0037937135406	2	188	C	T
N3_N4	0.00397631461896	2	539	G	C
N3_N4	0.00641135029891	2	4	A	T
N3_N4	0.00660566132344	1	359	A	T
N3_N4	0.00690774250837	2	663	A	T
N3_N4	0.00800688322727	2	91	G	T
N3_N4	0.00839184115135	2	559	T	C
N3_N4	0.00859355732326	1	192	A	C
N3_N4	0.00881183754542	1	605	C	G
N4_Human	0.00100255333199	1	680	T	C
N4_Human	0.00129381461781	2	621	C	G
N4_Human	0.00324549804214	2	288	A	G
N4_Human	0.00484000374407	1	320	T	G
N4_Human	0.00499724027157	2	91	T	G
N4_Human	0.00503660261833	2	653	A	T
N4_Human	0.00549458501014	2	645	G	T
N4_Human	0.00573965818521	2	32	A	G
N4_Human	0.00730100440313	2	193	A	G
N4_Human	0.00803030964643	1	398	G	T
N4_Human	0.00878535782603	2	647	A	G
N4_Human	0.0093862684562	2	225	T	C
N4_Human	0.00964400867863	2	464	T	A
N4_Human	0.0105630380248	1	296	G	A
N4_Chimp	0.000254950169641	2	550	G	A
N4_Chimp	0.000870711683686	1	56	T	A
N4_Chimp	0.0010460950292	2	300	G	C
N4_Chimp	0.00125477439903	2	289	A	T
N4_Chimp	0.00158707904024	2	90	G	A
N4_Chimp	0.00165613611721	1	265	A	G
N4_Chimp	0.00206425714886	1	275	G	A
N4_Chimp	0.00276834400073	2	67	A	C
N4_Chimp	0.0030640758982	2	347	C	T
N4_Chimp	0.00756070493456	2	121	C	T
N4_Chimp	0.00828289086744	2	278	A	T
N4_Chimp	0.0084145183148	2	49	A	G
N4_Chimp	0.00855262092032	2	95	C	T
N4_Chimp	0.008915285012	2	152	A	G
N4_Chimp	0.00896694353611	2	613	A	G
N4_Chimp	0.00951975141263	1	104	G	A
N4_Chimp	0.00994713558685	2	42	A	G
N4_Chimp	0.0103043668637	1	409	C	T
N4_Chimp	0.0105759105686	1	77	G	A
N3_Goril	8.71986334959e-05	2	238	G	C
N3_Goril	0.00167957998684	2	607	C	G
N3_Goril	0.00189820738121	2	616	A	T
N3_Goril	0.00252387554629	1	211	G	A
N3_Goril	0.00352058323736	2	214	G	A
N3_Goril	0.0041539410733	2	350	A	G
N3_Goril	0.00433325485272	2	646	T	C
N3_Goril	0.00438063016647	1	268	C	A
N3_Goril	0.00468786712454	2	438	C	G
N3_Goril	0.00564087043149	1	467	C	A
N3_Goril	0.00566838896819	2	8	T	A
N3_Goril	0.00624370112767	1	166	C	G
N3_Goril	0.00651698699937	1	427	C	T
N3_Goril	0.00699845406634	2	547	A	T
N3_Goril	0.0073555318523	2	361	A	G
N3_Goril	0.00777212634798	2	220	T	A
N3_Goril	0.00837696851094	1	502	C	T
N3_Goril	0.00928627889269	1	209	G	A
N3_Goril	0.00970422565588	1	260	T	C
N3_Goril	0.0103926040945	2	166	T	C
N3_Goril	0.0105902331511	1	488	A	C
N3_Goril	0.0117679895867	2	228	A	T
N3_Goril	0.0122485459191	2	319	A	C
N3_Goril	0.0131415104722	2	568	T	C
N3_Goril	0.0148156326792	2	551	G	A
N3_Goril	0.015234992317	1	28	G	T
N3_Goril	0.015501377694	2	151	G	A
N3_Goril	0.0169091610549	2	74	T	G
N3_Goril	0.0179763295668	1	506	T	A
N3_Goril	0.0184978585458	1	48	G	A
N3_Goril	0.0185880888946	2	55	C	T
N3_Goril	0.0191045462943	2	324	A	T
N3_Goril	0.0198345762887	2	610	G	A
N2_Orang	0.000396407913381	2	501	G	T
N2_Orang	0.000627331825664	2	485	C	A
N2_Orang	0.00101463484443	1	217	T	A
N2_Orang	0.00212394134382	2	387	G	T
N2_Orang	0.00243905594589	2	529	A	C
N2_Orang	0.00313286493196	1	575	T	C
N2_Orang	0.00331847000151	2	271	G	C
N2_Orang	0.00337760802029	2	152	A	G
N2_Orang	0.00350553252682	1	560	G	T
N2_Orang	0.00403667081291	2	85	T	C
N2_Orang	0.00461925894245	2	183	A	T
N2_Orang	0.00521392453887	2	337	G	A
N2_Orang	0.00645391160818	2	426	T	C
N2_Orang	0.00719633340139	2	394	G	C
N2_Orang	0.00836280909125	2	371	T	A
N2_Orang	0.00855306500601	2	465	G	A
N2_Orang	0.00911137226309	2	231	C	G
N2_Orang	0.00919746492013	1	507	A	C
N2_Orang	0.0104559904559	1	163	T	G
N2_Orang	0.0113665838196	2	441	A	C
N2_Orang	0.0120434201059	2	192	A	G
N2_Orang	0.0125775644436	1	366	C	A
N2_Orang	0.0139906034661	1	255	C	T
N2_Orang	0.0143709609561	2	293	A	G
N2_Orang	0.0144338536619	2	594	T	G
N2_Orang	0.0151549666928	2	213	A	T
N2_Orang	0.0158249686198	1	520	T	C
N2_Orang	0.0163247740847	1	228	C	T
N2_Orang	0.0173489054615	2	331	T	A
N2_Orang	0.0178202793626	1	107	A	G
N1_Macaq	4.87572137494e-05	2	194	C	T
N1_Macaq	0.000546795143129	1	336	G	T
N1_Macaq	0.00278964208392	2	426	T	A
N1_Macaq	0.00399003227459	1	48	G	A
N1_Macaq	0.00444875679634	2	315	G	A
N1_Macaq	0.00455295692261	1	343	A	T
N1_Macaq	0.00754643733876	1	110	G	T
N1_Macaq	0.00790795713906	2	596	C	T
N1_Macaq	0.00951398326323	2	150	A	G
N1_Macaq	0.0101790278376	1	15	C	T
N1_Macaq	0.0105129438462	1	7	T	C
N1_Macaq	0.011072191637	1	372	T	G
N1_Macaq	0.0113177469626	2	190	A	T
N1_Macaq	0.012760446641	1	127	A	C
N1_Macaq	0.013840707018	2	74	T	C
N1_Macaq	0.0138494784089	1	264	G	T
N1_Macaq	0.0154363200744	2	526	C	A
N1_Macaq	0.0156728389796	1	416	A	T
N1_Macaq	0.0168950110435	1	145	A	T
N1_Macaq	0.0172707061822	2	122	A	G
N1_Macaq	0.017314501924	1	138	G	C
N1_Macaq	0.018045951271	2	500	G	C
N1_Macaq	0.0181564997914	2	436	G	A
N1_Macaq	0.019444702089	1	41	G	C
N1_Macaq	0.0196813054513	2	117	C	T
N1_Macaq	0.0208240358103	2	40	T	A
N1_Macaq	0.0210075537244	1	267	C	A
N1_Macaq	0.0231597449168	1	600	A	T
N1_Macaq	0.0232807911278	2	409	C	A
N1_Macaq	0.0234149321895	1	616	G	A
N1_Macaq	0.0261886064247	1	212	A	C
N1_Macaq	0.0268143606579	2	50	C	T
N1_Macaq	0.0272011124272	2	441	A	G
N1_Macaq	0.0272756950585	2	172	G	A
N1_Macaq	0.0280638978953	2	323	T	G
N1_Macaq	0.0310138350941	2	574	A	T
N1_Macaq	0.0310249438259	1	332	T	A
N1_Macaq	0.0310632875201	1	219	G	C
N1_Macaq	0.0324187813077	2	323	G	T
N1_Macaq	0.0333601854105	2	279	C	G
N1_Macaq	0.0358526342383	1	202	T	C
N1_Macaq	0.0358541334598	1	348	G	A
N1_Macaq	0.0359097379318	2	549	G	A
N1_Macaq	0.0367211656614	1	279	C	A
N1_Macaq	0.0369287593782	2	98	G	C
N1_Macaq	0.0377062365428	2	239	C	T
N1_Macaq	0.0379614493362	2	127	A	T
N1_Macaq	0.0384098534183	1	522	A	C
N1_Macaq	0.0410390984235	2	489	T	A
N1_Macaq	0.0411403606057	1	642	A	G
N1_Macaq	0.0416067275432	1	70	T	C
N1_Macaq	0.0416269063655	1	242	T	C
N1_Macaq	0.0416699967524	1	590	A	T
N1_Macaq	0.0418577278976	1	347	C	T
N0_Mouse	0.0014793566311	0	634	T	C
N0_Mouse	0.00197943998733	0	67	A	G
N0_Mouse	0.00258244470786	0	512	G	T
N0_Mouse	0.00299108350278	0	112	T	A
N0_Mouse	0.00530319543805	0	377	C	G
N0_Mouse	0.00811500863551	0	199	G	A
N0_Mouse	0.00845657848553	0	105	T	A
N0_Mouse	0.0112141953918	0	140	A	T
N0_Mouse	0.0113418167795	0	667	T	C
N0_Mouse	0.0123384718992	0	238	G	T
N0_Mouse	0.0147874048827	0	287	C	T
N0_Mouse	0.0161009764899	0	552	G	T
N0_Mouse	0.0202984530644	0	175	A	G
N0_Mouse	0.0240642246027	0	201	A	G
N0_Mouse	0.0308259576649	0	54	C	T
N0_Mouse	0.035228561336	0	639	A	C
N0_Mouse	0.0379646653349	0	132	C	T
N0_Mouse	0.0385855747689	0	372	T	C
N0_Mouse	0.0400999236795	0	557	T	C
N0_Mouse	0.0428668567606	0	76	G	C
N0_Mouse	0.0439954335243	0	355	G	T
N0_Mouse	0.0456783397499	0	551	G	T
N0_Mouse	0.0480511065224	0	628	G	T
N0_Mouse	0.0494140373209	0	158	T	C
N0_Mouse	0.0500486323655	0	674	C	T
N0_Mouse	0.0505682484129	0	447	A	G
N0_Mouse	0.0512381058662	0	134	C	T
N0_Mouse	0.0537483244023	0	518	A	G
N0_Mouse	0.0542468836392	0	112	A	G
N0_Mouse	0.0558212821468	0	101	A	G
N0_Mouse	0.0566593468333	0	612	A	G
N0_Mouse	0.0578736192583	0	355	T	C
N0_Mouse	0.0602524514539	0	193	A	C
N0_Mouse	0.0621456362558	0	617	T	G
N0_Mouse	0.0625334432007	0	158	C	A
N0_Mouse	0.0629709415834	0	0	T	G
N0_Mouse	0.0663341806639	0	268	T	C
N0_Mouse	0.0678613643666	0	184	G	T
N0_Mouse	0.0720824129367	0	460	T	C
N0_Mouse	0.0731575695948	0	487	T	C
N0_Mouse	0.0741620632592	0	590	A	G
N0_Mouse	0.0754646774816	0	563	G	A
N0_Mouse	0.0764589143574	0	169	T	A
N0_Mouse	0.0765141029805	0	504	C	T
N0_Mouse	0.0765266306907	0	460	C	A
N0_Mouse	0.0770388636627	0	316	T	G
N0_Mouse	0.0815371414729	0	370	C	A
N0_Mouse	0.0829053764203	0	72	G	C
N0_Mouse	0.0833679777757	0	400	T	A
N0_Mouse	0.0888455827128	0	596	G	A
N0_Mouse	0.0920669199609	0	502	T	A
N0_Mouse	0.0948691170661	0	222	G	A
N0_Mouse	0.0959127844618	0	50	C	T
N0_Mouse	0.0964210282959	0	566	A	C
N0_Mouse	0.0969503969333	0	394	G	A
N0_Mouse	0.0970996205197	0	217	T	G
N0_Mouse	0.0987600131998	0	450	A	T
N0_Mouse	0.101373044938	0	399	A	G
N0_Mouse	0.102536043076	0	98	G	T
N0_Mouse	0.104003024748	0	233	T	A
N0_Mouse	0.104358336229	0	279	C	T
N0_Mouse	0.106621699132	0	47	A	T
N0_Mouse	0.107699242415	0	336	G	A
N0_Mouse	0.10775465692	0	567	C	A
N0_Mouse	0.108626725983	0	503	A	G
N0_Mouse	0.108930203807	0	329	A	G
N0_Mouse	0.10935558888	0	119	T	A
N0_Mouse	0.109508325145	0	281	C	G
N0_Mouse	0.111605040143	0	493	G	A
N0_Mouse	0.118970368826	0	609	C	A
N0_Mouse	0.120893245442	0	641	C	T
N0_Mouse	0.12177355739	0	274	A	G
N0_Mouse	0.121934549061	0	174	G	A
N0_Mouse	0.122928089806	0	298	G	T
N0_Mouse	0.125598292677	0	613	A	C
N0_Mouse	0.129478102426	0	143	T	G
N0_Mouse	0.130095571299	0	280	A	G
N0_Mouse	0.132714910572	0	290	A	T
N0_Mouse	0.13379867915	0	679	C	T
N0_Mouse	0.13660437893	0	669	A	C
N0_Mouse	0.137081935235	0	196	C	A
N0_Mouse	0.139093818568	0	312	A	T
N0_Mouse	0.139506837564	0	95	C	T
N0_Mouse	0.139938029625	0	421	A	G
N0_Mouse	0.140272628212	0	85	T	C
N0_Mouse	0.140941515493	0	336	A	G
N0_Mouse	0.142774585758	0	453	G	T
N0_Mouse	0.143223165774	0	496	A	C
N0_Mouse	0.143238964643	0	57	T	C
N0_Mouse	0.143336656362	0	500	G	A
N0_Mouse	0.147452088819	0	483	G	A
N0_Mouse	0.147940703128	0	163	T	C
N0_Mouse	0.148641324335	0	578	A	G
N0_Mouse	0.150595561566	0	438	C	T
N0_Mouse	0.152725046209	0	623	A	C
N0_Mouse	0.153351998769	0	212	A	G
N0_Mouse	0.153358362268	0	292	G	A
N0_Mouse	0.153650726804	0	380	A	G
N0_Mouse	0.155395330178	0	209	G	A
N0_Mouse	0.157375209826	0	441	A	T
N0_Mouse	0.159885879776	0	478	G	C
N0_Mouse	0.164347576799	0	154	A	C
N0_Mouse	0.16491064852	0	649	C	T
N0_Mouse	0.165229131417	0	200	T	C
N0_Mouse	0.165274184667	0	285	G	T
N0_Mouse	0.166616517701	0	48	A	T
N0_Mouse	0.168507888195	0	356	G	T
N0_Mouse	0.169668408642	0	320	G	A
N0_Mouse	0.171004467473	0	268	C	A
N0_Mouse	0.171226192386	0	139	C	T
N0_Mouse	0.171651976883	0	354	G	A
N0_Mouse	0.174710659986	0	294	A	C
N0_Mouse	0.175823830564	0	33	G	A
N0_Mouse	0.176381329927	0	600	A	C
N0_Mouse	0.176795432145	0	177	A	G
N0_Mouse	0.177020008207	0	469	A	G
N0_Mouse	0.178014507165	0	234	A	C
N0_Mouse	0.178626956705	0	98	T	A
N0_Mouse	0.178662425381	0	439	T	G
N0_Mouse	0.178789163013	0	381	C	T
N0_Mouse	0.178957005557	0	246	G	A
N0_Mouse	0.179061676814	0	678	C	A
N0_Mouse	0.183146266376	0	524	T	C
N0_Mouse	0.184347227448	0	449	G	C
N0_Mouse	0.184689423126	0	301	C	G
N0_Mouse	0.185779553427	0	100	G	A
N0_Mouse	0.186370668413	0	422	A	G
N0_Mouse	0.187152676668	0	476	C	G
N0_Mouse	0.187512084059	0	208	T	A
N0_Mouse	0.188336587124	0	372	C	A
N0_Mouse	0.190901269915	0	233	A	C
N0_Mouse	0.193103469081	0	511	T	C
N0_Mouse	0.193326463966	0	96	G	A
N0_Mouse	0.193929277307	0	47	T	C
N0_Mouse	0.19400959104	0	494	G	A
N0_Mouse	0.194302371625	0	253	G	A
N0_Mouse	0.194590274193	0	302	T	C
N0_Mouse	0.194777119778	0	112	G	T
N0_Mouse	0.196442821301	0	591	T	C
N0_Mouse	0.200073784684	0	296	A	C
N0_Mouse	0.20134092756	0	603	G	A
N0_Mouse	0.203789246353	0	69	T	C
N0_Mouse	0.20828226534	0	456	C	A
N0_Mouse	0.208529728105	0	639	C	A
N0_Mouse	0.20988893254	0	341	T	A
N0_Mouse	0.210727366375	0	16	A	T
N0_Mouse	0.211774694214	0	22	A	G
N0_Mouse	0.212775864136	0	565	C	G
N0_Mouse	0.213059355638	0	358	A	G
N0_Mouse	0.213202367564	0	324	A	C
N0_Mouse	0.215089872477	0	173	A	G
N0_Mouse	0.215255102603	0	25	G	C
N0_Mouse	0.217302586908	0	54	T	G
N0_Mouse	0.21746181962	0	34	G	T
N0_Mouse	0.218006251063	0	183	A	T
N0_Mouse	0.224583906769	0	191	G	T
N0_Mouse	0.224759302853	0	633	T	A
N0_Mouse	0.227386915597	0	81	T	C
N0_Mouse	0.228546864267	0	336	G	A
N0_Mouse	0.228908663734	0	616	C	A
N0_Mouse	0.229148975874	0	106	A	G
N0_Mouse	0.230791513285	0	19	A	G
N0_Mouse	0.231283129211	0	446	G	A
N0_Mouse	0.232969059012	0	186	G	T
N0_Mouse	0.234115363646	0	159	A	T
N0_Mouse	0.234124486719	0	283	A	G
N0_Mouse	0.235875741511	0	623	C	A
N0_Mouse	0.239578614025	0	24	T	C
N0_Mouse	0.240171597282	0	411	C	A
N0_Mouse	0.240533532614	0	233	C	T
N0_Mouse	0.24132450876	0	242	C	T
N0_Mouse	0.243440008731	0	29	T	G
N0_Mouse	0.243453279059	0	583	G	T
N0_Mouse	0.244003374987	0	37	T	C
N0_Mouse	0.244420937656	0	422	G	A
N0_Mouse	0.246037268012	0	148	C	T
N0_Mouse	0.246179607228	0	494	A	T
N0_Mouse	0.248575935063	0	498	G	T
N0_Mouse	0.248804243034	0	112	T	C
N0_Mouse	0.249064463192	0	444	G	C
N0_Mouse	0.25001086326	0	318	C	T
N0_Mouse	0.252120031592	0	391	T	C
N0_Mouse	0.252259833075	0	618	T	C
N0_Mouse	0.255580946899	0	423	T	C
N0_Mouse	0.256922930477	0	501	G	A
N0_Mouse	0.262849817809	0	111	C	T
N0_Mouse	0.268160899305	0	237	G	A
N0_Mouse	0.268809040741	0	640	C	T
N0_Mouse	0.271432557668	0	13	T	G
N0_Mouse	0.274060714455	0	376	A	G
N0_Mouse	0.274345329891	0	552	T	C
N0_Mouse	0.280457484389	0	439	G	A
N0_Mouse	0.280908845877	0	507	A	G
N0_Mouse	0.284482939779	0	115	G	A
N0_Mouse	0.287282659112	0	11	C	T
N0_Mouse	0.287456341756	0	545	C	G
N0_Mouse	0.287572503	0	290	T	C
N0_Mouse	0.292515526272	0	494	T	A
N0_Mouse	0.292959729647	0	349	A	G
N0_Mouse	0.29341779058	0	162	G	A
N0_Mouse	0.294332132129	0	29	G	A
N0_Mouse	0.294859918534	0	664	C	T
N0_Mouse	0.295805487062	0	409	C	A
N0_Mouse	0.301114546223	0	160	T	C
N0_Mouse	0.302135227662	0	399	G	T
N0_Mouse	0.30420909905	0	413	C	T
N0_Mouse	0.312264764734	0	444	C	T
N0_Mouse	0.312484194668	0	677	T	C
N0_Mouse	0.312493358778	0	587	T	G
N0_Mouse	0.312707948353	0	88	T	C
N0_Mouse	0.320589760306	0	126	T	C
N0_Mouse	0.323223351806	0	120	G	A
N0_Mouse	0.323961444764	0	653	A	G
N0_Mouse	0.325159720283	0	59	G	A
N0_Mouse	0.325204689249	0	411	A	G
N0_Mouse	0.327193670917	0	36	C	T
N0_Mouse	0.336592328272	0	364	T	A
N0_Mouse	0.345019965958	0	384	T	C
N0_Mouse	0.345243110622	0	150	G	A
N0_Mouse	0.346673158244	0	457	A	G
N0_Mouse	0.348621710969	0	306	G	A
N0_Mouse	0.349144632481	0	419	A	G
N0_Mouse	0.349432982371	0	117	C	G
N0_Mouse	0.354413984112	0	580	T	C
N0_Mouse	0.35452838129	0	574	A	T
N0_Mouse	0.354775514239	0	125	C	T
N0_Mouse	0.355367969828	0	126	C	T
N0_Mouse	0.356967572672	0	2	A	C
N0_Mouse	0.358832748088	0	598	C	T
N0_Mouse	0.36083907735	0	388	C	A
N0_Mouse	0.360915575658	0	345	T	C
N0_Mouse	0.361413148786	0	131	A	G
N0_Mouse	0.36397944917	0	178	G	A
N0_Mouse	0.365356383691	0	349	G	A
N0_Mouse	0.370046226946	0	71	C	A
N0_Mouse	0.37351485118	0	234	C	T
N0_Mouse	0.375275484081	0	204	G	T
N0_Mouse	0.376328258853	0	483	A	G
N0_Mouse	0.376651499109	0	267	C	A
N0_Mouse	0.379603342022	0	2	C	G
N0_Mouse	0.380249720245	0	400	A	G
N0_Mouse	0.380510294838	0	18	A	T
N0_Mouse	0.380824727803	0	434	C	A
N0_Mouse	0.381592074233	0	194	A	G
N0_Mouse	0.381968749301	0	310	C	T
N0_Mouse	0.382875172455	0	597	C	G
N0_Mouse	0.383417053913	0	273	T	C
N0_Mouse	0.384234717967	0	520	T	A
N0_Mouse	0.38473000399	0	376	G	T
N0_Mouse	0.388506505952	0	171	G	A
N0_Mouse	0.390130475169	0	561	A	C
N0_Mouse	0.390173553352	0	434	A	G
N0_Mouse	0.392471517481	0	432	A	G
N0_Mouse	0.399995146646	0	402	G	C
N0_Mouse	0.400692301488	0	485	T	C
N0_Mouse	0.401216059468	0	388	A	G
N0_Mouse	0.401495912555	0	527	T	G
N0_Mouse	0.403088747278	0	186	T	C
N0_Mouse	0.404317174079	0	468	T	G
N0_Mouse	0.40485084041	0	181	A	T
N0_Mouse	0.406102821752	0	584	G	T
N0_Mouse	0.40720939962	0	403	C	T
N0_Mouse	0.408190631042	0	603	A	T
N0_Mouse	0.410546496353	0	440	C	T
N0_Mouse	0.411436024227	0	15	C	G
N0_Mouse	0.411507581027	0	513	C	T
N0_Mouse	0.414952162419	0	306	A	T
N0_Mouse	0.420238561646	0	485	C	G
N0_Mouse	0.421527014042	0	147	C	G
N0_Mouse	0.421706260083	0	507	G	A
N0_Mouse	0.424081845875	0	60	T	C
N0_Mouse	0.425322442428	0	521	A	G
N0_Mouse	0.425870716589	0	98	A	G
N0_Mouse	0.426133918727	0	312	T	G
N0_Mouse	0.426844230227	0	326	T	A
N0_Mouse	0.432090232786	0	372	A	C
N0_Mouse	0.432141777591	0	321	C	T
N0_Mouse	0.432322304295	0	148	T	C
N0_Mouse	0.432856231129	0	35	T	G
N0_Mouse	0.434741420695	0	442	A	C
N0_Mouse	0.437004346166	0	675	T	A
N0_Mouse	0.437385606951	0	433	A	C
N0_Mouse	0.438502005227	0	495	C	T
N0_Mouse	0.4417083567	0	168	G	T
N0_Mouse	0.442819205338	0	217	G	A
N0_Mouse	0.443492142574	0	546	T	A
N0_Mouse	0.443908826983	0	127	A	T
N0_Mouse	0.447080871474	0	181	T	A
N0_Mouse	0.448060469267	0	420	T	C
N0_Mouse	0.448071586383	0	83	A	G
