edge	time	orlg_from	orlg_to	tract_length	start_pos	stop_pos	num_diff	template_seq	overide_seq
D1_N1	0.00018434918453	2	1	10	67	76	0	TACGTACTTT	TACGTACTTT
D1_N1	0.000542584082251	1	2	1	656	656	0	T	T
D1_N1	0.000888875126921	1	2	2	73	74	0	CT	CT
D1_N1	0.000961428310957	1	2	2	81	82	0	TA	TA
D1_N1	0.00111082955747	1	2	4	22	25	0	TTCT	TTCT
D1_N1	0.00134099572468	1	2	1	263	263	0	T	T
D1_N1	0.0016908797732	1	2	2	232	233	0	GA	GA
D1_N1	0.00273881348738	1	2	2	7	8	0	CT	CT
D1_N1	0.00285353987893	2	1	1	121	121	0	T	T
D1_N1	0.00326311305849	1	2	3	209	211	0	CGA	CGA
D1_N1	0.00437050395612	1	2	1	278	278	0	C	C
D1_N1	0.00495553836658	1	2	6	528	533	0	GTGCAG	GTGCAG
D1_N1	0.00528162351107	2	1	3	545	547	0	CGA	CGA
D1_N1	0.0055079201247	1	2	4	677	680	0	AATC	AATC
D1_N1	0.00582992228882	1	2	4	597	600	0	AGTC	AGTC
D1_N1	0.00611122048599	1	2	3	596	598	0	GAG	GAG
D1_N1	0.00616353194875	1	2	15	14	28	0	CCAATCCGTTCTATG	CCAATCCGTTCTATG
N1_castellii	8.50192129174e-05	1	2	3	131	133	0	ACC	ACC
N1_castellii	0.000101469793331	2	1	2	167	168	0	CG	CG
N1_castellii	0.000540095763033	1	2	8	10	17	0	TAACCCAA	TAACCCAA
N1_castellii	0.000679278404866	2	1	8	391	398	0	TCCGAGAA	TCCGAGAA
N1_castellii	0.00093446053529	2	1	2	19	20	0	CC	CC
N1_castellii	0.00123286002084	1	2	2	111	112	0	AT	AT
N1_castellii	0.00131869271756	2	1	4	457	460	1	CACG	CTCG
N1_castellii	0.00206067683982	2	1	4	249	252	0	GAAG	GAAG
N1_castellii	0.00214818013898	1	2	1	674	674	0	A	A
N1_castellii	0.00227031818568	1	2	1	0	0	0	A	A
N1_castellii	0.00238697598071	2	1	11	317	327	1	CCATATAGTTG	CCATATGGTTG
N1_castellii	0.00271041499392	1	2	7	129	135	0	CCACCCG	CCACCCG
N1_castellii	0.0038075607197	1	2	7	646	652	0	ACGTATG	ACGTATG
N1_castellii	0.00395937634264	2	1	1	283	283	0	A	A
N1_castellii	0.00431626319279	2	1	7	461	467	0	GCGTCAA	GCGTCAA
N1_castellii	0.00459589056568	1	2	3	684	684	0	A	A
N1_castellii	0.00494040127588	2	1	1	363	363	0	A	A
N1_castellii	0.00512777727142	1	2	11	684	684	0	A	A
N1_castellii	0.00514512589575	2	1	5	389	393	0	ACTCC	ACTCC
N1_castellii	0.00515812858362	1	2	1	90	90	0	T	T
N1_castellii	0.0052014395208	1	2	2	272	273	1	AG	GG
N1_castellii	0.00567935891858	2	1	2	165	166	0	GT	GT
N1_castellii	0.00576022281252	2	1	1	195	195	0	T	T
N1_castellii	0.00600191610459	2	1	5	155	159	0	AATCG	AATCG
N1_castellii	0.00628216464282	2	1	2	456	457	0	CC	CC
N1_castellii	0.0063250099648	2	1	1	152	152	1	G	A
N1_castellii	0.00778022568849	1	2	6	201	206	0	GATAAT	GATAAT
N1_castellii	0.0086935003786	2	1	7	613	619	0	AAGAGAT	AAGAGAT
N1_castellii	0.00992770321608	1	2	1	313	313	0	A	A
N1_N2	0.00024398416513	2	1	6	641	646	0	TAATCA	TAATCA
N1_N2	0.000709308051718	1	2	13	14	26	1	CCAATCTGTTCTA	CCAATCCGTTCTA
N1_N2	0.000984923028125	1	2	1	153	153	0	T	T
N1_N2	0.00236307525377	1	2	1	495	495	0	T	T
N1_N2	0.00260007305937	1	2	3	612	614	1	GAA	AAA
N1_N2	0.00268506418363	2	1	1	40	40	0	A	A
N1_N2	0.00307579929712	1	2	5	240	244	0	AAACA	AAACA
N1_N2	0.00310846605616	2	1	4	163	166	1	AAGT	AGGT
N1_N2	0.00324184265868	2	1	6	50	55	1	ATTGAA	ATTAAA
N1_N2	0.00363594247593	2	1	3	513	515	0	CCA	CCA
N1_N2	0.00375118865768	1	2	8	561	568	0	CAGGGAAA	CAGGGAAA
N1_N2	0.00394420837217	1	2	8	421	428	0	CACTAGAT	CACTAGAT
N1_N2	0.00402947593133	1	2	16	525	540	0	AACGTGCAGCGAAATA	AACGTGCAGCGAAATA
N1_N2	0.00421035517048	2	1	7	561	567	0	CAGGGAA	CAGGGAA
N1_N2	0.00449066671738	1	2	1	52	52	0	T	T
N1_N2	0.00503685051392	2	1	4	272	275	1	GGAG	AGAG
N1_N2	0.00530108762412	2	1	9	536	544	0	AAATATCAC	AAATATCAC
N1_N2	0.00579171049507	2	1	4	378	381	2	ACTG	GCCG
N1_N2	0.00607123861747	1	2	3	171	173	0	GTT	GTT
N1_N2	0.00607443675228	2	1	1	243	243	0	C	C
N1_N2	0.00623420091152	1	2	9	323	331	1	GGTTGATTG	AGTTGATTG
N1_N2	0.00631983574332	1	2	1	509	509	1	A	G
N1_N2	0.0064769407606	1	2	2	282	283	0	AA	AA
N1_N2	0.0065868296624	2	1	4	161	164	0	TCAA	TCAA
N1_N2	0.0067203123632	2	1	5	201	205	1	GATAA	GGTAA
N1_N2	0.00672260738216	1	2	3	14	16	2	TTA	CCA
N1_N2	0.00704103370058	1	2	4	567	570	0	AAGT	AAGT
N1_N2	0.00712264720356	2	1	2	141	142	0	AT	AT
N1_N2	0.00715305580505	1	2	8	252	259	1	GGTATTTA	GGTATCTA
N1_N2	0.00733092859117	1	2	12	495	506	1	TGTAACGATCGT	TGTAACGATCAT
N1_N2	0.00744224983995	2	1	1	410	410	0	T	T
N1_N2	0.00767733290606	2	1	1	261	261	0	A	A
N1_N2	0.00778299988699	1	2	1	586	586	0	A	A
N1_N2	0.00790928496794	2	1	9	533	541	0	GCGAAATAT	GCGAAATAT
N1_N2	0.00893108661021	1	2	2	279	280	0	TC	TC
N1_N2	0.00896466058079	2	1	6	540	545	0	ATCACC	ATCACC
N1_N2	0.00913500133697	1	2	2	239	240	0	CA	CA
N1_N2	0.00925756582843	1	2	1	397	397	0	A	A
N1_N2	0.00987952863793	2	1	3	159	161	1	AAT	GAT
N1_N2	0.0100253444414	1	2	2	684	684	0	A	A
N1_N2	0.0101158750903	2	1	2	325	326	0	TT	TT
N1_N2	0.0101374931462	1	2	1	159	159	0	A	A
N1_N2	0.0101726205619	2	1	1	603	603	0	T	T
N1_N2	0.0102069918851	2	1	6	597	602	0	AGTCCG	AGTCCG
N1_N2	0.010496562249	2	1	3	365	367	1	CAA	TAA
N1_N2	0.0108726758594	2	1	2	460	461	0	GG	GG
N1_N2	0.0109799378328	2	1	2	112	113	0	TT	TT
N1_N2	0.0113722894181	1	2	3	618	620	0	ATT	ATT
N1_N2	0.0117305183543	1	2	1	633	633	0	T	T
N1_N2	0.011813972556	2	1	1	438	438	0	A	A
N1_N2	0.0131776710948	1	2	3	350	352	0	AAT	AAT
N2_bayanus	0.000823082456904	1	2	4	523	526	0	AAAA	AAAA
N2_bayanus	0.00110562403188	2	1	1	235	235	0	A	A
N2_bayanus	0.00157707546428	2	1	2	608	609	1	TG	AG
N2_bayanus	0.00249317436464	1	2	3	258	260	1	TAT	TAA
N2_bayanus	0.00269083509674	1	2	3	82	84	1	ATG	ACG
N2_bayanus	0.00275273042513	2	1	3	125	127	0	TAC	TAC
N2_bayanus	0.00337012994049	1	2	5	587	591	0	TATAA	TATAA
N2_bayanus	0.003441311687	2	1	4	202	205	0	ATAA	ATAA
N2_bayanus	0.00405219044032	1	2	3	477	479	2	GCG	GTA
N2_bayanus	0.00406030326286	1	2	3	199	201	1	GAG	GGG
N2_bayanus	0.00428472957264	2	1	2	180	181	0	CA	CA
N2_bayanus	0.00466389891827	2	1	1	296	296	0	T	T
N2_bayanus	0.00522340614431	2	1	1	93	93	0	A	A
N2_bayanus	0.00532147025119	1	2	2	150	151	0	TG	TG
N2_bayanus	0.00539807903023	1	2	1	606	606	0	T	T
N2_bayanus	0.00555173864193	2	1	2	593	594	0	TA	TA
N2_bayanus	0.00605195959074	1	2	2	507	508	0	CC	CC
N2_bayanus	0.00606206712884	2	1	5	40	44	0	ATTGC	ATTGC
N2_bayanus	0.00639497758448	2	1	3	378	380	1	GCT	ACT
N2_bayanus	0.00660666044057	1	2	1	365	365	0	C	C
N2_bayanus	0.00692389688633	1	2	4	138	141	1	GCTA	GCCA
N2_bayanus	0.00708615260433	1	2	1	402	402	0	T	T
N2_bayanus	0.00709396967933	1	2	6	638	643	1	GAATAA	AAATAA
N2_bayanus	0.00723598684276	2	1	24	670	684	2	GAAGATGAATCACCA	GAAGGTGAATCACTA
N2_bayanus	0.00779070260994	1	2	1	48	48	0	C	C
N2_bayanus	0.00779567701284	1	2	2	168	169	0	GA	GA
N2_bayanus	0.00802114291155	1	2	2	181	182	0	AA	AA
N2_bayanus	0.0082131763911	2	1	4	80	83	1	CTAT	TTAT
N2_bayanus	0.00846983272739	2	1	2	587	588	1	CA	TA
N2_bayanus	0.00860786886684	1	2	1	198	198	1	A	C
N2_N3	0.000648196750324	1	2	4	152	155	1	ATAA	GTAA
N2_N3	0.000779762601569	1	2	2	131	132	0	AC	AC
N2_N3	0.001346744945	2	1	5	551	555	0	TCTTA	TCTTA
N2_N3	0.0014280020649	1	2	11	272	282	2	GGAGAGCTCAA	GGAAAGCTCGA
N2_N3	0.0015003229179	2	1	4	616	619	0	AGAT	AGAT
N2_N3	0.00176446888881	1	2	16	78	93	4	ACCTATGATTATTATA	GCCTACGACTAATATA
N2_N3	0.00221887426144	2	1	3	654	656	1	CTC	CTT
N3_kudriavzevii	4.43536133693e-05	2	1	9	173	181	1	TATGCTTCA	TGTGCTTCA
N3_kudriavzevii	0.000831504321941	2	1	5	620	624	1	TGCCG	TGCTG
N3_kudriavzevii	0.000873202601666	1	2	8	492	499	1	ATGTGTAA	ATATGTAA
N3_kudriavzevii	0.00106662068644	2	1	1	230	230	0	C	C
N3_kudriavzevii	0.00134993385897	2	1	6	349	354	0	AAATTT	AAATTT
N3_kudriavzevii	0.00155208231411	2	1	4	174	177	0	ATGC	ATGC
N3_kudriavzevii	0.00244205957202	1	2	2	435	436	0	GA	GA
N3_kudriavzevii	0.00246260464855	2	1	4	473	476	0	CCCG	CCCG
N3_kudriavzevii	0.00314142470216	2	1	2	34	35	1	GT	GC
N3_kudriavzevii	0.00330472649664	2	1	2	285	286	0	AA	AA
N3_kudriavzevii	0.00414803486589	1	2	4	633	636	0	TAAG	TAAG
N3_kudriavzevii	0.00425168875937	1	2	2	191	192	1	CG	TG
N3_kudriavzevii	0.00481674951185	2	1	1	125	125	0	T	T
N3_kudriavzevii	0.00507636006951	2	1	2	429	430	0	CT	CT
N3_kudriavzevii	0.00527263573413	1	2	2	604	605	1	CC	CA
N3_kudriavzevii	0.00559895445149	1	2	2	453	454	1	AG	GG
N3_kudriavzevii	0.00634516442823	1	2	7	136	142	2	TGGCTAT	TAGCCAT
N3_N4	7.61431649713e-06	1	2	1	644	644	0	T	T
N3_N4	0.000730851875989	2	1	4	412	415	0	AAGG	AAGG
N3_N4	0.00132725986521	2	1	6	507	512	1	CCACCT	CCACCC
N3_N4	0.00173166523815	1	2	2	248	249	0	CG	CG
N4_mikatae	0.000864076004474	1	2	6	62	67	1	AGACTT	AGATTT
N4_mikatae	0.00148502269231	1	2	2	465	466	0	CA	CA
N4_mikatae	0.00162065940428	2	1	2	673	674	0	GA	GA
N4_mikatae	0.00179675160668	1	2	1	157	157	0	T	T
N4_mikatae	0.00253440631262	1	2	2	584	585	1	TG	CG
N4_mikatae	0.00273257456564	2	1	2	232	233	1	GA	GG
N4_mikatae	0.00347323574405	1	2	3	289	291	1	CGG	CAG
N4_mikatae	0.00362288472897	2	1	4	0	3	0	AATC	AATC
N4_mikatae	0.00382026709155	2	1	3	208	210	0	TCG	TCG
N4_mikatae	0.0038251073487	2	1	22	676	684	1	GAATCACCA	GAATCACTA
N4_mikatae	0.00383278625149	2	1	1	342	342	0	A	A
N4_mikatae	0.00427063821208	1	2	4	53	56	0	GAAA	GAAA
N4_mikatae	0.00438917788395	1	2	1	510	510	0	C	C
N4_mikatae	0.00439161102364	2	1	9	597	605	2	AGTCCGCCA	AGTCCGTCC
N4_mikatae	0.00452556652438	1	2	2	122	123	0	AT	AT
N4_mikatae	0.00523910019863	1	2	4	304	307	1	ATAG	ACAG
N4_mikatae	0.00533302704248	1	2	3	192	194	0	GGG	GGG
N4_mikatae	0.00543270600829	2	1	9	50	58	0	ATTGAAACA	ATTGAAACA
N4_mikatae	0.00577175073872	1	2	5	215	219	1	TGCAA	CGCAA
N4_mikatae	0.00596716864114	2	1	5	354	358	0	TAGCT	TAGCT
N4_mikatae	0.00633978645577	1	2	5	113	117	1	TCAGT	TCGGT
N4_mikatae	0.00656253074857	2	1	1	330	330	0	T	T
N4_mikatae	0.00715896728523	1	2	1	654	654	0	C	C
N4_mikatae	0.00745603075317	1	2	1	248	248	0	C	C
N4_mikatae	0.00763942034189	2	1	3	385	387	0	ATA	ATA
N4_mikatae	0.00785032122963	2	1	1	326	326	0	T	T
N4_mikatae	0.00798281367619	1	2	7	21	27	1	GTTCTAT	GTCCTAT
N4_mikatae	0.00889154218357	1	2	2	658	659	0	GG	GG
N5_paradoxus	0.000577857197469	2	1	12	537	548	2	AATATCACCGAT	AACATCACCGAC
N5_paradoxus	0.00214064858327	2	1	1	337	337	0	A	A
N5_paradoxus	0.00234025780667	1	2	2	150	151	0	TG	TG
N5_paradoxus	0.0029631223612	1	2	1	637	637	0	A	A
N5_paradoxus	0.00312821350078	2	1	7	487	493	1	GCCAAAT	GACAAAT
N5_paradoxus	0.00325859784444	1	2	4	250	253	0	AAGG	AAGG
N5_paradoxus	0.0039299577764	1	2	1	201	201	0	G	G
N5_cerevisiae	0.00029372986479	1	2	10	327	336	1	GATTGATCTT	GAGTGATCTT
N5_cerevisiae	0.00210435089839	1	2	1	56	56	0	A	A
N5_cerevisiae	0.00237333606026	1	2	3	382	384	0	GGA	GGA
N5_cerevisiae	0.00239035836867	1	2	21	13	33	2	CTTAATCTGTTCTATGATGTC	CTTAATCCGTTCTATGGTGTC
N5_cerevisiae	0.00244268227008	1	2	1	147	147	0	T	T
N5_cerevisiae	0.0025210450663	1	2	3	14	16	0	TTA	TTA
N5_cerevisiae	0.00285210684572	2	1	1	282	282	0	A	A
N5_cerevisiae	0.00388640436158	1	2	2	245	246	0	CC	CC
N5_cerevisiae	0.00416785933385	2	1	1	338	338	0	A	A
