edge	time	mut_orlg	mut_pos	old_state	new_state
N0_D1	0.000239785362284	0	87	A	G
N0_D1	0.000481598990954	0	206	A	T
N0_D1	0.00163651026324	0	402	T	G
N0_D1	0.00202357498424	0	1061	T	C
N0_D1	0.00210222045978	0	622	A	G
N0_D1	0.00301359889699	0	521	C	T
N0_D1	0.00308173476348	0	1346	G	A
N0_D1	0.00319252849735	0	1229	T	G
N0_D1	0.00456717062763	0	1348	G	A
N0_D1	0.00467865242394	0	1267	G	C
N0_D1	0.00515820306272	0	57	G	T
N0_D1	0.00538601396081	0	513	T	G
N0_D1	0.00596529664431	0	455	T	C
N0_D1	0.00640873402781	0	68	G	C
N0_D1	0.00663191719635	0	952	G	A
N0_D1	0.0068613478534	0	439	A	C
N0_D1	0.00687665384309	0	1268	T	C
N0_D1	0.00839370331992	0	25	A	C
N0_D1	0.00887669308961	0	828	A	G
N0_D1	0.0100368302781	0	598	C	T
N0_D1	0.0103975001536	0	678	A	G
N0_D1	0.0112259843549	0	871	T	C
N0_D1	0.0117443097499	0	1287	G	A
N0_D1	0.0121954677926	0	1121	A	T
N0_D1	0.013901571116	0	1056	T	A
N0_D1	0.0154621729118	0	949	T	C
N0_D1	0.0179791518131	0	753	G	A
N0_D1	0.0181980745093	0	903	C	T
N0_D1	0.0199222982641	0	640	C	T
N0_D1	0.0211802526546	0	732	C	G
N0_D1	0.0235882071107	0	1440	A	T
N0_D1	0.0238985654951	0	1263	A	T
N0_D1	0.0243265459328	0	1512	T	C
N0_D1	0.0247617513407	0	1460	T	C
N0_D1	0.0248871531344	0	1318	G	C
N0_D1	0.0253427333472	0	1079	G	A
N0_D1	0.0266059208825	0	1335	T	G
N0_D1	0.0268679920454	0	1092	G	A
N0_D1	0.0282437815814	0	962	A	C
N0_D1	0.0284027613193	0	1509	G	C
N0_D1	0.0296045055151	0	1378	G	C
N0_D1	0.0299878614722	0	1575	A	G
N0_D1	0.030000655344	0	1013	C	T
N0_D1	0.0305615809696	0	876	C	T
N0_D1	0.0313341681366	0	789	G	A
N0_D1	0.0313780766973	0	728	A	G
N0_D1	0.0325985927541	0	144	T	G
N0_D1	0.0341316367737	0	1369	C	T
N0_D1	0.0342314709575	0	769	A	G
N0_D1	0.0353969462874	0	230	T	A
N0_D1	0.0355141771923	0	556	A	T
N0_D1	0.036814266085	0	613	T	C
N0_D1	0.0382290479501	0	1197	A	G
N0_D1	0.0383607540236	0	1214	G	T
N0_D1	0.0384790288603	0	445	A	T
N0_D1	0.0385464851378	0	419	T	A
N0_D1	0.0390756353106	0	1362	G	T
N0_D1	0.0411157598221	0	1284	T	C
N0_D1	0.04116438223	0	675	T	A
N0_D1	0.0418908478094	0	1516	A	C
N0_D1	0.0419648540101	0	1568	C	A
N0_D1	0.0419829959402	0	19	G	T
N0_D1	0.0424958214173	0	770	G	T
N0_D1	0.0430826884947	0	1239	A	T
N0_D1	0.0444355201463	0	1045	C	A
N0_D1	0.045283353945	0	29	T	A
N0_D1	0.0453998935366	0	327	G	A
N0_D1	0.0463184787095	0	96	T	C
N0_D1	0.047095563844	0	1342	G	A
N0_D1	0.0478753976045	0	582	T	G
N0_D1	0.0482526314181	0	437	T	G
N0_D1	0.049726656016	0	68	C	T
D1_N1	0.000290664071972	2	289	T	A
D1_N1	0.000332157639277	2	845	T	C
D1_N1	0.0017407315491	2	991	G	A
D1_N1	0.00221104972998	1	851	A	T
D1_N1	0.00253618971987	2	460	A	G
D1_N1	0.00263665879357	1	1577	C	T
D1_N1	0.00285511163416	1	464	T	A
D1_N1	0.00293706352718	1	1145	C	T
D1_N1	0.00298096464783	1	81	C	A
D1_N1	0.00312807703009	2	43	T	G
D1_N1	0.00361227623059	2	44	C	T
D1_N1	0.00366952431244	1	559	G	T
D1_N1	0.0040323120216	2	450	T	C
D1_N1	0.00405350644597	1	732	G	A
D1_N1	0.00409061530456	1	1351	T	C
D1_N1	0.00416394185601	1	702	A	G
D1_N1	0.00428666168511	1	754	A	T
D1_N1	0.00444326565607	1	1251	A	T
D1_N1	0.0045588366418	2	907	T	A
D1_N1	0.00457052182338	1	974	T	A
D1_N1	0.00465956949274	2	1531	G	A
D1_N1	0.00482865916788	2	1448	A	T
D1_N1	0.00512619584841	1	177	G	A
D1_N1	0.00579904222728	1	312	T	C
D1_N1	0.00664081395769	2	1113	C	G
D1_N1	0.00684488147091	1	611	A	C
D1_N1	0.00701159183798	2	769	G	A
D1_N1	0.00714395441474	2	1038	T	C
D1_N1	0.00755225548181	1	1292	A	T
D1_N1	0.00831700780242	1	1117	C	G
D1_N1	0.00875772258777	1	1442	G	C
D1_N1	0.00876253251583	2	55	T	A
D1_N1	0.00912029290267	1	980	T	C
D1_N1	0.00977451137444	2	1090	G	C
D1_N1	0.00991557973772	2	875	T	G
D1_N1	0.0100640445859	2	771	A	T
D1_N1	0.0100953205773	1	161	A	C
D1_N1	0.0104708192007	1	1418	G	A
D1_N1	0.0107976825429	2	1236	C	T
D1_N1	0.0113609588136	1	205	G	T
D1_N1	0.0116673575337	2	1271	A	G
D1_N1	0.0119204004664	2	347	C	T
D1_N1	0.0119776328941	1	1042	T	C
D1_N1	0.0120916141538	2	1040	G	C
D1_N1	0.0124144748377	2	236	T	A
D1_N1	0.0125991050266	2	325	C	T
D1_N1	0.0127327953588	1	895	C	T
D1_N1	0.0129446931359	1	105	C	T
D1_N1	0.0133009510345	2	81	C	T
D1_N1	0.0133740548765	2	684	C	T
D1_N1	0.0146121751597	1	274	T	C
D1_N1	0.0147013547683	1	242	C	T
D1_N1	0.0149637119373	1	1520	T	C
D1_N1	0.0151584476268	1	17	A	C
D1_N1	0.0155329139241	2	667	G	C
D1_N1	0.0158474373082	2	418	G	C
D1_N1	0.0159023156868	1	695	A	T
D1_N1	0.0169701129684	2	244	T	C
D1_N1	0.0171026919582	1	1265	C	T
D1_N1	0.0171998896771	2	444	C	T
D1_N1	0.0172136840299	2	251	C	A
D1_N1	0.0176611308315	2	442	C	G
D1_N1	0.0178919426612	2	256	C	A
D1_N1	0.0179476859083	1	1374	C	T
D1_N1	0.018170616803	2	1134	A	G
D1_N1	0.0183202930903	1	407	T	C
D1_N1	0.0183239516523	1	1368	T	C
D1_N1	0.0184128193536	2	1519	C	T
D1_N1	0.018474523496	2	185	A	G
D1_N1	0.0185144671521	2	971	C	T
D1_N1	0.0185637670086	1	31	G	T
D1_N1	0.0188358181213	2	0	C	G
D1_N1	0.0189345541138	1	1530	T	G
D1_N1	0.0202252776555	2	630	T	C
D1_N1	0.0204371566463	1	761	A	G
D1_N1	0.0204377007262	2	1315	T	A
D1_N1	0.0210363846597	2	1166	A	G
D1_N1	0.0215397681123	1	778	C	T
D1_N1	0.0217405478023	1	636	T	C
D1_N1	0.0218543694043	1	733	G	C
D1_N1	0.0220409770677	2	660	C	T
D1_N1	0.022343028822	2	1033	A	G
D1_N1	0.0223958599206	1	1576	G	A
D1_N1	0.0228422543983	1	74	A	C
D1_N1	0.023086477078	1	414	C	G
D1_N1	0.0233631197918	1	817	C	T
D1_N1	0.0234293845993	1	8	C	T
D1_N1	0.023439955623	1	150	C	A
D1_N1	0.0244187543182	1	83	T	C
D1_N1	0.0249454064696	1	422	A	G
D1_N1	0.0251799014521	2	1163	A	G
D1_N1	0.025290192906	2	618	G	A
D1_N1	0.0255761731351	2	992	T	A
D1_N1	0.0256482696409	2	897	C	T
D1_N1	0.0256711930345	2	1349	C	A
D1_N1	0.0262093944947	2	171	G	A
D1_N1	0.0272803550602	2	1112	C	G
D1_N1	0.0273831183064	2	1562	A	C
D1_N1	0.0274748253369	1	1097	T	G
D1_N1	0.0282712800842	1	1556	C	T
D1_N1	0.0284354686723	1	369	A	G
D1_N1	0.0284970788016	2	976	A	C
D1_N1	0.0286372099841	2	1114	T	A
D1_N1	0.0287746594537	2	397	A	T
D1_N1	0.028822950208	1	917	A	C
D1_N1	0.0292196770959	2	356	G	A
D1_N1	0.0299869857339	1	1194	T	A
D1_N1	0.0306754566287	1	1083	C	T
D1_N1	0.0315467167489	1	339	A	G
D1_N1	0.0322486845418	1	652	T	G
D1_N1	0.0325931206942	2	1285	T	A
D1_N1	0.0330456697797	1	592	A	G
D1_N1	0.0332371064711	2	1547	A	T
D1_N1	0.0336380863073	1	754	T	A
D1_N1	0.03404213828	2	1352	C	T
D1_N1	0.0344960665066	1	1571	G	A
D1_N1	0.0347207888958	1	1193	G	T
D1_N1	0.0357165601659	1	679	T	C
D1_N1	0.0367648300973	1	802	C	T
D1_N1	0.0374550192335	1	360	C	T
D1_N1	0.0379014001942	1	450	T	G
D1_N1	0.0382511885695	1	1303	G	A
D1_N1	0.0386516877365	1	8	T	C
D1_N1	0.038804139821	2	452	A	G
D1_N1	0.0388658801551	1	506	G	T
D1_N1	0.0389058795828	1	911	C	T
D1_N1	0.0393208375259	1	623	A	G
D1_N1	0.0394741551607	1	697	C	T
D1_N1	0.0395728096633	2	1217	T	G
D1_N1	0.0396309523892	1	187	A	T
D1_N1	0.0398836916669	2	182	A	T
D1_N1	0.0405421402755	2	1210	C	T
D1_N1	0.0410325178557	1	1489	T	C
D1_N1	0.0410428292017	2	1183	G	A
D1_N1	0.0412309565161	1	1203	T	C
D1_N1	0.0414547168736	1	784	G	A
D1_N1	0.0420604397213	1	818	T	G
D1_N1	0.042500434054	2	732	G	A
D1_N1	0.0427337959993	1	641	A	T
D1_N1	0.0431628489948	1	739	A	C
D1_N1	0.0432573756487	2	1561	C	T
D1_N1	0.0435438872842	2	307	A	T
D1_N1	0.0437219879337	1	640	T	C
D1_N1	0.044043863541	2	771	T	C
D1_N1	0.0442653123784	1	408	A	C
D1_N1	0.0446395778847	1	73	T	C
D1_N1	0.0448417145797	1	269	A	G
D1_N1	0.0452137137169	1	913	A	G
D1_N1	0.0462542906168	1	912	T	C
D1_N1	0.0463983369708	1	60	T	A
D1_N1	0.0466914812348	1	1107	A	C
D1_N1	0.0469507366586	2	1270	A	C
D1_N1	0.0469949040679	2	784	G	A
D1_N1	0.047021410274	1	48	C	A
D1_N1	0.0470600143913	2	1493	G	A
D1_N1	0.0475378688519	1	725	T	G
D1_N1	0.0484159157033	2	679	T	A
D1_N1	0.0486020754185	1	829	C	T
D1_N1	0.0486493792525	2	204	C	G
D1_N1	0.0489088051335	2	808	T	A
D1_N1	0.0490794132986	2	1085	G	C
D1_N1	0.0500825542123	1	1190	A	T
D1_N1	0.0502878446513	1	823	T	A
D1_N1	0.0504990115307	1	537	C	T
D1_N1	0.0505584319696	2	383	T	A
D1_N1	0.0506394811028	1	1534	C	G
D1_N1	0.0513777964673	2	1111	A	G
D1_N1	0.0521932857343	1	1278	C	T
D1_N1	0.0525905735923	2	529	A	G
D1_N1	0.0531546114267	1	1196	A	T
D1_N1	0.0533187461647	1	472	T	C
D1_N1	0.0533475183774	2	1389	A	G
D1_N1	0.0549642335389	2	1155	T	C
D1_N1	0.0550569648688	2	386	G	A
D1_N1	0.0555019281957	1	666	A	G
D1_N1	0.0555757764271	2	1387	C	G
D1_N1	0.0557452648296	1	1360	C	T
D1_N1	0.0560051020434	2	1578	G	A
D1_N1	0.0563480657505	1	1242	C	G
D1_N1	0.0566200426377	2	300	G	T
D1_N1	0.0568738282745	1	1302	A	G
D1_N1	0.0576067688628	2	671	C	T
D1_N1	0.058303498536	2	1408	C	T
D1_N1	0.05851616784	2	194	A	C
D1_N1	0.058662931957	1	89	A	T
D1_N1	0.0591312339127	1	850	C	T
D1_N1	0.0593520384741	1	779	G	T
D1_N1	0.0597948214718	1	1266	A	G
D1_N1	0.0602085783739	1	1199	A	G
D1_N1	0.0603537860107	1	548	G	A
D1_N1	0.0603812539879	1	1377	G	A
D1_N1	0.0605227752913	2	370	A	T
D1_N1	0.0609883794145	2	546	G	A
D1_N1	0.061147859415	1	1351	C	T
D1_N1	0.0611844572193	2	18	G	A
D1_N1	0.0612009285422	1	917	C	T
D1_N1	0.0616251961607	1	320	T	C
D1_N1	0.0621921213025	1	927	A	G
D1_N1	0.0624812004533	1	587	T	C
D1_N1	0.062722011281	1	316	C	T
D1_N1	0.0629389765414	1	301	T	C
D1_N1	0.0632967458097	2	327	A	T
D1_N1	0.0634667034834	1	276	G	A
D1_N1	0.0634971250402	1	226	C	T
D1_N1	0.0636242406158	2	462	G	A
D1_N1	0.0636779747809	2	1319	A	G
D1_N1	0.0638584800111	2	437	G	T
D1_N1	0.0639918110356	2	936	G	A
D1_N1	0.0640249983706	2	1337	G	T
D1_N1	0.0640321653033	2	1497	A	G
D1_N1	0.0641874232965	2	605	A	G
D1_N1	0.0643193281203	1	788	A	G
D1_N1	0.0650414855806	1	997	T	C
D1_N1	0.065392810632	1	530	G	T
D1_N1	0.0655368683923	1	1055	T	A
D1_N1	0.0665649842785	2	534	C	T
D1_N1	0.0668776924557	2	1243	C	T
D1_N1	0.0674139315726	2	233	G	A
D1_N1	0.0677482622075	2	688	G	T
D1_N1	0.0677718519551	1	938	T	G
D1_N1	0.068032447315	1	88	C	A
D1_N1	0.0682826496192	2	1237	C	T
D1_N1	0.0685139811607	2	1445	T	A
D1_N1	0.0687373186088	1	995	C	T
D1_N1	0.0687961423408	2	1396	G	C
D1_N1	0.0688335010093	1	128	C	G
D1_N1	0.0691164865384	1	1066	T	A
D1_N1	0.0692627841232	2	566	C	T
D1_N1	0.0702699977581	2	1216	T	C
D1_N1	0.0704728706034	2	168	T	C
D1_N1	0.0708851543426	1	853	T	G
D1_N1	0.0717266430907	2	1139	C	G
D1_N1	0.0717729274005	2	190	T	A
D1_N1	0.0721009216965	2	128	C	G
D1_N1	0.0724126354738	1	1490	C	A
D1_N1	0.0724298021672	2	245	A	T
D1_N1	0.0725567124933	2	848	G	C
D1_N1	0.0728021378386	1	250	C	A
D1_N1	0.0730445956104	2	1268	C	G
D1_N1	0.0732044935746	2	450	C	T
D1_N1	0.0733475590556	1	502	A	G
D1_N1	0.0737821475688	1	308	G	A
D1_N1	0.0739811343508	1	507	A	T
D1_N1	0.0740871708971	2	1339	T	C
D1_N1	0.0743014994218	1	1437	A	G
D1_N1	0.0743806682582	2	1200	G	C
D1_N1	0.0744548713914	2	687	G	A
D1_N1	0.0744773072583	2	923	G	T
D1_N1	0.07466386809	1	610	G	A
D1_N1	0.074786940734	1	930	A	C
D1_N1	0.0748870402893	1	1074	T	C
D1_N1	0.0756226454381	2	210	A	G
D1_N1	0.0757650184297	2	413	T	C
D1_N1	0.0758646471036	2	86	C	A
D1_N1	0.0759497181155	2	1427	T	A
D1_N1	0.0761698780401	1	221	G	T
D1_N1	0.0762951229428	1	1078	A	T
D1_N1	0.0763965516304	2	505	C	A
D1_N1	0.0766630371554	1	1155	T	G
D1_N1	0.0768491434186	1	1338	T	G
D1_N1	0.0768540789735	2	502	A	G
D1_N1	0.0771289955971	2	537	C	T
D1_N1	0.0772211196266	1	693	G	A
D1_N1	0.0773921030431	1	420	G	C
D1_N1	0.0774772950746	2	815	G	C
D1_N1	0.0775414116747	1	1216	T	C
D1_N1	0.0780637015528	1	1557	A	G
D1_N1	0.0788486868783	2	990	G	A
D1_N1	0.0797212688776	1	9	C	T
D1_N1	0.0800762498621	1	789	A	T
D1_N1	0.0801543457672	2	947	G	A
D1_N1	0.0802108713893	2	901	C	T
D1_N1	0.080994429922	1	1494	G	C
D1_N1	0.0813010255904	2	1530	G	A
D1_N1	0.0813188690709	2	544	G	C
D1_N1	0.0813672807802	1	58	T	C
D1_N1	0.0814262823761	1	426	A	G
D1_N1	0.0822794178971	2	1464	C	A
D1_N1	0.0829022139727	1	1190	T	C
D1_N1	0.0829114606801	2	10	C	T
D1_N1	0.0829780369333	1	631	C	T
D1_N1	0.0830742512027	2	947	A	C
D1_N1	0.0833006882212	1	157	C	T
D1_N1	0.0836078513585	1	538	G	C
D1_N1	0.0839056024044	1	12	G	A
D1_N1	0.0840804938667	1	17	C	T
D1_N1	0.0842155925852	1	1450	T	G
D1_N1	0.0845907055946	1	527	G	C
D1_N1	0.0847109810761	2	1140	C	T
D1_N1	0.0849898300019	1	1386	A	G
D1_N1	0.0851023261042	2	742	A	G
D1_N1	0.0854510364891	1	1375	G	T
D1_N1	0.0855476264606	2	495	G	A
D1_N1	0.0856250515094	1	1037	G	T
D1_N1	0.08596301135	2	1121	T	A
D1_N1	0.0860156631676	1	505	C	T
D1_N1	0.0862174362177	2	75	A	G
D1_N1	0.0877253061984	1	172	G	T
D1_N1	0.0877448847278	1	547	C	T
D1_N1	0.0879393162256	2	622	G	A
D1_N1	0.087980611827	2	271	T	A
D1_N1	0.0884713335372	1	1413	C	A
D1_N1	0.0887987778096	1	1296	T	C
D1_N1	0.0888066675142	1	1489	C	G
D1_N1	0.0888892242991	2	107	G	A
D1_N1	0.0891778879074	1	9	T	C
D1_N1	0.0891871233003	1	1081	T	A
D1_N1	0.0893746384146	2	1515	C	T
D1_N1	0.0894872323563	2	80	C	G
D1_N1	0.0895983832088	2	1421	C	A
D1_N1	0.0896548528381	1	902	A	C
D1_N1	0.090213805951	2	216	C	A
D1_N1	0.0905616855845	2	1569	G	A
D1_N1	0.0905808483708	1	268	A	G
D1_N1	0.0909125875218	1	1544	A	C
D1_N1	0.0909347349344	2	935	G	A
D1_N1	0.0915812086319	1	1139	C	G
D1_N1	0.091782479925	2	1321	G	A
D1_N1	0.091784098291	2	1050	A	C
D1_N1	0.0924373813826	2	1268	G	C
D1_N1	0.0925446870471	2	968	T	G
D1_N1	0.0931568774078	2	937	T	A
D1_N1	0.0933647079303	1	1042	C	T
D1_N1	0.0935118711542	1	818	G	C
D1_N1	0.0942177967961	1	293	A	G
D1_N1	0.0943428238542	2	1116	A	C
D1_N1	0.0943597545323	1	1085	G	C
D1_N1	0.0944415176266	1	373	T	G
D1_N1	0.0947266374061	2	155	T	A
D1_N1	0.094916725854	2	1434	A	G
D1_N1	0.0957937107019	2	1140	T	A
D1_N1	0.0968419002969	1	1472	T	G
D1_N1	0.0968496375357	2	1101	A	G
D1_N1	0.0972223522307	1	1366	T	C
D1_N1	0.0979660580692	2	502	G	A
D1_N1	0.098202931956	1	290	A	G
D1_N1	0.098334304177	1	77	G	T
D1_N1	0.0987072796263	1	791	A	G
D1_N1	0.0987181197812	1	212	C	A
D1_N1	0.0992864402292	1	348	T	C
D1_N1	0.0998457473703	2	606	A	G
D1_N1	0.100460337708	2	1419	G	A
D1_N1	0.100784934131	1	619	A	G
D1_N1	0.100820777967	1	806	T	G
D1_N1	0.10100311719	1	432	C	T
D1_N1	0.101591425303	1	959	C	T
D1_N1	0.102090857372	1	433	T	A
D1_N1	0.102126027288	2	884	T	C
D1_N1	0.102230447799	2	534	T	C
D1_N1	0.103257031147	2	293	A	G
D1_N1	0.103275956413	1	104	C	A
D1_N1	0.103390982523	1	198	C	A
D1_N1	0.103399966234	2	817	C	T
D1_N1	0.103744481816	2	1377	G	C
D1_N1	0.10375732425	2	315	G	C
D1_N1	0.104340876236	2	351	A	G
D1_N1	0.104378812552	1	136	A	C
D1_N1	0.104400480235	2	48	C	T
D1_N1	0.104519654936	1	2	T	C
D1_N1	0.106104319398	2	913	A	T
D1_N1	0.106329105655	2	612	C	A
D1_N1	0.106655294263	1	66	T	A
D1_N1	0.106869675276	1	464	A	T
D1_N1	0.107675499917	1	1199	G	C
D1_N1	0.108289275181	2	1207	T	C
D1_N1	0.108464658049	2	860	T	G
D1_N1	0.108509748191	2	1255	T	G
D1_N1	0.10856617554	2	1137	A	C
D1_N1	0.10860277633	1	1361	G	T
D1_N1	0.109123897371	1	1276	A	C
D1_N1	0.110062596933	1	477	C	T
D1_N1	0.11017419371	2	327	T	C
D1_N1	0.110380439139	2	1355	G	A
D1_N1	0.111524785602	2	1038	C	A
D1_N1	0.111885990822	2	1092	A	C
D1_N1	0.112689302619	1	689	T	G
D1_N1	0.112699768937	2	137	G	A
D1_N1	0.112786711583	2	1124	C	T
D1_N1	0.112912322093	2	1265	C	T
D1_N1	0.113291154328	2	962	C	T
D1_N1	0.113411983564	1	445	T	C
D1_N1	0.113871683299	2	199	G	A
D1_N1	0.116040659998	2	785	T	A
D1_N1	0.116210304288	2	651	G	A
D1_N1	0.117615472346	2	926	T	C
D1_N1	0.118017170346	1	862	T	G
D1_N1	0.118625914462	2	1081	T	C
D1_N1	0.119181091372	2	665	C	T
D1_N1	0.119620151663	1	955	T	G
D1_N1	0.120288942726	1	831	G	A
D1_N1	0.12137801958	2	47	G	T
D1_N1	0.121465890311	1	1314	A	C
D1_N1	0.121798493794	1	224	T	A
D1_N1	0.121854184381	1	1308	G	A
D1_N1	0.122266150917	2	1450	T	C
D1_N1	0.122435300992	2	1437	A	C
D1_N1	0.122955419526	1	1377	A	G
D1_N1	0.122991379108	2	1112	G	T
D1_N1	0.1230245543	2	585	A	T
D1_N1	0.12332995455	2	1492	T	C
D1_N1	0.123879293975	1	1025	T	G
D1_N1	0.123916151088	1	1438	A	G
D1_N1	0.1241231616	1	789	T	A
D1_N1	0.125308703227	1	1027	A	T
D1_N1	0.125339577843	1	423	G	A
D1_N1	0.125379585956	1	793	G	A
D1_N1	0.125923622976	2	1351	T	A
D1_N1	0.125996448555	2	831	G	A
D1_N1	0.127292946529	1	1532	A	C
D1_N1	0.127740970443	2	454	G	T
D1_N1	0.127974235878	1	393	A	G
D1_N1	0.128010144344	1	146	A	T
D1_N1	0.128139930688	2	1462	C	T
D1_N1	0.128536631094	1	1262	T	C
D1_N1	0.12869010483	1	1329	A	T
D1_N1	0.129083739574	1	1383	T	G
D1_N1	0.129264112985	1	1183	G	C
D1_N1	0.130284776731	1	705	A	G
D1_N1	0.130302697286	2	415	G	A
D1_N1	0.130962429148	1	1445	T	A
D1_N1	0.131026840957	1	356	G	A
D1_N1	0.131453510658	1	559	T	C
D1_N1	0.13150381903	1	346	A	G
D1_N1	0.131669474487	2	691	C	A
D1_N1	0.131682080685	1	1471	G	C
D1_N1	0.132618680682	2	1416	T	A
D1_N1	0.132621936187	1	1045	A	C
D1_N1	0.132636754444	2	908	C	T
D1_N1	0.133021326413	2	1492	C	A
D1_N1	0.133600219981	1	1033	A	T
D1_N1	0.133810135861	1	1413	A	T
D1_N1	0.134562125322	2	892	G	A
D1_N1	0.134708407193	1	305	C	G
D1_N1	0.134918630985	1	1027	T	A
D1_N1	0.135083979938	1	307	A	T
D1_N1	0.135335137835	1	266	T	G
D1_N1	0.135430931681	1	129	A	G
D1_N1	0.135649273254	1	1204	T	G
D1_N1	0.135832750775	1	436	G	A
D1_N1	0.135922652956	2	1284	C	T
D1_N1	0.13635483737	2	134	C	T
D1_N1	0.136504425275	1	704	G	T
D1_N1	0.13651368126	2	14	T	C
D1_N1	0.136664181996	1	1473	A	T
D1_N1	0.136845700381	2	1271	G	T
D1_N1	0.13687411471	2	488	A	C
D1_N1	0.137041229446	1	496	G	T
D1_N1	0.13764777408	2	283	A	G
D1_N1	0.137865846164	2	166	A	G
D1_N1	0.138324827574	2	778	C	T
D1_N1	0.138685770888	1	991	G	A
D1_N1	0.139066645864	1	578	T	G
D1_N1	0.139079512049	1	228	C	T
D1_N1	0.139889530205	1	167	C	T
D1_N1	0.140150673662	1	297	T	C
D1_N1	0.14045788454	2	178	T	A
D1_N1	0.140891764626	1	366	C	T
D1_N1	0.141114170927	2	915	C	G
D1_N1	0.141128279454	1	1145	T	A
D1_N1	0.141129133547	2	1302	A	G
D1_N1	0.142131287049	2	965	T	C
D1_N1	0.142180613459	1	737	T	C
D1_N1	0.142228512896	1	1559	C	T
D1_N1	0.142361450769	2	119	T	G
D1_N1	0.142409294986	2	1476	A	G
D1_N1	0.142876117843	1	738	G	A
D1_N1	0.143138232778	1	1308	A	T
D1_N1	0.143268761122	2	1407	A	G
D1_N1	0.143387628433	1	1452	T	A
D1_N1	0.143773271641	1	462	G	C
D1_N1	0.143920408112	1	512	T	C
D1_N1	0.144773439026	1	959	T	C
D1_N1	0.145663573517	1	989	T	A
D1_N1	0.146539349626	1	706	T	C
D1_N1	0.146928190975	2	327	C	A
D1_N1	0.146931162365	1	1376	C	T
D1_N1	0.1470832038	1	163	T	A
D1_N1	0.147127344949	1	146	T	A
D1_N1	0.147147091319	1	1458	A	T
D1_N1	0.147470704946	1	156	T	G
D1_N1	0.147477115928	2	1105	T	C
D1_N1	0.148018871225	1	1537	C	G
D1_N1	0.148122477279	1	95	G	A
D1_N1	0.148206258818	1	889	C	T
D1_N1	0.148229232373	1	392	C	T
D1_N1	0.149188858145	2	445	T	A
D1_N1	0.149447713904	1	976	A	G
D1_N1	0.149803119526	1	517	T	C
D1_N1	0.149814016169	1	1006	A	G
D1_N1	0.150179231147	2	1390	T	C
D1_N1	0.150182121145	2	1544	A	G
D1_N1	0.150556641337	1	1554	A	T
D1_N1	0.150654324196	1	844	C	T
D1_N1	0.151686136043	2	30	A	T
D1_N1	0.152137750245	1	132	C	T
D1_N1	0.152227200197	1	942	G	A
D1_N1	0.152570375052	1	100	G	C
D1_N1	0.152606865478	2	309	C	A
D1_N1	0.152681640681	2	1337	T	C
D1_N1	0.153254482816	1	990	G	A
D1_N1	0.153373243306	1	1256	A	G
D1_N1	0.153690532937	1	1578	G	T
D1_N1	0.153721820286	2	792	G	A
D1_N1	0.153834666061	1	333	T	C
D1_N1	0.154467041574	1	899	A	C
D1_N1	0.15447026184	1	703	C	T
D1_N1	0.154736566163	2	1275	T	A
D1_N1	0.154795269506	2	901	T	G
D1_N1	0.155057123247	1	1239	T	C
D1_N1	0.156677254752	2	455	C	G
D1_N1	0.15839123821	1	170	A	T
D1_N1	0.159360337616	1	1330	A	C
D1_N1	0.159402177191	1	506	T	C
D1_N1	0.159962174346	1	653	C	T
D1_N1	0.160448776218	1	452	A	G
D1_N1	0.160466188989	2	23	A	T
D1_N1	0.161338329032	2	590	C	G
D1_N1	0.161682237126	1	600	G	T
D1_N1	0.161893858046	2	712	C	T
D1_N1	0.162404971972	2	1104	T	C
D1_N1	0.162508838999	2	1004	A	T
D1_N1	0.16349545409	2	426	A	C
D1_N1	0.163656858822	1	319	G	T
D1_N1	0.163897321809	2	1550	T	C
D1_N1	0.16422031015	1	814	T	C
D1_N1	0.164291984368	2	960	A	C
D1_N1	0.165043735028	1	743	C	T
D1_N1	0.165162389732	2	991	A	G
D1_N1	0.165556991567	1	1150	A	T
D1_N1	0.165821804307	1	555	C	A
D1_N1	0.166114230256	2	652	T	A
D1_N1	0.166514393247	1	7	G	A
D1_N1	0.167383049643	1	459	G	T
D1_N1	0.167440849896	2	290	A	G
D1_N1	0.167553578681	1	877	T	A
D1_N1	0.167827628829	2	917	A	G
D1_N1	0.168453677085	1	785	T	A
D1_N1	0.168727051166	2	76	A	T
D1_N1	0.168891621576	2	880	C	T
D1_N1	0.168901199124	2	782	C	G
D1_N1	0.170661921389	1	886	C	T
D1_N1	0.171411117953	2	216	A	G
D1_N1	0.171555373039	1	481	C	T
D1_N1	0.17156068102	2	841	C	T
D1_N1	0.17192223137	2	480	C	T
D1_N1	0.17300452031	1	125	C	T
D1_N1	0.173174834188	2	994	G	C
D1_N1	0.173221342014	1	998	A	C
D1_N1	0.174011406952	2	421	A	G
D1_N1	0.174586808377	2	623	A	G
D1_N1	0.174915137845	1	445	C	G
D1_N1	0.175115491846	1	1573	G	T
D1_N1	0.175295642698	1	1351	T	A
D1_N1	0.175638230248	1	1511	C	T
D1_N1	0.176286042317	1	1398	A	G
D1_N1	0.176319009151	2	523	G	A
D1_N1	0.176418681379	1	705	G	A
D1_N1	0.176810961893	2	119	G	A
D1_N1	0.179392566366	2	1026	A	T
D1_N1	0.179468530112	2	1403	T	C
D1_N1	0.179704132874	2	955	T	C
D1_N1	0.179739388742	2	174	T	A
D1_N1	0.180436423812	2	675	A	G
D1_N1	0.180737746226	1	1333	T	C
D1_N1	0.180764177178	1	1463	G	A
D1_N1	0.180819668423	1	439	C	T
D1_N1	0.180885136695	1	1488	A	G
D1_N1	0.180904860516	1	177	A	T
D1_N1	0.181052560862	2	507	T	C
D1_N1	0.18114123564	1	506	C	T
D1_N1	0.181141236126	1	1361	T	C
D1_N1	0.181865295018	2	1046	G	A
D1_N1	0.182036368146	1	321	G	T
D1_N1	0.182059032242	2	536	T	A
D1_N1	0.182488765628	1	1477	G	A
D1_N1	0.183261257798	1	534	C	T
D1_N1	0.183392062127	2	697	C	A
D1_N1	0.183502570775	2	453	G	A
D1_N1	0.183548919715	2	66	T	G
D1_N1	0.183866564664	1	1548	A	T
D1_N1	0.184059245472	2	256	A	G
D1_N1	0.184458688216	1	524	A	G
D1_N1	0.18551254988	1	342	T	G
D1_N1	0.185674395209	1	27	T	C
D1_N1	0.186119311061	2	1348	A	T
D1_N1	0.186203174441	2	365	T	C
D1_N1	0.186242109254	2	1315	A	G
D1_N1	0.18660398355	1	1239	C	A
D1_N1	0.187045818942	1	1002	T	A
D1_N1	0.187213272508	2	654	C	A
D1_N1	0.18730695346	1	347	C	T
D1_N1	0.187307509076	2	84	G	C
D1_N1	0.187526402515	2	672	A	T
D1_N1	0.188166562902	1	1189	G	A
D1_N1	0.188385092439	2	1148	A	T
D1_N1	0.188898889724	1	339	G	T
D1_N1	0.189394609953	2	109	A	C
D1_N1	0.189784377467	2	495	A	T
D1_N1	0.190101464709	1	904	C	T
D1_N1	0.19053193692	1	1387	C	T
D1_N1	0.190638909009	2	1522	G	T
D1_N1	0.190811771891	2	297	T	C
D1_N1	0.191024796676	2	1208	G	A
D1_N1	0.191146225536	1	484	T	C
D1_N1	0.191571791842	2	1014	A	G
D1_N1	0.191746902375	1	371	T	C
D1_N1	0.19276398165	2	400	A	C
D1_N1	0.193308740422	2	1071	A	G
D1_N1	0.193337714519	2	1488	A	C
D1_N1	0.194250395363	2	1329	A	G
D1_N1	0.194385483006	1	886	T	C
D1_N1	0.194439656647	2	136	A	T
D1_N1	0.194609552034	2	1320	C	A
D1_N1	0.195670429873	2	953	C	A
D1_N1	0.196299422606	1	220	T	G
D1_N1	0.197128411619	1	575	A	T
D1_N1	0.197277956536	2	1105	C	T
D1_N1	0.197380808589	2	503	C	T
D1_N1	0.197503529962	2	786	T	C
D1_N1	0.198212523705	1	1025	G	A
D1_N1	0.198215944273	2	740	T	A
D1_N1	0.198824032889	2	493	C	A
D1_N1	0.19886433465	1	1074	C	T
D1_N1	0.199523354091	2	417	G	A
D1_N1	0.199538703825	2	1083	C	A
D1_N1	0.200211357956	2	1240	T	C
D1_N1	0.200259416338	2	884	C	T
D1_N1	0.20043709348	1	827	C	T
D1_N1	0.20063008278	2	860	G	T
D1_N1	0.20069009346	2	1336	G	A
D1_N1	0.200837916828	1	1524	T	G
D1_N1	0.20106215992	2	577	A	G
D1_N1	0.201509547741	1	769	G	A
D1_N1	0.202234476725	2	1382	G	T
D1_N1	0.202387683467	2	293	G	C
D1_N1	0.202743722078	2	855	T	A
D1_N1	0.202753693028	1	1334	T	C
D1_N1	0.203198479491	1	1424	A	G
D1_N1	0.204186779858	1	787	C	T
D1_N1	0.204578361816	2	752	G	A
D1_N1	0.204953470748	1	1470	C	T
D1_N1	0.206181746018	2	1545	A	T
D1_N1	0.207002443941	2	1329	G	A
D1_N1	0.207082968561	2	1036	C	A
D1_N1	0.207353495001	2	31	G	A
D1_N1	0.207377853355	1	1545	A	C
D1_N1	0.207388460055	2	1171	T	G
D1_N1	0.207813004745	1	580	G	T
D1_N1	0.208591834725	2	1288	T	C
D1_N1	0.209294579645	2	270	T	C
D1_N1	0.209803332193	1	1479	C	T
D1_N1	0.211236379437	1	1460	C	T
D1_N1	0.212084602561	1	1338	G	T
D1_N1	0.212872288501	2	623	G	C
D1_N1	0.213331115553	1	1318	C	A
D1_N1	0.214059669708	2	289	A	C
D1_N1	0.214525050665	2	372	C	A
D1_N1	0.214970921935	2	604	C	A
D1_N1	0.215104028444	2	1048	C	T
D1_N1	0.21516390947	2	832	C	T
D1_N1	0.215454413592	2	140	A	T
D1_N1	0.215475195509	1	1461	A	G
D1_N1	0.216831089082	1	77	T	A
D1_N1	0.216979661597	2	730	T	C
D1_N1	0.217274716768	1	1396	G	A
D1_N1	0.217746077083	1	531	C	A
D1_N1	0.217869077691	1	770	T	C
D1_N1	0.219959811548	2	963	G	T
D1_N1	0.220697736366	1	1238	G	C
D1_N1	0.221599462484	1	602	A	G
D1_N1	0.221760805925	1	226	T	G
D1_N1	0.222008237679	2	41	G	C
D1_N1	0.222504402723	1	922	A	T
D1_N1	0.222645723915	1	1083	T	C
D1_N1	0.222851050009	1	1132	T	A
D1_N1	0.223666931983	1	1467	A	G
D1_N1	0.223992638729	2	614	T	C
D1_N1	0.224104024488	1	1353	C	A
D1_N1	0.224118124179	2	277	C	T
D1_N1	0.224132661146	1	839	T	C
D1_N1	0.224284467152	2	1513	G	A
D1_N1	0.224308212895	2	1179	T	G
D1_N1	0.224478491294	1	1553	A	T
D1_N1	0.224577741091	1	484	C	A
D1_N1	0.224721149725	1	1191	A	G
D1_N1	0.225015708703	2	626	T	A
D1_N1	0.225187883004	1	885	C	T
D1_N1	0.22519258648	2	649	T	A
D1_N1	0.225643177178	2	259	C	T
D1_N1	0.225831597858	1	849	T	G
D1_N1	0.225995253929	1	174	T	A
D1_N1	0.226023308072	1	928	T	A
D1_N1	0.226256384574	2	1194	T	C
D1_N1	0.227699925089	1	666	G	T
D1_N1	0.22776308721	2	656	G	T
D1_N1	0.227841297724	1	632	T	A
D1_N1	0.228344428341	1	184	A	C
D1_N1	0.228382442293	2	1084	A	T
D1_N1	0.228589194208	2	619	A	T
D1_N1	0.229159988186	2	1204	T	A
D1_N1	0.229701520844	1	153	G	C
D1_N1	0.229888196262	2	288	T	C
D1_N1	0.229933565886	2	322	T	G
D1_N1	0.229987279267	1	1386	G	A
D1_N1	0.231106957856	2	1135	G	A
D1_N1	0.231450737863	1	855	T	A
D1_N1	0.231548827684	1	1101	A	C
D1_N1	0.23180502929	2	158	G	A
D1_N1	0.232335830796	2	11	T	A
D1_N1	0.232430655936	2	1299	G	T
D1_N1	0.232921053536	2	1351	A	G
D1_N1	0.233486189377	2	1374	C	T
D1_N1	0.233668088406	2	194	C	T
D1_N1	0.233779764901	1	268	G	A
N1_N2	0.000528845125214	2	457	G	A
N1_N2	0.00119286179414	1	134	C	T
N1_N2	0.00122157861322	1	1293	A	G
N1_N2	0.00127870502694	2	547	C	T
N1_N2	0.00178890028349	1	5	C	T
N1_N2	0.00226395049576	2	1014	G	A
N1_N2	0.00228426883474	2	796	G	C
N1_N2	0.00234023254975	1	1411	T	G
N1_N2	0.00250496581777	2	1012	G	C
N1_N2	0.00251881960657	2	64	G	C
N1_N2	0.0027249509077	1	1208	G	T
N1_N2	0.00275446883533	2	816	A	G
N1_N2	0.00296589588812	1	793	A	G
N1_N2	0.00313974277152	2	816	G	A
N1_N2	0.00344515384025	2	659	G	C
N1_N2	0.00347782470884	2	759	T	C
N1_N2	0.00378003252234	2	752	A	T
N1_N2	0.00401347871539	2	1167	T	A
N1_N2	0.00435242891614	1	219	A	T
N1_N2	0.00453024716222	2	957	A	C
N1_N2	0.00493360470763	1	1177	C	T
N1_N2	0.00502521821982	1	1438	G	A
N1_N2	0.00540495872918	2	432	C	T
N1_N2	0.00645211710621	1	73	C	T
N1_N2	0.00674221141012	1	85	C	G
N1_N2	0.00692227509025	2	520	C	A
N1_N2	0.00788926597949	1	570	G	C
N1_N2	0.00872677595499	1	504	A	G
N1_N2	0.00909480850188	2	774	T	A
N1_N2	0.0091976341583	1	666	T	G
N1_N2	0.00920655314154	2	815	C	A
N1_N2	0.00945189541713	1	1570	T	G
N1_N2	0.00951800437965	1	813	T	C
N1_N2	0.00976315582092	2	1468	A	G
N1_N2	0.0104198987508	2	220	T	C
N1_N2	0.0104469912864	2	1469	G	A
N1_N2	0.0105213546827	1	548	A	G
N1_N2	0.0127676371484	1	580	T	G
N1_N2	0.0129821143147	1	830	T	G
N1_N2	0.0131235279561	1	1509	C	T
N1_N2	0.0131613556235	2	846	T	G
N1_N2	0.0133416320476	2	367	T	C
N1_N2	0.013873934494	1	1487	A	G
N1_N2	0.0143259713679	1	1539	C	T
N1_N2	0.0145451294753	2	889	C	G
N1_N2	0.0145642409667	2	359	C	G
N1_N2	0.0147989538908	2	510	T	A
N1_N2	0.0148147256844	1	1107	C	A
N1_N2	0.0151174531538	1	882	A	G
N1_N2	0.0151387036142	1	1449	T	C
N1_N2	0.015234036052	2	1115	A	C
N1_N2	0.0152767875934	2	295	T	A
N1_N2	0.0153872915276	2	413	C	T
N1_N2	0.0155676943977	2	620	T	C
N1_N2	0.0156271354222	1	206	T	A
N2_N3	0.000218277183091	1	668	G	T
N2_N3	0.000413298417212	1	541	T	A
N2_N3	0.000518066971445	1	717	T	A
N2_N3	0.000903121664528	1	1387	T	C
N2_N3	0.00158205270632	1	441	G	C
N2_N3	0.00203266877053	1	1184	C	A
N2_N3	0.00229941388958	1	704	T	G
N2_N3	0.0029981656524	2	1416	T	C
N2_N3	0.00303030252904	1	813	C	T
N2_N3	0.00338733436379	2	283	G	A
N2_N3	0.00391641660896	1	1252	A	G
N2_N3	0.00419018064304	1	599	T	G
N2_N3	0.00454995947457	2	151	T	C
N2_N3	0.00476462092592	1	982	A	C
N2_N3	0.00481303768485	1	218	T	C
N2_N3	0.00548296768505	1	289	T	C
N2_N3	0.00588554676856	2	1367	G	A
N2_N3	0.00609824010669	2	917	G	A
N2_N3	0.00614761052772	1	300	G	C
N2_N3	0.00634768412003	1	176	C	T
N2_N3	0.00647866552262	2	837	T	C
N2_N3	0.00680684102213	1	175	T	C
N2_N3	0.00683536250792	2	1192	A	T
N3_N4	0.000420686160104	2	544	C	T
N3_N4	0.000497786092263	2	1230	T	A
N3_N4	0.000741379115117	1	440	A	G
N3_N4	0.00162046294835	1	346	G	T
N3_N4	0.00185426246259	1	1546	T	A
N3_N4	0.00243102521235	1	1461	G	A
N3_N4	0.00252868596793	1	373	G	A
N3_N4	0.00274348449344	2	172	G	C
N3_N4	0.0027467891973	1	841	C	A
N3_N4	0.00286517668973	1	1350	A	G
N3_N4	0.00291224225229	2	245	T	C
N3_N4	0.00294402580444	1	1531	G	A
N3_N4	0.00317134203433	1	1295	A	G
N3_N4	0.00350527166327	1	1230	T	A
N3_N4	0.00379373688356	2	862	T	A
N3_N4	0.00381104335624	2	97	A	T
N3_N4	0.0039101763946	2	1376	C	T
N3_N4	0.00453930356826	1	671	C	T
N3_N4	0.00467747078471	1	1049	G	A
N3_N4	0.00470572759814	2	1092	C	A
N3_N4	0.0049498901529	1	141	C	T
N3_N4	0.00499303986181	2	1242	C	T
N3_N4	0.00512693606307	1	1091	G	T
N3_N4	0.00514959967859	2	220	C	T
N3_N4	0.00536835936629	1	287	C	G
N3_N4	0.00543440771581	1	1541	T	A
N3_N4	0.00556221958843	1	698	T	C
N3_N4	0.00564101021207	1	124	A	G
N3_N4	0.00659286493135	1	779	T	C
N3_N4	0.00660740550499	2	1445	A	C
N3_N4	0.0068094264574	1	651	G	A
N3_N4	0.00708866486301	1	1055	A	G
N3_N4	0.00724349884746	1	1304	C	T
N3_N4	0.0075026446286	1	161	C	T
N3_N4	0.00752637937099	2	34	T	C
N3_N4	0.00777395841469	1	190	T	A
N3_N4	0.00777848917818	2	1385	C	A
N3_N4	0.00820819940514	1	1554	A	C
N3_N4	0.0083152223571	2	499	T	G
N3_N4	0.0085864456742	1	658	G	C
N4_Human	0.00118303651093	2	1315	G	A
N4_Human	0.00123903207986	1	1288	T	A
N4_Human	0.00202664871768	1	1101	C	T
N4_Human	0.00224414065733	1	613	C	A
N4_Human	0.00261441758637	2	20	T	C
N4_Human	0.00292714649842	1	551	G	C
N4_Human	0.00332864890864	1	1295	G	T
N4_Human	0.00376185653495	2	1286	G	T
N4_Human	0.00376908623002	2	78	A	G
N4_Human	0.00441260071036	2	550	A	G
N4_Human	0.00453795058555	2	383	A	C
N4_Human	0.0048571075068	2	1537	C	A
N4_Human	0.00510896324386	2	1159	A	G
N4_Human	0.00518196430096	2	156	T	G
N4_Human	0.00531965570373	2	332	T	A
N4_Human	0.00543847752133	2	320	T	C
N4_Human	0.00597235011351	1	1197	G	A
N4_Human	0.00746763519098	1	544	G	A
N4_Human	0.00749585871834	1	1043	C	A
N4_Human	0.00769249895353	1	319	T	G
N4_Human	0.00781217553856	1	375	T	C
N4_Human	0.00790531785351	1	1204	G	T
N4_Human	0.00822452748793	1	1003	G	T
N4_Human	0.00873581929957	2	1511	C	G
N4_Human	0.00925316982181	1	281	A	G
N4_Human	0.00928147191561	1	1077	T	C
N4_Human	0.00950682437883	2	1385	A	G
N4_Human	0.00970124731119	2	855	A	C
N4_Human	0.00978698040921	2	396	A	T
N4_Chimp	3.46223278486e-05	2	651	A	T
N4_Chimp	0.000212689202627	2	939	A	G
N4_Chimp	0.000304564417586	2	10	T	C
N4_Chimp	0.000669526611007	1	701	A	G
N4_Chimp	0.0007077072807	1	1525	G	T
N4_Chimp	0.000976659396511	2	600	G	T
N4_Chimp	0.00140778082883	2	1439	T	G
N4_Chimp	0.00161762535267	1	1265	T	C
N4_Chimp	0.00190273928569	1	426	G	C
N4_Chimp	0.00194350007868	2	179	T	C
N4_Chimp	0.00228615375798	1	612	C	G
N4_Chimp	0.00232152444105	2	718	T	A
N4_Chimp	0.00240258585233	1	957	A	T
N4_Chimp	0.00260002040204	1	970	A	T
N4_Chimp	0.00265289496795	1	1448	A	G
N4_Chimp	0.00270903994636	2	762	T	A
N4_Chimp	0.00278639042744	1	1181	T	G
N4_Chimp	0.00278950375636	2	594	A	G
N4_Chimp	0.00281262407677	2	760	G	C
N4_Chimp	0.00282068912338	1	1235	T	C
N4_Chimp	0.00298834099306	2	1092	A	T
N4_Chimp	0.00343847316739	1	113	G	C
N4_Chimp	0.00357236501397	1	94	G	A
N4_Chimp	0.00361345476283	2	1308	G	T
N4_Chimp	0.00444015409726	1	25	C	G
N4_Chimp	0.00493327475858	1	527	C	T
N4_Chimp	0.00509048033314	2	1271	A	G
N4_Chimp	0.00682002036481	1	1352	C	G
N4_Chimp	0.00684541590023	1	987	A	C
N4_Chimp	0.00757570402846	2	365	C	G
N4_Chimp	0.0076714589673	2	540	G	A
N4_Chimp	0.00775705882829	1	1366	C	A
N4_Chimp	0.00795640113068	2	1371	A	T
N4_Chimp	0.00831537397681	1	1088	C	T
N4_Chimp	0.00834996807237	2	1130	G	T
N4_Chimp	0.00835287427607	1	611	C	A
N4_Chimp	0.00860187185942	2	632	T	C
N4_Chimp	0.00874129867893	1	802	T	G
N4_Chimp	0.00897453708548	1	212	A	T
N4_Chimp	0.00899603340804	1	1174	C	G
N4_Chimp	0.00982268980515	1	1136	G	A
N4_Chimp	0.0100299774173	2	113	G	A
N4_Chimp	0.0100361466013	1	66	A	G
N4_Chimp	0.0102949421682	2	206	T	A
N4_Chimp	0.0107194731039	1	901	C	A
N4_Chimp	0.0111206682392	2	488	C	T
N3_Goril	0.000505292458588	1	41	G	A
N3_Goril	0.000532256632564	2	1500	A	C
N3_Goril	0.00115696127637	1	1006	G	C
N3_Goril	0.00142400020844	2	453	A	G
N3_Goril	0.00147493421331	1	765	A	G
N3_Goril	0.0021469941577	1	917	T	A
N3_Goril	0.00216747365113	2	861	T	A
N3_Goril	0.00220229612112	2	1232	C	A
N3_Goril	0.0031034845991	2	700	C	A
N3_Goril	0.00332298663786	1	794	T	C
N3_Goril	0.0036357652054	1	1030	A	T
N3_Goril	0.00467426039826	2	879	T	C
N3_Goril	0.00470527411443	2	935	A	G
N3_Goril	0.00482482633401	2	1008	C	T
N3_Goril	0.00484570496137	2	1368	T	A
N3_Goril	0.00547542548262	2	4	G	A
N3_Goril	0.00651118489275	1	442	C	T
N3_Goril	0.00653882476439	1	610	A	G
N3_Goril	0.00659950576809	1	553	A	C
N3_Goril	0.00713097797617	2	1428	G	A
N3_Goril	0.00766200429708	1	638	T	A
N3_Goril	0.00803237354073	1	1315	T	G
N3_Goril	0.00818258023586	1	177	T	A
N3_Goril	0.00821180005833	2	23	T	C
N3_Goril	0.00885714804468	1	923	G	T
N3_Goril	0.00889321336916	2	528	A	T
N3_Goril	0.00946295715506	2	1092	C	T
N3_Goril	0.00954394428185	2	188	G	A
N3_Goril	0.00989937395464	2	1438	A	T
N3_Goril	0.0101988035379	1	766	C	A
N3_Goril	0.0103163964869	2	77	T	A
N3_Goril	0.0105713366099	1	850	T	C
N3_Goril	0.0106618043356	1	1272	T	C
N3_Goril	0.0107389770285	2	1335	G	A
N3_Goril	0.0114532950392	1	136	C	T
N3_Goril	0.0114638355399	2	665	T	C
N3_Goril	0.0115964659246	1	554	T	C
N3_Goril	0.0124611144187	2	1224	T	C
N3_Goril	0.0125398241227	2	991	G	A
N3_Goril	0.0125524918744	2	1535	A	C
N3_Goril	0.0127003157403	1	944	A	C
N3_Goril	0.0128196657223	2	767	A	C
N3_Goril	0.012894670633	1	1219	G	A
N3_Goril	0.0129793141278	1	74	C	T
N3_Goril	0.013056023206	1	653	T	C
N3_Goril	0.0131130605237	1	1274	G	A
N3_Goril	0.0135871277171	2	1231	T	G
N3_Goril	0.0135898821345	2	877	T	A
N3_Goril	0.0140105817347	1	1510	G	A
N3_Goril	0.0143215568703	2	448	G	A
N3_Goril	0.0152141179246	2	879	C	T
N3_Goril	0.0152930204841	2	95	G	A
N3_Goril	0.0156983966825	2	403	A	C
N3_Goril	0.0159901451488	1	1490	A	G
N3_Goril	0.0164818597092	1	1541	T	G
N3_Goril	0.0164979064244	1	891	A	T
N3_Goril	0.0165265719436	2	995	C	T
N3_Goril	0.0165769278066	1	544	G	A
N3_Goril	0.0170967428373	2	533	A	C
N3_Goril	0.0172124914562	1	239	C	A
N3_Goril	0.0177159913382	1	161	C	T
N3_Goril	0.0178184828977	2	135	T	A
N3_Goril	0.01833856346	2	750	G	C
N3_Goril	0.0187161256566	1	215	A	T
N3_Goril	0.0196672548755	2	1539	C	T
N3_Goril	0.0197140424289	2	1388	A	G
N2_Orang	2.7380656221e-05	2	702	A	T
N2_Orang	0.000697379315293	1	1191	G	T
N2_Orang	0.00118504154169	1	999	G	A
N2_Orang	0.00177216715146	2	238	T	C
N2_Orang	0.00191585286265	2	791	A	T
N2_Orang	0.0028318541912	1	331	T	G
N2_Orang	0.00286717470809	2	1068	A	C
N2_Orang	0.00289640124513	2	670	T	G
N2_Orang	0.00298809334399	1	722	T	C
N2_Orang	0.00309494474272	1	457	G	T
N2_Orang	0.00321879805409	1	890	T	C
N2_Orang	0.0032782731569	1	262	A	T
N2_Orang	0.00352364372295	2	1038	A	G
N2_Orang	0.00404390614796	2	23	T	G
N2_Orang	0.00433660956787	2	63	T	C
N2_Orang	0.00472729532996	1	242	T	C
N2_Orang	0.0047587466036	1	242	C	T
N2_Orang	0.00523689162275	1	1045	C	T
N2_Orang	0.00581042079523	2	1321	A	T
N2_Orang	0.00590874476831	1	419	A	G
N2_Orang	0.0059659927474	2	565	C	G
N2_Orang	0.00600242985803	2	1056	A	G
N2_Orang	0.00628073814807	2	226	C	T
N2_Orang	0.00644855048409	1	773	A	G
N2_Orang	0.00657995360393	1	33	T	A
N2_Orang	0.00761456989486	2	603	T	C
N2_Orang	0.00781942189812	2	693	G	A
N2_Orang	0.00958768678262	2	112	T	G
N2_Orang	0.00978093245065	2	755	T	C
N2_Orang	0.00980700441925	2	845	C	G
N2_Orang	0.00993804537444	2	403	A	T
N2_Orang	0.0100179877337	1	1425	T	C
N2_Orang	0.0103624279771	2	822	C	G
N2_Orang	0.0107362301361	1	633	T	C
N2_Orang	0.0115060498357	2	89	A	C
N2_Orang	0.0119823803842	2	96	C	T
N2_Orang	0.0121087183491	2	726	G	A
N2_Orang	0.0121148476117	1	1036	C	A
N2_Orang	0.0121193869719	2	595	G	T
N2_Orang	0.0125794336962	1	246	C	T
N2_Orang	0.0128736749474	2	1468	G	A
N2_Orang	0.013407373422	2	404	T	G
N2_Orang	0.013851203899	1	20	T	A
N2_Orang	0.0140601192159	2	691	C	A
N2_Orang	0.0141393868289	1	102	C	T
N2_Orang	0.014445536524	1	948	G	A
N2_Orang	0.0146290269632	1	369	G	A
N2_Orang	0.0146663118929	1	1370	A	G
N2_Orang	0.0149414431898	1	467	G	C
N2_Orang	0.0149468144241	1	751	A	T
N2_Orang	0.015088638082	2	598	T	C
N2_Orang	0.0162899810812	1	560	A	C
N2_Orang	0.016316698431	1	1105	T	C
N2_Orang	0.0163317218023	1	636	C	T
N2_Orang	0.0168364791269	1	778	T	C
N2_Orang	0.0173051726525	2	823	A	G
N1_Macaq	1.99509698006e-05	1	1370	A	C
N1_Macaq	0.00037116164297	2	1260	T	G
N1_Macaq	0.000479136364914	2	1042	T	C
N1_Macaq	0.000643245719358	2	733	G	T
N1_Macaq	0.000854464877827	1	93	A	T
N1_Macaq	0.00119314761432	1	1547	T	G
N1_Macaq	0.00120448312673	2	1051	T	A
N1_Macaq	0.00126513884302	2	59	T	G
N1_Macaq	0.00133263791921	1	902	C	T
N1_Macaq	0.00144429458369	2	447	G	A
N1_Macaq	0.00174288035683	1	1389	A	C
N1_Macaq	0.00202390613025	2	1261	T	C
N1_Macaq	0.00208321591755	2	513	G	A
N1_Macaq	0.00295963961938	2	188	G	C
N1_Macaq	0.00413629394093	1	1376	T	C
N1_Macaq	0.00418730204195	1	497	T	C
N1_Macaq	0.00465941761924	1	298	A	C
N1_Macaq	0.00620297156906	2	795	A	G
N1_Macaq	0.00632555104821	1	626	T	G
N1_Macaq	0.00723378155725	2	1101	G	T
N1_Macaq	0.00826516329229	1	749	T	C
N1_Macaq	0.00826921426523	1	1251	T	A
N1_Macaq	0.00833988516852	2	1425	T	C
N1_Macaq	0.00847889607757	2	1411	T	C
N1_Macaq	0.00849360901689	2	167	C	T
N1_Macaq	0.00857215473456	2	1240	C	G
N1_Macaq	0.00878508686822	2	285	T	A
N1_Macaq	0.00922949024799	1	349	T	A
N1_Macaq	0.00971005995583	1	993	T	C
N1_Macaq	0.0109893211214	1	740	T	G
N1_Macaq	0.0121796057169	1	500	T	C
N1_Macaq	0.0122500307234	2	390	C	A
N1_Macaq	0.0124897243779	1	90	T	G
N1_Macaq	0.012947723423	1	946	T	G
N1_Macaq	0.0131814663667	2	442	G	A
N1_Macaq	0.0132321683066	1	22	T	C
N1_Macaq	0.0136344790267	2	290	G	A
N1_Macaq	0.0137697990419	2	439	C	T
N1_Macaq	0.014939325242	2	962	C	A
N1_Macaq	0.0150067666739	1	1332	A	T
N1_Macaq	0.0157926794611	1	136	C	T
N1_Macaq	0.0166757243656	2	53	G	A
N1_Macaq	0.017509530944	1	1553	T	A
N1_Macaq	0.0177734923763	2	1061	C	A
N1_Macaq	0.0177825932832	2	546	A	G
N1_Macaq	0.0178533102952	1	854	T	C
N1_Macaq	0.0179718516411	2	208	T	G
N1_Macaq	0.0181124191582	2	1492	A	G
N1_Macaq	0.0181202044197	1	218	T	C
N1_Macaq	0.0182305379326	1	489	C	T
N1_Macaq	0.0183400730728	2	1002	T	A
N1_Macaq	0.0187168097454	2	21	T	G
N1_Macaq	0.0190922110064	1	93	T	A
N1_Macaq	0.0194345983367	2	1197	G	A
N1_Macaq	0.0195387935361	2	379	T	C
N1_Macaq	0.0195798885939	1	574	T	C
N1_Macaq	0.0196658437669	1	101	G	A
N1_Macaq	0.0200005109134	1	269	G	T
N1_Macaq	0.0202171644853	2	940	T	A
N1_Macaq	0.0205964023662	1	1358	G	A
N1_Macaq	0.0206900347382	1	1528	T	G
N1_Macaq	0.0212170336021	2	871	C	G
N1_Macaq	0.0212753174162	1	1400	T	C
N1_Macaq	0.021632338402	1	1210	C	A
N1_Macaq	0.0218375234955	2	1041	C	A
N1_Macaq	0.0218769308571	1	217	C	T
N1_Macaq	0.0224321511022	1	157	T	C
N1_Macaq	0.0225879745652	1	302	G	A
N1_Macaq	0.0228426582155	2	861	T	A
N1_Macaq	0.0233736674221	2	4	G	A
N1_Macaq	0.0234089838499	2	1142	A	T
N1_Macaq	0.0237109951334	2	350	T	G
N1_Macaq	0.023818925353	2	1475	A	G
N1_Macaq	0.0239082238772	1	1452	A	G
N1_Macaq	0.0239387124762	1	1078	T	G
N1_Macaq	0.0240114101495	1	128	G	T
N1_Macaq	0.024019815267	2	1173	G	A
N1_Macaq	0.0240287872201	2	724	A	C
N1_Macaq	0.0243136755949	1	33	T	A
N1_Macaq	0.0248186061196	1	185	A	C
N1_Macaq	0.0250428356229	1	1127	A	T
N1_Macaq	0.02535003835	1	1000	A	T
N1_Macaq	0.0260630683156	1	1337	G	C
N1_Macaq	0.0262155449605	2	1392	A	C
N1_Macaq	0.0264128770063	1	1456	T	A
N1_Macaq	0.026420850493	2	1079	A	C
N1_Macaq	0.026451938988	2	342	T	A
N1_Macaq	0.0264616820702	1	1236	C	T
N1_Macaq	0.0282805896044	2	564	A	G
N1_Macaq	0.0283378157603	2	140	T	G
N1_Macaq	0.028759514321	1	822	C	T
N1_Macaq	0.028994146811	2	748	T	G
N1_Macaq	0.0292251962098	2	326	G	C
N1_Macaq	0.0294440929977	2	714	A	G
N1_Macaq	0.0298486806779	2	640	T	C
N1_Macaq	0.030569302201	1	573	G	A
N1_Macaq	0.0308532024479	2	1098	A	T
N1_Macaq	0.0317888679438	2	289	C	T
N1_Macaq	0.0318139796894	2	1157	A	G
N1_Macaq	0.0318196397135	2	1501	C	T
N1_Macaq	0.0320583575136	1	1572	A	C
N1_Macaq	0.0326215379107	2	875	T	C
N1_Macaq	0.0327369054657	2	983	T	A
N1_Macaq	0.0327967573959	1	605	A	C
N1_Macaq	0.0329713187457	2	786	C	T
N1_Macaq	0.0335606625936	1	738	A	C
N1_Macaq	0.0337750892342	2	336	G	T
N1_Macaq	0.034170902092	2	744	A	G
N1_Macaq	0.0342848827469	2	1143	A	G
N1_Macaq	0.0343382579438	1	1185	C	T
N1_Macaq	0.034783901833	1	1355	G	C
N1_Macaq	0.0350716774476	2	1443	C	G
N1_Macaq	0.0354299610512	2	367	T	A
N1_Macaq	0.0355382812024	2	374	A	G
N1_Macaq	0.0355889259477	2	1204	A	G
N1_Macaq	0.0360280596825	1	654	C	A
N1_Macaq	0.0360611192144	2	1319	G	T
N1_Macaq	0.0361919943644	1	830	T	C
N1_Macaq	0.0363841518952	2	979	G	A
N1_Macaq	0.0369565807012	1	557	C	T
N1_Macaq	0.0370400767127	2	841	T	A
N1_Macaq	0.0383955448264	1	1577	T	C
N1_Macaq	0.0384374394054	2	1227	C	A
N1_Macaq	0.0391854549766	1	125	T	C
N1_Macaq	0.0394938151644	2	0	G	T
N1_Macaq	0.0395064751209	2	857	C	G
N1_Macaq	0.0396402579936	2	515	A	G
N1_Macaq	0.039690394928	2	903	T	C
N1_Macaq	0.0397689828733	2	75	G	A
N1_Macaq	0.0424984756558	2	228	C	T
N1_Macaq	0.042664176864	1	612	C	T
N1_Macaq	0.0427380159357	2	1204	G	A
N1_Macaq	0.0436962397886	1	594	A	T
N1_Macaq	0.043741482096	1	251	C	G
N0_Mouse	0.000410332329175	0	792	G	T
N0_Mouse	0.00126479349755	0	505	C	T
N0_Mouse	0.00187164961456	0	427	G	A
N0_Mouse	0.00246697825662	0	1516	A	G
N0_Mouse	0.00262907565996	0	892	G	A
N0_Mouse	0.00636351685999	0	1044	A	G
N0_Mouse	0.00639446774393	0	1503	A	G
N0_Mouse	0.0074097370649	0	1168	A	C
N0_Mouse	0.00764646264642	0	948	G	A
N0_Mouse	0.00785945339489	0	12	G	A
N0_Mouse	0.00949827309352	0	1014	A	G
N0_Mouse	0.0095646815859	0	145	T	C
N0_Mouse	0.00993743572805	0	1503	G	A
N0_Mouse	0.0100979270481	0	1207	T	C
N0_Mouse	0.0102470947821	0	684	C	T
N0_Mouse	0.0105651688153	0	307	A	G
N0_Mouse	0.0117267227218	0	704	G	T
N0_Mouse	0.0118505769448	0	1108	T	C
N0_Mouse	0.0125219380931	0	643	A	G
N0_Mouse	0.0130690245427	0	680	A	G
N0_Mouse	0.0141873506182	0	379	T	C
N0_Mouse	0.0150577184239	0	1159	A	G
N0_Mouse	0.0159335794377	0	780	A	G
N0_Mouse	0.0168787737477	0	731	T	C
N0_Mouse	0.0169589977602	0	636	T	C
N0_Mouse	0.0176203285303	0	114	G	A
N0_Mouse	0.0192528227657	0	1436	T	A
N0_Mouse	0.0208445217	0	197	A	G
N0_Mouse	0.0211601757523	0	1325	C	A
N0_Mouse	0.0218965519448	0	978	G	A
N0_Mouse	0.0223643272123	0	1220	G	A
N0_Mouse	0.022519432473	0	1367	G	C
N0_Mouse	0.0228499173006	0	551	G	T
N0_Mouse	0.0229729366158	0	1056	T	A
N0_Mouse	0.0233823087978	0	997	T	A
N0_Mouse	0.0250948637655	0	192	A	G
N0_Mouse	0.0253402949295	0	508	A	T
N0_Mouse	0.0263168188995	0	643	G	A
N0_Mouse	0.026389640847	0	954	A	G
N0_Mouse	0.0265301328056	0	728	A	C
N0_Mouse	0.0267577279822	0	1352	C	A
N0_Mouse	0.027410700635	0	711	G	A
N0_Mouse	0.0288021707243	0	1156	T	C
N0_Mouse	0.0288321728764	0	881	C	A
N0_Mouse	0.0289557797471	0	1087	G	A
N0_Mouse	0.0291009806095	0	341	A	C
N0_Mouse	0.0291269795068	0	617	G	T
N0_Mouse	0.0297745893201	0	1431	A	C
N0_Mouse	0.0298299649569	0	114	A	T
N0_Mouse	0.03013578057	0	85	C	T
N0_Mouse	0.0303896644887	0	1529	A	C
N0_Mouse	0.0313454960826	0	1402	C	T
N0_Mouse	0.0315018822853	0	1105	T	C
N0_Mouse	0.0323733492328	0	696	A	T
N0_Mouse	0.0323769349117	0	447	G	T
N0_Mouse	0.0327046090308	0	805	C	A
N0_Mouse	0.0332698106214	0	886	C	G
N0_Mouse	0.0337283674882	0	705	A	T
N0_Mouse	0.0337352238311	0	525	G	C
N0_Mouse	0.035402453525	0	486	C	T
N0_Mouse	0.0358023632032	0	14	T	C
N0_Mouse	0.0364158976003	0	1314	A	G
N0_Mouse	0.0366752569274	0	1529	C	G
N0_Mouse	0.0370391355499	0	132	C	G
N0_Mouse	0.0377012016027	0	369	A	T
N0_Mouse	0.0379191384147	0	1002	T	C
N0_Mouse	0.0396989017574	0	1443	C	T
N0_Mouse	0.0398028448284	0	310	C	A
N0_Mouse	0.0416905676041	0	34	T	A
N0_Mouse	0.0418733445705	0	850	C	G
N0_Mouse	0.0419999014705	0	1149	T	C
N0_Mouse	0.0426407003132	0	384	G	T
N0_Mouse	0.0427765217025	0	216	C	T
N0_Mouse	0.0428949057164	0	1519	C	T
N0_Mouse	0.0437942320304	0	821	T	C
N0_Mouse	0.0453278725875	0	819	T	A
N0_Mouse	0.0479507959817	0	1070	G	C
N0_Mouse	0.0482090472162	0	393	A	G
N0_Mouse	0.0488879848694	0	1187	C	A
N0_Mouse	0.0489823535424	0	717	T	A
N0_Mouse	0.0496174152688	0	534	C	T
N0_Mouse	0.0514841030349	0	538	G	T
N0_Mouse	0.0515310211892	0	1557	A	C
N0_Mouse	0.0517819753338	0	668	G	T
N0_Mouse	0.0520526309278	0	439	A	G
N0_Mouse	0.0527436533558	0	172	G	C
N0_Mouse	0.0534533449152	0	1437	A	T
N0_Mouse	0.0534955536914	0	533	A	G
N0_Mouse	0.0537006207062	0	393	G	C
N0_Mouse	0.0555134144449	0	1284	T	A
N0_Mouse	0.0559513706712	0	1417	T	C
N0_Mouse	0.056755827226	0	1491	A	T
N0_Mouse	0.0583232596133	0	222	T	G
N0_Mouse	0.0588375896647	0	1306	A	G
N0_Mouse	0.0600203058679	0	58	T	C
N0_Mouse	0.0612966605422	0	1234	G	A
N0_Mouse	0.0630743079601	0	1515	C	T
N0_Mouse	0.0631101101026	0	156	T	C
N0_Mouse	0.063974863848	0	1181	T	C
N0_Mouse	0.0648715189783	0	71	G	A
N0_Mouse	0.0651954593744	0	1046	G	A
N0_Mouse	0.0654556664194	0	45	T	C
N0_Mouse	0.0658002424356	0	319	G	A
N0_Mouse	0.0675835216954	0	1113	C	T
N0_Mouse	0.0675956041696	0	1250	G	C
N0_Mouse	0.0678806910451	0	1298	T	A
N0_Mouse	0.0682918817462	0	507	A	T
N0_Mouse	0.0688616011804	0	1560	A	C
N0_Mouse	0.0704062726028	0	1374	C	T
N0_Mouse	0.0713116758914	0	926	T	G
N0_Mouse	0.0713256567896	0	378	T	A
N0_Mouse	0.0721327660152	0	297	T	C
N0_Mouse	0.0721699115479	0	1105	C	T
N0_Mouse	0.0721922900498	0	1240	T	A
N0_Mouse	0.073817820974	0	1174	C	G
N0_Mouse	0.0742410715833	0	1343	A	C
N0_Mouse	0.0748897213887	0	81	C	T
N0_Mouse	0.0754274889094	0	1221	G	C
N0_Mouse	0.0755504966075	0	1107	A	G
N0_Mouse	0.0764038142174	0	1120	T	A
N0_Mouse	0.0765456515693	0	1433	G	A
N0_Mouse	0.0768581443487	0	1325	A	T
N0_Mouse	0.0776481847632	0	209	A	T
N0_Mouse	0.0787320083076	0	1570	T	C
N0_Mouse	0.0800916533155	0	685	G	T
N0_Mouse	0.080351288507	0	257	C	T
N0_Mouse	0.080946868887	0	939	A	G
N0_Mouse	0.0825502578137	0	855	T	G
N0_Mouse	0.0828406818749	0	1203	T	A
N0_Mouse	0.0835723608622	0	714	A	G
N0_Mouse	0.0843278360081	0	866	G	A
N0_Mouse	0.0849404087872	0	400	A	T
N0_Mouse	0.0850981227099	0	1531	G	A
N0_Mouse	0.0857762716916	0	1268	T	C
N0_Mouse	0.0862028812104	0	1283	G	T
N0_Mouse	0.0863894734216	0	1053	T	C
N0_Mouse	0.086875905563	0	403	A	T
N0_Mouse	0.0870506013231	0	826	A	T
N0_Mouse	0.0890410158708	0	229	A	C
N0_Mouse	0.0904407740192	0	481	C	T
N0_Mouse	0.0904612102932	0	931	G	T
N0_Mouse	0.0907231837856	0	396	A	G
N0_Mouse	0.0916566993233	0	289	T	C
N0_Mouse	0.0917243065618	0	709	T	A
N0_Mouse	0.091802373152	0	458	C	T
N0_Mouse	0.0918702099784	0	842	A	G
N0_Mouse	0.0921431389318	0	751	A	T
N0_Mouse	0.09264046087	0	859	T	A
N0_Mouse	0.0927543323594	0	958	A	C
N0_Mouse	0.0933206839914	0	1573	G	A
N0_Mouse	0.0940270101646	0	1246	A	C
N0_Mouse	0.0951801885618	0	522	C	T
N0_Mouse	0.0955032442371	0	1445	T	C
N0_Mouse	0.0957146007365	0	421	A	G
N0_Mouse	0.0976659921249	0	1508	T	C
N0_Mouse	0.0978664560172	0	235	A	G
N0_Mouse	0.0981577089435	0	1243	C	T
N0_Mouse	0.0983225567455	0	1522	G	C
N0_Mouse	0.0994972478949	0	809	C	A
N0_Mouse	0.0999750445019	0	569	A	G
N0_Mouse	0.100360716817	0	1398	A	G
N0_Mouse	0.100464504893	0	292	C	A
N0_Mouse	0.100829887609	0	1379	G	A
N0_Mouse	0.101448221314	0	1548	A	G
N0_Mouse	0.102830789349	0	903	C	T
N0_Mouse	0.104948518471	0	1525	G	T
N0_Mouse	0.105063775512	0	1420	A	C
N0_Mouse	0.106299835629	0	229	C	G
N0_Mouse	0.10749542698	0	1108	C	A
N0_Mouse	0.107810419112	0	800	G	T
N0_Mouse	0.108823788959	0	327	G	A
N0_Mouse	0.108871883371	0	23	A	G
N0_Mouse	0.109741943066	0	105	C	T
N0_Mouse	0.110015067914	0	656	G	C
N0_Mouse	0.110045400949	0	1047	A	C
N0_Mouse	0.11012449194	0	683	T	C
N0_Mouse	0.110875979358	0	266	T	C
N0_Mouse	0.112266873312	0	1404	A	G
N0_Mouse	0.113822813799	0	70	C	G
N0_Mouse	0.114224043058	0	839	T	C
N0_Mouse	0.114673902101	0	763	G	A
N0_Mouse	0.115172071336	0	712	C	G
N0_Mouse	0.115759060751	0	158	G	A
N0_Mouse	0.115915966923	0	797	G	T
N0_Mouse	0.116019569611	0	784	G	A
N0_Mouse	0.117919662969	0	870	A	C
N0_Mouse	0.118115019551	0	831	G	A
N0_Mouse	0.118900615487	0	1203	A	C
N0_Mouse	0.119786567481	0	988	G	C
N0_Mouse	0.121179344898	0	385	T	G
N0_Mouse	0.122316542374	0	81	T	G
N0_Mouse	0.122882677675	0	1327	A	C
N0_Mouse	0.124564130594	0	76	A	T
N0_Mouse	0.124711760271	0	67	G	C
N0_Mouse	0.125852735167	0	248	A	T
N0_Mouse	0.12611733514	0	510	T	A
N0_Mouse	0.128255084646	0	1438	A	C
N0_Mouse	0.128512041341	0	1522	C	T
N0_Mouse	0.129410941889	0	1464	C	A
N0_Mouse	0.130298245681	0	1333	T	C
N0_Mouse	0.1332030477	0	357	C	T
N0_Mouse	0.133262898459	0	1404	G	A
N0_Mouse	0.134014874389	0	1536	T	C
N0_Mouse	0.134065283661	0	64	G	A
N0_Mouse	0.134254354722	0	371	T	C
N0_Mouse	0.135713899886	0	772	C	T
N0_Mouse	0.137503811883	0	1260	T	A
N0_Mouse	0.137528476917	0	609	A	C
N0_Mouse	0.138286989036	0	745	T	G
N0_Mouse	0.138614041259	0	298	A	T
N0_Mouse	0.140339977878	0	384	T	G
N0_Mouse	0.140661346823	0	378	A	T
N0_Mouse	0.140975597259	0	1377	G	A
N0_Mouse	0.141933622569	0	1111	A	C
N0_Mouse	0.14216358186	0	697	C	T
N0_Mouse	0.14317463873	0	1500	A	C
N0_Mouse	0.143648587779	0	1301	T	G
N0_Mouse	0.143939176842	0	47	G	T
N0_Mouse	0.144184942179	0	991	G	T
N0_Mouse	0.144206113176	0	1272	T	C
N0_Mouse	0.144413490339	0	767	A	G
N0_Mouse	0.144887088534	0	816	A	G
N0_Mouse	0.14616563588	0	1405	A	T
N0_Mouse	0.146377288121	0	1295	A	T
N0_Mouse	0.146512623901	0	1321	G	T
N0_Mouse	0.146644777457	0	307	G	C
N0_Mouse	0.148278033387	0	473	G	A
N0_Mouse	0.149568318335	0	959	C	T
N0_Mouse	0.150465126389	0	101	G	T
N0_Mouse	0.150646418524	0	86	C	T
N0_Mouse	0.151578196209	0	1541	T	A
N0_Mouse	0.15172932734	0	94	G	A
N0_Mouse	0.151805097242	0	1372	T	A
N0_Mouse	0.15194447432	0	1289	T	A
N0_Mouse	0.152028759753	0	722	T	A
N0_Mouse	0.152047203705	0	1165	T	G
N0_Mouse	0.15205127145	0	195	C	T
N0_Mouse	0.152167758231	0	495	G	A
N0_Mouse	0.152374596779	0	696	T	C
N0_Mouse	0.152447280685	0	377	G	A
N0_Mouse	0.153837802478	0	1518	T	C
N0_Mouse	0.154842135553	0	859	A	T
N0_Mouse	0.15486550546	0	649	T	G
N0_Mouse	0.15781586789	0	489	C	T
N0_Mouse	0.157898337488	0	1094	T	A
N0_Mouse	0.158110942747	0	787	C	G
N0_Mouse	0.158813400087	0	269	A	G
N0_Mouse	0.159761220671	0	13	G	T
N0_Mouse	0.159885159493	0	800	T	C
N0_Mouse	0.160484521445	0	1050	A	G
N0_Mouse	0.164430997327	0	1451	G	A
N0_Mouse	0.165796887892	0	1024	C	A
N0_Mouse	0.166246135076	0	41	G	A
N0_Mouse	0.166609036422	0	82	T	G
N0_Mouse	0.167812521999	0	1554	A	C
N0_Mouse	0.167973097036	0	225	A	T
N0_Mouse	0.168094131392	0	628	A	T
N0_Mouse	0.168662719171	0	1475	A	C
N0_Mouse	0.169135327282	0	709	A	T
N0_Mouse	0.169554550389	0	1099	C	G
N0_Mouse	0.169699175476	0	309	C	A
N0_Mouse	0.169851858327	0	646	A	C
N0_Mouse	0.17011967288	0	1230	T	A
N0_Mouse	0.170207177884	0	656	C	T
N0_Mouse	0.170508090817	0	1237	C	T
N0_Mouse	0.172223134017	0	1019	A	T
N0_Mouse	0.172512514871	0	369	T	G
N0_Mouse	0.173928521353	0	1141	A	G
N0_Mouse	0.174352745566	0	1356	A	G
N0_Mouse	0.176051495137	0	802	C	T
N0_Mouse	0.176206833821	0	1371	A	T
N0_Mouse	0.17771291846	0	249	T	G
N0_Mouse	0.178031617363	0	323	A	G
N0_Mouse	0.17874661737	0	346	A	G
N0_Mouse	0.178808946284	0	1578	G	A
N0_Mouse	0.178820652737	0	824	T	A
N0_Mouse	0.179503187074	0	1412	A	G
N0_Mouse	0.179919119183	0	277	C	T
N0_Mouse	0.179995570965	0	1479	C	T
N0_Mouse	0.180600695375	0	1535	A	G
N0_Mouse	0.18066026359	0	1230	A	T
N0_Mouse	0.181053481087	0	1494	G	T
N0_Mouse	0.181236360965	0	1555	G	A
N0_Mouse	0.182124161643	0	1483	G	C
N0_Mouse	0.182608240129	0	1057	T	A
N0_Mouse	0.18423332506	0	1252	A	T
N0_Mouse	0.184930983435	0	171	G	C
N0_Mouse	0.184969879406	0	1065	C	T
N0_Mouse	0.186785066142	0	487	T	C
N0_Mouse	0.18754956834	0	1173	G	C
N0_Mouse	0.188594674613	0	212	C	T
N0_Mouse	0.189245101164	0	1578	A	C
N0_Mouse	0.189688639882	0	1487	A	T
N0_Mouse	0.18989218403	0	648	C	T
N0_Mouse	0.190202450299	0	533	G	A
N0_Mouse	0.190548022161	0	1281	T	C
N0_Mouse	0.19307583925	0	1242	C	T
N0_Mouse	0.19374272308	0	333	T	A
N0_Mouse	0.193875721658	0	691	C	G
N0_Mouse	0.193987875099	0	1462	C	T
N0_Mouse	0.195581422263	0	1102	A	T
N0_Mouse	0.196133386386	0	1284	A	T
N0_Mouse	0.196406377142	0	583	T	C
N0_Mouse	0.196428427571	0	999	G	A
N0_Mouse	0.196887977714	0	795	A	G
N0_Mouse	0.197087832506	0	1020	T	C
N0_Mouse	0.200478278809	0	418	G	T
N0_Mouse	0.203878686933	0	908	C	A
N0_Mouse	0.204773557882	0	1269	G	A
N0_Mouse	0.204909772331	0	1411	T	C
N0_Mouse	0.205293201728	0	468	T	C
N0_Mouse	0.206705052327	0	1461	A	T
N0_Mouse	0.206842049414	0	67	C	T
N0_Mouse	0.206954194049	0	1097	T	C
N0_Mouse	0.20712440564	0	364	T	C
N0_Mouse	0.207719587403	0	23	G	T
N0_Mouse	0.208623496613	0	1092	G	A
N0_Mouse	0.208847893851	0	1512	T	C
N0_Mouse	0.208891066787	0	103	G	C
N0_Mouse	0.208921693497	0	898	T	C
N0_Mouse	0.209585958843	0	268	A	G
N0_Mouse	0.213099368963	0	605	A	T
N0_Mouse	0.213340796194	0	534	T	C
N0_Mouse	0.213726788331	0	1414	C	A
N0_Mouse	0.213969186917	0	1553	A	G
N0_Mouse	0.214479153037	0	58	C	T
N0_Mouse	0.214518719114	0	1559	C	A
N0_Mouse	0.214744248657	0	544	G	A
N0_Mouse	0.215204977897	0	834	T	A
N0_Mouse	0.216762194229	0	842	G	T
N0_Mouse	0.21688170469	0	1380	A	T
N0_Mouse	0.217004566379	0	231	T	C
N0_Mouse	0.217409558545	0	647	T	A
N0_Mouse	0.21837217996	0	1453	A	G
N0_Mouse	0.219452590201	0	1049	G	T
N0_Mouse	0.221157176043	0	1395	T	G
N0_Mouse	0.222922073775	0	134	C	A
N0_Mouse	0.22346628624	0	1276	A	C
N0_Mouse	0.224518639082	0	967	A	G
N0_Mouse	0.225081569611	0	42	A	G
N0_Mouse	0.22643990022	0	1048	C	A
N0_Mouse	0.226944207856	0	897	C	A
N0_Mouse	0.227665545281	0	13	T	A
N0_Mouse	0.22776703026	0	782	C	A
N0_Mouse	0.22820495961	0	926	G	T
N0_Mouse	0.22829068585	0	80	C	T
N0_Mouse	0.22883703987	0	276	G	A
N0_Mouse	0.229968282968	0	285	T	C
N0_Mouse	0.23315085013	0	838	C	G
N0_Mouse	0.233312203653	0	336	G	A
N0_Mouse	0.233618745349	0	296	A	C
N0_Mouse	0.233778179774	0	1233	G	T
N0_Mouse	0.234533624464	0	955	T	C
N0_Mouse	0.234722564779	0	419	T	C
N0_Mouse	0.236317487516	0	550	A	T
N0_Mouse	0.236733178342	0	30	A	T
N0_Mouse	0.237320821008	0	45	C	T
N0_Mouse	0.237828268348	0	212	T	G
N0_Mouse	0.23790266013	0	311	T	G
N0_Mouse	0.238256044079	0	287	C	T
N0_Mouse	0.239053104229	0	665	C	G
N0_Mouse	0.239607081677	0	591	T	C
N0_Mouse	0.239886939526	0	295	T	C
N0_Mouse	0.240080360116	0	1420	C	T
N0_Mouse	0.240284923939	0	977	A	G
N0_Mouse	0.240367222162	0	1084	A	C
N0_Mouse	0.241798333187	0	1181	C	T
N0_Mouse	0.243356356447	0	1459	A	G
N0_Mouse	0.244209020257	0	1069	T	A
N0_Mouse	0.244799421052	0	556	A	G
N0_Mouse	0.24501326726	0	662	A	T
N0_Mouse	0.246073212363	0	1061	T	C
N0_Mouse	0.247107401976	0	1367	C	T
N0_Mouse	0.247527048163	0	1152	A	T
N0_Mouse	0.248195573022	0	446	T	G
N0_Mouse	0.250032614442	0	744	A	T
N0_Mouse	0.250974379554	0	844	C	T
N0_Mouse	0.251792754287	0	538	T	A
N0_Mouse	0.25282513435	0	527	G	A
N0_Mouse	0.252976580695	0	924	T	C
N0_Mouse	0.253591355877	0	1435	A	T
N0_Mouse	0.254060275244	0	1185	C	T
N0_Mouse	0.254349784386	0	1572	A	T
N0_Mouse	0.254662843235	0	711	A	G
N0_Mouse	0.254770601045	0	707	T	G
N0_Mouse	0.255249993503	0	118	C	G
N0_Mouse	0.255373942337	0	633	T	A
N0_Mouse	0.256647372147	0	1238	G	C
N0_Mouse	0.257512321252	0	1295	T	C
N0_Mouse	0.258326218301	0	1205	A	G
N0_Mouse	0.258576968504	0	761	A	G
N0_Mouse	0.258594817831	0	63	T	C
N0_Mouse	0.258887217089	0	501	T	G
N0_Mouse	0.258957421417	0	1026	A	G
N0_Mouse	0.259895669679	0	544	A	G
N0_Mouse	0.260008969205	0	857	C	T
N0_Mouse	0.260918484124	0	534	C	G
N0_Mouse	0.261012739294	0	807	T	C
N0_Mouse	0.261276794714	0	1525	T	G
N0_Mouse	0.262747152615	0	142	G	A
N0_Mouse	0.263736280167	0	46	A	G
N0_Mouse	0.263781339028	0	69	G	T
N0_Mouse	0.264025802141	0	878	T	A
N0_Mouse	0.264907112527	0	549	A	G
N0_Mouse	0.265027409398	0	173	A	G
N0_Mouse	0.266612285357	0	1207	C	T
N0_Mouse	0.26688606523	0	1394	T	C
N0_Mouse	0.267940588672	0	826	T	A
N0_Mouse	0.268253103136	0	177	G	C
N0_Mouse	0.268457863692	0	240	A	T
N0_Mouse	0.268577935848	0	514	A	T
N0_Mouse	0.269880546355	0	760	G	A
N0_Mouse	0.269949581362	0	1148	A	G
N0_Mouse	0.270867922866	0	910	G	A
N0_Mouse	0.271346073423	0	1421	C	T
N0_Mouse	0.271954241493	0	257	T	C
N0_Mouse	0.273204662565	0	676	T	A
N0_Mouse	0.276081895975	0	535	A	G
N0_Mouse	0.277347996599	0	793	G	A
N0_Mouse	0.277495685464	0	253	G	A
N0_Mouse	0.27932344691	0	1396	G	T
N0_Mouse	0.279895935046	0	1103	T	G
N0_Mouse	0.280287296314	0	44	C	T
N0_Mouse	0.28145852361	0	495	A	G
N0_Mouse	0.283400497503	0	283	A	G
N0_Mouse	0.284863941704	0	966	T	C
N0_Mouse	0.285568479925	0	1133	T	C
N0_Mouse	0.286362999455	0	788	A	G
N0_Mouse	0.287189312965	0	1250	C	T
N0_Mouse	0.288151219994	0	42	G	A
N0_Mouse	0.288477001543	0	1040	G	A
N0_Mouse	0.288647340973	0	299	C	T
N0_Mouse	0.289571517675	0	563	A	T
N0_Mouse	0.289992256774	0	1321	T	G
N0_Mouse	0.291281905266	0	145	C	G
N0_Mouse	0.291801325223	0	1386	A	T
N0_Mouse	0.292250326856	0	900	A	T
N0_Mouse	0.292606540451	0	1063	G	A
N0_Mouse	0.292901556204	0	365	T	C
N0_Mouse	0.29312779007	0	1390	T	A
N0_Mouse	0.29366204123	0	680	G	T
N0_Mouse	0.294172006014	0	100	G	A
N0_Mouse	0.295131450495	0	58	T	G
N0_Mouse	0.295988583596	0	705	T	A
N0_Mouse	0.296546041973	0	18	G	T
N0_Mouse	0.296622654641	0	1	G	C
N0_Mouse	0.298195930729	0	810	A	C
N0_Mouse	0.299119006083	0	167	C	T
N0_Mouse	0.299527941797	0	438	G	A
N0_Mouse	0.300250083683	0	1287	G	T
N0_Mouse	0.300280415635	0	972	A	G
N0_Mouse	0.300484701678	0	13	A	G
N0_Mouse	0.302881497127	0	592	A	G
N0_Mouse	0.303009029722	0	907	T	C
N0_Mouse	0.303283370838	0	965	T	C
N0_Mouse	0.303328308562	0	1201	A	T
N0_Mouse	0.303858555925	0	173	G	T
N0_Mouse	0.304390960224	0	588	T	A
N0_Mouse	0.305935644837	0	1287	T	C
N0_Mouse	0.307064421259	0	1154	A	C
N0_Mouse	0.308553007524	0	1529	G	C
N0_Mouse	0.308578197231	0	934	T	G
N0_Mouse	0.309077251851	0	722	A	G
N0_Mouse	0.309176171669	0	428	A	T
N0_Mouse	0.309402190495	0	355	A	G
N0_Mouse	0.309408479777	0	1307	A	G
N0_Mouse	0.309714019024	0	1512	C	A
N0_Mouse	0.310502515118	0	1140	C	A
N0_Mouse	0.311138858894	0	678	A	T
N0_Mouse	0.311441101029	0	1144	A	T
N0_Mouse	0.311648234406	0	932	A	T
N0_Mouse	0.312088951175	0	880	C	T
N0_Mouse	0.312477627169	0	1474	C	T
N0_Mouse	0.312484710521	0	773	A	G
N0_Mouse	0.313403547281	0	36	T	G
N0_Mouse	0.313643978604	0	725	T	G
N0_Mouse	0.315684076119	0	1001	A	G
N0_Mouse	0.315791830566	0	225	T	A
N0_Mouse	0.315895984374	0	1140	A	G
N0_Mouse	0.31615642537	0	523	G	C
N0_Mouse	0.316440603317	0	91	A	T
N0_Mouse	0.316856895269	0	1211	T	A
N0_Mouse	0.316910181494	0	525	C	A
N0_Mouse	0.317001637134	0	691	G	T
N0_Mouse	0.317296575087	0	1495	G	A
N0_Mouse	0.318894906668	0	506	G	A
N0_Mouse	0.319847646902	0	415	G	A
N0_Mouse	0.319928625457	0	157	C	A
N0_Mouse	0.321358926365	0	1553	G	T
N0_Mouse	0.322496163878	0	1096	C	A
N0_Mouse	0.322564519995	0	314	T	C
N0_Mouse	0.32336199543	0	1419	G	T
N0_Mouse	0.324710455263	0	637	A	G
N0_Mouse	0.324734917511	0	981	C	T
N0_Mouse	0.324772020778	0	1182	T	A
N0_Mouse	0.327816309793	0	1249	C	T
N0_Mouse	0.328264082965	0	1359	T	C
N0_Mouse	0.328682610723	0	1099	G	T
N0_Mouse	0.328821093348	0	539	T	G
N0_Mouse	0.329018541037	0	784	A	G
N0_Mouse	0.330206694054	0	1044	G	A
N0_Mouse	0.330483923325	0	286	A	T
N0_Mouse	0.330827621835	0	20	T	G
N0_Mouse	0.332417043376	0	964	C	A
N0_Mouse	0.332601035481	0	561	T	C
N0_Mouse	0.333038836744	0	381	C	A
N0_Mouse	0.333192741346	0	1019	T	C
N0_Mouse	0.333531645816	0	793	A	T
N0_Mouse	0.333821615724	0	586	C	A
N0_Mouse	0.334392909427	0	50	A	G
N0_Mouse	0.334899919146	0	1064	A	G
N0_Mouse	0.335279889567	0	1159	G	C
N0_Mouse	0.335437336011	0	697	T	A
N0_Mouse	0.336556439558	0	686	A	G
N0_Mouse	0.336578510492	0	128	C	T
N0_Mouse	0.336909962422	0	213	C	A
N0_Mouse	0.337152755477	0	1265	C	T
N0_Mouse	0.337199916288	0	760	A	G
N0_Mouse	0.337295352919	0	1553	T	C
N0_Mouse	0.337652179552	0	1558	T	C
N0_Mouse	0.337860758182	0	180	G	A
N0_Mouse	0.338744034004	0	1207	T	G
N0_Mouse	0.338836556232	0	508	T	G
N0_Mouse	0.340460978823	0	113	G	C
N0_Mouse	0.342581959523	0	74	A	G
N0_Mouse	0.343887454155	0	91	T	C
N0_Mouse	0.343996991205	0	1467	A	G
N0_Mouse	0.344128529993	0	1001	G	T
N0_Mouse	0.34462984131	0	541	T	A
N0_Mouse	0.344700497898	0	279	T	C
N0_Mouse	0.347718045589	0	1348	G	A
N0_Mouse	0.348265391308	0	431	T	G
N0_Mouse	0.348672999609	0	1167	T	C
N0_Mouse	0.34898226489	0	161	A	C
N0_Mouse	0.351520884168	0	375	T	G
N0_Mouse	0.352580468207	0	332	T	C
N0_Mouse	0.353095299261	0	1393	T	C
N0_Mouse	0.353260627347	0	598	C	G
N0_Mouse	0.35340374779	0	1438	C	T
N0_Mouse	0.353684433959	0	1030	A	T
N0_Mouse	0.353897530686	0	28	T	A
N0_Mouse	0.35431685798	0	320	T	C
N0_Mouse	0.356030377736	0	55	T	A
N0_Mouse	0.356056931593	0	831	A	G
N0_Mouse	0.356537286103	0	1091	G	C
N0_Mouse	0.357493024891	0	752	G	T
N0_Mouse	0.358146329006	0	656	T	C
N0_Mouse	0.3589292071	0	1577	C	G
N0_Mouse	0.359623671077	0	835	A	G
N0_Mouse	0.361255364468	0	798	G	T
N0_Mouse	0.362025131239	0	548	G	T
N0_Mouse	0.362105858861	0	1364	C	G
N0_Mouse	0.362191892497	0	0	C	A
N0_Mouse	0.362312199106	0	401	C	G
N0_Mouse	0.362820641499	0	799	T	A
N0_Mouse	0.364366193189	0	832	C	T
N0_Mouse	0.364418658527	0	1259	T	C
N0_Mouse	0.370029524346	0	1332	A	T
N0_Mouse	0.372310443199	0	688	G	T
N0_Mouse	0.372528749234	0	1377	A	T
N0_Mouse	0.372650889032	0	458	T	G
N0_Mouse	0.372870717396	0	410	G	T
N0_Mouse	0.374301189683	0	216	T	C
N0_Mouse	0.375247661949	0	296	C	T
N0_Mouse	0.376402414209	0	1578	C	A
N0_Mouse	0.376745189527	0	1154	C	T
N0_Mouse	0.37759567632	0	964	A	C
N0_Mouse	0.380111884169	0	1337	G	C
N0_Mouse	0.3808417886	0	1527	T	G
N0_Mouse	0.381312807933	0	531	C	T
N0_Mouse	0.381342407899	0	699	A	G
N0_Mouse	0.381803418002	0	115	C	T
N0_Mouse	0.382005253831	0	1390	A	C
N0_Mouse	0.382203361196	0	470	G	A
N0_Mouse	0.38230688557	0	1372	A	C
N0_Mouse	0.382672393249	0	1215	G	A
N0_Mouse	0.384381715342	0	465	G	A
N0_Mouse	0.385467187072	0	651	G	A
N0_Mouse	0.38554748306	0	982	A	C
N0_Mouse	0.38707550091	0	487	C	T
N0_Mouse	0.388433109535	0	1047	C	G
N0_Mouse	0.388649816127	0	932	T	C
N0_Mouse	0.390944819326	0	942	G	C
N0_Mouse	0.393736893551	0	1536	C	T
N0_Mouse	0.393838162852	0	1516	G	A
N0_Mouse	0.394432323018	0	1287	C	T
N0_Mouse	0.397691530893	0	1016	C	T
N0_Mouse	0.398162113215	0	437	T	C
N0_Mouse	0.398381376955	0	420	G	A
N0_Mouse	0.398929797105	0	581	T	C
N0_Mouse	0.399058568894	0	1097	C	T
N0_Mouse	0.400561916321	0	468	C	T
N0_Mouse	0.402149463384	0	1324	C	T
N0_Mouse	0.402890851663	0	326	G	A
N0_Mouse	0.404761942992	0	744	T	A
N0_Mouse	0.40481929054	0	1569	G	A
N0_Mouse	0.405487480386	0	1417	C	T
N0_Mouse	0.406578941356	0	996	T	C
N0_Mouse	0.407979298625	0	1154	T	G
N0_Mouse	0.408518801647	0	508	G	A
N0_Mouse	0.409998001104	0	250	C	A
N0_Mouse	0.410946839521	0	139	A	T
N0_Mouse	0.411788837951	0	1049	T	C
N0_Mouse	0.411957885158	0	309	A	T
N0_Mouse	0.413310045503	0	226	C	T
N0_Mouse	0.413499273071	0	118	G	C
N0_Mouse	0.414320465494	0	853	T	C
N0_Mouse	0.414769046256	0	1279	G	A
N0_Mouse	0.414777665789	0	1107	G	T
N0_Mouse	0.415561326032	0	1034	T	G
N0_Mouse	0.416871642126	0	1373	G	A
N0_Mouse	0.416938858312	0	1	C	A
N0_Mouse	0.420426562366	0	1135	G	A
N0_Mouse	0.420971712135	0	948	A	G
N0_Mouse	0.421253021276	0	1499	T	G
N0_Mouse	0.421313196767	0	414	C	T
N0_Mouse	0.421911468018	0	1204	T	C
N0_Mouse	0.421946005505	0	816	G	T
N0_Mouse	0.421958985872	0	748	T	G
N0_Mouse	0.422229597262	0	633	A	G
N0_Mouse	0.422332839455	0	735	A	G
N0_Mouse	0.424442000603	0	906	T	C
N0_Mouse	0.424863621404	0	78	A	C
N0_Mouse	0.424988865574	0	365	C	T
N0_Mouse	0.425203195735	0	1273	A	T
N0_Mouse	0.425864591915	0	890	T	G
N0_Mouse	0.426500457852	0	1309	C	A
N0_Mouse	0.426684847184	0	249	G	A
N0_Mouse	0.427684793068	0	163	T	A
N0_Mouse	0.428882921511	0	160	A	G
N0_Mouse	0.429574403418	0	2	T	A
N0_Mouse	0.430043452237	0	1125	C	T
N0_Mouse	0.430476323043	0	1267	G	T
N0_Mouse	0.432085717982	0	1284	T	C
N0_Mouse	0.432475531606	0	751	T	G
N0_Mouse	0.433100653523	0	1359	C	G
N0_Mouse	0.43342687158	0	1189	G	T
N0_Mouse	0.43395764274	0	1159	C	A
N0_Mouse	0.434066619554	0	772	T	C
N0_Mouse	0.434255280175	0	640	C	T
N0_Mouse	0.434378565615	0	1363	G	A
N0_Mouse	0.436016211464	0	241	T	C
N0_Mouse	0.436572865648	0	651	A	G
N0_Mouse	0.437192106872	0	814	T	C
N0_Mouse	0.438104587155	0	802	T	A
N0_Mouse	0.438702156985	0	77	G	A
N0_Mouse	0.439501106591	0	1240	A	C
N0_Mouse	0.439551772595	0	1347	C	G
N0_Mouse	0.440017900592	0	1351	T	C
N0_Mouse	0.440251697433	0	1095	A	G
N0_Mouse	0.441312001748	0	539	G	T
N0_Mouse	0.441638464159	0	887	T	C
N0_Mouse	0.441751598062	0	251	C	T
N0_Mouse	0.441851335982	0	723	G	C
N0_Mouse	0.441908642134	0	318	G	T
N0_Mouse	0.442163063017	0	634	C	T
N0_Mouse	0.442250426984	0	10	C	A
N0_Mouse	0.442852316258	0	10	A	G
N0_Mouse	0.443913459388	0	681	A	C
N0_Mouse	0.444366121076	0	1377	T	G
N0_Mouse	0.446141494879	0	318	T	A
N0_Mouse	0.446179726931	0	1161	T	G
N0_Mouse	0.446430958141	0	1025	T	C
N0_Mouse	0.447932599653	0	517	T	A
