edge	time	mut_orlg	mut_pos	old_state	new_state
N0_kluyveri	5.14395854165e-06	0	603	G	C
N0_kluyveri	0.000264799322278	0	124	A	G
N0_kluyveri	0.00138979706253	0	594	T	C
N0_kluyveri	0.00156165668537	0	648	A	G
N0_kluyveri	0.00184564807503	0	738	A	G
N0_kluyveri	0.0019531462368	0	936	A	T
N0_kluyveri	0.00198991868481	0	795	C	T
N0_kluyveri	0.0020993324124	0	771	C	T
N0_kluyveri	0.00249798512018	0	936	T	C
N0_kluyveri	0.00260660461183	0	798	C	T
N0_kluyveri	0.00307202802234	0	735	T	C
N0_D1	0.000271243503833	0	23	A	G
D1_N1	0.00015972002493	1	837	C	T
D1_N1	0.000225316880041	1	804	T	C
D1_N1	0.000288849175316	2	837	C	T
D1_N1	0.000817083671841	1	633	G	A
D1_N1	0.000892660786225	1	519	G	A
N1_castellii	0.000291038488763	2	897	C	T
N1_castellii	0.000395941858106	1	723	T	C
N1_castellii	0.000409686691773	2	277	A	G
N1_castellii	0.000466485957576	2	810	T	C
N1_castellii	0.000586516090554	2	774	C	T
N1_castellii	0.000645886638939	2	726	T	C
N1_castellii	0.000720685418434	2	729	A	G
N1_castellii	0.00095467450807	1	831	T	C
N1_castellii	0.00101514931556	1	529	A	G
N1_castellii	0.00115470411166	2	801	A	G
N1_castellii	0.00119854076511	1	511	T	C
N1_castellii	0.00134785974448	1	848	G	A
N1_castellii	0.00135216784702	1	777	C	G
N1_castellii	0.00172757065394	1	888	C	T
N1_castellii	0.0018729159157	2	790	T	G
N1_castellii	0.00209533036909	2	798	C	T
N1_castellii	0.00240103975046	2	594	T	C
N1_castellii	0.00254415005448	1	717	T	C
N1_castellii	0.00273804474845	1	642	T	C
N1_castellii	0.00290979591199	1	762	G	A
N1_castellii	0.00302412274171	2	666	A	G
N1_castellii	0.00306434755694	2	735	T	C
N1_castellii	0.00322312827367	2	906	A	G
N1_castellii	0.00322800268932	1	888	T	C
N1_castellii	0.00323078379254	2	20	C	T
N1_castellii	0.00329274866124	1	828	G	A
N1_castellii	0.00331919747935	2	915	G	A
N1_castellii	0.00365079098511	1	708	C	T
N1_castellii	0.00366330181482	2	945	G	A
N1_castellii	0.00383799228319	1	780	T	C
N1_castellii	0.00404465525309	1	2	T	C
N1_castellii	0.00405465983354	2	594	C	T
N1_castellii	0.00429094939668	2	660	G	A
N1_castellii	0.00440191493076	1	792	T	C
N1_castellii	0.00458275511133	2	534	A	G
N1_castellii	0.00464966260562	1	579	G	A
N1_castellii	0.00481427682853	1	636	T	C
N1_castellii	0.00489728077761	1	696	T	C
N1_castellii	0.00493427875994	1	618	T	C
N1_castellii	0.00502714702419	2	23	G	A
N1_castellii	0.00546877949603	2	813	C	T
N1_castellii	0.00563884611995	1	792	C	T
N1_castellii	0.00565492483692	1	771	C	T
N1_castellii	0.00566097621869	1	747	A	G
N1_castellii	0.00573569863443	1	802	G	A
N1_castellii	0.00658810318988	2	191	A	G
N1_castellii	0.00663898608349	2	819	G	A
N1_castellii	0.00675138495151	1	696	C	T
N1_N2	0.000128090747993	2	654	T	C
N1_N2	0.000258294948313	1	335	T	C
N1_N2	0.000390101466949	1	643	A	G
N1_N2	0.00079908699693	2	838	C	T
N1_N2	0.00115838536117	1	759	T	C
N1_N2	0.00131451476753	1	885	G	A
N1_N2	0.00166260922122	2	900	T	C
N1_N2	0.00167468020159	2	732	C	T
N1_N2	0.00212299067802	2	624	A	G
N1_N2	0.00247306560782	2	894	T	C
N1_N2	0.00265280697604	2	616	A	G
N1_N2	0.00272559303187	2	508	T	C
N1_N2	0.00279974400836	2	882	A	G
N1_N2	0.00293519732195	1	669	T	C
N1_N2	0.00311550391211	2	870	G	A
N1_N2	0.00315967532495	1	843	T	C
N1_N2	0.00322540590352	2	651	C	T
N1_N2	0.00337059290178	1	901	T	C
N1_N2	0.0034814955659	2	876	A	G
N1_N2	0.00419447343767	1	879	A	G
N1_N2	0.00509482954491	2	717	T	C
N1_N2	0.00520476260914	2	726	T	C
N1_N2	0.00533830406372	2	453	C	T
N1_N2	0.00561684611648	2	906	A	G
N1_N2	0.00564520069155	1	939	T	C
N1_N2	0.005881617052	2	777	C	T
N1_N2	0.00618562293642	1	654	T	C
N1_N2	0.00633525138927	1	714	A	G
N1_N2	0.00649062777471	2	324	G	A
N1_N2	0.00666821266077	1	822	T	C
N1_N2	0.00686336679423	2	552	A	G
N1_N2	0.00709909615321	2	633	G	C
N1_N2	0.00710703249637	2	867	T	C
N1_N2	0.00729115723503	2	780	T	C
N1_N2	0.00770916482712	2	537	T	C
N1_N2	0.0079315339114	2	597	A	G
N1_N2	0.00808780604618	1	597	A	G
N1_N2	0.0081067671888	1	624	A	G
N1_N2	0.0082930154948	1	77	C	T
N1_N2	0.00834118473584	2	663	T	C
N2_bayanus	0.000313285623079	2	789	T	C
N2_bayanus	0.000529422118797	1	882	A	G
N2_bayanus	0.000649022129913	2	353	G	A
N2_bayanus	0.000769053876595	1	630	T	C
N2_bayanus	0.000775837612967	2	563	C	T
N2_bayanus	0.00106095809762	2	750	C	T
N2_bayanus	0.00108857452453	2	450	T	C
N2_bayanus	0.00151437301074	1	107	T	A
N2_bayanus	0.00155281038282	1	834	G	A
N2_bayanus	0.00180718672042	1	663	T	C
N2_bayanus	0.00200218015884	1	654	C	T
N2_bayanus	0.00216521581345	2	708	C	T
N2_bayanus	0.00221687235492	1	882	G	A
N2_bayanus	0.00258552220982	1	885	A	G
N2_bayanus	0.00276519934389	1	585	T	C
N2_N3	0.000349723396684	1	855	C	T
N2_N3	0.000595022206515	1	923	G	A
N2_N3	0.000798233694462	1	699	T	C
N2_N3	0.000807482782242	2	765	T	G
N2_N3	0.00117723489705	2	546	A	G
N2_N3	0.00133349284748	1	23	G	A
N3_kudriavzevii	3.9194288639e-05	2	780	C	T
N3_kudriavzevii	0.000305266050841	1	702	A	G
N3_kudriavzevii	0.0007614611686	2	834	G	A
N3_kudriavzevii	0.000955270594303	1	558	T	A
N3_kudriavzevii	0.00133165389305	1	792	T	C
N3_kudriavzevii	0.00134664588538	1	825	G	A
N3_kudriavzevii	0.0013729666352	2	804	T	C
N3_kudriavzevii	0.00146097396633	1	753	A	G
N3_kudriavzevii	0.00149840414233	1	14	C	T
N3_kudriavzevii	0.00171869230658	2	864	T	C
N3_kudriavzevii	0.00189441700256	2	588	C	T
N3_kudriavzevii	0.00198779178799	2	816	T	C
N3_kudriavzevii	0.00202731048113	2	915	G	A
N3_kudriavzevii	0.00219407357658	2	702	A	G
N3_kudriavzevii	0.00244269771979	1	870	G	A
N3_kudriavzevii	0.00244793205501	2	328	T	G
N3_kudriavzevii	0.0026535431136	2	609	A	G
N3_kudriavzevii	0.00269296690203	1	585	T	C
N3_kudriavzevii	0.00279415456139	1	696	T	C
N3_kudriavzevii	0.00308324072385	1	798	C	T
N3_N4	0.000608134984106	2	933	A	G
N3_N4	0.000769265661499	2	762	G	A
N3_N4	0.000798248089201	2	221	A	G
N3_N4	0.000842886507749	1	112	G	A
N3_N4	0.00102468277804	2	867	T	C
N4_mikatae	3.3139605566e-05	1	747	A	G
N4_mikatae	0.000175335699156	1	738	A	G
N4_mikatae	0.000465729356311	2	921	T	C
N4_mikatae	0.000480269969821	1	879	G	A
N4_mikatae	0.000508665354402	2	882	G	A
N4_mikatae	0.000525209200393	1	645	T	A
N4_mikatae	0.000604653154565	2	642	T	C
N4_mikatae	0.000659238560943	1	855	T	C
N4_mikatae	0.000663090216727	1	573	C	T
N4_mikatae	0.000754685253912	2	849	T	C
N4_mikatae	0.000811426746815	1	585	T	C
N4_mikatae	0.000862588485918	2	771	C	T
N4_mikatae	0.000926909837845	2	780	C	T
N4_mikatae	0.00100237774407	2	17	A	G
N4_mikatae	0.00108069484482	2	690	A	G
N4_mikatae	0.00165940410242	2	103	A	G
N4_mikatae	0.00177006742308	2	711	A	G
N4_mikatae	0.00202560161601	1	849	T	C
N4_mikatae	0.00239278085414	1	624	G	A
N4_mikatae	0.00248745334434	1	600	A	G
N4_mikatae	0.00259022934055	2	633	C	A
N4_mikatae	0.00270028945791	1	771	C	T
N4_mikatae	0.00276641279018	2	714	G	A
N4_mikatae	0.00285465750213	2	624	G	A
N5_paradoxus	1.94849854106e-05	1	621	A	G
N5_paradoxus	0.000711454541364	1	774	C	T
N5_paradoxus	0.000839268463581	1	735	T	C
N5_paradoxus	0.00107415108345	2	888	C	T
N5_paradoxus	0.00127990190657	2	921	T	C
N5_paradoxus	0.00139823259837	1	930	G	A
N5_paradoxus	0.0015668327071	1	312	G	A
N5_paradoxus	0.00172304979287	1	131	A	G
N5_paradoxus	0.00184281462101	1	23	A	G
N5_cerevisiae	0.000284446115659	2	771	C	T
N5_cerevisiae	0.000284691015043	1	735	T	C
N5_cerevisiae	0.000313521629364	1	819	G	A
N5_cerevisiae	0.000554272387259	2	927	C	T
N5_cerevisiae	0.000563779822199	1	768	G	A
N5_cerevisiae	0.000583932763644	2	702	A	G
N5_cerevisiae	0.000751563722272	2	595	T	A
N5_cerevisiae	0.000923921418908	1	367	T	C
N5_cerevisiae	0.00111544198108	1	745	A	C
N5_cerevisiae	0.00154820624797	2	588	C	T
