edge	time	mut_orlg	mut_pos	old_state	new_state
N0_kluyveri	0.000496704056517	0	86	T	G
N0_kluyveri	0.000628437645775	0	65	C	A
N0_kluyveri	0.0014421702331	0	238	T	C
N0_kluyveri	0.00257228929253	0	146	A	T
N0_kluyveri	0.00303202738103	0	407	A	C
N0_kluyveri	0.00308669727056	0	251	C	T
N0_kluyveri	0.00309923086513	0	197	C	T
N0_kluyveri	0.00331681071656	0	482	C	T
N0_kluyveri	0.00543135331542	0	308	G	A
N0_kluyveri	0.00590000951798	0	482	T	A
N0_kluyveri	0.00696485301265	0	355	C	G
N0_kluyveri	0.00712624119802	0	485	C	T
N0_kluyveri	0.0071421000441	0	206	C	T
N0_kluyveri	0.00726176886189	0	269	C	T
N0_kluyveri	0.00775037725445	0	231	C	T
N0_kluyveri	0.00777998930715	0	62	G	A
N0_kluyveri	0.0105943144237	0	332	T	C
N0_kluyveri	0.012090879173	0	404	C	T
N0_kluyveri	0.0124471769758	0	131	T	C
N0_D1	0.000518643924908	0	59	T	C
N0_D1	0.000951487151317	0	23	G	T
N0_D1	0.00133452879081	0	236	T	C
D1_N1	0.000308221189428	2	92	A	G
D1_N1	0.00046826332262	1	392	T	C
D1_N1	0.000757335386114	2	108	G	A
D1_N1	0.000761776201606	2	366	T	C
D1_N1	0.000780792615829	2	383	A	G
D1_N1	0.000904213214714	1	196	A	G
D1_N1	0.00103796944916	2	338	T	C
D1_N1	0.00105024305671	1	353	G	A
D1_N1	0.00121614310936	2	120	T	C
D1_N1	0.00138027592102	1	284	G	A
D1_N1	0.00237610885223	2	181	C	A
D1_N1	0.00268911423189	1	263	G	A
D1_N1	0.00319355957416	1	422	T	C
D1_N1	0.00331926230745	2	218	G	A
N1_castellii	8.67480920047e-05	2	416	T	C
N1_castellii	0.000416842555835	2	305	G	A
N1_castellii	0.000627715032042	2	485	C	T
N1_castellii	0.000638763511641	1	32	C	T
N1_castellii	0.000911267623775	1	41	A	G
N1_castellii	0.00101865145081	1	60	T	C
N1_castellii	0.00128752626827	2	398	G	A
N1_castellii	0.0013924884106	2	110	T	C
N1_castellii	0.00150359875229	1	465	A	G
N1_castellii	0.0015845499561	2	458	T	C
N1_castellii	0.00175496500587	1	488	A	G
N1_castellii	0.00179234584078	2	209	T	A
N1_castellii	0.00205247225672	2	119	T	C
N1_castellii	0.00210578520398	1	350	G	A
N1_castellii	0.00211699808216	2	284	G	A
N1_castellii	0.0021974637411	2	299	T	C
N1_castellii	0.00239387078121	1	65	C	A
N1_castellii	0.0024266749671	2	2	C	T
N1_castellii	0.0025690471449	1	95	A	G
N1_castellii	0.00296755647069	1	20	T	C
N1_castellii	0.00299273137111	2	35	C	T
N1_castellii	0.00332087054356	1	77	G	A
N1_castellii	0.00337062244602	1	107	A	T
N1_castellii	0.00363099659271	2	479	C	T
N1_castellii	0.00374102262999	1	206	C	T
N1_castellii	0.00387240657004	1	296	G	A
N1_castellii	0.00430954451462	1	470	G	A
N1_castellii	0.00436481755727	2	341	C	T
N1_castellii	0.00497784403674	1	77	A	G
N1_castellii	0.00504605249545	2	141	T	C
N1_castellii	0.00518539167693	1	422	C	T
N1_castellii	0.00562780293234	1	374	A	T
N1_castellii	0.00580253576495	1	257	G	A
N1_castellii	0.00602188570155	1	326	G	A
N1_castellii	0.00626716580622	2	323	G	A
N1_castellii	0.00637497024171	1	365	T	C
N1_castellii	0.00653488702634	1	319	G	A
N1_castellii	0.00669676694318	2	404	C	T
N1_castellii	0.00693608052295	2	353	G	A
N1_castellii	0.00737491905843	1	236	C	T
N1_castellii	0.00744082272594	1	125	C	T
N1_castellii	0.00849042629023	1	138	A	G
N1_castellii	0.00851029270769	2	123	T	G
N1_castellii	0.0086457005424	1	464	C	T
N1_castellii	0.00874547910954	2	98	G	A
N1_castellii	0.00893128955334	2	245	G	A
N1_castellii	0.00901856325078	1	23	T	C
N1_castellii	0.0090369992379	2	38	C	T
N1_castellii	0.00961722479917	1	312	T	C
N1_castellii	0.00963447497698	2	236	C	T
N1_castellii	0.0098599549027	1	416	T	C
N1_castellii	0.00993829042374	2	345	T	A
N1_castellii	0.0102911913694	2	395	T	C
N1_castellii	0.0105875424906	2	305	A	C
N1_castellii	0.0106417013049	1	449	T	C
N1_castellii	0.0107958155391	2	338	C	T
N1_castellii	0.0108508941999	2	71	A	T
N1_castellii	0.0109087375798	1	488	G	A
N1_castellii	0.011018230608	2	86	T	C
N1_castellii	0.0111953945418	1	26	T	C
N1_castellii	0.0115713082508	1	164	T	C
N1_castellii	0.0115745618227	2	371	T	A
N1_castellii	0.0116531049387	1	41	G	A
N1_castellii	0.0119257726295	2	491	T	C
N1_castellii	0.0121392703617	2	362	A	G
N1_castellii	0.0123710818446	2	195	G	A
N1_castellii	0.0124724634215	1	377	G	A
N1_castellii	0.0128392425874	1	143	C	T
N1_N2	0.000493862304086	2	461	G	A
N1_N2	0.00101044445481	2	368	T	G
N1_N2	0.00104137585886	2	116	G	A
N1_N2	0.00144493121374	1	284	A	G
N1_N2	0.00164380134162	1	98	G	A
N1_N2	0.00169599660937	1	86	T	C
N1_N2	0.00190247792866	1	314	G	T
N1_N2	0.00192175956246	2	56	T	C
N1_N2	0.00193038162699	2	293	C	T
N1_N2	0.00238822551917	1	474	T	C
N1_N2	0.00243588213869	1	308	G	A
N1_N2	0.00264401301679	1	146	A	G
N1_N2	0.00276002788728	2	72	A	T
N1_N2	0.00281257313372	2	488	A	G
N1_N2	0.00402047656118	1	179	T	C
N1_N2	0.00409680214268	2	395	T	C
N1_N2	0.00409852967435	2	431	T	C
N1_N2	0.00425165856813	1	71	A	T
N1_N2	0.00453730213474	1	405	C	T
N1_N2	0.004607901872	1	416	T	C
N1_N2	0.00499449198384	2	350	G	A
N1_N2	0.00530621089682	2	68	G	A
N1_N2	0.0053102672735	1	359	T	C
N1_N2	0.005407760746	1	77	G	A
N1_N2	0.00544477090021	2	344	C	T
N1_N2	0.00549484059371	2	122	C	T
N1_N2	0.0059664282081	2	11	C	T
N1_N2	0.00610448142142	2	428	C	T
N1_N2	0.00638685911419	2	14	T	C
N1_N2	0.00841204578134	2	443	T	C
N1_N2	0.00850058567836	1	266	G	A
N1_N2	0.0085966707113	1	8	T	C
N1_N2	0.00859759838786	1	206	C	T
N1_N2	0.00875849942051	1	149	G	A
N1_N2	0.00907393133125	2	74	A	C
N1_N2	0.0091259014536	1	434	T	C
N1_N2	0.00916288022781	1	485	C	T
N1_N2	0.00940829539881	2	86	T	C
N1_N2	0.00942311260038	2	461	G	A
N1_N2	0.00950243103102	1	416	C	T
N1_N2	0.00966120357707	1	374	A	G
N1_N2	0.0101218864223	2	368	T	C
N1_N2	0.0102505998835	1	299	T	C
N1_N2	0.0105267726356	2	341	C	T
N1_N2	0.0110995446392	2	143	C	T
N1_N2	0.011402031799	2	398	G	A
N1_N2	0.0114089824102	2	362	A	G
N1_N2	0.0117872736797	1	248	A	G
N1_N2	0.0120595357448	1	86	C	T
N1_N2	0.0123058762057	2	455	T	C
N1_N2	0.0128056694557	1	5	A	G
N1_N2	0.0129728802864	1	113	C	T
N1_N2	0.01314226343	1	95	A	G
N1_N2	0.0134389081147	1	248	G	A
N1_N2	0.0134778104683	1	194	C	T
N1_N2	0.0136588718163	2	215	A	G
N1_N2	0.014160973689	1	220	T	C
N1_N2	0.0146873978323	2	437	C	T
N1_N2	0.0147015838869	1	187	C	T
N1_N2	0.0148347410234	1	26	T	C
N1_N2	0.0152691681889	2	368	C	T
N1_N2	0.0154428127551	1	20	T	C
N2_bayanus	8.27503757998e-05	2	323	G	A
N2_bayanus	0.000137470735854	2	131	T	C
N2_bayanus	0.000324943665779	1	47	C	T
N2_bayanus	0.000448132355547	1	230	T	C
N2_bayanus	0.000671382759356	1	227	A	G
N2_bayanus	0.000817612846817	2	59	C	T
N2_bayanus	0.00115227313284	2	440	C	T
N2_bayanus	0.00146908746049	2	359	C	T
N2_bayanus	0.0017335178937	2	431	T	C
N2_bayanus	0.00196157727948	2	92	G	A
N2_bayanus	0.00205534686966	2	179	C	G
N2_bayanus	0.00229906522016	2	35	C	T
N2_N3	3.02592118059e-05	1	473	C	T
N2_N3	7.14172483532e-05	2	101	G	A
N2_N3	0.000312447373713	2	473	C	T
N2_N3	0.000320808927593	2	68	G	A
N2_N3	0.000458428411651	1	209	T	C
N2_N3	0.000487019840869	1	338	T	A
N2_N3	0.000618346539031	2	224	A	T
N2_N3	0.000642474783821	1	251	C	T
N2_N3	0.000643678626235	2	482	C	T
N2_N3	0.00085739486184	2	448	C	T
N2_N3	0.000993346852816	1	11	C	T
N2_N3	0.00108441584214	1	11	T	C
N3_kudriavzevii	3.61421322654e-07	1	448	C	T
N3_kudriavzevii	0.000152139127662	1	215	A	C
N3_kudriavzevii	0.000442550724883	1	392	C	T
N3_kudriavzevii	0.000877531484803	1	92	A	C
N3_kudriavzevii	0.00113792579363	1	86	T	C
N3_kudriavzevii	0.00175319279178	1	341	C	T
N3_kudriavzevii	0.00180947801422	1	314	T	C
N3_kudriavzevii	0.00202126882548	2	8	C	T
N3_kudriavzevii	0.00210648064611	2	2	C	T
N3_kudriavzevii	0.00234744518092	2	401	T	C
N3_kudriavzevii	0.00262872936583	2	95	A	G
N3_kudriavzevii	0.00263134905618	1	395	T	C
N3_kudriavzevii	0.0026373958839	2	416	T	C
N3_kudriavzevii	0.0026994793805	1	197	C	T
N3_kudriavzevii	0.00301525646689	1	149	A	G
N3_kudriavzevii	0.00334675777734	1	218	G	A
N3_kudriavzevii	0.00481790322173	2	233	C	T
N3_kudriavzevii	0.00512538113661	2	38	C	T
N3_kudriavzevii	0.0056851476205	2	422	C	A
N3_N4	0.000131155985664	2	233	C	T
N3_N4	0.000357541229037	1	5	G	A
N3_N4	0.00110628981616	1	107	A	G
N3_N4	0.00146429838929	1	458	T	C
N3_N4	0.00162928655035	2	17	C	T
N3_N4	0.00226418410249	2	386	C	T
N3_N4	0.00227373901109	1	338	A	T
N4_mikatae	0.000119883902777	1	95	G	A
N4_mikatae	0.000236359201126	1	2	C	T
N4_mikatae	0.000254607251155	2	185	T	C
N4_mikatae	0.000545378028864	2	11	C	T
N4_mikatae	0.000599301123622	2	80	T	C
N4_mikatae	0.000637891107924	1	8	C	T
N4_mikatae	0.0008268058147	1	11	C	T
N4_mikatae	0.00103534320529	1	140	C	T
N4_mikatae	0.00107703741847	2	200	A	C
N4_mikatae	0.00121532145138	1	148	A	G
N4_mikatae	0.0012154873123	1	431	T	C
N4_mikatae	0.00130261170513	1	476	A	G
N4_mikatae	0.00154223927169	2	101	A	G
N4_mikatae	0.00187563917302	1	56	T	A
N4_mikatae	0.00224414902706	2	220	T	A
N4_mikatae	0.00250554876405	1	299	C	T
N4_mikatae	0.00261087025757	1	356	A	G
N4_mikatae	0.00263149575465	1	299	T	C
N4_mikatae	0.00278968780528	1	227	A	G
N4_mikatae	0.0028312596049	2	143	T	C
N4_mikatae	0.00287972499733	1	92	A	G
N4_mikatae	0.00298456823271	2	341	T	C
N4_mikatae	0.00300833767544	2	323	G	A
N4_mikatae	0.00341513341265	2	422	C	T
N4_mikatae	0.00377725273772	2	266	G	A
N4_mikatae	0.00386107081505	1	35	C	T
N4_N5	0.000407504329447	2	146	G	A
N4_N5	0.00115278931368	1	284	G	A
N4_N5	0.00133301008006	1	458	C	T
N5_paradoxus	0.000190881159139	2	59	C	T
N5_paradoxus	0.000407066811924	2	20	C	T
N5_paradoxus	0.000467564196916	1	326	G	A
N5_paradoxus	0.000602128378045	1	371	T	C
N5_paradoxus	0.00060436600207	1	350	G	A
N5_paradoxus	0.00108667387078	2	359	C	T
N5_cerevisiae	9.92721620271e-05	1	206	T	C
N5_cerevisiae	0.000379750252064	1	161	T	C
N5_cerevisiae	0.000779067023706	2	455	C	T
N5_cerevisiae	0.00109590236781	2	335	C	T
N5_cerevisiae	0.00123960100595	2	8	C	T
N5_cerevisiae	0.00152194063106	2	248	A	G
N5_cerevisiae	0.001550718643	1	364	C	T
N5_cerevisiae	0.00225897448945	2	113	C	T
N5_cerevisiae	0.0023841368203	2	26	T	C
N5_cerevisiae	0.00242353520446	1	71	T	C
N5_cerevisiae	0.00250686590381	2	32	C	T
N5_cerevisiae	0.00252907032786	1	56	T	A
N5_cerevisiae	0.00264645820984	2	215	A	G
N5_cerevisiae	0.00289173510192	1	191	T	C
N5_cerevisiae	0.00292075637851	1	233	C	T
N5_cerevisiae	0.0029983493528	1	305	G	A
N5_cerevisiae	0.00353810186671	1	287	A	G
N5_cerevisiae	0.00373450081513	1	133	T	A
N5_cerevisiae	0.00379838141743	2	80	T	C
N5_cerevisiae	0.00383783917073	1	479	C	T
