edge	time	mut_orlg	mut_pos	old_state	new_state
N0_kluyveri	0.000710231912415	0	314	T	C
N0_kluyveri	0.00118598745355	0	8	G	A
N0_kluyveri	0.00119911512542	0	246	A	G
N0_kluyveri	0.00122815322266	0	380	G	A
N0_kluyveri	0.00135513709134	0	452	C	T
N0_kluyveri	0.00168689471874	0	371	A	G
N0_kluyveri	0.00189467421825	0	179	C	T
N0_kluyveri	0.0021554062751	0	274	C	T
N0_kluyveri	0.00246288630408	0	155	G	A
N0_kluyveri	0.0028273017704	0	467	A	T
N0_kluyveri	0.003676108302	0	314	C	T
N0_kluyveri	0.00413261415146	0	44	G	A
N0_kluyveri	0.00418506007558	0	359	A	G
N0_kluyveri	0.00418554148186	0	470	G	A
N0_kluyveri	0.00421652812033	0	425	C	T
N0_kluyveri	0.00434167367312	0	83	A	G
N0_kluyveri	0.00503986466963	0	107	T	A
N0_kluyveri	0.00563004464	0	472	T	C
N0_kluyveri	0.00580781163718	0	473	T	C
N0_kluyveri	0.00661826630373	0	116	A	T
N0_kluyveri	0.00680448853374	0	173	G	A
N0_kluyveri	0.00776252115349	0	137	C	T
N0_kluyveri	0.00795419802014	0	392	T	C
N0_kluyveri	0.0085992252758	0	386	A	T
N0_kluyveri	0.00995791271266	0	467	T	C
N0_kluyveri	0.0100239674873	0	227	G	A
N0_kluyveri	0.0109802677919	0	392	C	T
N0_kluyveri	0.0113540469734	0	28	G	A
N0_kluyveri	0.01144882928	0	224	C	T
N0_kluyveri	0.0115049589902	0	428	G	A
N0_kluyveri	0.0124201936782	0	38	C	T
N0_kluyveri	0.0130162660326	0	233	C	T
N0_kluyveri	0.0131519542761	0	254	C	G
N0_kluyveri	0.0134125080728	0	371	G	A
N0_kluyveri	0.0137704451862	0	377	C	G
N0_D1	0.000815928540031	0	302	A	G
N0_D1	0.000833476482864	0	50	C	G
N0_D1	0.00104502653205	0	131	G	A
N0_D1	0.00131643360701	0	62	T	A
N0_D1	0.0014140101054	0	5	T	C
D1_N1	0.000184641508992	2	392	T	C
D1_N1	0.00025417349575	1	410	C	T
D1_N1	0.000415634404004	1	35	A	G
D1_N1	0.000465544428599	1	485	C	T
D1_N1	0.00052426432936	2	41	C	T
D1_N1	0.000676910854208	2	203	T	C
D1_N1	0.000731919317019	1	440	T	C
D1_N1	0.000879050361558	1	107	T	C
D1_N1	0.000954190420855	1	383	T	C
D1_N1	0.00132551559777	1	161	A	G
D1_N1	0.00132870981469	1	200	G	A
D1_N1	0.00149640652467	2	103	C	T
D1_N1	0.0016306849032	2	44	G	A
D1_N1	0.00189342395674	2	401	G	A
D1_N1	0.00231013127694	1	215	T	G
D1_N1	0.00236383402425	2	296	A	G
D1_N1	0.00246274289967	2	298	T	C
D1_N1	0.00248105206955	2	383	T	C
D1_N1	0.00251603466982	2	311	A	G
D1_N1	0.00266645921139	2	17	G	A
D1_N1	0.00324560701142	1	41	C	T
N1_castellii	2.90367664889e-06	2	306	A	G
N1_castellii	0.000541987098701	1	333	T	G
N1_castellii	0.000625500448613	2	131	A	G
N1_castellii	0.000718895112835	2	368	A	G
N1_castellii	0.00108390739832	1	161	G	A
N1_castellii	0.0011297384195	1	332	A	G
N1_castellii	0.00151022746288	2	266	T	G
N1_castellii	0.00214815677131	1	356	A	G
N1_castellii	0.00214822358962	2	151	T	C
N1_castellii	0.00282256458523	1	290	T	A
N1_castellii	0.00325074708852	2	372	A	G
N1_castellii	0.0032879273189	1	86	A	G
N1_castellii	0.00329478724216	2	440	T	A
N1_castellii	0.00409271901501	2	293	T	C
N1_castellii	0.00427954742838	2	134	A	G
N1_castellii	0.00440512850037	2	320	C	T
N1_castellii	0.0050387679154	2	488	T	C
N1_castellii	0.00548716526481	1	323	T	C
N1_castellii	0.00567773548103	2	365	A	C
N1_castellii	0.00585481544939	1	440	C	T
N1_castellii	0.00589832218228	1	233	C	T
N1_castellii	0.00626077294885	2	488	C	A
N1_castellii	0.00635738428861	2	467	A	G
N1_castellii	0.00639724862439	1	276	A	G
N1_castellii	0.00646838876046	1	101	T	C
N1_castellii	0.00648929827703	1	272	A	G
N1_castellii	0.00651265690697	2	86	A	G
N1_castellii	0.00655091257492	1	263	G	A
N1_castellii	0.00673762961214	2	356	A	G
N1_castellii	0.00689533756377	2	137	C	T
N1_castellii	0.00703324082722	2	53	G	A
N1_castellii	0.00727241285577	2	41	T	G
N1_castellii	0.00758425682138	1	425	C	T
N1_castellii	0.00786033693865	2	137	T	C
N1_castellii	0.0080148931716	1	305	T	G
N1_castellii	0.00824644046212	2	487	A	G
N1_castellii	0.0083716972697	1	59	A	G
N1_castellii	0.00853578872763	2	488	A	G
N1_castellii	0.00859725845051	2	331	G	T
N1_castellii	0.00922089565994	2	218	C	T
N1_castellii	0.00927750703413	2	281	C	T
N1_castellii	0.00929023230228	2	65	C	G
N1_castellii	0.00960369376598	1	131	A	C
N1_castellii	0.00974282546174	2	284	A	G
N1_castellii	0.00981766543164	2	242	G	A
N1_castellii	0.00984225668924	2	149	A	G
N1_castellii	0.0101458149308	1	482	C	T
N1_castellii	0.010595457417	2	92	G	A
N1_castellii	0.0105984004402	2	290	T	C
N1_castellii	0.0109018606048	2	452	C	T
N1_castellii	0.0109785416477	1	416	C	T
N1_castellii	0.0114279671409	1	167	A	G
N1_castellii	0.0114684196943	2	317	G	A
N1_castellii	0.0115166963386	2	11	G	T
N1_castellii	0.0115407508927	2	344	C	T
N1_castellii	0.011660532036	1	380	G	A
N1_castellii	0.0121016530151	2	347	C	T
N1_castellii	0.0128706775748	1	215	G	A
N1_castellii	0.012871572153	1	143	C	G
N1_castellii	0.012889003551	2	110	T	C
N1_N2	6.66791789557e-05	1	360	G	A
N1_N2	0.000299281050018	2	86	A	G
N1_N2	0.000511038518215	2	40	C	T
N1_N2	0.0007596240189	1	413	C	T
N1_N2	0.00086574271666	2	203	C	T
N1_N2	0.00139166909878	1	52	T	C
N1_N2	0.00185009224843	1	5	C	T
N1_N2	0.0019963607047	2	233	C	T
N1_N2	0.00202821353676	1	8	G	A
N1_N2	0.00208675357864	2	329	C	T
N1_N2	0.00239748472293	1	23	T	C
N1_N2	0.00274206870262	2	200	G	A
N1_N2	0.00322001128569	2	152	G	A
N1_N2	0.00330011972628	2	71	C	T
N1_N2	0.00368448051509	1	254	C	T
N1_N2	0.00376541916824	2	218	C	G
N1_N2	0.00402949633684	2	24	T	C
N1_N2	0.00405264516145	2	53	G	C
N1_N2	0.00430358513182	2	491	T	C
N1_N2	0.00434329203996	2	218	G	A
N1_N2	0.00458834825081	1	20	A	G
N1_N2	0.00466850936385	1	83	A	G
N1_N2	0.00492189866166	1	44	G	A
N1_N2	0.00503156254897	1	312	G	A
N1_N2	0.00524961317913	2	80	A	G
N1_N2	0.00559002765361	2	98	A	G
N1_N2	0.00582267024431	1	281	C	T
N1_N2	0.00677440564637	1	446	G	A
N1_N2	0.00680312595337	2	296	G	A
N1_N2	0.0068686168626	2	23	T	C
N1_N2	0.00701789023746	2	452	C	T
N1_N2	0.00733764253312	1	308	A	G
N1_N2	0.00735791979126	1	311	A	G
N1_N2	0.00770126517054	1	122	G	A
N1_N2	0.00774708896251	1	479	A	G
N1_N2	0.00792081962501	2	254	C	T
N1_N2	0.00806568826584	1	92	G	A
N1_N2	0.00871552166007	1	116	A	G
N1_N2	0.00889953865849	1	233	C	T
N1_N2	0.00911117486396	2	491	C	T
N1_N2	0.00914809846975	1	308	G	A
N1_N2	0.00921226441455	1	479	G	C
N1_N2	0.0097899982308	1	398	G	A
N1_N2	0.00997519412823	1	446	A	G
N1_N2	0.0104840253665	2	86	G	A
N1_N2	0.0105346681741	2	110	T	C
N1_N2	0.0105395151645	2	275	G	T
N1_N2	0.0109162902083	2	434	T	C
N1_N2	0.0110890870383	1	329	C	T
N1_N2	0.0111059851698	2	305	T	C
N1_N2	0.0112135382552	2	161	A	C
N1_N2	0.0115285424451	2	314	T	C
N1_N2	0.0120801488803	1	116	G	A
N1_N2	0.0121001352501	1	281	T	G
N1_N2	0.0122883505429	2	179	C	T
N1_N2	0.0123242898509	2	341	C	T
N1_N2	0.0124927799097	1	185	A	G
N1_N2	0.0128564917258	1	56	C	T
N1_N2	0.0129077867776	1	428	G	A
N1_N2	0.0131061680634	2	380	G	A
N1_N2	0.0133677085799	1	272	A	G
N1_N2	0.0135128073209	1	215	G	A
N1_N2	0.0140098693815	1	473	T	C
N1_N2	0.0141337201808	2	143	C	T
N1_N2	0.0142184482771	1	407	C	T
N1_N2	0.0143594950423	2	51	G	A
N1_N2	0.0148310734007	1	76	A	G
N1_N2	0.0149593572407	2	335	T	C
N1_N2	0.0155804039502	1	239	A	G
N1_N2	0.015587569088	2	20	A	G
N1_N2	0.0157251544377	1	473	C	T
N2_bayanus	0.000352195129843	2	386	A	C
N2_bayanus	0.000607314588958	1	242	G	A
N2_bayanus	0.00064336816799	1	374	A	G
N2_bayanus	0.00066415628167	1	479	C	T
N2_bayanus	0.00142828100661	1	185	G	A
N2_bayanus	0.00164721786115	1	281	G	A
N2_bayanus	0.00198404565575	1	11	G	A
N2_bayanus	0.00224586034771	2	482	C	T
N2_N3	0.000377569049824	2	35	A	G
N2_N3	0.000842509800522	2	374	A	G
N2_N3	0.00100773560072	2	89	G	A
N2_N3	0.00108432972279	1	464	G	A
N2_N3	0.00114861893471	1	53	G	A
N2_N3	0.00144266206686	1	437	G	A
N3_kudriavzevii	0.00010344731488	2	227	G	A
N3_kudriavzevii	0.000221497155231	2	94	C	T
N3_kudriavzevii	0.000456668858678	1	325	A	G
N3_kudriavzevii	0.000571716240671	1	320	C	T
N3_kudriavzevii	0.000777307299063	1	326	G	A
N3_kudriavzevii	0.000934793475625	1	107	C	T
N3_kudriavzevii	0.00104123699481	1	434	T	A
N3_kudriavzevii	0.00134656546003	1	236	A	G
N3_kudriavzevii	0.00171173097003	1	452	C	T
N3_kudriavzevii	0.00216923870363	2	122	G	A
N3_kudriavzevii	0.00232590242964	1	146	G	A
N3_kudriavzevii	0.0025748099643	2	211	T	C
N3_kudriavzevii	0.00271958975585	1	32	A	G
N3_kudriavzevii	0.00309166619285	2	312	G	A
N3_kudriavzevii	0.00315664833138	2	380	A	G
N3_kudriavzevii	0.00356721131355	2	347	C	T
N3_kudriavzevii	0.00471077163279	2	167	A	T
N3_kudriavzevii	0.00481701913939	1	65	C	T
N3_kudriavzevii	0.0048356995965	2	449	G	A
N3_kudriavzevii	0.00491834389124	1	308	A	G
N3_kudriavzevii	0.00537837993655	1	278	T	C
N3_kudriavzevii	0.00573885544129	2	380	G	A
N3_kudriavzevii	0.00582710086012	2	413	C	T
N3_N4	9.09939838907e-05	1	23	C	T
N3_N4	0.000419235371238	1	323	T	C
N3_N4	0.000771618286504	1	17	G	A
N3_N4	0.00129691004627	2	296	A	T
N3_N4	0.0014664454765	2	194	T	C
N3_N4	0.00195185855994	2	175	C	T
N4_mikatae	0.000101037697141	2	104	C	T
N4_mikatae	0.00036689778742	1	425	C	T
N4_mikatae	0.000465490419528	1	251	C	T
N4_mikatae	0.000748229378625	2	278	T	C
N4_mikatae	0.000754376368472	2	385	G	A
N4_mikatae	0.00104676984092	2	380	A	G
N4_mikatae	0.00108027555858	1	173	G	A
N4_mikatae	0.00117524994915	2	293	T	C
N4_mikatae	0.00127102452805	1	446	G	A
N4_mikatae	0.0014828584814	2	458	G	A
N4_mikatae	0.00205042021421	2	485	C	T
N4_mikatae	0.00221637740951	2	77	C	T
N4_mikatae	0.00222306900991	2	290	T	C
N4_mikatae	0.00272064369546	2	419	A	G
N4_mikatae	0.00301028524637	2	374	G	A
N4_mikatae	0.0030107875287	1	125	G	A
N4_mikatae	0.00349542717844	2	110	C	T
N4_mikatae	0.00381682211049	1	230	A	C
N4_mikatae	0.00390366806524	1	380	G	A
N4_N5	0.000116302627981	2	338	T	C
N4_N5	0.00134469846134	2	467	A	G
N4_N5	0.00136950095501	1	379	T	C
N4_N5	0.00140540686751	1	123	G	A
N5_paradoxus	4.18538685829e-05	2	293	T	C
N5_paradoxus	0.000725952442267	1	74	T	C
N5_paradoxus	0.000773225439648	1	195	C	T
N5_paradoxus	0.00104600882009	1	242	G	A
N5_paradoxus	0.00116323263623	2	392	C	T
N5_paradoxus	0.00122463587414	2	364	A	G
N5_cerevisiae	0.000965802853382	1	35	G	A
N5_cerevisiae	0.000987586819352	1	17	A	G
N5_cerevisiae	0.00117074614734	2	62	A	G
N5_cerevisiae	0.00119776306286	1	410	T	C
N5_cerevisiae	0.00176362476493	2	11	G	A
N5_cerevisiae	0.00200638081813	2	440	T	C
N5_cerevisiae	0.0021199281738	2	398	G	A
N5_cerevisiae	0.0025279534199	2	110	C	T
N5_cerevisiae	0.00255023414112	2	320	C	T
N5_cerevisiae	0.0025742191735	2	272	A	G
N5_cerevisiae	0.00271925833681	2	362	C	T
N5_cerevisiae	0.00275492269185	2	182	A	G
N5_cerevisiae	0.00297404636874	2	71	T	C
N5_cerevisiae	0.0031847187414	1	389	A	G
N5_cerevisiae	0.00349896258298	1	401	G	A
N5_cerevisiae	0.00352651771904	1	347	C	T
N5_cerevisiae	0.00364340627737	1	141	C	T
N5_cerevisiae	0.00368721122018	2	308	A	G
N5_cerevisiae	0.0038421273432	1	149	A	G
