edge	time	orlg_from	orlg_to	tract_length	start_pos	stop_pos	num_diff	template_seq	overide_seq
D1_N1	0.000211553467174	2	1	1	19	19	0	C	C
D1_N1	0.00157198306756	1	2	1	218	218	0	T	T
D1_N1	0.00213340804902	1	2	1	470	470	0	G	G
D1_N1	0.00283562973917	1	2	1	843	843	0	G	G
D1_N1	0.00319008922955	2	1	1	95	95	0	T	T
D1_N1	0.00354941114226	2	1	1	494	494	0	T	T
D1_N1	0.00568776269992	1	2	1	212	212	0	C	C
D1_N1	0.00820968826995	1	2	1	532	532	0	C	C
D1_N1	0.00938303727001	1	2	1	16	16	0	C	C
N1_castellii	0.00375655779121	1	2	1	911	911	0	A	A
N1_castellii	0.00810625420001	2	1	1	862	862	0	C	C
N1_castellii	0.00838256580567	2	1	1	460	460	0	T	T
N1_castellii	0.00904697445909	2	1	1	591	591	0	C	C
N1_castellii	0.0097847026203	1	2	1	582	582	0	T	T
N1_N2	0.0045958943232	2	1	1	38	38	1	T	C
N1_N2	0.00485695081719	2	1	1	433	433	0	G	G
N1_N2	0.00489247869518	1	2	1	55	55	0	C	C
N2_bayanus	0.0002820691947	1	2	1	509	509	0	A	A
N2_bayanus	0.00685566708702	2	1	1	664	664	0	T	T
N2_bayanus	0.00785445341268	2	1	1	391	391	0	A	A
N2_bayanus	0.00845942159401	2	1	1	466	466	0	T	T
N2_N3	0.000177039021184	1	2	1	821	821	0	G	G
N2_N3	0.00282672806345	2	1	1	542	542	0	A	A
N2_N3	0.00366649808982	2	1	1	180	180	0	C	C
N2_N3	0.00555832140829	2	1	1	83	83	0	G	G
N2_N3	0.00641776705726	1	2	1	696	696	0	T	T
N2_N3	0.00688365383533	1	2	1	377	377	0	C	C
N2_N3	0.0070552815523	2	1	1	236	236	0	G	G
N2_N3	0.00925341306395	1	2	1	533	533	0	T	T
N3_kudriavzevii	0.00154845545363	2	1	1	651	651	0	C	C
N3_kudriavzevii	0.00251029499376	1	2	1	8	8	0	A	A
N3_kudriavzevii	0.00421087552849	1	2	1	487	487	0	G	G
N3_kudriavzevii	0.00463296704504	2	1	1	28	28	0	G	G
N3_kudriavzevii	0.00938272147905	1	2	1	158	158	0	G	G
N3_kudriavzevii	0.00948243657016	1	2	1	146	146	0	T	T
N3_N4	0.00615819901842	2	1	1	215	215	0	A	A
N3_N4	0.00879296951795	2	1	1	48	48	0	A	A
N4_mikatae	0.00343431648506	1	2	1	738	738	0	A	A
N4_mikatae	0.00462567456563	2	1	1	104	104	0	T	T
N4_mikatae	0.00907665110851	1	2	1	144	144	0	A	A
N4_N5	0.00249284449215	1	2	1	609	609	1	T	C
N4_N5	0.00511637329406	1	2	1	141	141	0	G	G
N4_N5	0.00615147677064	1	2	1	896	896	0	G	G
N4_N5	0.00693391245213	1	2	1	824	824	0	C	C
N4_N5	0.00827721716092	2	1	1	747	747	0	A	A
N4_N5	0.00953968985519	2	1	1	329	329	0	T	T
N4_N5	0.00989249837676	2	1	1	374	374	0	A	A
N5_paradoxus	5.04026472036e-05	2	1	1	784	784	0	G	G
N5_paradoxus	0.00188233740888	1	2	1	594	594	0	T	T
N5_paradoxus	0.00270211025429	2	1	1	827	827	0	G	G
N5_paradoxus	0.0030002665224	1	2	1	99	99	0	G	G
N5_paradoxus	0.00537759072845	2	1	1	96	96	0	C	C
N5_paradoxus	0.00541275441384	2	1	1	770	770	0	C	C
N5_paradoxus	0.00607294532008	1	2	1	308	308	0	G	G
N5_paradoxus	0.00614546403875	1	2	1	305	305	0	C	C
N5_paradoxus	0.00693864239719	2	1	1	503	503	0	A	A
N5_paradoxus	0.00781045358019	1	2	1	475	475	0	C	C
N5_cerevisiae	0.00376194928965	2	1	1	466	466	0	T	T
N5_cerevisiae	0.00722424739954	1	2	1	571	571	0	C	C
N5_cerevisiae	0.00870712629717	1	2	1	640	640	0	T	T
