edge	time	orlg_from	orlg_to	tract_length	start_pos	stop_pos	num_diff	template_seq	overide_seq
D1_N1	0.0021814447139	2	1	1	84	84	0	A	A
D1_N1	0.00241010118563	1	2	1	46	46	0	T	T
D1_N1	0.00733689129856	1	2	1	20	20	0	T	T
D1_N1	0.0115744742768	1	2	1	2	2	0	A	A
D1_N1	0.0122137794561	1	2	1	180	180	0	T	T
D1_N1	0.0133856893399	2	1	1	117	117	0	A	A
D1_N1	0.018766944106	2	1	1	138	138	0	A	A
D1_N1	0.0274789446362	1	2	1	149	149	0	T	T
D1_N1	0.0335297050967	2	1	1	197	197	1	C	G
D1_N1	0.0504777221837	1	2	1	62	62	0	T	T
D1_N1	0.0504878156115	2	1	1	104	104	0	C	C
D1_N1	0.0576142624191	2	1	1	84	84	0	A	A
D1_N1	0.0623580148764	2	1	1	166	166	0	A	A
D1_N1	0.0651312060985	2	1	1	16	16	0	A	A
D1_N1	0.0743963644531	2	1	1	54	54	0	C	C
D1_N1	0.0811726340072	2	1	1	144	144	0	A	A
D1_N1	0.0818769546068	2	1	1	22	22	1	A	T
D1_N1	0.0845633110194	2	1	1	23	23	0	C	C
D1_N1	0.0976803197434	2	1	1	80	80	0	T	T
D1_N1	0.10014010114	1	2	1	117	117	0	A	A
D1_N1	0.100566093149	1	2	1	168	168	0	A	A
D1_N1	0.110012930072	2	1	1	18	18	0	A	A
D1_N1	0.110207531882	1	2	1	204	204	0	T	T
D1_N1	0.117693199832	2	1	1	76	76	1	T	G
D1_N1	0.123930574072	1	2	1	139	139	0	T	T
D1_N1	0.124742197458	1	2	1	104	104	1	G	C
D1_N1	0.12817424697	1	2	1	31	31	0	A	A
D1_N1	0.130645325382	2	1	1	158	158	1	T	A
D1_N1	0.131977039038	2	1	1	205	205	0	A	A
D1_N1	0.132052931854	1	2	1	174	174	0	T	T
D1_N1	0.134495902688	2	1	1	172	172	0	A	A
D1_N1	0.136140730883	1	2	1	66	66	0	A	A
D1_N1	0.136677412103	1	2	1	57	57	1	T	A
D1_N1	0.144784318304	1	2	1	108	108	1	T	G
D1_N1	0.15343726487	1	2	1	106	106	0	T	T
D1_N1	0.155529506894	2	1	1	105	105	0	T	T
D1_N1	0.159894868227	1	2	1	5	5	1	A	T
D1_N1	0.177604133525	1	2	1	167	167	1	A	G
D1_N1	0.179249022623	2	1	1	6	6	0	G	G
D1_N1	0.185076803231	1	2	1	17	17	0	T	T
D1_N1	0.194173902407	2	1	1	129	129	0	G	G
D1_N1	0.196030779512	1	2	1	21	21	0	C	C
D1_N1	0.198140477758	2	1	1	95	95	0	G	G
D1_N1	0.202691365346	1	2	1	23	23	0	C	C
D1_N1	0.207897604822	1	2	1	169	169	1	C	A
D1_N1	0.214342264198	2	1	1	177	177	1	T	A
D1_N1	0.215467584507	1	2	1	135	135	0	A	A
D1_N1	0.215897510415	2	1	1	208	208	0	G	G
D1_N1	0.216949889556	2	1	1	8	8	0	G	G
D1_N1	0.225120546555	2	1	1	132	132	0	T	T
D1_N1	0.230548568413	1	2	1	192	192	1	T	C
N1_N2	0.00943105587795	2	1	1	23	23	0	C	C
N1_N2	0.0149874910191	1	2	1	142	142	0	G	G
N2_N3	0.00187388084761	2	1	1	16	16	0	A	A
N2_N3	0.00372562672596	2	1	1	87	87	1	C	A
N3_N4	0.00804794483841	1	2	1	194	194	1	A	G
N4_Chimp	0.00940815600098	1	2	1	42	42	1	G	A
N4_Chimp	0.0095764742791	1	2	1	166	166	0	A	A
N3_Goril	0.000741912875514	2	1	1	143	143	0	G	G
N3_Goril	0.00861457584766	2	1	1	175	175	1	G	C
N3_Goril	0.0111749982517	2	1	1	178	178	0	G	G
N3_Goril	0.0117390520857	1	2	1	51	51	0	C	C
N3_Goril	0.0188971621233	1	2	1	161	161	0	A	A
N3_Goril	0.0199735617063	1	2	1	197	197	0	C	C
N2_Orang	0.00138800260379	1	2	1	152	152	0	C	C
N1_Macaq	0.00066554448998	1	2	1	152	152	0	C	C
N1_Macaq	0.00237199586807	1	2	1	90	90	1	A	T
N1_Macaq	0.0107425474735	1	2	1	16	16	0	A	A
N1_Macaq	0.0133771739257	1	2	1	185	185	0	T	T
N1_Macaq	0.0144981425441	1	2	1	112	112	0	A	A
N1_Macaq	0.0171938107507	2	1	1	72	72	0	A	A
N1_Macaq	0.0284382949196	1	2	1	112	112	0	A	A
