edge	time	orlg_from	orlg_to	tract_length	start_pos	stop_pos	num_diff	template_seq	overide_seq
D1_N1	0.00188936239836	2	1	1	447	447	0	A	A
D1_N1	0.00232924159249	1	2	1	317	317	0	T	T
D1_N1	0.0025055008524	2	1	1	11	11	0	A	A
D1_N1	0.00790924286854	2	1	1	131	131	0	G	G
D1_N1	0.00985850404506	2	1	1	507	507	0	A	A
D1_N1	0.0129899614765	1	2	1	127	127	0	C	C
D1_N1	0.0133836566855	1	2	1	487	487	0	C	C
D1_N1	0.0136398540988	1	2	1	564	564	0	G	G
D1_N1	0.0138671038313	2	1	1	662	662	0	T	T
D1_N1	0.0156533645028	2	1	1	58	58	0	T	T
D1_N1	0.0156675257466	1	2	1	203	203	0	C	C
D1_N1	0.0185142210885	2	1	1	500	500	0	C	C
D1_N1	0.0196509022751	1	2	1	502	502	1	G	C
D1_N1	0.0199535379237	1	2	1	627	627	0	A	A
D1_N1	0.0201207431915	2	1	1	443	443	0	A	A
D1_N1	0.0242674746471	1	2	1	176	176	0	C	C
D1_N1	0.0246966792571	1	2	1	301	301	0	A	A
D1_N1	0.0282413026016	1	2	1	345	345	0	A	A
D1_N1	0.0296789088563	2	1	1	500	500	0	C	C
D1_N1	0.030208487351	1	2	1	516	516	0	A	A
D1_N1	0.0302497449859	1	2	1	29	29	0	G	G
D1_N1	0.0321358628718	1	2	1	262	262	0	G	G
D1_N1	0.032318475461	2	1	1	119	119	0	T	T
D1_N1	0.0330433839028	1	2	1	577	577	1	T	C
D1_N1	0.0340289201859	1	2	1	458	458	0	T	T
D1_N1	0.0348856202451	1	2	1	421	421	0	A	A
D1_N1	0.0383780962418	1	2	1	190	190	0	G	G
D1_N1	0.040392328895	2	1	1	452	452	0	T	T
D1_N1	0.0412799241215	2	1	1	329	329	0	T	T
D1_N1	0.0457691423746	2	1	1	26	26	0	G	G
D1_N1	0.0459184912153	1	2	1	183	183	0	G	G
D1_N1	0.0477979896744	2	1	1	549	549	0	C	C
D1_N1	0.0517359992668	1	2	1	120	120	0	T	T
D1_N1	0.0530093040635	1	2	1	306	306	0	A	A
D1_N1	0.0532440928627	1	2	1	639	639	0	C	C
D1_N1	0.0532679184337	2	1	1	518	518	0	C	C
D1_N1	0.056474057788	1	2	1	620	620	0	T	T
D1_N1	0.056803015891	1	2	1	275	275	0	G	G
D1_N1	0.0577952487365	2	1	1	138	138	0	A	A
D1_N1	0.0586186054673	2	1	1	330	330	1	A	T
D1_N1	0.0622269606126	2	1	1	596	596	0	A	A
D1_N1	0.070036517828	2	1	1	454	454	0	T	T
D1_N1	0.0715452406244	1	2	1	250	250	0	G	G
D1_N1	0.0755938191368	2	1	1	518	518	0	C	C
D1_N1	0.076069341253	2	1	1	426	426	1	C	T
D1_N1	0.0767182510046	2	1	1	235	235	1	T	C
D1_N1	0.079748836936	1	2	1	658	658	0	C	C
D1_N1	0.0821326590438	2	1	1	48	48	0	C	C
D1_N1	0.0890221684632	2	1	1	127	127	0	C	C
D1_N1	0.0904533800358	2	1	1	441	441	0	T	T
D1_N1	0.0909499645274	1	2	1	352	352	0	A	A
D1_N1	0.0950490641032	1	2	1	291	291	0	T	T
D1_N1	0.0958901955253	2	1	1	370	370	1	C	T
D1_N1	0.096070404826	1	2	1	574	574	0	A	A
D1_N1	0.0963753630161	2	1	1	437	437	1	C	A
D1_N1	0.0970967350632	1	2	1	263	263	0	T	T
D1_N1	0.0993779392822	2	1	1	325	325	0	G	G
D1_N1	0.100051860153	2	1	1	446	446	0	T	T
D1_N1	0.101901489431	1	2	1	85	85	0	G	G
D1_N1	0.104535533759	1	2	1	447	447	0	A	A
D1_N1	0.105174891817	1	2	1	397	397	0	G	G
D1_N1	0.105184673383	1	2	1	90	90	0	C	C
D1_N1	0.106104586475	1	2	1	410	410	0	T	T
D1_N1	0.107188078443	2	1	1	545	545	1	A	C
D1_N1	0.107218277515	1	2	1	562	562	0	C	C
D1_N1	0.109587439007	1	2	1	339	339	1	C	T
D1_N1	0.111120679915	2	1	1	479	479	1	C	A
D1_N1	0.113284370169	1	2	1	1	1	0	A	A
D1_N1	0.115194837064	2	1	1	388	388	0	T	T
D1_N1	0.116290195168	2	1	1	461	461	0	G	G
D1_N1	0.117436188415	2	1	1	425	425	1	T	C
D1_N1	0.118096575768	2	1	1	549	549	1	T	C
D1_N1	0.118113938969	1	2	1	115	115	1	T	C
D1_N1	0.118398889298	2	1	1	25	25	1	C	T
D1_N1	0.120832182072	2	1	1	152	152	0	T	T
D1_N1	0.121397611943	2	1	1	4	4	1	T	C
D1_N1	0.122387898192	1	2	1	498	498	0	A	A
D1_N1	0.122468640425	1	2	1	291	291	0	T	T
D1_N1	0.122578151801	2	1	1	26	26	0	G	G
D1_N1	0.122833905606	2	1	1	572	572	0	C	C
D1_N1	0.123743985407	2	1	1	406	406	0	A	A
D1_N1	0.126754068285	1	2	1	186	186	0	G	G
D1_N1	0.127231942821	2	1	1	250	250	1	G	A
D1_N1	0.127742989417	2	1	1	261	261	0	C	C
D1_N1	0.129037491906	2	1	1	87	87	0	T	T
D1_N1	0.129684833349	2	1	1	198	198	0	T	T
D1_N1	0.13024126643	2	1	1	334	334	0	G	G
D1_N1	0.134195305409	2	1	1	12	12	0	A	A
D1_N1	0.136177778446	2	1	1	127	127	0	C	C
D1_N1	0.136870226503	1	2	1	39	39	0	A	A
D1_N1	0.137107671313	2	1	1	676	676	0	T	T
D1_N1	0.139456358184	2	1	1	444	444	0	A	A
D1_N1	0.140162378145	2	1	1	397	397	0	G	G
D1_N1	0.140195204846	2	1	1	482	482	0	G	G
D1_N1	0.141727283156	1	2	1	223	223	0	C	C
D1_N1	0.143149729275	1	2	1	420	420	1	C	T
D1_N1	0.143621806863	1	2	1	342	342	0	T	T
D1_N1	0.14390075448	2	1	1	299	299	0	T	T
D1_N1	0.146197717438	1	2	1	25	25	0	C	C
D1_N1	0.149809718244	2	1	1	343	343	0	T	T
D1_N1	0.152207039251	2	1	1	220	220	1	T	C
D1_N1	0.153604072646	1	2	1	481	481	0	A	A
D1_N1	0.157012028435	1	2	1	401	401	0	A	A
D1_N1	0.157156152121	2	1	1	622	622	0	T	T
D1_N1	0.160183009547	2	1	1	377	377	0	C	C
D1_N1	0.163916388753	1	2	1	484	484	1	T	G
D1_N1	0.164870035649	1	2	1	198	198	0	T	T
D1_N1	0.167325605072	1	2	1	645	645	0	T	T
D1_N1	0.168953890307	2	1	1	278	278	1	A	C
D1_N1	0.169244988055	1	2	1	457	457	1	A	G
D1_N1	0.170713381997	2	1	1	288	288	0	A	A
D1_N1	0.170726942986	2	1	1	312	312	1	C	A
D1_N1	0.173283084601	1	2	1	401	401	0	A	A
D1_N1	0.173921127302	2	1	1	429	429	0	G	G
D1_N1	0.175473976943	2	1	1	166	166	1	T	A
D1_N1	0.178114601764	2	1	1	388	388	0	T	T
D1_N1	0.178965801687	2	1	1	89	89	0	T	T
D1_N1	0.186659142378	1	2	1	428	428	0	T	T
D1_N1	0.187264571581	1	2	1	94	94	0	A	A
D1_N1	0.194519429757	2	1	1	461	461	1	G	A
D1_N1	0.195958114092	2	1	1	94	94	0	A	A
D1_N1	0.196673466955	2	1	1	317	317	0	T	T
D1_N1	0.198427168407	1	2	1	424	424	0	T	T
D1_N1	0.200818573223	1	2	1	31	31	0	T	T
D1_N1	0.202606449434	1	2	1	167	167	1	G	A
D1_N1	0.203114513756	2	1	1	191	191	0	A	A
D1_N1	0.205432762161	1	2	1	212	212	0	A	A
D1_N1	0.205907722891	2	1	1	93	93	0	G	G
D1_N1	0.206467333113	2	1	1	9	9	0	T	T
D1_N1	0.210452280715	1	2	1	588	588	0	A	A
D1_N1	0.211330945041	1	2	1	235	235	0	T	T
D1_N1	0.212176966611	1	2	1	547	547	0	G	G
D1_N1	0.212205229715	1	2	1	392	392	0	C	C
D1_N1	0.214095124462	2	1	1	583	583	0	A	A
D1_N1	0.216781897777	1	2	1	417	417	0	C	C
D1_N1	0.216828301334	1	2	1	177	177	1	T	G
D1_N1	0.216880415992	1	2	1	240	240	0	A	A
D1_N1	0.217526717809	1	2	1	4	4	0	T	T
D1_N1	0.217973313763	1	2	1	169	169	1	A	T
D1_N1	0.220302993998	1	2	1	254	254	1	T	A
D1_N1	0.223423391533	2	1	1	430	430	0	T	T
D1_N1	0.229123279371	2	1	1	397	397	0	G	G
D1_N1	0.229690913486	1	2	1	424	424	0	T	T
D1_N1	0.231616763189	2	1	1	237	237	0	C	C
D1_N1	0.231914723785	1	2	1	44	44	0	T	T
D1_N1	0.233009210074	2	1	1	451	451	1	A	G
D1_N1	0.233066956887	2	1	1	217	217	0	C	C
D1_N1	0.233632923134	1	2	1	163	163	0	G	G
N1_N2	0.000441486196376	2	1	1	264	264	0	A	A
N1_N2	0.000919723037698	2	1	1	582	582	0	A	A
N1_N2	0.00176438111297	2	1	1	195	195	1	C	T
N1_N2	0.0034356565447	1	2	1	139	139	0	C	C
N1_N2	0.00424304663466	2	1	1	135	135	0	C	C
N1_N2	0.00686768051446	2	1	1	151	151	0	A	A
N1_N2	0.00736806522391	1	2	1	150	150	0	T	T
N1_N2	0.00875687259831	1	2	1	175	175	1	C	T
N1_N2	0.00906286579456	1	2	1	620	620	1	T	C
N1_N2	0.0112321598008	2	1	1	105	105	1	A	G
N1_N2	0.0119038423231	1	2	1	234	234	1	T	G
N2_N3	0.000196677155096	1	2	1	482	482	0	G	G
N2_N3	0.00232023993058	2	1	1	407	407	1	T	C
N2_N3	0.00413291560551	1	2	1	658	658	0	C	C
N2_N3	0.0057874208349	2	1	1	79	79	0	T	T
N3_N4	0.000364216901931	1	2	1	327	327	0	T	T
N3_N4	0.00117302943658	1	2	1	350	350	1	G	T
N3_N4	0.00192674452256	2	1	1	184	184	0	T	T
N3_N4	0.00374536994242	1	2	1	177	177	0	T	T
N3_N4	0.00451837294893	2	1	1	295	295	0	A	A
N3_N4	0.00738219741314	2	1	1	581	581	1	T	G
N3_N4	0.0085025803557	2	1	1	13	13	0	T	T
N4_Human	0.00125026872629	1	2	1	395	395	0	T	T
N4_Human	0.00378222992091	1	2	1	48	48	0	C	C
N4_Human	0.00737863470202	1	2	1	0	0	1	A	G
N4_Human	0.0081212557555	2	1	1	612	612	0	G	G
N4_Human	0.00955339622156	1	2	1	378	378	1	T	C
N4_Chimp	0.000661122645007	2	1	1	33	33	1	A	C
N4_Chimp	0.00157817742656	2	1	1	552	552	0	T	T
N4_Chimp	0.00244693890848	1	2	1	174	174	0	C	C
N4_Chimp	0.00866854987781	1	2	1	355	355	1	C	G
N4_Chimp	0.00893440567511	2	1	1	363	363	1	A	T
N4_Chimp	0.010437619224	2	1	1	568	568	0	A	A
N3_Goril	0.000748443087785	1	2	1	107	107	0	T	T
N3_Goril	0.00217445958637	2	1	1	334	334	0	G	G
N3_Goril	0.00274846053476	2	1	1	634	634	1	G	A
N3_Goril	0.00345856013909	1	2	1	39	39	1	C	A
N3_Goril	0.010807241902	2	1	1	409	409	1	C	G
N3_Goril	0.0123526129482	1	2	1	209	209	1	G	T
N3_Goril	0.0138165649197	2	1	1	300	300	0	T	T
N3_Goril	0.0148120494698	2	1	1	381	381	1	A	G
N3_Goril	0.0185728696751	1	2	1	568	568	0	A	A
N3_Goril	0.0188809164297	2	1	1	274	274	0	T	T
N2_Orang	0.00038959907901	1	2	1	613	613	0	G	G
N2_Orang	0.00199047612	1	2	1	76	76	0	A	A
N2_Orang	0.00323514539844	2	1	1	609	609	1	G	A
N2_Orang	0.00410477268409	2	1	1	348	348	0	T	T
N2_Orang	0.00497066104942	1	2	1	416	416	0	C	C
N2_Orang	0.00894868500757	2	1	1	69	69	0	A	A
N2_Orang	0.0110735700087	2	1	1	368	368	0	C	C
N2_Orang	0.013057969701	2	1	1	244	244	1	C	A
N2_Orang	0.0145172501439	2	1	1	303	303	0	G	G
N2_Orang	0.0169360541129	2	1	1	613	613	0	G	G
N2_Orang	0.0172306470238	2	1	1	60	60	0	T	T
N1_Macaq	0.000103366691125	1	2	1	352	352	0	A	A
N1_Macaq	0.00178223396221	1	2	1	450	450	0	A	A
N1_Macaq	0.00188083621867	2	1	1	213	213	1	G	A
N1_Macaq	0.00196282509325	2	1	1	661	661	0	T	T
N1_Macaq	0.00204942951125	2	1	1	647	647	0	A	A
N1_Macaq	0.00649225244739	1	2	1	342	342	1	C	T
N1_Macaq	0.00723445168251	2	1	1	670	670	1	A	T
N1_Macaq	0.0083241217437	2	1	1	140	140	1	A	G
N1_Macaq	0.00983814322772	2	1	1	248	248	1	G	A
N1_Macaq	0.0103356148872	1	2	1	105	105	1	G	A
N1_Macaq	0.0107965444419	2	1	1	440	440	0	G	G
N1_Macaq	0.0108842371981	2	1	1	28	28	0	A	A
N1_Macaq	0.0135639583573	1	2	1	450	450	0	A	A
N1_Macaq	0.0159856346628	2	1	1	163	163	0	G	G
N1_Macaq	0.0172475547953	1	2	1	176	176	0	C	C
N1_Macaq	0.0182702459601	2	1	1	239	239	0	T	T
N1_Macaq	0.0246075373239	1	2	1	155	155	0	C	C
N1_Macaq	0.0248670041516	1	2	1	166	166	0	T	T
N1_Macaq	0.0260754096069	2	1	1	261	261	0	C	C
N1_Macaq	0.0267945561542	1	2	1	515	515	0	C	C
N1_Macaq	0.0284158622741	2	1	1	476	476	1	A	T
N1_Macaq	0.0291235174486	1	2	1	618	618	0	C	C
N1_Macaq	0.0300985523578	2	1	1	103	103	0	T	T
N1_Macaq	0.0320101461814	1	2	1	46	46	0	T	T
N1_Macaq	0.0323205959678	1	2	1	107	107	1	G	T
N1_Macaq	0.0338525848035	1	2	1	27	27	0	A	A
N1_Macaq	0.0352140344111	1	2	1	418	418	1	T	G
N1_Macaq	0.0374179536923	2	1	1	551	551	1	G	T
N1_Macaq	0.0399334499178	2	1	1	665	665	0	C	C
N1_Macaq	0.0404162338238	1	2	1	229	229	0	G	G
N1_Macaq	0.0408296493581	2	1	1	74	74	1	T	A
N1_Macaq	0.0412105441171	1	2	1	658	658	0	C	C
N1_Macaq	0.0423294829174	2	1	1	209	209	0	T	T
