edge	time	mut_orlg	mut_pos	old_state	new_state
N0_D1	0.000587453014638	0	63	A	T
N0_D1	0.000614322146918	0	1062	C	A
N0_D1	0.00145087205097	0	315	T	C
N0_D1	0.00179243337218	0	405	G	A
N0_D1	0.00179611863051	0	842	C	A
N0_D1	0.00181918003686	0	1128	T	A
N0_D1	0.00193542988818	0	1240	T	C
N0_D1	0.00325820531076	0	1488	A	C
N0_D1	0.00329798528836	0	768	C	G
N0_D1	0.00364761372046	0	455	A	G
N0_D1	0.00434957792946	0	1244	A	C
N0_D1	0.00454604275095	0	887	A	T
N0_D1	0.0053808277493	0	668	G	T
N0_D1	0.00552779490438	0	666	G	A
N0_D1	0.0060268960451	0	330	G	C
N0_D1	0.00693745619159	0	1307	T	C
N0_D1	0.00976274567489	0	606	A	C
N0_D1	0.0101200017484	0	128	C	T
N0_D1	0.0101870632626	0	975	A	G
N0_D1	0.0135459406594	0	1484	C	T
N0_D1	0.0138934861351	0	1126	G	C
N0_D1	0.0140695561031	0	107	A	G
N0_D1	0.0145817290892	0	687	A	T
N0_D1	0.0170518726177	0	523	A	T
N0_D1	0.0172683828453	0	1394	G	A
N0_D1	0.0177345677686	0	1201	T	G
N0_D1	0.0179457766197	0	1335	A	T
N0_D1	0.0182299500044	0	59	T	C
N0_D1	0.0189364386495	0	190	G	A
N0_D1	0.0193047567916	0	834	A	C
N0_D1	0.0197170036608	0	944	T	A
N0_D1	0.0198003236168	0	1003	G	T
N0_D1	0.0207457041403	0	1469	A	G
N0_D1	0.0208025449503	0	207	T	A
N0_D1	0.0208498128197	0	1505	G	A
N0_D1	0.0208533573949	0	1414	G	T
N0_D1	0.0209391786314	0	696	T	G
N0_D1	0.0228714193094	0	1370	C	G
N0_D1	0.0229143157006	0	1223	T	C
N0_D1	0.0230520750608	0	1134	G	T
N0_D1	0.0232685063158	0	15	T	C
N0_D1	0.0246729259293	0	1149	T	A
N0_D1	0.0246851230906	0	270	A	G
N0_D1	0.0249455717625	0	770	A	C
N0_D1	0.0256327312867	0	1497	G	T
N0_D1	0.0269501420248	0	30	G	A
N0_D1	0.0272161231493	0	362	G	A
N0_D1	0.0273112386178	0	1223	C	G
N0_D1	0.0276454177488	0	1274	T	G
N0_D1	0.0277070693687	0	954	G	A
N0_D1	0.0278960383313	0	1054	A	G
N0_D1	0.0302613555904	0	1043	A	T
N0_D1	0.030444830104	0	1135	G	A
N0_D1	0.0310228554677	0	986	C	A
N0_D1	0.0315608587026	0	816	T	C
N0_D1	0.0316774954169	0	748	G	C
N0_D1	0.033414490411	0	147	C	A
N0_D1	0.0336413172299	0	1564	C	T
N0_D1	0.034385892188	0	1232	C	A
N0_D1	0.0352681599611	0	231	T	C
N0_D1	0.0354167117646	0	873	C	T
N0_D1	0.0359618557335	0	1495	C	A
N0_D1	0.0359979734481	0	1415	G	A
N0_D1	0.036649432599	0	68	C	T
N0_D1	0.0388743281354	0	1308	G	C
N0_D1	0.0390935435973	0	441	A	C
N0_D1	0.0407345584316	0	1326	C	T
N0_D1	0.0409330837754	0	1575	T	C
N0_D1	0.0409770960368	0	1520	C	A
N0_D1	0.0416741751495	0	65	C	A
N0_D1	0.0420046497803	0	777	C	A
N0_D1	0.0427214667077	0	390	T	G
N0_D1	0.0451478065268	0	1023	C	A
N0_D1	0.0457428722568	0	104	A	C
N0_D1	0.0457538390648	0	1305	A	T
N0_D1	0.0473542070258	0	1119	G	A
N0_D1	0.0479024562547	0	335	G	T
N0_D1	0.0479948324002	0	725	T	G
N0_D1	0.0487361891401	0	424	C	G
N0_D1	0.048747957757	0	377	T	G
N0_D1	0.049708184294	0	945	G	T
D1_N1	0.000345089954276	2	397	G	C
D1_N1	0.000818293480714	1	429	T	C
D1_N1	0.00082688088863	1	1248	T	A
D1_N1	0.00176849965033	2	124	T	A
D1_N1	0.00180363466573	2	332	T	A
D1_N1	0.00196986071226	2	1081	G	C
D1_N1	0.00264070938483	2	774	T	G
D1_N1	0.003058695882	1	739	T	C
D1_N1	0.003313936964	2	1141	C	A
D1_N1	0.0033299518357	2	675	A	T
D1_N1	0.00360804844969	1	212	G	A
D1_N1	0.00372976251782	1	554	G	A
D1_N1	0.00412199413366	1	1485	A	T
D1_N1	0.00493680874017	2	1314	T	A
D1_N1	0.00499764293151	1	726	G	T
D1_N1	0.00515788016262	2	267	C	G
D1_N1	0.00541209311049	2	641	C	T
D1_N1	0.00599306950114	1	398	C	A
D1_N1	0.00629633100075	2	964	C	T
D1_N1	0.00641997120539	1	286	C	T
D1_N1	0.00655119810506	1	45	G	T
D1_N1	0.006918065205	2	1094	T	A
D1_N1	0.0084963633872	2	561	T	A
D1_N1	0.00989006553324	2	975	G	A
D1_N1	0.0103358554236	2	783	C	A
D1_N1	0.0106605703058	1	658	A	G
D1_N1	0.0110430066156	1	660	C	G
D1_N1	0.0111629338897	1	1212	T	C
D1_N1	0.0111837095039	2	332	A	G
D1_N1	0.0113644070892	2	618	A	T
D1_N1	0.0114716610081	1	1279	T	A
D1_N1	0.0115190914514	2	169	G	A
D1_N1	0.0121484150034	1	846	T	G
D1_N1	0.0125786010273	2	1113	A	C
D1_N1	0.0128371925999	2	1262	T	A
D1_N1	0.0135037488375	2	428	G	T
D1_N1	0.0136972200043	2	611	T	C
D1_N1	0.0142081444385	1	136	T	C
D1_N1	0.0143594421214	1	941	C	T
D1_N1	0.0144877386369	2	678	T	A
D1_N1	0.0144878827572	1	743	A	C
D1_N1	0.0148452828704	1	138	A	T
D1_N1	0.0152853291884	1	412	T	C
D1_N1	0.0154244638409	1	1010	T	G
D1_N1	0.0156464960881	2	1188	G	T
D1_N1	0.0157302005825	1	286	T	G
D1_N1	0.0158288105793	2	233	G	A
D1_N1	0.0161727600801	2	939	A	T
D1_N1	0.0165575384272	2	1503	A	G
D1_N1	0.0172457184554	2	161	G	A
D1_N1	0.0176815125398	2	1053	C	G
D1_N1	0.0176903827161	2	1239	A	G
D1_N1	0.0177942389622	1	1199	C	T
D1_N1	0.018075138324	2	288	C	T
D1_N1	0.0183285569612	1	699	T	G
D1_N1	0.0184967621023	1	381	T	C
D1_N1	0.0192067350733	1	111	G	C
D1_N1	0.019353838855	1	1427	A	G
D1_N1	0.019583367744	2	1301	C	A
D1_N1	0.01959078945	1	702	A	C
D1_N1	0.0198393929561	1	860	T	G
D1_N1	0.0202898024353	2	175	T	C
D1_N1	0.0206614250047	2	998	T	C
D1_N1	0.0211995791088	1	336	T	A
D1_N1	0.0216288880266	2	1237	A	G
D1_N1	0.0217147088934	1	1218	T	A
D1_N1	0.0217482944488	1	398	A	G
D1_N1	0.0222527565078	2	934	C	A
D1_N1	0.0225403528639	1	643	A	G
D1_N1	0.0225884350214	2	67	T	A
D1_N1	0.0231432386488	1	1276	A	C
D1_N1	0.0232534812284	2	1316	A	G
D1_N1	0.0235540794741	2	869	G	T
D1_N1	0.0238471555624	1	1065	A	T
D1_N1	0.0242262755448	1	347	C	T
D1_N1	0.0244505110566	1	989	G	A
D1_N1	0.0248899430813	2	1137	C	A
D1_N1	0.025268921335	2	45	G	A
D1_N1	0.0253558574759	1	120	G	A
D1_N1	0.025902012654	2	1382	A	G
D1_N1	0.0262909997158	2	391	G	A
D1_N1	0.0264605403276	2	1530	C	T
D1_N1	0.0267071247116	2	134	A	T
D1_N1	0.0268423510887	1	535	A	G
D1_N1	0.0271486763835	2	480	C	T
D1_N1	0.027490088713	2	672	G	C
D1_N1	0.0280194780174	1	293	A	G
D1_N1	0.028323271234	1	680	C	T
D1_N1	0.0283762012927	1	541	G	A
D1_N1	0.0289892139703	1	1239	A	T
D1_N1	0.0292435954751	1	250	A	C
D1_N1	0.0295563774614	1	1229	A	T
D1_N1	0.0301678173726	2	1341	G	A
D1_N1	0.0303840684629	2	187	T	G
D1_N1	0.0304131314722	1	1421	T	A
D1_N1	0.030900550105	1	1395	T	A
D1_N1	0.0320702019464	2	90	G	A
D1_N1	0.0323136269183	1	651	A	G
D1_N1	0.0323633451443	2	461	A	T
D1_N1	0.0324100810442	1	279	G	C
D1_N1	0.0325268325025	2	76	C	A
D1_N1	0.032561028106	1	524	G	A
D1_N1	0.0327338499082	2	1551	T	A
D1_N1	0.0328226741103	1	132	T	A
D1_N1	0.0331125242753	1	882	T	G
D1_N1	0.033239813879	2	429	T	C
D1_N1	0.0332547454488	1	1399	A	G
D1_N1	0.0338015447831	1	1025	C	T
D1_N1	0.0342239755016	2	1223	G	A
D1_N1	0.0342458929223	2	891	T	G
D1_N1	0.034401796338	2	690	C	T
D1_N1	0.0344113566903	2	661	T	A
D1_N1	0.0348435902926	2	1426	A	G
D1_N1	0.0351485647901	2	1021	C	G
D1_N1	0.0354811966508	2	20	A	G
D1_N1	0.0358085632919	2	587	A	G
D1_N1	0.0358878705896	1	427	A	G
D1_N1	0.0359643901021	1	242	C	T
D1_N1	0.0359718884216	1	465	G	T
D1_N1	0.0362822521443	2	926	A	C
D1_N1	0.0366508988737	1	888	G	C
D1_N1	0.0367064634816	1	330	C	A
D1_N1	0.0367215955047	1	942	A	T
D1_N1	0.0368015979739	2	1210	C	A
D1_N1	0.0372511832475	1	317	G	C
D1_N1	0.0373287680025	1	1141	C	T
D1_N1	0.0375674819211	2	399	G	A
D1_N1	0.0385383362195	1	905	T	A
D1_N1	0.0392321636798	1	131	A	G
D1_N1	0.0393386441532	1	1428	T	G
D1_N1	0.0394732270032	2	1013	T	A
D1_N1	0.0396535497533	2	1346	C	T
D1_N1	0.0396537348656	1	694	T	C
D1_N1	0.0399616591448	1	1259	C	G
D1_N1	0.0405744920185	1	959	G	A
D1_N1	0.0407830632187	1	435	T	A
D1_N1	0.0412591574225	1	287	G	T
D1_N1	0.0415487192931	1	961	C	T
D1_N1	0.0415759820484	1	769	T	C
D1_N1	0.0416473325335	2	1347	A	C
D1_N1	0.0417389837761	1	1350	T	G
D1_N1	0.0418469735789	1	1225	C	A
D1_N1	0.0422032918262	1	927	C	A
D1_N1	0.0422576870511	2	945	T	A
D1_N1	0.042348374299	2	1247	C	T
D1_N1	0.0423789424694	2	285	A	G
D1_N1	0.0423994296934	1	441	C	T
D1_N1	0.0424211654019	2	1518	C	G
D1_N1	0.0430301307571	1	382	C	T
D1_N1	0.0431143944669	2	1306	C	A
D1_N1	0.0432388137801	1	1199	C	T
D1_N1	0.0433194501306	1	1298	A	G
D1_N1	0.0435208384707	1	775	G	A
D1_N1	0.0437054911528	2	834	C	T
D1_N1	0.0437328542519	1	436	C	T
D1_N1	0.0440650288467	1	937	C	T
D1_N1	0.0440795197474	1	546	T	A
D1_N1	0.0441245283879	2	272	A	T
D1_N1	0.0444293431061	1	584	G	A
D1_N1	0.0445256493884	2	494	T	C
D1_N1	0.0447013390018	2	828	A	T
D1_N1	0.0449548539757	2	1563	T	C
D1_N1	0.0453172410842	1	816	C	T
D1_N1	0.0453633012705	2	532	T	C
D1_N1	0.0456199651259	2	1154	G	T
D1_N1	0.0456400179545	1	397	G	A
D1_N1	0.0458755978261	1	350	C	A
D1_N1	0.0460725420114	2	1182	A	T
D1_N1	0.0464553174339	2	33	C	T
D1_N1	0.047126114793	2	922	A	G
D1_N1	0.0472617723271	1	705	G	C
D1_N1	0.0473228262997	1	1514	G	A
D1_N1	0.0477292069282	2	1309	T	C
D1_N1	0.0489922883189	2	51	A	T
D1_N1	0.0491794302597	2	1065	A	T
D1_N1	0.0491985657515	1	918	A	T
D1_N1	0.0493647717058	1	748	C	T
D1_N1	0.0494755721381	1	1102	C	T
D1_N1	0.0501233718862	1	201	C	A
D1_N1	0.0505846058139	1	218	G	A
D1_N1	0.0506064570923	1	724	C	G
D1_N1	0.0506840754968	1	33	C	A
D1_N1	0.0509440878843	1	461	A	T
D1_N1	0.0520955077848	1	776	G	T
D1_N1	0.0521712664728	2	503	C	G
D1_N1	0.0521930897913	1	193	C	T
D1_N1	0.0522220033208	2	1347	C	T
D1_N1	0.0524592703268	2	784	A	T
D1_N1	0.0530866093506	1	133	A	G
D1_N1	0.0533114203705	1	116	A	G
D1_N1	0.0533559921438	2	571	T	G
D1_N1	0.0533805494361	1	914	G	T
D1_N1	0.053525702163	2	343	G	T
D1_N1	0.0541418069432	2	844	A	G
D1_N1	0.0553717766492	2	559	G	A
D1_N1	0.0554138486497	1	96	T	A
D1_N1	0.0555046376546	1	422	T	C
D1_N1	0.0555831917794	2	477	C	T
D1_N1	0.0562679180012	1	513	C	A
D1_N1	0.056315126623	2	1281	A	G
D1_N1	0.0565409402983	2	196	A	G
D1_N1	0.0567974386465	1	471	T	A
D1_N1	0.0577105709016	1	1358	A	G
D1_N1	0.0578062225019	1	21	T	G
D1_N1	0.0584917602896	2	84	A	T
D1_N1	0.059334979879	2	137	C	T
D1_N1	0.0599370952742	2	1503	G	T
D1_N1	0.0603867934871	2	535	A	T
D1_N1	0.0605476471016	1	194	T	C
D1_N1	0.0606697076701	2	1060	G	A
D1_N1	0.0608269928063	2	962	A	T
D1_N1	0.0608298425865	1	931	A	T
D1_N1	0.0616018139514	2	1416	C	T
D1_N1	0.061849693547	2	1351	G	A
D1_N1	0.0618933369541	1	1125	A	G
D1_N1	0.0620132150749	1	70	T	A
D1_N1	0.0620362674323	1	717	T	G
D1_N1	0.0621077696156	2	278	G	A
D1_N1	0.0621911169122	1	1324	A	T
D1_N1	0.0628736899805	1	568	A	T
D1_N1	0.062941613344	1	1451	T	A
D1_N1	0.0629664219477	2	1233	G	C
D1_N1	0.0638982946613	1	746	T	A
D1_N1	0.0643399775491	1	410	A	T
D1_N1	0.0651998735722	1	375	G	A
D1_N1	0.0659389568563	2	907	C	A
D1_N1	0.0660206893346	2	1113	C	T
D1_N1	0.0661617855391	2	126	G	C
D1_N1	0.0666126493626	1	272	A	G
D1_N1	0.0668228644818	2	1220	C	T
D1_N1	0.0669491294503	1	178	A	T
D1_N1	0.0673566411742	2	1392	C	T
D1_N1	0.0675316181916	1	116	G	A
D1_N1	0.0677922690158	1	546	A	G
D1_N1	0.0678407100223	2	1525	A	C
D1_N1	0.0685159165557	2	36	C	T
D1_N1	0.0689024706378	1	240	C	A
D1_N1	0.0689562926711	2	107	G	A
D1_N1	0.0694194763693	2	735	A	G
D1_N1	0.069508006658	2	249	A	G
D1_N1	0.0695667390517	1	349	G	C
D1_N1	0.0701332771273	1	984	G	A
D1_N1	0.0702277272415	1	634	G	T
D1_N1	0.0709994928689	2	459	A	G
D1_N1	0.0710124195766	2	564	T	A
D1_N1	0.0719915322259	2	254	G	A
D1_N1	0.0721564564921	2	440	G	A
D1_N1	0.0724762180431	1	346	T	C
D1_N1	0.0732413852328	1	377	G	T
D1_N1	0.0736902437283	2	1181	T	A
D1_N1	0.0738467553257	2	1324	A	T
D1_N1	0.0738909708053	1	1516	T	C
D1_N1	0.0738913638904	1	1301	C	A
D1_N1	0.0746210539727	1	1486	C	T
D1_N1	0.0756697513765	1	115	T	C
D1_N1	0.0757661093318	1	332	T	A
D1_N1	0.0759285643452	1	185	C	T
D1_N1	0.076034955629	1	1295	G	A
D1_N1	0.076440445582	2	585	T	A
D1_N1	0.0766349188313	1	188	A	T
D1_N1	0.0769991294501	1	318	A	C
D1_N1	0.0771053261812	1	1189	T	C
D1_N1	0.077655845482	2	675	T	A
D1_N1	0.077729786518	1	775	A	G
D1_N1	0.0779076068148	1	804	G	A
D1_N1	0.0779813987012	2	266	T	C
D1_N1	0.0781175857804	1	1299	T	C
D1_N1	0.0782087708501	2	336	T	G
D1_N1	0.078617029181	1	767	G	A
D1_N1	0.0789651184182	1	1273	A	G
D1_N1	0.0794065585024	1	1383	G	T
D1_N1	0.0794880080619	1	1538	A	T
D1_N1	0.0801186233461	2	250	A	G
D1_N1	0.0807298048328	1	1472	A	G
D1_N1	0.0808945898223	1	1013	T	C
D1_N1	0.080961152282	1	1384	T	A
D1_N1	0.0809937642804	2	681	T	C
D1_N1	0.0812278780603	2	780	A	G
D1_N1	0.0816834249305	1	457	A	G
D1_N1	0.0816960804814	2	1472	A	G
D1_N1	0.0818327058242	2	1166	C	T
D1_N1	0.0818347765743	2	1215	T	A
D1_N1	0.0823940872677	2	1320	A	T
D1_N1	0.0825733258702	2	490	G	A
D1_N1	0.0827692324882	2	55	T	G
D1_N1	0.0830597394733	2	53	T	A
D1_N1	0.0837798927749	2	304	C	G
D1_N1	0.0838115391927	1	841	G	A
D1_N1	0.083834102671	2	1055	G	C
D1_N1	0.0842549371282	1	155	C	T
D1_N1	0.0842998239657	2	1253	G	C
D1_N1	0.0844620344287	2	1350	T	A
D1_N1	0.0846139225021	1	753	C	A
D1_N1	0.084824585168	1	81	A	G
D1_N1	0.0854331659167	1	544	C	T
D1_N1	0.0858482286217	2	878	A	G
D1_N1	0.0862656744046	1	1234	A	G
D1_N1	0.0863021160286	2	1282	C	G
D1_N1	0.0865478353825	2	753	C	T
D1_N1	0.0867817252897	1	836	C	G
D1_N1	0.0868506887579	1	654	A	T
D1_N1	0.0869046635622	2	84	T	A
D1_N1	0.0871473548396	1	44	G	A
D1_N1	0.0871620666477	2	993	T	A
D1_N1	0.0871689338576	2	1011	T	C
D1_N1	0.0872503986125	2	143	G	A
D1_N1	0.0874253807325	2	1275	T	A
D1_N1	0.0877040629442	1	769	C	T
D1_N1	0.0881498718416	2	1105	C	T
D1_N1	0.0882243271232	1	1012	A	T
D1_N1	0.0887181088893	2	803	C	A
D1_N1	0.0887521688659	1	260	A	G
D1_N1	0.0891159890951	1	455	G	A
D1_N1	0.0891340282577	1	676	T	C
D1_N1	0.0893642805195	1	510	C	A
D1_N1	0.0899943373567	2	269	C	A
D1_N1	0.0903300561954	2	1109	G	T
D1_N1	0.0905745321678	1	1185	A	G
D1_N1	0.0906212572595	2	124	A	G
D1_N1	0.0912555640499	1	328	A	C
D1_N1	0.0912614094378	1	181	T	C
D1_N1	0.0916989689818	1	799	T	G
D1_N1	0.0921015332817	2	1444	A	T
D1_N1	0.092252019322	1	1143	T	G
D1_N1	0.0924679852439	2	863	C	A
D1_N1	0.0925147360339	2	1212	T	C
D1_N1	0.0926940139671	2	1520	A	T
D1_N1	0.0927351820574	1	1211	T	A
D1_N1	0.0930928301672	1	682	A	T
D1_N1	0.0935775508337	2	925	G	T
D1_N1	0.0938523808485	1	1117	A	T
D1_N1	0.0941527686139	2	504	G	C
D1_N1	0.0945302483769	2	1272	C	T
D1_N1	0.0948662117463	2	916	C	T
D1_N1	0.0949046573822	2	466	C	G
D1_N1	0.0951518959408	2	84	A	T
D1_N1	0.0961678714463	1	961	T	C
D1_N1	0.096576820317	2	913	A	G
D1_N1	0.0966507008062	2	751	A	T
D1_N1	0.0967480384039	2	169	A	T
D1_N1	0.0969251865452	2	548	G	A
D1_N1	0.0972531864241	2	979	G	C
D1_N1	0.0973725978075	1	1377	T	C
D1_N1	0.0979894513221	2	98	T	C
D1_N1	0.0984101777878	1	516	T	C
D1_N1	0.0984784845158	2	1070	C	G
D1_N1	0.098594936889	2	578	A	G
D1_N1	0.0993859387846	2	1180	C	T
D1_N1	0.09987141564	1	126	G	T
D1_N1	0.100014312314	1	648	T	A
D1_N1	0.101285422036	2	853	A	T
D1_N1	0.101601836747	2	49	C	T
D1_N1	0.101870683457	2	1147	G	C
D1_N1	0.102146890492	1	1261	T	G
D1_N1	0.102238674707	1	390	G	C
D1_N1	0.104328216794	1	591	A	G
D1_N1	0.104366182439	1	632	C	A
D1_N1	0.104395603952	1	1256	G	T
D1_N1	0.10485586334	1	267	C	G
D1_N1	0.10525082141	1	922	A	T
D1_N1	0.105494446742	2	1412	C	G
D1_N1	0.105623361566	2	825	T	C
D1_N1	0.105921913228	2	303	C	G
D1_N1	0.106118820124	2	464	G	T
D1_N1	0.107060684735	1	1162	G	A
D1_N1	0.107502845332	2	778	G	T
D1_N1	0.108141556359	2	351	G	A
D1_N1	0.108210432426	2	300	T	C
D1_N1	0.10824444688	2	1029	T	A
D1_N1	0.108317121112	2	1278	C	T
D1_N1	0.10835110063	2	1104	T	C
D1_N1	0.108797168477	1	1240	C	T
D1_N1	0.109506672595	2	882	T	C
D1_N1	0.110352057872	1	800	T	A
D1_N1	0.110435596994	2	1089	T	C
D1_N1	0.110926762189	2	1059	G	C
D1_N1	0.111170748999	2	236	A	G
D1_N1	0.111802615571	1	1524	G	A
D1_N1	0.111866051944	1	476	T	C
D1_N1	0.112384819064	2	109	G	C
D1_N1	0.11249108637	2	205	T	G
D1_N1	0.113210845941	1	674	T	C
D1_N1	0.113766356695	2	1075	T	G
D1_N1	0.114113097384	2	1421	T	A
D1_N1	0.114397679206	2	990	T	A
D1_N1	0.114776189784	1	117	T	C
D1_N1	0.114781405219	2	1260	G	T
D1_N1	0.11495727907	2	687	T	A
D1_N1	0.114964527469	2	285	G	A
D1_N1	0.115418427376	1	545	T	C
D1_N1	0.115676375584	2	1252	C	A
D1_N1	0.115897242446	2	1205	T	A
D1_N1	0.115966153517	1	245	A	T
D1_N1	0.115989544923	2	855	C	T
D1_N1	0.116536935048	1	988	C	T
D1_N1	0.116681245245	2	1016	G	A
D1_N1	0.117544678795	2	456	A	G
D1_N1	0.118142757756	1	111	C	T
D1_N1	0.11856019888	2	1367	C	A
D1_N1	0.11866278278	1	12	G	C
D1_N1	0.118896541314	1	643	G	A
D1_N1	0.119169009501	2	285	A	T
D1_N1	0.119239579092	2	910	G	C
D1_N1	0.119456932974	1	169	G	A
D1_N1	0.119602837259	1	365	G	A
D1_N1	0.11961740499	1	13	G	A
D1_N1	0.119685868047	1	1203	T	C
D1_N1	0.119835339932	1	857	G	T
D1_N1	0.120151590616	2	129	T	C
D1_N1	0.120315993453	2	1325	G	A
D1_N1	0.120362923866	1	1076	T	C
D1_N1	0.120516764166	2	270	G	C
D1_N1	0.120965661273	2	325	G	A
D1_N1	0.121017508995	2	1549	G	C
D1_N1	0.121058771486	1	1076	C	A
D1_N1	0.121231483391	1	1109	G	T
D1_N1	0.121238783149	2	605	C	T
D1_N1	0.121343532844	1	1031	A	G
D1_N1	0.121760280322	2	1456	T	A
D1_N1	0.122076149836	2	644	T	G
D1_N1	0.122314976362	1	1453	A	G
D1_N1	0.122472889502	2	1324	T	C
D1_N1	0.122753133594	1	766	C	T
D1_N1	0.123077728903	1	64	T	G
D1_N1	0.123148056641	1	893	A	C
D1_N1	0.12348186419	2	653	A	C
D1_N1	0.12377151987	2	252	T	A
D1_N1	0.124184174719	2	852	C	T
D1_N1	0.124494869839	1	939	A	G
D1_N1	0.124514945604	2	168	A	G
D1_N1	0.124931115016	1	1227	C	G
D1_N1	0.124933719493	1	1371	T	A
D1_N1	0.124950612221	2	777	A	T
D1_N1	0.125110353586	2	200	T	A
D1_N1	0.125576168197	2	569	C	A
D1_N1	0.126476570626	1	1543	C	T
D1_N1	0.126562803687	1	516	C	A
D1_N1	0.126805456763	1	469	T	C
D1_N1	0.127318062618	1	819	G	C
D1_N1	0.12858289216	2	982	T	C
D1_N1	0.129033974787	2	38	A	T
D1_N1	0.12916474075	2	1468	T	C
D1_N1	0.12917379279	1	862	T	C
D1_N1	0.129193219212	2	17	C	T
D1_N1	0.129899272253	2	1397	A	G
D1_N1	0.130004507574	2	1211	T	C
D1_N1	0.130658791971	1	57	A	C
D1_N1	0.13105018695	2	123	C	A
D1_N1	0.131296370755	1	285	A	G
D1_N1	0.131709287538	2	124	G	T
D1_N1	0.133154175495	2	536	G	T
D1_N1	0.13331046665	2	415	G	A
D1_N1	0.134322399121	1	1505	A	C
D1_N1	0.134642768522	2	1488	C	T
D1_N1	0.134661865399	2	538	C	T
D1_N1	0.134698077792	2	565	T	G
D1_N1	0.134781423542	1	1295	A	G
D1_N1	0.135175990123	2	192	A	T
D1_N1	0.135246904673	1	701	C	T
D1_N1	0.13541089316	1	292	T	C
D1_N1	0.135565324197	2	1119	A	G
D1_N1	0.135771555098	2	1458	T	C
D1_N1	0.135998495599	2	905	T	A
D1_N1	0.13630232834	2	1084	A	G
D1_N1	0.136422946094	2	607	A	G
D1_N1	0.136456909071	2	1105	C	T
D1_N1	0.13711457937	1	192	A	G
D1_N1	0.137158190185	2	367	C	T
D1_N1	0.137187779233	2	1385	A	T
D1_N1	0.137448448791	1	1299	C	T
D1_N1	0.137750584564	1	606	C	G
D1_N1	0.137757315372	2	237	G	C
D1_N1	0.137815448317	1	489	C	T
D1_N1	0.13811553883	2	346	T	A
D1_N1	0.138241811998	1	979	G	A
D1_N1	0.138856235713	2	240	C	T
D1_N1	0.139107410938	1	1050	C	T
D1_N1	0.139283581927	1	789	C	G
D1_N1	0.140050332091	2	31	C	T
D1_N1	0.140071944578	2	1488	T	C
D1_N1	0.140207108003	2	1569	C	T
D1_N1	0.140543329373	1	1509	A	G
D1_N1	0.140798608694	1	447	A	C
D1_N1	0.140949429341	2	143	A	T
D1_N1	0.141134717127	1	682	T	C
D1_N1	0.141147452139	1	369	A	G
D1_N1	0.141367076015	1	37	C	T
D1_N1	0.14153148294	2	463	A	T
D1_N1	0.141791486867	2	1031	A	C
D1_N1	0.142026023655	2	196	G	A
D1_N1	0.14212100118	1	1328	G	A
D1_N1	0.142278880897	2	320	T	A
D1_N1	0.14233290867	2	506	G	A
D1_N1	0.142639983771	1	310	T	C
D1_N1	0.142735085738	2	274	A	C
D1_N1	0.142818146993	2	1352	T	G
D1_N1	0.142828323525	2	1263	C	T
D1_N1	0.143234069441	2	956	A	C
D1_N1	0.143531792041	2	1026	A	C
D1_N1	0.143765653986	2	141	A	C
D1_N1	0.14389034566	2	429	C	T
D1_N1	0.143932783033	1	901	G	A
D1_N1	0.144650828384	2	454	T	G
D1_N1	0.144703075669	2	527	T	C
D1_N1	0.145246517017	1	496	A	T
D1_N1	0.145270413134	2	1175	C	T
D1_N1	0.145294593926	2	454	G	A
D1_N1	0.145456058345	1	1229	T	A
D1_N1	0.147221049125	2	922	G	A
D1_N1	0.147596069268	1	22	C	A
D1_N1	0.147625238394	2	1174	T	C
D1_N1	0.147880320911	1	393	C	G
D1_N1	0.147887054905	2	1572	T	C
D1_N1	0.148034545609	2	413	T	A
D1_N1	0.148439416372	2	708	G	C
D1_N1	0.148543450203	1	1553	G	C
D1_N1	0.148574900432	2	339	G	A
D1_N1	0.148634441074	2	174	T	G
D1_N1	0.148920846068	1	846	G	C
D1_N1	0.149007365038	2	636	C	A
D1_N1	0.149042123669	1	500	C	T
D1_N1	0.149073778352	2	357	C	A
D1_N1	0.14961623461	1	868	T	C
D1_N1	0.14969860051	1	1009	G	A
D1_N1	0.14989717204	2	1530	T	C
D1_N1	0.150441321188	2	949	C	T
D1_N1	0.150889143057	1	887	T	A
D1_N1	0.152521661044	1	1518	C	A
D1_N1	0.153269555502	2	1393	T	A
D1_N1	0.153346597948	2	389	A	G
D1_N1	0.155883653362	1	816	T	C
D1_N1	0.155934855745	2	7	G	A
D1_N1	0.15595954343	2	566	G	A
D1_N1	0.155995375464	2	1153	C	T
D1_N1	0.156222122061	2	1429	T	C
D1_N1	0.156275656023	2	1497	T	G
D1_N1	0.156504731653	2	1574	G	A
D1_N1	0.157455999404	2	606	C	A
D1_N1	0.158181753775	2	1100	A	T
D1_N1	0.158304577879	1	1217	A	C
D1_N1	0.158846115534	2	70	T	C
D1_N1	0.158875615421	1	646	G	A
D1_N1	0.159102994403	2	180	C	T
D1_N1	0.159116135171	2	1393	A	C
D1_N1	0.159144583453	2	22	C	T
D1_N1	0.159429392273	2	637	A	C
D1_N1	0.159576143252	1	31	C	T
D1_N1	0.15967415933	1	640	A	G
D1_N1	0.160190784734	2	91	C	T
D1_N1	0.160650940822	2	1403	A	T
D1_N1	0.160665599385	1	1319	T	C
D1_N1	0.161148668062	2	1334	T	C
D1_N1	0.161591961002	2	700	A	G
D1_N1	0.161799886169	2	697	G	A
D1_N1	0.162176640544	1	366	T	G
D1_N1	0.162313055713	2	1129	A	T
D1_N1	0.163409588175	1	155	T	C
D1_N1	0.163815549885	2	1102	C	T
D1_N1	0.163850562299	1	1465	C	T
D1_N1	0.163883118106	2	613	T	C
D1_N1	0.164330323759	1	519	G	C
D1_N1	0.16433803637	2	492	G	C
D1_N1	0.164421980007	1	1388	T	G
D1_N1	0.164826118297	2	507	T	A
D1_N1	0.164891670418	1	1544	A	C
D1_N1	0.165099530933	1	696	G	A
D1_N1	0.16531469709	2	944	A	T
D1_N1	0.166389288986	2	8	T	A
D1_N1	0.167026561875	2	1168	G	A
D1_N1	0.167678282836	1	1169	C	G
D1_N1	0.167811336359	2	987	T	C
D1_N1	0.168656166689	1	886	T	G
D1_N1	0.16918082282	2	941	T	G
D1_N1	0.169647053877	1	1074	C	G
D1_N1	0.170369392908	2	1039	A	T
D1_N1	0.170857138915	2	830	C	A
D1_N1	0.171133307203	2	427	A	T
D1_N1	0.171180535175	2	161	A	T
D1_N1	0.171673729493	1	1044	T	A
D1_N1	0.171934256182	1	1256	T	A
D1_N1	0.172212760091	1	266	T	A
D1_N1	0.172444247548	1	83	C	T
D1_N1	0.172577768961	2	428	T	A
D1_N1	0.172897903752	1	641	C	T
D1_N1	0.172979839661	2	550	G	T
D1_N1	0.173104073221	1	379	T	G
D1_N1	0.17327448093	2	972	A	G
D1_N1	0.173500432335	2	1045	A	G
D1_N1	0.173631913602	1	59	C	T
D1_N1	0.173638277883	2	147	A	G
D1_N1	0.173653717362	2	1351	A	T
D1_N1	0.174151135349	2	325	G	A
D1_N1	0.17431476121	1	695	C	T
D1_N1	0.174493431765	1	730	G	A
D1_N1	0.175063040217	1	911	G	C
D1_N1	0.175951706384	1	625	C	T
D1_N1	0.176422340707	1	1479	G	A
D1_N1	0.176461371832	2	695	C	A
D1_N1	0.176751633805	2	616	A	T
D1_N1	0.177093389586	1	1355	A	T
D1_N1	0.17710431181	1	50	T	C
D1_N1	0.177505054719	1	1102	T	C
D1_N1	0.177561176552	1	1165	C	A
D1_N1	0.179082913761	2	247	T	C
D1_N1	0.179714330394	2	1091	C	T
D1_N1	0.180597014261	2	599	G	A
D1_N1	0.180678244971	1	1393	T	A
D1_N1	0.180698373503	1	775	G	A
D1_N1	0.181255896548	1	489	T	C
D1_N1	0.181892705208	1	1132	C	A
D1_N1	0.182290716614	2	1505	A	G
D1_N1	0.182931753579	2	1387	G	A
D1_N1	0.183027859347	2	843	G	C
D1_N1	0.183364016659	1	394	C	T
D1_N1	0.184067210769	2	1099	C	T
D1_N1	0.184567627568	1	609	T	C
D1_N1	0.184877010657	2	948	A	T
D1_N1	0.185075412202	2	934	A	C
D1_N1	0.185205145018	1	1470	C	T
D1_N1	0.185493749668	2	335	T	C
D1_N1	0.185705962204	1	969	G	A
D1_N1	0.186788822648	1	708	G	A
D1_N1	0.18773164617	1	1484	T	G
D1_N1	0.188846124826	2	1477	G	A
D1_N1	0.190065001227	1	53	T	A
D1_N1	0.190238082931	2	878	G	A
D1_N1	0.190302820662	1	1064	A	T
D1_N1	0.190770573144	2	340	C	A
D1_N1	0.190795112567	2	877	T	A
D1_N1	0.191131910501	1	1026	A	G
D1_N1	0.191355329381	1	213	C	T
D1_N1	0.191384837969	1	416	C	G
D1_N1	0.19148717961	1	1097	A	C
D1_N1	0.191642424543	1	1118	C	T
D1_N1	0.191960329541	2	989	G	T
D1_N1	0.192319077584	2	1077	G	A
D1_N1	0.192750002408	2	1188	T	C
D1_N1	0.193145474175	2	1454	C	T
D1_N1	0.193268036582	2	173	T	G
D1_N1	0.193668854644	2	248	T	A
D1_N1	0.19489551394	2	1421	A	G
D1_N1	0.196022667458	2	364	G	A
D1_N1	0.198272607186	2	130	G	A
D1_N1	0.198389977029	2	1003	T	C
D1_N1	0.198626640891	2	2	A	G
D1_N1	0.198751237904	2	1524	G	C
D1_N1	0.19933777086	1	378	A	C
D1_N1	0.200211952739	1	168	A	C
D1_N1	0.200674960687	2	77	T	C
D1_N1	0.200785120872	1	919	C	G
D1_N1	0.201085232701	2	787	T	C
D1_N1	0.201232732097	1	252	T	A
D1_N1	0.201704804566	1	1559	T	C
D1_N1	0.202005840665	1	220	C	T
D1_N1	0.20202825873	1	532	T	G
D1_N1	0.202146611328	2	923	A	G
D1_N1	0.202893915695	2	1503	T	G
D1_N1	0.203629810856	1	1261	G	C
D1_N1	0.203717973231	2	308	T	G
D1_N1	0.204019768835	1	1322	G	C
D1_N1	0.204323609132	1	950	A	G
D1_N1	0.205108620375	2	1325	A	C
D1_N1	0.206147270608	2	168	G	T
D1_N1	0.206283022705	1	904	T	G
D1_N1	0.206479574777	1	52	A	T
D1_N1	0.206670682312	1	459	A	C
D1_N1	0.207007095189	1	1490	C	T
D1_N1	0.207056997878	2	518	C	A
D1_N1	0.207628935839	2	1413	A	G
D1_N1	0.207740803352	1	800	A	T
D1_N1	0.207944509154	1	874	A	G
D1_N1	0.208373500751	1	600	A	T
D1_N1	0.208856186196	2	842	A	G
D1_N1	0.208908413175	1	1426	A	C
D1_N1	0.20890932753	1	485	T	C
D1_N1	0.209008700304	1	1301	A	G
D1_N1	0.209582773556	2	257	G	A
D1_N1	0.210236443254	1	438	T	C
D1_N1	0.210619587249	1	1297	C	T
D1_N1	0.212294858221	1	390	C	T
D1_N1	0.21318742431	1	407	C	A
D1_N1	0.213233110759	1	1166	C	G
D1_N1	0.214178507183	1	1489	A	T
D1_N1	0.21441495751	2	1238	G	A
D1_N1	0.214557453045	1	1545	T	A
D1_N1	0.214624891429	1	1386	G	A
D1_N1	0.214695895354	1	1288	C	A
D1_N1	0.214852188271	1	585	T	C
D1_N1	0.215171384391	1	568	T	C
D1_N1	0.215191011667	2	1078	A	C
D1_N1	0.215833977629	2	1242	C	G
D1_N1	0.216913982735	1	1263	C	G
D1_N1	0.217027637062	2	1393	C	T
D1_N1	0.21802737603	2	1396	A	C
D1_N1	0.218170984065	2	817	C	T
D1_N1	0.218549804897	2	297	G	A
D1_N1	0.218652157794	2	1209	C	T
D1_N1	0.219460206823	1	769	T	C
D1_N1	0.219727796362	1	55	T	C
D1_N1	0.220162268045	2	607	G	T
D1_N1	0.22052155944	1	275	A	G
D1_N1	0.220568785048	2	504	C	T
D1_N1	0.220689301018	2	1228	G	A
D1_N1	0.2206993653	2	1171	T	G
D1_N1	0.220756110265	2	759	T	C
D1_N1	0.22162700916	1	1233	C	A
D1_N1	0.22184219984	1	734	A	G
D1_N1	0.222114133731	1	885	T	C
D1_N1	0.222801735011	1	506	G	A
D1_N1	0.223296762549	1	98	T	C
D1_N1	0.223312786533	2	39	A	G
D1_N1	0.223367443394	1	158	T	C
D1_N1	0.223401419498	2	1529	T	G
D1_N1	0.223434007591	1	30	A	C
D1_N1	0.223438498412	2	1065	T	C
D1_N1	0.224588953296	1	1088	A	C
D1_N1	0.224634496976	1	1151	G	T
D1_N1	0.224900494738	1	687	T	G
D1_N1	0.225099644629	1	1552	T	A
D1_N1	0.225133327611	2	723	A	C
D1_N1	0.225506572714	1	1463	C	T
D1_N1	0.225724628535	2	472	A	G
D1_N1	0.226535861139	2	0	T	C
D1_N1	0.2271183682	2	833	A	G
D1_N1	0.228464362473	1	1350	A	G
D1_N1	0.230144547156	1	1401	T	G
D1_N1	0.230426314674	1	546	G	T
D1_N1	0.230719715276	2	433	G	A
D1_N1	0.230753096376	1	1155	T	C
D1_N1	0.231086928153	2	928	T	C
D1_N1	0.231142848135	1	1158	A	T
D1_N1	0.232131893014	2	1517	T	A
D1_N1	0.232752127626	1	1487	T	C
D1_N1	0.233554714864	2	1061	A	C
D1_N1	0.233718996285	2	984	G	T
D1_N1	0.233827142301	1	742	T	A
N1_N2	0.000268270352518	2	1553	G	A
N1_N2	0.000279235560068	1	1429	T	A
N1_N2	0.000546939126935	2	34	A	C
N1_N2	0.00079363700573	1	1495	A	T
N1_N2	0.000996540161589	1	1559	C	T
N1_N2	0.00106982496307	2	852	T	C
N1_N2	0.00120494244957	1	1354	A	T
N1_N2	0.00120682045403	1	1548	T	G
N1_N2	0.0021600474069	2	797	A	T
N1_N2	0.00282170500513	2	1385	T	G
N1_N2	0.00298283323181	1	309	G	T
N1_N2	0.00316806561679	1	944	A	C
N1_N2	0.00326323085019	1	40	A	G
N1_N2	0.00357079642447	1	215	T	C
N1_N2	0.00365500305945	1	493	T	C
N1_N2	0.00367225960844	1	234	A	G
N1_N2	0.00381833727354	2	125	A	T
N1_N2	0.00383345401056	1	1147	G	A
N1_N2	0.00387284633433	2	1436	G	A
N1_N2	0.00394537984729	2	1475	A	T
N1_N2	0.004001899521	1	1426	C	T
N1_N2	0.00461757594323	2	639	A	G
N1_N2	0.00474821349193	2	1347	T	A
N1_N2	0.00493352547827	1	819	C	T
N1_N2	0.00500098100606	1	176	G	T
N1_N2	0.00534505460912	1	486	G	A
N1_N2	0.00554211637076	2	779	T	A
N1_N2	0.00567078395979	2	692	G	A
N1_N2	0.00603771919329	2	690	T	A
N1_N2	0.00608016671792	1	879	G	T
N1_N2	0.00634109440638	1	152	A	G
N1_N2	0.00673530264028	2	1080	A	T
N1_N2	0.00713882549243	2	433	A	G
N1_N2	0.00743987396126	1	51	A	G
N1_N2	0.007505530865	2	578	G	A
N1_N2	0.00788566719507	1	34	A	T
N1_N2	0.00801243542228	2	1102	T	C
N1_N2	0.00833402082637	1	751	A	G
N1_N2	0.00871211833144	2	82	C	T
N1_N2	0.00874799831821	2	923	G	A
N1_N2	0.00880691632929	1	346	C	T
N1_N2	0.00911089922447	1	920	G	C
N1_N2	0.00921017873202	2	1376	A	C
N1_N2	0.0102548579644	1	1064	T	C
N1_N2	0.0102833082793	2	1382	G	A
N1_N2	0.0105260039561	1	192	T	C
N1_N2	0.0106046716325	1	480	C	T
N1_N2	0.0108239792514	1	368	A	G
N1_N2	0.011116322786	1	758	A	G
N1_N2	0.0113499889363	2	850	A	G
N1_N2	0.0116885301249	1	827	A	T
N1_N2	0.0117868740044	1	1088	C	T
N1_N2	0.0123982999783	1	1040	G	C
N1_N2	0.0124017186335	2	973	C	G
N1_N2	0.012552874472	1	426	T	C
N1_N2	0.013993415426	1	413	T	C
N1_N2	0.0141252668773	2	253	G	C
N1_N2	0.0147345308225	2	759	C	A
N1_N2	0.0149062270066	2	547	A	T
N1_N2	0.0149968000907	1	236	A	T
N1_N2	0.0152120871056	1	333	A	C
N1_N2	0.015395881175	2	802	G	C
N2_N3	0.000921166158396	1	1385	T	C
N2_N3	0.00152596729005	1	1318	C	G
N2_N3	0.00190974854527	1	707	C	A
N2_N3	0.00228682346062	1	623	C	T
N2_N3	0.00247301355647	1	943	C	T
N2_N3	0.00271680102469	2	1510	T	G
N2_N3	0.00341058313979	2	709	A	C
N2_N3	0.00354209614012	1	1311	T	C
N2_N3	0.00357133673036	1	1434	G	C
N2_N3	0.00359117782578	1	842	G	A
N2_N3	0.00416024376377	2	1045	G	A
N2_N3	0.00484385831376	1	1432	A	G
N2_N3	0.00506934775464	2	1404	A	G
N2_N3	0.0050858713953	2	810	A	T
N2_N3	0.00510262084822	2	272	T	G
N2_N3	0.00545279619691	1	959	A	G
N2_N3	0.00586128619129	1	368	G	A
N2_N3	0.00628444738169	2	628	T	A
N2_N3	0.00642761507487	2	1436	A	T
N2_N3	0.00662443610441	2	863	A	G
N2_N3	0.00682856640771	1	209	T	A
N2_N3	0.00687539742079	1	100	A	G
N2_N3	0.00709511190107	2	640	A	T
N3_N4	0.000627824686917	1	1209	C	T
N3_N4	0.000688208230734	2	349	G	A
N3_N4	0.000918753008478	1	1251	G	A
N3_N4	0.00109372275448	1	1337	C	T
N3_N4	0.00293979519208	2	1104	C	T
N3_N4	0.00315959953725	1	1311	C	T
N3_N4	0.00378663421338	1	1418	T	A
N3_N4	0.00403961147505	2	1285	G	C
N3_N4	0.00450630120484	1	490	G	T
N3_N4	0.00515997199767	2	582	G	T
N3_N4	0.0054411307926	1	829	T	C
N3_N4	0.00606177933108	1	443	C	T
N3_N4	0.00610239542344	2	879	G	A
N3_N4	0.00633894717774	1	1019	G	A
N3_N4	0.00752591489795	2	336	G	A
N3_N4	0.00797426660741	1	555	C	A
N3_N4	0.00812467628491	2	370	T	C
N3_N4	0.00858728824398	2	137	T	C
N3_N4	0.00886605845921	2	329	T	A
N3_N4	0.00891979912896	2	881	A	T
N4_Human	0.00106145178034	1	1187	G	A
N4_Human	0.0015012325044	1	1108	A	C
N4_Human	0.00208190299925	2	534	T	G
N4_Human	0.00233067005298	2	1226	C	A
N4_Human	0.00299515536415	1	196	A	T
N4_Human	0.00431895397971	1	320	T	C
N4_Human	0.00481627626122	1	454	T	C
N4_Human	0.00532084718681	2	738	A	T
N4_Human	0.00618678507941	1	236	T	G
N4_Human	0.00641122174233	1	679	T	G
N4_Human	0.00646983316115	2	322	A	C
N4_Human	0.00662004851952	1	348	G	T
N4_Human	0.00666391353861	2	769	T	G
N4_Human	0.00696843072603	2	382	C	A
N4_Human	0.00698555194256	1	80	C	T
N4_Human	0.00732173657442	2	1482	A	G
N4_Human	0.00740992027485	1	1247	C	G
N4_Human	0.00794225267335	1	884	T	A
N4_Human	0.00813744261543	1	383	C	T
N4_Human	0.00818535019876	2	982	C	T
N4_Human	0.00824555587068	1	93	G	T
N4_Human	0.00881210564055	1	541	G	A
N4_Human	0.00920465562992	1	852	C	T
N4_Human	0.00951326708454	1	1324	T	A
N4_Human	0.00972562223214	1	897	A	T
N4_Human	0.0103402601069	2	1387	A	T
N4_Chimp	0.000174553468806	1	238	G	T
N4_Chimp	0.000361067484012	2	817	C	T
N4_Chimp	0.000846911351202	2	814	A	G
N4_Chimp	0.000994307596624	2	1222	C	T
N4_Chimp	0.00120282644165	1	1247	C	T
N4_Chimp	0.00134796224303	1	433	G	A
N4_Chimp	0.00249464140477	2	1518	G	A
N4_Chimp	0.00278153618901	1	231	C	T
N4_Chimp	0.00341481926789	1	883	A	T
N4_Chimp	0.00423999444709	1	143	G	T
N4_Chimp	0.00453580226051	2	1363	T	G
N4_Chimp	0.00479256625386	1	548	G	T
N4_Chimp	0.00529655663788	2	688	G	T
N4_Chimp	0.0053362518759	2	241	A	T
N4_Chimp	0.00560708921326	1	702	C	T
N4_Chimp	0.00585478116473	2	29	A	G
N4_Chimp	0.00592935757034	1	1413	A	T
N4_Chimp	0.00612640150175	1	1560	G	A
N4_Chimp	0.00624072827023	1	911	C	T
N4_Chimp	0.00679634100937	1	1495	T	C
N4_Chimp	0.00705590465133	2	682	A	G
N4_Chimp	0.00730671652471	2	2	G	C
N4_Chimp	0.00757690942931	2	806	G	C
N4_Chimp	0.00768907073819	2	955	C	T
N4_Chimp	0.00787521257862	2	926	C	T
N4_Chimp	0.00828299060872	2	1053	G	T
N4_Chimp	0.00865221661733	1	1441	G	A
N4_Chimp	0.00908837906481	1	840	A	T
N4_Chimp	0.00962504716796	2	583	T	G
N4_Chimp	0.0100789906366	1	1180	C	T
N4_Chimp	0.010501578572	2	1324	C	T
N4_Chimp	0.0106176933918	1	1562	C	T
N3_Goril	0.000521392293446	2	1299	T	C
N3_Goril	0.000628119865216	2	1213	C	T
N3_Goril	0.000737177840068	2	937	T	C
N3_Goril	0.00101869448814	1	611	T	C
N3_Goril	0.00179294782492	1	982	T	G
N3_Goril	0.00201830998101	1	1012	T	G
N3_Goril	0.00246950786624	2	80	C	T
N3_Goril	0.00264147117284	1	1129	A	G
N3_Goril	0.00277601257029	2	904	T	C
N3_Goril	0.00290481408375	2	1565	G	A
N3_Goril	0.00300918000603	1	1451	A	T
N3_Goril	0.00402070022499	1	166	A	C
N3_Goril	0.00441625633756	2	499	T	G
N3_Goril	0.00446365905493	2	93	G	A
N3_Goril	0.00466982427193	1	921	A	G
N3_Goril	0.00467465171088	1	297	G	A
N3_Goril	0.00470686307154	2	836	C	T
N3_Goril	0.00483477648786	1	76	C	T
N3_Goril	0.00581600021317	1	224	G	A
N3_Goril	0.00595323545798	2	408	A	G
N3_Goril	0.00609227739559	2	31	T	A
N3_Goril	0.00628248539258	1	372	C	G
N3_Goril	0.00709190754946	1	203	C	A
N3_Goril	0.00751435761374	2	1573	T	C
N3_Goril	0.00855887109221	1	604	C	T
N3_Goril	0.00889943291968	1	340	C	G
N3_Goril	0.00927080806364	1	1169	G	A
N3_Goril	0.00932444666636	1	1387	G	C
N3_Goril	0.00954553017767	1	824	A	G
N3_Goril	0.00963624552248	2	1444	T	G
N3_Goril	0.0101554024735	2	447	A	T
N3_Goril	0.0105817724858	2	1395	A	T
N3_Goril	0.0107679094965	1	998	T	G
N3_Goril	0.0110000037935	1	448	A	G
N3_Goril	0.0110853339413	1	1323	C	T
N3_Goril	0.0113142836866	1	664	C	T
N3_Goril	0.0121093088987	2	1532	C	T
N3_Goril	0.0122203790551	2	998	C	T
N3_Goril	0.0122301591215	2	727	T	G
N3_Goril	0.0126416068994	1	694	C	G
N3_Goril	0.0132125791249	2	855	T	G
N3_Goril	0.013878167212	1	224	A	T
N3_Goril	0.0142631848388	1	987	C	A
N3_Goril	0.0143151149668	2	73	A	G
N3_Goril	0.0143154860456	2	536	T	C
N3_Goril	0.0144841050912	2	1032	T	A
N3_Goril	0.0145234778728	2	761	A	G
N3_Goril	0.0153837452428	1	413	C	A
N3_Goril	0.015446063471	2	1486	C	T
N3_Goril	0.0154632702793	1	942	T	C
N3_Goril	0.0154900757496	1	1435	A	G
N3_Goril	0.0159324626643	2	678	A	G
N3_Goril	0.0161295540196	1	1406	A	G
N3_Goril	0.0161438808777	2	45	A	G
N3_Goril	0.0162371631945	1	1169	A	G
N3_Goril	0.0164200328113	1	281	C	T
N3_Goril	0.0170820844031	1	913	A	G
N3_Goril	0.0171028002555	2	1576	T	A
N3_Goril	0.0173898398249	1	1305	T	G
N3_Goril	0.0174138514448	1	1261	C	T
N3_Goril	0.0174846427951	1	351	G	A
N3_Goril	0.0175603488976	1	931	T	A
N3_Goril	0.0179676481333	2	1051	T	G
N3_Goril	0.0189468110192	1	1177	T	C
N3_Goril	0.0189580487055	2	1213	T	C
N3_Goril	0.0190346283218	1	330	C	T
N3_Goril	0.0194082626273	1	1190	A	G
N3_Goril	0.0197655342494	2	1534	C	T
N3_Goril	0.0198160498682	1	1189	C	G
N3_Goril	0.0198306825785	1	314	G	A
N2_Orang	0.000236218369144	1	573	T	C
N2_Orang	0.000243937446189	1	720	T	G
N2_Orang	0.000417851267548	2	488	C	T
N2_Orang	0.000965624490877	2	867	G	T
N2_Orang	0.00147065683706	1	1046	T	A
N2_Orang	0.00203085762944	1	992	A	G
N2_Orang	0.00220290802936	1	1186	A	T
N2_Orang	0.00241382169872	1	146	G	A
N2_Orang	0.00288911993954	1	613	T	A
N2_Orang	0.00324485961206	1	1542	A	T
N2_Orang	0.00328322702054	1	420	C	T
N2_Orang	0.00340439314138	1	1315	G	A
N2_Orang	0.00390013471813	1	23	G	A
N2_Orang	0.0042755716028	1	1528	A	T
N2_Orang	0.00433433339395	1	1028	G	T
N2_Orang	0.0048906559709	2	1101	G	T
N2_Orang	0.00510101968137	2	1433	G	A
N2_Orang	0.00528843913615	1	1326	T	G
N2_Orang	0.00586470788469	2	1356	T	C
N2_Orang	0.00624533333796	1	857	T	A
N2_Orang	0.00668385663331	2	594	T	A
N2_Orang	0.00716442995498	1	32	T	A
N2_Orang	0.00753782473871	1	119	G	C
N2_Orang	0.00821587063319	1	594	T	A
N2_Orang	0.00871155194354	1	1504	A	G
N2_Orang	0.00876190542533	1	137	C	T
N2_Orang	0.00930656503325	2	1526	G	T
N2_Orang	0.00964674957703	2	165	C	T
N2_Orang	0.0096798522815	2	419	G	A
N2_Orang	0.00969851888359	2	377	G	A
N2_Orang	0.0101201331817	2	557	A	T
N2_Orang	0.010181051654	2	1056	A	T
N2_Orang	0.0112332316961	2	962	T	C
N2_Orang	0.0116332319087	2	628	T	G
N2_Orang	0.0117014677216	2	531	G	A
N2_Orang	0.0118332716649	1	1256	A	C
N2_Orang	0.0121320260135	1	988	T	C
N2_Orang	0.0122161298579	1	682	C	T
N2_Orang	0.0125031236696	1	532	G	C
N2_Orang	0.013349023666	1	877	T	G
N2_Orang	0.0133799571445	1	686	A	T
N2_Orang	0.01393831346	2	107	A	G
N2_Orang	0.0139399478734	2	153	C	T
N2_Orang	0.0141574462073	1	761	A	C
N2_Orang	0.0143864071554	1	592	A	G
N2_Orang	0.0157839391887	1	814	A	T
N2_Orang	0.0159295994064	2	1346	T	C
N2_Orang	0.0159569238374	1	1312	G	A
N2_Orang	0.0163580309383	2	1299	T	A
N2_Orang	0.0165487121094	2	844	G	A
N2_Orang	0.0167660837188	1	856	C	T
N2_Orang	0.016928667708	2	853	T	A
N2_Orang	0.0170738015824	1	439	T	A
N2_Orang	0.0173571490081	2	1369	T	C
N2_Orang	0.0176486542444	2	956	C	A
N2_Orang	0.0180045848679	1	1526	G	A
N2_Orang	0.0185889479557	2	715	T	A
N2_Orang	0.0186816731701	1	470	A	G
N1_Macaq	4.9776175374e-06	1	112	A	C
N1_Macaq	0.000126570816731	1	747	G	C
N1_Macaq	0.000134343065479	1	819	C	T
N1_Macaq	0.000255651915104	2	101	A	G
N1_Macaq	0.000438801244462	1	774	T	C
N1_Macaq	0.00100830139434	2	691	A	G
N1_Macaq	0.00135361460058	2	1107	T	A
N1_Macaq	0.00151671990535	2	995	A	C
N1_Macaq	0.00155918540864	1	1575	C	T
N1_Macaq	0.00210626687152	2	761	A	T
N1_Macaq	0.00248132269914	1	1466	T	G
N1_Macaq	0.00262439304835	2	1339	C	T
N1_Macaq	0.0030860489397	2	1288	C	A
N1_Macaq	0.00315739496151	1	1420	T	C
N1_Macaq	0.00330210432478	1	518	C	T
N1_Macaq	0.00349202059311	2	1107	A	C
N1_Macaq	0.00362481805694	2	779	T	C
N1_Macaq	0.00385532111366	1	854	A	C
N1_Macaq	0.00390536755556	2	656	A	G
N1_Macaq	0.00399077558834	1	1053	C	T
N1_Macaq	0.00443408342749	2	793	C	A
N1_Macaq	0.00493231281015	2	987	C	A
N1_Macaq	0.00515488523194	2	248	A	G
N1_Macaq	0.005264134845	1	1320	A	T
N1_Macaq	0.00530469810222	2	928	C	G
N1_Macaq	0.00603533893604	1	114	A	G
N1_Macaq	0.00611249768071	1	952	A	G
N1_Macaq	0.00620430460313	2	565	G	A
N1_Macaq	0.00638944039879	2	852	T	A
N1_Macaq	0.00659728021899	1	573	T	C
N1_Macaq	0.00673513415251	1	946	T	G
N1_Macaq	0.00791391692658	1	227	A	G
N1_Macaq	0.00889444426802	2	245	A	C
N1_Macaq	0.00918270311959	1	209	T	G
N1_Macaq	0.00936350084108	2	1373	T	C
N1_Macaq	0.00962688120848	2	452	G	A
N1_Macaq	0.00992986200177	2	864	G	C
N1_Macaq	0.0100260847523	2	939	T	A
N1_Macaq	0.0102581060813	2	151	A	G
N1_Macaq	0.0106137022329	2	697	A	G
N1_Macaq	0.0107029732058	1	656	A	C
N1_Macaq	0.0107831628284	1	1424	T	A
N1_Macaq	0.0120226516037	1	1316	A	G
N1_Macaq	0.0121473531315	1	225	C	T
N1_Macaq	0.0123090390306	2	374	C	A
N1_Macaq	0.0128697280286	1	712	T	G
N1_Macaq	0.0129270637606	2	287	G	C
N1_Macaq	0.0135968990585	2	1205	A	C
N1_Macaq	0.014264686141	1	1444	A	T
N1_Macaq	0.0145163264285	1	1482	A	C
N1_Macaq	0.0146339910929	2	833	G	T
N1_Macaq	0.0148488318648	2	134	T	C
N1_Macaq	0.0149823819145	1	375	A	G
N1_Macaq	0.0150197068307	1	183	C	A
N1_Macaq	0.015119353124	2	333	A	C
N1_Macaq	0.0151458212574	1	556	C	T
N1_Macaq	0.0151990728532	2	785	C	G
N1_Macaq	0.0156174728404	2	393	C	T
N1_Macaq	0.0157714807236	2	645	C	T
N1_Macaq	0.0159285927868	1	1314	A	C
N1_Macaq	0.0160164851827	1	1023	A	C
N1_Macaq	0.0165271132416	1	576	T	C
N1_Macaq	0.0170178855429	1	627	G	A
N1_Macaq	0.0171497509815	1	103	T	A
N1_Macaq	0.0173560256531	1	521	T	G
N1_Macaq	0.0177211705884	1	1384	A	T
N1_Macaq	0.0180243806845	2	2	G	A
N1_Macaq	0.018155408006	1	1550	C	A
N1_Macaq	0.0183004353188	1	43	A	T
N1_Macaq	0.0184746728267	1	1265	T	G
N1_Macaq	0.0185224504255	1	1181	T	A
N1_Macaq	0.0185747253728	2	65	A	G
N1_Macaq	0.0189854557245	1	1276	C	G
N1_Macaq	0.019019849342	2	573	T	A
N1_Macaq	0.0193322138606	2	685	A	G
N1_Macaq	0.0194383250277	2	980	C	A
N1_Macaq	0.0194676847703	1	1031	G	C
N1_Macaq	0.0194877396589	1	789	G	A
N1_Macaq	0.0205350812226	1	276	T	C
N1_Macaq	0.0207273841959	1	689	T	G
N1_Macaq	0.0207801719787	2	1019	G	C
N1_Macaq	0.0208672539774	1	890	C	A
N1_Macaq	0.0212764966685	2	1027	T	C
N1_Macaq	0.0218649585454	2	766	C	T
N1_Macaq	0.0219804007846	2	1094	A	T
N1_Macaq	0.0221695334679	1	568	C	G
N1_Macaq	0.0223371762743	2	1503	G	T
N1_Macaq	0.0223665059906	1	308	T	C
N1_Macaq	0.022654730679	1	1058	G	A
N1_Macaq	0.0230204530632	2	960	T	A
N1_Macaq	0.023231065443	1	553	T	A
N1_Macaq	0.023256228231	1	1522	T	C
N1_Macaq	0.023259568454	2	643	A	G
N1_Macaq	0.0235233131547	2	1180	T	G
N1_Macaq	0.0236364558461	1	1089	T	C
N1_Macaq	0.0249119538934	2	207	A	G
N1_Macaq	0.0249556091677	2	442	C	T
N1_Macaq	0.0251288971701	2	375	G	C
N1_Macaq	0.025533656099	2	1570	C	T
N1_Macaq	0.025729577698	1	712	G	C
N1_Macaq	0.0259885058841	1	1170	C	G
N1_Macaq	0.026225351763	2	186	T	G
N1_Macaq	0.0266394725622	2	228	G	A
N1_Macaq	0.0267839472957	2	1404	A	C
N1_Macaq	0.0269343513915	1	6	T	C
N1_Macaq	0.0272236656051	2	16	T	G
N1_Macaq	0.0274375947089	1	94	G	A
N1_Macaq	0.0276876884247	1	1004	T	C
N1_Macaq	0.0278942049999	2	1269	A	T
N1_Macaq	0.0283375423855	1	966	T	A
N1_Macaq	0.0292212934059	2	1412	G	T
N1_Macaq	0.0295277072263	1	495	T	C
N1_Macaq	0.0306651096298	2	1006	G	C
N1_Macaq	0.0308176166011	1	204	T	A
N1_Macaq	0.0309860359886	1	777	A	T
N1_Macaq	0.0314749063255	1	463	A	T
N1_Macaq	0.0316710870859	1	1305	T	A
N1_Macaq	0.0319132609702	1	467	G	T
N1_Macaq	0.0320200822423	1	1498	C	A
N1_Macaq	0.0320672472896	2	1013	A	C
N1_Macaq	0.0328088414115	2	1008	T	A
N1_Macaq	0.0328800045766	1	1390	T	A
N1_Macaq	0.0329643033142	1	748	T	A
N1_Macaq	0.03316154671	2	949	T	A
N1_Macaq	0.0335496364282	1	1396	A	C
N1_Macaq	0.0336087519414	1	397	A	G
N1_Macaq	0.0337225774305	1	444	A	G
N1_Macaq	0.0341918858202	1	460	T	G
N1_Macaq	0.0343878001713	1	1091	C	G
N1_Macaq	0.0344916101826	2	222	G	C
N1_Macaq	0.0346937068431	2	523	T	C
N1_Macaq	0.0348446307608	1	1500	T	A
N1_Macaq	0.0368392089358	2	1275	A	T
N1_Macaq	0.0370242340648	1	653	A	G
N1_Macaq	0.0371625397203	2	9	A	G
N1_Macaq	0.0372127067862	2	1060	A	T
N1_Macaq	0.037748578259	2	807	C	A
N1_Macaq	0.0380438008263	2	984	T	C
N1_Macaq	0.0382572973082	2	907	A	G
N1_Macaq	0.0382650606271	2	879	G	A
N1_Macaq	0.0384897473633	1	429	C	T
N1_Macaq	0.0389574900826	1	327	A	G
N1_Macaq	0.0398547089677	1	1114	A	G
N1_Macaq	0.0399503241163	1	153	C	A
N1_Macaq	0.0404648396554	2	1244	C	T
N1_Macaq	0.0408078786178	1	323	T	A
N1_Macaq	0.0414157491544	1	170	T	G
N1_Macaq	0.0426843435197	1	1546	T	C
N1_Macaq	0.0430644403565	1	1354	A	G
N1_Macaq	0.0434260539376	1	1294	G	T
N1_Macaq	0.0435109980021	1	987	A	G
N1_Macaq	0.0435261309832	2	1330	A	G
N0_Mouse	0.00038638568095	0	162	C	A
N0_Mouse	0.00112806116119	0	1049	T	G
N0_Mouse	0.00131469304259	0	640	A	G
N0_Mouse	0.00140034068018	0	456	A	T
N0_Mouse	0.00161656209437	0	1493	A	G
N0_Mouse	0.00179228647728	0	1474	T	G
N0_Mouse	0.0029469161762	0	684	C	T
N0_Mouse	0.00317326538059	0	380	T	C
N0_Mouse	0.00389979639741	0	298	A	T
N0_Mouse	0.00538542773639	0	1122	A	G
N0_Mouse	0.00786768368055	0	500	C	T
N0_Mouse	0.0080776206999	0	796	T	G
N0_Mouse	0.008534389855	0	636	C	T
N0_Mouse	0.00922069044456	0	287	G	A
N0_Mouse	0.00986213682529	0	105	G	A
N0_Mouse	0.0101665240244	0	677	A	G
N0_Mouse	0.0102132572883	0	157	T	C
N0_Mouse	0.0106983378708	0	1164	T	G
N0_Mouse	0.0107617493814	0	541	G	A
N0_Mouse	0.0110840327996	0	160	C	G
N0_Mouse	0.0112066075235	0	213	C	T
N0_Mouse	0.0116274982467	0	1252	C	T
N0_Mouse	0.012789236369	0	679	T	C
N0_Mouse	0.0129272113116	0	1515	G	A
N0_Mouse	0.0136089491877	0	48	A	T
N0_Mouse	0.0144499186791	0	916	C	T
N0_Mouse	0.0146259356865	0	481	T	G
N0_Mouse	0.0152266209066	0	1145	T	G
N0_Mouse	0.0153981597001	0	695	C	A
N0_Mouse	0.0158834246333	0	845	A	T
N0_Mouse	0.0159187572773	0	584	G	C
N0_Mouse	0.0159614667014	0	1360	G	A
N0_Mouse	0.0163239893227	0	723	A	G
N0_Mouse	0.0165269851926	0	30	G	C
N0_Mouse	0.0165553799454	0	518	C	T
N0_Mouse	0.0170569593478	0	92	A	T
N0_Mouse	0.0175156164074	0	1238	G	T
N0_Mouse	0.0191722156039	0	625	C	A
N0_Mouse	0.0206766764153	0	193	C	G
N0_Mouse	0.0226501060753	0	399	G	C
N0_Mouse	0.0227906853485	0	387	G	T
N0_Mouse	0.023660653034	0	274	A	G
N0_Mouse	0.0238731962297	0	622	T	A
N0_Mouse	0.0238789576226	0	870	C	T
N0_Mouse	0.0249979103393	0	285	A	G
N0_Mouse	0.0265690776512	0	303	C	G
N0_Mouse	0.0271763320536	0	916	T	G
N0_Mouse	0.0275855586661	0	332	T	C
N0_Mouse	0.0281109166354	0	1319	T	C
N0_Mouse	0.0296107106174	0	444	A	T
N0_Mouse	0.0303067787653	0	1417	C	T
N0_Mouse	0.0316616662614	0	1164	G	A
N0_Mouse	0.0317836098072	0	1284	G	A
N0_Mouse	0.0338838902681	0	187	T	A
N0_Mouse	0.0339611611123	0	966	T	G
N0_Mouse	0.0345236821766	0	852	C	T
N0_Mouse	0.0352974533152	0	242	C	A
N0_Mouse	0.0359170743144	0	148	T	A
N0_Mouse	0.0367829154828	0	1182	A	G
N0_Mouse	0.0375405571164	0	429	T	C
N0_Mouse	0.0376460110845	0	715	T	C
N0_Mouse	0.0378233272844	0	524	G	A
N0_Mouse	0.0385637927935	0	1386	G	C
N0_Mouse	0.0388299462155	0	424	C	T
N0_Mouse	0.0389235553381	0	955	C	T
N0_Mouse	0.0389871961757	0	140	G	C
N0_Mouse	0.0413952420487	0	54	T	A
N0_Mouse	0.0420740287151	0	6	T	C
N0_Mouse	0.0421529307455	0	344	C	T
N0_Mouse	0.0429560223903	0	849	G	A
N0_Mouse	0.0448359274788	0	412	T	A
N0_Mouse	0.045782370914	0	117	T	C
N0_Mouse	0.0462821641368	0	219	A	T
N0_Mouse	0.0468808206402	0	175	T	C
N0_Mouse	0.0477249675572	0	763	A	G
N0_Mouse	0.0478227724723	0	1057	T	A
N0_Mouse	0.0479734388305	0	971	A	T
N0_Mouse	0.0494855424224	0	535	A	T
N0_Mouse	0.0494888586597	0	985	A	T
N0_Mouse	0.0495145622854	0	1076	T	A
N0_Mouse	0.0500592499956	0	184	T	C
N0_Mouse	0.0503696337508	0	284	A	T
N0_Mouse	0.0515183455209	0	1513	A	G
N0_Mouse	0.052070094979	0	82	C	T
N0_Mouse	0.0524517578965	0	509	G	A
N0_Mouse	0.0546030388717	0	481	G	A
N0_Mouse	0.0546119637268	0	750	C	T
N0_Mouse	0.0546120835725	0	370	T	C
N0_Mouse	0.0548819860374	0	276	T	C
N0_Mouse	0.0556787785207	0	511	A	G
N0_Mouse	0.0557118949005	0	1139	A	T
N0_Mouse	0.057461369308	0	365	G	T
N0_Mouse	0.0588486989216	0	429	C	T
N0_Mouse	0.0591683666633	0	572	C	A
N0_Mouse	0.0600132570872	0	1304	A	T
N0_Mouse	0.060874804212	0	1029	T	C
N0_Mouse	0.0613360350789	0	898	T	C
N0_Mouse	0.0620606513997	0	476	T	C
N0_Mouse	0.0623830647237	0	978	T	A
N0_Mouse	0.0628157989261	0	1411	A	C
N0_Mouse	0.0628968109293	0	1150	T	C
N0_Mouse	0.063059657458	0	1308	G	A
N0_Mouse	0.0641134875672	0	517	C	T
N0_Mouse	0.0644368227015	0	261	A	G
N0_Mouse	0.0648257095921	0	589	A	G
N0_Mouse	0.0650995204275	0	1230	G	A
N0_Mouse	0.0651518924382	0	1349	C	A
N0_Mouse	0.0655245933382	0	47	A	C
N0_Mouse	0.0667389177904	0	1397	A	G
N0_Mouse	0.0670997894766	0	779	T	A
N0_Mouse	0.0678645997596	0	1476	G	A
N0_Mouse	0.0686858634629	0	202	G	A
N0_Mouse	0.0687716627966	0	99	T	A
N0_Mouse	0.06919998387	0	488	C	G
N0_Mouse	0.0704807356946	0	1062	C	T
N0_Mouse	0.0705830191093	0	48	T	G
N0_Mouse	0.0705915162916	0	864	G	A
N0_Mouse	0.0710682981993	0	282	C	T
N0_Mouse	0.0714443745669	0	714	C	T
N0_Mouse	0.0716444414004	0	1040	G	T
N0_Mouse	0.0719099163688	0	15	T	G
N0_Mouse	0.0723544324558	0	781	C	A
N0_Mouse	0.0729645089129	0	1204	A	G
N0_Mouse	0.0735148867381	0	844	A	G
N0_Mouse	0.0737118397402	0	435	T	A
N0_Mouse	0.073885589345	0	1312	G	A
N0_Mouse	0.0755889606181	0	342	A	T
N0_Mouse	0.0763180474838	0	1145	G	A
N0_Mouse	0.0777278099638	0	167	T	G
N0_Mouse	0.0777440135645	0	736	A	G
N0_Mouse	0.0778893984774	0	333	A	T
N0_Mouse	0.0782116543454	0	119	G	C
N0_Mouse	0.078320646758	0	1043	A	G
N0_Mouse	0.0784066356591	0	1408	T	G
N0_Mouse	0.0784408437488	0	792	A	G
N0_Mouse	0.0789815761454	0	394	C	T
N0_Mouse	0.0797781896156	0	481	A	C
N0_Mouse	0.0800433921651	0	880	C	A
N0_Mouse	0.0802775440965	0	688	G	A
N0_Mouse	0.0806056021622	0	1508	C	T
N0_Mouse	0.0806529746422	0	1082	C	T
N0_Mouse	0.0819580509055	0	1391	G	T
N0_Mouse	0.0825828810003	0	989	G	C
N0_Mouse	0.0829408554493	0	1299	T	A
N0_Mouse	0.0845649702711	0	388	T	C
N0_Mouse	0.084818280384	0	995	A	C
N0_Mouse	0.085834343913	0	199	A	G
N0_Mouse	0.0868643364181	0	623	C	T
N0_Mouse	0.0871272177617	0	1494	C	T
N0_Mouse	0.0893724709156	0	688	A	T
N0_Mouse	0.0912544017444	0	32	T	C
N0_Mouse	0.0924452494453	0	1193	G	A
N0_Mouse	0.0926672501486	0	83	C	A
N0_Mouse	0.0933018009599	0	170	T	C
N0_Mouse	0.0933670852751	0	1309	T	G
N0_Mouse	0.0937554273222	0	1016	G	A
N0_Mouse	0.0939020071098	0	92	T	A
N0_Mouse	0.0940672989105	0	831	T	C
N0_Mouse	0.0944604018553	0	531	G	A
N0_Mouse	0.0945087880963	0	450	G	A
N0_Mouse	0.0945525167243	0	110	C	T
N0_Mouse	0.0945950217655	0	1161	T	G
N0_Mouse	0.0951936832209	0	943	C	A
N0_Mouse	0.0954421934828	0	321	G	A
N0_Mouse	0.0965869722147	0	1317	A	T
N0_Mouse	0.0970402097253	0	120	G	A
N0_Mouse	0.097899681238	0	185	C	T
N0_Mouse	0.0981366533512	0	146	G	T
N0_Mouse	0.0981807052943	0	1129	A	T
N0_Mouse	0.098185999782	0	1271	G	A
N0_Mouse	0.0987894202237	0	998	T	G
N0_Mouse	0.0994203745253	0	732	G	A
N0_Mouse	0.100387610457	0	1244	A	G
N0_Mouse	0.100405734999	0	120	A	C
N0_Mouse	0.100690701866	0	1035	C	G
N0_Mouse	0.10153486056	0	614	A	G
N0_Mouse	0.102529322383	0	898	C	T
N0_Mouse	0.102584127307	0	273	A	T
N0_Mouse	0.103347512781	0	1477	G	C
N0_Mouse	0.103487264806	0	1038	G	A
N0_Mouse	0.103828413931	0	302	C	T
N0_Mouse	0.104599341453	0	232	T	A
N0_Mouse	0.105589306795	0	1128	T	C
N0_Mouse	0.107741091051	0	673	C	T
N0_Mouse	0.107757684338	0	163	C	T
N0_Mouse	0.108071831666	0	605	C	T
N0_Mouse	0.108094232107	0	569	C	T
N0_Mouse	0.108292570036	0	152	A	G
N0_Mouse	0.109221961303	0	759	T	C
N0_Mouse	0.109406844519	0	1552	T	A
N0_Mouse	0.109802240583	0	975	A	C
N0_Mouse	0.110976718113	0	846	T	C
N0_Mouse	0.111054998246	0	293	A	T
N0_Mouse	0.111752348277	0	89	T	C
N0_Mouse	0.112677240018	0	685	A	G
N0_Mouse	0.113286882163	0	1520	C	A
N0_Mouse	0.113934080926	0	1196	A	G
N0_Mouse	0.11409152573	0	164	A	G
N0_Mouse	0.114641943524	0	980	C	G
N0_Mouse	0.115218448176	0	1426	A	G
N0_Mouse	0.115940680448	0	1168	G	C
N0_Mouse	0.116259264184	0	218	G	A
N0_Mouse	0.116488021832	0	1310	T	A
N0_Mouse	0.117132396966	0	819	G	A
N0_Mouse	0.117253790024	0	1105	C	T
N0_Mouse	0.117732903897	0	1495	C	A
N0_Mouse	0.117965182406	0	648	T	C
N0_Mouse	0.119354877967	0	964	C	T
N0_Mouse	0.119631948636	0	1175	C	A
N0_Mouse	0.120715468302	0	830	C	T
N0_Mouse	0.120974571344	0	104	A	C
N0_Mouse	0.121910663441	0	38	A	G
N0_Mouse	0.122623115023	0	1465	C	T
N0_Mouse	0.12334022181	0	212	G	C
N0_Mouse	0.123480762967	0	1558	A	G
N0_Mouse	0.12367963731	0	93	G	A
N0_Mouse	0.125109057192	0	1210	C	T
N0_Mouse	0.126126572757	0	546	T	A
N0_Mouse	0.126288118895	0	262	A	G
N0_Mouse	0.127005186439	0	1455	T	C
N0_Mouse	0.127573495168	0	859	C	T
N0_Mouse	0.127655226149	0	72	T	C
N0_Mouse	0.128466079531	0	869	G	T
N0_Mouse	0.128766675477	0	1039	A	G
N0_Mouse	0.129134848293	0	1393	T	C
N0_Mouse	0.129337803819	0	1344	C	T
N0_Mouse	0.129651142256	0	1214	C	A
N0_Mouse	0.130393048299	0	545	T	G
N0_Mouse	0.130856120656	0	689	T	A
N0_Mouse	0.131218922977	0	65	C	A
N0_Mouse	0.131311115339	0	1027	T	C
N0_Mouse	0.13223268158	0	129	T	A
N0_Mouse	0.132310472254	0	142	C	T
N0_Mouse	0.133616651976	0	565	T	C
N0_Mouse	0.13365542338	0	677	G	A
N0_Mouse	0.134126307162	0	176	G	A
N0_Mouse	0.135090458999	0	1147	G	T
N0_Mouse	0.136202208574	0	365	T	C
N0_Mouse	0.139170960147	0	205	T	C
N0_Mouse	0.140303998964	0	547	A	C
N0_Mouse	0.140655206363	0	1505	G	A
N0_Mouse	0.140746014008	0	380	C	A
N0_Mouse	0.141414455345	0	1096	A	G
N0_Mouse	0.141535374073	0	934	C	G
N0_Mouse	0.142776137929	0	966	G	C
N0_Mouse	0.14290274062	0	1170	C	T
N0_Mouse	0.143369043916	0	927	C	T
N0_Mouse	0.145283378241	0	536	G	T
N0_Mouse	0.146020615355	0	1367	C	A
N0_Mouse	0.146617404792	0	1419	G	A
N0_Mouse	0.147491595388	0	910	G	C
N0_Mouse	0.149926249688	0	653	A	C
N0_Mouse	0.150391461013	0	294	A	T
N0_Mouse	0.15089693573	0	694	T	G
N0_Mouse	0.152287477968	0	1320	A	G
N0_Mouse	0.155546387871	0	523	A	C
N0_Mouse	0.155874660968	0	582	G	C
N0_Mouse	0.15619039148	0	1227	C	G
N0_Mouse	0.156436680411	0	356	A	G
N0_Mouse	0.157415990175	0	807	C	T
N0_Mouse	0.157614866942	0	923	A	G
N0_Mouse	0.158111868904	0	925	G	T
N0_Mouse	0.158332173552	0	259	C	A
N0_Mouse	0.158416678906	0	40	A	G
N0_Mouse	0.159649193662	0	380	A	C
N0_Mouse	0.159784533835	0	297	G	A
N0_Mouse	0.159793885324	0	1486	C	G
N0_Mouse	0.159926308677	0	1357	A	G
N0_Mouse	0.160909751892	0	711	G	A
N0_Mouse	0.160968656678	0	21	T	G
N0_Mouse	0.160980129043	0	404	T	G
N0_Mouse	0.161879644029	0	1110	A	G
N0_Mouse	0.162911206275	0	783	C	A
N0_Mouse	0.162933183763	0	1273	A	T
N0_Mouse	0.164343878112	0	969	G	A
N0_Mouse	0.16487209109	0	794	T	A
N0_Mouse	0.16516507318	0	232	A	T
N0_Mouse	0.165706082742	0	886	T	G
N0_Mouse	0.165772035374	0	1401	T	C
N0_Mouse	0.165992053973	0	985	T	C
N0_Mouse	0.169482098582	0	239	C	T
N0_Mouse	0.169517541816	0	1301	C	G
N0_Mouse	0.170189705407	0	225	C	G
N0_Mouse	0.170530573267	0	1105	T	G
N0_Mouse	0.170950752604	0	1463	C	A
N0_Mouse	0.17176498406	0	1213	C	G
N0_Mouse	0.171786044148	0	572	A	G
N0_Mouse	0.171946414859	0	323	T	C
N0_Mouse	0.172729432656	0	1233	G	C
N0_Mouse	0.172940052257	0	1012	A	C
N0_Mouse	0.173250356614	0	380	C	T
N0_Mouse	0.1733499335	0	426	T	C
N0_Mouse	0.174431531658	0	1072	T	C
N0_Mouse	0.1753479546	0	229	T	A
N0_Mouse	0.175387437612	0	139	A	C
N0_Mouse	0.178100278026	0	589	G	C
N0_Mouse	0.178731252366	0	1070	C	T
N0_Mouse	0.17896029287	0	486	G	A
N0_Mouse	0.179174771393	0	1348	A	C
N0_Mouse	0.179904106354	0	645	C	T
N0_Mouse	0.181305059962	0	278	G	T
N0_Mouse	0.1816557115	0	471	T	A
N0_Mouse	0.182676895263	0	1332	C	A
N0_Mouse	0.183977296035	0	466	C	A
N0_Mouse	0.184573772253	0	203	C	A
N0_Mouse	0.185174708457	0	906	A	T
N0_Mouse	0.185178770484	0	1508	T	A
N0_Mouse	0.185276085006	0	1510	T	C
N0_Mouse	0.186684847664	0	1507	T	A
N0_Mouse	0.186971843364	0	1520	A	G
N0_Mouse	0.187000921038	0	657	G	A
N0_Mouse	0.188090520219	0	538	C	T
N0_Mouse	0.188501354601	0	1361	A	T
N0_Mouse	0.189202016456	0	1351	G	A
N0_Mouse	0.189840915054	0	783	A	C
N0_Mouse	0.190109508227	0	326	C	A
N0_Mouse	0.191640739807	0	279	G	T
N0_Mouse	0.191879119681	0	1134	G	A
N0_Mouse	0.19211360452	0	722	G	T
N0_Mouse	0.19411803793	0	992	A	G
N0_Mouse	0.194703163153	0	743	A	G
N0_Mouse	0.194818723783	0	472	A	G
N0_Mouse	0.195022709678	0	1105	G	A
N0_Mouse	0.195574173459	0	294	T	C
N0_Mouse	0.195729287956	0	594	T	G
N0_Mouse	0.196012903963	0	793	C	T
N0_Mouse	0.196158390266	0	105	A	G
N0_Mouse	0.196310861413	0	1476	A	G
N0_Mouse	0.196562066752	0	933	A	G
N0_Mouse	0.19669983167	0	52	A	G
N0_Mouse	0.197095999805	0	1212	T	G
N0_Mouse	0.197149456347	0	1577	A	T
N0_Mouse	0.197593165887	0	1407	G	C
N0_Mouse	0.19760640038	0	1522	T	C
N0_Mouse	0.198356186523	0	245	A	G
N0_Mouse	0.199536138197	0	552	T	C
N0_Mouse	0.200302604105	0	689	A	G
N0_Mouse	0.201748674534	0	591	A	G
N0_Mouse	0.202034314845	0	476	C	T
N0_Mouse	0.202353016506	0	1362	G	T
N0_Mouse	0.202561008011	0	1105	A	G
N0_Mouse	0.203066404057	0	955	T	C
N0_Mouse	0.204072729352	0	526	A	G
N0_Mouse	0.204722092577	0	1205	T	C
N0_Mouse	0.205164852666	0	419	G	A
N0_Mouse	0.205380857767	0	364	G	T
N0_Mouse	0.205920679737	0	982	T	G
N0_Mouse	0.20594605062	0	752	T	A
N0_Mouse	0.206973143702	0	1255	G	T
N0_Mouse	0.207250437772	0	802	G	T
N0_Mouse	0.212393413072	0	481	C	T
N0_Mouse	0.213238650954	0	882	T	A
N0_Mouse	0.213619733021	0	1076	A	C
N0_Mouse	0.21404709583	0	38	G	A
N0_Mouse	0.21429834049	0	729	C	T
N0_Mouse	0.215470286133	0	552	C	T
N0_Mouse	0.215634650165	0	1454	C	A
N0_Mouse	0.216355866684	0	759	C	T
N0_Mouse	0.218429569826	0	948	A	T
N0_Mouse	0.219194350855	0	1115	C	T
N0_Mouse	0.21956571005	0	530	C	T
N0_Mouse	0.220555499028	0	616	A	G
N0_Mouse	0.221119093854	0	114	A	G
N0_Mouse	0.221169205763	0	190	G	A
N0_Mouse	0.22162225106	0	200	T	A
N0_Mouse	0.222316964742	0	662	T	C
N0_Mouse	0.222549437338	0	1366	T	C
N0_Mouse	0.223023148171	0	61	T	C
N0_Mouse	0.223048479617	0	1330	A	G
N0_Mouse	0.223162671119	0	406	T	G
N0_Mouse	0.225220535068	0	1006	G	A
N0_Mouse	0.2252328609	0	585	T	G
N0_Mouse	0.225404742287	0	1216	T	C
N0_Mouse	0.225407301812	0	513	C	G
N0_Mouse	0.225425194484	0	117	C	G
N0_Mouse	0.226069908268	0	1012	C	T
N0_Mouse	0.226095877658	0	976	A	G
N0_Mouse	0.226523992815	0	616	G	A
N0_Mouse	0.226616621528	0	1480	A	T
N0_Mouse	0.227672679909	0	1124	C	G
N0_Mouse	0.229354830379	0	673	T	A
N0_Mouse	0.229532554749	0	384	A	G
N0_Mouse	0.231064919121	0	244	A	T
N0_Mouse	0.231197501883	0	1366	C	T
N0_Mouse	0.232095497134	0	1426	G	T
N0_Mouse	0.23230236873	0	151	A	C
N0_Mouse	0.232606631743	0	578	A	C
N0_Mouse	0.233160589283	0	1387	G	C
N0_Mouse	0.233240595144	0	517	T	C
N0_Mouse	0.233410310918	0	1375	C	T
N0_Mouse	0.23395624125	0	263	C	T
N0_Mouse	0.234767991862	0	998	G	C
N0_Mouse	0.234828158242	0	80	C	T
N0_Mouse	0.235958348532	0	339	G	A
N0_Mouse	0.236141321857	0	103	T	C
N0_Mouse	0.236816565248	0	425	C	A
N0_Mouse	0.237350325865	0	1549	G	A
N0_Mouse	0.239074085619	0	585	G	T
N0_Mouse	0.23957397864	0	290	T	C
N0_Mouse	0.239946167677	0	550	G	T
N0_Mouse	0.24066728149	0	1529	T	C
N0_Mouse	0.24273349961	0	763	G	T
N0_Mouse	0.242771265636	0	1404	A	T
N0_Mouse	0.244466982133	0	970	A	T
N0_Mouse	0.244496396208	0	1379	T	C
N0_Mouse	0.244694182775	0	1182	G	A
N0_Mouse	0.245082953626	0	70	T	G
N0_Mouse	0.245813691375	0	863	C	A
N0_Mouse	0.247125887748	0	1565	G	A
N0_Mouse	0.248139441162	0	1142	A	C
N0_Mouse	0.248146905349	0	1045	A	G
N0_Mouse	0.24818884549	0	939	A	G
N0_Mouse	0.248538489232	0	768	C	T
N0_Mouse	0.248645146815	0	1407	C	G
N0_Mouse	0.248776326527	0	448	A	G
N0_Mouse	0.249021652478	0	602	A	T
N0_Mouse	0.249560390649	0	419	A	C
N0_Mouse	0.250856171509	0	922	A	T
N0_Mouse	0.252009133307	0	860	T	C
N0_Mouse	0.252153763923	0	762	T	A
N0_Mouse	0.25257783584	0	1285	G	T
N0_Mouse	0.25260094686	0	1354	A	T
N0_Mouse	0.252693967906	0	1364	G	A
N0_Mouse	0.252982999655	0	1332	A	T
N0_Mouse	0.254197132683	0	897	A	G
N0_Mouse	0.255378838475	0	1055	G	T
N0_Mouse	0.25563210475	0	94	G	T
N0_Mouse	0.255672785738	0	191	T	C
N0_Mouse	0.255674209503	0	611	T	C
N0_Mouse	0.256705328233	0	414	G	T
N0_Mouse	0.257032368327	0	1181	T	A
N0_Mouse	0.257150299225	0	818	A	T
N0_Mouse	0.257223577217	0	548	G	A
N0_Mouse	0.257625365867	0	1018	A	G
N0_Mouse	0.258084320447	0	697	G	T
N0_Mouse	0.261783225253	0	909	A	C
N0_Mouse	0.262137736772	0	250	A	T
N0_Mouse	0.262925654822	0	287	A	G
N0_Mouse	0.264910438041	0	1060	G	C
N0_Mouse	0.265151551997	0	337	C	T
N0_Mouse	0.265205261574	0	1047	T	C
N0_Mouse	0.265317248037	0	301	G	A
N0_Mouse	0.265644816535	0	1103	A	G
N0_Mouse	0.266787900397	0	1363	T	A
N0_Mouse	0.267187174555	0	1430	C	T
N0_Mouse	0.267309188967	0	537	C	A
N0_Mouse	0.268651192958	0	157	C	T
N0_Mouse	0.269337483174	0	862	T	C
N0_Mouse	0.270838138345	0	211	C	T
N0_Mouse	0.271573822188	0	619	C	T
N0_Mouse	0.272723049436	0	0	T	C
N0_Mouse	0.27326548081	0	315	T	C
N0_Mouse	0.273562987754	0	1556	T	A
N0_Mouse	0.274090007376	0	873	C	T
N0_Mouse	0.274325393413	0	1303	C	A
N0_Mouse	0.27479442127	0	1025	C	A
N0_Mouse	0.275745383767	0	204	T	G
N0_Mouse	0.275987261025	0	11	C	T
N0_Mouse	0.277434179082	0	356	G	T
N0_Mouse	0.277593748918	0	678	T	A
N0_Mouse	0.277713813069	0	1100	A	G
N0_Mouse	0.279382539896	0	164	G	C
N0_Mouse	0.280006573235	0	350	C	A
N0_Mouse	0.280643600651	0	3	A	G
N0_Mouse	0.281058525716	0	690	C	T
N0_Mouse	0.28197197758	0	1558	G	C
N0_Mouse	0.282015852754	0	1433	G	C
N0_Mouse	0.282251253996	0	142	T	G
N0_Mouse	0.28253497071	0	784	A	T
N0_Mouse	0.282847969498	0	1378	A	G
N0_Mouse	0.283023638623	0	1027	C	A
N0_Mouse	0.284318157209	0	929	A	T
N0_Mouse	0.285582646981	0	57	A	G
N0_Mouse	0.286417496505	0	996	C	A
N0_Mouse	0.286470699744	0	1476	G	C
N0_Mouse	0.28653060645	0	1325	G	A
N0_Mouse	0.287416310039	0	891	T	A
N0_Mouse	0.288405890137	0	253	G	A
N0_Mouse	0.288668158428	0	468	A	G
N0_Mouse	0.288946382278	0	251	T	C
N0_Mouse	0.291626802553	0	1464	G	A
N0_Mouse	0.291933114337	0	740	G	C
N0_Mouse	0.294250679034	0	340	C	T
N0_Mouse	0.296028247829	0	348	G	A
N0_Mouse	0.296328795256	0	720	T	A
N0_Mouse	0.296672415087	0	727	T	C
N0_Mouse	0.297686383189	0	197	G	T
N0_Mouse	0.298606891098	0	191	C	T
N0_Mouse	0.299529651576	0	712	T	A
N0_Mouse	0.300157479385	0	515	G	T
N0_Mouse	0.300609787695	0	436	C	T
N0_Mouse	0.303104280438	0	1235	T	G
N0_Mouse	0.304139468989	0	199	G	C
N0_Mouse	0.304322200639	0	1144	C	T
N0_Mouse	0.304694189627	0	401	A	G
N0_Mouse	0.304951222697	0	1416	C	A
N0_Mouse	0.305404195132	0	100	A	C
N0_Mouse	0.305627911836	0	1198	T	C
N0_Mouse	0.306041392143	0	42	G	A
N0_Mouse	0.307612125562	0	1422	C	G
N0_Mouse	0.308111953359	0	1413	A	T
N0_Mouse	0.31016351848	0	212	C	T
N0_Mouse	0.310434760797	0	1385	A	G
N0_Mouse	0.31166008713	0	579	T	C
N0_Mouse	0.311883620651	0	1345	T	A
N0_Mouse	0.312167085943	0	1334	T	C
N0_Mouse	0.312473202234	0	1189	T	C
N0_Mouse	0.313712799398	0	928	T	A
N0_Mouse	0.313836080067	0	556	C	A
N0_Mouse	0.313864246616	0	1511	A	T
N0_Mouse	0.314719768427	0	1444	A	C
N0_Mouse	0.315158241441	0	560	T	C
N0_Mouse	0.315289901405	0	206	A	T
N0_Mouse	0.315798060386	0	753	C	T
N0_Mouse	0.315819106645	0	490	G	C
N0_Mouse	0.315889884298	0	328	A	G
N0_Mouse	0.316537563087	0	242	A	G
N0_Mouse	0.316560870844	0	955	C	G
N0_Mouse	0.317634809091	0	1076	C	T
N0_Mouse	0.317658774056	0	538	T	G
N0_Mouse	0.317968791063	0	661	T	C
N0_Mouse	0.318705370449	0	76	C	A
N0_Mouse	0.31879491097	0	375	G	A
N0_Mouse	0.318834336263	0	707	C	T
N0_Mouse	0.319126775197	0	428	G	T
N0_Mouse	0.319963565167	0	452	G	A
N0_Mouse	0.320173705445	0	1509	A	T
N0_Mouse	0.320366276248	0	1077	G	A
N0_Mouse	0.320889945919	0	707	T	G
N0_Mouse	0.321344180375	0	1145	A	T
N0_Mouse	0.324073969493	0	99	A	G
N0_Mouse	0.324364429967	0	572	G	A
N0_Mouse	0.325308802116	0	1047	C	T
N0_Mouse	0.325951513976	0	1148	T	C
N0_Mouse	0.326212093384	0	1227	G	A
N0_Mouse	0.327517002193	0	678	A	C
N0_Mouse	0.328445532878	0	242	G	T
N0_Mouse	0.329144612067	0	1498	C	A
N0_Mouse	0.329770459224	0	1197	A	T
N0_Mouse	0.330212036661	0	21	G	T
N0_Mouse	0.330437386577	0	154	A	G
N0_Mouse	0.330596567924	0	371	C	A
N0_Mouse	0.330849914168	0	1003	G	A
N0_Mouse	0.331521848127	0	889	A	G
N0_Mouse	0.3319402767	0	1285	T	G
N0_Mouse	0.332331535633	0	738	A	T
N0_Mouse	0.333591478809	0	336	T	C
N0_Mouse	0.334388625949	0	1215	T	C
N0_Mouse	0.338228496918	0	798	T	C
N0_Mouse	0.338542333132	0	245	G	A
N0_Mouse	0.338654615716	0	1305	A	G
N0_Mouse	0.339078347762	0	0	C	T
N0_Mouse	0.339578352014	0	1331	C	A
N0_Mouse	0.340074959679	0	950	A	C
N0_Mouse	0.340510539416	0	1533	T	C
N0_Mouse	0.341174800736	0	1273	T	C
N0_Mouse	0.34148616078	0	450	A	T
N0_Mouse	0.341766568816	0	64	T	A
N0_Mouse	0.342321565004	0	40	G	A
N0_Mouse	0.343882758872	0	1475	A	G
N0_Mouse	0.344109846056	0	1187	G	T
N0_Mouse	0.344124524483	0	35	T	C
N0_Mouse	0.346024305024	0	444	T	C
N0_Mouse	0.346250022068	0	186	T	A
N0_Mouse	0.347515064116	0	352	T	A
N0_Mouse	0.349328918494	0	1499	A	T
N0_Mouse	0.349707409831	0	1059	G	A
N0_Mouse	0.349759227812	0	1222	C	G
N0_Mouse	0.349990335448	0	192	A	G
N0_Mouse	0.3509904495	0	1176	A	C
N0_Mouse	0.351571500303	0	1514	G	T
N0_Mouse	0.351621966813	0	741	A	T
N0_Mouse	0.352404654317	0	989	C	A
N0_Mouse	0.354750668958	0	348	A	G
N0_Mouse	0.355338213289	0	770	A	C
N0_Mouse	0.355727632089	0	1512	T	A
N0_Mouse	0.356603985124	0	1411	C	T
N0_Mouse	0.356680708787	0	1110	G	A
N0_Mouse	0.356942463221	0	368	A	G
N0_Mouse	0.357277901687	0	1235	G	C
N0_Mouse	0.35740366471	0	839	T	A
N0_Mouse	0.357910562636	0	1041	G	A
N0_Mouse	0.35860331254	0	1300	A	T
N0_Mouse	0.358923556802	0	1096	G	C
N0_Mouse	0.358931504571	0	252	T	G
N0_Mouse	0.360196708997	0	63	A	T
N0_Mouse	0.360405527906	0	641	C	T
N0_Mouse	0.360810482485	0	31	C	T
N0_Mouse	0.361558509014	0	477	C	G
N0_Mouse	0.363335947401	0	1268	T	C
N0_Mouse	0.364349617647	0	393	C	G
N0_Mouse	0.364763142065	0	1231	A	G
N0_Mouse	0.365609385768	0	649	G	C
N0_Mouse	0.365843893267	0	850	A	G
N0_Mouse	0.366713338969	0	674	T	C
N0_Mouse	0.367745293104	0	1137	C	G
N0_Mouse	0.368110720173	0	1160	T	C
N0_Mouse	0.368905800664	0	1142	C	T
N0_Mouse	0.369289202051	0	1063	T	C
N0_Mouse	0.36980995256	0	1228	G	A
N0_Mouse	0.369940647049	0	279	T	C
N0_Mouse	0.369946913531	0	964	T	C
N0_Mouse	0.370149357244	0	153	C	T
N0_Mouse	0.370385004762	0	490	C	T
N0_Mouse	0.370640536631	0	324	T	C
N0_Mouse	0.371658946551	0	1091	C	T
N0_Mouse	0.372182273052	0	1264	T	A
N0_Mouse	0.372236383501	0	165	C	T
N0_Mouse	0.37227348985	0	789	C	A
N0_Mouse	0.372456195351	0	596	G	A
N0_Mouse	0.372649798039	0	1568	C	T
N0_Mouse	0.372893563174	0	473	A	G
N0_Mouse	0.372900668422	0	499	T	G
N0_Mouse	0.373482908535	0	1196	G	T
N0_Mouse	0.375325919609	0	704	A	G
N0_Mouse	0.376889801504	0	54	A	C
N0_Mouse	0.377019013193	0	1172	T	G
N0_Mouse	0.377271025972	0	1417	T	C
N0_Mouse	0.377416716429	0	51	A	G
N0_Mouse	0.378404577274	0	1064	A	T
N0_Mouse	0.379492730822	0	691	A	G
N0_Mouse	0.380440312784	0	455	A	G
N0_Mouse	0.380648009258	0	659	G	C
N0_Mouse	0.381821421484	0	377	T	C
N0_Mouse	0.382087667084	0	302	T	A
N0_Mouse	0.382233757618	0	76	A	G
N0_Mouse	0.382834440244	0	576	T	A
N0_Mouse	0.382876314573	0	732	A	T
N0_Mouse	0.383117063371	0	877	T	C
N0_Mouse	0.383757625704	0	138	A	C
N0_Mouse	0.384280237272	0	171	G	A
N0_Mouse	0.384960008371	0	1035	G	T
N0_Mouse	0.385517016852	0	847	G	A
N0_Mouse	0.385905805901	0	703	A	G
N0_Mouse	0.386539310338	0	980	G	A
N0_Mouse	0.386646421097	0	263	T	C
N0_Mouse	0.387007087847	0	1506	G	C
N0_Mouse	0.389222821995	0	880	A	C
N0_Mouse	0.390537411967	0	47	C	A
N0_Mouse	0.390739001013	0	10	A	C
N0_Mouse	0.390930481968	0	110	T	A
N0_Mouse	0.391252568583	0	438	T	G
N0_Mouse	0.391856263538	0	79	G	A
N0_Mouse	0.392590428234	0	111	G	A
N0_Mouse	0.393551409597	0	1573	T	A
N0_Mouse	0.393553394851	0	869	T	A
N0_Mouse	0.393681451832	0	714	T	G
N0_Mouse	0.394506440931	0	208	G	T
N0_Mouse	0.394743269957	0	192	G	T
N0_Mouse	0.394816442031	0	976	G	A
N0_Mouse	0.395784135932	0	1213	G	A
N0_Mouse	0.396439840327	0	519	G	A
N0_Mouse	0.396699377318	0	764	T	C
N0_Mouse	0.397042582768	0	112	A	T
N0_Mouse	0.399740000306	0	403	A	C
N0_Mouse	0.400079084238	0	801	C	A
N0_Mouse	0.400262406536	0	864	A	T
N0_Mouse	0.400265495588	0	8	T	C
N0_Mouse	0.40043026874	0	1022	A	G
N0_Mouse	0.400522012218	0	1195	G	C
N0_Mouse	0.400615817504	0	1251	G	A
N0_Mouse	0.402221913645	0	1243	T	C
N0_Mouse	0.403127782451	0	543	C	G
N0_Mouse	0.404347656066	0	1409	A	C
N0_Mouse	0.404495662801	0	1137	G	A
N0_Mouse	0.406878957224	0	1499	T	G
N0_Mouse	0.407428794273	0	684	T	C
N0_Mouse	0.408122712674	0	1064	T	C
N0_Mouse	0.408315065664	0	486	A	C
N0_Mouse	0.408895580763	0	123	C	G
N0_Mouse	0.409182085064	0	373	C	T
N0_Mouse	0.409423435859	0	1173	T	G
N0_Mouse	0.409833657509	0	1393	C	T
N0_Mouse	0.411339919201	0	760	C	T
N0_Mouse	0.411713620336	0	910	C	T
N0_Mouse	0.411766589013	0	408	A	T
N0_Mouse	0.411844672088	0	391	G	A
N0_Mouse	0.412748426556	0	1231	G	C
N0_Mouse	0.412881426368	0	368	G	C
N0_Mouse	0.415248161245	0	365	C	T
N0_Mouse	0.415520524105	0	489	C	T
N0_Mouse	0.415607721276	0	94	T	C
N0_Mouse	0.416031772345	0	1225	C	A
N0_Mouse	0.416403586212	0	853	A	G
N0_Mouse	0.416477410838	0	686	A	T
N0_Mouse	0.417889305684	0	1099	C	T
N0_Mouse	0.418492019994	0	1157	C	A
N0_Mouse	0.419490738105	0	536	T	A
N0_Mouse	0.419540915654	0	881	A	T
N0_Mouse	0.420863634426	0	624	T	A
N0_Mouse	0.422243870638	0	141	A	T
N0_Mouse	0.422309747673	0	423	C	T
N0_Mouse	0.423456991173	0	589	C	T
N0_Mouse	0.424310104322	0	853	G	A
N0_Mouse	0.424396426389	0	872	T	C
N0_Mouse	0.424863029553	0	271	A	C
N0_Mouse	0.4259863552	0	309	G	C
N0_Mouse	0.426324886632	0	324	C	T
N0_Mouse	0.426359596329	0	270	A	G
N0_Mouse	0.426428428536	0	322	A	G
N0_Mouse	0.427319521942	0	1246	C	T
N0_Mouse	0.42762482612	0	1457	A	G
N0_Mouse	0.428252898288	0	790	G	A
N0_Mouse	0.428759548916	0	614	G	A
N0_Mouse	0.428856403618	0	834	A	G
N0_Mouse	0.429612574537	0	1041	A	G
N0_Mouse	0.431054315226	0	1487	T	A
N0_Mouse	0.43208515096	0	1190	A	C
N0_Mouse	0.432652205015	0	673	A	C
N0_Mouse	0.432761864761	0	953	C	G
N0_Mouse	0.432808148883	0	1434	G	A
N0_Mouse	0.433979221872	0	1425	A	G
N0_Mouse	0.434513628837	0	414	T	A
N0_Mouse	0.437424658918	0	304	C	A
N0_Mouse	0.437462921997	0	599	G	T
N0_Mouse	0.438111610495	0	790	A	C
N0_Mouse	0.438622305515	0	1109	G	C
N0_Mouse	0.438771808883	0	220	C	T
N0_Mouse	0.439891943554	0	1346	C	G
N0_Mouse	0.440800611086	0	908	T	C
N0_Mouse	0.441587247476	0	162	A	C
N0_Mouse	0.442170814387	0	522	A	T
N0_Mouse	0.443128382421	0	191	T	A
N0_Mouse	0.444057527725	0	1021	C	A
N0_Mouse	0.444285115821	0	345	T	C
N0_Mouse	0.444756524545	0	812	G	C
N0_Mouse	0.445187064811	0	345	C	A
N0_Mouse	0.445544183402	0	833	A	G
N0_Mouse	0.446271870601	0	585	T	C
N0_Mouse	0.447380044987	0	1467	C	A
N0_Mouse	0.447978775172	0	707	G	A
