edge	time	mut_orlg	mut_pos	old_state	new_state
N0_D1	0.000531196067785	0	350	A	G
N0_D1	0.000587006290633	0	639	C	A
N0_D1	0.00236383263676	0	608	C	T
N0_D1	0.00664712344847	0	503	A	T
N0_D1	0.00681311968406	0	593	C	A
N0_D1	0.00757727473773	0	154	T	A
N0_D1	0.00804472414342	0	446	A	G
N0_D1	0.0102748532651	0	367	G	T
N0_D1	0.0122711414721	0	380	A	G
N0_D1	0.013339405074	0	419	G	A
N0_D1	0.0136588874904	0	652	C	T
N0_D1	0.0183703147343	0	286	C	G
N0_D1	0.019469439902	0	312	A	C
N0_D1	0.0218635325505	0	175	T	A
N0_D1	0.0231299241744	0	541	T	C
N0_D1	0.0264788021835	0	338	T	G
N0_D1	0.0268756359707	0	620	G	A
N0_D1	0.0276815935044	0	146	C	T
N0_D1	0.0361562228714	0	88	G	T
N0_D1	0.0361905701401	0	200	A	C
N0_D1	0.03807227469	0	297	C	T
N0_D1	0.0387857204201	0	69	T	A
N0_D1	0.0406649967311	0	230	T	A
N0_D1	0.0407741913768	0	558	A	C
N0_D1	0.0432822800453	0	196	A	C
N0_D1	0.0449511889534	0	193	T	A
N0_D1	0.0450079250634	0	34	G	T
N0_D1	0.0457598437173	0	503	T	A
N0_D1	0.0489303102546	0	48	C	G
N0_D1	0.0491239584361	0	177	T	G
D1_N1	0.0014824079955	2	172	T	A
D1_N1	0.00264789698464	2	663	G	A
D1_N1	0.00427737204777	2	391	A	G
D1_N1	0.00446303935858	1	0	T	A
D1_N1	0.00503774395372	1	606	A	G
D1_N1	0.00748220395471	2	561	G	C
D1_N1	0.00757380117166	1	303	G	A
D1_N1	0.00879124504151	2	616	T	A
D1_N1	0.00988620722605	1	222	G	A
D1_N1	0.013880588613	2	476	T	C
D1_N1	0.014944495248	2	578	T	C
D1_N1	0.0150077730195	2	525	A	G
D1_N1	0.015321272614	2	273	T	C
D1_N1	0.0155694113675	1	656	A	G
D1_N1	0.0157111607299	2	106	A	G
D1_N1	0.0165998211854	2	313	T	C
D1_N1	0.0167474779891	1	333	A	T
D1_N1	0.0167593686072	1	655	C	T
D1_N1	0.0167974403819	2	436	A	T
D1_N1	0.0183360182298	2	138	T	G
D1_N1	0.0183754614296	2	612	G	A
D1_N1	0.0211175688813	2	605	A	G
D1_N1	0.0216731698739	1	255	A	G
D1_N1	0.0218871327412	2	316	A	G
D1_N1	0.0227326230881	2	608	T	C
D1_N1	0.0235510880646	2	242	T	C
D1_N1	0.0240153838029	1	506	T	A
D1_N1	0.0241992883044	1	199	G	T
D1_N1	0.0243182111205	1	577	T	G
D1_N1	0.0243544711471	2	33	A	G
D1_N1	0.0244725121639	2	390	C	G
D1_N1	0.0249832571033	1	89	C	T
D1_N1	0.0250474762757	2	248	C	G
D1_N1	0.025551860999	2	416	T	G
D1_N1	0.0264773881486	1	556	C	T
D1_N1	0.0269526300468	1	395	A	G
D1_N1	0.0272789908135	2	65	A	T
D1_N1	0.0274377891953	1	310	G	C
D1_N1	0.0291470300792	2	364	T	C
D1_N1	0.0292880184861	1	124	A	C
D1_N1	0.0305070283804	2	566	C	G
D1_N1	0.0305964677174	2	179	G	C
D1_N1	0.0308470967184	1	461	G	A
D1_N1	0.0312212093516	2	564	C	A
D1_N1	0.0317344700597	1	280	T	C
D1_N1	0.0320645939443	2	230	A	G
D1_N1	0.0321418771913	1	431	T	G
D1_N1	0.0324071858298	2	364	C	T
D1_N1	0.0334854207037	1	49	C	G
D1_N1	0.0358451936822	1	667	G	T
D1_N1	0.0387629893411	1	344	T	C
D1_N1	0.0391279451081	2	286	G	C
D1_N1	0.0401191500431	1	633	A	C
D1_N1	0.040332978828	1	546	T	C
D1_N1	0.0409029850089	2	526	G	A
D1_N1	0.0413089264576	2	481	T	C
D1_N1	0.0419907839528	1	251	T	C
D1_N1	0.0427350035695	2	487	A	G
D1_N1	0.0462555311589	1	584	G	A
D1_N1	0.0465839527193	2	212	C	T
D1_N1	0.0480956381281	2	614	T	C
D1_N1	0.0482835474011	2	579	A	G
D1_N1	0.0484910339577	1	395	G	T
D1_N1	0.0485912341532	2	531	A	T
D1_N1	0.0489915514678	1	460	A	T
D1_N1	0.0495656272519	1	252	A	G
D1_N1	0.0501050836959	1	178	T	C
D1_N1	0.0508848040254	1	7	C	A
D1_N1	0.0514161722642	1	424	C	T
D1_N1	0.0520888354499	2	587	T	C
D1_N1	0.0530307782177	1	116	G	A
D1_N1	0.0555470072257	1	252	G	A
D1_N1	0.0567862936913	1	525	A	G
D1_N1	0.0590595843345	1	403	G	A
D1_N1	0.0610997548423	2	279	C	G
D1_N1	0.0613389673525	1	212	C	T
D1_N1	0.0624882337191	2	234	G	C
D1_N1	0.0640039065075	1	477	C	A
D1_N1	0.065520999582	2	542	G	A
D1_N1	0.0669024410402	2	569	T	C
D1_N1	0.0671063952907	2	486	G	A
D1_N1	0.0672171156752	1	111	A	G
D1_N1	0.0673416753595	1	185	T	C
D1_N1	0.067927950712	2	599	C	T
D1_N1	0.069593920946	1	346	T	C
D1_N1	0.0696009835798	2	469	A	G
D1_N1	0.0698276336662	1	410	A	G
D1_N1	0.0703882976282	2	516	T	C
D1_N1	0.0713058723873	2	214	A	T
D1_N1	0.0715559876983	2	325	G	C
D1_N1	0.0719483120352	2	677	T	G
D1_N1	0.0753307018344	2	620	A	G
D1_N1	0.0753491028454	2	452	A	C
D1_N1	0.0759936768428	1	35	G	A
D1_N1	0.0763060702499	2	133	C	T
D1_N1	0.0767964692099	1	144	G	A
D1_N1	0.0783816829573	2	546	T	A
D1_N1	0.0789194196514	2	58	T	A
D1_N1	0.0794564202979	2	633	A	T
D1_N1	0.0795868524517	2	129	A	T
D1_N1	0.0811519678702	1	625	A	T
D1_N1	0.0825866478359	1	313	T	C
D1_N1	0.0833300287272	2	229	A	G
D1_N1	0.0837941309498	1	549	A	G
D1_N1	0.0844808632355	2	578	C	T
D1_N1	0.0847253080332	2	674	T	C
D1_N1	0.0859068647126	2	442	G	T
D1_N1	0.0871065992386	1	642	G	A
D1_N1	0.0880520649229	2	549	A	G
D1_N1	0.0880950260413	1	595	G	A
D1_N1	0.0883796698549	1	117	T	A
D1_N1	0.0884743888713	1	363	C	T
D1_N1	0.0891456885931	1	297	T	A
D1_N1	0.0892302912051	2	676	T	G
D1_N1	0.0902528089449	2	495	T	C
D1_N1	0.0906738544952	1	111	G	C
D1_N1	0.0909143169012	1	407	C	T
D1_N1	0.0909868365549	2	366	C	T
D1_N1	0.0919163761986	1	673	G	C
D1_N1	0.0921515002222	2	507	G	A
D1_N1	0.092712642253	2	494	A	G
D1_N1	0.0928770118818	1	322	C	T
D1_N1	0.0931522283289	1	380	G	T
D1_N1	0.0936455139898	1	237	G	T
D1_N1	0.0969799126965	2	215	G	A
D1_N1	0.0972610987091	2	27	C	T
D1_N1	0.0973419487543	2	79	C	A
D1_N1	0.0980947552809	1	85	C	A
D1_N1	0.100361096092	2	391	G	A
D1_N1	0.100466705449	2	429	A	T
D1_N1	0.10071469553	1	254	T	C
D1_N1	0.101901127768	1	557	A	T
D1_N1	0.102904746393	1	523	T	C
D1_N1	0.10378451686	2	283	A	G
D1_N1	0.10390881612	2	580	A	G
D1_N1	0.103973624241	2	109	G	A
D1_N1	0.104514831624	2	375	A	C
D1_N1	0.105003124958	2	129	T	A
D1_N1	0.105260932604	2	531	T	A
D1_N1	0.10559605088	1	321	C	A
D1_N1	0.105905179165	1	240	C	T
D1_N1	0.106528253258	2	535	T	A
D1_N1	0.109338043565	2	348	C	G
D1_N1	0.109902401784	2	424	C	A
D1_N1	0.110321191709	1	640	G	T
D1_N1	0.112381868034	2	21	T	C
D1_N1	0.113612097994	1	486	G	T
D1_N1	0.11377807073	2	46	A	T
D1_N1	0.114702959057	2	262	A	G
D1_N1	0.115103281109	2	172	A	C
D1_N1	0.115980490227	1	178	C	T
D1_N1	0.116494952516	1	651	T	C
D1_N1	0.11665089975	1	579	A	G
D1_N1	0.116921553832	1	239	C	A
D1_N1	0.118015586429	1	176	G	A
D1_N1	0.118423647628	1	313	C	A
D1_N1	0.118739638168	2	590	T	G
D1_N1	0.118976795033	1	179	G	A
D1_N1	0.119370101541	2	643	A	C
D1_N1	0.120486046387	1	563	G	C
D1_N1	0.120572635593	2	153	A	G
D1_N1	0.121685675717	2	222	G	T
D1_N1	0.123253550215	2	13	G	T
D1_N1	0.123651301266	2	192	A	G
D1_N1	0.124212559763	1	261	G	C
D1_N1	0.124389659198	1	626	T	A
D1_N1	0.124746696031	2	512	T	C
D1_N1	0.12686566081	2	399	A	T
D1_N1	0.127702625884	2	246	C	T
D1_N1	0.128924304629	2	422	G	T
D1_N1	0.129296578921	2	565	A	T
D1_N1	0.129494671159	2	588	A	G
D1_N1	0.129615300363	2	395	A	C
D1_N1	0.129734160215	1	285	A	G
D1_N1	0.13022188265	2	595	G	A
D1_N1	0.130643707744	2	539	G	A
D1_N1	0.135292561224	1	269	T	G
D1_N1	0.137354817404	1	583	A	G
D1_N1	0.138130397739	2	104	G	C
D1_N1	0.139588060754	2	72	C	A
D1_N1	0.139656542209	1	405	C	A
D1_N1	0.141760165862	2	643	C	A
D1_N1	0.141994732353	2	90	A	G
D1_N1	0.142153529687	2	340	C	T
D1_N1	0.142262758628	2	8	A	T
D1_N1	0.143934804967	1	272	T	C
D1_N1	0.144216461945	2	359	T	A
D1_N1	0.14557127545	2	66	C	G
D1_N1	0.145614056992	1	457	A	C
D1_N1	0.147324993582	2	285	A	T
D1_N1	0.147654263368	2	568	G	T
D1_N1	0.149768939627	1	61	C	G
D1_N1	0.149805025594	1	20	T	C
D1_N1	0.150032578898	2	439	C	T
D1_N1	0.150782247136	2	571	C	G
D1_N1	0.152568438904	1	23	G	A
D1_N1	0.153356415642	1	678	G	T
D1_N1	0.153609145628	2	144	G	C
D1_N1	0.154634219621	2	558	C	T
D1_N1	0.155855866904	1	302	G	T
D1_N1	0.156173379243	2	523	T	C
D1_N1	0.156315586777	2	246	T	A
D1_N1	0.15693332152	1	260	A	G
D1_N1	0.158721598398	1	616	T	C
D1_N1	0.159809926345	2	581	C	T
D1_N1	0.161055280301	1	64	C	G
D1_N1	0.161569766514	2	446	G	A
D1_N1	0.161830246557	2	349	A	T
D1_N1	0.164991390096	1	364	T	G
D1_N1	0.166031763019	2	168	G	A
D1_N1	0.166065434775	2	86	C	T
D1_N1	0.166725659029	2	267	T	C
D1_N1	0.166913609231	2	438	G	T
D1_N1	0.167124081423	1	254	C	G
D1_N1	0.167530553521	2	4	A	T
D1_N1	0.168718810916	2	586	G	A
D1_N1	0.169919354895	1	274	T	C
D1_N1	0.169947354024	1	587	T	C
D1_N1	0.170384379365	2	568	T	A
D1_N1	0.170438890668	2	582	A	C
D1_N1	0.171675698966	2	669	T	A
D1_N1	0.172728862766	2	5	A	C
D1_N1	0.174279045165	1	680	G	A
D1_N1	0.174507234756	1	328	T	G
D1_N1	0.174902582554	1	339	A	G
D1_N1	0.175247226923	1	358	T	C
D1_N1	0.175337546146	1	28	G	T
D1_N1	0.17787457113	2	12	G	A
D1_N1	0.178485336494	2	161	T	C
D1_N1	0.180372523488	2	244	T	C
D1_N1	0.181637735669	1	515	G	A
D1_N1	0.184200187983	1	606	G	C
D1_N1	0.184275106672	2	526	A	G
D1_N1	0.18476823696	1	245	G	A
D1_N1	0.184889843273	2	613	T	C
D1_N1	0.185099281026	1	559	C	T
D1_N1	0.186236368859	2	51	T	C
D1_N1	0.188032912219	1	391	G	A
D1_N1	0.188664717761	2	431	T	A
D1_N1	0.188787099542	1	661	T	C
D1_N1	0.189023337862	2	91	A	G
D1_N1	0.189495229272	2	428	G	A
D1_N1	0.190124379375	2	558	T	C
D1_N1	0.190135049304	1	330	T	C
D1_N1	0.190527141432	2	248	G	A
D1_N1	0.191725662171	2	667	G	A
D1_N1	0.191851604328	1	541	C	A
D1_N1	0.191872549991	2	448	T	C
D1_N1	0.194546866055	2	535	A	G
D1_N1	0.194875168288	1	205	G	A
D1_N1	0.19537539466	2	613	C	A
D1_N1	0.195741646314	1	116	A	G
D1_N1	0.195851896702	2	619	T	A
D1_N1	0.196415008315	1	615	T	G
D1_N1	0.196432923882	2	585	C	G
D1_N1	0.196881515137	1	459	C	T
D1_N1	0.197387821395	1	498	A	G
D1_N1	0.19871025573	1	60	G	C
D1_N1	0.198995258369	1	102	C	T
D1_N1	0.199093227425	2	624	G	A
D1_N1	0.199225125105	2	311	C	A
D1_N1	0.20158801766	1	240	T	G
D1_N1	0.202978238841	1	592	C	A
D1_N1	0.203813214128	1	344	C	T
D1_N1	0.20419263458	1	0	A	T
D1_N1	0.205689298633	2	415	C	A
D1_N1	0.206452597102	1	19	G	A
D1_N1	0.207152745676	2	415	A	G
D1_N1	0.207573288136	2	355	C	A
D1_N1	0.208798199448	1	314	G	A
D1_N1	0.210204248534	2	536	T	A
D1_N1	0.210761352627	2	217	C	T
D1_N1	0.214396004476	2	101	A	C
D1_N1	0.214642890274	1	448	T	A
D1_N1	0.215234584906	2	668	T	A
D1_N1	0.215422594541	1	285	G	C
D1_N1	0.215868886563	2	39	G	T
D1_N1	0.216171998097	2	328	T	C
D1_N1	0.220664870814	1	24	T	G
D1_N1	0.220965053501	2	306	C	G
D1_N1	0.22121853433	1	628	C	T
D1_N1	0.221637966351	1	557	T	G
D1_N1	0.221672734404	1	517	T	A
D1_N1	0.221736606945	1	56	T	A
D1_N1	0.222581477299	1	41	G	T
D1_N1	0.222883709595	2	304	A	T
D1_N1	0.222920312336	1	487	A	T
D1_N1	0.223242121979	1	119	A	C
D1_N1	0.223310283302	1	254	G	A
D1_N1	0.223866052762	1	177	G	A
D1_N1	0.223944335574	1	171	T	C
D1_N1	0.225159318601	1	474	T	C
D1_N1	0.226505003401	1	449	C	T
D1_N1	0.226540618594	2	674	C	A
D1_N1	0.226875319006	1	466	G	A
D1_N1	0.228123455529	1	160	G	A
D1_N1	0.228518600194	2	303	G	C
D1_N1	0.229160151861	2	369	A	T
D1_N1	0.229576293729	1	502	C	T
D1_N1	0.229643788091	2	300	A	T
D1_N1	0.230444337437	2	439	T	A
D1_N1	0.230589343063	1	144	A	G
D1_N1	0.230721587151	1	504	G	A
D1_N1	0.231609730362	1	594	T	G
D1_N1	0.233648124493	2	494	G	C
N1_N2	0.000125399705191	1	340	C	T
N1_N2	0.00215547112684	1	415	C	A
N1_N2	0.00279457132843	1	562	A	G
N1_N2	0.00378331605954	1	105	A	G
N1_N2	0.00420482343634	1	81	A	C
N1_N2	0.00502649548662	1	83	A	G
N1_N2	0.00562471489182	2	575	T	C
N1_N2	0.007024217673	1	104	G	A
N1_N2	0.00706399275444	2	555	T	A
N1_N2	0.00846280315612	1	345	T	C
N1_N2	0.00858103204149	1	89	T	A
N1_N2	0.00964142940491	2	208	C	T
N1_N2	0.0105792181128	2	367	T	G
N1_N2	0.010738045474	2	674	A	G
N1_N2	0.0110353108289	1	44	A	G
N1_N2	0.011171963328	2	211	T	C
N1_N2	0.011967975947	1	207	A	G
N1_N2	0.0134600571756	1	481	T	A
N1_N2	0.0136114760569	1	318	T	A
N1_N2	0.0136161568275	1	345	C	A
N1_N2	0.0144291555325	2	430	T	A
N1_N2	0.0147301347855	2	668	A	T
N1_N2	0.0152881109687	1	108	T	C
N2_N3	0.000235706835033	1	370	A	G
N2_N3	0.000589530782143	1	519	C	A
N2_N3	0.00188990154334	2	405	C	G
N2_N3	0.00354779002387	2	47	G	T
N2_N3	0.00425258442654	1	533	T	A
N2_N3	0.00502717015852	1	63	T	C
N2_N3	0.0063121582721	1	289	T	C
N3_N4	0.000544782531384	2	286	C	T
N3_N4	0.000837138876972	2	412	T	A
N3_N4	0.00103092226605	2	667	A	T
N3_N4	0.00214319222932	2	356	A	C
N3_N4	0.00219277813925	1	419	A	G
N3_N4	0.00219619332699	2	306	G	A
N3_N4	0.00299216838309	2	369	T	C
N3_N4	0.00311973667901	2	155	G	A
N3_N4	0.00313283482879	1	331	C	G
N3_N4	0.00324926047195	1	584	A	G
N3_N4	0.00420516555372	1	189	G	T
N3_N4	0.00479525885982	2	108	T	A
N3_N4	0.00672195775022	1	422	G	A
N3_N4	0.00678349365434	2	478	A	T
N3_N4	0.00699677698928	1	282	G	T
N3_N4	0.00760081656712	1	102	T	C
N3_N4	0.0076917764427	2	585	G	A
N3_N4	0.00785221583677	1	142	T	C
N4_Human	6.22908614244e-05	2	205	G	A
N4_Human	0.00232944274676	2	10	A	G
N4_Human	0.00400373037791	2	610	G	C
N4_Human	0.00415623385958	1	11	T	C
N4_Human	0.00436422468227	2	386	A	C
N4_Human	0.00506548697599	1	359	T	C
N4_Human	0.00530612296279	1	400	A	G
N4_Human	0.00667948742553	1	623	G	C
N4_Human	0.00737734504118	1	228	T	G
N4_Human	0.00914477845301	2	21	C	T
N4_Human	0.0094813464501	2	115	T	C
N4_Chimp	0.000134147588615	2	652	T	C
N4_Chimp	0.000480081264725	2	165	G	A
N4_Chimp	0.00119099812298	1	650	T	C
N4_Chimp	0.00178198317388	1	187	A	G
N4_Chimp	0.00222325242564	2	251	C	T
N4_Chimp	0.00305407899122	1	198	A	C
N4_Chimp	0.00343984682597	2	25	G	A
N4_Chimp	0.00490811843183	2	99	A	C
N4_Chimp	0.00497696349523	1	506	A	T
N4_Chimp	0.00510994377316	1	627	A	C
N4_Chimp	0.00586523805645	1	366	C	T
N4_Chimp	0.00616273457463	1	267	T	C
N4_Chimp	0.00678248513394	2	369	C	T
N4_Chimp	0.00712529018231	2	381	T	G
N4_Chimp	0.00715944411905	1	433	T	C
N4_Chimp	0.0071839143899	1	361	C	A
N4_Chimp	0.00731373718049	1	26	A	T
N4_Chimp	0.00791815965611	1	17	T	C
N4_Chimp	0.00961944144943	2	371	G	T
N4_Chimp	0.0106864261724	2	135	G	T
N4_Chimp	0.0110085434844	1	192	A	T
N3_Goril	0.00186411840711	1	553	G	C
N3_Goril	0.0021590698987	2	189	G	A
N3_Goril	0.00284846088628	2	476	C	T
N3_Goril	0.0033081027487	1	73	G	C
N3_Goril	0.00367525373514	1	96	G	A
N3_Goril	0.00407889430445	2	139	A	T
N3_Goril	0.00497341093848	1	328	G	A
N3_Goril	0.00523017186784	2	282	G	T
N3_Goril	0.00779954401522	1	437	T	G
N3_Goril	0.00803271136966	1	587	C	T
N3_Goril	0.00885321667378	1	521	A	T
N3_Goril	0.0094447437628	2	134	A	T
N3_Goril	0.00965134489279	2	613	A	G
N3_Goril	0.0102499323405	2	603	C	T
N3_Goril	0.0110696946411	2	530	A	G
N3_Goril	0.0127298790875	2	89	C	T
N3_Goril	0.0131465998785	1	606	C	T
N3_Goril	0.0142454822294	2	465	C	T
N3_Goril	0.0149657773429	1	260	G	T
N3_Goril	0.0150156216424	2	140	A	T
N3_Goril	0.0152859798203	2	112	C	T
N3_Goril	0.0157679066661	2	602	T	G
N3_Goril	0.0161341971124	1	636	G	A
N3_Goril	0.016452519747	2	313	C	T
N3_Goril	0.0164888436722	1	380	T	C
N3_Goril	0.0166013103093	1	551	A	G
N3_Goril	0.0171745818711	2	328	C	G
N3_Goril	0.0177842680436	2	585	G	A
N3_Goril	0.0187957228376	1	254	A	G
N3_Goril	0.0190158242135	2	362	G	A
N3_Goril	0.0198607455914	1	234	G	A
N2_Orang	0.0012148419481	1	259	G	A
N2_Orang	0.00592712321198	2	577	T	C
N2_Orang	0.0063792339817	1	371	G	C
N2_Orang	0.00696045010767	2	336	A	G
N2_Orang	0.007379653145	2	540	C	T
N2_Orang	0.00739290259452	2	486	A	T
N2_Orang	0.00794538541399	2	253	A	G
N2_Orang	0.00928962851756	2	23	G	A
N2_Orang	0.00977459026975	2	589	A	G
N2_Orang	0.0106122426892	2	6	C	T
N2_Orang	0.0111702873755	2	495	C	T
N2_Orang	0.0113337510663	2	179	C	T
N2_Orang	0.0124576777695	1	624	G	T
N2_Orang	0.013468342619	1	234	G	T
N2_Orang	0.0139702587866	2	115	T	A
N2_Orang	0.0142200761735	1	125	G	A
N2_Orang	0.01601796333	1	379	A	C
N1_Macaq	0.00101965933177	2	671	A	T
N1_Macaq	0.00102404627766	1	415	C	T
N1_Macaq	0.00300046489964	1	616	C	T
N1_Macaq	0.00389749199766	1	79	C	G
N1_Macaq	0.00403482560098	1	238	C	T
N1_Macaq	0.00412610532083	2	353	A	G
N1_Macaq	0.00533438537054	1	17	T	C
N1_Macaq	0.00678699069954	1	70	A	T
N1_Macaq	0.00682239258272	2	160	G	A
N1_Macaq	0.00747684296712	1	663	G	A
N1_Macaq	0.00763686945677	2	652	T	A
N1_Macaq	0.00807409604736	2	10	A	G
N1_Macaq	0.00833212760889	1	232	G	A
N1_Macaq	0.00880103850903	2	74	T	A
N1_Macaq	0.00907802294632	1	267	T	G
N1_Macaq	0.0102027887548	1	669	T	A
N1_Macaq	0.0102187618302	1	169	G	A
N1_Macaq	0.0103899476272	2	451	T	A
N1_Macaq	0.0134563161008	2	661	T	G
N1_Macaq	0.0138696374105	1	207	A	G
N1_Macaq	0.0159228746333	1	423	T	A
N1_Macaq	0.0161476081368	1	296	A	G
N1_Macaq	0.0162967702191	2	163	A	G
N1_Macaq	0.0165753582374	1	360	C	G
N1_Macaq	0.0189903494144	1	452	A	G
N1_Macaq	0.0190628138652	1	539	G	A
N1_Macaq	0.0198158402968	1	293	T	C
N1_Macaq	0.0233975289247	2	348	C	A
N1_Macaq	0.0235157962299	2	628	C	G
N1_Macaq	0.0263851058972	2	286	C	G
N1_Macaq	0.0290582396424	2	233	T	C
N1_Macaq	0.0309563807228	2	208	C	A
N1_Macaq	0.0310025221543	1	501	T	C
N1_Macaq	0.0324793159377	1	490	G	C
N1_Macaq	0.0334229297227	2	47	G	A
N1_Macaq	0.0337453254583	2	573	T	A
N1_Macaq	0.0346502758884	1	617	A	G
N1_Macaq	0.0348624381078	1	139	A	G
N1_Macaq	0.0353267443822	1	354	A	T
N1_Macaq	0.0364126992938	1	198	A	T
N1_Macaq	0.0375139275811	1	195	A	C
N1_Macaq	0.0375711217225	2	482	A	G
N1_Macaq	0.0378516073237	2	102	C	A
N1_Macaq	0.0379190922967	2	677	G	T
N1_Macaq	0.0406132221048	1	501	C	G
N1_Macaq	0.041825214587	2	308	T	C
N1_Macaq	0.0431119698768	2	567	C	T
N1_Macaq	0.0434700183418	2	34	T	C
N0_Mouse	0.000426599890087	0	514	G	T
N0_Mouse	0.000886907323589	0	431	T	C
N0_Mouse	0.00126209247704	0	627	A	T
N0_Mouse	0.00129785205414	0	510	C	T
N0_Mouse	0.00227057706088	0	233	T	C
N0_Mouse	0.00372486801078	0	443	C	T
N0_Mouse	0.00522122359077	0	91	A	T
N0_Mouse	0.00553378233172	0	330	T	G
N0_Mouse	0.00736698465961	0	618	A	G
N0_Mouse	0.00874180880531	0	266	C	G
N0_Mouse	0.0121012294726	0	352	C	T
N0_Mouse	0.012291656562	0	322	C	T
N0_Mouse	0.0124693741308	0	553	G	A
N0_Mouse	0.0139140310439	0	313	T	A
N0_Mouse	0.0149100246428	0	12	G	C
N0_Mouse	0.0152432708375	0	238	C	T
N0_Mouse	0.0157777297108	0	365	C	G
N0_Mouse	0.0162902421515	0	32	T	C
N0_Mouse	0.0169440680932	0	509	C	T
N0_Mouse	0.0181058855012	0	247	T	G
N0_Mouse	0.0191018017271	0	396	A	G
N0_Mouse	0.0199365500678	0	673	G	A
N0_Mouse	0.0228628285129	0	274	T	C
N0_Mouse	0.0239769250233	0	50	C	G
N0_Mouse	0.0246441035893	0	426	T	A
N0_Mouse	0.0251363076117	0	128	G	A
N0_Mouse	0.0253717485016	0	206	T	A
N0_Mouse	0.0258955907209	0	607	G	A
N0_Mouse	0.0262438683448	0	18	C	T
N0_Mouse	0.0264802587947	0	19	G	T
N0_Mouse	0.0265140728593	0	373	G	A
N0_Mouse	0.0265408295959	0	412	T	G
N0_Mouse	0.0288402680693	0	665	G	A
N0_Mouse	0.0295423579992	0	242	T	C
N0_Mouse	0.0312583644795	0	378	A	G
N0_Mouse	0.0380170713345	0	80	G	A
N0_Mouse	0.038516535616	0	343	T	G
N0_Mouse	0.0385511138501	0	384	A	T
N0_Mouse	0.0388393624562	0	108	T	A
N0_Mouse	0.0390170834736	0	8	A	T
N0_Mouse	0.0400287601909	0	488	C	T
N0_Mouse	0.0403153268117	0	256	C	T
N0_Mouse	0.0438735482874	0	627	T	C
N0_Mouse	0.0445773570581	0	439	C	G
N0_Mouse	0.0458343954628	0	45	A	T
N0_Mouse	0.0459711597057	0	131	T	G
N0_Mouse	0.0462787686545	0	216	C	G
N0_Mouse	0.0465170593238	0	460	A	T
N0_Mouse	0.0469161570573	0	448	T	C
N0_Mouse	0.049031000013	0	49	C	A
N0_Mouse	0.0510924240157	0	207	A	G
N0_Mouse	0.0548904740451	0	560	C	T
N0_Mouse	0.0567990386259	0	197	G	T
N0_Mouse	0.0576198524568	0	665	A	G
N0_Mouse	0.0600643044731	0	357	C	T
N0_Mouse	0.060260353858	0	382	G	T
N0_Mouse	0.0618080143828	0	40	T	A
N0_Mouse	0.0632945898695	0	403	G	A
N0_Mouse	0.0655117140991	0	278	A	T
N0_Mouse	0.0685769080761	0	464	G	A
N0_Mouse	0.0696715732678	0	539	G	A
N0_Mouse	0.0700818309807	0	546	T	G
N0_Mouse	0.070489632377	0	678	G	A
N0_Mouse	0.0711997248096	0	627	C	T
N0_Mouse	0.0728032169878	0	445	A	G
N0_Mouse	0.0779160298211	0	551	A	T
N0_Mouse	0.0779624160539	0	531	A	C
N0_Mouse	0.0784206436445	0	386	A	G
N0_Mouse	0.0802353112244	0	368	C	G
N0_Mouse	0.0807384590247	0	463	G	T
N0_Mouse	0.084468648853	0	583	A	G
N0_Mouse	0.0862915299851	0	184	T	C
N0_Mouse	0.0874888611399	0	212	C	T
N0_Mouse	0.0879628432415	0	481	T	C
N0_Mouse	0.0879853801911	0	620	G	T
N0_Mouse	0.0910510362317	0	648	T	C
N0_Mouse	0.0955618075394	0	139	A	G
N0_Mouse	0.0961862295262	0	143	T	A
N0_Mouse	0.0962940679544	0	365	G	A
N0_Mouse	0.0975955284582	0	519	C	T
N0_Mouse	0.103778583826	0	554	T	A
N0_Mouse	0.10432072021	0	522	A	G
N0_Mouse	0.10619443359	0	656	A	G
N0_Mouse	0.109356179421	0	515	G	A
N0_Mouse	0.109822083611	0	603	C	T
N0_Mouse	0.10999793673	0	339	A	C
N0_Mouse	0.111235436365	0	531	C	A
N0_Mouse	0.111455108155	0	205	G	A
N0_Mouse	0.111465681346	0	113	T	C
N0_Mouse	0.113886370893	0	255	A	G
N0_Mouse	0.115823549228	0	278	T	C
N0_Mouse	0.117677950042	0	132	G	T
N0_Mouse	0.118030123853	0	507	G	T
N0_Mouse	0.121896296767	0	661	T	C
N0_Mouse	0.125835751903	0	248	C	A
N0_Mouse	0.128046953555	0	202	T	C
N0_Mouse	0.128439859895	0	443	T	A
N0_Mouse	0.131482163937	0	472	G	A
N0_Mouse	0.131702698783	0	170	T	C
N0_Mouse	0.131760692444	0	560	T	C
N0_Mouse	0.132674891031	0	164	A	T
N0_Mouse	0.13364138841	0	204	T	C
N0_Mouse	0.135171612546	0	481	C	T
N0_Mouse	0.13532850857	0	669	T	C
N0_Mouse	0.137209876679	0	60	G	T
N0_Mouse	0.139738368497	0	385	G	A
N0_Mouse	0.140628957896	0	34	G	A
N0_Mouse	0.140798357701	0	427	T	A
N0_Mouse	0.142987876612	0	675	G	C
N0_Mouse	0.144558101811	0	218	A	C
N0_Mouse	0.144981773924	0	413	A	G
N0_Mouse	0.145211553973	0	96	G	C
N0_Mouse	0.148628745246	0	28	G	A
N0_Mouse	0.149367490907	0	667	G	T
N0_Mouse	0.152250194576	0	109	G	C
N0_Mouse	0.153378672473	0	535	T	A
N0_Mouse	0.157364604823	0	416	T	C
N0_Mouse	0.157526015431	0	110	T	C
N0_Mouse	0.158224181157	0	55	G	A
N0_Mouse	0.159086603391	0	601	G	A
N0_Mouse	0.161714578089	0	319	C	T
N0_Mouse	0.164978393958	0	587	T	C
N0_Mouse	0.168228641351	0	100	T	G
N0_Mouse	0.171845353421	0	383	T	A
N0_Mouse	0.173251057702	0	323	T	C
N0_Mouse	0.173679555153	0	474	T	A
N0_Mouse	0.17428005855	0	665	G	A
N0_Mouse	0.174571120744	0	311	C	A
N0_Mouse	0.175242732381	0	362	G	A
N0_Mouse	0.177115043279	0	59	C	A
N0_Mouse	0.179877873054	0	64	C	T
N0_Mouse	0.181759001049	0	464	A	G
N0_Mouse	0.182235511104	0	574	G	A
N0_Mouse	0.182782475836	0	404	T	C
N0_Mouse	0.188334938801	0	315	G	A
N0_Mouse	0.188824075885	0	612	G	C
N0_Mouse	0.188993033103	0	251	T	A
N0_Mouse	0.189315470609	0	573	T	C
N0_Mouse	0.190220470464	0	183	T	C
N0_Mouse	0.190353819607	0	337	T	C
N0_Mouse	0.192070751264	0	185	T	C
N0_Mouse	0.19238825397	0	126	G	A
N0_Mouse	0.195510523605	0	498	A	C
N0_Mouse	0.199109937668	0	51	T	C
N0_Mouse	0.199990077641	0	84	T	G
N0_Mouse	0.200189919305	0	450	G	T
N0_Mouse	0.200602927343	0	625	A	T
N0_Mouse	0.200832868262	0	523	T	C
N0_Mouse	0.202240570368	0	449	C	G
N0_Mouse	0.202710708429	0	285	A	T
N0_Mouse	0.208387596852	0	438	G	A
N0_Mouse	0.208455619738	0	38	G	A
N0_Mouse	0.209398727327	0	671	A	T
N0_Mouse	0.209537160719	0	453	T	C
N0_Mouse	0.210096942684	0	557	A	T
N0_Mouse	0.211248675654	0	232	G	A
N0_Mouse	0.214960523084	0	533	T	A
N0_Mouse	0.21513375075	0	235	A	T
N0_Mouse	0.215402018691	0	600	G	T
N0_Mouse	0.218007958661	0	474	A	G
N0_Mouse	0.21883787869	0	661	C	T
N0_Mouse	0.218930870515	0	377	C	T
N0_Mouse	0.219686062493	0	499	G	A
N0_Mouse	0.219743489932	0	98	C	G
N0_Mouse	0.220534397408	0	338	T	C
N0_Mouse	0.22090700115	0	353	A	T
N0_Mouse	0.223400472811	0	540	C	G
N0_Mouse	0.22389951142	0	382	T	C
N0_Mouse	0.224076211299	0	123	C	A
N0_Mouse	0.225272140191	0	483	G	C
N0_Mouse	0.226208287815	0	47	G	T
N0_Mouse	0.226217362594	0	553	A	C
N0_Mouse	0.226403092029	0	625	T	C
N0_Mouse	0.226520696647	0	290	T	G
N0_Mouse	0.233347623065	0	600	T	C
N0_Mouse	0.233508326593	0	627	T	C
N0_Mouse	0.234414688316	0	520	C	T
N0_Mouse	0.234888457486	0	559	C	T
N0_Mouse	0.235987550776	0	98	G	T
N0_Mouse	0.237154647792	0	505	A	G
N0_Mouse	0.238990556273	0	521	A	G
N0_Mouse	0.240194940555	0	324	A	G
N0_Mouse	0.242279134452	0	43	A	G
N0_Mouse	0.242496532438	0	324	G	T
N0_Mouse	0.24370364685	0	79	C	T
N0_Mouse	0.245081701224	0	304	A	C
N0_Mouse	0.245534615656	0	590	T	A
N0_Mouse	0.245620786538	0	170	C	A
N0_Mouse	0.246579892655	0	594	T	C
N0_Mouse	0.247104595115	0	205	A	G
N0_Mouse	0.250178367359	0	339	C	T
N0_Mouse	0.250186865599	0	394	T	A
N0_Mouse	0.250800850114	0	522	G	T
N0_Mouse	0.252633647444	0	371	G	A
N0_Mouse	0.253292655965	0	675	C	T
N0_Mouse	0.256244367569	0	637	T	C
N0_Mouse	0.256690111546	0	434	T	G
N0_Mouse	0.257261645283	0	418	T	G
N0_Mouse	0.258198018581	0	466	G	A
N0_Mouse	0.260395448009	0	511	A	G
N0_Mouse	0.261746098491	0	11	T	A
N0_Mouse	0.262070964313	0	419	G	T
N0_Mouse	0.262597816789	0	440	C	T
N0_Mouse	0.263933492579	0	511	G	A
N0_Mouse	0.264628385006	0	252	A	C
N0_Mouse	0.266517716518	0	646	G	T
N0_Mouse	0.267708125706	0	99	A	T
N0_Mouse	0.26963853665	0	40	A	C
N0_Mouse	0.27160794296	0	127	G	T
N0_Mouse	0.271917537263	0	97	C	T
N0_Mouse	0.27351671468	0	188	A	T
N0_Mouse	0.274937624379	0	102	C	G
N0_Mouse	0.276150406547	0	608	C	T
N0_Mouse	0.276537024509	0	39	G	A
N0_Mouse	0.277797322957	0	76	C	T
N0_Mouse	0.278699715168	0	422	G	A
N0_Mouse	0.278892850387	0	358	T	C
N0_Mouse	0.2792244582	0	236	G	C
N0_Mouse	0.280987430826	0	85	C	G
N0_Mouse	0.281226752808	0	35	G	A
N0_Mouse	0.28151133439	0	339	T	C
N0_Mouse	0.281654614823	0	406	A	G
N0_Mouse	0.283896689671	0	354	A	T
N0_Mouse	0.286477954475	0	515	A	G
N0_Mouse	0.287152929018	0	572	T	A
N0_Mouse	0.289429698722	0	555	T	C
N0_Mouse	0.289555761645	0	439	G	C
N0_Mouse	0.290323354724	0	335	A	G
N0_Mouse	0.292023161041	0	397	C	T
N0_Mouse	0.294276027136	0	475	G	A
N0_Mouse	0.298116993425	0	80	A	T
N0_Mouse	0.301955565936	0	596	C	A
N0_Mouse	0.304039061398	0	332	A	T
N0_Mouse	0.304901347152	0	321	C	A
N0_Mouse	0.304904964902	0	269	T	C
N0_Mouse	0.307406041964	0	495	T	G
N0_Mouse	0.311665083719	0	269	C	T
N0_Mouse	0.312234397976	0	512	T	C
N0_Mouse	0.314008517766	0	583	G	C
N0_Mouse	0.314544603441	0	522	T	A
N0_Mouse	0.314705408918	0	125	G	A
N0_Mouse	0.314926246508	0	265	C	T
N0_Mouse	0.315518891587	0	97	T	A
N0_Mouse	0.315866953331	0	354	T	G
N0_Mouse	0.316965142213	0	267	T	A
N0_Mouse	0.317400332917	0	371	A	G
N0_Mouse	0.317403323179	0	586	G	A
N0_Mouse	0.319081894913	0	671	T	C
N0_Mouse	0.319203870382	0	193	T	A
N0_Mouse	0.319687551974	0	315	A	G
N0_Mouse	0.322252307147	0	571	C	G
N0_Mouse	0.323885361656	0	176	G	T
N0_Mouse	0.326941742576	0	305	G	A
N0_Mouse	0.329520983766	0	210	A	T
N0_Mouse	0.330892346112	0	100	G	A
N0_Mouse	0.332345105569	0	184	C	T
N0_Mouse	0.337587928825	0	151	A	C
N0_Mouse	0.337604931205	0	505	G	A
N0_Mouse	0.338370669748	0	666	A	T
N0_Mouse	0.338987099333	0	559	T	A
N0_Mouse	0.341803675484	0	90	A	G
N0_Mouse	0.341829577568	0	598	C	T
N0_Mouse	0.34391004418	0	286	C	T
N0_Mouse	0.344025213857	0	354	G	T
N0_Mouse	0.34481087428	0	105	A	G
N0_Mouse	0.345840063629	0	464	G	A
N0_Mouse	0.346881358246	0	152	A	C
N0_Mouse	0.348951581029	0	355	C	G
N0_Mouse	0.349535663918	0	502	C	T
N0_Mouse	0.352288675992	0	223	T	C
N0_Mouse	0.352544704418	0	518	G	A
N0_Mouse	0.353369581713	0	588	A	G
N0_Mouse	0.35438294265	0	639	C	T
N0_Mouse	0.354974721424	0	437	T	C
N0_Mouse	0.357062431345	0	235	T	G
N0_Mouse	0.358198346529	0	40	C	T
N0_Mouse	0.358566065998	0	653	C	T
N0_Mouse	0.359467294601	0	332	T	G
N0_Mouse	0.361000474417	0	504	G	A
N0_Mouse	0.361332638725	0	133	C	A
N0_Mouse	0.364503454876	0	317	A	C
N0_Mouse	0.366123184877	0	192	A	G
N0_Mouse	0.37265470341	0	639	T	A
N0_Mouse	0.374046632053	0	635	T	C
N0_Mouse	0.37451337596	0	61	C	A
N0_Mouse	0.374827148205	0	448	C	A
N0_Mouse	0.375633068445	0	367	G	C
N0_Mouse	0.377957189833	0	561	G	T
N0_Mouse	0.379158856275	0	315	G	A
N0_Mouse	0.3810663373	0	380	A	T
N0_Mouse	0.382819512031	0	488	T	C
N0_Mouse	0.383584923697	0	609	C	T
N0_Mouse	0.384696817063	0	47	T	C
N0_Mouse	0.385260879898	0	670	A	T
N0_Mouse	0.387513125381	0	42	A	G
N0_Mouse	0.388496450049	0	368	G	T
N0_Mouse	0.390074142495	0	204	C	T
N0_Mouse	0.390299991113	0	643	A	G
N0_Mouse	0.390656195018	0	506	T	G
N0_Mouse	0.39136718071	0	418	G	A
N0_Mouse	0.391427604657	0	276	G	A
N0_Mouse	0.393103025915	0	239	C	G
N0_Mouse	0.393954157271	0	570	C	T
N0_Mouse	0.395210448297	0	37	G	A
N0_Mouse	0.395358506909	0	247	G	A
N0_Mouse	0.395905276238	0	439	C	A
N0_Mouse	0.39736414668	0	401	G	A
N0_Mouse	0.397458210953	0	112	C	T
N0_Mouse	0.400345128611	0	151	C	G
N0_Mouse	0.400511743872	0	506	G	T
N0_Mouse	0.401706794959	0	45	T	G
N0_Mouse	0.40361782817	0	53	C	A
N0_Mouse	0.40636904736	0	98	T	C
N0_Mouse	0.408368735075	0	672	C	A
N0_Mouse	0.408492421352	0	112	T	C
N0_Mouse	0.408555848435	0	351	C	T
N0_Mouse	0.409881865308	0	548	G	A
N0_Mouse	0.411199537463	0	100	A	T
N0_Mouse	0.411284995413	0	335	G	T
N0_Mouse	0.41647405563	0	272	T	G
N0_Mouse	0.416514124382	0	143	A	C
N0_Mouse	0.41878043109	0	90	G	C
N0_Mouse	0.421750531088	0	17	T	C
N0_Mouse	0.422642583998	0	562	A	G
N0_Mouse	0.423829626635	0	4	A	G
N0_Mouse	0.424900199773	0	75	A	G
N0_Mouse	0.42888874223	0	197	T	C
N0_Mouse	0.429623410805	0	129	A	C
N0_Mouse	0.431911146719	0	674	T	A
N0_Mouse	0.431932399066	0	668	T	C
N0_Mouse	0.432329634281	0	422	A	G
N0_Mouse	0.433256555109	0	512	C	A
N0_Mouse	0.43354281063	0	308	T	C
N0_Mouse	0.435096021415	0	59	A	G
N0_Mouse	0.436773234378	0	283	A	C
N0_Mouse	0.444438074109	0	375	A	G
N0_Mouse	0.444849319982	0	145	G	C
N0_Mouse	0.444964259946	0	375	G	A
N0_Mouse	0.445848984644	0	666	T	A
N0_Mouse	0.446446695177	0	297	C	A
N0_Mouse	0.446468686641	0	484	C	T
N0_Mouse	0.446689593284	0	595	G	C
N0_Mouse	0.446823408938	0	531	A	G
N0_Mouse	0.4470115805	0	335	T	C
