edge	time	mut_orlg	mut_pos	old_state	new_state
N0_D1	0.000706910360387	0	967	G	A
N0_D1	0.000927793056007	0	149	T	C
N0_D1	0.00177670172035	0	661	C	A
N0_D1	0.00211848766789	0	453	T	C
N0_D1	0.00370768119505	0	1604	C	T
N0_D1	0.00560519105777	0	1447	C	T
N0_D1	0.00605798215299	0	1394	G	T
N0_D1	0.00693579060029	0	932	A	T
N0_D1	0.00784132516087	0	947	T	C
N0_D1	0.00784693097279	0	1679	C	A
N0_D1	0.00865815965457	0	138	C	A
N0_D1	0.0102837414654	0	1598	T	C
N0_D1	0.0102979677879	0	1309	G	A
N0_D1	0.0119655223925	0	838	G	A
N0_D1	0.0120711921393	0	1427	C	A
N0_D1	0.0138974106453	0	638	C	T
N0_D1	0.0140333707533	0	1549	A	G
N0_D1	0.0146394258968	0	1494	C	A
N0_D1	0.0151932843708	0	1674	G	A
N0_D1	0.0165870792197	0	972	A	T
N0_D1	0.0188677057855	0	914	G	A
N0_D1	0.0190538394566	0	1563	A	T
N0_D1	0.02003135801	0	420	C	A
N0_D1	0.020154724841	0	778	C	A
N0_D1	0.0206909988843	0	764	C	T
N0_D1	0.0209280539512	0	1298	C	A
N0_D1	0.0213880674652	0	1046	A	T
N0_D1	0.0214295105111	0	1124	C	A
N0_D1	0.0215117158579	0	847	G	T
N0_D1	0.022134408986	0	1614	G	A
N0_D1	0.0223611897918	0	512	G	A
N0_D1	0.0226475763551	0	347	T	C
N0_D1	0.023150539847	0	394	A	G
N0_D1	0.023593541472	0	841	T	A
N0_D1	0.023771270925	0	1363	G	C
N0_D1	0.0237927485971	0	1128	C	A
N0_D1	0.0251723286447	0	239	A	G
N0_D1	0.025392645272	0	1037	A	G
N0_D1	0.0256394162527	0	11	G	A
N0_D1	0.0257125912095	0	1184	G	A
N0_D1	0.026214259961	0	147	A	C
N0_D1	0.0264562914436	0	1256	C	T
N0_D1	0.0265401663827	0	1376	C	T
N0_D1	0.0269099375438	0	865	G	A
N0_D1	0.0269765505719	0	177	A	C
N0_D1	0.0270996162966	0	76	A	G
N0_D1	0.0271767708495	0	1499	G	A
N0_D1	0.0276303679689	0	1138	T	A
N0_D1	0.028037988062	0	1192	T	C
N0_D1	0.0283133850205	0	1000	A	T
N0_D1	0.0294016109054	0	273	T	C
N0_D1	0.0307254683588	0	905	G	A
N0_D1	0.0321526001992	0	753	T	A
N0_D1	0.0322233899515	0	804	G	A
N0_D1	0.0322725693981	0	154	G	C
N0_D1	0.0323520581355	0	1382	T	G
N0_D1	0.032357932089	0	1212	A	C
N0_D1	0.0325017881661	0	726	A	G
N0_D1	0.0329508903078	0	1191	A	G
N0_D1	0.0336543717347	0	1162	C	A
N0_D1	0.0351117974498	0	81	G	T
N0_D1	0.0364936281016	0	1315	G	A
N0_D1	0.0366667145673	0	404	A	T
N0_D1	0.0369283718027	0	1691	C	T
N0_D1	0.0387539949498	0	1597	A	T
N0_D1	0.0388001415327	0	1132	T	G
N0_D1	0.0388929853962	0	1168	T	G
N0_D1	0.0394785764102	0	1375	A	C
N0_D1	0.0395141060684	0	465	A	G
N0_D1	0.0412587051572	0	1270	A	G
N0_D1	0.0416234625668	0	1024	A	T
N0_D1	0.0418559246687	0	306	T	C
N0_D1	0.0426715627298	0	861	A	C
N0_D1	0.0447968805213	0	582	T	G
N0_D1	0.044880656177	0	856	G	A
N0_D1	0.0449562616334	0	97	G	T
N0_D1	0.0451631444346	0	1217	G	A
N0_D1	0.0453140218169	0	1204	T	A
N0_D1	0.0454177116392	0	841	A	T
N0_D1	0.0456472395851	0	993	C	T
N0_D1	0.0468971454357	0	1685	T	C
N0_D1	0.0482951836941	0	225	C	G
N0_D1	0.0495827663186	0	1398	T	G
N0_D1	0.049669511839	0	1098	C	T
D1_N1	6.73140704947e-05	2	161	T	A
D1_N1	0.000153215950366	2	719	T	C
D1_N1	0.000648115362672	2	1561	A	T
D1_N1	0.000658574967187	2	1721	G	T
D1_N1	0.000688032648715	1	1631	C	A
D1_N1	0.00179222421632	2	888	G	T
D1_N1	0.00185614395572	2	1385	G	C
D1_N1	0.00196924272559	2	137	C	T
D1_N1	0.0021244094203	1	843	A	T
D1_N1	0.00216520997081	1	1572	G	T
D1_N1	0.00288687857367	2	918	G	A
D1_N1	0.00306805734836	2	1717	A	T
D1_N1	0.00362451543204	2	1258	G	A
D1_N1	0.00474012398352	2	1080	A	G
D1_N1	0.00479559206297	2	739	A	G
D1_N1	0.00546660025078	2	1455	C	T
D1_N1	0.00553777459717	1	1149	T	A
D1_N1	0.00569376761717	1	1678	C	T
D1_N1	0.00580715346281	1	943	T	G
D1_N1	0.00582527438266	1	1350	A	T
D1_N1	0.00634175540185	1	1046	T	C
D1_N1	0.00707070514531	1	196	T	A
D1_N1	0.00764043725912	1	257	C	A
D1_N1	0.00914504425033	1	1122	T	A
D1_N1	0.00922112633855	1	138	A	C
D1_N1	0.00935233565625	1	1428	A	C
D1_N1	0.0100521960307	2	1543	C	T
D1_N1	0.010423600946	2	289	A	G
D1_N1	0.0104482648512	1	526	A	G
D1_N1	0.011474042489	2	1336	A	G
D1_N1	0.0115785090277	1	1154	T	C
D1_N1	0.0118054373998	1	477	T	C
D1_N1	0.0121388914131	1	745	A	G
D1_N1	0.0122171106507	1	1136	C	G
D1_N1	0.0122480646885	2	733	G	A
D1_N1	0.0125303127325	2	1128	A	G
D1_N1	0.012842789464	2	276	C	G
D1_N1	0.0128458732314	2	1512	A	G
D1_N1	0.0129929326846	1	871	T	G
D1_N1	0.0132734522608	1	1471	T	C
D1_N1	0.0141791861717	2	569	G	A
D1_N1	0.0146307709235	1	867	G	A
D1_N1	0.0148382212433	2	1480	T	G
D1_N1	0.0153804712277	1	745	G	C
D1_N1	0.0156292448049	1	877	G	T
D1_N1	0.0158241185018	1	1454	A	G
D1_N1	0.0159043969125	1	137	C	A
D1_N1	0.0159255583687	2	1436	A	G
D1_N1	0.0162593217098	1	591	C	G
D1_N1	0.016310161694	1	1103	G	T
D1_N1	0.0168279654136	2	717	G	A
D1_N1	0.0177780959208	1	29	A	G
D1_N1	0.018062251767	1	1436	A	C
D1_N1	0.018217874957	2	312	T	A
D1_N1	0.0183441407566	2	858	T	A
D1_N1	0.0185679394213	2	1659	T	G
D1_N1	0.0191341241172	1	1283	G	T
D1_N1	0.0192838894523	2	1375	C	A
D1_N1	0.0193806911244	2	40	T	C
D1_N1	0.0195042584484	2	1531	C	T
D1_N1	0.0199880594366	1	24	T	C
D1_N1	0.0200880790353	1	95	T	A
D1_N1	0.0204044727502	1	689	T	G
D1_N1	0.020528365018	2	841	T	A
D1_N1	0.020705326523	1	764	T	C
D1_N1	0.0209799101202	2	1576	G	A
D1_N1	0.0209807059417	1	959	A	C
D1_N1	0.0209812265207	1	1494	A	G
D1_N1	0.0218579927905	1	360	C	T
D1_N1	0.0223637850763	2	243	G	A
D1_N1	0.022470032377	2	1729	G	T
D1_N1	0.0224967431116	1	939	A	C
D1_N1	0.022551470771	1	775	C	G
D1_N1	0.0226674976381	1	1404	G	T
D1_N1	0.0228404841407	2	1139	G	A
D1_N1	0.0232717331346	2	1543	T	G
D1_N1	0.0234499745533	1	689	G	T
D1_N1	0.0242280041276	2	1198	T	A
D1_N1	0.0244234679241	2	1535	A	G
D1_N1	0.024996666497	2	61	A	T
D1_N1	0.0251663966289	2	1517	A	T
D1_N1	0.0255301539751	1	767	G	A
D1_N1	0.0257688680242	1	544	G	A
D1_N1	0.0258244150279	1	124	C	G
D1_N1	0.0258650680835	1	348	T	C
D1_N1	0.0259909936473	1	1058	C	T
D1_N1	0.0263082094595	1	284	T	G
D1_N1	0.0263800926354	2	726	G	C
D1_N1	0.0264692022104	1	1551	G	A
D1_N1	0.0268477694053	1	1405	G	A
D1_N1	0.0269452958369	1	1022	A	G
D1_N1	0.0273576748413	2	424	G	T
D1_N1	0.0274608939759	1	1695	T	G
D1_N1	0.0274698823122	1	1481	G	A
D1_N1	0.027858190112	1	1563	T	A
D1_N1	0.0282904278199	1	474	A	G
D1_N1	0.0283174730671	2	330	G	T
D1_N1	0.0288474694969	1	1539	C	T
D1_N1	0.0289687215949	2	1154	T	C
D1_N1	0.0292053335195	2	1227	T	A
D1_N1	0.0293498951994	1	621	A	T
D1_N1	0.0296274131272	2	91	T	A
D1_N1	0.0300095379389	2	517	A	T
D1_N1	0.0302973131813	1	1649	G	T
D1_N1	0.0303236995257	1	1331	T	G
D1_N1	0.0304206235452	1	17	T	G
D1_N1	0.0304870277472	1	15	T	C
D1_N1	0.0305187073685	2	1253	A	G
D1_N1	0.030934771131	2	706	A	T
D1_N1	0.0312802537987	1	400	T	C
D1_N1	0.0314342004728	1	520	T	C
D1_N1	0.0314711191612	1	1654	C	G
D1_N1	0.0316258832797	1	15	C	G
D1_N1	0.0317999974329	2	992	A	C
D1_N1	0.0325622646113	1	486	A	G
D1_N1	0.032564061915	2	261	T	C
D1_N1	0.0327566399045	1	1392	C	A
D1_N1	0.0328244474287	2	301	A	G
D1_N1	0.0329984793713	2	1237	A	G
D1_N1	0.0330953781973	2	245	A	T
D1_N1	0.0331116716176	1	1469	C	T
D1_N1	0.0331758716182	1	1597	T	C
D1_N1	0.0333328192235	1	1151	C	G
D1_N1	0.0335389297635	2	730	C	A
D1_N1	0.0342036789023	1	661	A	G
D1_N1	0.0342142230895	2	1287	C	T
D1_N1	0.0344188043948	2	1528	A	T
D1_N1	0.0345705509208	1	174	A	C
D1_N1	0.0346165766896	1	313	G	C
D1_N1	0.0350446829433	1	1194	C	T
D1_N1	0.0359065578447	1	1163	C	A
D1_N1	0.0362673968166	2	216	A	T
D1_N1	0.0365708097609	2	953	A	G
D1_N1	0.0365846883043	1	446	A	G
D1_N1	0.0366372439666	2	387	A	G
D1_N1	0.036893707644	2	1701	A	C
D1_N1	0.0377099223169	2	909	G	T
D1_N1	0.0379581760117	2	1283	G	T
D1_N1	0.0383168213337	2	907	G	A
D1_N1	0.0384294363722	2	1492	A	G
D1_N1	0.0386123684734	1	1313	G	C
D1_N1	0.0386360934128	2	546	C	T
D1_N1	0.0389371061543	1	1100	T	C
D1_N1	0.0389482454368	2	388	C	T
D1_N1	0.0390820306325	1	585	A	G
D1_N1	0.0392266607387	2	702	A	G
D1_N1	0.0400690159528	1	1432	A	G
D1_N1	0.0402871844762	2	952	C	T
D1_N1	0.0402911754102	2	640	A	T
D1_N1	0.0408961372358	1	1202	C	G
D1_N1	0.0411461931975	2	1341	T	C
D1_N1	0.0416435469129	2	1402	T	A
D1_N1	0.0418687050849	2	1281	T	C
D1_N1	0.0421442500624	2	90	G	T
D1_N1	0.0426188567591	1	354	T	A
D1_N1	0.04308570978	1	1175	A	G
D1_N1	0.0431539008787	1	90	G	T
D1_N1	0.043344394997	1	1244	T	C
D1_N1	0.0434378349354	2	698	G	A
D1_N1	0.0435615849357	1	1594	A	T
D1_N1	0.0439106517154	1	1487	C	T
D1_N1	0.0440837790236	1	1170	T	C
D1_N1	0.0445289793183	1	582	G	A
D1_N1	0.0446684757608	1	674	G	A
D1_N1	0.0447793289459	1	1075	G	T
D1_N1	0.0451285117232	1	543	G	A
D1_N1	0.0455218091871	1	1366	G	A
D1_N1	0.0456385813535	1	1618	C	T
D1_N1	0.0462069055661	2	1249	T	G
D1_N1	0.0466088197189	2	1319	A	C
D1_N1	0.046731475071	1	1167	T	G
D1_N1	0.0467692292332	1	1617	T	C
D1_N1	0.0470324730961	1	1607	G	T
D1_N1	0.0483697487195	1	256	C	T
D1_N1	0.0483723622544	2	1038	G	T
D1_N1	0.0489504414624	1	941	T	A
D1_N1	0.0491469530058	1	1026	A	G
D1_N1	0.049233783693	2	718	C	G
D1_N1	0.0498902002719	1	276	C	A
D1_N1	0.0498916870372	2	381	G	T
D1_N1	0.0499944361533	2	1106	G	A
D1_N1	0.0503663616338	1	170	T	C
D1_N1	0.0511042394962	2	627	A	G
D1_N1	0.0514088692212	2	1682	C	T
D1_N1	0.051427285849	1	1446	G	T
D1_N1	0.051429745269	1	1377	G	A
D1_N1	0.0514548708154	2	96	G	A
D1_N1	0.0516621446449	2	707	G	A
D1_N1	0.0517099437811	1	638	T	C
D1_N1	0.0520516810334	1	1076	C	G
D1_N1	0.0520880994052	2	748	A	T
D1_N1	0.0522200281898	1	1725	A	C
D1_N1	0.0523893222303	1	1331	G	A
D1_N1	0.0524133135	1	1599	T	A
D1_N1	0.0525790212445	2	1650	T	C
D1_N1	0.0532211279048	2	44	T	C
D1_N1	0.0533651892282	2	459	C	A
D1_N1	0.0541522115771	1	1305	A	G
D1_N1	0.054294646056	1	877	T	A
D1_N1	0.0550209269	2	345	T	A
D1_N1	0.0550330204544	1	1078	G	C
D1_N1	0.05508290968	2	1585	C	A
D1_N1	0.0551222446343	1	480	G	A
D1_N1	0.0555408129761	1	882	G	A
D1_N1	0.0563823089116	2	1110	T	G
D1_N1	0.0567494647346	2	759	T	G
D1_N1	0.0568908624937	1	367	A	G
D1_N1	0.0575073718798	1	1089	G	A
D1_N1	0.0577397116224	1	177	C	T
D1_N1	0.0579558104469	1	506	T	C
D1_N1	0.0581125360609	2	776	T	A
D1_N1	0.0586998516131	2	1466	T	C
D1_N1	0.0588506883825	1	187	A	T
D1_N1	0.0589148186697	1	55	G	A
D1_N1	0.0596451754683	2	330	T	C
D1_N1	0.0598081011749	2	543	G	T
D1_N1	0.059815380741	2	383	A	G
D1_N1	0.0600407774104	1	4	T	A
D1_N1	0.0601434136279	1	1641	T	G
D1_N1	0.060313266762	2	1510	T	G
D1_N1	0.0603513116011	2	84	A	T
D1_N1	0.0603934170273	1	166	T	C
D1_N1	0.0603942264982	1	1263	A	G
D1_N1	0.0607491787509	1	1692	T	C
D1_N1	0.061901167295	2	175	C	G
D1_N1	0.0622180321799	2	754	C	G
D1_N1	0.0627073783555	1	1266	G	A
D1_N1	0.0630188073932	2	699	G	A
D1_N1	0.0631897130715	1	1444	T	A
D1_N1	0.0634790193222	1	1440	A	G
D1_N1	0.0636531270151	2	664	A	T
D1_N1	0.0643720088512	1	307	C	T
D1_N1	0.0645209411212	1	1665	A	G
D1_N1	0.0645901905715	2	1113	C	A
D1_N1	0.064627319195	1	809	T	C
D1_N1	0.0648319911533	1	806	T	A
D1_N1	0.0650561160488	1	641	A	T
D1_N1	0.0650689989992	1	1607	T	C
D1_N1	0.0650727945068	1	1312	A	G
D1_N1	0.0650994966248	1	1267	T	G
D1_N1	0.0652306926426	1	1285	C	T
D1_N1	0.0652610253641	2	780	T	G
D1_N1	0.0653980406993	2	944	C	T
D1_N1	0.0659329157267	2	1416	A	G
D1_N1	0.0660653807535	2	735	T	C
D1_N1	0.0680535426099	1	726	G	A
D1_N1	0.0680826830537	2	1123	C	T
D1_N1	0.0681842201442	2	1153	A	T
D1_N1	0.0687059580739	2	1081	A	G
D1_N1	0.0689500306935	1	903	A	G
D1_N1	0.069387252809	2	24	T	A
D1_N1	0.069404627154	2	838	A	G
D1_N1	0.0698097693224	2	401	G	A
D1_N1	0.0700643464438	2	167	C	T
D1_N1	0.0701132363995	2	1140	A	T
D1_N1	0.0701820926435	2	787	A	G
D1_N1	0.0703171916419	2	1178	T	A
D1_N1	0.0705334123406	1	633	T	C
D1_N1	0.0707583383997	2	1367	T	G
D1_N1	0.0717513515624	2	1003	A	G
D1_N1	0.0718364254355	2	702	G	A
D1_N1	0.0721318160787	2	1165	C	T
D1_N1	0.0724038375141	1	1469	T	G
D1_N1	0.0728022339158	1	1556	A	G
D1_N1	0.0730131837057	2	364	C	T
D1_N1	0.0730544461283	2	1615	G	T
D1_N1	0.0739262490464	2	1472	T	G
D1_N1	0.0741827530234	2	283	G	A
D1_N1	0.0743131415662	1	397	C	T
D1_N1	0.0744495189471	2	855	C	T
D1_N1	0.074591272659	1	563	A	G
D1_N1	0.0748686302991	1	1264	G	A
D1_N1	0.0750398587378	2	482	G	A
D1_N1	0.0756738913126	2	576	T	C
D1_N1	0.0759671041227	1	1509	G	A
D1_N1	0.0762958064401	2	891	T	G
D1_N1	0.0763556197448	1	14	A	G
D1_N1	0.0764489699317	2	579	C	A
D1_N1	0.0765522877774	1	1064	C	T
D1_N1	0.0766052758483	2	1485	T	C
D1_N1	0.0767421437289	1	921	C	T
D1_N1	0.0769771292158	2	280	G	C
D1_N1	0.0771395131698	2	108	A	T
D1_N1	0.0788662037849	2	1292	G	T
D1_N1	0.0789543034284	1	36	G	A
D1_N1	0.0791492088274	1	399	G	T
D1_N1	0.0794807417109	2	110	A	G
D1_N1	0.0795054957209	2	570	A	T
D1_N1	0.0814024050053	2	1542	G	T
D1_N1	0.0816730675171	2	923	A	T
D1_N1	0.0818542876216	1	186	A	G
D1_N1	0.0818791130678	1	793	A	G
D1_N1	0.0820179946214	2	1616	A	G
D1_N1	0.0822455962372	1	571	A	G
D1_N1	0.0824239947649	2	586	A	G
D1_N1	0.0826426191896	2	1351	G	A
D1_N1	0.0827749066877	1	1000	T	A
D1_N1	0.082933510532	2	873	C	T
D1_N1	0.0831554277308	2	650	T	A
D1_N1	0.0834766644473	1	779	C	G
D1_N1	0.0840407572339	2	1155	T	C
D1_N1	0.084388619969	1	702	A	G
D1_N1	0.0845655576174	1	29	G	T
D1_N1	0.0848086813389	1	1369	C	A
D1_N1	0.0861156606379	2	1179	A	C
D1_N1	0.0862326548911	1	1142	T	G
D1_N1	0.0863025480525	2	1421	A	T
D1_N1	0.0863935944109	2	117	T	G
D1_N1	0.0864241604591	2	195	T	C
D1_N1	0.0866035871062	1	1096	G	T
D1_N1	0.088005021001	2	371	A	G
D1_N1	0.0880293110737	1	157	G	A
D1_N1	0.0882776442715	1	1216	G	T
D1_N1	0.088455812858	1	1192	C	T
D1_N1	0.0891128993352	1	1265	C	T
D1_N1	0.0891776238979	1	1424	A	C
D1_N1	0.0903414039916	2	550	G	T
D1_N1	0.0909508361593	1	205	A	G
D1_N1	0.0910248244208	1	159	A	G
D1_N1	0.0910465285423	1	88	A	G
D1_N1	0.0912470639035	2	1076	C	A
D1_N1	0.0916872729684	1	924	C	T
D1_N1	0.0917247442876	1	1717	A	T
D1_N1	0.0918221372919	2	1247	T	C
D1_N1	0.0920306231788	1	384	T	C
D1_N1	0.0920575031414	1	1592	G	A
D1_N1	0.0921209687949	1	887	T	C
D1_N1	0.0926787310601	1	673	T	C
D1_N1	0.0929826665322	1	382	A	G
D1_N1	0.0930324791703	1	1595	C	T
D1_N1	0.0931983494378	2	1507	T	C
D1_N1	0.0933724994599	2	1727	C	A
D1_N1	0.0934380503851	2	741	T	C
D1_N1	0.0944517182223	1	475	C	A
D1_N1	0.0948745550834	2	635	C	T
D1_N1	0.0950729194118	1	283	G	T
D1_N1	0.0951753851259	1	943	G	T
D1_N1	0.0955015873128	2	965	C	T
D1_N1	0.0956494846615	1	1395	G	A
D1_N1	0.0961648145428	2	1642	A	G
D1_N1	0.0965437209322	2	1185	G	C
D1_N1	0.0970135051453	1	1550	G	A
D1_N1	0.0977406711404	1	1017	C	T
D1_N1	0.0979083131731	1	1009	G	A
D1_N1	0.0979102075212	2	1550	G	A
D1_N1	0.097952342993	1	496	T	C
D1_N1	0.09807126167	2	1715	A	G
D1_N1	0.0982043426422	1	1034	T	C
D1_N1	0.098330561275	2	607	T	C
D1_N1	0.0990511696124	1	368	A	C
D1_N1	0.0992883018459	1	680	T	C
D1_N1	0.0996042881794	1	1279	A	G
D1_N1	0.0999210171683	2	1687	T	A
D1_N1	0.10019805071	1	95	A	C
D1_N1	0.100241640023	2	1136	C	T
D1_N1	0.100732010448	1	997	A	G
D1_N1	0.101294385334	2	1042	T	C
D1_N1	0.1013904469	1	448	G	A
D1_N1	0.101407131723	2	506	T	C
D1_N1	0.101663966905	1	1727	C	A
D1_N1	0.102346162706	1	627	A	G
D1_N1	0.102408150068	2	510	G	A
D1_N1	0.102669417679	2	809	T	A
D1_N1	0.102917787249	1	77	C	G
D1_N1	0.103056043503	1	1347	A	C
D1_N1	0.10335164431	2	31	G	A
D1_N1	0.104605565385	1	1252	A	T
D1_N1	0.1046207628	2	57	A	C
D1_N1	0.104857649364	2	1154	C	T
D1_N1	0.104886520045	1	218	G	A
D1_N1	0.105226438789	2	822	C	A
D1_N1	0.105311156222	2	587	C	G
D1_N1	0.105412346234	2	568	T	A
D1_N1	0.105430043603	1	700	A	G
D1_N1	0.105433094995	1	1405	A	G
D1_N1	0.105723671753	2	420	A	G
D1_N1	0.105979810188	1	1264	A	G
D1_N1	0.106159084261	2	1245	T	C
D1_N1	0.10643030996	1	1388	T	G
D1_N1	0.106500141657	2	13	T	C
D1_N1	0.10650757334	2	1196	A	G
D1_N1	0.106890330636	1	1513	T	C
D1_N1	0.107714535386	2	95	T	A
D1_N1	0.108657609163	1	1592	A	G
D1_N1	0.108792909684	1	22	T	A
D1_N1	0.109648657847	2	934	T	G
D1_N1	0.109778011968	2	1701	C	A
D1_N1	0.109833760945	1	585	G	A
D1_N1	0.11096798392	2	546	T	C
D1_N1	0.112191848307	1	424	G	A
D1_N1	0.112286849182	2	1455	T	G
D1_N1	0.112293965613	1	1720	G	T
D1_N1	0.113464783783	1	250	G	A
D1_N1	0.11355586683	2	103	G	C
D1_N1	0.114136831343	2	62	A	C
D1_N1	0.114140324629	2	163	A	C
D1_N1	0.114211676631	1	321	A	C
D1_N1	0.11491255766	2	1346	C	T
D1_N1	0.115350193783	1	1505	G	C
D1_N1	0.115475607821	1	451	C	T
D1_N1	0.115902334403	1	124	G	T
D1_N1	0.116426687597	2	603	T	A
D1_N1	0.116462119864	2	618	T	G
D1_N1	0.117071448096	2	1505	G	C
D1_N1	0.117474870895	1	147	C	T
D1_N1	0.117886274715	1	170	C	A
D1_N1	0.118046258211	2	1359	A	T
D1_N1	0.118580622923	2	146	T	C
D1_N1	0.118581829012	1	1438	G	T
D1_N1	0.118609434244	2	886	T	A
D1_N1	0.118712571603	1	636	C	T
D1_N1	0.11897293335	2	1610	T	C
D1_N1	0.119131400983	1	1188	C	T
D1_N1	0.119854701805	1	1418	C	T
D1_N1	0.120088385807	2	1086	C	T
D1_N1	0.120762620609	1	24	C	A
D1_N1	0.121706400752	2	873	T	C
D1_N1	0.121729861744	1	1589	T	C
D1_N1	0.121942337051	1	850	G	C
D1_N1	0.122008884952	2	1177	C	T
D1_N1	0.122202450178	2	1058	C	T
D1_N1	0.122608364814	2	820	G	T
D1_N1	0.122702084185	1	531	G	T
D1_N1	0.122748653381	1	1732	A	T
D1_N1	0.122914635146	2	1558	C	A
D1_N1	0.123027689977	1	975	T	A
D1_N1	0.123125751815	1	1619	G	A
D1_N1	0.123146724003	2	1005	T	A
D1_N1	0.123691636067	2	1572	G	A
D1_N1	0.123860208777	2	659	T	C
D1_N1	0.123903666382	2	1091	T	C
D1_N1	0.124432895981	2	1185	C	A
D1_N1	0.12451197864	2	365	C	G
D1_N1	0.124541775699	2	1143	T	C
D1_N1	0.124633457886	2	1191	G	T
D1_N1	0.12474283084	2	555	G	A
D1_N1	0.124824826113	1	379	T	C
D1_N1	0.124881286573	1	336	G	A
D1_N1	0.125005757812	1	663	A	G
D1_N1	0.125156420938	1	106	T	C
D1_N1	0.125207857497	1	1613	A	C
D1_N1	0.125263223928	2	491	T	C
D1_N1	0.125306706042	1	883	A	T
D1_N1	0.12602805229	1	304	C	A
D1_N1	0.126104166261	1	665	C	T
D1_N1	0.126345204414	1	181	G	T
D1_N1	0.126350824482	1	163	A	T
D1_N1	0.126747625101	1	1458	C	T
D1_N1	0.127308427457	1	38	G	T
D1_N1	0.127533241556	2	1511	T	C
D1_N1	0.128504689765	1	802	A	T
D1_N1	0.129884214589	2	1503	G	C
D1_N1	0.12992985649	2	865	A	T
D1_N1	0.129948641708	2	1315	A	T
D1_N1	0.130330898921	1	259	A	G
D1_N1	0.130688681885	1	1375	C	T
D1_N1	0.131828670834	2	1334	G	A
D1_N1	0.131973454683	1	179	G	A
D1_N1	0.132271940747	1	414	A	G
D1_N1	0.132310130622	2	344	T	C
D1_N1	0.132976505617	2	376	A	C
D1_N1	0.133125739584	2	649	C	T
D1_N1	0.134369547566	2	100	A	G
D1_N1	0.134405695712	2	429	G	T
D1_N1	0.135205088941	1	126	A	G
D1_N1	0.135850511782	2	879	T	A
D1_N1	0.135895498706	1	382	G	A
D1_N1	0.136155167533	1	283	T	C
D1_N1	0.136552670452	2	548	G	T
D1_N1	0.136753249316	2	640	T	C
D1_N1	0.137062944312	1	1657	T	C
D1_N1	0.137854979183	1	55	A	T
D1_N1	0.13787277462	1	557	G	A
D1_N1	0.138093329872	1	459	C	T
D1_N1	0.138169546852	1	1611	C	T
D1_N1	0.138354397378	2	1595	C	T
D1_N1	0.138596962793	1	592	G	T
D1_N1	0.138881255026	1	921	T	G
D1_N1	0.138897276622	1	1527	G	T
D1_N1	0.139048364197	2	1197	T	C
D1_N1	0.139181445175	1	1218	T	A
D1_N1	0.139360474995	2	1187	G	T
D1_N1	0.139389493406	2	1304	A	G
D1_N1	0.140100418849	1	212	G	T
D1_N1	0.140195950129	1	1572	T	A
D1_N1	0.140215548553	2	263	T	G
D1_N1	0.1403079253	2	872	A	G
D1_N1	0.140601010965	2	1541	T	A
D1_N1	0.140838328269	2	815	T	C
D1_N1	0.140875974271	2	1340	T	C
D1_N1	0.141189138821	1	175	C	T
D1_N1	0.141472374175	1	1451	T	A
D1_N1	0.141920833086	1	1244	C	T
D1_N1	0.142032456256	2	405	G	C
D1_N1	0.142060345108	1	112	C	T
D1_N1	0.14247970971	2	1266	G	A
D1_N1	0.143136636783	2	640	C	T
D1_N1	0.143244708039	1	915	A	T
D1_N1	0.143298008333	1	8	G	A
D1_N1	0.143858653827	2	1561	T	A
D1_N1	0.143931862673	2	871	T	C
D1_N1	0.144067045141	2	869	T	C
D1_N1	0.144291267771	1	410	A	T
D1_N1	0.144330386875	1	1529	C	T
D1_N1	0.144441960036	1	1632	C	T
D1_N1	0.144502014255	2	190	C	A
D1_N1	0.144961307638	1	1351	G	A
D1_N1	0.1456650321	2	1047	A	G
D1_N1	0.146575551081	2	456	T	C
D1_N1	0.14750977526	2	1619	A	G
D1_N1	0.147683421632	2	1036	C	T
D1_N1	0.148232955213	1	1453	G	A
D1_N1	0.148410648692	1	1682	C	T
D1_N1	0.148688027537	2	167	T	C
D1_N1	0.149308568441	2	563	A	T
D1_N1	0.14933206185	2	1137	A	T
D1_N1	0.14981601028	2	639	A	T
D1_N1	0.150108913707	1	531	T	G
D1_N1	0.150352910634	2	43	T	A
D1_N1	0.15053214461	2	1425	C	A
D1_N1	0.150969013329	2	552	A	C
D1_N1	0.151119307592	1	429	G	A
D1_N1	0.151600934359	1	259	G	A
D1_N1	0.151706518433	1	26	A	G
D1_N1	0.152954786837	2	381	T	A
D1_N1	0.153382280303	2	277	A	G
D1_N1	0.153412126483	2	63	A	G
D1_N1	0.153973881992	2	1088	T	G
D1_N1	0.154289302531	2	809	A	C
D1_N1	0.15469810049	2	1499	A	C
D1_N1	0.154941636885	2	810	A	T
D1_N1	0.155199844614	2	1388	T	C
D1_N1	0.155292776658	1	368	C	G
D1_N1	0.155515703804	2	882	G	A
D1_N1	0.155564015266	2	391	C	A
D1_N1	0.155673929659	1	1308	G	A
D1_N1	0.155821065329	2	1398	G	A
D1_N1	0.155870327462	2	376	C	T
D1_N1	0.156376623354	1	427	A	G
D1_N1	0.15639117366	2	870	C	A
D1_N1	0.156628464903	2	92	A	G
D1_N1	0.156880794689	1	495	A	G
D1_N1	0.157098230255	1	1585	C	A
D1_N1	0.157158339214	2	1579	T	C
D1_N1	0.157412053623	2	320	C	T
D1_N1	0.157576391763	1	1614	A	T
D1_N1	0.15761158604	2	933	T	C
D1_N1	0.158052550309	1	422	G	A
D1_N1	0.1581233674	1	775	G	C
D1_N1	0.158380454428	1	1058	T	G
D1_N1	0.158637781571	2	1527	G	A
D1_N1	0.159514139674	2	627	G	A
D1_N1	0.159727158813	2	377	A	G
D1_N1	0.160334162691	2	1228	A	C
D1_N1	0.160346691756	2	81	T	G
D1_N1	0.160457951279	2	248	T	C
D1_N1	0.160681498177	2	1340	C	T
D1_N1	0.161301264766	2	633	T	C
D1_N1	0.16150837253	2	985	G	A
D1_N1	0.161845532412	2	62	C	G
D1_N1	0.161856672298	1	419	G	C
D1_N1	0.163188757169	1	691	T	C
D1_N1	0.164117060516	1	1545	T	C
D1_N1	0.16457550075	1	953	A	G
D1_N1	0.165075631819	1	1401	G	C
D1_N1	0.165167621469	1	1067	A	T
D1_N1	0.16533737927	1	962	C	T
D1_N1	0.165392389075	1	613	C	T
D1_N1	0.165562289587	1	963	T	C
D1_N1	0.165756246372	1	802	T	C
D1_N1	0.165925493049	1	533	T	C
D1_N1	0.16623414892	1	273	C	T
D1_N1	0.16712340663	2	39	G	T
D1_N1	0.167176332824	1	1267	G	T
D1_N1	0.167207144033	2	941	T	C
D1_N1	0.167413969438	1	1206	A	G
D1_N1	0.16909117504	2	1452	G	A
D1_N1	0.169278273989	2	1651	C	T
D1_N1	0.16930989129	1	1136	G	A
D1_N1	0.169509765211	1	270	C	T
D1_N1	0.16952951295	1	927	C	A
D1_N1	0.169677299269	2	41	C	T
D1_N1	0.169950785493	2	228	C	T
D1_N1	0.17037602015	1	728	A	C
D1_N1	0.170634691892	1	678	G	T
D1_N1	0.170681123603	1	1117	A	G
D1_N1	0.170840356972	1	959	C	T
D1_N1	0.171140967872	2	585	A	T
D1_N1	0.171156730165	1	793	G	C
D1_N1	0.171171292139	2	1481	G	C
D1_N1	0.172103427495	1	204	A	T
D1_N1	0.172149978759	1	363	A	T
D1_N1	0.172327013232	2	137	T	G
D1_N1	0.172476241346	1	1301	G	A
D1_N1	0.173376310248	1	1705	A	G
D1_N1	0.173631057839	2	80	A	G
D1_N1	0.173764273909	2	304	C	T
D1_N1	0.174032760274	1	1315	A	G
D1_N1	0.174196864516	1	91	A	T
D1_N1	0.174622541373	2	906	A	T
D1_N1	0.17510595294	2	1560	T	C
D1_N1	0.175800798911	2	1156	A	C
D1_N1	0.175890759928	1	204	T	C
D1_N1	0.176636756681	2	432	C	T
D1_N1	0.176654466826	1	386	T	C
D1_N1	0.176735865906	2	413	A	G
D1_N1	0.176759206436	1	1707	G	A
D1_N1	0.177320330311	2	527	C	T
D1_N1	0.177434023469	2	657	C	T
D1_N1	0.177594499606	2	108	T	C
D1_N1	0.177936698263	2	848	A	G
D1_N1	0.17888588688	2	480	A	C
D1_N1	0.178974872697	1	1209	T	A
D1_N1	0.179096171181	1	463	C	G
D1_N1	0.179308893613	2	1467	T	A
D1_N1	0.179406073484	2	141	A	G
D1_N1	0.179619240559	2	761	G	A
D1_N1	0.179691959851	1	1191	G	C
D1_N1	0.179755988324	2	486	A	T
D1_N1	0.180051574176	1	495	G	A
D1_N1	0.180166710112	2	195	C	T
D1_N1	0.180522281195	2	1609	A	C
D1_N1	0.180911748723	2	1202	C	T
D1_N1	0.181192071971	1	1727	A	C
D1_N1	0.181731264409	2	982	T	A
D1_N1	0.181933687944	2	355	C	G
D1_N1	0.181936785437	2	1668	C	T
D1_N1	0.182544099322	1	1639	A	G
D1_N1	0.18275286333	1	1608	A	G
D1_N1	0.182767604885	1	773	A	G
D1_N1	0.183029547093	2	240	T	C
D1_N1	0.183263077472	2	645	G	A
D1_N1	0.183667207652	2	208	C	T
D1_N1	0.183828425876	2	704	T	G
D1_N1	0.184022167025	1	1438	T	A
D1_N1	0.184023774972	2	724	A	G
D1_N1	0.184116843343	2	1671	C	A
D1_N1	0.184250484649	1	1721	G	C
D1_N1	0.184779768991	2	102	T	G
D1_N1	0.185508974404	1	957	G	A
D1_N1	0.185549545203	2	1360	A	T
D1_N1	0.186304826625	2	1532	G	C
D1_N1	0.186405636892	1	992	C	A
D1_N1	0.186816359039	2	1485	C	T
D1_N1	0.187323155779	1	1080	A	G
D1_N1	0.187780998297	1	241	T	G
D1_N1	0.187815513495	2	625	C	T
D1_N1	0.188299311423	1	736	T	G
D1_N1	0.188430114304	1	318	T	G
D1_N1	0.188501016258	1	1268	T	C
D1_N1	0.188782385665	2	977	T	A
D1_N1	0.188927549027	2	319	G	T
D1_N1	0.189410742926	2	1089	G	A
D1_N1	0.18941248631	2	1303	A	T
D1_N1	0.189733900086	2	1257	A	C
D1_N1	0.189850173265	2	129	G	T
D1_N1	0.189976383289	2	930	A	G
D1_N1	0.190809480061	1	350	T	C
D1_N1	0.191241062853	1	265	G	A
D1_N1	0.191494429073	1	1044	C	A
D1_N1	0.191884945623	1	68	A	G
D1_N1	0.19252286911	2	280	C	G
D1_N1	0.192605101735	2	1275	T	A
D1_N1	0.193068525711	2	766	C	T
D1_N1	0.193141659564	1	837	C	T
D1_N1	0.193362946602	2	114	T	C
D1_N1	0.193512833182	1	139	A	T
D1_N1	0.193739565763	2	482	A	G
D1_N1	0.193759667683	2	24	A	T
D1_N1	0.194235064751	1	914	A	C
D1_N1	0.194403523404	2	313	G	T
D1_N1	0.194494177281	2	871	C	T
D1_N1	0.194615507532	2	1210	G	T
D1_N1	0.194654941837	1	1456	A	T
D1_N1	0.195041939431	1	121	G	C
D1_N1	0.195055158002	1	368	G	A
D1_N1	0.195183912833	1	26	G	A
D1_N1	0.195428695053	2	140	A	T
D1_N1	0.195505708019	2	999	G	A
D1_N1	0.195519487765	1	754	C	T
D1_N1	0.19578997962	1	1628	C	T
D1_N1	0.195896781449	2	1168	G	A
D1_N1	0.196700973494	2	79	G	A
D1_N1	0.196721888292	2	982	A	C
D1_N1	0.197170692583	2	1574	G	A
D1_N1	0.197863040843	2	989	T	C
D1_N1	0.198173426804	1	923	A	C
D1_N1	0.19866535766	1	851	G	C
D1_N1	0.199123087382	1	1238	T	A
D1_N1	0.199188102372	2	905	A	G
D1_N1	0.199359431044	1	97	T	C
D1_N1	0.199760708628	2	1409	G	T
D1_N1	0.20006129519	2	1365	T	C
D1_N1	0.200367216488	2	188	T	G
D1_N1	0.201279179077	1	1425	C	G
D1_N1	0.201510635636	2	623	A	G
D1_N1	0.201809191472	2	1496	C	A
D1_N1	0.202481958725	2	1649	G	A
D1_N1	0.20249076965	2	475	C	T
D1_N1	0.202706365394	1	1230	G	A
D1_N1	0.203008405961	2	972	T	A
D1_N1	0.203886638506	2	450	G	T
D1_N1	0.204088884333	2	839	A	C
D1_N1	0.204229181283	1	164	A	T
D1_N1	0.204310087673	2	947	C	T
D1_N1	0.204920513543	1	701	A	G
D1_N1	0.20511460913	2	598	C	G
D1_N1	0.205246348729	2	159	A	G
D1_N1	0.205325440161	2	1540	A	G
D1_N1	0.205641233823	1	945	G	A
D1_N1	0.205807947705	1	297	A	G
D1_N1	0.205879825118	1	571	G	A
D1_N1	0.206159314626	2	665	C	A
D1_N1	0.206175041676	1	621	T	A
D1_N1	0.206729900498	2	745	A	T
D1_N1	0.206927958067	2	971	G	A
D1_N1	0.207080572252	1	535	A	T
D1_N1	0.207471806957	2	1654	C	A
D1_N1	0.20759316947	1	224	G	A
D1_N1	0.207714784689	1	1712	T	A
D1_N1	0.207791030931	1	789	C	T
D1_N1	0.207985422917	2	1709	A	C
D1_N1	0.208129324929	2	761	A	C
D1_N1	0.208244889457	1	1572	A	G
D1_N1	0.20863991335	1	1271	A	G
D1_N1	0.208679120867	1	1504	A	T
D1_N1	0.208970696694	1	809	C	T
D1_N1	0.209449737255	2	1567	T	A
D1_N1	0.209965145121	1	778	A	G
D1_N1	0.210085083904	1	689	T	G
D1_N1	0.210309231972	2	1166	T	G
D1_N1	0.210769367547	2	1236	G	C
D1_N1	0.211663427854	2	1092	T	C
D1_N1	0.211871196138	1	221	T	G
D1_N1	0.212158251575	2	950	C	T
D1_N1	0.21223350293	1	1066	T	C
D1_N1	0.21231207985	1	1126	G	A
D1_N1	0.212489063831	1	7	A	C
D1_N1	0.212705103286	2	182	C	G
D1_N1	0.213211521227	1	339	C	T
D1_N1	0.213715878401	1	274	G	C
D1_N1	0.213903160783	2	178	T	G
D1_N1	0.21394985904	2	1370	A	C
D1_N1	0.213965210389	2	1306	A	T
D1_N1	0.214462200313	2	221	T	C
D1_N1	0.214492119494	2	214	A	T
D1_N1	0.214588966623	2	949	C	T
D1_N1	0.214784586064	2	1558	A	G
D1_N1	0.214949721568	1	791	T	G
D1_N1	0.215626582386	2	4	T	A
D1_N1	0.216561541028	1	450	G	A
D1_N1	0.217279263821	2	437	A	C
D1_N1	0.217297670107	1	1408	A	C
D1_N1	0.217404874778	2	163	C	T
D1_N1	0.217489218648	2	258	T	G
D1_N1	0.217786339997	2	416	G	C
D1_N1	0.217991071871	2	1667	G	A
D1_N1	0.218413845626	2	1518	G	T
D1_N1	0.218473954759	1	730	C	G
D1_N1	0.218725492229	2	554	C	T
D1_N1	0.218766228652	2	598	G	A
D1_N1	0.218838770311	2	692	A	G
D1_N1	0.219433891176	1	955	A	G
D1_N1	0.219854480146	2	1560	C	T
D1_N1	0.220044243747	1	1491	T	A
D1_N1	0.220073227706	1	1532	G	A
D1_N1	0.220230853955	2	36	G	A
D1_N1	0.220364779795	1	1105	G	C
D1_N1	0.220368254091	2	860	T	C
D1_N1	0.220691854057	2	490	A	G
D1_N1	0.221166706172	1	424	A	G
D1_N1	0.221400774483	2	1099	T	C
D1_N1	0.221583293613	1	1600	A	C
D1_N1	0.221980417003	2	1609	C	A
D1_N1	0.222109143101	2	7	A	G
D1_N1	0.22246390319	2	423	G	T
D1_N1	0.222879934633	2	179	G	T
D1_N1	0.222884440807	1	100	A	G
D1_N1	0.22294748755	2	398	A	T
D1_N1	0.223070614983	1	1568	A	C
D1_N1	0.223194208252	2	382	A	G
D1_N1	0.223265556466	2	1489	A	T
D1_N1	0.223293594971	2	1162	A	C
D1_N1	0.223905910156	1	201	T	C
D1_N1	0.224418540701	2	49	C	T
D1_N1	0.22453547286	2	1677	T	C
D1_N1	0.22465302141	1	1284	A	C
D1_N1	0.224717700506	2	1089	A	T
D1_N1	0.224912450223	2	581	T	C
D1_N1	0.225036429105	2	1625	T	C
D1_N1	0.225124133537	2	118	T	G
D1_N1	0.226499558017	2	1199	T	A
D1_N1	0.226518590432	1	584	C	T
D1_N1	0.226536389365	1	298	G	T
D1_N1	0.226555097856	2	644	C	G
D1_N1	0.226907493685	1	476	A	T
D1_N1	0.226971644983	1	118	T	A
D1_N1	0.227445309795	2	515	A	C
D1_N1	0.227983510613	1	244	A	G
D1_N1	0.228305990429	1	1064	T	G
D1_N1	0.228675524828	2	1502	C	T
D1_N1	0.228734024917	1	144	G	A
D1_N1	0.228867581704	2	1711	C	T
D1_N1	0.229271644094	1	1460	G	T
D1_N1	0.229316833592	2	415	G	T
D1_N1	0.229514394991	1	1181	T	A
D1_N1	0.229641367817	1	988	T	A
D1_N1	0.229892112374	2	1623	A	C
D1_N1	0.230298845896	1	1718	G	A
D1_N1	0.230302206265	2	1291	C	T
D1_N1	0.231474685813	2	1622	T	C
D1_N1	0.231733476254	1	510	G	A
D1_N1	0.231787563547	2	537	T	A
D1_N1	0.231907531866	1	1694	G	A
D1_N1	0.232767858096	1	669	G	T
D1_N1	0.232984105237	2	439	T	G
D1_N1	0.233558142732	1	1103	G	T
N1_N2	0.00012988095317	1	1346	C	T
N1_N2	0.000290260944281	1	1605	A	C
N1_N2	0.000311693774086	2	564	A	G
N1_N2	0.000769222386252	2	349	T	C
N1_N2	0.00092383709831	1	1649	T	A
N1_N2	0.00131924234214	2	879	A	G
N1_N2	0.00145313380311	1	1224	T	C
N1_N2	0.00151035432296	2	857	C	A
N1_N2	0.00202661909628	2	841	A	G
N1_N2	0.00225113240404	2	1095	C	G
N1_N2	0.00240312680141	2	332	T	C
N1_N2	0.00284202955536	1	1000	A	G
N1_N2	0.00285340535065	1	1017	T	C
N1_N2	0.00332753044694	1	1221	G	A
N1_N2	0.00402640468559	2	58	T	C
N1_N2	0.00407557552101	2	62	G	C
N1_N2	0.004166135205	1	384	C	G
N1_N2	0.00453241211879	1	128	T	C
N1_N2	0.00478597030284	1	1554	T	C
N1_N2	0.00511183472572	2	1462	A	G
N1_N2	0.00541926740077	2	596	C	T
N1_N2	0.00558448352532	2	361	A	T
N1_N2	0.00584659757015	2	215	C	T
N1_N2	0.00607540408325	1	889	C	T
N1_N2	0.00699966581458	1	847	T	C
N1_N2	0.00724833431039	2	1422	G	T
N1_N2	0.0073190554712	1	543	A	C
N1_N2	0.00767396280486	1	981	A	G
N1_N2	0.00794109849605	2	1701	A	G
N1_N2	0.00853884608322	1	148	G	A
N1_N2	0.00870915178834	2	1199	A	G
N1_N2	0.00939805663799	2	838	G	T
N1_N2	0.00989110626554	1	357	C	A
N1_N2	0.0100468599598	2	141	G	A
N1_N2	0.0103117480918	1	1067	T	A
N1_N2	0.010802812232	1	960	C	A
N1_N2	0.0113692020239	2	118	G	A
N1_N2	0.0119853689452	2	192	A	G
N1_N2	0.0125452905325	2	193	T	C
N1_N2	0.0130244858685	1	1530	T	A
N1_N2	0.0130757097528	2	102	G	C
N1_N2	0.0133172898861	2	581	C	T
N1_N2	0.0133912278393	2	1037	G	A
N1_N2	0.0134513724786	2	59	A	G
N1_N2	0.0135236149363	2	671	A	C
N1_N2	0.0137636799704	2	1721	C	G
N1_N2	0.0138355900837	1	1410	C	T
N1_N2	0.0138985269469	1	784	A	G
N1_N2	0.0140239486538	1	149	C	T
N1_N2	0.0144311916321	1	652	T	A
N1_N2	0.0144623177164	1	0	T	C
N1_N2	0.0152546901332	2	1582	A	G
N1_N2	0.0156811571312	1	1601	A	G
N1_N2	0.0157177709636	2	1558	G	C
N2_N3	0.000497372854585	1	824	C	T
N2_N3	0.000965492064075	1	474	G	A
N2_N3	0.00133536923398	2	1712	T	C
N2_N3	0.00166793390689	2	1081	G	T
N2_N3	0.00184762278369	2	761	C	T
N2_N3	0.00192466496449	1	165	C	A
N2_N3	0.00194718955074	1	803	T	G
N2_N3	0.00202465679169	1	1036	C	A
N2_N3	0.00221177871102	2	1714	A	G
N2_N3	0.00229730146809	1	1580	C	T
N2_N3	0.00236696668829	1	1268	C	A
N2_N3	0.00280678302387	2	656	C	T
N2_N3	0.00305167739341	2	990	T	A
N2_N3	0.00353203601802	2	1005	A	G
N2_N3	0.00394084917902	2	1255	C	T
N2_N3	0.00426440186558	1	835	G	A
N2_N3	0.00476156885525	2	1504	A	C
N2_N3	0.00503662291218	2	64	T	A
N2_N3	0.00537012278392	2	1525	T	C
N2_N3	0.00585879172649	1	1633	T	C
N2_N3	0.00613921493807	2	397	C	A
N2_N3	0.00622628662035	2	995	A	T
N2_N3	0.00652014565691	2	751	A	G
N2_N3	0.00667108779004	1	1261	G	A
N2_N3	0.00692982459645	2	579	A	G
N3_N4	2.235748303e-05	1	1094	G	T
N3_N4	0.000110724444634	2	244	A	G
N3_N4	0.000190502229025	1	1714	A	T
N3_N4	0.000401635589055	2	301	G	A
N3_N4	0.000538734689603	1	1095	C	A
N3_N4	0.000780646271112	2	1463	C	T
N3_N4	0.000784687719643	1	318	G	A
N3_N4	0.0011406676269	1	950	C	T
N3_N4	0.00118568738169	1	938	T	G
N3_N4	0.00122299412324	1	378	T	A
N3_N4	0.0012787936748	1	1730	C	T
N3_N4	0.00172192273877	1	616	G	A
N3_N4	0.00222476023439	2	1317	T	C
N3_N4	0.00282529065624	1	309	A	T
N3_N4	0.00285265885107	1	164	T	C
N3_N4	0.0035174239644	2	1548	A	G
N3_N4	0.00354978658472	2	1110	G	C
N3_N4	0.00366147949955	2	106	T	A
N3_N4	0.00439781644463	1	970	A	C
N3_N4	0.00439838688935	1	1490	A	T
N3_N4	0.00448642502319	2	841	G	A
N3_N4	0.00466420011718	2	497	A	G
N3_N4	0.00467708271541	2	583	T	A
N3_N4	0.0051100558684	1	947	C	T
N3_N4	0.00529525545095	1	1495	A	G
N3_N4	0.00583659904967	1	448	A	T
N3_N4	0.00626633873713	2	1180	G	A
N3_N4	0.00627594084049	1	644	C	A
N3_N4	0.0063710389629	1	534	T	A
N3_N4	0.0065061093535	2	1626	A	G
N3_N4	0.00682971718789	2	1313	G	A
N3_N4	0.00714936436641	2	589	A	G
N3_N4	0.00774913681853	1	1125	G	T
N3_N4	0.00809016972287	1	1115	T	G
N3_N4	0.00863679313161	1	1017	C	T
N3_N4	0.00865817421817	1	33	A	G
N3_N4	0.0088347930964	1	1537	C	T
N4_Human	0.000594630008072	1	126	G	T
N4_Human	0.000712921189469	2	682	A	G
N4_Human	0.000832272647781	2	1374	T	C
N4_Human	0.000859788850156	2	755	A	G
N4_Human	0.00103533077659	2	820	T	G
N4_Human	0.00111782136024	1	929	T	C
N4_Human	0.00131422466349	2	18	T	A
N4_Human	0.0014388229681	2	952	C	T
N4_Human	0.00165972793368	2	1072	G	T
N4_Human	0.00177405214432	2	103	C	T
N4_Human	0.00331535271148	1	1664	T	C
N4_Human	0.00338339557568	2	1046	T	G
N4_Human	0.00424537869183	2	216	T	C
N4_Human	0.00443162876823	2	501	A	T
N4_Human	0.00443854134438	2	678	G	A
N4_Human	0.0044857536254	2	1367	G	T
N4_Human	0.00488958212405	1	1281	C	T
N4_Human	0.00558165316243	2	402	A	C
N4_Human	0.0059645632463	2	1481	A	C
N4_Human	0.00598833006602	2	230	T	C
N4_Human	0.00624885040125	1	1665	G	T
N4_Human	0.00729528108768	2	1436	G	A
N4_Human	0.00732679997933	2	345	A	G
N4_Human	0.00749656082609	2	838	T	C
N4_Human	0.00779485111677	1	951	A	G
N4_Human	0.00794322490667	1	1462	A	G
N4_Human	0.00856985991723	2	1028	A	T
N4_Human	0.00860568605925	2	837	C	T
N4_Human	0.00891155986838	2	849	A	C
N4_Human	0.00929185194946	1	1469	G	A
N4_Human	0.00936907868643	1	1520	T	A
N4_Human	0.00956528701528	2	114	C	A
N4_Human	0.0100346468371	2	138	A	G
N4_Human	0.0100567579879	1	857	C	T
N4_Human	0.0104681271592	2	76	G	A
N4_Human	0.0104769065644	2	818	T	G
N4_Human	0.0105129173868	2	98	T	C
N4_Chimp	0.00010242250432	1	863	A	T
N4_Chimp	0.00024796747813	1	616	A	T
N4_Chimp	0.000924391631817	2	1025	A	T
N4_Chimp	0.00121995622616	1	104	T	C
N4_Chimp	0.00137942102225	2	1290	G	A
N4_Chimp	0.00145175662824	1	27	T	G
N4_Chimp	0.00184666824415	2	338	T	C
N4_Chimp	0.00185464911569	1	857	C	A
N4_Chimp	0.00206666604165	2	1378	C	T
N4_Chimp	0.00313666842067	1	766	C	T
N4_Chimp	0.00397018306887	2	1358	T	C
N4_Chimp	0.00400180478468	2	1564	G	C
N4_Chimp	0.00450901654885	1	1680	G	A
N4_Chimp	0.00479774728689	1	474	A	C
N4_Chimp	0.00494972491602	2	255	T	C
N4_Chimp	0.00512788952408	1	822	C	T
N4_Chimp	0.00516329995036	1	539	T	C
N4_Chimp	0.00534637502014	2	1073	C	T
N4_Chimp	0.00599989096568	2	1520	T	A
N4_Chimp	0.00614695737966	2	1560	T	C
N4_Chimp	0.00636374247959	2	820	T	A
N4_Chimp	0.00651626254378	1	951	A	G
N4_Chimp	0.00656757694975	2	876	G	C
N4_Chimp	0.00665703468489	1	621	A	C
N4_Chimp	0.00684886512857	2	1516	A	T
N4_Chimp	0.00699621212887	2	2	A	C
N4_Chimp	0.00703096700181	1	624	A	G
N4_Chimp	0.00721091054201	2	1463	T	A
N4_Chimp	0.00733792987431	1	1554	C	A
N4_Chimp	0.008152195649	1	232	C	T
N4_Chimp	0.00822131619411	2	45	A	G
N4_Chimp	0.00833281766794	2	1387	G	T
N4_Chimp	0.00894562638145	1	159	G	A
N4_Chimp	0.00922744874372	1	534	A	T
N4_Chimp	0.00950560487048	2	1081	T	G
N4_Chimp	0.00956609382418	2	1685	C	T
N4_Chimp	0.00970961961834	1	1310	G	A
N4_Chimp	0.0101053572091	2	1139	G	T
N4_Chimp	0.010284738903	2	244	G	A
N4_Chimp	0.0111779190162	2	615	C	T
N3_Goril	0.000150119433528	1	586	A	G
N3_Goril	0.000217176145206	1	126	G	A
N3_Goril	0.000266641327006	1	260	A	G
N3_Goril	0.000468615805583	1	1657	C	T
N3_Goril	0.000657218367118	2	427	A	T
N3_Goril	0.000807323408206	1	646	C	A
N3_Goril	0.00116517616019	1	529	G	C
N3_Goril	0.00149079787886	2	1422	T	G
N3_Goril	0.00161246168783	2	1545	T	A
N3_Goril	0.00163001812886	2	260	A	G
N3_Goril	0.00212611033286	1	339	T	C
N3_Goril	0.00228784243646	1	337	C	T
N3_Goril	0.00292038834516	1	75	A	T
N3_Goril	0.00297947778924	1	1241	G	T
N3_Goril	0.00316594224418	1	988	A	G
N3_Goril	0.00317902528829	2	644	G	T
N3_Goril	0.0032639649497	1	55	T	C
N3_Goril	0.00344999004452	2	422	G	A
N3_Goril	0.00355630908015	2	1620	T	C
N3_Goril	0.003904357804	2	1711	T	C
N3_Goril	0.00395495235767	1	652	A	G
N3_Goril	0.004077298184	2	582	A	C
N3_Goril	0.00421565042037	1	182	C	A
N3_Goril	0.00444378830739	1	715	C	G
N3_Goril	0.00450227853505	2	1504	C	T
N3_Goril	0.00474333344047	2	436	T	C
N3_Goril	0.0049425664723	1	1101	C	A
N3_Goril	0.00523185016682	2	1158	T	C
N3_Goril	0.0058636711537	2	1220	C	A
N3_Goril	0.0062635602569	2	687	G	A
N3_Goril	0.00674531314233	1	963	C	T
N3_Goril	0.00681886667982	2	1392	C	A
N3_Goril	0.0068422527024	2	1695	T	C
N3_Goril	0.00687712271231	1	594	G	T
N3_Goril	0.00693002344297	2	855	T	A
N3_Goril	0.00705832760145	1	1721	C	G
N3_Goril	0.00706843035	2	105	C	A
N3_Goril	0.00717464564539	1	677	T	A
N3_Goril	0.00741720952643	1	1643	A	G
N3_Goril	0.00753775409445	1	217	C	T
N3_Goril	0.00812064935681	2	1094	G	A
N3_Goril	0.00897109133182	2	1732	A	G
N3_Goril	0.00913205255792	1	1583	T	C
N3_Goril	0.00945678966829	1	425	A	T
N3_Goril	0.00954581242235	1	1098	T	A
N3_Goril	0.00972989998872	2	546	C	G
N3_Goril	0.0106153711936	1	1297	G	A
N3_Goril	0.0112148669544	1	1086	C	A
N3_Goril	0.0117018575569	1	606	G	A
N3_Goril	0.0118032948123	2	25	A	G
N3_Goril	0.0122182631819	1	202	G	T
N3_Goril	0.0123648563901	1	1363	C	G
N3_Goril	0.0129186895428	2	1168	A	C
N3_Goril	0.0131668748431	2	739	G	C
N3_Goril	0.0133419134144	2	339	C	G
N3_Goril	0.0134023660501	1	1553	C	T
N3_Goril	0.0135040232858	1	117	T	C
N3_Goril	0.0136796574194	1	1542	G	C
N3_Goril	0.0140691523371	1	1538	G	T
N3_Goril	0.0141777023994	2	319	T	C
N3_Goril	0.0141807119608	1	666	G	T
N3_Goril	0.0154729200463	2	1159	A	G
N3_Goril	0.0154999404825	2	684	G	A
N3_Goril	0.0156838686363	1	271	G	T
N3_Goril	0.0158596221694	1	727	A	T
N3_Goril	0.0168905144292	2	854	C	T
N3_Goril	0.0172371626523	2	456	C	A
N3_Goril	0.0173677762491	1	12	T	A
N3_Goril	0.0176847781911	1	934	T	A
N3_Goril	0.0181281969465	1	38	T	A
N3_Goril	0.0183414231002	2	1578	A	G
N3_Goril	0.0187827440587	2	1084	C	G
N3_Goril	0.0190280963733	1	1298	A	C
N3_Goril	0.0191778258998	2	1428	C	T
N3_Goril	0.0192416905976	2	1407	A	C
N3_Goril	0.0194263644059	2	895	A	T
N3_Goril	0.0197780234636	1	202	T	C
N2_Orang	0.000398693169195	2	1087	T	A
N2_Orang	0.000801551473576	2	987	G	T
N2_Orang	0.00101551245912	1	354	A	G
N2_Orang	0.00145447530404	2	323	T	C
N2_Orang	0.00164000254525	1	927	A	G
N2_Orang	0.00185593481342	2	986	A	G
N2_Orang	0.00194501171413	2	771	A	G
N2_Orang	0.00251957056659	2	459	A	C
N2_Orang	0.00275943487523	2	1129	T	C
N2_Orang	0.00297931433609	1	1729	G	C
N2_Orang	0.00305692984178	2	1362	A	T
N2_Orang	0.00308902531405	1	1189	T	C
N2_Orang	0.00324723607082	2	198	C	T
N2_Orang	0.00346941340928	2	1373	T	A
N2_Orang	0.00365217755484	1	920	A	C
N2_Orang	0.00378203026215	2	533	T	C
N2_Orang	0.00386530131534	2	1282	G	A
N2_Orang	0.0039016206568	1	1375	T	A
N2_Orang	0.00397965794726	1	1726	A	G
N2_Orang	0.00416591905911	1	715	C	T
N2_Orang	0.00466024523399	2	1038	T	A
N2_Orang	0.00501346223889	1	1694	A	G
N2_Orang	0.00564677240378	2	949	T	C
N2_Orang	0.00581897135142	1	849	A	G
N2_Orang	0.00582633104941	2	600	G	A
N2_Orang	0.00583093630062	1	842	A	G
N2_Orang	0.00585831414904	1	870	C	G
N2_Orang	0.00603834166747	2	1393	A	C
N2_Orang	0.00640069287277	2	382	G	T
N2_Orang	0.00658398977807	1	1325	A	G
N2_Orang	0.00666409995418	1	1392	A	C
N2_Orang	0.00671930341592	1	950	C	T
N2_Orang	0.00750248502026	2	930	G	A
N2_Orang	0.00753081260398	2	917	G	T
N2_Orang	0.00770923315923	2	477	C	T
N2_Orang	0.00779304764218	1	206	T	C
N2_Orang	0.00845223866199	2	1105	G	A
N2_Orang	0.00845708210343	1	1652	G	T
N2_Orang	0.00849215694924	2	823	T	C
N2_Orang	0.00861384703095	1	1569	C	A
N2_Orang	0.00900003224735	1	1463	C	T
N2_Orang	0.00901806519731	2	244	A	C
N2_Orang	0.00934807232195	2	113	T	A
N2_Orang	0.0099295582271	1	121	C	T
N2_Orang	0.0100582361669	1	1310	G	A
N2_Orang	0.0102703249674	1	548	G	A
N2_Orang	0.0104394254571	1	455	G	A
N2_Orang	0.0105554159678	1	823	T	A
N2_Orang	0.0107738352363	1	1619	A	T
N2_Orang	0.0107909570806	1	910	A	G
N2_Orang	0.0109273313979	2	1693	G	C
N2_Orang	0.0111701404893	1	902	C	A
N2_Orang	0.0113218524434	2	726	C	T
N2_Orang	0.011467863584	1	1405	G	C
N2_Orang	0.0118942604573	1	591	G	T
N2_Orang	0.0126712842899	2	1073	C	G
N2_Orang	0.0131135686983	2	963	T	C
N2_Orang	0.0133203911046	2	609	T	C
N2_Orang	0.0141151480225	1	651	G	C
N2_Orang	0.0142104678829	1	308	C	G
N2_Orang	0.0143349315989	1	1087	T	A
N2_Orang	0.0144152157249	2	1572	A	G
N2_Orang	0.0147293124775	2	593	T	A
N2_Orang	0.0150850322251	1	1484	A	C
N2_Orang	0.0150884626788	1	878	C	T
N2_Orang	0.0155457429183	2	1358	T	C
N2_Orang	0.0160208482214	2	1510	G	T
N2_Orang	0.0170717742132	2	369	C	T
N2_Orang	0.0171842628934	2	1729	T	C
N2_Orang	0.0177061641273	1	152	G	A
N2_Orang	0.0181551845766	2	773	A	T
N2_Orang	0.0182201730337	2	975	T	C
N2_Orang	0.0185681526641	1	98	T	C
N1_Macaq	1.72661922745e-06	2	921	C	T
N1_Macaq	3.83242729826e-05	1	903	G	T
N1_Macaq	0.000462331827017	2	515	C	T
N1_Macaq	0.000846824949071	1	1499	C	G
N1_Macaq	0.001056697794	2	1333	A	C
N1_Macaq	0.00158947846127	1	834	T	A
N1_Macaq	0.00175628070099	2	300	G	T
N1_Macaq	0.00208227225393	2	1072	G	T
N1_Macaq	0.00266453660637	2	971	A	C
N1_Macaq	0.00323094870995	2	1582	A	G
N1_Macaq	0.00367010153204	2	408	C	A
N1_Macaq	0.00392496579801	1	1279	G	T
N1_Macaq	0.00393369247592	1	1167	G	T
N1_Macaq	0.00423381183967	2	241	T	A
N1_Macaq	0.00437819715424	1	1402	T	G
N1_Macaq	0.00441868784653	1	875	T	A
N1_Macaq	0.00456935107178	1	760	G	A
N1_Macaq	0.00474096129787	2	1198	A	G
N1_Macaq	0.00498366001133	2	702	A	T
N1_Macaq	0.00537436822376	2	212	G	A
N1_Macaq	0.00537935518967	2	1222	C	T
N1_Macaq	0.00578909212717	1	1281	C	T
N1_Macaq	0.00593711999849	1	473	T	A
N1_Macaq	0.00612144699699	1	152	G	A
N1_Macaq	0.00616565265215	1	1658	A	C
N1_Macaq	0.00625049873539	2	1351	A	G
N1_Macaq	0.00662919389655	1	1151	G	A
N1_Macaq	0.00677381019154	1	774	C	A
N1_Macaq	0.00719824402546	1	1651	C	T
N1_Macaq	0.00720828578912	2	599	A	G
N1_Macaq	0.00829629957745	2	770	G	A
N1_Macaq	0.00874526958877	2	1208	A	T
N1_Macaq	0.00903176999326	1	1552	C	A
N1_Macaq	0.00919812531558	2	400	T	G
N1_Macaq	0.00927239770209	2	90	T	C
N1_Macaq	0.0095021988575	1	1172	T	C
N1_Macaq	0.0102801930997	1	879	T	C
N1_Macaq	0.0104176841591	2	423	T	G
N1_Macaq	0.0114325129868	1	870	C	G
N1_Macaq	0.0117591122357	2	1302	A	G
N1_Macaq	0.0117894383703	1	634	A	G
N1_Macaq	0.0119435594508	2	1472	G	A
N1_Macaq	0.0121518787063	2	1268	T	C
N1_Macaq	0.0122172832455	1	85	T	A
N1_Macaq	0.0126432232153	1	649	C	G
N1_Macaq	0.0126872180917	2	110	G	C
N1_Macaq	0.0137762556901	1	95	C	A
N1_Macaq	0.0138164735419	1	182	C	T
N1_Macaq	0.0138899930303	2	514	T	A
N1_Macaq	0.0149617218574	1	741	T	A
N1_Macaq	0.0149731914426	1	407	A	T
N1_Macaq	0.0150001138092	2	639	T	A
N1_Macaq	0.0155081663499	1	763	A	G
N1_Macaq	0.015811039919	2	181	G	A
N1_Macaq	0.0162231084323	2	725	A	T
N1_Macaq	0.0163139993898	1	194	T	C
N1_Macaq	0.0167650204033	2	97	T	A
N1_Macaq	0.0168103913219	1	1466	T	A
N1_Macaq	0.0172527009737	1	1379	A	G
N1_Macaq	0.0178565812931	2	911	T	G
N1_Macaq	0.0179586346377	2	1305	A	C
N1_Macaq	0.0180247572003	2	819	A	G
N1_Macaq	0.018550347501	2	851	G	C
N1_Macaq	0.0192591607987	1	1046	C	A
N1_Macaq	0.0196625431512	2	912	G	A
N1_Macaq	0.0199747674635	1	1523	T	C
N1_Macaq	0.0200585002712	1	781	A	G
N1_Macaq	0.0202709974708	1	95	A	T
N1_Macaq	0.0206431327685	2	1437	G	T
N1_Macaq	0.0206876803465	2	133	A	G
N1_Macaq	0.0215070015027	1	1537	C	A
N1_Macaq	0.0218071848972	2	1072	T	A
N1_Macaq	0.0218977872803	1	763	G	C
N1_Macaq	0.0219506451402	1	575	G	A
N1_Macaq	0.0219829632621	1	1041	G	C
N1_Macaq	0.0221411416529	2	167	C	G
N1_Macaq	0.0223694266556	2	127	G	T
N1_Macaq	0.0226437238984	1	1262	A	T
N1_Macaq	0.0230285547817	1	1336	A	C
N1_Macaq	0.0231995648046	1	1377	A	G
N1_Macaq	0.0233535688661	2	620	G	A
N1_Macaq	0.0233849268787	1	1498	A	T
N1_Macaq	0.0234280919745	2	1057	A	T
N1_Macaq	0.0238515736331	1	1204	A	G
N1_Macaq	0.023882907091	2	1401	G	T
N1_Macaq	0.0239981982762	2	99	C	A
N1_Macaq	0.0242872949415	2	902	C	T
N1_Macaq	0.0243765019838	2	1694	G	T
N1_Macaq	0.0247200013127	1	108	A	G
N1_Macaq	0.0247461792257	2	331	T	G
N1_Macaq	0.0248916913249	1	243	A	T
N1_Macaq	0.0249981271056	2	454	A	G
N1_Macaq	0.0254308228789	2	1017	C	G
N1_Macaq	0.0256870567885	2	861	C	G
N1_Macaq	0.0263989874727	2	926	A	C
N1_Macaq	0.0276930166303	2	521	T	A
N1_Macaq	0.0283819216656	2	187	A	C
N1_Macaq	0.0286986750483	2	1645	C	T
N1_Macaq	0.0287927648224	2	1230	G	A
N1_Macaq	0.0290694621291	2	1197	C	A
N1_Macaq	0.0296524376944	1	480	A	T
N1_Macaq	0.0299944809846	2	816	A	G
N1_Macaq	0.030221625649	1	939	C	T
N1_Macaq	0.0311020955854	2	1413	A	T
N1_Macaq	0.031139236281	1	406	A	G
N1_Macaq	0.0311404366973	2	1169	A	G
N1_Macaq	0.0311465361151	1	1420	A	G
N1_Macaq	0.031446142781	2	1499	C	A
N1_Macaq	0.0317115289437	2	369	C	A
N1_Macaq	0.031967934756	1	830	A	G
N1_Macaq	0.0319761839713	1	1220	C	G
N1_Macaq	0.0322674952051	1	827	T	G
N1_Macaq	0.0322797633317	2	1543	G	T
N1_Macaq	0.0324152366719	2	1268	C	A
N1_Macaq	0.0330425903595	1	294	T	G
N1_Macaq	0.0331094038333	1	564	A	G
N1_Macaq	0.0333220210236	2	1396	A	G
N1_Macaq	0.0335506428215	2	386	T	A
N1_Macaq	0.0335885637661	1	149	C	G
N1_Macaq	0.0336217755396	1	1185	G	C
N1_Macaq	0.0341553695663	2	837	C	T
N1_Macaq	0.0345217072591	1	978	A	C
N1_Macaq	0.0345288898887	1	472	T	G
N1_Macaq	0.0347668081532	2	746	C	A
N1_Macaq	0.0349966327173	1	1370	A	G
N1_Macaq	0.0351779386031	2	848	G	A
N1_Macaq	0.0365447900319	1	726	A	T
N1_Macaq	0.0369599460054	1	779	C	G
N1_Macaq	0.037130456961	1	1358	T	A
N1_Macaq	0.037176303213	1	273	T	C
N1_Macaq	0.0379718194016	2	1418	C	T
N1_Macaq	0.0382003039046	2	185	G	A
N1_Macaq	0.0382351094769	2	275	C	G
N1_Macaq	0.0383589338066	1	1703	T	C
N1_Macaq	0.0383978878299	2	715	C	T
N1_Macaq	0.0393374850634	1	1401	C	A
N1_Macaq	0.04114295906	1	1303	A	C
N1_Macaq	0.0416759485388	1	1363	C	A
N1_Macaq	0.0418354540401	2	1424	A	G
N1_Macaq	0.0424288596732	1	1233	T	C
N1_Macaq	0.0424989936935	1	780	T	G
N1_Macaq	0.0425291795506	1	730	G	A
N1_Macaq	0.0430629852403	2	768	G	T
N1_Macaq	0.0433824519822	1	1391	T	A
N1_Macaq	0.0434336208095	1	926	A	T
N1_Macaq	0.0437205274928	2	1340	T	C
N0_Mouse	0.000945606635831	0	613	C	A
N0_Mouse	0.00134641738253	0	887	T	C
N0_Mouse	0.0020727022236	0	1448	T	C
N0_Mouse	0.00228573105462	0	1202	C	T
N0_Mouse	0.00257519056032	0	1366	G	C
N0_Mouse	0.0031074088331	0	1570	A	T
N0_Mouse	0.00354058403801	0	979	T	C
N0_Mouse	0.00393814157701	0	101	C	T
N0_Mouse	0.00408420173643	0	1572	G	A
N0_Mouse	0.0065729880425	0	1	T	G
N0_Mouse	0.00711597228565	0	961	G	T
N0_Mouse	0.00951582485322	0	694	T	C
N0_Mouse	0.0100705232712	0	759	T	C
N0_Mouse	0.0103225481382	0	1376	C	T
N0_Mouse	0.010988354479	0	655	C	A
N0_Mouse	0.0111296201192	0	1614	G	C
N0_Mouse	0.0113382887226	0	524	C	T
N0_Mouse	0.0117715704335	0	1064	C	A
N0_Mouse	0.0137244229558	0	413	A	C
N0_Mouse	0.0141799933633	0	488	T	C
N0_Mouse	0.0146880850793	0	1501	A	G
N0_Mouse	0.0148259696496	0	565	T	C
N0_Mouse	0.0187692553747	0	1494	C	T
N0_Mouse	0.0197521403924	0	13	T	C
N0_Mouse	0.0211341376688	0	182	C	T
N0_Mouse	0.0211790024069	0	1377	G	A
N0_Mouse	0.0218039137362	0	151	A	T
N0_Mouse	0.0228878965132	0	1550	G	A
N0_Mouse	0.0235294668013	0	110	A	C
N0_Mouse	0.0236037098015	0	1581	C	G
N0_Mouse	0.024292390204	0	1604	C	T
N0_Mouse	0.0250701771969	0	1405	G	A
N0_Mouse	0.0251415298978	0	931	A	G
N0_Mouse	0.0256241575694	0	769	T	A
N0_Mouse	0.0257026786185	0	62	A	T
N0_Mouse	0.0257486902358	0	1103	G	A
N0_Mouse	0.0259396236078	0	218	G	A
N0_Mouse	0.0262921031552	0	1387	G	A
N0_Mouse	0.0270387893818	0	421	C	T
N0_Mouse	0.0272485584365	0	893	A	T
N0_Mouse	0.0281329005454	0	1268	T	C
N0_Mouse	0.0292381377855	0	1392	C	T
N0_Mouse	0.0293746270289	0	401	G	A
N0_Mouse	0.0307195471822	0	491	T	C
N0_Mouse	0.0308870208095	0	1435	T	A
N0_Mouse	0.0312934838451	0	471	T	C
N0_Mouse	0.0317714872457	0	1565	G	A
N0_Mouse	0.0325105019797	0	1090	A	C
N0_Mouse	0.0330311630997	0	785	T	G
N0_Mouse	0.0331265429677	0	357	C	G
N0_Mouse	0.0336419116349	0	729	C	A
N0_Mouse	0.03408187295	0	1420	A	T
N0_Mouse	0.0360107308138	0	236	C	A
N0_Mouse	0.0365986416784	0	1295	C	G
N0_Mouse	0.0376638552648	0	1046	A	C
N0_Mouse	0.0392668395484	0	1407	A	T
N0_Mouse	0.040662022656	0	174	A	C
N0_Mouse	0.0407490833826	0	1494	T	A
N0_Mouse	0.041310267272	0	1565	A	C
N0_Mouse	0.0423177675952	0	733	G	C
N0_Mouse	0.043052436304	0	1219	C	T
N0_Mouse	0.0439138643741	0	832	C	T
N0_Mouse	0.0450702266856	0	1312	A	G
N0_Mouse	0.0456526461638	0	768	G	A
N0_Mouse	0.045868108333	0	1395	G	A
N0_Mouse	0.0459409875219	0	809	T	A
N0_Mouse	0.046133487657	0	1419	A	T
N0_Mouse	0.0468262835726	0	1279	A	T
N0_Mouse	0.0486266879163	0	1228	A	T
N0_Mouse	0.0500035806658	0	722	T	C
N0_Mouse	0.0500377861858	0	1549	A	T
N0_Mouse	0.0506208641977	0	982	T	C
N0_Mouse	0.0506257917239	0	1338	G	T
N0_Mouse	0.0509606567144	0	1121	C	T
N0_Mouse	0.0545244044608	0	151	T	C
N0_Mouse	0.0551137268646	0	368	A	G
N0_Mouse	0.0553055898376	0	1141	C	T
N0_Mouse	0.0558178918961	0	255	T	C
N0_Mouse	0.0560113608382	0	1609	A	G
N0_Mouse	0.05693161689	0	1013	C	T
N0_Mouse	0.0570585587415	0	1128	C	G
N0_Mouse	0.0576857374308	0	334	T	A
N0_Mouse	0.058657655878	0	767	G	T
N0_Mouse	0.0594919765786	0	188	T	C
N0_Mouse	0.0595009896661	0	1218	T	C
N0_Mouse	0.0603571049349	0	724	A	T
N0_Mouse	0.0607232285801	0	1348	C	T
N0_Mouse	0.060856187466	0	776	T	A
N0_Mouse	0.0613456891549	0	1206	A	G
N0_Mouse	0.0616002090245	0	246	A	G
N0_Mouse	0.0616862073744	0	419	G	T
N0_Mouse	0.0617656150729	0	1212	A	C
N0_Mouse	0.0625503668379	0	815	T	C
N0_Mouse	0.0635375201271	0	1705	A	T
N0_Mouse	0.0637085571019	0	271	G	A
N0_Mouse	0.0638186847097	0	810	A	G
N0_Mouse	0.0643312170256	0	1047	A	G
N0_Mouse	0.0644751657809	0	1034	T	A
N0_Mouse	0.0654745596444	0	844	T	C
N0_Mouse	0.0656348499317	0	339	C	T
N0_Mouse	0.0658267710198	0	628	G	A
N0_Mouse	0.0664080633128	0	717	G	C
N0_Mouse	0.0664891887278	0	633	T	C
N0_Mouse	0.0669197793001	0	899	A	G
N0_Mouse	0.0671580265938	0	965	C	T
N0_Mouse	0.0679567161381	0	720	G	T
N0_Mouse	0.0682280257205	0	1543	C	T
N0_Mouse	0.069140019179	0	1145	C	T
N0_Mouse	0.0698531180213	0	1461	C	T
N0_Mouse	0.0703902662581	0	371	A	G
N0_Mouse	0.0712587235514	0	1351	G	C
N0_Mouse	0.0717181445409	0	242	G	A
N0_Mouse	0.0719049639054	0	157	G	T
N0_Mouse	0.072909558802	0	464	G	A
N0_Mouse	0.0736712618114	0	271	A	G
N0_Mouse	0.0746068318281	0	1547	T	C
N0_Mouse	0.0746633196881	0	741	T	C
N0_Mouse	0.074818079672	0	1026	A	T
N0_Mouse	0.0749945999135	0	447	A	T
N0_Mouse	0.0755375671655	0	1626	A	G
N0_Mouse	0.0760495073147	0	1709	A	T
N0_Mouse	0.0766994270875	0	563	A	T
N0_Mouse	0.0772860985227	0	1376	T	C
N0_Mouse	0.0776715979003	0	49	C	A
N0_Mouse	0.0780133961463	0	1294	A	G
N0_Mouse	0.0781866026277	0	160	C	T
N0_Mouse	0.0787482631712	0	1427	C	T
N0_Mouse	0.0796903246389	0	159	A	C
N0_Mouse	0.080568720886	0	1678	C	T
N0_Mouse	0.0816701194793	0	1563	A	G
N0_Mouse	0.0824950383055	0	1017	C	A
N0_Mouse	0.0827599230299	0	1608	A	G
N0_Mouse	0.0842127814241	0	1482	T	C
N0_Mouse	0.0855024873698	0	1352	A	C
N0_Mouse	0.0856481427349	0	613	A	G
N0_Mouse	0.0858060641048	0	603	T	G
N0_Mouse	0.0873368582957	0	1463	C	T
N0_Mouse	0.088149329471	0	579	C	T
N0_Mouse	0.0882748840867	0	1126	G	T
N0_Mouse	0.0884367960204	0	1479	T	A
N0_Mouse	0.0885263382275	0	1679	C	T
N0_Mouse	0.0888751842604	0	149	T	C
N0_Mouse	0.0910447166483	0	1713	C	T
N0_Mouse	0.0910896128156	0	171	T	A
N0_Mouse	0.0926281598173	0	673	T	C
N0_Mouse	0.0931423609974	0	1259	A	G
N0_Mouse	0.0948888944124	0	1631	C	T
N0_Mouse	0.0953854985995	0	1212	C	A
N0_Mouse	0.0958267822729	0	1552	C	T
N0_Mouse	0.0979235908435	0	1121	T	A
N0_Mouse	0.0981102107165	0	690	G	T
N0_Mouse	0.0982475477133	0	210	G	A
N0_Mouse	0.0984113539419	0	235	A	G
N0_Mouse	0.0984467255481	0	1079	T	C
N0_Mouse	0.0985552602065	0	1661	A	T
N0_Mouse	0.0989569065169	0	485	C	A
N0_Mouse	0.100502152522	0	781	A	G
N0_Mouse	0.10060705736	0	1723	A	T
N0_Mouse	0.100827407859	0	315	G	A
N0_Mouse	0.100864427157	0	213	T	G
N0_Mouse	0.101423316656	0	1374	T	C
N0_Mouse	0.102020779452	0	959	A	C
N0_Mouse	0.103204330789	0	837	C	T
N0_Mouse	0.103877656581	0	284	T	A
N0_Mouse	0.104804444891	0	1579	T	C
N0_Mouse	0.104909649885	0	1724	T	C
N0_Mouse	0.105542830656	0	660	G	C
N0_Mouse	0.106433672403	0	391	C	T
N0_Mouse	0.106720392419	0	298	G	C
N0_Mouse	0.107997871795	0	1152	A	G
N0_Mouse	0.108404407644	0	399	G	T
N0_Mouse	0.109235009949	0	17	T	C
N0_Mouse	0.109559802945	0	287	G	C
N0_Mouse	0.11015743234	0	234	G	A
N0_Mouse	0.110644277249	0	1329	G	A
N0_Mouse	0.111422991194	0	385	A	G
N0_Mouse	0.112118528949	0	1102	G	C
N0_Mouse	0.112867008997	0	158	A	G
N0_Mouse	0.113810375099	0	967	G	A
N0_Mouse	0.114575233644	0	588	A	T
N0_Mouse	0.115318449408	0	879	T	A
N0_Mouse	0.115995321908	0	1203	G	C
N0_Mouse	0.116431956446	0	1223	G	A
N0_Mouse	0.116729304145	0	529	G	T
N0_Mouse	0.117715396355	0	822	C	T
N0_Mouse	0.11833863842	0	791	T	A
N0_Mouse	0.118610095239	0	1021	C	T
N0_Mouse	0.119407784403	0	242	A	G
N0_Mouse	0.119935915365	0	1551	G	A
N0_Mouse	0.120260799248	0	69	G	T
N0_Mouse	0.121084839117	0	497	A	T
N0_Mouse	0.121470309629	0	971	G	A
N0_Mouse	0.121798352055	0	1491	T	A
N0_Mouse	0.122114329018	0	686	T	G
N0_Mouse	0.12331346891	0	1155	T	A
N0_Mouse	0.124393166741	0	1421	A	G
N0_Mouse	0.126155979945	0	0	T	C
N0_Mouse	0.126282740388	0	678	G	A
N0_Mouse	0.126347243345	0	892	T	A
N0_Mouse	0.126696878008	0	160	T	C
N0_Mouse	0.12749207822	0	1696	A	G
N0_Mouse	0.127529606657	0	276	C	T
N0_Mouse	0.127958153977	0	1119	T	C
N0_Mouse	0.1280658773	0	33	A	G
N0_Mouse	0.128460881493	0	898	G	C
N0_Mouse	0.12886161719	0	1361	T	C
N0_Mouse	0.129014584338	0	834	T	A
N0_Mouse	0.12957841593	0	355	C	T
N0_Mouse	0.129977227875	0	1729	G	T
N0_Mouse	0.130993158382	0	1235	A	T
N0_Mouse	0.131895746062	0	172	A	C
N0_Mouse	0.131962359303	0	741	C	T
N0_Mouse	0.1326885924	0	899	G	T
N0_Mouse	0.133093197879	0	1572	A	G
N0_Mouse	0.133139034353	0	1443	C	T
N0_Mouse	0.13348265923	0	1713	T	A
N0_Mouse	0.133557944366	0	608	C	G
N0_Mouse	0.134511746143	0	1589	T	G
N0_Mouse	0.135037655046	0	1570	T	A
N0_Mouse	0.135511462655	0	1083	A	T
N0_Mouse	0.136464674962	0	376	A	T
N0_Mouse	0.137038091786	0	778	C	T
N0_Mouse	0.137398894474	0	1369	C	T
N0_Mouse	0.137978129477	0	711	T	A
N0_Mouse	0.13807536597	0	748	A	C
N0_Mouse	0.138515303167	0	1290	G	A
N0_Mouse	0.138847387313	0	1702	A	C
N0_Mouse	0.140120874682	0	670	T	A
N0_Mouse	0.140699162617	0	954	C	G
N0_Mouse	0.14169975846	0	941	T	G
N0_Mouse	0.142182948271	0	1724	C	A
N0_Mouse	0.142696840021	0	641	A	C
N0_Mouse	0.143654268266	0	1264	G	A
N0_Mouse	0.144510461942	0	414	A	T
N0_Mouse	0.144521961573	0	1183	C	T
N0_Mouse	0.144918296783	0	1473	G	T
N0_Mouse	0.145066860526	0	105	C	T
N0_Mouse	0.145079997273	0	1710	C	A
N0_Mouse	0.146002589811	0	1564	G	A
N0_Mouse	0.146008266421	0	166	T	A
N0_Mouse	0.146685884539	0	3	G	A
N0_Mouse	0.146764178264	0	1361	C	G
N0_Mouse	0.147323046423	0	955	A	G
N0_Mouse	0.147560598341	0	72	G	T
N0_Mouse	0.148092991797	0	1165	C	T
N0_Mouse	0.148227493664	0	179	G	T
N0_Mouse	0.148682690197	0	995	A	T
N0_Mouse	0.149004561147	0	712	A	T
N0_Mouse	0.151025052612	0	617	A	C
N0_Mouse	0.151073752141	0	691	T	C
N0_Mouse	0.15127772682	0	885	C	A
N0_Mouse	0.15196937851	0	655	A	G
N0_Mouse	0.152703995479	0	679	T	G
N0_Mouse	0.153390831717	0	416	G	A
N0_Mouse	0.154415507491	0	541	T	A
N0_Mouse	0.154451320611	0	1223	A	T
N0_Mouse	0.155151678816	0	1656	C	G
N0_Mouse	0.155247839884	0	84	A	T
N0_Mouse	0.155583353235	0	844	C	A
N0_Mouse	0.156548365666	0	494	A	T
N0_Mouse	0.157276259875	0	1407	T	A
N0_Mouse	0.158132739816	0	1262	A	C
N0_Mouse	0.158277900935	0	1286	C	T
N0_Mouse	0.160045717525	0	248	T	C
N0_Mouse	0.160212693274	0	1554	T	A
N0_Mouse	0.161553359372	0	248	C	T
N0_Mouse	0.161596197177	0	860	T	C
N0_Mouse	0.161665829285	0	519	T	A
N0_Mouse	0.161718303733	0	1054	T	A
N0_Mouse	0.162056184994	0	1439	T	A
N0_Mouse	0.162976463916	0	50	T	G
N0_Mouse	0.16339121006	0	722	C	T
N0_Mouse	0.163803307491	0	176	G	A
N0_Mouse	0.163816062015	0	910	A	C
N0_Mouse	0.164205260425	0	222	C	T
N0_Mouse	0.164839847934	0	815	C	T
N0_Mouse	0.166145521916	0	1666	C	T
N0_Mouse	0.167002999213	0	1542	G	A
N0_Mouse	0.167704814901	0	586	A	G
N0_Mouse	0.168462785781	0	1031	A	C
N0_Mouse	0.169173433387	0	1074	C	A
N0_Mouse	0.169323664716	0	473	T	C
N0_Mouse	0.169360251697	0	1215	C	A
N0_Mouse	0.170263589976	0	1716	A	T
N0_Mouse	0.17166369265	0	1026	T	A
N0_Mouse	0.17185735084	0	1533	A	T
N0_Mouse	0.172048624212	0	4	T	A
N0_Mouse	0.172365467937	0	675	G	A
N0_Mouse	0.173607868763	0	514	T	G
N0_Mouse	0.173664678106	0	1039	T	C
N0_Mouse	0.17379430952	0	351	A	C
N0_Mouse	0.174043651517	0	766	C	A
N0_Mouse	0.175049274078	0	410	A	G
N0_Mouse	0.176053052622	0	278	C	A
N0_Mouse	0.176946962587	0	702	A	C
N0_Mouse	0.177888611194	0	177	A	G
N0_Mouse	0.178296258082	0	1280	T	C
N0_Mouse	0.178925477985	0	346	G	T
N0_Mouse	0.179245922585	0	394	A	C
N0_Mouse	0.179653034737	0	832	T	A
N0_Mouse	0.179688222698	0	1590	C	G
N0_Mouse	0.180265650793	0	136	T	C
N0_Mouse	0.180609326795	0	1249	T	A
N0_Mouse	0.181339522441	0	1176	T	G
N0_Mouse	0.181721729872	0	1136	C	T
N0_Mouse	0.181939694909	0	768	A	C
N0_Mouse	0.182345813751	0	1313	G	T
N0_Mouse	0.183053634008	0	222	T	A
N0_Mouse	0.184578576879	0	1339	C	G
N0_Mouse	0.185037633942	0	1093	T	A
N0_Mouse	0.18557572893	0	89	A	G
N0_Mouse	0.186087547166	0	757	A	C
N0_Mouse	0.187101565806	0	381	G	A
N0_Mouse	0.187863279073	0	235	G	T
N0_Mouse	0.18816825327	0	1453	G	T
N0_Mouse	0.188175647995	0	485	A	T
N0_Mouse	0.188438587569	0	1357	A	G
N0_Mouse	0.188721512981	0	951	A	G
N0_Mouse	0.188895939642	0	254	C	T
N0_Mouse	0.190239983672	0	265	G	C
N0_Mouse	0.190816160642	0	1648	A	T
N0_Mouse	0.191572505971	0	1604	T	G
N0_Mouse	0.193474248488	0	601	C	A
N0_Mouse	0.19399976902	0	1521	A	C
N0_Mouse	0.194691190026	0	136	C	A
N0_Mouse	0.194891560497	0	1361	G	A
N0_Mouse	0.195038203509	0	1329	A	G
N0_Mouse	0.195321994691	0	121	G	A
N0_Mouse	0.195972547043	0	1680	G	A
N0_Mouse	0.196337036004	0	186	A	G
N0_Mouse	0.19677077899	0	1395	A	T
N0_Mouse	0.197097385687	0	566	A	C
N0_Mouse	0.200449156584	0	366	C	T
N0_Mouse	0.20081678553	0	1547	C	T
N0_Mouse	0.201251674777	0	378	T	G
N0_Mouse	0.202144888082	0	524	T	C
N0_Mouse	0.202276955676	0	1280	C	T
N0_Mouse	0.202575381921	0	761	G	A
N0_Mouse	0.202740066715	0	847	G	T
N0_Mouse	0.20299615486	0	761	A	G
N0_Mouse	0.203441136704	0	743	G	C
N0_Mouse	0.204126471186	0	580	A	T
N0_Mouse	0.204285616735	0	1486	G	T
N0_Mouse	0.204821780424	0	900	T	C
N0_Mouse	0.205207390311	0	1676	A	G
N0_Mouse	0.206428515944	0	1005	T	G
N0_Mouse	0.206890916284	0	1585	C	T
N0_Mouse	0.20719679814	0	41	C	T
N0_Mouse	0.207361720473	0	1250	A	G
N0_Mouse	0.207872897338	0	792	T	C
N0_Mouse	0.208223258219	0	219	A	C
N0_Mouse	0.20850303427	0	1030	C	T
N0_Mouse	0.210405706168	0	919	G	T
N0_Mouse	0.210425007995	0	996	A	G
N0_Mouse	0.210498241116	0	1027	G	A
N0_Mouse	0.21052092112	0	162	C	T
N0_Mouse	0.21105332692	0	634	A	G
N0_Mouse	0.211430653616	0	1533	T	C
N0_Mouse	0.212383331085	0	446	A	T
N0_Mouse	0.212642973017	0	1276	C	A
N0_Mouse	0.212829261419	0	338	T	A
N0_Mouse	0.213182039115	0	336	G	A
N0_Mouse	0.214420182526	0	214	A	T
N0_Mouse	0.214494098457	0	1213	A	G
N0_Mouse	0.215467323754	0	395	G	C
N0_Mouse	0.215665948921	0	362	T	G
N0_Mouse	0.217522349946	0	705	C	T
N0_Mouse	0.218742678509	0	1723	T	G
N0_Mouse	0.221171646362	0	281	C	T
N0_Mouse	0.221422702689	0	134	G	A
N0_Mouse	0.221428117706	0	1447	C	A
N0_Mouse	0.221803356786	0	568	T	A
N0_Mouse	0.222111174048	0	497	T	G
N0_Mouse	0.223499562532	0	92	A	T
N0_Mouse	0.224397177984	0	1427	T	G
N0_Mouse	0.224562854678	0	408	C	T
N0_Mouse	0.2248583665	0	393	A	C
N0_Mouse	0.22590894134	0	1702	C	T
N0_Mouse	0.226010499512	0	658	G	A
N0_Mouse	0.226671716353	0	314	C	T
N0_Mouse	0.227179776955	0	1609	G	A
N0_Mouse	0.227397406359	0	1088	T	G
N0_Mouse	0.228368948372	0	1651	C	A
N0_Mouse	0.230439865946	0	1351	C	A
N0_Mouse	0.230603978829	0	1673	C	A
N0_Mouse	0.230859198115	0	1576	G	A
N0_Mouse	0.231739529307	0	1519	T	A
N0_Mouse	0.232462240593	0	1004	T	A
N0_Mouse	0.232553380067	0	461	T	C
N0_Mouse	0.232631347401	0	672	G	T
N0_Mouse	0.232964855714	0	276	T	G
N0_Mouse	0.233000474497	0	1671	C	G
N0_Mouse	0.233016480987	0	1053	T	C
N0_Mouse	0.233423701839	0	979	C	G
N0_Mouse	0.234505798515	0	102	T	A
N0_Mouse	0.234738096984	0	314	T	G
N0_Mouse	0.235232303452	0	577	C	T
N0_Mouse	0.235460426105	0	1470	C	A
N0_Mouse	0.236996606107	0	1026	A	T
N0_Mouse	0.237068693404	0	517	A	C
N0_Mouse	0.237397058797	0	449	A	G
N0_Mouse	0.237513763747	0	926	A	G
N0_Mouse	0.237967553694	0	271	G	C
N0_Mouse	0.238279955745	0	1100	T	A
N0_Mouse	0.239443886532	0	1281	T	C
N0_Mouse	0.240229520918	0	812	T	G
N0_Mouse	0.240891809435	0	1304	A	G
N0_Mouse	0.240894006742	0	1511	T	G
N0_Mouse	0.240901080327	0	1214	A	G
N0_Mouse	0.241936780527	0	684	G	A
N0_Mouse	0.242745293033	0	394	C	G
N0_Mouse	0.24293953879	0	771	A	C
N0_Mouse	0.242996705949	0	819	A	T
N0_Mouse	0.243271612297	0	1708	A	C
N0_Mouse	0.24524389808	0	873	C	G
N0_Mouse	0.245609810949	0	1170	T	C
N0_Mouse	0.245671817634	0	1543	T	A
N0_Mouse	0.245916444034	0	1287	C	A
N0_Mouse	0.246048639936	0	83	G	A
N0_Mouse	0.246993986744	0	1386	T	G
N0_Mouse	0.247126328537	0	297	A	G
N0_Mouse	0.2472408195	0	1384	C	A
N0_Mouse	0.248641232959	0	742	T	C
N0_Mouse	0.249114270649	0	1587	T	C
N0_Mouse	0.250627608947	0	490	A	G
N0_Mouse	0.250774563811	0	696	T	A
N0_Mouse	0.251275370268	0	207	T	C
N0_Mouse	0.251320271091	0	373	A	T
N0_Mouse	0.251341875386	0	1304	G	A
N0_Mouse	0.251780740518	0	263	T	G
N0_Mouse	0.253340513884	0	1281	C	G
N0_Mouse	0.253682590521	0	1236	G	A
N0_Mouse	0.253915926537	0	1104	A	C
N0_Mouse	0.254176335973	0	1247	T	A
N0_Mouse	0.254555637223	0	820	G	C
N0_Mouse	0.255368050679	0	1198	T	A
N0_Mouse	0.256155793145	0	262	G	T
N0_Mouse	0.25627759624	0	985	G	A
N0_Mouse	0.256306507896	0	1187	G	A
N0_Mouse	0.256757739829	0	615	C	T
N0_Mouse	0.258012565399	0	1512	A	C
N0_Mouse	0.25810247472	0	1374	C	T
N0_Mouse	0.258919444021	0	1442	A	G
N0_Mouse	0.259090772256	0	1121	A	C
N0_Mouse	0.25973457456	0	16	G	A
N0_Mouse	0.260985980583	0	179	T	C
N0_Mouse	0.261531271448	0	1720	G	A
N0_Mouse	0.261997569923	0	822	T	G
N0_Mouse	0.263369414936	0	258	T	C
N0_Mouse	0.26443756157	0	1263	A	G
N0_Mouse	0.264745847114	0	83	A	G
N0_Mouse	0.265015057145	0	1317	T	G
N0_Mouse	0.265536380647	0	1353	A	G
N0_Mouse	0.265737661518	0	1298	C	T
N0_Mouse	0.26642684529	0	1034	A	C
N0_Mouse	0.266548650446	0	960	C	T
N0_Mouse	0.266575338627	0	1647	T	C
N0_Mouse	0.268044745736	0	1229	T	C
N0_Mouse	0.268129971723	0	1039	C	A
N0_Mouse	0.269920539271	0	1297	G	T
N0_Mouse	0.270040446185	0	55	G	A
N0_Mouse	0.270171785258	0	481	G	T
N0_Mouse	0.270433779677	0	1393	A	G
N0_Mouse	0.271359318851	0	1464	C	T
N0_Mouse	0.271540139723	0	1	G	A
N0_Mouse	0.271803443707	0	127	G	C
N0_Mouse	0.272049462135	0	363	A	G
N0_Mouse	0.272051844776	0	1435	A	C
N0_Mouse	0.272370487698	0	313	G	T
N0_Mouse	0.274213318695	0	1445	C	A
N0_Mouse	0.276083317504	0	649	C	G
N0_Mouse	0.276120433239	0	506	T	C
N0_Mouse	0.276314180056	0	1639	A	G
N0_Mouse	0.276844753474	0	559	T	C
N0_Mouse	0.276873774097	0	874	T	G
N0_Mouse	0.277174087967	0	289	A	G
N0_Mouse	0.277512700427	0	583	T	G
N0_Mouse	0.278034682289	0	1593	C	A
N0_Mouse	0.278789078372	0	1688	C	T
N0_Mouse	0.279969182631	0	1216	G	T
N0_Mouse	0.280697875716	0	1227	T	C
N0_Mouse	0.280760215519	0	867	G	T
N0_Mouse	0.281569732514	0	864	A	T
N0_Mouse	0.281654251824	0	859	A	G
N0_Mouse	0.281808740381	0	80	A	T
N0_Mouse	0.281901348305	0	172	C	T
N0_Mouse	0.281995985759	0	1190	G	C
N0_Mouse	0.282907879837	0	1139	G	A
N0_Mouse	0.283363375313	0	1445	A	C
N0_Mouse	0.285779178434	0	1539	C	T
N0_Mouse	0.287146243216	0	1690	C	T
N0_Mouse	0.287172588769	0	1187	A	G
N0_Mouse	0.287573235514	0	1600	A	G
N0_Mouse	0.287659126196	0	901	G	T
N0_Mouse	0.289155877548	0	1616	A	T
N0_Mouse	0.289461403526	0	78	T	C
N0_Mouse	0.289654840005	0	1554	A	G
N0_Mouse	0.290902243806	0	1329	G	C
N0_Mouse	0.291054549616	0	568	A	G
N0_Mouse	0.291363845355	0	1461	T	A
N0_Mouse	0.292865123759	0	1235	T	A
N0_Mouse	0.293141971042	0	1038	G	T
N0_Mouse	0.294933351376	0	1089	G	A
N0_Mouse	0.295442354296	0	738	C	T
N0_Mouse	0.296027669413	0	562	G	T
N0_Mouse	0.297876009963	0	1035	T	C
N0_Mouse	0.298160165318	0	1038	T	A
N0_Mouse	0.298279497496	0	415	G	A
N0_Mouse	0.298538870196	0	1052	A	G
N0_Mouse	0.299541754856	0	336	A	T
N0_Mouse	0.300445407131	0	1635	T	A
N0_Mouse	0.301031639575	0	679	G	A
N0_Mouse	0.302419081554	0	4	A	T
N0_Mouse	0.302727760366	0	24	T	C
N0_Mouse	0.303258355369	0	63	A	G
N0_Mouse	0.3035970385	0	1196	A	G
N0_Mouse	0.304563331569	0	414	T	C
N0_Mouse	0.304754842778	0	1058	C	T
N0_Mouse	0.305285326057	0	578	A	C
N0_Mouse	0.30542133875	0	143	C	T
N0_Mouse	0.305616259694	0	617	C	G
N0_Mouse	0.305698971387	0	1129	T	G
N0_Mouse	0.305756178698	0	826	G	A
N0_Mouse	0.306140834067	0	239	A	T
N0_Mouse	0.306555285226	0	1355	A	T
N0_Mouse	0.306837038149	0	975	T	A
N0_Mouse	0.306890389796	0	92	T	A
N0_Mouse	0.307413215545	0	1060	C	G
N0_Mouse	0.30810774472	0	1587	C	A
N0_Mouse	0.308227317386	0	7	A	T
N0_Mouse	0.308618467504	0	133	A	G
N0_Mouse	0.31111324929	0	638	C	T
N0_Mouse	0.313054964655	0	1336	A	G
N0_Mouse	0.313624528626	0	617	G	A
N0_Mouse	0.313937461811	0	435	A	C
N0_Mouse	0.314085551047	0	370	T	A
N0_Mouse	0.31418556091	0	1618	C	T
N0_Mouse	0.315414685961	0	851	G	A
N0_Mouse	0.316271551412	0	581	T	C
N0_Mouse	0.316598300014	0	610	T	A
N0_Mouse	0.31695346965	0	536	T	C
N0_Mouse	0.317225626855	0	1646	G	A
N0_Mouse	0.318013751422	0	1262	C	T
N0_Mouse	0.318341568343	0	624	A	G
N0_Mouse	0.318534808102	0	1228	T	C
N0_Mouse	0.319430376408	0	596	C	G
N0_Mouse	0.319497967491	0	551	C	T
N0_Mouse	0.320244852917	0	578	C	T
N0_Mouse	0.32178204458	0	1281	G	A
N0_Mouse	0.32230262703	0	157	T	G
N0_Mouse	0.323403928889	0	1372	C	A
N0_Mouse	0.323619946185	0	256	C	T
N0_Mouse	0.324141554558	0	235	T	A
N0_Mouse	0.325334169466	0	1236	A	G
N0_Mouse	0.326448075499	0	875	T	G
N0_Mouse	0.326529660832	0	1216	T	C
N0_Mouse	0.326843204267	0	69	T	G
N0_Mouse	0.328024128199	0	1063	T	A
N0_Mouse	0.328104673776	0	1044	C	T
N0_Mouse	0.32980579758	0	272	A	G
N0_Mouse	0.330282068955	0	1071	T	C
N0_Mouse	0.331247286136	0	743	C	G
N0_Mouse	0.331452554083	0	1061	A	T
N0_Mouse	0.333119392364	0	569	G	A
N0_Mouse	0.334602180423	0	321	A	G
N0_Mouse	0.334611117781	0	1564	A	G
N0_Mouse	0.334664732909	0	42	G	T
N0_Mouse	0.334783560793	0	1077	T	G
N0_Mouse	0.335371342852	0	457	A	G
N0_Mouse	0.337839680072	0	28	T	A
N0_Mouse	0.338798155654	0	596	G	C
N0_Mouse	0.339581649486	0	105	T	A
N0_Mouse	0.339700232117	0	511	G	A
N0_Mouse	0.340017036327	0	1715	A	G
N0_Mouse	0.340947443715	0	45	A	C
N0_Mouse	0.341250235365	0	443	A	G
N0_Mouse	0.341613326979	0	330	G	A
N0_Mouse	0.341809919464	0	586	G	A
N0_Mouse	0.341981572106	0	946	A	T
N0_Mouse	0.342889721269	0	1455	C	T
N0_Mouse	0.34321329158	0	172	T	A
N0_Mouse	0.343713950058	0	490	G	A
N0_Mouse	0.346134982749	0	1114	A	C
N0_Mouse	0.349415180276	0	768	C	T
N0_Mouse	0.349438952365	0	314	G	A
N0_Mouse	0.349724014769	0	1164	A	G
N0_Mouse	0.350917911713	0	1525	T	A
N0_Mouse	0.352049183718	0	1123	C	G
N0_Mouse	0.35231697742	0	1027	A	G
N0_Mouse	0.352947310654	0	718	C	A
N0_Mouse	0.35307640338	0	1346	C	A
N0_Mouse	0.353402679558	0	271	C	G
N0_Mouse	0.353655468069	0	1394	G	T
N0_Mouse	0.354466057368	0	785	G	C
N0_Mouse	0.354667770773	0	1484	A	C
N0_Mouse	0.355915832652	0	1345	G	A
N0_Mouse	0.3560022368	0	1473	T	C
N0_Mouse	0.356285433814	0	552	A	G
N0_Mouse	0.356986267235	0	1379	A	G
N0_Mouse	0.357547559893	0	950	C	T
N0_Mouse	0.358334856438	0	1695	T	A
N0_Mouse	0.35879110211	0	1044	T	C
N0_Mouse	0.359440579385	0	286	A	G
N0_Mouse	0.360390066839	0	131	A	T
N0_Mouse	0.360453568086	0	1084	C	T
N0_Mouse	0.360600745327	0	664	A	C
N0_Mouse	0.361302579871	0	1472	T	C
N0_Mouse	0.361786097552	0	18	T	A
N0_Mouse	0.36254568048	0	590	T	A
N0_Mouse	0.362614275455	0	722	T	G
N0_Mouse	0.362657423886	0	603	G	A
N0_Mouse	0.36505847447	0	76	A	T
N0_Mouse	0.365293403076	0	141	A	G
N0_Mouse	0.366033604805	0	477	T	A
N0_Mouse	0.367135267114	0	808	C	T
N0_Mouse	0.367947105152	0	676	T	G
N0_Mouse	0.368046651961	0	547	C	A
N0_Mouse	0.368158528106	0	847	T	G
N0_Mouse	0.368308696094	0	624	G	A
N0_Mouse	0.368662773685	0	1162	C	T
N0_Mouse	0.369786045155	0	4	T	A
N0_Mouse	0.369787433948	0	1378	C	T
N0_Mouse	0.370731655191	0	303	C	G
N0_Mouse	0.371228699748	0	845	C	T
N0_Mouse	0.371365589374	0	917	G	A
N0_Mouse	0.371477801488	0	1544	A	G
N0_Mouse	0.372161957834	0	1131	A	T
N0_Mouse	0.372170055021	0	993	C	T
N0_Mouse	0.374023383216	0	75	A	T
N0_Mouse	0.374916518242	0	1091	T	A
N0_Mouse	0.375759872076	0	782	T	A
N0_Mouse	0.376040450811	0	1303	A	C
N0_Mouse	0.376589684932	0	988	T	C
N0_Mouse	0.376847170238	0	508	C	T
N0_Mouse	0.376930424791	0	1402	T	G
N0_Mouse	0.377072513798	0	10	A	G
N0_Mouse	0.377134473001	0	1350	A	T
N0_Mouse	0.379392446817	0	4	A	T
N0_Mouse	0.381705790839	0	516	C	G
N0_Mouse	0.382494979718	0	357	G	A
N0_Mouse	0.382535891572	0	1598	T	A
N0_Mouse	0.382812628485	0	578	T	A
N0_Mouse	0.383274527655	0	863	A	G
N0_Mouse	0.383352113476	0	588	T	A
N0_Mouse	0.38430230976	0	763	A	G
N0_Mouse	0.384325979889	0	1016	T	G
N0_Mouse	0.384391414956	0	1069	A	G
N0_Mouse	0.384808200793	0	1276	A	G
N0_Mouse	0.384889935815	0	775	C	T
N0_Mouse	0.385024399859	0	1505	G	C
N0_Mouse	0.385215930816	0	456	T	C
N0_Mouse	0.385264439305	0	1663	T	C
N0_Mouse	0.385520061924	0	1521	C	T
N0_Mouse	0.385987604222	0	146	T	C
N0_Mouse	0.386498797615	0	1340	T	G
N0_Mouse	0.386775022191	0	1440	A	T
N0_Mouse	0.387812448746	0	1582	A	T
N0_Mouse	0.388353830075	0	1202	T	A
N0_Mouse	0.38850089589	0	347	T	C
N0_Mouse	0.388778630385	0	701	A	T
N0_Mouse	0.389532019337	0	715	C	T
N0_Mouse	0.389829697142	0	652	T	C
N0_Mouse	0.389952982518	0	646	C	A
N0_Mouse	0.390007254086	0	370	A	T
N0_Mouse	0.390129947386	0	641	C	A
N0_Mouse	0.391497391447	0	1195	T	C
N0_Mouse	0.391682914525	0	176	A	T
N0_Mouse	0.392710339507	0	170	T	C
N0_Mouse	0.392866265524	0	1331	T	C
N0_Mouse	0.393483477411	0	108	A	T
N0_Mouse	0.393485043218	0	1663	C	T
N0_Mouse	0.393593552152	0	1065	G	A
N0_Mouse	0.393795897683	0	257	C	G
N0_Mouse	0.393838358068	0	1407	A	C
N0_Mouse	0.394310446609	0	791	A	G
N0_Mouse	0.394675068241	0	976	G	T
N0_Mouse	0.395284974443	0	677	T	C
N0_Mouse	0.395321738012	0	1008	T	C
N0_Mouse	0.395323189444	0	1502	C	T
N0_Mouse	0.395584631526	0	1344	T	C
N0_Mouse	0.395908517967	0	1220	C	T
N0_Mouse	0.396153497651	0	1283	G	A
N0_Mouse	0.397061606412	0	492	C	T
N0_Mouse	0.397423180162	0	615	T	G
N0_Mouse	0.3985095556	0	1350	T	A
N0_Mouse	0.39921537167	0	1434	G	T
N0_Mouse	0.39926689861	0	1571	G	A
N0_Mouse	0.399361756562	0	1292	G	T
N0_Mouse	0.399405452339	0	1027	G	A
N0_Mouse	0.399415507147	0	441	T	C
N0_Mouse	0.399467827393	0	125	A	C
N0_Mouse	0.400530476439	0	360	C	A
N0_Mouse	0.40125108094	0	1217	G	T
N0_Mouse	0.402168347994	0	626	G	A
N0_Mouse	0.404280043093	0	1524	A	G
N0_Mouse	0.404561373364	0	1663	T	C
N0_Mouse	0.40487609876	0	930	A	G
N0_Mouse	0.405808366848	0	1317	G	T
N0_Mouse	0.406088433071	0	774	C	A
N0_Mouse	0.40679052269	0	284	A	G
N0_Mouse	0.406817941179	0	960	T	G
N0_Mouse	0.407153638457	0	879	A	T
N0_Mouse	0.40786242825	0	924	C	T
N0_Mouse	0.408139966558	0	1553	C	T
N0_Mouse	0.408716148098	0	315	A	G
N0_Mouse	0.408887188967	0	1426	G	C
N0_Mouse	0.409009425074	0	1343	A	G
N0_Mouse	0.41155422559	0	110	C	T
N0_Mouse	0.411773974501	0	1334	G	T
N0_Mouse	0.412117632924	0	571	A	C
N0_Mouse	0.413250466301	0	636	C	A
N0_Mouse	0.41388820897	0	1228	C	T
N0_Mouse	0.414459642557	0	662	C	T
N0_Mouse	0.414917304045	0	888	G	T
N0_Mouse	0.415601707483	0	1063	A	C
N0_Mouse	0.41596059775	0	557	G	A
N0_Mouse	0.416624288224	0	674	G	A
N0_Mouse	0.417191578722	0	674	A	G
N0_Mouse	0.418111623664	0	261	T	C
N0_Mouse	0.419448164363	0	1611	C	T
N0_Mouse	0.420513980856	0	331	T	C
N0_Mouse	0.421371091603	0	144	G	A
N0_Mouse	0.42144312621	0	446	T	C
N0_Mouse	0.422310464339	0	1643	A	G
N0_Mouse	0.422381004842	0	1593	A	C
N0_Mouse	0.423104225919	0	436	T	A
N0_Mouse	0.423830412456	0	1028	A	C
N0_Mouse	0.424138990474	0	385	G	T
N0_Mouse	0.424505905754	0	124	C	A
N0_Mouse	0.42507268588	0	111	C	T
N0_Mouse	0.425094158497	0	299	G	A
N0_Mouse	0.426570564453	0	33	G	A
N0_Mouse	0.427233076982	0	355	T	C
N0_Mouse	0.427757693371	0	1731	A	C
N0_Mouse	0.428865124081	0	641	A	T
N0_Mouse	0.429036913686	0	894	G	A
N0_Mouse	0.429126438307	0	135	T	C
N0_Mouse	0.42928726292	0	1586	G	A
N0_Mouse	0.429564456572	0	1462	A	C
N0_Mouse	0.429868885955	0	1571	A	G
N0_Mouse	0.430187949324	0	684	A	G
N0_Mouse	0.430410475689	0	500	C	A
N0_Mouse	0.431491164127	0	1121	C	T
N0_Mouse	0.43154639193	0	1614	C	A
N0_Mouse	0.432868359501	0	1672	G	A
N0_Mouse	0.43324953056	0	1035	C	A
N0_Mouse	0.434103691086	0	1322	A	C
N0_Mouse	0.434618454905	0	1422	G	C
N0_Mouse	0.435641244085	0	101	T	A
N0_Mouse	0.435644242761	0	1195	C	A
N0_Mouse	0.43636707951	0	504	G	T
N0_Mouse	0.43884976953	0	744	G	A
N0_Mouse	0.439326544284	0	646	A	G
N0_Mouse	0.441029185927	0	1260	A	G
N0_Mouse	0.441230105576	0	633	C	T
N0_Mouse	0.441242152755	0	734	T	C
N0_Mouse	0.441878960263	0	1389	A	C
N0_Mouse	0.442257059512	0	1497	A	C
N0_Mouse	0.442817541736	0	99	C	T
N0_Mouse	0.443900705568	0	127	C	A
N0_Mouse	0.444269300904	0	38	G	T
N0_Mouse	0.444466237562	0	1432	A	T
N0_Mouse	0.444888828783	0	1352	C	A
N0_Mouse	0.44661039179	0	738	T	C
N0_Mouse	0.447139998304	0	915	A	T
N0_Mouse	0.447321140666	0	198	C	A
N0_Mouse	0.447496304878	0	1649	G	C
N0_Mouse	0.447614768811	0	1501	G	C
N0_Mouse	0.447776880397	0	561	A	T
