edge	time	mut_orlg	mut_pos	old_state	new_state
N0_D1	0.000339217858828	0	351	A	G
N0_D1	0.000901507728938	0	532	C	T
N0_D1	0.0010641757933	0	637	T	C
N0_D1	0.00307233780096	0	494	C	T
N0_D1	0.00381555531415	0	598	G	A
N0_D1	0.00527721046283	0	250	C	T
N0_D1	0.00578243704426	0	199	G	A
N0_D1	0.00713056918451	0	413	C	G
N0_D1	0.00783054760514	0	444	T	C
N0_D1	0.00865721235691	0	631	G	A
N0_D1	0.0121487132649	0	464	C	T
N0_D1	0.0130922540917	0	526	A	G
N0_D1	0.0141088009158	0	429	A	G
N0_D1	0.0152456962878	0	186	C	T
N0_D1	0.0153568408755	0	494	T	A
N0_D1	0.0156878909892	0	638	A	C
N0_D1	0.0162997998431	0	447	A	T
N0_D1	0.017162567107	0	481	T	C
N0_D1	0.0202983867087	0	156	T	A
N0_D1	0.020402323218	0	53	A	G
N0_D1	0.0225566546997	0	597	T	A
N0_D1	0.0226727269704	0	317	T	C
N0_D1	0.02579975095	0	360	C	T
N0_D1	0.0272862433436	0	299	G	A
N0_D1	0.0308251023735	0	98	C	T
N0_D1	0.0319061680651	0	660	T	A
N0_D1	0.0374375184038	0	150	T	C
N0_D1	0.0376634408132	0	492	G	A
D1_N1	0.000401860619068	1	365	A	C
D1_N1	0.00182157382939	2	679	A	G
D1_N1	0.00190360967502	1	160	C	A
D1_N1	0.00240940780207	2	247	G	A
D1_N1	0.00346048544138	2	627	C	T
D1_N1	0.00358721997053	1	133	G	A
D1_N1	0.00667018456362	1	154	C	G
D1_N1	0.00689649929519	2	534	G	A
D1_N1	0.00747311334753	2	413	G	C
D1_N1	0.00783052467332	2	57	A	T
D1_N1	0.00792822355406	1	530	C	T
D1_N1	0.00802262994286	1	2	G	C
D1_N1	0.00836781662986	2	273	A	T
D1_N1	0.00838057429399	1	30	G	C
D1_N1	0.00838796120635	1	120	C	T
D1_N1	0.00870265977677	2	19	A	C
D1_N1	0.00903156431074	1	120	T	C
D1_N1	0.00997674318687	1	61	C	G
D1_N1	0.0108199499678	1	182	A	G
D1_N1	0.0114278132621	2	313	T	A
D1_N1	0.011805565152	2	248	G	C
D1_N1	0.012525797822	1	639	C	T
D1_N1	0.0134346798017	1	38	A	T
D1_N1	0.0145351983969	2	470	T	A
D1_N1	0.0163229496702	2	675	C	A
D1_N1	0.0169322292661	1	547	C	G
D1_N1	0.0173156572416	1	530	T	G
D1_N1	0.0178167265037	1	584	A	G
D1_N1	0.0178774609971	2	468	T	G
D1_N1	0.0181279622415	2	95	A	C
D1_N1	0.0185405015031	2	357	T	A
D1_N1	0.0194296927221	1	212	G	C
D1_N1	0.020067871618	1	120	C	T
D1_N1	0.0201974742972	2	127	A	T
D1_N1	0.0203973938829	2	526	G	A
D1_N1	0.0217543980366	1	491	G	C
D1_N1	0.022689473757	1	203	G	C
D1_N1	0.0236104457866	2	238	T	C
D1_N1	0.0238381874981	1	354	G	T
D1_N1	0.0244181541109	1	355	T	G
D1_N1	0.0259155099564	1	671	A	G
D1_N1	0.0286988300009	2	573	C	A
D1_N1	0.0287758156403	1	535	A	G
D1_N1	0.0290730122689	2	303	A	G
D1_N1	0.0297583801388	2	668	G	A
D1_N1	0.0303078909118	1	250	T	A
D1_N1	0.0306255607783	2	114	A	G
D1_N1	0.0307965137403	1	559	A	T
D1_N1	0.0311129460934	2	456	C	T
D1_N1	0.032230937507	1	141	T	G
D1_N1	0.032559752586	1	202	T	G
D1_N1	0.0336324231195	2	164	T	G
D1_N1	0.0348300552725	1	652	G	C
D1_N1	0.0354530441783	1	435	A	T
D1_N1	0.0363559471965	1	490	C	G
D1_N1	0.0365754635731	2	206	A	G
D1_N1	0.03715966377	1	628	T	G
D1_N1	0.0376556891766	2	463	A	C
D1_N1	0.0386972561272	2	212	G	C
D1_N1	0.0388599546879	2	92	T	C
D1_N1	0.0395532994082	2	370	G	A
D1_N1	0.0402785782619	2	418	C	T
D1_N1	0.0403699410712	1	277	G	A
D1_N1	0.0416272605702	2	16	A	G
D1_N1	0.0419023020295	2	501	A	G
D1_N1	0.041908045976	1	175	T	C
D1_N1	0.0423584810602	2	291	T	C
D1_N1	0.0423890083616	2	204	A	C
D1_N1	0.0436875107595	1	308	T	C
D1_N1	0.0439655520622	2	26	C	T
D1_N1	0.0449616264163	1	667	T	G
D1_N1	0.045318645679	2	606	G	A
D1_N1	0.0456113772149	1	254	T	G
D1_N1	0.0457463157035	2	9	T	G
D1_N1	0.0467478450815	2	172	T	A
D1_N1	0.0468615744992	2	334	G	T
D1_N1	0.0469065153043	1	332	A	G
D1_N1	0.0472692243429	2	426	A	T
D1_N1	0.0490593733839	2	564	G	A
D1_N1	0.0501114090282	2	609	T	A
D1_N1	0.0503384137466	2	205	G	A
D1_N1	0.0527168088797	2	316	G	A
D1_N1	0.0527706795544	2	123	A	T
D1_N1	0.0528872304922	2	61	C	G
D1_N1	0.0533703944374	1	653	A	G
D1_N1	0.0556353315085	2	25	T	A
D1_N1	0.0565195411316	1	268	G	A
D1_N1	0.0569521676567	2	659	A	G
D1_N1	0.0583716945503	1	102	A	C
D1_N1	0.0584759927061	1	330	A	C
D1_N1	0.059575328401	2	492	A	T
D1_N1	0.0595790382097	1	290	A	G
D1_N1	0.0606517685397	2	175	T	C
D1_N1	0.0610275743984	2	538	T	C
D1_N1	0.0622036312347	2	497	A	G
D1_N1	0.063154500775	1	244	C	A
D1_N1	0.0636362408319	1	650	C	T
D1_N1	0.0659425785429	2	662	C	T
D1_N1	0.0670183089277	2	300	G	T
D1_N1	0.0674978791818	2	416	C	A
D1_N1	0.0690915493389	2	549	T	C
D1_N1	0.0692085960154	2	360	T	C
D1_N1	0.0695953405716	1	419	G	A
D1_N1	0.0707448699467	1	445	A	G
D1_N1	0.0708579701289	1	499	C	A
D1_N1	0.0727642793816	1	484	A	T
D1_N1	0.0734525086035	2	6	C	G
D1_N1	0.0755061981173	2	352	T	G
D1_N1	0.0758963202694	2	332	A	T
D1_N1	0.0761104102841	2	643	C	T
D1_N1	0.0768279027351	2	87	T	A
D1_N1	0.0770902083537	1	490	G	A
D1_N1	0.0774627311787	2	80	T	A
D1_N1	0.0775685560111	1	495	C	T
D1_N1	0.0784653245729	2	60	A	T
D1_N1	0.0785454175043	2	31	C	A
D1_N1	0.0787700804425	1	58	C	G
D1_N1	0.0790454918221	1	638	C	G
D1_N1	0.0796480747889	1	241	T	C
D1_N1	0.0816606395414	1	308	C	T
D1_N1	0.0817234546545	2	654	T	A
D1_N1	0.0817536269724	1	586	A	T
D1_N1	0.0818828632676	2	33	G	A
D1_N1	0.0823885811639	2	320	T	C
D1_N1	0.082449699721	1	490	A	G
D1_N1	0.0825214384642	1	293	T	C
D1_N1	0.0827202399183	1	527	A	G
D1_N1	0.0837256321473	1	237	A	G
D1_N1	0.0851428948496	2	131	G	C
D1_N1	0.0852400296283	2	652	G	C
D1_N1	0.0867556828247	1	553	G	A
D1_N1	0.0869395496281	1	254	G	C
D1_N1	0.0869618995595	1	89	T	C
D1_N1	0.0879888197497	2	540	T	A
D1_N1	0.0881935892219	2	154	C	A
D1_N1	0.0883761060916	1	502	G	A
D1_N1	0.0890645044809	2	190	G	T
D1_N1	0.0895313018228	2	602	T	A
D1_N1	0.089723082463	1	34	C	G
D1_N1	0.0897625071785	1	389	T	C
D1_N1	0.0898151500333	1	203	C	T
D1_N1	0.0910489347542	1	230	G	T
D1_N1	0.0910721385765	2	68	A	T
D1_N1	0.0927752612147	1	678	A	C
D1_N1	0.0930156550382	1	418	C	T
D1_N1	0.0941522194454	2	410	G	T
D1_N1	0.094343145938	2	508	C	G
D1_N1	0.0943652273713	1	449	G	A
D1_N1	0.0948297152822	2	109	A	C
D1_N1	0.0949114323908	2	258	A	T
D1_N1	0.0950193732767	2	626	C	G
D1_N1	0.0951147672412	1	670	T	C
D1_N1	0.0959255328532	2	35	A	G
D1_N1	0.0961050490125	2	95	C	G
D1_N1	0.0964675985955	2	125	G	A
D1_N1	0.0965672061338	2	372	A	C
D1_N1	0.0973660080327	2	129	G	T
D1_N1	0.0975244709434	1	136	G	T
D1_N1	0.0979412232632	2	297	C	G
D1_N1	0.0986265133076	2	636	C	T
D1_N1	0.0986982631473	1	652	C	A
D1_N1	0.099035000047	1	282	G	A
D1_N1	0.0998083265004	2	269	T	A
D1_N1	0.100838611521	2	140	A	C
D1_N1	0.101369732657	2	348	T	G
D1_N1	0.101618456789	1	566	T	C
D1_N1	0.104216950723	1	219	A	C
D1_N1	0.104266196568	1	464	T	A
D1_N1	0.104666680905	1	491	C	T
D1_N1	0.104778261675	2	240	T	A
D1_N1	0.105135219891	1	637	C	A
D1_N1	0.105736439312	2	329	T	C
D1_N1	0.106461735232	2	268	G	C
D1_N1	0.106767482126	1	258	A	G
D1_N1	0.107031037324	1	664	A	G
D1_N1	0.107262928267	1	674	G	C
D1_N1	0.1072701414	2	313	A	T
D1_N1	0.107922148758	2	478	A	G
D1_N1	0.108237309305	1	467	T	C
D1_N1	0.10934652218	1	678	C	G
D1_N1	0.110075271965	1	452	A	T
D1_N1	0.110882573075	2	132	C	A
D1_N1	0.111907224619	2	216	T	C
D1_N1	0.112660346575	1	64	A	C
D1_N1	0.112971791365	1	646	G	A
D1_N1	0.113775742798	2	561	A	G
D1_N1	0.116139032287	2	542	G	T
D1_N1	0.116510097511	2	128	T	A
D1_N1	0.116694666587	2	303	G	T
D1_N1	0.117562041098	2	400	A	G
D1_N1	0.118422473102	2	114	G	A
D1_N1	0.118709772754	1	207	C	A
D1_N1	0.120002300832	2	120	C	A
D1_N1	0.120269436847	2	512	G	A
D1_N1	0.120413826802	2	157	C	T
D1_N1	0.12171133328	1	268	A	T
D1_N1	0.123097874784	1	533	G	A
D1_N1	0.124211156577	1	25	T	A
D1_N1	0.124845185586	1	413	G	T
D1_N1	0.126075310076	1	343	T	C
D1_N1	0.127697283354	1	441	T	G
D1_N1	0.130688135885	1	206	A	G
D1_N1	0.131284974376	1	479	T	C
D1_N1	0.132358776715	1	45	G	A
D1_N1	0.132700016232	2	141	T	A
D1_N1	0.133229989955	2	565	G	T
D1_N1	0.133836049161	2	600	A	T
D1_N1	0.134991126402	2	667	T	C
D1_N1	0.135228971886	2	75	G	T
D1_N1	0.135753543032	2	345	A	T
D1_N1	0.136182139201	2	459	T	G
D1_N1	0.136748377569	1	514	T	C
D1_N1	0.137483116562	1	189	G	A
D1_N1	0.13780976209	2	68	T	A
D1_N1	0.140742467885	2	463	C	A
D1_N1	0.142829955518	2	328	T	G
D1_N1	0.144419930007	2	648	A	G
D1_N1	0.145334138652	2	561	G	A
D1_N1	0.1458049889	1	222	G	A
D1_N1	0.145970985106	1	517	C	T
D1_N1	0.147265136983	2	252	T	C
D1_N1	0.147636771854	1	545	C	T
D1_N1	0.148150775983	2	208	C	G
D1_N1	0.148397468212	1	554	T	A
D1_N1	0.148477877366	1	453	G	T
D1_N1	0.148786046207	2	165	G	C
D1_N1	0.149010481156	2	177	A	C
D1_N1	0.14944197455	1	473	C	G
D1_N1	0.150105547375	1	129	G	C
D1_N1	0.152371555794	2	198	T	A
D1_N1	0.153034154956	2	600	T	G
D1_N1	0.153541898793	1	225	T	G
D1_N1	0.153627463431	2	496	C	T
D1_N1	0.15364998645	1	167	G	A
D1_N1	0.154341410994	1	569	C	A
D1_N1	0.15500854297	1	394	G	A
D1_N1	0.156226345309	2	551	C	A
D1_N1	0.157640255293	1	677	A	T
D1_N1	0.157717298014	1	447	T	C
D1_N1	0.159702079011	2	406	T	C
D1_N1	0.162082380502	1	623	G	C
D1_N1	0.162782822006	1	91	C	A
D1_N1	0.162891543557	2	595	A	T
D1_N1	0.163559540569	1	248	G	T
D1_N1	0.164519336846	2	608	G	A
D1_N1	0.165542652175	1	204	A	T
D1_N1	0.165558132527	2	453	G	T
D1_N1	0.166898957505	2	292	G	T
D1_N1	0.167103478139	2	267	A	G
D1_N1	0.167371980829	2	198	A	G
D1_N1	0.167442592786	2	65	T	A
D1_N1	0.169123104534	2	84	A	G
D1_N1	0.171137561182	2	372	C	G
D1_N1	0.171566540227	2	426	T	G
D1_N1	0.1720989018	2	387	A	C
D1_N1	0.172553547479	1	116	T	C
D1_N1	0.173425422548	1	237	G	A
D1_N1	0.173658987562	2	215	T	A
D1_N1	0.17523895115	1	658	A	G
D1_N1	0.175944738869	2	424	A	G
D1_N1	0.176183425744	2	149	C	T
D1_N1	0.176862846014	1	54	G	T
D1_N1	0.177543554438	2	610	G	A
D1_N1	0.178138646991	1	514	C	A
D1_N1	0.178261589111	2	477	G	C
D1_N1	0.178405256198	1	68	A	G
D1_N1	0.178679213679	2	351	G	A
D1_N1	0.178711950297	1	668	G	C
D1_N1	0.179803545054	2	272	T	A
D1_N1	0.180818727793	1	197	C	T
D1_N1	0.181197533457	2	368	T	A
D1_N1	0.183679889432	2	101	T	C
D1_N1	0.184321373222	1	464	A	C
D1_N1	0.184361379956	2	551	A	G
D1_N1	0.18519511746	1	651	G	C
D1_N1	0.18559625092	1	86	A	G
D1_N1	0.187306751605	1	307	C	T
D1_N1	0.187685512722	2	165	C	T
D1_N1	0.187809767581	1	560	G	A
D1_N1	0.188809432821	1	348	T	A
D1_N1	0.189466410399	1	76	C	T
D1_N1	0.189589960575	1	257	A	C
D1_N1	0.189770135241	1	242	C	A
D1_N1	0.192041881909	1	80	A	G
D1_N1	0.192277174221	2	536	A	T
D1_N1	0.193635422995	2	575	G	T
D1_N1	0.193966451052	1	267	A	T
D1_N1	0.194707668482	2	546	T	G
D1_N1	0.194774593785	1	591	G	A
D1_N1	0.194878605313	2	73	C	G
D1_N1	0.195219879418	1	22	G	A
D1_N1	0.196127734008	1	365	C	T
D1_N1	0.196229844851	1	222	A	G
D1_N1	0.196809191183	2	380	C	A
D1_N1	0.20018211249	1	210	A	G
D1_N1	0.201122311011	2	428	A	T
D1_N1	0.201791136567	1	369	T	G
D1_N1	0.20275646219	2	501	G	A
D1_N1	0.203281364864	1	115	A	G
D1_N1	0.205385711904	1	621	G	A
D1_N1	0.206808425679	1	536	A	G
D1_N1	0.209561908417	2	499	C	T
D1_N1	0.209893253919	1	537	C	T
D1_N1	0.210566562258	2	221	T	G
D1_N1	0.211192065187	2	675	A	C
D1_N1	0.211532479533	1	323	A	G
D1_N1	0.211687466377	2	584	A	G
D1_N1	0.211929844673	2	154	A	T
D1_N1	0.212502930343	1	455	A	G
D1_N1	0.213117182463	1	281	T	A
D1_N1	0.214878552775	1	175	C	G
D1_N1	0.214901070665	2	42	T	C
D1_N1	0.215870975196	2	311	A	T
D1_N1	0.217216210715	2	646	G	A
D1_N1	0.217776655824	1	648	A	T
D1_N1	0.218532092245	2	405	G	C
D1_N1	0.218881615028	2	80	A	C
D1_N1	0.219200321275	2	134	A	T
D1_N1	0.219363823974	1	8	G	A
D1_N1	0.220726272752	2	350	A	C
D1_N1	0.22255939436	1	527	G	A
D1_N1	0.222977540488	1	383	C	T
D1_N1	0.223130765195	2	309	T	C
D1_N1	0.223678387286	1	164	T	C
D1_N1	0.223939734461	1	400	A	T
D1_N1	0.224761528831	1	635	A	T
D1_N1	0.226323317626	1	198	T	G
D1_N1	0.226897463323	2	56	T	C
D1_N1	0.228220911962	2	158	A	T
D1_N1	0.228805264808	2	272	A	G
D1_N1	0.228914078765	1	470	A	T
D1_N1	0.228944791557	1	336	C	T
D1_N1	0.228962328283	1	518	C	A
D1_N1	0.229527565179	1	561	A	C
D1_N1	0.229712812981	1	84	A	T
D1_N1	0.23007512678	1	430	T	C
D1_N1	0.230342705022	1	476	A	C
D1_N1	0.230561637763	2	53	G	A
D1_N1	0.230741654164	1	459	T	C
D1_N1	0.231009025795	2	318	C	G
D1_N1	0.231531025358	2	56	C	A
D1_N1	0.231585148861	1	662	C	T
D1_N1	0.231960178523	1	498	G	A
D1_N1	0.232530889692	1	173	T	C
D1_N1	0.232729212241	2	33	A	G
D1_N1	0.233289316386	2	679	G	A
N1_N2	0.000564392447802	2	460	C	T
N1_N2	0.000802607813417	2	256	C	T
N1_N2	0.00131081669515	2	507	A	C
N1_N2	0.00145585230125	1	656	C	T
N1_N2	0.00228534503343	2	89	T	G
N1_N2	0.00351869051828	2	251	T	C
N1_N2	0.00448942244285	2	68	A	T
N1_N2	0.00465500670152	1	618	G	C
N1_N2	0.00472661591105	2	668	A	G
N1_N2	0.0050174058812	1	511	A	T
N1_N2	0.00532916838783	1	236	C	G
N1_N2	0.00535518061875	2	366	G	T
N1_N2	0.00652299517153	2	517	C	G
N1_N2	0.00814462834294	2	481	C	T
N1_N2	0.00970212559259	1	488	C	G
N1_N2	0.0107132767766	2	521	G	A
N1_N2	0.0114903516195	2	187	A	G
N1_N2	0.0115718173995	1	414	A	G
N1_N2	0.0117882225735	1	274	T	G
N1_N2	0.0128917075754	1	446	G	C
N1_N2	0.0129870097658	1	185	T	C
N1_N2	0.0133751955304	1	505	G	T
N1_N2	0.0137389579883	2	374	C	T
N1_N2	0.014467429243	1	150	C	T
N1_N2	0.0145704999378	1	87	T	C
N1_N2	0.0151973234712	2	154	T	C
N2_N3	0.000802341198319	2	657	T	C
N2_N3	0.00205980558938	1	429	G	A
N2_N3	0.00252327024258	1	572	A	T
N2_N3	0.00255056247116	2	387	C	A
N2_N3	0.00283861060729	2	310	C	T
N2_N3	0.0030600769653	2	424	G	C
N2_N3	0.00398392361617	1	305	G	T
N2_N3	0.00504098219741	2	191	G	A
N2_N3	0.00581358365836	1	57	A	T
N2_N3	0.00585584429256	1	318	C	T
N2_N3	0.00657921210974	1	88	G	A
N3_N4	0.00239145293061	1	336	T	A
N3_N4	0.00335203207136	2	664	A	T
N3_N4	0.00398021978408	1	102	C	A
N3_N4	0.00401693229218	1	224	C	T
N3_N4	0.00499979641065	1	559	T	A
N3_N4	0.00598305634208	1	589	A	G
N3_N4	0.00627230109824	1	493	T	A
N3_N4	0.00687654219433	1	338	C	T
N3_N4	0.00775896299142	1	403	A	G
N3_N4	0.00881204644219	1	105	A	G
N3_N4	0.00882990352444	1	493	A	T
N3_N4	0.00883363451735	1	677	T	G
N4_Human	0.00204050099201	1	437	A	G
N4_Human	0.00304192247679	2	379	G	A
N4_Human	0.00520755545177	1	481	C	A
N4_Human	0.00646370651294	1	625	T	A
N4_Human	0.00778301137651	1	626	C	T
N4_Human	0.00794657050275	2	493	T	A
N4_Human	0.00806447517769	2	184	A	G
N4_Human	0.00825741181035	1	621	A	T
N4_Human	0.0085453745275	1	469	T	G
N4_Human	0.0098652957017	1	2	C	T
N4_Human	0.0105723894769	1	317	C	G
N4_Chimp	0.000399899597045	1	670	C	T
N4_Chimp	0.00153555081247	2	277	G	A
N4_Chimp	0.00178140767684	1	26	C	T
N4_Chimp	0.0023406033761	1	190	G	T
N4_Chimp	0.00252645833958	1	177	A	T
N4_Chimp	0.00280085626696	2	246	T	A
N4_Chimp	0.00367995772984	1	471	C	T
N4_Chimp	0.00423935395056	2	79	A	T
N4_Chimp	0.00576974096248	2	333	C	A
N4_Chimp	0.00647408618442	2	218	C	T
N4_Chimp	0.00665477661756	2	354	G	A
N4_Chimp	0.0109966532922	2	466	T	A
N3_Goril	0.00146498420134	2	213	A	C
N3_Goril	0.00203591478795	1	396	G	A
N3_Goril	0.00263737562959	2	38	A	T
N3_Goril	0.00835794256728	2	371	A	T
N3_Goril	0.00863428518464	1	518	A	G
N3_Goril	0.00914793722404	1	208	C	T
N3_Goril	0.010385666037	2	536	T	A
N3_Goril	0.0105531824838	2	31	A	G
N3_Goril	0.0109296713298	1	341	G	A
N3_Goril	0.0109940650812	2	440	A	C
N3_Goril	0.0116752307148	1	250	A	G
N3_Goril	0.0124096323542	2	461	C	G
N3_Goril	0.0126412080197	1	97	C	T
N3_Goril	0.0128958673242	1	432	A	C
N3_Goril	0.013984820529	1	365	T	G
N3_Goril	0.0139996425585	1	212	C	T
N3_Goril	0.0148638601779	1	243	T	G
N3_Goril	0.015369257048	2	640	T	A
N3_Goril	0.0158866095539	1	468	G	A
N3_Goril	0.0160439111003	2	340	T	A
N3_Goril	0.0163025883922	2	411	C	G
N3_Goril	0.0165649406736	1	298	C	G
N3_Goril	0.0167227782164	2	312	G	T
N3_Goril	0.0169789902002	1	319	A	T
N3_Goril	0.0173461459913	1	31	C	A
N3_Goril	0.0182673010447	1	594	C	A
N3_Goril	0.0184058304413	2	453	T	C
N3_Goril	0.0200303889697	1	430	C	T
N2_Orang	0.00118010051267	1	179	T	A
N2_Orang	0.00138158845131	2	662	T	C
N2_Orang	0.00226347087854	1	634	A	C
N2_Orang	0.0025581129141	2	566	T	A
N2_Orang	0.00331705868733	1	6	C	A
N2_Orang	0.00445651921495	1	317	C	A
N2_Orang	0.00562838070825	1	139	T	A
N2_Orang	0.00588714510272	2	321	A	G
N2_Orang	0.00607253749391	1	666	A	T
N2_Orang	0.00699146743372	1	136	T	G
N2_Orang	0.00705800694264	1	131	G	A
N2_Orang	0.00743361245664	1	266	T	G
N2_Orang	0.00767211325733	1	2	C	T
N2_Orang	0.00976601771516	2	66	C	A
N2_Orang	0.0114131871546	1	421	G	C
N2_Orang	0.0115060000394	1	444	C	A
N2_Orang	0.0119772854344	2	446	G	A
N2_Orang	0.0119829753928	1	506	T	C
N2_Orang	0.0151699218462	1	574	T	C
N2_Orang	0.0162769155991	1	191	G	A
N2_Orang	0.0166785661267	1	134	A	C
N2_Orang	0.0180365572909	2	416	A	G
N1_Macaq	0.000257719727951	2	222	G	C
N1_Macaq	0.000278005633985	2	631	A	T
N1_Macaq	0.00250517565491	1	538	T	G
N1_Macaq	0.00256053181655	1	116	C	T
N1_Macaq	0.00336362283126	2	78	T	C
N1_Macaq	0.00391238122546	1	346	G	A
N1_Macaq	0.00391749880819	2	444	C	T
N1_Macaq	0.00415917314076	2	10	A	G
N1_Macaq	0.00423205042016	2	169	T	C
N1_Macaq	0.00460074037597	2	667	C	T
N1_Macaq	0.00523476464303	2	51	A	G
N1_Macaq	0.00525190657654	1	592	G	A
N1_Macaq	0.00630451914157	1	129	C	T
N1_Macaq	0.00643588297444	1	562	C	T
N1_Macaq	0.00661355904496	1	655	T	G
N1_Macaq	0.00670816667971	2	6	G	T
N1_Macaq	0.00747678929109	1	181	C	T
N1_Macaq	0.00813682862794	2	118	C	G
N1_Macaq	0.0105512485187	2	535	A	G
N1_Macaq	0.0107261328054	2	122	A	C
N1_Macaq	0.0114235262973	1	169	T	G
N1_Macaq	0.0114335332462	2	667	T	A
N1_Macaq	0.0116522133492	2	136	G	C
N1_Macaq	0.0133109276128	1	570	C	A
N1_Macaq	0.0133268726567	2	111	A	T
N1_Macaq	0.0139827695337	1	51	A	T
N1_Macaq	0.0148830707392	2	293	T	G
N1_Macaq	0.0148903646933	1	422	A	G
N1_Macaq	0.0152645898758	1	623	C	T
N1_Macaq	0.0153452213	1	100	T	A
N1_Macaq	0.0154375465245	2	391	A	C
N1_Macaq	0.0156352120364	2	39	C	T
N1_Macaq	0.0160915920322	2	487	C	G
N1_Macaq	0.0166875833613	2	352	G	A
N1_Macaq	0.0177781075845	1	432	A	T
N1_Macaq	0.0189269901607	2	3	A	G
N1_Macaq	0.0204280940884	2	570	C	T
N1_Macaq	0.0207825460449	2	439	T	C
N1_Macaq	0.0211053029094	2	316	A	G
N1_Macaq	0.0214415182537	1	271	G	A
N1_Macaq	0.0223638014636	2	19	C	T
N1_Macaq	0.0228262281779	2	522	G	T
N1_Macaq	0.0229247535979	2	391	C	G
N1_Macaq	0.0231072184017	2	619	T	C
N1_Macaq	0.0237976258448	2	509	G	A
N1_Macaq	0.0243185523742	1	632	G	A
N1_Macaq	0.025080509092	1	157	C	A
N1_Macaq	0.0255775446297	1	171	A	T
N1_Macaq	0.025587226524	2	385	G	A
N1_Macaq	0.0260180048385	2	594	C	T
N1_Macaq	0.0271062368987	2	380	A	G
N1_Macaq	0.0274777702877	1	338	C	T
N1_Macaq	0.0294508250976	2	29	A	T
N1_Macaq	0.0337826442946	1	43	G	A
N1_Macaq	0.0366329442464	1	425	G	A
N1_Macaq	0.036648376623	1	591	A	T
N1_Macaq	0.0371935682066	1	679	A	G
N1_Macaq	0.0373986759362	2	317	C	A
N1_Macaq	0.0379088170801	1	85	A	T
N1_Macaq	0.0387933105465	1	586	T	G
N1_Macaq	0.0406551004382	1	522	G	T
N1_Macaq	0.0413392006759	1	161	C	G
N1_Macaq	0.0414516634798	2	353	T	A
N1_Macaq	0.0417086709609	1	1	C	T
N1_Macaq	0.0419757097366	2	83	A	T
N1_Macaq	0.0429047966557	1	635	T	A
N1_Macaq	0.0433849547299	2	139	T	G
N1_Macaq	0.0435926920194	2	470	A	G
N0_Mouse	0.00138042591899	0	317	T	C
N0_Mouse	0.00208509156849	0	319	A	T
N0_Mouse	0.00268798977808	0	15	A	G
N0_Mouse	0.0031626218201	0	132	C	T
N0_Mouse	0.00317512422193	0	439	T	C
N0_Mouse	0.00516496874679	0	505	G	A
N0_Mouse	0.00638485758653	0	117	G	A
N0_Mouse	0.00829784275808	0	248	G	A
N0_Mouse	0.00846275293745	0	363	A	T
N0_Mouse	0.00978843889934	0	373	G	A
N0_Mouse	0.0123081405994	0	25	T	A
N0_Mouse	0.0150740297438	0	597	T	A
N0_Mouse	0.0192224448793	0	372	A	T
N0_Mouse	0.0204670148033	0	627	C	T
N0_Mouse	0.0223053167422	0	176	T	C
N0_Mouse	0.0224186980844	0	560	G	T
N0_Mouse	0.0229483492152	0	451	A	G
N0_Mouse	0.0246016612481	0	170	T	C
N0_Mouse	0.0254445071426	0	294	A	T
N0_Mouse	0.026182318294	0	678	A	T
N0_Mouse	0.0305489691396	0	366	G	A
N0_Mouse	0.0309389373846	0	23	T	G
N0_Mouse	0.0314910229271	0	436	C	T
N0_Mouse	0.0388525755631	0	510	A	G
N0_Mouse	0.0394111069729	0	485	T	C
N0_Mouse	0.0416636393272	0	241	T	C
N0_Mouse	0.0418246233114	0	666	A	G
N0_Mouse	0.0422774425859	0	411	C	T
N0_Mouse	0.0425720742089	0	220	T	C
N0_Mouse	0.0444907291303	0	349	T	C
N0_Mouse	0.047089324796	0	236	C	A
N0_Mouse	0.0484327111681	0	223	A	G
N0_Mouse	0.0503712285077	0	69	T	C
N0_Mouse	0.051120761099	0	377	G	A
N0_Mouse	0.0519811731461	0	32	G	A
N0_Mouse	0.0524134252992	0	107	C	T
N0_Mouse	0.0532829580959	0	78	T	C
N0_Mouse	0.0541887078432	0	593	C	A
N0_Mouse	0.0587660187676	0	259	A	G
N0_Mouse	0.0589926100869	0	561	A	C
N0_Mouse	0.0599325686133	0	238	T	G
N0_Mouse	0.0604178340118	0	426	A	T
N0_Mouse	0.0644974170818	0	602	T	C
N0_Mouse	0.0646052533884	0	161	C	T
N0_Mouse	0.0658962503129	0	270	G	T
N0_Mouse	0.0672833158686	0	649	A	T
N0_Mouse	0.0678673596416	0	347	A	T
N0_Mouse	0.0681093853913	0	158	A	T
N0_Mouse	0.0686661582253	0	361	T	C
N0_Mouse	0.0733922416323	0	599	T	G
N0_Mouse	0.078034317632	0	304	T	C
N0_Mouse	0.0795054248514	0	217	T	A
N0_Mouse	0.0816710038857	0	23	G	T
N0_Mouse	0.0828045552334	0	53	A	T
N0_Mouse	0.0830039588304	0	203	G	C
N0_Mouse	0.0840024671932	0	241	C	T
N0_Mouse	0.0842127659635	0	167	G	T
N0_Mouse	0.0869151562946	0	678	T	C
N0_Mouse	0.0880251571407	0	286	T	G
N0_Mouse	0.0905648093362	0	279	A	C
N0_Mouse	0.0916000467341	0	547	C	T
N0_Mouse	0.0933491257585	0	404	A	G
N0_Mouse	0.0944895849337	0	53	T	C
N0_Mouse	0.0965292547299	0	554	T	A
N0_Mouse	0.0971033272809	0	269	T	A
N0_Mouse	0.0998046175886	0	227	C	T
N0_Mouse	0.102479991282	0	203	C	G
N0_Mouse	0.102623757862	0	194	A	T
N0_Mouse	0.102746796684	0	489	C	T
N0_Mouse	0.103558168672	0	438	C	T
N0_Mouse	0.104778936412	0	661	T	C
N0_Mouse	0.109833792618	0	605	G	A
N0_Mouse	0.11091520102	0	75	G	T
N0_Mouse	0.111483047922	0	671	A	T
N0_Mouse	0.113227470706	0	488	C	G
N0_Mouse	0.114619982419	0	4	T	A
N0_Mouse	0.116096043475	0	656	C	T
N0_Mouse	0.117144361567	0	364	T	G
N0_Mouse	0.117714098215	0	288	T	C
N0_Mouse	0.117795646964	0	543	T	C
N0_Mouse	0.120378260018	0	522	G	C
N0_Mouse	0.120431665218	0	105	A	G
N0_Mouse	0.120641313922	0	56	T	C
N0_Mouse	0.12357142774	0	124	G	A
N0_Mouse	0.125893827533	0	46	A	G
N0_Mouse	0.128846505243	0	576	T	C
N0_Mouse	0.130048903152	0	271	G	T
N0_Mouse	0.130392879384	0	588	G	T
N0_Mouse	0.131898389681	0	38	A	G
N0_Mouse	0.133907104938	0	87	T	G
N0_Mouse	0.135032291881	0	630	A	C
N0_Mouse	0.136565372868	0	624	A	G
N0_Mouse	0.138468965543	0	66	C	T
N0_Mouse	0.138994678118	0	30	G	A
N0_Mouse	0.139107894351	0	391	A	C
N0_Mouse	0.140752623605	0	491	G	T
N0_Mouse	0.141157031226	0	360	C	T
N0_Mouse	0.143179054593	0	564	G	T
N0_Mouse	0.144237380081	0	528	C	T
N0_Mouse	0.146039568076	0	242	C	T
N0_Mouse	0.146976125592	0	181	C	A
N0_Mouse	0.148193772291	0	174	A	G
N0_Mouse	0.148987707589	0	179	T	C
N0_Mouse	0.149513795375	0	107	T	C
N0_Mouse	0.150099334059	0	216	T	C
N0_Mouse	0.152620794381	0	644	T	C
N0_Mouse	0.153533018006	0	282	G	A
N0_Mouse	0.154565937306	0	288	C	T
N0_Mouse	0.155123739666	0	303	A	G
N0_Mouse	0.155323843249	0	264	T	C
N0_Mouse	0.156954791572	0	510	G	C
N0_Mouse	0.156982240833	0	190	G	C
N0_Mouse	0.158260428713	0	122	A	T
N0_Mouse	0.16170890786	0	398	G	T
N0_Mouse	0.162236016563	0	454	C	A
N0_Mouse	0.164978886604	0	291	T	C
N0_Mouse	0.165486924353	0	105	G	A
N0_Mouse	0.165533672883	0	390	G	A
N0_Mouse	0.171122527995	0	362	A	G
N0_Mouse	0.171929846511	0	201	A	G
N0_Mouse	0.174540771954	0	561	C	T
N0_Mouse	0.174559678027	0	98	C	T
N0_Mouse	0.175019958045	0	580	C	T
N0_Mouse	0.175107839229	0	23	T	G
N0_Mouse	0.176104384558	0	301	C	G
N0_Mouse	0.179212116616	0	562	C	T
N0_Mouse	0.179971853105	0	405	G	A
N0_Mouse	0.18206450068	0	384	T	C
N0_Mouse	0.182085598226	0	223	G	A
N0_Mouse	0.184311086162	0	316	G	T
N0_Mouse	0.185962211832	0	660	T	C
N0_Mouse	0.186140150269	0	87	G	T
N0_Mouse	0.186976274095	0	8	G	C
N0_Mouse	0.19027701684	0	121	T	C
N0_Mouse	0.192539740726	0	467	T	C
N0_Mouse	0.195185123563	0	195	A	G
N0_Mouse	0.197084725136	0	628	T	G
N0_Mouse	0.197193217284	0	248	A	G
N0_Mouse	0.200202962842	0	371	A	T
N0_Mouse	0.202293259996	0	521	G	A
N0_Mouse	0.202802865164	0	461	C	A
N0_Mouse	0.205135171792	0	413	C	A
N0_Mouse	0.211131190135	0	36	G	A
N0_Mouse	0.213138091166	0	522	C	A
N0_Mouse	0.213526388284	0	229	G	A
N0_Mouse	0.213570124445	0	421	G	A
N0_Mouse	0.213988815271	0	569	C	T
N0_Mouse	0.21471090506	0	620	A	G
N0_Mouse	0.214845894485	0	93	C	T
N0_Mouse	0.217498135291	0	639	C	T
N0_Mouse	0.220302538719	0	422	A	G
N0_Mouse	0.220888612306	0	360	T	A
N0_Mouse	0.223063925484	0	277	G	A
N0_Mouse	0.223119663312	0	448	A	G
N0_Mouse	0.224440253318	0	154	C	G
N0_Mouse	0.22791030899	0	554	A	G
N0_Mouse	0.228653608564	0	146	A	C
N0_Mouse	0.230407989331	0	516	T	G
N0_Mouse	0.23103092273	0	45	G	A
N0_Mouse	0.235275344806	0	57	A	G
N0_Mouse	0.239507135553	0	73	C	T
N0_Mouse	0.239567432672	0	334	G	T
N0_Mouse	0.242448991064	0	134	A	G
N0_Mouse	0.245265812833	0	512	G	A
N0_Mouse	0.246121615584	0	166	T	G
N0_Mouse	0.247567722563	0	82	C	T
N0_Mouse	0.248392864285	0	317	C	A
N0_Mouse	0.250442671083	0	139	T	C
N0_Mouse	0.251481118599	0	586	A	T
N0_Mouse	0.252535682959	0	223	A	G
N0_Mouse	0.254365134119	0	460	C	T
N0_Mouse	0.255220793754	0	149	C	G
N0_Mouse	0.255350703136	0	482	C	G
N0_Mouse	0.257182772068	0	389	T	G
N0_Mouse	0.257679998537	0	34	C	T
N0_Mouse	0.258673067268	0	454	A	T
N0_Mouse	0.26149777581	0	169	T	G
N0_Mouse	0.263125175021	0	544	C	A
N0_Mouse	0.265884177685	0	327	T	A
N0_Mouse	0.265998504272	0	510	C	T
N0_Mouse	0.270090409869	0	84	A	C
N0_Mouse	0.273308232295	0	362	G	C
N0_Mouse	0.273412483077	0	599	G	C
N0_Mouse	0.278249828046	0	558	G	A
N0_Mouse	0.278657830082	0	584	A	C
N0_Mouse	0.279494169832	0	287	T	A
N0_Mouse	0.283797893654	0	240	T	A
N0_Mouse	0.283817623284	0	327	A	C
N0_Mouse	0.284410594926	0	120	C	A
N0_Mouse	0.285327972254	0	24	T	G
N0_Mouse	0.286592259518	0	629	A	C
N0_Mouse	0.288684063243	0	338	C	T
N0_Mouse	0.289711865959	0	33	G	A
N0_Mouse	0.290314035859	0	564	T	C
N0_Mouse	0.291511057134	0	457	C	T
N0_Mouse	0.297937099275	0	138	G	T
N0_Mouse	0.297944035307	0	543	C	G
N0_Mouse	0.298888153894	0	587	T	C
N0_Mouse	0.299034024908	0	594	C	T
N0_Mouse	0.305991646108	0	649	T	A
N0_Mouse	0.311428345498	0	629	C	T
N0_Mouse	0.313296051309	0	117	A	C
N0_Mouse	0.313725612444	0	376	C	T
N0_Mouse	0.317039934459	0	656	T	C
N0_Mouse	0.317271582367	0	499	C	A
N0_Mouse	0.317334537519	0	177	A	G
N0_Mouse	0.317766929784	0	646	G	A
N0_Mouse	0.319712636523	0	115	A	T
N0_Mouse	0.320507687637	0	2	G	T
N0_Mouse	0.320820814518	0	386	A	G
N0_Mouse	0.32172973396	0	307	C	T
N0_Mouse	0.322198936089	0	374	C	T
N0_Mouse	0.324549843903	0	336	C	G
N0_Mouse	0.324827393427	0	521	A	G
N0_Mouse	0.325161073896	0	97	C	G
N0_Mouse	0.326105771557	0	635	A	T
N0_Mouse	0.327255435542	0	173	T	G
N0_Mouse	0.327893813707	0	160	C	G
N0_Mouse	0.328147216419	0	538	T	A
N0_Mouse	0.328667664095	0	231	T	A
N0_Mouse	0.32911000348	0	580	T	C
N0_Mouse	0.329161502925	0	580	C	A
N0_Mouse	0.329488810274	0	202	T	G
N0_Mouse	0.331028864188	0	615	A	G
N0_Mouse	0.331609141028	0	679	A	G
N0_Mouse	0.33171779539	0	210	A	T
N0_Mouse	0.332399620146	0	90	C	G
N0_Mouse	0.332931742489	0	627	T	C
N0_Mouse	0.333401425263	0	267	A	C
N0_Mouse	0.334822741265	0	245	G	C
N0_Mouse	0.337646491317	0	233	G	C
N0_Mouse	0.339652862129	0	659	A	G
N0_Mouse	0.340410422385	0	608	G	A
N0_Mouse	0.341918077223	0	546	T	C
N0_Mouse	0.34507927014	0	458	T	C
N0_Mouse	0.345460874875	0	376	T	C
N0_Mouse	0.345656379647	0	505	A	T
N0_Mouse	0.353779862615	0	237	A	G
N0_Mouse	0.354237710568	0	389	G	C
N0_Mouse	0.355796759685	0	137	G	A
N0_Mouse	0.357251100007	0	71	C	T
N0_Mouse	0.358856243439	0	50	T	C
N0_Mouse	0.361060908291	0	25	A	C
N0_Mouse	0.361722693712	0	644	C	T
N0_Mouse	0.362301652167	0	44	A	C
N0_Mouse	0.362782081518	0	532	C	G
N0_Mouse	0.363595389152	0	376	C	T
N0_Mouse	0.370799737484	0	562	T	C
N0_Mouse	0.372260622734	0	476	A	T
N0_Mouse	0.375661767677	0	451	G	C
N0_Mouse	0.377500694104	0	355	T	A
N0_Mouse	0.380998660177	0	448	G	A
N0_Mouse	0.382115371389	0	589	A	G
N0_Mouse	0.382483696118	0	148	C	G
N0_Mouse	0.38296943359	0	417	A	T
N0_Mouse	0.383698255784	0	347	T	A
N0_Mouse	0.384041665735	0	395	C	A
N0_Mouse	0.386071342477	0	536	A	G
N0_Mouse	0.387152817018	0	47	T	C
N0_Mouse	0.390411709612	0	629	T	A
N0_Mouse	0.392023518421	0	506	T	G
N0_Mouse	0.394493265945	0	94	G	C
N0_Mouse	0.395123247799	0	192	G	A
N0_Mouse	0.395422835317	0	380	C	T
N0_Mouse	0.400372211729	0	351	A	G
N0_Mouse	0.400481664767	0	163	A	G
N0_Mouse	0.400701754414	0	36	A	G
N0_Mouse	0.403798971076	0	245	C	T
N0_Mouse	0.405371455388	0	394	G	T
N0_Mouse	0.406457019529	0	316	T	G
N0_Mouse	0.407145402687	0	204	A	T
N0_Mouse	0.409708346918	0	2	T	G
N0_Mouse	0.410228252975	0	510	T	C
N0_Mouse	0.412923701957	0	16	A	T
N0_Mouse	0.413095110865	0	582	T	A
N0_Mouse	0.416139818389	0	12	T	G
N0_Mouse	0.416399302692	0	257	A	C
N0_Mouse	0.416756136871	0	370	G	C
N0_Mouse	0.416770262817	0	348	T	A
N0_Mouse	0.417246881935	0	36	G	A
N0_Mouse	0.420442244574	0	544	A	G
N0_Mouse	0.421496740289	0	207	C	A
N0_Mouse	0.427261964058	0	1	C	A
N0_Mouse	0.42884692258	0	152	T	C
N0_Mouse	0.43062715938	0	401	A	T
N0_Mouse	0.432056922386	0	422	G	T
N0_Mouse	0.43223697464	0	251	T	G
N0_Mouse	0.433434804865	0	176	C	T
N0_Mouse	0.436705211163	0	337	G	C
N0_Mouse	0.438477804691	0	680	G	A
N0_Mouse	0.439918456323	0	404	G	T
N0_Mouse	0.442900966808	0	117	C	G
N0_Mouse	0.445115601737	0	450	T	C
N0_Mouse	0.445342235981	0	465	G	A
