edge	time	mut_orlg	mut_pos	old_state	new_state
N0_D1	0.00548151188581	0	86	G	A
N0_D1	0.00664599410666	0	109	G	A
N0_D1	0.00722519317859	0	4	C	T
N0_D1	0.00764029896411	0	135	T	C
N0_D1	0.0112837700049	0	156	G	C
N0_D1	0.0164115834806	0	91	T	A
N0_D1	0.0168210935024	0	67	C	A
N0_D1	0.0247472316412	0	78	C	A
N0_D1	0.0250616961404	0	87	A	G
N0_D1	0.0284940320843	0	90	G	T
N0_D1	0.032270135523	0	134	A	T
N0_D1	0.0387013982642	0	166	A	G
N0_D1	0.0407450294796	0	89	A	G
N0_D1	0.0469682271012	0	147	G	C
D1_N1	0.00104694775909	2	137	T	A
D1_N1	0.00271967017821	2	89	G	C
D1_N1	0.00458168423732	1	113	A	C
D1_N1	0.00513192175923	1	150	T	G
D1_N1	0.00780778539502	1	195	T	C
D1_N1	0.00818605624777	2	127	A	G
D1_N1	0.00897109226609	1	163	C	A
D1_N1	0.0100675322117	1	63	A	G
D1_N1	0.0145904698876	1	150	G	A
D1_N1	0.0155698764478	2	60	G	C
D1_N1	0.0156369773293	1	10	T	C
D1_N1	0.0160228372316	1	39	T	A
D1_N1	0.0160517095582	2	204	T	A
D1_N1	0.0168020268088	1	26	G	A
D1_N1	0.0182408439292	2	157	C	A
D1_N1	0.0183207682729	1	72	G	C
D1_N1	0.0202332763121	2	153	T	G
D1_N1	0.0223823497166	2	45	A	G
D1_N1	0.0227113358611	2	152	C	T
D1_N1	0.0233979782527	1	67	A	G
D1_N1	0.0304895972777	1	86	A	C
D1_N1	0.0430768580011	2	57	A	T
D1_N1	0.0439920725837	1	89	G	T
D1_N1	0.0456169866449	1	11	G	A
D1_N1	0.0468397535918	1	4	T	C
D1_N1	0.0469471989383	1	181	T	C
D1_N1	0.0519415864786	1	160	T	G
D1_N1	0.0569481163399	2	115	T	A
D1_N1	0.0578956293751	2	0	G	C
D1_N1	0.058170975595	2	128	A	T
D1_N1	0.0585261511187	1	184	T	C
D1_N1	0.0593028770275	2	130	C	A
D1_N1	0.0653509903949	1	183	T	C
D1_N1	0.0673504262789	1	92	T	C
D1_N1	0.0678296752397	1	140	A	G
D1_N1	0.0695915642586	1	9	A	T
D1_N1	0.0705125754866	2	138	C	A
D1_N1	0.0764511676031	1	181	C	A
D1_N1	0.0766295776652	2	169	G	A
D1_N1	0.0776187664189	2	206	C	T
D1_N1	0.0778765495673	1	178	G	A
D1_N1	0.0798868539216	2	113	A	C
D1_N1	0.0804638629121	1	176	C	T
D1_N1	0.0877710569304	2	204	A	G
D1_N1	0.0878543404363	1	68	A	G
D1_N1	0.0910382788457	1	46	G	A
D1_N1	0.0919914082125	2	183	T	A
D1_N1	0.0934201553515	1	164	C	A
D1_N1	0.0950635808423	2	61	T	A
D1_N1	0.0962220787556	2	171	T	C
D1_N1	0.0984364439065	1	166	G	C
D1_N1	0.098855209506	2	142	G	A
D1_N1	0.103523026072	1	132	T	C
D1_N1	0.103566740435	1	161	T	C
D1_N1	0.106491094279	1	204	T	C
D1_N1	0.107769503987	1	36	G	A
D1_N1	0.110952266217	1	26	A	T
D1_N1	0.111353608822	1	76	T	C
D1_N1	0.111861603054	1	113	C	G
D1_N1	0.114290788022	2	65	A	T
D1_N1	0.11743755435	1	15	T	C
D1_N1	0.117940842208	2	15	T	A
D1_N1	0.119239693529	1	181	A	T
D1_N1	0.12238901186	1	99	G	C
D1_N1	0.124113358895	2	70	T	C
D1_N1	0.124492251328	1	83	T	C
D1_N1	0.125835688677	1	77	T	C
D1_N1	0.126468805115	1	96	G	T
D1_N1	0.128520956714	2	19	A	C
D1_N1	0.12927638699	2	9	A	C
D1_N1	0.130799818524	2	124	G	A
D1_N1	0.13128338627	1	61	T	C
D1_N1	0.132392199553	2	125	C	T
D1_N1	0.14059482141	2	84	T	C
D1_N1	0.141488583587	2	201	A	C
D1_N1	0.14555885447	1	184	C	T
D1_N1	0.14654765028	1	15	C	A
D1_N1	0.15215386099	1	40	C	T
D1_N1	0.152417751147	2	15	A	T
D1_N1	0.155809156604	1	162	A	G
D1_N1	0.158052781335	1	44	G	A
D1_N1	0.166843641383	1	7	T	C
D1_N1	0.16707909953	1	181	T	C
D1_N1	0.17009100436	2	170	T	G
D1_N1	0.170355951976	2	116	G	A
D1_N1	0.171197526001	2	51	A	C
D1_N1	0.17151671416	2	157	A	G
D1_N1	0.172163933529	1	183	C	G
D1_N1	0.17932315214	1	199	T	C
D1_N1	0.182153197085	1	166	C	A
D1_N1	0.185200312033	2	125	T	G
D1_N1	0.189499425156	2	34	T	G
D1_N1	0.194595743533	2	143	G	C
D1_N1	0.198065943621	1	81	A	T
D1_N1	0.199342883477	2	174	C	G
D1_N1	0.202320517208	1	79	C	T
D1_N1	0.202606852947	1	78	A	T
D1_N1	0.202774548874	2	148	G	A
D1_N1	0.20353363172	1	41	A	T
D1_N1	0.204087347193	2	167	T	A
D1_N1	0.207625790183	1	52	A	G
D1_N1	0.208677239594	1	55	C	T
D1_N1	0.20876449086	2	63	A	T
D1_N1	0.209191769184	1	127	A	T
D1_N1	0.21665985043	2	128	A	T
D1_N1	0.220163472932	1	127	T	A
D1_N1	0.220604554357	1	167	T	C
D1_N1	0.221468750006	2	174	G	T
D1_N1	0.223618715617	1	185	A	G
D1_N1	0.225244877058	1	16	A	G
D1_N1	0.227908694135	1	96	T	A
D1_N1	0.229681399499	1	140	G	A
D1_N1	0.232659524092	1	35	T	C
D1_N1	0.232917022502	1	31	C	T
N1_N2	0.00163871668795	1	163	A	G
N1_N2	0.00769143450299	2	61	A	G
N1_N2	0.00885098524757	2	21	G	T
N1_N2	0.0097176975377	1	117	A	G
N1_N2	0.0124105258139	1	99	C	T
N1_N2	0.0128304904623	2	85	A	G
N2_N3	0.00161007128148	1	185	G	A
N2_N3	0.00175097225644	2	37	T	C
N2_N3	0.00315222322126	2	143	C	G
N2_N3	0.00380746524486	2	133	A	T
N2_N3	0.00574753489816	2	58	G	T
N2_N3	0.00607936040373	2	98	A	G
N3_N4	0.00259575471699	2	141	T	C
N3_N4	0.00304489699544	2	121	T	A
N3_N4	0.00311277344668	1	180	G	C
N3_N4	0.00568756121933	1	120	A	G
N3_N4	0.00625782216744	1	106	C	T
N3_N4	0.00637627785241	1	180	C	G
N3_N4	0.00670672004822	2	150	T	C
N3_N4	0.00889737197789	2	207	C	T
N4_Human	0.00202063431449	2	120	A	G
N4_Human	0.00247930698584	2	122	C	G
N4_Human	0.0026248862063	2	78	A	G
N4_Human	0.00281291416784	2	131	C	A
N4_Human	0.00705931815102	1	46	A	G
N4_Chimp	0.00126497106285	2	178	G	T
N4_Chimp	0.00379531076138	2	205	T	A
N4_Chimp	0.00879940256765	1	117	G	A
N3_Goril	0.0014156254968	1	88	T	A
N3_Goril	0.00226371940039	2	203	T	C
N3_Goril	0.00230894478753	1	191	T	C
N3_Goril	0.00421541938415	2	80	A	G
N3_Goril	0.0051233889568	2	93	C	T
N3_Goril	0.0119674547598	1	133	T	C
N3_Goril	0.0135945174417	1	131	C	T
N3_Goril	0.0149297137303	1	100	C	A
N3_Goril	0.0175168782587	1	47	T	A
N2_Orang	0.000968680140078	1	43	C	T
N2_Orang	0.00755615778994	2	193	T	C
N2_Orang	0.00999769815957	1	5	C	T
N2_Orang	0.0105966457802	2	102	A	T
N2_Orang	0.011181165517	2	73	G	A
N2_Orang	0.0121508384245	1	110	C	G
N2_Orang	0.01392089818	2	3	T	A
N2_Orang	0.0160952089487	1	86	C	T
N1_Macaq	0.00480919210119	2	127	G	C
N1_Macaq	0.00613250653076	2	27	A	T
N1_Macaq	0.00842483195914	2	5	C	T
N1_Macaq	0.00902161522853	2	201	C	T
N1_Macaq	0.00944576528565	2	46	G	A
N1_Macaq	0.0130741590671	2	38	A	G
N1_Macaq	0.0214293719764	2	121	T	C
N1_Macaq	0.0235714651119	2	15	T	A
N1_Macaq	0.0287263851055	1	10	C	T
N1_Macaq	0.029234749645	1	159	A	G
N1_Macaq	0.0307899839371	2	32	T	C
N1_Macaq	0.0340108287562	1	5	C	T
N1_Macaq	0.036573930387	1	32	T	C
N1_Macaq	0.0384859467838	2	121	C	A
N1_Macaq	0.0411567893801	1	191	T	C
N1_Macaq	0.0434515434808	1	26	T	G
N0_Mouse	0.00151604826262	0	51	A	G
N0_Mouse	0.00272862261175	0	58	G	A
N0_Mouse	0.0253599106925	0	23	A	T
N0_Mouse	0.0271435949377	0	7	T	G
N0_Mouse	0.0274768758598	0	181	T	C
N0_Mouse	0.0326755149131	0	181	C	T
N0_Mouse	0.0327367785901	0	176	C	A
N0_Mouse	0.0348015889132	0	193	T	G
N0_Mouse	0.0442733803839	0	76	T	C
N0_Mouse	0.046802348085	0	154	T	A
N0_Mouse	0.052581523323	0	6	T	A
N0_Mouse	0.0609160506901	0	203	T	A
N0_Mouse	0.0613683868884	0	104	C	G
N0_Mouse	0.0689210445999	0	182	T	A
N0_Mouse	0.0733854870304	0	54	C	A
N0_Mouse	0.0785064605554	0	21	G	A
N0_Mouse	0.100208835253	0	167	T	C
N0_Mouse	0.103219539704	0	58	A	C
N0_Mouse	0.119457537731	0	143	G	A
N0_Mouse	0.123755848425	0	121	T	C
N0_Mouse	0.124590536201	0	137	T	A
N0_Mouse	0.128994220668	0	98	A	G
N0_Mouse	0.13114949105	0	109	G	A
N0_Mouse	0.145589584152	0	93	C	T
N0_Mouse	0.149380226668	0	5	C	T
N0_Mouse	0.171410564464	0	80	A	C
N0_Mouse	0.17673288578	0	71	T	G
N0_Mouse	0.18231677998	0	106	C	G
N0_Mouse	0.182875986405	0	125	C	A
N0_Mouse	0.187206124919	0	191	T	G
N0_Mouse	0.188665392902	0	115	T	C
N0_Mouse	0.193210599865	0	28	A	C
N0_Mouse	0.193297612463	0	165	A	C
N0_Mouse	0.199117520605	0	86	G	A
N0_Mouse	0.210028203189	0	180	G	A
N0_Mouse	0.217786041948	0	135	T	C
N0_Mouse	0.218643058472	0	35	T	C
N0_Mouse	0.220328563883	0	137	A	G
N0_Mouse	0.221814506187	0	82	A	G
N0_Mouse	0.222909397594	0	134	A	G
N0_Mouse	0.228883695866	0	152	C	T
N0_Mouse	0.230816166354	0	4	C	T
N0_Mouse	0.233950725634	0	24	G	A
N0_Mouse	0.255489726969	0	36	G	A
N0_Mouse	0.257052279424	0	152	T	C
N0_Mouse	0.283218634587	0	119	T	G
N0_Mouse	0.283651177409	0	120	A	T
N0_Mouse	0.284271907574	0	130	C	T
N0_Mouse	0.287805953723	0	114	A	G
N0_Mouse	0.295735705403	0	152	C	T
N0_Mouse	0.29693626422	0	158	A	T
N0_Mouse	0.305218474736	0	122	C	A
N0_Mouse	0.308679000642	0	107	T	C
N0_Mouse	0.31645621617	0	190	A	T
N0_Mouse	0.320435732455	0	197	G	A
N0_Mouse	0.322202713393	0	54	A	T
N0_Mouse	0.323103523095	0	184	T	C
N0_Mouse	0.325145736701	0	189	G	A
N0_Mouse	0.325710687945	0	187	G	T
N0_Mouse	0.326286700977	0	88	T	C
N0_Mouse	0.327202668609	0	145	A	G
N0_Mouse	0.345872714632	0	99	G	A
N0_Mouse	0.346066362181	0	155	C	G
N0_Mouse	0.348322226099	0	62	C	A
N0_Mouse	0.348919922314	0	128	A	T
N0_Mouse	0.359134693662	0	189	A	G
N0_Mouse	0.362689348726	0	10	T	C
N0_Mouse	0.375667993865	0	118	C	T
N0_Mouse	0.387907143949	0	88	C	T
N0_Mouse	0.389223391902	0	178	G	C
N0_Mouse	0.391374628046	0	182	A	C
N0_Mouse	0.393192082408	0	204	T	C
N0_Mouse	0.395480212998	0	0	G	T
N0_Mouse	0.400434573946	0	2	T	A
N0_Mouse	0.407609990467	0	106	G	A
N0_Mouse	0.411375589676	0	1	A	G
N0_Mouse	0.412318661033	0	40	C	T
N0_Mouse	0.413266100773	0	43	C	T
N0_Mouse	0.41697626773	0	40	T	C
N0_Mouse	0.417976013311	0	18	T	C
N0_Mouse	0.422234930503	0	60	G	A
N0_Mouse	0.431332572279	0	201	A	T
N0_Mouse	0.44716304512	0	23	T	C
