edge	time	orlg_from	orlg_to	tract_length	start_pos	stop_pos	num_diff	template_seq	overide_seq
D1_N1	0.000652446014048	1	2	1	238	238	0	A	A
D1_N1	0.00133375515493	1	2	1	70	70	0	C	C
D1_N1	0.0061381918322	1	2	1	347	347	0	T	T
D1_N1	0.0062386284895	1	2	1	384	384	0	C	C
D1_N1	0.00853691188284	1	2	1	229	229	0	T	T
D1_N1	0.0164148464947	2	1	1	40	40	0	A	A
D1_N1	0.0180864703493	2	1	1	286	286	0	A	A
D1_N1	0.0196016741577	2	1	1	282	282	0	G	G
D1_N1	0.02288943108	1	2	1	172	172	0	A	A
D1_N1	0.0239253150427	2	1	1	388	388	0	T	T
D1_N1	0.0304052868102	2	1	1	168	168	0	G	G
D1_N1	0.0309509925656	1	2	1	285	285	0	C	C
D1_N1	0.0330753343245	2	1	1	90	90	0	A	A
D1_N1	0.0333843123916	2	1	1	358	358	0	T	T
D1_N1	0.0336414100024	1	2	1	331	331	0	C	C
D1_N1	0.0344505198911	1	2	1	159	159	0	A	A
D1_N1	0.0356361008523	1	2	1	436	436	0	G	G
D1_N1	0.0403078086789	1	2	1	95	95	0	T	T
D1_N1	0.0422452728164	2	1	1	7	7	1	G	T
D1_N1	0.0423414967826	2	1	1	196	196	0	C	C
D1_N1	0.0437834195798	1	2	1	431	431	0	C	C
D1_N1	0.0451632792883	1	2	1	352	352	0	T	T
D1_N1	0.0493024404086	1	2	1	339	339	0	T	T
D1_N1	0.0493802171293	2	1	1	51	51	0	T	T
D1_N1	0.0519155391186	1	2	1	329	329	0	A	A
D1_N1	0.0534269946105	1	2	1	247	247	0	C	C
D1_N1	0.0535952014177	2	1	1	69	69	0	A	A
D1_N1	0.0536751097956	1	2	1	376	376	0	G	G
D1_N1	0.0544875730834	1	2	1	99	99	0	G	G
D1_N1	0.0562814102056	2	1	1	149	149	0	A	A
D1_N1	0.0642379247354	2	1	1	410	410	0	A	A
D1_N1	0.0735590610947	2	1	1	379	379	0	G	G
D1_N1	0.0922330277864	1	2	1	89	89	0	C	C
D1_N1	0.0925749835816	2	1	1	233	233	1	A	G
D1_N1	0.0930907364755	2	1	1	238	238	0	A	A
D1_N1	0.093845107864	2	1	1	348	348	1	G	T
D1_N1	0.0963250107607	2	1	1	305	305	0	G	G
D1_N1	0.0980849940555	1	2	1	416	416	0	C	C
D1_N1	0.102877793116	2	1	1	128	128	0	C	C
D1_N1	0.105102277965	2	1	1	149	149	0	A	A
D1_N1	0.105400095394	1	2	1	16	16	1	A	G
D1_N1	0.112851523088	1	2	1	283	283	0	G	G
D1_N1	0.11524792295	1	2	1	157	157	0	T	T
D1_N1	0.116473174873	1	2	1	207	207	1	C	G
D1_N1	0.117050387646	2	1	1	197	197	0	C	C
D1_N1	0.12805901337	1	2	1	430	430	0	C	C
D1_N1	0.129717918971	2	1	1	209	209	1	A	T
D1_N1	0.135139251555	1	2	1	71	71	1	A	G
D1_N1	0.135823718423	1	2	1	192	192	0	A	A
D1_N1	0.13660067921	2	1	1	42	42	1	A	T
D1_N1	0.139763538027	2	1	1	301	301	0	A	A
D1_N1	0.140263139307	1	2	1	26	26	0	G	G
D1_N1	0.146875297793	1	2	1	147	147	0	G	G
D1_N1	0.157569439276	2	1	1	5	5	1	C	T
D1_N1	0.162229991634	2	1	1	213	213	0	T	T
D1_N1	0.163579330497	1	2	1	407	407	0	A	A
D1_N1	0.16462206913	2	1	1	326	326	1	G	T
D1_N1	0.166091678536	2	1	1	338	338	0	G	G
D1_N1	0.171002238243	2	1	1	228	228	0	T	T
D1_N1	0.179385649107	1	2	1	213	213	0	T	T
D1_N1	0.180245129765	1	2	1	206	206	0	C	C
D1_N1	0.191308426633	2	1	1	23	23	0	A	A
D1_N1	0.192829723391	1	2	1	181	181	0	C	C
D1_N1	0.193062739393	1	2	1	358	358	0	T	T
D1_N1	0.195736361094	1	2	1	233	233	0	A	A
D1_N1	0.207608995126	1	2	1	220	220	0	T	T
D1_N1	0.210562528355	2	1	1	383	383	0	A	A
D1_N1	0.22011827157	2	1	1	436	436	0	G	G
D1_N1	0.223029644874	1	2	1	251	251	1	T	C
N1_N2	0.000687954995221	1	2	1	180	180	0	T	T
N1_N2	0.003359340298	2	1	1	327	327	1	C	T
N1_N2	0.00455933593358	2	1	1	223	223	0	A	A
N1_N2	0.0135705905222	2	1	1	383	383	0	A	A
N1_N2	0.014032302057	2	1	1	349	349	0	G	G
N1_N2	0.015383502329	2	1	1	350	350	0	T	T
N2_N3	0.00209826674915	1	2	1	74	74	0	G	G
N2_N3	0.003079728806	1	2	1	25	25	1	C	T
N2_N3	0.00318074046621	1	2	1	85	85	1	T	A
N2_N3	0.0049943396059	2	1	1	235	235	0	T	T
N3_N4	0.00161318035832	1	2	1	291	291	1	T	C
N3_N4	0.00223478946709	1	2	1	224	224	1	C	T
N3_N4	0.00710087456457	2	1	1	10	10	0	T	T
N3_N4	0.00888237307267	1	2	1	0	0	1	C	A
N4_Human	0.00354087034567	1	2	1	189	189	0	C	C
N4_Human	0.00373250131072	1	2	1	9	9	0	A	A
N4_Human	0.00395020968195	1	2	1	392	392	1	C	T
N4_Human	0.00481452538014	1	2	1	111	111	0	T	T
N4_Human	0.00496696098437	2	1	1	4	4	0	G	G
N4_Human	0.00824303718203	1	2	1	104	104	0	G	G
N4_Human	0.00869131961612	1	2	1	72	72	0	G	G
N4_Human	0.00921928302301	2	1	1	182	182	0	C	C
N4_Human	0.0104051620213	2	1	1	396	396	1	G	A
N4_Chimp	0.004393147683	1	2	1	101	101	0	T	T
N4_Chimp	0.00667264221705	1	2	1	330	330	0	C	C
N4_Chimp	0.00678093740028	1	2	1	398	398	0	T	T
N4_Chimp	0.0102931270726	2	1	1	63	63	1	A	G
N3_Goril	0.00125250947861	1	2	1	17	17	0	T	T
N3_Goril	0.00129776030681	1	2	1	256	256	1	G	A
N3_Goril	0.00370652788614	1	2	1	424	424	0	A	A
N3_Goril	0.0118401059967	1	2	1	418	418	0	A	A
N3_Goril	0.0137621733019	1	2	1	356	356	0	C	C
N3_Goril	0.0147134235696	2	1	1	327	327	0	C	C
N2_Orang	0.00199834793306	1	2	1	356	356	0	C	C
N2_Orang	0.00269687839219	2	1	1	127	127	0	A	A
N2_Orang	0.0169153104941	1	2	1	254	254	1	G	A
N1_Macaq	0.00150356468382	2	1	1	138	138	1	A	G
N1_Macaq	0.00353706671288	1	2	1	14	14	0	A	A
N1_Macaq	0.00758522053164	1	2	1	101	101	0	T	T
N1_Macaq	0.00875752248836	1	2	1	125	125	0	G	G
N1_Macaq	0.009741726861	2	1	1	103	103	0	T	T
N1_Macaq	0.010626207727	1	2	1	310	310	0	A	A
N1_Macaq	0.0145079013917	1	2	1	131	131	0	A	A
N1_Macaq	0.0193799490243	2	1	1	372	372	0	G	G
N1_Macaq	0.0196301402916	2	1	1	66	66	1	T	C
N1_Macaq	0.0205746837749	2	1	1	431	431	0	T	T
N1_Macaq	0.0215437970701	2	1	1	131	131	0	A	A
N1_Macaq	0.022683784874	2	1	1	58	58	0	T	T
N1_Macaq	0.0241403253508	1	2	1	361	361	1	T	G
N1_Macaq	0.0242658356781	1	2	1	299	299	1	T	C
N1_Macaq	0.0249745787441	1	2	1	31	31	1	C	T
N1_Macaq	0.0261240089741	1	2	1	178	178	0	A	A
N1_Macaq	0.0264050942725	2	1	1	195	195	0	G	G
N1_Macaq	0.043040725897	2	1	1	351	351	0	C	C
