edge	time	mut_orlg	mut_pos	old_state	new_state
N0_D1	0.00178464116977	0	5	T	A
N0_D1	0.0111203528701	0	28	C	T
N0_D1	0.0133155778586	0	82	A	G
N0_D1	0.0161559409488	0	0	T	G
N0_D1	0.0181737085356	0	18	C	T
N0_D1	0.018380797696	0	59	T	G
N0_D1	0.0191348744968	0	95	A	G
N0_D1	0.0229830423997	0	131	C	T
N0_D1	0.0240514631909	0	106	C	T
N0_D1	0.0392666303706	0	45	A	T
N0_D1	0.0455842861492	0	184	T	G
N0_D1	0.0470272866795	0	37	A	G
D1_N1	0.003909416104	1	209	C	A
D1_N1	0.0039776530602	1	83	G	T
D1_N1	0.00519534682008	1	52	G	T
D1_N1	0.00648528478979	2	48	C	T
D1_N1	0.00761872763839	2	80	A	C
D1_N1	0.00785480479823	1	205	T	C
D1_N1	0.00868154627073	2	119	A	C
D1_N1	0.0121007724554	2	82	G	A
D1_N1	0.0152343759973	2	176	T	C
D1_N1	0.0180214290881	1	159	T	G
D1_N1	0.0193238002536	2	138	T	G
D1_N1	0.0221601733628	1	164	A	G
D1_N1	0.0253630760434	1	33	A	G
D1_N1	0.0289403834653	2	115	C	G
D1_N1	0.029428669153	1	46	C	G
D1_N1	0.0320316137474	2	102	T	C
D1_N1	0.0333232123176	1	0	G	A
D1_N1	0.0346844789325	1	168	T	G
D1_N1	0.034845288386	1	63	A	G
D1_N1	0.0392804830652	2	212	G	C
D1_N1	0.04002788343	2	64	A	C
D1_N1	0.0424315135095	1	40	A	T
D1_N1	0.0428540648625	1	69	C	G
D1_N1	0.0428578497156	1	161	C	T
D1_N1	0.0430078424832	2	53	C	A
D1_N1	0.045880192259	2	10	A	G
D1_N1	0.0461101935845	1	25	C	T
D1_N1	0.0474041742924	1	122	T	A
D1_N1	0.053282666069	1	218	G	A
D1_N1	0.0537211411406	1	101	C	A
D1_N1	0.0557326074758	2	163	A	G
D1_N1	0.0563414192186	1	67	C	T
D1_N1	0.0576984168672	2	38	A	G
D1_N1	0.0646313765403	1	66	C	A
D1_N1	0.0655945807941	2	37	G	C
D1_N1	0.0658864978034	1	190	G	T
D1_N1	0.0660198655677	1	141	C	T
D1_N1	0.0673533196126	1	8	C	T
D1_N1	0.0680447260942	2	186	T	G
D1_N1	0.0692647958924	1	110	T	G
D1_N1	0.0739046024983	1	164	G	T
D1_N1	0.0745396294245	2	215	C	T
D1_N1	0.0751453534473	1	50	A	T
D1_N1	0.0783025723108	2	91	A	T
D1_N1	0.0785309212542	1	135	T	C
D1_N1	0.0800585486804	2	130	A	C
D1_N1	0.0801932113025	2	47	C	T
D1_N1	0.0826691731051	1	77	A	T
D1_N1	0.0914375883232	2	196	C	T
D1_N1	0.0923972841773	1	10	A	G
D1_N1	0.0932658222113	2	28	T	C
D1_N1	0.0950456862959	1	44	C	T
D1_N1	0.0964076097611	2	62	G	A
D1_N1	0.101340340693	2	212	C	T
D1_N1	0.103518874664	1	5	A	G
D1_N1	0.111823107361	1	177	A	G
D1_N1	0.11205360661	1	148	A	T
D1_N1	0.119549406428	1	202	G	A
D1_N1	0.121456331444	2	206	C	T
D1_N1	0.126370543613	1	70	T	A
D1_N1	0.12681125157	2	175	T	C
D1_N1	0.127149350332	1	152	C	G
D1_N1	0.129835077034	1	83	T	C
D1_N1	0.133254594126	2	72	C	T
D1_N1	0.133486128501	2	108	T	A
D1_N1	0.135308964933	1	178	T	G
D1_N1	0.136162194658	2	55	C	T
D1_N1	0.137128679754	2	125	C	A
D1_N1	0.139077629302	1	113	G	T
D1_N1	0.146451374344	1	215	C	T
D1_N1	0.147235198482	2	173	C	T
D1_N1	0.147519374412	1	20	T	A
D1_N1	0.151039493936	2	141	C	T
D1_N1	0.154900120447	2	102	C	T
D1_N1	0.158148582042	1	146	A	C
D1_N1	0.158269059541	2	89	A	G
D1_N1	0.158422674959	1	118	T	A
D1_N1	0.164458630433	1	179	C	A
D1_N1	0.165185436222	1	99	G	A
D1_N1	0.170395712657	1	175	T	C
D1_N1	0.171144635964	2	61	T	A
D1_N1	0.173917123198	1	137	G	C
D1_N1	0.176703428409	2	119	C	T
D1_N1	0.177298035983	1	110	G	A
D1_N1	0.181437574582	2	97	A	C
D1_N1	0.181602336263	2	175	C	T
D1_N1	0.185910165701	2	95	G	T
D1_N1	0.188848236735	1	168	G	T
D1_N1	0.188912352585	2	188	C	G
D1_N1	0.19717811268	2	25	C	T
D1_N1	0.198771846765	1	91	A	C
D1_N1	0.200333236745	2	137	G	A
D1_N1	0.202665865921	1	48	C	T
D1_N1	0.206123331159	1	85	C	G
D1_N1	0.206673806486	2	88	G	A
D1_N1	0.209265771528	1	170	C	A
D1_N1	0.211885086379	1	217	C	T
D1_N1	0.212951707155	2	150	A	G
D1_N1	0.21613494919	1	83	C	T
D1_N1	0.218902103111	1	76	G	T
D1_N1	0.221273463697	2	143	G	A
D1_N1	0.222813163936	1	93	A	G
D1_N1	0.223247392804	2	89	G	A
D1_N1	0.227568601131	2	208	G	T
D1_N1	0.232349087685	2	134	A	G
N1_N2	0.000563293358809	1	1	T	A
N1_N2	0.000620393116046	2	29	C	G
N1_N2	0.00100417136076	1	94	T	A
N1_N2	0.00235670898814	1	105	G	C
N1_N2	0.00707773128134	2	146	A	T
N1_N2	0.0107746808127	2	111	A	T
N1_N2	0.0118493753841	1	139	A	G
N1_N2	0.0134211477966	2	211	C	T
N2_N3	0.00203335376344	2	97	C	T
N2_N3	0.00315409273576	2	118	T	C
N2_N3	0.0039096236152	1	166	T	A
N2_N3	0.00564192528933	2	115	G	A
N3_N4	0.00337641706101	1	29	C	T
N3_N4	0.00356520298846	1	151	A	C
N3_N4	0.00492899101593	2	16	T	C
N3_N4	0.00676740054439	2	63	A	G
N3_N4	0.00705959725851	2	175	T	G
N4_Human	0.000136148949476	1	212	G	T
N4_Human	0.00274617760864	2	184	G	A
N4_Human	0.00281065831302	2	0	G	A
N4_Human	0.00898265038634	1	175	C	T
N4_Human	0.00946818706088	1	65	T	A
N4_Chimp	0.00192208128466	1	205	C	G
N3_Goril	0.00301175521771	1	123	A	G
N3_Goril	0.00447967109523	1	154	G	C
N3_Goril	0.00509621900381	2	165	T	C
N3_Goril	0.011096688455	1	62	G	A
N3_Goril	0.0132658725187	1	125	C	T
N3_Goril	0.0135218231338	1	198	T	C
N3_Goril	0.0157979353696	2	106	T	C
N3_Goril	0.0167049549654	1	35	T	C
N3_Goril	0.0171579324219	2	204	A	C
N3_Goril	0.0193007156222	1	30	C	A
N2_Orang	0.00121510827031	2	113	G	T
N2_Orang	0.00485581243315	2	146	T	C
N2_Orang	0.00685148652292	2	29	G	T
N2_Orang	0.0076576237156	1	215	T	G
N2_Orang	0.00788229905835	1	127	T	C
N2_Orang	0.00812386172629	1	22	A	G
N1_Macaq	0.00248794197604	1	36	C	T
N1_Macaq	0.006276711596	2	203	G	A
N1_Macaq	0.0124929694632	1	201	A	G
N1_Macaq	0.0210041263776	2	31	G	C
N1_Macaq	0.0216361351762	1	105	G	C
N1_Macaq	0.0218604475155	1	85	G	A
N1_Macaq	0.0238328661203	2	199	T	G
N1_Macaq	0.0255761323629	2	11	T	C
N1_Macaq	0.0256404295442	1	69	G	T
N1_Macaq	0.0332384666437	2	104	T	A
N1_Macaq	0.0334490882371	2	16	T	C
N1_Macaq	0.036542316815	1	191	C	T
N1_Macaq	0.0366098538108	1	59	G	T
N1_Macaq	0.0383204935656	2	189	C	A
N1_Macaq	0.0386302134252	2	210	G	A
N1_Macaq	0.0410063271001	1	113	T	C
N1_Macaq	0.0413440136405	2	2	T	C
N0_Mouse	0.00186719966352	0	66	C	A
N0_Mouse	0.0071857826129	0	160	T	A
N0_Mouse	0.00746469644924	0	166	T	A
N0_Mouse	0.0179426144738	0	199	T	A
N0_Mouse	0.0189848552446	0	96	A	G
N0_Mouse	0.0204309355105	0	109	A	G
N0_Mouse	0.0219010439355	0	123	A	T
N0_Mouse	0.0329881331803	0	137	G	A
N0_Mouse	0.0357998114062	0	218	G	T
N0_Mouse	0.0453068610267	0	160	A	G
N0_Mouse	0.0453077615899	0	126	T	C
N0_Mouse	0.054922329551	0	91	A	T
N0_Mouse	0.0550085825077	0	24	T	C
N0_Mouse	0.0590888509348	0	207	A	G
N0_Mouse	0.0594772930444	0	128	G	A
N0_Mouse	0.0601577935784	0	189	C	T
N0_Mouse	0.062787746686	0	54	A	G
N0_Mouse	0.0632935546685	0	186	T	A
N0_Mouse	0.064357040647	0	206	C	G
N0_Mouse	0.0659343976275	0	220	G	C
N0_Mouse	0.0695358679716	0	162	T	C
N0_Mouse	0.0770262154842	0	106	C	T
N0_Mouse	0.0795808601221	0	10	A	G
N0_Mouse	0.0815142629255	0	7	A	T
N0_Mouse	0.0843703919207	0	190	G	T
N0_Mouse	0.0955716621893	0	16	T	C
N0_Mouse	0.0961483175796	0	168	T	A
N0_Mouse	0.125961048361	0	131	C	T
N0_Mouse	0.131578304654	0	95	A	T
N0_Mouse	0.138564551678	0	143	G	T
N0_Mouse	0.140849670579	0	67	C	T
N0_Mouse	0.14217230337	0	169	T	C
N0_Mouse	0.147780054999	0	46	C	A
N0_Mouse	0.149714303458	0	106	T	C
N0_Mouse	0.152022882708	0	122	T	C
N0_Mouse	0.156512876975	0	54	G	T
N0_Mouse	0.166572060929	0	59	T	C
N0_Mouse	0.169911497069	0	80	A	T
N0_Mouse	0.170927366265	0	124	C	T
N0_Mouse	0.176583543154	0	200	C	A
N0_Mouse	0.181327949023	0	83	G	T
N0_Mouse	0.185733859345	0	182	T	C
N0_Mouse	0.195638786366	0	76	G	A
N0_Mouse	0.205480921897	0	38	A	T
N0_Mouse	0.211549620291	0	91	T	G
N0_Mouse	0.213134555363	0	72	C	T
N0_Mouse	0.214329163618	0	2	T	C
N0_Mouse	0.21514561399	0	164	A	G
N0_Mouse	0.228015571526	0	27	C	A
N0_Mouse	0.229370648197	0	108	T	A
N0_Mouse	0.235753396852	0	15	C	A
N0_Mouse	0.23927033286	0	159	T	C
N0_Mouse	0.251569321151	0	91	G	A
N0_Mouse	0.25811195708	0	84	T	C
N0_Mouse	0.260642340074	0	7	T	C
N0_Mouse	0.26597105724	0	25	C	G
N0_Mouse	0.26683918483	0	125	C	T
N0_Mouse	0.271867083829	0	197	T	G
N0_Mouse	0.274581947448	0	164	G	A
N0_Mouse	0.276712156679	0	7	C	T
N0_Mouse	0.278423758413	0	5	T	G
N0_Mouse	0.279751242587	0	202	G	C
N0_Mouse	0.286440524094	0	98	T	C
N0_Mouse	0.297732726475	0	100	A	T
N0_Mouse	0.300346475649	0	175	T	G
N0_Mouse	0.307840866434	0	15	A	T
N0_Mouse	0.30828368895	0	82	A	T
N0_Mouse	0.314777487304	0	161	C	T
N0_Mouse	0.318734518791	0	24	C	T
N0_Mouse	0.320310729988	0	27	A	C
N0_Mouse	0.322428141974	0	14	G	A
N0_Mouse	0.327258698128	0	208	G	A
N0_Mouse	0.338693521353	0	85	C	T
N0_Mouse	0.340759001493	0	18	C	T
N0_Mouse	0.342011541961	0	68	T	A
N0_Mouse	0.342844798567	0	219	A	G
N0_Mouse	0.355494711607	0	86	C	T
N0_Mouse	0.357675599771	0	202	C	T
N0_Mouse	0.358413864918	0	181	G	C
N0_Mouse	0.360834217176	0	101	C	T
N0_Mouse	0.367212875443	0	46	A	T
N0_Mouse	0.369301154021	0	85	T	G
N0_Mouse	0.380275847676	0	52	G	A
N0_Mouse	0.381705807585	0	56	T	C
N0_Mouse	0.382072445154	0	91	A	T
N0_Mouse	0.385055433585	0	34	A	T
N0_Mouse	0.386041642404	0	186	A	G
N0_Mouse	0.388589616837	0	56	C	G
N0_Mouse	0.389209848584	0	133	T	G
N0_Mouse	0.413470684507	0	166	A	G
N0_Mouse	0.415577719569	0	128	A	C
N0_Mouse	0.419742318517	0	77	A	T
N0_Mouse	0.424026454082	0	107	C	T
N0_Mouse	0.425399850309	0	178	T	C
N0_Mouse	0.42755713445	0	197	G	A
N0_Mouse	0.445936121013	0	34	T	C
N0_Mouse	0.447255164021	0	189	T	C
N0_Mouse	0.447588267211	0	152	C	T
