edge	time	mut_orlg	mut_pos	old_state	new_state
N0_kluyveri	0.000301518348851	0	296	G	A
N0_kluyveri	0.00269401687404	0	18	C	T
N0_kluyveri	0.00273299223435	0	678	C	T
N0_kluyveri	0.00299712866898	0	657	G	A
N0_kluyveri	0.00454229049442	0	678	T	C
N0_kluyveri	0.0060544178451	0	98	C	T
N0_kluyveri	0.00660151955088	0	630	T	C
N0_kluyveri	0.006847014755	0	816	C	T
N0_kluyveri	0.00707304607736	0	477	G	T
N0_kluyveri	0.00721443921985	0	652	G	C
N0_kluyveri	0.00831619705759	0	636	T	C
N0_D1	0.000626173667158	0	118	A	G
N0_D1	0.000999608863249	0	275	A	G
D1_N1	0.000368459483892	2	858	A	G
D1_N1	0.000594331892845	2	618	T	C
D1_N1	0.000760497645372	1	555	A	G
D1_N1	0.00107021494611	1	650	C	T
D1_N1	0.00116398169718	2	534	T	C
D1_N1	0.00347242756333	1	4	G	A
D1_N1	0.00367097276841	2	501	C	G
D1_N1	0.00376393949078	1	594	C	A
D1_N1	0.00381962514004	1	798	G	C
D1_N1	0.00436626785635	2	522	G	A
D1_N1	0.00447199270176	1	616	C	A
D1_N1	0.00447803402397	1	744	G	A
D1_N1	0.00461952474554	1	726	T	C
D1_N1	0.00467830897082	2	146	C	T
D1_N1	0.00490435677537	1	798	C	T
D1_N1	0.00573785112715	1	543	A	G
D1_N1	0.00660393200383	2	388	C	G
D1_N1	0.00686128979805	2	31	T	C
D1_N1	0.00755632324996	2	771	A	C
D1_N1	0.00771940085375	1	843	T	C
D1_N1	0.00784021878852	2	383	A	G
D1_N1	0.00798571549387	1	17	A	G
D1_N1	0.00826497231208	2	421	G	A
D1_N1	0.00861466390422	2	504	G	A
D1_N1	0.00875487358302	1	681	T	C
D1_N1	0.00902512974308	1	492	T	C
D1_N1	0.00908912287316	1	282	C	T
D1_N1	0.00909004629685	2	749	A	T
D1_N1	0.00954113970512	2	483	T	A
D1_N1	0.00969009024746	1	531	G	A
D1_N1	0.0099441481343	1	843	C	A
D1_N1	0.00998382475417	2	786	A	G
N1_castellii	0.00041018351424	1	395	G	A
N1_castellii	0.000763593188073	1	234	A	G
N1_castellii	0.000955177727222	1	844	C	T
N1_castellii	0.00189309621107	1	642	G	A
N1_castellii	0.00209450058968	1	828	T	C
N1_castellii	0.0030064090294	1	864	A	T
N1_castellii	0.00302934110647	1	705	C	T
N1_castellii	0.00473361517999	2	678	C	T
N1_castellii	0.00491116762192	2	353	C	T
N1_castellii	0.0054841419727	1	497	G	A
N1_castellii	0.00570267651952	1	273	G	A
N1_castellii	0.00587236605609	2	200	G	A
N1_castellii	0.00672725409108	2	480	G	A
N1_castellii	0.00713217116686	2	564	A	C
N1_castellii	0.00797483327278	1	79	T	C
N1_castellii	0.00836117691738	1	705	T	G
N1_castellii	0.00836980075775	2	741	C	T
N1_castellii	0.00876128757665	2	511	T	C
N1_castellii	0.00903728363703	1	638	G	A
N1_castellii	0.00938417549028	2	822	G	A
N1_castellii	0.00988040666184	2	412	T	C
N1_N2	2.11195124106e-05	1	828	T	C
N1_N2	0.000602480582629	1	846	C	G
N1_N2	0.000612585511385	2	780	T	C
N1_N2	0.000676243591746	1	552	C	A
N1_N2	0.000938668994383	2	660	C	T
N1_N2	0.000940574855484	1	288	C	T
N1_N2	0.00103243648178	1	652	G	A
N1_N2	0.00123712492856	1	615	G	C
N1_N2	0.00169728982303	2	660	T	C
N1_N2	0.00232393783956	1	48	A	C
N1_N2	0.00241111873529	1	133	T	C
N1_N2	0.0024441136249	1	223	C	T
N1_N2	0.00263484061612	2	792	A	G
N1_N2	0.00295617772634	2	519	C	G
N1_N2	0.00309679622679	2	537	G	A
N1_N2	0.00312966056802	2	456	T	C
N1_N2	0.00384701988892	1	819	A	G
N1_N2	0.00395665154204	1	760	C	T
N1_N2	0.00448979557514	1	567	C	T
N1_N2	0.00455356090375	2	257	C	T
N1_N2	0.0048277712589	1	756	T	A
N1_N2	0.00498474670669	2	820	T	C
N1_N2	0.00526812309111	1	150	G	T
N1_N2	0.00532791974241	1	627	A	G
N1_N2	0.0055223500689	2	714	A	G
N1_N2	0.00563841470567	1	239	T	A
N1_N2	0.00584591344366	1	579	C	A
N1_N2	0.00625922767924	1	864	A	G
N1_N2	0.00705613343925	2	751	G	A
N1_N2	0.00735837273556	1	793	C	G
N1_N2	0.00777355957343	1	429	T	C
N1_N2	0.00872791515718	1	528	C	T
N1_N2	0.00910601274864	2	840	A	T
N1_N2	0.00954023088919	2	534	C	T
N1_N2	0.00961475133482	2	807	A	G
N1_N2	0.00962219933814	1	340	A	G
N1_N2	0.0098638421467	1	713	T	G
N2_bayanus	0.00159666227381	2	786	G	A
N2_bayanus	0.00190624115973	1	437	C	A
N2_bayanus	0.00198712400587	2	669	A	G
N2_bayanus	0.00316705906122	2	90	G	A
N2_bayanus	0.00368509107601	2	681	T	C
N2_bayanus	0.00424715101906	2	564	A	G
N2_bayanus	0.00438394089771	2	606	C	T
N2_bayanus	0.00439966906824	1	38	G	A
N2_bayanus	0.00445980493818	1	798	T	A
N2_bayanus	0.00453815203884	2	606	T	C
N2_bayanus	0.00496582267558	2	425	T	C
N2_bayanus	0.00556834971847	1	190	C	A
N2_bayanus	0.00574505163808	1	577	G	C
N2_bayanus	0.00663439604246	2	544	G	A
N2_bayanus	0.00669593547149	1	759	C	G
N2_bayanus	0.00681298094853	2	34	T	C
N2_bayanus	0.00722031436104	2	58	T	A
N2_bayanus	0.00755555758916	1	546	A	C
N2_bayanus	0.0078485765718	2	280	C	G
N2_bayanus	0.00915273068689	1	726	C	T
N2_bayanus	0.00930079837302	1	36	C	G
N2_bayanus	0.00956359477966	2	521	G	T
N2_bayanus	0.00972804103743	1	606	C	T
N2_N3	0.0003430961012	2	262	T	C
N2_N3	0.000682679423403	1	783	G	A
N2_N3	0.000835289079653	1	621	C	T
N2_N3	0.00126311075065	1	20	C	T
N2_N3	0.00139718376704	2	750	G	A
N2_N3	0.00232441657718	2	170	T	C
N2_N3	0.00251756606791	2	798	G	A
N2_N3	0.00270685223533	2	867	T	A
N2_N3	0.00288937511791	1	312	A	G
N2_N3	0.00329755549609	1	31	T	C
N2_N3	0.00352882487256	2	468	G	A
N2_N3	0.00403246818128	1	534	T	C
N2_N3	0.00413464852676	2	145	G	A
N2_N3	0.00449060334119	1	747	A	G
N2_N3	0.00450532970846	1	636	T	G
N2_N3	0.00459134234043	2	25	G	C
N2_N3	0.00460659084539	1	852	A	T
N2_N3	0.00468736116371	1	525	C	T
N2_N3	0.0051665343732	1	648	C	A
N2_N3	0.00551643012735	2	564	A	G
N2_N3	0.0058666973653	2	561	G	T
N2_N3	0.00607475251505	1	615	C	T
N2_N3	0.00646248565216	1	567	T	C
N2_N3	0.00648813096699	2	208	C	T
N2_N3	0.00688596295135	1	381	A	T
N2_N3	0.00708214223712	1	696	G	A
N2_N3	0.00709894563814	1	811	A	G
N2_N3	0.00716543881008	1	582	T	C
N2_N3	0.00792866134764	1	352	T	C
N2_N3	0.00802756086683	1	621	T	C
N2_N3	0.00828738761871	2	365	G	A
N2_N3	0.00855567526216	1	456	T	C
N3_kudriavzevii	4.74175699924e-05	1	397	T	G
N3_kudriavzevii	0.000287250769599	1	748	G	T
N3_kudriavzevii	0.000302781506246	2	576	G	T
N3_kudriavzevii	0.000995762317585	1	117	C	A
N3_kudriavzevii	0.00103799504627	2	606	C	T
N3_kudriavzevii	0.00162745641387	1	705	C	T
N3_kudriavzevii	0.00193678916258	2	534	T	C
N3_kudriavzevii	0.00218705664149	1	12	A	C
N3_kudriavzevii	0.002374895544	1	699	T	C
N3_kudriavzevii	0.00255127600118	2	696	G	C
N3_kudriavzevii	0.00265278788072	1	392	A	T
N3_kudriavzevii	0.00324775979391	1	107	C	T
N3_kudriavzevii	0.00460176445288	2	390	T	C
N3_kudriavzevii	0.00506703520341	1	119	A	G
N3_kudriavzevii	0.00575845360559	1	681	C	T
N3_kudriavzevii	0.00637361451647	2	804	C	T
N3_kudriavzevii	0.00748564955153	1	497	G	A
N3_kudriavzevii	0.00776534265526	1	798	T	C
N3_kudriavzevii	0.00786248828559	1	339	A	T
N3_kudriavzevii	0.0088825363109	2	261	A	T
N3_kudriavzevii	0.00915212322853	2	513	C	T
N3_kudriavzevii	0.00920161411841	1	434	C	G
N3_kudriavzevii	0.0097223800581	1	741	C	T
N3_N4	0.000968141868113	1	516	G	C
N3_N4	0.00241698720696	1	754	T	C
N3_N4	0.00264192324263	1	717	G	A
N3_N4	0.00275005145521	1	549	A	G
N3_N4	0.00309079675066	2	798	A	G
N3_N4	0.00393075934586	2	122	A	G
N3_N4	0.00409243946189	2	834	C	G
N3_N4	0.00464047327366	1	63	T	G
N3_N4	0.00466559039066	2	264	G	C
N3_N4	0.00542005685404	2	423	G	A
N3_N4	0.00561085512465	1	807	A	T
N3_N4	0.00566687750818	2	289	A	C
N3_N4	0.00616267046151	2	801	T	G
N3_N4	0.00634516812703	2	804	C	G
N3_N4	0.00650923122407	1	355	A	G
N3_N4	0.00655213748119	1	438	C	T
N3_N4	0.00681623522475	1	275	G	A
N3_N4	0.00693073001754	2	191	A	G
N3_N4	0.00770814744293	1	549	G	A
N3_N4	0.00846403866569	1	180	T	C
N3_N4	0.00908453985617	1	352	C	T
N3_N4	0.00918307437035	1	702	T	C
N4_mikatae	3.46203344583e-05	2	394	C	G
N4_mikatae	8.19474158623e-05	2	113	A	G
N4_mikatae	0.000481937142899	2	579	C	T
N4_mikatae	0.000826782573332	1	765	A	G
N4_mikatae	0.000943871522373	2	495	T	G
N4_mikatae	0.00114993953219	2	635	A	T
N4_mikatae	0.00207057845317	2	67	G	A
N4_mikatae	0.00211006401612	2	516	G	A
N4_mikatae	0.00233397892744	2	132	C	T
N4_mikatae	0.00233713062166	1	723	A	C
N4_mikatae	0.00257062034107	1	367	A	G
N4_mikatae	0.00270823589563	1	654	T	C
N4_mikatae	0.00327706690496	1	88	G	A
N4_mikatae	0.00425666033478	2	602	T	C
N4_mikatae	0.0044023328204	2	534	T	A
N4_mikatae	0.00487945251381	1	621	C	T
N4_mikatae	0.00513770106248	2	96	T	G
N4_mikatae	0.00575796927266	1	178	C	T
N4_mikatae	0.00580686184371	2	609	T	C
N4_mikatae	0.00603838103091	1	474	G	A
N4_mikatae	0.00623537090251	1	546	A	G
N4_mikatae	0.00648200999606	2	712	C	T
N4_mikatae	0.00706873492765	2	855	G	T
N4_mikatae	0.00757013814259	1	305	C	A
N4_mikatae	0.00784771931408	1	669	A	G
N4_mikatae	0.0079522275614	1	783	A	G
N4_mikatae	0.00828976872664	1	629	A	C
N4_mikatae	0.00841246113991	2	543	A	C
N4_mikatae	0.00879649866576	1	645	T	C
N4_mikatae	0.00908782646429	1	110	T	G
N4_mikatae	0.00942401104534	1	528	T	G
N4_mikatae	0.00958153137852	2	474	G	T
N4_N5	1.78711424713e-05	2	381	A	G
N4_N5	4.80264825565e-05	1	471	G	C
N4_N5	0.000108652687783	2	507	T	C
N4_N5	0.000212511394699	1	456	C	T
N4_N5	0.000818343030396	2	723	A	G
N4_N5	0.000862595059755	2	720	T	C
N4_N5	0.00128478765133	1	753	G	A
N4_N5	0.00150567896008	2	688	T	C
N4_N5	0.00177478549565	1	549	A	G
N4_N5	0.00231935874442	2	242	G	C
N4_N5	0.00235130835699	1	594	A	C
N4_N5	0.00261353334516	1	504	G	A
N4_N5	0.0030675378181	2	444	C	T
N4_N5	0.00315875428982	2	582	T	A
N4_N5	0.0038339376398	1	639	G	A
N4_N5	0.00416473571275	1	666	G	A
N4_N5	0.00433848819689	1	855	G	A
N4_N5	0.00444807512221	1	466	A	G
N4_N5	0.00497426546733	2	786	G	A
N4_N5	0.00589195644354	2	690	G	T
N4_N5	0.00637798092439	1	726	C	T
N4_N5	0.00655422554353	1	167	G	A
N4_N5	0.00684424942885	2	759	C	T
N4_N5	0.00768495667478	1	606	C	T
N4_N5	0.0077166877313	1	86	C	T
N4_N5	0.00813763093699	1	240	G	T
N4_N5	0.00875694109702	2	768	T	C
N4_N5	0.00915900335399	1	853	A	T
N4_N5	0.00929832792796	1	439	C	T
N4_N5	0.00980298333161	1	597	C	A
N5_paradoxus	0.00168106090884	1	576	G	A
N5_paradoxus	0.00169813920272	2	631	C	T
N5_paradoxus	0.00213235035364	1	483	T	C
N5_paradoxus	0.00215294684734	1	532	A	G
N5_paradoxus	0.00269785780317	1	282	T	C
N5_paradoxus	0.00305440439549	1	270	G	A
N5_paradoxus	0.00324743054375	2	711	A	G
N5_paradoxus	0.0033390331581	2	356	G	C
N5_paradoxus	0.00453084077662	2	80	C	T
N5_paradoxus	0.00479891231796	2	324	T	C
N5_paradoxus	0.0051983027449	1	864	G	A
N5_paradoxus	0.00539096351696	2	288	C	G
N5_paradoxus	0.00586436746088	1	576	A	G
N5_paradoxus	0.00613643064156	1	699	T	C
N5_paradoxus	0.00613649706954	2	171	C	T
N5_paradoxus	0.00651670543993	2	522	G	A
N5_paradoxus	0.0065179967389	2	754	T	A
N5_paradoxus	0.00734262525386	1	579	A	G
N5_paradoxus	0.00748359403715	1	361	T	C
N5_paradoxus	0.0088957347341	1	609	T	C
N5_paradoxus	0.00950034771591	2	416	T	C
N5_paradoxus	0.00987240559694	1	327	C	G
N5_paradoxus	0.00997241143945	1	606	T	C
N5_cerevisiae	0.000469164480487	1	664	G	A
N5_cerevisiae	0.000702176165318	1	74	C	G
N5_cerevisiae	0.00139780825684	2	192	T	C
N5_cerevisiae	0.0014823871776	1	447	A	G
N5_cerevisiae	0.00267337118645	1	99	A	G
N5_cerevisiae	0.00291111263854	1	849	A	G
N5_cerevisiae	0.00293746218993	2	516	G	A
N5_cerevisiae	0.00302348598294	1	630	T	C
N5_cerevisiae	0.00308381681708	2	349	T	A
N5_cerevisiae	0.00349446007647	2	846	C	T
N5_cerevisiae	0.0034974955298	1	407	G	A
N5_cerevisiae	0.00373992662002	1	519	G	A
N5_cerevisiae	0.00389734787335	2	227	C	G
N5_cerevisiae	0.00482339604575	2	491	G	C
N5_cerevisiae	0.00496352658595	1	200	G	A
N5_cerevisiae	0.00540782458533	2	853	A	G
N5_cerevisiae	0.00637302516091	2	864	A	T
N5_cerevisiae	0.00711718653485	1	751	G	T
N5_cerevisiae	0.00835645271011	1	821	C	T
N5_cerevisiae	0.00843255307091	1	273	G	T
N5_cerevisiae	0.00866808066534	1	168	G	A
N5_cerevisiae	0.00879329146127	2	677	G	A
N5_cerevisiae	0.00900665785171	2	406	T	C
N5_cerevisiae	0.00933590799227	1	305	C	G
N5_cerevisiae	0.00949149551361	2	323	C	T
N5_cerevisiae	0.00974515803481	1	531	A	G
N5_cerevisiae	0.00995217829391	2	222	A	G
