edge	time	mut_orlg	mut_pos	old_state	new_state
N0_kluyveri	0.000267263001356	0	44	T	C
N0_kluyveri	0.000395583546577	0	338	A	G
N0_kluyveri	0.000786757918237	0	461	C	T
N0_kluyveri	0.00109089357585	0	470	G	A
N0_kluyveri	0.00150096420691	0	248	C	T
N0_kluyveri	0.0017832884388	0	446	C	A
N0_kluyveri	0.00209969013287	0	381	G	A
N0_kluyveri	0.00214779754656	0	173	T	C
N0_kluyveri	0.00226809165923	0	278	T	G
N0_kluyveri	0.00242685783566	0	10	A	G
N0_kluyveri	0.00311761998922	0	473	C	T
N0_kluyveri	0.00312500383193	0	11	C	T
N0_kluyveri	0.00345436072235	0	125	A	G
N0_kluyveri	0.00360685753151	0	173	C	T
N0_kluyveri	0.00379708779867	0	362	C	A
N0_kluyveri	0.0043978426256	0	152	G	C
N0_kluyveri	0.00500689956775	0	239	G	T
N0_kluyveri	0.00590211388448	0	29	C	T
N0_kluyveri	0.00636511191007	0	16	G	T
N0_kluyveri	0.00685315027175	0	140	G	A
N0_kluyveri	0.00712245819964	0	164	A	G
N0_kluyveri	0.00749003014716	0	449	C	T
N0_kluyveri	0.00795208737159	0	383	T	C
N0_kluyveri	0.00815291909716	0	461	T	C
N0_kluyveri	0.00870653792674	0	146	C	A
N0_kluyveri	0.00937433443195	0	383	C	T
N0_kluyveri	0.00968307231135	0	161	A	G
N0_kluyveri	0.0110636402428	0	62	C	T
N0_kluyveri	0.0112568590147	0	164	G	A
N0_kluyveri	0.0117936982636	0	254	A	G
N0_kluyveri	0.0119226379753	0	260	T	C
N0_kluyveri	0.0120888236953	0	314	T	C
N0_kluyveri	0.0128681946961	0	395	T	C
N0_kluyveri	0.0131603391835	0	479	C	T
N0_kluyveri	0.0132716966348	0	167	A	T
N0_kluyveri	0.0137834374995	0	209	A	G
D1_N1	7.32104763523e-05	1	176	C	T
D1_N1	0.000271022725446	2	224	C	G
D1_N1	0.000390415108485	2	470	G	A
D1_N1	0.00058910317228	2	248	C	T
D1_N1	0.000612069172159	2	443	G	A
D1_N1	0.000689768853747	2	182	A	G
D1_N1	0.000783587903681	1	242	T	C
D1_N1	0.000842578651492	1	428	T	C
D1_N1	0.000854757254795	1	260	T	C
D1_N1	0.00134648963784	2	212	C	T
D1_N1	0.00157436366138	2	161	A	G
D1_N1	0.00159254887985	2	17	T	C
D1_N1	0.00195818404759	2	365	C	T
D1_N1	0.00229385594332	1	63	T	C
D1_N1	0.00278614872734	1	104	G	A
D1_N1	0.00287685169489	2	173	T	C
D1_N1	0.00311182050243	2	362	C	T
N1_castellii	0.00021318894897	2	386	T	C
N1_castellii	0.000574718453706	2	200	T	C
N1_castellii	0.000635867570709	1	373	A	G
N1_castellii	0.000702607547612	2	152	G	A
N1_castellii	0.000785261995795	1	83	A	G
N1_castellii	0.000808875707597	2	5	C	T
N1_castellii	0.000835599917233	1	95	T	C
N1_castellii	0.00100547888857	2	350	T	C
N1_castellii	0.00118605624821	2	470	A	G
N1_castellii	0.00146622417282	1	53	T	A
N1_castellii	0.00166350847099	1	401	A	G
N1_castellii	0.00182016022617	1	335	C	T
N1_castellii	0.00261147906817	1	101	A	C
N1_castellii	0.00273102858358	1	221	A	C
N1_castellii	0.00329784625693	1	248	C	T
N1_castellii	0.00338667390296	2	356	C	T
N1_castellii	0.00344118040683	2	68	G	A
N1_castellii	0.0034956850162	2	125	A	G
N1_castellii	0.0036163191258	1	89	G	A
N1_castellii	0.00402204241238	1	269	A	G
N1_castellii	0.00413594497898	2	65	G	A
N1_castellii	0.00497236288781	1	338	A	T
N1_castellii	0.00500720521088	1	229	A	G
N1_castellii	0.00523781277626	1	170	A	G
N1_castellii	0.00587919328152	1	164	A	T
N1_castellii	0.00598910134921	1	155	A	G
N1_castellii	0.00685164428593	1	269	G	A
N1_castellii	0.006913257258	2	185	G	A
N1_castellii	0.00714564366379	2	248	T	C
N1_castellii	0.00716783305497	1	38	T	C
N1_castellii	0.00852092353247	2	422	C	T
N1_castellii	0.00858422116029	2	98	T	C
N1_castellii	0.00892247812144	1	317	T	C
N1_castellii	0.00892314742533	1	74	G	A
N1_castellii	0.00901334066155	2	77	G	A
N1_castellii	0.00918773086489	2	269	A	T
N1_castellii	0.00948241953074	2	137	G	C
N1_castellii	0.00953609350485	2	194	C	T
N1_castellii	0.0101300515846	2	353	C	T
N1_castellii	0.0102267993198	1	338	T	C
N1_castellii	0.0106495741499	2	155	A	G
N1_castellii	0.0107843561058	1	461	C	A
N1_castellii	0.0113065604216	1	260	C	T
N1_castellii	0.0113782414204	2	38	T	G
N1_castellii	0.0114083861295	1	383	T	C
N1_castellii	0.0114617844471	2	461	C	T
N1_castellii	0.0115345170414	2	269	T	C
N1_castellii	0.012064967806	1	287	T	C
N1_castellii	0.0120805695734	2	392	C	T
N1_castellii	0.012155517011	1	336	T	G
N1_castellii	0.0123306434003	2	152	A	G
N1_N2	0.000946451841944	2	254	A	G
N1_N2	0.000978594117077	1	53	T	C
N1_N2	0.00106280295712	1	395	T	C
N1_N2	0.00148985842503	2	491	C	T
N1_N2	0.00152040657866	1	209	A	G
N1_N2	0.00178874677074	2	182	G	A
N1_N2	0.00192832075865	1	263	C	T
N1_N2	0.00203006721514	2	454	G	C
N1_N2	0.00237056275464	1	398	A	G
N1_N2	0.0025899645304	2	428	T	C
N1_N2	0.00308399203897	1	113	A	T
N1_N2	0.0031938725298	1	314	T	G
N1_N2	0.00330495807291	2	263	C	T
N1_N2	0.00342737240684	1	340	A	G
N1_N2	0.00356817758846	2	59	G	A
N1_N2	0.00380012403751	2	179	C	T
N1_N2	0.00380103145159	1	293	A	G
N1_N2	0.00384832504423	2	458	A	T
N1_N2	0.00416612953771	1	56	A	G
N1_N2	0.00442293969484	2	471	G	A
N1_N2	0.00482324653586	2	269	A	G
N1_N2	0.0049403189202	2	95	T	C
N1_N2	0.00495059279143	2	242	T	C
N1_N2	0.00511294103546	1	446	C	T
N1_N2	0.00546739755753	2	329	C	T
N1_N2	0.00549287393307	2	134	T	C
N1_N2	0.00594789980605	1	215	G	A
N1_N2	0.00596868691887	1	266	A	G
N1_N2	0.00599463724242	2	86	G	A
N1_N2	0.00630134827759	2	230	A	G
N1_N2	0.00631221445447	2	152	G	A
N1_N2	0.006395680778	2	293	A	G
N1_N2	0.00645542617901	2	218	C	T
N1_N2	0.00650953658203	2	458	T	C
N1_N2	0.0066271094985	2	168	C	T
N1_N2	0.00717561663288	2	14	T	C
N1_N2	0.00734672866886	2	329	T	C
N1_N2	0.00739329037091	1	227	C	T
N1_N2	0.00756187049975	2	223	T	C
N1_N2	0.00770319689235	2	218	T	C
N1_N2	0.00778701204919	2	419	A	G
N1_N2	0.00780185864411	1	395	T	C
N1_N2	0.00852944679571	1	284	G	A
N1_N2	0.00854409219564	2	347	T	A
N1_N2	0.00873041232576	1	428	C	T
N1_N2	0.00876005155184	1	284	A	T
N1_N2	0.00912075040323	2	239	G	A
N1_N2	0.00942025919073	1	317	T	C
N1_N2	0.0094706738207	1	461	C	T
N1_N2	0.00948448891993	1	35	C	T
N1_N2	0.00990979343554	2	459	G	A
N1_N2	0.010099094667	2	341	A	G
N1_N2	0.0101034740125	1	431	T	C
N1_N2	0.0103063808013	1	26	A	G
N1_N2	0.0104144528665	1	191	A	G
N1_N2	0.0105523528657	1	372	C	T
N1_N2	0.0105532850843	1	56	G	A
N1_N2	0.0107234439816	2	368	G	A
N1_N2	0.0108589742266	1	458	T	C
N1_N2	0.0116707514422	2	356	C	T
N1_N2	0.0117051052964	1	176	C	T
N1_N2	0.0118047320507	2	210	C	T
N1_N2	0.0119866751555	1	251	C	T
N1_N2	0.01234639765	1	491	T	C
N1_N2	0.0125567135928	2	32	C	T
N1_N2	0.0127095498818	1	445	C	T
N1_N2	0.0128226762491	1	149	T	C
N1_N2	0.0132556121389	2	68	G	A
N1_N2	0.0134356911106	1	4	A	G
N1_N2	0.013449623933	1	21	A	G
N1_N2	0.0136823463935	2	93	T	A
N1_N2	0.0137910591552	1	56	A	G
N1_N2	0.0139300041423	1	287	T	C
N1_N2	0.0139465626418	2	23	A	G
N1_N2	0.0139749507155	1	467	C	T
N1_N2	0.014065395557	1	344	G	A
N1_N2	0.0147365851362	1	169	T	C
N1_N2	0.0151013038237	1	392	C	T
N1_N2	0.0151739733728	2	329	C	T
N1_N2	0.0153411556364	2	155	A	G
N1_N2	0.0155136176828	2	74	G	A
N1_N2	0.0158647742281	2	431	C	T
N2_bayanus	0.000392222135592	1	407	A	G
N2_bayanus	0.00041191970145	1	107	G	A
N2_bayanus	0.000693923545867	1	266	G	A
N2_bayanus	0.000720368450822	2	425	C	T
N2_bayanus	0.00103392159206	1	87	A	G
N2_bayanus	0.00114251926786	2	11	C	T
N2_bayanus	0.00131437661638	2	323	G	A
N2_bayanus	0.00146783398478	1	348	T	C
N2_bayanus	0.00177816699947	2	95	T	C
N2_bayanus	0.00191828775418	2	72	G	A
N2_bayanus	0.00205125568883	1	261	G	A
N2_bayanus	0.0021337127907	1	98	T	C
N2_N3	4.47026193391e-06	2	359	G	A
N2_N3	0.000336376779236	1	224	G	A
N2_N3	0.00111681127948	1	2	G	A
N2_N3	0.00138871562352	2	434	T	A
N2_N3	0.0014636452511	2	446	T	C
N3_kudriavzevii	5.04496720489e-05	1	311	A	C
N3_kudriavzevii	5.27762118191e-05	2	122	G	A
N3_kudriavzevii	0.000134065806092	2	385	A	G
N3_kudriavzevii	0.00013631470543	1	374	C	T
N3_kudriavzevii	0.000506020522826	2	266	G	A
N3_kudriavzevii	0.000584069090112	1	476	C	T
N3_kudriavzevii	0.000654829609382	1	56	G	C
N3_kudriavzevii	0.000717237029181	2	317	C	T
N3_kudriavzevii	0.000848976558648	2	284	T	C
N3_kudriavzevii	0.000903613488938	1	287	C	T
N3_kudriavzevii	0.000997378423112	2	383	T	C
N3_kudriavzevii	0.00138987109468	2	71	G	A
N3_kudriavzevii	0.00151220965608	2	35	C	T
N3_kudriavzevii	0.001640712833	2	470	A	G
N3_kudriavzevii	0.00167659580889	2	215	A	C
N3_kudriavzevii	0.0016794359999	1	236	A	G
N3_kudriavzevii	0.00180146561384	2	422	C	T
N3_kudriavzevii	0.00213138801307	1	83	A	G
N3_kudriavzevii	0.0027876371653	2	419	A	G
N3_kudriavzevii	0.00286312628495	1	200	T	C
N3_kudriavzevii	0.00305837731896	1	137	G	A
N3_kudriavzevii	0.00323354683776	2	395	C	T
N3_kudriavzevii	0.00333686293536	1	371	A	G
N3_kudriavzevii	0.00341498942962	1	221	A	G
N3_kudriavzevii	0.00435519365817	2	203	C	T
N3_kudriavzevii	0.00457757567032	2	467	T	C
N3_kudriavzevii	0.00474072402493	1	435	T	C
N3_kudriavzevii	0.00492387971578	2	465	A	G
N3_kudriavzevii	0.00510694743867	1	218	C	T
N3_kudriavzevii	0.0051138664442	1	239	G	A
N3_kudriavzevii	0.00517338645468	1	353	C	T
N3_kudriavzevii	0.00539075513986	1	254	G	A
N3_kudriavzevii	0.00544840469545	2	146	C	T
N3_kudriavzevii	0.00582070709721	2	437	G	A
N3_kudriavzevii	0.00585856496377	1	119	T	C
N3_kudriavzevii	0.0059947438595	2	95	T	C
N3_N4	8.80173534585e-05	1	270	C	T
N3_N4	0.000231553827054	2	371	A	G
N3_N4	0.00039308577528	1	479	C	T
N3_N4	0.000791309475751	2	65	G	A
N3_N4	0.00122589421784	2	350	T	C
N3_N4	0.00136288227325	1	105	C	T
N3_N4	0.00141906885028	2	188	T	C
N3_N4	0.00200059342626	1	397	G	A
N4_mikatae	0.00015294243343	1	321	C	T
N4_mikatae	0.000436113111552	1	302	G	A
N4_mikatae	0.000975437347181	1	125	A	T
N4_mikatae	0.00101802346873	2	44	T	C
N4_mikatae	0.00158358079444	1	449	C	T
N4_mikatae	0.00250723028462	2	44	C	T
N4_mikatae	0.00261342453406	2	212	T	C
N4_mikatae	0.00371183363463	2	155	G	A
N4_mikatae	0.00392692781925	2	71	G	A
N4_mikatae	0.00393301155888	1	116	G	A
N4_mikatae	0.00409538509034	1	164	A	G
N4_N5	0.000247174151495	1	353	C	T
N4_N5	0.000797747261762	2	410	C	T
N4_N5	0.000860976160372	1	194	C	T
N4_N5	0.000982747666347	2	251	T	C
N4_N5	0.00156755283802	1	377	T	C
N4_N5	0.00161977020811	1	93	T	C
N5_paradoxus	5.24471132496e-05	1	380	T	C
N5_paradoxus	0.000663952526809	1	134	T	C
N5_paradoxus	0.000803789697996	2	449	C	T
N5_paradoxus	0.000823603122937	1	461	T	C
N5_paradoxus	0.00131848015407	2	59	G	A
N5_paradoxus	0.00149293001705	2	107	G	A
N5_cerevisiae	0.000160213115032	2	194	C	T
N5_cerevisiae	0.000217044687145	2	457	A	G
N5_cerevisiae	0.000547429156867	2	80	T	C
N5_cerevisiae	0.000647146838135	1	26	G	A
N5_cerevisiae	0.00114635164094	2	320	A	G
N5_cerevisiae	0.00152118712513	1	35	T	C
N5_cerevisiae	0.00159920013534	1	191	G	A
N5_cerevisiae	0.00193112718192	1	14	T	G
N5_cerevisiae	0.00220093803222	2	26	A	G
N5_cerevisiae	0.00277938659851	2	353	C	T
N5_cerevisiae	0.00282666725607	1	479	T	C
N5_cerevisiae	0.00329570702047	1	215	A	G
N5_cerevisiae	0.00366898687665	2	34	A	G
