edge	time	mut_orlg	mut_pos	old_state	new_state
N0_kluyveri	8.63287787297e-05	0	758	T	G
N0_kluyveri	9.42206741992e-05	0	554	A	G
D1_N1	0.000505228987479	1	692	T	C
D1_N1	0.000542094142475	1	750	C	T
D1_N1	0.000947052849062	1	158	T	G
D1_N1	0.00100341035068	1	854	G	A
D1_N1	0.00131632934247	1	164	T	C
D1_N1	0.00139842748937	2	488	T	C
D1_N1	0.00156212442654	1	89	A	G
D1_N1	0.00167498095964	1	482	G	A
D1_N1	0.00184800190987	1	668	T	G
D1_N1	0.00200697970546	1	140	A	G
D1_N1	0.00265185294094	1	188	A	G
D1_N1	0.00284840153276	2	846	T	C
D1_N1	0.00309493509102	1	89	G	A
D1_N1	0.00311119204044	2	434	T	C
D1_N1	0.00336758674827	1	266	G	C
D1_N1	0.00382711447601	2	600	T	C
D1_N1	0.00385177856578	2	510	C	T
D1_N1	0.00521951228187	1	674	A	G
D1_N1	0.00552085331133	1	293	C	T
D1_N1	0.00579648777394	2	494	C	T
D1_N1	0.00610179788528	2	674	A	G
D1_N1	0.00634776199169	1	630	A	G
D1_N1	0.00648369710556	1	11	G	A
D1_N1	0.0065181055782	2	344	G	A
D1_N1	0.00662951796193	2	434	C	T
D1_N1	0.00699244802728	1	602	C	A
D1_N1	0.00701489770748	2	398	C	T
D1_N1	0.00727540989578	2	495	C	T
D1_N1	0.00728315833407	1	719	C	G
D1_N1	0.00803333439171	1	179	C	T
D1_N1	0.00811122545589	1	806	A	C
D1_N1	0.00838652071637	2	83	T	C
D1_N1	0.00845892011903	1	614	T	C
D1_N1	0.0085044267574	2	170	T	G
D1_N1	0.00856251140983	1	749	T	C
D1_N1	0.00877808305927	1	341	T	G
D1_N1	0.00879093712628	1	380	T	C
D1_N1	0.00895703622076	2	25	C	T
D1_N1	0.00914587973804	1	233	T	C
D1_N1	0.00919413789778	1	17	C	A
D1_N1	0.00946560692893	1	677	T	C
D1_N1	0.0095001973269	1	116	T	C
D1_N1	0.010803136478	2	263	C	T
D1_N1	0.0114289365578	1	359	C	T
D1_N1	0.0116085308675	2	593	A	G
D1_N1	0.0116670820043	2	221	T	C
D1_N1	0.0116805094978	1	594	C	T
D1_N1	0.0119122445443	2	417	G	A
D1_N1	0.0120807577902	2	629	T	C
D1_N1	0.0125241329995	2	863	T	C
D1_N1	0.0128576768171	2	296	C	T
D1_N1	0.013065762319	2	387	G	A
D1_N1	0.0134826281729	2	530	C	T
D1_N1	0.0135094576	2	98	A	G
D1_N1	0.0137805652412	1	140	G	A
D1_N1	0.013852180706	2	326	A	G
D1_N1	0.0138765266839	1	789	A	T
D1_N1	0.0142543139567	2	857	T	C
D1_N1	0.0142881592442	1	719	G	A
D1_N1	0.0142932414184	2	623	T	C
D1_N1	0.0143859521403	1	89	A	G
D1_N1	0.0143932412993	1	464	A	G
D1_N1	0.0145334692673	2	198	G	C
D1_N1	0.0145738903623	1	36	A	G
D1_N1	0.0146249479937	1	224	A	G
D1_N1	0.0150917753379	1	563	T	C
D1_N1	0.0152586332048	2	278	T	C
D1_N1	0.0155091390126	2	851	T	C
D1_N1	0.0158364665481	2	200	T	C
D1_N1	0.0158370208214	2	773	C	T
D1_N1	0.0158735707563	2	596	T	C
D1_N1	0.0165011409607	2	464	A	G
D1_N1	0.0167868357636	1	470	G	A
D1_N1	0.0171600639225	1	299	T	C
D1_N1	0.0172966254327	2	65	T	C
D1_N1	0.0174830980738	2	458	A	G
D1_N1	0.0179541577178	2	792	G	A
D1_N1	0.0180519314145	1	230	A	G
D1_N1	0.0181213936847	1	317	G	A
D1_N1	0.0182821880117	1	470	A	C
D1_N1	0.018451996496	2	377	G	A
D1_N1	0.0189487383471	2	389	A	G
D1_N1	0.0189624818346	2	152	A	G
D1_N1	0.0189655945576	2	74	A	G
D1_N1	0.0196367102323	1	56	C	T
D1_N1	0.0197105956594	2	65	C	T
D1_N1	0.0208956406859	2	765	A	G
D1_N1	0.0212619020717	2	62	A	G
D1_N1	0.0217093925363	1	74	G	A
D1_N1	0.0217912274329	2	194	A	G
D1_N1	0.0226475184349	2	185	G	A
D1_N1	0.022800747746	2	635	C	T
D1_N1	0.0229484785971	1	98	A	G
D1_N1	0.0230942326969	1	125	T	C
D1_N1	0.0231737876506	2	443	T	C
D1_N1	0.0232162894865	2	14	C	T
N1_castellii	8.66376859615e-06	2	341	G	A
N1_castellii	0.000195983152987	2	98	A	G
N1_castellii	0.00032551989333	2	494	C	T
N1_castellii	0.000573444516703	1	518	G	A
N1_castellii	0.000634756447178	2	65	T	C
N1_castellii	0.0010840714328	1	567	C	A
N1_castellii	0.00244729864714	2	98	G	C
N1_castellii	0.00247707069937	1	98	G	A
N1_castellii	0.0025152271318	1	641	G	A
N1_castellii	0.00286460048726	1	191	C	T
N1_castellii	0.00308437313723	2	245	A	G
N1_castellii	0.00324294142869	1	365	A	C
N1_castellii	0.00372149729799	2	32	C	T
N1_castellii	0.00424402025702	1	431	C	T
N1_castellii	0.00461171098366	2	818	A	G
N1_castellii	0.00495613632262	1	686	T	C
N1_castellii	0.00500996181273	1	149	T	C
N1_castellii	0.00518568843524	2	665	C	T
N1_castellii	0.00528947049929	1	227	G	A
N1_castellii	0.00573637367551	2	98	C	T
N1_castellii	0.0059908044462	2	548	A	G
N1_castellii	0.00599625919319	2	386	C	T
N1_castellii	0.00611554508069	2	203	A	G
N1_castellii	0.00646136857801	1	453	C	T
N1_castellii	0.00655663270881	2	29	T	C
N1_castellii	0.00658465976342	2	770	C	A
N1_castellii	0.00734947229742	2	239	T	C
N1_castellii	0.00736123480656	1	716	T	C
N1_castellii	0.00788976914595	1	575	C	T
N1_castellii	0.00824293886219	2	587	A	G
N1_castellii	0.00843328656098	2	336	A	G
N1_castellii	0.00878310422035	1	617	A	C
N1_castellii	0.00879213930318	2	131	A	G
N1_castellii	0.00910445033868	1	428	G	A
N1_castellii	0.00913899197171	1	387	G	A
N1_castellii	0.00939186050141	2	665	T	C
N1_castellii	0.00941968159569	2	359	C	G
N1_castellii	0.00959064828055	1	251	G	A
N1_castellii	0.00984251056997	2	419	T	C
N1_castellii	0.00995441941231	2	245	G	T
N1_castellii	0.0102768266465	2	182	A	G
N1_castellii	0.0106354252532	1	261	G	A
N1_castellii	0.0116544884315	1	54	G	A
N1_castellii	0.011732333745	1	452	A	G
N1_castellii	0.011733782025	2	182	G	T
N1_castellii	0.0120316471285	1	420	T	C
N1_castellii	0.0123458155933	1	78	G	T
N1_castellii	0.0123955706152	1	716	C	T
N1_castellii	0.0125108361428	2	683	C	G
N1_N2	0.000155103090885	2	95	G	A
N1_N2	0.000506175545813	2	383	G	A
N1_N2	0.000512473056971	2	95	A	G
N1_N2	0.000859013301507	2	266	G	A
N1_N2	0.000887220649571	2	707	T	C
N1_N2	0.00160772071306	1	575	C	T
N1_N2	0.0022420869199	2	62	G	A
N1_N2	0.00317079247137	1	602	A	G
N1_N2	0.00381315850368	1	344	G	A
N1_N2	0.00395469471597	1	647	A	G
N1_N2	0.00461716780379	1	497	C	T
N1_N2	0.00475938761718	1	689	C	T
N1_N2	0.00479521904456	2	242	A	G
N1_N2	0.00489293996673	2	483	T	G
N1_N2	0.00550302301529	1	239	T	G
N1_N2	0.00569148365781	1	383	G	A
N1_N2	0.00587578121471	1	272	T	C
N1_N2	0.00593843057307	1	3	G	A
N1_N2	0.00618794196325	1	173	C	T
N1_N2	0.00723578316696	1	287	G	A
N1_N2	0.00762181418583	1	653	A	G
N1_N2	0.00778585480777	1	410	C	T
N1_N2	0.00784879184642	2	236	A	G
N1_N2	0.00786507888235	2	255	A	G
N1_N2	0.00793604097885	1	200	T	C
N1_N2	0.00797277961506	2	728	T	C
N1_N2	0.00842120910682	1	260	T	G
N1_N2	0.00864211908974	2	143	A	G
N1_N2	0.00887854602139	2	14	C	T
N1_N2	0.00928909114199	2	624	T	C
N1_N2	0.00929362703036	2	392	A	G
N1_N2	0.00930562090887	1	353	T	C
N1_N2	0.00936283965008	1	21	C	A
N1_N2	0.00944128246664	1	248	G	A
N1_N2	0.0094988974397	1	522	T	C
N1_N2	0.00981739592729	1	425	G	A
N1_N2	0.0102369007082	1	119	G	T
N1_N2	0.0102845555909	1	326	A	G
N1_N2	0.01078565938	2	185	G	A
N1_N2	0.0109027486601	1	92	C	T
N1_N2	0.0113695625241	1	308	A	G
N1_N2	0.0114726483349	1	386	C	T
N1_N2	0.0118474718684	2	29	T	A
N1_N2	0.0123802144269	2	764	C	T
N1_N2	0.0124284210568	1	644	G	A
N1_N2	0.0125399788426	2	48	T	C
N1_N2	0.0126665442799	2	755	C	T
N1_N2	0.0127305777131	1	816	T	C
N1_N2	0.0129941753398	2	681	C	T
N1_N2	0.013154796544	2	632	A	G
N1_N2	0.0131557370238	1	848	A	G
N1_N2	0.0131623433874	2	728	C	T
N1_N2	0.0131969822275	2	308	A	G
N1_N2	0.0132907787016	2	330	A	T
N1_N2	0.0134028397465	2	800	C	T
N2_bayanus	0.000361582157387	2	839	C	T
N2_bayanus	0.00101923814746	1	338	A	G
N2_bayanus	0.00139800074127	2	242	G	A
N2_bayanus	0.00157878483287	1	140	A	G
N2_bayanus	0.00193150919674	2	173	C	T
N2_bayanus	0.00194116944991	2	269	T	C
N2_bayanus	0.00196824598392	1	35	A	G
N2_bayanus	0.00227954597229	2	233	T	A
N2_bayanus	0.00233520120933	1	812	C	T
N2_bayanus	0.00238157286056	2	236	G	A
N2_bayanus	0.00243486653817	2	389	G	A
N2_bayanus	0.00245583008746	1	149	T	C
N2_bayanus	0.00276653518985	2	563	T	C
N2_N3	3.04354942672e-05	2	821	C	A
N2_N3	3.48362181058e-05	1	233	T	C
N2_N3	0.000602821602932	1	545	T	C
N2_N3	0.000902095321433	1	611	A	G
N2_N3	0.00109228963897	1	179	T	G
N2_N3	0.0012224446711	2	794	T	G
N2_N3	0.00138200194994	2	245	A	G
N2_N3	0.00156837498092	1	404	T	C
N2_N3	0.00158343147989	1	173	T	C
N2_N3	0.00158423148277	2	5	C	T
N2_N3	0.00184257836942	2	526	T	C
N2_N3	0.00227637791212	2	740	A	G
N3_kudriavzevii	0.000129206290813	2	197	A	G
N3_kudriavzevii	0.000382128619956	2	149	T	C
N3_kudriavzevii	0.000460820725744	2	842	C	T
N3_kudriavzevii	0.000834247560321	1	287	A	C
N3_kudriavzevii	0.00112508996498	2	428	G	A
N3_kudriavzevii	0.0011706513538	1	608	C	A
N3_kudriavzevii	0.00124127013656	2	77	C	T
N3_kudriavzevii	0.00139021388015	2	47	A	G
N3_kudriavzevii	0.00155111379337	1	353	C	T
N3_kudriavzevii	0.00179857544643	2	587	A	G
N3_kudriavzevii	0.00184888246606	2	356	G	A
N3_kudriavzevii	0.00213929046018	2	206	C	A
N3_kudriavzevii	0.00219999187037	2	714	C	T
N3_kudriavzevii	0.00224259241853	1	743	G	A
N3_kudriavzevii	0.00303297435979	1	84	A	G
N3_kudriavzevii	0.00314183632519	2	440	A	G
N3_kudriavzevii	0.00317717358876	2	551	G	A
N3_kudriavzevii	0.00326340249199	2	611	A	G
N3_kudriavzevii	0.00335874214769	1	311	T	C
N3_kudriavzevii	0.0034742218262	2	710	C	T
N3_kudriavzevii	0.00360918768402	2	257	G	A
N3_kudriavzevii	0.00369883232594	1	362	T	A
N3_kudriavzevii	0.00370541223296	2	587	G	T
N3_kudriavzevii	0.00406294262568	2	95	G	A
N3_kudriavzevii	0.00454776611401	2	170	G	A
N3_kudriavzevii	0.00462766022306	1	83	C	T
N3_kudriavzevii	0.00468482780735	1	672	G	A
N3_kudriavzevii	0.0053589028546	2	812	C	T
N3_kudriavzevii	0.0055202014071	1	146	T	A
N3_kudriavzevii	0.00609971780861	2	420	T	C
N3_kudriavzevii	0.00695814021837	1	519	A	G
N3_kudriavzevii	0.00698178640033	1	74	G	A
N3_kudriavzevii	0.00733448040975	2	509	C	T
N3_kudriavzevii	0.0077649172291	2	176	A	G
N3_kudriavzevii	0.00805317119645	1	291	G	A
N3_kudriavzevii	0.00805510439897	1	107	C	T
N3_kudriavzevii	0.00810936734391	2	431	C	T
N3_kudriavzevii	0.00824473083123	2	324	A	C
N3_N4	4.20924174879e-05	2	404	T	C
N3_N4	5.515174465e-05	2	305	A	G
N3_N4	0.0001547905936	1	848	G	A
N3_N4	0.000843197976089	2	780	T	C
N3_N4	0.00103948494784	2	362	T	C
N3_N4	0.00155139823335	2	162	T	G
N3_N4	0.00178023883331	2	707	C	A
N3_N4	0.00237628140648	1	605	T	C
N4_mikatae	0.000145956173945	1	29	T	C
N4_mikatae	0.000444661611296	1	245	A	G
N4_mikatae	0.000919983423118	2	182	A	G
N4_mikatae	0.000932324428612	1	239	G	A
N4_mikatae	0.00144567128319	1	491	G	A
N4_mikatae	0.0017944602026	2	840	C	T
N4_mikatae	0.00200931180692	1	353	T	C
N4_mikatae	0.00238119318451	1	56	C	T
N4_mikatae	0.00262153589221	2	89	A	G
N4_mikatae	0.00268142542915	2	560	A	G
N4_mikatae	0.00273060366083	1	629	C	T
N4_mikatae	0.0031685412513	2	740	G	A
N4_mikatae	0.0032307667376	1	621	A	G
N4_mikatae	0.00336305266683	1	101	T	A
N4_mikatae	0.00344758302948	1	149	T	C
N4_mikatae	0.00377004171864	1	656	C	T
N4_mikatae	0.0044760131621	2	497	C	T
N4_mikatae	0.00452805164514	1	722	C	T
N4_mikatae	0.00456756340093	2	158	T	C
N4_mikatae	0.00481034475107	2	653	G	A
N4_mikatae	0.00535591479248	2	506	C	T
N4_mikatae	0.0055714256643	1	55	C	T
N4_mikatae	0.0057383644746	2	701	T	C
N4_mikatae	0.00620858448291	2	350	C	T
N4_mikatae	0.00679200405522	1	836	T	C
N4_mikatae	0.00703641961401	1	170	T	C
N4_mikatae	0.00721750945249	1	773	T	C
N4_mikatae	0.00739123023923	1	659	T	C
N4_mikatae	0.00748439076979	1	621	G	A
N4_N5	0.000316059145793	2	437	A	G
N4_N5	0.00045733303084	2	72	G	A
N4_N5	0.000771631915541	1	611	G	A
N4_N5	0.000919460062577	2	428	G	C
N4_N5	0.00108419280492	2	569	T	A
N4_N5	0.00124660235171	2	73	C	T
N5_paradoxus	0.000198846120383	2	479	T	C
N5_paradoxus	0.000235321994425	1	110	T	C
N5_paradoxus	0.000289151787131	2	51	A	G
N5_paradoxus	0.00043422646249	1	533	G	A
N5_paradoxus	0.0012946131292	2	96	C	T
N5_paradoxus	0.00145874080381	1	95	G	A
N5_paradoxus	0.00151469838681	2	332	G	A
N5_paradoxus	0.00173662978115	2	668	T	C
N5_paradoxus	0.00178112290122	2	710	C	G
N5_paradoxus	0.00187880666289	2	5	T	C
N5_cerevisiae	6.74290573669e-06	1	29	T	C
N5_cerevisiae	0.000161442354973	1	206	C	T
N5_cerevisiae	0.000264960330521	1	267	G	A
N5_cerevisiae	0.000416772533448	1	338	A	G
N5_cerevisiae	0.000590923555211	1	528	G	A
N5_cerevisiae	0.000959018128139	1	282	A	C
N5_cerevisiae	0.0010025713989	2	576	T	C
N5_cerevisiae	0.00126609116097	1	111	T	C
