edge	time	mut_orlg	mut_pos	old_state	new_state
N0_kluyveri	0.00475316156598	0	32	T	G
N0_kluyveri	0.00562127581245	0	101	T	C
N0_kluyveri	0.0058488779469	0	334	G	C
N0_kluyveri	0.00725561331977	0	203	C	T
N0_D1	0.000241363822502	0	416	C	T
D1_N1	0.000455014707734	2	89	C	T
D1_N1	0.000549954641266	1	58	G	T
D1_N1	0.00197513487245	1	107	T	A
D1_N1	0.00224239009304	1	414	T	C
D1_N1	0.0022726368373	1	356	A	G
D1_N1	0.00238425714114	1	17	T	C
D1_N1	0.00305864027833	1	461	T	C
D1_N1	0.00341600103168	1	95	G	A
D1_N1	0.00407807717557	1	206	G	C
D1_N1	0.00418400053635	2	104	T	C
D1_N1	0.0047715013428	1	439	A	G
D1_N1	0.00489981149283	2	191	T	C
D1_N1	0.00499302878737	2	480	T	A
D1_N1	0.00525033091804	1	14	T	G
D1_N1	0.00535489675851	1	224	C	T
D1_N1	0.00550743542457	2	209	A	G
D1_N1	0.00582242879665	2	158	G	T
D1_N1	0.00607708831606	1	14	G	C
D1_N1	0.00612169943972	2	221	G	A
D1_N1	0.00620825017286	2	335	T	C
D1_N1	0.00632398561359	1	239	A	G
D1_N1	0.0064972493378	2	408	G	A
D1_N1	0.00697595940507	1	123	T	G
D1_N1	0.00785961270667	2	332	T	C
D1_N1	0.00892176453186	1	392	C	A
D1_N1	0.00977464081163	2	459	G	T
N1_castellii	0.00014884295802	2	323	T	C
N1_castellii	0.000902986897416	2	35	C	T
N1_castellii	0.000950967261809	1	395	G	C
N1_castellii	0.000983189402108	1	475	G	A
N1_castellii	0.00110358707762	2	104	C	T
N1_castellii	0.00198054135794	2	167	T	C
N1_castellii	0.00208300881391	1	134	A	G
N1_castellii	0.00219558388417	2	167	C	G
N1_castellii	0.00220002308833	1	11	T	C
N1_castellii	0.00225696652277	1	135	C	T
N1_castellii	0.00228498869791	2	18	A	G
N1_castellii	0.00303929065643	1	20	A	G
N1_castellii	0.00344453185758	1	227	G	C
N1_castellii	0.0042069631352	2	5	G	A
N1_castellii	0.00486255863007	2	359	G	T
N1_castellii	0.00494634685978	1	110	C	T
N1_castellii	0.00721006462669	1	350	C	T
N1_castellii	0.00768418731449	2	230	T	C
N1_castellii	0.00883134805445	1	314	C	T
N1_castellii	0.0088712163589	1	422	T	C
N1_castellii	0.00917971447761	2	434	T	C
N1_N2	4.23328164913e-05	1	56	C	T
N1_N2	0.00088338021248	2	260	C	T
N1_N2	0.00179401631401	1	14	C	G
N1_N2	0.00230283411609	2	5	G	A
N1_N2	0.00258245447481	2	483	T	G
N1_N2	0.00279373661217	2	483	G	A
N1_N2	0.00322918814971	1	428	A	G
N1_N2	0.00341505544373	1	143	T	A
N1_N2	0.00371098260406	2	345	T	C
N1_N2	0.00390325473808	1	56	T	C
N1_N2	0.00445823090498	1	179	C	T
N1_N2	0.00457638201616	1	344	C	T
N1_N2	0.00535207157942	2	313	C	G
N1_N2	0.00626904082852	1	218	G	A
N1_N2	0.00660818620759	2	413	G	A
N1_N2	0.00680641357405	2	287	T	C
N1_N2	0.0071436556716	2	389	G	A
N1_N2	0.00834096638819	1	446	T	C
N1_N2	0.00844864403957	1	470	T	C
N1_N2	0.00854042162665	1	401	A	G
N1_N2	0.00893117046701	2	119	C	T
N1_N2	0.0089711055664	2	35	C	T
N1_N2	0.008980875985	2	179	C	T
N1_N2	0.00922369492639	1	467	C	T
N1_N2	0.00934541467213	2	110	C	A
N1_N2	0.00995695081229	2	383	C	T
N2_bayanus	0.000217581111394	2	386	A	C
N2_bayanus	0.00166178467638	1	215	C	G
N2_bayanus	0.00242532192542	1	398	G	A
N2_bayanus	0.00510094720003	2	485	G	A
N2_bayanus	0.00510738205173	2	74	G	T
N2_bayanus	0.00575031000727	1	418	T	G
N2_bayanus	0.00603410816103	2	194	A	T
N2_bayanus	0.00698795391746	1	251	A	G
N2_bayanus	0.00708504562968	2	152	A	G
N2_bayanus	0.00809686010882	2	437	C	T
N2_bayanus	0.00829802448641	2	407	A	G
N2_bayanus	0.00875853494622	1	209	A	G
N2_bayanus	0.00893345842897	2	441	C	T
N2_bayanus	0.00941594825527	2	136	T	C
N2_N3	0.000562489436633	2	371	G	T
N2_N3	0.00138268986296	1	65	T	C
N2_N3	0.00171637886324	2	2	G	A
N2_N3	0.00303338986668	1	316	A	G
N2_N3	0.003298717514	2	479	C	T
N2_N3	0.00334802484436	1	68	G	C
N2_N3	0.00339525259214	2	485	G	A
N2_N3	0.00367600010717	1	392	A	G
N2_N3	0.00631022826969	2	431	T	C
N2_N3	0.00795809954298	1	14	G	C
N2_N3	0.00874781051064	2	314	C	T
N2_N3	0.00910416379783	1	470	C	T
N2_N3	0.00959639151396	1	180	A	G
N2_N3	0.00981417664177	2	356	A	G
N2_N3	0.0099682359715	1	464	A	C
N2_N3	0.00999302262171	2	215	C	T
N3_kudriavzevii	8.21521097861e-05	2	5	G	A
N3_kudriavzevii	0.000259034177949	2	380	A	G
N3_kudriavzevii	0.000711292712134	2	458	C	T
N3_kudriavzevii	0.00114319371142	2	315	C	A
N3_kudriavzevii	0.0013000811321	1	416	T	G
N3_kudriavzevii	0.00167700920032	1	99	A	G
N3_kudriavzevii	0.00212227077231	1	427	T	C
N3_kudriavzevii	0.0029437251908	1	44	C	G
N3_kudriavzevii	0.00316021542238	2	217	G	A
N3_kudriavzevii	0.00320677853825	2	173	G	A
N3_kudriavzevii	0.00364916082374	2	266	C	G
N3_kudriavzevii	0.00385020974243	2	193	A	G
N3_kudriavzevii	0.00392367862076	1	179	T	C
N3_kudriavzevii	0.00405659642228	2	383	T	C
N3_kudriavzevii	0.00427116756925	2	140	G	C
N3_kudriavzevii	0.00501094353422	2	449	T	C
N3_kudriavzevii	0.00548836348506	2	407	A	C
N3_kudriavzevii	0.00561271691038	2	488	T	C
N3_kudriavzevii	0.00561298292657	1	383	C	T
N3_kudriavzevii	0.00618947436169	2	209	G	A
N3_kudriavzevii	0.0068569888782	1	461	C	G
N3_kudriavzevii	0.00688536887841	1	305	A	T
N3_kudriavzevii	0.00719548714701	1	149	A	G
N3_kudriavzevii	0.00740845569972	1	293	A	T
N3_kudriavzevii	0.00752276637364	2	152	A	T
N3_kudriavzevii	0.00795012156237	2	306	T	C
N3_kudriavzevii	0.0082286958469	1	170	A	G
N3_kudriavzevii	0.00897730381006	1	50	T	C
N3_kudriavzevii	0.00937714489674	2	203	C	G
N3_kudriavzevii	0.00937776564761	1	188	C	T
N3_N4	0.000305609662163	1	396	T	A
N3_N4	0.000722460440092	2	407	A	G
N3_N4	0.00146907434924	2	386	A	G
N3_N4	0.00199979678244	2	340	G	A
N3_N4	0.00254840349999	2	175	G	C
N3_N4	0.0025848884286	1	434	T	C
N3_N4	0.0025946057235	2	188	C	T
N3_N4	0.00273870869761	2	330	A	G
N3_N4	0.00274563256302	1	425	A	G
N3_N4	0.00298989349476	2	113	A	G
N3_N4	0.00346720012077	2	222	A	G
N3_N4	0.00364349021204	1	104	T	G
N3_N4	0.00366223457624	2	296	T	C
N3_N4	0.00372204835218	2	58	G	A
N3_N4	0.00487583720173	1	265	T	G
N3_N4	0.00541021845443	1	491	A	G
N3_N4	0.00549363282754	1	40	C	T
N3_N4	0.0059536042315	2	62	T	C
N3_N4	0.00615010266239	1	71	G	A
N3_N4	0.00660363410093	2	411	T	C
N3_N4	0.00702915232041	2	203	C	A
N3_N4	0.00721887895576	1	359	G	A
N3_N4	0.00726821085206	1	449	T	A
N3_N4	0.00749234374392	1	395	G	A
N3_N4	0.00759194724846	2	434	T	C
N3_N4	0.0080265046329	2	233	G	A
N3_N4	0.00885607213723	2	353	C	T
N4_mikatae	7.10440863297e-05	1	299	A	T
N4_mikatae	0.00020889011925	2	167	T	A
N4_mikatae	0.00246008507321	1	95	A	G
N4_mikatae	0.00262540922409	1	401	G	T
N4_mikatae	0.00323168737468	1	455	C	T
N4_mikatae	0.00371747815144	1	121	T	A
N4_mikatae	0.00448948344118	2	269	T	C
N4_mikatae	0.0045423425077	2	272	G	A
N4_mikatae	0.00514849502736	1	347	A	T
N4_mikatae	0.00524187049571	1	417	G	A
N4_mikatae	0.0053934715177	1	437	C	G
N4_mikatae	0.00690495609553	1	287	T	G
N4_mikatae	0.00701516445986	1	294	A	T
N4_mikatae	0.0096744036981	1	434	C	T
N4_N5	0.000166767299042	1	113	A	G
N4_N5	0.000439842558599	2	128	T	C
N4_N5	0.000775470766506	1	125	A	G
N4_N5	0.000837218719136	1	47	G	A
N4_N5	0.000903221762058	2	368	A	T
N4_N5	0.00129834231379	1	131	G	T
N4_N5	0.00179882310668	2	56	C	T
N4_N5	0.00212563764506	2	203	A	G
N4_N5	0.0023082710398	1	337	A	G
N4_N5	0.00248029402395	1	302	C	T
N4_N5	0.0028187079975	2	143	T	C
N4_N5	0.003153137496	2	104	C	T
N4_N5	0.00423091924591	1	401	G	A
N4_N5	0.00485013852633	1	482	T	A
N4_N5	0.00502595666341	2	278	T	C
N4_N5	0.00601792113011	2	188	T	C
N4_N5	0.00642010621889	2	443	G	A
N4_N5	0.00751684511376	2	197	G	T
N4_N5	0.00768716619057	1	362	T	A
N4_N5	0.00788952534181	1	392	G	A
N4_N5	0.0084806881264	2	17	T	C
N4_N5	0.00929522449038	1	284	G	A
N4_N5	0.00935035465216	2	412	C	A
N4_N5	0.0096465452852	1	359	G	A
N4_N5	0.00970608453214	2	287	C	G
N4_N5	0.00981528432349	1	446	C	T
N5_paradoxus	0.00092929096104	2	443	A	G
N5_paradoxus	0.00124188689531	2	44	C	T
N5_paradoxus	0.00154345627217	2	93	T	C
N5_paradoxus	0.00232199096895	1	428	G	A
N5_paradoxus	0.00237427351297	2	119	T	C
N5_paradoxus	0.00243612992364	2	347	A	G
N5_paradoxus	0.00265260369759	2	344	C	T
N5_paradoxus	0.00289002501394	1	335	T	A
N5_paradoxus	0.00356311064954	2	394	G	A
N5_paradoxus	0.00421678498143	2	307	C	A
N5_paradoxus	0.00523162041916	1	402	T	C
N5_paradoxus	0.00526699897449	2	5	G	A
N5_paradoxus	0.00536186310818	1	180	G	A
N5_paradoxus	0.00540024741034	1	146	A	G
N5_paradoxus	0.00544836920091	2	232	C	A
N5_paradoxus	0.00581935157182	1	176	A	G
N5_paradoxus	0.00648632943342	2	230	T	A
N5_paradoxus	0.00705851247247	2	215	T	C
N5_paradoxus	0.00789697321379	1	203	C	T
N5_paradoxus	0.0086875184076	1	368	A	C
N5_paradoxus	0.00902362205262	1	209	A	G
N5_cerevisiae	0.000710941958781	1	245	A	G
N5_cerevisiae	0.000793076893842	2	440	T	C
N5_cerevisiae	0.0010159989878	2	349	C	A
N5_cerevisiae	0.00118330012167	2	20	A	T
N5_cerevisiae	0.0019168122572	1	72	T	C
N5_cerevisiae	0.00205030570219	1	419	T	C
N5_cerevisiae	0.00318128544181	1	94	T	C
N5_cerevisiae	0.00439652491225	2	214	T	A
N5_cerevisiae	0.0046380168194	2	464	A	T
N5_cerevisiae	0.00464035714432	1	14	C	G
N5_cerevisiae	0.00548888182833	2	257	A	G
N5_cerevisiae	0.00554232704032	1	104	G	C
N5_cerevisiae	0.00566935542822	2	215	T	C
N5_cerevisiae	0.00709546840569	1	251	A	G
N5_cerevisiae	0.00731484192354	2	489	G	A
N5_cerevisiae	0.00735879949208	1	351	C	A
N5_cerevisiae	0.00740841413256	1	374	T	C
N5_cerevisiae	0.00775136593525	2	304	A	G
N5_cerevisiae	0.00786168244013	1	149	A	G
N5_cerevisiae	0.00812679342381	1	215	C	A
N5_cerevisiae	0.00832241395099	2	145	G	A
N5_cerevisiae	0.00873401003809	1	165	G	A
N5_cerevisiae	0.00878449700205	1	431	T	G
