edge	time	orlg_from	orlg_to	tract_length	start_pos	stop_pos	num_diff	template_seq	overide_seq
D1_N1	0.00195924596753	2	1	1	165	165	0	C	C
D1_N1	0.0372636826514	2	1	1	54	54	0	C	C
D1_N1	0.0382019894381	1	2	1	122	122	0	A	A
D1_N1	0.0490406415605	1	2	1	62	62	0	T	T
D1_N1	0.0501362180479	2	1	1	59	59	0	T	T
D1_N1	0.050880697698	2	1	1	139	139	0	T	T
D1_N1	0.0542287454182	2	1	1	75	75	0	A	A
D1_N1	0.0607226029407	1	2	1	120	120	0	G	G
D1_N1	0.0617933021904	1	2	1	176	176	0	T	T
D1_N1	0.0664075578442	2	1	1	49	49	0	T	T
D1_N1	0.0732041735365	1	2	1	168	168	0	A	A
D1_N1	0.0742256003231	1	2	1	102	102	0	G	G
D1_N1	0.074528832805	1	2	1	85	85	0	G	G
D1_N1	0.0758943144913	2	1	1	106	106	0	C	C
D1_N1	0.076440622479	1	2	1	38	38	1	A	C
D1_N1	0.0937644853813	2	1	1	55	55	1	A	G
D1_N1	0.0987150127909	1	2	1	182	182	0	G	G
D1_N1	0.105555962565	1	2	1	70	70	0	T	T
D1_N1	0.111728723833	1	2	1	192	192	0	T	T
D1_N1	0.116619923183	2	1	1	164	164	0	T	T
D1_N1	0.116965254606	2	1	1	13	13	0	A	A
D1_N1	0.118487104247	2	1	1	174	174	0	C	C
D1_N1	0.12874898405	1	2	1	2	2	0	T	T
D1_N1	0.132938647847	2	1	1	49	49	0	T	T
D1_N1	0.133688950763	1	2	1	99	99	1	T	A
D1_N1	0.134521560469	2	1	1	60	60	0	A	A
D1_N1	0.137394168212	1	2	1	163	163	0	T	T
D1_N1	0.139278307554	2	1	1	183	183	0	T	T
D1_N1	0.144683147964	2	1	1	179	179	0	A	A
D1_N1	0.162292005283	2	1	1	84	84	0	T	T
D1_N1	0.168563495366	1	2	1	118	118	1	T	C
D1_N1	0.171547528679	2	1	1	142	142	0	T	T
D1_N1	0.18864318401	2	1	1	185	185	1	C	A
D1_N1	0.201062053261	1	2	1	143	143	0	G	G
D1_N1	0.215115309279	1	2	1	103	103	1	T	A
N1_N2	0.00568004904125	1	2	1	41	41	1	T	G
N1_N2	0.0124737827017	1	2	1	111	111	0	T	T
N1_N2	0.0128850408824	2	1	1	81	81	0	T	T
N2_N3	0.00357696106307	1	2	1	11	11	0	C	C
N3_N4	0.00777167520879	1	2	1	129	129	0	G	G
N3_N4	0.00864604879179	1	2	1	37	37	0	A	A
N4_Human	0.00658652339052	2	1	1	171	171	0	A	A
N4_Human	0.00978375643304	1	2	1	193	193	0	A	A
N4_Chimp	0.00212849125477	2	1	1	22	22	0	C	C
N3_Goril	0.00144908367353	2	1	1	135	135	0	C	C
N3_Goril	0.00723620731582	1	2	1	86	86	0	G	G
N3_Goril	0.010969900351	1	2	1	156	156	0	G	G
N3_Goril	0.0112268026249	1	2	1	2	2	0	T	T
N3_Goril	0.0147697452354	2	1	1	78	78	1	T	C
N3_Goril	0.0192751599636	2	1	1	135	135	0	C	C
N2_Orang	0.00314348468276	2	1	1	12	12	0	A	A
N2_Orang	0.00872262547475	2	1	1	73	73	1	C	T
N2_Orang	0.0138609252733	1	2	1	157	157	1	A	T
N2_Orang	0.0156902835374	2	1	1	131	131	0	T	T
N2_Orang	0.017341046191	1	2	1	176	176	0	T	T
N1_Macaq	0.0258186639863	2	1	1	24	24	0	C	C
N1_Macaq	0.0415937686685	2	1	1	14	14	1	T	G
