edge	time	orlg_from	orlg_to	tract_length	start_pos	stop_pos	num_diff	template_seq	overide_seq
D1_N1	0.000247657134353	1	2	1	732	732	0	T	T
D1_N1	0.00276420161407	2	1	1	762	762	0	G	G
D1_N1	0.00962943505948	1	2	1	632	632	0	A	A
N1_castellii	0.000305503952799	1	2	1	630	630	0	G	G
N1_castellii	0.00372303036487	2	1	1	667	667	0	G	G
N1_castellii	0.00380272093206	1	2	1	42	42	0	C	C
N1_castellii	0.00894207224205	1	2	1	642	642	0	A	A
N1_castellii	0.00937578305044	2	1	1	852	852	0	G	G
N1_N2	0.000789061274888	2	1	1	485	485	0	A	A
N1_N2	0.00245658083939	2	1	1	523	523	0	C	C
N1_N2	0.00450003230317	2	1	1	789	789	0	A	A
N1_N2	0.00520479785464	1	2	1	38	38	0	G	G
N1_N2	0.00625006335587	2	1	1	608	608	0	C	C
N1_N2	0.00804656476159	2	1	1	221	221	0	G	G
N1_N2	0.00832633658945	1	2	1	82	82	0	T	T
N1_N2	0.00961275459005	1	2	1	811	811	0	T	T
N2_bayanus	0.00368400490984	2	1	1	249	249	0	A	A
N2_bayanus	0.00774592628162	1	2	1	700	700	0	C	C
N2_N3	0.00218189072256	2	1	1	866	866	1	C	A
N2_N3	0.00472126959716	2	1	1	350	350	0	G	G
N3_kudriavzevii	0.00343145017482	2	1	1	187	187	0	C	C
N3_kudriavzevii	0.00393946171193	2	1	1	69	69	0	C	C
N3_kudriavzevii	0.00537237474096	2	1	1	116	116	0	G	G
N3_N4	0.0042730699542	2	1	1	620	620	0	C	C
N3_N4	0.0047478732628	2	1	1	263	263	0	A	A
N3_N4	0.00577614953214	1	2	1	96	96	0	C	C
N3_N4	0.00640532708724	1	2	1	545	545	0	T	T
N3_N4	0.00668851129709	2	1	1	119	119	0	A	A
N4_mikatae	0.000139453738632	1	2	1	188	188	1	A	T
N4_mikatae	0.00144040921526	1	2	1	281	281	0	G	G
N4_mikatae	0.00148943229711	1	2	1	78	78	0	C	C
N4_mikatae	0.00476449759475	1	2	1	834	834	1	A	C
N4_mikatae	0.0054986486862	2	1	1	112	112	0	A	A
N4_mikatae	0.00813686385103	2	1	1	677	677	0	G	G
N4_mikatae	0.00850591708718	2	1	1	355	355	0	T	T
N4_N5	0.000197296382865	1	2	1	16	16	0	C	C
N4_N5	0.00946586906491	1	2	1	107	107	0	G	G
N5_paradoxus	0.00111447780758	2	1	1	212	212	0	T	T
N5_paradoxus	0.00124123924464	1	2	1	420	420	0	C	C
N5_paradoxus	0.00467657595945	1	2	1	766	766	0	A	A
N5_paradoxus	0.00878952259893	2	1	1	465	465	1	A	C
N5_cerevisiae	0.00322466440336	1	2	1	503	503	0	A	A
N5_cerevisiae	0.005130577829	1	2	1	581	581	1	C	T
N5_cerevisiae	0.00714820967433	1	2	1	789	789	0	A	A
N5_cerevisiae	0.00917747306844	2	1	1	867	867	0	A	A
