edge	time	mut_orlg	mut_pos	old_state	new_state
N0_D1	0.00807119855006	0	126	G	A
N0_D1	0.0242683697531	0	110	G	C
N0_D1	0.0316274948789	0	142	G	A
N0_D1	0.0318933402242	0	143	G	T
N0_D1	0.0390134661373	0	129	G	A
N0_D1	0.0424640708756	0	3	T	C
N0_D1	0.0429669492283	0	192	G	A
N0_D1	0.0435076499951	0	27	C	A
N0_D1	0.0448678950943	0	92	T	A
N0_D1	0.0471033925938	0	9	T	G
D1_N1	0.00288974298514	2	40	C	G
D1_N1	0.0103621738915	1	42	G	A
D1_N1	0.0124238166576	2	65	T	G
D1_N1	0.0141492591508	2	106	G	A
D1_N1	0.0151865217743	2	76	C	T
D1_N1	0.0164050266671	2	1	G	C
D1_N1	0.0165017176338	1	27	A	G
D1_N1	0.0223022723835	2	84	G	A
D1_N1	0.0278034240538	1	44	T	C
D1_N1	0.0297745603047	2	25	A	C
D1_N1	0.0317192325538	1	70	C	A
D1_N1	0.0332454006615	1	42	A	G
D1_N1	0.0334885582213	1	128	T	G
D1_N1	0.0356834445249	2	109	G	A
D1_N1	0.0367791874386	2	69	T	A
D1_N1	0.0406021040633	2	100	G	A
D1_N1	0.0421043090931	2	176	G	C
D1_N1	0.0499016045262	1	24	C	A
D1_N1	0.0499289127282	2	63	A	G
D1_N1	0.0522909232365	1	123	A	C
D1_N1	0.0561164964862	2	103	C	A
D1_N1	0.0644015931949	1	71	A	G
D1_N1	0.065205928018	2	136	C	T
D1_N1	0.0680944386042	2	91	C	T
D1_N1	0.0704876469681	2	112	T	G
D1_N1	0.0706749669873	2	167	C	T
D1_N1	0.0746034427892	2	110	C	G
D1_N1	0.0791579388335	2	32	G	T
D1_N1	0.0811500900465	2	18	G	A
D1_N1	0.0846347454489	1	3	C	T
D1_N1	0.0863428088392	1	26	C	T
D1_N1	0.0889024817361	1	77	T	C
D1_N1	0.0897766809398	1	54	A	C
D1_N1	0.0903206007071	2	58	A	T
D1_N1	0.0927680480626	2	88	C	A
D1_N1	0.0952755381685	2	4	G	A
D1_N1	0.0962521036149	1	137	T	A
D1_N1	0.0965241438194	1	79	T	A
D1_N1	0.0980798261547	2	180	A	G
D1_N1	0.100156147395	2	155	A	G
D1_N1	0.101339969688	2	100	A	G
D1_N1	0.101769847359	1	122	C	A
D1_N1	0.104601670154	1	2	C	T
D1_N1	0.104952627115	1	130	T	A
D1_N1	0.108124934638	2	43	A	G
D1_N1	0.110454700438	1	65	T	G
D1_N1	0.111427830031	1	9	G	T
D1_N1	0.114043628893	1	187	A	G
D1_N1	0.117621648993	2	191	T	C
D1_N1	0.117726760746	1	6	T	A
D1_N1	0.121911696128	2	140	G	T
D1_N1	0.123102003842	2	86	C	G
D1_N1	0.124472106786	2	19	A	T
D1_N1	0.12514967192	1	57	T	G
D1_N1	0.128514413957	2	75	A	C
D1_N1	0.130513140369	2	157	C	T
D1_N1	0.133855000923	1	9	T	A
D1_N1	0.134402669716	2	101	C	T
D1_N1	0.134529565355	2	12	T	C
D1_N1	0.136264153618	2	16	A	T
D1_N1	0.137551145803	1	94	A	G
D1_N1	0.138237276837	1	150	G	A
D1_N1	0.140100829841	2	56	T	C
D1_N1	0.141112848913	2	22	C	T
D1_N1	0.141142029269	1	169	A	G
D1_N1	0.142440186753	1	153	T	C
D1_N1	0.147032276234	2	172	T	G
D1_N1	0.147088254208	2	146	C	G
D1_N1	0.150526397414	1	22	C	T
D1_N1	0.152724554678	1	181	C	T
D1_N1	0.153057077744	2	79	T	A
D1_N1	0.154239992431	2	152	T	G
D1_N1	0.157206326306	1	17	G	C
D1_N1	0.160321055801	2	186	A	G
D1_N1	0.160460437023	1	165	C	G
D1_N1	0.161423214675	2	75	C	G
D1_N1	0.167626390077	2	177	G	T
D1_N1	0.167955126986	2	150	G	A
D1_N1	0.169102809314	2	108	C	T
D1_N1	0.174317713845	2	45	A	C
D1_N1	0.18184094411	2	180	G	A
D1_N1	0.190374061039	1	9	A	G
D1_N1	0.191518176609	2	11	G	A
D1_N1	0.192241049626	1	83	A	T
D1_N1	0.193398164349	2	113	A	G
D1_N1	0.193728006787	2	144	G	C
D1_N1	0.19459347643	2	109	A	C
D1_N1	0.198601931379	2	179	A	G
D1_N1	0.199699245102	2	24	C	A
D1_N1	0.202965925009	1	139	G	A
D1_N1	0.20314864365	2	57	T	C
D1_N1	0.206321212654	1	60	T	G
D1_N1	0.206752827347	1	100	G	A
D1_N1	0.207279398004	1	59	T	C
D1_N1	0.209396834544	1	190	T	C
D1_N1	0.211093904564	2	149	C	G
D1_N1	0.211231870673	1	149	C	T
D1_N1	0.211274686686	2	145	A	T
D1_N1	0.211307398592	1	22	T	C
N1_N2	0.00765998097558	2	15	T	C
N1_N2	0.00967232582619	1	117	A	T
N1_N2	0.0181037719141	1	106	G	T
N3_N4	0.00220386822167	2	139	G	T
N4_Human	0.00164826733066	2	27	A	T
N4_Human	0.00535658751198	1	135	C	T
N4_Human	0.0114823386022	1	23	T	G
N4_Chimp	0.00907327916313	1	67	A	C
N3_Goril	0.00113633779931	1	62	A	T
N3_Goril	0.00199236759381	2	113	G	A
N3_Goril	0.00271672293043	2	183	A	G
N3_Goril	0.00572895569076	2	160	G	A
N3_Goril	0.00887359306969	2	164	G	A
N3_Goril	0.0127227176721	1	35	G	A
N3_Goril	0.0137509409549	2	142	A	C
N3_Goril	0.0143220293619	1	155	A	G
N3_Goril	0.0164406913298	1	185	A	T
N2_Orang	0.00205723747166	2	49	G	A
N2_Orang	0.0038341333803	2	64	T	A
N2_Orang	0.00599770848726	1	14	A	C
N2_Orang	0.00650670051804	1	160	G	C
N2_Orang	0.00779025733526	1	175	G	T
N2_Orang	0.00948337388563	1	15	T	C
N2_Orang	0.0110692972873	1	6	A	C
N2_Orang	0.0126592741142	1	62	A	C
N2_Orang	0.0129452345154	2	103	A	G
N1_Macaq	0.00428697259666	2	48	A	G
N1_Macaq	0.00685101721206	2	148	C	A
N1_Macaq	0.00781820336321	1	35	G	A
N1_Macaq	0.00789320251148	1	2	T	A
N1_Macaq	0.0150668723754	2	40	G	A
N1_Macaq	0.0161997126751	2	25	C	G
N1_Macaq	0.0167662670007	1	67	A	G
N1_Macaq	0.0193484419399	2	173	G	A
N1_Macaq	0.0205952353532	1	178	C	T
N1_Macaq	0.0248414120337	1	117	A	G
N1_Macaq	0.0288041605507	2	176	C	A
N0_Mouse	0.00221885452514	0	71	A	T
N0_Mouse	0.00662831521177	0	43	A	G
N0_Mouse	0.00686017546758	0	23	T	G
N0_Mouse	0.00909225466143	0	40	C	T
N0_Mouse	0.0102912332037	0	177	G	A
N0_Mouse	0.0108230358948	0	164	G	A
N0_Mouse	0.0139091758193	0	65	T	A
N0_Mouse	0.0157200788838	0	187	A	T
N0_Mouse	0.0178840724287	0	7	T	C
N0_Mouse	0.0204228203413	0	161	G	T
N0_Mouse	0.0327342264422	0	115	T	A
N0_Mouse	0.0462780881106	0	54	A	G
N0_Mouse	0.0533966704461	0	156	A	G
N0_Mouse	0.058800546758	0	160	G	T
N0_Mouse	0.0615723337077	0	148	C	T
N0_Mouse	0.0647665767405	0	68	A	T
N0_Mouse	0.0691749454107	0	1	G	A
N0_Mouse	0.072465593422	0	153	T	C
N0_Mouse	0.0816703651751	0	49	G	A
N0_Mouse	0.0891287848127	0	53	T	A
N0_Mouse	0.104731135312	0	94	A	G
N0_Mouse	0.105727952932	0	89	A	T
N0_Mouse	0.105981052877	0	66	C	G
N0_Mouse	0.111044616099	0	183	A	C
N0_Mouse	0.114475383906	0	157	C	T
N0_Mouse	0.116612694107	0	102	T	C
N0_Mouse	0.129551630162	0	22	C	T
N0_Mouse	0.132314880658	0	141	A	T
N0_Mouse	0.148797426995	0	69	T	G
N0_Mouse	0.149780768404	0	165	C	T
N0_Mouse	0.150117435442	0	128	T	A
N0_Mouse	0.153402788616	0	48	A	T
N0_Mouse	0.15430363831	0	188	G	T
N0_Mouse	0.174829197572	0	85	A	G
N0_Mouse	0.178556896396	0	111	A	C
N0_Mouse	0.180859685823	0	51	T	G
N0_Mouse	0.181061001543	0	149	C	A
N0_Mouse	0.18675830227	0	107	G	T
N0_Mouse	0.190148459747	0	26	C	T
N0_Mouse	0.195726298663	0	2	C	T
N0_Mouse	0.197724775026	0	178	C	T
N0_Mouse	0.204276754115	0	53	A	G
N0_Mouse	0.206549506884	0	147	C	T
N0_Mouse	0.212188534741	0	81	T	A
N0_Mouse	0.212400228542	0	113	A	T
N0_Mouse	0.22390826005	0	134	C	T
N0_Mouse	0.227824280062	0	86	C	T
N0_Mouse	0.23170381779	0	57	T	A
N0_Mouse	0.256105713395	0	52	A	T
N0_Mouse	0.257814811445	0	27	C	A
N0_Mouse	0.263989322713	0	99	T	C
N0_Mouse	0.268777212698	0	44	T	A
N0_Mouse	0.273536460743	0	103	C	T
N0_Mouse	0.294994528482	0	153	C	T
N0_Mouse	0.310776735598	0	18	G	C
N0_Mouse	0.311497082366	0	6	T	G
N0_Mouse	0.316719334	0	159	C	A
N0_Mouse	0.325137058827	0	22	T	A
N0_Mouse	0.327889612487	0	130	T	C
N0_Mouse	0.334849764891	0	174	T	C
N0_Mouse	0.341020948354	0	177	A	T
N0_Mouse	0.342255162848	0	38	C	T
N0_Mouse	0.366338008086	0	20	A	C
N0_Mouse	0.375451741593	0	62	A	T
N0_Mouse	0.378871658012	0	191	T	G
N0_Mouse	0.385310869097	0	162	C	G
N0_Mouse	0.390122042425	0	118	A	G
N0_Mouse	0.394639595097	0	40	T	C
N0_Mouse	0.409041798801	0	86	T	C
N0_Mouse	0.414920700922	0	41	C	T
N0_Mouse	0.430941334859	0	68	T	G
N0_Mouse	0.446199778587	0	39	G	T
N0_Mouse	0.448831489121	0	3	T	G
N0_Mouse	0.449344071037	0	93	A	T
N0_Mouse	0.457698832273	0	111	C	G
N0_Mouse	0.45814984809	0	171	T	A
