edge	time	orlg_from	orlg_to	tract_length	start_pos	stop_pos	num_diff	template_seq	overide_seq
D1_N1	0.00525522746506	2	1	1	7	7	0	G	G
N1_castellii	0.00703334181363	1	2	1	201	201	0	G	G
N1_castellii	0.00876014882705	2	1	1	41	41	0	A	A
N2_bayanus	0.00098169932644	2	1	1	11	11	0	A	A
N2_bayanus	0.00357897417742	2	1	1	87	87	0	A	A
N2_bayanus	0.00415858097572	2	1	1	358	358	0	G	G
N2_bayanus	0.00856966061581	1	2	1	92	92	1	C	T
N2_N3	0.00035164011775	2	1	1	256	256	0	T	T
N2_N3	0.00440368507027	1	2	1	230	230	0	A	A
N2_N3	0.0096976023564	1	2	1	382	382	0	C	C
N3_kudriavzevii	4.11229287546e-05	1	2	1	298	298	0	G	G
N3_kudriavzevii	0.00131075147517	2	1	1	262	262	0	T	T
N3_kudriavzevii	0.003113791937	1	2	1	91	91	0	A	A
N3_kudriavzevii	0.00849989480451	1	2	1	58	58	0	C	C
N3_N4	0.00522606816278	2	1	1	166	166	0	A	A
N3_N4	0.00605607451475	1	2	1	3	3	0	A	A
N4_mikatae	0.000802005776539	1	2	1	48	48	0	T	T
N4_mikatae	0.00602867165737	1	2	1	185	185	0	G	G
N4_mikatae	0.00849617469652	1	2	1	130	130	0	A	A
N4_mikatae	0.00973210875743	2	1	1	442	442	0	G	G
N4_N5	0.00198399009317	1	2	1	88	88	0	G	G
N4_N5	0.00696720224351	2	1	1	108	108	0	A	A
N5_paradoxus	0.000823854989876	1	2	1	331	331	0	C	C
N5_paradoxus	0.00410143355616	1	2	1	180	180	0	T	T
N5_paradoxus	0.00594704520128	1	2	1	348	348	0	G	G
N5_paradoxus	0.00758259731892	2	1	1	160	160	0	G	G
N5_paradoxus	0.00798403763525	2	1	1	243	243	0	G	G
N5_cerevisiae	0.000311225829311	1	2	1	29	29	0	A	A
N5_cerevisiae	0.000759395676254	1	2	1	46	46	0	A	A
N5_cerevisiae	0.00477006246512	1	2	1	350	350	0	C	C
N5_cerevisiae	0.00495123829467	1	2	1	159	159	0	C	C
N5_cerevisiae	0.00578828225944	2	1	1	457	457	0	T	T
N5_cerevisiae	0.00978501715607	2	1	1	374	374	1	G	A
