edge	time	mut_orlg	mut_pos	old_state	new_state
N0_D1	0.0124273283378	0	60	T	A
N0_D1	0.0225149460009	0	126	C	G
N0_D1	0.0247202988568	0	188	A	T
N0_D1	0.0320039358477	0	89	A	C
N0_D1	0.0330317780388	0	167	G	T
N0_D1	0.0342223577421	0	67	G	A
N0_D1	0.0346240385378	0	214	T	C
N0_D1	0.0366020288524	0	118	G	A
N0_D1	0.0366649241797	0	24	A	T
N0_D1	0.0423123340309	0	72	G	T
N0_D1	0.0479325686147	0	78	G	A
N0_D1	0.0492683044515	0	156	G	T
D1_N1	0.00559695418328	2	188	T	C
D1_N1	0.0114407579781	1	37	G	A
D1_N1	0.0207474670787	1	188	T	G
D1_N1	0.0211709516525	2	53	T	A
D1_N1	0.0231962205593	1	105	A	C
D1_N1	0.0281737259886	2	195	C	G
D1_N1	0.0290607856563	1	132	G	T
D1_N1	0.0318946292089	2	156	T	C
D1_N1	0.0358614111371	1	212	C	A
D1_N1	0.0367671925028	1	107	A	G
D1_N1	0.0408165117832	1	193	G	C
D1_N1	0.0416895400076	2	219	A	G
D1_N1	0.0439459134221	1	118	A	T
D1_N1	0.0442760726341	1	96	C	G
D1_N1	0.0446708891595	2	52	A	G
D1_N1	0.0447099654078	2	31	C	T
D1_N1	0.0472277036767	1	67	A	G
D1_N1	0.047915175016	2	89	C	T
D1_N1	0.0486291317023	2	37	G	C
D1_N1	0.0491372922267	1	116	T	G
D1_N1	0.0500488179848	2	162	T	G
D1_N1	0.0500761108813	2	35	A	G
D1_N1	0.0514712396282	1	220	G	A
D1_N1	0.0575650428287	2	13	G	A
D1_N1	0.0582330237999	1	93	T	C
D1_N1	0.0609945578653	2	5	C	T
D1_N1	0.0641563615109	2	139	A	G
D1_N1	0.064349786054	2	155	A	G
D1_N1	0.0656696076747	2	11	G	A
D1_N1	0.0672229551728	1	155	A	C
D1_N1	0.0688759014091	1	43	G	C
D1_N1	0.0715916343554	2	101	T	C
D1_N1	0.0728005472803	2	219	G	A
D1_N1	0.073225855018	2	174	C	T
D1_N1	0.0751568630588	2	130	C	G
D1_N1	0.0760656730081	1	208	A	C
D1_N1	0.0768510446697	1	48	T	C
D1_N1	0.0780586453959	2	152	A	C
D1_N1	0.0792731536423	1	149	T	C
D1_N1	0.0800340661721	2	86	T	C
D1_N1	0.0835442095804	2	198	G	A
D1_N1	0.0863979518416	1	113	C	A
D1_N1	0.0872940067407	1	88	A	C
D1_N1	0.087737784508	2	82	C	T
D1_N1	0.088050097045	1	6	A	T
D1_N1	0.0894293146752	1	33	C	G
D1_N1	0.0904604859688	1	61	G	T
D1_N1	0.0906683321398	1	144	T	G
D1_N1	0.090960267909	1	82	C	T
D1_N1	0.0939087417475	1	106	T	G
D1_N1	0.0966353944344	2	102	A	C
D1_N1	0.0975415432983	2	69	C	G
D1_N1	0.100916735639	1	92	C	A
D1_N1	0.103440730436	1	31	C	T
D1_N1	0.106990075406	2	125	T	C
D1_N1	0.107597306123	2	25	G	A
D1_N1	0.109136843616	1	206	C	G
D1_N1	0.10925164635	1	146	T	C
D1_N1	0.109951508916	2	97	G	A
D1_N1	0.111150761027	1	129	A	G
D1_N1	0.112040217317	2	115	T	C
D1_N1	0.115949456663	1	160	C	A
D1_N1	0.118488079198	2	61	G	A
D1_N1	0.121693511744	1	48	C	A
D1_N1	0.126912188979	2	58	C	T
D1_N1	0.127795116071	1	134	A	G
D1_N1	0.130704236878	2	121	A	G
D1_N1	0.130743563947	1	78	A	G
D1_N1	0.131212548041	1	186	C	T
D1_N1	0.135989286501	1	96	G	A
D1_N1	0.136546561023	2	76	C	T
D1_N1	0.137051224758	2	2	A	T
D1_N1	0.140811011643	2	124	A	T
D1_N1	0.142243345638	2	135	G	A
D1_N1	0.142668851194	2	211	A	G
D1_N1	0.144291849917	1	78	G	A
D1_N1	0.145162728193	2	209	A	C
D1_N1	0.14616845304	2	60	A	G
D1_N1	0.14639927357	2	109	G	C
D1_N1	0.146942847715	1	115	T	C
D1_N1	0.147694380019	2	110	T	G
D1_N1	0.149018846806	2	49	A	G
D1_N1	0.152248373943	2	116	G	A
D1_N1	0.153000819664	2	144	G	T
D1_N1	0.153154083036	2	105	C	T
D1_N1	0.153490447282	1	89	C	A
D1_N1	0.158322517752	1	78	A	C
D1_N1	0.163013891502	2	61	A	C
D1_N1	0.163031934262	2	174	C	A
D1_N1	0.163942862763	1	181	A	T
D1_N1	0.164784269235	1	94	T	A
D1_N1	0.167851430832	2	41	A	G
D1_N1	0.17538748433	2	46	G	T
D1_N1	0.175942384311	2	152	A	G
D1_N1	0.177574533177	1	7	A	G
D1_N1	0.181289185341	2	155	C	T
D1_N1	0.191405790007	1	33	G	A
D1_N1	0.191515322462	1	203	A	T
D1_N1	0.19184948119	2	69	G	T
D1_N1	0.195393521497	2	194	A	C
D1_N1	0.199341103367	2	183	T	A
D1_N1	0.205147128858	1	190	T	C
D1_N1	0.20620185093	1	139	A	T
D1_N1	0.208140000812	1	173	G	C
D1_N1	0.211028010749	1	171	G	T
D1_N1	0.211526783627	1	188	G	C
D1_N1	0.21162769524	1	196	T	G
D1_N1	0.211930664827	1	166	A	G
N1_N2	0.00354779354984	2	160	A	T
N1_N2	0.00695786186359	1	211	A	G
N1_N2	0.00813187157425	1	44	A	G
N1_N2	0.00875697054915	1	201	A	T
N1_N2	0.00950378611791	1	116	G	A
N1_N2	0.00985584189608	1	70	A	T
N1_N2	0.0155119913095	2	115	C	A
N2_N3	0.00193673203819	2	167	T	A
N2_N3	0.00565078243994	2	15	T	G
N2_N3	0.00643353849336	1	158	T	C
N3_N4	0.000886972831849	2	47	A	T
N3_N4	0.00690555541535	1	198	G	C
N3_N4	0.00828104093652	1	23	T	C
N4_Human	0.000457292564701	2	6	A	T
N4_Human	0.000701034023481	2	29	T	C
N4_Human	0.00376349582466	2	60	G	T
N4_Human	0.00861158335322	2	138	C	G
N4_Chimp	0.000565911971414	1	50	T	G
N4_Chimp	0.000640485609446	2	192	A	G
N4_Chimp	0.00462978541082	1	169	A	T
N4_Chimp	0.00589443013411	2	156	T	C
N4_Chimp	0.00932467457723	2	218	T	C
N3_Goril	0.000234150586391	2	134	G	T
N3_Goril	0.00802240828416	1	157	C	T
N3_Goril	0.00818193088675	2	149	C	A
N3_Goril	0.00835797966197	1	129	G	A
N3_Goril	0.00939725623772	2	4	A	T
N3_Goril	0.0102892294286	1	137	T	A
N3_Goril	0.0106068218677	1	142	A	T
N3_Goril	0.0112253178098	2	182	A	G
N3_Goril	0.0126988585523	1	159	T	G
N3_Goril	0.0136186814572	1	18	C	T
N3_Goril	0.0174627575899	1	106	G	A
N3_Goril	0.0186867874279	2	144	G	T
N3_Goril	0.0207238709936	1	24	T	G
N2_Orang	0.00395788093169	1	146	C	G
N2_Orang	0.00897946035275	1	74	A	T
N2_Orang	0.0136321647017	1	7	G	A
N1_Macaq	0.00167269178718	1	188	C	T
N1_Macaq	0.00802464602517	2	9	C	T
N1_Macaq	0.00821350170879	1	191	C	A
N1_Macaq	0.0115566658405	1	193	C	G
N1_Macaq	0.0141888069687	1	8	A	G
N1_Macaq	0.0157397663956	2	110	T	C
N1_Macaq	0.0187892201716	1	114	T	G
N1_Macaq	0.0209553836217	1	118	T	G
N1_Macaq	0.0247773651426	1	145	G	T
N1_Macaq	0.0248733696392	2	20	A	C
N1_Macaq	0.0251128415072	2	203	T	G
N1_Macaq	0.0257632917585	2	49	G	A
N1_Macaq	0.0259742489534	1	152	A	G
N1_Macaq	0.0275017417598	1	136	A	T
N1_Macaq	0.0285393932529	2	198	G	C
N1_Macaq	0.032094946431	1	157	C	T
N0_Mouse	0.000684297753002	0	147	C	T
N0_Mouse	0.00128879762866	0	43	G	A
N0_Mouse	0.016852587029	0	53	T	A
N0_Mouse	0.0206533631352	0	11	G	A
N0_Mouse	0.0245423300274	0	61	G	A
N0_Mouse	0.0261842841359	0	60	T	C
N0_Mouse	0.0296168092363	0	69	C	G
N0_Mouse	0.0439725119449	0	205	A	G
N0_Mouse	0.0446901414868	0	148	C	G
N0_Mouse	0.0450742793443	0	217	A	T
N0_Mouse	0.0451743156928	0	0	G	A
N0_Mouse	0.0505925146305	0	167	G	A
N0_Mouse	0.0540619848347	0	23	T	C
N0_Mouse	0.0608372243002	0	218	T	G
N0_Mouse	0.069327478354	0	11	A	C
N0_Mouse	0.069886670194	0	165	G	C
N0_Mouse	0.0731780029803	0	27	A	G
N0_Mouse	0.0800466597227	0	62	A	C
N0_Mouse	0.0901563177153	0	34	A	T
N0_Mouse	0.0976210216951	0	75	C	T
N0_Mouse	0.10418332388	0	138	C	T
N0_Mouse	0.106466206748	0	136	A	T
N0_Mouse	0.106578772883	0	195	C	T
N0_Mouse	0.116137817552	0	149	T	G
N0_Mouse	0.120726418686	0	105	A	T
N0_Mouse	0.120755023797	0	177	G	A
N0_Mouse	0.136463179084	0	174	C	T
N0_Mouse	0.150313135403	0	86	T	G
N0_Mouse	0.157993074155	0	168	G	A
N0_Mouse	0.164843915872	0	170	T	C
N0_Mouse	0.166360426837	0	81	C	G
N0_Mouse	0.169973210262	0	5	C	A
N0_Mouse	0.174129576574	0	143	A	T
N0_Mouse	0.182889716156	0	170	C	A
N0_Mouse	0.189878563484	0	127	A	G
N0_Mouse	0.193808508898	0	152	A	T
N0_Mouse	0.19514193012	0	25	G	C
N0_Mouse	0.206359109245	0	12	T	C
N0_Mouse	0.206477339707	0	175	T	C
N0_Mouse	0.207592744737	0	215	G	A
N0_Mouse	0.212142490653	0	68	G	A
N0_Mouse	0.21418329343	0	141	T	A
N0_Mouse	0.214211491586	0	50	T	A
N0_Mouse	0.219625479643	0	124	A	T
N0_Mouse	0.222345023106	0	99	G	A
N0_Mouse	0.223870395753	0	157	C	T
N0_Mouse	0.228105728312	0	88	A	T
N0_Mouse	0.228222326655	0	75	T	A
N0_Mouse	0.228997172749	0	160	C	A
N0_Mouse	0.237995613743	0	172	A	C
N0_Mouse	0.238262997496	0	89	A	C
N0_Mouse	0.245261577281	0	186	C	T
N0_Mouse	0.248061469606	0	136	T	C
N0_Mouse	0.251095827122	0	161	T	A
N0_Mouse	0.251590463715	0	96	C	A
N0_Mouse	0.254440234721	0	192	A	G
N0_Mouse	0.258039720979	0	91	A	G
N0_Mouse	0.260015134236	0	63	G	A
N0_Mouse	0.26413816745	0	77	C	G
N0_Mouse	0.266697681284	0	17	G	C
N0_Mouse	0.271740059884	0	181	A	T
N0_Mouse	0.271937590354	0	214	T	A
N0_Mouse	0.273891568505	0	84	A	G
N0_Mouse	0.278116298872	0	13	G	T
N0_Mouse	0.281162290903	0	112	A	T
N0_Mouse	0.287681381714	0	28	A	G
N0_Mouse	0.289346153331	0	2	A	C
N0_Mouse	0.298699897052	0	84	G	A
N0_Mouse	0.299892970836	0	14	G	T
N0_Mouse	0.300263941181	0	118	G	C
N0_Mouse	0.308744602657	0	161	A	C
N0_Mouse	0.311947908311	0	100	T	G
N0_Mouse	0.316173643364	0	189	T	C
N0_Mouse	0.320312431502	0	113	C	T
N0_Mouse	0.321196350546	0	55	C	G
N0_Mouse	0.324714358314	0	188	A	G
N0_Mouse	0.328468945869	0	191	C	A
N0_Mouse	0.333233924483	0	97	G	T
N0_Mouse	0.334805611435	0	38	G	A
N0_Mouse	0.343049889609	0	100	G	T
N0_Mouse	0.361210837715	0	45	G	A
N0_Mouse	0.367419595684	0	185	G	C
N0_Mouse	0.369444165159	0	137	T	C
N0_Mouse	0.369908049883	0	74	A	T
N0_Mouse	0.377845666202	0	26	A	G
N0_Mouse	0.381954190868	0	59	A	T
N0_Mouse	0.382010236034	0	113	T	G
N0_Mouse	0.388276510122	0	166	A	T
N0_Mouse	0.394993965271	0	84	A	T
N0_Mouse	0.400128123254	0	95	G	C
N0_Mouse	0.401281549049	0	165	C	G
N0_Mouse	0.409036093012	0	152	T	G
N0_Mouse	0.416053936569	0	115	T	C
N0_Mouse	0.420484872561	0	208	A	C
N0_Mouse	0.421381540583	0	93	T	C
N0_Mouse	0.426402079416	0	165	G	T
N0_Mouse	0.435432556812	0	113	G	A
N0_Mouse	0.436447185539	0	175	C	T
N0_Mouse	0.438752868322	0	89	C	A
N0_Mouse	0.442238022778	0	140	A	T
N0_Mouse	0.443600441633	0	52	A	G
N0_Mouse	0.447326452033	0	166	T	A
N0_Mouse	0.449531523683	0	200	T	G
N0_Mouse	0.455144664498	0	201	A	C
