edge	time	mut_orlg	mut_pos	old_state	new_state
N0_kluyveri	0.000889651792895	0	208	A	G
N0_kluyveri	0.00145327557853	0	122	A	G
N0_kluyveri	0.001480614396	0	23	C	A
N0_kluyveri	0.00180631032301	0	268	C	G
N0_kluyveri	0.00199299011714	0	455	G	A
N0_kluyveri	0.00207318146018	0	8	G	A
N0_kluyveri	0.00253702078175	0	365	G	A
N0_kluyveri	0.00255721589504	0	479	C	A
N0_kluyveri	0.00260313618064	0	122	G	A
N0_kluyveri	0.00289264429481	0	476	G	A
N0_kluyveri	0.00350258760435	0	410	G	A
N0_kluyveri	0.0042683221114	0	315	A	G
N0_kluyveri	0.00429877524201	0	257	A	G
N0_kluyveri	0.00485704751684	0	488	T	C
N0_kluyveri	0.0050680716474	0	311	A	G
N0_kluyveri	0.00532329475819	0	197	A	C
N0_kluyveri	0.00589126498269	0	209	A	G
N0_kluyveri	0.0059334630868	0	42	A	G
N0_kluyveri	0.00637056598706	0	113	A	T
N0_kluyveri	0.00874714761311	0	224	C	T
N0_kluyveri	0.00875203328875	0	191	T	C
N0_kluyveri	0.00877621602901	0	368	T	C
N0_kluyveri	0.00896086869838	0	35	G	A
N0_kluyveri	0.00902265306008	0	239	A	C
N0_kluyveri	0.00924244171882	0	298	T	C
N0_kluyveri	0.00941802962582	0	20	T	C
N0_kluyveri	0.00966041782344	0	446	A	G
N0_kluyveri	0.0101333133935	0	248	A	G
N0_kluyveri	0.010367059383	0	380	T	C
N0_kluyveri	0.0107887860345	0	116	T	C
N0_kluyveri	0.0108461629885	0	134	T	C
N0_kluyveri	0.0109409578153	0	47	T	A
N0_kluyveri	0.0111999592319	0	39	A	G
N0_kluyveri	0.0114286848302	0	16	C	T
N0_kluyveri	0.0126002855768	0	398	T	C
N0_kluyveri	0.0126200104666	0	197	C	T
N0_kluyveri	0.0131064203027	0	260	T	A
N0_kluyveri	0.0137183866946	0	33	G	A
N0_D1	0.000619899844571	0	128	C	T
N0_D1	0.000880625654617	0	344	A	G
N0_D1	0.000928290717747	0	47	T	C
N0_D1	0.00119567724209	0	398	T	G
D1_N1	0.000279281214856	1	164	T	C
D1_N1	0.000334853763685	1	326	G	T
D1_N1	0.000533493436773	2	365	G	A
D1_N1	0.000957428891554	1	26	T	C
D1_N1	0.001042441451	1	284	T	C
D1_N1	0.00112847724612	1	83	T	G
D1_N1	0.00157830381386	2	356	G	A
D1_N1	0.00161035152726	2	41	C	T
D1_N1	0.00169307865369	2	293	C	T
D1_N1	0.00230043314241	2	272	A	G
D1_N1	0.00232602103715	2	101	T	C
D1_N1	0.00264728565257	2	164	C	T
D1_N1	0.00324752815554	1	311	A	G
D1_N1	0.0033109707635	2	249	A	G
D1_N1	0.00341667957643	2	431	C	T
D1_N1	0.00342376630974	2	190	T	C
N1_castellii	0.000124582365591	2	23	C	T
N1_castellii	0.000576420031625	2	362	A	G
N1_castellii	0.000926843039359	2	449	A	G
N1_castellii	0.00108129390124	1	38	T	C
N1_castellii	0.0012230950109	2	140	C	T
N1_castellii	0.00132546322247	1	404	T	G
N1_castellii	0.0015082010815	1	425	T	C
N1_castellii	0.00174928384638	1	231	C	T
N1_castellii	0.00193244528194	2	124	G	C
N1_castellii	0.00232468199226	2	83	G	A
N1_castellii	0.00246933893803	2	473	C	T
N1_castellii	0.00249536170184	2	305	A	G
N1_castellii	0.00265833452564	2	47	C	T
N1_castellii	0.00290921499794	2	350	T	C
N1_castellii	0.00302775681537	2	377	A	G
N1_castellii	0.00317006473166	2	374	T	C
N1_castellii	0.00324401634778	2	182	G	A
N1_castellii	0.00326049322551	2	284	T	C
N1_castellii	0.00330327469678	1	65	G	A
N1_castellii	0.00332571111446	1	422	C	G
N1_castellii	0.00408040656864	2	341	C	T
N1_castellii	0.00439830608251	1	13	C	T
N1_castellii	0.00452695350062	2	313	C	T
N1_castellii	0.00499524309943	2	359	T	C
N1_castellii	0.00501113893371	2	464	C	T
N1_castellii	0.0051842051412	1	209	A	G
N1_castellii	0.00548741926594	1	195	A	G
N1_castellii	0.00635979907537	2	410	G	A
N1_castellii	0.00637836546079	1	425	C	T
N1_castellii	0.00687352425344	1	281	A	G
N1_castellii	0.00700250116884	1	332	C	T
N1_castellii	0.00713731111913	1	77	A	G
N1_castellii	0.00785779055581	1	482	T	C
N1_castellii	0.00792676169663	1	46	T	C
N1_castellii	0.00798568385073	1	371	G	A
N1_castellii	0.0081322308659	1	89	T	C
N1_castellii	0.00836294253878	2	311	A	G
N1_castellii	0.00844705442596	2	86	C	T
N1_castellii	0.00868721936903	1	89	C	T
N1_castellii	0.00894866809187	1	449	A	G
N1_castellii	0.00914977718907	1	209	G	C
N1_castellii	0.00917352342522	2	173	A	C
N1_castellii	0.00923750587186	1	59	G	A
N1_castellii	0.0100862280505	2	431	T	C
N1_castellii	0.0101208612492	1	35	G	A
N1_castellii	0.010274851789	1	23	C	T
N1_castellii	0.0107354529464	2	120	C	T
N1_castellii	0.0108506791355	1	252	T	C
N1_castellii	0.0108930271904	1	138	T	C
N1_castellii	0.0108950478665	2	392	C	T
N1_castellii	0.011001001563	2	104	C	T
N1_castellii	0.0114296871609	1	125	A	C
N1_castellii	0.0114571956601	2	299	A	C
N1_castellii	0.0115264510551	1	185	T	C
N1_castellii	0.0115419287061	2	404	T	C
N1_castellii	0.0118097681637	1	338	A	G
N1_castellii	0.0122493342967	1	278	A	T
N1_castellii	0.0124927807128	1	319	T	C
N1_castellii	0.0125211973001	1	383	A	G
N1_castellii	0.0128183123927	1	416	G	A
N1_castellii	0.0129521378674	1	362	A	T
N1_N2	4.99896758798e-05	1	106	G	C
N1_N2	0.000125033052511	1	293	C	T
N1_N2	0.000291436651703	1	2	A	T
N1_N2	0.000438483239229	2	332	C	T
N1_N2	0.000633695627784	2	260	T	C
N1_N2	0.0006553136239	2	308	A	G
N1_N2	0.000680294936054	1	293	T	C
N1_N2	0.000682856964383	1	179	G	A
N1_N2	0.000718078015509	2	218	C	T
N1_N2	0.000746093247133	1	431	C	T
N1_N2	0.000965347702153	2	347	T	A
N1_N2	0.00098214216513	1	98	C	T
N1_N2	0.00110266112138	2	92	T	C
N1_N2	0.00114105139582	2	2	A	G
N1_N2	0.0012761756391	1	206	G	A
N1_N2	0.00148465806569	2	380	T	C
N1_N2	0.00165083639752	1	17	G	A
N1_N2	0.00180363561586	2	98	C	T
N1_N2	0.00203583059248	2	158	C	T
N1_N2	0.00230738273801	1	131	G	A
N1_N2	0.00245101315858	2	47	C	T
N1_N2	0.00257071736762	2	413	G	A
N1_N2	0.00268669611722	1	94	C	T
N1_N2	0.00288742231022	1	431	T	C
N1_N2	0.00290100832174	2	71	T	C
N1_N2	0.00290235043344	2	272	G	A
N1_N2	0.00291605729616	1	173	A	G
N1_N2	0.00296645696839	2	464	C	T
N1_N2	0.00340430430604	1	221	T	C
N1_N2	0.00407103811746	2	290	A	G
N1_N2	0.00456543012643	1	8	G	A
N1_N2	0.00477800412019	1	86	C	T
N1_N2	0.00497522443467	2	332	T	A
N1_N2	0.00512771263039	2	101	C	A
N1_N2	0.00515585408537	1	248	A	C
N1_N2	0.00523873462036	1	329	G	A
N1_N2	0.00540984400602	2	266	G	A
N1_N2	0.00553398375462	1	431	C	T
N1_N2	0.00585118385596	2	182	G	A
N1_N2	0.0059612394278	1	284	C	T
N1_N2	0.00604691194103	1	161	G	C
N1_N2	0.00611889586843	1	116	T	C
N1_N2	0.00619838768957	1	86	T	C
N1_N2	0.00621568419384	1	200	C	T
N1_N2	0.00624303653869	1	413	G	T
N1_N2	0.00645229104732	2	56	G	A
N1_N2	0.00652756353732	2	443	A	G
N1_N2	0.00665854862838	2	428	G	A
N1_N2	0.0078528290828	2	440	C	T
N1_N2	0.00818874189095	2	170	T	C
N1_N2	0.00843252873081	1	284	T	G
N1_N2	0.00849101259647	1	182	G	A
N1_N2	0.00850052111233	2	50	C	T
N1_N2	0.00862116519549	1	404	T	C
N1_N2	0.00869825973498	2	347	A	G
N1_N2	0.00937175758152	2	239	A	G
N1_N2	0.00957350021321	1	2	T	C
N1_N2	0.00964937562793	1	191	T	C
N1_N2	0.00974732790579	1	44	T	C
N1_N2	0.00981583724531	1	137	C	T
N1_N2	0.00982644666381	2	314	C	A
N1_N2	0.0100383696442	1	347	T	C
N1_N2	0.010293145946	1	86	C	T
N1_N2	0.011180854962	2	428	A	G
N1_N2	0.0117284822237	2	77	A	T
N1_N2	0.0122378189708	2	236	T	C
N1_N2	0.0122673283431	1	371	G	A
N1_N2	0.0124089899498	1	476	G	A
N1_N2	0.0124906627863	1	380	T	C
N1_N2	0.012747100171	1	5	A	G
N1_N2	0.0128576438165	2	125	A	G
N1_N2	0.0130335695828	1	161	C	A
N1_N2	0.0131508461505	2	293	T	C
N1_N2	0.0134741058488	2	116	T	C
N1_N2	0.0135110600788	1	2	C	T
N1_N2	0.0141473087193	2	483	A	G
N1_N2	0.0145476472334	1	369	C	G
N1_N2	0.0146233988853	2	119	A	G
N1_N2	0.0149310508506	2	26	C	T
N1_N2	0.0149418773555	2	362	A	G
N1_N2	0.0150269849657	1	107	G	A
N1_N2	0.0152857132693	2	488	T	C
N1_N2	0.0154907651322	2	437	A	G
N1_N2	0.0156849166511	2	452	C	T
N1_N2	0.0157144846787	1	248	C	T
N1_N2	0.015852978316	2	92	C	T
N2_bayanus	0.000325169109919	1	335	T	C
N2_bayanus	0.000339973649928	2	233	T	C
N2_bayanus	0.000789964691554	2	119	G	A
N2_bayanus	0.000896455473398	1	9	C	T
N2_bayanus	0.00124367892469	2	185	T	A
N2_bayanus	0.00191500923628	1	227	A	G
N2_bayanus	0.00228048469331	1	302	A	G
N2_N3	0.000252319719249	1	191	C	T
N2_N3	0.000360063502039	2	245	G	A
N2_N3	0.000413334554544	1	281	A	G
N2_N3	0.00041940563222	1	200	T	G
N2_N3	0.000421949448205	1	242	C	T
N2_N3	0.000486320625332	2	215	A	G
N2_N3	0.000607702289773	2	23	C	T
N2_N3	0.000637127983773	1	173	G	A
N2_N3	0.000708229415644	2	293	C	T
N2_N3	0.00114859567087	1	398	G	A
N2_N3	0.00123480248141	1	464	C	T
N3_kudriavzevii	0.000384973061613	2	38	T	C
N3_kudriavzevii	0.000591984816817	2	444	A	G
N3_kudriavzevii	0.00139090780909	2	482	T	C
N3_kudriavzevii	0.00235034269877	2	416	G	A
N3_kudriavzevii	0.00237142367204	2	407	A	G
N3_kudriavzevii	0.00237209330084	1	455	G	A
N3_kudriavzevii	0.00281425109764	1	80	T	C
N3_kudriavzevii	0.00333810516114	1	83	G	T
N3_kudriavzevii	0.00368765704481	2	214	T	C
N3_kudriavzevii	0.00394213021928	1	362	A	G
N3_kudriavzevii	0.00397488920386	2	116	C	T
N3_kudriavzevii	0.00404312516524	2	257	A	G
N3_kudriavzevii	0.00449494024161	1	2	T	A
N3_kudriavzevii	0.00452772213137	1	164	C	T
N3_kudriavzevii	0.00470592197015	1	347	C	T
N3_kudriavzevii	0.00474303456927	2	425	T	C
N3_kudriavzevii	0.00510855505898	2	329	G	A
N3_kudriavzevii	0.00551332471768	1	281	G	C
N3_kudriavzevii	0.00593298629469	1	182	A	G
N3_N4	0.000365386158889	1	116	C	T
N3_N4	0.000696584131696	1	155	G	A
N3_N4	0.000720681277331	2	233	T	A
N3_N4	0.00129700957774	2	437	G	A
N3_N4	0.00135230479645	2	482	T	C
N3_N4	0.00169767642182	1	104	C	A
N3_N4	0.00179969878138	2	164	T	C
N3_N4	0.00182543117595	2	473	C	T
N4_mikatae	9.87969570224e-05	2	320	G	A
N4_mikatae	0.000116317707284	2	2	G	A
N4_mikatae	0.000359397886164	2	35	G	A
N4_mikatae	0.00052690395236	2	443	G	A
N4_mikatae	0.000560939422577	1	290	A	G
N4_mikatae	0.000608284859075	2	395	C	T
N4_mikatae	0.000667098474518	1	443	A	G
N4_mikatae	0.000677287557166	1	173	A	C
N4_mikatae	0.00092628702338	2	59	G	A
N4_mikatae	0.00110053909324	1	341	C	T
N4_mikatae	0.0011739719913	2	377	A	G
N4_mikatae	0.0013674330666	1	5	G	A
N4_mikatae	0.00139415195127	2	398	G	A
N4_mikatae	0.00174717909833	1	449	A	G
N4_mikatae	0.0026444331414	2	398	A	C
N4_mikatae	0.00307988057038	2	8	G	A
N4_mikatae	0.00401810203532	2	212	A	T
N4_N5	9.58000234872e-05	2	137	C	T
N4_N5	0.000379583241812	1	221	C	T
N4_N5	0.000397567887445	2	98	T	C
N4_N5	0.000430371468122	1	254	A	G
N4_N5	0.000564521283225	2	284	T	C
N4_N5	0.000736887803875	1	92	T	C
N4_N5	0.000976454253507	1	26	C	T
N4_N5	0.00119056225679	2	86	C	A
N4_N5	0.00126009000121	2	116	C	T
N4_N5	0.00161527578382	1	182	A	G
N4_N5	0.00161730724222	1	398	A	G
N5_paradoxus	6.66653828813e-05	2	311	A	G
N5_paradoxus	0.000433513294051	1	218	C	T
N5_paradoxus	0.000580677849888	1	320	G	A
N5_paradoxus	0.000670506459207	2	50	T	C
N5_paradoxus	0.000868127636506	2	452	T	C
N5_paradoxus	0.00100573504604	1	357	G	A
N5_paradoxus	0.00123301552707	1	221	T	C
N5_paradoxus	0.00144812818544	1	431	T	C
N5_paradoxus	0.00152882049088	2	326	G	C
N5_cerevisiae	0.000892517069022	2	28	T	C
N5_cerevisiae	0.000895605941662	2	230	C	T
N5_cerevisiae	0.000905037933495	2	326	G	A
N5_cerevisiae	0.00130376907622	1	431	T	C
N5_cerevisiae	0.00150112025594	2	245	A	G
N5_cerevisiae	0.00157237399058	1	83	G	A
N5_cerevisiae	0.00161582899235	1	398	G	A
N5_cerevisiae	0.001634640465	2	272	A	T
N5_cerevisiae	0.00285340837267	1	50	C	T
N5_cerevisiae	0.00293510492477	1	59	G	A
N5_cerevisiae	0.00308276703543	2	455	G	A
N5_cerevisiae	0.0031031482416	1	434	C	T
N5_cerevisiae	0.00312005165163	2	392	C	T
N5_cerevisiae	0.00337083622602	1	62	T	A
N5_cerevisiae	0.00370262342118	2	176	A	G
N5_cerevisiae	0.00405717141228	2	48	G	A
