edge	time	mut_orlg	mut_pos	old_state	new_state
N0_kluyveri	0.000758454007597	0	254	A	C
N0_kluyveri	0.00116020219853	0	455	C	T
N0_kluyveri	0.00130951414623	0	478	T	G
N0_kluyveri	0.00267391013233	0	188	A	G
N0_kluyveri	0.00394728453104	0	329	G	A
N0_kluyveri	0.00517596639125	0	251	A	G
N0_kluyveri	0.00521248553385	0	416	A	G
N0_kluyveri	0.00591811142304	0	416	G	A
N0_kluyveri	0.00659200473873	0	83	T	C
N0_kluyveri	0.00676722350422	0	8	G	A
N0_kluyveri	0.00700755571462	0	488	T	C
N0_kluyveri	0.00919079080754	0	404	T	C
N0_kluyveri	0.00940367059354	0	305	A	G
N0_kluyveri	0.00986198663753	0	83	C	T
N0_kluyveri	0.0104876956612	0	470	A	G
N0_kluyveri	0.0113212388669	0	132	A	G
N0_kluyveri	0.0131645405226	0	56	G	A
N0_kluyveri	0.013453824628	0	467	G	A
N0_kluyveri	0.0136542440937	0	410	A	G
N0_D1	0.000250631421735	0	254	A	G
N0_D1	0.000625614760552	0	419	A	G
N0_D1	0.000838001889497	0	215	A	G
N0_D1	0.00105295431874	0	170	T	A
N0_D1	0.00125175665156	0	29	T	C
D1_N1	0.000112912761546	1	308	C	T
D1_N1	0.000202268026957	2	326	G	A
D1_N1	0.000349067371078	2	9	G	A
D1_N1	0.000388625736216	2	248	T	C
D1_N1	0.000607565099698	1	463	T	C
D1_N1	0.0012318511001	2	367	A	G
D1_N1	0.00135730084694	2	23	A	G
D1_N1	0.00149198186429	1	134	A	T
D1_N1	0.00149611500729	1	35	A	G
D1_N1	0.00163470541335	1	356	C	T
D1_N1	0.0018504148697	2	470	A	G
D1_N1	0.0019769545799	1	197	C	T
D1_N1	0.0024747194858	2	476	C	T
D1_N1	0.00248199058628	2	135	G	A
D1_N1	0.00281662727729	2	311	C	T
D1_N1	0.00307717865139	2	398	A	G
D1_N1	0.00327600578137	2	47	T	C
D1_N1	0.00335272880452	1	482	C	T
N1_castellii	0.000111163747451	2	188	A	G
N1_castellii	0.00088439050254	1	164	C	T
N1_castellii	0.000932673060125	2	362	G	C
N1_castellii	0.0010368172244	1	422	T	A
N1_castellii	0.0013836874376	1	171	T	C
N1_castellii	0.00153080608961	1	152	A	G
N1_castellii	0.00164714083956	2	20	G	A
N1_castellii	0.00181362782631	2	110	A	T
N1_castellii	0.00185622449729	1	323	T	C
N1_castellii	0.00189877943562	1	32	G	A
N1_castellii	0.00201556462695	2	383	G	A
N1_castellii	0.00227858032155	2	251	A	G
N1_castellii	0.00243167940115	1	32	A	T
N1_castellii	0.00273676218081	2	375	A	G
N1_castellii	0.0031935250234	1	218	C	T
N1_castellii	0.00321424912362	1	401	C	T
N1_castellii	0.00387884971918	1	401	T	C
N1_castellii	0.00413075315527	2	167	A	G
N1_castellii	0.0055063602566	1	77	G	A
N1_castellii	0.00566937778399	1	248	T	C
N1_castellii	0.00573773658935	1	77	A	G
N1_castellii	0.00575591341889	1	341	A	C
N1_castellii	0.00598374119501	2	419	G	A
N1_castellii	0.00614979473176	2	80	T	C
N1_castellii	0.00629339003021	1	194	A	G
N1_castellii	0.00699069099275	1	296	A	G
N1_castellii	0.00709460783775	2	188	G	T
N1_castellii	0.00721227601315	2	23	G	A
N1_castellii	0.00721960717305	1	431	T	C
N1_castellii	0.00784809665504	1	323	C	T
N1_castellii	0.00867016200656	2	248	C	T
N1_castellii	0.00891787258526	2	386	C	T
N1_castellii	0.00933016034011	2	398	G	A
N1_castellii	0.0109877730124	2	194	A	T
N1_castellii	0.0116286305048	2	311	T	C
N1_castellii	0.0119850782833	1	161	C	T
N1_castellii	0.0121065409203	1	416	A	G
N1_castellii	0.0124337888982	1	335	T	C
N1_castellii	0.0126915307459	2	47	C	T
N1_castellii	0.0127019741719	1	176	A	G
N1_N2	0.000397128788283	1	71	A	G
N1_N2	0.000969130830111	2	32	G	A
N1_N2	0.00178730783212	2	283	T	C
N1_N2	0.00217853216897	2	38	G	C
N1_N2	0.00275845359646	2	314	T	C
N1_N2	0.00294513684625	2	296	A	G
N1_N2	0.00307253093053	1	374	T	C
N1_N2	0.00332018593323	2	143	A	G
N1_N2	0.00399640892382	1	11	A	G
N1_N2	0.00411015290458	1	143	A	G
N1_N2	0.00419194727668	1	491	C	T
N1_N2	0.00466176800126	2	464	T	C
N1_N2	0.00468868904856	2	446	C	A
N1_N2	0.0047813286549	1	434	C	T
N1_N2	0.00495885851703	1	275	A	G
N1_N2	0.00497607724338	1	95	T	C
N1_N2	0.00501445314867	1	278	T	C
N1_N2	0.00545422424689	2	335	T	A
N1_N2	0.00604848601563	2	377	G	A
N1_N2	0.00618595874223	1	365	T	C
N1_N2	0.00620482784649	2	173	T	C
N1_N2	0.00638110383869	2	35	A	T
N1_N2	0.00675023872253	2	365	T	C
N1_N2	0.00699666238341	2	5	A	G
N1_N2	0.00710895065934	2	269	A	G
N1_N2	0.00720554104669	1	380	C	T
N1_N2	0.00765485473065	2	128	T	C
N1_N2	0.00773439850461	1	50	A	G
N1_N2	0.00793734287347	1	182	A	G
N1_N2	0.00877513180235	2	365	C	T
N1_N2	0.00937502907708	2	263	G	A
N1_N2	0.00954083313139	1	222	A	G
N1_N2	0.00963272671	2	26	C	T
N1_N2	0.00973539266834	1	27	C	T
N1_N2	0.00981321926201	2	452	A	G
N1_N2	0.00998807303024	2	152	A	G
N1_N2	0.0102942092557	2	86	G	A
N1_N2	0.0104849179238	1	116	T	C
N1_N2	0.0107170022862	1	260	T	A
N1_N2	0.0110724717611	2	65	T	C
N1_N2	0.011584668451	1	248	T	C
N1_N2	0.0116592649858	2	356	C	T
N1_N2	0.0120093142914	1	233	T	C
N1_N2	0.0122722623835	2	257	G	A
N1_N2	0.012337125868	2	85	A	G
N1_N2	0.0124256883206	2	421	T	C
N1_N2	0.0126228900943	2	308	C	T
N1_N2	0.0128700384397	2	329	G	A
N1_N2	0.0129445257282	2	419	G	A
N1_N2	0.0133684154367	2	491	C	T
N1_N2	0.0141726005224	2	218	C	T
N1_N2	0.0144208965769	1	473	A	T
N1_N2	0.0144317787111	1	86	G	A
N1_N2	0.0147695138365	1	287	A	G
N1_N2	0.0149493171337	2	239	G	A
N1_N2	0.0154394568962	1	275	G	A
N2_bayanus	0.000247358643384	1	2	C	T
N2_bayanus	0.000277288927999	1	347	T	A
N2_bayanus	0.000546315431851	1	383	G	A
N2_bayanus	0.000624106817607	2	204	C	T
N2_bayanus	0.000816847688695	1	29	C	T
N2_bayanus	0.00112057271409	2	128	C	T
N2_bayanus	0.00137582439883	2	47	C	T
N2_bayanus	0.00144207279935	1	243	A	G
N2_bayanus	0.0015593705011	2	14	T	G
N2_bayanus	0.00158810195453	1	212	C	A
N2_bayanus	0.00162128663321	1	65	T	C
N2_N3	0.000659638321155	1	236	T	C
N2_N3	0.000668620339933	2	215	G	A
N2_N3	0.000758697100551	1	194	A	G
N2_N3	0.0010524346987	2	371	G	A
N2_N3	0.0013324992545	1	230	A	T
N2_N3	0.00145199951624	2	9	A	C
N3_kudriavzevii	2.05681488362e-05	2	26	T	C
N3_kudriavzevii	0.000249816224759	2	383	G	A
N3_kudriavzevii	0.000367909073455	1	410	A	G
N3_kudriavzevii	0.000597333104526	2	44	T	C
N3_kudriavzevii	0.00141518528696	2	329	A	T
N3_kudriavzevii	0.00148740026054	2	359	T	C
N3_kudriavzevii	0.001770578858	2	203	C	T
N3_kudriavzevii	0.00198803827886	1	425	T	A
N3_kudriavzevii	0.00202808076596	1	353	T	C
N3_kudriavzevii	0.00234148952521	2	145	C	T
N3_kudriavzevii	0.00262033559449	2	140	C	T
N3_kudriavzevii	0.00290821395259	2	131	A	G
N3_kudriavzevii	0.00291091337898	2	137	G	A
N3_kudriavzevii	0.00296818242049	2	5	G	T
N3_kudriavzevii	0.00329915237697	1	47	T	C
N3_kudriavzevii	0.00333816159574	1	455	C	T
N3_kudriavzevii	0.00344372407565	1	461	A	T
N3_kudriavzevii	0.00345207378127	2	401	C	G
N3_kudriavzevii	0.00345973327132	1	50	G	A
N3_kudriavzevii	0.00351191082697	2	437	T	C
N3_kudriavzevii	0.00386579882349	2	32	A	G
N3_kudriavzevii	0.00423402230459	2	104	C	T
N3_kudriavzevii	0.0044897957493	1	71	G	T
N3_kudriavzevii	0.00456882500797	2	473	A	G
N3_kudriavzevii	0.00503967041656	2	467	G	A
N3_kudriavzevii	0.00505448043271	2	236	T	C
N3_kudriavzevii	0.00510734818638	1	254	G	A
N3_kudriavzevii	0.0052008136432	2	128	C	T
N3_kudriavzevii	0.00534523302402	2	56	G	A
N3_kudriavzevii	0.00534835771979	2	14	T	C
N3_kudriavzevii	0.00599196793739	2	38	C	T
N3_N4	0.000102732736493	1	239	G	A
N3_N4	0.000144283177194	2	191	G	A
N3_N4	0.000340397227595	2	245	C	T
N3_N4	0.000391617399572	1	365	C	T
N3_N4	0.000521765572647	1	288	A	G
N3_N4	0.000659958986205	2	236	T	C
N3_N4	0.000787322134357	1	482	T	C
N3_N4	0.000976616266269	2	44	T	C
N3_N4	0.00115836693343	2	290	A	G
N3_N4	0.00171623355184	2	314	C	T
N3_N4	0.00195810332443	1	431	T	C
N3_N4	0.00230649235613	1	338	G	A
N4_mikatae	0.000564179068167	1	308	T	C
N4_mikatae	0.00138548572482	1	41	G	A
N4_mikatae	0.00154299324108	1	326	G	A
N4_mikatae	0.00199538807129	2	185	T	C
N4_mikatae	0.00240407420052	1	242	A	G
N4_mikatae	0.00268708472869	1	248	C	T
N4_mikatae	0.00300802850025	1	383	G	A
N4_mikatae	0.00307913059614	1	257	G	C
N4_mikatae	0.00325663955216	1	35	G	A
N4_mikatae	0.00329226680332	1	467	G	A
N4_mikatae	0.00368194977607	1	479	T	C
N4_mikatae	0.00402052177737	2	435	A	G
N4_mikatae	0.00414616282739	2	383	G	A
N4_N5	0.000184926743353	2	317	T	C
N4_N5	0.000273895845639	1	251	A	G
N4_N5	0.000949568544005	2	206	T	C
N4_N5	0.00097816952904	1	383	G	A
N4_N5	0.0012205242138	1	113	A	G
N4_N5	0.00144710877853	1	194	G	A
N4_N5	0.00157759854783	1	170	A	G
N4_N5	0.00157853697582	1	179	A	G
N5_paradoxus	0.000172246030266	1	35	G	A
N5_paradoxus	0.00020929925906	1	477	G	A
N5_paradoxus	0.000340388320803	1	50	G	C
N5_paradoxus	0.000567040319282	1	395	A	G
N5_paradoxus	0.000652366666885	2	140	C	T
N5_paradoxus	0.0008126544799	2	32	A	G
N5_paradoxus	0.00124232505323	1	389	A	G
N5_paradoxus	0.00148941117602	2	179	A	G
N5_paradoxus	0.00154440619128	1	422	T	G
N5_paradoxus	0.00155375000715	1	324	C	T
N5_cerevisiae	0.00123727438574	2	158	T	C
N5_cerevisiae	0.00149301617916	2	321	C	T
N5_cerevisiae	0.00153944024054	1	133	T	C
N5_cerevisiae	0.00162992426871	1	220	T	C
N5_cerevisiae	0.00235475599988	1	89	T	C
N5_cerevisiae	0.00273184157473	1	302	A	G
N5_cerevisiae	0.00315755187386	2	407	G	A
N5_cerevisiae	0.00321703768244	1	260	A	T
N5_cerevisiae	0.00330127422935	2	218	T	C
N5_cerevisiae	0.00365501951867	2	131	A	G
N5_cerevisiae	0.0036587329675	2	326	A	T
N5_cerevisiae	0.00409950121587	2	401	C	T
N5_cerevisiae	0.00421650443193	1	485	T	C
