edge	time	orlg_from	orlg_to	tract_length	start_pos	stop_pos	num_diff	template_seq	overide_seq
D1_N1	0.000804030170748	1	2	1	445	445	0	C	C
D1_N1	0.00242342393015	2	1	1	525	525	0	G	G
D1_N1	0.00268591131011	1	2	1	261	261	0	A	A
D1_N1	0.00445847658477	2	1	1	532	532	0	G	G
D1_N1	0.00521633535476	2	1	1	118	118	0	A	A
D1_N1	0.00684775147655	2	1	1	61	61	0	A	A
D1_N1	0.00841046814804	2	1	1	222	222	1	G	A
N1_castellii	0.00125384835754	2	1	1	814	814	0	T	T
N1_castellii	0.00150835610225	2	1	1	610	610	0	C	C
N1_castellii	0.00166031163867	1	2	1	732	732	0	G	G
N1_castellii	0.00268881592363	1	2	1	584	584	1	C	T
N1_castellii	0.00625429892511	2	1	1	409	409	0	T	T
N1_castellii	0.00738589297009	2	1	1	328	328	0	G	G
N1_castellii	0.00743528105818	2	1	1	320	320	0	A	A
N1_N2	0.000647971887102	2	1	1	51	51	0	T	T
N1_N2	0.00245924154433	1	2	1	884	884	0	T	T
N1_N2	0.00264854135474	2	1	1	519	519	0	T	T
N1_N2	0.0030892437698	2	1	1	726	726	0	T	T
N1_N2	0.00574680418448	2	1	1	542	542	0	C	C
N1_N2	0.00669882908329	2	1	1	175	175	0	G	G
N1_N2	0.00805563861148	1	2	1	686	686	0	T	T
N2_bayanus	0.00185765909361	1	2	1	694	694	0	G	G
N2_bayanus	0.00236343907338	1	2	1	617	617	0	G	G
N2_bayanus	0.00277162477862	2	1	1	635	635	0	C	C
N2_bayanus	0.00339677931447	1	2	1	450	450	0	A	A
N2_bayanus	0.00371558840835	2	1	1	820	820	0	T	T
N2_bayanus	0.00405163103373	2	1	1	31	31	0	T	T
N2_bayanus	0.00548205648988	2	1	1	47	47	0	T	T
N2_bayanus	0.00686252036171	2	1	1	226	226	0	G	G
N2_bayanus	0.00793857587263	2	1	1	219	219	0	G	G
N2_bayanus	0.00986955118057	1	2	1	406	406	0	T	T
N2_N3	0.00209145266109	1	2	1	82	82	0	G	G
N2_N3	0.00510684583738	2	1	1	688	688	0	C	C
N2_N3	0.00546381668736	1	2	1	30	30	0	G	G
N2_N3	0.00577208554706	2	1	1	662	662	0	G	G
N2_N3	0.00688818341487	2	1	1	778	778	0	C	C
N2_N3	0.00851255063917	2	1	1	290	290	0	A	A
N2_N3	0.00853016256044	2	1	1	167	167	0	T	T
N3_kudriavzevii	0.000826512653012	2	1	1	887	887	0	A	A
N3_kudriavzevii	0.00225170657858	2	1	1	298	298	0	G	G
N3_kudriavzevii	0.00323312215195	1	2	1	684	684	0	C	C
N3_kudriavzevii	0.00332749550467	1	2	1	535	535	0	C	C
N3_kudriavzevii	0.00393230665876	2	1	1	216	216	0	T	T
N3_kudriavzevii	0.00461157176457	2	1	1	416	416	1	G	T
N3_kudriavzevii	0.00480247364181	1	2	1	464	464	0	C	C
N3_kudriavzevii	0.00537912169954	1	2	1	891	891	0	T	T
N3_kudriavzevii	0.00671972707864	1	2	1	588	588	0	A	A
N3_kudriavzevii	0.00870715594932	1	2	1	126	126	0	C	C
N3_kudriavzevii	0.00875317020835	2	1	1	876	876	0	T	T
N3_kudriavzevii	0.00964960637886	1	2	1	835	835	0	G	G
N3_kudriavzevii	0.00982698078597	1	2	1	696	696	0	T	T
N3_N4	0.00177283219641	1	2	1	679	679	0	G	G
N3_N4	0.00287018974744	1	2	1	276	276	0	T	T
N3_N4	0.00351993655512	2	1	1	884	884	0	T	T
N3_N4	0.007086026276	1	2	1	564	564	0	C	C
N4_mikatae	0.00439429432476	1	2	1	645	645	0	C	C
N4_mikatae	0.00697322731263	2	1	1	744	744	0	A	A
N4_mikatae	0.00761629664722	2	1	1	463	463	0	G	G
N4_N5	0.00287957851266	2	1	1	17	17	0	C	C
N5_paradoxus	6.7793892047e-05	1	2	1	791	791	1	T	C
N5_paradoxus	0.00292891070861	2	1	1	290	290	0	A	A
N5_paradoxus	0.00542702472614	2	1	1	473	473	0	A	A
N5_paradoxus	0.00602880465541	1	2	1	29	29	0	C	C
N5_paradoxus	0.00669741819943	1	2	1	795	795	0	T	T
N5_paradoxus	0.00853376401531	2	1	1	743	743	0	T	T
N5_paradoxus	0.0087685152024	2	1	1	71	71	0	C	C
N5_paradoxus	0.00955369621266	1	2	1	460	460	0	C	C
N5_cerevisiae	7.92377579526e-05	2	1	1	818	818	0	G	G
N5_cerevisiae	0.000148176287052	1	2	1	162	162	1	T	C
N5_cerevisiae	0.000509986397964	2	1	1	69	69	0	G	G
N5_cerevisiae	0.0024022441472	1	2	1	515	515	0	A	A
N5_cerevisiae	0.00337911443391	2	1	1	451	451	1	A	G
N5_cerevisiae	0.00514969369865	1	2	1	256	256	0	T	T
N5_cerevisiae	0.00754473187807	2	1	1	657	657	0	A	A
N5_cerevisiae	0.00889631910831	2	1	1	793	793	0	T	T
N5_cerevisiae	0.00959220631126	1	2	1	870	870	0	T	T
