edge	time	mut_orlg	mut_pos	old_state	new_state
N0_kluyveri	6.31206713208e-05	0	496	C	T
N0_kluyveri	0.000717571149479	0	104	C	T
N0_kluyveri	0.000792681972822	0	601	C	T
N0_kluyveri	0.00156205693879	0	433	A	T
N0_kluyveri	0.00162649806831	0	823	A	G
N0_kluyveri	0.00279220270906	0	63	A	C
N0_kluyveri	0.00283126969771	0	93	T	C
N0_kluyveri	0.00310437379796	0	517	A	G
N0_kluyveri	0.00319131551903	0	599	A	T
N0_kluyveri	0.00428433897095	0	656	G	T
N0_kluyveri	0.00573468751095	0	240	C	T
N0_kluyveri	0.00713911910258	0	263	G	A
N0_kluyveri	0.00819621132335	0	763	C	T
N0_kluyveri	0.00895250232427	0	307	C	T
N0_kluyveri	0.00935385873463	0	454	G	T
N0_kluyveri	0.0108354287765	0	641	T	C
D1_N1	3.41856974519e-05	2	277	C	T
D1_N1	0.000468718856428	2	73	G	A
D1_N1	0.000472123920147	2	68	A	G
D1_N1	0.000534433474546	1	508	T	C
D1_N1	0.000554521274069	2	128	C	T
D1_N1	0.000645066914154	2	790	C	T
D1_N1	0.000700522285731	2	520	C	T
D1_N1	0.00118686703853	1	125	G	A
D1_N1	0.00199548852658	2	361	G	A
D1_N1	0.00207242344414	2	817	C	T
D1_N1	0.00212299141961	1	784	T	C
D1_N1	0.00219187625977	1	93	T	G
D1_N1	0.0022804930643	1	336	C	T
D1_N1	0.00245487411544	2	574	A	G
D1_N1	0.00254124835988	1	763	C	T
D1_N1	0.00296043825961	1	645	C	T
D1_N1	0.003104161108	1	451	A	T
D1_N1	0.00325657012917	2	41	T	C
D1_N1	0.00356681162128	2	757	A	G
D1_N1	0.00374414058884	2	422	A	G
D1_N1	0.00388923630475	1	823	A	G
D1_N1	0.00434578447953	2	312	C	T
D1_N1	0.00466473526743	2	74	G	C
D1_N1	0.00468663528261	1	583	C	T
D1_N1	0.00497398296712	1	781	C	G
D1_N1	0.00521031065868	1	387	A	T
D1_N1	0.00541910733121	1	505	T	A
D1_N1	0.00545675246046	1	626	T	A
D1_N1	0.00548147404514	2	760	G	A
D1_N1	0.00566950559223	1	739	G	A
D1_N1	0.00592707180318	2	272	T	C
D1_N1	0.00630259508766	1	769	A	G
D1_N1	0.00671802137913	2	619	G	C
D1_N1	0.00679296907261	2	134	A	G
D1_N1	0.00685695028705	2	38	G	A
D1_N1	0.00708473161767	1	593	C	T
D1_N1	0.00734880593094	2	61	C	T
D1_N1	0.00739409193972	2	626	T	C
D1_N1	0.00816117893449	1	712	A	G
D1_N1	0.00865423068307	1	643	T	C
D1_N1	0.00890811087798	2	55	T	C
D1_N1	0.0100883125505	1	730	C	T
D1_N1	0.010291021111	1	670	A	G
D1_N1	0.0104968725716	2	697	T	C
D1_N1	0.0105332087225	2	93	T	A
D1_N1	0.0107062466116	2	596	G	A
D1_N1	0.0110992229669	2	709	C	T
D1_N1	0.0113730019039	2	658	A	G
D1_N1	0.0115634556282	2	532	G	A
D1_N1	0.0115730091264	2	661	A	C
D1_N1	0.0115735728487	1	51	T	C
D1_N1	0.011773407786	1	730	T	C
D1_N1	0.0118913972651	2	568	T	C
D1_N1	0.012426340656	2	108	T	C
N1_castellii	0.000759841671654	1	406	G	A
N1_castellii	0.000917101570054	1	425	G	A
N1_castellii	0.00118583090152	1	283	G	A
N1_castellii	0.00233794580288	2	778	C	G
N1_castellii	0.00235749725109	1	505	A	G
N1_castellii	0.00292218162667	2	604	G	A
N1_castellii	0.00306284595737	2	586	C	T
N1_castellii	0.00332816491857	2	14	G	A
N1_castellii	0.00336040786483	1	432	G	A
N1_castellii	0.00340105650267	1	496	C	T
N1_castellii	0.00411685840671	1	642	C	T
N1_castellii	0.0041582864022	1	707	T	C
N1_castellii	0.00480636793832	2	41	C	T
N1_castellii	0.00544797474243	1	562	T	C
N1_castellii	0.00567728796517	2	550	T	C
N1_castellii	0.00608313531617	2	475	T	C
N1_castellii	0.00612332583346	1	691	G	A
N1_castellii	0.00619186058474	1	517	A	G
N1_castellii	0.00644674693823	1	814	T	G
N1_castellii	0.00655684314001	1	275	A	T
N1_castellii	0.00676236139192	1	640	T	C
N1_castellii	0.00717864277048	1	772	G	A
N1_castellii	0.00723590185743	1	357	T	A
N1_castellii	0.00729390156562	1	542	T	C
N1_castellii	0.00755144746727	2	700	T	C
N1_castellii	0.00796205316332	1	484	T	C
N1_castellii	0.00806642169137	1	454	G	A
N1_castellii	0.00807652259536	2	451	T	C
N1_castellii	0.00839147969666	2	655	T	C
N1_castellii	0.00859360179599	1	73	A	G
N1_castellii	0.00873807218919	1	694	A	T
N1_castellii	0.00893106871756	1	802	T	C
N1_castellii	0.00933161581811	1	676	T	C
N1_castellii	0.00940938509188	2	631	T	C
N1_castellii	0.00965254685156	1	802	C	G
N1_castellii	0.0101121704293	1	102	C	T
N1_castellii	0.0102045199985	1	405	G	A
N1_castellii	0.0108252051759	2	808	C	T
N1_castellii	0.0110504933782	1	58	A	G
N1_castellii	0.0112633586246	1	487	C	T
N1_castellii	0.0118389269962	2	578	C	T
N1_castellii	0.0120251736973	1	781	C	T
N1_castellii	0.0127364619604	2	86	A	G
N1_castellii	0.0130843163186	1	676	C	T
N1_castellii	0.0131076929076	1	123	G	A
N1_castellii	0.0132929532811	2	823	A	C
N1_castellii	0.0133216196176	1	820	G	T
N1_castellii	0.0134923302276	2	706	C	A
N1_castellii	0.0137450219104	1	664	G	A
N1_castellii	0.0138793117502	2	112	T	C
N1_castellii	0.0139155578917	2	44	C	T
N1_N2	1.86370448084e-05	2	517	A	G
N1_N2	0.000165572845762	2	637	C	T
N1_N2	0.000388426997179	2	475	T	A
N1_N2	0.000465082943181	2	20	A	T
N1_N2	0.000940030758345	2	503	C	T
N1_N2	0.000997635316604	1	318	T	C
N1_N2	0.00128023097906	2	343	A	G
N1_N2	0.00138165992996	2	29	A	G
N1_N2	0.00145691069227	2	292	A	G
N1_N2	0.00160812274525	2	748	G	A
N1_N2	0.00162204766321	2	26	T	C
N1_N2	0.00164711344372	2	267	G	A
N1_N2	0.00170128829459	2	281	T	C
N1_N2	0.00191409454126	1	766	T	G
N1_N2	0.0019331370782	1	610	T	C
N1_N2	0.00204528253254	1	751	C	T
N1_N2	0.00205667584682	1	417	C	T
N1_N2	0.00283372050791	2	745	T	C
N1_N2	0.00350715421867	1	586	C	T
N1_N2	0.00385763771486	1	375	T	C
N1_N2	0.00439450905253	2	775	C	T
N1_N2	0.0046131470496	2	183	G	A
N1_N2	0.00465088394475	2	793	A	G
N1_N2	0.00497671679614	1	814	T	C
N1_N2	0.00521303845727	1	508	C	T
N1_N2	0.0053823581449	1	749	T	C
N1_N2	0.00540810011162	1	44	C	A
N1_N2	0.00564767636612	1	451	T	C
N1_N2	0.00588773914624	1	646	C	T
N1_N2	0.00612194670291	2	235	C	T
N1_N2	0.00653117694633	2	619	C	T
N1_N2	0.00655984744103	1	598	A	G
N1_N2	0.00670023552481	1	601	C	T
N1_N2	0.00676660121226	1	82	C	T
N1_N2	0.00699157714885	2	457	C	T
N1_N2	0.00707525434608	1	752	T	C
N1_N2	0.0076990295998	2	778	C	T
N1_N2	0.00797299552114	1	467	T	C
N1_N2	0.00797930021321	2	74	C	T
N1_N2	0.00801479493889	2	508	C	T
N2_bayanus	6.82841833891e-05	2	700	T	A
N2_bayanus	0.000506988416465	1	799	T	C
N2_bayanus	0.000824636548926	2	41	T	C
N2_bayanus	0.00082975373961	1	673	A	G
N2_bayanus	0.00101378053894	2	490	G	A
N2_bayanus	0.00102837655376	2	399	C	T
N2_bayanus	0.00110925280345	1	666	A	G
N2_bayanus	0.00163644381965	1	814	T	C
N2_bayanus	0.00189670525594	2	33	C	T
N2_bayanus	0.00232368347684	1	736	C	T
N2_bayanus	0.0025241187731	1	589	G	A
N2_bayanus	0.00269179934252	1	641	T	C
N2_bayanus	0.00380554528403	1	765	G	A
N2_bayanus	0.00381429017227	1	830	G	A
N2_bayanus	0.00383564098157	1	664	G	A
N2_bayanus	0.00413759855098	2	214	T	C
N2_bayanus	0.00417194694853	2	628	G	A
N2_bayanus	0.0042714740103	1	398	C	T
N2_bayanus	0.004308868236	2	508	T	C
N3_kudriavzevii	0.000151831025657	2	344	G	A
N3_kudriavzevii	0.000250866415057	2	559	A	T
N3_kudriavzevii	0.000661083135096	1	640	T	C
N3_kudriavzevii	0.00105730056855	2	811	A	G
N3_kudriavzevii	0.00108667642789	1	20	A	G
N3_kudriavzevii	0.00112446755881	2	598	G	T
N3_kudriavzevii	0.00251620588037	1	496	C	T
N3_kudriavzevii	0.00304534981457	2	799	T	C
N3_kudriavzevii	0.00328373511084	1	20	G	A
N3_kudriavzevii	0.00342259886306	1	529	G	A
N3_kudriavzevii	0.00343217854686	1	706	C	T
N3_kudriavzevii	0.0034368057325	2	233	C	A
N3_kudriavzevii	0.00346573327939	2	532	G	A
N3_kudriavzevii	0.00358553579129	2	766	T	C
N3_kudriavzevii	0.00362420293121	2	631	T	C
N3_kudriavzevii	0.00368083118587	1	49	G	A
N3_kudriavzevii	0.00431074760066	1	448	A	G
N3_kudriavzevii	0.00451860687822	2	655	T	A
N3_kudriavzevii	0.00472058510885	1	652	G	A
N3_kudriavzevii	0.00480009181892	1	646	T	C
N3_kudriavzevii	0.00505242173999	2	670	G	T
N3_kudriavzevii	0.0051193792173	1	77	C	T
N3_kudriavzevii	0.00518665931249	2	715	C	T
N3_kudriavzevii	0.00521098665281	2	23	A	G
N3_kudriavzevii	0.00592521231537	1	274	G	A
N3_kudriavzevii	0.00642421784023	2	382	A	T
N3_kudriavzevii	0.00683885064995	1	676	T	C
N4_mikatae	1.86743467269e-06	1	604	G	A
N4_mikatae	0.0005454467526	1	68	G	T
N4_mikatae	0.0013510065597	1	712	A	G
N4_mikatae	0.0014911006461	2	757	G	A
N4_mikatae	0.00202706143471	2	329	T	A
N4_mikatae	0.00232283905199	1	568	T	C
N4_mikatae	0.00245863847352	1	793	A	G
N4_mikatae	0.00277543332293	1	475	T	C
N4_mikatae	0.00303463569111	2	35	T	C
N4_mikatae	0.00307637906504	2	536	C	A
N4_mikatae	0.00346008710338	2	640	T	G
N4_mikatae	0.00351252670827	2	787	T	C
N4_mikatae	0.00363918366556	1	538	G	A
N4_mikatae	0.00380016364785	2	787	C	A
N4_mikatae	0.00391886768141	2	538	G	A
N4_mikatae	0.0051496519562	1	649	T	C
N4_mikatae	0.00579128064948	2	269	A	G
N4_N5	0.000205213106804	1	252	C	T
N4_N5	0.000261949366275	2	496	C	T
N4_N5	0.000315056930176	2	730	C	T
N4_N5	0.000400812530361	2	502	A	G
N4_N5	0.000429440074583	2	799	T	C
N4_N5	0.000543491376955	2	787	T	C
N4_N5	0.000568996806564	2	676	T	C
N5_paradoxus	7.07964286734e-06	1	739	G	A
N5_paradoxus	0.000287545423317	2	44	C	T
N5_paradoxus	0.00056072042236	2	61	T	C
N5_paradoxus	0.000646559127163	1	743	C	T
N5_paradoxus	0.000716813892594	1	15	C	T
N5_paradoxus	0.000980281294558	1	497	C	T
N5_paradoxus	0.00103814626341	1	802	T	C
N5_paradoxus	0.00115008693276	1	712	A	G
N5_paradoxus	0.00125724407531	1	100	A	G
N5_cerevisiae	0.000475994622328	2	700	T	C
N5_cerevisiae	0.000911972765117	2	372	G	A
N5_cerevisiae	0.00136426939409	2	55	T	C
N5_cerevisiae	0.0014270367932	1	30	A	G
N5_cerevisiae	0.00186081965001	1	562	T	C
N5_cerevisiae	0.00218456844008	2	721	T	A
N5_cerevisiae	0.00233780948932	1	570	C	T
N5_cerevisiae	0.00269668971694	1	805	T	C
