edge	time	mut_orlg	mut_pos	old_state	new_state
N0_D1	0.00180711874403	0	874	A	C
N0_D1	0.00181827790899	0	233	T	C
N0_D1	0.00322976614074	0	1189	G	A
N0_D1	0.0042592092865	0	1118	G	T
N0_D1	0.00487734283549	0	1143	G	C
N0_D1	0.00509152768021	0	1231	G	A
N0_D1	0.00522059848983	0	674	A	C
N0_D1	0.00740742452315	0	899	C	A
N0_D1	0.00742847293764	0	1077	G	T
N0_D1	0.00996724159887	0	199	A	G
N0_D1	0.011396927328	0	204	T	G
N0_D1	0.0129630660662	0	1172	T	G
N0_D1	0.0133710904581	0	336	G	A
N0_D1	0.0150026958568	0	404	G	A
N0_D1	0.0153596012474	0	288	A	G
N0_D1	0.015728199651	0	1175	T	C
N0_D1	0.0177278215494	0	72	T	C
N0_D1	0.0177311987704	0	67	G	A
N0_D1	0.0179664202017	0	647	T	A
N0_D1	0.0190399763812	0	595	T	C
N0_D1	0.0192388123235	0	1098	A	G
N0_D1	0.0201729731709	0	163	C	T
N0_D1	0.0202924521449	0	51	C	A
N0_D1	0.0211578534082	0	316	T	C
N0_D1	0.0222533669049	0	248	C	T
N0_D1	0.0224606026688	0	1065	T	G
N0_D1	0.0229274656243	0	680	A	G
N0_D1	0.0230831764926	0	493	T	G
N0_D1	0.0242205856663	0	853	A	G
N0_D1	0.0268935422227	0	661	C	A
N0_D1	0.0277102406437	0	103	C	T
N0_D1	0.0279055615766	0	1187	A	G
N0_D1	0.0293038367534	0	1134	C	T
N0_D1	0.0296496775777	0	1082	T	A
N0_D1	0.0296603590633	0	939	A	G
N0_D1	0.0308512845702	0	135	A	T
N0_D1	0.033453676432	0	432	A	G
N0_D1	0.0341543240666	0	907	A	C
N0_D1	0.036180092163	0	35	T	A
N0_D1	0.0362859399191	0	458	T	C
N0_D1	0.0374098007055	0	810	C	G
N0_D1	0.0381316869351	0	64	A	C
N0_D1	0.038525779784	0	664	A	T
N0_D1	0.0390007997743	0	986	A	C
N0_D1	0.0394160059279	0	328	C	T
N0_D1	0.0396274531512	0	175	C	T
N0_D1	0.0397311754437	0	891	T	G
N0_D1	0.0400041716452	0	810	G	A
N0_D1	0.0411010330793	0	1047	T	G
N0_D1	0.0426734014487	0	239	A	G
N0_D1	0.0429355003165	0	750	A	G
N0_D1	0.0434210051358	0	307	T	G
N0_D1	0.0448286647228	0	145	C	T
N0_D1	0.044993493267	0	267	G	A
N0_D1	0.0451580486997	0	1146	T	C
N0_D1	0.0452158826774	0	1207	G	C
N0_D1	0.0461053907881	0	115	T	G
N0_D1	0.0463895936908	0	218	G	T
N0_D1	0.0465335889496	0	991	C	G
N0_D1	0.0473556161072	0	1135	C	T
N0_D1	0.0474875226476	0	1048	T	A
N0_D1	0.0482184056594	0	82	G	A
N0_D1	0.0482628142342	0	533	T	C
D1_N1	3.29191103354e-05	2	921	G	T
D1_N1	0.000296710899377	1	93	A	G
D1_N1	0.000412173832394	2	138	A	T
D1_N1	0.00102163462702	1	811	C	T
D1_N1	0.00107236679443	2	151	G	A
D1_N1	0.00144320695456	1	450	G	A
D1_N1	0.00195305733065	1	832	G	A
D1_N1	0.00242346072941	1	557	G	A
D1_N1	0.00322748044205	1	1186	C	G
D1_N1	0.00353546766711	1	378	T	A
D1_N1	0.00356886422965	1	749	A	G
D1_N1	0.00408754570837	2	1203	G	C
D1_N1	0.00422484408784	1	456	T	C
D1_N1	0.00439100217047	1	1149	A	T
D1_N1	0.0047507459995	1	145	T	G
D1_N1	0.00522933683568	1	457	C	G
D1_N1	0.00565079599108	1	902	G	A
D1_N1	0.00651804776695	1	722	G	C
D1_N1	0.00655705603961	2	152	C	T
D1_N1	0.00712947193936	1	92	T	G
D1_N1	0.00736232504029	2	796	C	A
D1_N1	0.00761242095779	1	443	G	A
D1_N1	0.00866944746545	1	1143	C	T
D1_N1	0.00925097030679	1	839	A	T
D1_N1	0.00928744445102	1	129	G	T
D1_N1	0.00933866475055	1	104	C	G
D1_N1	0.00959393381421	2	1052	A	T
D1_N1	0.0101637954908	1	942	T	A
D1_N1	0.0104057384844	1	63	A	G
D1_N1	0.0108979935288	2	976	G	T
D1_N1	0.0114079706691	2	278	C	A
D1_N1	0.0120767365503	1	853	G	A
D1_N1	0.0122704286454	1	476	A	T
D1_N1	0.0128384824848	2	735	C	G
D1_N1	0.0129578053064	2	399	G	A
D1_N1	0.0133000588312	1	295	C	A
D1_N1	0.0134257528402	2	554	T	G
D1_N1	0.0138694280783	1	1106	C	T
D1_N1	0.0142809152679	1	1235	T	C
D1_N1	0.0145135025474	2	1098	G	A
D1_N1	0.0161071382867	2	210	G	T
D1_N1	0.0166199693191	2	74	A	T
D1_N1	0.016859801835	2	23	C	T
D1_N1	0.0175817974591	1	1154	A	G
D1_N1	0.0176336593479	2	37	T	G
D1_N1	0.0177089406986	2	1023	A	T
D1_N1	0.0177932637894	2	322	C	T
D1_N1	0.0184780033823	2	932	A	G
D1_N1	0.0185906365058	1	773	A	G
D1_N1	0.0186683052298	1	261	T	A
D1_N1	0.0190933820369	1	947	C	T
D1_N1	0.0193284941595	2	452	C	G
D1_N1	0.0195066119717	1	332	A	C
D1_N1	0.0198912798043	2	128	T	G
D1_N1	0.0214777921443	2	922	T	G
D1_N1	0.0217441248248	2	959	C	G
D1_N1	0.0223447255905	2	1193	G	T
D1_N1	0.0232594961846	2	800	A	G
D1_N1	0.0233085985783	2	379	T	A
D1_N1	0.0239088346007	2	1036	C	T
D1_N1	0.0239963398155	2	614	T	C
D1_N1	0.0242512642482	1	206	A	G
D1_N1	0.0242945902084	1	1042	T	A
D1_N1	0.0250558888926	2	1084	T	C
D1_N1	0.0258900346676	1	1181	A	G
D1_N1	0.0259380561552	2	828	G	T
D1_N1	0.0270633524138	1	256	T	A
D1_N1	0.0285190460817	2	933	T	C
D1_N1	0.0288998780817	1	1187	G	A
D1_N1	0.0291989880719	2	386	A	G
D1_N1	0.0295146165091	1	1175	C	T
D1_N1	0.0298915491545	2	863	G	A
D1_N1	0.0302438513508	2	664	T	C
D1_N1	0.0305053176717	2	473	A	C
D1_N1	0.0307636423425	1	1116	T	C
D1_N1	0.031360844465	1	919	C	A
D1_N1	0.0316048588141	2	750	G	T
D1_N1	0.0322190288433	2	1221	T	A
D1_N1	0.0328641230598	2	783	A	T
D1_N1	0.0339336205832	2	200	T	G
D1_N1	0.0342185449548	1	1151	A	T
D1_N1	0.0342448013233	1	411	C	G
D1_N1	0.0351005759678	1	1062	C	T
D1_N1	0.0354138125261	2	509	A	G
D1_N1	0.0364481071505	1	604	T	C
D1_N1	0.0364744121833	2	126	C	T
D1_N1	0.0373176496665	1	565	T	A
D1_N1	0.0377558354117	2	1074	G	A
D1_N1	0.0380146046715	2	108	T	A
D1_N1	0.038040138851	1	797	C	T
D1_N1	0.0381025024207	2	1065	G	A
D1_N1	0.0383273189846	1	595	C	G
D1_N1	0.03833302756	1	295	A	G
D1_N1	0.0384158849404	2	602	G	T
D1_N1	0.0386124417982	2	828	T	C
D1_N1	0.0386856322532	2	170	T	A
D1_N1	0.0400174107872	1	789	T	A
D1_N1	0.0409159003281	2	495	A	T
D1_N1	0.0411549913294	2	141	C	A
D1_N1	0.0422327484857	1	299	A	G
D1_N1	0.0428612681154	2	505	T	C
D1_N1	0.0432689803245	1	771	A	T
D1_N1	0.0449135622912	2	771	A	G
D1_N1	0.0454711423975	1	187	G	A
D1_N1	0.0455776616697	1	252	C	A
D1_N1	0.0456143774636	1	7	A	T
D1_N1	0.0457503344758	1	356	A	G
D1_N1	0.0466815772682	1	539	A	T
D1_N1	0.0466963967427	1	285	G	A
D1_N1	0.0475135554502	1	1052	A	G
D1_N1	0.0478172104714	2	1210	G	T
D1_N1	0.049308613887	1	775	G	T
D1_N1	0.0495832027021	1	117	A	T
D1_N1	0.0499010923246	1	404	A	T
D1_N1	0.0499113197882	2	976	T	G
D1_N1	0.0502498185926	1	602	G	C
D1_N1	0.0503647094028	1	507	A	G
D1_N1	0.0510653474409	1	579	G	A
D1_N1	0.0513559074497	2	1013	C	T
D1_N1	0.0517284027768	2	586	G	A
D1_N1	0.0521985392718	2	325	T	C
D1_N1	0.0534793349006	2	1070	G	A
D1_N1	0.0548305942406	2	1113	T	A
D1_N1	0.0548568837008	2	377	T	G
D1_N1	0.0550652202181	2	824	C	T
D1_N1	0.0551319741563	1	56	T	A
D1_N1	0.0551894126787	1	263	A	C
D1_N1	0.055241447697	2	33	A	T
D1_N1	0.0559412237333	2	110	G	A
D1_N1	0.0559727114365	1	6	G	T
D1_N1	0.0567073965728	1	715	G	C
D1_N1	0.0569808240265	2	304	T	G
D1_N1	0.0580217840903	1	850	T	A
D1_N1	0.0583908158903	2	1142	G	T
D1_N1	0.0593083968141	1	1015	A	C
D1_N1	0.0594223665193	2	487	A	G
D1_N1	0.0597275812821	1	847	T	A
D1_N1	0.0606218459822	2	511	T	A
D1_N1	0.0610678200184	2	547	A	C
D1_N1	0.0618199243709	1	1039	G	A
D1_N1	0.0629026810342	1	332	C	T
D1_N1	0.0630772682912	2	939	G	T
D1_N1	0.0642402636295	2	898	G	T
D1_N1	0.0643415009106	2	135	T	A
D1_N1	0.064676846868	2	682	T	G
D1_N1	0.0660565419232	2	920	A	G
D1_N1	0.066308303597	1	1147	T	G
D1_N1	0.0666788471919	1	580	A	G
D1_N1	0.0669895188245	2	780	G	T
D1_N1	0.067033842379	1	778	C	A
D1_N1	0.067142758718	2	233	C	T
D1_N1	0.0673824001417	1	167	G	T
D1_N1	0.0676913269955	1	140	A	C
D1_N1	0.0677813403204	2	941	A	T
D1_N1	0.0677969689451	1	528	A	T
D1_N1	0.0687626470327	1	593	A	G
D1_N1	0.0687722748078	1	620	C	A
D1_N1	0.0688853980914	2	632	A	G
D1_N1	0.0692120635923	1	444	A	T
D1_N1	0.0694190187316	2	508	T	C
D1_N1	0.0698010271702	1	1028	T	A
D1_N1	0.070153065693	2	1232	C	T
D1_N1	0.0706857589976	2	705	T	C
D1_N1	0.0716040154909	1	983	T	C
D1_N1	0.0721710801899	1	853	A	G
D1_N1	0.0724064728329	1	210	G	C
D1_N1	0.0737935216418	2	1115	A	C
D1_N1	0.0741414837404	2	1032	A	G
D1_N1	0.0750775167057	2	1077	T	C
D1_N1	0.0753939165598	2	1056	T	A
D1_N1	0.0756724741338	2	302	G	A
D1_N1	0.0778372728178	2	196	T	C
D1_N1	0.0780699687608	2	350	G	A
D1_N1	0.0782233639947	1	684	G	T
D1_N1	0.0782426836048	2	1112	A	G
D1_N1	0.0782599740177	2	1128	C	T
D1_N1	0.0783054603461	2	604	T	C
D1_N1	0.0784913572057	1	901	T	A
D1_N1	0.079018946308	2	88	A	G
D1_N1	0.0797156417464	1	315	G	A
D1_N1	0.0806390160137	1	89	G	A
D1_N1	0.0809559585	2	78	A	T
D1_N1	0.0811155837217	1	208	G	C
D1_N1	0.0814098413275	1	728	T	A
D1_N1	0.0820247666145	1	1161	G	T
D1_N1	0.0834039990806	2	1051	A	T
D1_N1	0.083417249532	1	1044	T	G
D1_N1	0.083620505204	2	318	A	T
D1_N1	0.0837604260428	2	724	C	T
D1_N1	0.0838236149832	2	978	G	T
D1_N1	0.0841593686893	1	774	C	G
D1_N1	0.084219710751	1	385	C	A
D1_N1	0.0845574321341	1	401	C	T
D1_N1	0.0846441035409	1	283	T	G
D1_N1	0.084686644799	1	862	G	A
D1_N1	0.0855102281976	1	1124	G	C
D1_N1	0.086078478777	1	1098	G	A
D1_N1	0.0870699112878	1	1010	T	C
D1_N1	0.0879346465591	2	779	G	A
D1_N1	0.0886877561828	1	616	C	A
D1_N1	0.0887379218663	1	785	G	C
D1_N1	0.08900839873	1	131	G	A
D1_N1	0.091022980614	2	873	C	T
D1_N1	0.0911395931782	2	311	A	C
D1_N1	0.0915133977018	2	421	G	T
D1_N1	0.0915705902945	2	1212	G	A
D1_N1	0.0916168512212	1	903	T	A
D1_N1	0.0920487044578	1	349	T	C
D1_N1	0.0923488220594	1	249	A	T
D1_N1	0.0926195894013	1	11	A	G
D1_N1	0.0926577620736	2	115	G	A
D1_N1	0.0928722411181	1	645	G	T
D1_N1	0.0932566439267	2	482	A	C
D1_N1	0.093507769893	1	1103	T	C
D1_N1	0.0935482193881	2	575	T	C
D1_N1	0.093834668882	1	747	C	T
D1_N1	0.0939034286512	2	212	A	G
D1_N1	0.0941196772634	1	794	G	A
D1_N1	0.0949377084286	1	914	A	G
D1_N1	0.0952740285978	2	292	A	T
D1_N1	0.0955038493922	2	295	C	T
D1_N1	0.0956373693609	2	385	C	T
D1_N1	0.0961599886088	2	168	A	C
D1_N1	0.0961767252428	1	924	C	T
D1_N1	0.0964299362221	1	557	A	C
D1_N1	0.0966964285012	1	988	C	A
D1_N1	0.0967236766239	2	1226	A	T
D1_N1	0.0970315365376	1	1015	C	G
D1_N1	0.0974233404028	1	462	A	G
D1_N1	0.0978643299196	1	858	T	C
D1_N1	0.0978716766924	1	740	T	C
D1_N1	0.0981338617282	2	926	T	C
D1_N1	0.0986075137381	2	1094	A	G
D1_N1	0.0990314489962	1	497	T	C
D1_N1	0.0991332414762	1	459	T	A
D1_N1	0.0993330111676	1	994	T	A
D1_N1	0.0995009703117	2	719	T	A
D1_N1	0.0999371953591	2	1056	A	G
D1_N1	0.100283301936	2	197	C	G
D1_N1	0.10047685021	1	78	A	G
D1_N1	0.100584664945	1	199	G	A
D1_N1	0.100856344205	1	900	T	A
D1_N1	0.101533342899	2	578	A	G
D1_N1	0.102396989333	1	1040	T	C
D1_N1	0.103731456369	1	181	A	G
D1_N1	0.104016976891	2	496	G	A
D1_N1	0.104445786297	1	617	T	A
D1_N1	0.104557313649	2	57	T	C
D1_N1	0.104751672528	2	592	G	T
D1_N1	0.105199485405	2	293	T	A
D1_N1	0.105719076605	1	380	T	A
D1_N1	0.105753077912	1	34	A	G
D1_N1	0.105844118606	1	1137	C	A
D1_N1	0.105915118976	1	1216	A	G
D1_N1	0.107831198332	1	408	C	A
D1_N1	0.108836199152	1	393	G	A
D1_N1	0.110567155885	1	486	C	T
D1_N1	0.110790741512	2	37	G	T
D1_N1	0.111176168535	2	40	A	T
D1_N1	0.11168487514	2	26	A	G
D1_N1	0.111734240949	1	279	T	A
D1_N1	0.111770264497	2	271	C	T
D1_N1	0.111921866154	1	1193	G	T
D1_N1	0.111970939777	2	251	T	C
D1_N1	0.112460285661	2	1003	T	C
D1_N1	0.112959257287	1	933	T	A
D1_N1	0.11297223062	1	133	G	T
D1_N1	0.113385472877	1	320	A	T
D1_N1	0.113926008327	1	916	C	T
D1_N1	0.114902678347	1	122	C	T
D1_N1	0.115102633619	2	572	A	G
D1_N1	0.115400587189	1	165	A	G
D1_N1	0.115407834138	1	1158	T	C
D1_N1	0.115500212142	1	415	G	A
D1_N1	0.115503977195	2	144	A	T
D1_N1	0.115591789674	2	908	G	C
D1_N1	0.115795651695	1	260	T	A
D1_N1	0.116575818765	2	46	T	A
D1_N1	0.116576549169	1	329	T	C
D1_N1	0.117939404768	2	854	C	T
D1_N1	0.118328280055	1	413	T	G
D1_N1	0.119045440347	2	108	A	T
D1_N1	0.119417285253	1	149	T	G
D1_N1	0.119796897942	1	440	C	T
D1_N1	0.119852699137	1	821	T	G
D1_N1	0.120347198442	2	1054	C	T
D1_N1	0.120362531588	1	1061	C	T
D1_N1	0.120481982753	2	220	G	A
D1_N1	0.12055752175	1	245	T	A
D1_N1	0.121076425491	2	346	A	G
D1_N1	0.121095043724	2	697	T	C
D1_N1	0.121250530885	2	1020	G	A
D1_N1	0.121888113048	1	127	T	C
D1_N1	0.122170652115	1	390	A	G
D1_N1	0.122929267972	1	697	T	C
D1_N1	0.123623577293	1	516	T	C
D1_N1	0.124048619126	2	391	A	G
D1_N1	0.124717992943	1	236	T	G
D1_N1	0.125348015481	2	410	T	C
D1_N1	0.125883074835	2	1208	G	C
D1_N1	0.126026011749	1	201	C	G
D1_N1	0.126512422889	2	743	A	C
D1_N1	0.126552879119	2	568	G	A
D1_N1	0.128324367415	2	239	G	A
D1_N1	0.128511199967	1	1207	C	T
D1_N1	0.128515813794	2	204	G	A
D1_N1	0.128703656312	1	1180	G	A
D1_N1	0.1299161612	1	703	C	A
D1_N1	0.129990596149	1	912	A	C
D1_N1	0.130301009666	2	965	A	G
D1_N1	0.130333391938	2	532	T	A
D1_N1	0.131136332401	1	46	T	C
D1_N1	0.131986124961	2	749	A	G
D1_N1	0.13215948299	1	991	G	C
D1_N1	0.132252651223	2	478	C	G
D1_N1	0.132453416253	1	33	A	G
D1_N1	0.133289988787	1	1225	T	G
D1_N1	0.133814216347	1	205	A	G
D1_N1	0.134136190906	2	121	C	A
D1_N1	0.134204368578	1	6	T	A
D1_N1	0.134639409197	1	452	C	G
D1_N1	0.134691135906	2	1171	C	T
D1_N1	0.135555034126	1	643	T	G
D1_N1	0.136217023568	1	980	C	A
D1_N1	0.136226710771	1	658	G	T
D1_N1	0.136492493002	2	616	C	G
D1_N1	0.136723772069	2	306	C	T
D1_N1	0.137381493213	1	319	G	A
D1_N1	0.137544079502	2	391	G	C
D1_N1	0.137690555896	1	718	A	C
D1_N1	0.1381916837	1	1092	G	T
D1_N1	0.138487193291	1	491	T	A
D1_N1	0.13968544058	1	532	T	A
D1_N1	0.140338083968	2	647	A	G
D1_N1	0.141846534544	2	1047	G	A
D1_N1	0.142125584089	1	944	C	T
D1_N1	0.142228611588	2	616	G	C
D1_N1	0.142624218319	2	107	G	A
D1_N1	0.142800137578	1	688	A	G
D1_N1	0.142988648739	1	1069	G	C
D1_N1	0.143209901343	2	387	A	G
D1_N1	0.143236155186	1	248	T	A
D1_N1	0.14335107246	2	1077	C	A
D1_N1	0.143735626539	2	44	G	C
D1_N1	0.144220862159	1	23	C	T
D1_N1	0.14428246397	1	542	T	C
D1_N1	0.144515317719	1	826	C	T
D1_N1	0.145219099467	1	1167	A	G
D1_N1	0.145596376987	2	1230	C	T
D1_N1	0.145751122921	2	659	C	T
D1_N1	0.146126192932	1	950	A	C
D1_N1	0.147683444735	2	1054	T	C
D1_N1	0.147828405628	1	689	A	T
D1_N1	0.147885052937	1	249	T	A
D1_N1	0.148753959813	2	448	T	C
D1_N1	0.148813748568	1	1156	A	C
D1_N1	0.148919161701	2	71	A	G
D1_N1	0.149312353277	1	1211	C	T
D1_N1	0.149702691673	1	1232	C	T
D1_N1	0.150043996703	2	522	T	G
D1_N1	0.150093170812	1	951	C	T
D1_N1	0.150153074527	2	938	A	G
D1_N1	0.150418501107	2	1121	G	A
D1_N1	0.150625955991	2	532	A	G
D1_N1	0.150693411995	2	952	T	C
D1_N1	0.152851251334	2	831	T	C
D1_N1	0.153884260427	1	619	C	T
D1_N1	0.154061276794	1	807	A	G
D1_N1	0.154294282523	2	1033	A	C
D1_N1	0.155023165168	2	927	C	T
D1_N1	0.155030651538	2	1174	G	C
D1_N1	0.155097739864	2	485	T	C
D1_N1	0.155714104451	2	600	A	G
D1_N1	0.156209472229	2	861	C	A
D1_N1	0.15639049455	1	662	C	T
D1_N1	0.156986711989	1	1038	C	T
D1_N1	0.157214285152	2	1155	G	T
D1_N1	0.159003727364	2	375	C	A
D1_N1	0.159618217287	1	507	G	A
D1_N1	0.159899896895	2	118	G	A
D1_N1	0.16004852863	1	762	A	T
D1_N1	0.16004903774	1	544	T	A
D1_N1	0.160089073163	2	975	A	G
D1_N1	0.161188320192	2	1001	G	A
D1_N1	0.162665848961	1	1146	C	A
D1_N1	0.162916721793	1	494	G	A
D1_N1	0.163657692859	2	591	A	T
D1_N1	0.164631738413	2	895	T	C
D1_N1	0.164688835536	2	109	C	T
D1_N1	0.164921657198	2	1105	G	A
D1_N1	0.164978473945	2	483	G	T
D1_N1	0.165548482664	2	487	G	T
D1_N1	0.165766163514	2	464	A	C
D1_N1	0.166583035848	2	171	T	G
D1_N1	0.167412231921	2	76	G	C
D1_N1	0.168268754563	2	0	T	A
D1_N1	0.168434688081	1	1143	C	G
D1_N1	0.168455651439	2	1080	G	A
D1_N1	0.168834820695	1	381	T	C
D1_N1	0.169434844395	1	475	T	A
D1_N1	0.169913719359	1	503	A	C
D1_N1	0.169970492432	2	651	T	G
D1_N1	0.17001638579	1	10	G	T
D1_N1	0.170220381978	1	1179	C	A
D1_N1	0.170745789204	2	1184	T	A
D1_N1	0.17165905474	2	257	A	T
D1_N1	0.171747286162	2	604	C	A
D1_N1	0.171849703108	1	314	T	G
D1_N1	0.172457218125	2	557	G	A
D1_N1	0.17306681315	1	539	T	G
D1_N1	0.173363216712	2	603	T	C
D1_N1	0.173675143978	1	622	T	A
D1_N1	0.173970345181	1	1155	G	C
D1_N1	0.174050406058	2	874	C	T
D1_N1	0.17524326171	1	49	G	T
D1_N1	0.17531318549	2	1205	A	T
D1_N1	0.176118908308	1	778	A	T
D1_N1	0.176225577317	1	844	A	G
D1_N1	0.176474891016	1	213	T	G
D1_N1	0.176831977691	2	403	C	T
D1_N1	0.177207392814	1	496	G	A
D1_N1	0.178302634875	2	1130	T	G
D1_N1	0.178877377886	1	973	T	C
D1_N1	0.179066685059	2	507	A	T
D1_N1	0.179085219843	1	880	A	G
D1_N1	0.179774119679	1	978	G	A
D1_N1	0.18057902433	2	664	C	G
D1_N1	0.182122717154	1	1033	A	G
D1_N1	0.18226684417	2	768	A	C
D1_N1	0.182359271325	2	1044	T	C
D1_N1	0.182683563812	1	479	T	C
D1_N1	0.182975593806	1	161	A	G
D1_N1	0.183124940748	2	913	C	T
D1_N1	0.18326281765	1	794	A	C
D1_N1	0.183592634401	1	1185	G	T
D1_N1	0.184204604364	2	29	T	G
D1_N1	0.184589085154	1	1001	G	T
D1_N1	0.185412303504	1	896	G	T
D1_N1	0.185622766199	1	160	C	T
D1_N1	0.185864352019	2	825	A	T
D1_N1	0.186022268451	1	884	A	G
D1_N1	0.186271666455	2	228	T	C
D1_N1	0.186548364676	2	814	G	A
D1_N1	0.186659442854	2	1193	T	A
D1_N1	0.18723382329	1	877	G	T
D1_N1	0.187417048778	1	836	A	G
D1_N1	0.187481805892	2	255	T	A
D1_N1	0.187784408146	2	943	T	A
D1_N1	0.187839647122	2	593	A	G
D1_N1	0.188191669822	1	1025	C	A
D1_N1	0.188483979146	2	372	A	G
D1_N1	0.189521380715	1	358	T	C
D1_N1	0.189757030976	1	363	G	T
D1_N1	0.191445645161	1	1117	T	C
D1_N1	0.192229753149	1	55	C	A
D1_N1	0.19375644956	2	256	T	G
D1_N1	0.193799221519	1	956	A	T
D1_N1	0.193842871756	1	1050	T	C
D1_N1	0.193889794219	1	164	G	A
D1_N1	0.19401835203	2	421	T	C
D1_N1	0.194353792983	1	706	A	G
D1_N1	0.196873175177	1	858	C	T
D1_N1	0.198098822917	1	14	C	T
D1_N1	0.198224213402	1	1093	T	C
D1_N1	0.199318888075	2	251	C	T
D1_N1	0.200417482621	2	629	C	T
D1_N1	0.200507696436	1	116	A	T
D1_N1	0.200582766085	1	819	C	T
D1_N1	0.201316348376	1	1151	T	A
D1_N1	0.202386711349	1	1067	A	G
D1_N1	0.2023917017	2	490	T	C
D1_N1	0.202574065003	1	688	G	T
D1_N1	0.202608523154	2	678	T	G
D1_N1	0.203212517339	2	461	G	T
D1_N1	0.203468847942	2	1024	T	G
D1_N1	0.204363782	1	506	C	T
D1_N1	0.204406105437	2	89	G	A
D1_N1	0.20444380995	2	884	A	T
D1_N1	0.204631180682	2	10	G	T
D1_N1	0.204775329995	1	868	A	G
D1_N1	0.205291840059	1	791	A	T
D1_N1	0.205312477957	2	363	G	A
D1_N1	0.205437984261	2	695	A	T
D1_N1	0.206943771461	2	1055	T	C
D1_N1	0.207871671878	1	1210	T	C
D1_N1	0.208310779579	2	1232	T	C
D1_N1	0.208544438233	1	1005	A	G
D1_N1	0.2086724983	1	63	G	A
D1_N1	0.209394944009	1	220	G	T
D1_N1	0.209612032597	2	525	C	T
D1_N1	0.210419146802	2	668	A	G
D1_N1	0.211252576749	2	1106	C	T
D1_N1	0.212062510534	1	559	A	G
D1_N1	0.212496252501	1	602	C	A
D1_N1	0.212527184713	2	173	C	A
D1_N1	0.21271373702	1	542	C	T
D1_N1	0.213635861776	1	1024	T	A
D1_N1	0.213808278448	2	989	T	G
D1_N1	0.213913907881	1	1102	A	C
D1_N1	0.214035782378	2	1065	A	G
D1_N1	0.214558135519	2	626	C	G
D1_N1	0.215341985827	1	128	T	C
D1_N1	0.215406909041	2	770	T	A
D1_N1	0.215869111979	1	917	C	A
D1_N1	0.215894968594	1	738	T	G
D1_N1	0.215928785789	1	871	G	T
D1_N1	0.216196010577	2	53	T	A
D1_N1	0.216515245128	2	214	A	G
D1_N1	0.217258599099	1	1153	A	G
D1_N1	0.217295310076	2	753	G	C
D1_N1	0.217496815393	2	283	T	A
D1_N1	0.217702679146	2	75	A	G
D1_N1	0.218511482641	1	1202	A	G
D1_N1	0.218648020779	1	1034	T	A
D1_N1	0.21884085722	1	621	A	G
D1_N1	0.21919992612	2	578	G	C
D1_N1	0.219339567319	2	118	A	C
D1_N1	0.219845264496	2	239	A	G
D1_N1	0.219859534304	2	230	T	G
D1_N1	0.220172097117	2	811	C	T
D1_N1	0.220815604457	2	162	T	A
D1_N1	0.221405400405	1	512	A	T
D1_N1	0.221580714851	1	1025	A	C
D1_N1	0.221713533941	1	854	C	A
D1_N1	0.22202872862	1	1040	C	A
D1_N1	0.222701330537	2	1122	A	C
D1_N1	0.222944373668	2	208	G	T
D1_N1	0.223468012616	1	1222	C	T
D1_N1	0.223962533397	1	604	C	T
D1_N1	0.224625846403	2	1183	T	A
D1_N1	0.224842855785	2	589	C	T
D1_N1	0.224932900582	2	505	C	T
D1_N1	0.225394946128	1	1185	T	C
D1_N1	0.225862787792	2	561	T	C
D1_N1	0.226044409406	2	977	T	G
D1_N1	0.226120741865	2	965	G	A
D1_N1	0.226265082304	2	1185	G	A
D1_N1	0.226280007056	1	387	A	G
D1_N1	0.226387104488	2	1059	G	A
D1_N1	0.227896736964	2	633	C	G
D1_N1	0.228406681048	1	920	A	T
D1_N1	0.228645744772	2	151	A	G
D1_N1	0.228764615259	1	868	G	C
D1_N1	0.22902007585	2	648	G	C
D1_N1	0.229508786743	2	454	A	T
D1_N1	0.230911832849	2	137	G	T
D1_N1	0.231372584031	1	161	G	A
D1_N1	0.231591422847	1	764	G	A
D1_N1	0.231718182268	1	231	G	T
D1_N1	0.233251734319	2	189	T	G
N1_N2	0.000652909207495	1	568	G	T
N1_N2	0.000834402281281	1	419	G	A
N1_N2	0.00144363159535	2	147	G	C
N1_N2	0.00147627553961	2	789	T	C
N1_N2	0.00151610257975	1	499	A	G
N1_N2	0.00247957221677	1	903	A	C
N1_N2	0.00249812173631	2	1189	A	T
N1_N2	0.00257852052872	1	315	G	T
N1_N2	0.00318850178498	1	1126	C	G
N1_N2	0.0033590401823	1	566	T	A
N1_N2	0.00379007199698	1	575	T	C
N1_N2	0.00412371265281	1	1043	A	C
N1_N2	0.0042392401091	2	562	T	A
N1_N2	0.00554431870101	2	1138	A	T
N1_N2	0.00601470580044	2	1001	A	C
N1_N2	0.00607947900958	1	233	C	T
N1_N2	0.00612232385056	2	82	A	T
N1_N2	0.00638136113994	1	425	G	A
N1_N2	0.00646583657814	1	838	T	A
N1_N2	0.00673626125872	2	1148	G	A
N1_N2	0.00741915203836	2	299	G	C
N1_N2	0.00762473839894	2	48	A	G
N1_N2	0.00839567060449	1	522	T	A
N1_N2	0.00887478685638	2	547	C	T
N1_N2	0.00922289346939	2	382	C	A
N1_N2	0.00935110400618	1	326	C	A
N1_N2	0.0114347693031	2	492	C	G
N1_N2	0.0116938140387	2	304	G	A
N1_N2	0.0121931837569	2	556	T	G
N1_N2	0.0124761141239	2	1054	C	A
N1_N2	0.0128410233228	2	178	G	A
N1_N2	0.0140773665552	2	423	G	A
N1_N2	0.0147374084242	1	705	T	C
N1_N2	0.0151137613304	1	915	C	T
N1_N2	0.0153721751932	1	285	A	C
N1_N2	0.015554986557	1	790	C	T
N2_N3	6.51362744841e-09	1	1228	A	G
N2_N3	0.000472306418526	2	1013	T	A
N2_N3	0.000734872573348	2	1107	A	T
N2_N3	0.00155746621694	1	1086	C	G
N2_N3	0.00208529640604	1	471	T	C
N2_N3	0.00241343999885	1	709	C	G
N2_N3	0.00253783021253	1	960	A	C
N2_N3	0.00299232165277	2	971	A	G
N2_N3	0.00322487823249	1	95	G	T
N2_N3	0.00340589559713	2	814	A	T
N2_N3	0.00356696786689	2	310	A	G
N2_N3	0.00419722118987	1	697	C	T
N2_N3	0.00458321888966	1	502	C	A
N2_N3	0.00471954690505	1	311	A	G
N2_N3	0.00556922437945	1	402	C	T
N2_N3	0.00570374686155	1	87	A	G
N2_N3	0.00595950037163	2	1164	C	T
N2_N3	0.00617980466657	2	945	C	A
N2_N3	0.00684372981915	1	560	C	T
N3_N4	0.000219415953548	2	457	C	T
N3_N4	0.000423613826248	2	149	T	C
N3_N4	0.000434602007418	2	47	T	G
N3_N4	0.000793575596106	2	718	A	G
N3_N4	0.000795451052991	2	577	C	A
N3_N4	0.00113831569789	1	384	C	G
N3_N4	0.00152257038925	2	320	A	C
N3_N4	0.00290993348003	1	516	C	T
N3_N4	0.00368298377616	1	590	C	T
N3_N4	0.00370554294669	2	1050	T	A
N3_N4	0.00376347535068	2	569	G	T
N3_N4	0.00384180959486	2	1181	A	C
N3_N4	0.00409758472755	1	7	A	C
N3_N4	0.00455066383626	1	1227	T	C
N3_N4	0.00482534395486	1	59	T	G
N3_N4	0.00532109245302	2	831	C	G
N3_N4	0.00533589340692	2	1062	C	T
N3_N4	0.00588241420538	2	252	C	T
N3_N4	0.00596707155906	2	1057	T	C
N3_N4	0.00607814985344	1	750	G	T
N3_N4	0.00625411652257	2	320	C	T
N3_N4	0.00646119090283	2	1070	A	C
N3_N4	0.00650117662983	1	1052	G	A
N3_N4	0.00689812979442	2	981	A	G
N3_N4	0.00694776938911	1	1121	G	A
N3_N4	0.00696234308394	1	16	A	G
N3_N4	0.00716398738484	1	210	C	T
N3_N4	0.00788249713516	1	532	A	G
N3_N4	0.00832503518223	1	213	G	A
N3_N4	0.00886590504713	1	356	A	C
N3_N4	0.00891933197023	2	860	A	G
N4_Human	0.000514562982741	1	605	T	A
N4_Human	0.000885795033181	1	1032	A	T
N4_Human	0.00234657607865	2	985	T	G
N4_Human	0.00278690489321	1	1036	C	A
N4_Human	0.00295162606041	1	791	T	C
N4_Human	0.00301756390472	2	521	T	A
N4_Human	0.00318611558484	2	104	C	A
N4_Human	0.00328129180699	1	735	C	T
N4_Human	0.00336062037142	2	692	A	T
N4_Human	0.00409549934913	1	316	C	T
N4_Human	0.00438761574846	1	1205	A	G
N4_Human	0.00564680934122	2	197	G	A
N4_Human	0.00630198115721	2	230	G	T
N4_Human	0.00649149307842	2	33	T	C
N4_Human	0.00653731557365	1	505	T	C
N4_Human	0.00751715435336	2	654	G	C
N4_Human	0.00798704473921	1	1210	C	T
N4_Human	0.00837674932153	2	718	G	C
N4_Human	0.00852798900921	2	267	A	C
N4_Human	0.00957964014214	1	88	A	G
N4_Human	0.00992304686679	2	127	T	C
N4_Chimp	0.000127926226357	1	1193	T	A
N4_Chimp	0.000819966841518	2	788	T	G
N4_Chimp	0.00135064743924	2	766	G	A
N4_Chimp	0.00156288337943	2	58	T	C
N4_Chimp	0.00219753935574	1	7	C	T
N4_Chimp	0.00311106753443	1	615	A	C
N4_Chimp	0.00319577471647	1	144	A	C
N4_Chimp	0.00404434467739	1	1177	G	A
N4_Chimp	0.00422565787005	2	799	T	C
N4_Chimp	0.00433587617795	2	1084	C	T
N4_Chimp	0.00490630331923	2	1012	A	T
N4_Chimp	0.0050558892804	2	422	A	G
N4_Chimp	0.00508456237004	2	161	G	A
N4_Chimp	0.00600754739761	2	794	G	A
N4_Chimp	0.00619681560174	1	450	A	T
N4_Chimp	0.00638039442271	2	107	A	C
N4_Chimp	0.00659751382454	2	412	A	T
N4_Chimp	0.00710654123558	2	4	C	T
N4_Chimp	0.00785058861075	2	409	G	T
N4_Chimp	0.00825424014562	1	874	C	A
N4_Chimp	0.00946362846218	2	769	A	C
N4_Chimp	0.00966782707329	2	565	T	A
N3_Goril	0.000368642652468	2	40	T	C
N3_Goril	0.00144467830399	1	129	T	A
N3_Goril	0.00172753829485	1	514	A	C
N3_Goril	0.00222260169331	2	40	C	T
N3_Goril	0.00285704990539	2	869	C	T
N3_Goril	0.00323712104645	2	767	T	C
N3_Goril	0.00330415756719	1	298	G	A
N3_Goril	0.00385506862749	2	426	T	G
N3_Goril	0.00522726670874	2	366	G	A
N3_Goril	0.00545348614957	1	325	T	G
N3_Goril	0.0055131415097	2	479	T	C
N3_Goril	0.00587804904255	1	695	A	G
N3_Goril	0.00656733765299	2	350	A	C
N3_Goril	0.00679783738127	2	463	A	T
N3_Goril	0.00690171303122	2	168	C	T
N3_Goril	0.00708196249795	2	1147	T	A
N3_Goril	0.0075051643219	2	140	A	T
N3_Goril	0.00784381023862	2	215	C	T
N3_Goril	0.00795874847398	1	549	A	G
N3_Goril	0.00824252382257	1	701	T	A
N3_Goril	0.00931845996757	1	75	A	G
N3_Goril	0.00957037335102	1	1213	A	G
N3_Goril	0.00962913886968	2	825	T	G
N3_Goril	0.00976525958718	2	82	T	C
N3_Goril	0.00988545160939	2	44	C	G
N3_Goril	0.0103195439713	1	772	A	G
N3_Goril	0.010592807817	2	88	G	A
N3_Goril	0.0109914158231	2	702	G	C
N3_Goril	0.0115394817931	2	119	C	T
N3_Goril	0.0120213696337	2	297	G	C
N3_Goril	0.012277850797	1	125	T	G
N3_Goril	0.0123515291757	1	80	T	C
N3_Goril	0.0124430532866	2	131	G	T
N3_Goril	0.012517003958	2	998	T	G
N3_Goril	0.0128628416657	2	1038	C	A
N3_Goril	0.0129351075068	1	784	A	G
N3_Goril	0.0132967552749	2	456	T	C
N3_Goril	0.0133251969333	2	209	T	G
N3_Goril	0.0134445569534	2	294	A	G
N3_Goril	0.0138139016343	2	852	A	C
N3_Goril	0.0140131418632	1	1085	T	C
N3_Goril	0.0144295352772	2	204	A	G
N3_Goril	0.0144735253872	2	456	C	A
N3_Goril	0.0147126600162	2	1147	A	C
N3_Goril	0.014988751117	2	1160	C	T
N3_Goril	0.0152205614165	1	1144	G	A
N3_Goril	0.0152994584531	2	65	T	G
N3_Goril	0.017032742438	1	534	C	G
N3_Goril	0.0172240168557	2	677	G	T
N3_Goril	0.0176328901512	1	416	A	G
N3_Goril	0.0179080145709	2	717	T	A
N3_Goril	0.0182803533634	1	888	A	T
N3_Goril	0.0183897406707	1	595	G	A
N3_Goril	0.0191467912707	1	236	G	A
N3_Goril	0.019756122374	2	948	T	A
N3_Goril	0.0199751183719	1	626	C	T
N2_Orang	0.000223026740252	2	570	C	T
N2_Orang	0.000828232565472	2	516	T	C
N2_Orang	0.00090871449116	1	839	T	C
N2_Orang	0.00101832439046	1	303	T	C
N2_Orang	0.00274088662003	1	879	C	T
N2_Orang	0.00281157322693	2	408	C	G
N2_Orang	0.00308118754658	1	864	T	A
N2_Orang	0.0048221987792	2	952	C	T
N2_Orang	0.00490027840023	2	345	C	T
N2_Orang	0.00541873264784	2	660	T	A
N2_Orang	0.0054713143799	1	421	G	A
N2_Orang	0.00632265817654	1	749	G	A
N2_Orang	0.0068040552843	2	439	A	G
N2_Orang	0.00689986397451	2	343	G	T
N2_Orang	0.00708399680735	1	76	G	A
N2_Orang	0.00774980584173	1	958	T	A
N2_Orang	0.00784271516717	1	1114	C	T
N2_Orang	0.00807449929019	2	805	G	C
N2_Orang	0.00859232433465	2	775	G	T
N2_Orang	0.00870969629727	2	736	A	G
N2_Orang	0.00966924737598	1	876	G	A
N2_Orang	0.00974992895618	1	579	A	G
N2_Orang	0.0106493060017	1	969	C	A
N2_Orang	0.0107422672313	2	811	T	C
N2_Orang	0.0114366629174	1	250	A	T
N2_Orang	0.0114862498764	1	530	T	A
N2_Orang	0.0120333275721	2	94	T	G
N2_Orang	0.0125997304289	2	175	T	C
N2_Orang	0.0129433430062	2	904	C	A
N2_Orang	0.0138792141368	1	1130	T	C
N2_Orang	0.0139689509934	2	24	C	A
N2_Orang	0.0143021408047	2	668	G	T
N2_Orang	0.0152274899787	2	959	G	A
N2_Orang	0.0153288239757	1	486	T	C
N2_Orang	0.0154840363768	1	549	A	T
N2_Orang	0.0160105794951	2	950	A	T
N2_Orang	0.0169913370776	2	16	A	G
N2_Orang	0.0179066635537	2	1044	C	T
N2_Orang	0.0179653194885	2	1224	T	G
N2_Orang	0.0180087882037	1	270	T	C
N2_Orang	0.018307705395	2	945	C	T
N2_Orang	0.0183495838804	1	709	C	A
N2_Orang	0.0187404453426	2	256	G	A
N1_Macaq	0.000105801089333	2	377	G	C
N1_Macaq	0.000446143607361	2	750	T	C
N1_Macaq	0.000613631264679	2	780	T	C
N1_Macaq	0.000797502536703	1	767	T	G
N1_Macaq	0.00150460144872	1	716	T	G
N1_Macaq	0.00225274535479	2	30	C	A
N1_Macaq	0.00508185653492	2	594	T	C
N1_Macaq	0.00537107101399	2	282	T	C
N1_Macaq	0.00585334321688	2	1034	T	C
N1_Macaq	0.00653955741042	2	584	G	A
N1_Macaq	0.00655805171815	1	990	T	C
N1_Macaq	0.00675066541588	1	658	T	C
N1_Macaq	0.00731679598365	2	214	G	A
N1_Macaq	0.00788651335681	2	551	A	T
N1_Macaq	0.00796059559941	2	449	A	C
N1_Macaq	0.00865579609621	2	271	T	G
N1_Macaq	0.00913844005204	2	1172	G	T
N1_Macaq	0.0093526046009	1	469	A	C
N1_Macaq	0.00946345598111	1	1133	C	T
N1_Macaq	0.00950665513061	1	400	A	G
N1_Macaq	0.00952879364247	2	726	C	A
N1_Macaq	0.0100315490116	1	1077	T	C
N1_Macaq	0.0103683142212	2	733	A	G
N1_Macaq	0.0105515559962	1	1223	C	A
N1_Macaq	0.0110870713978	1	20	T	A
N1_Macaq	0.0111588809811	1	974	G	T
N1_Macaq	0.0115469536841	1	712	G	T
N1_Macaq	0.0119850061369	2	209	T	C
N1_Macaq	0.0127488957487	1	611	T	C
N1_Macaq	0.0130987445338	1	151	G	A
N1_Macaq	0.0135183596615	2	1032	G	A
N1_Macaq	0.0137871615889	2	647	G	A
N1_Macaq	0.0142082104397	2	836	A	G
N1_Macaq	0.0142737072615	1	537	A	G
N1_Macaq	0.0143229697303	1	1206	C	T
N1_Macaq	0.0143328154162	2	399	A	G
N1_Macaq	0.0143841529474	2	779	A	G
N1_Macaq	0.0146912130503	1	23	T	C
N1_Macaq	0.0168550024535	1	125	T	C
N1_Macaq	0.0169829264523	2	407	T	C
N1_Macaq	0.0171504082769	1	74	A	G
N1_Macaq	0.0178096366182	1	900	A	G
N1_Macaq	0.018185820986	2	399	G	T
N1_Macaq	0.0188588716142	2	1147	T	C
N1_Macaq	0.0193076560293	2	852	A	G
N1_Macaq	0.0199085763027	2	725	G	C
N1_Macaq	0.0204430402429	2	288	G	C
N1_Macaq	0.0207053303145	1	577	C	A
N1_Macaq	0.0208984601819	2	891	G	T
N1_Macaq	0.0211046110603	2	713	T	G
N1_Macaq	0.0213542869418	1	630	C	T
N1_Macaq	0.0214626196254	2	532	G	T
N1_Macaq	0.0215307814021	1	982	G	C
N1_Macaq	0.0217842988653	1	1167	G	A
N1_Macaq	0.0218633455365	1	23	C	A
N1_Macaq	0.0221371250815	2	761	T	C
N1_Macaq	0.0222083824601	1	147	G	C
N1_Macaq	0.0224503504537	2	1041	A	G
N1_Macaq	0.0227985799543	2	596	T	C
N1_Macaq	0.0230814049519	2	201	C	T
N1_Macaq	0.0234392622012	1	364	G	A
N1_Macaq	0.0239495846525	2	480	A	T
N1_Macaq	0.0245079343641	2	152	T	C
N1_Macaq	0.0256524160256	2	996	T	A
N1_Macaq	0.0263925027915	1	756	G	A
N1_Macaq	0.0271656790488	2	739	A	G
N1_Macaq	0.0273064127333	2	580	A	T
N1_Macaq	0.0273314846089	1	393	A	G
N1_Macaq	0.0276663700425	1	787	C	A
N1_Macaq	0.027802002296	1	416	A	C
N1_Macaq	0.0279575257164	1	319	A	T
N1_Macaq	0.0281754015808	1	578	A	T
N1_Macaq	0.0283086975966	1	716	G	C
N1_Macaq	0.0290716373197	1	173	C	G
N1_Macaq	0.0292675505135	1	320	T	C
N1_Macaq	0.0299410052239	1	656	T	G
N1_Macaq	0.0308904573969	1	483	G	T
N1_Macaq	0.0310852296581	2	811	T	C
N1_Macaq	0.0311128440276	1	979	G	A
N1_Macaq	0.0314470362551	1	613	A	G
N1_Macaq	0.0316257840745	1	296	T	C
N1_Macaq	0.0316428353436	1	676	A	G
N1_Macaq	0.0321946618379	1	816	T	C
N1_Macaq	0.0325758574075	2	976	G	T
N1_Macaq	0.0330382573724	1	578	T	A
N1_Macaq	0.0331740232521	2	196	C	A
N1_Macaq	0.0333119305612	1	907	C	G
N1_Macaq	0.0336205351891	2	96	C	T
N1_Macaq	0.0339121299764	2	355	A	T
N1_Macaq	0.0346989062403	1	509	A	C
N1_Macaq	0.0349338620245	1	1094	A	T
N1_Macaq	0.0351451514666	2	164	A	T
N1_Macaq	0.0360100154296	1	273	A	G
N1_Macaq	0.036046550925	1	209	T	C
N1_Macaq	0.0364711821366	2	549	A	T
N1_Macaq	0.0374850378091	2	1142	T	G
N1_Macaq	0.0377107741971	2	833	T	G
N1_Macaq	0.0385252250117	2	823	G	A
N1_Macaq	0.0388341219742	1	1067	G	T
N1_Macaq	0.0390895156742	1	472	G	A
N1_Macaq	0.0392382603096	2	5	A	G
N1_Macaq	0.0401203207672	1	811	C	A
N1_Macaq	0.040223700654	2	853	G	T
N1_Macaq	0.0404288847634	1	605	T	A
N1_Macaq	0.0405385540397	1	168	A	G
N1_Macaq	0.0408809553725	1	157	G	A
N1_Macaq	0.0410315132217	2	1029	G	C
N1_Macaq	0.0411735389627	2	508	C	T
N1_Macaq	0.041472083991	2	917	C	T
N1_Macaq	0.0416586268892	1	1015	A	T
N1_Macaq	0.0423331137504	2	1056	G	A
N1_Macaq	0.0426952515743	1	472	A	T
N1_Macaq	0.0427086983071	1	1036	C	T
N1_Macaq	0.0434482101504	1	1052	G	A
N0_Mouse	0.000547253526939	0	14	C	A
N0_Mouse	0.00078004008259	0	1	A	C
N0_Mouse	0.00101319182269	0	86	A	G
N0_Mouse	0.00123121850847	0	101	G	A
N0_Mouse	0.00130336567358	0	991	C	A
N0_Mouse	0.00177973279223	0	77	T	G
N0_Mouse	0.00342046283564	0	1095	T	A
N0_Mouse	0.00447791345451	0	485	T	C
N0_Mouse	0.00701070148368	0	1002	A	C
N0_Mouse	0.00755853256285	0	1209	T	G
N0_Mouse	0.00890960584941	0	301	A	G
N0_Mouse	0.00943827668781	0	293	T	C
N0_Mouse	0.0114702781256	0	1026	A	G
N0_Mouse	0.011804833388	0	580	A	G
N0_Mouse	0.0119731782567	0	1059	G	A
N0_Mouse	0.0123222860677	0	135	A	G
N0_Mouse	0.0123367151247	0	821	T	C
N0_Mouse	0.0128214897452	0	925	G	A
N0_Mouse	0.0140021327794	0	540	T	C
N0_Mouse	0.014314400369	0	671	A	C
N0_Mouse	0.0166615086611	0	521	T	C
N0_Mouse	0.0189796636718	0	167	G	C
N0_Mouse	0.0202963276078	0	205	A	G
N0_Mouse	0.0206724770369	0	131	G	C
N0_Mouse	0.0209648618877	0	969	C	T
N0_Mouse	0.0216893945502	0	741	T	C
N0_Mouse	0.0229552154539	0	1119	T	A
N0_Mouse	0.0233732824925	0	689	A	C
N0_Mouse	0.023415148607	0	464	A	G
N0_Mouse	0.0236732920732	0	601	T	C
N0_Mouse	0.0258374324444	0	1166	C	T
N0_Mouse	0.0260053963635	0	679	A	G
N0_Mouse	0.0273529536776	0	740	T	C
N0_Mouse	0.028690423609	0	76	G	A
N0_Mouse	0.0290285484409	0	617	T	A
N0_Mouse	0.0305822392899	0	795	T	A
N0_Mouse	0.0307321760448	0	958	T	G
N0_Mouse	0.031746796994	0	1177	G	T
N0_Mouse	0.0325106757839	0	685	G	T
N0_Mouse	0.0336401046099	0	286	T	C
N0_Mouse	0.0340055892623	0	582	C	A
N0_Mouse	0.0346643531822	0	586	G	A
N0_Mouse	0.0357772291953	0	250	A	C
N0_Mouse	0.0359515325534	0	1026	G	A
N0_Mouse	0.036662753872	0	513	T	C
N0_Mouse	0.037506268068	0	161	A	G
N0_Mouse	0.0376917230475	0	1016	G	A
N0_Mouse	0.0382106317973	0	738	T	G
N0_Mouse	0.0383458995711	0	1093	T	G
N0_Mouse	0.0390705207597	0	495	A	T
N0_Mouse	0.0423211413983	0	650	G	A
N0_Mouse	0.0426914083707	0	887	A	T
N0_Mouse	0.0463398465896	0	1084	T	C
N0_Mouse	0.0464952495889	0	8	G	A
N0_Mouse	0.047774264965	0	58	T	G
N0_Mouse	0.0477878443034	0	676	A	G
N0_Mouse	0.0497188424049	0	776	T	G
N0_Mouse	0.0502703404165	0	1123	G	T
N0_Mouse	0.0512978675702	0	174	T	G
N0_Mouse	0.0517112370559	0	703	C	A
N0_Mouse	0.0524555120811	0	735	C	G
N0_Mouse	0.0542882964515	0	459	T	G
N0_Mouse	0.0552119331584	0	925	A	T
N0_Mouse	0.0562972600387	0	152	C	T
N0_Mouse	0.0566859196544	0	914	A	C
N0_Mouse	0.0573477110276	0	184	T	C
N0_Mouse	0.0586413679574	0	4	C	T
N0_Mouse	0.0593514294378	0	215	C	A
N0_Mouse	0.0596383925335	0	1215	T	C
N0_Mouse	0.0620800459083	0	999	C	T
N0_Mouse	0.0626213456023	0	957	G	A
N0_Mouse	0.0650759489736	0	730	A	G
N0_Mouse	0.0656239306773	0	379	T	A
N0_Mouse	0.0672783847601	0	16	A	G
N0_Mouse	0.0675118711814	0	148	A	G
N0_Mouse	0.0678822789956	0	275	C	A
N0_Mouse	0.0681315127089	0	304	T	C
N0_Mouse	0.0683360447546	0	146	T	C
N0_Mouse	0.0690692836387	0	69	T	G
N0_Mouse	0.0697180815424	0	628	T	C
N0_Mouse	0.0704453609982	0	1140	T	C
N0_Mouse	0.0708848900458	0	1024	T	G
N0_Mouse	0.071415228878	0	30	C	T
N0_Mouse	0.0721041263944	0	257	A	G
N0_Mouse	0.0728493585138	0	227	T	A
N0_Mouse	0.0732074100979	0	1019	G	A
N0_Mouse	0.0750322719777	0	556	T	C
N0_Mouse	0.0752052286834	0	175	C	A
N0_Mouse	0.0752523350099	0	690	T	A
N0_Mouse	0.0756512068161	0	118	G	A
N0_Mouse	0.0757067716412	0	489	G	A
N0_Mouse	0.0763413466371	0	198	C	T
N0_Mouse	0.0773171794862	0	1042	T	C
N0_Mouse	0.0775202703734	0	877	G	C
N0_Mouse	0.0776044471277	0	1090	A	G
N0_Mouse	0.0778731239243	0	588	A	G
N0_Mouse	0.0784974936196	0	751	T	A
N0_Mouse	0.0786825784168	0	556	C	T
N0_Mouse	0.0787703345204	0	879	C	T
N0_Mouse	0.0792948151077	0	1100	T	C
N0_Mouse	0.0828573841889	0	18	A	T
N0_Mouse	0.0832124568625	0	782	G	T
N0_Mouse	0.0834213504801	0	105	T	A
N0_Mouse	0.0835407608992	0	1206	C	A
N0_Mouse	0.0839102281835	0	780	G	A
N0_Mouse	0.0839505693498	0	516	T	G
N0_Mouse	0.0845187364278	0	554	T	C
N0_Mouse	0.084728078062	0	448	T	C
N0_Mouse	0.0859109968161	0	317	G	C
N0_Mouse	0.0871089785436	0	194	A	G
N0_Mouse	0.0873666118511	0	1221	T	A
N0_Mouse	0.0876647998987	0	352	T	C
N0_Mouse	0.0881265730226	0	484	G	T
N0_Mouse	0.0894180198362	0	485	C	T
N0_Mouse	0.0902805166607	0	979	G	A
N0_Mouse	0.0906880109435	0	405	A	T
N0_Mouse	0.0908566893669	0	1060	A	G
N0_Mouse	0.0916626504634	0	566	T	G
N0_Mouse	0.0916791110068	0	272	T	C
N0_Mouse	0.0945827443416	0	463	A	G
N0_Mouse	0.094652304043	0	514	A	G
N0_Mouse	0.0966421926785	0	852	A	G
N0_Mouse	0.0966675520702	0	935	A	C
N0_Mouse	0.0966730750573	0	1201	T	C
N0_Mouse	0.100279712493	0	565	T	A
N0_Mouse	0.101733264271	0	1210	G	T
N0_Mouse	0.101788198809	0	921	G	A
N0_Mouse	0.102725558069	0	930	A	C
N0_Mouse	0.102898905667	0	422	A	C
N0_Mouse	0.103097387106	0	904	C	T
N0_Mouse	0.103230150369	0	1	C	A
N0_Mouse	0.103247762725	0	286	C	T
N0_Mouse	0.104488254443	0	394	G	A
N0_Mouse	0.105236696368	0	209	T	G
N0_Mouse	0.105747584671	0	344	C	G
N0_Mouse	0.105753248257	0	94	T	G
N0_Mouse	0.106902980342	0	707	C	T
N0_Mouse	0.107186368987	0	958	G	A
N0_Mouse	0.108786177172	0	1164	C	A
N0_Mouse	0.110879980037	0	1227	T	C
N0_Mouse	0.111456240804	0	863	G	A
N0_Mouse	0.112504945866	0	170	T	C
N0_Mouse	0.112807389873	0	671	C	T
N0_Mouse	0.112834736581	0	410	T	C
N0_Mouse	0.112857899662	0	360	C	T
N0_Mouse	0.113678291185	0	1032	A	G
N0_Mouse	0.113978364259	0	938	A	C
N0_Mouse	0.114067843171	0	998	T	C
N0_Mouse	0.11407582966	0	778	C	T
N0_Mouse	0.115979425192	0	428	G	A
N0_Mouse	0.116293386327	0	374	C	G
N0_Mouse	0.116425376724	0	831	T	C
N0_Mouse	0.117261864626	0	63	A	C
N0_Mouse	0.117738398629	0	214	A	C
N0_Mouse	0.119679665198	0	931	A	T
N0_Mouse	0.122575032665	0	1162	T	G
N0_Mouse	0.123935596091	0	1191	G	A
N0_Mouse	0.124032740591	0	156	C	T
N0_Mouse	0.124846022453	0	452	C	T
N0_Mouse	0.126178345222	0	935	C	T
N0_Mouse	0.126719573456	0	845	T	G
N0_Mouse	0.126892662272	0	416	A	G
N0_Mouse	0.126910341832	0	1186	C	T
N0_Mouse	0.127480810914	0	363	G	T
N0_Mouse	0.12792908794	0	356	A	T
N0_Mouse	0.128408502763	0	23	C	G
N0_Mouse	0.128784480054	0	126	C	T
N0_Mouse	0.129187613063	0	289	C	T
N0_Mouse	0.129316476793	0	968	T	A
N0_Mouse	0.130398840679	0	131	C	T
N0_Mouse	0.130415575528	0	831	C	A
N0_Mouse	0.131521671467	0	499	A	G
N0_Mouse	0.132140588277	0	506	C	T
N0_Mouse	0.133410792772	0	1075	C	T
N0_Mouse	0.135703316387	0	301	G	T
N0_Mouse	0.137359928511	0	1135	C	T
N0_Mouse	0.137986353299	0	1029	G	A
N0_Mouse	0.138771325341	0	94	G	T
N0_Mouse	0.139345438351	0	712	G	A
N0_Mouse	0.139833368507	0	635	A	C
N0_Mouse	0.141119684403	0	198	T	A
N0_Mouse	0.141987699474	0	1192	T	C
N0_Mouse	0.142833152051	0	445	T	A
N0_Mouse	0.144490372427	0	500	A	G
N0_Mouse	0.145465115699	0	1205	A	T
N0_Mouse	0.150525709473	0	693	A	G
N0_Mouse	0.151520864877	0	1118	G	A
N0_Mouse	0.152891672733	0	771	A	T
N0_Mouse	0.153344853626	0	30	T	C
N0_Mouse	0.154334522121	0	707	T	C
N0_Mouse	0.154390515489	0	82	G	A
N0_Mouse	0.155108354993	0	136	A	C
N0_Mouse	0.155146497562	0	789	T	C
N0_Mouse	0.155466907006	0	1185	G	C
N0_Mouse	0.155614994502	0	687	G	A
N0_Mouse	0.157118587872	0	6	G	A
N0_Mouse	0.157586832328	0	506	T	A
N0_Mouse	0.158188099184	0	1091	G	A
N0_Mouse	0.158521776515	0	178	G	T
N0_Mouse	0.159202693205	0	572	A	G
N0_Mouse	0.160268486022	0	931	T	C
N0_Mouse	0.160787662575	0	204	T	A
N0_Mouse	0.161914042564	0	339	A	C
N0_Mouse	0.16222082993	0	307	T	A
N0_Mouse	0.163861145246	0	801	T	A
N0_Mouse	0.165057773013	0	631	G	T
N0_Mouse	0.165060063377	0	275	A	T
N0_Mouse	0.165931577421	0	506	A	G
N0_Mouse	0.166201127023	0	637	C	T
N0_Mouse	0.167694745123	0	834	T	C
N0_Mouse	0.168277013324	0	344	G	C
N0_Mouse	0.168304329984	0	445	A	G
N0_Mouse	0.168310920204	0	495	T	A
N0_Mouse	0.168794565084	0	560	C	T
N0_Mouse	0.169155099786	0	1209	G	A
N0_Mouse	0.170437883806	0	250	C	A
N0_Mouse	0.17057451511	0	578	A	T
N0_Mouse	0.170683650665	0	1047	T	G
N0_Mouse	0.172730785413	0	676	G	A
N0_Mouse	0.176088640306	0	1120	A	T
N0_Mouse	0.176367791381	0	897	C	T
N0_Mouse	0.176509763204	0	425	G	A
N0_Mouse	0.177169173202	0	459	G	T
N0_Mouse	0.177358277574	0	452	T	C
N0_Mouse	0.178210183881	0	1128	C	T
N0_Mouse	0.178960991877	0	639	G	A
N0_Mouse	0.179015714347	0	376	A	G
N0_Mouse	0.179831598438	0	699	A	T
N0_Mouse	0.181267956945	0	443	G	A
N0_Mouse	0.181652043569	0	899	C	A
N0_Mouse	0.182992953976	0	1113	T	G
N0_Mouse	0.183397655509	0	1044	T	G
N0_Mouse	0.184002309818	0	289	T	C
N0_Mouse	0.184877575588	0	96	C	G
N0_Mouse	0.185097094064	0	302	G	A
N0_Mouse	0.185841432903	0	904	T	A
N0_Mouse	0.187271502254	0	539	A	G
N0_Mouse	0.189374144646	0	496	G	A
N0_Mouse	0.189498995488	0	562	T	G
N0_Mouse	0.189868883505	0	515	G	T
N0_Mouse	0.191326939872	0	1088	A	T
N0_Mouse	0.192333114483	0	1092	G	A
N0_Mouse	0.193190435775	0	1062	C	G
N0_Mouse	0.193626921726	0	325	T	A
N0_Mouse	0.194191660848	0	683	C	A
N0_Mouse	0.194940486799	0	689	C	T
N0_Mouse	0.195419497458	0	1193	G	A
N0_Mouse	0.195899972003	0	329	T	C
N0_Mouse	0.1968352798	0	298	G	T
N0_Mouse	0.196921548495	0	819	C	A
N0_Mouse	0.197285641133	0	548	A	T
N0_Mouse	0.197540235377	0	644	C	T
N0_Mouse	0.197855587529	0	1194	G	A
N0_Mouse	0.197955012508	0	822	A	G
N0_Mouse	0.199543282036	0	985	T	C
N0_Mouse	0.199731482253	0	776	G	C
N0_Mouse	0.199847564239	0	310	A	G
N0_Mouse	0.201740380316	0	600	A	G
N0_Mouse	0.202696195994	0	473	A	G
N0_Mouse	0.202885095946	0	147	G	A
N0_Mouse	0.203474025738	0	1	A	T
N0_Mouse	0.203950766412	0	38	C	T
N0_Mouse	0.20524235218	0	623	C	G
N0_Mouse	0.206143183368	0	675	G	C
N0_Mouse	0.206262878802	0	813	C	T
N0_Mouse	0.208369793634	0	961	C	T
N0_Mouse	0.20871265431	0	802	G	A
N0_Mouse	0.208803411198	0	139	T	G
N0_Mouse	0.210728669491	0	127	T	A
N0_Mouse	0.211099032477	0	644	T	A
N0_Mouse	0.213042863099	0	929	A	G
N0_Mouse	0.213416722663	0	87	A	T
N0_Mouse	0.214088040667	0	525	C	A
N0_Mouse	0.215473380973	0	660	T	A
N0_Mouse	0.21566601693	0	1190	C	G
N0_Mouse	0.216497925023	0	413	T	C
N0_Mouse	0.216867244238	0	691	A	G
N0_Mouse	0.217461038387	0	394	A	T
N0_Mouse	0.217647514147	0	127	A	G
N0_Mouse	0.21768369811	0	580	G	C
N0_Mouse	0.218377662728	0	1043	A	G
N0_Mouse	0.221878874238	0	346	A	G
N0_Mouse	0.221896646991	0	250	A	G
N0_Mouse	0.222993422607	0	315	G	T
N0_Mouse	0.223161600971	0	87	T	G
N0_Mouse	0.225791486661	0	560	T	C
N0_Mouse	0.229097120992	0	645	G	T
N0_Mouse	0.229373612234	0	1051	A	G
N0_Mouse	0.22942355157	0	1019	A	C
N0_Mouse	0.230836162888	0	1101	T	A
N0_Mouse	0.23259724797	0	713	T	G
N0_Mouse	0.233503004646	0	684	G	C
N0_Mouse	0.233736176441	0	400	A	T
N0_Mouse	0.233987052643	0	22	T	G
N0_Mouse	0.23448012186	0	1165	T	C
N0_Mouse	0.234545109085	0	859	C	T
N0_Mouse	0.235033426813	0	780	A	G
N0_Mouse	0.237080943234	0	1200	G	A
N0_Mouse	0.237423906871	0	110	G	T
N0_Mouse	0.237488769681	0	3	A	T
N0_Mouse	0.239853056618	0	558	T	C
N0_Mouse	0.241566880892	0	512	A	T
N0_Mouse	0.241720112253	0	228	T	A
N0_Mouse	0.241928280006	0	257	G	A
N0_Mouse	0.242585640357	0	1063	G	A
N0_Mouse	0.243717513859	0	302	A	G
N0_Mouse	0.244203261342	0	373	G	A
N0_Mouse	0.244219368527	0	587	T	C
N0_Mouse	0.246620370834	0	583	A	G
N0_Mouse	0.247792573297	0	990	T	C
N0_Mouse	0.249038634399	0	29	T	A
N0_Mouse	0.249690376023	0	679	G	A
N0_Mouse	0.250649240474	0	1221	A	G
N0_Mouse	0.25102983093	0	146	C	A
N0_Mouse	0.251647006359	0	1118	A	G
N0_Mouse	0.251921395188	0	1177	T	C
N0_Mouse	0.251971159933	0	886	A	C
N0_Mouse	0.253362945796	0	1208	G	A
N0_Mouse	0.255993098467	0	371	G	A
N0_Mouse	0.256485332221	0	1042	C	T
N0_Mouse	0.256946782776	0	419	G	T
N0_Mouse	0.257375381744	0	1173	T	C
N0_Mouse	0.257608195555	0	156	T	G
N0_Mouse	0.258477731074	0	737	A	G
N0_Mouse	0.259355184489	0	64	A	G
N0_Mouse	0.260145626908	0	0	T	C
N0_Mouse	0.2609528671	0	927	C	T
N0_Mouse	0.26176966462	0	689	T	G
N0_Mouse	0.261928976519	0	1171	C	A
N0_Mouse	0.262271199237	0	1202	A	C
N0_Mouse	0.263230508463	0	1025	C	A
N0_Mouse	0.263251504704	0	1102	A	G
N0_Mouse	0.26339541683	0	1178	T	G
N0_Mouse	0.265816712153	0	571	T	C
N0_Mouse	0.267958054397	0	484	T	A
N0_Mouse	0.267963246083	0	1189	G	C
N0_Mouse	0.268377019168	0	1216	A	T
N0_Mouse	0.270471393608	0	81	A	T
N0_Mouse	0.271840065026	0	476	A	G
N0_Mouse	0.272352816101	0	585	T	A
N0_Mouse	0.274740480027	0	370	C	A
N0_Mouse	0.275800390148	0	1082	T	G
N0_Mouse	0.277124103772	0	1090	G	T
N0_Mouse	0.277534144756	0	1205	T	C
N0_Mouse	0.2779219594	0	523	C	T
N0_Mouse	0.279187078863	0	599	T	A
N0_Mouse	0.279291390364	0	672	T	G
N0_Mouse	0.280246279783	0	1158	T	C
N0_Mouse	0.281510662197	0	569	G	A
N0_Mouse	0.281710516487	0	381	T	A
N0_Mouse	0.282473603336	0	784	A	C
N0_Mouse	0.282517324089	0	1044	G	T
N0_Mouse	0.283657126317	0	89	G	T
N0_Mouse	0.283951642905	0	1132	G	T
N0_Mouse	0.283962788046	0	760	G	A
N0_Mouse	0.284883495092	0	1114	C	T
N0_Mouse	0.287766224118	0	348	T	C
N0_Mouse	0.288615763679	0	813	T	C
N0_Mouse	0.288911007639	0	195	A	T
N0_Mouse	0.290277621728	0	916	C	T
N0_Mouse	0.290668953793	0	358	T	G
N0_Mouse	0.290735535085	0	323	A	T
N0_Mouse	0.290960737465	0	214	C	T
N0_Mouse	0.291841863577	0	853	A	G
N0_Mouse	0.29489904835	0	35	T	C
N0_Mouse	0.295021828788	0	303	T	C
N0_Mouse	0.295030952468	0	601	C	G
N0_Mouse	0.295606908148	0	375	C	A
N0_Mouse	0.295981967555	0	667	G	A
N0_Mouse	0.29619446118	0	1202	C	T
N0_Mouse	0.296264151138	0	1036	C	G
N0_Mouse	0.296563747007	0	1174	G	C
N0_Mouse	0.296588277822	0	1187	A	G
N0_Mouse	0.297612789794	0	95	G	A
N0_Mouse	0.297720431936	0	1173	C	A
N0_Mouse	0.298700256606	0	849	C	T
N0_Mouse	0.299605810379	0	1009	A	T
N0_Mouse	0.300249634298	0	512	T	C
N0_Mouse	0.301314220988	0	552	C	T
N0_Mouse	0.301786826148	0	568	G	A
N0_Mouse	0.301917276246	0	94	T	C
N0_Mouse	0.303275723793	0	750	A	G
N0_Mouse	0.303387799145	0	623	G	A
N0_Mouse	0.304819294797	0	1180	G	A
N0_Mouse	0.30482471593	0	216	A	G
N0_Mouse	0.304838873817	0	47	T	C
N0_Mouse	0.305192298258	0	395	T	G
N0_Mouse	0.305280662212	0	980	C	T
N0_Mouse	0.30867211476	0	166	A	T
N0_Mouse	0.308912202233	0	568	A	G
N0_Mouse	0.309582332061	0	344	C	T
N0_Mouse	0.311394848995	0	24	C	T
N0_Mouse	0.311547394378	0	1197	A	G
N0_Mouse	0.312187114319	0	578	T	G
N0_Mouse	0.313816987273	0	902	G	T
N0_Mouse	0.314103984568	0	318	A	G
N0_Mouse	0.314939846717	0	963	C	T
N0_Mouse	0.315267149075	0	45	G	A
N0_Mouse	0.318158811176	0	792	C	G
N0_Mouse	0.323174965817	0	1115	A	C
N0_Mouse	0.32365796134	0	1032	G	A
N0_Mouse	0.323856057515	0	541	A	T
N0_Mouse	0.324464876853	0	218	G	A
N0_Mouse	0.325598054834	0	1133	C	T
N0_Mouse	0.325609792624	0	1020	G	T
N0_Mouse	0.326156497539	0	816	T	A
N0_Mouse	0.326696161723	0	303	C	A
N0_Mouse	0.3269320556	0	735	G	T
N0_Mouse	0.327520019994	0	711	G	T
N0_Mouse	0.328586116553	0	583	G	C
N0_Mouse	0.329398235712	0	178	T	C
N0_Mouse	0.331868503891	0	249	A	C
N0_Mouse	0.332339697834	0	856	T	C
N0_Mouse	0.332873815436	0	801	A	G
N0_Mouse	0.332913210164	0	1162	G	A
N0_Mouse	0.333325423906	0	1036	G	A
N0_Mouse	0.334413148562	0	416	G	A
N0_Mouse	0.334559201844	0	507	A	G
N0_Mouse	0.336000169087	0	1023	A	T
N0_Mouse	0.336214157694	0	837	G	A
N0_Mouse	0.336498775088	0	447	G	A
N0_Mouse	0.337747010533	0	793	A	G
N0_Mouse	0.340039134154	0	743	A	G
N0_Mouse	0.340824660057	0	981	A	C
N0_Mouse	0.341165612733	0	1233	A	G
N0_Mouse	0.341169607291	0	523	T	A
N0_Mouse	0.341873312913	0	785	G	T
N0_Mouse	0.342760491902	0	992	C	A
N0_Mouse	0.344207623739	0	936	T	A
N0_Mouse	0.34434843829	0	634	A	G
N0_Mouse	0.345089432568	0	1011	C	G
N0_Mouse	0.345237569225	0	626	C	G
N0_Mouse	0.346015622389	0	846	T	G
N0_Mouse	0.346186804217	0	50	A	G
N0_Mouse	0.346502283617	0	459	T	A
N0_Mouse	0.35029806759	0	334	A	G
N0_Mouse	0.35063562849	0	1126	C	T
N0_Mouse	0.351331681321	0	1155	G	C
N0_Mouse	0.352553144593	0	121	C	T
N0_Mouse	0.355469753515	0	894	T	A
N0_Mouse	0.356489002865	0	926	T	C
N0_Mouse	0.356653412045	0	858	T	A
N0_Mouse	0.356876701086	0	87	G	A
N0_Mouse	0.358069631179	0	499	G	A
N0_Mouse	0.358467247892	0	607	G	T
N0_Mouse	0.359063665815	0	997	T	C
N0_Mouse	0.35938784649	0	136	C	T
N0_Mouse	0.360349123193	0	561	T	C
N0_Mouse	0.361457724404	0	372	A	T
N0_Mouse	0.361714227602	0	645	T	C
N0_Mouse	0.363677611711	0	216	G	A
N0_Mouse	0.365108882754	0	496	A	G
N0_Mouse	0.36540679907	0	1232	C	T
N0_Mouse	0.366713189378	0	964	A	T
N0_Mouse	0.366996466195	0	536	T	A
N0_Mouse	0.368000220757	0	1233	G	T
N0_Mouse	0.368225547907	0	1214	G	A
N0_Mouse	0.369366730866	0	309	A	C
N0_Mouse	0.370275602468	0	665	T	C
N0_Mouse	0.370646612198	0	274	A	G
N0_Mouse	0.373588097434	0	195	T	G
N0_Mouse	0.37365072571	0	1086	C	G
N0_Mouse	0.373951572667	0	642	G	C
N0_Mouse	0.374289044573	0	38	T	C
N0_Mouse	0.375285156048	0	1211	C	T
N0_Mouse	0.375620878294	0	124	T	A
N0_Mouse	0.377170897035	0	736	A	T
N0_Mouse	0.379599898813	0	781	C	A
N0_Mouse	0.379644670872	0	1060	G	T
N0_Mouse	0.380279005477	0	1207	G	T
N0_Mouse	0.380676412504	0	419	T	G
N0_Mouse	0.380839641722	0	1011	G	A
N0_Mouse	0.380971156668	0	386	A	T
N0_Mouse	0.38113985615	0	51	C	T
N0_Mouse	0.381214858058	0	737	G	A
N0_Mouse	0.381725462301	0	225	G	A
N0_Mouse	0.383508674462	0	723	A	G
N0_Mouse	0.383983969574	0	618	A	G
N0_Mouse	0.384223793432	0	302	G	C
N0_Mouse	0.386446979842	0	347	A	G
N0_Mouse	0.38717585575	0	98	A	C
N0_Mouse	0.387658312216	0	1041	A	T
N0_Mouse	0.388752156075	0	470	G	A
N0_Mouse	0.388847660768	0	375	A	T
N0_Mouse	0.389411587368	0	1163	A	G
N0_Mouse	0.390976366505	0	156	G	A
N0_Mouse	0.392021686118	0	242	T	C
N0_Mouse	0.393556887253	0	1220	G	A
N0_Mouse	0.394303782773	0	662	C	T
N0_Mouse	0.394911996934	0	854	C	G
N0_Mouse	0.396194513035	0	542	T	A
N0_Mouse	0.399368394124	0	899	A	G
N0_Mouse	0.399878417042	0	717	T	A
N0_Mouse	0.399913501972	0	953	A	C
N0_Mouse	0.401114527651	0	329	C	T
N0_Mouse	0.402456390837	0	699	T	C
N0_Mouse	0.403199437363	0	40	A	G
N0_Mouse	0.405751092829	0	835	C	A
N0_Mouse	0.405869715447	0	457	C	A
N0_Mouse	0.406086225074	0	1168	C	T
N0_Mouse	0.406591212661	0	470	A	G
N0_Mouse	0.407470875575	0	335	C	A
N0_Mouse	0.408505288045	0	915	C	T
N0_Mouse	0.408816245384	0	354	C	T
N0_Mouse	0.409332016807	0	966	G	A
N0_Mouse	0.409781928039	0	521	C	T
N0_Mouse	0.410885865134	0	32	T	A
N0_Mouse	0.412586877552	0	911	T	C
N0_Mouse	0.413622604336	0	1213	A	C
N0_Mouse	0.41396569838	0	494	G	A
N0_Mouse	0.415398906939	0	840	T	C
N0_Mouse	0.416515229129	0	1147	T	C
N0_Mouse	0.416905236108	0	374	G	A
N0_Mouse	0.417191484101	0	216	A	T
N0_Mouse	0.417500779769	0	302	C	T
N0_Mouse	0.417811404139	0	507	G	T
N0_Mouse	0.417840821624	0	67	G	T
N0_Mouse	0.419332567189	0	623	A	C
N0_Mouse	0.419711600696	0	51	T	G
N0_Mouse	0.420207098743	0	470	G	T
N0_Mouse	0.421103082533	0	468	G	A
N0_Mouse	0.421729127334	0	133	G	A
N0_Mouse	0.422863866368	0	1196	G	T
N0_Mouse	0.425549591617	0	397	A	T
N0_Mouse	0.426067729219	0	999	T	C
N0_Mouse	0.427240460247	0	377	T	A
N0_Mouse	0.427329681817	0	703	A	T
N0_Mouse	0.428945532243	0	252	C	T
N0_Mouse	0.429416149265	0	688	A	G
N0_Mouse	0.429443826005	0	71	A	G
N0_Mouse	0.430161944742	0	829	T	G
N0_Mouse	0.432053666391	0	1104	A	T
N0_Mouse	0.434314329275	0	375	T	A
N0_Mouse	0.434742830464	0	703	T	A
N0_Mouse	0.435119572828	0	1118	G	A
N0_Mouse	0.435271895267	0	1186	T	C
N0_Mouse	0.435994580101	0	938	C	A
N0_Mouse	0.43612880187	0	350	G	A
N0_Mouse	0.436684172794	0	282	T	C
N0_Mouse	0.437079046033	0	403	C	T
N0_Mouse	0.437697742088	0	995	G	T
N0_Mouse	0.438934415569	0	1216	T	C
N0_Mouse	0.439001127423	0	325	A	G
N0_Mouse	0.439335063897	0	1066	A	G
N0_Mouse	0.43977135391	0	99	T	C
N0_Mouse	0.441315602127	0	291	A	C
N0_Mouse	0.441416020513	0	442	C	T
N0_Mouse	0.44230708127	0	492	C	G
N0_Mouse	0.442330036625	0	672	G	T
N0_Mouse	0.442537688947	0	805	G	A
N0_Mouse	0.443973371799	0	61	A	C
