edge	time	mut_orlg	mut_pos	old_state	new_state
N0_kluyveri	0.000889651792895	0	208	A	G
N0_kluyveri	0.00145327557853	0	122	A	G
N0_kluyveri	0.001480614396	0	23	C	A
N0_kluyveri	0.00180631032301	0	268	C	G
N0_kluyveri	0.00199299011714	0	455	G	A
N0_kluyveri	0.00207318146018	0	8	G	A
N0_kluyveri	0.00253702078175	0	365	G	A
N0_kluyveri	0.00255721589504	0	479	C	A
N0_kluyveri	0.00260313618064	0	122	G	A
N0_kluyveri	0.00289264429481	0	476	G	A
N0_kluyveri	0.00350258760435	0	410	G	A
N0_kluyveri	0.0042683221114	0	315	A	G
N0_kluyveri	0.00429877524201	0	257	A	G
N0_kluyveri	0.00485704751684	0	488	T	C
N0_kluyveri	0.0050680716474	0	311	A	G
N0_kluyveri	0.00532329475819	0	197	A	C
N0_kluyveri	0.00589126498269	0	209	A	G
N0_kluyveri	0.0059334630868	0	42	A	G
N0_kluyveri	0.00637056598706	0	113	A	T
N0_kluyveri	0.00874714761311	0	224	C	T
N0_kluyveri	0.00875203328875	0	191	T	C
N0_kluyveri	0.00877621602901	0	368	T	C
N0_kluyveri	0.00896086869838	0	35	G	A
N0_kluyveri	0.00902265306008	0	239	A	C
N0_kluyveri	0.00924244171882	0	298	T	C
N0_kluyveri	0.00941802962582	0	20	T	C
N0_kluyveri	0.00966041782344	0	446	A	G
N0_kluyveri	0.0101333133935	0	248	A	G
N0_kluyveri	0.010367059383	0	380	T	C
N0_kluyveri	0.0107887860345	0	116	T	C
N0_kluyveri	0.0108461629885	0	134	T	C
N0_kluyveri	0.0109409578153	0	47	T	A
N0_kluyveri	0.0111999592319	0	39	A	G
N0_kluyveri	0.0114286848302	0	16	C	T
N0_kluyveri	0.0126002855768	0	398	T	C
N0_kluyveri	0.0126200104666	0	197	C	T
N0_kluyveri	0.0131064203027	0	260	T	A
N0_kluyveri	0.0137183866946	0	33	G	A
N0_D1	0.000619899844571	0	128	C	T
N0_D1	0.000880625654617	0	344	A	G
N0_D1	0.000928290717747	0	47	T	C
N0_D1	0.00119567724209	0	398	T	G
D1_N1	0.00025075596147	1	164	T	C
D1_N1	0.000346909821879	1	161	G	A
D1_N1	0.00043484326659	2	242	C	T
D1_N1	0.000526609442884	1	273	G	A
D1_N1	0.000809470737664	2	464	C	T
D1_N1	0.000902846617821	1	206	G	A
D1_N1	0.00210335187955	1	155	G	A
D1_N1	0.00213005576533	2	41	C	T
D1_N1	0.00220472885154	2	293	C	T
D1_N1	0.00275291686039	2	275	A	G
D1_N1	0.00277601418541	2	102	G	A
D1_N1	0.00306622803482	2	167	C	T
N1_castellii	0.000476563574587	1	239	A	G
N1_castellii	0.000532183885132	1	140	C	T
N1_castellii	0.000945428185017	2	323	G	A
N1_castellii	0.00103841372728	1	455	G	A
N1_castellii	0.00110279446269	1	212	A	G
N1_castellii	0.0011949820581	1	452	C	T
N1_castellii	0.00141132404021	1	356	G	A
N1_castellii	0.0016667299515	1	32	C	T
N1_castellii	0.00231807159302	2	272	A	G
N1_castellii	0.00286591880866	2	290	A	G
N1_castellii	0.002891388375	1	383	A	T
N1_castellii	0.00302718985141	1	293	C	T
N1_castellii	0.00312760209575	1	8	G	A
N1_castellii	0.00344508095515	1	311	A	G
N1_castellii	0.00373295361394	2	218	C	T
N1_castellii	0.00379810449963	2	380	T	C
N1_castellii	0.00436056816474	2	326	G	A
N1_castellii	0.0044739906466	2	246	T	C
N1_castellii	0.00464672179453	1	144	A	C
N1_castellii	0.00509693080413	1	308	A	G
N1_castellii	0.00539756973826	1	14	A	G
N1_castellii	0.00551387751521	2	311	A	T
N1_castellii	0.0059371113485	2	359	T	C
N1_castellii	0.00595147873039	2	464	T	C
N1_castellii	0.00610770129681	1	212	G	A
N1_castellii	0.00638189514271	1	199	G	A
N1_castellii	0.0071708756564	2	410	G	A
N1_castellii	0.00718766559109	1	428	G	A
N1_castellii	0.00763552282199	1	284	T	C
N1_castellii	0.00775221662105	1	335	T	G
N1_castellii	0.00787403725161	1	78	T	C
N1_castellii	0.00852567407544	1	485	G	A
N1_castellii	0.00858815050103	1	47	C	T
N1_castellii	0.00864155881075	1	374	T	C
N1_castellii	0.00877418569406	1	92	T	C
N1_castellii	0.00898299614191	2	311	T	C
N1_castellii	0.00905914796804	2	89	T	C
N1_castellii	0.00927630306642	1	92	C	T
N1_castellii	0.00952308614558	2	401	A	G
N1_castellii	0.0101639625962	1	62	T	C
N1_castellii	0.0102905786848	1	254	A	T
N1_castellii	0.0103776978892	1	482	T	C
N1_castellii	0.0104662646445	2	197	A	G
N1_castellii	0.0105602086287	1	482	C	T
N1_castellii	0.0105903592225	2	331	G	C
N1_castellii	0.0108017647308	1	206	A	G
N1_castellii	0.0112789883781	1	5	A	G
N1_castellii	0.0112887633018	1	344	G	A
N1_castellii	0.0113017636218	2	206	G	A
N1_castellii	0.011672562739	2	74	T	C
N1_castellii	0.0117303456544	2	476	G	A
N1_castellii	0.0120660223193	2	173	A	G
N1_castellii	0.0129624929842	2	23	C	T
N1_N2	2.58194780327e-05	1	386	A	G
N1_N2	0.000295803074162	1	419	A	G
N1_N2	0.000417191166992	1	365	G	T
N1_N2	0.000482889218805	1	440	C	T
N1_N2	0.000979466146744	2	2	A	G
N1_N2	0.00120793817508	1	347	T	A
N1_N2	0.0017873523356	1	311	A	G
N1_N2	0.00188958157444	1	236	T	C
N1_N2	0.00219209028142	1	152	C	T
N1_N2	0.00221490263438	1	206	A	G
N1_N2	0.00242190172767	1	122	A	G
N1_N2	0.00242599793504	1	35	G	A
N1_N2	0.00250050719549	2	275	G	A
N1_N2	0.00263285738244	2	332	C	T
N1_N2	0.00264023254165	1	365	T	C
N1_N2	0.00267233248921	1	134	T	C
N1_N2	0.00304262204365	2	74	T	C
N1_N2	0.00317138530668	1	419	G	A
N1_N2	0.00334542806182	1	44	T	C
N1_N2	0.00341884404014	1	26	T	A
N1_N2	0.00369277360987	1	170	T	C
N1_N2	0.00399677920452	1	320	G	A
N1_N2	0.00412479243078	2	23	C	T
N1_N2	0.00426705780462	2	344	G	A
N1_N2	0.00442202537066	2	98	C	T
N1_N2	0.00463907226289	2	235	T	C
N1_N2	0.00476981293756	1	167	C	T
N1_N2	0.00509429607028	1	272	A	G
N1_N2	0.00540197944954	1	398	G	A
N1_N2	0.00572664251875	1	365	C	T
N1_N2	0.0057922506633	1	197	A	T
N1_N2	0.00591327559667	1	308	A	G
N1_N2	0.00643562303905	2	38	T	C
N1_N2	0.00673512092239	1	35	A	G
N1_N2	0.00726668877596	1	17	G	A
N1_N2	0.0074898093465	1	50	C	T
N1_N2	0.00756383782239	2	146	T	C
N1_N2	0.00760324400191	2	326	G	A
N1_N2	0.00775506926836	2	95	A	G
N1_N2	0.00783987946989	2	173	A	G
N1_N2	0.00806731814611	1	466	C	T
N1_N2	0.00845770372397	2	413	G	A
N1_N2	0.00879076065246	1	308	G	A
N1_N2	0.00950904054733	2	422	C	G
N1_N2	0.0101000378972	1	311	G	A
N1_N2	0.0102503716556	2	465	A	G
N1_N2	0.0112862644019	2	2	G	A
N1_N2	0.0118494037397	2	485	G	A
N1_N2	0.0125029132348	1	467	G	A
N1_N2	0.0136253690197	2	239	A	G
N1_N2	0.0140420230269	2	32	C	T
N1_N2	0.0146246218172	2	266	G	A
N1_N2	0.0146804290933	1	264	G	A
N1_N2	0.0150171023574	1	2	A	G
N1_N2	0.015103438001	2	138	T	C
N1_N2	0.0151468687584	2	44	T	A
N1_N2	0.0154412569833	1	26	A	G
N1_N2	0.0155926521103	2	65	G	A
N1_N2	0.0156604568014	1	326	G	T
N2_bayanus	0.000568350250741	2	398	G	A
N2_bayanus	0.000786932117327	2	185	T	C
N2_bayanus	0.000830455534816	2	251	A	G
N2_bayanus	0.000919330706744	2	392	C	T
N2_bayanus	0.00102850773582	1	182	G	A
N2_bayanus	0.00112501588983	2	152	C	T
N2_bayanus	0.00114154851006	2	263	A	G
N2_bayanus	0.00114261636795	2	197	A	G
N2_bayanus	0.00124163770477	2	191	T	C
N2_bayanus	0.00129849916366	2	128	T	A
N2_bayanus	0.00175319649736	1	368	T	C
N2_bayanus	0.00182132807992	2	119	A	G
N2_bayanus	0.00209805881475	2	26	T	C
N2_bayanus	0.00210778450596	2	359	T	C
N2_N3	0.00122921600618	2	83	T	C
N3_kudriavzevii	1.57450199299e-05	2	344	A	T
N3_kudriavzevii	0.000220021044453	1	410	G	A
N3_kudriavzevii	0.000348494167615	1	238	A	G
N3_kudriavzevii	0.000996974547876	2	243	G	A
N3_kudriavzevii	0.0010821595065	1	59	G	A
N3_kudriavzevii	0.0013610897174	2	353	G	A
N3_kudriavzevii	0.00156440420311	1	362	A	G
N3_kudriavzevii	0.00190369866017	1	298	T	C
N3_kudriavzevii	0.00251078475743	2	80	T	C
N3_kudriavzevii	0.00263789645986	1	188	A	G
N3_kudriavzevii	0.00292594875476	1	275	A	G
N3_kudriavzevii	0.00319370430553	2	116	T	C
N3_kudriavzevii	0.00402754505947	1	353	G	A
N3_kudriavzevii	0.00417812155635	1	419	A	G
N3_kudriavzevii	0.00426877231476	1	29	T	C
N3_kudriavzevii	0.004521860393	1	332	C	T
N3_kudriavzevii	0.0047717217227	1	365	T	C
N3_kudriavzevii	0.00480512584721	1	116	T	C
N3_kudriavzevii	0.00494335261356	2	362	A	G
N3_kudriavzevii	0.00536186684159	2	302	A	G
N3_kudriavzevii	0.00552227795925	2	83	C	T
N3_N4	0.00126008614986	2	413	A	G
N3_N4	0.00127897731719	2	407	A	G
N3_N4	0.00127957744686	1	452	C	T
N3_N4	0.00167571276759	1	80	T	C
N3_N4	0.00214507452231	1	83	T	C
N4_mikatae	1.3733457965e-05	2	23	T	C
N4_mikatae	2.10874447589e-05	2	77	A	G
N4_mikatae	0.000384199253776	2	125	A	G
N4_mikatae	0.000442125839419	2	56	G	A
N4_mikatae	0.000952618515228	1	17	A	G
N4_mikatae	0.000992260726799	1	356	G	A
N4_mikatae	0.00103499358319	2	182	G	A
N4_mikatae	0.00161088623901	2	320	G	A
N4_mikatae	0.00181674568459	2	284	T	C
N4_mikatae	0.00184284033104	2	248	A	G
N4_mikatae	0.00187857528212	1	92	T	C
N4_mikatae	0.00215623125123	2	410	G	A
N4_mikatae	0.00274833480634	1	200	C	A
N4_mikatae	0.00368009819714	2	263	A	G
N4_mikatae	0.00370381656794	1	347	A	G
N4_mikatae	0.00393377766653	1	98	C	T
N4_N5	0.000557873346654	1	466	T	C
N4_N5	0.000602273059295	1	155	A	G
N4_N5	0.000714035401489	2	412	A	T
N4_N5	0.000902463110289	1	293	C	T
N4_N5	0.000935741582232	1	68	A	G
N4_N5	0.00114111519626	2	257	A	G
N4_N5	0.00117361732483	2	341	C	T
N4_N5	0.00118585517203	1	266	G	A
N4_N5	0.00133444914341	1	299	A	G
N4_N5	0.00144105487425	2	35	G	A
N5_paradoxus	0.000171835510151	1	5	A	G
N5_paradoxus	0.000195524887624	2	399	T	C
N5_paradoxus	0.000508208120947	1	446	A	G
N5_paradoxus	0.00131141862305	1	461	A	T
N5_paradoxus	0.00154998082183	2	407	G	A
N5_cerevisiae	0.000209330719019	2	350	T	C
N5_cerevisiae	0.000596430749744	2	182	G	A
N5_cerevisiae	0.000738148985425	1	230	C	T
N5_cerevisiae	0.000755956543311	1	200	C	T
N5_cerevisiae	0.000924178716325	2	308	A	G
N5_cerevisiae	0.00105163904847	2	332	T	C
N5_cerevisiae	0.00107790987483	1	416	G	A
N5_cerevisiae	0.00114316906189	1	53	T	C
N5_cerevisiae	0.00146648341083	2	368	T	C
N5_cerevisiae	0.00169315161985	1	101	T	A
N5_cerevisiae	0.00209937134326	1	191	T	C
N5_cerevisiae	0.00215874576763	2	311	A	G
N5_cerevisiae	0.00248550682777	1	206	G	A
N5_cerevisiae	0.00261661091146	1	314	C	T
N5_cerevisiae	0.00269660923802	2	50	C	T
N5_cerevisiae	0.00287283396672	2	452	C	T
N5_cerevisiae	0.00299570295652	1	353	G	A
N5_cerevisiae	0.00319879656309	1	209	A	G
N5_cerevisiae	0.00339098631764	1	428	G	A
N5_cerevisiae	0.00346319094612	2	327	G	C
N5_cerevisiae	0.0038587021941	2	230	C	T
N5_cerevisiae	0.00386712616794	2	326	A	G
N5_cerevisiae	0.00422260183993	1	431	C	G
