edge	time	mut_orlg	mut_pos	old_state	new_state
N0_kluyveri	0.000376516514998	0	29	T	A
N0_kluyveri	0.000945809204125	0	20	A	G
N0_kluyveri	0.0015620934257	0	155	A	G
N0_kluyveri	0.00173905643095	0	59	T	C
D1_N1	5.6738511136e-05	2	308	G	A
D1_N1	0.000671520706	2	74	G	T
D1_N1	0.000692355079748	1	110	C	T
D1_N1	0.000819356170888	1	128	T	C
D1_N1	0.000847806149415	2	104	T	C
D1_N1	0.00106128511679	2	242	A	C
D1_N1	0.00118752016213	2	9	T	C
D1_N1	0.00176861395415	2	32	T	C
D1_N1	0.00213363647934	1	137	A	G
D1_N1	0.00216362578953	1	128	C	A
D1_N1	0.00275328290423	1	191	T	C
D1_N1	0.00327801416602	2	101	T	C
D1_N1	0.00345662676525	1	195	C	T
D1_N1	0.00347078886554	1	176	A	G
D1_N1	0.00366757817426	2	26	T	C
D1_N1	0.00378170194571	2	272	G	A
D1_N1	0.00407616023755	1	206	G	A
D1_N1	0.00480333331275	1	332	T	C
D1_N1	0.00490551408789	1	311	C	T
D1_N1	0.00506415191799	2	224	A	G
N1_castellii	0.000249435768769	2	116	C	A
N1_castellii	0.00113754860768	2	209	A	G
N1_castellii	0.00116875471981	2	146	A	G
N1_castellii	0.00135954691625	2	272	A	T
N1_castellii	0.00140134701215	2	242	C	T
N1_castellii	0.00170572919505	2	322	C	T
N1_castellii	0.00194523453465	1	65	T	C
N1_castellii	0.00209110209354	1	140	G	A
N1_castellii	0.00212400455094	2	5	G	A
N1_castellii	0.00231479579505	2	266	A	G
N1_castellii	0.00246852181432	1	263	T	A
N1_castellii	0.00257877773725	1	221	G	A
N1_castellii	0.00261602907267	2	251	A	C
N1_castellii	0.00267422542565	1	41	C	T
N1_castellii	0.00289666985503	2	179	C	T
N1_castellii	0.00311342234847	2	305	A	G
N1_castellii	0.00312063403383	1	320	G	C
N1_castellii	0.00366785508245	1	224	A	G
N1_castellii	0.00369321982724	1	281	C	T
N1_castellii	0.0039897666952	2	185	C	T
N1_castellii	0.00448882554218	1	275	T	C
N1_castellii	0.00452304298237	1	332	C	T
N1_castellii	0.00489110695688	1	284	G	A
N1_castellii	0.00514503538466	1	68	C	T
N1_castellii	0.00516555175003	1	29	T	C
N1_castellii	0.00543487368473	2	62	T	C
N1_castellii	0.00560749516363	1	95	G	C
N1_castellii	0.00574499565811	2	248	G	A
N1_castellii	0.00669029220268	1	284	A	C
N1_castellii	0.00702805682772	2	329	G	T
N1_castellii	0.00745346592137	1	137	G	A
N1_N2	0.000298441879141	2	23	G	A
N1_N2	0.000317457999407	1	283	G	A
N1_N2	0.000330229591719	1	338	C	A
N1_N2	0.000377978103152	2	72	T	C
N1_N2	0.000725772479428	2	118	C	T
N1_N2	0.000766410057286	1	92	T	C
N1_N2	0.000811064001044	2	116	C	T
N1_N2	0.000812824545434	1	5	G	A
N1_N2	0.00100043917588	2	176	A	G
N1_N2	0.00110786916262	1	263	T	C
N1_N2	0.00118301719348	2	182	A	G
N1_N2	0.00131545849088	2	126	A	G
N1_N2	0.00139579903605	2	29	T	C
N1_N2	0.00143590882308	1	161	A	T
N1_N2	0.00187106617474	1	149	A	T
N1_N2	0.00196886781038	1	251	A	G
N1_N2	0.00215610383842	2	167	T	C
N1_N2	0.00260920833294	1	224	A	G
N1_N2	0.00262493937714	1	299	A	G
N1_N2	0.00274660727027	2	311	C	T
N1_N2	0.00335642674057	2	194	A	C
N1_N2	0.00381104303078	1	11	T	C
N1_N2	0.00401188486623	2	2	G	A
N1_N2	0.00412242292977	2	347	A	T
N1_N2	0.00478162829757	1	182	A	G
N1_N2	0.00494760451733	1	305	A	G
N1_N2	0.005020806009	1	101	T	A
N2_bayanus	9.49887142201e-06	2	169	T	C
N2_bayanus	4.24698952669e-05	1	174	A	G
N2_bayanus	0.000112288205286	2	244	G	A
N2_bayanus	0.000388587637393	2	278	T	C
N2_bayanus	0.000429651335946	2	41	C	T
N2_bayanus	0.00084000067984	1	269	T	C
N2_bayanus	0.00109536737559	2	38	G	A
N2_bayanus	0.00146113311242	2	317	T	C
N2_bayanus	0.00155968119646	1	161	T	C
N2_bayanus	0.00166536251254	1	140	G	A
N2_bayanus	0.00175068561515	2	77	C	G
N2_N3	6.5070766985e-05	2	71	C	T
N2_N3	0.00036325488062	2	242	C	T
N2_N3	0.000586411915413	2	107	T	C
N2_N3	0.000790369459146	2	224	G	A
N2_N3	0.000807327621438	1	290	G	C
N2_N3	0.000982124933263	1	287	T	C
N2_N3	0.00134481355405	2	332	T	A
N2_N3	0.00138537906622	2	26	C	T
N2_N3	0.0015824337786	1	98	A	G
N2_N3	0.00174658889716	1	266	A	G
N3_kudriavzevii	0.000254723002602	1	164	C	T
N3_kudriavzevii	0.000918589898392	1	17	T	C
N3_kudriavzevii	0.00142628720612	2	107	C	T
N3_N4	0.000619833307768	2	116	T	C
N3_N4	0.000658844184288	1	242	A	G
N3_N4	0.00114061608811	2	128	A	G
N3_N4	0.00130583213392	2	338	C	T
N3_N4	0.00139220127771	2	35	A	G
N4_mikatae	7.48415438912e-05	2	317	T	A
N4_mikatae	7.65118517185e-05	2	276	G	A
N4_mikatae	0.000139155810513	1	329	G	A
N4_mikatae	0.00112294674887	2	150	C	T
N4_mikatae	0.00114283727045	2	152	A	G
N4_mikatae	0.00119757430589	1	11	C	T
N4_mikatae	0.00158927299154	2	221	G	A
N4_mikatae	0.0017295241093	1	332	C	T
N4_mikatae	0.00192321824914	1	128	A	G
N4_mikatae	0.00200879000346	2	251	A	G
N4_mikatae	0.00206923258229	1	326	A	C
N4_mikatae	0.00207895164628	2	149	A	G
N4_mikatae	0.00232441139767	1	353	C	T
N4_mikatae	0.00239186680677	1	86	C	T
N4_mikatae	0.00257003183272	1	8	T	G
N4_N5	0.000169591706199	2	221	G	A
N4_N5	0.000231287606165	1	296	T	C
N4_N5	0.000379540013804	1	71	C	T
N5_paradoxus	0.000108545144639	2	202	T	C
N5_paradoxus	0.000434548569632	1	134	A	G
N5_paradoxus	0.000603890754983	1	68	C	G
N5_paradoxus	0.000608202048912	2	71	T	C
N5_paradoxus	0.000878977997487	1	212	A	G
N5_paradoxus	0.00101867762278	1	212	G	A
N5_paradoxus	0.0010680222581	1	158	C	T
N5_paradoxus	0.00124163093139	2	233	C	T
N5_cerevisiae	0.000128458368394	2	152	A	T
N5_cerevisiae	0.00013082878906	1	65	T	G
N5_cerevisiae	0.000158625590094	1	176	G	A
N5_cerevisiae	0.000286188432856	1	26	T	C
N5_cerevisiae	0.000372257669586	2	344	C	T
N5_cerevisiae	0.000667511779926	1	227	C	T
N5_cerevisiae	0.000985052341951	1	320	G	A
N5_cerevisiae	0.00115699884415	1	230	T	C
N5_cerevisiae	0.00145842996388	1	56	C	T
N5_cerevisiae	0.00197680795201	1	62	T	C
N5_cerevisiae	0.00224951022398	1	218	G	A
