edge	time	orlg_from	orlg_to	tract_length	start_pos	stop_pos	num_diff	template_seq	overide_seq
D1_N1	0.00375439050452	1	2	1	46	46	0	T	T
D1_N1	0.00932744402428	2	1	1	3	3	0	A	A
D1_N1	0.0100312753235	1	2	1	56	56	0	G	G
D1_N1	0.0168407706606	2	1	1	159	159	0	A	A
D1_N1	0.0303262342799	2	1	1	87	87	0	G	G
D1_N1	0.0411787378973	1	2	1	93	93	0	G	G
D1_N1	0.0523811500343	2	1	1	62	62	0	G	G
D1_N1	0.0525579847072	1	2	1	103	103	0	T	T
D1_N1	0.0528100855626	2	1	1	117	117	0	T	T
D1_N1	0.0538973386029	1	2	1	141	141	1	G	C
D1_N1	0.0554939321595	2	1	1	179	179	0	C	C
D1_N1	0.0556261107962	1	2	1	28	28	0	C	C
D1_N1	0.0628964458453	1	2	1	64	64	0	T	T
D1_N1	0.0678060346413	2	1	1	121	121	0	A	A
D1_N1	0.0782197822273	1	2	1	39	39	0	A	A
D1_N1	0.0798111579073	1	2	1	151	151	0	A	A
D1_N1	0.0956436088819	2	1	1	9	9	0	A	A
D1_N1	0.0964188347251	1	2	1	131	131	0	A	A
D1_N1	0.100950631222	1	2	1	187	187	0	T	T
D1_N1	0.107398936825	1	2	1	2	2	0	A	A
D1_N1	0.114912748486	1	2	1	145	145	0	A	A
D1_N1	0.129963945795	2	1	1	191	191	0	T	T
D1_N1	0.134007574716	1	2	1	21	21	0	T	T
D1_N1	0.135580279279	2	1	1	17	17	0	C	C
D1_N1	0.136356776634	2	1	1	108	108	1	G	C
D1_N1	0.145134376509	2	1	1	185	185	0	C	C
D1_N1	0.149897836802	1	2	1	53	53	1	T	G
D1_N1	0.161958085559	2	1	1	108	108	0	G	G
D1_N1	0.171518382521	1	2	1	207	207	0	T	T
D1_N1	0.176768363434	1	2	1	190	190	0	G	G
D1_N1	0.17997164173	2	1	1	165	165	0	C	C
D1_N1	0.185500375849	2	1	1	180	180	0	C	C
D1_N1	0.192605489979	1	2	1	143	143	0	G	G
D1_N1	0.196504758692	1	2	1	35	35	0	T	T
D1_N1	0.196738516875	2	1	1	77	77	0	T	T
D1_N1	0.197758176313	1	2	1	23	23	0	G	G
D1_N1	0.198231239504	2	1	1	132	132	0	T	T
D1_N1	0.199817779763	1	2	1	77	77	0	T	T
D1_N1	0.20676107858	1	2	1	122	122	1	C	G
D1_N1	0.223198463517	1	2	1	39	39	0	A	A
D1_N1	0.229700734634	2	1	1	91	91	1	G	C
D1_N1	0.229866783366	1	2	1	19	19	1	T	C
D1_N1	0.231470388413	2	1	1	177	177	1	A	C
D1_N1	0.232687262358	1	2	1	124	124	1	G	T
N1_N2	0.000676636275287	2	1	1	87	87	0	G	G
N1_N2	0.00143541555843	2	1	1	34	34	1	A	G
N1_N2	0.00627185875868	2	1	1	40	40	0	A	A
N1_N2	0.0074597676011	2	1	1	163	163	0	C	C
N1_N2	0.012075801548	1	2	1	57	57	0	A	A
N1_N2	0.01292682	2	1	1	30	30	1	C	G
N2_N3	0.00115411926923	1	2	1	168	168	1	T	A
N3_N4	0.00180732278946	1	2	1	19	19	0	T	T
N3_N4	0.00254671729405	2	1	1	113	113	0	T	T
N3_N4	0.00518045156324	1	2	1	56	56	0	G	G
N4_Human	0.00701762228846	1	2	1	143	143	0	G	G
N3_Goril	0.00929608339054	2	1	1	161	161	0	G	G
N2_Orang	0.00721776841869	2	1	1	78	78	1	T	A
N2_Orang	0.00915524610754	1	2	1	16	16	0	T	T
N2_Orang	0.0120346934227	1	2	1	143	143	1	A	G
N2_Orang	0.0124293719726	1	2	1	22	22	0	C	C
N1_Macaq	0.000746810590285	1	2	1	200	200	0	T	T
N1_Macaq	0.00089850348847	1	2	1	153	153	0	C	C
N1_Macaq	0.00283270075945	2	1	1	208	208	1	G	C
N1_Macaq	0.00958710282104	2	1	1	57	57	0	A	A
N1_Macaq	0.0143049223318	1	2	1	59	59	0	T	T
N1_Macaq	0.0147654927711	2	1	1	41	41	1	G	A
N1_Macaq	0.0280911344652	1	2	1	70	70	0	T	T
N1_Macaq	0.0435480402369	1	2	1	187	187	0	T	T
