edge	time	mut_orlg	mut_pos	old_state	new_state
N0_D1	0.000375600024668	0	595	G	A
N0_D1	0.00140203297448	0	898	T	C
N0_D1	0.00169975006293	0	186	G	A
N0_D1	0.00310517621378	0	779	C	T
N0_D1	0.00345078040642	0	190	T	A
N0_D1	0.00487703255682	0	864	T	G
N0_D1	0.00517168417072	0	365	A	T
N0_D1	0.00545246075009	0	1119	T	C
N0_D1	0.00625020619321	0	1013	A	G
N0_D1	0.00714392515886	0	394	C	T
N0_D1	0.00724880986529	0	532	C	T
N0_D1	0.00725819472435	0	795	C	A
N0_D1	0.00768220561927	0	1209	A	T
N0_D1	0.00777270665155	0	813	C	T
N0_D1	0.00853694930919	0	301	T	C
N0_D1	0.00899489236744	0	1041	C	T
N0_D1	0.011224087285	0	129	T	C
N0_D1	0.0118253870537	0	33	T	C
N0_D1	0.0125628491051	0	45	G	A
N0_D1	0.0132706828291	0	733	C	T
N0_D1	0.0136074989794	0	94	A	G
N0_D1	0.014088548201	0	300	A	T
N0_D1	0.0142540934023	0	929	C	T
N0_D1	0.014720449778	0	998	C	G
N0_D1	0.0157442977057	0	29	T	G
N0_D1	0.0159079165205	0	1006	G	T
N0_D1	0.0171154419739	0	849	G	A
N0_D1	0.0172018828974	0	660	C	T
N0_D1	0.0173697270458	0	606	A	G
N0_D1	0.0184113014385	0	73	G	A
N0_D1	0.018744700017	0	141	T	C
N0_D1	0.0213978913859	0	869	T	C
N0_D1	0.0214614001164	0	1163	T	C
N0_D1	0.0220450593553	0	21	C	T
N0_D1	0.0221298495258	0	1201	A	T
N0_D1	0.0222542320272	0	67	C	A
N0_D1	0.0241329701475	0	1102	T	C
N0_D1	0.026284067086	0	456	C	T
N0_D1	0.0263797505542	0	770	A	G
N0_D1	0.0272891743108	0	591	C	A
N0_D1	0.029563312231	0	944	A	G
N0_D1	0.0297737475202	0	686	C	T
N0_D1	0.0309717190499	0	681	C	A
N0_D1	0.031422483768	0	830	C	A
N0_D1	0.0318125585418	0	1219	T	C
N0_D1	0.0321328184132	0	27	T	C
N0_D1	0.0322124143873	0	268	T	C
N0_D1	0.0328463144644	0	1049	G	T
N0_D1	0.0338479960595	0	203	G	A
N0_D1	0.0376829143562	0	1154	A	C
N0_D1	0.0378641483216	0	756	G	T
N0_D1	0.0384935536576	0	377	C	G
N0_D1	0.0399007860567	0	1088	G	A
N0_D1	0.0414366387889	0	351	C	A
N0_D1	0.0416647849856	0	1081	C	T
N0_D1	0.043577183288	0	502	G	T
N0_D1	0.0451292196217	0	330	A	G
N0_D1	0.0458345371185	0	545	C	T
D1_N1	0.000206168086096	2	129	C	A
D1_N1	0.000451420927252	1	689	G	A
D1_N1	0.000807819991282	1	670	A	T
D1_N1	0.00090008825317	1	1132	A	C
D1_N1	0.00113018489851	2	228	C	T
D1_N1	0.00137252306098	2	1099	C	T
D1_N1	0.00196132411128	2	1122	T	A
D1_N1	0.00356649675424	2	374	G	T
D1_N1	0.0038960255635	1	102	G	T
D1_N1	0.00503246573569	2	935	T	C
D1_N1	0.00536413368921	2	260	A	G
D1_N1	0.00567016660635	2	1233	C	T
D1_N1	0.00575279682879	1	1028	C	T
D1_N1	0.00590065711946	1	279	C	T
D1_N1	0.00662030010439	1	474	T	C
D1_N1	0.00704058001799	1	972	T	A
D1_N1	0.00712166354671	2	405	C	A
D1_N1	0.00770353187848	1	209	A	G
D1_N1	0.00800131440902	1	1079	G	T
D1_N1	0.0080677138058	1	870	T	A
D1_N1	0.010020854506	1	1093	C	A
D1_N1	0.0104232587689	1	716	G	A
D1_N1	0.0108194015842	2	738	A	G
D1_N1	0.0113308102075	1	772	T	A
D1_N1	0.0115116631407	2	820	C	T
D1_N1	0.0120715526824	2	872	T	C
D1_N1	0.0127618321151	1	1048	A	T
D1_N1	0.0127869392865	1	304	T	A
D1_N1	0.0129069115541	1	750	C	T
D1_N1	0.0135213615867	2	235	T	C
D1_N1	0.0136622680562	2	416	T	C
D1_N1	0.0138562344803	2	1077	T	C
D1_N1	0.0143520330235	1	1111	G	T
D1_N1	0.0144245934724	1	468	C	T
D1_N1	0.0146734703113	2	977	G	A
D1_N1	0.014677645057	2	1056	T	C
D1_N1	0.0147580533344	1	440	T	G
D1_N1	0.0159464013469	2	428	C	A
D1_N1	0.0163860297407	2	881	G	A
D1_N1	0.0170644160547	1	1042	G	T
D1_N1	0.0172863935267	2	1176	G	A
D1_N1	0.0174873712531	2	959	A	T
D1_N1	0.0182144617078	1	878	C	T
D1_N1	0.0185671030041	1	349	C	A
D1_N1	0.0188712721328	1	1089	G	A
D1_N1	0.0196955952329	1	202	T	G
D1_N1	0.020230781058	2	495	C	T
D1_N1	0.0203182462223	2	1205	T	A
D1_N1	0.0205925361647	2	441	A	C
D1_N1	0.0209412719517	1	1128	A	T
D1_N1	0.0211171448194	2	275	C	A
D1_N1	0.0212681920035	1	826	A	T
D1_N1	0.0220500410906	1	573	A	T
D1_N1	0.0222224163899	2	489	A	T
D1_N1	0.0225911141896	1	729	T	G
D1_N1	0.0230403818718	2	404	A	G
D1_N1	0.0241573229704	1	110	A	G
D1_N1	0.0241771614631	1	757	T	C
D1_N1	0.0242951242735	1	1221	T	C
D1_N1	0.0245057198702	1	1127	C	A
D1_N1	0.0252218217504	2	1082	A	C
D1_N1	0.0254947612442	2	165	T	C
D1_N1	0.0256673264749	2	129	A	T
D1_N1	0.0258787314297	1	1097	A	G
D1_N1	0.0262201027702	2	55	T	C
D1_N1	0.0264188991812	1	930	A	G
D1_N1	0.0264962848827	1	942	T	A
D1_N1	0.0265100921071	1	644	A	T
D1_N1	0.0269664482927	2	645	A	T
D1_N1	0.0278396585177	2	858	C	T
D1_N1	0.0278700669259	1	36	C	G
D1_N1	0.0288295885864	2	344	C	A
D1_N1	0.0293078092763	2	418	C	T
D1_N1	0.0293288755338	2	19	T	C
D1_N1	0.0294401467352	2	19	C	T
D1_N1	0.0294482335198	2	378	A	G
D1_N1	0.0298051296954	2	978	A	G
D1_N1	0.0300912696843	2	562	C	A
D1_N1	0.030709849613	1	49	A	C
D1_N1	0.0308490329839	1	724	C	T
D1_N1	0.0312406936658	1	1059	T	A
D1_N1	0.0312724922046	1	180	T	C
D1_N1	0.0313542344053	1	880	T	C
D1_N1	0.0320817333548	1	305	C	T
D1_N1	0.0331800261541	1	965	C	T
D1_N1	0.0331996434996	2	1082	C	T
D1_N1	0.0335559773388	2	418	T	G
D1_N1	0.0343170733825	2	1173	G	T
D1_N1	0.0355474659887	1	165	T	C
D1_N1	0.0361601543067	2	1053	T	G
D1_N1	0.0362488220555	1	925	G	T
D1_N1	0.0364565568011	1	287	G	A
D1_N1	0.0371134829594	1	704	T	G
D1_N1	0.0374757504948	1	612	A	C
D1_N1	0.0378733081156	1	201	C	A
D1_N1	0.0379615292637	2	699	T	A
D1_N1	0.0380836978124	2	697	G	A
D1_N1	0.0391564271247	2	955	T	C
D1_N1	0.039161971029	1	168	T	A
D1_N1	0.0400124501414	2	545	T	C
D1_N1	0.0400385787949	2	1022	G	A
D1_N1	0.0401452420793	2	936	T	C
D1_N1	0.0404226767226	1	655	A	G
D1_N1	0.040442208055	1	1181	T	C
D1_N1	0.0404891632326	1	855	A	T
D1_N1	0.0410416891321	2	1135	T	C
D1_N1	0.0419391448112	2	638	T	A
D1_N1	0.0424067158597	1	916	T	C
D1_N1	0.0428480625515	1	383	A	C
D1_N1	0.0429227845555	2	995	A	C
D1_N1	0.0430844940721	1	1190	A	T
D1_N1	0.0433827942234	1	303	T	G
D1_N1	0.0441730648929	1	44	G	A
D1_N1	0.0443646507607	2	1193	C	T
D1_N1	0.0443821278518	2	665	G	T
D1_N1	0.0443949184813	1	301	C	T
D1_N1	0.0452267445026	2	469	C	A
D1_N1	0.0453188570582	1	283	A	G
D1_N1	0.0457230792674	1	355	T	G
D1_N1	0.0460130610642	2	87	G	A
D1_N1	0.0464655550243	1	110	G	C
D1_N1	0.0469468509758	2	13	T	A
D1_N1	0.0475047348889	2	1227	T	C
D1_N1	0.0477645974711	2	397	T	G
D1_N1	0.0481580495458	2	993	T	A
D1_N1	0.0482105391869	1	36	G	A
D1_N1	0.0487644450874	1	897	T	A
D1_N1	0.0491928308199	2	228	T	A
D1_N1	0.0494761228391	2	1210	G	A
D1_N1	0.0495799139878	1	849	A	G
D1_N1	0.0502067443192	1	1222	T	G
D1_N1	0.0515245875921	1	0	C	A
D1_N1	0.052375854186	2	532	T	A
D1_N1	0.0526992958216	2	897	T	C
D1_N1	0.0531164217868	1	703	C	T
D1_N1	0.0536114768363	2	957	G	A
D1_N1	0.0537818738904	1	654	A	G
D1_N1	0.0538559953728	1	529	T	A
D1_N1	0.0542590389596	2	675	C	T
D1_N1	0.05432075078	2	1186	T	C
D1_N1	0.0543787078806	2	465	G	T
D1_N1	0.0546955474945	1	75	T	A
D1_N1	0.0547683770162	2	603	G	A
D1_N1	0.0549704915967	2	705	T	A
D1_N1	0.0551175179974	2	926	T	G
D1_N1	0.0552995396483	1	1104	G	A
D1_N1	0.0556237021656	1	1059	A	G
D1_N1	0.0560058879568	1	116	T	C
D1_N1	0.0562261432378	1	695	C	T
D1_N1	0.0562294987664	1	787	G	T
D1_N1	0.0562744863282	1	776	C	T
D1_N1	0.0563633695877	1	880	C	T
D1_N1	0.056782024683	2	1041	T	C
D1_N1	0.056829074159	1	38	A	G
D1_N1	0.0575716246563	1	39	G	T
D1_N1	0.0579908255891	2	1114	A	C
D1_N1	0.0581543464274	2	318	C	A
D1_N1	0.0587148774633	2	781	A	G
D1_N1	0.0593774205584	1	195	T	A
D1_N1	0.0602208916097	2	1083	C	G
D1_N1	0.0609304932376	2	1127	C	T
D1_N1	0.0615608270166	2	929	T	C
D1_N1	0.0616154585627	2	552	C	T
D1_N1	0.0622822799894	1	488	C	A
D1_N1	0.0623119967458	2	666	A	G
D1_N1	0.0623208178792	2	1097	A	C
D1_N1	0.0626634941411	2	114	T	A
D1_N1	0.0628237987047	2	1143	G	A
D1_N1	0.0629220380412	2	1203	A	G
D1_N1	0.0630946108066	1	693	G	A
D1_N1	0.0638262369349	1	600	T	G
D1_N1	0.0639483426555	2	223	A	T
D1_N1	0.0647120886628	2	965	C	A
D1_N1	0.0649021889919	2	904	G	T
D1_N1	0.0653010436781	2	750	C	T
D1_N1	0.0657823093277	2	714	T	C
D1_N1	0.0659678822061	1	607	T	A
D1_N1	0.0663345848968	1	284	A	G
D1_N1	0.0668977807775	2	1070	A	T
D1_N1	0.0679958110848	1	492	A	G
D1_N1	0.0682731212913	2	526	A	G
D1_N1	0.0683034997666	2	168	T	G
D1_N1	0.0683502542092	1	583	G	T
D1_N1	0.0689132970499	2	2	T	A
D1_N1	0.0696636860027	1	320	A	C
D1_N1	0.0697494168481	1	452	G	A
D1_N1	0.0701849426668	1	859	A	T
D1_N1	0.0706105439515	1	1031	A	T
D1_N1	0.0707653274839	2	876	C	T
D1_N1	0.0709659971628	1	996	G	A
D1_N1	0.0715226050736	1	947	A	G
D1_N1	0.0718501779146	2	524	A	C
D1_N1	0.0736956824742	1	935	T	G
D1_N1	0.0738827066742	1	937	G	C
D1_N1	0.0741669053689	1	650	T	G
D1_N1	0.0741690907435	2	943	T	A
D1_N1	0.0743108976422	2	905	A	C
D1_N1	0.074742339586	1	240	A	C
D1_N1	0.0755331040083	2	175	C	T
D1_N1	0.0756162422423	2	831	T	C
D1_N1	0.0759011964904	1	99	G	T
D1_N1	0.0763892379491	2	1170	G	T
D1_N1	0.0765264211664	2	837	T	C
D1_N1	0.0780592760629	2	155	G	C
D1_N1	0.0785326699118	1	278	T	G
D1_N1	0.0785573294619	1	1069	G	A
D1_N1	0.0793442026322	1	684	C	T
D1_N1	0.0798656076953	1	128	A	T
D1_N1	0.0799146680908	1	712	G	T
D1_N1	0.080471736023	1	111	T	G
D1_N1	0.0809716697087	1	375	G	T
D1_N1	0.0813528076108	2	727	T	G
D1_N1	0.0815321448447	2	706	C	G
D1_N1	0.0816603727127	1	61	A	G
D1_N1	0.0838062386276	1	661	G	T
D1_N1	0.0838264686748	1	564	C	T
D1_N1	0.0840077096025	1	18	C	A
D1_N1	0.084484449389	1	557	C	T
D1_N1	0.0850353710209	2	854	T	C
D1_N1	0.0851926463821	2	536	A	T
D1_N1	0.0852944270224	1	837	T	C
D1_N1	0.0854269687001	1	786	C	A
D1_N1	0.0858704951798	2	917	C	T
D1_N1	0.0862987554303	2	290	G	C
D1_N1	0.0868550236528	1	150	A	T
D1_N1	0.0868684653432	1	969	C	A
D1_N1	0.0869843309792	2	308	C	T
D1_N1	0.0877779294569	1	1060	A	T
D1_N1	0.0879873756709	1	790	G	A
D1_N1	0.0887382118595	2	849	A	C
D1_N1	0.0892576414756	1	1221	C	T
D1_N1	0.0893116739599	1	1069	A	G
D1_N1	0.0901482694485	1	735	G	A
D1_N1	0.0902437132581	1	366	T	A
D1_N1	0.0902699450088	2	173	G	A
D1_N1	0.0909221812997	1	95	T	C
D1_N1	0.0910390018031	1	624	A	G
D1_N1	0.0913935907858	2	351	A	C
D1_N1	0.0917394930009	1	773	A	G
D1_N1	0.0919791630259	1	736	T	C
D1_N1	0.0925358694924	1	1100	C	T
D1_N1	0.0937039849594	2	1210	A	T
D1_N1	0.0939010594096	2	968	A	G
D1_N1	0.0940716436336	1	266	T	C
D1_N1	0.0941655014565	1	226	A	G
D1_N1	0.0942113185517	1	650	G	C
D1_N1	0.094571728643	2	29	G	C
D1_N1	0.0949489697046	1	915	G	A
D1_N1	0.0953846063206	1	550	A	C
D1_N1	0.0957915780363	2	321	A	T
D1_N1	0.0960720486147	1	88	C	G
D1_N1	0.0961743023002	2	325	A	T
D1_N1	0.0962047131033	1	1005	G	T
D1_N1	0.0963035067371	1	342	A	G
D1_N1	0.0969352800622	1	429	G	A
D1_N1	0.0971438179154	2	39	G	T
D1_N1	0.0976978693668	1	954	G	A
D1_N1	0.0982516601559	1	179	G	T
D1_N1	0.0982805355642	1	707	A	T
D1_N1	0.0986472017532	1	435	T	C
D1_N1	0.0989130291313	2	1067	G	A
D1_N1	0.0989867050382	2	576	T	C
D1_N1	0.099069357136	2	755	G	C
D1_N1	0.0994398673266	1	535	T	G
D1_N1	0.0999774525272	2	366	T	C
D1_N1	0.100643468257	1	734	T	A
D1_N1	0.100659568362	2	13	A	G
D1_N1	0.101080395175	2	353	G	A
D1_N1	0.10132885773	2	182	T	G
D1_N1	0.101835086136	1	301	T	C
D1_N1	0.102320922151	2	975	A	G
D1_N1	0.102737063365	2	870	T	A
D1_N1	0.102764984964	1	1231	A	G
D1_N1	0.102793466616	1	296	G	T
D1_N1	0.103107181935	2	130	C	T
D1_N1	0.103670452625	1	1028	C	T
D1_N1	0.104777758775	2	85	A	C
D1_N1	0.105037509068	2	40	G	T
D1_N1	0.105493405048	2	1030	T	A
D1_N1	0.105600119945	1	729	G	A
D1_N1	0.105710731491	1	1122	T	A
D1_N1	0.105869392384	1	810	G	T
D1_N1	0.10596546864	1	314	C	G
D1_N1	0.106053615951	1	1145	T	C
D1_N1	0.106145008762	2	754	C	G
D1_N1	0.106429598031	2	610	G	A
D1_N1	0.106926990608	2	884	A	G
D1_N1	0.107001785176	1	561	C	T
D1_N1	0.108177181415	2	57	A	G
D1_N1	0.108450753188	2	1010	A	C
D1_N1	0.108622966899	1	517	A	T
D1_N1	0.109126729405	1	625	A	G
D1_N1	0.110747353816	1	684	T	G
D1_N1	0.111656828193	2	1164	G	T
D1_N1	0.111893797767	2	840	A	G
D1_N1	0.112065326195	2	989	A	C
D1_N1	0.113096268158	2	335	T	C
D1_N1	0.113384976065	2	276	C	A
D1_N1	0.113771516946	2	655	A	G
D1_N1	0.114161526252	2	630	A	G
D1_N1	0.114853166144	2	1194	T	G
D1_N1	0.115490872673	2	1156	A	T
D1_N1	0.115616839833	1	827	A	C
D1_N1	0.115617708494	1	918	C	T
D1_N1	0.115696907116	2	631	G	C
D1_N1	0.115834384227	1	330	G	C
D1_N1	0.115839042377	2	1185	A	T
D1_N1	0.116360386206	2	903	T	C
D1_N1	0.116392966174	2	610	A	G
D1_N1	0.116702839951	1	485	C	A
D1_N1	0.116794808833	1	426	A	C
D1_N1	0.116889004716	2	513	C	T
D1_N1	0.117229200564	2	699	A	C
D1_N1	0.119116817803	1	150	T	C
D1_N1	0.119863631659	2	688	C	A
D1_N1	0.119916426406	2	130	T	A
D1_N1	0.119994984083	2	226	A	G
D1_N1	0.120349903296	1	966	T	C
D1_N1	0.120396790869	1	938	T	A
D1_N1	0.120580049087	2	53	T	C
D1_N1	0.121192247194	2	1085	T	C
D1_N1	0.121225545426	2	885	T	A
D1_N1	0.121583062896	2	585	C	T
D1_N1	0.121655191196	2	1054	C	T
D1_N1	0.122117615541	2	1193	T	A
D1_N1	0.122700813413	2	622	A	G
D1_N1	0.124539056467	1	56	A	C
D1_N1	0.124715718322	2	1175	A	C
D1_N1	0.125375165265	2	360	A	G
D1_N1	0.126179804226	2	556	G	A
D1_N1	0.126248087358	1	188	A	T
D1_N1	0.126539623953	1	1222	G	A
D1_N1	0.127026024872	2	1126	C	A
D1_N1	0.127130778961	2	161	C	T
D1_N1	0.12725406476	1	593	A	C
D1_N1	0.12738028146	2	70	C	T
D1_N1	0.127382980876	1	1056	T	C
D1_N1	0.127637621487	1	420	G	A
D1_N1	0.128201659962	2	1070	T	C
D1_N1	0.129455447218	2	541	T	G
D1_N1	0.129757592087	1	698	C	A
D1_N1	0.129814277992	2	352	G	T
D1_N1	0.13056495586	2	1165	G	A
D1_N1	0.130902952512	1	367	A	G
D1_N1	0.131043355089	2	346	G	A
D1_N1	0.131663057698	1	1102	C	A
D1_N1	0.13170021219	1	46	T	C
D1_N1	0.132536643261	2	572	G	C
D1_N1	0.132906325471	2	35	C	G
D1_N1	0.133052889055	2	877	T	A
D1_N1	0.133230156154	2	5	G	A
D1_N1	0.133446116882	1	467	A	G
D1_N1	0.133925446452	1	79	G	T
D1_N1	0.134654753112	1	982	G	A
D1_N1	0.134966668546	2	372	C	A
D1_N1	0.135457958749	1	1107	A	G
D1_N1	0.136913781002	1	609	C	A
D1_N1	0.137237483123	2	814	T	G
D1_N1	0.137728501915	1	1168	C	G
D1_N1	0.137799670128	2	245	C	G
D1_N1	0.137876600857	1	930	G	C
D1_N1	0.13820442878	2	1205	A	G
D1_N1	0.139157888482	1	1012	C	A
D1_N1	0.139253473887	1	99	T	C
D1_N1	0.139316275264	2	1147	A	T
D1_N1	0.139595099425	1	152	A	G
D1_N1	0.139621461935	1	818	C	G
D1_N1	0.141798172888	1	255	A	G
D1_N1	0.142524733513	2	1142	A	G
D1_N1	0.14289950951	1	581	T	A
D1_N1	0.143315992339	2	1160	C	T
D1_N1	0.143397979112	1	1147	A	C
D1_N1	0.143449290106	1	204	A	C
D1_N1	0.143612462238	1	1154	C	T
D1_N1	0.143675167333	1	408	T	C
D1_N1	0.144158104981	1	1130	T	C
D1_N1	0.144182556149	2	895	C	A
D1_N1	0.144435884317	2	520	C	A
D1_N1	0.144488838676	2	1010	C	T
D1_N1	0.144994868342	2	870	A	G
D1_N1	0.145587576548	2	490	T	A
D1_N1	0.146864364525	2	84	T	C
D1_N1	0.146957531528	1	114	T	C
D1_N1	0.14746615682	2	593	A	T
D1_N1	0.147511775799	1	444	G	A
D1_N1	0.147604111776	2	173	A	C
D1_N1	0.150174317528	1	958	A	G
D1_N1	0.15122592729	1	335	T	G
D1_N1	0.151272964616	2	754	G	T
D1_N1	0.151654197048	1	51	G	T
D1_N1	0.152830398979	2	261	G	A
D1_N1	0.153522102601	2	403	T	C
D1_N1	0.15411602063	1	869	C	A
D1_N1	0.154135970725	2	109	T	C
D1_N1	0.154333959232	1	854	T	C
D1_N1	0.154600357725	1	483	A	G
D1_N1	0.155110467142	1	614	C	A
D1_N1	0.15712429412	2	191	C	T
D1_N1	0.157188929966	1	1124	A	G
D1_N1	0.158302887585	2	318	A	G
D1_N1	0.158344372179	1	934	A	C
D1_N1	0.158760057264	2	747	A	T
D1_N1	0.158792285368	2	974	C	T
D1_N1	0.159122966945	1	587	A	T
D1_N1	0.159201968009	2	228	A	G
D1_N1	0.159619421417	1	606	G	A
D1_N1	0.159660554844	2	378	G	T
D1_N1	0.159995701515	1	819	G	C
D1_N1	0.160314406717	2	661	G	A
D1_N1	0.160373705473	1	553	T	A
D1_N1	0.160573428292	1	1113	A	G
D1_N1	0.160947640937	2	834	A	C
D1_N1	0.161191462272	1	206	A	G
D1_N1	0.161248829098	1	1176	G	A
D1_N1	0.161381509533	1	354	A	G
D1_N1	0.161507911729	2	80	A	G
D1_N1	0.161963205008	2	1215	C	T
D1_N1	0.162079773511	2	308	T	C
D1_N1	0.162162722687	1	229	C	T
D1_N1	0.162407466429	2	371	T	A
D1_N1	0.162694601439	2	841	C	A
D1_N1	0.162706769642	1	124	G	T
D1_N1	0.163044629231	2	847	G	A
D1_N1	0.163434878398	1	836	T	A
D1_N1	0.163580752221	2	1156	T	C
D1_N1	0.163678513945	2	785	T	G
D1_N1	0.163706598558	2	820	T	A
D1_N1	0.163743467413	2	433	T	C
D1_N1	0.16425765451	2	414	C	A
D1_N1	0.164819678065	1	68	T	C
D1_N1	0.165049848043	1	375	T	C
D1_N1	0.165288794338	1	743	A	T
D1_N1	0.16566138303	1	400	T	C
D1_N1	0.166309847485	2	18	C	G
D1_N1	0.166911257097	1	357	C	T
D1_N1	0.166924015281	1	1164	G	A
D1_N1	0.167883903823	1	46	C	A
D1_N1	0.168101149529	2	281	A	G
D1_N1	0.168135238461	1	276	A	C
D1_N1	0.168370257371	1	5	G	A
D1_N1	0.168647340856	1	1135	C	T
D1_N1	0.1686535686	2	351	C	T
D1_N1	0.1689517696	1	897	A	G
D1_N1	0.169173819674	1	1126	C	T
D1_N1	0.170243002474	2	923	C	T
D1_N1	0.170402002857	1	823	A	T
D1_N1	0.170530036611	1	620	T	G
D1_N1	0.171253882687	1	491	C	A
D1_N1	0.171788216326	1	1138	C	A
D1_N1	0.172265608885	1	262	C	A
D1_N1	0.172425841954	2	477	A	G
D1_N1	0.172835509348	2	500	G	A
D1_N1	0.173119300371	2	975	G	T
D1_N1	0.173409587146	2	1217	T	A
D1_N1	0.17350638674	1	228	C	G
D1_N1	0.174404566327	1	812	T	C
D1_N1	0.174705343006	1	518	G	T
D1_N1	0.174979173135	2	405	A	G
D1_N1	0.175425234149	2	557	C	A
D1_N1	0.175506608074	2	1090	A	T
D1_N1	0.176086606013	2	31	C	G
D1_N1	0.176446050689	2	539	G	T
D1_N1	0.176699847561	2	1005	G	C
D1_N1	0.176718652114	2	201	C	A
D1_N1	0.177533592	2	385	T	G
D1_N1	0.177774493291	2	618	T	A
D1_N1	0.177974546172	1	960	G	C
D1_N1	0.178571109197	2	207	T	A
D1_N1	0.178775271734	1	1181	C	T
D1_N1	0.17888741092	1	279	T	G
D1_N1	0.179129170008	2	937	G	T
D1_N1	0.179676359635	2	658	G	C
D1_N1	0.179748215463	1	521	G	A
D1_N1	0.180383512777	2	347	T	A
D1_N1	0.182475997374	2	496	T	G
D1_N1	0.182480950938	2	17	A	G
D1_N1	0.182533124021	2	85	C	A
D1_N1	0.182786080595	2	538	T	C
D1_N1	0.183196160939	2	496	G	A
D1_N1	0.183904231301	2	1148	T	C
D1_N1	0.183938820447	2	420	G	A
D1_N1	0.18412529798	2	481	G	C
D1_N1	0.18422679168	1	465	G	A
D1_N1	0.184448225081	2	1094	C	T
D1_N1	0.184486477459	2	104	G	C
D1_N1	0.184535221091	1	189	A	T
D1_N1	0.1846904204	1	494	C	T
D1_N1	0.185080176259	2	1019	A	C
D1_N1	0.185123570882	2	817	A	G
D1_N1	0.186003505518	2	804	C	A
D1_N1	0.186850105389	2	200	A	G
D1_N1	0.187041218663	2	46	T	A
D1_N1	0.187753193556	1	952	A	T
D1_N1	0.188126807551	1	589	G	T
D1_N1	0.188834903323	2	771	T	C
D1_N1	0.189299076977	2	630	G	A
D1_N1	0.189480347357	1	860	T	C
D1_N1	0.189789713262	2	798	G	A
D1_N1	0.190378581882	1	793	G	T
D1_N1	0.190888552126	2	420	A	G
D1_N1	0.192025812065	1	1209	T	A
D1_N1	0.192577946949	1	11	A	G
D1_N1	0.192751464264	2	1228	G	T
D1_N1	0.193311862683	1	1044	T	C
D1_N1	0.193480493373	1	25	A	T
D1_N1	0.193946151066	2	254	A	G
D1_N1	0.194004073525	1	947	G	A
D1_N1	0.194126351655	1	209	G	T
D1_N1	0.194147670543	2	513	T	C
D1_N1	0.196453700457	1	377	G	T
D1_N1	0.196998727705	1	272	T	C
D1_N1	0.197023471227	1	217	C	T
D1_N1	0.197650021727	1	878	T	C
D1_N1	0.198073203109	1	1229	A	G
D1_N1	0.198197226469	2	819	G	C
D1_N1	0.199164464778	2	958	A	C
D1_N1	0.19969940801	2	238	T	C
D1_N1	0.200025373451	1	154	A	G
D1_N1	0.200167336626	2	305	C	A
D1_N1	0.20048127042	1	779	T	C
D1_N1	0.200650282197	1	613	T	C
D1_N1	0.200700719285	2	860	T	C
D1_N1	0.202693627402	1	1071	A	T
D1_N1	0.205727857918	1	652	C	T
D1_N1	0.206358951487	1	1075	G	C
D1_N1	0.20659663538	1	1180	A	T
D1_N1	0.207145952972	1	613	C	A
D1_N1	0.207211748774	2	1228	T	G
D1_N1	0.207652020698	2	1053	G	A
D1_N1	0.207705500987	1	345	G	T
D1_N1	0.208350090903	2	254	G	A
D1_N1	0.209071108361	2	723	T	A
D1_N1	0.209245864522	1	155	G	T
D1_N1	0.209352389918	2	881	A	T
D1_N1	0.209700303227	1	1142	A	C
D1_N1	0.210519157221	1	687	A	G
D1_N1	0.210579575901	1	875	T	A
D1_N1	0.21071773332	2	498	C	T
D1_N1	0.210834303555	2	441	C	T
D1_N1	0.212008705804	1	891	G	T
D1_N1	0.212302082792	1	41	T	C
D1_N1	0.212380325688	2	26	T	A
D1_N1	0.212764345597	1	1	G	C
D1_N1	0.213493746269	2	782	A	T
D1_N1	0.213862507139	2	599	T	G
D1_N1	0.214992869455	1	427	C	T
D1_N1	0.216199923878	2	839	T	C
D1_N1	0.217043892173	2	9	T	C
D1_N1	0.217214361926	2	649	G	A
D1_N1	0.217241825886	1	1185	A	G
D1_N1	0.217540442084	2	50	C	G
D1_N1	0.217685138896	2	508	T	C
D1_N1	0.217773933805	2	563	T	C
D1_N1	0.21778443605	2	128	A	G
D1_N1	0.21794935024	2	318	G	T
D1_N1	0.217969125814	1	918	T	G
D1_N1	0.218773543848	2	822	G	A
D1_N1	0.218836184725	1	776	T	G
D1_N1	0.218924442191	2	212	A	T
D1_N1	0.218934349577	1	548	C	G
D1_N1	0.219340495295	1	536	A	G
D1_N1	0.220377161864	1	294	T	A
D1_N1	0.220761245917	2	200	G	A
D1_N1	0.220958307861	1	1162	T	C
D1_N1	0.221837459391	2	1158	G	A
D1_N1	0.222110688574	2	672	A	T
D1_N1	0.222385047446	1	126	C	A
D1_N1	0.223041274097	2	319	A	G
D1_N1	0.223230987094	1	339	A	T
D1_N1	0.223582155147	1	739	T	C
D1_N1	0.223604260526	1	637	T	C
D1_N1	0.223985573439	1	260	A	G
D1_N1	0.224554555356	1	1109	T	G
D1_N1	0.224693166286	2	431	A	C
D1_N1	0.225278646781	1	76	A	C
D1_N1	0.225827926232	1	438	A	T
D1_N1	0.226003477804	1	735	A	C
D1_N1	0.226082602541	2	278	T	G
D1_N1	0.226284359652	1	576	T	C
D1_N1	0.226816028791	2	1070	C	T
D1_N1	0.227175695255	2	435	T	C
D1_N1	0.227682508975	2	937	T	G
D1_N1	0.227763810576	1	622	A	T
D1_N1	0.227822880477	2	1039	G	A
D1_N1	0.22797796656	2	450	T	A
D1_N1	0.228396839686	2	102	G	T
D1_N1	0.228643659962	1	763	C	A
D1_N1	0.228660191259	2	242	A	T
D1_N1	0.228981040136	2	708	C	T
D1_N1	0.229379690916	2	137	C	T
D1_N1	0.229516554687	2	803	G	A
D1_N1	0.229980482261	1	1026	A	G
D1_N1	0.230462436623	1	961	T	G
D1_N1	0.230503835083	1	522	C	T
D1_N1	0.23063840551	2	683	G	T
D1_N1	0.23067067151	2	395	T	A
D1_N1	0.2307011704	2	218	A	T
D1_N1	0.230752618421	1	1163	C	A
D1_N1	0.230878921814	1	716	A	G
D1_N1	0.230921693516	1	711	C	T
D1_N1	0.231231150856	1	463	T	C
D1_N1	0.231793819055	2	231	A	C
D1_N1	0.231860888731	2	1204	C	A
D1_N1	0.231986062307	2	828	A	T
D1_N1	0.232864395412	1	1165	G	C
D1_N1	0.232882258682	2	735	G	A
D1_N1	0.23367591834	1	709	A	T
D1_N1	0.233728981317	2	834	C	T
N1_N2	0.000229366354254	1	1138	A	T
N1_N2	0.000528033194495	1	960	C	A
N1_N2	0.000833259041489	2	591	A	T
N1_N2	0.000970982878957	2	1174	C	A
N1_N2	0.00150896416912	2	1157	A	G
N1_N2	0.00157239623538	1	1110	C	A
N1_N2	0.00176788000843	1	324	A	T
N1_N2	0.00207165213729	1	301	C	A
N1_N2	0.00226583460653	1	487	T	C
N1_N2	0.00229921300491	2	755	C	A
N1_N2	0.00236700943161	1	207	T	A
N1_N2	0.00255369462624	2	1129	A	G
N1_N2	0.0034028405728	2	501	G	T
N1_N2	0.00347263516031	1	946	G	A
N1_N2	0.00367674813614	1	1163	A	C
N1_N2	0.00476843442729	1	93	A	T
N1_N2	0.00482991867965	2	82	G	A
N1_N2	0.00484676882613	1	561	T	C
N1_N2	0.00489351709328	2	159	A	G
N1_N2	0.00522320720179	1	582	A	G
N1_N2	0.0053479499289	2	216	A	C
N1_N2	0.0057879462733	1	1087	T	C
N1_N2	0.00689487461366	1	986	T	A
N1_N2	0.00691729816499	2	645	T	C
N1_N2	0.00700732705754	2	1075	G	A
N1_N2	0.00704240136717	2	1042	G	A
N1_N2	0.007397947011	2	122	T	G
N1_N2	0.00743077270062	1	248	T	C
N1_N2	0.00765834806764	1	1086	C	T
N1_N2	0.00767355872043	1	452	G	T
N1_N2	0.00781211875923	1	1172	G	A
N1_N2	0.00800386040636	1	654	G	A
N1_N2	0.00869839374409	1	1099	C	T
N1_N2	0.00971979674694	1	372	C	T
N1_N2	0.0100575413362	2	278	G	A
N1_N2	0.0103158228851	2	987	A	T
N1_N2	0.0104950392125	2	1097	C	T
N1_N2	0.0105944517788	1	74	G	C
N1_N2	0.0108317898612	2	1190	A	G
N1_N2	0.0108791230896	1	755	G	A
N1_N2	0.0110922775561	1	159	A	C
N1_N2	0.0112113412799	1	770	G	A
N1_N2	0.0115503580247	2	465	T	C
N1_N2	0.0131087100532	1	192	G	T
N1_N2	0.0134770636874	2	1189	A	G
N1_N2	0.0135061343506	2	144	T	G
N1_N2	0.0136187179991	1	46	A	T
N1_N2	0.0136690860881	1	817	G	C
N1_N2	0.0149649961696	2	478	C	T
N2_N3	0.000415051466792	1	1123	A	G
N2_N3	0.000770416832041	2	635	G	A
N2_N3	0.000803990111687	2	861	A	G
N2_N3	0.00230435256995	2	494	C	T
N2_N3	0.00284000976773	1	962	T	A
N2_N3	0.00422849397387	1	201	C	G
N2_N3	0.00462118298544	2	636	A	G
N2_N3	0.00497568734885	2	599	G	A
N2_N3	0.00532303762294	2	260	G	C
N2_N3	0.0059704005173	2	485	A	G
N2_N3	0.00685400954252	1	1090	A	G
N2_N3	0.00701923612912	2	44	A	C
N2_N3	0.00702763376536	1	217	T	G
N2_N3	0.0070518803559	2	181	C	T
N3_N4	0.000173033501925	1	1126	T	C
N3_N4	0.000276249293338	1	899	G	A
N3_N4	0.000497604462459	1	1154	T	C
N3_N4	0.00070626935055	2	271	A	T
N3_N4	0.000947891025658	2	1140	A	G
N3_N4	0.00103421904886	1	769	A	T
N3_N4	0.00114309462874	2	921	G	T
N3_N4	0.0021689130804	1	952	T	G
N3_N4	0.00225661163867	1	380	G	T
N3_N4	0.00231886328183	2	1199	T	G
N3_N4	0.00241169282006	1	1179	G	T
N3_N4	0.00260774642976	2	52	G	C
N3_N4	0.00271410351447	1	1167	A	G
N3_N4	0.00295711392147	2	884	G	T
N3_N4	0.00312934906674	2	269	A	G
N3_N4	0.00414643471068	1	707	T	A
N3_N4	0.00464873805771	2	468	C	T
N3_N4	0.0052032342111	2	781	G	A
N3_N4	0.00684650092558	1	373	T	G
N3_N4	0.00688049697812	1	559	C	T
N3_N4	0.00830290380386	1	588	T	C
N3_N4	0.0085428689796	2	1	G	A
N4_Human	0.000403808843272	2	986	T	A
N4_Human	0.000830924129645	1	727	T	G
N4_Human	0.00162876242099	1	228	G	A
N4_Human	0.00221027594563	2	713	T	A
N4_Human	0.00234257108486	1	706	C	A
N4_Human	0.0024400804039	1	631	G	A
N4_Human	0.00299157025841	2	155	C	A
N4_Human	0.00357985489344	1	414	C	A
N4_Human	0.00525470253449	1	0	A	T
N4_Human	0.005271972524	2	82	A	T
N4_Human	0.00582980413473	1	751	T	A
N4_Human	0.00606135144079	2	7	C	T
N4_Human	0.00628251114406	1	623	A	T
N4_Human	0.00724386360231	2	1080	A	G
N4_Human	0.0075541098356	1	1096	C	T
N4_Human	0.00785423300004	1	220	A	T
N4_Human	0.00823380067916	1	515	A	G
N4_Human	0.00825369235096	1	928	A	G
N4_Human	0.00916224131139	2	493	A	G
N4_Human	0.00930182452176	1	446	T	C
N4_Human	0.00931113016546	1	624	G	A
N4_Human	0.00963886418109	1	944	G	A
N4_Human	0.00975147693682	1	1173	G	T
N4_Human	0.0102901098504	2	924	G	T
N4_Chimp	0.000264045823235	2	899	G	T
N4_Chimp	0.000433712655143	2	655	G	T
N4_Chimp	0.000676468837169	1	713	T	A
N4_Chimp	0.000931138323915	1	518	T	C
N4_Chimp	0.0016464309613	1	1099	T	A
N4_Chimp	0.00182871615264	2	768	C	T
N4_Chimp	0.0018649183262	1	807	C	T
N4_Chimp	0.00187885940503	1	1147	C	T
N4_Chimp	0.00270006964218	2	236	G	C
N4_Chimp	0.00322481396998	1	357	T	A
N4_Chimp	0.00334116780414	2	355	T	G
N4_Chimp	0.00338546712967	2	995	A	T
N4_Chimp	0.00497606011232	2	743	A	G
N4_Chimp	0.00507496597668	1	348	A	G
N4_Chimp	0.00677168448388	2	809	T	C
N4_Chimp	0.00690069278505	1	666	A	C
N4_Chimp	0.00691220882356	1	1113	G	C
N4_Chimp	0.00691774683763	2	803	A	G
N4_Chimp	0.0069825342527	2	906	A	G
N4_Chimp	0.00837110338355	1	691	T	A
N4_Chimp	0.00842236348961	1	733	T	C
N4_Chimp	0.00885567796278	1	879	G	A
N4_Chimp	0.0091877183341	2	837	C	G
N4_Chimp	0.00933233058784	1	705	T	G
N4_Chimp	0.00938221650407	2	911	G	A
N4_Chimp	0.00991508375674	1	688	C	G
N4_Chimp	0.00992061692988	1	800	T	C
N4_Chimp	0.0106222380966	1	316	G	A
N4_Chimp	0.0106422774152	1	860	C	T
N4_Chimp	0.0107718020365	2	1027	A	G
N4_Chimp	0.0107878950772	2	429	A	G
N3_Goril	8.71245151408e-05	1	298	C	T
N3_Goril	0.000383050041571	2	578	T	C
N3_Goril	0.000586714772573	1	524	A	C
N3_Goril	0.000685039691647	2	923	T	G
N3_Goril	0.000835239465079	1	1137	T	C
N3_Goril	0.00102316670186	2	997	G	C
N3_Goril	0.00192198923955	1	212	A	G
N3_Goril	0.00269789878423	2	1041	C	T
N3_Goril	0.00283213517751	1	681	A	C
N3_Goril	0.00334893042419	1	183	A	G
N3_Goril	0.00377443398963	2	1145	T	G
N3_Goril	0.00425450002917	1	612	C	T
N3_Goril	0.00428018645207	1	938	A	G
N3_Goril	0.00437592610253	1	202	G	A
N3_Goril	0.00437736549158	1	578	C	T
N3_Goril	0.00495673370247	2	48	C	T
N3_Goril	0.00521087937388	1	58	C	T
N3_Goril	0.00521540209067	1	663	A	C
N3_Goril	0.00529256766385	1	808	G	T
N3_Goril	0.00605366215523	2	113	G	A
N3_Goril	0.00608139269066	1	288	C	T
N3_Goril	0.00619977294688	2	332	C	A
N3_Goril	0.00704414251824	2	10	A	T
N3_Goril	0.00710149645667	2	1070	T	G
N3_Goril	0.00833715360955	1	631	G	A
N3_Goril	0.00842957852497	2	910	A	G
N3_Goril	0.00927077596807	1	784	G	C
N3_Goril	0.0109661668487	1	1044	C	T
N3_Goril	0.011305687132	2	887	G	C
N3_Goril	0.0114216672137	1	60	G	A
N3_Goril	0.0121613321725	2	561	C	T
N3_Goril	0.012321712672	1	1078	C	A
N3_Goril	0.0125779515927	1	1015	T	C
N3_Goril	0.0126500264146	2	737	T	G
N3_Goril	0.0132740807638	2	210	G	A
N3_Goril	0.0136476753769	1	704	G	T
N3_Goril	0.0138685676352	1	456	T	G
N3_Goril	0.014007492139	2	671	C	T
N3_Goril	0.014441264327	1	327	G	T
N3_Goril	0.0153272945478	2	6	C	G
N3_Goril	0.0156372392001	1	763	A	G
N3_Goril	0.015762890441	1	944	G	T
N3_Goril	0.01584469669	1	1107	G	C
N3_Goril	0.0162211380554	1	1209	A	T
N3_Goril	0.0165951506958	1	1181	T	C
N3_Goril	0.0170623832126	1	324	T	C
N3_Goril	0.0173355677128	2	648	T	C
N3_Goril	0.0174959348202	2	237	C	G
N3_Goril	0.0187947099485	1	322	G	A
N3_Goril	0.018833769619	1	370	T	A
N3_Goril	0.0191525496164	2	277	G	T
N3_Goril	0.0192122850288	1	686	T	C
N3_Goril	0.0193052996541	1	1217	T	C
N3_Goril	0.0195668857275	1	1147	C	T
N3_Goril	0.0197613652241	2	1111	G	A
N2_Orang	0.000238720898137	1	1218	T	A
N2_Orang	0.00058416139339	2	839	C	G
N2_Orang	0.000879607451326	1	655	G	T
N2_Orang	0.00111247809498	1	256	T	C
N2_Orang	0.00158200371596	2	677	G	A
N2_Orang	0.00293811667094	1	752	C	T
N2_Orang	0.00433375043042	1	33	C	G
N2_Orang	0.00438011417273	1	333	A	G
N2_Orang	0.0044356603208	2	703	T	C
N2_Orang	0.00459644517122	2	701	A	G
N2_Orang	0.00544239108109	1	919	T	A
N2_Orang	0.00571875824379	2	882	G	A
N2_Orang	0.00613512714736	1	78	C	A
N2_Orang	0.0063185138675	2	112	C	T
N2_Orang	0.00642713332206	1	108	A	G
N2_Orang	0.00660581806191	2	888	T	A
N2_Orang	0.00817402173449	1	405	C	T
N2_Orang	0.00857926022354	2	1017	A	G
N2_Orang	0.0088994166852	1	607	A	G
N2_Orang	0.00935735133727	1	855	T	C
N2_Orang	0.00975523216093	1	994	C	T
N2_Orang	0.00993651620397	2	1227	C	G
N2_Orang	0.00997057828032	1	545	T	A
N2_Orang	0.0100733376167	1	890	A	G
N2_Orang	0.0101829008939	2	662	G	T
N2_Orang	0.0110756977869	1	215	A	G
N2_Orang	0.0113053170063	1	697	G	A
N2_Orang	0.0118182877177	2	927	T	C
N2_Orang	0.0118945666149	1	191	C	T
N2_Orang	0.0120653503378	1	736	C	A
N2_Orang	0.0125723537903	2	617	A	T
N2_Orang	0.0130436225352	2	762	T	C
N2_Orang	0.0131248855274	2	914	G	A
N2_Orang	0.0131662626446	1	796	A	G
N2_Orang	0.0133599867362	1	789	T	C
N2_Orang	0.0136784285178	1	245	C	T
N2_Orang	0.0139556822815	1	1192	C	G
N2_Orang	0.0140161219083	2	145	T	C
N2_Orang	0.0143247559711	2	1115	T	A
N2_Orang	0.0145185539243	1	201	C	G
N2_Orang	0.0146869258639	2	1119	C	T
N2_Orang	0.014877388747	2	969	C	A
N2_Orang	0.0168053168798	1	352	G	A
N2_Orang	0.0179144319526	1	331	T	G
N2_Orang	0.0179571414592	2	658	C	T
N2_Orang	0.0182166143357	1	191	T	C
N2_Orang	0.0182445968205	1	146	G	A
N1_Macaq	0.000506835515222	1	555	A	T
N1_Macaq	0.00118659376938	1	277	G	T
N1_Macaq	0.00244856262261	1	917	C	A
N1_Macaq	0.00288551581045	2	1147	T	A
N1_Macaq	0.00311518320223	1	698	A	G
N1_Macaq	0.00352612729729	2	1204	A	T
N1_Macaq	0.00364577333045	2	388	T	C
N1_Macaq	0.00390796269343	1	286	T	C
N1_Macaq	0.00429086228803	1	786	A	G
N1_Macaq	0.00432305330663	2	585	T	A
N1_Macaq	0.00440515829764	1	18	A	G
N1_Macaq	0.00542981568066	1	420	A	G
N1_Macaq	0.00589568462626	2	761	A	C
N1_Macaq	0.00683197872382	2	697	A	C
N1_Macaq	0.00732435118211	2	185	G	A
N1_Macaq	0.00810560872686	1	905	A	G
N1_Macaq	0.00875820247109	1	953	A	C
N1_Macaq	0.0090882223381	2	803	A	G
N1_Macaq	0.00932257558579	1	985	T	A
N1_Macaq	0.00991189264468	1	1201	T	C
N1_Macaq	0.00997112336181	1	12	T	C
N1_Macaq	0.00997833313975	2	1056	C	T
N1_Macaq	0.0100856743969	1	1068	T	A
N1_Macaq	0.0112370644551	2	138	G	C
N1_Macaq	0.012759342907	2	670	A	G
N1_Macaq	0.0130834312004	2	946	G	T
N1_Macaq	0.0132370852807	1	418	C	A
N1_Macaq	0.0134150778787	2	172	T	C
N1_Macaq	0.0134816323017	1	145	T	A
N1_Macaq	0.013578622412	2	171	G	A
N1_Macaq	0.0139400034837	1	571	G	A
N1_Macaq	0.0140500407466	1	385	T	C
N1_Macaq	0.0145746790989	1	9	T	C
N1_Macaq	0.0145916580192	1	1049	T	C
N1_Macaq	0.0145974418063	1	873	A	T
N1_Macaq	0.0149740176946	1	446	T	A
N1_Macaq	0.0153072707048	2	607	T	C
N1_Macaq	0.0153221486543	1	848	T	G
N1_Macaq	0.0170726746301	2	1108	G	A
N1_Macaq	0.0172893836815	1	110	C	G
N1_Macaq	0.0177340801976	1	165	C	A
N1_Macaq	0.0178290069173	1	630	A	G
N1_Macaq	0.0182594221459	2	1127	T	C
N1_Macaq	0.0185287219173	2	1125	G	A
N1_Macaq	0.0187136725732	1	833	G	A
N1_Macaq	0.0188124866927	2	1011	G	C
N1_Macaq	0.0188320254526	2	801	A	T
N1_Macaq	0.019271300955	2	322	G	A
N1_Macaq	0.0193642235367	1	1099	C	A
N1_Macaq	0.0195917034761	1	247	A	G
N1_Macaq	0.0198342574905	2	923	T	C
N1_Macaq	0.0202139014552	1	792	A	C
N1_Macaq	0.0213624713629	2	1114	C	T
N1_Macaq	0.0215148859757	2	1119	C	T
N1_Macaq	0.0224477806423	2	896	G	A
N1_Macaq	0.0230164311107	1	1006	T	C
N1_Macaq	0.0237518974754	1	78	C	T
N1_Macaq	0.0247883182175	1	550	C	G
N1_Macaq	0.0254264130892	2	328	T	G
N1_Macaq	0.0258771472511	1	455	T	C
N1_Macaq	0.0259221890525	1	900	T	C
N1_Macaq	0.026550691148	2	1022	A	T
N1_Macaq	0.0275709491589	1	1041	T	C
N1_Macaq	0.0276186417164	2	415	G	A
N1_Macaq	0.0282828860189	2	403	C	A
N1_Macaq	0.0288336363423	1	278	G	A
N1_Macaq	0.0290610719895	2	901	C	T
N1_Macaq	0.0291366009547	1	966	C	T
N1_Macaq	0.0291953323787	1	727	T	A
N1_Macaq	0.0293157487393	1	279	G	T
N1_Macaq	0.0295196942138	1	649	G	A
N1_Macaq	0.029863029751	2	273	T	C
N1_Macaq	0.0307843140353	1	192	G	T
N1_Macaq	0.0309196451725	2	372	A	T
N1_Macaq	0.0314007509617	1	310	A	G
N1_Macaq	0.0315976876101	1	821	C	A
N1_Macaq	0.0321711017665	2	1091	C	T
N1_Macaq	0.0323227113937	1	220	A	G
N1_Macaq	0.0327628224433	2	553	T	C
N1_Macaq	0.0328103785726	1	215	A	T
N1_Macaq	0.0331393599317	1	733	T	A
N1_Macaq	0.0333424543949	2	334	T	C
N1_Macaq	0.0338335472365	2	77	A	C
N1_Macaq	0.0338689732097	2	407	C	G
N1_Macaq	0.0343421334906	1	477	A	C
N1_Macaq	0.0343565986626	2	1088	A	G
N1_Macaq	0.0350479426954	1	361	T	G
N1_Macaq	0.0354472338646	1	350	A	T
N1_Macaq	0.0360202559443	1	573	T	C
N1_Macaq	0.0363261542621	1	1109	G	A
N1_Macaq	0.0365226198731	1	419	A	G
N1_Macaq	0.0377059312016	2	1045	T	A
N1_Macaq	0.0381423362825	1	362	G	A
N1_Macaq	0.0382950641814	1	613	A	G
N1_Macaq	0.0385590368367	2	1163	C	T
N1_Macaq	0.0386069499518	1	303	G	T
N1_Macaq	0.0389046625925	2	918	C	T
N1_Macaq	0.0389515237416	2	348	A	G
N1_Macaq	0.0390703193419	2	935	C	A
N1_Macaq	0.0399086480421	2	575	A	C
N1_Macaq	0.0399738697527	1	1033	C	T
N1_Macaq	0.0400140764248	1	1094	C	T
N1_Macaq	0.04098624725	2	1122	A	G
N1_Macaq	0.0421938079654	1	99	C	T
N1_Macaq	0.0429397046944	1	25	T	G
N1_Macaq	0.0429960883252	2	813	T	C
N1_Macaq	0.0430721006542	1	83	T	A
N1_Macaq	0.0433372844243	2	157	T	A
N1_Macaq	0.0434095931224	1	104	G	T
N0_Mouse	0.000464309579067	0	359	G	A
N0_Mouse	0.000620435054733	0	834	A	G
N0_Mouse	0.00106675002047	0	960	G	A
N0_Mouse	0.00122332922736	0	891	G	T
N0_Mouse	0.00196683148485	0	1037	C	T
N0_Mouse	0.00281849902717	0	839	T	C
N0_Mouse	0.00446927601272	0	217	C	A
N0_Mouse	0.00502210365053	0	349	C	A
N0_Mouse	0.00506060094396	0	654	A	G
N0_Mouse	0.0064961862615	0	921	G	A
N0_Mouse	0.00670246448852	0	1093	C	T
N0_Mouse	0.00677167071531	0	75	T	A
N0_Mouse	0.008450970222	0	730	T	A
N0_Mouse	0.00890430943461	0	407	C	T
N0_Mouse	0.00931249577816	0	829	T	G
N0_Mouse	0.00944816271395	0	473	A	G
N0_Mouse	0.0105007526686	0	469	C	T
N0_Mouse	0.0123229649174	0	972	T	C
N0_Mouse	0.0127979934831	0	398	A	G
N0_Mouse	0.0130579521072	0	117	A	T
N0_Mouse	0.0143351597509	0	369	T	A
N0_Mouse	0.0150915649897	0	588	T	A
N0_Mouse	0.0162870062679	0	533	C	G
N0_Mouse	0.0171225096611	0	669	G	T
N0_Mouse	0.0187215685978	0	929	C	T
N0_Mouse	0.0195490844864	0	970	G	A
N0_Mouse	0.0200769157217	0	874	T	C
N0_Mouse	0.0205549986256	0	697	G	A
N0_Mouse	0.0214422462239	0	940	T	A
N0_Mouse	0.0219641105228	0	573	A	G
N0_Mouse	0.0225690506079	0	939	A	T
N0_Mouse	0.0247252856602	0	1050	A	G
N0_Mouse	0.0250868119599	0	774	G	C
N0_Mouse	0.0257351991698	0	861	A	G
N0_Mouse	0.0263694835969	0	26	T	C
N0_Mouse	0.0271937957901	0	368	T	C
N0_Mouse	0.0294621053595	0	554	T	C
N0_Mouse	0.0298028699644	0	1145	T	C
N0_Mouse	0.0300780951972	0	131	A	C
N0_Mouse	0.0306790251997	0	360	A	T
N0_Mouse	0.0308898558407	0	120	G	T
N0_Mouse	0.0315038916828	0	804	C	T
N0_Mouse	0.0319251309205	0	1194	T	G
N0_Mouse	0.0346901706942	0	841	C	A
N0_Mouse	0.0351860847001	0	987	A	C
N0_Mouse	0.0354866230585	0	817	A	C
N0_Mouse	0.0356070977539	0	1149	C	A
N0_Mouse	0.0374728833204	0	278	T	A
N0_Mouse	0.0380092498536	0	790	G	T
N0_Mouse	0.0388571956482	0	1003	G	A
N0_Mouse	0.0395351415849	0	91	A	G
N0_Mouse	0.0402662258195	0	154	A	G
N0_Mouse	0.0407251908346	0	832	T	C
N0_Mouse	0.0411146834576	0	108	A	G
N0_Mouse	0.0419769051951	0	186	G	A
N0_Mouse	0.0422168027051	0	751	T	C
N0_Mouse	0.0425960770482	0	1014	T	G
N0_Mouse	0.0434216632315	0	883	C	G
N0_Mouse	0.0438682366051	0	548	C	T
N0_Mouse	0.0469778752881	0	777	T	C
N0_Mouse	0.0477960428237	0	662	G	T
N0_Mouse	0.0485371933524	0	579	G	C
N0_Mouse	0.0489065690028	0	153	A	G
N0_Mouse	0.0494681315161	0	1018	T	G
N0_Mouse	0.0498817501577	0	169	A	G
N0_Mouse	0.0502936022703	0	602	T	C
N0_Mouse	0.0515470212928	0	882	G	A
N0_Mouse	0.0519282176634	0	880	T	C
N0_Mouse	0.0525684478837	0	813	C	T
N0_Mouse	0.0529811136776	0	1087	T	A
N0_Mouse	0.0535697845071	0	272	T	G
N0_Mouse	0.0554910729648	0	563	T	A
N0_Mouse	0.0558330648578	0	49	A	G
N0_Mouse	0.0568464019121	0	850	A	T
N0_Mouse	0.0585476835645	0	790	T	C
N0_Mouse	0.0600646241626	0	1128	A	G
N0_Mouse	0.0602115788443	0	810	G	C
N0_Mouse	0.0609365049981	0	997	G	A
N0_Mouse	0.0615985171125	0	656	C	T
N0_Mouse	0.0618149737903	0	920	T	C
N0_Mouse	0.0623558202609	0	532	C	A
N0_Mouse	0.0624885630002	0	1213	A	C
N0_Mouse	0.0627032275653	0	384	T	A
N0_Mouse	0.066604010568	0	1130	T	G
N0_Mouse	0.0667091449537	0	796	A	G
N0_Mouse	0.0685049104083	0	485	C	A
N0_Mouse	0.0693842215933	0	168	T	G
N0_Mouse	0.0696909018457	0	276	C	T
N0_Mouse	0.0704324336786	0	491	C	T
N0_Mouse	0.0718628691723	0	930	A	G
N0_Mouse	0.0722677293494	0	178	T	A
N0_Mouse	0.0722715554953	0	475	A	C
N0_Mouse	0.072558010701	0	97	A	G
N0_Mouse	0.0726549541428	0	765	C	T
N0_Mouse	0.0728426262956	0	895	C	A
N0_Mouse	0.0730859204712	0	835	A	T
N0_Mouse	0.0731344797931	0	430	C	T
N0_Mouse	0.0737795159684	0	1100	C	T
N0_Mouse	0.0740693788671	0	241	G	A
N0_Mouse	0.0745435105402	0	988	T	C
N0_Mouse	0.0749529778358	0	356	C	T
N0_Mouse	0.075760251539	0	779	C	G
N0_Mouse	0.0766576661085	0	902	T	G
N0_Mouse	0.0782170368115	0	255	A	T
N0_Mouse	0.0810650898233	0	561	C	T
N0_Mouse	0.0811362510072	0	436	C	A
N0_Mouse	0.0818036687675	0	1008	A	G
N0_Mouse	0.0819491490853	0	467	A	G
N0_Mouse	0.0819787910183	0	847	G	A
N0_Mouse	0.0832595545472	0	1199	T	C
N0_Mouse	0.083832519482	0	617	A	G
N0_Mouse	0.0839040563175	0	15	A	G
N0_Mouse	0.0853496599886	0	789	T	C
N0_Mouse	0.0855543293763	0	786	C	A
N0_Mouse	0.0867971721718	0	1009	G	T
N0_Mouse	0.0878925890035	0	836	T	A
N0_Mouse	0.0881815680521	0	308	C	T
N0_Mouse	0.0890731744883	0	306	A	C
N0_Mouse	0.0893428181475	0	1066	T	C
N0_Mouse	0.089456237842	0	639	T	A
N0_Mouse	0.0925162804317	0	350	A	T
N0_Mouse	0.0939468952444	0	946	G	C
N0_Mouse	0.0950786847238	0	254	A	G
N0_Mouse	0.0952056428389	0	763	C	G
N0_Mouse	0.0978427734621	0	544	G	A
N0_Mouse	0.0983305797723	0	1128	G	T
N0_Mouse	0.0986399688048	0	913	C	T
N0_Mouse	0.0995872896884	0	59	T	A
N0_Mouse	0.101242194197	0	71	G	A
N0_Mouse	0.101311057408	0	1041	C	T
N0_Mouse	0.101562177829	0	294	T	C
N0_Mouse	0.101691233646	0	437	A	G
N0_Mouse	0.102586530556	0	1180	A	T
N0_Mouse	0.103027795274	0	944	A	C
N0_Mouse	0.10314590774	0	71	A	G
N0_Mouse	0.1032191122	0	636	A	C
N0_Mouse	0.103278629808	0	1047	C	T
N0_Mouse	0.103526242232	0	19	T	A
N0_Mouse	0.104792541193	0	97	G	C
N0_Mouse	0.104990629503	0	316	G	A
N0_Mouse	0.105267828147	0	12	T	C
N0_Mouse	0.106323880154	0	1235	T	A
N0_Mouse	0.108091173463	0	1070	A	C
N0_Mouse	0.109717748752	0	272	G	A
N0_Mouse	0.110525362161	0	188	A	C
N0_Mouse	0.112372444566	0	745	T	C
N0_Mouse	0.112479244965	0	930	G	C
N0_Mouse	0.113059609078	0	665	G	A
N0_Mouse	0.113980843271	0	858	C	G
N0_Mouse	0.113989262633	0	648	T	A
N0_Mouse	0.114109661551	0	919	T	G
N0_Mouse	0.115042021954	0	133	T	A
N0_Mouse	0.115283868013	0	958	A	C
N0_Mouse	0.116392787751	0	1008	G	A
N0_Mouse	0.116474973434	0	918	C	T
N0_Mouse	0.117436853754	0	1134	T	G
N0_Mouse	0.119901172062	0	959	A	G
N0_Mouse	0.121147549843	0	216	A	T
N0_Mouse	0.121173390579	0	977	G	A
N0_Mouse	0.121920413229	0	507	T	A
N0_Mouse	0.122309836779	0	490	T	G
N0_Mouse	0.123630076638	0	135	T	C
N0_Mouse	0.123774069464	0	776	C	T
N0_Mouse	0.123922135896	0	747	A	G
N0_Mouse	0.125413543921	0	589	G	T
N0_Mouse	0.126441704816	0	352	G	A
N0_Mouse	0.128486687812	0	427	C	T
N0_Mouse	0.129134499613	0	106	T	C
N0_Mouse	0.129243245383	0	894	T	A
N0_Mouse	0.129404212062	0	90	T	C
N0_Mouse	0.129455729182	0	223	A	G
N0_Mouse	0.129485659405	0	460	G	A
N0_Mouse	0.130053745353	0	292	A	C
N0_Mouse	0.131834525972	0	1154	A	C
N0_Mouse	0.133316872702	0	839	C	A
N0_Mouse	0.134834448874	0	521	G	A
N0_Mouse	0.135878829863	0	1137	T	A
N0_Mouse	0.136275850904	0	785	T	A
N0_Mouse	0.136486453593	0	533	G	A
N0_Mouse	0.136628853863	0	249	G	A
N0_Mouse	0.138954804247	0	686	C	A
N0_Mouse	0.139240491261	0	756	G	A
N0_Mouse	0.139543560168	0	922	G	A
N0_Mouse	0.139706827975	0	913	T	C
N0_Mouse	0.14038372669	0	764	A	C
N0_Mouse	0.143956969617	0	114	T	A
N0_Mouse	0.144994781037	0	1210	G	T
N0_Mouse	0.1451039049	0	871	T	G
N0_Mouse	0.147365359897	0	229	C	T
N0_Mouse	0.147415124473	0	997	A	G
N0_Mouse	0.148602756676	0	562	C	T
N0_Mouse	0.148619340726	0	247	A	G
N0_Mouse	0.149179500418	0	691	T	C
N0_Mouse	0.151300850229	0	409	G	T
N0_Mouse	0.151387996623	0	113	G	T
N0_Mouse	0.152958314887	0	164	T	C
N0_Mouse	0.153304188025	0	602	C	G
N0_Mouse	0.153661685189	0	244	T	C
N0_Mouse	0.154350956174	0	450	T	C
N0_Mouse	0.154844335996	0	1212	C	G
N0_Mouse	0.157511614485	0	728	C	T
N0_Mouse	0.158465828117	0	627	T	A
N0_Mouse	0.160249970787	0	289	T	C
N0_Mouse	0.160471335597	0	391	C	T
N0_Mouse	0.160938217911	0	275	C	G
N0_Mouse	0.161019291951	0	656	T	C
N0_Mouse	0.161560297445	0	800	T	A
N0_Mouse	0.164555229841	0	141	T	C
N0_Mouse	0.166063157262	0	211	C	T
N0_Mouse	0.166086366809	0	905	A	G
N0_Mouse	0.166353905194	0	598	A	T
N0_Mouse	0.166895837777	0	38	A	C
N0_Mouse	0.167039611859	0	104	G	A
N0_Mouse	0.167221794051	0	632	G	T
N0_Mouse	0.167993370058	0	489	A	G
N0_Mouse	0.168321349148	0	209	A	G
N0_Mouse	0.168560660879	0	127	A	T
N0_Mouse	0.171156563448	0	1186	T	A
N0_Mouse	0.17241841642	0	750	C	T
N0_Mouse	0.175067994062	0	346	G	C
N0_Mouse	0.175090110484	0	1051	A	G
N0_Mouse	0.175196556641	0	1097	A	G
N0_Mouse	0.175206403092	0	1121	G	T
N0_Mouse	0.175323773827	0	195	T	A
N0_Mouse	0.175721375735	0	588	A	G
N0_Mouse	0.176293706564	0	1079	G	A
N0_Mouse	0.176551197355	0	1235	A	C
N0_Mouse	0.176752582649	0	1024	T	G
N0_Mouse	0.17818648295	0	592	A	C
N0_Mouse	0.178707641929	0	162	A	T
N0_Mouse	0.179128003744	0	1125	G	C
N0_Mouse	0.179129131083	0	154	G	A
N0_Mouse	0.179486954241	0	1122	T	C
N0_Mouse	0.181096795348	0	532	A	G
N0_Mouse	0.181641375197	0	610	G	T
N0_Mouse	0.182095777012	0	976	G	C
N0_Mouse	0.182282506909	0	990	A	G
N0_Mouse	0.182898370477	0	394	C	T
N0_Mouse	0.183257030243	0	1135	T	G
N0_Mouse	0.18329628268	0	524	A	C
N0_Mouse	0.192244724334	0	386	A	G
N0_Mouse	0.194364703902	0	839	A	G
N0_Mouse	0.195565610992	0	985	T	G
N0_Mouse	0.197096149059	0	567	T	C
N0_Mouse	0.197710019662	0	858	G	A
N0_Mouse	0.19785551942	0	489	G	A
N0_Mouse	0.197992021519	0	428	C	G
N0_Mouse	0.200143304546	0	896	G	A
N0_Mouse	0.200349784881	0	797	T	G
N0_Mouse	0.200479809066	0	770	A	C
N0_Mouse	0.201279146417	0	860	T	C
N0_Mouse	0.202226626605	0	331	T	G
N0_Mouse	0.20358706271	0	984	T	A
N0_Mouse	0.205299692139	0	465	G	T
N0_Mouse	0.205595302402	0	633	A	C
N0_Mouse	0.209980831553	0	1142	A	G
N0_Mouse	0.210345792665	0	1110	C	A
N0_Mouse	0.211695984768	0	38	C	A
N0_Mouse	0.212641590547	0	719	T	A
N0_Mouse	0.213025709315	0	585	C	T
N0_Mouse	0.213377473517	0	286	T	A
N0_Mouse	0.213765036149	0	170	A	G
N0_Mouse	0.213970432168	0	744	A	G
N0_Mouse	0.215852880028	0	924	G	A
N0_Mouse	0.217123768642	0	971	C	G
N0_Mouse	0.21828001344	0	468	C	A
N0_Mouse	0.220808232221	0	1026	A	G
N0_Mouse	0.221149092895	0	73	G	A
N0_Mouse	0.221374015162	0	321	A	G
N0_Mouse	0.221833620159	0	1050	G	T
N0_Mouse	0.221964061879	0	1047	T	C
N0_Mouse	0.223465088678	0	852	G	A
N0_Mouse	0.223612734123	0	1063	T	A
N0_Mouse	0.223690594628	0	302	A	C
N0_Mouse	0.226139628648	0	256	T	C
N0_Mouse	0.226396711692	0	167	T	A
N0_Mouse	0.226617222202	0	971	G	T
N0_Mouse	0.227882610709	0	209	G	T
N0_Mouse	0.228047322469	0	976	C	A
N0_Mouse	0.228141113224	0	290	G	A
N0_Mouse	0.229085953325	0	1166	C	T
N0_Mouse	0.229415575132	0	1129	A	C
N0_Mouse	0.230149790547	0	426	A	G
N0_Mouse	0.230749089349	0	1019	A	G
N0_Mouse	0.231747311309	0	720	G	T
N0_Mouse	0.232431447946	0	315	G	A
N0_Mouse	0.233303355602	0	173	G	C
N0_Mouse	0.234093380216	0	594	C	T
N0_Mouse	0.236184775583	0	897	T	C
N0_Mouse	0.238812780492	0	1200	A	G
N0_Mouse	0.239793712923	0	418	C	T
N0_Mouse	0.242159570888	0	884	A	T
N0_Mouse	0.243582411569	0	1145	C	A
N0_Mouse	0.24441147751	0	483	A	T
N0_Mouse	0.2448451766	0	209	T	C
N0_Mouse	0.244975234922	0	470	C	T
N0_Mouse	0.245545825175	0	925	G	A
N0_Mouse	0.246568307002	0	467	G	T
N0_Mouse	0.246588791625	0	739	T	G
N0_Mouse	0.247252365718	0	871	G	A
N0_Mouse	0.24770321785	0	497	T	G
N0_Mouse	0.248739236827	0	492	A	T
N0_Mouse	0.249455724422	0	839	G	A
N0_Mouse	0.249737448965	0	912	C	T
N0_Mouse	0.249873815412	0	474	T	A
N0_Mouse	0.250917508952	0	1110	A	T
N0_Mouse	0.252514558821	0	541	T	A
N0_Mouse	0.253931280058	0	271	A	G
N0_Mouse	0.253942680082	0	765	T	C
N0_Mouse	0.254006143678	0	510	C	T
N0_Mouse	0.256636009332	0	254	G	A
N0_Mouse	0.256798370285	0	180	T	A
N0_Mouse	0.256986658205	0	593	A	G
N0_Mouse	0.257797938656	0	695	C	T
N0_Mouse	0.258265964387	0	115	T	G
N0_Mouse	0.258571750721	0	172	T	C
N0_Mouse	0.258819050477	0	451	A	C
N0_Mouse	0.259245375542	0	768	C	T
N0_Mouse	0.26106721456	0	735	G	A
N0_Mouse	0.262814003013	0	1078	C	T
N0_Mouse	0.262952997565	0	423	T	G
N0_Mouse	0.263027112054	0	81	T	G
N0_Mouse	0.263193105005	0	312	T	A
N0_Mouse	0.263727538733	0	90	C	T
N0_Mouse	0.265438455863	0	1154	C	A
N0_Mouse	0.265699852332	0	896	A	T
N0_Mouse	0.266920511057	0	1079	A	G
N0_Mouse	0.267079670814	0	331	G	A
N0_Mouse	0.267408063283	0	477	A	T
N0_Mouse	0.268134227291	0	981	G	A
N0_Mouse	0.268157694014	0	47	A	G
N0_Mouse	0.268827833847	0	434	A	C
N0_Mouse	0.268949211408	0	220	A	C
N0_Mouse	0.270210313353	0	964	A	T
N0_Mouse	0.270375332444	0	1046	T	A
N0_Mouse	0.272130316991	0	671	C	T
N0_Mouse	0.272675212229	0	925	A	G
N0_Mouse	0.273552261408	0	348	A	G
N0_Mouse	0.27406512047	0	803	G	A
N0_Mouse	0.274903072292	0	1194	G	A
N0_Mouse	0.277097914867	0	117	T	A
N0_Mouse	0.279605591591	0	1106	A	T
N0_Mouse	0.281079012131	0	759	G	T
N0_Mouse	0.281284263927	0	143	A	C
N0_Mouse	0.281339037951	0	305	C	T
N0_Mouse	0.281341356109	0	500	G	T
N0_Mouse	0.282125869858	0	721	C	T
N0_Mouse	0.282611884986	0	154	A	T
N0_Mouse	0.282866037631	0	198	A	C
N0_Mouse	0.284276990864	0	883	G	A
N0_Mouse	0.284728813577	0	533	A	G
N0_Mouse	0.285805531205	0	644	A	G
N0_Mouse	0.287147402438	0	303	T	G
N0_Mouse	0.287805945874	0	523	C	G
N0_Mouse	0.288280053824	0	522	C	T
N0_Mouse	0.288309484406	0	406	C	T
N0_Mouse	0.288717840512	0	100	A	C
N0_Mouse	0.288761104503	0	145	T	C
N0_Mouse	0.290942445165	0	1122	C	T
N0_Mouse	0.291134909142	0	341	A	G
N0_Mouse	0.291382280579	0	964	T	G
N0_Mouse	0.292807685496	0	353	G	A
N0_Mouse	0.294105163808	0	592	C	T
N0_Mouse	0.294951660742	0	582	A	T
N0_Mouse	0.294999528545	0	971	T	G
N0_Mouse	0.295301665579	0	689	G	A
N0_Mouse	0.295922817912	0	266	T	G
N0_Mouse	0.296354186871	0	814	T	C
N0_Mouse	0.297455404165	0	667	A	C
N0_Mouse	0.299921555135	0	184	T	A
N0_Mouse	0.300268027887	0	276	T	C
N0_Mouse	0.300724190332	0	249	A	C
N0_Mouse	0.300812463099	0	2	T	G
N0_Mouse	0.301346854149	0	1096	C	T
N0_Mouse	0.301604487752	0	617	G	T
N0_Mouse	0.302926252023	0	350	T	C
N0_Mouse	0.303774911159	0	97	C	A
N0_Mouse	0.304076496623	0	841	A	G
N0_Mouse	0.306858690109	0	922	A	G
N0_Mouse	0.308285785261	0	520	C	T
N0_Mouse	0.308601067545	0	917	C	T
N0_Mouse	0.308985487808	0	45	G	C
N0_Mouse	0.309054833122	0	256	C	A
N0_Mouse	0.309257069673	0	991	A	C
N0_Mouse	0.309598353761	0	234	T	A
N0_Mouse	0.310248598363	0	983	G	T
N0_Mouse	0.311879040928	0	235	T	A
N0_Mouse	0.311990595703	0	869	T	C
N0_Mouse	0.31358522518	0	1060	A	C
N0_Mouse	0.314451474576	0	343	G	A
N0_Mouse	0.314801877851	0	285	A	C
N0_Mouse	0.315135007286	0	1174	C	T
N0_Mouse	0.31658301535	0	724	C	T
N0_Mouse	0.316859604183	0	1036	T	C
N0_Mouse	0.318813502432	0	1167	A	G
N0_Mouse	0.319699159325	0	883	A	C
N0_Mouse	0.319978965434	0	716	G	A
N0_Mouse	0.321611014053	0	350	C	G
N0_Mouse	0.32318157596	0	1226	T	A
N0_Mouse	0.323408545658	0	595	G	C
N0_Mouse	0.323589976289	0	272	A	T
N0_Mouse	0.323864537833	0	430	T	C
N0_Mouse	0.324390079034	0	1095	A	G
N0_Mouse	0.325005711819	0	856	G	T
N0_Mouse	0.325068826275	0	934	A	C
N0_Mouse	0.325773080692	0	560	C	T
N0_Mouse	0.328069707916	0	1061	A	G
N0_Mouse	0.328337930444	0	525	C	T
N0_Mouse	0.331470638449	0	41	T	G
N0_Mouse	0.332014298883	0	141	C	G
N0_Mouse	0.332337087648	0	862	C	G
N0_Mouse	0.332767327941	0	273	T	C
N0_Mouse	0.333249238112	0	233	G	A
N0_Mouse	0.33508311354	0	752	C	T
N0_Mouse	0.335292838746	0	1062	T	G
N0_Mouse	0.336280400791	0	706	C	T
N0_Mouse	0.336434747116	0	1234	G	C
N0_Mouse	0.336893012097	0	307	T	G
N0_Mouse	0.339049874755	0	348	G	T
N0_Mouse	0.339657647405	0	366	T	C
N0_Mouse	0.341431549935	0	385	T	A
N0_Mouse	0.341717713701	0	175	C	T
N0_Mouse	0.344512468466	0	420	G	A
N0_Mouse	0.345717488125	0	399	T	C
N0_Mouse	0.347607546126	0	131	C	T
N0_Mouse	0.347789900647	0	865	G	A
N0_Mouse	0.34855759215	0	284	A	G
N0_Mouse	0.348929599416	0	882	A	T
N0_Mouse	0.350620009785	0	1038	T	C
N0_Mouse	0.350834936814	0	50	C	T
N0_Mouse	0.351590925755	0	1225	A	G
N0_Mouse	0.351711767233	0	137	C	G
N0_Mouse	0.352197401719	0	176	C	G
N0_Mouse	0.35252262224	0	12	C	G
N0_Mouse	0.353450776911	0	766	G	T
N0_Mouse	0.353499782568	0	1165	G	C
N0_Mouse	0.353621723261	0	479	T	C
N0_Mouse	0.35374638987	0	719	A	T
N0_Mouse	0.354308990569	0	1134	G	T
N0_Mouse	0.354777999285	0	506	T	G
N0_Mouse	0.355055037415	0	1199	C	T
N0_Mouse	0.35510611048	0	392	A	G
N0_Mouse	0.356214366888	0	954	G	T
N0_Mouse	0.356308793161	0	877	T	C
N0_Mouse	0.356640173016	0	1178	T	A
N0_Mouse	0.357561602027	0	796	G	A
N0_Mouse	0.357790321334	0	595	C	T
N0_Mouse	0.357882314917	0	629	G	C
N0_Mouse	0.359227531305	0	815	T	A
N0_Mouse	0.360118940331	0	1158	G	T
N0_Mouse	0.36026343087	0	131	T	A
N0_Mouse	0.360763998175	0	89	T	A
N0_Mouse	0.361500904056	0	600	T	A
N0_Mouse	0.363059501495	0	621	G	A
N0_Mouse	0.363488984724	0	547	A	G
N0_Mouse	0.363615538364	0	943	T	C
N0_Mouse	0.364108894331	0	1133	T	A
N0_Mouse	0.367699130999	0	289	C	G
N0_Mouse	0.370356048335	0	1030	T	C
N0_Mouse	0.371093842223	0	333	A	C
N0_Mouse	0.373118582499	0	929	T	C
N0_Mouse	0.373347444919	0	1044	T	C
N0_Mouse	0.375381391928	0	905	G	A
N0_Mouse	0.376400047075	0	1076	G	T
N0_Mouse	0.376463959801	0	773	A	T
N0_Mouse	0.376600695476	0	102	G	A
N0_Mouse	0.376724163785	0	68	T	A
N0_Mouse	0.377229681798	0	1211	C	T
N0_Mouse	0.377464485308	0	1098	T	G
N0_Mouse	0.378150516899	0	225	T	C
N0_Mouse	0.379497854032	0	1093	T	A
N0_Mouse	0.379640855914	0	917	T	C
N0_Mouse	0.380465712667	0	888	T	C
N0_Mouse	0.380477789753	0	322	G	A
N0_Mouse	0.38122992293	0	603	G	C
N0_Mouse	0.381564340286	0	276	C	G
N0_Mouse	0.381613994723	0	800	A	T
N0_Mouse	0.383427728607	0	742	A	T
N0_Mouse	0.383491860254	0	628	A	T
N0_Mouse	0.385528498042	0	1112	T	C
N0_Mouse	0.387737930251	0	1016	A	C
N0_Mouse	0.387767288866	0	509	A	T
N0_Mouse	0.388268073708	0	1007	C	T
N0_Mouse	0.390226441777	0	517	A	G
N0_Mouse	0.390357083868	0	317	T	A
N0_Mouse	0.390447262113	0	176	G	A
N0_Mouse	0.39086160706	0	809	T	G
N0_Mouse	0.391035355168	0	11	A	T
N0_Mouse	0.391921692062	0	812	T	G
N0_Mouse	0.392875857495	0	695	T	C
N0_Mouse	0.393290624936	0	69	C	T
N0_Mouse	0.393495457483	0	806	G	A
N0_Mouse	0.39370296903	0	1129	C	T
N0_Mouse	0.394126227756	0	310	A	C
N0_Mouse	0.394421433921	0	197	T	C
N0_Mouse	0.395540755352	0	345	G	A
N0_Mouse	0.396094230269	0	185	G	A
N0_Mouse	0.397031290482	0	1140	A	G
N0_Mouse	0.397479067646	0	390	C	A
N0_Mouse	0.400780776737	0	650	T	C
N0_Mouse	0.401805428876	0	637	T	G
N0_Mouse	0.40188439622	0	189	A	G
N0_Mouse	0.402973278846	0	510	T	C
N0_Mouse	0.403235814725	0	950	G	A
N0_Mouse	0.404764775372	0	88	C	G
N0_Mouse	0.405450178758	0	1011	G	A
N0_Mouse	0.405796699546	0	802	T	C
N0_Mouse	0.407403256487	0	1082	A	T
N0_Mouse	0.411812992881	0	1007	T	A
N0_Mouse	0.411832510636	0	234	A	T
N0_Mouse	0.411904866101	0	1012	C	T
N0_Mouse	0.413438354741	0	503	T	G
N0_Mouse	0.414423136338	0	231	A	T
N0_Mouse	0.414825412809	0	101	C	T
N0_Mouse	0.415536189526	0	1043	C	A
N0_Mouse	0.415663819377	0	739	G	A
N0_Mouse	0.416585774169	0	658	G	T
N0_Mouse	0.417567818785	0	451	C	T
N0_Mouse	0.419133621336	0	570	T	C
N0_Mouse	0.41942238921	0	1077	T	C
N0_Mouse	0.422484297348	0	439	G	A
N0_Mouse	0.4265248724	0	203	G	T
N0_Mouse	0.426891261382	0	584	C	T
N0_Mouse	0.428885528453	0	680	A	T
N0_Mouse	0.428991480386	0	791	C	G
N0_Mouse	0.42977442851	0	1020	A	T
N0_Mouse	0.430887649386	0	133	A	T
N0_Mouse	0.431427603994	0	1113	A	G
N0_Mouse	0.432688637243	0	13	T	G
N0_Mouse	0.432968519659	0	70	C	T
N0_Mouse	0.433217949353	0	585	T	C
N0_Mouse	0.435379480177	0	587	A	T
N0_Mouse	0.435813988744	0	951	T	A
N0_Mouse	0.436050641612	0	198	C	T
N0_Mouse	0.437463604992	0	123	C	G
N0_Mouse	0.439086997913	0	364	A	T
N0_Mouse	0.440152426717	0	110	A	G
N0_Mouse	0.440702088799	0	381	G	T
N0_Mouse	0.441714227687	0	546	G	T
N0_Mouse	0.441918805813	0	947	A	G
N0_Mouse	0.442247060611	0	1036	C	G
N0_Mouse	0.442400766636	0	445	C	T
N0_Mouse	0.442896720801	0	1028	C	T
N0_Mouse	0.443795089643	0	333	C	T
N0_Mouse	0.444235517703	0	933	T	A
N0_Mouse	0.445706454909	0	1025	C	T
N0_Mouse	0.445909193027	0	572	G	A
N0_Mouse	0.447778712212	0	844	T	C
N0_Mouse	0.447813934781	0	1115	T	C
