edge	time	mut_orlg	mut_pos	old_state	new_state
N0_kluyveri	0.000169679994929	0	146	A	G
N0_kluyveri	0.000761490271618	0	58	A	T
N0_kluyveri	0.00146133458866	0	266	T	A
N0_kluyveri	0.0014946929923	0	120	T	C
N0_kluyveri	0.00195861870213	0	347	C	T
N0_kluyveri	0.00211313593009	0	345	C	T
N0_kluyveri	0.00219150633882	0	476	C	T
N0_kluyveri	0.00307209195309	0	83	C	T
N0_kluyveri	0.00382091662252	0	255	T	C
N0_kluyveri	0.00449454168703	0	488	A	G
N0_kluyveri	0.00530639990608	0	8	C	T
N0_kluyveri	0.00563449071304	0	17	C	T
N0_kluyveri	0.00656050388847	0	414	C	T
N0_kluyveri	0.00732810886367	0	347	T	C
N0_kluyveri	0.00755271727274	0	323	T	C
N0_kluyveri	0.00828834953421	0	188	T	C
N0_kluyveri	0.00944497130075	0	380	G	A
N0_kluyveri	0.00944758453427	0	395	C	T
N0_kluyveri	0.00964593757927	0	95	A	G
N0_kluyveri	0.00987717551642	0	443	G	A
N0_kluyveri	0.00996460210428	0	227	C	T
N0_kluyveri	0.0106991017644	0	134	A	G
N0_kluyveri	0.0107219681974	0	238	C	T
N0_kluyveri	0.0111933614468	0	200	T	C
N0_kluyveri	0.0118731007303	0	437	T	C
N0_kluyveri	0.0123434802146	0	278	G	A
N0_kluyveri	0.0126376321377	0	308	C	T
N0_kluyveri	0.0131658124093	0	182	A	T
N0_kluyveri	0.0134496944002	0	38	C	T
N0_kluyveri	0.0138051238325	0	170	C	T
N0_D1	2.92366845982e-06	0	113	T	C
N0_D1	0.000563549279949	0	278	G	A
N0_D1	0.000845667872499	0	227	C	A
N0_D1	0.00100409400584	0	350	C	T
N0_D1	0.00144412768673	0	200	T	C
N0_D1	0.00145622364724	0	170	C	A
N0_D1	0.00153678049608	0	359	T	C
D1_N1	0.000143694674311	2	281	C	T
D1_N1	0.000618107200904	2	389	T	C
D1_N1	0.000656631962394	2	77	T	C
D1_N1	0.000699592042819	1	29	A	G
D1_N1	0.000749480327953	2	26	G	A
D1_N1	0.000824425868354	2	401	A	G
D1_N1	0.000866461167447	2	470	G	A
D1_N1	0.000930836008884	1	455	A	G
D1_N1	0.00110482296069	2	463	A	G
D1_N1	0.00117099433974	1	383	T	C
D1_N1	0.00135493087	2	365	T	C
D1_N1	0.00142745002954	2	41	G	A
D1_N1	0.00145359684162	1	29	G	A
D1_N1	0.00155673128299	1	167	T	C
D1_N1	0.00160492761602	2	306	G	A
D1_N1	0.00213200413065	2	117	T	C
D1_N1	0.00238183513678	2	275	G	A
D1_N1	0.00264133383683	2	242	T	C
D1_N1	0.00269605573773	2	491	T	C
D1_N1	0.00273321594165	1	74	T	C
D1_N1	0.00276686092097	1	137	T	C
D1_N1	0.00299624831793	2	251	G	A
N1_castellii	1.87722298707e-07	1	269	C	T
N1_castellii	0.000497743028601	1	266	T	C
N1_castellii	0.0010172371987	2	491	C	T
N1_castellii	0.00140661553434	2	167	T	C
N1_castellii	0.00164937466844	2	218	C	T
N1_castellii	0.00213590238702	2	302	T	C
N1_castellii	0.00216719586255	2	56	A	G
N1_castellii	0.0024833009162	1	77	T	C
N1_castellii	0.00256674263643	2	185	T	C
N1_castellii	0.00259510390031	1	448	C	T
N1_castellii	0.00303522019446	2	486	C	T
N1_castellii	0.00307465839425	1	404	T	C
N1_castellii	0.00308057612709	2	353	T	C
N1_castellii	0.00318849893808	1	47	T	C
N1_castellii	0.00319698258993	1	263	C	T
N1_castellii	0.00336030767347	2	110	C	T
N1_castellii	0.00340740768803	1	17	C	T
N1_castellii	0.00346693106645	1	125	A	G
N1_castellii	0.00401097096762	1	318	T	C
N1_castellii	0.00420545194677	2	158	G	A
N1_castellii	0.00449765917256	2	482	T	C
N1_castellii	0.00487945189534	2	113	C	T
N1_castellii	0.00488009897359	2	437	T	C
N1_castellii	0.00492274229003	2	338	A	G
N1_castellii	0.00565460503377	2	264	C	T
N1_castellii	0.00578332169877	1	254	T	C
N1_castellii	0.00590540174464	2	470	A	G
N1_castellii	0.006139669865	2	17	T	C
N1_castellii	0.00618775286399	2	434	C	T
N1_castellii	0.00621672165552	2	53	T	C
N1_castellii	0.00659593920162	2	293	A	G
N1_castellii	0.00661571986808	1	326	A	G
N1_castellii	0.00683803485417	1	347	C	T
N1_castellii	0.00700736546692	2	261	C	T
N1_castellii	0.00755566332116	2	449	A	G
N1_castellii	0.00766934262493	1	128	G	A
N1_castellii	0.00775017671013	1	180	G	A
N1_castellii	0.00793726333102	1	266	C	A
N1_castellii	0.00813506457639	2	215	T	C
N1_castellii	0.00871314928155	2	223	T	C
N1_castellii	0.00872914366859	2	86	A	G
N1_castellii	0.00873276492648	2	41	G	A
N1_castellii	0.00951422017043	1	29	A	G
N1_castellii	0.00960021306902	2	35	A	G
N1_castellii	0.0104861527517	2	323	T	C
N1_castellii	0.010846994644	2	128	G	A
N1_castellii	0.0109157588108	2	116	C	T
N1_castellii	0.0113487763574	1	318	C	T
N1_castellii	0.011446506397	1	245	T	C
N1_castellii	0.0116601217575	1	93	G	T
N1_castellii	0.011982698182	1	332	C	T
N1_castellii	0.011991785848	1	38	C	T
N1_castellii	0.0120871234266	2	110	T	C
N1_castellii	0.0124994497403	2	29	A	G
N1_N2	0.000588607527543	2	104	T	C
N1_N2	0.000768040074861	2	362	G	A
N1_N2	0.000807161801954	1	2	C	A
N1_N2	0.000945605498317	1	294	C	A
N1_N2	0.00121205313509	2	253	C	T
N1_N2	0.00126191303988	2	5	C	T
N1_N2	0.00145651160347	1	221	T	C
N1_N2	0.00164488994347	2	162	A	G
N1_N2	0.00173365471927	2	425	T	C
N1_N2	0.00182595397264	2	63	T	C
N1_N2	0.00214779700473	2	155	A	C
N1_N2	0.00217628642421	1	128	G	A
N1_N2	0.00229414771552	2	353	T	G
N1_N2	0.0023566656501	2	446	A	G
N1_N2	0.00262798711658	1	329	C	T
N1_N2	0.00277698661288	2	488	A	G
N1_N2	0.00332646346842	2	59	G	A
N1_N2	0.00336134188918	1	53	T	C
N1_N2	0.00340601052191	1	362	G	A
N1_N2	0.00381529227118	1	110	C	T
N1_N2	0.00407285407671	2	140	A	G
N1_N2	0.00425869789801	1	209	T	A
N1_N2	0.00481980966276	2	14	C	T
N1_N2	0.00489055732769	1	36	G	A
N1_N2	0.00504063426039	2	437	T	C
N1_N2	0.00512057534646	1	386	G	A
N1_N2	0.00515820602767	2	287	T	C
N1_N2	0.00544723299503	1	194	T	C
N1_N2	0.00575445806741	1	131	T	C
N1_N2	0.00627780669328	2	59	A	G
N1_N2	0.006575517769	2	314	A	G
N1_N2	0.00658189815336	2	221	T	C
N1_N2	0.00672133990281	2	116	C	T
N1_N2	0.00712599588114	1	257	T	C
N1_N2	0.007237352191	2	17	C	G
N1_N2	0.00727008786301	2	437	T	A
N1_N2	0.0081633520838	2	140	A	G
N1_N2	0.00817708390133	1	410	A	G
N1_N2	0.00842080538198	1	461	G	A
N1_N2	0.00914302428227	2	416	A	G
N1_N2	0.00928955845074	1	32	A	G
N1_N2	0.00942959607517	1	263	C	T
N1_N2	0.0101720118185	2	80	A	G
N1_N2	0.0101797434194	1	335	T	C
N1_N2	0.0102038800162	2	311	T	C
N1_N2	0.0102767385411	2	263	C	T
N1_N2	0.0103202274462	1	230	C	T
N1_N2	0.0104315203354	2	323	T	C
N1_N2	0.0104651606004	1	104	T	A
N1_N2	0.0106524869904	2	230	C	T
N1_N2	0.0106761174434	2	351	G	A
N1_N2	0.0108819769221	2	80	G	A
N1_N2	0.0113367204654	2	2	C	T
N1_N2	0.0113441547779	2	260	C	T
N1_N2	0.0114701509636	1	50	A	G
N1_N2	0.0116010481355	2	425	T	C
N1_N2	0.0117483946668	2	53	C	T
N1_N2	0.0126239291959	1	29	A	G
N1_N2	0.0126511554423	1	269	C	T
N1_N2	0.0127948402348	1	296	T	C
N1_N2	0.0128091174376	1	341	T	C
N1_N2	0.0132843457891	2	269	C	A
N1_N2	0.0133396280794	2	352	A	G
N1_N2	0.0140344752436	1	392	T	C
N1_N2	0.0141023968448	1	200	C	T
N1_N2	0.0141153154588	2	194	C	T
N1_N2	0.0142388735784	1	470	G	A
N1_N2	0.0142957507999	1	158	G	A
N1_N2	0.0146215923525	1	5	C	T
N1_N2	0.0152484834038	2	212	A	G
N2_bayanus	0.000161561611474	1	191	C	T
N2_bayanus	0.000526908960463	2	170	A	G
N2_bayanus	0.000604263359296	2	59	G	T
N2_bayanus	0.00126061921599	2	125	A	G
N2_bayanus	0.00190217363574	2	104	C	T
N2_bayanus	0.00204615083853	2	50	A	C
N2_N3	2.86990518007e-05	1	179	T	C
N2_N3	0.000519819583833	2	479	G	A
N2_N3	0.00090889368999	1	194	C	T
N2_N3	0.00107436965031	1	365	T	C
N3_kudriavzevii	1.82280562323e-05	1	143	C	T
N3_kudriavzevii	0.000595001508679	1	458	A	G
N3_kudriavzevii	0.000705877754295	1	389	T	C
N3_kudriavzevii	0.00074770235044	2	137	C	T
N3_kudriavzevii	0.000861850328702	2	276	A	T
N3_kudriavzevii	0.00157449603334	1	134	A	T
N3_kudriavzevii	0.00179463107271	1	218	C	T
N3_kudriavzevii	0.00181081428068	2	113	C	G
N3_kudriavzevii	0.00210821863176	1	2	A	G
N3_kudriavzevii	0.00239966468343	1	98	G	A
N3_kudriavzevii	0.00362413389705	1	164	C	T
N3_kudriavzevii	0.00407533018877	1	368	G	A
N3_kudriavzevii	0.00426724414654	1	233	A	G
N3_kudriavzevii	0.00434081709198	2	134	T	C
N3_kudriavzevii	0.00435985307545	2	146	A	G
N3_kudriavzevii	0.00444274416613	1	113	C	T
N3_kudriavzevii	0.00448568524929	2	413	C	T
N3_kudriavzevii	0.00501060266793	1	149	G	T
N3_kudriavzevii	0.00526920490818	2	80	A	G
N3_kudriavzevii	0.00554587394377	2	8	C	T
N3_N4	0.000306591481801	1	272	C	A
N3_N4	0.000307566364214	2	2	T	C
N3_N4	0.000477248440271	1	281	C	T
N3_N4	0.000721079878568	2	206	C	T
N3_N4	0.000825088103119	1	335	C	T
N3_N4	0.000867516671181	2	71	T	C
N3_N4	0.00112284060566	1	461	A	G
N3_N4	0.00122643486842	1	152	G	A
N3_N4	0.00132443263008	2	269	A	G
N3_N4	0.00137721170904	1	467	A	C
N3_N4	0.00142458066768	2	392	C	T
N3_N4	0.00169689223711	2	482	T	C
N4_mikatae	1.50407677062e-05	2	188	T	C
N4_mikatae	0.000119606429984	2	368	G	A
N4_mikatae	0.000261794540785	1	380	G	A
N4_mikatae	0.000543220383836	2	284	T	C
N4_mikatae	0.00104541858744	2	440	T	C
N4_mikatae	0.00147972581116	2	143	C	T
N4_mikatae	0.0015209127272	2	344	T	C
N4_mikatae	0.00221995142434	2	305	C	T
N4_mikatae	0.0022237160752	1	17	C	T
N4_mikatae	0.00233817385272	2	11	G	A
N4_mikatae	0.00267105064198	1	137	C	T
N4_mikatae	0.00352335477251	1	311	T	C
N4_mikatae	0.00386607340208	2	206	T	C
N4_mikatae	0.00417080218301	1	8	C	A
N4_N5	2.01348468505e-05	1	251	G	C
N4_N5	4.50151388354e-05	2	428	A	G
N4_N5	0.000203360949508	1	224	T	C
N4_N5	0.000653864388555	2	119	A	G
N4_N5	0.00105920705716	1	365	C	T
N4_N5	0.00155677029854	2	386	A	G
N5_paradoxus	0.000188138023134	1	380	G	A
N5_paradoxus	0.000197251359636	2	14	C	T
N5_paradoxus	0.000618021406118	2	78	C	T
N5_paradoxus	0.000977998155453	1	191	C	T
N5_paradoxus	0.00142108423145	2	137	C	A
N5_paradoxus	0.00142761872447	1	422	T	G
N5_paradoxus	0.00153935873848	2	470	G	A
N5_cerevisiae	1.34252602975e-05	1	479	G	A
N5_cerevisiae	0.00016303389108	2	152	G	A
N5_cerevisiae	0.000194667887808	1	17	C	T
N5_cerevisiae	0.00049629622265	1	101	A	G
N5_cerevisiae	0.000685299385001	1	206	C	T
N5_cerevisiae	0.000693714178713	1	164	C	T
N5_cerevisiae	0.00118830611474	1	290	T	C
N5_cerevisiae	0.00124866113938	1	230	T	C
N5_cerevisiae	0.00130433193196	2	437	A	G
N5_cerevisiae	0.00134135153734	1	83	C	T
N5_cerevisiae	0.00135519314509	2	285	T	C
N5_cerevisiae	0.00235915294938	1	32	G	A
N5_cerevisiae	0.0023811153593	2	480	C	T
N5_cerevisiae	0.00288175222953	2	452	C	T
N5_cerevisiae	0.00292281065917	2	24	C	T
N5_cerevisiae	0.00300349757859	1	80	A	G
N5_cerevisiae	0.00308585540255	1	98	G	A
N5_cerevisiae	0.00308679258399	2	5	T	C
N5_cerevisiae	0.00338925174203	2	302	T	C
N5_cerevisiae	0.00389689480882	2	422	T	C
N5_cerevisiae	0.00397539575698	2	455	G	A
N5_cerevisiae	0.00403024881162	1	98	A	G
N5_cerevisiae	0.00417474409319	1	326	A	G
N5_cerevisiae	0.00420342572549	1	63	T	C
