edge	time	mut_orlg	mut_pos	old_state	new_state
N0_kluyveri	0.000179078450748	0	68	C	T
N0_kluyveri	0.00033840277608	0	449	A	G
N0_kluyveri	0.000964050309543	0	119	G	A
N0_kluyveri	0.00152215012599	0	158	T	C
N0_kluyveri	0.00157128308604	0	299	T	C
N0_kluyveri	0.00176071617873	0	278	T	C
N0_kluyveri	0.00205395491046	0	74	C	T
N0_kluyveri	0.00209428803702	0	434	C	T
N0_kluyveri	0.00281574619399	0	101	T	C
N0_kluyveri	0.00402339582304	0	455	T	G
N0_kluyveri	0.00486754120031	0	254	A	G
N0_kluyveri	0.00543485810957	0	80	G	A
N0_kluyveri	0.00545884221355	0	5	A	G
N0_kluyveri	0.00549764966526	0	335	T	C
N0_kluyveri	0.00610827649621	0	50	A	G
N0_kluyveri	0.00677992495883	0	308	C	T
N0_kluyveri	0.00744808620402	0	320	T	C
N0_kluyveri	0.00762517207127	0	122	T	C
N0_kluyveri	0.00772415003287	0	20	G	A
N0_kluyveri	0.00804145017227	0	113	A	G
N0_kluyveri	0.00824680212333	0	149	T	C
N0_kluyveri	0.00838502858164	0	185	C	T
N0_kluyveri	0.00875731573512	0	307	G	A
N0_kluyveri	0.00918680120265	0	125	C	T
N0_kluyveri	0.00922392742599	0	207	A	G
N0_kluyveri	0.00952315811907	0	149	C	T
N0_kluyveri	0.00959394196539	0	422	C	T
N0_kluyveri	0.010443803156	0	329	C	T
N0_kluyveri	0.0104833023609	0	26	C	T
N0_kluyveri	0.0105852021429	0	491	A	G
N0_kluyveri	0.0114048599008	0	71	A	T
N0_kluyveri	0.0116674523717	0	362	C	T
N0_kluyveri	0.0127228328111	0	212	T	C
N0_kluyveri	0.0129033664289	0	434	T	C
N0_kluyveri	0.0129681610859	0	368	A	T
N0_kluyveri	0.0129945027607	0	424	A	G
N0_kluyveri	0.0137597910486	0	209	T	C
N0_kluyveri	0.0138450322763	0	11	C	T
N0_D1	8.41836101145e-06	0	260	G	C
N0_D1	0.000196577852252	0	161	T	C
N0_D1	0.000329582038948	0	440	T	C
N0_D1	0.000424158866024	0	329	C	T
D1_N1	0.000199174006914	2	68	C	T
D1_N1	0.000248727371764	2	53	T	C
D1_N1	0.000340582519386	1	206	G	A
D1_N1	0.000820974857858	1	479	T	C
D1_N1	0.000850302108703	1	362	C	A
D1_N1	0.00148331963216	2	488	T	C
D1_N1	0.00160833635423	2	266	C	T
D1_N1	0.00166436130469	1	458	C	T
D1_N1	0.00177282989886	2	8	A	G
D1_N1	0.00242339482937	2	311	G	A
D1_N1	0.0024468567403	2	484	G	A
D1_N1	0.00265960619399	1	248	G	C
D1_N1	0.00270329679728	1	359	G	A
D1_N1	0.0029029266173	2	251	A	G
D1_N1	0.00302322509272	2	65	G	A
D1_N1	0.00312494685748	2	77	C	T
D1_N1	0.00319654990271	1	341	A	G
N1_castellii	0.000166655638938	2	80	G	A
N1_castellii	0.000493396896624	2	185	C	T
N1_castellii	0.000526655870218	1	221	T	C
N1_castellii	0.000699038913315	1	323	C	T
N1_castellii	0.000743778299306	2	77	T	C
N1_castellii	0.000845727472001	1	401	A	G
N1_castellii	0.000963866854786	2	365	T	C
N1_castellii	0.0011222597072	2	374	T	C
N1_castellii	0.00121594008232	1	402	G	A
N1_castellii	0.00168045358454	2	143	A	G
N1_castellii	0.00175082118168	1	122	T	C
N1_castellii	0.0017860071962	1	224	C	T
N1_castellii	0.00184469783233	1	479	C	T
N1_castellii	0.00213237665712	2	134	T	C
N1_castellii	0.0021540309223	2	143	G	A
N1_castellii	0.00287425993807	1	98	T	C
N1_castellii	0.00289696427461	1	194	G	A
N1_castellii	0.00299001932754	1	305	T	C
N1_castellii	0.00307533608296	1	226	T	C
N1_castellii	0.00337115974022	1	158	T	G
N1_castellii	0.00347894486306	1	169	A	G
N1_castellii	0.003657468544	2	443	T	C
N1_castellii	0.00390322651836	1	191	C	T
N1_castellii	0.00424157436894	1	173	C	T
N1_castellii	0.00429459007837	1	473	C	T
N1_castellii	0.00449041424225	2	182	T	C
N1_castellii	0.00456187119661	2	35	T	C
N1_castellii	0.00559844574906	2	237	A	G
N1_castellii	0.00628438615671	2	283	A	G
N1_castellii	0.00633793140489	1	149	T	C
N1_castellii	0.00649021958392	1	302	A	G
N1_castellii	0.00689208449584	2	179	T	C
N1_castellii	0.00695928494077	2	29	T	G
N1_castellii	0.0072763520585	2	269	G	A
N1_castellii	0.00730800826525	2	140	C	T
N1_castellii	0.00807845152948	2	353	A	G
N1_castellii	0.0081982509065	1	488	T	A
N1_castellii	0.00820272410609	2	74	C	T
N1_castellii	0.00857645923401	2	68	C	T
N1_castellii	0.00878613337928	1	204	C	T
N1_castellii	0.0089200232623	1	152	A	G
N1_castellii	0.00905601325545	1	185	C	T
N1_castellii	0.0101204501624	1	197	T	C
N1_castellii	0.0101269807842	1	323	T	A
N1_castellii	0.0101387513594	1	83	T	G
N1_castellii	0.0101529901174	2	95	G	A
N1_castellii	0.0105651562694	2	365	T	C
N1_castellii	0.0105865610556	2	170	T	C
N1_castellii	0.0111980451049	1	137	T	C
N1_castellii	0.0112187150117	2	153	T	C
N1_castellii	0.0112554370423	1	332	A	T
N1_castellii	0.0116269778359	1	41	A	G
N1_castellii	0.0117316936586	2	188	T	C
N1_castellii	0.0119444301824	2	55	T	C
N1_castellii	0.0120380951059	2	472	A	G
N1_castellii	0.0122701566312	1	275	T	C
N1_castellii	0.0123529442805	2	419	T	C
N1_castellii	0.012485392164	1	152	G	T
N1_castellii	0.012665658972	1	30	A	G
N1_castellii	0.0127500274472	2	158	G	A
N1_N2	0.000926205475956	2	398	G	A
N1_N2	0.00106211889858	1	421	G	A
N1_N2	0.00107082608872	1	251	A	G
N1_N2	0.00178297867346	1	395	C	T
N1_N2	0.00237504310736	1	425	T	C
N1_N2	0.00295408345159	1	223	G	T
N1_N2	0.0029567025846	2	387	C	G
N1_N2	0.00346214594022	2	447	T	C
N1_N2	0.00387209148486	1	221	T	G
N1_N2	0.00399872716567	2	320	T	C
N1_N2	0.00400594894048	1	259	C	T
N1_N2	0.00417439439227	1	236	G	A
N1_N2	0.00444687101458	1	389	A	T
N1_N2	0.00449870359907	1	31	T	C
N1_N2	0.00462703381583	2	26	C	T
N1_N2	0.00489239497233	2	344	G	A
N1_N2	0.00502841005151	1	290	T	C
N1_N2	0.00537059347144	2	134	T	C
N1_N2	0.00641501440642	2	434	C	T
N1_N2	0.00688869290738	2	293	T	C
N1_N2	0.00690580393155	1	233	C	T
N1_N2	0.00715396842558	2	428	T	C
N1_N2	0.00720662810459	2	296	C	T
N1_N2	0.0075777285309	1	377	A	G
N1_N2	0.00783331032036	1	329	T	C
N1_N2	0.00810014974999	2	191	C	T
N1_N2	0.00823753001941	2	122	T	C
N1_N2	0.00844084808576	1	146	C	T
N1_N2	0.00991429843229	1	35	T	C
N1_N2	0.00999358807988	1	490	C	T
N1_N2	0.0108252431332	1	479	C	T
N1_N2	0.0109836711307	2	167	T	C
N1_N2	0.0111560818115	2	110	T	C
N1_N2	0.0111637776608	1	218	A	G
N1_N2	0.0118761856822	2	239	T	G
N1_N2	0.0119836343526	1	14	C	T
N1_N2	0.0124508061462	2	461	T	C
N1_N2	0.0125011635098	1	56	T	C
N1_N2	0.0125773331714	2	314	G	A
N1_N2	0.012834867772	2	143	A	C
N1_N2	0.012835897822	1	80	G	A
N1_N2	0.013098985102	1	131	A	G
N1_N2	0.0131646529464	2	359	G	A
N1_N2	0.013212236561	1	146	T	C
N1_N2	0.0132209677298	2	290	T	C
N1_N2	0.0135626257714	2	93	C	T
N1_N2	0.0136738404072	1	369	T	C
N1_N2	0.0137263587392	1	365	T	C
N1_N2	0.0138775629177	1	194	G	A
N1_N2	0.014001102458	2	182	T	C
N1_N2	0.0141219778525	1	368	A	G
N1_N2	0.0141750464963	2	66	T	C
N1_N2	0.0147253797678	2	482	G	A
N1_N2	0.0148146845221	2	461	C	T
N1_N2	0.0154145000392	2	8	A	G
N1_N2	0.0155111365728	2	176	C	T
N1_N2	0.0155984060243	2	14	C	T
N1_N2	0.0157808626472	1	209	T	C
N2_bayanus	3.86189937883e-05	1	80	A	G
N2_bayanus	0.000441290339891	1	248	C	T
N2_bayanus	0.000628460424493	1	170	T	C
N2_bayanus	0.000728705959167	2	405	C	T
N2_bayanus	0.000833171075575	2	407	G	A
N2_bayanus	0.000854270401825	1	491	A	G
N2_bayanus	0.00109818165799	2	11	C	T
N2_bayanus	0.00207163412475	1	21	T	C
N2_bayanus	0.00209755791719	1	32	G	C
N2_N3	0.000217328508228	1	131	G	A
N2_N3	0.000229440891549	1	53	T	C
N2_N3	0.000386107345428	2	338	T	C
N2_N3	0.000444584817716	1	89	A	G
N2_N3	0.00058316547694	1	47	A	G
N2_N3	0.000746656272864	2	116	G	T
N2_N3	0.000850717272478	2	74	C	T
N3_kudriavzevii	0.000227582377198	2	311	A	G
N3_kudriavzevii	0.000271549869204	2	95	G	A
N3_kudriavzevii	0.000288302136541	2	29	T	C
N3_kudriavzevii	0.000430464801306	1	371	T	C
N3_kudriavzevii	0.000489771789377	1	17	G	A
N3_kudriavzevii	0.00053022303652	1	11	C	A
N3_kudriavzevii	0.000576343353555	2	261	T	C
N3_kudriavzevii	0.00123840158814	2	464	C	T
N3_kudriavzevii	0.00151770873239	1	274	A	G
N3_kudriavzevii	0.00198973200863	1	36	C	T
N3_kudriavzevii	0.00235826933661	2	20	G	A
N3_kudriavzevii	0.00246081081568	1	53	C	A
N3_kudriavzevii	0.00282897238213	2	194	G	A
N3_kudriavzevii	0.00312355878179	1	176	C	T
N3_kudriavzevii	0.00439381551428	1	158	T	C
N3_kudriavzevii	0.00451544884679	1	98	T	C
N3_kudriavzevii	0.00509434007724	1	267	C	T
N3_kudriavzevii	0.00586832536618	2	347	T	C
N3_N4	0.000305429548995	1	320	T	A
N3_N4	0.000408312118377	1	41	A	T
N3_N4	0.00047967166611	1	44	G	A
N3_N4	0.000932381210452	2	473	C	T
N3_N4	0.000993630260943	2	230	C	T
N3_N4	0.00200457308638	1	353	A	T
N3_N4	0.0021793309967	2	308	C	T
N3_N4	0.00230196141453	2	26	T	C
N3_N4	0.00233928017152	2	269	G	A
N3_N4	0.00236523250138	2	53	C	T
N4_mikatae	6.15291218997e-06	2	489	C	T
N4_mikatae	0.000444723273013	1	254	A	G
N4_mikatae	0.00103872249885	1	23	T	C
N4_mikatae	0.00150672514731	2	442	C	T
N4_mikatae	0.0016386817232	1	173	C	T
N4_mikatae	0.00181940212641	1	338	T	C
N4_mikatae	0.00235181873901	2	365	T	C
N4_mikatae	0.00243663476516	1	455	T	C
N4_mikatae	0.00284739684494	1	374	T	C
N4_mikatae	0.0032064275982	2	308	T	A
N4_mikatae	0.00326970299557	2	344	A	G
N4_mikatae	0.00332491363777	1	293	T	A
N4_mikatae	0.00335556876175	1	95	G	A
N4_mikatae	0.00338199065719	2	476	T	C
N4_mikatae	0.00342921737425	1	475	C	T
N4_mikatae	0.00348627885434	1	128	A	G
N4_mikatae	0.00362950109143	1	146	C	T
N4_mikatae	0.00367921509566	1	95	A	G
N4_mikatae	0.00375198077829	1	173	T	C
N4_mikatae	0.00380269098823	2	8	G	A
N4_N5	0.000296277620879	1	224	C	T
N4_N5	0.00030230153282	2	186	T	C
N4_N5	0.00124386892213	1	314	G	A
N4_N5	0.00127902631442	1	245	A	G
N4_N5	0.00140783051085	1	14	T	C
N4_N5	0.00147920353723	2	266	T	C
N4_N5	0.00158755872405	2	29	T	C
N5_paradoxus	0.000117923402299	2	41	A	G
N5_paradoxus	0.000658614522349	2	158	T	C
N5_paradoxus	0.00126902256283	2	182	C	T
N5_paradoxus	0.00131855868883	1	352	G	A
N5_paradoxus	0.00139927577272	1	188	T	C
N5_paradoxus	0.00145801107391	1	263	A	G
N5_cerevisiae	2.63174419551e-05	2	404	T	C
N5_cerevisiae	3.91862212292e-05	2	182	C	T
N5_cerevisiae	0.000155646318422	2	467	G	A
N5_cerevisiae	0.000233832744018	1	443	T	C
N5_cerevisiae	0.000469693230456	2	311	A	C
N5_cerevisiae	0.00124859791304	1	386	T	C
N5_cerevisiae	0.00131333294651	1	89	G	A
N5_cerevisiae	0.00152210802443	1	479	T	C
N5_cerevisiae	0.00157038263664	2	405	C	T
N5_cerevisiae	0.00205319126714	1	488	T	C
N5_cerevisiae	0.0021224239501	2	407	G	A
N5_cerevisiae	0.00283219413763	1	254	A	G
N5_cerevisiae	0.00304704274082	1	362	A	G
N5_cerevisiae	0.00332281019709	2	305	T	C
N5_cerevisiae	0.00351160921036	1	116	G	A
N5_cerevisiae	0.00353503194716	1	365	C	A
N5_cerevisiae	0.00385046284837	2	318	T	C
N5_cerevisiae	0.00399158757609	1	8	A	G
