edge	time	mut_orlg	mut_pos	old_state	new_state
N0_kluyveri	0.00166768814525	0	151	GCC	GCT
N0_kluyveri	0.00774891977992	0	103	CTG	TTG
N0_kluyveri	0.019941801754	0	39	CTA	TTA
N0_kluyveri	0.0207774108939	0	103	TTG	CTG
N0_kluyveri	0.0227684078902	0	13	GTT	GTC
N0_D1	0.0024965447817	0	152	ACC	ACG
D1_N1	0.00063242441376	2	39	CTA	TTA
D1_N1	0.00137502839224	1	115	CAT	TAT
D1_N1	0.00262351156047	2	58	AAC	AAT
D1_N1	0.00354056975394	1	110	GTT	GTC
D1_N1	0.00756188662303	1	96	TAT	TAC
D1_N1	0.00797358089991	1	121	GAT	GAC
D1_N1	0.011998217933	1	91	ACG	ACA
D1_N1	0.0188427894207	1	54	GAC	GAT
D1_N1	0.0192318677393	1	77	AAT	AAC
D1_N1	0.0247106243039	2	76	TGC	TGT
D1_N1	0.0277433452922	1	110	GTC	GTT
D1_N1	0.0281161969686	2	46	TTC	TTT
D1_N1	0.0286497817079	1	43	TAC	CAC
D1_N1	0.0290167014582	2	118	TCC	TCT
D1_N1	0.0342477346863	2	155	GCT	GCC
D1_N1	0.035990220408	1	17	GTG	GTT
D1_N1	0.0374111756779	2	141	AAC	AAT
D1_N1	0.0381276643097	1	68	TAC	TAT
D1_N1	0.0428460244306	1	91	ACA	ACG
D1_N1	0.044626782592	1	132	ATA	ACA
D1_N1	0.0473566613386	2	151	GCC	GCT
D1_N1	0.0478374625328	2	8	GCA	GCG
D1_N1	0.0586681116261	2	32	CTT	ATT
D1_N1	0.0720517456652	2	92	TGC	TGT
D1_N1	0.0730302235628	2	35	ATT	ATC
D1_N1	0.0781326310238	1	110	GTT	GTC
D1_N1	0.0845050371139	1	150	AGC	AGT
D1_N1	0.0874141086783	2	88	CAA	CAG
D1_N1	0.0893793468628	2	5	AAT	AAC
D1_N1	0.0919235479152	2	98	CGT	CGC
D1_N1	0.100186947835	1	43	CAC	CAT
D1_N1	0.106164133262	1	84	ACG	ACA
D1_N1	0.108967115039	2	128	ACG	ACA
D1_N1	0.108984255522	1	6	TAC	TAT
D1_N1	0.109006550971	2	89	GTA	GTG
D1_N1	0.111533550746	1	120	TTG	TTA
D1_N1	0.123390902519	1	123	AAT	AAC
D1_N1	0.123805039216	1	59	GAA	GAG
D1_N1	0.126614930892	2	24	AGC	AGT
D1_N1	0.127032516464	1	1	TGC	TGT
D1_N1	0.13091185531	1	111	AGA	AGG
D1_N1	0.137056773168	1	64	TGT	CGT
D1_N1	0.138547868598	2	72	TAT	TAC
D1_N1	0.139275387377	1	32	CTT	TTT
D1_N1	0.145846770349	2	141	AAC	AAT
D1_N1	0.150339126448	2	73	GAG	GAA
D1_N1	0.150984244046	2	5	AAC	AAT
D1_N1	0.15160146994	2	118	TCC	TCT
D1_N1	0.151632838966	2	146	GTC	GTT
D1_N1	0.155730328332	2	65	CTA	TTA
D1_N1	0.156519560592	2	125	TAC	TAT
D1_N1	0.164103828784	1	120	TTA	CTA
D1_N1	0.165922128618	1	89	GTA	GTG
D1_N1	0.167547504705	1	15	ATT	ATC
D1_N1	0.170551220726	1	3	TCA	TCG
D1_N1	0.173665866569	2	25	TTT	TTC
D1_N1	0.175989375575	1	0	TCC	TCT
D1_N1	0.183169005288	2	41	CCT	CCC
D1_N1	0.189282948558	1	51	ATC	ATT
D1_N1	0.189703624217	1	126	GGG	GGA
D1_N1	0.192804978489	1	40	CGG	CGA
D1_N1	0.193306479431	2	1	TGC	TGT
D1_N1	0.200681869545	1	144	CTC	CTA
D1_N1	0.206176344653	2	53	ACC	ACT
D1_N1	0.208241198708	1	65	CTA	CCA
D1_N1	0.212596611365	2	8	GCG	GCA
N1_castellii	0.00639122158848	2	112	CGT	CGC
N1_castellii	0.0103185721474	2	115	TAT	TAC
N1_castellii	0.013300723164	1	3	TCG	TCT
N1_castellii	0.0193455967463	2	106	CAA	CAG
N1_castellii	0.0270264049491	1	107	AAC	AAT
N1_castellii	0.0296779602303	2	151	GCC	GCT
N1_castellii	0.0345474045036	1	89	GTG	GTA
N1_castellii	0.0458448273326	1	10	TGC	TGT
N1_castellii	0.047007024723	2	68	TAC	TAT
N1_castellii	0.0472066631842	1	114	CTA	TTA
N1_castellii	0.0507201192756	1	111	AGG	AGA
N1_castellii	0.0508264332193	2	10	TGC	TGT
N1_castellii	0.0512339760677	2	148	TCG	TCA
N1_castellii	0.0518820207901	1	57	ATT	ATC
N1_castellii	0.0574736543515	1	44	GCC	GCT
N1_castellii	0.0587656896837	1	85	ATT	ATC
N1_castellii	0.0612317243281	1	112	CGT	CGC
N1_castellii	0.0633546434978	1	7	TCC	TCT
N1_castellii	0.0644556095414	2	18	GTG	GTA
N1_castellii	0.0648397697345	1	97	AAT	AAC
N1_castellii	0.0648784087138	1	39	CTA	CTG
N1_castellii	0.0687756702304	2	116	TTC	TTT
N1_castellii	0.0765330403893	2	30	GTG	GTA
N1_castellii	0.0796759774183	2	97	AAT	AAC
N1_castellii	0.0805302350916	2	3	TCA	TCG
N1_castellii	0.0859783153892	2	131	ATC	ATT
N1_castellii	0.0930332898792	2	75	GAG	GAA
N1_castellii	0.0977324426482	1	125	TAC	TAT
N1_castellii	0.0985010174281	1	57	ATC	ATT
N1_castellii	0.101004826825	2	99	CCA	CCG
N1_castellii	0.107138435279	2	84	ACG	ACA
N1_castellii	0.114112960092	1	49	TCT	TCG
N1_castellii	0.118003934603	1	163	CTC	CTT
N1_castellii	0.119309266072	1	103	CTG	CTA
N1_castellii	0.123046682206	2	138	CTG	CTA
N1_castellii	0.124455018466	2	148	TCA	TCG
N1_castellii	0.124948305461	1	37	GCT	TCT
N1_castellii	0.131339369732	1	149	ATT	ATC
N1_castellii	0.13439812304	1	6	TAT	TAC
N1_castellii	0.136288674016	1	59	GAG	GAA
N1_castellii	0.147798700082	2	102	GAT	GAC
N1_castellii	0.148909537646	1	82	GTT	GTC
N1_castellii	0.152094221931	1	27	ACC	ACA
N1_castellii	0.160089955566	2	114	CTA	TTA
N1_castellii	0.162421263272	1	109	AGT	AGC
N1_castellii	0.164028399183	1	130	AAC	AAT
N1_castellii	0.168567534247	2	27	ACC	ACT
N1_castellii	0.170803222361	1	85	ATC	ACC
N1_castellii	0.172043224144	1	31	AGA	AGG
N1_castellii	0.173153733254	1	42	TTG	TTA
N1_castellii	0.175258613768	2	94	AAC	AAT
N1_N2	0.000489210820213	2	1	TGT	TGC
N1_N2	0.00312012014697	1	144	CTA	TTA
N1_N2	0.00892673005353	1	145	AAC	AAT
N1_N2	0.0116593541042	1	71	GGG	GGA
N1_N2	0.0157902395876	2	163	CTC	TTC
N1_N2	0.0166276053764	2	162	ACA	ACG
N1_N2	0.0206981520407	1	119	AGA	AGG
N1_N2	0.0241171526668	1	16	CGA	CGG
N1_N2	0.0266177051524	1	110	GTC	GTT
N1_N2	0.039145436085	1	52	TGT	TGC
N1_N2	0.0392305834109	2	58	AAT	AAC
N1_N2	0.0438820020198	2	145	AAC	AAT
N1_N2	0.0475572061425	1	3	TCG	TCA
N1_N2	0.0486977039603	2	84	ACG	ACA
N1_N2	0.0538316338469	2	127	TTC	TTT
N1_N2	0.0544201570301	1	103	CTG	TTG
N1_N2	0.0553370826057	2	162	ACA	ACT
N1_N2	0.0580084095844	2	30	GTG	GTA
N1_N2	0.0585491129759	2	22	ACG	ACA
N1_N2	0.0585833854901	1	9	ATA	ATT
N1_N2	0.0655646323627	2	54	GAC	GAT
N1_N2	0.0684108209335	1	47	GAG	GAA
N1_N2	0.0686031631771	1	30	GTG	GTA
N1_N2	0.0688984913875	2	152	ACG	ATG
N1_N2	0.0689758600994	1	159	GAT	GAC
N1_N2	0.0728491547235	2	100	TTC	TTT
N1_N2	0.0803605266898	1	91	ACG	ACA
N1_N2	0.0877292530811	1	149	ATT	ATC
N1_N2	0.0886345627709	1	141	AAC	AAT
N1_N2	0.0918632008578	2	26	AAG	AAA
N1_N2	0.0924584483539	2	34	TAT	TAC
N1_N2	0.0942798957943	2	155	GCT	GCC
N1_N2	0.0944433336859	1	156	TAT	TAC
N1_N2	0.0981425057308	1	25	TTT	TTC
N1_N2	0.100420763467	2	72	TAC	TAT
N1_N2	0.100717593842	2	44	GCC	GCT
N1_N2	0.10260992054	1	148	TCG	TCA
N1_N2	0.106373438959	2	80	ACA	ACG
N1_N2	0.110043987796	1	156	TAC	TAT
N1_N2	0.110786355856	1	107	AAC	AGC
N1_N2	0.111619547077	1	118	TCC	TCT
N1_N2	0.114005914345	1	101	CTT	CTC
N1_N2	0.116280252258	1	1	TGT	TGC
N1_N2	0.116849588303	1	101	CTC	CTT
N1_N2	0.12028507259	1	104	GGA	GGG
N1_N2	0.121586124353	1	6	TAT	TAC
N1_N2	0.123455446414	1	53	ACC	ATC
N1_N2	0.127767382462	2	114	CTA	GTA
N1_N2	0.128718519962	1	12	CAT	CAC
N1_N2	0.131356072207	1	127	TTC	TTT
N1_N2	0.133102765227	2	153	AAC	AAT
N1_N2	0.133806742827	2	159	GAT	GAC
N1_N2	0.137211704659	2	42	TTG	CTG
N1_N2	0.139142357415	2	74	GGT	GGC
N1_N2	0.155756542287	2	56	ACA	GCA
N1_N2	0.155957427717	2	38	GTG	GTA
N1_N2	0.161659557461	1	74	GGT	GGA
N1_N2	0.16748064595	1	18	GTG	GTA
N1_N2	0.169994799385	2	12	CAT	CAC
N1_N2	0.172637478177	1	0	TCT	TCC
N1_N2	0.178257876672	1	20	CTT	CTA
N1_N2	0.178707832997	1	25	TTC	TTT
N1_N2	0.182404385158	1	88	CAA	CAG
N1_N2	0.183726285842	2	155	GCT	ACT
N1_N2	0.187946142499	2	126	GGA	GGC
N1_N2	0.190488423012	1	84	ACA	ACG
N1_N2	0.195144035131	2	98	CGC	CGT
N1_N2	0.19562614403	2	150	AGT	AGC
N1_N2	0.199935321797	2	138	CTG	CTA
N1_N2	0.2013326983	2	110	GTC	GTT
N1_N2	0.210327559602	1	11	AGT	AGC
N1_N2	0.212996870959	1	0	TCC	TCT
N1_N2	0.214188569068	1	35	ATT	ATC
N2_bayanus	0.00374836682653	2	88	CAG	CAA
N2_bayanus	0.00600021523609	1	10	TGC	TGT
N2_bayanus	0.00984838965475	1	113	TCG	TCA
N2_bayanus	0.0107789627399	2	41	CCC	CCA
N2_bayanus	0.0118292533376	2	41	CCA	CCG
N2_bayanus	0.0140997216211	1	159	GAC	GAT
N2_bayanus	0.0206845303449	1	3	TCA	TCG
N2_bayanus	0.0225509628092	2	138	CTA	CTT
N2_bayanus	0.0229454460505	1	39	CTA	TTA
N2_bayanus	0.023019795468	2	56	GCA	GCT
N2_bayanus	0.0235314281747	2	98	CGT	CGC
N2_bayanus	0.0260465382786	2	129	ACA	ACG
N2_N3	0.00538400177995	1	86	CCA	CTA
N2_N3	0.00873316520938	2	27	ACC	ACA
N2_N3	0.00961020997649	2	101	CTT	CTC
N2_N3	0.0107591194335	1	98	CGT	CGC
N2_N3	0.0186840938009	1	15	ATC	ATT
N2_N3	0.0195310779087	2	121	GAC	GAT
N3_kudriavzevii	0.00370492421343	1	129	ACA	ACC
N3_kudriavzevii	0.00570678422862	1	102	GAT	GAC
N3_kudriavzevii	0.0168387414987	1	145	AAT	AAC
N3_kudriavzevii	0.0190873337337	2	61	TAT	TAC
N3_kudriavzevii	0.0206571837402	2	25	TTC	TTT
N3_kudriavzevii	0.0264811069672	2	122	AGT	AGC
N3_kudriavzevii	0.0312544064538	1	34	TAT	TAC
N3_kudriavzevii	0.0324543553465	2	38	GTA	GTG
N3_kudriavzevii	0.0344540713927	2	17	GTG	GTA
N3_kudriavzevii	0.0344867598975	1	6	TAC	TAT
N3_kudriavzevii	0.0358969367495	1	67	AAT	AAC
N3_kudriavzevii	0.0457127711238	1	102	GAC	GAT
N3_kudriavzevii	0.0496622784346	2	4	AGT	AGC
N3_kudriavzevii	0.0550810477305	1	86	CTA	CTT
N3_kudriavzevii	0.0569535955608	1	66	TTG	CTG
N3_kudriavzevii	0.0603105164179	2	66	TTG	TTA
N3_kudriavzevii	0.0734424828151	1	140	ACG	ACA
N3_kudriavzevii	0.0811684665957	2	29	CCC	CCT
N3_N4	0.00320637231423	1	74	GGA	GGG
N3_N4	0.00333561348428	1	118	TCT	TCC
N3_N4	0.00441311126101	2	156	TAT	TAC
N3_N4	0.00684216984776	2	96	TAT	TAC
N3_N4	0.00836582431138	2	156	TAC	TAT
N3_N4	0.0106036056953	1	1	TGC	TGT
N3_N4	0.0253983180933	1	113	TCG	TCC
N3_N4	0.0298942610518	2	14	ATC	ATT
N4_mikatae	0.00280410482856	1	55	GCG	GCA
N4_mikatae	0.0054404076397	1	119	AGG	AGA
N4_mikatae	0.00718853643268	2	21	AAC	AAT
N4_mikatae	0.00747914696369	2	18	GTG	GTA
N4_mikatae	0.00829764699371	2	30	GTA	GTG
N4_mikatae	0.00957606612773	2	35	ATC	ATT
N4_mikatae	0.0155878308343	1	25	TTT	TTC
N4_mikatae	0.0177164330033	2	37	GCT	GCC
N4_mikatae	0.0188074436476	1	113	TCC	TCT
N4_mikatae	0.0205827124196	1	91	ACA	ACG
N4_mikatae	0.0238695350638	1	94	AAC	AAT
N4_mikatae	0.0369753585087	1	136	TTT	TTC
N4_mikatae	0.0393241974324	1	2	GCT	GTT
N4_mikatae	0.0417403925368	1	32	TTT	TTC
N4_mikatae	0.0457312618839	1	25	TTC	TTT
N4_mikatae	0.0472654332079	1	108	AGA	AGG
N4_mikatae	0.0504285285213	1	24	AGC	AAC
N4_N5	0.000391069865139	2	126	GGC	GGT
N4_N5	0.000440623932914	2	15	ATT	ATC
N4_N5	0.000657712218604	2	153	AAC	AAT
N4_N5	0.000849259719303	1	25	TTT	TTC
N4_N5	0.0015011364323	2	45	AGT	AGC
N4_N5	0.00240397079473	1	157	CAG	CAA
N4_N5	0.00591218465752	1	26	AAG	AAA
N4_N5	0.0148249354881	2	46	TTT	TCT
N4_N5	0.0158138473247	2	144	TTA	TTG
N5_paradoxus	0.0030708400081	1	139	CCA	CCG
N5_paradoxus	0.00410939899717	2	99	CCA	CCG
N5_paradoxus	0.00415707949438	2	103	CTG	CTC
N5_paradoxus	0.00669764486083	1	116	TTC	TTT
N5_paradoxus	0.0151604250002	1	66	TTG	TTA
N5_paradoxus	0.0203054904343	1	44	GCC	GCT
N5_paradoxus	0.0207129677483	1	123	AAC	AAT
N5_cerevisiae	0.00192227764674	2	109	AGT	AGA
N5_cerevisiae	0.00701692737998	1	15	ATT	ATC
N5_cerevisiae	0.00957313682392	2	108	AGA	AGG
N5_cerevisiae	0.0101733780991	1	133	TTC	TTT
N5_cerevisiae	0.0109302881744	1	47	GAA	GAG
N5_cerevisiae	0.0116573820342	2	66	TTG	TTA
N5_cerevisiae	0.0163499074583	2	148	TCA	TCT
N5_cerevisiae	0.0186076163042	1	74	GGG	GGA
N5_cerevisiae	0.0196026256935	1	138	CTG	TTG
N5_cerevisiae	0.02205987857	1	25	TTC	TTT
N5_cerevisiae	0.0233414263172	2	18	GTA	GTG
N5_cerevisiae	0.0268925629191	1	106	CAA	CAG
N5_cerevisiae	0.0274974102022	1	130	AAC	AAT
N5_cerevisiae	0.0298864258671	1	163	CTC	CTT
N5_cerevisiae	0.0343227854115	1	29	CCC	CCT
N5_cerevisiae	0.0370056292304	1	117	ATA	ATC
N5_cerevisiae	0.0423034068809	1	143	CAG	CCG
N5_cerevisiae	0.0475707748233	1	14	ATC	ATT
N5_cerevisiae	0.0481887804879	2	123	AAC	AAT
N5_cerevisiae	0.0507721775494	1	37	GCT	ACT
N5_cerevisiae	0.0519993072098	2	94	AAC	AAT
N5_cerevisiae	0.0520086360207	2	103	CTG	TTG
N5_cerevisiae	0.0567668286649	1	145	AAT	AAC
