edge	time	mut_orlg	mut_pos	old_state	new_state
N0_kluyveri	0.000100905239535	0	170	A	G
N0_kluyveri	0.000729659415663	0	230	T	C
N0_kluyveri	0.000748846478322	0	263	G	A
N0_kluyveri	0.000889215028418	0	305	G	A
N0_kluyveri	0.00093179157199	0	53	C	T
N0_kluyveri	0.00127573560942	0	104	C	T
N0_kluyveri	0.00190961091499	0	179	G	A
N0_kluyveri	0.00257852987437	0	158	G	A
N0_D1	0.00018935449693	0	227	T	A
D1_N1	0.000233719765587	1	131	A	G
D1_N1	0.000300666212308	2	253	T	C
D1_N1	0.000333313744782	1	84	T	A
D1_N1	0.000339119515275	1	251	A	G
D1_N1	0.000586199216969	2	212	T	C
D1_N1	0.000687448432946	1	272	G	A
D1_N1	0.000870124180738	2	116	A	G
D1_N1	0.00128935751233	1	239	T	C
D1_N1	0.00164176823547	1	110	A	G
D1_N1	0.00169095715667	2	218	A	G
D1_N1	0.00195792786461	2	72	T	C
D1_N1	0.0025582789048	2	58	G	A
D1_N1	0.00276361339442	1	299	A	G
D1_N1	0.00310755134137	2	211	T	C
D1_N1	0.0033131136672	1	260	A	G
D1_N1	0.00350277215074	1	47	C	T
D1_N1	0.00363883470526	2	266	A	G
D1_N1	0.00369695704246	2	191	C	T
D1_N1	0.00393879207405	2	107	A	G
D1_N1	0.00402329756181	2	290	T	C
D1_N1	0.00427195553412	2	230	T	C
D1_N1	0.00438377693882	2	179	G	A
D1_N1	0.00446323922075	1	248	G	A
D1_N1	0.00452739181653	1	152	C	T
D1_N1	0.00462795776477	1	269	C	T
D1_N1	0.0047003290265	1	272	A	G
D1_N1	0.00471139369434	2	74	G	A
D1_N1	0.00516192096038	1	113	C	A
N1_castellii	0.000181045460093	1	197	A	G
N1_castellii	0.000396709192198	1	191	C	T
N1_castellii	0.000648166014599	1	317	T	C
N1_castellii	0.00085583482787	1	16	C	T
N1_castellii	0.00125319133008	2	338	G	A
N1_castellii	0.00169736655268	1	53	C	G
N1_castellii	0.0017918968025	2	17	G	A
N1_castellii	0.00180642930433	1	128	C	T
N1_castellii	0.00210913839651	1	164	A	G
N1_castellii	0.00227284752871	2	166	C	T
N1_castellii	0.00228280811516	2	263	G	C
N1_castellii	0.0023097361329	1	311	C	T
N1_castellii	0.00237539263372	1	315	C	T
N1_castellii	0.00238454402152	1	71	G	A
N1_castellii	0.00280713940402	2	93	A	G
N1_castellii	0.00322652785907	2	68	A	G
N1_castellii	0.00381125210693	2	212	T	C
N1_castellii	0.00392626560672	1	146	T	C
N1_castellii	0.00400728351894	1	6	T	C
N1_castellii	0.00417359644387	1	302	C	T
N1_castellii	0.00433000213773	1	161	T	C
N1_castellii	0.00470686559524	1	281	A	G
N1_castellii	0.00513027436945	1	155	G	A
N1_castellii	0.0052671563872	1	5	A	G
N1_castellii	0.00534112741652	1	77	C	T
N1_castellii	0.00595270192441	2	230	C	T
N1_castellii	0.00598031476192	2	11	T	C
N1_castellii	0.00610810004705	1	26	T	C
N1_castellii	0.00613522283284	1	179	G	A
N1_castellii	0.00628359640496	1	71	A	T
N1_castellii	0.00637305155062	1	125	T	C
N1_castellii	0.00649588870675	1	55	A	G
N1_castellii	0.00650968953616	2	179	A	G
N1_castellii	0.00654975405765	2	247	C	A
N1_castellii	0.00719246999083	2	181	G	A
N1_castellii	0.0071969538952	1	71	T	G
N1_N2	7.52241839615e-05	1	296	G	A
N1_N2	0.000138829928309	2	107	G	A
N1_N2	0.00017764453318	2	347	C	G
N1_N2	0.000350120779115	1	152	T	C
N1_N2	0.000429138063934	1	83	A	G
N1_N2	0.00087781126193	1	242	T	C
N1_N2	0.00110739574102	1	235	C	T
N1_N2	0.00118355846913	1	203	A	G
N1_N2	0.00135758717981	2	115	C	T
N1_N2	0.00183754042135	2	122	A	G
N1_N2	0.00198130304401	1	299	G	A
N1_N2	0.00200254246274	2	200	C	T
N1_N2	0.00213977879816	2	128	C	T
N1_N2	0.00219034141476	1	236	A	C
N1_N2	0.00234566902313	1	278	T	C
N1_N2	0.00247170857119	1	160	A	G
N1_N2	0.00262370013283	2	233	C	T
N1_N2	0.00284192305243	1	278	C	T
N1_N2	0.00301655962374	2	161	T	C
N1_N2	0.00311022110721	2	83	A	C
N1_N2	0.0031270691828	1	269	T	C
N1_N2	0.00319389182702	1	293	G	A
N1_N2	0.00321054112104	1	137	G	A
N1_N2	0.00323137964537	2	77	C	T
N1_N2	0.00355089642146	2	281	A	G
N1_N2	0.00367514027845	2	266	G	A
N1_N2	0.00375328849593	2	69	C	T
N1_N2	0.00400659387111	1	53	C	T
N1_N2	0.00439572176335	2	242	C	T
N1_N2	0.00448459713926	2	224	C	T
N1_N2	0.00449742885314	1	338	G	T
N1_N2	0.00450071714579	1	135	T	C
N1_N2	0.00457228410805	2	8	C	T
N1_N2	0.00466496875511	2	120	G	A
N2_bayanus	9.9579207916e-05	2	62	T	C
N2_bayanus	0.000235274371338	1	251	G	A
N2_bayanus	0.000435489398217	2	308	G	A
N2_bayanus	0.000600329613305	1	278	T	C
N2_bayanus	0.000730494528487	1	101	G	A
N2_bayanus	0.000770657945823	2	248	G	A
N2_bayanus	0.000862233453578	1	140	G	A
N2_bayanus	0.0015050441769	1	53	T	C
N2_bayanus	0.0018228978025	2	86	A	C
N2_N3	3.69385494457e-05	2	121	G	C
N2_N3	0.000345984009901	2	254	C	T
N2_N3	0.000534908641779	2	277	C	A
N2_N3	0.000868029194535	1	221	C	T
N2_N3	0.000902716491499	2	113	C	T
N2_N3	0.00110052626654	1	311	C	T
N2_N3	0.00122233096098	1	173	C	T
N2_N3	0.00190441575572	2	17	G	C
N2_N3	0.00204626166155	2	320	C	A
N3_kudriavzevii	0.000194103890251	1	320	C	T
N3_kudriavzevii	0.000244198207471	2	341	A	G
N3_kudriavzevii	0.000280474608832	2	77	T	C
N3_kudriavzevii	0.000395072353306	2	227	A	G
N3_kudriavzevii	0.000873570925672	1	185	G	A
N3_kudriavzevii	0.00103204320376	1	29	G	A
N3_kudriavzevii	0.00159619643266	2	89	C	T
N3_kudriavzevii	0.00168813891011	1	119	G	A
N3_N4	1.12761233547e-05	2	107	A	G
N3_N4	0.000843644302106	1	257	A	G
N3_N4	0.00095837768687	2	190	G	A
N3_N4	0.00103659106138	2	145	A	G
N3_N4	0.0011607712364	2	194	T	C
N3_N4	0.00117365455457	2	45	G	A
N3_N4	0.00141900039063	1	317	T	C
N4_mikatae	0.000222339511589	2	139	G	A
N4_mikatae	0.000555620435208	1	167	A	G
N4_mikatae	0.000768224656148	1	272	G	A
N4_mikatae	0.000774105541596	1	71	G	A
N4_mikatae	0.000833499028287	1	115	T	C
N4_mikatae	0.000834301424099	2	29	G	A
N4_mikatae	0.00117050858549	2	197	A	G
N4_mikatae	0.00124876035332	1	158	G	A
N4_mikatae	0.00193549178737	2	65	A	G
N4_mikatae	0.00218684345636	1	44	A	G
N4_mikatae	0.00234300171757	2	107	G	A
N4_N5	0.000208541103282	1	80	A	G
N4_N5	0.000245204168975	1	131	A	C
N4_N5	0.000368059715533	1	179	G	A
N4_N5	0.00044013619698	2	44	A	T
N5_paradoxus	0.000216926609811	1	176	A	G
N5_paradoxus	0.000954968803322	2	208	C	T
N5_paradoxus	0.00107675713253	1	215	C	A
N5_paradoxus	0.00124950018862	2	308	G	A
N5_paradoxus	0.00155576547868	2	86	A	G
N5_cerevisiae	0.000128285937264	1	323	G	A
N5_cerevisiae	0.000240834028322	1	350	C	A
N5_cerevisiae	0.000340793696269	2	320	C	T
N5_cerevisiae	0.000937329367036	2	116	A	C
