edge	time	mut_orlg	mut_pos	old_state	new_state
N0_kluyveri	0.000707679647929	0	50	A	G
N0_kluyveri	0.00192339202875	0	215	C	T
N0_kluyveri	0.00244548088881	0	242	A	G
N0_kluyveri	0.00286970665833	0	198	A	T
N0_kluyveri	0.00459792249146	0	101	A	G
N0_kluyveri	0.00465029039638	0	449	C	T
N0_kluyveri	0.00523662637602	0	20	A	G
N0_kluyveri	0.00533642030922	0	275	C	T
N0_kluyveri	0.00556852523654	0	389	C	T
N0_kluyveri	0.00594444508675	0	65	T	C
N0_kluyveri	0.00597773431501	0	365	G	A
N0_kluyveri	0.00719222243376	0	365	A	G
N0_kluyveri	0.0081373002867	0	437	G	A
N0_kluyveri	0.0083096182183	0	420	C	T
N0_kluyveri	0.00874517568218	0	155	T	C
N0_kluyveri	0.00889306435399	0	134	T	C
N0_kluyveri	0.00943923064969	0	377	C	A
N0_kluyveri	0.00990083743491	0	488	A	G
N0_kluyveri	0.0104568359363	0	380	A	G
N0_kluyveri	0.0107283482159	0	461	T	A
N0_kluyveri	0.0110799419441	0	150	T	A
N0_kluyveri	0.0119465402302	0	71	C	T
N0_kluyveri	0.0128154581086	0	380	G	A
N0_kluyveri	0.0131729750759	0	254	A	G
N0_kluyveri	0.0134814622448	0	146	G	A
N0_kluyveri	0.0136692398811	0	395	A	G
N0_D1	0.000311566674669	0	395	A	G
N0_D1	0.00065943130633	0	56	G	A
N0_D1	0.000883472510828	0	29	T	C
N0_D1	0.000894284750302	0	28	A	T
D1_N1	0.000404485382248	1	78	A	T
D1_N1	0.000489430258716	1	48	T	C
D1_N1	0.000634627659863	2	347	A	G
D1_N1	0.000794823768571	2	95	C	T
D1_N1	0.000811134192871	1	296	T	C
D1_N1	0.000918676140423	2	93	A	G
D1_N1	0.00122333758581	2	278	A	T
D1_N1	0.00150775880112	2	242	A	G
D1_N1	0.00156780782774	1	5	A	G
D1_N1	0.00207697638432	1	326	T	C
D1_N1	0.00234470186545	2	254	A	G
D1_N1	0.00234713156965	2	275	C	T
D1_N1	0.00255839090226	2	187	T	C
D1_N1	0.00261134145627	2	109	A	G
D1_N1	0.00320611930226	2	299	A	G
N1_castellii	0.000749254232639	1	260	T	C
N1_castellii	0.000765746591085	1	431	C	T
N1_castellii	0.000999138357955	2	39	A	G
N1_castellii	0.00102346062564	2	421	C	T
N1_castellii	0.00110037654796	2	98	T	C
N1_castellii	0.00187044139989	2	122	T	C
N1_castellii	0.00192518333911	1	455	G	A
N1_castellii	0.00204243700393	1	165	C	T
N1_castellii	0.00204981150042	1	197	G	A
N1_castellii	0.00247110477342	2	393	T	C
N1_castellii	0.00314427453104	1	386	A	G
N1_castellii	0.0031614804122	2	221	G	A
N1_castellii	0.00352075123915	1	392	A	G
N1_castellii	0.00440265999578	1	110	A	G
N1_castellii	0.00453918983058	1	371	T	C
N1_castellii	0.0045584960261	1	419	A	G
N1_castellii	0.00475111336524	2	140	T	C
N1_castellii	0.00489392619833	2	26	C	T
N1_castellii	0.00541509122535	1	419	G	A
N1_castellii	0.00552908281672	2	365	G	A
N1_castellii	0.00661303989984	2	242	G	A
N1_castellii	0.00754622855035	1	221	G	A
N1_castellii	0.00756969961412	2	71	C	G
N1_castellii	0.00777186333664	1	422	C	T
N1_castellii	0.00799849031181	1	167	G	A
N1_castellii	0.00807900040343	2	406	C	T
N1_castellii	0.00815263659158	2	197	G	A
N1_castellii	0.00831953297419	1	434	G	A
N1_castellii	0.00863825229033	1	98	T	C
N1_castellii	0.00925702972891	1	212	C	T
N1_castellii	0.00946891427415	1	386	G	C
N1_castellii	0.0098492120525	2	275	T	C
N1_castellii	0.00988534565656	1	27	C	T
N1_castellii	0.0101601524474	2	407	G	A
N1_castellii	0.0105037302031	1	425	T	C
N1_castellii	0.0109976846232	2	413	G	A
N1_castellii	0.0113528191539	1	260	C	T
N1_castellii	0.0115610457301	2	250	G	A
N1_castellii	0.0118180421671	1	164	G	A
N1_castellii	0.0126773313654	2	326	T	C
N1_castellii	0.0127889812066	1	32	C	T
N1_castellii	0.012805675141	1	287	A	T
N1_N2	0.000169534887674	1	449	C	T
N1_N2	0.000268890361659	1	398	G	A
N1_N2	0.000367795424141	1	305	C	T
N1_N2	0.000386935864574	1	485	T	C
N1_N2	0.000730636859423	1	422	C	T
N1_N2	0.000802298031243	1	203	A	T
N1_N2	0.00092792383759	2	371	T	C
N1_N2	0.000978069021942	2	425	T	C
N1_N2	0.00109071380943	1	314	G	A
N1_N2	0.00119231572649	2	146	G	A
N1_N2	0.00128505905133	1	368	A	G
N1_N2	0.00142454259683	1	143	C	T
N1_N2	0.00143171913497	1	155	T	C
N1_N2	0.00166710897735	1	116	T	C
N1_N2	0.00173510714939	2	428	T	C
N1_N2	0.00193006439217	2	392	A	G
N1_N2	0.0036837478638	2	473	A	G
N1_N2	0.00440462463294	2	41	A	G
N1_N2	0.00450607092736	1	176	A	G
N1_N2	0.00501624687202	2	125	T	C
N1_N2	0.00515445615755	2	209	T	C
N1_N2	0.00521466986752	2	56	A	C
N1_N2	0.00535234891458	1	173	C	T
N1_N2	0.0057692961678	1	402	G	A
N1_N2	0.00606393192712	2	323	T	A
N1_N2	0.00635361968938	2	342	T	C
N1_N2	0.00639487386412	1	233	T	C
N1_N2	0.00692439845694	2	294	T	C
N1_N2	0.00693660855528	1	44	T	C
N1_N2	0.00776535146989	1	338	C	T
N1_N2	0.00830035114828	1	125	T	C
N1_N2	0.00843119000306	1	356	C	T
N1_N2	0.00864685255467	2	191	C	T
N1_N2	0.00917529912919	2	347	G	A
N1_N2	0.00949647843609	2	281	A	G
N1_N2	0.00976191529141	2	26	C	A
N1_N2	0.0100653612546	1	380	A	T
N1_N2	0.0100961810861	1	332	T	A
N1_N2	0.0105783668862	1	207	A	G
N1_N2	0.0106678439342	2	74	T	C
N1_N2	0.0106680735738	1	446	A	G
N1_N2	0.0107959993025	1	21	C	T
N1_N2	0.0109839166431	1	239	C	T
N1_N2	0.011210023361	2	395	G	A
N1_N2	0.0119284218264	2	218	T	C
N1_N2	0.0119535501433	1	366	A	G
N1_N2	0.0128039377322	1	408	A	T
N1_N2	0.0132419699662	1	149	A	G
N1_N2	0.0132491746181	2	161	T	C
N1_N2	0.0132762215894	1	164	G	A
N1_N2	0.0134569255218	1	359	T	A
N1_N2	0.0135047550989	1	125	C	T
N1_N2	0.0136847956849	1	317	T	C
N1_N2	0.0140182947116	2	410	T	C
N1_N2	0.0140279749654	1	332	A	G
N1_N2	0.0140395715489	1	212	C	T
N1_N2	0.0143762972226	2	398	G	A
N1_N2	0.0147440328362	1	215	C	T
N1_N2	0.0149446986588	2	212	C	T
N1_N2	0.015143405507	2	249	A	G
N1_N2	0.0154692107112	1	200	T	G
N1_N2	0.0155251402427	1	270	T	C
N1_N2	0.0157182282425	2	404	C	T
N1_N2	0.0157232763591	2	158	A	G
N1_N2	0.0158813603269	2	269	G	A
N2_bayanus	2.24219958237e-05	1	237	C	T
N2_bayanus	0.000303860677251	2	343	T	C
N2_bayanus	0.000848744038823	2	224	C	T
N2_bayanus	0.00116736258885	1	32	C	T
N2_bayanus	0.00228438124495	2	362	C	A
N2_N3	0.000123904180561	1	164	A	G
N2_N3	0.000254393536519	1	225	C	T
N2_N3	0.000267994837941	1	414	C	T
N2_N3	0.000680505433293	2	446	A	G
N2_N3	0.000783184070631	2	239	C	T
N2_N3	0.00125643174838	2	443	T	C
N3_kudriavzevii	0.000473571650493	2	122	T	C
N3_kudriavzevii	0.000821632501516	2	443	C	T
N3_kudriavzevii	0.000855478494445	2	353	T	C
N3_kudriavzevii	0.00156511386872	1	83	T	C
N3_kudriavzevii	0.00158774204496	2	92	T	G
N3_kudriavzevii	0.00191332747738	2	257	A	C
N3_kudriavzevii	0.00215759022362	1	150	T	C
N3_kudriavzevii	0.00252690412196	1	329	T	C
N3_kudriavzevii	0.00281033474608	1	326	C	T
N3_kudriavzevii	0.00327368685787	2	353	C	G
N3_kudriavzevii	0.00335254320212	1	107	A	G
N3_kudriavzevii	0.00360733792211	2	467	G	C
N3_kudriavzevii	0.00400049545723	1	59	C	T
N3_kudriavzevii	0.00405555387681	2	476	T	C
N3_kudriavzevii	0.00405606798906	1	2	T	C
N3_kudriavzevii	0.00406208099326	1	317	C	T
N3_kudriavzevii	0.00443428777442	2	218	C	T
N3_kudriavzevii	0.00505207348974	1	83	C	T
N3_kudriavzevii	0.00524455261056	2	38	C	T
N3_N4	0.000313455772331	2	422	C	T
N3_N4	0.000655024097681	1	365	G	A
N3_N4	0.000671937356581	1	417	G	A
N3_N4	0.000886964426496	1	455	G	A
N3_N4	0.000964162592086	1	308	C	T
N3_N4	0.0012801083597	2	366	A	G
N3_N4	0.0014670113761	1	212	T	C
N3_N4	0.00182962676609	1	314	A	G
N3_N4	0.00183526472434	2	296	T	C
N4_mikatae	0.000510004244513	2	134	T	A
N4_mikatae	0.000510775417146	2	83	T	C
N4_mikatae	0.000593963574696	2	257	A	T
N4_mikatae	0.000668028166193	2	5	A	G
N4_mikatae	0.000724795921171	1	389	C	A
N4_mikatae	0.00118159181155	1	374	T	C
N4_mikatae	0.00148638918829	1	350	C	T
N4_mikatae	0.00193161996489	1	305	T	C
N4_mikatae	0.00193652818311	1	389	A	T
N4_mikatae	0.00209921993269	2	218	C	T
N4_mikatae	0.0021170289605	2	482	C	T
N4_mikatae	0.00231477198522	2	17	T	C
N4_mikatae	0.00244307661865	1	200	G	A
N4_mikatae	0.0026080120064	1	83	T	C
N4_mikatae	0.00306703327407	2	335	A	G
N4_mikatae	0.00327021136512	1	113	T	C
N4_mikatae	0.00367212037927	1	401	A	G
N4_mikatae	0.00396580358036	2	203	A	G
N4_N5	0.000353226769461	1	35	T	C
N4_N5	0.000356803717785	1	164	G	A
N4_N5	0.00154726145113	1	5	G	T
N4_N5	0.00158417062506	2	11	G	A
N4_N5	0.00163197771313	1	286	C	T
N5_paradoxus	9.29966280091e-05	2	413	G	A
N5_paradoxus	0.000351038729803	1	83	T	C
N5_paradoxus	0.000365561151749	1	107	A	G
N5_paradoxus	0.00055050339525	2	76	C	T
N5_paradoxus	0.000590368059237	2	422	T	C
N5_paradoxus	0.000725153276969	2	384	C	T
N5_paradoxus	0.000916220184434	1	291	A	G
N5_paradoxus	0.00105406789224	1	167	G	C
N5_paradoxus	0.00147453729942	2	205	A	G
N5_cerevisiae	0.000371764819446	2	252	A	G
N5_cerevisiae	0.000773315976354	1	122	T	G
N5_cerevisiae	0.00125577336323	1	167	G	A
N5_cerevisiae	0.00127269938642	2	206	A	C
N5_cerevisiae	0.00160127967557	1	461	T	C
N5_cerevisiae	0.00174300995783	1	344	T	C
N5_cerevisiae	0.00231752320909	1	463	T	C
N5_cerevisiae	0.00289832385013	2	374	T	G
N5_cerevisiae	0.00352437747746	1	161	T	C
N5_cerevisiae	0.00410488025803	2	410	C	T
N5_cerevisiae	0.0041562899944	2	254	A	G
