edge	time	orlg_from	orlg_to	tract_length	start_pos	stop_pos	num_diff	template_seq	overide_seq
D1_N1	8.39556080259e-05	2	1	17	5	21	0	CATGATATAAGCCAGAG	CATGATATAAGCCAGAG
D1_N1	0.000217376326668	1	2	7	84	90	0	CGACACC	CGACACC
D1_N1	0.00128190989512	2	1	10	253	262	0	CGAAATGCGA	CGAAATGCGA
D1_N1	0.00283113306749	1	2	5	256	260	0	AATGC	AATGC
D1_N1	0.00423962281424	2	1	9	317	325	0	GGGATATAC	GGGATATAC
D1_N1	0.00460058365837	2	1	4	126	129	0	AAGT	AAGT
D1_N1	0.00506017352692	2	1	6	67	72	1	CTTATT	CCTATT
N1_castellii	0.00125120647748	1	2	3	80	82	1	AAC	GAC
N1_castellii	0.00148679839525	1	2	5	122	126	0	TTGGA	TTGGA
N1_castellii	0.00213201789599	1	2	3	32	34	0	CAA	CAA
N1_castellii	0.00257185654159	1	2	19	318	336	0	GGATATACGCCAAACGTCA	GGATATACGCCAAACGTCA
N1_castellii	0.00260806560789	2	1	1	62	62	1	C	T
N1_castellii	0.00293683321037	1	2	2	119	120	0	GG	GG
N1_castellii	0.00322726448393	2	1	11	320	330	0	ATATACGCCAA	ATATACGCCAA
N1_castellii	0.00410063472456	2	1	3	40	42	0	AAA	AAA
N1_N2	0.000138589879371	1	2	5	49	53	0	TTTCC	TTTCC
N1_N2	0.000577834776476	1	2	37	214	250	4	ACTGGAATTCACATCAAACTGGGGCGTCAATGTTAAC	ACTGGAATTCGCATCAAACCGGCGCGTCAATGTCAAC
N1_N2	0.0012467323519	2	1	15	18	32	0	AGAGGCCTAGTCACC	AGAGGCCTAGTCACC
N1_N2	0.00256654657053	2	1	4	50	53	1	CTCC	TTCC
N1_N2	0.00395620148993	2	1	13	320	332	1	ATATACACCAAAC	ATATACGCCAAAC
N1_N2	0.00412089284042	1	2	20	152	171	2	GACCGCTGCTTGCATCAACA	GACTGCTGCATGCATCAACA
N1_N2	0.00423451598527	2	1	7	124	130	2	GGAAGTT	GGAAATC
N1_N2	0.00429776842788	1	2	4	128	131	1	GTTC	GTTT
N1_N2	0.0046151125698	2	1	4	187	190	1	TACA	TTCA
N2_bayanus	0.000653916767486	1	2	20	306	325	0	CACTAGGACGAGGGATATAC	CACTAGGACGAGGGATATAC
N2_bayanus	0.000844150541881	2	1	18	226	243	1	ATCAAACTGGGGCGTCAA	ATCAAACTGGGGCGTCGA
N3_N4	0.000181408978257	1	2	22	269	290	6	GGCGTACAATACAATACCTTTG	AGCGTATAACACGATGCCTTTC
N3_N4	0.000666412044368	1	2	12	327	338	0	CCAAACGTCATA	CCAAACGTCATA
N4_mikatae	0.000344383477408	1	2	10	265	274	0	GCTTGGCGTA	GCTTGGCGTA
N4_mikatae	0.000939361870864	2	1	2	313	314	0	AC	AC
N4_mikatae	0.00102018775859	2	1	16	222	237	1	TCACATCAAACTGGGG	TCGCATCAAACTGGGG
N4_mikatae	0.00136028298501	1	2	9	0	8	1	TACATCATG	TAAATCATG
N4_mikatae	0.00226365583055	2	1	37	291	327	2	TACAGATGCATCGCCCACTAGGACGAGGGATATACAC	TACAGATGTATCGCACACTAGGACGAGGGATATACAC
N5_paradoxus	0.000728376792534	1	2	13	134	146	2	CGGACAGAAAGAC	AGGACAAAAAGAC
N5_paradoxus	0.00132277968143	1	2	12	179	190	1	ACGAGTTTTACA	ACGAGCTTTACA
N5_paradoxus	0.00144638031218	2	1	4	82	85	1	CCCG	CTCG
N5_cerevisiae	0.00207006160915	2	1	7	256	262	1	ATTGCGA	AATGCGA
