edge	time	orlg_from	orlg_to	tract_length	start_pos	stop_pos	num_diff	template_seq	overide_seq
D1_N1	0.00121120646485	2	1	1	382	382	0	T	T
D1_N1	0.0022799960438	1	2	1	422	422	0	G	G
D1_N1	0.00391639751592	2	1	1	167	167	0	C	C
D1_N1	0.00566754921526	2	1	1	425	425	0	T	T
D1_N1	0.00762466963878	1	2	1	217	217	0	C	C
D1_N1	0.0102772882782	1	2	1	208	208	0	A	A
D1_N1	0.0143990352437	2	1	1	213	213	0	T	T
D1_N1	0.0190793048594	1	2	1	218	218	0	A	A
D1_N1	0.0191515416423	1	2	1	198	198	0	A	A
D1_N1	0.0224400482897	1	2	1	3	3	0	T	T
D1_N1	0.0261958931984	2	1	1	272	272	0	A	A
D1_N1	0.0266013399028	1	2	1	84	84	0	T	T
D1_N1	0.0324615787765	2	1	1	388	388	0	A	A
D1_N1	0.0331984374788	2	1	1	412	412	0	C	C
D1_N1	0.0366654784698	1	2	1	20	20	0	G	G
D1_N1	0.038012169247	1	2	1	282	282	0	A	A
D1_N1	0.0401507551576	1	2	1	295	295	0	C	C
D1_N1	0.0404803030745	1	2	1	334	334	0	A	A
D1_N1	0.0410141037405	1	2	1	333	333	0	T	T
D1_N1	0.0469546041452	2	1	1	135	135	0	G	G
D1_N1	0.0471263302561	2	1	1	157	157	0	C	C
D1_N1	0.0481514552693	1	2	1	79	79	0	T	T
D1_N1	0.0500342320995	1	2	1	244	244	1	T	C
D1_N1	0.0518280481555	1	2	1	152	152	0	C	C
D1_N1	0.0525058573004	1	2	1	446	446	0	T	T
D1_N1	0.0547219539131	2	1	1	123	123	0	A	A
D1_N1	0.0547868376246	2	1	1	347	347	0	A	A
D1_N1	0.0556926103741	2	1	1	10	10	0	A	A
D1_N1	0.0580845144275	1	2	1	24	24	0	T	T
D1_N1	0.0596722224239	1	2	1	226	226	0	T	T
D1_N1	0.0614499995799	2	1	1	73	73	0	T	T
D1_N1	0.0617692011587	1	2	1	7	7	0	T	T
D1_N1	0.0647602765294	2	1	1	132	132	0	A	A
D1_N1	0.0652845552853	2	1	1	228	228	0	A	A
D1_N1	0.0657057514751	2	1	1	160	160	0	G	G
D1_N1	0.0715264177967	1	2	1	424	424	0	G	G
D1_N1	0.0725994943615	1	2	1	421	421	0	T	T
D1_N1	0.0738961037217	2	1	1	213	213	0	T	T
D1_N1	0.077242188482	1	2	1	142	142	0	A	A
D1_N1	0.0774408100244	1	2	1	367	367	0	A	A
D1_N1	0.0785030058429	1	2	1	425	425	0	T	T
D1_N1	0.0812303900517	2	1	1	374	374	0	G	G
D1_N1	0.0828341287916	1	2	1	341	341	0	A	A
D1_N1	0.0857415343016	1	2	1	194	194	0	T	T
D1_N1	0.0868022838115	2	1	1	458	458	0	T	T
D1_N1	0.0922323292288	2	1	1	429	429	0	T	T
D1_N1	0.0929717353385	1	2	1	255	255	0	C	C
D1_N1	0.0965692866794	2	1	1	135	135	0	G	G
D1_N1	0.0973847269667	2	1	1	75	75	0	C	C
D1_N1	0.097408112072	1	2	1	157	157	0	C	C
D1_N1	0.102994539419	1	2	1	72	72	0	T	T
D1_N1	0.103641495042	2	1	1	263	263	0	A	A
D1_N1	0.10453441204	2	1	1	441	441	0	C	C
D1_N1	0.106857650637	2	1	1	117	117	0	T	T
D1_N1	0.107391379428	1	2	1	166	166	0	G	G
D1_N1	0.109721239322	2	1	1	371	371	0	T	T
D1_N1	0.111793118578	2	1	1	30	30	0	T	T
D1_N1	0.113906284168	2	1	1	76	76	0	A	A
D1_N1	0.113989203143	1	2	1	377	377	0	C	C
D1_N1	0.114166940657	1	2	1	228	228	0	A	A
D1_N1	0.114324121364	2	1	1	367	367	0	A	A
D1_N1	0.121579018127	1	2	1	284	284	1	G	A
D1_N1	0.122519149862	2	1	1	191	191	0	G	G
D1_N1	0.122837095751	1	2	1	255	255	0	C	C
D1_N1	0.126068731933	2	1	1	324	324	0	A	A
D1_N1	0.127484747065	1	2	1	440	440	0	A	A
D1_N1	0.128683911258	1	2	1	127	127	0	A	A
D1_N1	0.132903062247	2	1	1	341	341	0	A	A
D1_N1	0.133360091454	2	1	1	201	201	1	C	A
D1_N1	0.133380679005	1	2	1	403	403	1	A	T
D1_N1	0.134944264057	2	1	1	93	93	1	T	C
D1_N1	0.138138046049	2	1	1	84	84	0	T	T
D1_N1	0.140406705763	1	2	1	467	467	0	G	G
D1_N1	0.14282729764	2	1	1	407	407	0	T	T
D1_N1	0.14449532103	1	2	1	410	410	0	T	T
D1_N1	0.146969839416	2	1	1	275	275	0	C	C
D1_N1	0.147151302482	1	2	1	223	223	0	C	C
D1_N1	0.148942684224	2	1	1	416	416	1	A	G
D1_N1	0.149492765618	2	1	1	278	278	0	G	G
D1_N1	0.151248149974	2	1	1	429	429	0	T	T
D1_N1	0.152890952411	1	2	1	17	17	0	C	C
D1_N1	0.15401927059	2	1	1	65	65	0	G	G
D1_N1	0.155730502367	1	2	1	149	149	0	C	C
D1_N1	0.159028559017	1	2	1	416	416	0	A	A
D1_N1	0.163295333859	1	2	1	424	424	0	G	G
D1_N1	0.163737530058	1	2	1	193	193	0	C	C
D1_N1	0.166920203934	1	2	1	266	266	0	G	G
D1_N1	0.168747648069	1	2	1	136	136	1	C	G
D1_N1	0.170007258363	2	1	1	242	242	0	A	A
D1_N1	0.171215639384	1	2	1	132	132	0	A	A
D1_N1	0.173586816523	1	2	1	452	452	0	A	A
D1_N1	0.173697052399	1	2	1	15	15	1	T	A
D1_N1	0.174681204795	2	1	1	69	69	0	T	T
D1_N1	0.185505710993	1	2	1	52	52	0	C	C
D1_N1	0.185658498523	1	2	1	123	123	0	A	A
D1_N1	0.185872732314	1	2	1	153	153	1	G	T
D1_N1	0.187622609078	2	1	1	219	219	0	T	T
D1_N1	0.188359587871	2	1	1	116	116	0	A	A
D1_N1	0.196718949813	1	2	1	275	275	0	C	C
D1_N1	0.20487066318	1	2	1	255	255	0	C	C
D1_N1	0.205021564026	2	1	1	53	53	0	G	G
D1_N1	0.20809104046	1	2	1	22	22	0	C	C
D1_N1	0.211162459951	2	1	1	122	122	0	G	G
D1_N1	0.213223999786	1	2	1	2	2	0	A	A
D1_N1	0.217770504398	1	2	1	422	422	0	G	G
D1_N1	0.220262583986	2	1	1	399	399	0	A	A
D1_N1	0.221006874281	2	1	1	148	148	0	C	C
D1_N1	0.221740890543	2	1	1	462	462	0	A	A
D1_N1	0.221930704463	2	1	1	373	373	0	T	T
D1_N1	0.223462436216	2	1	1	184	184	1	G	T
D1_N1	0.226149506082	2	1	1	362	362	0	C	C
D1_N1	0.227115724186	1	2	1	328	328	0	C	C
D1_N1	0.227476582196	1	2	1	327	327	0	C	C
D1_N1	0.228830600542	1	2	1	189	189	0	G	G
D1_N1	0.233437677435	1	2	1	309	309	0	T	T
N1_N2	2.36751243096e-05	2	1	1	384	384	0	A	A
N1_N2	0.0149688266425	1	2	1	171	171	0	T	T
N1_N2	0.0150633745518	2	1	1	52	52	0	C	C
N2_N3	0.00473334950486	2	1	1	114	114	0	T	T
N2_N3	0.00505433595745	1	2	1	391	391	0	A	A
N2_N3	0.00695748232522	1	2	1	352	352	1	T	C
N3_N4	0.000517438834397	1	2	1	218	218	0	A	A
N3_N4	0.00119868338868	1	2	1	189	189	0	G	G
N3_N4	0.00508112760202	2	1	1	300	300	1	A	C
N3_N4	0.00739505470904	1	2	1	39	39	1	T	A
N4_Human	5.48450433105e-05	2	1	1	386	386	1	C	T
N4_Human	0.000375292238195	1	2	1	0	0	1	G	A
N4_Human	0.00505880585897	2	1	1	159	159	0	A	A
N4_Human	0.00719769877052	2	1	1	373	373	0	T	T
N4_Human	0.00792448802989	1	2	1	335	335	0	T	T
N4_Chimp	0.000245842198819	1	2	1	122	122	0	G	G
N4_Chimp	0.00104846764353	2	1	1	30	30	0	T	T
N4_Chimp	0.00277484382041	1	2	1	382	382	0	T	T
N3_Goril	0.000698939042259	2	1	1	280	280	0	T	T
N3_Goril	0.00213009088943	2	1	1	190	190	1	G	C
N3_Goril	0.00351769806029	1	2	1	373	373	0	T	T
N3_Goril	0.00507689247771	2	1	1	273	273	1	G	A
N3_Goril	0.00523633149616	2	1	1	342	342	0	T	T
N3_Goril	0.00547004776138	2	1	1	232	232	0	C	C
N3_Goril	0.0113568916033	2	1	1	269	269	0	C	C
N3_Goril	0.0114875934909	1	2	1	366	366	0	A	A
N3_Goril	0.0169773150499	2	1	1	36	36	1	C	A
N2_Orang	0.00372745839017	1	2	1	104	104	1	C	A
N2_Orang	0.00383371030313	1	2	1	362	362	0	C	C
N2_Orang	0.0043390883137	2	1	1	357	357	0	C	C
N2_Orang	0.00521307522588	2	1	1	462	462	0	A	A
N2_Orang	0.0081878514165	2	1	1	121	121	0	A	A
N2_Orang	0.0083372019693	1	2	1	440	440	0	A	A
N2_Orang	0.00940940841537	1	2	1	209	209	0	A	A
N2_Orang	0.0145493607636	2	1	1	220	220	0	A	A
N2_Orang	0.0150116973176	2	1	1	296	296	1	T	A
N2_Orang	0.0164623351404	1	2	1	32	32	0	G	G
N2_Orang	0.0187392085679	1	2	1	255	255	1	C	T
N1_Macaq	0.00395096241163	2	1	1	165	165	0	T	T
N1_Macaq	0.00502649990219	2	1	1	100	100	0	C	C
N1_Macaq	0.00645556986215	2	1	1	389	389	0	T	T
N1_Macaq	0.00817305048934	2	1	1	10	10	0	A	A
N1_Macaq	0.008374674967	1	2	1	50	50	0	G	G
N1_Macaq	0.00955122169634	2	1	1	410	410	0	T	T
N1_Macaq	0.0103083402012	2	1	1	433	433	0	T	T
N1_Macaq	0.0144367057949	1	2	1	406	406	1	A	T
N1_Macaq	0.0158183940948	2	1	1	86	86	0	G	G
N1_Macaq	0.0179426028923	2	1	1	463	463	1	T	G
N1_Macaq	0.01853384039	1	2	1	428	428	0	G	G
N1_Macaq	0.0203461049321	2	1	1	205	205	1	T	A
N1_Macaq	0.0217705253413	1	2	1	265	265	0	T	T
N1_Macaq	0.022193371002	2	1	1	112	112	0	G	G
N1_Macaq	0.024771024353	2	1	1	40	40	1	C	T
N1_Macaq	0.0264899756627	2	1	1	140	140	0	A	A
N1_Macaq	0.0280961501028	2	1	1	325	325	0	C	C
N1_Macaq	0.0285590844096	2	1	1	418	418	0	G	G
N1_Macaq	0.03219881935	2	1	1	93	93	0	T	T
N1_Macaq	0.0364107104147	1	2	1	86	86	0	G	G
N1_Macaq	0.0372299934466	1	2	1	66	66	0	T	T
N1_Macaq	0.0375700534809	1	2	1	242	242	0	A	A
N1_Macaq	0.03870862906	2	1	1	381	381	0	T	T
