edge	time	orlg_from	orlg_to	tract_length	start_pos	stop_pos	num_diff	template_seq	overide_seq
D1_N1	0.000145250628569	2	1	1	98	98	0	T	T
D1_N1	0.00117499452401	1	2	1	21	21	0	G	G
D1_N1	0.00186453591091	2	1	1	87	87	0	A	A
D1_N1	0.00207495320508	2	1	1	399	399	0	G	G
D1_N1	0.00519036632057	1	2	1	296	296	0	G	G
D1_N1	0.00595718436245	2	1	1	227	227	0	G	G
D1_N1	0.00596893860093	2	1	1	302	302	0	C	C
D1_N1	0.00725933818338	1	2	1	591	591	0	T	T
D1_N1	0.00934190931105	2	1	1	745	745	0	G	G
D1_N1	0.00994071732467	2	1	1	20	20	0	G	G
N1_castellii	0.000733817424323	2	1	1	472	472	0	G	G
N1_castellii	0.00253244079804	1	2	1	31	31	0	T	T
N1_castellii	0.00547520339523	1	2	1	10	10	0	A	A
N1_castellii	0.00565519326027	2	1	1	512	512	0	A	A
N1_castellii	0.00673345773502	2	1	1	725	725	0	A	A
N1_castellii	0.00828696331966	1	2	1	733	733	0	T	T
N1_castellii	0.00964644468892	2	1	1	683	683	0	A	A
N1_N2	0.00103341708124	2	1	1	269	269	0	T	T
N1_N2	0.00447973403723	2	1	1	349	349	0	C	C
N1_N2	0.00550941734331	1	2	1	782	782	0	T	T
N2_bayanus	0.00586680244082	2	1	1	563	563	0	C	C
N2_bayanus	0.00839547461436	2	1	1	175	175	0	G	G
N2_bayanus	0.00893290738389	1	2	1	526	526	0	C	C
N2_bayanus	0.00911948835157	2	1	1	823	823	0	A	A
N2_N3	0.00163559340301	1	2	1	452	452	0	T	T
N2_N3	0.00242244787926	2	1	1	79	79	0	T	T
N2_N3	0.00489533224958	2	1	1	542	542	0	T	T
N3_kudriavzevii	0.00531204430871	2	1	1	72	72	0	G	G
N3_kudriavzevii	0.00652539417852	2	1	1	702	702	1	G	T
N3_kudriavzevii	0.00745495922718	2	1	1	26	26	0	A	A
N3_kudriavzevii	0.00799371292099	1	2	1	416	416	0	A	A
N3_kudriavzevii	0.00941559076785	2	1	1	403	403	0	A	A
N3_N4	0.00104210995824	2	1	1	812	812	0	A	A
N3_N4	0.00221692590638	1	2	1	326	326	0	G	G
N3_N4	0.00389601420359	2	1	1	9	9	0	T	T
N4_mikatae	0.00424975221506	1	2	1	452	452	0	T	T
N4_mikatae	0.00676677090077	2	1	1	107	107	0	T	T
N4_mikatae	0.00870276199245	2	1	1	862	862	0	G	G
N4_mikatae	0.00876140691405	1	2	1	294	294	0	G	G
N4_N5	0.00494539456166	2	1	1	381	381	0	G	G
N4_N5	0.00518640774965	1	2	1	556	556	0	A	A
N4_N5	0.00817225273375	1	2	1	127	127	0	T	T
N5_paradoxus	0.000571014835567	2	1	1	353	353	0	A	A
N5_paradoxus	0.00330681511684	1	2	1	220	220	0	G	G
N5_paradoxus	0.00461349368136	1	2	1	607	607	0	G	G
N5_paradoxus	0.00503066383252	2	1	1	31	31	0	T	T
N5_paradoxus	0.0077994643366	2	1	1	684	684	0	C	C
N5_paradoxus	0.00804366321611	2	1	1	52	52	0	G	G
N5_cerevisiae	3.56091143272e-05	2	1	1	270	270	1	T	C
N5_cerevisiae	0.00187966256618	1	2	1	531	531	0	T	T
N5_cerevisiae	0.00460009327098	2	1	1	247	247	0	G	G
N5_cerevisiae	0.0058400347874	1	2	1	390	390	0	T	T
