edge	time	mut_orlg	mut_pos	old_state	new_state
N0_D1	0.000162639310779	0	1438	A	G
N0_D1	0.000672827543035	0	788	T	A
N0_D1	0.000733071487707	0	25	C	A
N0_D1	0.0016212562431	0	1309	A	G
N0_D1	0.00194345095506	0	868	C	T
N0_D1	0.00250135333368	0	250	T	C
N0_D1	0.00296463026752	0	189	A	C
N0_D1	0.00299151152579	0	343	A	T
N0_D1	0.00313381949198	0	1498	A	G
N0_D1	0.00321988271369	0	759	T	C
N0_D1	0.00334950191626	0	708	C	T
N0_D1	0.00355631197602	0	267	C	G
N0_D1	0.00633019746991	0	1284	C	A
N0_D1	0.00686819927331	0	1437	T	G
N0_D1	0.00739262507526	0	1578	A	T
N0_D1	0.00873115306058	0	154	A	C
N0_D1	0.00897179780426	0	960	C	T
N0_D1	0.00980343305475	0	31	C	T
N0_D1	0.0122268176702	0	409	A	C
N0_D1	0.0122541046902	0	790	A	C
N0_D1	0.0126152001595	0	1355	T	C
N0_D1	0.0126930819764	0	1254	T	C
N0_D1	0.0144407084575	0	720	T	G
N0_D1	0.0148930602002	0	112	T	C
N0_D1	0.0157833550109	0	619	T	C
N0_D1	0.0163925859616	0	115	T	C
N0_D1	0.0166302304413	0	1538	G	T
N0_D1	0.0168779926788	0	927	G	C
N0_D1	0.0169390395956	0	4	G	T
N0_D1	0.0183281315353	0	77	T	A
N0_D1	0.0184545267517	0	1568	G	A
N0_D1	0.0201200443402	0	789	T	A
N0_D1	0.0205279347028	0	1352	G	A
N0_D1	0.0214559850956	0	432	G	C
N0_D1	0.0215840519685	0	1029	C	A
N0_D1	0.0225442530814	0	25	A	T
N0_D1	0.0229992183571	0	525	C	T
N0_D1	0.0230352390119	0	736	C	T
N0_D1	0.023337520014	0	1411	G	C
N0_D1	0.0243363949354	0	397	A	C
N0_D1	0.0246716226921	0	870	C	T
N0_D1	0.0253806676027	0	532	T	C
N0_D1	0.0263435286695	0	138	A	G
N0_D1	0.0290153785837	0	1348	T	G
N0_D1	0.0295787231547	0	1058	T	A
N0_D1	0.0313474785531	0	1328	T	C
N0_D1	0.0338007109355	0	290	A	G
N0_D1	0.03467051652	0	10	A	C
N0_D1	0.0355353308623	0	1321	C	A
N0_D1	0.0358335110989	0	1069	T	G
N0_D1	0.0359876373383	0	1088	C	A
N0_D1	0.0360564766535	0	959	C	T
N0_D1	0.0361770810846	0	754	C	T
N0_D1	0.0364074663161	0	1438	G	C
N0_D1	0.0368742115408	0	1467	G	C
N0_D1	0.0371739669189	0	1472	T	A
N0_D1	0.0379597860917	0	770	T	A
N0_D1	0.0396649786066	0	351	G	A
N0_D1	0.0402700250496	0	275	T	A
N0_D1	0.0403399996475	0	1291	G	A
N0_D1	0.0410814743246	0	1328	C	T
N0_D1	0.0411962366754	0	478	G	A
N0_D1	0.0428000608428	0	796	T	G
N0_D1	0.0429136803116	0	1060	G	A
N0_D1	0.0440451399472	0	1152	C	G
N0_D1	0.0447007950866	0	715	G	A
N0_D1	0.0450863895393	0	330	G	T
N0_D1	0.0475537699429	0	1561	G	T
N0_D1	0.0484050134834	0	323	A	G
N0_D1	0.0486289603012	0	561	A	G
N0_D1	0.0492764994161	0	13	G	C
N0_D1	0.0495863017197	0	1238	A	G
D1_N1	7.99763847269e-05	1	435	A	T
D1_N1	0.000162406018966	2	1378	A	G
D1_N1	0.00136189010452	2	485	G	A
D1_N1	0.00175301955044	2	83	A	C
D1_N1	0.0018623322232	2	829	C	G
D1_N1	0.00284682937069	1	873	G	A
D1_N1	0.00337608822035	1	1029	A	G
D1_N1	0.00347343433888	2	758	G	A
D1_N1	0.00388118876728	2	1480	A	T
D1_N1	0.00418684625192	2	1138	A	G
D1_N1	0.004297243533	2	478	A	T
D1_N1	0.00466608954185	2	651	G	A
D1_N1	0.00475975917344	1	1238	G	C
D1_N1	0.00477522373013	2	239	C	G
D1_N1	0.00515692836419	1	522	A	G
D1_N1	0.00525258479227	2	818	A	G
D1_N1	0.00531397345951	2	1391	A	T
D1_N1	0.00557342511641	1	564	A	T
D1_N1	0.00590059706008	1	44	C	T
D1_N1	0.00612131558316	1	1280	T	C
D1_N1	0.00624194346444	1	1105	C	T
D1_N1	0.00695135954598	2	1023	T	C
D1_N1	0.00699776562051	2	441	G	A
D1_N1	0.00738628070635	1	419	G	A
D1_N1	0.00765677848454	2	1329	C	T
D1_N1	0.00837432271562	1	99	C	G
D1_N1	0.00844703442101	2	1343	G	T
D1_N1	0.00914617216792	2	58	T	G
D1_N1	0.00942166005933	2	1105	C	T
D1_N1	0.00982207497072	2	908	C	A
D1_N1	0.0103431183841	1	1570	G	C
D1_N1	0.0105980827847	2	205	T	C
D1_N1	0.0114128913914	2	919	T	C
D1_N1	0.0116186064035	2	976	T	C
D1_N1	0.0116587718859	1	537	T	A
D1_N1	0.011850074488	1	1575	A	G
D1_N1	0.0124068888293	1	1575	G	T
D1_N1	0.0124161630528	1	1134	C	T
D1_N1	0.013040477582	2	374	A	G
D1_N1	0.013243156791	2	1269	C	G
D1_N1	0.0132776654162	1	1293	T	C
D1_N1	0.0137711677609	2	1087	A	G
D1_N1	0.0139898031525	1	374	A	G
D1_N1	0.0141934645361	2	312	T	C
D1_N1	0.0143824655676	1	1120	A	G
D1_N1	0.0143980274398	2	532	C	T
D1_N1	0.0146171818577	2	669	A	T
D1_N1	0.0148493896411	1	1318	A	G
D1_N1	0.0148635617116	1	1411	C	T
D1_N1	0.0148834344089	2	253	C	G
D1_N1	0.0151596155001	1	340	T	G
D1_N1	0.0153771691505	2	98	C	A
D1_N1	0.0159722273037	2	222	C	T
D1_N1	0.0162713461456	1	169	T	C
D1_N1	0.0167032610643	1	1238	C	A
D1_N1	0.017770111492	2	565	A	G
D1_N1	0.0178463130988	1	573	C	A
D1_N1	0.0179409569002	2	1388	A	G
D1_N1	0.0179592894112	2	1170	T	C
D1_N1	0.0186293126287	2	1536	G	A
D1_N1	0.0197976001013	2	1186	T	C
D1_N1	0.0212795925966	2	520	C	T
D1_N1	0.0220152337081	1	781	T	C
D1_N1	0.0220239771551	2	1516	T	A
D1_N1	0.022288018627	2	815	C	G
D1_N1	0.0223023549795	2	1013	G	A
D1_N1	0.0223263580547	1	1508	T	A
D1_N1	0.0226222659108	2	1473	C	T
D1_N1	0.022717267424	1	1163	A	G
D1_N1	0.0233546212034	1	315	A	T
D1_N1	0.0234159610867	2	407	G	A
D1_N1	0.023562724966	2	1290	G	T
D1_N1	0.0244759549753	1	807	C	A
D1_N1	0.0247053270372	2	623	T	C
D1_N1	0.0247463615475	1	1347	G	T
D1_N1	0.0250309561983	2	331	C	T
D1_N1	0.0250800710212	1	1516	T	C
D1_N1	0.0251446266057	1	889	C	T
D1_N1	0.0252381129422	1	834	T	G
D1_N1	0.0258190609766	1	658	C	A
D1_N1	0.025912572265	1	1482	A	G
D1_N1	0.0275294016744	2	199	A	C
D1_N1	0.0277212994947	2	716	T	C
D1_N1	0.0278312609583	1	1400	G	C
D1_N1	0.0281502012787	2	291	G	A
D1_N1	0.0284677213766	2	66	T	C
D1_N1	0.0285666083748	1	593	A	T
D1_N1	0.0287350872726	1	672	C	G
D1_N1	0.0295623373427	2	805	T	C
D1_N1	0.0300901804829	2	1184	A	G
D1_N1	0.0304599043455	1	1252	G	A
D1_N1	0.0305246249677	1	1187	A	T
D1_N1	0.0305455345029	2	718	T	A
D1_N1	0.0306147049735	2	572	G	C
D1_N1	0.0315822996168	1	364	T	C
D1_N1	0.0315938846551	1	480	C	G
D1_N1	0.0321172221695	2	1563	T	C
D1_N1	0.0322063161127	1	271	C	G
D1_N1	0.0324002355749	2	487	A	G
D1_N1	0.0325270117168	2	282	T	C
D1_N1	0.0342795698207	2	277	A	G
D1_N1	0.0345761237697	2	858	A	T
D1_N1	0.0346086196356	2	1411	C	A
D1_N1	0.0346892906961	2	159	G	C
D1_N1	0.0347326502651	1	915	G	T
D1_N1	0.0347752525219	2	299	A	T
D1_N1	0.036057854243	1	1037	A	G
D1_N1	0.036097047001	1	1403	G	A
D1_N1	0.0362322819178	1	936	A	T
D1_N1	0.0364836111647	1	825	A	T
D1_N1	0.0365153071366	1	1150	A	G
D1_N1	0.0365608969793	1	1394	C	T
D1_N1	0.0365699821344	1	1021	T	C
D1_N1	0.0380348145491	1	111	C	T
D1_N1	0.0380796505895	1	1548	G	A
D1_N1	0.0382273903728	1	882	C	T
D1_N1	0.0385572113362	2	1038	A	G
D1_N1	0.0393297547825	2	1043	A	G
D1_N1	0.0393799454068	1	1419	G	C
D1_N1	0.0395173603093	2	453	A	T
D1_N1	0.0396389391278	1	974	T	G
D1_N1	0.0396955763809	2	1536	A	C
D1_N1	0.0416490208833	2	1081	C	T
D1_N1	0.041653021006	1	1036	G	C
D1_N1	0.0417022542824	1	1139	A	G
D1_N1	0.0417552852841	1	727	C	T
D1_N1	0.0418508249386	1	1137	C	T
D1_N1	0.0419095513339	1	130	G	A
D1_N1	0.0426592591041	2	1162	A	C
D1_N1	0.0427652377623	1	1397	G	A
D1_N1	0.0428556310036	2	954	T	A
D1_N1	0.0429558769414	2	564	A	C
D1_N1	0.0430081573604	2	911	G	A
D1_N1	0.0433406041611	1	1172	T	G
D1_N1	0.0433553058585	2	276	C	G
D1_N1	0.0437279916745	1	1257	T	G
D1_N1	0.0438856733253	1	39	C	G
D1_N1	0.0441283071332	1	686	G	T
D1_N1	0.0444550944654	2	1572	T	G
D1_N1	0.0449788293023	1	934	G	T
D1_N1	0.045198296826	1	720	G	A
D1_N1	0.0455145016848	1	1460	C	T
D1_N1	0.0457024287791	1	472	T	C
D1_N1	0.0461102325218	2	1572	G	A
D1_N1	0.0462602787996	2	571	T	C
D1_N1	0.0463225025455	1	776	T	A
D1_N1	0.046343437248	2	371	G	T
D1_N1	0.0465600946902	1	1106	A	T
D1_N1	0.0466874433402	1	1110	G	A
D1_N1	0.0467055451817	2	615	C	G
D1_N1	0.0467211427111	1	736	T	A
D1_N1	0.0467726586318	2	1484	G	A
D1_N1	0.0469668894131	2	993	G	A
D1_N1	0.047167214921	2	1522	A	G
D1_N1	0.0473302218403	1	1450	A	T
D1_N1	0.0480117327325	1	1199	T	A
D1_N1	0.0481586531231	2	477	T	G
D1_N1	0.0482016070546	2	447	G	C
D1_N1	0.0482150302678	2	583	G	A
D1_N1	0.0486171194646	1	1234	C	A
D1_N1	0.0491067796697	1	1373	A	C
D1_N1	0.0495596435823	2	769	T	G
D1_N1	0.0505703900688	2	1052	G	C
D1_N1	0.0506604535721	2	113	A	C
D1_N1	0.0516395941666	1	1558	C	A
D1_N1	0.0523874528265	1	1537	C	A
D1_N1	0.0525260433379	2	261	A	G
D1_N1	0.0528200160236	1	1266	T	G
D1_N1	0.0529074256912	1	21	A	T
D1_N1	0.0529379109489	1	233	T	G
D1_N1	0.0532212034668	2	1038	G	C
D1_N1	0.0535241318263	2	1102	C	G
D1_N1	0.0536292482479	2	1	A	G
D1_N1	0.0536623486863	1	291	G	C
D1_N1	0.0537880304944	2	613	A	G
D1_N1	0.0542163806601	2	942	C	T
D1_N1	0.0551354057485	1	384	T	G
D1_N1	0.0553455856883	1	511	C	A
D1_N1	0.0556405780414	2	369	G	A
D1_N1	0.0556779994735	1	675	A	G
D1_N1	0.0558801423412	1	1051	T	A
D1_N1	0.0562138840951	2	808	C	T
D1_N1	0.0569015535487	1	928	G	A
D1_N1	0.0572204301971	1	970	G	A
D1_N1	0.0575371652808	1	1123	A	T
D1_N1	0.0578062794289	2	536	C	A
D1_N1	0.0580535076942	2	1277	C	A
D1_N1	0.058113803714	1	1528	A	G
D1_N1	0.0581946345584	2	1483	T	A
D1_N1	0.0582723539852	1	405	A	C
D1_N1	0.0583311493229	1	716	T	C
D1_N1	0.0583392379171	2	1111	C	T
D1_N1	0.0583399286947	1	437	T	C
D1_N1	0.0584005940825	1	23	A	G
D1_N1	0.0586079757762	2	1269	G	A
D1_N1	0.0589935185892	2	548	G	A
D1_N1	0.0590585410563	1	1153	T	C
D1_N1	0.0592916815546	2	1172	T	G
D1_N1	0.059695824862	2	1069	G	A
D1_N1	0.059900193531	2	241	G	A
D1_N1	0.0605999084715	2	1568	A	G
D1_N1	0.0607881931219	1	1478	T	C
D1_N1	0.0608746975977	1	1510	T	C
D1_N1	0.0609027522269	1	640	T	C
D1_N1	0.0613554911338	1	218	G	T
D1_N1	0.0615270793243	1	796	G	C
D1_N1	0.0617685829519	2	680	A	G
D1_N1	0.0617753883685	2	1024	A	T
D1_N1	0.0620185680192	2	758	A	G
D1_N1	0.0621238136933	2	366	G	A
D1_N1	0.0631282418698	1	1385	G	A
D1_N1	0.0632613244623	2	728	T	C
D1_N1	0.0632622981995	2	470	T	C
D1_N1	0.0635028134715	1	976	T	A
D1_N1	0.0639587898318	2	728	C	A
D1_N1	0.064121098884	1	135	T	C
D1_N1	0.0645429166042	1	664	T	C
D1_N1	0.0645635710785	1	1163	G	A
D1_N1	0.0652262260387	2	1031	G	T
D1_N1	0.0652422243818	2	716	C	G
D1_N1	0.0660363881687	2	845	A	C
D1_N1	0.0663674131103	2	1265	A	G
D1_N1	0.066842276802	1	1090	G	T
D1_N1	0.0672717303408	1	252	G	A
D1_N1	0.0673406004866	1	172	C	A
D1_N1	0.0681508547144	2	1103	G	A
D1_N1	0.0697807372721	2	1531	C	T
D1_N1	0.0711292415271	1	19	G	A
D1_N1	0.0723570581113	2	1080	A	G
D1_N1	0.0725159380854	1	460	C	T
D1_N1	0.0725849699829	1	1439	T	G
D1_N1	0.0728022836826	1	745	A	C
D1_N1	0.0731646411935	1	495	T	G
D1_N1	0.0736369518034	2	948	A	G
D1_N1	0.0738017567963	2	1558	C	T
D1_N1	0.0740100177291	1	481	T	C
D1_N1	0.0741779262652	2	1285	A	T
D1_N1	0.0747741776231	2	1327	C	T
D1_N1	0.075004147682	1	1495	A	C
D1_N1	0.0755490053173	2	268	G	T
D1_N1	0.0761363971928	2	685	A	G
D1_N1	0.0766020850471	1	1050	G	A
D1_N1	0.0767591204671	2	121	C	T
D1_N1	0.076851335906	1	635	C	T
D1_N1	0.0768808388019	2	1216	A	C
D1_N1	0.0772592769653	2	1419	G	A
D1_N1	0.0773311311564	2	1286	C	G
D1_N1	0.0775766781588	1	1193	T	A
D1_N1	0.0776160922983	1	699	T	A
D1_N1	0.0777526781836	1	848	T	G
D1_N1	0.0781320357085	2	64	G	T
D1_N1	0.0785810031921	2	903	A	G
D1_N1	0.0787022445773	2	242	A	G
D1_N1	0.0787685727961	1	572	G	T
D1_N1	0.0789447747641	1	852	A	C
D1_N1	0.0790517751866	2	1058	A	C
D1_N1	0.0796119361456	2	651	A	G
D1_N1	0.0807133777112	2	1073	A	T
D1_N1	0.0808990902197	2	763	G	T
D1_N1	0.0810740815716	1	1307	T	C
D1_N1	0.081983326199	2	342	G	T
D1_N1	0.082363803282	2	276	G	A
D1_N1	0.0826080311194	2	1465	T	C
D1_N1	0.0826204994727	1	609	A	T
D1_N1	0.0827986121386	1	709	A	T
D1_N1	0.0829811355775	1	1192	T	G
D1_N1	0.0831358915215	1	894	T	G
D1_N1	0.083152364435	2	632	A	C
D1_N1	0.083230336004	1	270	G	A
D1_N1	0.0841645942785	1	382	T	A
D1_N1	0.0842328082562	2	389	A	G
D1_N1	0.0843834517452	2	1419	A	T
D1_N1	0.0845451378737	2	1303	T	A
D1_N1	0.0845749135428	1	245	T	C
D1_N1	0.0847460823319	1	733	C	T
D1_N1	0.0852540541979	2	746	A	G
D1_N1	0.0854224740069	2	1335	C	T
D1_N1	0.0854260299674	1	985	T	C
D1_N1	0.0864061484238	1	195	T	G
D1_N1	0.0866204998632	1	1230	C	T
D1_N1	0.0870443074352	2	547	T	C
D1_N1	0.0871530618229	2	1256	A	G
D1_N1	0.0874227594158	1	1343	G	A
D1_N1	0.0874962994772	2	394	A	T
D1_N1	0.0874979368575	2	1481	C	T
D1_N1	0.0879731227717	2	355	T	C
D1_N1	0.0883881568517	2	954	A	T
D1_N1	0.0884336853168	1	1099	T	C
D1_N1	0.0887174196404	2	122	A	G
D1_N1	0.0892537345152	2	514	T	A
D1_N1	0.0893894652025	2	74	T	C
D1_N1	0.0897613648751	1	903	A	C
D1_N1	0.0902029054976	2	81	C	T
D1_N1	0.0902620840624	2	1546	A	G
D1_N1	0.0916553127762	1	1132	G	T
D1_N1	0.0918204772785	1	789	A	G
D1_N1	0.0922091611672	2	378	G	C
D1_N1	0.0922580146139	1	681	G	A
D1_N1	0.0924654683183	1	395	T	C
D1_N1	0.0926720829428	2	1196	C	T
D1_N1	0.0929753642312	1	67	C	T
D1_N1	0.09303951792	1	288	G	T
D1_N1	0.0930559403313	1	1146	A	T
D1_N1	0.093851171779	1	1291	A	T
D1_N1	0.0944446818695	2	1144	T	C
D1_N1	0.0948098885823	2	756	G	C
D1_N1	0.0948614698939	1	1046	A	G
D1_N1	0.0953042741944	2	1452	C	T
D1_N1	0.0962319069385	1	150	C	A
D1_N1	0.0963980340913	2	1016	C	T
D1_N1	0.096454271995	2	358	A	G
D1_N1	0.0966329332698	1	512	G	C
D1_N1	0.0969075094102	1	460	T	G
D1_N1	0.0970497407509	1	404	T	A
D1_N1	0.0973239501504	2	1513	A	G
D1_N1	0.0973896903616	1	1179	A	G
D1_N1	0.0981026138561	1	969	C	A
D1_N1	0.0981610550367	1	377	T	A
D1_N1	0.0982199224697	2	1576	G	A
D1_N1	0.0985000341223	1	704	T	C
D1_N1	0.0986031860645	1	491	A	G
D1_N1	0.0990323264348	2	1213	G	C
D1_N1	0.0992158972526	1	1263	G	T
D1_N1	0.100467235218	1	388	T	G
D1_N1	0.100594001899	2	844	G	T
D1_N1	0.100758121945	1	196	G	T
D1_N1	0.100838492608	1	793	A	T
D1_N1	0.101219753538	1	443	T	A
D1_N1	0.101352808365	1	1490	G	A
D1_N1	0.101708575356	1	481	C	T
D1_N1	0.101796548456	2	986	C	T
D1_N1	0.101977440005	1	1272	A	T
D1_N1	0.102046764898	1	971	G	A
D1_N1	0.102225121833	2	809	A	G
D1_N1	0.102649898703	1	196	T	C
D1_N1	0.103007903115	2	389	G	C
D1_N1	0.103423338572	2	73	G	A
D1_N1	0.103849686932	2	713	A	G
D1_N1	0.104031920637	2	1435	T	C
D1_N1	0.104441697513	2	374	G	A
D1_N1	0.104656084423	1	1379	C	A
D1_N1	0.104738030396	2	427	A	G
D1_N1	0.104943135987	1	774	C	A
D1_N1	0.10535400463	2	1565	T	G
D1_N1	0.105657027226	1	142	C	T
D1_N1	0.106264530107	2	751	C	A
D1_N1	0.107168618834	2	15	G	A
D1_N1	0.109182793097	1	244	C	T
D1_N1	0.109420893197	1	298	C	A
D1_N1	0.109660979844	2	1122	A	C
D1_N1	0.110298865359	2	14	A	C
D1_N1	0.111725940423	1	808	C	T
D1_N1	0.111755288757	2	617	G	A
D1_N1	0.112251786275	2	228	G	A
D1_N1	0.112397772357	2	1459	C	T
D1_N1	0.112468751777	2	1343	T	A
D1_N1	0.112513426744	2	1481	T	G
D1_N1	0.112526391084	1	722	T	G
D1_N1	0.112537321772	1	858	A	C
D1_N1	0.112736592119	2	773	C	T
D1_N1	0.112842319652	2	913	A	T
D1_N1	0.112858823219	2	648	G	C
D1_N1	0.11303676812	2	529	C	T
D1_N1	0.113502076045	2	1009	T	C
D1_N1	0.113723551373	1	92	G	A
D1_N1	0.114006261276	1	781	C	T
D1_N1	0.114216733499	2	834	T	C
D1_N1	0.11442133266	1	379	G	T
D1_N1	0.114827833812	1	1217	G	A
D1_N1	0.115288185302	2	599	G	A
D1_N1	0.115487419117	2	601	C	A
D1_N1	0.116588222483	1	193	C	A
D1_N1	0.116782574654	1	1346	A	G
D1_N1	0.116936582796	1	1217	A	G
D1_N1	0.117226905552	2	365	G	A
D1_N1	0.117251236826	1	1237	C	T
D1_N1	0.118616836655	2	1154	T	C
D1_N1	0.118991319237	2	1153	T	G
D1_N1	0.119010050411	2	933	T	C
D1_N1	0.11918730276	2	1459	T	A
D1_N1	0.119211848935	2	806	T	G
D1_N1	0.119539295614	1	1491	G	T
D1_N1	0.119591236405	1	1105	T	G
D1_N1	0.119971475233	2	1306	A	C
D1_N1	0.120576408001	1	99	G	A
D1_N1	0.120732570627	2	1031	T	G
D1_N1	0.120760342825	1	1029	G	A
D1_N1	0.121042800837	1	341	G	A
D1_N1	0.121392258097	1	283	C	T
D1_N1	0.12145068159	1	397	C	G
D1_N1	0.121643389491	2	89	A	T
D1_N1	0.121948181649	1	43	G	T
D1_N1	0.122165660787	1	11	T	C
D1_N1	0.122380649021	1	1446	G	A
D1_N1	0.122513515441	2	1574	C	T
D1_N1	0.122611945559	2	484	T	A
D1_N1	0.122635426817	1	50	G	A
D1_N1	0.12278577099	1	474	G	A
D1_N1	0.122859876756	2	1185	G	C
D1_N1	0.123303523395	2	1497	T	G
D1_N1	0.123717668265	1	691	C	T
D1_N1	0.124006959037	1	824	C	T
D1_N1	0.124618513704	2	122	G	A
D1_N1	0.124822109679	1	908	C	A
D1_N1	0.124846893343	1	637	G	A
D1_N1	0.125444223193	1	398	C	G
D1_N1	0.125457623046	2	1575	A	G
D1_N1	0.125629996631	2	324	T	C
D1_N1	0.125878659017	2	469	A	C
D1_N1	0.126846166657	1	697	G	T
D1_N1	0.126953258856	1	53	C	G
D1_N1	0.127285980283	2	1122	C	T
D1_N1	0.127364309311	1	1329	C	T
D1_N1	0.128025193104	1	1416	G	A
D1_N1	0.128867059962	1	474	A	C
D1_N1	0.129395667747	2	1356	T	G
D1_N1	0.129408082632	1	776	A	T
D1_N1	0.129654044845	2	459	A	G
D1_N1	0.129734415897	1	1029	A	G
D1_N1	0.130548621432	1	1330	T	G
D1_N1	0.130654863943	1	1242	C	G
D1_N1	0.130722389864	1	772	G	A
D1_N1	0.130787833412	1	169	C	G
D1_N1	0.131351321442	2	806	G	A
D1_N1	0.13138003651	2	387	T	A
D1_N1	0.131489979059	2	193	C	T
D1_N1	0.13172869811	1	158	T	G
D1_N1	0.132254563518	1	1127	T	C
D1_N1	0.132378964507	2	939	A	G
D1_N1	0.132742320329	2	1506	T	A
D1_N1	0.133365340768	2	293	C	T
D1_N1	0.13393277576	1	1475	G	A
D1_N1	0.134592644192	2	691	C	G
D1_N1	0.134780840846	2	316	C	T
D1_N1	0.135047578449	1	337	T	C
D1_N1	0.135183680013	1	861	C	T
D1_N1	0.135248030613	2	1136	C	T
D1_N1	0.135405839697	2	1325	A	G
D1_N1	0.135460899135	1	846	G	A
D1_N1	0.135470217508	1	719	G	A
D1_N1	0.135742893452	1	386	T	C
D1_N1	0.13579935997	2	308	G	A
D1_N1	0.135805772701	2	74	C	A
D1_N1	0.135918197787	1	1216	A	T
D1_N1	0.135960297199	1	786	G	A
D1_N1	0.135990667859	1	854	T	A
D1_N1	0.136071245453	2	1528	A	G
D1_N1	0.136616215304	1	128	A	G
D1_N1	0.136666462599	1	9	G	T
D1_N1	0.136982947224	2	1083	T	G
D1_N1	0.137432514975	1	582	G	A
D1_N1	0.137628384011	2	387	A	G
D1_N1	0.137676907391	1	1428	T	C
D1_N1	0.137855284007	1	1310	G	A
D1_N1	0.138399451246	1	1029	G	T
D1_N1	0.138933756651	1	763	G	A
D1_N1	0.139505247497	1	1204	A	G
D1_N1	0.140232190081	1	882	T	A
D1_N1	0.140389681569	2	482	T	A
D1_N1	0.140403775177	2	1350	C	T
D1_N1	0.140442331828	1	991	A	G
D1_N1	0.140449416117	2	11	T	C
D1_N1	0.140715057538	2	913	T	G
D1_N1	0.141073185241	2	661	C	G
D1_N1	0.141079037955	1	624	C	T
D1_N1	0.141093227339	2	1123	A	C
D1_N1	0.141262970514	2	682	A	T
D1_N1	0.141788236673	1	621	A	T
D1_N1	0.142470026199	2	541	C	T
D1_N1	0.142567783289	2	1204	A	G
D1_N1	0.142759154365	1	971	A	G
D1_N1	0.142880024812	2	1113	C	G
D1_N1	0.143500410273	2	48	A	G
D1_N1	0.143589731956	2	1302	C	A
D1_N1	0.143961409561	1	1286	C	A
D1_N1	0.1444087576	2	1229	C	T
D1_N1	0.144707281381	1	233	G	A
D1_N1	0.144982773906	2	198	A	T
D1_N1	0.14556012084	1	824	T	C
D1_N1	0.145811559042	2	984	G	T
D1_N1	0.145822681189	2	604	C	A
D1_N1	0.145981383002	1	1336	T	C
D1_N1	0.146022300488	2	1454	A	T
D1_N1	0.146100506354	1	122	A	G
D1_N1	0.14684052932	1	917	T	A
D1_N1	0.147391113871	2	389	C	T
D1_N1	0.147432454076	2	648	C	T
D1_N1	0.147726087198	1	1241	A	T
D1_N1	0.148701960124	1	1364	G	A
D1_N1	0.149306551174	2	1323	G	A
D1_N1	0.149597141943	2	495	T	G
D1_N1	0.150230826877	1	173	G	C
D1_N1	0.150326919589	2	1049	A	T
D1_N1	0.150979434146	2	1423	A	G
D1_N1	0.151300162942	1	1233	G	T
D1_N1	0.151435912276	1	1357	C	T
D1_N1	0.151836947262	2	448	T	A
D1_N1	0.152056740406	2	477	G	C
D1_N1	0.152217866636	2	539	T	C
D1_N1	0.15289930916	2	987	T	C
D1_N1	0.153534682681	1	255	A	G
D1_N1	0.153676662146	2	36	G	C
D1_N1	0.154032807665	1	463	G	A
D1_N1	0.154195861748	1	138	G	C
D1_N1	0.154403159482	1	489	G	A
D1_N1	0.154984601999	1	455	G	C
D1_N1	0.155016595631	1	23	G	T
D1_N1	0.155340675508	2	1210	G	A
D1_N1	0.155503694572	2	636	T	G
D1_N1	0.155770104716	2	0	A	C
D1_N1	0.156366202736	1	216	T	C
D1_N1	0.156786524978	2	32	A	T
D1_N1	0.157026988069	2	1032	C	T
D1_N1	0.157236919609	2	816	A	G
D1_N1	0.157489098658	2	48	G	C
D1_N1	0.157596164032	1	910	T	C
D1_N1	0.157821712368	1	541	C	T
D1_N1	0.158028346279	2	1332	C	G
D1_N1	0.158494154613	1	1125	C	G
D1_N1	0.15880459542	1	124	A	G
D1_N1	0.158812138405	2	1387	C	G
D1_N1	0.158903830082	1	532	C	A
D1_N1	0.158962253933	1	127	C	T
D1_N1	0.159542630578	2	112	C	T
D1_N1	0.159595645009	1	309	G	T
D1_N1	0.159905726226	1	714	G	T
D1_N1	0.159913278127	2	1351	T	G
D1_N1	0.159983710577	2	1027	G	T
D1_N1	0.160111064612	1	167	G	A
D1_N1	0.160157471086	2	679	A	G
D1_N1	0.16018123937	2	1433	C	G
D1_N1	0.160370398719	2	748	C	G
D1_N1	0.160444581534	1	1003	A	T
D1_N1	0.161170425068	2	387	G	A
D1_N1	0.162603104115	2	1327	T	G
D1_N1	0.162923621218	2	166	C	A
D1_N1	0.163137810548	1	1159	A	C
D1_N1	0.163416286102	1	142	T	G
D1_N1	0.163703310194	2	1498	G	T
D1_N1	0.163783640123	1	1271	C	T
D1_N1	0.163944826425	1	1504	G	A
D1_N1	0.164006072752	2	506	G	T
D1_N1	0.164204032925	1	1005	C	G
D1_N1	0.164394963267	1	164	T	A
D1_N1	0.164598920184	2	164	T	C
D1_N1	0.164648765641	2	179	G	A
D1_N1	0.164953354384	2	305	C	G
D1_N1	0.165833487462	2	529	T	C
D1_N1	0.165880914475	1	298	A	G
D1_N1	0.166110587911	1	134	C	A
D1_N1	0.166240787765	1	21	A	T
D1_N1	0.166437046137	2	295	T	A
D1_N1	0.166441576387	1	975	C	A
D1_N1	0.166719857889	1	495	G	T
D1_N1	0.166937979853	2	147	T	A
D1_N1	0.167070093336	2	1508	T	C
D1_N1	0.167472657372	2	856	G	T
D1_N1	0.167670561692	1	1171	A	G
D1_N1	0.168948937951	2	686	G	A
D1_N1	0.169112603768	2	1365	T	C
D1_N1	0.169202802108	1	624	T	G
D1_N1	0.169595503768	1	830	C	G
D1_N1	0.16987938159	2	485	A	C
D1_N1	0.170366877912	1	1042	G	A
D1_N1	0.17134773896	1	1028	A	T
D1_N1	0.171776717581	2	301	T	C
D1_N1	0.171807204622	1	694	A	G
D1_N1	0.171917921152	1	858	C	T
D1_N1	0.172108889079	2	1157	C	T
D1_N1	0.173126476318	1	607	C	T
D1_N1	0.173194244396	2	1349	A	T
D1_N1	0.173288788665	1	1055	A	G
D1_N1	0.173476912289	2	1291	A	T
D1_N1	0.173687617224	1	1360	G	T
D1_N1	0.17411240911	2	826	A	G
D1_N1	0.174436380566	2	703	A	T
D1_N1	0.175992803758	1	782	G	A
D1_N1	0.176147351847	2	1037	A	G
D1_N1	0.176334159016	2	1559	G	A
D1_N1	0.17651402814	2	601	A	G
D1_N1	0.176544418899	2	186	G	C
D1_N1	0.176705331019	1	11	C	T
D1_N1	0.176887793845	1	1082	C	A
D1_N1	0.176975508947	2	258	G	A
D1_N1	0.177130873945	2	1155	G	T
D1_N1	0.177352719332	2	408	T	C
D1_N1	0.177545589483	1	516	C	T
D1_N1	0.1775464907	2	802	G	A
D1_N1	0.177802425619	2	319	T	C
D1_N1	0.178329387025	1	169	G	A
D1_N1	0.17843021519	2	944	G	C
D1_N1	0.178704931109	2	1500	T	G
D1_N1	0.17964045783	1	136	G	A
D1_N1	0.18044398826	1	1273	A	G
D1_N1	0.180896099227	2	759	C	T
D1_N1	0.181501446148	2	792	T	G
D1_N1	0.181564313186	1	1292	T	A
D1_N1	0.181635717511	1	0	A	C
D1_N1	0.181666374973	1	704	C	G
D1_N1	0.181818902753	2	27	G	A
D1_N1	0.182681280361	2	1542	T	A
D1_N1	0.183705567127	1	1358	T	C
D1_N1	0.185063729135	1	163	T	C
D1_N1	0.185115175083	2	1046	A	G
D1_N1	0.185236237326	2	428	G	T
D1_N1	0.185312030168	2	1496	A	C
D1_N1	0.185647689438	2	1507	T	A
D1_N1	0.185661147339	1	1302	C	A
D1_N1	0.186441076426	2	804	C	T
D1_N1	0.186719323237	1	418	T	C
D1_N1	0.186884406171	2	457	T	C
D1_N1	0.186961191512	1	560	G	T
D1_N1	0.187256557863	1	286	A	T
D1_N1	0.187397081827	2	229	T	C
D1_N1	0.187609522196	2	903	G	T
D1_N1	0.187688006062	1	18	T	C
D1_N1	0.187954307129	2	1441	A	G
D1_N1	0.188303802861	1	741	G	T
D1_N1	0.188445296071	2	272	A	T
D1_N1	0.188465515696	1	824	C	G
D1_N1	0.189035260395	1	1211	C	A
D1_N1	0.189144423063	1	74	T	A
D1_N1	0.189222489562	2	786	G	A
D1_N1	0.189606063152	1	191	C	T
D1_N1	0.190343679356	1	873	A	C
D1_N1	0.190564937866	2	676	C	T
D1_N1	0.190591159853	2	623	C	A
D1_N1	0.19170715521	1	1015	C	T
D1_N1	0.192156306306	1	1397	A	C
D1_N1	0.192229070838	1	216	C	T
D1_N1	0.193099415961	1	651	G	A
D1_N1	0.193277790528	2	502	A	G
D1_N1	0.193342882687	1	16	C	A
D1_N1	0.194296912876	1	643	C	T
D1_N1	0.19441368548	1	124	G	A
D1_N1	0.194887381728	1	163	C	T
D1_N1	0.195506938204	1	1185	G	A
D1_N1	0.195536529327	1	1102	C	A
D1_N1	0.195940234335	2	480	C	A
D1_N1	0.197312548386	1	217	G	T
D1_N1	0.197578645237	1	1130	T	C
D1_N1	0.198287144908	1	460	G	A
D1_N1	0.198476281639	2	1332	G	A
D1_N1	0.199319523792	2	5	C	T
D1_N1	0.200123757804	2	14	C	G
D1_N1	0.20100236762	2	767	T	A
D1_N1	0.201103052884	1	1383	T	C
D1_N1	0.201902393049	2	1407	A	G
D1_N1	0.201990679201	1	1560	G	A
D1_N1	0.202002778506	1	815	C	A
D1_N1	0.20204427063	1	995	T	C
D1_N1	0.202954270144	2	1264	A	T
D1_N1	0.203100288735	1	1353	C	G
D1_N1	0.203627352891	1	187	T	A
D1_N1	0.203757329399	2	974	T	C
D1_N1	0.20398197843	2	432	C	T
D1_N1	0.204039320019	2	252	G	C
D1_N1	0.204169703118	2	1231	G	T
D1_N1	0.205100745902	1	1477	C	G
D1_N1	0.20549197254	1	186	G	T
D1_N1	0.205710692969	2	241	A	T
D1_N1	0.206008983287	2	1492	G	C
D1_N1	0.206831606584	2	141	A	T
D1_N1	0.206989291298	2	16	C	T
D1_N1	0.207075444216	2	410	T	G
D1_N1	0.207244137035	2	1478	T	G
D1_N1	0.207495489595	1	446	G	C
D1_N1	0.208945886253	1	656	T	C
D1_N1	0.208969332599	1	457	T	G
D1_N1	0.209094811019	2	37	T	C
D1_N1	0.20910786746	1	1505	G	T
D1_N1	0.209280312215	1	1493	T	A
D1_N1	0.20951341897	2	307	G	A
D1_N1	0.209632655234	1	761	C	T
D1_N1	0.209956838753	2	569	A	G
D1_N1	0.211161651121	1	1229	C	T
D1_N1	0.211882430176	1	595	T	C
D1_N1	0.212164203874	1	1452	C	T
D1_N1	0.212477594374	2	345	G	T
D1_N1	0.213360818231	2	478	T	C
D1_N1	0.213408593478	2	37	C	A
D1_N1	0.213419098783	1	872	G	A
D1_N1	0.213787575842	2	105	G	A
D1_N1	0.214072562745	2	368	T	C
D1_N1	0.214272965889	2	1485	A	T
D1_N1	0.214290570438	2	1040	A	G
D1_N1	0.21449394944	1	56	T	C
D1_N1	0.214555627924	1	536	C	T
D1_N1	0.214739054034	2	316	T	C
D1_N1	0.215028069669	1	966	C	T
D1_N1	0.215124924374	2	1181	T	G
D1_N1	0.215126755505	2	1407	G	A
D1_N1	0.215555298242	2	8	C	G
D1_N1	0.216347043644	1	329	A	T
D1_N1	0.216938745488	2	1240	G	T
D1_N1	0.216972855749	2	1147	T	G
D1_N1	0.21700598034	1	7	G	A
D1_N1	0.217084166037	2	1266	T	G
D1_N1	0.217609519783	2	1188	A	G
D1_N1	0.218808117528	1	1269	A	T
D1_N1	0.218869166849	2	1354	A	G
D1_N1	0.218902178235	2	1	G	A
D1_N1	0.219319287211	2	1333	G	T
D1_N1	0.219590125189	2	1158	T	A
D1_N1	0.219643042139	2	948	G	A
D1_N1	0.220182021236	1	1023	T	A
D1_N1	0.220298728754	1	91	G	A
D1_N1	0.220530955276	1	1194	T	G
D1_N1	0.220666315971	1	177	A	G
D1_N1	0.220916536619	2	983	T	G
D1_N1	0.22145189077	1	770	A	T
D1_N1	0.222043766212	2	766	A	T
D1_N1	0.222435121999	1	1346	G	A
D1_N1	0.222597439655	2	484	A	G
D1_N1	0.22273090349	2	705	C	T
D1_N1	0.222811785022	1	352	C	A
D1_N1	0.223057067463	2	526	C	T
D1_N1	0.223511069678	1	1109	G	A
D1_N1	0.223684945765	1	1180	T	C
D1_N1	0.22374125776	1	603	C	T
D1_N1	0.223948048112	2	199	A	T
D1_N1	0.225404263566	2	1142	C	G
D1_N1	0.225448038271	1	141	A	G
D1_N1	0.225753600225	2	1293	C	A
D1_N1	0.225809241427	1	481	T	A
D1_N1	0.225865464535	1	511	A	T
D1_N1	0.226043267487	1	73	G	T
D1_N1	0.226460243631	1	104	A	G
D1_N1	0.226503904225	1	1492	G	C
D1_N1	0.226843565118	2	959	T	C
D1_N1	0.227061263915	2	584	T	A
D1_N1	0.227205779659	1	291	A	G
D1_N1	0.22742338874	1	406	G	A
D1_N1	0.227821525825	2	445	T	C
D1_N1	0.227928359579	2	94	A	G
D1_N1	0.229026275459	2	790	C	G
D1_N1	0.229126700605	1	63	C	T
D1_N1	0.22955744175	2	620	T	C
D1_N1	0.230080686887	2	791	A	T
D1_N1	0.230945119895	1	1053	A	G
D1_N1	0.231014619062	1	911	G	A
D1_N1	0.23143728902	1	459	A	T
D1_N1	0.232414495779	2	1172	G	A
D1_N1	0.23305670727	2	1521	G	T
D1_N1	0.233056870824	1	477	C	A
D1_N1	0.233074462166	1	1064	C	G
D1_N1	0.233159757993	2	1123	C	T
D1_N1	0.233722435628	1	1116	C	T
N1_N2	0.00037568989305	1	822	A	C
N1_N2	0.00126809688797	2	298	C	A
N1_N2	0.00158952820919	1	312	T	G
N1_N2	0.00166508060611	1	92	A	G
N1_N2	0.00173417566029	2	881	T	C
N1_N2	0.00215184684584	1	809	A	G
N1_N2	0.00242563381829	2	1122	T	C
N1_N2	0.00260289005176	2	881	C	G
N1_N2	0.00453210945536	2	1417	T	C
N1_N2	0.00458187957467	2	168	A	G
N1_N2	0.00471398881967	1	260	C	A
N1_N2	0.00476394020418	1	175	T	A
N1_N2	0.00493995336193	2	1417	C	A
N1_N2	0.00532005153355	2	746	G	A
N1_N2	0.00569047061074	2	861	C	T
N1_N2	0.00569475446055	2	753	T	C
N1_N2	0.0058453891218	1	1227	C	T
N1_N2	0.00654098181488	1	1188	A	T
N1_N2	0.00661557852428	1	601	C	T
N1_N2	0.00667102752249	2	454	A	C
N1_N2	0.00673627947556	2	495	G	T
N1_N2	0.00706190310458	1	586	T	G
N1_N2	0.00746987000939	1	69	G	A
N1_N2	0.00804453673417	1	130	A	T
N1_N2	0.00832534135845	1	784	C	T
N1_N2	0.00843856767538	1	1044	A	G
N1_N2	0.00855521438369	2	859	C	T
N1_N2	0.00881060204543	2	1346	A	T
N1_N2	0.00990784260135	2	1459	A	G
N1_N2	0.00993335105987	1	66	C	A
N1_N2	0.0103211569855	1	1107	A	T
N1_N2	0.0103726803771	2	833	C	T
N1_N2	0.0106810955553	1	134	A	G
N1_N2	0.0110247500942	2	358	G	C
N1_N2	0.0117067095282	2	152	C	A
N1_N2	0.0119949753006	1	514	T	C
N1_N2	0.0120579752641	2	1520	A	G
N1_N2	0.0122308003502	1	642	A	T
N1_N2	0.0123261758975	1	1487	G	A
N1_N2	0.0124440131177	1	314	T	C
N1_N2	0.0125326349616	2	1481	G	A
N1_N2	0.01343977186	1	557	A	G
N1_N2	0.0135030591009	1	1216	T	C
N1_N2	0.0136317755115	2	1071	T	G
N1_N2	0.0139519889724	1	628	G	C
N1_N2	0.0143897339488	1	914	A	G
N1_N2	0.0144008795007	1	1442	C	T
N1_N2	0.0155019298951	2	1538	T	G
N2_N3	0.00016260921477	2	775	A	G
N2_N3	0.000281629271122	1	779	C	T
N2_N3	0.000669890216695	1	1039	T	C
N2_N3	0.000698844150288	2	1249	A	G
N2_N3	0.000779242400005	1	1212	G	A
N2_N3	0.000904956177234	1	1480	T	G
N2_N3	0.00122415402105	1	331	C	T
N2_N3	0.00125142756052	1	512	C	A
N2_N3	0.001436534792	1	809	G	A
N2_N3	0.00169944495125	2	1535	T	A
N2_N3	0.00197497977597	2	1038	C	T
N2_N3	0.00211252529594	1	1164	A	T
N2_N3	0.0029486870605	2	486	C	T
N2_N3	0.00295668751304	2	1544	A	T
N2_N3	0.00295673738485	2	173	G	A
N2_N3	0.0029907057667	2	1087	G	C
N2_N3	0.00301162811366	2	567	A	G
N2_N3	0.00357570053997	2	1308	T	A
N2_N3	0.00369929190535	1	1571	A	G
N2_N3	0.00386195775976	2	532	T	G
N2_N3	0.00405701441065	2	66	C	T
N2_N3	0.00450288123635	2	1573	T	C
N2_N3	0.0047821132729	2	1050	G	A
N2_N3	0.0050002148038	1	1089	C	G
N2_N3	0.00506588366558	1	986	C	T
N2_N3	0.00526047072346	1	1371	C	A
N2_N3	0.00612188582919	1	1411	T	C
N2_N3	0.00618837358499	2	90	A	C
N2_N3	0.00623988200984	1	1479	T	G
N2_N3	0.0065254059776	1	481	A	G
N2_N3	0.00655307080212	2	582	G	C
N2_N3	0.00663949396853	1	821	T	G
N3_N4	0.000393707151369	2	1445	T	C
N3_N4	0.000997725070448	1	1544	A	T
N3_N4	0.00112250852708	2	1369	T	C
N3_N4	0.0016022360916	1	451	C	T
N3_N4	0.0019905133497	1	821	G	T
N3_N4	0.0028086965601	2	57	T	A
N3_N4	0.003236331349	2	398	C	A
N3_N4	0.00339024968144	1	227	T	C
N3_N4	0.00376268473281	1	1132	T	C
N3_N4	0.00447459109998	1	120	T	C
N3_N4	0.00455590660213	2	1281	G	A
N3_N4	0.00474593446336	2	1168	C	G
N3_N4	0.00485313009722	2	1446	G	A
N3_N4	0.00506712724904	1	1231	G	T
N3_N4	0.00569958850412	2	1299	A	C
N3_N4	0.00577790501104	2	1536	C	A
N3_N4	0.00579992261462	1	824	G	T
N3_N4	0.00582771466529	2	1576	A	T
N3_N4	0.00589869379462	1	1006	C	T
N3_N4	0.00622549393491	2	1512	A	G
N3_N4	0.00679692097004	1	862	G	C
N3_N4	0.00755405797841	2	944	C	T
N3_N4	0.00816886590102	2	131	A	G
N3_N4	0.00834509095638	2	725	T	A
N3_N4	0.00857120089	1	1133	G	A
N4_Human	0.000758651895732	1	1	A	G
N4_Human	0.00117889004902	1	25	T	C
N4_Human	0.00177106461216	1	1105	G	A
N4_Human	0.00233933050786	2	607	C	T
N4_Human	0.00294093656582	1	722	G	A
N4_Human	0.00351741695301	1	1435	T	C
N4_Human	0.00389727568791	1	461	G	A
N4_Human	0.00402932458314	1	259	A	T
N4_Human	0.00458112252029	1	700	G	T
N4_Human	0.00483891802965	1	353	A	C
N4_Human	0.0053700021349	1	707	A	T
N4_Human	0.00572945326648	1	1012	T	A
N4_Human	0.00575379535659	2	704	T	A
N4_Human	0.00577696267048	1	1402	C	G
N4_Human	0.00589814375667	2	1183	A	G
N4_Human	0.00602518130255	2	718	A	T
N4_Human	0.00625792484205	1	84	A	T
N4_Human	0.00646669107313	2	1055	A	G
N4_Human	0.00691023839334	1	725	T	C
N4_Human	0.00717789647187	2	428	T	A
N4_Human	0.00735658226833	1	1062	A	T
N4_Human	0.00745403527956	1	1358	C	T
N4_Human	0.0075631028849	1	286	T	C
N4_Human	0.00757519196875	2	1008	T	A
N4_Human	0.00788684446239	2	1056	C	T
N4_Human	0.00980916409471	2	709	A	C
N4_Human	0.00985229330742	1	614	G	C
N4_Human	0.0104608407927	1	780	T	A
N4_Chimp	7.84614780236e-06	1	1331	C	T
N4_Chimp	0.000218959485451	1	399	A	C
N4_Chimp	0.00105270351992	1	1550	C	A
N4_Chimp	0.00126167507789	1	1543	G	C
N4_Chimp	0.00128315165584	2	1353	C	T
N4_Chimp	0.00132204133846	2	450	A	C
N4_Chimp	0.00134031878631	2	976	C	T
N4_Chimp	0.00190954337317	1	653	T	G
N4_Chimp	0.00241228267286	1	1107	T	C
N4_Chimp	0.00321342282414	1	1344	T	C
N4_Chimp	0.00329514315712	1	1397	C	G
N4_Chimp	0.00396962224874	2	1389	G	A
N4_Chimp	0.00434102060582	1	88	T	C
N4_Chimp	0.00477437447446	1	1578	T	G
N4_Chimp	0.00497060798945	1	1374	G	T
N4_Chimp	0.00533884094402	1	380	A	C
N4_Chimp	0.00562660480662	2	1365	C	T
N4_Chimp	0.00581225986855	2	1287	A	C
N4_Chimp	0.00583065432816	1	1257	G	A
N4_Chimp	0.00595532195255	1	499	C	A
N4_Chimp	0.0059670991683	2	538	A	C
N4_Chimp	0.00619340298515	2	226	G	C
N4_Chimp	0.00640887742156	2	979	G	A
N4_Chimp	0.00710459288726	1	1387	C	T
N4_Chimp	0.00784826724504	1	661	C	T
N4_Chimp	0.00826972588077	1	869	C	A
N4_Chimp	0.00836616987262	1	988	G	C
N4_Chimp	0.00912783538933	2	875	G	C
N4_Chimp	0.00939297574585	2	99	G	A
N4_Chimp	0.00940093584164	2	1041	A	G
N4_Chimp	0.00981883309518	2	1146	A	G
N4_Chimp	0.00998950549162	2	1379	C	G
N4_Chimp	0.0101566102792	1	1351	T	A
N4_Chimp	0.0102779102538	2	411	A	T
N4_Chimp	0.01035511689	2	1300	A	T
N4_Chimp	0.010423985426	2	110	T	A
N4_Chimp	0.0104736447809	1	735	G	A
N4_Chimp	0.0104918442974	1	507	C	T
N3_Goril	0.000317440750937	2	158	T	C
N3_Goril	0.000452779964962	1	749	C	T
N3_Goril	0.000631232003817	1	958	A	C
N3_Goril	0.00078050035169	1	648	T	A
N3_Goril	0.000856616393325	2	1071	G	A
N3_Goril	0.000958864786235	2	295	A	G
N3_Goril	0.00151923345646	1	1227	T	G
N3_Goril	0.00184868050514	2	1480	T	A
N3_Goril	0.00195865227015	2	1415	C	T
N3_Goril	0.00246475855938	2	988	G	C
N3_Goril	0.00251943473733	2	1077	T	A
N3_Goril	0.00266545604586	1	289	C	T
N3_Goril	0.00280389932507	2	950	T	A
N3_Goril	0.00305281963418	2	1436	C	T
N3_Goril	0.00335081871659	1	419	A	G
N3_Goril	0.00441189058533	2	196	G	T
N3_Goril	0.00502606875466	1	217	T	A
N3_Goril	0.00516469930318	1	667	A	G
N3_Goril	0.00525915951199	1	481	G	A
N3_Goril	0.00699543127538	2	896	A	G
N3_Goril	0.00700122350663	1	1323	G	A
N3_Goril	0.00729981940416	2	680	G	C
N3_Goril	0.007359668013	1	437	C	T
N3_Goril	0.00741760861007	2	39	C	A
N3_Goril	0.00785452204425	1	1294	G	A
N3_Goril	0.00823266016825	2	321	T	A
N3_Goril	0.00850915141026	1	116	G	A
N3_Goril	0.00907612318718	2	766	T	C
N3_Goril	0.0106172310181	2	1420	C	G
N3_Goril	0.0107783018117	2	791	T	G
N3_Goril	0.0110867796315	2	267	G	A
N3_Goril	0.0111988567381	2	932	C	G
N3_Goril	0.0118348369016	2	916	T	A
N3_Goril	0.0121548338529	1	943	G	T
N3_Goril	0.0124603148852	1	1054	C	G
N3_Goril	0.0126070132796	1	1087	G	A
N3_Goril	0.0128718407341	1	131	A	G
N3_Goril	0.0136129860906	2	1425	T	C
N3_Goril	0.0138639554608	2	1443	T	C
N3_Goril	0.0144365869308	1	559	T	A
N3_Goril	0.0148224967617	2	995	T	C
N3_Goril	0.0148339378251	2	1101	C	T
N3_Goril	0.0148850195796	2	364	C	G
N3_Goril	0.0152766663214	1	622	C	T
N3_Goril	0.0153119013827	1	813	C	G
N3_Goril	0.0153637955775	2	438	A	G
N3_Goril	0.0158507833922	2	331	T	G
N3_Goril	0.0166943885738	1	255	G	C
N3_Goril	0.016747668671	1	1314	C	T
N3_Goril	0.0168343438147	2	636	G	A
N3_Goril	0.017125856499	2	1345	G	A
N3_Goril	0.0172971246361	2	396	T	C
N3_Goril	0.0175470580361	1	920	T	G
N3_Goril	0.0177118205288	2	905	T	A
N3_Goril	0.0188548633818	1	15	G	C
N3_Goril	0.0194605827485	2	1087	C	T
N3_Goril	0.0195979988098	1	1416	A	G
N3_Goril	0.0198362434795	1	334	A	G
N3_Goril	0.0198942690984	2	551	A	T
N2_Orang	7.87262407272e-05	2	522	A	C
N2_Orang	0.000254978441286	1	181	T	A
N2_Orang	0.000302616154986	1	103	T	C
N2_Orang	0.000467892098967	2	1491	G	T
N2_Orang	0.00118631456846	1	24	A	G
N2_Orang	0.00121326135735	1	46	C	T
N2_Orang	0.00187784187644	2	1227	C	G
N2_Orang	0.00215219346027	2	1039	T	G
N2_Orang	0.00259544296602	2	904	T	A
N2_Orang	0.00284000779505	1	179	G	A
N2_Orang	0.0028575825916	2	1077	T	G
N2_Orang	0.00320447439556	1	963	T	C
N2_Orang	0.00416291583916	2	468	T	G
N2_Orang	0.00453445245949	1	858	T	C
N2_Orang	0.00464636608855	1	1328	T	A
N2_Orang	0.00493859573461	1	309	T	A
N2_Orang	0.00519713119622	1	307	G	A
N2_Orang	0.00567921564041	1	433	G	A
N2_Orang	0.00629767205883	2	597	T	C
N2_Orang	0.00631069018519	1	978	T	C
N2_Orang	0.00719298962203	1	702	G	A
N2_Orang	0.00731569723738	2	260	C	G
N2_Orang	0.00742594757689	2	351	A	C
N2_Orang	0.0077992489441	2	1125	C	A
N2_Orang	0.00788081007733	2	111	C	T
N2_Orang	0.00790793857016	2	246	T	C
N2_Orang	0.00872091053561	1	138	C	T
N2_Orang	0.00901817569274	2	946	A	G
N2_Orang	0.00908479104058	1	983	T	C
N2_Orang	0.00915472310742	2	1084	C	G
N2_Orang	0.00952274690469	2	1162	C	A
N2_Orang	0.00952385251311	1	503	C	T
N2_Orang	0.00955652462817	1	612	G	A
N2_Orang	0.00966416453852	1	1310	A	C
N2_Orang	0.0098467330699	2	1265	G	C
N2_Orang	0.0103468178352	1	415	C	A
N2_Orang	0.0109772544416	1	505	A	G
N2_Orang	0.0110487930833	2	1078	T	A
N2_Orang	0.0113034349176	1	767	T	C
N2_Orang	0.0121832653032	2	1567	A	G
N2_Orang	0.0124183015441	2	626	C	T
N2_Orang	0.0127296090057	2	1481	A	C
N2_Orang	0.0128240124304	2	531	C	T
N2_Orang	0.0128464934326	1	1415	C	A
N2_Orang	0.0135404161516	1	434	A	T
N2_Orang	0.0136228818856	2	384	T	C
N2_Orang	0.014173834329	1	1132	T	C
N2_Orang	0.0141815671416	2	448	A	G
N2_Orang	0.0149281827903	1	62	T	C
N2_Orang	0.0149434523174	1	1235	T	C
N2_Orang	0.0151903737754	1	226	G	C
N2_Orang	0.0151913179078	1	1198	C	A
N2_Orang	0.0154170685777	2	477	C	G
N2_Orang	0.0156856389943	2	399	A	C
N2_Orang	0.016330761618	1	1248	A	T
N2_Orang	0.0164072860804	2	1320	A	C
N2_Orang	0.0164882538545	2	1222	A	T
N2_Orang	0.0169079361468	2	1524	C	T
N2_Orang	0.0174516066656	2	784	C	A
N2_Orang	0.0176279890705	1	974	G	T
N2_Orang	0.0176426782653	1	1486	C	T
N2_Orang	0.0176853458494	1	551	A	T
N2_Orang	0.0177369948336	2	990	A	T
N2_Orang	0.0180379162523	1	1429	A	G
N1_Macaq	0.000336994323908	2	164	C	T
N1_Macaq	0.00166495918	1	1217	G	A
N1_Macaq	0.00253666684599	1	795	A	G
N1_Macaq	0.00262447032273	2	1353	C	T
N1_Macaq	0.00272948943745	2	764	C	T
N1_Macaq	0.00324835553841	2	764	T	A
N1_Macaq	0.00334548740982	1	950	T	C
N1_Macaq	0.00341267556374	1	1425	T	C
N1_Macaq	0.00353980693095	2	821	T	G
N1_Macaq	0.00368525926003	2	1090	G	A
N1_Macaq	0.00413679548491	2	372	T	C
N1_Macaq	0.00415034202886	2	1171	A	G
N1_Macaq	0.00433302495845	2	218	G	A
N1_Macaq	0.0044671133289	2	410	G	A
N1_Macaq	0.00479008392678	1	19	A	T
N1_Macaq	0.00584176953302	2	414	G	A
N1_Macaq	0.00589454600039	2	344	T	A
N1_Macaq	0.00595155139465	1	1204	G	A
N1_Macaq	0.00604344080298	1	1043	A	G
N1_Macaq	0.00615321888723	2	1167	G	T
N1_Macaq	0.00629347888651	1	766	A	C
N1_Macaq	0.00633206195864	1	250	C	T
N1_Macaq	0.00641412597279	2	852	A	G
N1_Macaq	0.00681950095832	2	1266	G	T
N1_Macaq	0.00708461110537	1	749	C	G
N1_Macaq	0.00740992355182	2	1090	A	T
N1_Macaq	0.00763646918207	1	146	A	C
N1_Macaq	0.00764196780111	2	1165	T	C
N1_Macaq	0.00800007111113	1	755	T	G
N1_Macaq	0.00826063267726	1	1410	A	T
N1_Macaq	0.00846564789117	1	1114	A	G
N1_Macaq	0.00887371648098	2	1067	G	T
N1_Macaq	0.00890786031007	2	1223	C	T
N1_Macaq	0.00896871598203	1	334	A	G
N1_Macaq	0.00911600706706	2	403	G	A
N1_Macaq	0.0092044430171	1	1266	G	A
N1_Macaq	0.00963476425505	2	39	C	T
N1_Macaq	0.00977742168972	1	332	G	T
N1_Macaq	0.00983771144915	2	1	A	G
N1_Macaq	0.0103724492954	1	1187	T	A
N1_Macaq	0.0105370154575	1	972	T	C
N1_Macaq	0.0105432571877	1	125	T	C
N1_Macaq	0.0108339006056	2	589	T	C
N1_Macaq	0.0108808916861	1	387	T	G
N1_Macaq	0.0113478827801	2	1116	C	T
N1_Macaq	0.0116651320501	1	628	G	A
N1_Macaq	0.0117685843758	1	1267	A	T
N1_Macaq	0.0122143643154	1	1516	C	T
N1_Macaq	0.0124591731787	1	531	C	T
N1_Macaq	0.012908711189	1	186	T	G
N1_Macaq	0.0131439618345	2	867	G	A
N1_Macaq	0.0131571943583	1	1117	T	C
N1_Macaq	0.0134411624996	2	1386	A	G
N1_Macaq	0.0138066136376	2	433	G	A
N1_Macaq	0.0142257961519	1	334	G	A
N1_Macaq	0.0147139935569	1	958	A	G
N1_Macaq	0.0149682717061	2	534	T	G
N1_Macaq	0.0154339492623	2	1156	G	T
N1_Macaq	0.0161989456885	1	431	G	A
N1_Macaq	0.0165552312891	2	1122	T	C
N1_Macaq	0.0167281884965	1	1075	G	A
N1_Macaq	0.0170731681253	2	359	C	A
N1_Macaq	0.0171959484986	1	132	G	T
N1_Macaq	0.0172791143348	1	1135	A	G
N1_Macaq	0.0173536177834	2	65	G	C
N1_Macaq	0.0173892164436	1	964	A	C
N1_Macaq	0.0182229339953	1	1155	G	T
N1_Macaq	0.0185467267549	2	1186	C	G
N1_Macaq	0.0186007098046	1	952	G	A
N1_Macaq	0.0186710718254	2	1363	T	C
N1_Macaq	0.018740300389	1	164	A	G
N1_Macaq	0.0190104676563	2	986	T	A
N1_Macaq	0.0190585431451	2	1178	G	A
N1_Macaq	0.0193391084487	1	930	G	A
N1_Macaq	0.0198589073794	1	157	A	C
N1_Macaq	0.0200799333882	1	535	G	A
N1_Macaq	0.0203047948908	1	632	A	T
N1_Macaq	0.0203115198462	1	465	A	T
N1_Macaq	0.0203257657507	1	867	G	A
N1_Macaq	0.0204360151425	2	1361	A	T
N1_Macaq	0.020438220671	2	796	G	C
N1_Macaq	0.0205607152326	1	1031	G	A
N1_Macaq	0.0208069814413	2	1020	T	C
N1_Macaq	0.0212234641816	2	209	A	T
N1_Macaq	0.0215461881183	1	619	C	G
N1_Macaq	0.0217808270015	1	1410	T	C
N1_Macaq	0.0222979316209	1	3	T	C
N1_Macaq	0.0224218954174	2	616	A	G
N1_Macaq	0.022740699049	1	400	C	T
N1_Macaq	0.0237768001571	2	941	G	T
N1_Macaq	0.024184750912	1	1063	T	C
N1_Macaq	0.0242800534925	1	1093	C	T
N1_Macaq	0.0244146974016	1	117	T	C
N1_Macaq	0.0250000872838	2	301	T	C
N1_Macaq	0.0255796092395	2	1109	G	A
N1_Macaq	0.0264830448785	1	1097	C	T
N1_Macaq	0.0272488304997	1	1179	G	T
N1_Macaq	0.028066385041	2	897	T	A
N1_Macaq	0.0288267426864	1	382	A	C
N1_Macaq	0.0298112455887	1	490	C	T
N1_Macaq	0.0299883897498	2	1290	T	A
N1_Macaq	0.0303195083422	1	585	T	A
N1_Macaq	0.0312548969805	2	969	C	T
N1_Macaq	0.0313277543299	2	944	C	T
N1_Macaq	0.0317557631528	2	214	A	G
N1_Macaq	0.0318915315839	2	18	T	C
N1_Macaq	0.0324666511185	2	1512	A	G
N1_Macaq	0.0335985202596	1	482	T	G
N1_Macaq	0.0337778171297	1	1575	T	C
N1_Macaq	0.0344249402989	1	1526	G	A
N1_Macaq	0.0347369304827	1	1114	G	A
N1_Macaq	0.0349083193684	1	776	T	A
N1_Macaq	0.0350826875395	1	1390	G	T
N1_Macaq	0.0351608406946	1	199	A	T
N1_Macaq	0.0353282826505	1	942	C	G
N1_Macaq	0.0358565169613	2	756	C	T
N1_Macaq	0.0360014724779	2	1228	T	A
N1_Macaq	0.0369387771902	2	865	T	G
N1_Macaq	0.0369796913379	1	1346	A	T
N1_Macaq	0.037183163538	2	89	T	A
N1_Macaq	0.0372446137471	1	1377	C	T
N1_Macaq	0.037334215651	2	861	C	G
N1_Macaq	0.0374291973449	2	1557	C	T
N1_Macaq	0.0379989190144	2	1562	C	T
N1_Macaq	0.0387067412384	2	178	C	T
N1_Macaq	0.0389126521233	2	413	A	G
N1_Macaq	0.0392765594908	1	566	A	G
N1_Macaq	0.0394233404435	2	484	G	A
N1_Macaq	0.0396310728648	2	127	C	T
N1_Macaq	0.0402227333434	1	587	A	G
N1_Macaq	0.0406686530628	1	411	A	G
N1_Macaq	0.0407237028168	2	1278	A	G
N1_Macaq	0.0409300558368	1	451	C	T
N1_Macaq	0.0409789575929	2	650	A	G
N1_Macaq	0.0414634333724	2	444	G	A
N1_Macaq	0.0418330098824	1	581	A	C
N1_Macaq	0.0419304927676	2	1422	C	T
N1_Macaq	0.0419764094746	1	175	T	C
N1_Macaq	0.0423007123625	2	753	T	A
N1_Macaq	0.0423561750149	1	1279	C	T
N1_Macaq	0.0427940668359	2	1014	A	G
N1_Macaq	0.0428737707082	1	1132	T	A
N1_Macaq	0.0436153529992	1	689	C	A
N1_Macaq	0.0438167013124	2	333	T	C
N0_Mouse	0.00065304223121	0	529	C	A
N0_Mouse	0.00140568151695	0	66	T	A
N0_Mouse	0.00251374709468	0	583	G	T
N0_Mouse	0.00325272174576	0	820	G	A
N0_Mouse	0.00333466061515	0	1022	G	C
N0_Mouse	0.00360941797562	0	582	G	T
N0_Mouse	0.00442642678958	0	1427	A	G
N0_Mouse	0.00483375503759	0	148	C	T
N0_Mouse	0.00497002390271	0	596	A	T
N0_Mouse	0.00700789814529	0	1395	T	G
N0_Mouse	0.00715812079239	0	652	T	C
N0_Mouse	0.00778786062626	0	824	C	T
N0_Mouse	0.00940653269219	0	28	A	G
N0_Mouse	0.0104100597169	0	1314	C	T
N0_Mouse	0.0107788756138	0	740	G	C
N0_Mouse	0.0147548886993	0	1070	A	G
N0_Mouse	0.0151651082494	0	1542	T	G
N0_Mouse	0.0156035435342	0	160	C	A
N0_Mouse	0.015682573461	0	17	C	G
N0_Mouse	0.0158097170189	0	1311	A	G
N0_Mouse	0.015890994125	0	1110	G	A
N0_Mouse	0.0168950461086	0	1404	T	C
N0_Mouse	0.0192065616554	0	83	A	G
N0_Mouse	0.0203970765421	0	695	T	G
N0_Mouse	0.0211988996465	0	921	T	G
N0_Mouse	0.0216627422416	0	905	T	G
N0_Mouse	0.0227484348238	0	1054	C	A
N0_Mouse	0.0238506934086	0	1093	C	T
N0_Mouse	0.0251286027435	0	1507	T	C
N0_Mouse	0.025492420962	0	1133	G	A
N0_Mouse	0.0255507174898	0	835	C	A
N0_Mouse	0.0257529759781	0	69	G	A
N0_Mouse	0.0257990254274	0	1103	G	A
N0_Mouse	0.0262054439602	0	217	G	C
N0_Mouse	0.0270048158242	0	1528	A	G
N0_Mouse	0.027415521677	0	1377	C	A
N0_Mouse	0.0289984335423	0	1208	G	A
N0_Mouse	0.0308228799842	0	146	A	G
N0_Mouse	0.0314215187395	0	1539	G	C
N0_Mouse	0.0332599207971	0	811	C	T
N0_Mouse	0.0338320241033	0	1128	A	G
N0_Mouse	0.0339998359805	0	729	A	G
N0_Mouse	0.0348393426328	0	746	A	G
N0_Mouse	0.0370360872221	0	1131	G	A
N0_Mouse	0.0374378439289	0	628	G	A
N0_Mouse	0.0379278176307	0	316	C	T
N0_Mouse	0.0380956478481	0	1030	C	T
N0_Mouse	0.0382986820471	0	1177	A	T
N0_Mouse	0.0384246914339	0	191	C	T
N0_Mouse	0.0394089351932	0	1474	T	C
N0_Mouse	0.0400205381369	0	1310	G	A
N0_Mouse	0.0406135435566	0	1387	C	T
N0_Mouse	0.0411408675148	0	903	A	C
N0_Mouse	0.0417876169451	0	1540	G	A
N0_Mouse	0.0419847142376	0	1501	T	C
N0_Mouse	0.0424573755142	0	647	G	A
N0_Mouse	0.043232074847	0	1310	A	G
N0_Mouse	0.0441972253083	0	404	T	C
N0_Mouse	0.0451138520539	0	512	G	C
N0_Mouse	0.0456191661494	0	305	C	A
N0_Mouse	0.0457178733712	0	248	G	A
N0_Mouse	0.0466327373075	0	549	G	C
N0_Mouse	0.0467139945247	0	160	A	G
N0_Mouse	0.0467616962295	0	235	C	T
N0_Mouse	0.0469546681954	0	1540	A	C
N0_Mouse	0.0470206821235	0	1134	C	T
N0_Mouse	0.0480672516628	0	896	A	G
N0_Mouse	0.0480808806729	0	1053	A	G
N0_Mouse	0.0482620612965	0	1441	A	G
N0_Mouse	0.0483492155326	0	635	C	G
N0_Mouse	0.0486061510351	0	415	C	T
N0_Mouse	0.0489621508814	0	346	A	T
N0_Mouse	0.0490414421304	0	774	C	T
N0_Mouse	0.0494944109686	0	476	A	G
N0_Mouse	0.0494998426539	0	373	A	T
N0_Mouse	0.0502889851202	0	12	C	T
N0_Mouse	0.0503175648192	0	308	G	C
N0_Mouse	0.0504434550844	0	320	A	C
N0_Mouse	0.0505855144307	0	476	G	T
N0_Mouse	0.0517914833121	0	663	C	T
N0_Mouse	0.0519648432812	0	1121	A	C
N0_Mouse	0.0529763217614	0	1321	C	A
N0_Mouse	0.0529997766863	0	534	T	C
N0_Mouse	0.0530077229875	0	655	C	A
N0_Mouse	0.0532077899467	0	1067	G	C
N0_Mouse	0.0532752712801	0	1504	G	A
N0_Mouse	0.0552920064614	0	138	A	G
N0_Mouse	0.0554504754302	0	219	A	T
N0_Mouse	0.0569177569828	0	615	C	A
N0_Mouse	0.057006126783	0	1376	C	T
N0_Mouse	0.0575758857705	0	873	G	A
N0_Mouse	0.0579765709432	0	1569	C	T
N0_Mouse	0.0588755972586	0	675	A	T
N0_Mouse	0.0589422168714	0	940	G	T
N0_Mouse	0.0595827840105	0	962	G	C
N0_Mouse	0.0598960248074	0	162	C	T
N0_Mouse	0.0602946540056	0	279	A	G
N0_Mouse	0.061584811343	0	748	C	G
N0_Mouse	0.0620345940095	0	517	A	G
N0_Mouse	0.0628389249726	0	33	A	C
N0_Mouse	0.0636570799156	0	1033	C	G
N0_Mouse	0.0643184944006	0	152	C	G
N0_Mouse	0.0644721396359	0	581	A	T
N0_Mouse	0.0658361412936	0	1108	G	A
N0_Mouse	0.0663120795478	0	255	A	G
N0_Mouse	0.0672830253627	0	985	T	A
N0_Mouse	0.0678940139704	0	11	T	C
N0_Mouse	0.0710622420198	0	267	C	T
N0_Mouse	0.0728583043117	0	599	G	A
N0_Mouse	0.0732505983685	0	967	A	T
N0_Mouse	0.0736424658697	0	848	T	C
N0_Mouse	0.0739822976717	0	1281	G	A
N0_Mouse	0.0742594394791	0	1065	A	C
N0_Mouse	0.0755011423554	0	833	C	T
N0_Mouse	0.0770702358559	0	100	A	C
N0_Mouse	0.0773281913964	0	1187	A	C
N0_Mouse	0.0774690791816	0	815	C	A
N0_Mouse	0.0777524933453	0	1487	G	T
N0_Mouse	0.0780425678973	0	351	G	A
N0_Mouse	0.0780481645509	0	6	T	C
N0_Mouse	0.0793234244288	0	786	G	C
N0_Mouse	0.0798931607047	0	1223	C	T
N0_Mouse	0.0803012815392	0	114	A	G
N0_Mouse	0.081446437468	0	733	C	T
N0_Mouse	0.0814806509817	0	1038	A	T
N0_Mouse	0.0817583889907	0	365	G	A
N0_Mouse	0.0818596901551	0	1489	T	A
N0_Mouse	0.0819179764436	0	674	A	G
N0_Mouse	0.0830365238591	0	1342	T	G
N0_Mouse	0.0834027708175	0	1361	A	C
N0_Mouse	0.0842052710497	0	1169	C	T
N0_Mouse	0.0848632016938	0	111	C	T
N0_Mouse	0.0867673538994	0	1036	G	C
N0_Mouse	0.0883704159597	0	870	C	T
N0_Mouse	0.088390973461	0	1083	T	A
N0_Mouse	0.0887299848543	0	469	A	C
N0_Mouse	0.0907652077903	0	142	C	G
N0_Mouse	0.0908852536997	0	480	C	T
N0_Mouse	0.0929874590397	0	1473	C	T
N0_Mouse	0.0931033657404	0	1449	G	A
N0_Mouse	0.0938811133456	0	775	A	G
N0_Mouse	0.0944839241162	0	344	T	A
N0_Mouse	0.0965763834034	0	893	T	C
N0_Mouse	0.0981929092748	0	668	T	C
N0_Mouse	0.0985531414525	0	1056	C	T
N0_Mouse	0.0988590445073	0	1157	C	T
N0_Mouse	0.098917259009	0	496	G	A
N0_Mouse	0.0990902037042	0	1174	A	G
N0_Mouse	0.0999660212842	0	1291	G	T
N0_Mouse	0.100061674681	0	1511	C	T
N0_Mouse	0.100180721204	0	555	G	T
N0_Mouse	0.101026436339	0	1022	C	T
N0_Mouse	0.101225621813	0	854	T	C
N0_Mouse	0.101438827533	0	177	A	T
N0_Mouse	0.102876656184	0	1482	A	T
N0_Mouse	0.103037546204	0	749	C	T
N0_Mouse	0.10311160393	0	796	T	C
N0_Mouse	0.104124312881	0	1565	T	G
N0_Mouse	0.104409943865	0	1453	T	C
N0_Mouse	0.104446236786	0	1428	T	C
N0_Mouse	0.106997646545	0	37	T	C
N0_Mouse	0.10744427768	0	498	T	A
N0_Mouse	0.108568138923	0	540	T	C
N0_Mouse	0.108777882523	0	1188	A	G
N0_Mouse	0.109332613447	0	46	C	T
N0_Mouse	0.109566474014	0	1295	C	T
N0_Mouse	0.109625950466	0	836	C	T
N0_Mouse	0.110329818198	0	884	G	A
N0_Mouse	0.112128002932	0	647	A	C
N0_Mouse	0.11258193843	0	299	A	G
N0_Mouse	0.113014205365	0	1008	T	A
N0_Mouse	0.114776339573	0	100	C	T
N0_Mouse	0.116046342005	0	1573	T	G
N0_Mouse	0.11694041486	0	956	A	T
N0_Mouse	0.117098078531	0	432	G	A
N0_Mouse	0.117633225215	0	1257	T	A
N0_Mouse	0.117695684785	0	2	T	C
N0_Mouse	0.118244483908	0	232	T	A
N0_Mouse	0.119705625506	0	497	C	T
N0_Mouse	0.120970479093	0	1529	A	G
N0_Mouse	0.121149971328	0	123	A	G
N0_Mouse	0.121766228602	0	399	A	T
N0_Mouse	0.122234488182	0	1105	C	T
N0_Mouse	0.1225087833	0	382	T	C
N0_Mouse	0.122582020295	0	893	C	A
N0_Mouse	0.122815125681	0	538	A	G
N0_Mouse	0.122927309783	0	836	T	C
N0_Mouse	0.123615521575	0	899	G	A
N0_Mouse	0.123744741017	0	313	G	T
N0_Mouse	0.124376625545	0	471	T	C
N0_Mouse	0.127401889969	0	1436	C	G
N0_Mouse	0.127575949553	0	332	G	A
N0_Mouse	0.128675916444	0	357	T	C
N0_Mouse	0.129873235469	0	871	A	C
N0_Mouse	0.130534947035	0	1353	C	A
N0_Mouse	0.130582751261	0	1536	G	A
N0_Mouse	0.130732129514	0	731	G	A
N0_Mouse	0.131310414304	0	408	T	C
N0_Mouse	0.132307734741	0	903	C	T
N0_Mouse	0.13344151221	0	347	C	T
N0_Mouse	0.133952484461	0	269	C	G
N0_Mouse	0.136569840415	0	1098	T	G
N0_Mouse	0.136785233439	0	671	G	A
N0_Mouse	0.136919816948	0	52	C	T
N0_Mouse	0.137522743601	0	188	A	C
N0_Mouse	0.137885637218	0	503	C	G
N0_Mouse	0.137982683807	0	653	T	C
N0_Mouse	0.138120934891	0	509	A	T
N0_Mouse	0.138154106029	0	13	G	T
N0_Mouse	0.13817569024	0	1404	C	G
N0_Mouse	0.138241294373	0	1400	G	C
N0_Mouse	0.138595535177	0	32	A	T
N0_Mouse	0.138736553005	0	615	A	G
N0_Mouse	0.139402094748	0	230	T	A
N0_Mouse	0.139505612007	0	1043	A	T
N0_Mouse	0.139514956055	0	196	G	T
N0_Mouse	0.139936929859	0	307	G	A
N0_Mouse	0.141307772899	0	1404	G	T
N0_Mouse	0.141778707971	0	565	A	T
N0_Mouse	0.141875411194	0	190	T	C
N0_Mouse	0.143908959803	0	197	G	T
N0_Mouse	0.144992903001	0	40	A	G
N0_Mouse	0.145065502704	0	470	T	C
N0_Mouse	0.14545144557	0	1292	T	A
N0_Mouse	0.146118269468	0	1511	T	A
N0_Mouse	0.146185209112	0	1174	G	A
N0_Mouse	0.146376654881	0	216	T	C
N0_Mouse	0.146711131346	0	1401	C	T
N0_Mouse	0.147226035425	0	464	G	A
N0_Mouse	0.14781577592	0	1114	A	T
N0_Mouse	0.147895040017	0	1122	A	C
N0_Mouse	0.148860457339	0	164	T	A
N0_Mouse	0.149281075137	0	370	C	A
N0_Mouse	0.149855953016	0	505	A	G
N0_Mouse	0.151991620422	0	839	C	A
N0_Mouse	0.153193971814	0	170	A	T
N0_Mouse	0.15487074187	0	1443	T	A
N0_Mouse	0.155456838671	0	814	G	A
N0_Mouse	0.155612113649	0	1428	C	T
N0_Mouse	0.156710446275	0	1022	T	G
N0_Mouse	0.156716547793	0	1019	T	C
N0_Mouse	0.156858269254	0	552	T	C
N0_Mouse	0.156999498789	0	812	A	G
N0_Mouse	0.15723614074	0	612	G	A
N0_Mouse	0.157532917851	0	1042	G	A
N0_Mouse	0.157600513932	0	1559	G	A
N0_Mouse	0.157640508125	0	1307	T	G
N0_Mouse	0.15809112446	0	190	C	T
N0_Mouse	0.158552949643	0	1357	C	T
N0_Mouse	0.158770854056	0	730	G	C
N0_Mouse	0.159967534394	0	1505	G	T
N0_Mouse	0.16022221671	0	893	A	G
N0_Mouse	0.160407851938	0	311	C	A
N0_Mouse	0.160742923644	0	336	T	G
N0_Mouse	0.161820447307	0	194	T	A
N0_Mouse	0.16187232974	0	324	T	C
N0_Mouse	0.162053773951	0	376	T	G
N0_Mouse	0.162060078047	0	207	T	A
N0_Mouse	0.162512635679	0	0	A	T
N0_Mouse	0.163559444437	0	1442	C	A
N0_Mouse	0.166605534722	0	1538	G	A
N0_Mouse	0.166711013962	0	342	G	A
N0_Mouse	0.168281123593	0	1103	A	T
N0_Mouse	0.168536261831	0	1472	T	G
N0_Mouse	0.168564363368	0	963	T	C
N0_Mouse	0.168895295249	0	1339	G	A
N0_Mouse	0.169052534528	0	1476	C	T
N0_Mouse	0.171388480261	0	743	T	G
N0_Mouse	0.172274443723	0	1047	C	T
N0_Mouse	0.172562209083	0	15	G	C
N0_Mouse	0.172627736419	0	687	T	G
N0_Mouse	0.173004872133	0	1276	T	C
N0_Mouse	0.173613899381	0	730	C	A
N0_Mouse	0.174175175157	0	966	C	A
N0_Mouse	0.174711129389	0	759	T	C
N0_Mouse	0.175157881897	0	559	T	C
N0_Mouse	0.176557349665	0	445	T	A
N0_Mouse	0.177409545435	0	686	G	A
N0_Mouse	0.178499051748	0	440	T	C
N0_Mouse	0.180521637701	0	172	C	T
N0_Mouse	0.180549982114	0	1228	T	G
N0_Mouse	0.180936426565	0	1213	G	A
N0_Mouse	0.181502595436	0	1272	A	C
N0_Mouse	0.183815409488	0	211	A	C
N0_Mouse	0.184069645846	0	309	G	C
N0_Mouse	0.184266554779	0	1255	T	A
N0_Mouse	0.18449696548	0	1049	A	T
N0_Mouse	0.184602271566	0	552	C	T
N0_Mouse	0.185025694755	0	759	C	T
N0_Mouse	0.185955244621	0	625	G	A
N0_Mouse	0.185982447314	0	1382	T	A
N0_Mouse	0.186764656417	0	468	T	C
N0_Mouse	0.186905184818	0	540	C	A
N0_Mouse	0.187354724139	0	335	A	C
N0_Mouse	0.187985481302	0	1552	T	A
N0_Mouse	0.18809744821	0	914	A	T
N0_Mouse	0.189090609571	0	1501	C	G
N0_Mouse	0.189529487274	0	1255	A	G
N0_Mouse	0.190977878128	0	831	T	G
N0_Mouse	0.191326230343	0	1198	C	A
N0_Mouse	0.192021679334	0	960	C	T
N0_Mouse	0.192236157617	0	1087	A	C
N0_Mouse	0.192297595101	0	676	C	T
N0_Mouse	0.192449020241	0	678	T	A
N0_Mouse	0.192635095164	0	763	G	T
N0_Mouse	0.192972580126	0	1494	T	A
N0_Mouse	0.193041223019	0	905	G	T
N0_Mouse	0.193088706229	0	150	C	T
N0_Mouse	0.19346380843	0	343	A	T
N0_Mouse	0.194160989282	0	533	T	C
N0_Mouse	0.195043895439	0	806	T	C
N0_Mouse	0.195057838599	0	471	C	T
N0_Mouse	0.195085442775	0	888	T	C
N0_Mouse	0.195466352934	0	152	G	T
N0_Mouse	0.195550444267	0	1493	T	G
N0_Mouse	0.195573486753	0	27	G	A
N0_Mouse	0.195937545119	0	100	T	G
N0_Mouse	0.198241635287	0	591	C	G
N0_Mouse	0.198302149664	0	1197	A	C
N0_Mouse	0.198583312508	0	301	T	C
N0_Mouse	0.199243005963	0	1442	A	G
N0_Mouse	0.199773510155	0	1395	G	A
N0_Mouse	0.199931356443	0	1284	C	G
N0_Mouse	0.200405734126	0	993	G	A
N0_Mouse	0.200820161835	0	928	G	A
N0_Mouse	0.20142643423	0	1468	T	C
N0_Mouse	0.201894402192	0	855	T	C
N0_Mouse	0.202232282065	0	337	T	G
N0_Mouse	0.204128426738	0	609	A	G
N0_Mouse	0.205685826497	0	295	T	A
N0_Mouse	0.206357593643	0	1540	C	T
N0_Mouse	0.2084643325	0	787	G	A
N0_Mouse	0.208776727872	0	1553	G	T
N0_Mouse	0.209152476529	0	614	G	T
N0_Mouse	0.20935237014	0	1340	A	T
N0_Mouse	0.209386197059	0	1571	A	T
N0_Mouse	0.211518498732	0	577	T	C
N0_Mouse	0.211878202021	0	263	T	A
N0_Mouse	0.212094148487	0	746	G	A
N0_Mouse	0.212463937767	0	659	T	G
N0_Mouse	0.213363150732	0	979	G	A
N0_Mouse	0.215683934842	0	66	A	C
N0_Mouse	0.215849147362	0	1153	T	C
N0_Mouse	0.215895435152	0	453	A	T
N0_Mouse	0.219996631679	0	877	T	G
N0_Mouse	0.220645961132	0	1000	A	T
N0_Mouse	0.220905994712	0	108	A	G
N0_Mouse	0.221208969148	0	922	A	T
N0_Mouse	0.222329939265	0	1386	A	T
N0_Mouse	0.222783601107	0	1358	T	G
N0_Mouse	0.222933610029	0	1516	T	C
N0_Mouse	0.223972964814	0	1050	G	A
N0_Mouse	0.224874127317	0	532	T	G
N0_Mouse	0.225397760548	0	1083	A	G
N0_Mouse	0.225843340901	0	1208	A	G
N0_Mouse	0.225987753768	0	957	T	G
N0_Mouse	0.227267887421	0	1182	G	A
N0_Mouse	0.227754187352	0	865	T	C
N0_Mouse	0.228118433414	0	1400	C	G
N0_Mouse	0.228334880574	0	73	G	A
N0_Mouse	0.228538460764	0	11	C	T
N0_Mouse	0.229349885809	0	325	T	A
N0_Mouse	0.231003513711	0	1066	C	T
N0_Mouse	0.231596002432	0	952	G	A
N0_Mouse	0.231672490705	0	228	G	A
N0_Mouse	0.23216046981	0	76	C	A
N0_Mouse	0.232579661603	0	330	G	A
N0_Mouse	0.232606779034	0	555	T	C
N0_Mouse	0.232879568343	0	71	A	T
N0_Mouse	0.23303752014	0	10	A	C
N0_Mouse	0.233194500957	0	743	G	C
N0_Mouse	0.233427512869	0	1	A	T
N0_Mouse	0.236931755404	0	847	G	T
N0_Mouse	0.236946245237	0	1096	G	T
N0_Mouse	0.237282175835	0	1494	A	T
N0_Mouse	0.237295807538	0	8	C	T
N0_Mouse	0.237333649265	0	650	A	C
N0_Mouse	0.237913226293	0	760	A	C
N0_Mouse	0.238236626725	0	557	A	G
N0_Mouse	0.239872980908	0	866	G	C
N0_Mouse	0.239896056899	0	408	C	G
N0_Mouse	0.241242692705	0	337	G	A
N0_Mouse	0.241290146823	0	590	A	G
N0_Mouse	0.241412986437	0	768	A	T
N0_Mouse	0.24219835208	0	1122	C	T
N0_Mouse	0.242348707896	0	1304	A	T
N0_Mouse	0.244258990629	0	977	A	C
N0_Mouse	0.244961793666	0	640	T	A
N0_Mouse	0.245654561385	0	1503	T	A
N0_Mouse	0.246904597976	0	1255	G	C
N0_Mouse	0.248498250758	0	1212	G	T
N0_Mouse	0.249297117694	0	1278	A	C
N0_Mouse	0.249473513459	0	504	A	T
N0_Mouse	0.250218586422	0	176	A	G
N0_Mouse	0.250677417829	0	1222	A	G
N0_Mouse	0.251025679604	0	550	A	G
N0_Mouse	0.251175995549	0	24	A	T
N0_Mouse	0.251546783618	0	557	G	A
N0_Mouse	0.251599421017	0	589	T	A
N0_Mouse	0.251954423756	0	523	A	T
N0_Mouse	0.252425040024	0	983	T	G
N0_Mouse	0.252931687577	0	170	T	A
N0_Mouse	0.253263572117	0	232	A	T
N0_Mouse	0.255803461254	0	656	T	G
N0_Mouse	0.255856911847	0	225	G	A
N0_Mouse	0.256385049285	0	91	G	C
N0_Mouse	0.256504520622	0	914	T	G
N0_Mouse	0.256753728225	0	962	C	T
N0_Mouse	0.257118788354	0	1239	C	T
N0_Mouse	0.257679127108	0	324	C	T
N0_Mouse	0.25868576161	0	357	C	T
N0_Mouse	0.259767077517	0	1069	T	C
N0_Mouse	0.261542829229	0	1435	T	G
N0_Mouse	0.261684086059	0	609	G	A
N0_Mouse	0.265365021642	0	1311	G	A
N0_Mouse	0.265824543903	0	748	G	A
N0_Mouse	0.26614714535	0	480	T	C
N0_Mouse	0.266565234053	0	1285	A	C
N0_Mouse	0.266675869576	0	962	T	G
N0_Mouse	0.267439918549	0	1329	C	A
N0_Mouse	0.26889700701	0	1317	G	A
N0_Mouse	0.26974804247	0	165	T	A
N0_Mouse	0.270350218208	0	1446	G	T
N0_Mouse	0.270604782054	0	613	A	T
N0_Mouse	0.270752409726	0	588	A	G
N0_Mouse	0.271894879059	0	969	C	G
N0_Mouse	0.272175426195	0	1468	C	T
N0_Mouse	0.272683704042	0	698	T	G
N0_Mouse	0.273148609094	0	715	G	C
N0_Mouse	0.273191184389	0	765	A	G
N0_Mouse	0.273442735419	0	35	G	A
N0_Mouse	0.273895579654	0	51	T	A
N0_Mouse	0.273900898407	0	683	A	G
N0_Mouse	0.274750009117	0	565	T	C
N0_Mouse	0.274757810106	0	546	T	G
N0_Mouse	0.275230706659	0	930	G	C
N0_Mouse	0.277093974891	0	1414	T	C
N0_Mouse	0.277583026544	0	1068	C	T
N0_Mouse	0.277743929263	0	570	G	T
N0_Mouse	0.278906492142	0	444	G	T
N0_Mouse	0.279637050539	0	871	C	T
N0_Mouse	0.27966850395	0	115	T	C
N0_Mouse	0.280923336354	0	206	T	A
N0_Mouse	0.281545474279	0	896	G	A
N0_Mouse	0.282331594986	0	541	C	A
N0_Mouse	0.282389941944	0	431	G	C
N0_Mouse	0.282461711049	0	1148	G	A
N0_Mouse	0.282776875331	0	789	T	C
N0_Mouse	0.283754899349	0	930	C	G
N0_Mouse	0.285851858733	0	1522	A	T
N0_Mouse	0.285869454797	0	911	G	A
N0_Mouse	0.285975859654	0	563	T	A
N0_Mouse	0.286423529048	0	367	G	C
N0_Mouse	0.287644898301	0	1229	C	G
N0_Mouse	0.287940313997	0	1393	C	G
N0_Mouse	0.288506760741	0	1332	C	T
N0_Mouse	0.28892728724	0	282	T	A
N0_Mouse	0.289723291918	0	734	A	G
N0_Mouse	0.290100003843	0	88	T	G
N0_Mouse	0.290526058773	0	13	T	A
N0_Mouse	0.29060226273	0	965	T	C
N0_Mouse	0.291494544172	0	1121	C	G
N0_Mouse	0.291650600844	0	183	G	A
N0_Mouse	0.292156892999	0	382	C	T
N0_Mouse	0.292866586066	0	1084	C	A
N0_Mouse	0.293765582944	0	546	G	A
N0_Mouse	0.2944058228	0	934	G	C
N0_Mouse	0.294446980337	0	1419	G	A
N0_Mouse	0.295639847201	0	303	G	A
N0_Mouse	0.296273023007	0	1570	G	A
N0_Mouse	0.296639744361	0	813	C	T
N0_Mouse	0.297475334851	0	1541	T	G
N0_Mouse	0.299503588704	0	896	A	G
N0_Mouse	0.300641537074	0	1562	C	G
N0_Mouse	0.300845478831	0	1257	A	C
N0_Mouse	0.301801101166	0	763	T	C
N0_Mouse	0.302328765867	0	1217	G	T
N0_Mouse	0.302625099689	0	407	G	C
N0_Mouse	0.302666351873	0	665	G	A
N0_Mouse	0.302955203633	0	966	A	G
N0_Mouse	0.303190200955	0	458	G	T
N0_Mouse	0.304118905263	0	337	A	T
N0_Mouse	0.305654093974	0	1565	G	A
N0_Mouse	0.306340926225	0	460	C	T
N0_Mouse	0.306614794508	0	253	C	T
N0_Mouse	0.307405832744	0	665	A	G
N0_Mouse	0.307570701557	0	1075	G	A
N0_Mouse	0.307923991776	0	351	A	G
N0_Mouse	0.307925183079	0	810	A	T
N0_Mouse	0.309006067014	0	1364	G	T
N0_Mouse	0.309103163535	0	1281	A	T
N0_Mouse	0.309303834688	0	554	T	C
N0_Mouse	0.309413012838	0	79	C	T
N0_Mouse	0.309425636225	0	789	C	T
N0_Mouse	0.309544180601	0	501	G	A
N0_Mouse	0.309672176505	0	284	C	A
N0_Mouse	0.309756546908	0	724	T	C
N0_Mouse	0.309895610473	0	765	G	T
N0_Mouse	0.310385161648	0	1383	T	A
N0_Mouse	0.311344591345	0	293	C	G
N0_Mouse	0.311497997884	0	901	A	C
N0_Mouse	0.311815860687	0	149	G	A
N0_Mouse	0.312294814923	0	1017	T	A
N0_Mouse	0.312693036217	0	523	T	C
N0_Mouse	0.315328750645	0	1156	G	T
N0_Mouse	0.315382365677	0	1354	A	C
N0_Mouse	0.316298599683	0	993	A	T
N0_Mouse	0.316485331237	0	1569	T	A
N0_Mouse	0.317861012101	0	556	T	G
N0_Mouse	0.318273851449	0	743	C	A
N0_Mouse	0.318734526028	0	956	T	A
N0_Mouse	0.319005857004	0	462	G	A
N0_Mouse	0.319149889157	0	1192	T	A
N0_Mouse	0.319526918124	0	1253	C	A
N0_Mouse	0.320279105714	0	776	T	C
N0_Mouse	0.320424451431	0	980	C	T
N0_Mouse	0.321285357938	0	482	T	A
N0_Mouse	0.321743356819	0	1289	T	C
N0_Mouse	0.322285472143	0	580	C	T
N0_Mouse	0.324027489573	0	334	A	G
N0_Mouse	0.324278671663	0	444	T	A
N0_Mouse	0.325053395481	0	134	C	T
N0_Mouse	0.325096676286	0	1275	A	C
N0_Mouse	0.325429465944	0	585	T	G
N0_Mouse	0.325882664964	0	766	A	G
N0_Mouse	0.326230282476	0	1549	T	A
N0_Mouse	0.326298741852	0	1469	G	T
N0_Mouse	0.3267808976	0	1210	G	T
N0_Mouse	0.326828184673	0	416	A	G
N0_Mouse	0.326845553626	0	580	T	A
N0_Mouse	0.326982787198	0	923	A	C
N0_Mouse	0.32916658666	0	1429	A	C
N0_Mouse	0.329954921453	0	1379	C	T
N0_Mouse	0.330529612862	0	766	G	A
N0_Mouse	0.330608130377	0	14	A	T
N0_Mouse	0.330976445487	0	1300	A	T
N0_Mouse	0.332125661034	0	216	C	T
N0_Mouse	0.332152225448	0	545	T	A
N0_Mouse	0.33231387922	0	178	C	T
N0_Mouse	0.332485523867	0	1246	T	C
N0_Mouse	0.333488745737	0	256	C	T
N0_Mouse	0.33420127907	0	878	G	A
N0_Mouse	0.334565285589	0	595	T	G
N0_Mouse	0.334841723109	0	1502	A	C
N0_Mouse	0.335416803398	0	666	T	A
N0_Mouse	0.336617775563	0	1456	T	C
N0_Mouse	0.336746881437	0	140	G	A
N0_Mouse	0.337523920617	0	435	A	C
N0_Mouse	0.339076458105	0	576	C	T
N0_Mouse	0.339536103669	0	631	T	G
N0_Mouse	0.339603247851	0	1190	A	C
N0_Mouse	0.340580670897	0	1448	G	T
N0_Mouse	0.340873732702	0	1359	C	A
N0_Mouse	0.342151658822	0	824	T	G
N0_Mouse	0.342766972495	0	1182	A	T
N0_Mouse	0.34348700455	0	846	G	A
N0_Mouse	0.343545600614	0	96	A	T
N0_Mouse	0.344214653212	0	201	A	T
N0_Mouse	0.344954011293	0	11	T	A
N0_Mouse	0.345213001459	0	23	A	G
N0_Mouse	0.345249776787	0	373	T	C
N0_Mouse	0.34533410295	0	713	A	C
N0_Mouse	0.345420481283	0	1357	T	G
N0_Mouse	0.34629750216	0	1308	T	C
N0_Mouse	0.34644379204	0	64	G	A
N0_Mouse	0.347271460495	0	1068	T	C
N0_Mouse	0.347603237625	0	1441	G	A
N0_Mouse	0.348118494652	0	533	C	T
N0_Mouse	0.348791069782	0	849	T	G
N0_Mouse	0.350310519655	0	114	G	T
N0_Mouse	0.351450804827	0	544	A	C
N0_Mouse	0.352191116927	0	654	A	G
N0_Mouse	0.352445483399	0	420	C	T
N0_Mouse	0.352876845871	0	556	G	A
N0_Mouse	0.354707391633	0	195	T	G
N0_Mouse	0.354882575081	0	604	C	A
N0_Mouse	0.35526286636	0	1375	T	C
N0_Mouse	0.355538005478	0	1420	C	T
N0_Mouse	0.355642233918	0	1062	A	T
N0_Mouse	0.356384718113	0	571	T	C
N0_Mouse	0.357967719922	0	348	C	G
N0_Mouse	0.358688582618	0	713	C	G
N0_Mouse	0.358890679389	0	338	A	G
N0_Mouse	0.359615770318	0	904	T	C
N0_Mouse	0.36041908394	0	347	T	A
N0_Mouse	0.360829953867	0	1075	A	T
N0_Mouse	0.361482220283	0	744	A	G
N0_Mouse	0.361575662263	0	1427	G	A
N0_Mouse	0.361690697156	0	1208	G	A
N0_Mouse	0.361740792129	0	563	A	T
N0_Mouse	0.361950965946	0	210	G	A
N0_Mouse	0.362332172359	0	492	T	C
N0_Mouse	0.363654224496	0	1491	G	A
N0_Mouse	0.36836937909	0	1164	A	G
N0_Mouse	0.368415685096	0	984	G	A
N0_Mouse	0.368510940113	0	636	T	C
N0_Mouse	0.368534882166	0	731	A	T
N0_Mouse	0.368542648435	0	100	G	A
N0_Mouse	0.370593798971	0	732	G	A
N0_Mouse	0.371048527484	0	861	C	G
N0_Mouse	0.372002694395	0	338	G	T
N0_Mouse	0.37327892923	0	378	G	A
N0_Mouse	0.374262580993	0	313	T	C
N0_Mouse	0.374277015923	0	1279	C	T
N0_Mouse	0.374611589452	0	776	C	G
N0_Mouse	0.374849596551	0	1271	C	T
N0_Mouse	0.375074687994	0	1220	G	C
N0_Mouse	0.375421806246	0	1467	G	T
N0_Mouse	0.377345336388	0	1472	G	T
N0_Mouse	0.37870317059	0	390	G	A
N0_Mouse	0.379550680017	0	1150	A	G
N0_Mouse	0.379762065703	0	988	G	A
N0_Mouse	0.379919767767	0	227	T	G
N0_Mouse	0.380167038552	0	1005	C	T
N0_Mouse	0.381009118008	0	868	C	T
N0_Mouse	0.381037552218	0	1037	A	T
N0_Mouse	0.38142548742	0	839	A	G
N0_Mouse	0.381825232543	0	154	A	T
N0_Mouse	0.382043911097	0	4	G	A
N0_Mouse	0.383307134699	0	1205	A	T
N0_Mouse	0.385011419719	0	737	T	A
N0_Mouse	0.386301437729	0	248	A	G
N0_Mouse	0.386420692596	0	1443	A	G
N0_Mouse	0.386666246087	0	382	T	A
N0_Mouse	0.387132758827	0	965	C	A
N0_Mouse	0.387544849777	0	317	C	T
N0_Mouse	0.389372461901	0	150	T	C
N0_Mouse	0.389532493754	0	297	T	C
N0_Mouse	0.391589274185	0	441	G	A
N0_Mouse	0.393813265395	0	1453	C	T
N0_Mouse	0.394237813238	0	630	G	C
N0_Mouse	0.395286666956	0	1400	G	C
N0_Mouse	0.395864946823	0	559	C	A
N0_Mouse	0.397916701182	0	977	C	T
N0_Mouse	0.398872836364	0	938	T	C
N0_Mouse	0.399585430734	0	238	T	C
N0_Mouse	0.401033589447	0	439	C	G
N0_Mouse	0.402483816127	0	640	A	C
N0_Mouse	0.403749427666	0	226	G	A
N0_Mouse	0.405155704216	0	933	T	C
N0_Mouse	0.405231813966	0	328	C	T
N0_Mouse	0.405786894317	0	591	G	A
N0_Mouse	0.406009821058	0	446	G	A
N0_Mouse	0.406684958185	0	989	T	C
N0_Mouse	0.40725651397	0	1083	G	T
N0_Mouse	0.408015436527	0	1275	C	T
N0_Mouse	0.408078116457	0	1285	C	A
N0_Mouse	0.408278825224	0	155	G	T
N0_Mouse	0.408429806282	0	1228	G	A
N0_Mouse	0.40889485146	0	258	G	A
N0_Mouse	0.410703364031	0	754	C	G
N0_Mouse	0.411095563975	0	187	T	A
N0_Mouse	0.411919177236	0	894	T	A
N0_Mouse	0.412271097655	0	35	A	G
N0_Mouse	0.413223728695	0	1310	G	A
N0_Mouse	0.413434237338	0	560	G	C
N0_Mouse	0.413724034018	0	752	A	G
N0_Mouse	0.414314717671	0	755	T	A
N0_Mouse	0.414854022159	0	814	A	T
N0_Mouse	0.415350030942	0	930	G	A
N0_Mouse	0.415890775722	0	427	A	G
N0_Mouse	0.416241795346	0	854	C	T
N0_Mouse	0.417392517884	0	839	G	A
N0_Mouse	0.417871397407	0	564	A	C
N0_Mouse	0.418066374519	0	1332	T	C
N0_Mouse	0.418102608041	0	87	C	A
N0_Mouse	0.419037688915	0	763	C	T
N0_Mouse	0.419603156901	0	520	C	T
N0_Mouse	0.420941846203	0	1185	G	C
N0_Mouse	0.420981062857	0	375	T	G
N0_Mouse	0.422019599366	0	1089	C	T
N0_Mouse	0.422220677573	0	1252	G	A
N0_Mouse	0.423268448425	0	1259	A	G
N0_Mouse	0.423359846906	0	179	G	T
N0_Mouse	0.423861456195	0	282	A	G
N0_Mouse	0.424883821033	0	448	T	A
N0_Mouse	0.425033913371	0	1167	G	A
N0_Mouse	0.426891913294	0	50	G	A
N0_Mouse	0.427239264412	0	1297	T	C
N0_Mouse	0.429096440853	0	133	T	G
N0_Mouse	0.429499180318	0	14	T	C
N0_Mouse	0.430169096862	0	1067	C	T
N0_Mouse	0.431149025104	0	1049	T	A
N0_Mouse	0.431328767261	0	913	A	C
N0_Mouse	0.433389696902	0	20	G	T
N0_Mouse	0.433475572862	0	1236	T	C
N0_Mouse	0.433968728788	0	448	A	C
N0_Mouse	0.435219577139	0	596	T	C
N0_Mouse	0.435719814703	0	1042	A	G
N0_Mouse	0.436601015071	0	888	C	G
N0_Mouse	0.436742377072	0	1572	T	A
N0_Mouse	0.436793625444	0	680	A	G
N0_Mouse	0.437353805752	0	769	T	C
N0_Mouse	0.437762604019	0	2	C	A
N0_Mouse	0.438436101496	0	1113	C	G
N0_Mouse	0.438603095298	0	1013	G	C
N0_Mouse	0.438957683746	0	965	A	G
N0_Mouse	0.439383957188	0	1348	T	G
N0_Mouse	0.441096070013	0	786	C	T
N0_Mouse	0.44243706526	0	221	G	C
N0_Mouse	0.44264526078	0	868	T	A
N0_Mouse	0.442824180693	0	1400	C	G
N0_Mouse	0.443302098469	0	924	C	T
N0_Mouse	0.443631204167	0	1073	A	G
N0_Mouse	0.444514902259	0	614	T	G
N0_Mouse	0.44493962692	0	1148	A	G
N0_Mouse	0.445069417039	0	1409	C	A
N0_Mouse	0.446099877395	0	322	T	G
N0_Mouse	0.4463901507	0	844	G	A
N0_Mouse	0.446915003565	0	763	T	G
N0_Mouse	0.447469634886	0	9	G	A
N0_Mouse	0.447996115928	0	1223	T	A
N0_Mouse	0.448165639205	0	381	A	T
N0_Mouse	0.448340347648	0	589	A	T
