edge	time	mut_orlg	mut_pos	old_state	new_state
N0_kluyveri	0.000375113765789	0	312	A	C
N0_kluyveri	0.00070829726975	0	59	G	A
D1_N1	0.00104996641179	2	191	G	A
D1_N1	0.00155345545095	1	269	T	C
D1_N1	0.00158053728905	1	260	T	C
D1_N1	0.00180265983632	2	11	C	T
D1_N1	0.00200112483088	2	17	T	C
D1_N1	0.0021061001014	2	272	A	G
D1_N1	0.00222190408444	1	11	C	T
D1_N1	0.00243449979126	2	102	C	T
D1_N1	0.00249497323844	2	194	A	C
D1_N1	0.00262901237315	2	73	G	A
D1_N1	0.00320178922656	1	233	T	C
D1_N1	0.00339941085744	2	32	A	C
D1_N1	0.00366367647348	1	41	G	A
D1_N1	0.00372313956947	2	41	G	A
D1_N1	0.00374858010867	1	212	A	T
D1_N1	0.0038000760492	2	194	C	T
D1_N1	0.00394013550139	1	185	T	C
D1_N1	0.00407431564283	1	32	A	C
D1_N1	0.00408682605736	2	77	C	T
D1_N1	0.00442284349967	2	275	G	A
D1_N1	0.00454472559606	1	131	A	G
D1_N1	0.00515246753384	1	140	A	G
D1_N1	0.00554737821063	1	242	C	T
D1_N1	0.00580087698617	2	11	T	C
D1_N1	0.00584527021416	1	80	G	T
D1_N1	0.00631062504902	2	101	A	T
D1_N1	0.00665237288336	1	251	T	C
D1_N1	0.00695880292615	1	212	T	C
D1_N1	0.00740512502559	2	236	C	T
D1_N1	0.00746628282684	1	230	T	C
D1_N1	0.00868373349854	2	20	G	A
D1_N1	0.00892995818968	1	140	G	A
D1_N1	0.00904248059243	2	92	T	G
D1_N1	0.00910107896394	1	248	C	T
D1_N1	0.0091280611097	2	161	A	G
D1_N1	0.0102173534455	1	263	G	T
D1_N1	0.0111935961316	1	20	G	A
D1_N1	0.0122093559225	1	182	A	T
D1_N1	0.0123541592823	2	11	C	T
D1_N1	0.0136384296715	2	107	A	G
D1_N1	0.0138398018453	2	36	C	T
D1_N1	0.0142234107124	2	122	A	G
D1_N1	0.0144219354007	1	33	G	A
D1_N1	0.0145635708273	2	23	C	T
D1_N1	0.0149217501106	1	224	T	C
D1_N1	0.0149252357233	2	149	G	A
D1_N1	0.0149643149118	2	197	T	C
D1_N1	0.0150351963127	2	107	G	A
D1_N1	0.0150427335088	2	281	C	T
D1_N1	0.0151186612712	2	86	A	G
D1_N1	0.0154197857043	2	254	C	T
D1_N1	0.0154944500396	1	179	G	T
D1_N1	0.0160895234451	2	104	G	A
D1_N1	0.016590699146	1	290	A	G
D1_N1	0.0167265354157	1	218	G	T
D1_N1	0.0169223155761	1	146	G	A
D1_N1	0.0170253794965	2	161	G	C
D1_N1	0.017202787592	1	303	T	C
D1_N1	0.0172971946447	1	314	T	C
D1_N1	0.0173373434239	2	227	T	C
D1_N1	0.0174832591969	1	175	C	T
D1_N1	0.0177329509848	2	95	C	T
D1_N1	0.0184267009824	2	293	A	G
D1_N1	0.0188020246746	1	200	T	C
D1_N1	0.018929351277	1	62	A	G
D1_N1	0.0198794152018	1	53	A	G
D1_N1	0.0202054737407	2	254	T	C
D1_N1	0.0203124507793	2	176	G	A
D1_N1	0.020646289809	2	287	C	T
D1_N1	0.0215118600549	1	251	C	T
D1_N1	0.0216727498169	1	77	T	C
D1_N1	0.0228825265058	1	188	T	G
D1_N1	0.0229596655993	2	89	C	T
D1_N1	0.0233224861984	1	17	T	C
D1_N1	0.0249587073095	2	239	G	A
D1_N1	0.0249942976034	2	44	A	G
D1_N1	0.025613081185	2	314	T	C
D1_N1	0.0265244264517	1	20	A	C
D1_N1	0.0266597122668	2	71	C	T
D1_N1	0.0269413024808	2	107	A	T
D1_N1	0.0270071262061	1	191	G	A
D1_N1	0.027709556954	2	33	G	A
D1_N1	0.0281999239491	1	71	C	T
D1_N1	0.0283791285241	2	26	C	T
D1_N1	0.028810820174	1	159	A	G
D1_N1	0.0291193892603	2	146	G	A
D1_N1	0.0295907610747	2	272	G	A
D1_N1	0.0297371164162	1	149	G	A
D1_N1	0.0300454440093	1	266	A	G
D1_N1	0.0302529234855	2	320	G	C
D1_N1	0.0309975818712	2	300	G	A
D1_N1	0.0317343430065	1	197	T	C
D1_N1	0.0318120274486	2	23	T	C
D1_N1	0.0333033392701	2	144	T	C
D1_N1	0.0334969617099	1	92	T	C
D1_N1	0.0335705371489	1	254	C	A
D1_N1	0.0347719857249	2	257	G	A
D1_N1	0.0351038619534	2	77	T	A
D1_N1	0.0353776472769	2	26	T	A
D1_N1	0.0354657398146	2	20	A	G
D1_N1	0.0363847986231	1	248	T	C
D1_N1	0.0371378876307	1	116	G	A
D1_N1	0.0378914150725	1	239	G	A
D1_N1	0.0385434561218	1	170	G	C
D1_N1	0.0386401452776	1	29	T	C
D1_N1	0.0394458774839	2	60	G	A
D1_N1	0.0395702755655	1	311	A	C
D1_N1	0.0396622158426	1	308	A	G
D1_N1	0.0399025671324	1	302	T	C
D1_N1	0.040262447528	2	23	C	T
D1_N1	0.0402798600111	2	227	T	A
D1_N1	0.0406475958632	2	152	A	G
D1_N1	0.040676181679	2	140	A	G
D1_N1	0.041005365192	1	11	T	C
D1_N1	0.041931557325	2	242	T	C
D1_N1	0.0425557713271	2	173	A	G
D1_N1	0.0425924693808	2	134	C	T
D1_N1	0.0426754513895	2	251	T	C
D1_N1	0.043265129777	1	2	A	G
D1_N1	0.0434509473973	2	116	G	A
D1_N1	0.043545990074	2	14	C	T
N1_castellii	0.00034558541129	2	188	G	A
N1_castellii	0.000647709455208	1	14	C	T
N1_castellii	0.000709840851318	2	158	T	C
N1_castellii	0.000809836862709	1	74	T	A
N1_castellii	0.00133233242242	1	254	A	G
N1_castellii	0.00225479294103	2	110	T	C
N1_castellii	0.00274906628503	2	144	C	G
N1_castellii	0.00331954156384	2	161	A	G
N1_castellii	0.00371789293718	2	59	G	A
N1_castellii	0.0040226184946	1	96	G	A
N1_castellii	0.00420300260472	1	59	G	A
N1_castellii	0.00435008954972	1	5	G	A
N1_castellii	0.00450562525225	1	194	A	T
N1_castellii	0.00456398591258	2	239	G	A
N1_castellii	0.00461528968306	2	242	C	A
N1_castellii	0.00545377452105	1	101	T	C
N1_castellii	0.00586686306248	1	226	C	T
N1_castellii	0.00630049948604	2	83	A	G
N1_castellii	0.00646084043029	2	32	A	G
N1_castellii	0.00666882502695	2	224	C	T
N1_castellii	0.00733680396179	1	95	C	T
N1_castellii	0.00753595784222	1	269	T	C
N1_castellii	0.00820307071478	2	270	T	A
N1_castellii	0.00870183674324	2	110	C	T
N1_castellii	0.00897750933854	1	185	C	T
N1_castellii	0.00904259843294	1	155	T	C
N1_castellii	0.00934611031415	1	113	A	C
N1_castellii	0.00975935272109	1	137	C	T
N1_castellii	0.0102660179207	1	272	G	A
N1_castellii	0.0104294553432	1	35	T	C
N1_castellii	0.010990256447	2	83	G	A
N1_castellii	0.011144813479	2	239	A	G
N1_castellii	0.0114371722663	2	126	T	C
N1_castellii	0.0123812071827	1	176	G	T
N1_castellii	0.0128678676152	1	203	T	G
N1_castellii	0.012918327317	2	224	T	A
N1_castellii	0.0138031799431	1	128	A	G
N1_castellii	0.0140121805347	2	110	T	A
N1_castellii	0.0141100570329	2	14	T	C
N1_castellii	0.0147986735741	2	308	G	T
N1_castellii	0.0151738109611	2	69	T	C
N1_castellii	0.0159378170553	1	122	G	A
N1_castellii	0.0165754518637	1	256	C	T
N1_castellii	0.0172915441843	1	11	T	G
N1_castellii	0.0174148899854	2	161	A	G
N1_castellii	0.0175618958375	1	206	A	G
N1_castellii	0.0175974631326	1	233	C	T
N1_castellii	0.018559316169	1	20	G	A
N1_castellii	0.0187123191269	2	35	T	C
N1_castellii	0.0188091832554	2	223	G	A
N1_castellii	0.0196647775143	2	245	A	G
N1_castellii	0.0205642997301	1	59	A	G
N1_castellii	0.021010330838	1	83	G	A
N1_castellii	0.0218876773843	2	255	G	A
N1_castellii	0.0222200558578	1	120	G	A
N1_castellii	0.0236616021485	1	14	T	C
N1_castellii	0.024167382759	1	182	T	G
N1_castellii	0.0248523240269	2	170	C	T
N1_castellii	0.0250276929826	2	29	T	C
N1_castellii	0.0265755266628	1	158	T	C
N1_castellii	0.0266255864725	2	222	G	A
N1_castellii	0.0271697201744	2	51	C	T
N1_castellii	0.0272863183804	1	282	C	T
N1_castellii	0.0276010273624	2	302	C	T
N1_castellii	0.027621878599	2	305	G	A
N1_castellii	0.0285309673952	2	215	C	T
N1_castellii	0.0287099776822	2	152	G	A
N1_castellii	0.0298844046392	2	194	T	C
N1_castellii	0.0299400661173	1	50	C	G
N1_castellii	0.0299499274525	1	239	G	A
N1_castellii	0.0299740106093	2	167	T	C
N1_castellii	0.0306829512645	2	299	A	G
N1_castellii	0.0307706019294	1	296	A	G
N1_castellii	0.0308294242582	2	128	G	A
N1_castellii	0.0308447741367	2	293	A	G
N1_castellii	0.0318985741259	2	77	C	T
N1_castellii	0.0319962475533	1	293	A	G
N1_castellii	0.0325873026175	2	284	T	C
N1_castellii	0.0329985063191	1	131	A	G
N1_castellii	0.0330938253276	1	262	T	C
N1_castellii	0.0334905906573	2	72	G	A
N1_castellii	0.0344817217274	1	150	G	A
N1_castellii	0.0345321495496	1	123	T	A
N1_castellii	0.0349634758282	1	212	C	T
N1_castellii	0.0374428222888	2	134	C	T
N1_castellii	0.0386701413985	2	308	T	C
N1_castellii	0.0389099171092	2	86	A	G
N1_castellii	0.0397912920482	1	236	C	T
N1_N2	0.000928596925573	1	86	A	T
N1_N2	0.00114261348332	2	17	T	C
N1_N2	0.00134982809909	1	126	T	C
N1_N2	0.00149108556365	1	257	G	A
N1_N2	0.00353914860334	2	78	C	G
N1_N2	0.00363952823754	2	86	G	A
N1_N2	0.0045967216507	1	62	G	A
N1_N2	0.00512207741542	1	116	A	G
N1_N2	0.00513052263453	1	198	C	T
N1_N2	0.00527501478788	1	117	C	G
N1_N2	0.00559062011135	1	186	G	A
N1_N2	0.00589535084718	2	260	T	C
N1_N2	0.00632057113829	2	5	G	A
N1_N2	0.00653457905738	2	80	G	A
N1_N2	0.00735149357015	1	222	G	C
N1_N2	0.00737119677163	2	265	A	G
N1_N2	0.00822100743563	2	317	A	G
N1_N2	0.00892246547831	2	128	A	G
N1_N2	0.00966853426988	1	68	C	T
N1_N2	0.00987565125952	1	170	C	T
N1_N2	0.00990816929737	1	287	C	A
N1_N2	0.010137289503	1	134	C	T
N1_N2	0.0105182562688	1	104	G	A
N1_N2	0.0107028260028	1	311	C	T
N1_N2	0.0109116680005	2	117	G	T
N1_N2	0.0124726518175	1	218	T	A
N1_N2	0.0125030977944	1	116	G	A
N1_N2	0.0135344210646	2	314	T	C
N1_N2	0.0142489429287	2	44	G	A
N1_N2	0.0144379914391	2	176	G	T
N1_N2	0.0164419423543	2	92	G	A
N1_N2	0.0165012213754	2	107	A	T
N1_N2	0.0167074340496	2	310	C	T
N1_N2	0.0169029792975	1	35	T	C
N1_N2	0.0176058168459	1	129	C	A
N1_N2	0.0183664524278	2	134	C	T
N1_N2	0.0186862018573	2	249	C	T
N1_N2	0.0190203560043	2	107	T	G
N1_N2	0.0195457859726	2	26	A	G
N1_N2	0.0197532006277	1	197	C	T
N1_N2	0.0207405243023	2	71	T	C
N2_bayanus	0.00110365990541	1	319	C	T
N2_bayanus	0.00119357920876	2	186	A	G
N2_bayanus	0.00149964797712	1	287	A	G
N2_N3	0.000783907619532	1	209	G	A
N2_N3	0.000871907517824	2	102	C	T
N2_N3	0.00116774533205	2	104	G	A
N2_N3	0.00156264532862	2	95	T	C
N2_N3	0.00206504666106	1	137	C	G
N2_N3	0.00318297836867	1	80	A	G
N2_N3	0.00336695145557	2	281	T	C
N2_N3	0.00433181694878	1	2	A	C
N2_N3	0.00445994475059	1	269	T	C
N2_N3	0.00497051424047	1	257	A	G
N2_N3	0.00500781481525	1	152	G	T
N3_kudriavzevii	0.000532521934994	2	140	G	A
N3_kudriavzevii	0.000651195213618	2	99	A	G
N3_kudriavzevii	0.000850181365728	2	293	A	G
N3_kudriavzevii	0.000879830527563	1	44	G	A
N3_kudriavzevii	0.00115464278784	2	284	T	A
N3_kudriavzevii	0.00141996917106	2	230	C	T
N3_kudriavzevii	0.00172427543443	1	47	A	G
N3_kudriavzevii	0.00224628035674	2	203	T	C
N3_kudriavzevii	0.00238384849887	1	41	A	G
N3_kudriavzevii	0.00285854374024	2	267	C	T
N3_kudriavzevii	0.00300178754326	1	218	T	A
N3_kudriavzevii	0.00344563116834	1	202	T	C
N3_N4	4.89073373904e-05	1	263	G	A
N3_N4	0.000963711529567	2	197	T	C
N4_mikatae	0.00152697037611	1	50	C	T
N4_mikatae	0.00265655783479	2	293	A	G
N4_mikatae	0.00315380521338	1	224	C	T
N4_mikatae	0.00383577522022	2	26	G	A
N4_mikatae	0.00423957377155	1	50	T	C
N4_mikatae	0.00484111530599	1	251	T	C
N4_N5	0.000181877456491	1	311	T	C
N4_N5	0.000538984053562	2	185	C	T
N4_N5	0.000717563788789	1	146	A	G
N4_N5	0.000941857282325	2	159	G	A
N4_N5	0.00100973354405	1	182	T	C
N4_N5	0.00122115099725	2	59	G	C
N4_N5	0.00163825726208	2	131	G	A
N4_N5	0.00166858347706	1	5	A	G
N5_paradoxus	0.000426630427956	2	134	T	C
N5_paradoxus	0.000664348830997	2	264	C	T
N5_paradoxus	0.000687713927751	1	140	G	A
N5_paradoxus	0.00104805124769	2	167	T	C
N5_paradoxus	0.00151878227279	2	98	G	A
N5_paradoxus	0.00205272747455	1	68	C	T
N5_paradoxus	0.00229088830748	2	139	C	T
N5_paradoxus	0.0030544763269	1	119	T	C
N5_cerevisiae	0.000126173078273	2	110	T	C
N5_cerevisiae	0.00022198318835	2	288	A	G
N5_cerevisiae	0.00139926378563	1	16	A	G
N5_cerevisiae	0.00151668456739	2	221	G	A
N5_cerevisiae	0.00166263616253	1	6	G	C
N5_cerevisiae	0.00191355890781	1	95	T	C
N5_cerevisiae	0.00257765789208	2	269	C	T
N5_cerevisiae	0.00270115067991	2	320	G	T
N5_cerevisiae	0.00280366289446	2	26	G	A
N5_cerevisiae	0.00317797851165	1	257	G	T
N5_cerevisiae	0.00333836900195	1	299	A	G
N5_cerevisiae	0.00404239580368	1	104	G	A
N5_cerevisiae	0.00416185366005	1	122	A	G
