edge	time	mut_orlg	mut_pos	old_state	new_state
N0_kluyveri	1.6236803432e-05	0	56	A	G
N0_kluyveri	0.000107155072556	0	302	A	G
N0_kluyveri	0.000407823514628	0	347	A	G
N0_kluyveri	0.00226977818358	0	143	C	T
N0_kluyveri	0.00237460720262	0	293	C	T
N0_kluyveri	0.00268605046815	0	38	A	G
N0_kluyveri	0.00333296725101	0	407	C	T
N0_kluyveri	0.00333443811153	0	365	T	C
N0_kluyveri	0.00369664196658	0	295	C	T
N0_kluyveri	0.00374472336181	0	191	A	G
N0_kluyveri	0.00392989964805	0	29	C	T
N0_kluyveri	0.00493015060753	0	281	C	T
N0_kluyveri	0.00533718221234	0	119	C	T
N0_kluyveri	0.00540136131487	0	252	A	G
N0_kluyveri	0.00551213287069	0	359	T	C
N0_kluyveri	0.00598530084526	0	308	C	T
N0_kluyveri	0.00726998189585	0	422	A	T
N0_kluyveri	0.00767946760585	0	392	T	C
N0_kluyveri	0.0077273932928	0	293	T	C
N0_kluyveri	0.00825753105024	0	371	T	C
N0_kluyveri	0.00874285672842	0	74	G	A
N0_kluyveri	0.0089625868387	0	194	T	A
N0_kluyveri	0.00935261793472	0	443	A	G
N0_kluyveri	0.00995056855328	0	118	C	T
N0_kluyveri	0.0103794744716	0	248	A	G
N0_kluyveri	0.0106949473016	0	470	T	C
N0_kluyveri	0.0109329015187	0	416	G	A
N0_kluyveri	0.0120696239944	0	34	T	G
N0_kluyveri	0.0137033395679	0	299	C	T
N0_D1	0.00113767876396	0	119	C	T
D1_N1	0.000176413440741	1	40	T	C
D1_N1	0.000389886099014	2	311	C	T
D1_N1	0.000435802078225	2	65	A	G
D1_N1	0.000750868864751	1	272	A	G
D1_N1	0.000794971087633	2	221	C	T
D1_N1	0.00150262577161	1	134	T	C
D1_N1	0.00153472362876	1	77	A	G
D1_N1	0.00167260199807	1	218	T	C
D1_N1	0.00170289068145	1	284	T	C
D1_N1	0.00189080903104	1	104	C	T
D1_N1	0.0021214473	1	254	A	G
D1_N1	0.0022648713902	2	479	T	C
D1_N1	0.00242123543567	1	152	C	T
D1_N1	0.00258283144798	1	59	A	G
D1_N1	0.00276412738085	1	368	T	C
D1_N1	0.00289873064066	1	152	T	C
D1_N1	0.00304795784023	1	92	T	G
D1_N1	0.00311943921419	2	296	G	A
N1_castellii	0.000147884914666	1	269	C	T
N1_castellii	0.000204913916209	1	209	T	C
N1_castellii	0.000232391439912	1	437	T	C
N1_castellii	0.000791381298334	2	227	T	C
N1_castellii	0.00103210890369	1	385	A	G
N1_castellii	0.00147605739103	1	11	A	T
N1_castellii	0.00156250717845	1	167	G	A
N1_castellii	0.00186843873301	2	437	T	C
N1_castellii	0.00209527524889	1	461	G	A
N1_castellii	0.00212484000692	1	239	G	A
N1_castellii	0.00212797343693	1	353	A	T
N1_castellii	0.00264966020502	2	464	T	C
N1_castellii	0.00275786257349	2	218	T	C
N1_castellii	0.00279138955519	1	377	T	C
N1_castellii	0.00306150148045	2	296	A	G
N1_castellii	0.00326893000282	2	407	C	T
N1_castellii	0.00341633796924	1	110	A	G
N1_castellii	0.0034379218655	2	416	G	A
N1_castellii	0.00394606849934	2	179	T	C
N1_castellii	0.00427960548941	1	161	A	G
N1_castellii	0.00452634685532	1	164	A	G
N1_castellii	0.00454123737842	2	212	C	T
N1_castellii	0.00474987964974	2	230	A	G
N1_castellii	0.0047515703489	1	305	T	C
N1_castellii	0.00532471168269	2	260	C	T
N1_castellii	0.00539857812045	2	332	A	T
N1_castellii	0.00595674610797	1	269	C	T
N1_castellii	0.00596900310917	2	299	C	T
N1_castellii	0.00620497304072	2	23	A	G
N1_castellii	0.00644654304854	2	197	C	T
N1_castellii	0.00647268037474	1	146	C	T
N1_castellii	0.00667546370786	1	71	C	T
N1_castellii	0.00692962148138	2	479	C	T
N1_castellii	0.00698964471831	1	14	A	C
N1_castellii	0.00710146238317	2	113	A	G
N1_castellii	0.00739582521965	1	56	A	G
N1_castellii	0.00740765996359	1	335	C	T
N1_castellii	0.00742508724179	1	92	G	A
N1_castellii	0.00755718896217	1	203	C	T
N1_castellii	0.00759972179356	2	137	C	T
N1_castellii	0.00760604175316	1	287	A	T
N1_castellii	0.00764351959921	1	213	C	T
N1_castellii	0.00767806533707	1	8	C	T
N1_castellii	0.00791540896222	1	50	C	T
N1_castellii	0.00830394701918	2	8	C	T
N1_castellii	0.00834937592528	1	404	C	T
N1_castellii	0.00837854063545	1	228	T	C
N1_castellii	0.00856209853818	2	167	G	A
N1_castellii	0.00870358269631	2	122	C	T
N1_castellii	0.00874341580482	1	338	C	A
N1_castellii	0.0088238986094	2	128	T	C
N1_castellii	0.00899496485163	2	48	T	C
N1_castellii	0.00911035689697	2	364	C	T
N1_castellii	0.00923318922251	2	44	G	C
N1_castellii	0.00925882861282	2	219	T	C
N1_castellii	0.00930236510455	1	243	G	A
N1_castellii	0.00999182366531	2	467	A	G
N1_castellii	0.010472818834	1	353	T	C
N1_castellii	0.0105923805432	1	435	T	C
N1_castellii	0.0111720988182	2	50	T	G
N1_castellii	0.0112775702689	2	26	C	T
N1_castellii	0.0115419784241	1	9	A	G
N1_castellii	0.0116486221524	1	281	C	T
N1_castellii	0.0123476516323	1	32	C	T
N1_castellii	0.0126908906814	1	287	T	C
N1_castellii	0.0128507667543	1	268	T	C
N1_castellii	0.0129192283566	1	434	C	T
N1_N2	0.000566023313872	2	384	T	C
N1_N2	0.000624609721989	1	55	T	G
N1_N2	0.000807577264751	1	50	C	T
N1_N2	0.000954676381248	1	221	C	T
N1_N2	0.0010943046848	2	173	G	A
N1_N2	0.00190481294116	2	131	C	T
N1_N2	0.0020613093701	1	92	G	A
N1_N2	0.00217643601578	1	347	A	G
N1_N2	0.0024377704369	1	470	T	A
N1_N2	0.00244085842536	1	143	C	G
N1_N2	0.00276587415717	1	299	C	T
N1_N2	0.00283886859665	2	8	C	G
N1_N2	0.0028406664821	1	38	A	G
N1_N2	0.00286441594375	2	299	C	G
N1_N2	0.00322241292007	2	365	T	C
N1_N2	0.00343501563077	1	263	C	T
N1_N2	0.00345577024219	2	50	C	T
N1_N2	0.00367145704624	1	149	A	G
N1_N2	0.00401200413819	2	419	A	G
N1_N2	0.00420248890173	1	32	C	T
N1_N2	0.00471546846517	2	5	T	C
N1_N2	0.00521012970133	2	206	A	G
N1_N2	0.0052124120431	2	338	C	T
N1_N2	0.00527408272393	2	5	C	T
N1_N2	0.00540820090278	2	416	G	A
N1_N2	0.00554337882849	2	101	C	A
N1_N2	0.00585294131806	1	140	T	C
N1_N2	0.00618463963321	1	432	C	T
N1_N2	0.00624953527453	2	335	C	A
N1_N2	0.00648361225415	1	68	G	A
N1_N2	0.00652132242392	1	251	T	C
N1_N2	0.00665679081455	2	209	T	C
N1_N2	0.00677870273191	1	363	G	A
N1_N2	0.00695575888672	2	278	A	G
N1_N2	0.00702676650168	1	158	T	G
N1_N2	0.00717107058679	1	452	A	G
N1_N2	0.00717870771467	2	2	G	T
N1_N2	0.00731454200577	1	404	C	T
N1_N2	0.00754325804988	2	413	C	T
N1_N2	0.00759857104672	1	38	G	A
N1_N2	0.00774560702672	1	191	A	G
N1_N2	0.007799549266	1	47	G	A
N1_N2	0.00803991359626	1	470	A	G
N1_N2	0.0082240569008	2	194	T	C
N1_N2	0.00837988683543	2	338	T	C
N1_N2	0.00856566317052	2	452	A	G
N1_N2	0.00965080719251	1	452	G	A
N1_N2	0.0098946823432	1	221	T	C
N1_N2	0.00990131510079	1	95	T	C
N1_N2	0.0100627246334	1	2	G	A
N1_N2	0.0101083932354	1	164	A	G
N1_N2	0.0105970388009	2	333	A	T
N1_N2	0.0110061303717	1	203	C	T
N1_N2	0.0110632078743	1	470	G	A
N1_N2	0.0115595174217	1	131	C	T
N1_N2	0.0120684326155	1	119	T	C
N1_N2	0.0120786296118	2	32	C	T
N1_N2	0.0121634171611	2	151	G	A
N1_N2	0.0123146441971	1	278	G	A
N1_N2	0.0125935897008	2	270	G	A
N1_N2	0.0131142395883	2	206	G	A
N1_N2	0.0134470484587	1	284	T	C
N1_N2	0.0138048651192	2	119	T	C
N1_N2	0.0140870510813	1	308	C	T
N1_N2	0.0158508126174	1	167	G	A
N2_bayanus	0.000650294972538	2	119	C	T
N2_bayanus	0.000677866653768	2	458	T	C
N2_bayanus	0.000902760571957	1	284	C	T
N2_bayanus	0.0010953494552	1	455	T	G
N2_bayanus	0.00127856765648	1	404	C	T
N2_bayanus	0.0017776000843	1	485	A	G
N2_bayanus	0.00227097175962	2	263	C	T
N2_N3	9.72971292167e-05	1	152	C	T
N2_N3	0.000358806178264	1	161	A	G
N2_N3	0.000393110956625	2	491	G	A
N2_N3	0.000768586976164	1	149	A	G
N2_N3	0.00141658884511	1	149	G	C
N2_N3	0.00146952735009	2	42	G	A
N2_N3	0.00149531660588	1	149	C	T
N3_kudriavzevii	0.000384376702934	1	437	T	C
N3_kudriavzevii	0.000445378321433	2	224	C	T
N3_kudriavzevii	0.000563708083316	1	155	A	G
N3_kudriavzevii	0.000811209518962	1	101	A	G
N3_kudriavzevii	0.00099090999497	2	196	C	T
N3_kudriavzevii	0.00119781508143	2	347	A	C
N3_kudriavzevii	0.001507859821	2	417	A	G
N3_kudriavzevii	0.00205951803009	1	428	T	C
N3_kudriavzevii	0.00207723684064	2	329	A	G
N3_kudriavzevii	0.00218134632034	2	8	G	A
N3_kudriavzevii	0.00231257398985	2	180	C	T
N3_kudriavzevii	0.00237406635543	2	422	A	G
N3_kudriavzevii	0.00251409248841	2	38	A	G
N3_kudriavzevii	0.00260310447064	1	398	C	T
N3_kudriavzevii	0.00274270021958	2	370	A	G
N3_kudriavzevii	0.00280812513623	2	359	T	C
N3_kudriavzevii	0.00301930951411	2	473	C	T
N3_kudriavzevii	0.00309371271978	1	110	A	G
N3_kudriavzevii	0.00312274144871	1	413	C	T
N3_kudriavzevii	0.00345639579144	1	362	T	G
N3_kudriavzevii	0.00349752827402	1	197	C	T
N3_kudriavzevii	0.00355288870813	2	53	A	G
N3_kudriavzevii	0.00387878595079	2	365	C	T
N3_kudriavzevii	0.00425784891625	2	353	A	G
N3_kudriavzevii	0.00474131464617	1	125	T	C
N3_kudriavzevii	0.00491634129454	1	473	C	T
N3_kudriavzevii	0.00495522818582	2	2	A	T
N3_kudriavzevii	0.00512274505294	1	176	G	A
N3_kudriavzevii	0.00518935785639	2	473	T	A
N3_kudriavzevii	0.00547268954286	2	192	C	T
N3_kudriavzevii	0.00547732381178	2	347	C	T
N3_kudriavzevii	0.00549322201397	2	123	G	A
N3_kudriavzevii	0.00556758639915	2	470	A	G
N3_kudriavzevii	0.00597357758868	2	158	T	C
N3_N4	6.79116110719e-05	1	173	G	A
N3_N4	0.000142613351717	1	260	C	T
N3_N4	0.000260187066133	2	473	C	T
N3_N4	0.00031011070695	1	425	T	C
N3_N4	0.000563370101891	2	322	T	C
N3_N4	0.000716579560918	1	311	C	T
N3_N4	0.000716752555428	2	203	C	T
N3_N4	0.000808057102256	2	487	C	T
N3_N4	0.00125368110487	2	65	G	A
N3_N4	0.0014585955997	2	455	T	C
N3_N4	0.00220845474369	2	220	A	G
N4_mikatae	0.000308738631438	1	278	A	G
N4_mikatae	0.000319794570694	2	41	C	T
N4_mikatae	0.000374165059138	2	152	C	T
N4_mikatae	0.000668442483594	2	176	G	A
N4_mikatae	0.00077215963704	1	243	G	C
N4_mikatae	0.000974422787178	2	217	C	T
N4_mikatae	0.00102365706043	1	233	G	A
N4_mikatae	0.00103020035081	2	383	G	T
N4_mikatae	0.00112823068379	1	347	G	A
N4_mikatae	0.00117289878595	1	398	C	T
N4_mikatae	0.00165443855955	2	191	G	A
N4_mikatae	0.00166839558706	2	212	C	T
N4_mikatae	0.00174414692362	2	287	A	T
N4_mikatae	0.00184509958612	1	197	C	T
N4_mikatae	0.0029265795771	1	380	T	C
N4_mikatae	0.00305383912219	2	152	T	C
N4_mikatae	0.00346316539452	2	446	A	T
N4_mikatae	0.00350363795765	1	491	G	A
N4_mikatae	0.0038567261618	1	41	C	T
N4_mikatae	0.00409480380072	1	34	T	C
N4_N5	7.28025288699e-05	1	92	T	C
N4_N5	0.000119889726563	1	428	T	C
N4_N5	0.000136469276051	1	371	T	C
N4_N5	0.000152591422336	2	476	T	C
N4_N5	0.000257212435658	2	14	A	G
N4_N5	0.000309086849369	1	89	A	G
N4_N5	0.000351476550587	2	50	T	G
N4_N5	0.0005329397562	2	441	G	A
N4_N5	0.000535373118288	2	119	C	A
N4_N5	0.000552730678446	1	258	C	T
N4_N5	0.00114455597544	2	209	C	T
N4_N5	0.00131496989487	2	251	C	T
N5_paradoxus	0.00011977672199	2	203	T	C
N5_paradoxus	0.000700183008626	1	182	A	G
N5_paradoxus	0.000728891659035	1	422	A	G
N5_paradoxus	0.000755503183393	1	119	C	T
N5_paradoxus	0.00102065934746	1	152	C	T
N5_paradoxus	0.0010209934774	1	254	A	G
N5_paradoxus	0.00120735677843	2	284	T	C
N5_paradoxus	0.00128712355503	2	318	C	G
N5_paradoxus	0.00151499684766	2	20	C	T
N5_cerevisiae	0.000621310698779	2	308	C	T
N5_cerevisiae	0.00100557099628	2	26	C	T
N5_cerevisiae	0.00133176906454	1	143	C	T
N5_cerevisiae	0.0016613488742	1	425	C	T
N5_cerevisiae	0.00170317082142	1	338	C	T
N5_cerevisiae	0.00175383190429	1	167	A	G
N5_cerevisiae	0.00212428775813	1	228	T	C
N5_cerevisiae	0.00282834449408	2	488	A	G
N5_cerevisiae	0.00300795686493	1	143	T	C
N5_cerevisiae	0.00349966850128	1	320	G	A
N5_cerevisiae	0.00359490284677	1	431	A	G
N5_cerevisiae	0.00363598048025	2	61	T	C
N5_cerevisiae	0.00364941731627	1	359	T	C
N5_cerevisiae	0.00381777411535	1	96	A	G
N5_cerevisiae	0.00382008655611	1	53	A	C
N5_cerevisiae	0.00383289030478	1	47	G	A
N5_cerevisiae	0.00415193587149	2	173	A	G
