edge	time	mut_orlg	mut_pos	old_state	new_state
N0_kluyveri	8.85807044422e-05	0	149	T	C
N0_kluyveri	0.000230607094324	0	12	C	T
N0_kluyveri	0.0006349093269	0	389	T	C
N0_kluyveri	0.00083096004006	0	245	T	C
N0_kluyveri	0.000902077259753	0	113	C	T
N0_kluyveri	0.0013058833516	0	77	T	C
N0_kluyveri	0.00131568908454	0	368	G	T
N0_kluyveri	0.00232021398023	0	20	C	T
N0_kluyveri	0.00237249312175	0	152	G	T
N0_kluyveri	0.00276002433589	0	122	C	T
N0_kluyveri	0.00293964810628	0	122	T	C
N0_kluyveri	0.00308725890223	0	419	C	T
N0_kluyveri	0.00387327675231	0	143	C	T
N0_kluyveri	0.00414250464131	0	419	T	C
N0_kluyveri	0.00536943846032	0	95	C	T
N0_kluyveri	0.00575438014496	0	389	C	T
N0_kluyveri	0.0059595377522	0	266	C	T
N0_kluyveri	0.00628983823186	0	389	T	C
N0_kluyveri	0.00811369517063	0	203	G	A
N0_kluyveri	0.00818750862407	0	182	T	C
N0_kluyveri	0.00851200844839	0	299	T	C
N0_kluyveri	0.00857449292433	0	11	A	C
N0_kluyveri	0.00871519143542	0	413	C	A
N0_kluyveri	0.00878712853982	0	131	C	T
N0_kluyveri	0.00897932763545	0	278	G	A
N0_kluyveri	0.00900801150288	0	428	G	A
N0_kluyveri	0.0097104232514	0	5	G	A
N0_kluyveri	0.0101625175088	0	233	A	G
N0_kluyveri	0.0104013468051	0	389	C	T
N0_kluyveri	0.0104370773765	0	458	C	T
N0_kluyveri	0.0110788774016	0	215	G	A
N0_kluyveri	0.0111913575673	0	305	G	A
N0_kluyveri	0.0119107743043	0	14	C	T
N0_kluyveri	0.0132538095657	0	47	G	A
N0_kluyveri	0.0135648644819	0	176	A	G
D1_N1	3.71991154e-05	2	212	C	T
D1_N1	0.000556178623749	2	155	C	T
D1_N1	0.000855356384795	1	350	C	T
D1_N1	0.000967966724626	1	122	C	T
D1_N1	0.0011744969744	1	26	A	G
D1_N1	0.00168991296332	2	245	T	C
D1_N1	0.00176765960801	1	169	C	A
D1_N1	0.00192828922526	2	347	A	G
D1_N1	0.00198778980802	2	164	C	T
D1_N1	0.001998502674	2	53	C	T
D1_N1	0.00200323447491	2	11	A	G
D1_N1	0.00208725538603	2	194	G	A
D1_N1	0.00243305520696	1	191	C	A
D1_N1	0.00267480698078	2	359	C	T
D1_N1	0.00273321145649	1	278	G	A
D1_N1	0.00281477684645	2	113	C	T
D1_N1	0.00306468467649	2	191	C	T
D1_N1	0.00309355275837	1	95	C	T
D1_N1	0.00317379477008	2	173	A	G
N1_castellii	0.000154261323676	2	200	C	T
N1_castellii	0.000173700995523	1	252	C	T
N1_castellii	0.000265376408993	2	134	C	T
N1_castellii	0.00049741677189	1	248	T	C
N1_castellii	0.00118654426224	1	221	G	A
N1_castellii	0.0014395146204	1	47	G	A
N1_castellii	0.00149901024386	2	368	G	A
N1_castellii	0.00150285106443	1	317	T	C
N1_castellii	0.00201996553643	1	23	C	T
N1_castellii	0.00273635274007	1	401	T	C
N1_castellii	0.00322558877825	1	191	A	G
N1_castellii	0.00326204829428	2	8	T	A
N1_castellii	0.00347967089746	2	287	A	C
N1_castellii	0.00356664687003	1	290	A	T
N1_castellii	0.00378429552878	2	485	T	C
N1_castellii	0.00398000481667	1	161	C	T
N1_castellii	0.00401823808623	2	50	A	G
N1_castellii	0.00408729571583	2	5	G	A
N1_castellii	0.00412330978263	1	183	G	A
N1_castellii	0.00444397203845	1	425	T	C
N1_castellii	0.00458248763833	1	242	A	G
N1_castellii	0.00466776666588	2	65	A	G
N1_castellii	0.00478717060477	2	473	A	G
N1_castellii	0.00508407825339	1	104	C	T
N1_castellii	0.00532780152307	2	344	G	A
N1_castellii	0.00539217169306	2	41	C	T
N1_castellii	0.00545746897814	1	137	T	C
N1_castellii	0.00551248400664	2	47	G	A
N1_castellii	0.00594633083913	1	206	C	T
N1_castellii	0.00597005540359	1	197	A	G
N1_castellii	0.00601741254576	1	68	C	T
N1_castellii	0.00623041905743	1	137	C	T
N1_castellii	0.00623249120188	2	104	C	T
N1_castellii	0.0067183602549	1	152	G	A
N1_castellii	0.00673361293701	2	11	G	A
N1_castellii	0.00693873947535	2	257	C	T
N1_castellii	0.00703461513283	1	26	G	A
N1_castellii	0.00716102922358	2	350	C	G
N1_castellii	0.00729149813407	2	368	A	G
N1_castellii	0.00732716707617	2	251	A	T
N1_castellii	0.00780080619971	1	368	G	A
N1_castellii	0.00801884551294	1	53	C	T
N1_castellii	0.008030337936	1	182	T	C
N1_castellii	0.00803873900029	2	83	T	C
N1_castellii	0.00806278784766	1	263	C	T
N1_castellii	0.00880929944221	2	461	A	G
N1_castellii	0.00914092222914	2	296	T	C
N1_castellii	0.00942112920293	1	458	C	T
N1_castellii	0.00949047959638	2	485	C	T
N1_castellii	0.00958967068844	1	416	T	C
N1_castellii	0.00964921031872	2	215	G	A
N1_castellii	0.00967911202462	2	434	T	C
N1_castellii	0.00973761698491	2	236	T	C
N1_castellii	0.00991809667965	2	389	T	C
N1_castellii	0.0103937872067	2	302	A	G
N1_castellii	0.0105976814444	2	2	G	A
N1_castellii	0.0106549021433	2	221	G	A
N1_castellii	0.0107283486669	1	344	G	A
N1_castellii	0.011078144814	2	143	C	T
N1_castellii	0.0114884606184	1	135	T	C
N1_castellii	0.0116324598692	1	248	C	T
N1_castellii	0.0119475626969	1	2	G	A
N1_castellii	0.0122910035151	1	197	G	A
N1_castellii	0.0126010376829	2	404	A	G
N1_castellii	0.0127948707873	2	329	T	C
N1_N2	0.000375978241265	1	200	C	G
N1_N2	0.000496699307656	2	137	T	C
N1_N2	0.000498461544044	2	149	T	C
N1_N2	0.000555520706526	2	128	G	A
N1_N2	0.000580842209232	2	89	G	A
N1_N2	0.000937849048034	2	275	G	A
N1_N2	0.000998019807328	2	457	C	T
N1_N2	0.00109844785397	2	368	G	A
N1_N2	0.00114551306841	2	386	G	A
N1_N2	0.00159198103748	1	437	G	A
N1_N2	0.00196459340063	1	251	A	G
N1_N2	0.00208015958452	2	246	T	C
N1_N2	0.00215046799189	2	107	T	C
N1_N2	0.00227251928349	2	182	T	C
N1_N2	0.00256286108227	1	125	T	C
N1_N2	0.00389101508232	2	164	T	C
N1_N2	0.00393191426945	2	143	C	T
N1_N2	0.00417520790154	2	323	A	C
N1_N2	0.00508410225506	1	134	C	T
N1_N2	0.00528357132992	2	23	C	T
N1_N2	0.00532407930671	1	122	T	C
N1_N2	0.005373220649	1	281	G	A
N1_N2	0.0056068275231	2	161	C	A
N1_N2	0.00603794442014	1	440	T	C
N1_N2	0.00604382390759	2	57	A	G
N1_N2	0.00617113266613	1	440	C	T
N1_N2	0.0066157641139	2	452	A	T
N1_N2	0.00663488123221	2	245	C	T
N1_N2	0.00676500853281	1	130	T	C
N1_N2	0.006797817055	1	171	A	G
N1_N2	0.00684537151025	1	104	C	A
N1_N2	0.00707995531815	2	290	A	G
N1_N2	0.00713645392988	1	389	T	C
N1_N2	0.00737067139354	2	428	G	A
N1_N2	0.00747751710292	2	371	A	G
N1_N2	0.00756255673626	1	95	T	G
N1_N2	0.00768189660062	2	59	A	G
N1_N2	0.00801877300561	1	152	G	A
N1_N2	0.00806849188113	2	428	A	G
N1_N2	0.00807293333286	1	482	C	T
N1_N2	0.00839043993731	1	149	T	C
N1_N2	0.010064377612	1	143	C	T
N1_N2	0.0103667966645	2	425	T	C
N1_N2	0.0104994425824	1	26	G	A
N1_N2	0.0108902058844	1	41	C	T
N1_N2	0.0109992123421	1	191	A	G
N1_N2	0.0113917092049	2	56	C	T
N1_N2	0.0119788696605	1	161	C	T
N1_N2	0.0120041976397	2	233	A	C
N1_N2	0.0124360632178	2	306	A	G
N1_N2	0.0130587030512	2	305	G	A
N1_N2	0.0134542619651	2	212	T	C
N1_N2	0.0136045248557	1	119	T	C
N1_N2	0.014015421007	1	170	C	T
N1_N2	0.014315288279	1	323	A	G
N1_N2	0.0143994883052	2	147	C	T
N1_N2	0.0146183998555	2	230	T	A
N1_N2	0.0151516476822	1	350	T	C
N1_N2	0.015715362854	1	62	G	A
N2_bayanus	0.000244523165724	1	335	A	G
N2_bayanus	0.00053335612057	2	167	T	C
N2_bayanus	0.00115736642665	2	56	T	C
N2_bayanus	0.00149517723846	2	20	C	T
N2_bayanus	0.00165038573986	1	248	T	C
N2_bayanus	0.00186037645943	1	389	C	T
N2_bayanus	0.00186561609645	1	158	T	C
N2_bayanus	0.00187573607509	2	44	C	T
N2_bayanus	0.00214805097479	2	200	C	T
N2_bayanus	0.0022284988056	1	488	T	C
N2_bayanus	0.00224346784299	1	425	T	C
N2_N3	0.000610035227888	2	248	T	C
N2_N3	0.000735142380762	2	380	T	C
N2_N3	0.000864617722053	2	17	A	G
N2_N3	0.00104876539614	2	188	T	C
N2_N3	0.00139232007526	2	462	A	G
N2_N3	0.0014306870219	1	473	A	G
N2_N3	0.00147017805804	1	62	A	G
N2_N3	0.00150406497648	2	248	C	T
N3_kudriavzevii	2.35228880868e-05	2	266	C	T
N3_kudriavzevii	0.000134829167522	1	470	A	G
N3_kudriavzevii	0.000359358881853	1	5	G	A
N3_kudriavzevii	0.000375917143252	2	206	C	T
N3_kudriavzevii	0.000826545051578	1	74	G	A
N3_kudriavzevii	0.00134577967825	2	70	T	C
N3_kudriavzevii	0.00143411272512	2	113	T	C
N3_kudriavzevii	0.0015151345652	1	329	T	C
N3_kudriavzevii	0.0015745675721	1	86	G	A
N3_kudriavzevii	0.00173576106176	1	211	G	A
N3_kudriavzevii	0.0017567767695	1	314	G	A
N3_kudriavzevii	0.0020886935708	1	389	C	T
N3_kudriavzevii	0.00226057268628	2	422	T	C
N3_kudriavzevii	0.00307101509889	2	362	T	C
N3_kudriavzevii	0.00386971067114	2	257	C	T
N3_kudriavzevii	0.00436498882793	1	284	G	C
N3_kudriavzevii	0.00443863352556	1	14	C	T
N3_kudriavzevii	0.00453378531607	2	308	C	T
N3_kudriavzevii	0.00461396574355	2	294	G	A
N3_kudriavzevii	0.00465424876564	1	266	C	T
N3_kudriavzevii	0.0047762093919	2	305	A	G
N3_kudriavzevii	0.00485437176137	2	485	T	C
N3_kudriavzevii	0.00492032410318	1	101	A	G
N3_kudriavzevii	0.00500413535151	1	365	A	G
N3_kudriavzevii	0.00508553489605	2	393	T	C
N3_kudriavzevii	0.00510406773971	2	164	C	T
N3_kudriavzevii	0.0054650740351	2	165	C	T
N3_kudriavzevii	0.00553675123191	2	278	G	A
N3_kudriavzevii	0.00568155549173	2	188	C	T
N3_N4	0.000796657369114	2	452	T	C
N3_N4	0.000811952357383	2	37	G	A
N3_N4	0.000838357056001	1	464	C	T
N3_N4	0.000998718934447	2	164	C	T
N3_N4	0.00106105926614	2	233	C	T
N3_N4	0.00121591365594	1	476	C	T
N3_N4	0.00139633203161	1	38	C	T
N3_N4	0.0014654316556	2	3	C	T
N3_N4	0.00167146385265	2	173	G	A
N3_N4	0.00197440281373	2	170	C	T
N3_N4	0.00205123125444	1	200	G	T
N3_N4	0.00227129751468	2	467	T	C
N4_mikatae	9.15645240663e-05	2	278	G	A
N4_mikatae	0.000295721124759	2	189	A	C
N4_mikatae	0.000322838519901	2	410	T	C
N4_mikatae	0.00034505262493	1	119	C	T
N4_mikatae	0.000402574215134	2	260	T	C
N4_mikatae	0.00073174472626	2	302	A	G
N4_mikatae	0.00075501242645	2	461	A	G
N4_mikatae	0.00079096220727	2	182	C	T
N4_mikatae	0.000917999793497	1	257	C	T
N4_mikatae	0.00105561716933	2	107	C	T
N4_mikatae	0.00107405007949	1	131	C	T
N4_mikatae	0.00113997254539	1	320	C	T
N4_mikatae	0.00114537654196	1	440	T	C
N4_mikatae	0.00121978522528	1	380	T	G
N4_mikatae	0.00138423843097	2	329	T	C
N4_mikatae	0.00139559675494	1	173	A	G
N4_mikatae	0.00145345870586	2	14	C	T
N4_mikatae	0.00147653203833	1	245	T	C
N4_mikatae	0.00147936502197	1	56	C	T
N4_mikatae	0.00243195817533	1	74	G	A
N4_mikatae	0.0025669939678	2	218	A	T
N4_mikatae	0.0027696936528	2	362	T	C
N4_mikatae	0.00317551904266	2	247	C	T
N4_mikatae	0.00322129712503	1	251	G	A
N4_mikatae	0.00323888922003	2	53	T	C
N4_mikatae	0.00406489580693	1	20	C	T
N4_mikatae	0.00406609266327	2	303	C	T
N4_N5	0.000403982223955	1	428	G	A
N4_N5	0.000525138429669	2	10	G	C
N4_N5	0.00103815892916	2	386	A	G
N4_N5	0.00126682209375	2	149	C	T
N4_N5	0.00129347464283	1	276	A	G
N4_N5	0.00157413657109	2	317	T	C
N5_paradoxus	3.02738006465e-05	2	386	G	A
N5_paradoxus	0.000652371592322	2	431	A	G
N5_paradoxus	0.000654261707222	1	464	T	C
N5_paradoxus	0.000762129124023	1	127	T	C
N5_paradoxus	0.00092758084402	1	359	C	T
N5_paradoxus	0.00105145097784	2	269	C	T
N5_paradoxus	0.0010620706225	2	377	T	C
N5_paradoxus	0.00118532001197	1	221	G	A
N5_paradoxus	0.00120651040741	1	41	T	C
N5_paradoxus	0.00126822321855	2	101	A	G
N5_paradoxus	0.00141356748874	2	29	G	A
N5_cerevisiae	0.000118415395624	2	65	A	G
N5_cerevisiae	0.000275569086209	2	131	C	T
N5_cerevisiae	0.000649012064923	1	347	A	T
N5_cerevisiae	0.000697816818976	2	224	A	G
N5_cerevisiae	0.000837501062395	1	128	G	A
N5_cerevisiae	0.00103872595554	1	101	A	G
N5_cerevisiae	0.0011838393442	2	440	T	C
N5_cerevisiae	0.00135993742759	1	374	T	C
N5_cerevisiae	0.00148028561291	1	410	T	C
N5_cerevisiae	0.00157391136119	1	2	G	A
N5_cerevisiae	0.00170958924234	1	59	A	G
N5_cerevisiae	0.00244255544693	2	149	T	C
N5_cerevisiae	0.00264239980547	1	323	G	A
N5_cerevisiae	0.00294307181945	2	431	A	C
N5_cerevisiae	0.00324278788929	2	488	T	C
N5_cerevisiae	0.00326273687263	1	138	C	G
N5_cerevisiae	0.00330894953085	2	419	C	T
N5_cerevisiae	0.00333629271678	2	5	G	A
N5_cerevisiae	0.00339107820326	1	266	C	A
N5_cerevisiae	0.00402953196166	2	380	C	T
N5_cerevisiae	0.0041018210937	1	368	G	A
