edge	time	mut_orlg	mut_pos	old_state	new_state
N0_kluyveri	0.0002160722407	0	425	A	G
N0_kluyveri	0.000596442579686	0	274	C	T
N0_kluyveri	0.000805281378045	0	569	T	C
N0_kluyveri	0.0015475808083	0	663	T	A
N0_kluyveri	0.00179852418074	0	869	T	C
N0_kluyveri	0.00180666187449	0	443	T	C
N0_kluyveri	0.00184269167215	0	696	T	C
N0_kluyveri	0.00214214908003	0	104	A	G
N0_kluyveri	0.00216719820681	0	735	C	T
N0_kluyveri	0.00231959535163	0	347	T	A
N0_kluyveri	0.00277186284627	0	734	T	G
N0_kluyveri	0.00281628626698	0	668	C	T
N0_kluyveri	0.00291101898376	0	188	A	G
N0_kluyveri	0.00300724121899	0	764	T	C
N0_kluyveri	0.00308358926768	0	458	T	A
N0_kluyveri	0.00362108856794	0	908	T	A
N0_kluyveri	0.00371039420159	0	674	G	A
N0_kluyveri	0.00380457854987	0	599	C	T
N0_kluyveri	0.00463046108846	0	740	G	A
N0_kluyveri	0.00488168386193	0	269	G	C
N0_kluyveri	0.00541536972282	0	383	A	T
N0_D1	0.000118509565418	0	125	T	C
N0_D1	0.000470404013426	0	704	T	A
D1_N1	1.52703808154e-05	2	146	A	G
D1_N1	3.80799697688e-05	2	29	T	C
D1_N1	5.24714579021e-05	1	707	G	T
D1_N1	0.000274451375406	1	536	T	C
D1_N1	0.000275686006345	1	99	G	A
D1_N1	0.000292368069077	1	338	G	C
D1_N1	0.000620164574256	2	449	C	T
D1_N1	0.000767888406731	1	137	G	A
D1_N1	0.000844952889798	1	27	T	C
D1_N1	0.000964910941586	1	689	T	C
D1_N1	0.000975875229397	2	395	G	A
D1_N1	0.00173971087469	2	260	T	A
D1_N1	0.00207907064971	2	241	G	A
D1_N1	0.0020862939477	2	407	T	G
D1_N1	0.00211146629451	1	161	G	A
D1_N1	0.00213024025735	1	215	T	C
D1_N1	0.00240187918348	2	17	T	C
D1_N1	0.00280765192935	2	338	G	A
D1_N1	0.0028627967691	2	602	C	T
D1_N1	0.00317852731523	1	290	A	G
D1_N1	0.00345020721792	1	797	G	T
D1_N1	0.00363935970148	2	432	G	A
D1_N1	0.00370359416899	2	701	C	T
D1_N1	0.00371260769005	2	614	A	T
D1_N1	0.0038533005752	1	656	A	G
D1_N1	0.00389952627207	2	905	A	G
D1_N1	0.00393743955869	2	587	A	T
D1_N1	0.00398144445679	2	515	C	T
D1_N1	0.00401979159687	2	365	C	T
D1_N1	0.00408246077681	1	773	C	T
D1_N1	0.00409540428661	2	309	T	C
D1_N1	0.00413508873042	1	542	C	T
D1_N1	0.00454820361253	1	35	T	G
D1_N1	0.00454859497999	2	212	G	A
D1_N1	0.00455006341727	2	182	T	C
D1_N1	0.00473362052297	2	809	G	C
D1_N1	0.00508560528899	1	809	G	T
D1_N1	0.00509226835763	1	284	C	T
D1_N1	0.0052547488548	2	80	G	A
D1_N1	0.00541094894697	2	269	G	A
D1_N1	0.00543017842637	2	386	A	G
D1_N1	0.00593822727638	2	449	T	C
D1_N1	0.00624508353463	2	749	T	C
D1_N1	0.00626667373282	1	80	G	A
D1_N1	0.00657196309805	2	872	T	C
D1_N1	0.00657817732353	1	780	G	T
D1_N1	0.00670835440676	1	221	C	T
D1_N1	0.00694485683689	2	768	C	G
D1_N1	0.00694708839997	1	239	A	G
D1_N1	0.00706928908813	1	731	T	C
D1_N1	0.00713266357459	2	317	A	T
D1_N1	0.00721203520355	2	221	C	T
D1_N1	0.00735312409054	2	752	A	G
D1_N1	0.00752410466216	1	632	A	G
D1_N1	0.00754943541812	1	23	A	C
D1_N1	0.00796650791115	2	329	T	C
D1_N1	0.00837645319401	2	569	T	G
D1_N1	0.00838404648995	1	128	C	G
D1_N1	0.00847161601707	1	845	C	T
D1_N1	0.00853086275169	2	467	G	A
D1_N1	0.00861000329386	1	323	T	C
D1_N1	0.00865894148626	1	806	T	C
D1_N1	0.00870226935775	1	683	G	A
D1_N1	0.00926547054657	1	275	T	C
D1_N1	0.00942839911785	2	887	G	A
D1_N1	0.00947429863261	1	164	G	A
D1_N1	0.00947665111735	1	629	A	T
D1_N1	0.00953940711567	1	758	A	G
D1_N1	0.00972138899919	1	101	A	G
D1_N1	0.00978402332502	1	311	A	T
D1_N1	0.00982271279471	1	248	T	G
D1_N1	0.00984821566789	1	836	A	G
D1_N1	0.00988085629658	2	584	G	A
D1_N1	0.0098879892519	2	910	A	G
D1_N1	0.0099855555743	1	822	C	T
D1_N1	0.0101551602319	2	80	A	G
D1_N1	0.0101754893509	2	60	C	T
D1_N1	0.0102584661074	2	389	T	C
D1_N1	0.010665638499	1	809	T	C
D1_N1	0.0106886341788	2	575	T	A
D1_N1	0.010788920618	1	761	G	A
D1_N1	0.0110885281642	1	183	C	T
D1_N1	0.011121833814	1	166	A	G
D1_N1	0.01117332866	2	725	G	A
D1_N1	0.0112577716108	2	704	A	G
D1_N1	0.0112623681974	2	730	C	T
D1_N1	0.0113085269335	1	470	A	G
D1_N1	0.0113589486005	1	571	G	A
D1_N1	0.0117184410513	1	661	A	G
D1_N1	0.0118557056656	2	330	A	C
D1_N1	0.0120662969654	1	470	G	A
D1_N1	0.0123883440624	2	35	T	C
D1_N1	0.0125858648665	1	107	G	A
D1_N1	0.0126397175963	2	449	C	T
D1_N1	0.0128247409167	2	275	T	C
D1_N1	0.0129020932598	1	140	A	C
D1_N1	0.0129257212412	1	601	C	T
D1_N1	0.0129953907552	1	560	A	G
D1_N1	0.0130528293004	2	110	T	C
D1_N1	0.0134841979345	2	351	T	C
D1_N1	0.0136865075553	2	743	A	G
D1_N1	0.0139972867513	1	548	T	C
D1_N1	0.014019110176	1	2	T	A
D1_N1	0.0140252414712	2	721	G	A
D1_N1	0.0141650873791	2	704	G	T
D1_N1	0.0143846392504	2	494	C	T
D1_N1	0.0145437818942	1	362	T	C
D1_N1	0.0145668814238	2	794	T	C
D1_N1	0.0146009391368	2	539	G	A
D1_N1	0.0146079552797	2	128	C	T
N1_castellii	4.41938374756e-05	2	707	G	A
N1_castellii	0.000179486161063	2	524	T	C
N1_castellii	0.00048146697163	2	149	G	T
N1_castellii	0.000596287265903	1	293	A	G
N1_castellii	0.000772641172744	2	665	A	G
N1_castellii	0.00100449112777	1	629	T	C
N1_castellii	0.00100771727536	2	512	T	C
N1_castellii	0.00117278194752	2	562	C	T
N1_castellii	0.00132315455457	1	197	A	G
N1_castellii	0.00145983313306	1	898	T	C
N1_castellii	0.00163963983969	1	830	T	A
N1_castellii	0.00169520656709	2	698	G	A
N1_castellii	0.00175980513267	1	266	C	T
N1_castellii	0.00196847464692	2	839	A	G
N1_castellii	0.00198451832329	2	881	G	C
N1_castellii	0.00198455496327	2	596	T	C
N1_castellii	0.00230264208543	2	632	A	G
N1_castellii	0.00236775175737	2	374	T	C
N1_castellii	0.00237471872554	2	410	C	T
N1_castellii	0.00244840227334	2	17	C	T
N1_castellii	0.00244872087482	1	554	G	A
N1_castellii	0.00258594354743	1	395	G	A
N1_castellii	0.00271395645499	2	590	G	A
N1_castellii	0.00273069276138	1	761	A	G
N1_castellii	0.00334763511101	2	104	A	G
N1_castellii	0.00342407325366	2	761	G	A
N1_castellii	0.00346179636148	2	245	G	A
N1_castellii	0.00348366552487	1	170	C	T
N1_castellii	0.0037826729287	2	650	C	T
N1_castellii	0.0038054758348	1	167	T	C
N1_castellii	0.00413284154241	1	170	T	C
N1_castellii	0.00414064411338	1	491	T	C
N1_castellii	0.00436446296338	2	641	G	A
N1_castellii	0.00467462074763	1	440	T	C
N1_castellii	0.00478493026863	2	656	A	G
N1_castellii	0.00484815660457	2	11	T	C
N1_castellii	0.0053277963092	1	487	C	T
N1_castellii	0.00576730088585	2	630	T	C
N1_castellii	0.00582251227948	2	455	T	C
N1_castellii	0.00583018739736	2	665	A	G
N1_castellii	0.00594997220269	1	611	T	C
N1_castellii	0.00622447778509	1	287	G	A
N1_castellii	0.00624134801036	1	200	G	A
N1_castellii	0.00651433081517	2	44	C	T
N1_castellii	0.0066719433056	2	791	C	T
N1_castellii	0.00669960542257	2	902	A	G
N1_castellii	0.00671214600353	2	779	A	G
N1_castellii	0.00709501009964	1	707	G	A
N1_castellii	0.00722983514624	1	870	G	A
N1_castellii	0.00729215697327	2	602	C	T
N1_castellii	0.00734574550528	1	128	G	A
N1_castellii	0.00746069666543	2	785	G	A
N1_castellii	0.00752563997427	1	30	A	G
N1_castellii	0.00805683436161	1	290	G	A
N1_castellii	0.00824576834584	2	827	C	T
N1_castellii	0.00832721243485	1	698	G	A
N1_castellii	0.008402990259	2	326	A	G
N1_castellii	0.00841457287366	2	647	T	C
N1_castellii	0.00848125038636	1	782	G	A
N1_castellii	0.0088184295671	2	911	T	C
N1_castellii	0.00892330445388	1	689	T	C
N1_castellii	0.00918902410628	2	473	G	A
N1_castellii	0.00948612042927	1	491	C	T
N1_castellii	0.00976299060926	1	27	C	T
N1_castellii	0.00980169814865	1	632	G	A
N1_castellii	0.0104836857193	1	413	A	G
N1_castellii	0.0108662282514	2	347	T	C
N1_castellii	0.0111088095378	1	404	G	A
N1_castellii	0.0111462033574	2	596	C	T
N1_castellii	0.0111828891532	1	743	A	G
N1_castellii	0.0112645099137	1	425	A	G
N1_castellii	0.0113556502293	1	884	A	G
N1_castellii	0.0114685579771	1	677	G	A
N1_castellii	0.0115955496278	2	545	T	C
N1_castellii	0.0117790292524	2	434	G	A
N1_N2	0.000262340710672	1	416	T	A
N1_N2	0.00027596242409	1	83	C	T
N1_N2	0.000282917726982	2	677	G	C
N1_N2	0.00034297506536	2	230	T	C
N1_N2	0.000351931944279	2	527	G	C
N1_N2	0.000377936363445	1	275	C	T
N1_N2	0.000392889786717	1	512	T	C
N1_N2	0.000761014460731	2	224	G	A
N1_N2	0.000765525086782	2	395	A	G
N1_N2	0.00118341108971	2	122	C	T
N1_N2	0.00134814487129	2	903	A	G
N1_N2	0.00139171230059	2	521	A	G
N1_N2	0.00156765580595	2	74	A	G
N1_N2	0.00181968442841	2	431	G	A
N1_N2	0.00182192395283	1	893	A	G
N1_N2	0.00190609375414	2	401	G	A
N1_N2	0.00193644548625	1	38	G	A
N1_N2	0.00220181704519	2	743	G	A
N1_N2	0.00241597900186	2	581	T	C
N1_N2	0.00272040023047	1	101	G	A
N1_N2	0.0027785928555	1	334	A	G
N1_N2	0.00288712920716	1	6	T	C
N1_N2	0.00302089464383	1	830	T	C
N1_N2	0.00302967956814	1	515	C	T
N1_N2	0.00305645472648	2	828	T	C
N1_N2	0.00325133325849	2	653	C	T
N1_N2	0.00360427839489	2	74	G	A
N1_N2	0.00365364468108	2	617	G	A
N1_N2	0.00372250392638	2	713	A	G
N1_N2	0.00404029363796	2	515	T	A
N1_N2	0.0041737276671	2	569	G	C
N1_N2	0.00443251120825	1	273	G	A
N1_N2	0.0044939491662	2	644	T	C
N1_N2	0.00507695568153	1	212	A	G
N1_N2	0.00528489151729	1	782	G	A
N1_N2	0.00540166930553	2	140	A	G
N1_N2	0.00555579783507	2	266	C	T
N1_N2	0.00562070195833	1	542	T	C
N1_N2	0.00589276688513	2	521	G	T
N1_N2	0.00594981223827	1	494	C	T
N1_N2	0.00646341617326	1	86	G	A
N1_N2	0.00646926082013	2	784	T	C
N1_N2	0.00660079968405	2	386	G	A
N1_N2	0.00675168384564	1	407	T	C
N1_N2	0.00676642188697	1	827	C	T
N1_N2	0.00686482779643	2	584	A	G
N1_N2	0.00732556110511	2	302	G	A
N1_N2	0.00753903521055	2	218	A	C
N1_N2	0.0075459275366	1	221	T	C
N1_N2	0.00761248686286	2	821	A	G
N1_N2	0.00770018823204	1	179	A	G
N1_N2	0.00775008393398	2	815	T	C
N1_N2	0.00778714574271	2	767	C	T
N1_N2	0.00798919773458	1	701	T	C
N1_N2	0.00810251543737	1	117	C	T
N1_N2	0.00833902532924	2	365	T	G
N1_N2	0.0084441211123	2	572	G	A
N1_N2	0.00858729346356	1	728	T	C
N1_N2	0.00861503186494	2	572	A	G
N1_N2	0.00865838230523	1	158	G	A
N1_N2	0.00890606247517	1	485	C	T
N1_N2	0.00934697511065	2	518	T	G
N1_N2	0.0099217994585	1	316	T	G
N2_bayanus	0.000105483522425	1	635	T	C
N2_bayanus	0.0004747040463	1	805	T	C
N2_bayanus	0.0004960626712	1	635	C	T
N2_bayanus	0.000633751894721	1	257	G	A
N2_bayanus	0.00118307587625	2	389	C	A
N2_bayanus	0.00122992278982	1	707	G	A
N2_bayanus	0.00134345638258	2	692	A	G
N2_bayanus	0.00156311621863	2	707	G	A
N2_bayanus	0.00165958327035	1	254	C	T
N2_bayanus	0.00176156946025	2	69	T	A
N2_bayanus	0.00177520683022	1	887	A	G
N2_bayanus	0.00195021839258	2	695	G	A
N2_bayanus	0.00202900002112	1	650	C	T
N2_bayanus	0.00204970774693	2	299	C	G
N2_bayanus	0.00210376025201	1	803	T	C
N2_bayanus	0.00222707139691	1	819	A	C
N2_bayanus	0.00229031845614	2	428	G	A
N2_bayanus	0.00239349047989	2	513	G	A
N2_bayanus	0.00269837564599	1	512	C	T
N2_bayanus	0.00286376480741	1	710	G	A
N2_bayanus	0.00286926912951	1	101	A	G
N2_bayanus	0.00291805380397	2	872	T	C
N2_bayanus	0.00368810721192	1	830	C	T
N2_bayanus	0.0039791952939	2	218	C	T
N2_bayanus	0.0043345887658	2	671	A	G
N2_bayanus	0.00441384070247	2	254	C	T
N2_bayanus	0.00441672688236	1	155	T	C
N2_bayanus	0.00459026865833	2	785	G	A
N2_bayanus	0.00506583311226	1	512	T	C
N2_bayanus	0.00507895500078	2	686	T	C
N2_bayanus	0.00524919153258	1	851	T	C
N2_bayanus	0.00547041621305	1	263	T	C
N2_bayanus	0.00547613751908	2	152	A	C
N2_bayanus	0.00549476066245	1	11	T	C
N2_bayanus	0.00597256986845	1	824	G	A
N2_N3	7.20418710849e-05	2	872	T	C
N2_N3	0.000319364593724	2	68	A	G
N2_N3	0.000511050370101	2	53	T	C
N2_N3	0.000610680814493	2	674	G	A
N2_N3	0.000921444113294	1	530	G	T
N2_N3	0.00104265580273	2	146	G	A
N2_N3	0.00114215661958	1	464	G	A
N2_N3	0.00121146191509	2	614	T	C
N2_N3	0.00135524402721	2	365	G	A
N2_N3	0.00152260947366	2	461	A	G
N2_N3	0.00164573528721	2	20	T	C
N3_kudriavzevii	9.68504394689e-05	2	500	A	G
N3_kudriavzevii	0.000216283462918	1	428	G	A
N3_kudriavzevii	0.000246444840021	1	323	C	T
N3_kudriavzevii	0.000267349561156	1	833	C	A
N3_kudriavzevii	0.000299323578685	1	875	A	G
N3_kudriavzevii	0.000433565166947	2	140	G	A
N3_kudriavzevii	0.000706527981362	2	20	C	T
N3_kudriavzevii	0.000871702328035	1	671	A	G
N3_kudriavzevii	0.000886074080924	1	47	T	C
N3_kudriavzevii	0.00119242699678	1	506	C	G
N3_kudriavzevii	0.00154482235102	1	680	G	C
N3_kudriavzevii	0.00161375909083	2	15	C	T
N3_kudriavzevii	0.00163756380668	1	785	G	A
N3_kudriavzevii	0.00183966114253	2	405	A	G
N3_kudriavzevii	0.00191126795234	1	251	A	G
N3_kudriavzevii	0.0022807083188	2	638	G	A
N3_kudriavzevii	0.00234407143334	2	269	A	G
N3_kudriavzevii	0.00235106286386	2	425	A	G
N3_kudriavzevii	0.00238813001851	2	696	T	C
N3_kudriavzevii	0.00243755235118	2	581	C	T
N3_kudriavzevii	0.00251166472777	2	173	T	C
N3_kudriavzevii	0.00278259018269	1	311	T	C
N3_kudriavzevii	0.002936661671	1	734	T	G
N3_kudriavzevii	0.00295655494833	2	227	T	C
N3_kudriavzevii	0.00296364359067	2	59	A	G
N3_kudriavzevii	0.00306926899592	1	638	G	A
N3_kudriavzevii	0.00326199776492	1	616	C	T
N3_kudriavzevii	0.00362740101931	1	702	A	G
N3_kudriavzevii	0.00365715785574	1	350	T	C
N3_kudriavzevii	0.0037109635232	1	875	G	A
N3_kudriavzevii	0.00374348977937	2	447	A	G
N3_N4	3.34442953814e-05	2	701	T	C
N3_N4	0.000130480468721	1	59	A	G
N3_N4	0.000188705805351	1	182	T	G
N3_N4	0.000239871566189	2	431	A	T
N3_N4	0.000325919501223	2	179	A	G
N3_N4	0.00034769243107	2	845	T	C
N3_N4	0.00036315959926	2	566	C	T
N3_N4	0.000655897277044	1	284	T	C
N3_N4	0.00083333419336	1	53	T	C
N3_N4	0.00100592237607	2	614	C	T
N3_N4	0.00109392137302	1	83	C	G
N3_N4	0.00131337015162	2	107	G	T
N3_N4	0.00174090510418	2	218	C	G
N3_N4	0.00177527425186	1	845	T	C
N4_mikatae	5.55607340751e-05	1	194	G	A
N4_mikatae	0.00016780382534	1	902	A	T
N4_mikatae	0.000240550766966	1	44	C	T
N4_mikatae	0.000270495550636	1	179	G	A
N4_mikatae	0.000482754995282	2	791	C	T
N4_mikatae	0.000597632127868	1	890	C	T
N4_mikatae	0.000791065404807	1	360	A	G
N4_mikatae	0.000917951381349	2	23	A	G
N4_mikatae	0.00101911891697	2	428	G	A
N4_mikatae	0.00128788819505	2	326	A	G
N4_mikatae	0.00155624521344	2	227	T	C
N4_mikatae	0.00171132464938	2	590	G	C
N4_mikatae	0.00175889645209	2	251	A	T
N4_mikatae	0.00212609725673	1	447	A	G
N4_mikatae	0.00295650883136	2	641	G	A
N4_mikatae	0.0030537594564	1	860	T	C
N4_mikatae	0.00324534998486	2	470	A	G
N4_mikatae	0.00339717738398	2	701	C	T
N4_mikatae	0.00345886490685	1	614	T	C
N4_mikatae	0.00349702362674	1	334	G	A
N4_mikatae	0.00394847461589	1	47	T	C
N4_mikatae	0.00408799583714	1	455	T	C
N5_paradoxus	3.79845988023e-05	1	402	C	G
N5_paradoxus	4.18550426226e-05	1	833	C	T
N5_paradoxus	0.000217073351631	2	813	C	T
N5_paradoxus	0.000277102253037	1	449	T	C
N5_paradoxus	0.000280725643164	1	336	T	C
N5_paradoxus	0.000713179140711	2	898	T	C
N5_paradoxus	0.00101811386504	1	218	A	G
N5_paradoxus	0.00109694056839	2	380	A	G
N5_paradoxus	0.00118147972122	1	74	A	G
N5_paradoxus	0.0012087593701	2	287	G	A
N5_paradoxus	0.00124355953498	2	146	A	G
N5_paradoxus	0.0013212565998	1	830	C	A
N5_paradoxus	0.00161529749078	2	310	C	T
N5_paradoxus	0.00166413818434	1	590	G	A
N5_paradoxus	0.00169615841381	2	881	G	A
N5_paradoxus	0.00176517176735	1	296	T	C
N5_paradoxus	0.00184048968866	1	389	C	T
N5_cerevisiae	0.000439701346643	1	566	C	T
N5_cerevisiae	0.000494925086883	2	752	G	A
N5_cerevisiae	0.00052430656216	2	272	T	G
N5_cerevisiae	0.000602592699104	2	602	T	C
N5_cerevisiae	0.00061087482563	1	299	C	T
N5_cerevisiae	0.000779585310245	2	425	A	G
N5_cerevisiae	0.00127637236469	2	170	C	A
N5_cerevisiae	0.0015122433124	1	479	T	G
N5_cerevisiae	0.00158065006362	1	545	T	C
N5_cerevisiae	0.00174621033975	1	277	C	T
N5_cerevisiae	0.00193719436034	1	152	A	G
N5_cerevisiae	0.00200209228793	1	785	G	A
N5_cerevisiae	0.00209511441455	2	458	T	C
N5_cerevisiae	0.00215944639536	1	290	G	A
N5_cerevisiae	0.00223059083832	2	405	A	G
N5_cerevisiae	0.00236159423079	1	854	G	A
N5_cerevisiae	0.00249685005629	2	227	T	G
N5_cerevisiae	0.00259741075996	1	593	A	G
N5_cerevisiae	0.0026585279385	1	29	T	C
N5_cerevisiae	0.00274238726147	2	179	G	A
N5_cerevisiae	0.00291900562747	1	563	G	T
N5_cerevisiae	0.00302837408555	2	884	A	C
N5_cerevisiae	0.00303074614017	2	365	A	G
N5_cerevisiae	0.00311501014338	1	203	G	A
N5_cerevisiae	0.00326781228389	1	482	T	C
N5_cerevisiae	0.00368077488663	1	443	T	C
N5_cerevisiae	0.00378969258272	2	392	C	T
N5_cerevisiae	0.00379426482181	1	5	A	G
N5_cerevisiae	0.00396276433133	2	404	G	A
