edge	time	mut_orlg	mut_pos	old_state	new_state
N0_D1	0.00481945748863	0	12	C	T
N0_D1	0.00999778928109	0	151	A	T
N0_D1	0.0103349930715	0	170	A	G
N0_D1	0.0129126268895	0	88	C	T
N0_D1	0.0221021679338	0	150	G	C
N0_D1	0.0353690831452	0	115	T	G
N0_D1	0.0477305758463	0	37	A	T
D1_N1	0.00579909849964	1	175	A	G
D1_N1	0.00785359542506	1	37	T	C
D1_N1	0.00810901924997	2	93	T	G
D1_N1	0.0109804197115	2	33	G	A
D1_N1	0.0109863722875	2	107	T	G
D1_N1	0.0121499188492	2	62	C	A
D1_N1	0.0129727019834	1	76	A	G
D1_N1	0.0145214969109	1	25	A	C
D1_N1	0.0159884996335	1	49	C	T
D1_N1	0.0202229298443	2	80	T	C
D1_N1	0.0221385101492	1	186	A	G
D1_N1	0.0224482400205	1	127	C	T
D1_N1	0.0314872038938	1	174	A	G
D1_N1	0.0329083605923	2	5	A	C
D1_N1	0.0336520857302	1	113	T	A
D1_N1	0.0360528764154	1	62	C	T
D1_N1	0.0413763037325	2	181	A	G
D1_N1	0.0414334250347	2	111	T	C
D1_N1	0.0530060343266	1	100	G	T
D1_N1	0.0535571002274	2	60	T	A
D1_N1	0.0545902437135	2	82	C	G
D1_N1	0.0555079390498	2	15	T	C
D1_N1	0.0590502326742	2	89	G	T
D1_N1	0.0596573277937	2	55	A	T
D1_N1	0.0710253958333	2	107	G	A
D1_N1	0.0730024073975	1	140	G	A
D1_N1	0.0750871095131	1	163	A	C
D1_N1	0.0767797653045	2	14	A	G
D1_N1	0.080974851087	2	193	A	C
D1_N1	0.0846627199314	2	38	A	G
D1_N1	0.0882082271847	2	130	T	C
D1_N1	0.0920271153968	1	38	A	C
D1_N1	0.0921950195322	1	39	T	C
D1_N1	0.0979938308285	2	121	T	A
D1_N1	0.10525732278	1	101	G	A
D1_N1	0.10594810644	1	186	G	A
D1_N1	0.113392317899	2	178	A	T
D1_N1	0.114908237985	1	127	T	G
D1_N1	0.116143913041	1	8	A	C
D1_N1	0.117187403559	2	101	G	A
D1_N1	0.124068806043	1	116	T	G
D1_N1	0.129787457598	1	47	G	T
D1_N1	0.131307455749	1	142	G	C
D1_N1	0.132432019216	1	26	A	G
D1_N1	0.137335683983	1	3	C	T
D1_N1	0.149382576316	1	184	T	C
D1_N1	0.150477558058	1	51	A	T
D1_N1	0.151654634562	1	29	G	A
D1_N1	0.151831808776	1	180	C	G
D1_N1	0.154321611155	1	6	C	A
D1_N1	0.155469875232	2	59	T	A
D1_N1	0.155746311849	1	35	A	T
D1_N1	0.159203213346	2	182	A	G
D1_N1	0.16023566386	2	57	G	A
D1_N1	0.16414633313	1	102	A	C
D1_N1	0.166594885216	1	30	T	C
D1_N1	0.168562176803	2	81	A	T
D1_N1	0.171686320641	1	5	A	G
D1_N1	0.173359604565	1	159	T	G
D1_N1	0.18172595968	1	72	G	A
D1_N1	0.183396989074	1	37	C	T
D1_N1	0.18344006776	1	96	T	C
D1_N1	0.185276436883	1	125	C	T
D1_N1	0.186274672724	1	100	T	C
D1_N1	0.186784492793	2	150	C	T
D1_N1	0.197711108179	1	105	G	C
D1_N1	0.198940894076	1	68	C	T
D1_N1	0.203334614177	2	145	A	T
D1_N1	0.207891189757	2	78	T	C
D1_N1	0.210472888253	1	37	T	C
D1_N1	0.214394413683	1	82	C	T
D1_N1	0.228109197819	1	21	A	G
D1_N1	0.231783900638	1	141	A	G
D1_N1	0.233621319309	1	107	T	C
N1_N2	0.00203405319882	1	160	A	G
N1_N2	0.0106873853601	2	52	T	C
N1_N2	0.0111091559592	1	16	G	C
N1_N2	0.0128663312307	1	5	G	A
N1_N2	0.0157026877525	1	81	A	T
N2_N3	0.000778163977817	2	55	T	C
N2_N3	0.00351342046242	2	150	T	A
N3_N4	0.0061319584	2	145	T	G
N3_N4	0.00679878221875	2	70	G	T
N3_N4	0.00845837496631	2	37	T	A
N4_Human	0.00179636464525	2	60	A	G
N4_Human	0.00183126179397	1	28	C	T
N4_Human	0.00311972775979	2	102	A	C
N4_Human	0.00342158485629	2	138	A	G
N4_Human	0.00358277684993	2	16	G	T
N4_Chimp	0.000780105006397	2	104	C	T
N4_Chimp	0.000954228668631	1	148	T	A
N4_Chimp	0.00148467129495	1	61	C	T
N4_Chimp	0.0086339160162	1	130	T	C
N4_Chimp	0.0100785430841	2	106	G	T
N3_Goril	0.000523996503146	1	4	C	G
N3_Goril	0.00262055404948	1	32	C	A
N3_Goril	0.00421478776385	2	87	G	C
N3_Goril	0.00982026622543	2	123	A	G
N3_Goril	0.0117873697242	2	32	C	T
N3_Goril	0.0134155260869	2	89	T	C
N3_Goril	0.0196039528947	1	78	T	G
N2_Orang	0.00295583062079	2	111	C	T
N2_Orang	0.00693323126108	1	193	A	G
N2_Orang	0.0075044439226	2	66	G	C
N2_Orang	0.0128569509343	1	70	G	T
N2_Orang	0.014281368852	2	162	C	A
N1_Macaq	0.000513802697206	1	180	G	T
N1_Macaq	0.000873194751594	1	117	T	C
N1_Macaq	0.00121320304623	2	56	T	C
N1_Macaq	0.00295958458004	2	22	C	T
N1_Macaq	0.00297093230499	1	55	A	T
N1_Macaq	0.0031158578776	2	183	C	G
N1_Macaq	0.00812890229266	1	128	T	C
N1_Macaq	0.00895602991258	2	40	G	A
N1_Macaq	0.0166943019254	1	162	C	G
N1_Macaq	0.0208006027792	1	97	C	T
N1_Macaq	0.0226924088701	1	159	G	A
N1_Macaq	0.023348582053	2	184	T	G
N1_Macaq	0.0282381028764	1	108	G	A
N1_Macaq	0.0384854187247	1	125	T	G
N1_Macaq	0.0406413462097	2	101	A	G
N1_Macaq	0.0416362021651	2	35	A	G
N1_Macaq	0.0438114813759	1	167	T	A
N0_Mouse	0.011557478791	0	108	G	C
N0_Mouse	0.0150377110214	0	113	T	C
N0_Mouse	0.0181298352889	0	39	T	G
N0_Mouse	0.0230058937888	0	29	G	T
N0_Mouse	0.025945046913	0	117	T	A
N0_Mouse	0.0307105579902	0	21	A	T
N0_Mouse	0.0308521789024	0	60	T	G
N0_Mouse	0.0325207920604	0	119	A	T
N0_Mouse	0.0377257370478	0	98	G	A
N0_Mouse	0.0478658836313	0	104	C	A
N0_Mouse	0.0561108256445	0	111	T	G
N0_Mouse	0.0615361262372	0	183	C	T
N0_Mouse	0.0701552137694	0	106	G	A
N0_Mouse	0.0816672259636	0	163	A	G
N0_Mouse	0.084333594988	0	1	T	A
N0_Mouse	0.105463239171	0	174	A	T
N0_Mouse	0.130834199666	0	12	C	T
N0_Mouse	0.138447974959	0	19	C	G
N0_Mouse	0.139797267297	0	100	G	T
N0_Mouse	0.143345271288	0	24	A	T
N0_Mouse	0.146468791499	0	150	G	A
N0_Mouse	0.147798935625	0	21	T	G
N0_Mouse	0.1538545983	0	179	A	G
N0_Mouse	0.163355218409	0	70	G	A
N0_Mouse	0.182276286002	0	60	G	T
N0_Mouse	0.205482856857	0	82	C	T
N0_Mouse	0.209193084326	0	164	A	G
N0_Mouse	0.209378156805	0	99	G	A
N0_Mouse	0.215960670248	0	43	T	C
N0_Mouse	0.236533019748	0	87	G	A
N0_Mouse	0.244690245704	0	79	T	G
N0_Mouse	0.249804780431	0	122	T	C
N0_Mouse	0.256751676037	0	108	C	A
N0_Mouse	0.265391342371	0	143	A	T
N0_Mouse	0.27052427215	0	26	A	C
N0_Mouse	0.278352612393	0	142	G	A
N0_Mouse	0.282288051851	0	57	G	A
N0_Mouse	0.284411159465	0	163	G	A
N0_Mouse	0.285550152732	0	28	C	G
N0_Mouse	0.286895633146	0	166	T	A
N0_Mouse	0.305913512796	0	142	A	G
N0_Mouse	0.306575669976	0	102	A	G
N0_Mouse	0.308173875427	0	188	C	A
N0_Mouse	0.319008721681	0	118	G	C
N0_Mouse	0.323618196881	0	189	G	A
N0_Mouse	0.327533562366	0	140	G	T
N0_Mouse	0.334078848826	0	44	C	A
N0_Mouse	0.339016982643	0	182	A	G
N0_Mouse	0.345870406207	0	112	A	T
N0_Mouse	0.346289208494	0	23	A	G
N0_Mouse	0.349360818087	0	49	C	T
N0_Mouse	0.351004455315	0	129	C	T
N0_Mouse	0.355302901422	0	152	T	A
N0_Mouse	0.369785632515	0	131	A	C
N0_Mouse	0.37166394051	0	183	T	G
N0_Mouse	0.388576056544	0	72	G	A
N0_Mouse	0.389343076979	0	190	C	T
N0_Mouse	0.392756530307	0	115	T	A
N0_Mouse	0.398956396022	0	38	A	T
N0_Mouse	0.399242170479	0	190	T	C
N0_Mouse	0.399617941509	0	30	T	A
N0_Mouse	0.400394252504	0	165	G	A
N0_Mouse	0.403427375471	0	152	A	T
N0_Mouse	0.410142456201	0	174	T	A
N0_Mouse	0.419082914245	0	42	C	T
N0_Mouse	0.420474164936	0	104	A	G
N0_Mouse	0.421967912805	0	140	T	G
N0_Mouse	0.427213646111	0	98	A	G
N0_Mouse	0.435355287862	0	140	G	C
N0_Mouse	0.435941908079	0	11	G	T
N0_Mouse	0.439132660922	0	146	T	A
N0_Mouse	0.44144662521	0	3	C	A
N0_Mouse	0.441756112759	0	123	A	T
