edge	time	orlg_from	orlg_to	tract_length	start_pos	stop_pos	num_diff	template_seq	overide_seq
D1_N1	0.00480920749139	1	2	1	217	217	0	G	G
D1_N1	0.00482006561862	1	2	1	7	7	0	A	A
D1_N1	0.0143592198452	2	1	1	392	392	0	C	C
D1_N1	0.0207012687837	1	2	1	250	250	0	T	T
D1_N1	0.0208458487227	1	2	1	1	1	0	T	T
D1_N1	0.027000096956	2	1	1	86	86	0	C	C
D1_N1	0.0326707491614	1	2	1	272	272	0	T	T
D1_N1	0.0364725598061	2	1	1	358	358	0	T	T
D1_N1	0.0381138703305	1	2	1	146	146	0	A	A
D1_N1	0.0390181887164	2	1	1	187	187	0	A	A
D1_N1	0.0435937827649	2	1	1	174	174	0	A	A
D1_N1	0.0436369403812	2	1	1	178	178	0	A	A
D1_N1	0.0448805046471	1	2	1	383	383	0	C	C
D1_N1	0.047500588766	2	1	1	310	310	0	C	C
D1_N1	0.0482454841567	2	1	1	443	443	0	G	G
D1_N1	0.0508615858123	1	2	1	395	395	0	G	G
D1_N1	0.0528921586647	1	2	1	416	416	0	G	G
D1_N1	0.0530761690164	1	2	1	103	103	0	C	C
D1_N1	0.0536543751693	2	1	1	330	330	0	A	A
D1_N1	0.054884985212	2	1	1	235	235	1	G	T
D1_N1	0.0592699758149	2	1	1	283	283	0	G	G
D1_N1	0.0668914028302	2	1	1	423	423	0	A	A
D1_N1	0.0717496239084	2	1	1	210	210	1	C	A
D1_N1	0.0720791002291	1	2	1	315	315	0	C	C
D1_N1	0.075215905448	2	1	1	348	348	0	G	G
D1_N1	0.0767653534095	2	1	1	27	27	0	T	T
D1_N1	0.0810735246879	1	2	1	352	352	0	G	G
D1_N1	0.0826476028189	2	1	1	89	89	0	C	C
D1_N1	0.0830321604621	2	1	1	6	6	0	G	G
D1_N1	0.0863730069891	2	1	1	79	79	0	G	G
D1_N1	0.0876283627272	1	2	1	366	366	0	C	C
D1_N1	0.0882505226563	2	1	1	312	312	0	C	C
D1_N1	0.0907660300033	2	1	1	77	77	0	C	C
D1_N1	0.095212114321	2	1	1	21	21	0	T	T
D1_N1	0.0964813142986	2	1	1	143	143	0	T	T
D1_N1	0.0971228615436	1	2	1	76	76	0	A	A
D1_N1	0.0996781364705	2	1	1	307	307	0	C	C
D1_N1	0.10098799247	1	2	1	333	333	0	C	C
D1_N1	0.1019295918	1	2	1	358	358	0	T	T
D1_N1	0.110323162196	2	1	1	339	339	0	T	T
D1_N1	0.112550250007	1	2	1	303	303	1	C	T
D1_N1	0.118540613082	2	1	1	125	125	0	A	A
D1_N1	0.122413994269	2	1	1	26	26	0	T	T
D1_N1	0.123398463778	2	1	1	305	305	0	A	A
D1_N1	0.125846386157	2	1	1	74	74	0	G	G
D1_N1	0.126114406768	1	2	1	103	103	0	C	C
D1_N1	0.126217330081	2	1	1	204	204	0	A	A
D1_N1	0.128830113298	2	1	1	353	353	0	C	C
D1_N1	0.12888694563	2	1	1	361	361	1	G	C
D1_N1	0.133431314259	1	2	1	465	465	0	T	T
D1_N1	0.136093155248	2	1	1	128	128	0	T	T
D1_N1	0.138318830201	1	2	1	108	108	0	T	T
D1_N1	0.13885254199	1	2	1	163	163	1	A	G
D1_N1	0.140655635665	1	2	1	444	444	1	G	C
D1_N1	0.143778448092	1	2	1	82	82	1	T	C
D1_N1	0.145250896904	2	1	1	225	225	0	T	T
D1_N1	0.147519382536	1	2	1	14	14	0	T	T
D1_N1	0.148526507293	1	2	1	425	425	0	A	A
D1_N1	0.152514985907	1	2	1	94	94	0	T	T
D1_N1	0.153116029541	1	2	1	242	242	1	A	T
D1_N1	0.154681927837	2	1	1	56	56	0	G	G
D1_N1	0.15619051674	1	2	1	108	108	1	C	T
D1_N1	0.156639197932	1	2	1	419	419	0	T	T
D1_N1	0.159459561857	2	1	1	405	405	0	G	G
D1_N1	0.159773113624	1	2	1	203	203	1	T	C
D1_N1	0.159867225885	2	1	1	231	231	0	C	C
D1_N1	0.160660290878	2	1	1	191	191	0	T	T
D1_N1	0.172722657662	2	1	1	204	204	0	A	A
D1_N1	0.174253980796	2	1	1	33	33	1	T	G
D1_N1	0.176578933838	1	2	1	84	84	1	C	G
D1_N1	0.179003747555	1	2	1	148	148	0	G	G
D1_N1	0.179305045826	1	2	1	293	293	1	A	T
D1_N1	0.182370040924	1	2	1	104	104	0	T	T
D1_N1	0.183217870996	1	2	1	56	56	0	G	G
D1_N1	0.183301522949	1	2	1	269	269	1	T	G
D1_N1	0.183845864834	2	1	1	119	119	0	A	A
D1_N1	0.190852499883	2	1	1	290	290	0	T	T
D1_N1	0.192458641593	2	1	1	82	82	0	T	T
D1_N1	0.197231120211	2	1	1	116	116	1	C	G
D1_N1	0.197279959008	1	2	1	216	216	1	G	C
D1_N1	0.197966893161	2	1	1	258	258	0	C	C
D1_N1	0.201133776299	2	1	1	110	110	1	C	T
D1_N1	0.203361991816	1	2	1	287	287	1	T	G
D1_N1	0.205303073696	2	1	1	154	154	0	T	T
D1_N1	0.207828967319	2	1	1	463	463	0	A	A
D1_N1	0.208399972599	1	2	1	100	100	0	A	A
D1_N1	0.211162863578	2	1	1	458	458	0	C	C
D1_N1	0.215638907263	1	2	1	411	411	0	T	T
D1_N1	0.215973928712	1	2	1	217	217	1	G	C
D1_N1	0.221044096429	1	2	1	70	70	0	T	T
D1_N1	0.223000699751	1	2	1	51	51	0	T	T
D1_N1	0.225785729338	1	2	1	97	97	0	G	G
D1_N1	0.22743547459	1	2	1	318	318	0	G	G
D1_N1	0.22926838685	1	2	1	37	37	0	A	A
D1_N1	0.231398702392	2	1	1	231	231	1	C	T
N1_N2	0.00203600084007	1	2	1	395	395	0	G	G
N1_N2	0.00707480814661	1	2	1	145	145	0	A	A
N1_N2	0.0125947730953	2	1	1	61	61	0	G	G
N1_N2	0.0129227480579	1	2	1	368	368	1	A	G
N1_N2	0.0130569766323	2	1	1	5	5	0	G	G
N1_N2	0.0148982091505	1	2	1	286	286	1	G	A
N1_N2	0.0156791413969	2	1	1	204	204	0	A	A
N3_N4	0.00279484809725	2	1	1	108	108	1	C	A
N3_N4	0.00685527762835	2	1	1	457	457	1	C	G
N3_N4	0.00758679528823	2	1	1	431	431	0	T	T
N4_Human	0.000854487165912	2	1	1	285	285	0	T	T
N4_Human	0.00148346454678	2	1	1	158	158	1	A	G
N4_Human	0.00329748860523	2	1	1	439	439	1	A	G
N4_Human	0.00881097637706	1	2	1	245	245	0	A	A
N4_Human	0.00947064177106	2	1	1	278	278	1	C	T
N4_Chimp	0.00130163805578	1	2	1	191	191	0	T	T
N4_Chimp	0.00205321062264	1	2	1	185	185	0	C	C
N4_Chimp	0.00211833595519	1	2	1	76	76	0	A	A
N4_Chimp	0.00770924529647	2	1	1	91	91	0	G	G
N4_Chimp	0.00975558096172	2	1	1	354	354	0	G	G
N3_Goril	0.00313439899504	1	2	1	428	428	0	A	A
N3_Goril	0.00338205841814	1	2	1	6	6	0	G	G
N3_Goril	0.00381011933316	2	1	1	151	151	0	A	A
N3_Goril	0.00382120963401	2	1	1	32	32	0	T	T
N3_Goril	0.0101418210408	1	2	1	253	253	0	C	C
N3_Goril	0.0152663494825	1	2	1	121	121	0	T	T
N3_Goril	0.0186244305809	1	2	1	451	451	0	G	G
N3_Goril	0.0186842103547	2	1	1	84	84	1	T	C
N2_Orang	0.00253537148046	1	2	1	389	389	0	G	G
N2_Orang	0.00297232900308	1	2	1	240	240	0	C	C
N2_Orang	0.00611571905768	1	2	1	131	131	0	G	G
N2_Orang	0.00650046202826	1	2	1	427	427	0	T	T
N2_Orang	0.00784036388686	1	2	1	446	446	0	T	T
N2_Orang	0.00835963714475	1	2	1	186	186	1	T	G
N2_Orang	0.00921165363681	1	2	1	456	456	0	G	G
N2_Orang	0.0155380311814	1	2	1	64	64	1	A	T
N2_Orang	0.0161160772191	2	1	1	93	93	0	T	T
N2_Orang	0.0174364458762	1	2	1	261	261	1	A	G
N2_Orang	0.0185788766815	2	1	1	171	171	0	C	C
N1_Macaq	0.00221757008654	2	1	1	403	403	1	C	A
N1_Macaq	0.00504247467748	2	1	1	219	219	1	T	C
N1_Macaq	0.00857136520697	1	2	1	358	358	1	C	T
N1_Macaq	0.0143628543604	1	2	1	173	173	1	G	T
N1_Macaq	0.014914449736	2	1	1	436	436	0	A	A
N1_Macaq	0.0165436860179	1	2	1	191	191	0	T	T
N1_Macaq	0.0189339521479	2	1	1	326	326	1	A	T
N1_Macaq	0.0219959922974	2	1	1	93	93	0	T	T
N1_Macaq	0.0239355778858	2	1	1	216	216	0	G	G
N1_Macaq	0.0299831056844	2	1	1	252	252	0	T	T
N1_Macaq	0.0316030171039	1	2	1	421	421	0	A	A
N1_Macaq	0.032423256881	1	2	1	366	366	0	C	C
N1_Macaq	0.0332886446093	1	2	1	404	404	1	C	A
N1_Macaq	0.035203246402	2	1	1	207	207	1	T	C
N1_Macaq	0.0363256628361	1	2	1	349	349	1	C	G
N1_Macaq	0.037260625754	1	2	1	27	27	1	T	C
N1_Macaq	0.0406218476558	2	1	1	72	72	0	T	T
N1_Macaq	0.0429280469367	1	2	1	152	152	1	A	G
