edge	time	mut_orlg	mut_pos	old_state	new_state
N0_kluyveri	3.42812491851e-05	0	62	A	G
N0_kluyveri	0.00202103881516	0	179	G	A
N0_kluyveri	0.00262021681035	0	287	T	C
N0_kluyveri	0.00310379278377	0	281	A	G
N0_kluyveri	0.0035395437816	0	65	C	T
N0_kluyveri	0.00376449572307	0	62	G	A
N0_kluyveri	0.00393784125491	0	188	T	C
N0_kluyveri	0.00402383398868	0	434	C	T
N0_kluyveri	0.00433377384059	0	423	A	T
N0_kluyveri	0.00434154395796	0	308	T	G
N0_kluyveri	0.00476321463653	0	455	C	T
N0_kluyveri	0.00493343303266	0	425	A	G
N0_kluyveri	0.00502901430225	0	332	G	A
N0_kluyveri	0.0051438383334	0	152	C	T
N0_kluyveri	0.00546601893543	0	368	A	G
N0_kluyveri	0.00570615900099	0	328	G	C
N0_kluyveri	0.00574358564286	0	479	C	T
N0_kluyveri	0.00602793614209	0	218	G	A
N0_kluyveri	0.00604087962413	0	377	A	G
N0_kluyveri	0.00653105046753	0	8	C	T
N0_kluyveri	0.00687201547626	0	158	A	G
N0_kluyveri	0.00699387329472	0	356	C	T
N0_kluyveri	0.00709537481371	0	488	T	C
N0_kluyveri	0.00840930080939	0	38	G	A
N0_kluyveri	0.00865718611923	0	338	T	C
N0_kluyveri	0.00874126650278	0	11	T	G
N0_kluyveri	0.0101806327776	0	35	C	T
N0_kluyveri	0.010446626198	0	434	T	C
N0_kluyveri	0.0105322817606	0	197	T	G
N0_kluyveri	0.010789643663	0	434	C	T
N0_kluyveri	0.0109707261323	0	247	C	T
N0_kluyveri	0.0112592315132	0	83	T	C
N0_kluyveri	0.0124846443447	0	266	C	T
N0_kluyveri	0.0131963882163	0	131	T	C
N0_kluyveri	0.0132807000233	0	319	G	A
N0_kluyveri	0.0137548973919	0	287	C	T
N0_D1	0.000157592532737	0	77	C	T
N0_D1	0.000159438529275	0	143	C	T
N0_D1	0.000825708843278	0	443	A	C
D1_N1	0.000168064490188	1	155	A	G
D1_N1	0.000442003163389	2	311	C	T
D1_N1	0.000577177776074	2	74	C	A
D1_N1	0.00100360389579	2	491	G	A
D1_N1	0.00138026597014	1	62	A	G
D1_N1	0.0015510475508	1	332	G	A
D1_N1	0.00157161151666	1	167	G	A
D1_N1	0.00163616010695	1	381	A	G
D1_N1	0.00172857729005	1	14	G	A
D1_N1	0.00185034890488	2	125	C	T
D1_N1	0.00199375112788	2	290	C	T
D1_N1	0.00204777412804	2	308	T	C
D1_N1	0.00236909748691	1	410	C	G
D1_N1	0.00256669795873	2	203	G	A
D1_N1	0.002708834481	1	62	G	A
D1_N1	0.00296088792483	1	443	C	T
N1_castellii	0.000149341360212	1	164	T	C
N1_castellii	0.000215636387327	2	74	A	C
N1_castellii	0.0006247184693	2	308	C	T
N1_castellii	0.000683224153083	1	467	T	C
N1_castellii	0.000797019484248	2	485	C	T
N1_castellii	0.00103177256255	1	122	G	A
N1_castellii	0.00169919369687	1	354	G	A
N1_castellii	0.00211279642093	2	437	A	G
N1_castellii	0.00222305222883	2	236	C	T
N1_castellii	0.00237566840806	1	38	G	A
N1_castellii	0.00252452738426	1	438	G	A
N1_castellii	0.00314656681467	1	272	T	C
N1_castellii	0.00335658741818	1	296	C	T
N1_castellii	0.00342947221533	1	137	G	A
N1_castellii	0.00389306693468	2	245	T	C
N1_castellii	0.0039128517631	2	461	C	G
N1_castellii	0.00414449931045	2	329	C	G
N1_castellii	0.00421197092565	1	17	G	A
N1_castellii	0.00430356162213	1	200	A	G
N1_castellii	0.0044383974027	2	293	T	C
N1_castellii	0.00465600493704	1	251	G	A
N1_castellii	0.00527304887723	1	251	A	G
N1_castellii	0.00532219975782	1	371	C	T
N1_castellii	0.0053563641763	2	290	T	C
N1_castellii	0.00548101238533	1	41	C	T
N1_castellii	0.00577622267741	2	278	A	G
N1_castellii	0.00582670967742	2	218	G	C
N1_castellii	0.00639452301627	2	92	A	G
N1_castellii	0.00640886290329	1	209	G	A
N1_castellii	0.00667321301213	2	275	G	A
N1_castellii	0.00669380543939	1	29	C	T
N1_castellii	0.00679928892869	1	278	A	G
N1_castellii	0.00693372443507	1	437	A	G
N1_castellii	0.00716377583904	2	257	C	T
N1_castellii	0.00719315988797	2	137	G	A
N1_castellii	0.00727261859994	2	182	C	T
N1_castellii	0.00774171321238	2	464	C	T
N1_castellii	0.00836652057427	1	248	G	A
N1_castellii	0.00837484036503	1	118	C	A
N1_castellii	0.00853405290386	2	449	C	T
N1_castellii	0.00853791396533	2	98	T	C
N1_castellii	0.00900970698309	1	167	A	G
N1_castellii	0.00905376762813	2	482	T	C
N1_castellii	0.00949153104191	1	314	G	T
N1_castellii	0.00964923677462	1	8	C	T
N1_castellii	0.00974150453639	1	233	A	G
N1_castellii	0.00980030369357	1	272	C	T
N1_castellii	0.00984766055788	2	140	G	A
N1_castellii	0.0105755112439	2	224	T	C
N1_castellii	0.0108148497102	1	65	C	T
N1_castellii	0.0108907826309	2	263	G	A
N1_castellii	0.0109971139456	2	446	G	A
N1_castellii	0.0110858179764	2	383	A	G
N1_castellii	0.011874447996	2	25	C	T
N1_castellii	0.0123991771373	1	140	A	G
N1_castellii	0.0126629058585	2	146	A	G
N1_castellii	0.0126732945138	1	252	C	T
N1_castellii	0.0127829895869	2	284	A	G
N1_N2	0.00069351482828	1	227	T	C
N1_N2	0.000779601471676	1	326	T	C
N1_N2	0.000813384666629	2	431	C	T
N1_N2	0.000985553123854	1	308	C	T
N1_N2	0.00149809181829	2	179	G	A
N1_N2	0.00163517997539	2	59	T	C
N1_N2	0.00168325341029	2	281	A	G
N1_N2	0.00213305035606	1	275	G	A
N1_N2	0.0024837063392	1	89	A	G
N1_N2	0.00317649092752	1	116	T	A
N1_N2	0.00325114623938	2	389	C	T
N1_N2	0.00332636337058	2	467	T	C
N1_N2	0.00339307847195	2	140	G	A
N1_N2	0.00359718200581	1	287	T	C
N1_N2	0.00440269630069	1	422	G	A
N1_N2	0.00461228519791	2	23	T	C
N1_N2	0.00464336561808	1	281	A	G
N1_N2	0.00535951149981	2	83	T	C
N1_N2	0.00553219287033	2	8	C	T
N1_N2	0.00558331332536	1	449	C	T
N1_N2	0.00586468711813	2	294	C	T
N1_N2	0.00595923915206	1	206	A	G
N1_N2	0.00625796475424	2	464	C	T
N1_N2	0.00640433485778	2	125	C	T
N1_N2	0.00652388534301	1	401	T	C
N1_N2	0.00672106714604	1	92	A	G
N1_N2	0.00686933623513	1	198	G	A
N1_N2	0.00705379451397	2	240	T	A
N1_N2	0.00711281782878	2	107	A	G
N1_N2	0.00740953345044	2	381	A	T
N1_N2	0.00747532277299	1	236	C	T
N1_N2	0.00787606695226	2	449	C	T
N1_N2	0.00789513853373	1	293	T	A
N1_N2	0.00820124061224	1	380	T	C
N1_N2	0.00822401675195	2	128	A	G
N1_N2	0.00829243200206	2	299	T	C
N1_N2	0.00836118531564	1	332	A	G
N1_N2	0.00851859503357	1	182	C	T
N1_N2	0.00852193693217	1	263	G	A
N1_N2	0.0091787209091	2	408	A	G
N1_N2	0.00934991314055	1	488	T	G
N1_N2	0.00943618474665	2	218	G	A
N1_N2	0.0094497734236	1	152	C	T
N1_N2	0.0094550474004	2	224	T	A
N1_N2	0.00953105716487	1	464	C	T
N1_N2	0.00982253297346	1	359	C	T
N1_N2	0.00984511889648	2	224	A	G
N1_N2	0.00991127126496	2	467	C	T
N1_N2	0.0103115042831	2	437	A	G
N1_N2	0.0103175879998	1	59	T	C
N1_N2	0.0103181588006	1	287	C	T
N1_N2	0.0104583425818	2	392	A	G
N1_N2	0.01065038625	2	230	A	G
N1_N2	0.0107198423861	2	449	T	C
N1_N2	0.0110477728803	2	435	C	T
N1_N2	0.0119118032547	1	371	C	T
N1_N2	0.0121508415875	1	463	A	G
N1_N2	0.0121879849837	1	116	A	G
N1_N2	0.0122776329936	2	140	A	G
N1_N2	0.0125814399751	2	455	C	A
N1_N2	0.0126345508407	2	155	A	G
N1_N2	0.0126379795338	2	251	G	A
N1_N2	0.0135339503966	1	197	T	C
N1_N2	0.0136045110387	2	476	A	G
N1_N2	0.0142183681391	1	68	C	T
N1_N2	0.0147755235791	1	392	A	G
N1_N2	0.0148531206801	1	86	G	A
N1_N2	0.0151099668978	1	41	C	T
N1_N2	0.015376982228	1	164	T	C
N2_bayanus	2.54074836607e-05	1	97	T	A
N2_bayanus	0.000652987983802	1	167	A	G
N2_bayanus	0.000717829286539	2	390	C	T
N2_bayanus	0.000724676724898	2	278	A	G
N2_bayanus	0.00147597262779	1	461	C	T
N2_bayanus	0.00185380959141	2	137	G	A
N2_bayanus	0.0019856792891	2	302	A	C
N2_bayanus	0.00215483643296	1	236	T	C
N2_bayanus	0.00216168525682	1	254	T	C
N2_N3	0.00100595206838	1	155	G	A
N2_N3	0.00119594235311	1	422	A	T
N3_kudriavzevii	0.000696992197072	2	41	C	T
N3_kudriavzevii	0.000740219854682	1	254	T	C
N3_kudriavzevii	0.000947049161949	1	311	C	T
N3_kudriavzevii	0.00104565131381	2	434	C	T
N3_kudriavzevii	0.00133829850449	1	149	A	G
N3_kudriavzevii	0.00173026803638	1	20	A	G
N3_kudriavzevii	0.00175206674035	2	386	G	A
N3_kudriavzevii	0.00180162196269	2	452	A	G
N3_kudriavzevii	0.00196770861938	2	260	A	G
N3_kudriavzevii	0.00211396647016	1	308	T	C
N3_kudriavzevii	0.0028019318801	2	187	T	C
N3_kudriavzevii	0.00289877035162	1	171	T	C
N3_kudriavzevii	0.00315793742966	2	413	G	A
N3_kudriavzevii	0.00349417452671	2	425	A	G
N3_kudriavzevii	0.00356027846871	2	62	A	G
N3_kudriavzevii	0.00356084451771	1	164	C	T
N3_kudriavzevii	0.00367516238319	2	101	C	T
N3_kudriavzevii	0.00369178525443	2	80	T	C
N3_kudriavzevii	0.00437914452903	1	35	C	T
N3_kudriavzevii	0.0043883877313	1	354	G	A
N3_kudriavzevii	0.00457730113205	1	431	T	A
N3_kudriavzevii	0.00462594366951	2	284	A	G
N3_kudriavzevii	0.00500099138126	1	362	C	T
N3_kudriavzevii	0.00515028391417	2	329	C	T
N3_kudriavzevii	0.00557133789234	2	68	C	T
N3_N4	0.000598133160572	1	266	C	T
N3_N4	0.000995695356421	1	23	T	A
N3_N4	0.00141085605276	1	344	C	T
N3_N4	0.00141107539795	2	8	T	A
N3_N4	0.00148353967121	2	479	C	T
N3_N4	0.00192667851488	2	392	G	T
N3_N4	0.00195364908726	2	105	G	A
N4_mikatae	0.000203839129026	2	302	A	G
N4_mikatae	0.000525010102946	2	404	A	G
N4_mikatae	0.000561124672725	1	257	C	T
N4_mikatae	0.000855022492226	2	296	C	T
N4_mikatae	0.00107076852739	2	137	G	A
N4_mikatae	0.00108215301872	2	122	G	T
N4_mikatae	0.00133222663143	1	194	G	A
N4_mikatae	0.0015603150988	2	380	T	C
N4_mikatae	0.0015796226426	2	11	T	C
N4_mikatae	0.00170695701546	2	59	C	T
N4_mikatae	0.00171608694092	2	146	A	G
N4_mikatae	0.00180365643918	2	479	T	C
N4_mikatae	0.00196640745395	1	90	C	T
N4_mikatae	0.00227188390634	1	371	T	C
N4_mikatae	0.00302303862025	1	230	G	A
N4_mikatae	0.00308648268596	2	413	G	A
N4_mikatae	0.00309365123502	1	353	T	C
N4_mikatae	0.00349965136019	2	479	C	T
N4_mikatae	0.00367231975819	2	83	C	T
N4_mikatae	0.00376175742746	2	65	C	T
N4_N5	0.000312690619056	2	431	T	A
N4_N5	0.000501138791898	2	452	A	G
N4_N5	0.00116285347357	1	428	A	G
N4_N5	0.00130315142425	2	134	C	T
N4_N5	0.00152493623749	2	227	T	C
N4_N5	0.00157767971562	1	218	G	A
N5_paradoxus	0.000145517685804	1	237	T	C
N5_paradoxus	0.000352047537079	1	491	G	A
N5_paradoxus	0.00101871264656	1	401	C	T
N5_paradoxus	0.00140017988234	1	51	C	T
N5_cerevisiae	0.000170801993835	2	200	A	T
N5_cerevisiae	0.00027316943733	1	100	A	G
N5_cerevisiae	0.000281950071869	2	389	T	C
N5_cerevisiae	0.00054995589415	1	356	C	T
N5_cerevisiae	0.000594859454585	2	128	G	A
N5_cerevisiae	0.000742038532647	1	44	T	A
N5_cerevisiae	0.000976683287968	1	2	G	A
N5_cerevisiae	0.00100239991983	1	476	A	T
N5_cerevisiae	0.00119867458825	1	291	T	C
N5_cerevisiae	0.0014004255706	1	206	A	G
N5_cerevisiae	0.00171196534003	2	36	T	C
N5_cerevisiae	0.00211090624624	2	416	T	C
N5_cerevisiae	0.00220525396791	2	176	A	G
N5_cerevisiae	0.00253519087138	2	167	G	A
N5_cerevisiae	0.00274269325393	2	359	C	T
N5_cerevisiae	0.00290308533154	1	368	A	G
N5_cerevisiae	0.00295213019792	2	341	G	A
N5_cerevisiae	0.003247041996	2	413	G	A
N5_cerevisiae	0.00327113369592	2	383	A	C
N5_cerevisiae	0.00346161146833	2	476	G	A
N5_cerevisiae	0.00359040738372	2	392	T	C
N5_cerevisiae	0.00364422569161	1	134	C	T
N5_cerevisiae	0.00372386596357	2	203	A	T
N5_cerevisiae	0.00374877205133	2	434	C	T
N5_cerevisiae	0.00377715518143	2	26	C	T
N5_cerevisiae	0.00382670597664	2	164	T	C
N5_cerevisiae	0.00407657201642	2	335	C	T
N5_cerevisiae	0.00409077894958	1	14	A	G
