edge	time	mut_orlg	mut_pos	old_state	new_state
N0_kluyveri	0.000196570270014	0	404	C	T
N0_kluyveri	0.00073451698471	0	89	T	C
N0_kluyveri	0.000780018198144	0	89	C	T
N0_kluyveri	0.00157945644518	0	71	G	A
N0_kluyveri	0.00181150660996	0	371	A	G
N0_kluyveri	0.00199160361568	0	143	T	C
N0_kluyveri	0.00388501488582	0	333	A	G
N0_kluyveri	0.00478709755134	0	192	C	T
N0_kluyveri	0.00492467461619	0	416	A	G
N0_kluyveri	0.00522410467123	0	26	T	A
N0_kluyveri	0.00541011360031	0	215	A	G
N0_kluyveri	0.00568634712848	0	476	G	A
N0_kluyveri	0.006072602384	0	365	G	A
N0_kluyveri	0.00615202915597	0	242	T	C
N0_kluyveri	0.00620890863592	0	434	C	T
N0_kluyveri	0.00633345280632	0	452	C	T
N0_kluyveri	0.00781713611444	0	182	A	C
N0_kluyveri	0.00787010396015	0	470	T	C
N0_kluyveri	0.00864970568585	0	269	A	G
N0_kluyveri	0.00865763611344	0	194	T	C
N0_kluyveri	0.00902125895744	0	362	T	C
N0_kluyveri	0.00910095599289	0	95	C	T
N0_kluyveri	0.00992149745726	0	251	T	C
N0_kluyveri	0.0101797649972	0	158	C	T
N0_kluyveri	0.0108695871873	0	182	C	T
N0_kluyveri	0.0109418619194	0	194	C	T
N0_kluyveri	0.0109831691913	0	80	G	A
N0_kluyveri	0.0111184665355	0	341	A	G
N0_kluyveri	0.0112735241644	0	311	C	T
N0_kluyveri	0.0116219025385	0	203	T	A
N0_kluyveri	0.0119034258518	0	113	A	G
N0_kluyveri	0.0122298948275	0	230	G	A
N0_kluyveri	0.0124566756279	0	83	G	A
N0_kluyveri	0.0134112737307	0	410	A	G
N0_D1	0.000156277138439	0	384	G	A
N0_D1	0.000235050085513	0	11	T	C
N0_D1	0.000586767497377	0	405	G	A
D1_N1	0.000194225211871	1	281	G	A
D1_N1	0.000493133189072	2	248	C	T
D1_N1	0.000785016569381	1	98	A	G
D1_N1	0.00079551383187	2	53	T	C
D1_N1	0.000932821873313	1	220	G	A
D1_N1	0.000943621805602	2	398	A	G
D1_N1	0.00110818285934	2	434	C	T
D1_N1	0.00135365346929	1	197	A	G
D1_N1	0.00142834064074	2	482	T	C
D1_N1	0.00144238300311	1	266	G	A
D1_N1	0.00145917212302	2	230	G	A
D1_N1	0.00164324791314	2	381	G	A
D1_N1	0.00210611428718	2	56	G	A
D1_N1	0.00235171225358	1	281	A	G
D1_N1	0.00236565586152	1	121	A	G
D1_N1	0.00240911118025	2	95	C	T
D1_N1	0.00242968822351	1	318	T	C
D1_N1	0.00265610372249	1	344	T	C
D1_N1	0.00270730602893	1	227	G	A
D1_N1	0.00277160944631	2	470	T	C
D1_N1	0.00314090738209	2	50	T	C
N1_castellii	0.000593684397798	1	227	A	T
N1_castellii	0.000677112648675	2	464	T	C
N1_castellii	0.00097727426433	1	446	T	C
N1_castellii	0.00101153212741	2	137	T	C
N1_castellii	0.00107277949032	2	425	C	T
N1_castellii	0.00115254673268	1	407	T	C
N1_castellii	0.00206127917033	1	176	C	T
N1_castellii	0.00206417371001	1	353	C	T
N1_castellii	0.00220777819115	1	248	C	T
N1_castellii	0.00243723907687	1	157	C	T
N1_castellii	0.00273387413603	1	95	C	T
N1_castellii	0.00336492717225	1	29	C	T
N1_castellii	0.00352147488104	2	11	C	T
N1_castellii	0.00353740880866	1	2	T	C
N1_castellii	0.00399553574731	2	413	T	C
N1_castellii	0.00406580831613	2	275	C	T
N1_castellii	0.0043392682978	1	467	T	A
N1_castellii	0.00437787531545	1	14	T	C
N1_castellii	0.0044861575616	2	254	T	C
N1_castellii	0.00454754508553	1	404	C	T
N1_castellii	0.00465697816492	2	341	A	G
N1_castellii	0.00486408135799	1	218	T	G
N1_castellii	0.00517849683412	2	284	A	T
N1_castellii	0.00540284439991	1	209	G	A
N1_castellii	0.00570109811099	1	23	G	A
N1_castellii	0.00634447798027	2	458	T	C
N1_castellii	0.00659809854484	2	245	C	A
N1_castellii	0.00692344793815	2	251	T	C
N1_castellii	0.00705025736222	2	132	A	G
N1_castellii	0.0070552200576	2	332	C	T
N1_castellii	0.00712784625767	1	122	C	T
N1_castellii	0.00733244537741	2	224	A	G
N1_castellii	0.00800595310717	2	434	T	C
N1_castellii	0.00805230174564	2	20	C	T
N1_castellii	0.00825036127953	1	221	T	C
N1_castellii	0.00840030670678	1	443	G	A
N1_castellii	0.00878050359285	2	251	C	T
N1_castellii	0.00896271420545	2	314	A	G
N1_castellii	0.00915314069338	2	350	G	A
N1_castellii	0.00920118228652	1	125	C	T
N1_castellii	0.00925043535693	2	107	G	A
N1_castellii	0.00938627762936	1	473	C	T
N1_castellii	0.00959201352058	2	263	T	C
N1_castellii	0.0101699340054	1	15	A	T
N1_castellii	0.0105057723726	2	401	C	T
N1_castellii	0.0109476789527	1	419	T	C
N1_castellii	0.0110171710334	2	387	A	G
N1_castellii	0.0115286287269	1	245	C	T
N1_castellii	0.0118684340788	2	381	G	A
N1_castellii	0.0121788090164	2	272	T	C
N1_castellii	0.0127148887446	1	89	T	A
N1_N2	8.02239026961e-05	2	287	G	C
N1_N2	0.000327461378638	1	413	T	C
N1_N2	0.000513976330984	2	182	A	G
N1_N2	0.000684102210648	1	449	T	C
N1_N2	0.000834470720986	1	392	T	C
N1_N2	0.000852179456871	1	74	T	C
N1_N2	0.000884916480015	1	422	T	C
N1_N2	0.00110466259294	1	116	T	A
N1_N2	0.00149899686463	2	431	T	C
N1_N2	0.00153676323303	2	212	T	C
N1_N2	0.00222972877845	1	332	C	T
N1_N2	0.00272758331866	1	173	C	T
N1_N2	0.00320945340294	2	395	A	G
N1_N2	0.00333113660466	1	53	T	C
N1_N2	0.00355497778196	2	35	A	G
N1_N2	0.00418453878076	1	164	C	T
N1_N2	0.00422145317948	2	221	T	C
N1_N2	0.00452102095203	2	212	C	T
N1_N2	0.00475304408864	1	158	C	T
N1_N2	0.0047567937097	2	227	G	A
N1_N2	0.00481633188574	2	7	A	G
N1_N2	0.00481805342067	2	41	T	C
N1_N2	0.00490841510812	2	458	T	C
N1_N2	0.00510100701862	1	170	T	C
N1_N2	0.00510402589969	1	96	A	G
N1_N2	0.00511171728329	2	82	T	C
N1_N2	0.00514976895619	1	281	G	A
N1_N2	0.00520250772938	2	173	C	T
N1_N2	0.00604095930562	2	19	C	T
N1_N2	0.00604830290665	2	287	C	T
N1_N2	0.00623931707493	2	335	T	C
N1_N2	0.00635522276634	2	17	G	T
N1_N2	0.00643905168676	2	193	C	T
N1_N2	0.00646639735023	2	117	T	C
N1_N2	0.00654714793816	1	57	A	G
N1_N2	0.00659067104854	1	290	G	A
N1_N2	0.00764413747119	2	464	T	C
N1_N2	0.00767953711513	1	26	T	C
N1_N2	0.0077220607029	2	335	C	T
N1_N2	0.00777284626329	2	50	C	T
N1_N2	0.00832282641175	1	485	G	A
N1_N2	0.0084597517176	2	65	T	C
N1_N2	0.00846053535006	1	242	T	C
N1_N2	0.00877776010516	2	397	T	C
N1_N2	0.00883204794468	1	101	G	A
N1_N2	0.00884549015675	2	140	C	T
N1_N2	0.00919798936624	2	341	A	G
N1_N2	0.00946781053748	1	62	T	G
N1_N2	0.0095489597745	2	272	T	C
N1_N2	0.0103888895124	1	221	T	C
N1_N2	0.0110549982677	1	32	C	T
N1_N2	0.0112173942349	1	227	A	G
N1_N2	0.0112812850616	1	44	G	A
N1_N2	0.0117004102112	1	173	T	C
N1_N2	0.0118116595782	1	176	C	A
N1_N2	0.012290867958	1	155	T	A
N1_N2	0.0126912781909	1	407	T	C
N1_N2	0.0129371838029	2	371	A	G
N1_N2	0.0131530719291	2	230	A	G
N1_N2	0.0133063131287	2	119	T	A
N1_N2	0.013373490719	1	176	A	G
N1_N2	0.0140229067687	1	164	T	C
N1_N2	0.014156459974	2	401	C	T
N1_N2	0.0142431215691	2	359	T	C
N1_N2	0.0145566763996	1	317	C	T
N1_N2	0.0146046668597	1	470	T	A
N1_N2	0.0148253950548	1	191	C	T
N1_N2	0.0149829648195	2	5	T	C
N1_N2	0.0149879869756	2	59	G	A
N1_N2	0.0151994046652	1	248	C	T
N1_N2	0.0154435326833	1	434	C	T
N1_N2	0.0157544383687	1	152	G	A
N2_bayanus	0.000346236332562	2	107	G	A
N2_bayanus	0.00131338238404	2	378	T	C
N2_bayanus	0.00147551829843	2	68	G	A
N2_bayanus	0.00151306812005	1	345	A	T
N2_bayanus	0.00156284662096	1	194	T	C
N2_bayanus	0.00159479097898	1	212	T	C
N2_bayanus	0.00163158125358	1	170	C	T
N2_N3	6.31738736623e-05	2	362	T	C
N2_N3	0.000314075793491	2	6	A	G
N2_N3	0.000328664840661	2	352	T	C
N2_N3	0.000400728474371	2	464	C	T
N2_N3	0.00103463177325	2	23	G	A
N2_N3	0.00132203286986	2	260	A	G
N3_kudriavzevii	0.000341600501731	2	38	A	G
N3_kudriavzevii	0.000459119823749	1	254	T	A
N3_kudriavzevii	0.000617297292063	2	353	C	T
N3_kudriavzevii	0.000671166623198	2	41	C	T
N3_kudriavzevii	0.000934827217426	2	422	T	C
N3_kudriavzevii	0.00119087838367	2	434	T	G
N3_kudriavzevii	0.00137208477503	2	191	C	A
N3_kudriavzevii	0.00148112859107	2	242	T	C
N3_kudriavzevii	0.00148597954641	1	392	C	T
N3_kudriavzevii	0.00191482115099	2	101	G	A
N3_kudriavzevii	0.00206922894004	1	326	A	G
N3_kudriavzevii	0.00261781541364	2	299	G	A
N3_kudriavzevii	0.00313965401918	1	311	C	T
N3_kudriavzevii	0.00318102856749	1	383	C	T
N3_kudriavzevii	0.00345996244994	1	107	G	A
N3_kudriavzevii	0.00462277964455	1	458	T	A
N3_kudriavzevii	0.00487269118077	1	288	C	T
N3_kudriavzevii	0.00493318430589	1	470	A	C
N3_kudriavzevii	0.00499385480133	2	241	G	A
N3_kudriavzevii	0.00504308618395	1	383	T	G
N3_kudriavzevii	0.0052920287914	1	173	C	T
N3_kudriavzevii	0.00532119461631	2	217	T	C
N3_N4	0.000215273797783	2	253	T	C
N3_N4	0.000273677943245	2	377	T	A
N3_N4	0.000302113772985	2	251	T	C
N3_N4	0.000362868975398	1	134	T	C
N3_N4	0.00124127031595	1	221	C	T
N3_N4	0.00124201155657	2	197	A	G
N3_N4	0.00128079718792	1	398	A	G
N3_N4	0.00128560545298	1	13	G	A
N3_N4	0.00144716940596	1	392	C	T
N3_N4	0.00173055631507	2	347	C	T
N3_N4	0.00175604385646	2	179	C	T
N3_N4	0.00230146024465	2	384	A	G
N4_mikatae	5.05483462542e-05	2	77	A	G
N4_mikatae	0.000176901697905	1	266	A	G
N4_mikatae	0.000185735761329	2	188	C	T
N4_mikatae	0.000208723254918	1	290	A	C
N4_mikatae	0.000585669602728	2	128	T	C
N4_mikatae	0.00124106140325	1	311	C	T
N4_mikatae	0.0013740302148	1	74	C	T
N4_mikatae	0.0016391746188	2	317	C	T
N4_mikatae	0.00297294730945	1	125	C	T
N4_mikatae	0.0031265393661	2	110	G	T
N4_mikatae	0.00340720149789	2	302	C	T
N4_mikatae	0.00355739907755	1	233	A	G
N4_mikatae	0.00396420650219	2	125	C	T
N4_N5	0.000469656771308	2	92	A	G
N4_N5	0.000588033897938	2	50	T	A
N4_N5	0.00149707855778	1	23	G	A
N5_paradoxus	2.09115050063e-05	1	389	T	C
N5_paradoxus	5.89729559444e-05	1	107	G	A
N5_paradoxus	0.000495482118085	1	107	A	G
N5_paradoxus	0.000530225818842	2	458	C	A
N5_paradoxus	0.000574129994782	1	323	T	C
N5_paradoxus	0.000830292018596	2	311	C	T
N5_paradoxus	0.00111842228987	1	473	C	T
N5_paradoxus	0.00123725813298	1	350	G	A
N5_paradoxus	0.00125158811455	2	359	C	T
N5_cerevisiae	7.04789201727e-05	2	482	C	T
N5_cerevisiae	0.00111966890604	1	224	A	G
N5_cerevisiae	0.00113167919334	2	437	C	T
N5_cerevisiae	0.00190281038677	2	188	C	A
N5_cerevisiae	0.00194230098503	1	461	G	T
N5_cerevisiae	0.0020595949347	2	269	A	G
N5_cerevisiae	0.00217402634223	1	293	T	C
N5_cerevisiae	0.00225319126537	1	218	T	C
N5_cerevisiae	0.00289777882421	1	368	A	G
N5_cerevisiae	0.00316864453607	2	68	G	A
N5_cerevisiae	0.00321564996023	2	433	C	T
N5_cerevisiae	0.00333410837765	1	320	C	T
N5_cerevisiae	0.00379527508615	2	218	T	C
N5_cerevisiae	0.00392944478235	2	341	G	A
