edge	time	mut_orlg	mut_pos	old_state	new_state
D1_N1	0.000185386773786	2	854	A	G
D1_N1	0.000602986728269	2	616	G	A
D1_N1	0.000854530819598	1	383	G	A
D1_N1	0.00118104969445	1	311	C	T
D1_N1	0.00121170376821	1	155	T	A
D1_N1	0.00125735173781	1	49	A	T
D1_N1	0.00127104305927	2	600	A	T
D1_N1	0.00154051786563	2	461	G	T
D1_N1	0.00155598625436	2	74	C	T
D1_N1	0.00160628742347	1	53	C	T
D1_N1	0.00162645059442	2	98	A	G
D1_N1	0.00201647792395	1	811	T	G
D1_N1	0.0023878217103	2	498	G	A
D1_N1	0.00244626634459	1	26	A	C
D1_N1	0.00277131461963	1	565	T	C
D1_N1	0.00291343915981	2	368	A	G
D1_N1	0.00295672726781	2	578	A	G
D1_N1	0.00307471628074	2	588	C	T
D1_N1	0.00324759190947	1	935	T	C
D1_N1	0.00353264843973	1	797	T	C
D1_N1	0.00356275309299	1	719	T	C
D1_N1	0.00385848244664	1	464	G	A
D1_N1	0.00392968270152	1	197	A	C
D1_N1	0.00421720525398	1	524	A	G
D1_N1	0.00445883355354	1	341	A	C
D1_N1	0.00450171719533	1	56	A	G
D1_N1	0.00482734753634	1	527	C	T
D1_N1	0.00501350315642	2	263	C	T
D1_N1	0.00542865466216	1	680	C	A
D1_N1	0.00571834873121	1	827	C	A
D1_N1	0.0061089117134	2	806	A	G
D1_N1	0.0061240757169	2	467	A	G
D1_N1	0.00648965588001	2	185	T	C
D1_N1	0.00662363987006	1	200	T	C
D1_N1	0.00668287747853	2	80	A	G
D1_N1	0.00678239554417	1	384	A	G
D1_N1	0.0068944425378	1	841	A	G
D1_N1	0.00693999130682	2	209	A	G
D1_N1	0.00795542001827	2	728	A	G
D1_N1	0.00804757953317	2	482	G	A
D1_N1	0.00808098717797	1	122	A	G
D1_N1	0.00809707155784	1	464	G	A
D1_N1	0.00824357061636	1	572	T	C
D1_N1	0.00830274985148	2	497	G	A
D1_N1	0.00856851998623	1	827	A	G
D1_N1	0.00858898229919	1	227	T	A
D1_N1	0.00866973990658	2	98	G	A
D1_N1	0.00889673934685	1	974	A	G
D1_N1	0.00892722921787	2	308	G	A
D1_N1	0.00913111209677	2	604	C	A
D1_N1	0.00939004754264	1	923	C	A
D1_N1	0.00940004892779	1	326	A	G
D1_N1	0.00981825765751	1	536	C	T
D1_N1	0.0100590405177	1	437	G	C
D1_N1	0.0100809673227	2	789	G	A
D1_N1	0.0102706725883	2	809	G	A
D1_N1	0.0106202038494	2	607	T	G
D1_N1	0.010829579625	2	636	A	T
D1_N1	0.0110727604764	2	695	G	A
D1_N1	0.0112739892838	1	21	A	G
D1_N1	0.0115393027156	2	152	C	T
D1_N1	0.0116178441547	1	665	A	T
D1_N1	0.0118023645951	2	986	G	A
D1_N1	0.0118034091203	2	124	C	G
D1_N1	0.0118322755782	2	983	T	A
D1_N1	0.0119055214985	1	413	A	G
D1_N1	0.0119861829677	1	930	A	G
D1_N1	0.0120937486771	2	953	A	G
D1_N1	0.0122324198613	2	740	G	A
D1_N1	0.0123656585408	1	374	A	G
D1_N1	0.0130026642671	2	410	A	G
D1_N1	0.0130176095758	2	942	G	A
D1_N1	0.013376370018	1	626	A	G
D1_N1	0.0134047346455	1	956	T	C
D1_N1	0.0134529053183	1	101	T	C
D1_N1	0.0135827604393	1	300	C	T
D1_N1	0.0137117695059	2	907	C	T
D1_N1	0.0140712938098	2	480	C	T
D1_N1	0.0140936517562	1	56	G	A
D1_N1	0.0141446793963	2	884	G	A
D1_N1	0.0142087576316	1	344	C	T
D1_N1	0.0143133845189	1	467	A	G
D1_N1	0.0147381478989	2	650	T	C
D1_N1	0.0147816458719	1	395	C	T
D1_N1	0.0152158670685	1	550	A	G
D1_N1	0.0152198193148	1	222	C	T
D1_N1	0.0153794541452	1	863	C	T
D1_N1	0.0157148678981	1	503	T	C
D1_N1	0.0157628314943	1	32	C	T
D1_N1	0.0157796951432	1	688	A	G
D1_N1	0.016028754691	1	649	A	G
D1_N1	0.0161523367717	1	380	G	A
D1_N1	0.0161989207799	1	344	T	C
D1_N1	0.0162795431123	2	557	G	A
D1_N1	0.0162903153611	2	347	T	C
D1_N1	0.0166429533832	1	698	A	C
D1_N1	0.0166495139035	2	845	C	G
D1_N1	0.0166550683697	1	176	G	C
D1_N1	0.0166726591791	2	182	A	G
D1_N1	0.0169029664981	2	956	T	A
D1_N1	0.0169542170485	2	71	C	T
D1_N1	0.0169942116169	1	724	G	A
D1_N1	0.0170329369506	2	105	T	C
D1_N1	0.0170817379161	1	914	C	T
D1_N1	0.0171824055068	1	77	A	G
D1_N1	0.0176280699149	1	164	A	G
D1_N1	0.0176568442141	1	851	T	C
D1_N1	0.0179361699522	1	506	T	C
D1_N1	0.0179507975549	1	278	A	G
D1_N1	0.0181138595098	1	428	T	G
D1_N1	0.0183735204777	1	281	A	G
D1_N1	0.0187532566189	1	659	T	C
D1_N1	0.0188163813903	1	251	G	A
D1_N1	0.0188849559231	1	651	T	G
D1_N1	0.0188962849937	1	554	T	C
D1_N1	0.0190696639046	2	404	C	T
D1_N1	0.0192574235735	1	131	A	C
D1_N1	0.019419494289	1	497	G	A
D1_N1	0.0194235158243	1	911	G	A
D1_N1	0.0195005673453	2	113	T	C
D1_N1	0.0195940267511	2	533	A	G
D1_N1	0.019680377435	2	407	T	C
D1_N1	0.0200214931597	1	288	A	G
D1_N1	0.0201652140307	2	413	A	G
D1_N1	0.0202865193075	1	227	A	G
D1_N1	0.0204135567552	1	434	C	T
D1_N1	0.0204268716131	1	479	A	G
D1_N1	0.0205111092761	2	612	G	A
D1_N1	0.0205357668052	1	194	T	A
D1_N1	0.0208341207795	2	78	C	T
D1_N1	0.020911593007	2	793	G	A
D1_N1	0.0209417073189	1	932	G	C
D1_N1	0.0210533516529	2	176	G	A
D1_N1	0.0212529015206	1	919	A	G
D1_N1	0.0216594682395	2	47	A	G
D1_N1	0.0216970855076	1	448	A	G
D1_N1	0.0219104267418	2	924	G	A
N1_castellii	7.27287299274e-05	2	680	C	T
N1_castellii	0.00013850498341	1	401	T	C
N1_castellii	0.000404207573322	1	480	C	T
N1_castellii	0.000641201927325	1	140	G	A
N1_castellii	0.00066059144316	1	300	T	C
N1_castellii	0.00106207918617	2	974	A	T
N1_castellii	0.0010728297335	2	833	G	A
N1_castellii	0.0010996337076	1	382	A	G
N1_castellii	0.00136351388508	1	458	A	G
N1_castellii	0.00157096202568	2	643	A	G
N1_castellii	0.00173482903827	2	448	A	G
N1_castellii	0.00203023992495	1	119	G	T
N1_castellii	0.00207829923752	2	818	T	C
N1_castellii	0.00212412509122	2	563	A	T
N1_castellii	0.00212938618537	1	250	T	C
N1_castellii	0.00216751520247	1	224	C	T
N1_castellii	0.00255147267432	1	269	C	T
N1_castellii	0.00261920390233	1	926	C	T
N1_castellii	0.00263033599357	2	971	T	C
N1_castellii	0.00274565459827	1	206	G	A
N1_castellii	0.00278019483934	2	294	G	A
N1_castellii	0.00320918179269	1	923	A	G
N1_castellii	0.00336877700917	1	359	G	A
N1_castellii	0.00336889647461	1	935	T	C
N1_castellii	0.00342284008876	2	650	T	C
N1_castellii	0.00346935196879	2	503	T	C
N1_castellii	0.00349479132819	1	404	C	G
N1_castellii	0.00365570595294	2	722	G	A
N1_castellii	0.00366457736376	2	651	G	A
N1_castellii	0.00378928152978	1	365	T	C
N1_castellii	0.00407443685114	2	735	T	C
N1_castellii	0.00412019809742	2	327	C	T
N1_castellii	0.00415800930725	1	275	A	G
N1_castellii	0.00418170518183	2	746	G	A
N1_castellii	0.00436460478775	1	581	G	A
N1_castellii	0.00447795516998	2	484	G	A
N1_castellii	0.00450041327171	2	167	A	G
N1_castellii	0.00461921436182	1	186	A	G
N1_castellii	0.00470292061832	1	512	C	T
N1_castellii	0.00475611994926	2	530	G	A
N1_castellii	0.00493085728569	1	112	G	C
N1_castellii	0.00501124712106	1	419	A	G
N1_castellii	0.00501378768248	2	860	C	T
N1_castellii	0.0050198645173	1	92	A	G
N1_castellii	0.00524022960216	2	431	C	T
N1_castellii	0.00534942677872	1	138	A	G
N1_castellii	0.00542263635039	2	38	A	G
N1_castellii	0.00546447636727	2	485	A	G
N1_castellii	0.00549859942484	2	542	T	A
N1_castellii	0.00559247156478	2	368	G	A
N1_castellii	0.00583404609794	2	344	C	T
N1_castellii	0.00594467041623	1	726	A	G
N1_castellii	0.00625923458591	2	972	A	G
N1_castellii	0.00665604866121	2	956	A	G
N1_castellii	0.00690891290308	2	490	A	G
N1_castellii	0.00707515796085	2	989	T	A
N1_castellii	0.0071358768484	2	584	G	T
N1_castellii	0.0074645722258	1	809	G	A
N1_castellii	0.00751132939494	2	863	C	A
N1_castellii	0.00754463880736	2	605	C	T
N1_castellii	0.00757602079734	1	41	G	A
N1_castellii	0.00762157535786	1	218	C	T
N1_castellii	0.00773911072827	2	191	G	A
N1_castellii	0.00807488170103	1	890	C	T
N1_castellii	0.00822926168203	2	530	A	T
N1_castellii	0.00862068195338	2	104	C	T
N1_castellii	0.00907647831529	2	749	A	G
N1_castellii	0.00928578596077	2	707	T	C
N1_castellii	0.00980616111363	2	989	A	G
N1_castellii	0.00999283171338	1	791	C	T
N1_castellii	0.0102043807441	1	134	A	T
N1_castellii	0.0102226023964	2	197	A	G
N1_castellii	0.0105336313351	2	806	A	T
N1_castellii	0.0105565209646	1	704	C	T
N1_castellii	0.01074521071	2	554	T	C
N1_castellii	0.0107660302133	1	866	A	G
N1_castellii	0.0108085713162	2	238	C	T
N1_castellii	0.0108395688236	2	596	C	T
N1_castellii	0.0109779877593	2	818	C	T
N1_castellii	0.0110871762938	1	448	G	C
N1_castellii	0.0113839899822	1	381	A	G
N1_castellii	0.0113995284641	1	407	T	C
N1_castellii	0.0114235514351	1	211	G	A
N1_castellii	0.0114839436108	1	25	T	C
N1_castellii	0.0115841882622	1	953	G	A
N1_castellii	0.0119136854293	1	506	C	T
N1_castellii	0.0120267304191	2	764	T	C
N1_castellii	0.0120929442781	1	890	T	C
N1_castellii	0.0123363237198	1	590	T	G
N1_castellii	0.0123525208111	2	836	T	C
N1_castellii	0.0124523720505	2	590	T	A
N1_castellii	0.0124792920802	1	41	A	G
N1_castellii	0.0126424357855	2	257	A	T
N1_castellii	0.0128685812077	1	666	C	T
N1_castellii	0.0129138671192	1	677	A	G
N1_castellii	0.0129474958119	1	347	T	C
N1_castellii	0.0131619919499	2	914	T	C
N1_castellii	0.0132332502653	2	197	G	A
N1_castellii	0.013398439413	1	950	C	T
N1_castellii	0.0139040616314	1	473	G	A
N1_castellii	0.0139933862751	2	8	T	C
N1_castellii	0.0141318203357	2	737	G	A
N1_castellii	0.0142709175942	2	347	T	C
N1_castellii	0.0144274599731	1	633	C	A
N1_castellii	0.0144812403068	2	97	G	C
N1_castellii	0.0147274899133	1	224	T	C
N1_castellii	0.014741885461	2	455	T	C
N1_N2	2.49211314714e-05	1	782	T	C
N1_N2	2.91187144194e-05	2	161	C	T
N1_N2	0.000108146230573	1	347	T	C
N1_N2	0.000402070924688	2	959	C	A
N1_N2	0.000423314917117	1	623	T	G
N1_N2	0.00049548050041	2	359	G	T
N1_N2	0.000513876343735	1	965	C	T
N1_N2	0.000555897275923	1	71	C	T
N1_N2	0.000932262069817	1	194	A	G
N1_N2	0.000952356163439	1	929	G	A
N1_N2	0.00111829695714	2	8	T	C
N1_N2	0.00114616837299	2	167	A	G
N1_N2	0.00117188753559	1	824	C	G
N1_N2	0.00126861084902	2	278	A	G
N1_N2	0.00130505858574	1	98	A	G
N1_N2	0.00152397283873	2	113	C	G
N1_N2	0.00159535191736	1	950	C	A
N1_N2	0.00167600066628	2	971	T	C
N1_N2	0.00170406431272	1	926	C	T
N1_N2	0.00171743369223	1	737	G	A
N1_N2	0.00187408108856	1	704	C	T
N1_N2	0.0021945586554	1	761	C	T
N1_N2	0.00224610270061	1	557	G	C
N1_N2	0.00224660293199	1	74	C	T
N1_N2	0.0022912221787	1	479	G	A
N1_N2	0.00240559169591	2	185	C	A
N1_N2	0.00272596997175	2	713	A	G
N1_N2	0.00277501252455	1	31	A	C
N1_N2	0.00288733008931	1	221	C	G
N1_N2	0.0029734920605	1	683	C	T
N1_N2	0.00300326027418	2	809	G	A
N1_N2	0.00303072424123	1	140	G	A
N1_N2	0.00307550007826	1	131	A	G
N1_N2	0.00321542966088	1	821	C	T
N1_N2	0.00330862250399	2	426	T	C
N1_N2	0.0033710796943	2	14	C	T
N1_N2	0.00342070668381	2	203	A	G
N1_N2	0.00357424556544	2	473	G	A
N1_N2	0.0036541928681	2	396	A	G
N1_N2	0.00382622893322	1	860	C	T
N1_N2	0.00403163129535	1	420	T	C
N1_N2	0.00424520125153	2	587	G	A
N1_N2	0.00430802955444	2	69	A	G
N1_N2	0.00454712378975	2	239	C	T
N1_N2	0.00470901740069	1	215	T	C
N1_N2	0.00487727486451	1	797	C	T
N1_N2	0.00497947513952	1	189	A	G
N1_N2	0.00499546121984	1	992	C	T
N1_N2	0.00500811986382	1	863	T	A
N1_N2	0.00507129502995	1	227	G	A
N1_N2	0.00512135101091	2	389	A	G
N1_N2	0.00516629756523	2	791	C	T
N1_N2	0.0052354444578	2	887	A	G
N1_N2	0.00533219059936	2	497	A	G
N1_N2	0.0053771359268	2	674	A	G
N1_N2	0.00552182202962	2	966	C	T
N1_N2	0.00561391484259	1	612	G	A
N1_N2	0.00575827361701	2	479	A	C
N1_N2	0.00586367081159	1	160	A	G
N1_N2	0.00597311595154	2	694	C	T
N1_N2	0.00648332815233	1	386	A	G
N1_N2	0.0064990114761	1	257	A	G
N1_N2	0.00677081928082	1	641	C	T
N1_N2	0.00677578778562	1	371	A	G
N1_N2	0.007149484171	1	38	A	G
N1_N2	0.00738134253392	2	497	G	T
N1_N2	0.00783945398221	2	224	C	T
N1_N2	0.0079636464542	2	68	T	C
N1_N2	0.00799967216172	1	440	G	A
N1_N2	0.0081295168419	1	874	A	T
N1_N2	0.00817474077364	1	683	C	A
N1_N2	0.0082220859525	2	448	G	A
N1_N2	0.00822463482673	1	989	T	C
N1_N2	0.0083811504757	1	485	A	G
N1_N2	0.00843410037781	2	242	A	G
N1_N2	0.00874282196215	2	533	G	A
N1_N2	0.00877332042031	2	182	G	A
N2_bayanus	5.16924550675e-05	1	77	G	A
N2_bayanus	0.000309803002805	1	975	T	C
N2_bayanus	0.000702295759425	1	833	G	A
N2_bayanus	0.000788926225582	1	539	T	C
N2_bayanus	0.000794325549228	2	188	T	G
N2_bayanus	0.000829825890248	2	326	A	G
N2_bayanus	0.000883832319972	2	848	T	C
N2_bayanus	0.00093304772981	2	259	C	T
N2_bayanus	0.000995210630424	2	233	C	T
N2_bayanus	0.00102778659017	1	440	A	G
N2_bayanus	0.00115918080313	1	206	G	A
N2_bayanus	0.00137872491675	2	449	T	C
N2_bayanus	0.00184523530717	2	614	C	G
N2_bayanus	0.00186208309787	1	326	G	A
N2_bayanus	0.00198336446653	1	869	T	G
N2_bayanus	0.00215376220082	2	929	G	A
N2_bayanus	0.00219539829451	1	974	G	A
N2_bayanus	0.00225095191065	2	30	A	G
N2_bayanus	0.00235623469023	1	530	G	A
N2_bayanus	0.00240451838036	1	785	G	A
N2_bayanus	0.00285184140363	1	410	A	G
N2_bayanus	0.00296107575137	1	566	G	A
N2_bayanus	0.0032212604044	1	293	A	G
N2_bayanus	0.00322146671305	1	548	G	C
N2_bayanus	0.00343422255319	2	973	G	A
N2_bayanus	0.00346222886902	1	869	G	A
N2_bayanus	0.00362861218286	1	245	A	G
N2_bayanus	0.00363401214769	2	566	G	A
N2_bayanus	0.00371725323571	2	29	T	G
N3_kudriavzevii	8.88953685294e-05	2	794	C	T
N3_kudriavzevii	0.00029854992383	1	830	G	A
N3_kudriavzevii	0.0004016482396	2	759	A	G
N3_kudriavzevii	0.000513489520021	2	320	T	C
N3_kudriavzevii	0.00055059527713	1	986	G	A
N3_kudriavzevii	0.000643184693271	1	633	C	T
N3_kudriavzevii	0.000887296050953	2	185	A	G
N3_kudriavzevii	0.000890126920285	1	50	T	A
N3_kudriavzevii	0.000933025969771	1	113	T	C
N3_kudriavzevii	0.00102692151644	1	284	T	A
N3_kudriavzevii	0.00112633683275	1	626	A	C
N3_kudriavzevii	0.00126536265122	2	206	G	A
N3_kudriavzevii	0.00131325537121	2	419	A	G
N3_kudriavzevii	0.00143438713584	1	353	A	G
N3_kudriavzevii	0.00157150666326	2	954	G	A
N3_kudriavzevii	0.00181274274203	2	308	G	A
N3_kudriavzevii	0.00185654143437	1	611	T	C
N3_kudriavzevii	0.0020068415743	2	785	G	A
N3_kudriavzevii	0.00208174552934	2	209	G	A
N3_kudriavzevii	0.00282026464208	1	674	A	C
N3_kudriavzevii	0.00283892799743	2	767	A	G
N3_kudriavzevii	0.00290111242448	1	59	C	G
N3_kudriavzevii	0.00296812994001	2	767	G	A
N3_kudriavzevii	0.00312715617911	2	426	C	T
N3_kudriavzevii	0.00327721960066	1	407	T	C
N3_kudriavzevii	0.00342924682977	1	560	C	T
N3_kudriavzevii	0.00370357514231	2	907	T	C
N3_kudriavzevii	0.00399514818476	1	695	G	A
N3_kudriavzevii	0.00415139944861	1	293	A	G
N3_kudriavzevii	0.00420839875354	1	926	T	C
N3_kudriavzevii	0.00431917679028	1	266	C	A
N3_kudriavzevii	0.00457161199406	2	386	G	A
N3_kudriavzevii	0.00463505287045	1	887	A	T
N3_kudriavzevii	0.00471591725415	1	500	G	A
N3_kudriavzevii	0.00478173573399	1	818	T	A
N3_kudriavzevii	0.00495647878577	2	638	T	C
N3_kudriavzevii	0.00511292839367	2	812	G	A
N3_kudriavzevii	0.0051829557914	2	659	C	T
N3_kudriavzevii	0.00543977994472	2	372	T	C
N3_kudriavzevii	0.005523932066	2	987	C	A
N3_kudriavzevii	0.00558173222329	1	175	C	T
N3_kudriavzevii	0.00572641941156	1	855	A	G
N3_kudriavzevii	0.00575948958316	2	776	C	T
N3_kudriavzevii	0.00585281012526	2	158	A	G
N3_kudriavzevii	0.00652027242932	2	886	A	T
N3_kudriavzevii	0.00658974207642	2	272	A	T
N3_kudriavzevii	0.00671840863038	2	449	T	G
N3_kudriavzevii	0.00673783090888	1	446	T	A
N3_kudriavzevii	0.00693600056473	1	896	C	T
N3_kudriavzevii	0.00725096249573	1	629	C	T
N3_kudriavzevii	0.00729059248377	2	794	C	A
N3_kudriavzevii	0.00732121221826	2	248	A	G
N3_kudriavzevii	0.00733653014237	2	586	T	C
N3_kudriavzevii	0.00744462516641	2	196	G	A
N3_kudriavzevii	0.00763521248	1	287	A	T
N3_kudriavzevii	0.00778643842472	2	440	G	T
N3_N4	0.00018645705715	1	698	C	A
N3_N4	0.000281255578172	2	406	G	A
N3_N4	0.000616061378988	2	893	T	G
N3_N4	0.00103254888467	2	805	A	G
N3_N4	0.00105939478277	1	694	C	G
N3_N4	0.00112702023318	1	710	C	T
N3_N4	0.00116322419574	1	428	G	A
N3_N4	0.00123348766551	2	536	C	T
N3_N4	0.00131480891203	2	8	C	A
N3_N4	0.00145282651422	1	332	T	C
N3_N4	0.00158360475897	2	986	G	A
N3_N4	0.00168088789576	1	461	T	G
N3_N4	0.00204543452542	1	917	G	A
N3_N4	0.00204906295249	1	332	C	T
N3_N4	0.00226475498613	2	182	A	G
N3_N4	0.00229930012912	1	785	G	A
N3_N4	0.00231031772432	2	539	T	C
N4_mikatae	8.27537432831e-05	2	788	C	T
N4_mikatae	9.58594818634e-05	1	956	A	G
N4_mikatae	0.000145981975228	1	820	A	G
N4_mikatae	0.000187845004562	1	737	A	T
N4_mikatae	0.000570460125408	2	425	G	A
N4_mikatae	0.000613465805464	1	824	G	A
N4_mikatae	0.000752093330758	1	569	C	T
N4_mikatae	0.000915832498314	1	542	T	C
N4_mikatae	0.000982133532007	1	359	G	A
N4_mikatae	0.00111647221846	2	89	G	A
N4_mikatae	0.00117268011051	2	803	A	C
N4_mikatae	0.0012221669276	1	191	G	A
N4_mikatae	0.00126214167291	1	450	T	C
N4_mikatae	0.00137013748231	1	812	G	A
N4_mikatae	0.00156756657084	2	668	G	A
N4_mikatae	0.00164914428373	1	191	A	G
N4_mikatae	0.00195629816159	1	518	A	C
N4_mikatae	0.00201004492863	1	647	A	G
N4_mikatae	0.00239096858155	2	842	T	C
N4_mikatae	0.00247355608989	1	503	C	T
N4_mikatae	0.00268727632831	1	898	A	G
N4_mikatae	0.00309135660998	1	302	G	A
N4_mikatae	0.00312259977047	1	782	C	T
N4_mikatae	0.00335732456558	1	105	T	C
N4_mikatae	0.00338552521551	2	448	A	G
N4_mikatae	0.00339946416283	1	422	A	C
N4_mikatae	0.00360642901745	2	401	T	C
N4_mikatae	0.00381691163397	1	707	T	C
N4_mikatae	0.00398357684928	1	512	C	T
N4_mikatae	0.00429649379907	2	968	T	C
N4_mikatae	0.00439012177008	1	285	C	G
N4_mikatae	0.00478138943412	2	509	A	G
N4_mikatae	0.0048744775707	2	20	A	G
N4_mikatae	0.00490385017624	1	761	T	C
N4_mikatae	0.00524618601442	2	494	G	A
N4_mikatae	0.0054223695462	1	280	A	G
N4_mikatae	0.00572784017347	2	989	C	T
N4_N5	2.16790163262e-05	2	86	G	A
N4_N5	0.000150767442568	1	596	C	T
N4_N5	0.000380742720017	1	737	A	G
N4_N5	0.000701375767272	2	396	G	C
N4_N5	0.000719105708265	2	68	C	T
N4_N5	0.000966957750164	1	812	G	A
N4_N5	0.00103374923086	1	102	A	G
N4_N5	0.00122655343374	1	116	T	C
N4_N5	0.00137206878968	2	742	A	G
N4_N5	0.00156455433016	1	122	A	G
N4_N5	0.00190782616088	2	1	C	T
N4_N5	0.00197668740202	1	236	A	G
N4_N5	0.00209188584393	1	227	A	G
N4_N5	0.0023041632633	2	692	C	T
N4_N5	0.00244430772368	1	482	G	A
N4_N5	0.00261992246118	2	975	T	C
N4_N5	0.00263125159906	1	291	A	C
N4_N5	0.00270032644617	2	467	G	A
N5_paradoxus	0.000175226200395	1	728	A	C
N5_paradoxus	0.000294529590412	1	458	A	G
N5_paradoxus	0.000368873131141	2	206	G	T
N5_paradoxus	0.000555684526082	1	676	A	G
N5_paradoxus	0.000873716437124	2	746	G	A
N5_paradoxus	0.000995834769134	2	899	T	C
N5_cerevisiae	0.000125480392553	1	182	A	G
N5_cerevisiae	0.000179520209923	1	141	T	C
N5_cerevisiae	0.000396687824294	2	464	G	A
N5_cerevisiae	0.000712654972493	2	500	G	A
N5_cerevisiae	0.00103733516083	2	269	C	T
N5_cerevisiae	0.00109547969034	1	275	A	T
N5_cerevisiae	0.00127648919541	2	459	T	C
N5_cerevisiae	0.00185134141199	1	68	T	C
N5_cerevisiae	0.00192502512023	2	323	G	A
N5_cerevisiae	0.00233163562049	1	985	C	T
N5_cerevisiae	0.00239989024789	1	582	T	C
N5_cerevisiae	0.0024320417654	2	155	T	C
N5_cerevisiae	0.00264391805993	2	941	T	A
N5_cerevisiae	0.00273236939776	2	632	A	G
N5_cerevisiae	0.00274562215896	1	662	G	A
N5_cerevisiae	0.00279568420377	2	262	A	G
N5_cerevisiae	0.00298229688797	1	29	T	C
N5_cerevisiae	0.00315389660936	1	637	A	G
N5_cerevisiae	0.00350416209096	2	530	G	A
