edge	time	orlg_from	orlg_to	tract_length	start_pos	stop_pos	num_diff	template_seq	overide_seq
D1_N1	0.000316527114122	2	1	2	21	22	0	AG	AG
D1_N1	0.000649466882796	2	1	1	490	490	0	A	A
D1_N1	0.000886414007744	2	1	2	410	411	0	CC	CC
D1_N1	0.00119414852257	1	2	3	438	440	0	TAG	TAG
D1_N1	0.00195873318154	1	2	1	244	244	0	T	T
D1_N1	0.00225449690502	2	1	1	425	425	0	T	T
D1_N1	0.00255535358562	1	2	4	14	17	0	CCCT	CCCT
D1_N1	0.00291844013324	2	1	4	166	169	0	GGGC	GGGC
D1_N1	0.00301628915531	2	1	2	197	198	0	CG	CG
D1_N1	0.00313772260224	1	2	6	392	397	0	TAGTAA	TAGTAA
N1_castellii	0.000563061035501	1	2	7	56	62	1	ATGCTTG	ATGCTTA
N1_castellii	0.00104807774393	1	2	1	412	412	0	T	T
N1_castellii	0.0015359590467	2	1	1	58	58	0	G	G
N1_castellii	0.0021150626847	1	2	2	201	202	0	GA	GA
N1_castellii	0.00215090628696	2	1	7	72	78	0	TATTTGT	TATTTGT
N1_castellii	0.00224808422804	2	1	4	153	156	0	CACC	CACC
N1_castellii	0.00232730466377	2	1	3	461	463	0	ACA	ACA
N1_castellii	0.00281007805076	2	1	2	392	393	0	TA	TA
N1_castellii	0.00351834130271	1	2	1	435	435	0	T	T
N1_castellii	0.00355098933694	2	1	9	275	283	0	GGAGTATTT	GGAGTATTT
N1_castellii	0.00374139438201	2	1	2	213	214	0	GC	GC
N1_castellii	0.00391365495661	1	2	4	11	14	0	TTTC	TTTC
N1_castellii	0.00456139762624	2	1	2	301	302	0	GA	GA
N1_castellii	0.0048199448597	2	1	2	333	334	0	AA	AA
N1_castellii	0.00485489325467	2	1	2	466	467	0	AA	AA
N1_castellii	0.00514590885189	2	1	18	42	59	1	AATTACTTATCGTGATGC	AATTACTTATCATGATGC
N1_castellii	0.00515725469471	2	1	2	469	470	0	GG	GG
N1_castellii	0.00586543134683	1	2	2	263	264	0	GC	GC
N1_castellii	0.00606301256175	2	1	4	132	135	0	TCAA	TCAA
N1_castellii	0.00615029961061	2	1	10	331	340	0	CTAACTGACT	CTAACTGACT
N1_castellii	0.00728602664529	2	1	3	19	21	1	TAA	TGA
N1_castellii	0.00751148289722	1	2	4	9	12	0	GGTT	GGTT
N1_castellii	0.007892363714	1	2	15	14	28	2	CCCTCTAAGCAAGCT	CCCTCTAAGTAATCT
N1_castellii	0.00839188260254	2	1	5	132	136	0	TCAAT	TCAAT
N1_castellii	0.00881766275835	1	2	1	162	162	0	T	T
N1_castellii	0.00893204010013	1	2	1	183	183	0	T	T
N1_castellii	0.00915102075571	2	1	6	97	102	2	ATATTC	AAATAC
N1_castellii	0.00975898959296	2	1	5	307	311	0	CTGTT	CTGTT
N1_castellii	0.010644849401	2	1	16	359	374	2	AAGTCCGTGTATATCT	AAGTCCGTGTATACCC
N1_castellii	0.0109847062246	1	2	1	24	24	0	A	A
N1_castellii	0.0112731789234	1	2	1	123	123	0	T	T
N1_castellii	0.0113732461321	1	2	1	300	300	0	C	C
N1_castellii	0.0114075161303	1	2	4	413	416	1	TATC	CATC
N1_castellii	0.0126410403937	1	2	5	484	488	0	GTAAT	GTAAT
N1_castellii	0.0127727595334	2	1	3	209	211	1	CCT	TCT
N1_castellii	0.0128533467532	2	1	6	82	87	2	ACCGTT	ACCGCC
N1_N2	7.48279992852e-05	1	2	1	346	346	0	G	G
N1_N2	0.000257169601826	1	2	3	391	393	0	ATA	ATA
N1_N2	0.000729499029998	2	1	3	3	5	0	AAC	AAC
N1_N2	0.00107024578983	1	2	2	238	239	0	AG	AG
N1_N2	0.00147035848036	2	1	2	374	375	1	TA	CA
N1_N2	0.00150900534104	2	1	2	105	106	0	TC	TC
N1_N2	0.00169209546617	2	1	6	474	479	0	TAAACG	TAAACG
N1_N2	0.00181439263776	2	1	9	121	129	0	ATTTAATGT	ATTTAATGT
N1_N2	0.00203377506238	2	1	2	115	116	0	TG	TG
N1_N2	0.00267639077781	2	1	1	143	143	0	A	A
N1_N2	0.0035276975993	2	1	1	245	245	0	T	T
N1_N2	0.00381994233781	1	2	2	1	2	0	AC	AC
N1_N2	0.0038709857251	2	1	3	315	317	0	CAT	CAT
N1_N2	0.00391357827656	1	2	1	301	301	0	G	G
N1_N2	0.00420884662127	2	1	6	42	47	0	AATTAC	AATTAC
N1_N2	0.00448406123712	2	1	1	293	293	0	T	T
N1_N2	0.00519453576374	2	1	4	94	97	0	CATA	CATA
N1_N2	0.00559325076051	2	1	15	274	288	1	CGGAGTAGTTTATGC	CGGAGTATTTTATGC
N1_N2	0.00559360170165	2	1	2	467	468	0	AG	AG
N1_N2	0.00588047500893	2	1	4	239	242	0	GAAA	GAAA
N1_N2	0.006385828052	1	2	6	380	385	0	GCCGCA	GCCGCA
N1_N2	0.00657734762532	1	2	2	245	246	0	TT	TT
N1_N2	0.00659324889704	2	1	2	2	3	0	CA	CA
N1_N2	0.00687244694922	2	1	2	32	33	0	AA	AA
N1_N2	0.00824618645651	1	2	16	352	367	2	ACACGCTAAGACCCTG	ACACGCTAAGTCCGTG
N1_N2	0.00889577444173	1	2	3	410	412	0	CCT	CCT
N1_N2	0.00933561856258	2	1	1	385	385	0	A	A
N1_N2	0.0101547313037	2	1	1	18	18	0	C	C
N1_N2	0.0105441829867	1	2	2	333	334	0	AA	AA
N1_N2	0.0105880599092	2	1	7	215	221	0	AGCTCAA	AGCTCAA
N1_N2	0.0106121159597	2	1	1	435	435	0	T	T
N1_N2	0.0109724912616	2	1	8	121	128	0	ATTTAATG	ATTTAATG
N1_N2	0.0112062700451	2	1	3	195	197	0	AAC	AAC
N1_N2	0.0119166589235	1	2	1	479	479	1	T	G
N1_N2	0.0119896209478	1	2	1	438	438	0	T	T
N1_N2	0.0124162088547	1	2	17	486	491	0	AATGAT	AATGAT
N1_N2	0.0125044930723	1	2	6	272	277	0	CGCGGA	CGCGGA
N1_N2	0.0127801647452	2	1	9	191	199	1	ATCTAACGG	ATCCAACGG
N1_N2	0.0131331064384	1	2	5	74	78	1	TTTGT	CTTGT
N1_N2	0.0131850225085	1	2	2	486	487	0	AA	AA
N1_N2	0.0137995462859	1	2	1	185	185	0	C	C
N1_N2	0.01386831343	1	2	1	458	458	0	G	G
N1_N2	0.0141253854499	1	2	4	65	68	1	CAGG	CGGG
N1_N2	0.014498316095	1	2	2	221	222	0	AG	AG
N1_N2	0.0146334878838	2	1	1	254	254	1	G	A
N1_N2	0.0146806369135	1	2	2	14	15	0	CC	CC
N1_N2	0.0147287562884	1	2	12	446	457	3	ATAACGCCATCA	GTAACGTCACCA
N1_N2	0.0148266321575	2	1	1	259	259	0	G	G
N1_N2	0.0149573335944	1	2	1	422	422	1	C	T
N1_N2	0.0149749047672	2	1	15	365	379	3	CTGAATACCTATAGT	CTGTATACCCATAAT
N1_N2	0.0150403035466	1	2	7	164	170	1	TCGGGCA	TCGAGCA
N1_N2	0.0150799728814	1	2	7	95	101	1	ATATATA	ATATATT
N1_N2	0.0150880656259	1	2	6	93	98	0	TCATAT	TCATAT
N1_N2	0.0151784585243	2	1	1	316	316	0	A	A
N1_N2	0.0153391195053	1	2	1	306	306	0	A	A
N1_N2	0.0154215403631	2	1	3	90	92	1	TAC	TAT
N1_N2	0.0156660432792	2	1	3	134	136	0	AAT	AAT
N2_bayanus	3.19811775289e-05	1	2	3	78	80	2	CTG	TTA
N2_bayanus	0.000438036184025	1	2	1	201	201	0	G	G
N2_bayanus	0.00126467223524	1	2	12	336	347	1	TGGCTAAAAAGG	TGACTAAAAAGG
N2_bayanus	0.00133464772953	1	2	1	249	249	0	A	A
N2_bayanus	0.00144652232078	2	1	3	192	194	0	TCT	TCT
N2_bayanus	0.00164626327662	1	2	6	274	279	0	CGGAGT	CGGAGT
N2_bayanus	0.00218892817716	2	1	6	179	184	1	ACCTTA	ACCCTA
N2_N3	1.33086857922e-05	1	2	5	251	255	2	CAAGT	TAAGC
N2_N3	0.000605783955565	1	2	1	196	196	0	A	A
N2_N3	0.00118334719939	2	1	3	227	229	1	CTC	CCC
N2_N3	0.00131559449465	1	2	1	256	256	0	C	C
N3_kudriavzevii	0.000419904224965	1	2	3	279	281	0	TAG	TAG
N3_kudriavzevii	0.000722963659611	2	1	6	312	317	0	CATCAT	CATCAT
N3_kudriavzevii	0.00130822595617	2	1	1	478	478	0	C	C
N3_kudriavzevii	0.00227256566892	2	1	5	353	357	0	CACGC	CACGC
N3_kudriavzevii	0.00263529049868	1	2	5	347	351	0	GTACC	GTACC
N3_kudriavzevii	0.00326991047491	1	2	7	114	120	1	TTGAGGG	TTGAGTG
N3_kudriavzevii	0.00351589472823	2	1	6	225	230	2	GACTCT	AACTCC
N3_kudriavzevii	0.0047317232967	2	1	1	54	54	0	T	T
N3_kudriavzevii	0.00490242464483	1	2	2	8	9	0	TG	TG
N3_kudriavzevii	0.00526579922899	1	2	3	164	166	0	TCG	TCG
N3_kudriavzevii	0.00558963391002	1	2	1	151	151	0	T	T
N3_kudriavzevii	0.00567669307915	2	1	2	28	29	1	TC	TT
N3_kudriavzevii	0.00576194491403	1	2	1	401	401	0	T	T
N3_kudriavzevii	0.00580034916552	2	1	1	189	189	0	G	G
N3_N4	0.00078192734074	1	2	1	46	46	0	A	A
N3_N4	0.00101475322939	2	1	1	49	49	0	T	T
N3_N4	0.00146415628598	2	1	1	156	156	0	C	C
N3_N4	0.00156349233968	1	2	2	433	434	1	AT	AC
N3_N4	0.00186766688429	2	1	1	184	184	0	A	A
N3_N4	0.00197287893136	2	1	1	197	197	0	C	C
N4_mikatae	0.000646212049294	1	2	8	363	370	0	CCCTGAAT	CCCTGAAT
N4_mikatae	0.0010131805716	2	1	1	403	403	0	T	T
N4_mikatae	0.00168268402617	2	1	7	488	491	0	TGAT	TGAT
N4_mikatae	0.00180090041645	2	1	4	470	473	2	GTGA	TTGG
N4_mikatae	0.00184264632168	2	1	2	101	102	0	AC	AC
N4_mikatae	0.00195876572278	1	2	7	400	406	2	CTGTCTA	CCGTTTA
N4_mikatae	0.0020737344295	1	2	1	375	375	0	A	A
N4_mikatae	0.00224981557464	1	2	3	226	228	0	ACT	ACT
N4_mikatae	0.00377532242281	2	1	2	66	67	0	AG	AG
N4_mikatae	0.00386948734647	2	1	5	145	149	1	GAGGA	GAGGT
N4_mikatae	0.00400574190557	2	1	1	43	43	0	A	A
N4_N5	1.365321501e-06	1	2	2	179	180	0	AC	AC
N4_N5	0.000108637617454	1	2	1	3	3	0	A	A
N4_N5	0.000237170719266	1	2	2	147	148	0	GG	GG
N4_N5	0.000503599594736	1	2	10	399	408	3	TCTGTCTATT	TCCGTTTATC
N4_N5	0.00111571603366	2	1	3	488	490	0	TGA	TGA
N4_N5	0.00111963993754	1	2	6	206	211	1	ATTCCT	GTTCCT
N4_N5	0.00144410335653	1	2	18	42	59	1	AATTACTTATCATGGTGC	AATTACTTATCATGATGC
N5_paradoxus	0.000745634167584	1	2	2	479	480	0	TC	TC
N5_paradoxus	0.00080606038436	2	1	4	212	215	1	AGCA	AACA
N5_paradoxus	0.00137413632778	1	2	15	459	473	4	TCAAAACAAGGTTGG	CCACAACAAGGGTGA
N5_paradoxus	0.00139455295428	2	1	1	382	382	0	C	C
N5_cerevisiae	0.000310626691281	2	1	4	402	405	1	GTCT	GTAT
N5_cerevisiae	0.000417911701887	2	1	3	15	17	0	CCT	CCT
N5_cerevisiae	0.000843433882906	1	2	3	124	126	0	TAA	TAA
N5_cerevisiae	0.000895658849114	1	2	11	476	486	0	AACTCTGTGTA	AACTCTGTGTA
N5_cerevisiae	0.00117347036298	1	2	3	73	75	0	ATT	ATT
N5_cerevisiae	0.00204993725738	2	1	1	113	113	0	T	T
N5_cerevisiae	0.00206900930063	2	1	1	234	234	0	G	G
N5_cerevisiae	0.00271779378358	2	1	6	140	145	0	CGCAGG	CGCAGG
N5_cerevisiae	0.00317464528579	1	2	10	203	212	1	TTAATTCCTA	CTAATTCCTA
N5_cerevisiae	0.00322814740316	2	1	2	34	35	1	CG	CA
