edge	time	mut_orlg	mut_pos	old_state	new_state
D1_N1	5.93109515506e-05	2	591	C	T
D1_N1	0.000319076423478	1	482	T	C
D1_N1	0.000449244194888	2	521	C	T
D1_N1	0.00116923023831	1	299	A	G
D1_N1	0.00124702676459	1	246	G	A
D1_N1	0.00169631925049	2	521	T	C
D1_N1	0.0020586238341	2	422	A	C
D1_N1	0.0021288052337	1	48	T	C
D1_N1	0.00242106760125	2	239	T	C
D1_N1	0.00258441582093	2	116	A	G
D1_N1	0.00324380964501	2	293	C	T
D1_N1	0.00377733468072	2	395	C	T
D1_N1	0.00415209526007	2	458	A	G
D1_N1	0.00424627919646	1	194	C	T
D1_N1	0.0045291778391	2	570	A	G
D1_N1	0.00466904061316	1	455	C	T
D1_N1	0.00468433285032	2	206	A	G
D1_N1	0.00490385200151	1	221	G	A
D1_N1	0.00517096937277	1	148	A	G
D1_N1	0.00520450509996	2	407	C	T
D1_N1	0.00648301426672	2	275	T	C
D1_N1	0.00663474148175	1	254	T	A
D1_N1	0.0069273418199	2	101	G	A
D1_N1	0.00707545050896	2	437	A	G
D1_N1	0.00751139273492	1	413	C	T
D1_N1	0.00760295108991	1	245	T	C
D1_N1	0.00795186773068	2	320	T	C
D1_N1	0.00814082593848	2	101	A	G
D1_N1	0.00820832386101	1	563	A	G
D1_N1	0.0083706375515	1	125	T	G
D1_N1	0.00843403474467	1	191	A	G
D1_N1	0.00887898510906	1	221	A	G
D1_N1	0.00975589759858	1	494	A	T
D1_N1	0.0100559868628	1	123	T	C
D1_N1	0.0105711522352	1	346	T	C
D1_N1	0.0106108540331	1	365	T	C
D1_N1	0.0106796436823	2	326	A	G
D1_N1	0.0107021699821	2	252	T	C
D1_N1	0.0113982216965	2	206	G	A
D1_N1	0.0114698295442	2	28	T	A
D1_N1	0.0115431237195	2	152	C	T
D1_N1	0.0115987688837	2	377	T	C
D1_N1	0.0117750211791	2	65	T	C
D1_N1	0.0122910676157	1	155	G	A
D1_N1	0.0124445099984	2	272	G	A
D1_N1	0.0126209432712	1	404	A	T
D1_N1	0.0126555448937	2	92	A	G
D1_N1	0.0126564054164	1	304	G	A
D1_N1	0.0129477102364	1	122	G	C
D1_N1	0.0137363207882	2	317	A	G
D1_N1	0.0139580395873	2	395	T	C
D1_N1	0.0141755596242	2	542	A	G
D1_N1	0.0142721765942	2	152	T	C
D1_N1	0.014715188445	1	229	A	T
D1_N1	0.0152562662599	2	20	G	A
D1_N1	0.01525937672	1	548	C	T
D1_N1	0.0153238502267	1	513	T	G
D1_N1	0.0155422333257	2	513	T	C
D1_N1	0.0162058025877	1	199	C	T
D1_N1	0.0164194373136	2	395	C	T
D1_N1	0.0165484327893	2	175	A	T
D1_N1	0.0165978848899	2	23	A	C
D1_N1	0.0170554800408	1	587	T	C
D1_N1	0.0171471628508	1	440	A	G
D1_N1	0.0173032527146	2	530	C	T
D1_N1	0.0181260375506	1	512	T	C
D1_N1	0.0181942025216	2	512	T	C
D1_N1	0.0185476578583	2	500	A	G
D1_N1	0.0185599840651	1	103	G	A
D1_N1	0.0189799392962	2	245	T	G
D1_N1	0.0191828633445	2	512	C	T
D1_N1	0.0200864530911	1	530	C	T
D1_N1	0.0206541372818	1	144	A	G
D1_N1	0.0211472988598	1	359	G	A
D1_N1	0.0211927929623	1	139	T	C
D1_N1	0.0223881943882	1	152	C	A
D1_N1	0.0225830781145	2	242	A	G
D1_N1	0.0227646257835	2	416	C	T
D1_N1	0.023206982187	2	152	C	T
D1_N1	0.0233427161166	2	335	G	A
D1_N1	0.0240795605511	1	416	C	T
D1_N1	0.0244430003229	2	446	C	A
D1_N1	0.0253456890113	2	434	C	T
D1_N1	0.0253559001876	1	410	C	T
D1_N1	0.0254351319225	1	514	C	T
D1_N1	0.0256625659624	2	500	G	A
D1_N1	0.0259042758002	1	431	T	C
D1_N1	0.0260640068037	2	170	A	G
D1_N1	0.0261235939924	2	174	C	T
D1_N1	0.0263311770069	1	172	T	C
D1_N1	0.0270252582556	1	209	G	A
D1_N1	0.0275326365066	1	293	C	T
D1_N1	0.0277836259061	2	341	G	A
D1_N1	0.0278207799821	2	146	T	C
D1_N1	0.0286286710438	1	86	A	G
D1_N1	0.0289098339443	1	47	T	C
D1_N1	0.0292084385104	2	509	C	T
D1_N1	0.0296625181991	1	458	A	G
D1_N1	0.0303703781326	2	80	C	G
D1_N1	0.030636851621	2	257	C	T
D1_N1	0.0311518945899	1	383	A	C
D1_N1	0.0314038832218	1	251	C	T
N1_castellii	0.000338553040768	2	68	G	T
N1_castellii	0.000383860400934	1	112	C	T
N1_castellii	0.000515109095912	2	308	T	C
N1_castellii	0.000675092800438	1	101	G	A
N1_castellii	0.00168092073503	1	512	C	T
N1_castellii	0.00175336555918	1	442	G	A
N1_castellii	0.00208315183909	2	320	T	C
N1_castellii	0.00242988772273	2	455	C	T
N1_castellii	0.00297735975292	1	361	A	T
N1_castellii	0.00303363432117	2	61	A	G
N1_castellii	0.00306566978044	2	511	A	C
N1_castellii	0.00307757639662	1	393	T	C
N1_castellii	0.00349654305469	1	405	G	A
N1_castellii	0.00359822800304	1	93	A	G
N1_castellii	0.00372664839338	2	80	G	A
N1_castellii	0.00417789430388	1	170	G	A
N1_castellii	0.0041984736234	1	200	G	A
N1_castellii	0.00436618778136	1	403	G	A
N1_castellii	0.0044237440836	2	5	C	T
N1_castellii	0.00444762008588	1	497	G	A
N1_castellii	0.00516443073236	1	11	A	G
N1_castellii	0.00626970587505	2	38	A	G
N1_castellii	0.00656751137518	1	458	G	T
N1_castellii	0.00676150688595	1	342	G	A
N1_castellii	0.00686869318997	1	110	G	A
N1_castellii	0.00693309797977	2	541	G	T
N1_castellii	0.00695408668741	1	578	A	G
N1_castellii	0.00724068577303	1	488	T	C
N1_castellii	0.00730899174079	2	92	G	A
N1_castellii	0.00745712014006	1	92	A	G
N1_castellii	0.00754801326889	2	521	C	T
N1_castellii	0.00828026643448	1	461	G	A
N1_castellii	0.00851268565226	1	173	T	C
N1_castellii	0.00851503101789	2	5	T	C
N1_castellii	0.00856786644608	1	361	T	C
N1_castellii	0.00875158370549	2	551	T	C
N1_castellii	0.00878165915214	1	41	T	C
N1_castellii	0.00900599841538	2	14	G	A
N1_castellii	0.00930718426982	1	554	T	G
N1_castellii	0.00981642150874	1	311	G	A
N1_castellii	0.0100259772323	1	167	G	A
N1_castellii	0.0101950850026	2	239	C	T
N1_castellii	0.0103127472268	1	446	C	T
N1_castellii	0.0105299254229	1	304	G	C
N1_castellii	0.0106676442051	2	138	A	G
N1_castellii	0.0107213447777	2	68	T	C
N1_castellii	0.0107984709745	2	545	A	G
N1_castellii	0.010914516419	2	11	A	G
N1_castellii	0.0112218932815	1	152	T	C
N1_castellii	0.011507723632	2	578	A	G
N1_castellii	0.0121126499554	2	116	G	A
N1_castellii	0.012279619488	1	152	C	T
N1_castellii	0.0128215861567	2	492	T	C
N1_castellii	0.0131670882261	1	489	C	T
N1_castellii	0.0132941500052	2	32	T	C
N1_castellii	0.0133425188133	2	17	T	C
N1_castellii	0.0133556256962	2	123	C	T
N1_castellii	0.0140451649196	2	123	T	C
N1_castellii	0.0148060063923	2	22	A	G
N1_castellii	0.0148616116964	1	209	G	A
N1_castellii	0.0149035499665	1	215	T	C
N1_castellii	0.0153551908074	2	419	C	T
N1_castellii	0.0155660916584	1	218	C	T
N1_castellii	0.0160110557699	1	488	C	G
N1_castellii	0.0161324759512	1	38	A	G
N1_castellii	0.0163001340516	1	500	G	A
N1_castellii	0.0164209717984	2	401	A	G
N1_castellii	0.0180332713122	2	576	C	A
N1_castellii	0.0183013666449	2	344	A	G
N1_castellii	0.0189238322387	2	277	C	T
N1_castellii	0.019512985685	1	55	T	C
N1_castellii	0.0196017291797	2	341	G	C
N1_castellii	0.0196739914777	1	357	T	C
N1_N2	0.00044448162459	1	515	T	C
N1_N2	0.000911456557283	2	92	G	A
N1_N2	0.00108635917799	2	299	G	A
N1_N2	0.00131522905438	1	125	G	A
N1_N2	0.00140591202491	2	128	C	T
N1_N2	0.00164228681216	2	521	C	T
N1_N2	0.00198320845842	1	223	C	A
N1_N2	0.00206431840617	2	383	A	G
N1_N2	0.0026799672376	1	236	T	C
N1_N2	0.00298169644442	1	182	T	C
N1_N2	0.00302196761171	2	203	C	T
N1_N2	0.00432830670205	2	520	A	G
N1_N2	0.00491711325669	1	137	A	G
N1_N2	0.00495391852141	1	357	T	C
N1_N2	0.00507635327277	2	212	A	G
N1_N2	0.00566107789562	2	308	T	A
N1_N2	0.00618883379365	2	401	A	G
N1_N2	0.00661781355087	2	536	T	C
N1_N2	0.00684675156376	1	205	A	G
N1_N2	0.00731823023917	2	351	A	G
N1_N2	0.00738427541241	2	200	G	T
N1_N2	0.00836515855988	2	305	G	A
N1_N2	0.00880339894993	2	330	T	C
N2_bayanus	0.00158213183003	1	104	A	G
N2_bayanus	0.00172203454137	1	71	A	G
N2_bayanus	0.00210324254692	1	443	A	G
N2_bayanus	0.00272163901575	2	383	G	A
N2_bayanus	0.00281717459803	2	287	A	G
N2_bayanus	0.00287838301612	1	462	G	A
N2_bayanus	0.00318510208587	1	197	T	C
N2_bayanus	0.00334751078298	1	482	T	G
N2_bayanus	0.00335829125062	1	380	A	G
N2_bayanus	0.00377803197048	1	311	G	A
N2_bayanus	0.00456394019515	2	554	T	C
N2_bayanus	0.00491463220779	1	494	A	G
N2_bayanus	0.00516199384247	2	191	A	G
N2_bayanus	0.00532316887709	1	464	G	A
N2_bayanus	0.00542638384574	1	542	A	G
N2_bayanus	0.00558593800426	1	95	G	C
N2_bayanus	0.00594803494781	2	146	C	T
N2_bayanus	0.00598984816154	2	28	T	A
N2_bayanus	0.00600542878605	1	281	T	C
N2_bayanus	0.00605937842978	1	383	G	A
N2_bayanus	0.00622294761337	2	488	T	C
N2_bayanus	0.0069773829677	2	142	G	A
N2_bayanus	0.00731400613317	2	251	C	T
N2_bayanus	0.00756737088999	1	179	T	C
N2_bayanus	0.00768888339248	1	83	C	T
N2_bayanus	0.00790439478029	2	308	A	G
N2_bayanus	0.00797336987191	1	349	A	C
N2_bayanus	0.00833255353944	2	497	G	A
N2_bayanus	0.00893514121378	2	560	T	C
N2_bayanus	0.00913373921617	1	350	A	G
N2_bayanus	0.00917036795733	1	197	C	T
N2_bayanus	0.00919328244601	2	248	T	C
N2_bayanus	0.00940311788085	2	317	A	G
N2_bayanus	0.00942594605013	1	364	T	C
N2_bayanus	0.00965414599891	1	395	T	A
N2_N3	0.000218987433201	2	68	G	C
N2_N3	0.000686800081998	1	242	G	T
N2_N3	0.00139939558332	2	134	A	C
N2_N3	0.00164016973938	2	278	A	G
N2_N3	0.00167758931551	1	37	G	A
N2_N3	0.00180334322425	2	136	A	T
N2_N3	0.00237184145665	2	101	G	A
N2_N3	0.00237862336272	2	161	G	A
N2_N3	0.00242761255003	1	413	C	A
N2_N3	0.00246867478397	2	553	G	A
N2_N3	0.00265142560995	2	482	T	C
N3_kudriavzevii	0.000378949104356	1	524	G	A
N3_kudriavzevii	0.000504586041064	2	5	C	T
N3_kudriavzevii	0.000786018576119	2	205	A	C
N3_kudriavzevii	0.000955034309975	2	194	C	T
N3_kudriavzevii	0.00121992932677	2	86	A	G
N3_kudriavzevii	0.00160919983626	1	221	G	A
N3_kudriavzevii	0.00213550606515	1	284	A	G
N3_kudriavzevii	0.00231937785092	2	386	A	G
N3_kudriavzevii	0.00241526614295	2	65	T	C
N3_kudriavzevii	0.00246557139386	1	236	C	T
N3_kudriavzevii	0.00271489475551	2	293	T	C
N3_kudriavzevii	0.00346140500204	1	206	A	G
N3_kudriavzevii	0.00365686558343	2	69	G	C
N3_kudriavzevii	0.00390117566101	2	575	C	T
N3_kudriavzevii	0.00410507036594	2	338	T	C
N3_kudriavzevii	0.00413618157436	1	71	A	G
N3_kudriavzevii	0.00434191371398	2	293	C	T
N3_kudriavzevii	0.00515563159165	1	90	C	A
N3_kudriavzevii	0.00522976604764	1	362	T	C
N3_kudriavzevii	0.00535235052498	1	380	A	G
N3_kudriavzevii	0.00581419084313	1	471	G	A
N3_kudriavzevii	0.00616129088336	2	329	C	T
N3_kudriavzevii	0.00639341135885	2	434	T	C
N3_kudriavzevii	0.00717826220142	1	551	T	G
N3_kudriavzevii	0.00771134012225	2	347	T	C
N3_kudriavzevii	0.00779472364453	2	508	T	A
N3_kudriavzevii	0.0081736494478	1	218	C	T
N3_kudriavzevii	0.00824187478397	1	394	A	G
N3_kudriavzevii	0.00850344403308	2	353	A	G
N3_kudriavzevii	0.00874501437545	1	311	G	A
N3_kudriavzevii	0.00889191452863	1	407	T	C
N3_kudriavzevii	0.00917637762629	2	67	G	A
N3_kudriavzevii	0.00931903818257	1	68	G	A
N3_kudriavzevii	0.0096020842756	1	593	T	C
N3_N4	0.000125092766672	1	575	C	T
N3_N4	0.000432840932898	1	259	T	A
N3_N4	0.000535974056987	2	257	T	C
N3_N4	0.000959983338061	1	242	T	C
N3_N4	0.00111214579316	2	113	T	C
N3_N4	0.00164423986223	2	582	T	C
N3_N4	0.00167317004926	2	432	C	T
N3_N4	0.00183604699507	2	137	G	A
N3_N4	0.002109126088	2	209	G	A
N4_mikatae	7.87567840578e-05	1	596	T	G
N4_mikatae	0.000383092259037	2	230	T	C
N4_mikatae	0.00101058915036	1	233	A	G
N4_mikatae	0.0015554022116	1	278	A	G
N4_mikatae	0.00183453961598	2	476	T	G
N4_mikatae	0.00239294062883	2	311	G	A
N4_mikatae	0.00248480659042	1	260	C	T
N4_mikatae	0.00249021907581	2	201	C	T
N4_mikatae	0.00260815901009	2	50	C	T
N4_mikatae	0.00312197271256	2	529	G	A
N4_mikatae	0.00348021042892	2	251	C	T
N4_N5	0.000971059258664	2	395	T	C
N4_N5	0.00102459542683	2	239	C	T
N4_N5	0.00126094945894	2	5	C	T
N4_N5	0.00220445074847	2	479	A	G
N4_N5	0.00265365441255	2	386	A	G
N4_N5	0.00283756624577	1	278	A	G
N4_N5	0.00333155879317	1	143	T	C
N4_N5	0.00350503422649	1	260	C	T
N4_N5	0.00359561941225	1	472	T	C
N4_N5	0.00387460394913	2	467	T	C
N4_N5	0.00423359936678	1	95	G	A
N4_N5	0.00424206121645	1	74	G	A
N5_paradoxus	0.000509860663369	1	578	A	G
N5_paradoxus	0.00129872225138	2	219	A	G
N5_paradoxus	0.00146837554797	2	236	T	C
N5_paradoxus	0.00189163435594	1	113	T	G
N5_paradoxus	0.00236863819822	2	115	T	C
N5_cerevisiae	2.49548077365e-05	1	431	C	T
N5_cerevisiae	0.000105124138077	1	148	G	A
N5_cerevisiae	0.000173160060558	1	596	T	C
N5_cerevisiae	0.000371909244032	1	594	A	C
N5_cerevisiae	0.000497664638948	2	419	C	T
N5_cerevisiae	0.00050475901519	1	404	A	G
N5_cerevisiae	0.000617810018024	2	137	A	G
N5_cerevisiae	0.00132533272457	1	557	A	G
