edge	time	orlg_from	orlg_to	tract_length	start_pos	stop_pos	num_diff	template_seq	overide_seq
D1_N1	0.00193523747701	2	1	1	149	149	0	A	A
D1_N1	0.0020428795556	1	2	1	343	343	0	A	A
D1_N1	0.00476555223191	2	1	1	592	592	0	A	A
D1_N1	0.00524001208919	2	1	1	276	276	0	C	C
D1_N1	0.00600316795534	1	2	1	597	597	0	G	G
D1_N1	0.00757759368489	1	2	1	175	175	0	C	C
D1_N1	0.00788996509383	2	1	1	90	90	0	G	G
D1_N1	0.00819077220565	1	2	1	690	690	0	C	C
D1_N1	0.010356663297	1	2	1	58	58	0	G	G
D1_N1	0.0105297218444	2	1	1	237	237	0	T	T
D1_N1	0.0120456047623	2	1	1	486	486	0	A	A
D1_N1	0.0136743425593	2	1	1	205	205	0	T	T
D1_N1	0.0147422000931	2	1	1	625	625	0	G	G
D1_N1	0.0163925103577	2	1	1	165	165	0	T	T
D1_N1	0.0164172238254	1	2	1	31	31	0	A	A
D1_N1	0.0173088394758	1	2	1	178	178	0	T	T
D1_N1	0.0180162382164	2	1	1	296	296	0	G	G
D1_N1	0.0191463616716	1	2	1	498	498	0	C	C
D1_N1	0.0223983709657	1	2	1	696	696	0	T	T
D1_N1	0.0259867715642	1	2	1	25	25	0	G	G
D1_N1	0.0269241572146	2	1	1	711	711	0	C	C
D1_N1	0.0293670019335	1	2	1	448	448	0	C	C
D1_N1	0.0360451889385	2	1	1	311	311	0	C	C
D1_N1	0.0367011546473	1	2	1	555	555	0	G	G
D1_N1	0.0376005983992	1	2	1	238	238	0	C	C
D1_N1	0.0392201576452	1	2	1	482	482	0	T	T
D1_N1	0.0394911780924	2	1	1	679	679	0	T	T
D1_N1	0.0409080118527	1	2	1	198	198	0	A	A
D1_N1	0.0422410967857	2	1	1	576	576	0	G	G
D1_N1	0.0438000283062	1	2	1	545	545	0	T	T
D1_N1	0.0469139972485	1	2	1	204	204	0	G	G
D1_N1	0.0474592425222	2	1	1	727	727	0	A	A
D1_N1	0.0490049488684	1	2	1	413	413	0	A	A
D1_N1	0.0498818683037	1	2	1	518	518	0	A	A
D1_N1	0.0511853555787	1	2	1	524	524	0	C	C
D1_N1	0.0521515505908	1	2	1	110	110	0	G	G
D1_N1	0.0560710175039	1	2	1	639	639	0	A	A
D1_N1	0.0563651003317	2	1	1	203	203	1	A	G
D1_N1	0.0565153768978	2	1	1	265	265	0	C	C
D1_N1	0.0585105667274	2	1	1	8	8	0	C	C
D1_N1	0.0587765970849	1	2	1	533	533	0	T	T
D1_N1	0.0597532718839	2	1	1	352	352	1	T	C
D1_N1	0.0619920925204	2	1	1	495	495	0	A	A
D1_N1	0.0630835659662	1	2	1	479	479	0	G	G
D1_N1	0.0639964536361	2	1	1	4	4	0	A	A
D1_N1	0.0647245853354	2	1	1	168	168	1	G	A
D1_N1	0.0649047464074	1	2	1	646	646	0	A	A
D1_N1	0.0649091839184	2	1	1	639	639	0	A	A
D1_N1	0.0717305107079	1	2	1	283	283	0	G	G
D1_N1	0.0723354885032	2	1	1	42	42	0	G	G
D1_N1	0.073587276706	2	1	1	86	86	0	A	A
D1_N1	0.0737135886203	1	2	1	717	717	1	G	T
D1_N1	0.0739073792244	2	1	1	542	542	0	T	T
D1_N1	0.0755751013242	2	1	1	650	650	0	C	C
D1_N1	0.0759918327486	2	1	1	391	391	0	T	T
D1_N1	0.0760151782152	1	2	1	547	547	1	G	A
D1_N1	0.0792074041934	2	1	1	427	427	0	A	A
D1_N1	0.0800326612398	2	1	1	97	97	0	A	A
D1_N1	0.0825178576397	2	1	1	53	53	0	G	G
D1_N1	0.0826604077804	2	1	1	516	516	0	T	T
D1_N1	0.08305069605	2	1	1	479	479	0	G	G
D1_N1	0.0833392703206	1	2	1	601	601	0	T	T
D1_N1	0.0842589126632	1	2	1	661	661	0	T	T
D1_N1	0.08677758268	1	2	1	685	685	1	C	T
D1_N1	0.0914959906565	1	2	1	704	704	1	G	A
D1_N1	0.0927850480392	1	2	1	340	340	0	A	A
D1_N1	0.0950468745511	1	2	1	595	595	0	C	C
D1_N1	0.0958944167352	2	1	1	404	404	0	G	G
D1_N1	0.0964225021544	2	1	1	544	544	0	A	A
D1_N1	0.0981714561238	1	2	1	628	628	0	G	G
D1_N1	0.098463028361	1	2	1	640	640	1	G	T
D1_N1	0.101103906034	1	2	1	529	529	0	T	T
D1_N1	0.103891193559	1	2	1	468	468	0	T	T
D1_N1	0.107486801225	1	2	1	288	288	0	A	A
D1_N1	0.108582320505	1	2	1	597	597	0	G	G
D1_N1	0.108723400357	2	1	1	585	585	0	C	C
D1_N1	0.109550152555	1	2	1	145	145	0	T	T
D1_N1	0.111389145863	2	1	1	318	318	0	G	G
D1_N1	0.11147531096	1	2	1	487	487	0	G	G
D1_N1	0.114403210063	1	2	1	11	11	0	A	A
D1_N1	0.117542110295	1	2	1	60	60	0	A	A
D1_N1	0.118930098792	1	2	1	230	230	0	T	T
D1_N1	0.119782000072	2	1	1	591	591	0	T	T
D1_N1	0.121215062499	2	1	1	559	559	1	G	T
D1_N1	0.121775619723	2	1	1	200	200	0	C	C
D1_N1	0.123291043853	2	1	1	628	628	0	G	G
D1_N1	0.125495047786	2	1	1	171	171	0	C	C
D1_N1	0.126862839825	1	2	1	496	496	0	C	C
D1_N1	0.126937219905	2	1	1	572	572	0	T	T
D1_N1	0.129863953593	2	1	1	538	538	0	A	A
D1_N1	0.133006760891	2	1	1	722	722	0	C	C
D1_N1	0.135398097829	2	1	1	596	596	0	T	T
D1_N1	0.135482895263	2	1	1	345	345	0	C	C
D1_N1	0.139346152713	1	2	1	289	289	1	C	T
D1_N1	0.139575934904	1	2	1	194	194	0	G	G
D1_N1	0.140145760239	1	2	1	727	727	0	A	A
D1_N1	0.141533256045	1	2	1	538	538	0	A	A
D1_N1	0.143766704581	2	1	1	498	498	0	C	C
D1_N1	0.144058645271	2	1	1	361	361	0	G	G
D1_N1	0.147473055818	2	1	1	544	544	1	A	T
D1_N1	0.147772974202	2	1	1	535	535	0	C	C
D1_N1	0.14862041077	2	1	1	141	141	0	A	A
D1_N1	0.151161937605	1	2	1	664	664	1	G	C
D1_N1	0.151252413115	1	2	1	592	592	0	A	A
D1_N1	0.15432746369	1	2	1	129	129	1	C	G
D1_N1	0.154748879361	1	2	1	218	218	0	G	G
D1_N1	0.155661543053	1	2	1	131	131	0	A	A
D1_N1	0.156291056226	2	1	1	12	12	0	C	C
D1_N1	0.157291977026	2	1	1	262	262	1	C	T
D1_N1	0.16194664716	2	1	1	406	406	0	A	A
D1_N1	0.163769688424	1	2	1	146	146	1	T	A
D1_N1	0.164101962747	1	2	1	280	280	0	T	T
D1_N1	0.164450611794	1	2	1	476	476	0	T	T
D1_N1	0.166607113719	2	1	1	41	41	0	T	T
D1_N1	0.167191879936	1	2	1	505	505	1	T	A
D1_N1	0.169671339631	1	2	1	641	641	1	T	C
D1_N1	0.169849593068	2	1	1	15	15	0	T	T
D1_N1	0.171499778819	1	2	1	44	44	0	G	G
D1_N1	0.175479243874	1	2	1	543	543	0	T	T
D1_N1	0.181366208694	2	1	1	409	409	0	A	A
D1_N1	0.181510531034	1	2	1	577	577	0	A	A
D1_N1	0.181929571039	2	1	1	654	654	0	G	G
D1_N1	0.18422965237	2	1	1	572	572	0	T	T
D1_N1	0.186171363839	1	2	1	555	555	0	G	G
D1_N1	0.186779032742	2	1	1	334	334	0	G	G
D1_N1	0.187057416407	2	1	1	171	171	0	C	C
D1_N1	0.188393303072	2	1	1	58	58	0	G	G
D1_N1	0.194134016127	1	2	1	451	451	0	C	C
D1_N1	0.195754022791	2	1	1	602	602	0	C	C
D1_N1	0.195900721337	1	2	1	573	573	0	A	A
D1_N1	0.196080673053	1	2	1	649	649	0	G	G
D1_N1	0.1975370429	2	1	1	621	621	0	A	A
D1_N1	0.199078520351	2	1	1	268	268	0	T	T
D1_N1	0.201094816524	1	2	1	135	135	0	C	C
D1_N1	0.203680829418	2	1	1	62	62	1	T	C
D1_N1	0.204880458363	2	1	1	247	247	1	C	G
D1_N1	0.20569335922	1	2	1	410	410	0	A	A
D1_N1	0.205875567483	2	1	1	651	651	0	A	A
D1_N1	0.206615599094	1	2	1	648	648	1	A	T
D1_N1	0.20683266725	2	1	1	611	611	0	A	A
D1_N1	0.209775729138	1	2	1	704	704	0	G	G
D1_N1	0.217116865387	2	1	1	332	332	1	C	T
D1_N1	0.217216176501	2	1	1	505	505	0	T	T
D1_N1	0.221318594561	1	2	1	124	124	0	A	A
D1_N1	0.223403093942	2	1	1	74	74	0	T	T
D1_N1	0.228086540506	2	1	1	210	210	1	C	A
D1_N1	0.2319883764	1	2	1	435	435	1	T	G
D1_N1	0.232122294059	1	2	1	52	52	1	A	G
D1_N1	0.233225869765	1	2	1	265	265	1	C	T
N1_N2	0.00157222648497	1	2	1	116	116	0	G	G
N1_N2	0.005639397526	2	1	1	146	146	0	T	T
N1_N2	0.00748361836844	2	1	1	43	43	0	T	T
N1_N2	0.00825113469362	2	1	1	641	641	1	T	C
N1_N2	0.0102723897355	1	2	1	137	137	0	G	G
N1_N2	0.0108728381241	1	2	1	18	18	0	T	T
N1_N2	0.0150394781768	1	2	1	670	670	0	A	A
N2_N3	0.00339134589485	1	2	1	205	205	1	A	T
N2_N3	0.00482714956335	1	2	1	372	372	0	A	A
N2_N3	0.00578387565585	1	2	1	0	0	1	G	A
N3_N4	0.00202480532215	2	1	1	586	586	0	G	G
N3_N4	0.0030979849392	1	2	1	680	680	0	A	A
N3_N4	0.00641979685393	1	2	1	116	116	0	G	G
N3_N4	0.00687206527972	2	1	1	17	17	1	A	G
N3_N4	0.00858585393494	2	1	1	331	331	1	T	A
N4_Human	0.00555119559391	2	1	1	112	112	0	A	A
N4_Human	0.00880028644889	2	1	1	204	204	0	G	G
N4_Human	0.00934118925208	1	2	1	60	60	0	A	A
N4_Human	0.0102141419571	1	2	1	445	445	0	A	A
N4_Human	0.0103801306234	1	2	1	96	96	0	T	T
N4_Chimp	0.00101570745375	1	2	1	297	297	0	T	T
N4_Chimp	0.00193159903739	1	2	1	334	334	1	G	T
N4_Chimp	0.00196658650748	1	2	1	30	30	0	A	A
N4_Chimp	0.00313368721178	1	2	1	617	617	0	T	T
N4_Chimp	0.00787651197717	1	2	1	725	725	0	G	G
N4_Chimp	0.00814468530071	2	1	1	21	21	0	A	A
N4_Chimp	0.00878443976584	1	2	1	490	490	1	A	G
N4_Chimp	0.0101601352931	2	1	1	412	412	0	T	T
N3_Goril	0.00352339536601	1	2	1	545	545	0	T	T
N3_Goril	0.00369369289616	1	2	1	547	547	0	G	G
N3_Goril	0.00387927652818	1	2	1	173	173	0	C	C
N3_Goril	0.00698233580646	2	1	1	111	111	1	G	T
N3_Goril	0.00866809486837	1	2	1	13	13	0	C	C
N3_Goril	0.00932020688601	1	2	1	272	272	0	C	C
N3_Goril	0.00973282676964	2	1	1	672	672	0	G	G
N3_Goril	0.0100717933357	1	2	1	570	570	1	T	C
N3_Goril	0.0104114591259	2	1	1	155	155	1	A	C
N3_Goril	0.0118959229594	2	1	1	180	180	1	C	T
N3_Goril	0.0148715468634	2	1	1	218	218	0	G	G
N3_Goril	0.0154660251471	1	2	1	346	346	0	G	G
N3_Goril	0.0160757582817	1	2	1	242	242	0	A	A
N3_Goril	0.0165255532193	1	2	1	172	172	0	C	C
N3_Goril	0.0177464262202	1	2	1	218	218	0	G	G
N3_Goril	0.0191125273529	1	2	1	532	532	1	G	A
N2_Orang	0.000894949025024	1	2	1	237	237	1	C	T
N2_Orang	0.00103476119644	1	2	1	683	683	0	A	A
N2_Orang	0.00456719481781	2	1	1	433	433	1	G	A
N2_Orang	0.0049292878178	1	2	1	518	518	0	A	A
N2_Orang	0.00779630824898	2	1	1	439	439	1	A	G
N2_Orang	0.00848448069454	2	1	1	560	560	0	G	G
N2_Orang	0.00945923215954	1	2	1	460	460	0	A	A
N2_Orang	0.0106608379075	2	1	1	467	467	0	C	C
N2_Orang	0.0127046178473	2	1	1	600	600	0	A	A
N2_Orang	0.0128999963361	1	2	1	61	61	0	T	T
N2_Orang	0.0166559872076	2	1	1	487	487	0	G	G
N1_Macaq	0.00195387798258	2	1	1	240	240	0	A	A
N1_Macaq	0.00465432609791	1	2	1	267	267	0	G	G
N1_Macaq	0.00507653099069	1	2	1	305	305	0	C	C
N1_Macaq	0.0092322880826	2	1	1	10	10	0	T	T
N1_Macaq	0.0102383407192	1	2	1	592	592	0	A	A
N1_Macaq	0.0105875029774	2	1	1	586	586	0	G	G
N1_Macaq	0.0112795699343	1	2	1	652	652	1	C	T
N1_Macaq	0.0136323215638	2	1	1	448	448	1	C	A
N1_Macaq	0.0136924316607	1	2	1	729	729	0	T	T
N1_Macaq	0.0171244532157	2	1	1	58	58	0	G	G
N1_Macaq	0.0175134466449	1	2	1	190	190	0	C	C
N1_Macaq	0.0176875851453	2	1	1	332	332	0	C	C
N1_Macaq	0.0181137416716	2	1	1	707	707	0	G	G
N1_Macaq	0.0206754656368	2	1	1	222	222	1	A	T
N1_Macaq	0.0216313622216	2	1	1	680	680	0	A	A
N1_Macaq	0.022128037049	1	2	1	520	520	1	G	A
N1_Macaq	0.0238956361492	2	1	1	107	107	1	T	C
N1_Macaq	0.0255367302839	1	2	1	225	225	0	T	T
N1_Macaq	0.0295207721244	1	2	1	516	516	0	T	T
N1_Macaq	0.0313569675517	2	1	1	409	409	0	A	A
N1_Macaq	0.0336991175221	1	2	1	446	446	1	A	G
N1_Macaq	0.0367093685153	1	2	1	478	478	0	T	T
N1_Macaq	0.0369811157679	2	1	1	146	146	0	T	T
N1_Macaq	0.0372444709932	2	1	1	613	613	1	T	C
N1_Macaq	0.0373570078524	1	2	1	162	162	0	A	A
N1_Macaq	0.0380998549876	1	2	1	583	583	0	A	A
N1_Macaq	0.0401739617762	2	1	1	132	132	0	C	C
N1_Macaq	0.0402091756161	1	2	1	45	45	0	C	C
N1_Macaq	0.0412794511786	2	1	1	562	562	1	A	G
