edge	time	mut_orlg	mut_pos	old_state	new_state
N0_D1	0.00225090276154	0	723	C	T
N0_D1	0.00323532041031	0	715	A	T
N0_D1	0.00397640970898	0	575	T	C
N0_D1	0.00552345829274	0	283	C	T
N0_D1	0.00612418639848	0	349	A	G
N0_D1	0.0102785205951	0	582	C	T
N0_D1	0.0116244681843	0	449	G	A
N0_D1	0.0117865204142	0	590	T	A
N0_D1	0.0215027784216	0	482	T	C
N0_D1	0.0231302949901	0	611	C	A
N0_D1	0.0242036266463	0	60	T	C
N0_D1	0.0259261105172	0	497	A	C
N0_D1	0.0281632960026	0	619	G	A
N0_D1	0.030721686317	0	649	G	A
N0_D1	0.0322810971715	0	344	C	T
N0_D1	0.0348250939823	0	238	T	A
N0_D1	0.039309962743	0	84	A	C
N0_D1	0.0393573314547	0	250	T	A
N0_D1	0.0403196082761	0	196	T	C
N0_D1	0.0405511433432	0	166	T	C
N0_D1	0.0420094752387	0	452	C	G
N0_D1	0.0424120292799	0	281	T	G
N0_D1	0.0430954147407	0	321	T	A
N0_D1	0.0462684006297	0	444	G	A
N0_D1	0.0469952145959	0	282	C	T
N0_D1	0.0472293143977	0	479	C	G
N0_D1	0.047237571461	0	159	G	A
N0_D1	0.0481968396464	0	450	T	A
N0_D1	0.0483330786939	0	542	T	C
N0_D1	0.0489307772208	0	457	T	C
N0_D1	0.0494444958424	0	28	C	G
D1_N1	1.36867436297e-06	2	125	T	G
D1_N1	0.00015923311605	2	324	T	C
D1_N1	0.000684795080087	1	273	C	T
D1_N1	0.000740731407113	1	14	C	T
D1_N1	0.00173926770844	2	435	C	A
D1_N1	0.00184801544617	2	29	T	G
D1_N1	0.00224443344997	1	644	C	T
D1_N1	0.00383477476973	1	6	T	C
D1_N1	0.00429899323268	1	403	T	A
D1_N1	0.00578936890977	2	135	G	A
D1_N1	0.0072015319716	2	710	G	C
D1_N1	0.00732955750713	2	442	T	C
D1_N1	0.00742151972503	2	397	T	A
D1_N1	0.00751116971226	1	206	T	A
D1_N1	0.00805980051834	2	565	T	A
D1_N1	0.00861709196263	1	562	G	T
D1_N1	0.00866818461564	1	692	C	G
D1_N1	0.00882042053583	1	470	G	T
D1_N1	0.0106748504462	2	578	G	C
D1_N1	0.0108927875845	2	147	C	A
D1_N1	0.0111832492751	2	349	G	T
D1_N1	0.0118256660287	1	224	T	C
D1_N1	0.011981290075	1	7	A	T
D1_N1	0.0119920374811	1	315	T	C
D1_N1	0.0130281307372	2	567	A	G
D1_N1	0.0140033806069	1	155	T	C
D1_N1	0.0140326487196	2	335	A	G
D1_N1	0.0146716749815	2	500	C	A
D1_N1	0.0180423637617	1	281	G	T
D1_N1	0.0187053141232	2	630	T	G
D1_N1	0.0188409396915	1	382	A	G
D1_N1	0.0192935104381	2	438	T	C
D1_N1	0.0196190175289	2	2	T	C
D1_N1	0.0207125908436	1	643	A	G
D1_N1	0.0218356629254	1	260	A	T
D1_N1	0.0219218843197	2	709	A	G
D1_N1	0.0219475829204	2	274	A	T
D1_N1	0.0225978384439	1	576	C	A
D1_N1	0.0231686991264	1	326	C	G
D1_N1	0.0232326174396	2	586	A	T
D1_N1	0.0234220941574	1	637	G	T
D1_N1	0.0237554177271	2	270	T	C
D1_N1	0.0238418019688	1	30	A	T
D1_N1	0.025322449913	1	105	A	T
D1_N1	0.0255957011422	2	563	T	C
D1_N1	0.0256838057415	1	577	T	G
D1_N1	0.0272321115484	2	82	C	T
D1_N1	0.0276849216113	2	170	T	G
D1_N1	0.0277375365641	2	646	T	G
D1_N1	0.0281044342907	2	20	T	A
D1_N1	0.0294032711866	2	561	T	C
D1_N1	0.0295545694642	1	611	A	T
D1_N1	0.0305076232203	1	616	T	C
D1_N1	0.0314900551653	1	274	A	G
D1_N1	0.0320013861358	1	230	A	T
D1_N1	0.0330509117786	2	458	A	T
D1_N1	0.0335686145114	2	111	T	A
D1_N1	0.0352008704499	2	727	C	T
D1_N1	0.0366420516957	1	92	G	A
D1_N1	0.0372958749639	1	493	A	G
D1_N1	0.0373745566363	1	252	C	G
D1_N1	0.0376214095102	1	566	C	T
D1_N1	0.037974890181	1	19	T	C
D1_N1	0.0384403648783	2	186	C	T
D1_N1	0.0389883750243	2	429	A	G
D1_N1	0.0391947320065	2	457	C	G
D1_N1	0.0404225886651	1	606	T	A
D1_N1	0.0411776331949	2	302	A	C
D1_N1	0.0415899118658	1	310	G	A
D1_N1	0.0422104181675	1	79	T	A
D1_N1	0.0441481637513	1	331	A	G
D1_N1	0.045353528536	2	451	A	G
D1_N1	0.0457206978207	2	525	G	C
D1_N1	0.0459140199593	2	208	C	G
D1_N1	0.0461147085324	1	87	T	A
D1_N1	0.0475102551116	1	718	G	A
D1_N1	0.0477124104194	1	417	C	G
D1_N1	0.0485385087826	1	696	C	G
D1_N1	0.0489730858225	2	720	A	G
D1_N1	0.0498691957874	1	181	T	C
D1_N1	0.050855271642	2	554	A	G
D1_N1	0.0511484210992	2	535	T	C
D1_N1	0.0521049116469	2	587	A	G
D1_N1	0.0527876792694	2	487	A	G
D1_N1	0.0547016329395	2	67	G	T
D1_N1	0.0580252557374	2	136	G	C
D1_N1	0.0588024328993	2	134	G	A
D1_N1	0.0590826672501	2	428	G	C
D1_N1	0.0600136454069	2	85	A	G
D1_N1	0.060809642947	1	416	A	G
D1_N1	0.0619446299093	1	404	T	C
D1_N1	0.0627454636036	1	437	G	C
D1_N1	0.0630232738985	1	203	G	C
D1_N1	0.0643430388807	2	251	T	G
D1_N1	0.0654339218813	1	688	T	C
D1_N1	0.0658425085426	2	494	G	A
D1_N1	0.0662381950088	1	184	T	A
D1_N1	0.0678756733389	2	503	T	C
D1_N1	0.0687256033813	1	609	A	C
D1_N1	0.0688219862885	2	452	G	A
D1_N1	0.0699269382268	1	109	C	G
D1_N1	0.0707414617776	2	437	G	A
D1_N1	0.0708786480444	2	716	T	G
D1_N1	0.071623358053	1	33	G	A
D1_N1	0.0719633755794	1	249	T	C
D1_N1	0.0720234159942	1	272	A	G
D1_N1	0.0721886053704	2	449	A	G
D1_N1	0.0726403598721	1	704	A	G
D1_N1	0.0729772748417	1	544	A	G
D1_N1	0.0736697350533	1	159	A	G
D1_N1	0.0759755753728	1	594	T	A
D1_N1	0.0764489979834	2	514	G	A
D1_N1	0.0778645522924	2	317	T	C
D1_N1	0.0784397594457	2	126	T	C
D1_N1	0.0796943907174	2	392	G	A
D1_N1	0.0799620314827	2	163	T	C
D1_N1	0.080803313043	2	24	T	A
D1_N1	0.080973334613	1	148	T	C
D1_N1	0.0820817914738	2	654	G	A
D1_N1	0.082180814181	1	2	T	A
D1_N1	0.0828597882424	1	305	A	G
D1_N1	0.0833439489876	1	271	G	A
D1_N1	0.083997351911	2	696	C	T
D1_N1	0.0864121923107	1	324	T	G
D1_N1	0.0867524385028	1	475	T	G
D1_N1	0.0869929047338	2	137	G	A
D1_N1	0.0872859082096	1	84	C	T
D1_N1	0.0879325005829	2	350	T	C
D1_N1	0.0881108941344	1	572	T	G
D1_N1	0.0890340483505	1	61	G	C
D1_N1	0.0892529268637	1	244	C	T
D1_N1	0.0894204255479	2	716	G	C
D1_N1	0.0910851996246	1	461	A	T
D1_N1	0.0916847474149	1	12	G	C
D1_N1	0.0920353869323	1	340	T	C
D1_N1	0.0922589954838	1	401	T	A
D1_N1	0.0924390349708	2	211	G	A
D1_N1	0.0939014568961	1	578	G	A
D1_N1	0.0948207744564	1	90	G	C
D1_N1	0.0951093457997	2	386	A	C
D1_N1	0.0955132007289	2	662	T	C
D1_N1	0.0958499010621	2	568	G	A
D1_N1	0.0988454541934	2	35	G	A
D1_N1	0.0990738472157	1	211	G	C
D1_N1	0.0994636222314	2	640	C	G
D1_N1	0.101214676041	1	369	C	T
D1_N1	0.101631613116	2	420	T	C
D1_N1	0.104188660376	1	431	T	A
D1_N1	0.104292086302	1	547	G	A
D1_N1	0.104444430228	2	3	T	G
D1_N1	0.107099847397	2	266	G	A
D1_N1	0.107274936336	2	270	C	A
D1_N1	0.107554838506	1	158	A	G
D1_N1	0.107772500551	2	569	C	T
D1_N1	0.107845410835	1	318	G	A
D1_N1	0.108575897492	2	667	T	G
D1_N1	0.108630316125	2	585	T	C
D1_N1	0.108923667042	2	218	T	C
D1_N1	0.109464312594	1	110	C	T
D1_N1	0.110115215233	1	134	G	C
D1_N1	0.11275533853	1	173	T	A
D1_N1	0.113039787963	2	578	C	T
D1_N1	0.113326300416	2	693	T	C
D1_N1	0.113580496297	2	212	T	A
D1_N1	0.114357761029	1	427	G	A
D1_N1	0.114583525107	2	163	C	T
D1_N1	0.114616937433	2	411	G	C
D1_N1	0.115088924506	2	712	T	G
D1_N1	0.115391254152	2	238	A	G
D1_N1	0.116318997451	2	385	C	T
D1_N1	0.116729784158	1	630	T	A
D1_N1	0.117527895043	2	39	T	C
D1_N1	0.117646280815	1	417	G	A
D1_N1	0.119078730475	2	167	G	C
D1_N1	0.120617608201	1	612	C	T
D1_N1	0.121439459916	1	667	T	C
D1_N1	0.122512224368	2	437	A	T
D1_N1	0.122872705723	1	307	A	T
D1_N1	0.123326822543	1	222	G	A
D1_N1	0.123864512463	2	252	C	T
D1_N1	0.124725384949	2	662	C	T
D1_N1	0.126920037007	2	188	A	T
D1_N1	0.128059622635	1	296	T	A
D1_N1	0.128739090713	1	22	C	T
D1_N1	0.129061964555	1	246	C	T
D1_N1	0.129090530943	1	22	T	C
D1_N1	0.129380751108	2	1	T	G
D1_N1	0.131374411035	1	673	C	A
D1_N1	0.132585797011	1	203	G	T
D1_N1	0.132767121326	1	435	C	G
D1_N1	0.132881726031	2	196	C	G
D1_N1	0.13314270349	2	447	G	T
D1_N1	0.13340508968	1	494	G	A
D1_N1	0.134006169062	1	272	G	C
D1_N1	0.134018925479	1	390	C	T
D1_N1	0.134413207711	1	112	A	G
D1_N1	0.135714881736	1	631	G	T
D1_N1	0.136475760637	2	217	T	A
D1_N1	0.136595969561	1	79	A	T
D1_N1	0.136968907135	1	589	T	A
D1_N1	0.137437903772	2	369	C	T
D1_N1	0.137776971986	1	726	T	G
D1_N1	0.138106241014	2	326	C	T
D1_N1	0.138158083036	1	226	A	G
D1_N1	0.138178194821	2	333	T	A
D1_N1	0.138467996013	1	690	G	T
D1_N1	0.139578987265	1	533	C	T
D1_N1	0.13966505261	2	330	G	A
D1_N1	0.139917278241	2	692	C	T
D1_N1	0.141442872716	2	651	T	G
D1_N1	0.14146607222	1	87	A	G
D1_N1	0.141468249539	1	425	A	T
D1_N1	0.142002789454	2	583	C	T
D1_N1	0.142414148004	2	325	T	G
D1_N1	0.143129297197	2	105	A	G
D1_N1	0.143660387139	1	527	C	T
D1_N1	0.14560814744	1	344	T	G
D1_N1	0.148161661931	1	714	G	A
D1_N1	0.149112563261	1	89	T	C
D1_N1	0.149283840008	2	219	C	T
D1_N1	0.149717737049	1	501	T	C
D1_N1	0.15034951044	2	232	A	G
D1_N1	0.150362603763	2	372	A	C
D1_N1	0.152695925876	2	546	A	G
D1_N1	0.154448647223	2	706	T	A
D1_N1	0.156793398559	1	100	G	T
D1_N1	0.156999361934	2	596	T	A
D1_N1	0.157438463568	1	130	G	C
D1_N1	0.158419095461	1	61	C	T
D1_N1	0.158827624219	1	145	T	C
D1_N1	0.16203382521	1	87	G	C
D1_N1	0.162061538009	1	269	C	G
D1_N1	0.16211039573	2	463	C	T
D1_N1	0.162599556992	2	117	T	C
D1_N1	0.163495849537	1	527	T	A
D1_N1	0.164115717474	2	598	A	C
D1_N1	0.164337448561	2	579	A	G
D1_N1	0.16436360574	2	413	G	C
D1_N1	0.165802204289	1	392	G	A
D1_N1	0.166300445671	2	160	A	G
D1_N1	0.166425123471	2	624	C	T
D1_N1	0.16710640679	2	47	T	C
D1_N1	0.167421273124	2	507	A	T
D1_N1	0.170141909024	1	274	G	T
D1_N1	0.17073645214	2	204	A	G
D1_N1	0.171239573404	2	447	T	A
D1_N1	0.171885301027	1	345	A	T
D1_N1	0.171911455128	1	373	C	G
D1_N1	0.172797038507	2	321	A	G
D1_N1	0.173075367764	1	260	T	C
D1_N1	0.174210460456	2	216	G	C
D1_N1	0.174592157229	2	143	T	C
D1_N1	0.174622772936	1	560	C	A
D1_N1	0.17488071398	2	461	A	G
D1_N1	0.175310042943	2	553	C	A
D1_N1	0.175391552809	2	414	T	A
D1_N1	0.178947239567	2	655	A	T
D1_N1	0.181270565473	2	5	T	A
D1_N1	0.182647524026	1	726	G	T
D1_N1	0.183419318845	2	633	A	G
D1_N1	0.18342436985	1	55	C	G
D1_N1	0.183793569801	1	429	A	C
D1_N1	0.183932757423	2	453	G	A
D1_N1	0.184490786629	1	345	T	A
D1_N1	0.186957837715	1	165	C	A
D1_N1	0.187242018211	2	41	T	G
D1_N1	0.187653242724	1	485	A	T
D1_N1	0.188278222777	2	254	T	G
D1_N1	0.189641994954	2	132	T	A
D1_N1	0.189711318632	2	104	C	A
D1_N1	0.189887048382	2	452	A	T
D1_N1	0.190814814392	2	397	A	T
D1_N1	0.1925547921	1	691	C	T
D1_N1	0.192819511719	2	624	T	A
D1_N1	0.193507016682	1	223	T	A
D1_N1	0.194011306537	2	364	C	T
D1_N1	0.196421160717	2	18	A	T
D1_N1	0.196483563891	2	730	C	A
D1_N1	0.196710746034	2	531	A	G
D1_N1	0.198785748478	1	429	C	A
D1_N1	0.19909310079	1	702	T	C
D1_N1	0.199502789709	1	512	A	G
D1_N1	0.19996767289	2	427	G	A
D1_N1	0.200342839222	1	372	A	G
D1_N1	0.201067282844	2	423	T	A
D1_N1	0.202426449081	1	41	T	G
D1_N1	0.202544820058	1	446	C	G
D1_N1	0.202686040376	2	715	T	G
D1_N1	0.20345599076	1	64	A	C
D1_N1	0.204309567234	2	588	G	C
D1_N1	0.204953999303	1	340	C	T
D1_N1	0.204981116153	2	143	C	T
D1_N1	0.205377236342	2	678	C	T
D1_N1	0.205729066262	2	519	T	A
D1_N1	0.205795066398	2	616	T	C
D1_N1	0.205850254882	1	601	C	T
D1_N1	0.206095091247	2	552	G	T
D1_N1	0.206154391961	1	98	C	T
D1_N1	0.206807974038	2	413	C	A
D1_N1	0.206972998564	1	507	A	G
D1_N1	0.206973835659	2	6	T	A
D1_N1	0.207250331956	2	710	C	A
D1_N1	0.208940705651	2	579	G	T
D1_N1	0.209043560857	2	153	T	G
D1_N1	0.209056547039	2	140	G	A
D1_N1	0.209122648726	2	308	A	T
D1_N1	0.210568313648	2	618	C	A
D1_N1	0.212358184942	1	325	T	G
D1_N1	0.21273065649	2	526	C	G
D1_N1	0.213632325634	1	538	A	G
D1_N1	0.215679718729	1	351	T	A
D1_N1	0.217016502857	1	4	T	G
D1_N1	0.217541040023	1	381	A	G
D1_N1	0.218457567853	2	284	G	C
D1_N1	0.219849979114	1	572	G	C
D1_N1	0.220719473739	2	327	T	G
D1_N1	0.220967855264	1	165	A	G
D1_N1	0.222982234128	2	334	A	G
D1_N1	0.223027720165	2	603	T	C
D1_N1	0.223247980584	1	525	G	C
D1_N1	0.225349961641	2	427	A	G
D1_N1	0.226518115046	2	562	G	A
D1_N1	0.226978247826	1	659	G	C
D1_N1	0.227521904672	2	676	C	T
D1_N1	0.227937719613	2	16	T	A
D1_N1	0.228331830432	2	693	C	G
D1_N1	0.229388031168	1	725	A	T
D1_N1	0.230391606446	2	636	A	C
D1_N1	0.231109512897	2	671	G	A
D1_N1	0.231528733321	1	548	A	G
D1_N1	0.23195834803	2	258	G	A
D1_N1	0.232869095977	2	416	A	T
D1_N1	0.233026786554	1	61	T	G
D1_N1	0.233112072219	1	390	T	A
D1_N1	0.233688622916	1	30	T	A
N1_N2	3.58730453314e-06	1	685	T	G
N1_N2	0.000415686124912	1	630	A	T
N1_N2	0.00224578355912	1	76	T	C
N1_N2	0.00264146593796	1	346	A	G
N1_N2	0.00342886173294	1	723	T	G
N1_N2	0.00596928201524	1	591	G	C
N1_N2	0.00659966127831	1	677	A	G
N1_N2	0.00673050705971	2	450	A	C
N1_N2	0.00771270205166	1	240	A	G
N1_N2	0.00796575861253	2	503	C	G
N1_N2	0.00883033783628	1	424	C	T
N1_N2	0.00931955503742	2	291	C	T
N1_N2	0.00970937565012	1	146	A	C
N1_N2	0.00974281068226	2	576	C	T
N1_N2	0.0107638029489	1	522	G	A
N1_N2	0.0109348168244	2	190	T	C
N1_N2	0.0114950042186	1	66	T	A
N1_N2	0.0121241568412	1	603	T	C
N1_N2	0.0124094749166	1	399	T	A
N1_N2	0.0131989124487	1	707	T	C
N1_N2	0.0150243633689	2	165	C	T
N1_N2	0.0155597218682	1	432	T	G
N2_N3	3.04514443653e-05	1	730	C	T
N2_N3	0.000193056474236	2	439	A	C
N2_N3	0.000302967394841	2	267	G	C
N2_N3	0.000668655594427	1	490	C	G
N2_N3	0.00106062051367	2	330	G	A
N2_N3	0.00148314569193	2	52	T	A
N2_N3	0.00206393248551	2	594	T	G
N2_N3	0.00248255925433	2	545	A	T
N2_N3	0.00249802176318	1	706	T	C
N2_N3	0.00318861518259	1	335	A	G
N2_N3	0.0041004164922	2	87	T	A
N2_N3	0.00413235292354	2	613	T	C
N2_N3	0.00449120498572	2	254	G	A
N2_N3	0.00574685378927	2	240	A	T
N2_N3	0.00653615803595	2	532	A	G
N2_N3	0.00687444427495	2	724	A	G
N2_N3	0.0070627031517	2	8	T	C
N2_N3	0.00714148791433	1	412	G	T
N3_N4	0.0011212015099	2	609	A	G
N3_N4	0.00121274037395	2	566	C	A
N3_N4	0.00193693729859	2	703	T	C
N3_N4	0.00214835967977	1	618	C	G
N3_N4	0.00347644975814	1	486	C	T
N3_N4	0.00363343490184	2	335	G	A
N3_N4	0.00490304168906	1	477	T	A
N3_N4	0.00497221060141	1	687	A	C
N3_N4	0.00590357559706	1	322	A	G
N3_N4	0.00629139794948	1	418	C	T
N3_N4	0.00653045801719	1	19	C	T
N4_Human	0.000171296597389	1	68	C	T
N4_Human	0.00110693140984	2	225	A	T
N4_Human	0.00141936082306	1	67	G	A
N4_Human	0.00206516109459	2	528	T	A
N4_Human	0.00238634267154	1	459	T	A
N4_Human	0.00254736528343	2	380	G	T
N4_Human	0.00267894382625	1	590	A	T
N4_Human	0.00295139171535	2	217	A	G
N4_Human	0.00297156701724	2	163	T	C
N4_Human	0.00311676836792	2	85	G	C
N4_Human	0.00427866174412	1	603	C	T
N4_Human	0.0046548603909	2	523	G	A
N4_Human	0.00602782787509	1	456	C	A
N4_Human	0.00620130802296	1	428	G	A
N4_Human	0.00753964554337	1	683	T	A
N4_Human	0.00795098399732	1	326	G	A
N4_Human	0.00823637414665	2	337	T	C
N4_Human	0.0083331990469	2	401	T	C
N4_Human	0.00861984454699	2	388	T	G
N4_Human	0.00879836464387	1	161	A	G
N4_Chimp	0.000409356201653	2	141	T	C
N4_Chimp	0.000561372828262	1	465	T	C
N4_Chimp	0.00346075801236	1	101	T	A
N4_Chimp	0.00386170254366	2	645	A	G
N4_Chimp	0.00436019576655	1	343	T	A
N4_Chimp	0.0047011329364	1	126	C	A
N4_Chimp	0.00544611882168	1	32	G	T
N4_Chimp	0.00633538069041	2	491	A	G
N4_Chimp	0.00638406094976	1	195	C	T
N4_Chimp	0.00679124870192	2	595	A	G
N4_Chimp	0.00732616838667	2	3	G	A
N4_Chimp	0.00797474163949	1	394	G	A
N4_Chimp	0.0101666749648	1	226	G	T
N4_Chimp	0.0104882166442	2	727	T	G
N4_Chimp	0.0111571761614	2	235	C	A
N3_Goril	0.000615836725187	2	203	G	C
N3_Goril	0.000706442424112	1	601	T	G
N3_Goril	0.000852388520766	2	47	C	T
N3_Goril	0.00297298431803	1	616	C	A
N3_Goril	0.00314905146223	2	491	A	C
N3_Goril	0.00335982588928	2	46	C	T
N3_Goril	0.00451761804342	2	181	T	C
N3_Goril	0.00490902733578	2	692	T	C
N3_Goril	0.00645693915768	2	413	A	T
N3_Goril	0.00685792253	2	67	T	A
N3_Goril	0.00837021248051	2	527	C	T
N3_Goril	0.00843570983307	1	55	G	T
N3_Goril	0.00865347874506	2	647	A	G
N3_Goril	0.00886047199908	2	722	A	G
N3_Goril	0.00924819299312	1	589	A	T
N3_Goril	0.00944212770086	1	650	A	G
N3_Goril	0.00958204485643	2	327	G	T
N3_Goril	0.00975012505573	1	532	A	T
N3_Goril	0.00976010441512	1	187	C	G
N3_Goril	0.00989088259227	2	628	G	C
N3_Goril	0.0100751474547	1	117	T	C
N3_Goril	0.0102696985787	1	575	C	T
N3_Goril	0.0126579832135	2	665	T	C
N3_Goril	0.0128155654393	1	544	G	T
N3_Goril	0.0134889508592	2	508	A	C
N3_Goril	0.0145121164774	1	663	T	G
N3_Goril	0.0154143517359	1	25	T	A
N3_Goril	0.0156639168485	1	32	G	T
N3_Goril	0.0161470507651	2	8	C	A
N3_Goril	0.0172774691056	1	675	T	C
N3_Goril	0.0177540108038	1	296	A	G
N3_Goril	0.0179572672088	2	704	A	G
N3_Goril	0.0190333085263	2	48	G	C
N3_Goril	0.019348149948	1	542	C	G
N2_Orang	0.000242303844271	1	360	A	G
N2_Orang	0.000682962842766	1	466	T	G
N2_Orang	0.00172446048391	2	276	T	A
N2_Orang	0.00242092387972	2	61	G	A
N2_Orang	0.00293041790611	2	642	G	T
N2_Orang	0.00349553765785	1	8	T	G
N2_Orang	0.00414542644546	1	40	A	C
N2_Orang	0.00629119302874	1	583	C	G
N2_Orang	0.00693992067359	1	189	T	A
N2_Orang	0.00708318030113	1	23	C	T
N2_Orang	0.00757563245335	2	120	G	T
N2_Orang	0.00854531717777	1	12	C	A
N2_Orang	0.01175077259	2	190	C	A
N2_Orang	0.012735077549	1	226	G	A
N2_Orang	0.0136916399235	1	625	A	G
N2_Orang	0.0138178231599	1	514	G	A
N2_Orang	0.0157803664228	2	348	C	T
N2_Orang	0.0169587514282	2	455	T	A
N2_Orang	0.017266594377	2	352	G	A
N2_Orang	0.0174041310708	2	441	A	C
N1_Macaq	6.30207317938e-05	2	9	C	T
N1_Macaq	0.00015913838407	1	227	T	A
N1_Macaq	0.00260042370476	1	245	G	A
N1_Macaq	0.00369143703977	2	55	C	T
N1_Macaq	0.00390354908969	1	202	T	C
N1_Macaq	0.00454617178286	2	234	G	A
N1_Macaq	0.00548917170537	1	27	C	A
N1_Macaq	0.00580905179942	1	152	T	C
N1_Macaq	0.00582564443177	2	167	C	T
N1_Macaq	0.00587119162301	2	695	G	A
N1_Macaq	0.00612901911527	1	388	T	C
N1_Macaq	0.00699052686112	2	152	T	G
N1_Macaq	0.00732531368696	1	649	A	G
N1_Macaq	0.00741518324489	1	28	G	A
N1_Macaq	0.00887099494678	2	434	C	T
N1_Macaq	0.00892806630625	1	487	A	G
N1_Macaq	0.00894836367463	2	428	C	A
N1_Macaq	0.00942875592495	2	708	C	G
N1_Macaq	0.0105479686688	1	246	T	A
N1_Macaq	0.0115592811928	1	5	T	G
N1_Macaq	0.0123092224705	2	502	T	G
N1_Macaq	0.0124505240508	2	111	A	G
N1_Macaq	0.0127525377782	2	372	C	T
N1_Macaq	0.0136908559552	1	551	T	A
N1_Macaq	0.0137524966323	1	664	A	G
N1_Macaq	0.0157785680015	1	54	A	G
N1_Macaq	0.0160730049665	2	59	A	T
N1_Macaq	0.016167647255	2	443	G	T
N1_Macaq	0.0163561805689	1	573	G	C
N1_Macaq	0.0166985519238	1	209	C	T
N1_Macaq	0.0181886332829	1	117	T	C
N1_Macaq	0.0184313686633	1	128	A	T
N1_Macaq	0.0198430671741	2	700	A	G
N1_Macaq	0.0204321602968	2	226	A	G
N1_Macaq	0.0214250752616	2	639	T	C
N1_Macaq	0.0219580471769	1	178	T	A
N1_Macaq	0.0220728764479	1	54	G	A
N1_Macaq	0.0222325064195	1	620	A	T
N1_Macaq	0.0232323828289	1	155	C	G
N1_Macaq	0.0235211581159	1	467	G	T
N1_Macaq	0.0236528745697	1	504	T	G
N1_Macaq	0.0239627659277	1	90	C	T
N1_Macaq	0.0243790274121	2	125	G	T
N1_Macaq	0.0248716961126	2	248	G	A
N1_Macaq	0.0251757225674	2	414	A	G
N1_Macaq	0.0257918949844	1	386	A	G
N1_Macaq	0.0261766530964	2	701	G	A
N1_Macaq	0.0272495028242	2	322	A	G
N1_Macaq	0.0273688679652	1	149	A	T
N1_Macaq	0.0280710854902	1	332	A	G
N1_Macaq	0.0281920165548	1	566	T	G
N1_Macaq	0.0287916022456	2	91	T	C
N1_Macaq	0.0296298000102	2	230	A	G
N1_Macaq	0.0303013222964	1	704	G	T
N1_Macaq	0.0321115141382	1	139	T	C
N1_Macaq	0.0322087675862	1	254	T	C
N1_Macaq	0.0329244299431	2	582	T	G
N1_Macaq	0.0342018609165	1	682	C	A
N1_Macaq	0.0347412208252	1	627	A	C
N1_Macaq	0.0374933441304	1	514	G	C
N1_Macaq	0.0377207575816	1	203	T	A
N1_Macaq	0.0381527740693	1	186	C	T
N1_Macaq	0.0386438530754	1	414	T	A
N1_Macaq	0.0395182488141	1	114	T	C
N1_Macaq	0.040739095675	2	154	T	G
N1_Macaq	0.0423600518359	2	409	A	T
N1_Macaq	0.0429921808965	2	128	A	G
N0_Mouse	0.00211072095595	0	181	T	A
N0_Mouse	0.0021800688622	0	477	T	A
N0_Mouse	0.00299472936316	0	145	T	A
N0_Mouse	0.00336503800424	0	509	G	A
N0_Mouse	0.00366071581784	0	684	T	C
N0_Mouse	0.00425550603366	0	334	A	G
N0_Mouse	0.00562452788181	0	45	T	C
N0_Mouse	0.00960145072391	0	381	A	G
N0_Mouse	0.0119688935864	0	237	T	A
N0_Mouse	0.0124612337836	0	610	C	A
N0_Mouse	0.012686021735	0	618	C	T
N0_Mouse	0.013242197807	0	515	T	C
N0_Mouse	0.0133196054427	0	546	A	G
N0_Mouse	0.0149394414177	0	446	C	A
N0_Mouse	0.0201581874621	0	208	C	T
N0_Mouse	0.0225321674068	0	729	T	C
N0_Mouse	0.0228059062745	0	557	C	T
N0_Mouse	0.0228853396062	0	265	A	C
N0_Mouse	0.0230643416431	0	659	G	A
N0_Mouse	0.023330684292	0	557	T	C
N0_Mouse	0.0237978418928	0	98	C	T
N0_Mouse	0.0258809922717	0	165	C	T
N0_Mouse	0.0294044414117	0	519	T	A
N0_Mouse	0.0297469047531	0	493	A	G
N0_Mouse	0.0312259507022	0	696	C	G
N0_Mouse	0.0342153634464	0	482	T	C
N0_Mouse	0.0346136581812	0	167	G	C
N0_Mouse	0.0359016514876	0	206	T	C
N0_Mouse	0.0361346670348	0	517	C	G
N0_Mouse	0.0375703183423	0	77	G	A
N0_Mouse	0.0391471707826	0	347	T	C
N0_Mouse	0.0391885723025	0	49	T	C
N0_Mouse	0.039740878243	0	708	C	T
N0_Mouse	0.0416251329129	0	521	C	A
N0_Mouse	0.0440028281733	0	311	T	A
N0_Mouse	0.0473329049106	0	557	C	T
N0_Mouse	0.0474071524135	0	443	G	A
N0_Mouse	0.0497970216979	0	35	G	T
N0_Mouse	0.0509552975862	0	91	T	C
N0_Mouse	0.0512562528898	0	225	A	G
N0_Mouse	0.0534775291168	0	216	G	A
N0_Mouse	0.0542943789428	0	133	C	T
N0_Mouse	0.0557931589964	0	641	A	G
N0_Mouse	0.0564363111192	0	513	A	T
N0_Mouse	0.0565718389566	0	308	A	T
N0_Mouse	0.057509944781	0	204	A	G
N0_Mouse	0.058804826273	0	413	G	C
N0_Mouse	0.0625323122126	0	622	C	G
N0_Mouse	0.062929200779	0	202	T	C
N0_Mouse	0.0635362494507	0	380	G	A
N0_Mouse	0.0715858978726	0	501	T	G
N0_Mouse	0.0717669739331	0	378	A	G
N0_Mouse	0.0748862928419	0	79	T	A
N0_Mouse	0.0787413697353	0	364	C	T
N0_Mouse	0.0800858920191	0	545	A	T
N0_Mouse	0.0817631535521	0	297	A	G
N0_Mouse	0.0822492037209	0	202	C	A
N0_Mouse	0.0847681988838	0	181	A	C
N0_Mouse	0.0848733208709	0	34	C	T
N0_Mouse	0.0891057902709	0	601	C	A
N0_Mouse	0.0931165028719	0	512	A	T
N0_Mouse	0.0949076483558	0	114	T	C
N0_Mouse	0.0958824863117	0	54	A	G
N0_Mouse	0.0963785925382	0	541	T	C
N0_Mouse	0.0971761487438	0	55	C	G
N0_Mouse	0.0980186084917	0	228	C	A
N0_Mouse	0.0990250920735	0	439	A	G
N0_Mouse	0.102110782214	0	462	T	G
N0_Mouse	0.102373353955	0	490	C	A
N0_Mouse	0.104300636759	0	381	G	A
N0_Mouse	0.105609050469	0	70	A	C
N0_Mouse	0.105682055266	0	414	T	C
N0_Mouse	0.105833826108	0	419	A	G
N0_Mouse	0.105973730461	0	71	G	T
N0_Mouse	0.107548333274	0	511	G	C
N0_Mouse	0.108082490454	0	314	T	G
N0_Mouse	0.108629593662	0	392	G	T
N0_Mouse	0.110930897808	0	710	G	A
N0_Mouse	0.116113875734	0	597	G	A
N0_Mouse	0.117002176065	0	270	T	G
N0_Mouse	0.120878196475	0	29	T	C
N0_Mouse	0.122500365055	0	90	G	A
N0_Mouse	0.122820088822	0	556	C	T
N0_Mouse	0.123509470763	0	387	T	C
N0_Mouse	0.125290503378	0	217	T	C
N0_Mouse	0.125684410754	0	578	G	A
N0_Mouse	0.126056657793	0	153	T	C
N0_Mouse	0.127764463808	0	602	C	T
N0_Mouse	0.128877758092	0	382	A	C
N0_Mouse	0.128895837386	0	151	T	C
N0_Mouse	0.129445515848	0	42	C	T
N0_Mouse	0.130820850572	0	293	T	G
N0_Mouse	0.136735019784	0	210	G	A
N0_Mouse	0.139502732059	0	533	C	T
N0_Mouse	0.141543579249	0	720	A	C
N0_Mouse	0.145599994452	0	496	C	T
N0_Mouse	0.146868495394	0	677	A	T
N0_Mouse	0.147072804787	0	140	G	C
N0_Mouse	0.147374561554	0	568	G	A
N0_Mouse	0.152091959415	0	41	T	A
N0_Mouse	0.155238540955	0	609	A	C
N0_Mouse	0.157139860223	0	676	C	T
N0_Mouse	0.160076072774	0	532	A	G
N0_Mouse	0.160340240937	0	615	T	A
N0_Mouse	0.16314254151	0	233	G	A
N0_Mouse	0.165864236148	0	367	T	A
N0_Mouse	0.166758219015	0	343	T	A
N0_Mouse	0.16871017512	0	259	G	A
N0_Mouse	0.169135853973	0	274	A	T
N0_Mouse	0.170707710476	0	684	C	T
N0_Mouse	0.177747300322	0	566	C	T
N0_Mouse	0.178577162531	0	326	C	A
N0_Mouse	0.179252311174	0	54	G	T
N0_Mouse	0.179460809339	0	329	A	G
N0_Mouse	0.181675867049	0	295	T	C
N0_Mouse	0.182199541978	0	450	T	G
N0_Mouse	0.18421971787	0	375	G	T
N0_Mouse	0.185912712431	0	369	C	A
N0_Mouse	0.186328875618	0	86	A	T
N0_Mouse	0.186927385352	0	309	C	G
N0_Mouse	0.187044130882	0	78	C	G
N0_Mouse	0.187679810507	0	510	A	G
N0_Mouse	0.188415363125	0	658	T	C
N0_Mouse	0.189347285135	0	473	T	A
N0_Mouse	0.190996135957	0	616	T	C
N0_Mouse	0.191347048966	0	172	T	C
N0_Mouse	0.191675703919	0	571	C	A
N0_Mouse	0.194115814132	0	16	T	A
N0_Mouse	0.194645395814	0	315	T	C
N0_Mouse	0.196944536115	0	490	A	G
N0_Mouse	0.197064308938	0	266	G	T
N0_Mouse	0.198005060947	0	71	T	A
N0_Mouse	0.199005836877	0	576	C	T
N0_Mouse	0.199951093127	0	196	T	G
N0_Mouse	0.203103788443	0	52	T	A
N0_Mouse	0.203624953641	0	299	C	T
N0_Mouse	0.204638016749	0	287	A	G
N0_Mouse	0.205447440536	0	637	G	A
N0_Mouse	0.205942407307	0	724	A	C
N0_Mouse	0.206262704493	0	176	A	G
N0_Mouse	0.211918501518	0	23	C	G
N0_Mouse	0.212480095623	0	585	T	A
N0_Mouse	0.214481674824	0	447	G	A
N0_Mouse	0.21694822742	0	21	T	C
N0_Mouse	0.217161229785	0	347	C	G
N0_Mouse	0.218192495008	0	190	T	A
N0_Mouse	0.219601192529	0	22	C	T
N0_Mouse	0.219975678871	0	305	A	G
N0_Mouse	0.220765330181	0	411	G	T
N0_Mouse	0.221460608179	0	602	T	G
N0_Mouse	0.221943904284	0	305	G	A
N0_Mouse	0.224894274656	0	511	C	T
N0_Mouse	0.225026783304	0	196	G	T
N0_Mouse	0.227679506121	0	659	A	T
N0_Mouse	0.227969585338	0	522	G	A
N0_Mouse	0.22801722555	0	707	T	G
N0_Mouse	0.228506152085	0	384	T	G
N0_Mouse	0.228527558627	0	212	T	C
N0_Mouse	0.229069237801	0	123	A	C
N0_Mouse	0.232171465423	0	168	C	T
N0_Mouse	0.239535295648	0	56	C	T
N0_Mouse	0.241554814318	0	703	T	A
N0_Mouse	0.241981429405	0	11	T	C
N0_Mouse	0.249600565937	0	448	C	G
N0_Mouse	0.253263400558	0	360	A	T
N0_Mouse	0.256131993529	0	522	A	G
N0_Mouse	0.257358356848	0	272	A	T
N0_Mouse	0.259024131453	0	682	C	T
N0_Mouse	0.26274660585	0	127	T	C
N0_Mouse	0.263315329966	0	395	T	G
N0_Mouse	0.26394945614	0	480	T	C
N0_Mouse	0.264277262586	0	627	A	G
N0_Mouse	0.264778026066	0	198	G	T
N0_Mouse	0.265104412854	0	272	T	A
N0_Mouse	0.266722370963	0	134	G	A
N0_Mouse	0.266739006279	0	183	T	C
N0_Mouse	0.267294739065	0	539	A	G
N0_Mouse	0.267394419644	0	657	C	T
N0_Mouse	0.270334602591	0	248	G	T
N0_Mouse	0.271885451786	0	155	T	C
N0_Mouse	0.271972736735	0	291	C	A
N0_Mouse	0.273819265457	0	42	T	G
N0_Mouse	0.275128186451	0	659	T	G
N0_Mouse	0.275382475866	0	561	T	G
N0_Mouse	0.275440006715	0	495	T	A
N0_Mouse	0.275975632422	0	624	C	A
N0_Mouse	0.276339117569	0	43	G	A
N0_Mouse	0.276604244854	0	130	G	A
N0_Mouse	0.27790445296	0	215	T	C
N0_Mouse	0.278288449798	0	618	T	A
N0_Mouse	0.281421609703	0	581	A	G
N0_Mouse	0.281888388559	0	564	T	C
N0_Mouse	0.285532325331	0	178	T	C
N0_Mouse	0.288759484268	0	657	T	C
N0_Mouse	0.28930805093	0	488	A	T
N0_Mouse	0.289452223461	0	661	T	G
N0_Mouse	0.292493650815	0	520	G	A
N0_Mouse	0.293168665722	0	451	A	G
N0_Mouse	0.296033407992	0	299	T	G
N0_Mouse	0.300590177461	0	688	T	A
N0_Mouse	0.302327449551	0	723	C	T
N0_Mouse	0.302556308143	0	557	T	C
N0_Mouse	0.303348299499	0	670	T	A
N0_Mouse	0.303362111701	0	679	T	C
N0_Mouse	0.303885393594	0	469	C	T
N0_Mouse	0.304059157072	0	113	C	A
N0_Mouse	0.304430325701	0	609	C	T
N0_Mouse	0.306027878951	0	715	A	G
N0_Mouse	0.307503526482	0	133	T	C
N0_Mouse	0.307656973599	0	457	T	C
N0_Mouse	0.310155865215	0	516	T	A
N0_Mouse	0.311773414698	0	178	C	A
N0_Mouse	0.317277513892	0	607	G	T
N0_Mouse	0.317362538048	0	113	A	G
N0_Mouse	0.317371560978	0	373	C	T
N0_Mouse	0.317470112206	0	678	C	T
N0_Mouse	0.318331404674	0	111	T	A
N0_Mouse	0.318394334525	0	283	C	T
N0_Mouse	0.318717344715	0	461	A	T
N0_Mouse	0.319539086268	0	226	A	T
N0_Mouse	0.320188938152	0	681	A	C
N0_Mouse	0.321119843244	0	297	G	A
N0_Mouse	0.322508748581	0	310	G	C
N0_Mouse	0.322556275922	0	206	C	T
N0_Mouse	0.323142402293	0	660	A	G
N0_Mouse	0.326250963671	0	242	T	A
N0_Mouse	0.327069222391	0	245	G	A
N0_Mouse	0.327079385216	0	627	G	C
N0_Mouse	0.330062261301	0	408	C	A
N0_Mouse	0.332470955443	0	652	C	G
N0_Mouse	0.33805775284	0	388	T	G
N0_Mouse	0.339170638479	0	509	A	G
N0_Mouse	0.339331738525	0	334	G	T
N0_Mouse	0.340045897873	0	185	C	T
N0_Mouse	0.340287331573	0	273	C	T
N0_Mouse	0.342326376136	0	33	G	A
N0_Mouse	0.342462400716	0	369	A	G
N0_Mouse	0.343007779733	0	602	G	T
N0_Mouse	0.343399802654	0	195	C	T
N0_Mouse	0.344684093925	0	685	T	A
N0_Mouse	0.346056385027	0	111	A	T
N0_Mouse	0.350841071911	0	46	C	A
N0_Mouse	0.356282065353	0	163	T	G
N0_Mouse	0.357187660422	0	14	C	A
N0_Mouse	0.363917764351	0	695	G	T
N0_Mouse	0.364376923592	0	8	T	C
N0_Mouse	0.366121656036	0	445	T	A
N0_Mouse	0.366447598681	0	608	T	A
N0_Mouse	0.368142501365	0	632	G	C
N0_Mouse	0.368152209275	0	190	A	T
N0_Mouse	0.370719901694	0	100	G	T
N0_Mouse	0.370807414193	0	333	T	C
N0_Mouse	0.373131909725	0	386	A	T
N0_Mouse	0.374550372991	0	342	T	C
N0_Mouse	0.375899163407	0	26	A	T
N0_Mouse	0.376361123395	0	388	G	A
N0_Mouse	0.37836358677	0	478	C	T
N0_Mouse	0.379024038726	0	425	A	G
N0_Mouse	0.381661557046	0	545	T	C
N0_Mouse	0.382029260093	0	267	G	C
N0_Mouse	0.385788381751	0	540	C	T
N0_Mouse	0.386008654726	0	288	C	T
N0_Mouse	0.387594225388	0	96	T	A
N0_Mouse	0.388245538985	0	307	A	G
N0_Mouse	0.391987638487	0	404	T	C
N0_Mouse	0.392241134956	0	614	G	C
N0_Mouse	0.393231922608	0	147	C	T
N0_Mouse	0.394685376241	0	10	T	G
N0_Mouse	0.395176246432	0	248	T	C
N0_Mouse	0.397752973479	0	608	A	T
N0_Mouse	0.398366731059	0	529	G	T
N0_Mouse	0.398813616055	0	491	A	T
N0_Mouse	0.399317212673	0	500	C	G
N0_Mouse	0.401302112401	0	414	C	T
N0_Mouse	0.402144444122	0	163	G	C
N0_Mouse	0.406863972553	0	722	A	T
N0_Mouse	0.408313044913	0	420	T	C
N0_Mouse	0.410114109222	0	24	T	C
N0_Mouse	0.411529912533	0	580	T	C
N0_Mouse	0.412397429235	0	222	G	A
N0_Mouse	0.414034225467	0	78	G	T
N0_Mouse	0.414642471342	0	127	C	T
N0_Mouse	0.41604397863	0	441	A	T
N0_Mouse	0.416804699709	0	280	A	G
N0_Mouse	0.419752572877	0	267	C	A
N0_Mouse	0.420005515459	0	38	T	C
N0_Mouse	0.421449133251	0	265	C	A
N0_Mouse	0.422508010024	0	43	A	G
N0_Mouse	0.423011540552	0	311	A	C
N0_Mouse	0.424549877979	0	406	C	T
N0_Mouse	0.424963168812	0	36	T	A
N0_Mouse	0.424967471478	0	668	A	T
N0_Mouse	0.426905727766	0	220	T	C
N0_Mouse	0.427728965393	0	99	T	A
N0_Mouse	0.428421488919	0	446	A	T
N0_Mouse	0.430699392194	0	74	A	T
N0_Mouse	0.432473049427	0	542	T	G
N0_Mouse	0.433192873996	0	465	T	A
N0_Mouse	0.433402648783	0	368	C	A
N0_Mouse	0.434133719025	0	28	C	A
N0_Mouse	0.43617432075	0	441	T	G
N0_Mouse	0.439735470479	0	99	A	G
N0_Mouse	0.44161381564	0	104	C	T
N0_Mouse	0.442173980767	0	654	G	A
N0_Mouse	0.443799559739	0	3	T	G
