edge	time	mut_orlg	mut_pos	old_state	new_state
N0_kluyveri	0.000311329351515	0	910	T	C
N0_kluyveri	0.000582161881022	0	554	T	C
N0_kluyveri	0.000615235420934	0	513	C	G
N0_kluyveri	0.00422462115974	0	895	A	G
N0_kluyveri	0.00513655890883	0	6	G	T
N0_kluyveri	0.00618582241489	0	704	T	A
N0_kluyveri	0.00659624160964	0	983	G	A
N0_kluyveri	0.00664033698899	0	724	T	C
N0_kluyveri	0.00670794598485	0	792	G	A
N0_kluyveri	0.00740831132493	0	487	G	A
N0_kluyveri	0.00821526103341	0	1015	T	C
N0_kluyveri	0.0088638100813	0	80	A	G
N0_kluyveri	0.00900263177677	0	559	G	C
N0_kluyveri	0.00930547133604	0	823	G	T
N0_kluyveri	0.00959726071563	0	495	T	G
N0_kluyveri	0.00965772159476	0	829	A	G
N0_kluyveri	0.011746141534	0	635	A	G
N0_kluyveri	0.0119082704284	0	567	C	T
N0_kluyveri	0.0121319074037	0	820	G	A
N0_D1	0.000130416070304	0	1006	T	C
N0_D1	0.000667889524711	0	69	C	T
N0_D1	0.000846583761049	0	610	A	T
D1_N1	0.0001542945083	2	271	G	A
D1_N1	0.000172356631482	2	888	T	C
D1_N1	0.0002067912897	2	164	A	G
D1_N1	0.000622167592258	2	808	A	G
D1_N1	0.00157072280812	1	871	G	A
D1_N1	0.00258118745605	1	520	A	G
D1_N1	0.00266151453251	1	919	T	C
D1_N1	0.0028761459193	1	829	A	G
D1_N1	0.00337133503302	2	491	G	A
D1_N1	0.00349440196638	1	817	A	C
D1_N1	0.00375686886785	1	38	T	C
D1_N1	0.00455363136925	2	1004	G	T
D1_N1	0.00541912672707	1	1033	A	C
D1_N1	0.00546756716602	2	799	G	A
D1_N1	0.00546903970533	1	793	C	T
D1_N1	0.00553471540106	1	578	A	G
D1_N1	0.00609127778406	2	1030	A	G
D1_N1	0.00651955561476	2	886	T	C
D1_N1	0.00654057355218	2	847	A	G
D1_N1	0.00676475440558	1	958	A	G
D1_N1	0.0068430642388	2	851	T	C
D1_N1	0.0072227749286	2	87	A	G
D1_N1	0.00723856983426	1	435	T	C
D1_N1	0.00783522814258	2	299	G	A
D1_N1	0.00851657326261	2	132	G	T
D1_N1	0.00855582183711	1	613	G	T
D1_N1	0.00875792497611	2	391	G	A
D1_N1	0.0090748661498	2	81	T	C
D1_N1	0.00944206146072	2	934	A	G
D1_N1	0.00979537935868	2	926	T	A
D1_N1	0.0101411552538	2	601	T	C
D1_N1	0.0107404908342	1	598	A	T
D1_N1	0.0114136976749	1	940	G	A
D1_N1	0.011496957315	2	665	T	C
D1_N1	0.0120922299467	1	662	T	C
D1_N1	0.0128244848002	1	201	A	G
D1_N1	0.0129945564989	2	542	C	T
D1_N1	0.0134866774537	1	853	T	G
D1_N1	0.0135072178507	1	565	G	A
D1_N1	0.0139452169235	1	850	A	G
D1_N1	0.0141168413933	1	527	A	T
D1_N1	0.0141331783473	2	182	A	G
D1_N1	0.0142122867067	1	137	A	T
D1_N1	0.0144937137364	1	742	T	C
D1_N1	0.0149497199564	1	979	A	G
D1_N1	0.0150621497122	2	310	T	C
D1_N1	0.0151235456342	2	226	G	A
D1_N1	0.0151327813391	1	458	A	G
D1_N1	0.0152332045038	2	278	C	G
D1_N1	0.015346713068	1	30	G	A
D1_N1	0.0154836462022	1	1018	G	A
D1_N1	0.0156907025024	1	939	C	G
D1_N1	0.0157157459151	1	706	T	C
D1_N1	0.0157745930073	2	545	T	C
D1_N1	0.0161114237289	1	105	G	C
D1_N1	0.0167654485643	2	934	G	A
D1_N1	0.0176350560033	2	709	C	T
D1_N1	0.0181727299041	2	496	T	C
D1_N1	0.0184330003616	1	523	A	G
D1_N1	0.018549832432	2	962	C	T
D1_N1	0.0187935173563	1	772	G	A
D1_N1	0.0188287073405	1	673	T	C
D1_N1	0.0190992108769	1	922	T	C
D1_N1	0.0198139027942	1	982	C	T
D1_N1	0.0199820432028	1	574	A	T
D1_N1	0.0200176091015	1	664	G	T
D1_N1	0.0206686809796	2	526	C	T
D1_N1	0.0207476976027	1	343	T	G
D1_N1	0.0210113009666	1	961	T	C
D1_N1	0.0212811499502	1	805	C	A
D1_N1	0.021328955469	2	787	C	T
D1_N1	0.0217893103043	1	529	T	C
D1_N1	0.0224461916741	2	971	T	C
D1_N1	0.0224766408048	1	520	G	C
D1_N1	0.0229516356995	1	565	A	G
D1_N1	0.0244337193968	1	830	A	G
D1_N1	0.0246792575422	2	78	G	A
D1_N1	0.0255640479013	1	998	A	G
D1_N1	0.0266569701185	1	189	G	A
D1_N1	0.0267140177691	2	745	C	T
D1_N1	0.0268285075722	2	526	T	C
D1_N1	0.026905326047	2	1001	A	G
D1_N1	0.0269694526278	1	524	C	T
D1_N1	0.0273472428622	1	219	C	T
D1_N1	0.0275196692886	1	304	T	A
D1_N1	0.0277670181491	1	330	C	T
D1_N1	0.0282291770831	1	811	A	T
D1_N1	0.0288507342163	2	751	C	T
D1_N1	0.0289461445111	2	940	G	A
N1_castellii	0.000101654012826	1	644	T	A
N1_castellii	0.000694990234918	2	104	T	C
N1_castellii	0.000969688788135	2	821	G	A
N1_castellii	0.0010955275991	2	1010	G	A
N1_castellii	0.00109791971423	2	904	A	G
N1_castellii	0.00147449930465	2	724	T	C
N1_castellii	0.00162421231708	1	1018	A	G
N1_castellii	0.00184092352269	1	820	G	A
N1_castellii	0.00253394137587	1	547	T	C
N1_castellii	0.00261276495533	2	108	A	G
N1_castellii	0.00295488262856	1	311	C	G
N1_castellii	0.00301628284813	2	725	A	G
N1_castellii	0.0031679705649	2	481	G	A
N1_castellii	0.0035237483106	2	1039	T	A
N1_castellii	0.00354858887371	1	649	A	G
N1_castellii	0.00386990395879	1	742	C	T
N1_castellii	0.00392549880459	2	1033	C	T
N1_castellii	0.00397958440835	2	341	T	G
N1_castellii	0.00422078939282	2	520	G	A
N1_castellii	0.00456824185294	2	787	T	C
N1_castellii	0.00498826720476	1	109	A	T
N1_castellii	0.00530207261834	1	1003	C	T
N1_castellii	0.00536549978368	1	481	G	T
N1_castellii	0.00554522509627	2	970	T	C
N1_castellii	0.00606852432612	2	790	T	C
N1_castellii	0.00653426145484	1	1024	G	A
N1_castellii	0.00699983486561	2	496	C	T
N1_castellii	0.007099540383	2	1016	T	C
N1_castellii	0.00716079139284	1	1009	A	G
N1_castellii	0.00724325392496	1	737	T	C
N1_castellii	0.00757672360885	1	727	C	T
N1_castellii	0.0079532392689	1	145	C	T
N1_castellii	0.00801226804894	2	955	G	C
N1_castellii	0.0080716738604	1	607	T	C
N1_castellii	0.00837575233355	2	346	T	C
N1_castellii	0.0085052397442	2	844	G	A
N1_castellii	0.00863877226549	2	14	T	C
N1_castellii	0.00887064699229	1	917	T	C
N1_castellii	0.00895247612201	1	466	T	C
N1_castellii	0.00909309372392	1	928	A	G
N1_castellii	0.0102988987555	2	767	A	T
N1_castellii	0.0104987680369	2	384	T	C
N1_castellii	0.0105401152123	2	679	A	G
N1_castellii	0.0105427406018	2	649	A	G
N1_castellii	0.0105966367355	1	649	G	A
N1_castellii	0.0106775110443	2	499	T	C
N1_castellii	0.0109833080776	1	826	G	A
N1_castellii	0.0111621587773	2	622	A	C
N1_castellii	0.0113231117848	2	1000	T	C
N1_castellii	0.0115584471763	1	889	G	A
N1_castellii	0.0118783811886	1	805	A	G
N1_castellii	0.0124205776714	1	955	G	T
N1_castellii	0.0129374924897	2	481	A	G
N1_castellii	0.012944488899	1	945	G	A
N1_castellii	0.0130707155621	2	889	G	A
N1_castellii	0.0132486296304	2	886	C	T
N1_castellii	0.0134244807683	2	478	A	G
N1_castellii	0.0136193069677	1	231	C	T
N1_castellii	0.0136681314745	1	493	C	T
N1_castellii	0.0137975713471	2	574	A	G
N1_castellii	0.0138352173376	2	604	A	G
N1_castellii	0.0139950982961	2	8	G	C
N1_castellii	0.0146427206758	1	301	A	G
N1_castellii	0.0155123293624	2	133	T	C
N1_castellii	0.0161456664565	2	952	C	A
N1_castellii	0.0162861901811	1	420	T	C
N1_castellii	0.0163210309429	2	562	C	T
N1_castellii	0.0163629345932	2	893	G	A
N1_castellii	0.0164117371085	2	883	T	C
N1_castellii	0.0171585884476	2	942	G	A
N1_castellii	0.0175465822471	2	790	C	T
N1_castellii	0.0188311668983	1	587	G	A
N1_castellii	0.0190990846486	2	845	C	A
N1_castellii	0.0191068743273	1	419	A	G
N1_castellii	0.019158582699	2	1002	A	G
N1_castellii	0.0191845487529	2	976	T	A
N1_castellii	0.0192614046395	1	913	A	G
N1_castellii	0.0195789300309	2	961	T	C
N1_castellii	0.0197641588211	2	853	G	A
N1_castellii	0.020092018549	1	524	T	C
N1_castellii	0.0200993918309	1	478	G	A
N1_castellii	0.020279090436	2	482	T	C
N1_castellii	0.0205150149595	1	203	T	C
N1_castellii	0.0207640685196	2	1015	T	C
N1_castellii	0.0209857698185	2	986	C	T
N1_castellii	0.0211523532027	2	485	A	G
N1_castellii	0.0213841011537	2	365	C	T
N1_castellii	0.0227415374656	1	441	C	T
N1_castellii	0.0237545868332	1	766	C	T
N1_castellii	0.024300050737	2	252	C	T
N1_castellii	0.0243891629794	2	338	A	G
N1_castellii	0.025474496256	2	622	A	G
N1_castellii	0.0254771124535	1	384	T	C
N1_castellii	0.026119582914	2	934	A	G
N1_castellii	0.0269880087983	2	632	T	C
N1_castellii	0.0273962246653	2	598	A	G
N1_castellii	0.0274260899162	2	839	T	C
N1_castellii	0.0278896973945	2	449	A	G
N1_castellii	0.0292937465272	2	898	T	C
N1_castellii	0.0297027033478	1	79	A	G
N1_castellii	0.0298459653508	1	47	A	G
N1_castellii	0.0301291354349	2	429	T	C
N1_castellii	0.0305605859334	1	5	T	C
N1_castellii	0.0306684787576	1	571	C	T
N1_castellii	0.0321763255407	2	1012	A	G
N1_castellii	0.0324027934404	1	570	C	T
N1_castellii	0.0324166112838	2	1021	T	A
N1_castellii	0.0325107370135	1	739	C	T
N1_castellii	0.0325388216989	1	916	C	T
N1_castellii	0.0329446156821	2	839	C	G
N1_N2	0.000120680112915	1	703	G	A
N1_N2	0.000146563984346	2	60	T	C
N1_N2	0.000155574037405	2	551	A	G
N1_N2	0.000657700868095	1	847	A	G
N1_N2	0.000682226887836	2	282	T	C
N1_N2	0.00139826041224	2	616	G	T
N1_N2	0.00160425526387	2	77	T	C
N1_N2	0.00194595214246	1	596	A	G
N1_N2	0.00221266364493	2	580	C	T
N1_N2	0.00287274458177	1	529	T	C
N1_N2	0.00300466340741	1	8	G	T
N1_N2	0.00317455595661	1	595	G	A
N1_N2	0.00325067440169	2	142	T	C
N1_N2	0.00386889840074	2	681	C	T
N1_N2	0.00397132781734	1	1026	T	C
N1_N2	0.00402366397248	2	753	G	C
N1_N2	0.00426081628677	2	879	G	T
N1_N2	0.00485568510719	2	766	C	T
N1_N2	0.00586850727242	1	844	G	A
N1_N2	0.00605571614127	1	514	T	G
N1_N2	0.00657675910522	1	655	A	G
N1_N2	0.00694862561149	2	109	A	C
N1_N2	0.00696091621502	2	802	T	C
N1_N2	0.00703162190968	2	360	T	C
N1_N2	0.00718727524083	2	1000	T	C
N1_N2	0.00757802921119	1	901	T	C
N1_N2	0.00794571231958	2	1015	T	C
N1_N2	0.00797233764354	1	757	T	C
N1_N2	0.00800891756721	2	589	C	T
N1_N2	0.00804948646635	2	622	A	G
N1_N2	0.00825087043107	2	376	G	A
N1_N2	0.00891693180259	2	387	A	G
N1_N2	0.00899274747699	2	898	T	C
N1_N2	0.00926188086705	2	169	T	C
N1_N2	0.00972839711523	1	1008	T	C
N1_N2	0.0101516221426	1	969	C	T
N1_N2	0.0101966477787	2	568	T	C
N1_N2	0.0107369265457	2	117	G	A
N1_N2	0.0110617530488	1	821	G	A
N1_N2	0.0112216196433	1	295	C	T
N1_N2	0.0116246893874	1	521	A	G
N1_N2	0.012075640825	2	749	A	G
N1_N2	0.0123220338364	2	605	T	C
N1_N2	0.013492467415	1	783	A	G
N1_N2	0.0135203125421	2	488	A	G
N1_N2	0.0136826305436	1	124	A	G
N1_N2	0.0146101202024	1	308	A	T
N1_N2	0.0149531991326	2	1000	C	T
N1_N2	0.0158837008239	2	721	G	A
N1_N2	0.0160665676727	1	826	G	C
N1_N2	0.0162956061328	1	156	C	T
N1_N2	0.0163085394052	1	562	C	T
N1_N2	0.016755820154	1	634	T	C
N1_N2	0.0170401341196	2	233	C	G
N1_N2	0.0173032221291	2	961	T	C
N1_N2	0.0173533208851	2	676	G	A
N1_N2	0.0178376826122	1	482	T	A
N1_N2	0.0180067962474	1	970	T	C
N1_N2	0.0181506419117	2	125	G	T
N1_N2	0.0191103698791	1	961	C	A
N1_N2	0.0194726499983	2	523	A	G
N1_N2	0.0198389576461	2	713	T	C
N1_N2	0.0199037250662	1	69	T	C
N1_N2	0.0210973513984	2	490	G	T
N1_N2	0.0215119820032	1	853	G	A
N1_N2	0.0216827058264	1	678	C	T
N1_N2	0.0217445393405	1	168	C	T
N1_N2	0.0218203498915	2	613	T	C
N1_N2	0.0222302021189	1	505	C	T
N1_N2	0.022784558014	1	916	C	T
N1_N2	0.023204884519	1	652	C	T
N1_N2	0.0242141719373	1	511	G	A
N1_N2	0.0245853066427	2	649	A	T
N1_N2	0.0252108380328	2	178	A	G
N1_N2	0.0261324928474	1	617	A	C
N2_bayanus	0.000541545199026	1	760	C	T
N2_bayanus	0.000922165110793	1	27	A	G
N2_bayanus	0.00159478635294	2	796	T	C
N2_bayanus	0.00181944628319	2	610	T	A
N2_bayanus	0.00287938264959	2	526	C	G
N2_bayanus	0.00362221050604	1	931	T	C
N2_bayanus	0.00369628125607	2	112	T	C
N2_bayanus	0.00412290188028	2	535	T	G
N2_bayanus	0.00412552503896	1	408	G	A
N2_bayanus	0.00443213403306	1	844	A	T
N2_bayanus	0.00473128810407	1	583	A	G
N2_bayanus	0.00554575123323	2	919	T	C
N2_bayanus	0.00570628861562	2	228	T	C
N2_bayanus	0.00588701576445	1	832	T	A
N2_bayanus	0.00642680038692	1	223	G	A
N2_bayanus	0.00667491071337	2	405	G	T
N2_bayanus	0.00692358216244	1	583	G	A
N2_bayanus	0.0074312209874	1	20	A	G
N2_bayanus	0.0079536118422	2	628	G	A
N2_bayanus	0.00873354596729	2	343	G	A
N2_bayanus	0.00969814704291	2	643	G	A
N2_bayanus	0.0102227141372	2	104	T	C
N2_bayanus	0.0106025911211	1	802	T	C
N2_bayanus	0.0107812476056	1	544	T	C
N2_bayanus	0.0110243184501	2	457	C	T
N2_bayanus	0.0110818964801	2	154	G	A
N2_bayanus	0.0113418307854	2	574	A	G
N2_bayanus	0.0118897692841	1	35	A	G
N2_bayanus	0.0122542943296	2	733	C	T
N2_bayanus	0.0123494600063	2	472	T	C
N2_N3	0.000280122886872	2	979	A	G
N2_N3	0.000598931113166	2	841	A	G
N2_N3	0.00077193411935	2	7	G	A
N2_N3	0.00149158760046	2	711	A	T
N2_N3	0.00199622913545	1	617	C	T
N2_N3	0.00225423183161	2	390	T	C
N2_N3	0.00246722515289	2	324	A	G
N2_N3	0.00256783563487	1	273	A	T
N3_kudriavzevii	3.9313815804e-05	2	252	C	T
N3_kudriavzevii	0.000618134866463	2	465	T	A
N3_kudriavzevii	0.00126454663427	1	229	T	G
N3_kudriavzevii	0.00129194211276	2	119	T	A
N3_kudriavzevii	0.00144579127296	2	36	C	T
N3_kudriavzevii	0.0015573242443	1	638	G	A
N3_kudriavzevii	0.00170751899487	2	523	G	A
N3_kudriavzevii	0.00176495773856	2	793	C	T
N3_kudriavzevii	0.00185210923759	2	925	G	A
N3_kudriavzevii	0.00207486723418	2	17	T	C
N3_kudriavzevii	0.00253730054753	2	604	A	T
N3_kudriavzevii	0.00276374731529	2	682	A	C
N3_kudriavzevii	0.00279534516553	2	1000	T	G
N3_kudriavzevii	0.00329740794672	1	360	T	C
N3_kudriavzevii	0.00394994203928	2	550	A	G
N3_kudriavzevii	0.00401359591849	2	968	C	A
N3_kudriavzevii	0.0042784593474	1	991	A	T
N3_kudriavzevii	0.00498209508168	1	514	G	A
N3_kudriavzevii	0.00606566445748	1	535	T	C
N3_kudriavzevii	0.00623521556013	2	296	A	G
N3_kudriavzevii	0.00700648339968	1	751	C	T
N3_kudriavzevii	0.00722214116779	1	877	C	T
N3_kudriavzevii	0.00783662479579	2	724	T	C
N3_kudriavzevii	0.00790479316685	1	865	T	C
N3_kudriavzevii	0.00873676917197	2	745	T	C
N3_kudriavzevii	0.00874260725225	2	592	T	C
N3_kudriavzevii	0.00894204402412	2	462	C	T
N3_kudriavzevii	0.00906613092218	1	426	G	A
N3_kudriavzevii	0.00923569509358	2	590	C	T
N3_kudriavzevii	0.00933988132373	2	847	G	C
N3_kudriavzevii	0.00951372535951	2	673	T	C
N3_kudriavzevii	0.009659491961	2	1012	A	G
N3_kudriavzevii	0.00997978654685	2	949	A	T
N3_kudriavzevii	0.0100161472809	1	1029	A	T
N3_kudriavzevii	0.0100992418396	1	835	A	G
N3_kudriavzevii	0.0108117601969	2	414	G	C
N3_kudriavzevii	0.0108259710718	1	736	T	C
N3_kudriavzevii	0.0108397300499	1	182	A	G
N3_kudriavzevii	0.010844188683	1	148	G	A
N3_kudriavzevii	0.0108466044063	2	847	C	T
N3_kudriavzevii	0.0109821404182	1	532	A	G
N3_kudriavzevii	0.0109846304166	2	712	T	C
N3_kudriavzevii	0.0113706968049	1	356	C	T
N3_kudriavzevii	0.0115776099326	1	640	A	G
N3_kudriavzevii	0.0116443902821	1	668	C	T
N3_kudriavzevii	0.0117957391747	2	453	G	A
N3_N4	0.000436569136574	2	552	T	C
N3_N4	0.000553086739654	1	814	G	A
N3_N4	0.000675320579426	2	592	T	C
N3_N4	0.00072249588674	1	820	G	A
N3_N4	0.000904803413875	2	565	G	A
N3_N4	0.000961330632426	2	808	G	A
N3_N4	0.00101306963612	1	899	C	T
N4_mikatae	0.000254734271995	2	646	T	C
N4_mikatae	0.000849547508078	2	973	T	A
N4_mikatae	0.00103866995197	1	902	T	C
N4_mikatae	0.00120935092757	2	793	T	C
N4_mikatae	0.00146627338634	1	1004	G	C
N4_mikatae	0.00176144913585	1	817	C	T
N4_mikatae	0.0021137810182	2	2	C	T
N4_mikatae	0.00233343767325	1	754	T	C
N4_mikatae	0.00236243858421	2	484	T	A
N4_mikatae	0.00246967778959	2	100	C	T
N4_mikatae	0.00257630488287	2	287	G	A
N4_mikatae	0.00263676508953	2	532	A	G
N4_mikatae	0.00312607943887	2	107	T	C
N4_mikatae	0.00322947955363	2	841	G	A
N4_mikatae	0.00349398651451	1	135	G	A
N4_mikatae	0.00375649417007	2	216	A	G
N4_mikatae	0.00403587292039	2	132	T	C
N4_mikatae	0.00421241712331	1	540	G	A
N4_mikatae	0.00431415196763	1	817	T	C
N4_mikatae	0.00436163806586	1	175	A	G
N4_mikatae	0.00446009407644	2	526	T	C
N4_mikatae	0.00460895323203	1	160	T	C
N4_mikatae	0.00476091338345	2	242	A	G
N4_mikatae	0.00490253384405	2	808	A	G
N4_mikatae	0.00518393110884	1	152	T	C
N4_mikatae	0.00564147141792	1	1021	T	C
N4_mikatae	0.00578805376404	1	1039	T	G
N4_mikatae	0.00633540812775	2	1002	A	G
N4_mikatae	0.00714265722644	1	586	C	T
N4_mikatae	0.00773251119102	1	949	A	G
N4_mikatae	0.00786793725088	2	695	T	C
N4_mikatae	0.0089364181351	2	898	T	G
N4_mikatae	0.00900525687349	1	817	C	T
N4_mikatae	0.00904869923665	2	673	T	A
N4_mikatae	0.0093226898353	2	604	A	G
N4_mikatae	0.00933008722502	2	526	C	T
N4_N5	1.47615879014e-05	1	139	T	C
N4_N5	0.000203615757246	1	544	T	C
N4_N5	0.000577739901369	2	562	C	G
N4_N5	0.00123436079597	2	784	C	T
N4_N5	0.00156254833086	2	667	C	T
N4_N5	0.00180863676089	2	189	A	G
N4_N5	0.00245905673128	2	514	G	A
N4_N5	0.00277110667113	2	372	G	A
N4_N5	0.0028784295953	2	760	C	T
N4_N5	0.00291709858796	2	635	A	G
N4_N5	0.00313401650607	1	441	C	T
N5_paradoxus	0.000584594222896	1	670	A	C
N5_paradoxus	0.00102489366708	1	522	C	G
N5_paradoxus	0.00107541957673	1	859	T	C
N5_paradoxus	0.00114071537283	2	958	A	T
N5_cerevisiae	0.000243616458732	2	704	T	C
N5_cerevisiae	0.000336818778126	2	516	T	G
N5_cerevisiae	0.000658913144675	2	57	T	C
N5_cerevisiae	0.000989328793622	2	811	A	G
N5_cerevisiae	0.00122855584227	2	760	T	A
N5_cerevisiae	0.00270254390861	2	793	T	C
N5_cerevisiae	0.00307534328411	1	653	C	T
N5_cerevisiae	0.00336663478313	1	153	C	A
N5_cerevisiae	0.00363158568289	1	974	G	A
N5_cerevisiae	0.0040661960515	2	37	A	C
N5_cerevisiae	0.00445381564869	1	197	A	T
N5_cerevisiae	0.00447240165368	1	877	C	G
N5_cerevisiae	0.00460300149877	1	778	G	A
N5_cerevisiae	0.00462848368655	1	28	G	A
N5_cerevisiae	0.0047388296952	1	547	T	C
N5_cerevisiae	0.00488754167556	2	305	A	G
N5_cerevisiae	0.00559871266119	2	886	C	T
N5_cerevisiae	0.00562558613189	2	232	C	T
N5_cerevisiae	0.0056407978375	2	561	A	G
N5_cerevisiae	0.00583479168619	1	580	C	T
N5_cerevisiae	0.00593427188333	1	921	A	G
N5_cerevisiae	0.00598787431954	1	94	A	G
N5_cerevisiae	0.00614513661	2	853	T	C
