edge	time	orlg_from	orlg_to	tract_length	start_pos	stop_pos	num_diff	template_seq	overide_seq
D1_N1	0.0061263722694	2	1	1	18	18	0	C	C
D1_N1	0.00696237625298	1	2	1	201	201	0	G	G
D1_N1	0.0202429765437	1	2	1	215	215	0	A	A
D1_N1	0.0217256868432	2	1	1	90	90	0	T	T
D1_N1	0.0233579876313	2	1	1	186	186	1	C	G
D1_N1	0.0393254554432	2	1	1	35	35	0	T	T
D1_N1	0.0407421474547	2	1	1	195	195	0	A	A
D1_N1	0.0460117021135	2	1	1	113	113	0	A	A
D1_N1	0.0483314403977	2	1	1	147	147	0	A	A
D1_N1	0.0499355774444	1	2	1	39	39	1	G	C
D1_N1	0.0574570369878	2	1	1	48	48	0	T	T
D1_N1	0.05792432688	2	1	1	87	87	0	C	C
D1_N1	0.0582583261726	1	2	1	21	21	0	G	G
D1_N1	0.0688595180702	2	1	1	62	62	0	G	G
D1_N1	0.070091474706	2	1	1	194	194	0	T	T
D1_N1	0.0738453092967	1	2	1	218	218	1	C	G
D1_N1	0.0753736515658	2	1	1	66	66	0	A	A
D1_N1	0.0791604056839	2	1	1	186	186	0	C	C
D1_N1	0.0799843854858	2	1	1	18	18	0	C	C
D1_N1	0.0901965331352	2	1	1	187	187	1	C	G
D1_N1	0.093559091272	1	2	1	194	194	0	T	T
D1_N1	0.0968908717343	1	2	1	173	173	1	G	A
D1_N1	0.100191818826	1	2	1	174	174	0	C	C
D1_N1	0.103053234334	2	1	1	53	53	0	G	G
D1_N1	0.103991796957	2	1	1	203	203	0	A	A
D1_N1	0.104215222925	2	1	1	48	48	0	T	T
D1_N1	0.108242937479	2	1	1	170	170	0	T	T
D1_N1	0.129666057426	1	2	1	0	0	1	T	C
D1_N1	0.131887322764	1	2	1	93	93	0	T	T
D1_N1	0.132031412247	2	1	1	20	20	0	G	G
D1_N1	0.148441445759	2	1	1	144	144	0	A	A
D1_N1	0.157128097273	2	1	1	30	30	0	A	A
D1_N1	0.159576724149	2	1	1	6	6	0	T	T
D1_N1	0.160923438754	1	2	1	88	88	1	G	T
D1_N1	0.161288913409	2	1	1	67	67	0	T	T
D1_N1	0.16205675405	1	2	1	36	36	0	T	T
D1_N1	0.163240341533	1	2	1	150	150	1	G	A
D1_N1	0.166543277611	1	2	1	84	84	1	A	G
D1_N1	0.16813083737	1	2	1	119	119	0	C	C
D1_N1	0.172153514762	2	1	1	153	153	0	T	T
D1_N1	0.190094709078	2	1	1	183	183	1	T	G
D1_N1	0.196772976176	1	2	1	166	166	0	A	A
D1_N1	0.202588344767	1	2	1	49	49	1	C	T
D1_N1	0.203825100904	2	1	1	24	24	0	A	A
D1_N1	0.210145338576	1	2	1	122	122	0	T	T
D1_N1	0.212997787364	2	1	1	72	72	0	C	C
D1_N1	0.2266489376	1	2	1	116	116	0	T	T
D1_N1	0.230098188305	1	2	1	122	122	1	T	C
D1_N1	0.231811550232	2	1	1	145	145	0	T	T
N1_N2	0.0151381233231	2	1	1	74	74	0	T	T
N2_N3	0.00462884767698	1	2	1	171	171	0	G	G
N3_N4	0.00145060569713	1	2	1	95	95	1	A	T
N3_N4	0.0035896117338	2	1	1	62	62	0	G	G
N4_Human	0.00314829125441	1	2	1	149	149	0	G	G
N4_Human	0.00407784967457	1	2	1	161	161	0	T	T
N4_Human	0.00544789002689	1	2	1	123	123	1	T	C
N4_Chimp	0.000820565764532	1	2	1	100	100	0	T	T
N4_Chimp	0.00207021078015	1	2	1	95	95	0	A	A
N2_Orang	0.0132475891422	1	2	1	24	24	0	A	A
N1_Macaq	0.000387780439866	1	2	1	163	163	0	T	T
N1_Macaq	0.015072823393	2	1	1	193	193	0	A	A
N1_Macaq	0.0159013132291	2	1	1	141	141	1	T	C
N1_Macaq	0.0195854150445	1	2	1	187	187	0	C	C
N1_Macaq	0.0211356883922	1	2	1	6	6	0	T	T
N1_Macaq	0.0298473107267	2	1	1	115	115	0	C	C
