edge	time	mut_orlg	mut_pos	old_state	new_state
N0_kluyveri	0.000159298366699	0	14	T	C
D1_N1	0.00223268311436	2	2	T	C
D1_N1	0.00262241953081	1	198	A	G
D1_N1	0.00282111219893	2	92	A	G
D1_N1	0.00291504658183	2	204	C	T
D1_N1	0.00294260914548	1	101	C	T
D1_N1	0.00376462995319	2	29	A	G
D1_N1	0.00400145527269	2	68	T	G
D1_N1	0.00401717261563	1	53	A	G
D1_N1	0.00421416995633	1	62	C	T
D1_N1	0.00477678547324	1	213	T	C
D1_N1	0.00502765691034	2	263	C	T
D1_N1	0.00534551760126	2	11	C	T
D1_N1	0.00536239938146	1	284	T	C
D1_N1	0.00543482247832	2	272	T	C
D1_N1	0.00619425078562	2	158	T	A
D1_N1	0.0068490822329	1	272	T	C
D1_N1	0.00688677988078	1	191	T	C
D1_N1	0.00758361574852	2	197	T	C
D1_N1	0.00975318079009	1	23	C	T
D1_N1	0.0098488692468	1	174	C	T
D1_N1	0.010528581576	1	149	T	C
D1_N1	0.0110587381289	2	9	T	C
D1_N1	0.0112224483861	1	113	A	G
D1_N1	0.0122447883629	1	125	A	C
D1_N1	0.012332736123	1	236	T	C
D1_N1	0.0128475471272	2	143	C	T
D1_N1	0.0131390613562	2	269	T	G
D1_N1	0.0132210228429	1	92	A	G
D1_N1	0.0136668308833	2	137	C	T
D1_N1	0.0150228688134	1	252	C	T
D1_N1	0.0154547421704	2	115	A	G
D1_N1	0.0160172057421	1	197	T	A
D1_N1	0.0168112249895	2	107	C	T
D1_N1	0.0170698669354	2	104	T	C
D1_N1	0.0171013772394	1	188	T	C
D1_N1	0.0171036949211	2	269	G	A
D1_N1	0.017624709468	2	200	C	T
D1_N1	0.018504447069	2	317	G	A
D1_N1	0.0190442346334	2	281	A	T
D1_N1	0.0197392024061	1	24	T	C
D1_N1	0.0201204773538	2	236	T	C
D1_N1	0.0208077213572	2	95	A	G
D1_N1	0.0231299960146	1	167	A	G
D1_N1	0.0240562416312	2	42	G	A
D1_N1	0.0243904860697	1	291	T	C
D1_N1	0.0245442135053	2	141	T	C
D1_N1	0.0259994673738	1	44	T	C
D1_N1	0.0274025995871	1	299	C	T
D1_N1	0.0274234490812	1	200	C	T
D1_N1	0.0274607520543	1	311	C	T
D1_N1	0.0275344492272	2	177	T	A
D1_N1	0.0288375912233	1	17	C	G
D1_N1	0.0291563143185	2	59	A	G
D1_N1	0.0291731496517	2	53	G	A
D1_N1	0.0293283259492	2	234	C	T
D1_N1	0.0293971366155	2	50	T	C
D1_N1	0.0296523471399	1	311	T	C
D1_N1	0.0298670001122	2	41	T	A
D1_N1	0.0299002522846	2	26	A	T
D1_N1	0.0318688940927	2	131	T	C
D1_N1	0.032136533017	2	265	C	T
D1_N1	0.0322633680925	1	11	C	T
D1_N1	0.0324499007174	2	230	C	A
D1_N1	0.0324838953869	1	257	A	G
D1_N1	0.0325714097364	2	203	G	A
D1_N1	0.0336439169844	1	319	A	G
D1_N1	0.0338329805648	2	314	C	T
D1_N1	0.0352561502563	1	80	G	A
D1_N1	0.0357337702156	1	83	C	T
D1_N1	0.0363226897932	1	34	A	G
D1_N1	0.0372144699402	2	215	C	T
D1_N1	0.0373426606862	2	314	T	C
D1_N1	0.0379995413438	2	224	G	A
D1_N1	0.0382750617358	2	125	C	G
D1_N1	0.0385380452864	2	179	C	T
D1_N1	0.0393113574087	1	62	T	C
D1_N1	0.0396492564608	1	23	T	C
D1_N1	0.0405338024251	2	218	C	G
D1_N1	0.0405836787684	1	11	C	T
D1_N1	0.0413095605033	2	299	C	T
D1_N1	0.041844069261	1	62	C	T
D1_N1	0.0423729601307	1	68	T	C
D1_N1	0.0425298091352	2	290	G	A
D1_N1	0.0430613252859	2	137	T	C
D1_N1	0.0431811572702	1	35	T	C
D1_N1	0.0432887990041	1	95	A	G
N1_castellii	0.00172061073469	2	71	G	A
N1_castellii	0.00203993277686	1	108	T	C
N1_castellii	0.00299901326523	2	23	C	T
N1_castellii	0.00326253825858	1	290	G	A
N1_castellii	0.00332075687557	2	213	T	C
N1_castellii	0.00369788473867	2	53	G	T
N1_castellii	0.00478497745427	1	26	A	G
N1_castellii	0.00501001592273	1	257	G	A
N1_castellii	0.00506159811158	2	133	A	G
N1_castellii	0.00533731848408	1	266	C	T
N1_castellii	0.00650779007124	1	179	C	T
N1_castellii	0.00685244067467	2	290	A	G
N1_castellii	0.00743485678854	2	279	A	G
N1_castellii	0.0076918746684	2	168	C	T
N1_castellii	0.00818862734766	2	25	T	C
N1_castellii	0.00832799619365	1	271	T	G
N1_castellii	0.00915072155523	1	44	C	T
N1_castellii	0.00948714053369	2	39	T	C
N1_castellii	0.00973353808316	2	287	C	T
N1_castellii	0.0098067130995	2	19	G	C
N1_castellii	0.0102854903722	1	23	C	T
N1_castellii	0.0109753247294	2	317	A	G
N1_castellii	0.0111649321581	2	170	T	C
N1_castellii	0.01121201752	2	41	T	C
N1_castellii	0.0131563357892	1	197	C	T
N1_castellii	0.0146900342354	1	224	G	C
N1_castellii	0.0151649088195	2	155	G	A
N1_castellii	0.0166465093324	1	146	C	T
N1_castellii	0.0168604179435	2	242	T	C
N1_castellii	0.0173372489562	1	264	G	A
N1_castellii	0.0177390420766	2	251	A	G
N1_castellii	0.0178591415572	2	20	T	C
N1_castellii	0.0179776874338	1	209	A	G
N1_castellii	0.0184079802549	1	257	A	G
N1_castellii	0.0192291041697	1	38	C	T
N1_castellii	0.0198417757477	1	188	C	T
N1_castellii	0.0205455364785	2	242	C	G
N1_castellii	0.0209369313595	1	80	A	G
N1_castellii	0.0215340678159	1	60	T	C
N1_castellii	0.0218051275589	2	317	G	A
N1_castellii	0.0220597989229	1	203	G	T
N1_castellii	0.0232352809039	2	108	T	C
N1_castellii	0.02375575934	1	170	T	C
N1_castellii	0.0262788533452	2	263	T	C
N1_castellii	0.0264196580543	2	305	G	T
N1_castellii	0.0271839507447	2	8	A	T
N1_castellii	0.0272568676003	1	116	T	C
N1_castellii	0.0287037961322	1	158	A	G
N1_castellii	0.0292122554189	2	257	G	A
N1_castellii	0.0294347575668	1	75	G	A
N1_castellii	0.0297983171099	1	2	T	C
N1_castellii	0.030702185676	2	35	T	C
N1_castellii	0.031812362572	2	50	T	C
N1_castellii	0.0319426619251	1	272	C	T
N1_castellii	0.0324825530496	2	218	G	A
N1_castellii	0.0341030256537	1	257	G	T
N1_castellii	0.0341528190293	1	224	C	T
N1_castellii	0.0344099034722	2	304	A	G
N1_castellii	0.0352131170461	1	162	G	A
N1_castellii	0.0352929117538	1	233	G	A
N1_castellii	0.0361306178316	1	143	T	G
N1_castellii	0.0365005082201	2	8	T	C
N1_castellii	0.037335990749	1	210	C	A
N1_castellii	0.037366714637	1	116	C	T
N1_castellii	0.0377295641102	1	113	G	A
N1_castellii	0.0386902279607	2	71	G	C
N1_castellii	0.0398567941664	2	143	T	C
N1_castellii	0.0401856284357	2	275	C	T
N1_castellii	0.0403717105435	1	320	T	C
N1_N2	0.000355517423796	1	104	C	T
N1_N2	0.00067750621749	1	134	C	G
N1_N2	0.000889667018514	1	23	C	T
N1_N2	0.00118005763825	1	170	T	C
N1_N2	0.00263713618293	1	266	C	T
N1_N2	0.00279905180393	2	38	C	T
N1_N2	0.00283246042549	1	155	G	A
N1_N2	0.00290403394621	2	308	A	G
N1_N2	0.00410579042247	2	260	G	A
N1_N2	0.00530891983104	1	191	T	C
N1_N2	0.00586507845591	2	2	T	C
N1_N2	0.00592739208507	1	203	G	A
N1_N2	0.00644387389702	1	230	C	T
N1_N2	0.00774595314785	1	158	A	C
N1_N2	0.00867271932366	2	320	T	C
N1_N2	0.00883197223939	1	104	T	G
N1_N2	0.00886892303904	2	59	A	G
N1_N2	0.00935318872443	1	143	T	C
N1_N2	0.0106245399687	1	167	G	A
N1_N2	0.0108892239414	1	101	T	C
N1_N2	0.0113638597416	1	11	T	C
N1_N2	0.0133346080869	2	10	A	G
N1_N2	0.0134745619816	2	111	A	G
N1_N2	0.0143133237705	1	116	T	C
N1_N2	0.0149903559799	1	290	G	A
N1_N2	0.0155984418719	1	260	A	G
N1_N2	0.0162682449004	1	233	G	A
N1_N2	0.0163787807341	1	140	C	T
N1_N2	0.0168892074021	2	68	C	A
N1_N2	0.0169376575659	2	53	G	A
N1_N2	0.0170062735415	2	242	T	C
N1_N2	0.0177067699191	1	200	T	C
N1_N2	0.0182288883091	1	53	G	A
N1_N2	0.0182559233028	1	96	G	A
N1_N2	0.0190247041044	2	227	A	C
N1_N2	0.0202406729036	1	104	G	A
N1_N2	0.0202536372316	1	247	T	C
N1_N2	0.0205339209852	1	38	C	T
N1_N2	0.0209786088444	1	268	C	A
N1_N2	0.0214782385758	2	320	C	T
N2_bayanus	0.000172623957941	2	5	A	G
N2_bayanus	0.000734577953467	2	239	G	A
N2_bayanus	0.000824280452537	1	243	C	T
N2_bayanus	0.00109401356157	1	215	C	T
N2_bayanus	0.0016627472618	1	173	A	G
N2_bayanus	0.00211159837233	2	269	G	A
N2_N3	0.0013803153371	1	164	C	T
N2_N3	0.001546381796	2	140	C	T
N2_N3	0.00183233045835	2	206	G	A
N2_N3	0.00270071684994	2	119	T	A
N2_N3	0.00296322900454	2	89	T	C
N2_N3	0.00303160256121	2	267	T	C
N2_N3	0.00321709843511	2	42	G	A
N2_N3	0.00390592396594	2	95	G	A
N2_N3	0.00413732945879	1	317	A	T
N2_N3	0.00462725736576	1	137	T	C
N2_N3	0.004988507398	1	179	C	T
N2_N3	0.00517160506298	2	62	T	C
N3_kudriavzevii	0.000201641540469	1	119	T	C
N3_kudriavzevii	0.000954902935702	1	14	T	C
N3_kudriavzevii	0.000963886809816	1	77	A	C
N3_kudriavzevii	0.00176937045966	1	98	A	G
N3_kudriavzevii	0.00191959245362	2	162	G	A
N3_N4	2.14174034717e-05	2	218	C	G
N3_N4	0.000517150254597	1	17	C	T
N3_N4	0.000851008667292	2	232	A	G
N3_N4	0.00132479728606	2	65	T	C
N3_N4	0.00225653208987	2	299	T	C
N4_mikatae	0.000523230628518	1	14	T	C
N4_mikatae	0.000582660145821	1	65	T	C
N4_mikatae	0.000673334850509	1	5	A	G
N4_mikatae	0.00196641741231	2	230	C	T
N4_mikatae	0.00227034948383	2	167	G	A
N4_mikatae	0.00246877817804	1	305	G	A
N4_mikatae	0.00324867734771	2	167	A	G
N4_mikatae	0.0043231848031	1	252	C	T
N4_mikatae	0.00447545887647	1	285	A	G
N4_mikatae	0.0046592724835	1	284	T	C
N4_mikatae	0.00487021255316	1	17	T	C
N4_N5	8.35859514826e-05	2	92	G	A
N4_N5	0.000123253569167	1	53	A	G
N4_N5	0.00030994901117	2	218	G	T
N4_N5	0.00103476953473	1	89	C	T
N4_N5	0.0011303090981	2	215	C	T
N4_N5	0.00135567463894	1	89	T	A
N4_N5	0.00161480878472	1	315	T	C
N5_paradoxus	0.000138522935889	2	173	A	G
N5_paradoxus	0.000650501127705	2	194	T	C
N5_paradoxus	0.000930179464674	1	179	T	C
N5_paradoxus	0.00161909007326	2	32	A	G
N5_paradoxus	0.00170406072646	2	126	A	G
N5_cerevisiae	0.000871781344755	2	95	A	T
N5_cerevisiae	0.00125408749987	2	146	C	A
N5_cerevisiae	0.0012773091797	2	248	G	A
N5_cerevisiae	0.0016087881776	2	294	A	G
N5_cerevisiae	0.00210696354294	1	257	G	A
N5_cerevisiae	0.00224357104889	2	98	A	G
N5_cerevisiae	0.00350302149319	2	143	T	C
N5_cerevisiae	0.00388161591906	2	87	G	A
N5_cerevisiae	0.00405345947217	1	224	G	C
