edge	time	mut_orlg	mut_pos	old_state	new_state
N0_D1	0.000470036617321	0	716	T	C
N0_D1	0.00140038120721	0	265	A	T
N0_D1	0.00172820407314	0	608	T	A
N0_D1	0.0024834564389	0	9	C	T
N0_D1	0.00261614474806	0	591	G	T
N0_D1	0.00336396469312	0	215	T	G
N0_D1	0.00423882831346	0	299	C	T
N0_D1	0.00604043693576	0	754	T	A
N0_D1	0.00614368350923	0	436	C	A
N0_D1	0.00621303999057	0	760	G	A
N0_D1	0.00631409303327	0	46	C	A
N0_D1	0.00750674470604	0	167	G	A
N0_D1	0.00848082878081	0	472	G	C
N0_D1	0.00899795141682	0	427	G	A
N0_D1	0.0125558742206	0	444	G	A
N0_D1	0.0126050329891	0	514	G	C
N0_D1	0.0131404485625	0	579	A	G
N0_D1	0.0150628575158	0	755	G	C
N0_D1	0.0155940959535	0	370	T	A
N0_D1	0.0162024042923	0	442	T	C
N0_D1	0.0163154411268	0	582	C	T
N0_D1	0.0175640000417	0	271	G	C
N0_D1	0.0184776274685	0	442	C	A
N0_D1	0.0190126400373	0	2	T	A
N0_D1	0.0201756769791	0	215	G	A
N0_D1	0.0218633702346	0	510	A	G
N0_D1	0.022136017402	0	84	A	C
N0_D1	0.0221485804967	0	668	A	C
N0_D1	0.0242499749122	0	156	A	G
N0_D1	0.0252163603699	0	431	T	C
N0_D1	0.0259841905362	0	169	C	T
N0_D1	0.0275123195546	0	756	T	G
N0_D1	0.0338038845651	0	142	T	G
N0_D1	0.0346443860665	0	3	T	A
N0_D1	0.0359253645937	0	209	C	A
N0_D1	0.0365806982327	0	444	A	G
N0_D1	0.0377959513729	0	563	T	C
N0_D1	0.038932181686	0	478	A	G
N0_D1	0.0401151893592	0	722	A	C
N0_D1	0.0457891546973	0	180	T	A
N0_D1	0.0479193960015	0	124	A	T
N0_D1	0.0487258141352	0	638	A	C
N0_D1	0.0497825834847	0	4	T	A
D1_N1	9.97093382209e-05	2	279	G	A
D1_N1	0.00152954262756	1	547	G	T
D1_N1	0.0018936745406	1	728	C	T
D1_N1	0.0022826158262	2	718	G	A
D1_N1	0.00300985825757	1	554	A	G
D1_N1	0.0031004929257	2	717	T	G
D1_N1	0.00438841158915	2	511	G	A
D1_N1	0.00503916447383	2	604	G	C
D1_N1	0.0053389827742	2	154	T	A
D1_N1	0.00573853290191	2	365	A	T
D1_N1	0.00573859825711	1	590	T	G
D1_N1	0.00632764127908	1	350	T	A
D1_N1	0.0068541742092	2	366	T	A
D1_N1	0.00817875999594	1	341	C	G
D1_N1	0.00818191146581	1	34	C	T
D1_N1	0.00834116834001	2	589	T	C
D1_N1	0.00978123293543	2	566	C	A
D1_N1	0.0098545545977	1	91	T	A
D1_N1	0.0107113953965	2	364	C	G
D1_N1	0.0119222196594	2	41	T	G
D1_N1	0.0122802312749	1	98	C	T
D1_N1	0.0149160054985	2	60	T	C
D1_N1	0.017759903946	1	294	T	G
D1_N1	0.0186717237818	2	658	T	G
D1_N1	0.0188582525451	1	400	G	C
D1_N1	0.0194807225893	2	457	T	A
D1_N1	0.0199284647163	2	2	A	T
D1_N1	0.0214328701446	1	672	A	G
D1_N1	0.0229777787392	1	273	C	T
D1_N1	0.0230964023364	2	740	G	A
D1_N1	0.023131765588	2	286	A	T
D1_N1	0.0240265712528	1	603	T	A
D1_N1	0.0248120426041	1	341	G	A
D1_N1	0.0249000004773	2	612	C	T
D1_N1	0.0251607756153	1	666	A	T
D1_N1	0.0252694534791	2	190	T	A
D1_N1	0.0259813485219	1	164	G	C
D1_N1	0.0264785524467	1	692	A	C
D1_N1	0.0301822642768	1	404	T	A
D1_N1	0.0310223588827	1	406	C	T
D1_N1	0.0315414536124	1	567	A	G
D1_N1	0.0342543321844	2	573	G	T
D1_N1	0.0344873939	2	658	G	A
D1_N1	0.0350211294269	2	171	A	C
D1_N1	0.0356500012722	1	160	A	G
D1_N1	0.0375275319545	2	55	C	A
D1_N1	0.0380010128163	2	661	T	C
D1_N1	0.0394136189948	1	417	C	T
D1_N1	0.0397693962704	1	441	A	T
D1_N1	0.0398812745847	1	6	G	T
D1_N1	0.0401123662848	2	400	G	A
D1_N1	0.0416141488272	2	685	T	A
D1_N1	0.0427146877971	1	287	A	G
D1_N1	0.0434188953417	1	242	T	G
D1_N1	0.0438876735561	1	448	C	A
D1_N1	0.0475646358192	1	166	T	G
D1_N1	0.0488023625887	2	514	C	T
D1_N1	0.0490021627055	1	259	G	A
D1_N1	0.0495658036025	2	712	T	A
D1_N1	0.0534950111116	1	200	C	T
D1_N1	0.053777705219	1	668	C	T
D1_N1	0.054594234883	2	297	A	G
D1_N1	0.0557878266709	1	97	T	A
D1_N1	0.0566883591672	1	515	G	A
D1_N1	0.0567637969465	1	71	G	A
D1_N1	0.0598266171119	1	372	A	C
D1_N1	0.0600681688709	1	141	T	C
D1_N1	0.0611204812838	1	238	T	A
D1_N1	0.0617308067478	1	675	T	C
D1_N1	0.0623339635018	1	336	C	T
D1_N1	0.0629229911604	1	695	G	T
D1_N1	0.0631087401449	1	231	A	G
D1_N1	0.0631719368712	2	744	C	G
D1_N1	0.0633766511953	2	209	A	G
D1_N1	0.0641823579712	2	120	G	C
D1_N1	0.0643392989605	2	348	C	A
D1_N1	0.0643760318115	2	565	T	C
D1_N1	0.0672059801245	1	115	T	G
D1_N1	0.0676487564556	1	686	G	T
D1_N1	0.0685455904545	2	176	A	G
D1_N1	0.0691662745219	2	470	G	C
D1_N1	0.0696719371453	2	548	A	T
D1_N1	0.0699381862432	2	216	G	A
D1_N1	0.0702146119452	1	92	G	A
D1_N1	0.0715435306866	2	130	G	T
D1_N1	0.0716963141358	1	362	A	G
D1_N1	0.0718996942007	2	281	T	A
D1_N1	0.0721203973485	2	610	C	A
D1_N1	0.073217442744	1	570	A	G
D1_N1	0.0736423224154	2	149	A	G
D1_N1	0.0768847694749	1	636	A	T
D1_N1	0.077819018663	1	57	A	T
D1_N1	0.0782819397456	1	631	G	T
D1_N1	0.079892913896	1	110	C	T
D1_N1	0.0800645274307	2	578	G	C
D1_N1	0.0804685037066	2	558	C	T
D1_N1	0.0817869301446	2	613	T	C
D1_N1	0.0820797989042	1	412	G	A
D1_N1	0.0822380709729	1	11	T	G
D1_N1	0.0829496823632	2	591	T	G
D1_N1	0.0837453441838	2	675	T	C
D1_N1	0.084263435849	2	430	C	T
D1_N1	0.0859109958738	2	73	G	T
D1_N1	0.0867937562695	1	86	A	C
D1_N1	0.0876713328251	2	141	T	C
D1_N1	0.0883730763154	2	108	A	G
D1_N1	0.0888209555494	2	540	C	A
D1_N1	0.091014281451	1	621	A	G
D1_N1	0.091601516242	1	677	A	G
D1_N1	0.0926293909405	2	547	G	C
D1_N1	0.0931652825602	2	476	C	T
D1_N1	0.0933845219727	1	329	A	T
D1_N1	0.0934254887593	2	60	C	T
D1_N1	0.0945628504727	2	50	A	G
D1_N1	0.0948275951412	1	422	A	G
D1_N1	0.0959310478637	1	457	T	C
D1_N1	0.096273646366	2	98	C	A
D1_N1	0.0986583426936	1	197	C	A
D1_N1	0.0992366076189	2	189	T	C
D1_N1	0.100223896184	2	164	G	A
D1_N1	0.101121377933	1	36	T	G
D1_N1	0.101344483965	1	209	A	C
D1_N1	0.101525893137	1	150	T	G
D1_N1	0.101840265041	1	94	C	G
D1_N1	0.101985863458	2	427	A	G
D1_N1	0.102220562281	1	258	G	C
D1_N1	0.10330429477	2	613	C	G
D1_N1	0.103355017998	2	450	T	G
D1_N1	0.103448960953	2	664	A	C
D1_N1	0.103755705678	1	260	A	G
D1_N1	0.103789692427	2	598	A	T
D1_N1	0.105083638591	1	323	A	T
D1_N1	0.105171773	1	35	G	A
D1_N1	0.105640080215	1	261	T	A
D1_N1	0.105722780821	1	285	A	G
D1_N1	0.105922949257	2	283	C	T
D1_N1	0.106024037883	1	245	G	T
D1_N1	0.106630204457	1	352	G	A
D1_N1	0.107101356784	2	430	T	C
D1_N1	0.107163251795	1	551	T	C
D1_N1	0.107469011007	1	648	G	C
D1_N1	0.109166451604	1	662	T	C
D1_N1	0.10964274873	1	628	G	A
D1_N1	0.110514559727	2	718	A	G
D1_N1	0.112639659875	2	118	T	A
D1_N1	0.113622212823	1	232	A	G
D1_N1	0.113640925538	1	654	G	T
D1_N1	0.113664888447	2	539	A	G
D1_N1	0.113836862796	2	32	G	A
D1_N1	0.114664099241	2	307	A	C
D1_N1	0.115242664633	2	653	T	C
D1_N1	0.116197815333	1	655	A	G
D1_N1	0.11681688101	2	503	T	A
D1_N1	0.117293382423	1	459	T	C
D1_N1	0.117363120514	2	615	T	C
D1_N1	0.119306153578	1	287	G	A
D1_N1	0.119307304584	2	398	T	C
D1_N1	0.119461311378	2	211	G	A
D1_N1	0.11959594327	1	295	T	G
D1_N1	0.119739315882	1	157	G	C
D1_N1	0.120492443588	2	45	G	T
D1_N1	0.12151134083	2	637	G	T
D1_N1	0.122479927969	1	339	T	G
D1_N1	0.122948474431	1	497	A	T
D1_N1	0.123279649642	2	142	G	A
D1_N1	0.123683200565	1	88	G	C
D1_N1	0.123971587052	1	228	C	A
D1_N1	0.124224271973	1	283	C	T
D1_N1	0.125026060446	2	41	G	A
D1_N1	0.126313413223	1	310	G	A
D1_N1	0.127049984827	1	467	G	A
D1_N1	0.127578394838	1	449	G	T
D1_N1	0.128227094633	1	169	T	A
D1_N1	0.132011761913	2	410	G	A
D1_N1	0.132682279847	2	92	G	A
D1_N1	0.132687868396	2	32	A	C
D1_N1	0.132861165891	1	140	G	T
D1_N1	0.132935767872	2	172	T	A
D1_N1	0.133298682814	1	445	T	A
D1_N1	0.133596856789	1	578	G	A
D1_N1	0.134547571374	1	118	T	A
D1_N1	0.136001338843	1	604	G	A
D1_N1	0.136014303852	1	219	C	T
D1_N1	0.136420003804	1	189	T	A
D1_N1	0.137185018892	1	734	T	G
D1_N1	0.137320587719	1	108	A	T
D1_N1	0.137584721254	1	203	G	T
D1_N1	0.138031747033	2	512	A	G
D1_N1	0.13818860135	1	559	G	T
D1_N1	0.138725081468	2	177	A	T
D1_N1	0.139551820768	2	80	T	C
D1_N1	0.139732177303	2	37	T	A
D1_N1	0.140007963603	2	393	G	A
D1_N1	0.141599442504	2	57	A	C
D1_N1	0.142158813198	1	612	C	T
D1_N1	0.142348164812	2	675	C	T
D1_N1	0.144850433445	1	262	C	T
D1_N1	0.145607713809	1	210	G	T
D1_N1	0.146989900876	2	228	C	T
D1_N1	0.147044383273	1	387	T	C
D1_N1	0.147272859771	2	512	G	A
D1_N1	0.15191775391	1	355	C	T
D1_N1	0.152239476908	2	538	A	G
D1_N1	0.153497198278	2	437	G	T
D1_N1	0.154569665982	1	182	A	T
D1_N1	0.15563514887	1	378	A	T
D1_N1	0.156954479496	1	451	A	G
D1_N1	0.157097235415	1	572	T	A
D1_N1	0.157307492442	2	3	A	T
D1_N1	0.158277056686	1	129	C	G
D1_N1	0.159036888591	2	564	T	G
D1_N1	0.159398320902	2	107	A	C
D1_N1	0.160149716	1	471	G	C
D1_N1	0.160907437867	1	677	G	A
D1_N1	0.160982375336	1	561	T	A
D1_N1	0.162428771396	1	217	T	A
D1_N1	0.162589690188	2	435	C	A
D1_N1	0.164653798415	1	165	C	G
D1_N1	0.166171113154	1	701	G	A
D1_N1	0.16685970119	2	273	C	T
D1_N1	0.166911172633	1	703	T	G
D1_N1	0.168112088361	1	59	A	G
D1_N1	0.169083881466	2	193	A	G
D1_N1	0.169391100624	1	139	T	C
D1_N1	0.170904680543	2	213	C	A
D1_N1	0.17123379411	1	517	C	A
D1_N1	0.171270750866	2	472	C	T
D1_N1	0.171542075304	1	492	T	A
D1_N1	0.173029888877	1	690	G	A
D1_N1	0.175444858819	1	631	T	A
D1_N1	0.1761245772	2	466	T	C
D1_N1	0.176350820041	1	576	C	T
D1_N1	0.176971053777	1	103	T	A
D1_N1	0.177964997524	2	197	C	T
D1_N1	0.180849144923	1	717	T	A
D1_N1	0.181562467434	2	547	C	G
D1_N1	0.182504852108	2	119	T	C
D1_N1	0.182876283082	2	479	A	C
D1_N1	0.183367303339	1	337	T	A
D1_N1	0.183587374634	1	330	G	T
D1_N1	0.184084540848	1	305	A	T
D1_N1	0.185023465454	1	393	G	C
D1_N1	0.185333258264	1	689	G	T
D1_N1	0.185656712955	2	387	T	C
D1_N1	0.186246517894	1	526	C	T
D1_N1	0.186872147789	2	249	T	G
D1_N1	0.188050531129	1	247	T	G
D1_N1	0.188820024856	2	135	G	C
D1_N1	0.189729317178	2	15	C	T
D1_N1	0.189998445202	1	696	C	G
D1_N1	0.191479232445	2	456	C	T
D1_N1	0.191976891713	1	320	C	T
D1_N1	0.192603906648	1	233	G	A
D1_N1	0.19334635147	2	263	T	G
D1_N1	0.19369611843	2	304	G	A
D1_N1	0.196054449346	1	719	T	G
D1_N1	0.197895274563	2	442	A	G
D1_N1	0.198219277959	1	339	G	A
D1_N1	0.198869603214	1	735	G	T
D1_N1	0.199085333259	1	624	C	G
D1_N1	0.200122539936	1	145	T	A
D1_N1	0.200748441874	1	629	G	T
D1_N1	0.200819417422	1	2	A	G
D1_N1	0.200934311197	2	488	A	T
D1_N1	0.201386436769	2	289	G	C
D1_N1	0.201396531059	1	751	T	A
D1_N1	0.201517799852	1	88	C	G
D1_N1	0.201527535557	1	376	T	G
D1_N1	0.202316816371	2	82	C	G
D1_N1	0.202385200443	2	593	C	T
D1_N1	0.202731606786	1	368	C	T
D1_N1	0.204686684779	2	204	A	G
D1_N1	0.205030497178	1	212	T	G
D1_N1	0.205280751205	1	455	T	A
D1_N1	0.205319073751	1	330	T	C
D1_N1	0.205777080125	2	7	A	G
D1_N1	0.206134919284	1	239	G	T
D1_N1	0.207202463605	1	694	A	G
D1_N1	0.207487024836	2	398	C	A
D1_N1	0.207643989472	2	211	A	T
D1_N1	0.207869952675	2	115	T	A
D1_N1	0.208016498879	2	154	A	C
D1_N1	0.208485698742	2	82	G	A
D1_N1	0.209176297963	2	157	G	C
D1_N1	0.210461299776	1	685	T	G
D1_N1	0.210525444361	2	556	C	A
D1_N1	0.212519910628	1	197	A	G
D1_N1	0.214135543793	1	497	T	C
D1_N1	0.214159306672	1	668	T	A
N1_N2	0.000514376375828	1	615	T	A
N1_N2	0.00116123984759	2	386	A	T
N1_N2	0.00162886140295	1	756	G	T
N1_N2	0.00208307174878	2	341	C	T
N1_N2	0.00215458913521	1	236	G	A
N1_N2	0.00218233939493	2	349	A	C
N1_N2	0.00258215760486	1	719	G	T
N1_N2	0.00411499815045	1	557	C	T
N1_N2	0.00423374941182	2	346	A	C
N1_N2	0.00458169210474	2	722	C	G
N1_N2	0.00668605117772	2	680	T	G
N1_N2	0.00671805011292	1	90	G	A
N1_N2	0.00672105387431	1	445	A	T
N1_N2	0.00745849209683	2	609	A	T
N1_N2	0.00802594597623	2	341	T	G
N1_N2	0.00901241343239	2	110	C	A
N1_N2	0.00947888863054	1	75	A	G
N1_N2	0.0103388934913	1	651	T	C
N1_N2	0.0124168838319	2	518	C	T
N1_N2	0.0129367824695	2	508	A	G
N1_N2	0.0131128621499	2	148	T	G
N1_N2	0.0143514745158	1	573	G	T
N1_N2	0.0172403087384	1	336	T	A
N2_N3	0.000701669196195	1	577	T	A
N2_N3	0.00176493619103	2	265	T	A
N2_N3	0.00282871577142	1	93	T	C
N2_N3	0.00306491871181	2	229	A	T
N2_N3	0.00355827768602	1	380	G	A
N2_N3	0.0036412886007	2	20	T	C
N2_N3	0.00432178041292	2	629	G	A
N2_N3	0.00647988774633	1	529	G	A
N3_N4	0.00049357213817	2	36	T	C
N3_N4	0.000499421284843	2	609	T	C
N3_N4	0.00158508132123	2	43	G	A
N3_N4	0.00294164345236	2	695	G	T
N3_N4	0.00302675413441	2	640	A	G
N3_N4	0.00331708734481	1	289	G	T
N3_N4	0.00370237522043	2	521	C	G
N3_N4	0.00425326552166	1	433	A	G
N3_N4	0.00690422568058	1	608	A	G
N3_N4	0.0073131640374	1	135	G	C
N3_N4	0.00827179500634	2	743	G	A
N4_Human	0.000394101633636	1	64	A	T
N4_Human	0.000957650552195	1	150	G	A
N4_Human	0.00304566421572	1	712	T	A
N4_Human	0.0035943989723	2	62	T	A
N4_Human	0.00435940431271	2	28	C	A
N4_Human	0.00471359840681	1	111	T	G
N4_Human	0.00573618762899	2	68	C	T
N4_Human	0.00639372270396	2	317	T	C
N4_Human	0.00742071050241	1	616	T	A
N4_Human	0.00771504833516	2	349	C	G
N4_Human	0.00929390780879	1	568	G	A
N4_Human	0.0107836172122	1	81	A	G
N4_Chimp	0.000796217476767	2	608	A	T
N4_Chimp	0.00144343662979	2	197	T	C
N4_Chimp	0.0016481421886	2	227	T	A
N4_Chimp	0.00226561336347	1	354	A	G
N4_Chimp	0.00399040574201	2	400	A	G
N4_Chimp	0.00448944439922	1	738	T	C
N4_Chimp	0.00571890753616	2	756	G	C
N4_Chimp	0.00585556646929	2	326	C	A
N4_Chimp	0.00652624658931	2	233	G	A
N4_Chimp	0.00759993612605	2	371	T	A
N4_Chimp	0.00777631537998	1	81	A	C
N4_Chimp	0.00796958919423	2	526	C	G
N4_Chimp	0.00880431066738	1	675	C	A
N4_Chimp	0.0089333096953	2	614	G	T
N4_Chimp	0.00919957671194	2	683	T	A
N4_Chimp	0.00941770520663	2	119	C	T
N4_Chimp	0.0101958563603	1	521	C	A
N3_Goril	0.000317738312609	1	124	T	G
N3_Goril	0.000920382501385	2	81	A	G
N3_Goril	0.00221015242254	2	355	C	T
N3_Goril	0.00232214533885	2	481	C	G
N3_Goril	0.00291465851111	2	577	T	A
N3_Goril	0.00302713806904	2	431	C	A
N3_Goril	0.00339295286197	1	562	G	T
N3_Goril	0.00373347817962	1	448	C	T
N3_Goril	0.00498063765584	1	644	C	T
N3_Goril	0.00505336771477	2	490	C	T
N3_Goril	0.00531611608781	2	544	A	T
N3_Goril	0.00661976768981	1	705	G	A
N3_Goril	0.00722984373479	2	452	C	T
N3_Goril	0.00772889521976	1	594	T	A
N3_Goril	0.00773498241326	1	441	A	G
N3_Goril	0.00807411883007	1	316	A	G
N3_Goril	0.00856691520921	1	112	A	G
N3_Goril	0.00982237210757	1	717	G	T
N3_Goril	0.0100502060124	2	348	A	C
N3_Goril	0.0101812916345	1	758	C	A
N3_Goril	0.0102900272607	2	349	C	T
N3_Goril	0.0103786633307	2	438	T	G
N3_Goril	0.0111024808947	1	741	T	G
N3_Goril	0.0111438920572	1	30	A	G
N3_Goril	0.0112586768125	2	598	T	C
N3_Goril	0.0115194462093	2	700	A	T
N3_Goril	0.0119833285879	2	633	A	T
N3_Goril	0.0137859087056	1	26	A	T
N3_Goril	0.0140977344053	2	136	G	A
N3_Goril	0.0141933060569	2	107	C	A
N3_Goril	0.0144355842507	2	472	T	G
N3_Goril	0.0157144979196	2	414	T	G
N3_Goril	0.0178046011228	2	677	A	C
N3_Goril	0.0179481319704	2	288	C	T
N3_Goril	0.0184590842084	1	266	G	T
N3_Goril	0.0184985661293	1	80	C	A
N3_Goril	0.0185069794655	2	517	C	T
N3_Goril	0.0197219156416	1	650	A	G
N3_Goril	0.0206279591251	2	752	A	G
N3_Goril	0.0210983979379	1	187	C	T
N2_Orang	4.6603426812e-05	1	174	A	T
N2_Orang	0.000352356994679	2	497	A	G
N2_Orang	0.00044004143834	2	480	T	A
N2_Orang	0.000667928179481	1	725	A	G
N2_Orang	0.00109726089209	2	119	C	A
N2_Orang	0.0013803669681	1	443	G	T
N2_Orang	0.00307903241292	1	373	C	T
N2_Orang	0.00321879232635	1	179	A	G
N2_Orang	0.00416238846445	2	35	G	A
N2_Orang	0.00439824774433	1	390	C	G
N2_Orang	0.00514131584825	2	56	C	G
N2_Orang	0.005164348707	1	652	C	T
N2_Orang	0.00538486857168	2	238	T	A
N2_Orang	0.00774142159696	1	224	T	A
N2_Orang	0.0080398423761	2	283	T	G
N2_Orang	0.00978563717619	1	454	T	A
N2_Orang	0.0098384665312	2	14	C	T
N2_Orang	0.0105488873596	1	141	C	A
N2_Orang	0.0112400085476	2	106	C	T
N2_Orang	0.0135034768346	1	415	T	G
N1_Macaq	0.000485421733273	2	541	T	A
N1_Macaq	0.000576482079792	2	643	A	G
N1_Macaq	0.000652623513607	1	626	C	T
N1_Macaq	0.000990433182176	2	577	T	G
N1_Macaq	0.00107223395223	1	102	G	T
N1_Macaq	0.00197383929018	2	431	C	A
N1_Macaq	0.00220149912752	1	529	G	C
N1_Macaq	0.00220265401763	2	6	G	A
N1_Macaq	0.00258417134264	2	741	T	A
N1_Macaq	0.0049163577275	2	606	T	G
N1_Macaq	0.00505823345699	2	160	A	T
N1_Macaq	0.00507614808023	2	146	A	G
N1_Macaq	0.00516731810181	2	322	A	T
N1_Macaq	0.00565463072953	2	641	A	T
N1_Macaq	0.00595780752707	2	591	G	A
N1_Macaq	0.00702965978481	2	467	G	C
N1_Macaq	0.00871932173017	2	625	A	T
N1_Macaq	0.00890941805137	1	392	G	C
N1_Macaq	0.00985062700234	2	478	G	C
N1_Macaq	0.0100431026266	1	341	A	T
N1_Macaq	0.0105568662962	2	550	A	G
N1_Macaq	0.0106949467834	2	155	T	A
N1_Macaq	0.0113659195237	1	133	C	G
N1_Macaq	0.0120047546031	2	403	T	G
N1_Macaq	0.0128336947273	2	370	A	G
N1_Macaq	0.013014122559	1	213	C	T
N1_Macaq	0.0140048008589	1	110	T	G
N1_Macaq	0.0140179011105	2	589	C	T
N1_Macaq	0.0141193876453	2	8	T	G
N1_Macaq	0.0143092162847	2	130	T	G
N1_Macaq	0.0151421635377	1	441	T	C
N1_Macaq	0.0154594978907	1	599	A	G
N1_Macaq	0.016658182701	2	343	T	G
N1_Macaq	0.0170005825059	1	172	T	C
N1_Macaq	0.0197772367107	2	350	T	C
N1_Macaq	0.0198399305941	2	631	G	A
N1_Macaq	0.0201435854404	1	550	A	T
N1_Macaq	0.0220287008841	1	405	T	G
N1_Macaq	0.0229083300953	2	3	T	G
N1_Macaq	0.0235849403297	2	659	G	C
N1_Macaq	0.0241510931969	1	540	C	A
N1_Macaq	0.0255706338347	1	627	A	T
N1_Macaq	0.025927436326	1	631	A	G
N1_Macaq	0.0260154383294	2	308	A	G
N1_Macaq	0.0260542130028	2	654	G	A
N1_Macaq	0.0287917482424	2	381	A	G
N1_Macaq	0.0293619185047	2	17	T	A
N1_Macaq	0.0299049596167	2	723	A	G
N1_Macaq	0.0313600887157	1	756	G	C
N1_Macaq	0.0316221164919	1	698	A	G
N0_Mouse	0.0010026106637	0	714	G	A
N0_Mouse	0.00114029189557	0	90	G	T
N0_Mouse	0.00118513333442	0	164	G	T
N0_Mouse	0.00131982159788	0	435	C	G
N0_Mouse	0.00173334774631	0	196	T	C
N0_Mouse	0.00230624595572	0	505	T	G
N0_Mouse	0.00403283241098	0	446	C	A
N0_Mouse	0.0074428519583	0	330	G	A
N0_Mouse	0.00753801782232	0	21	T	A
N0_Mouse	0.0075398646592	0	6	G	C
N0_Mouse	0.00837365028114	0	353	A	T
N0_Mouse	0.00939257462431	0	252	C	A
N0_Mouse	0.0099186734346	0	534	T	G
N0_Mouse	0.0115418266395	0	381	A	G
N0_Mouse	0.0138779521232	0	40	A	G
N0_Mouse	0.0145226770645	0	217	T	C
N0_Mouse	0.0166897538718	0	729	T	C
N0_Mouse	0.0187000016162	0	19	T	A
N0_Mouse	0.0190558757715	0	616	T	C
N0_Mouse	0.0199543441765	0	680	T	G
N0_Mouse	0.0209596053313	0	480	T	C
N0_Mouse	0.0255599725871	0	557	C	G
N0_Mouse	0.0274482651284	0	172	T	C
N0_Mouse	0.0308154357274	0	270	T	C
N0_Mouse	0.0319932016736	0	426	C	T
N0_Mouse	0.0335526434289	0	229	A	T
N0_Mouse	0.0336616494883	0	442	T	A
N0_Mouse	0.0351873197041	0	745	C	T
N0_Mouse	0.0367525238452	0	40	G	A
N0_Mouse	0.0392008915617	0	637	G	A
N0_Mouse	0.0396525416475	0	490	C	G
N0_Mouse	0.041234849407	0	427	G	A
N0_Mouse	0.0413740940556	0	51	C	A
N0_Mouse	0.0443398524979	0	672	A	G
N0_Mouse	0.0449226461975	0	230	A	G
N0_Mouse	0.0462322707224	0	527	A	G
N0_Mouse	0.0462935215895	0	398	T	C
N0_Mouse	0.0464125430131	0	446	A	G
N0_Mouse	0.0476944787154	0	296	T	C
N0_Mouse	0.0484228334606	0	2	T	G
N0_Mouse	0.048692874526	0	366	T	G
N0_Mouse	0.04938349276	0	745	T	C
N0_Mouse	0.0501051369962	0	691	C	T
N0_Mouse	0.0501892075097	0	382	A	G
N0_Mouse	0.0506379723775	0	610	C	A
N0_Mouse	0.0509414180991	0	521	C	T
N0_Mouse	0.0519513407138	0	256	G	A
N0_Mouse	0.0530340900119	0	553	A	G
N0_Mouse	0.0542008791301	0	410	G	A
N0_Mouse	0.0558051220294	0	691	T	G
N0_Mouse	0.0569612213315	0	665	T	G
N0_Mouse	0.0570039107804	0	370	T	C
N0_Mouse	0.0589101329422	0	176	A	G
N0_Mouse	0.0614265063983	0	428	G	A
N0_Mouse	0.0615146670497	0	701	G	A
N0_Mouse	0.0625056239441	0	515	G	A
N0_Mouse	0.0643916823158	0	233	G	C
N0_Mouse	0.0650329460778	0	20	T	C
N0_Mouse	0.0666249296054	0	329	A	T
N0_Mouse	0.0674605623835	0	512	A	T
N0_Mouse	0.0678501980596	0	332	A	G
N0_Mouse	0.068457785003	0	247	T	A
N0_Mouse	0.0709001670346	0	690	G	A
N0_Mouse	0.0741704519177	0	133	C	A
N0_Mouse	0.0770370704594	0	596	T	A
N0_Mouse	0.0822737620089	0	273	C	T
N0_Mouse	0.0829986080645	0	715	A	G
N0_Mouse	0.0835295073039	0	214	A	C
N0_Mouse	0.0852470169628	0	709	A	G
N0_Mouse	0.0857665132287	0	103	T	A
N0_Mouse	0.0866017285203	0	537	A	T
N0_Mouse	0.0867904679722	0	443	G	A
N0_Mouse	0.0886146876488	0	159	G	T
N0_Mouse	0.0891098679552	0	169	C	T
N0_Mouse	0.0901816814243	0	218	T	C
N0_Mouse	0.0906930917406	0	353	T	G
N0_Mouse	0.0918825057853	0	276	T	A
N0_Mouse	0.0929330190115	0	626	C	T
N0_Mouse	0.0939743480027	0	7	A	T
N0_Mouse	0.0961970106083	0	689	G	A
N0_Mouse	0.0990855756956	0	106	C	T
N0_Mouse	0.102507402122	0	511	G	T
N0_Mouse	0.104726355928	0	65	A	T
N0_Mouse	0.104823836037	0	522	G	A
N0_Mouse	0.104845560175	0	607	G	A
N0_Mouse	0.106490930354	0	347	T	G
N0_Mouse	0.108199500849	0	499	A	T
N0_Mouse	0.109063190067	0	35	G	A
N0_Mouse	0.110848773724	0	656	T	A
N0_Mouse	0.111207600382	0	560	C	T
N0_Mouse	0.11159860736	0	229	T	A
N0_Mouse	0.111658953601	0	254	T	G
N0_Mouse	0.114103496745	0	81	A	G
N0_Mouse	0.120976096018	0	408	C	T
N0_Mouse	0.12199271163	0	4	T	C
N0_Mouse	0.123623364345	0	181	T	C
N0_Mouse	0.125260434787	0	186	C	G
N0_Mouse	0.12986275667	0	92	G	T
N0_Mouse	0.130404656488	0	730	C	G
N0_Mouse	0.131877874565	0	160	A	T
N0_Mouse	0.133365239997	0	21	A	T
N0_Mouse	0.133383507825	0	43	G	A
N0_Mouse	0.136174577339	0	335	A	G
N0_Mouse	0.136334535285	0	223	T	A
N0_Mouse	0.14003293946	0	357	A	G
N0_Mouse	0.141169373784	0	172	C	A
N0_Mouse	0.14178669483	0	105	A	C
N0_Mouse	0.14211647662	0	320	C	T
N0_Mouse	0.142861528453	0	410	A	T
N0_Mouse	0.144477295935	0	686	G	C
N0_Mouse	0.144937506039	0	198	G	A
N0_Mouse	0.146840508205	0	105	C	T
N0_Mouse	0.147093549765	0	183	T	A
N0_Mouse	0.147764818083	0	281	T	C
N0_Mouse	0.152456050518	0	112	A	T
N0_Mouse	0.15761206267	0	514	G	C
N0_Mouse	0.158442540569	0	307	A	G
N0_Mouse	0.159393775939	0	624	C	T
N0_Mouse	0.161131260331	0	753	T	G
N0_Mouse	0.162242645446	0	532	A	G
N0_Mouse	0.162441032648	0	212	T	A
N0_Mouse	0.164934393031	0	681	A	C
N0_Mouse	0.165817581652	0	719	T	C
N0_Mouse	0.167119776654	0	359	C	G
N0_Mouse	0.169892887161	0	281	C	A
N0_Mouse	0.16989615727	0	181	C	A
N0_Mouse	0.170110409439	0	217	C	A
N0_Mouse	0.174188035271	0	123	A	T
N0_Mouse	0.175307490358	0	339	T	A
N0_Mouse	0.176282293242	0	49	T	G
N0_Mouse	0.17711846373	0	497	A	G
N0_Mouse	0.177248750082	0	161	A	G
N0_Mouse	0.178119999062	0	729	C	A
N0_Mouse	0.180578725201	0	544	A	T
N0_Mouse	0.181932333359	0	559	G	T
N0_Mouse	0.182444801617	0	748	C	T
N0_Mouse	0.183443857138	0	638	A	T
N0_Mouse	0.183900896668	0	21	T	A
N0_Mouse	0.184845531923	0	251	T	G
N0_Mouse	0.185975778546	0	297	A	G
N0_Mouse	0.187273316852	0	482	T	C
N0_Mouse	0.192296908896	0	75	A	G
N0_Mouse	0.193720053781	0	534	G	T
N0_Mouse	0.19446247868	0	421	G	T
N0_Mouse	0.195911702126	0	167	G	T
N0_Mouse	0.197178496397	0	12	G	A
N0_Mouse	0.197258001674	0	84	A	G
N0_Mouse	0.197502960405	0	356	A	T
N0_Mouse	0.197915690007	0	430	C	T
N0_Mouse	0.198654156004	0	548	A	T
N0_Mouse	0.198930416583	0	757	G	A
N0_Mouse	0.199186216436	0	96	T	G
N0_Mouse	0.203549076177	0	454	T	A
N0_Mouse	0.203621570489	0	166	T	G
N0_Mouse	0.205121638632	0	160	T	G
N0_Mouse	0.205867116949	0	386	A	C
N0_Mouse	0.207915459347	0	237	T	G
N0_Mouse	0.208876545079	0	255	A	T
N0_Mouse	0.210244384372	0	136	G	A
N0_Mouse	0.214716590045	0	41	T	C
N0_Mouse	0.215070302555	0	31	T	C
N0_Mouse	0.219617448465	0	461	A	G
N0_Mouse	0.221935351873	0	372	A	C
N0_Mouse	0.222547374134	0	103	A	T
N0_Mouse	0.223872914242	0	30	A	C
N0_Mouse	0.22453642102	0	135	G	A
N0_Mouse	0.226185220332	0	601	C	T
N0_Mouse	0.22619556532	0	744	C	G
N0_Mouse	0.230276769334	0	215	T	A
N0_Mouse	0.230888689218	0	576	C	A
N0_Mouse	0.23335457367	0	673	C	G
N0_Mouse	0.234148492624	0	647	A	G
N0_Mouse	0.234171191233	0	310	G	C
N0_Mouse	0.234199923352	0	485	A	G
N0_Mouse	0.235124742302	0	691	G	A
N0_Mouse	0.2359379344	0	481	C	A
N0_Mouse	0.236236951346	0	265	A	G
N0_Mouse	0.241477821667	0	682	A	G
N0_Mouse	0.242477713037	0	368	C	T
N0_Mouse	0.243087233917	0	742	G	A
N0_Mouse	0.243564961406	0	197	C	T
N0_Mouse	0.244080896498	0	608	T	G
N0_Mouse	0.24411947421	0	111	T	C
N0_Mouse	0.246625202047	0	223	A	T
N0_Mouse	0.247361494256	0	413	G	A
N0_Mouse	0.248258161456	0	674	C	T
N0_Mouse	0.248869801832	0	167	T	G
N0_Mouse	0.251462738676	0	389	G	A
N0_Mouse	0.253430117836	0	54	A	C
N0_Mouse	0.253513246279	0	232	A	G
N0_Mouse	0.254062888135	0	42	C	A
N0_Mouse	0.254277423634	0	62	T	A
N0_Mouse	0.256323871056	0	751	T	A
N0_Mouse	0.258643741171	0	11	T	C
N0_Mouse	0.259827776715	0	533	C	T
N0_Mouse	0.261381415675	0	681	C	T
N0_Mouse	0.2634831388	0	167	G	A
N0_Mouse	0.263787784453	0	6	C	A
N0_Mouse	0.266479776079	0	452	C	A
N0_Mouse	0.268068172751	0	630	T	C
N0_Mouse	0.270006867057	0	505	G	T
N0_Mouse	0.273009994293	0	439	A	G
N0_Mouse	0.273414006518	0	121	G	T
N0_Mouse	0.274235954664	0	216	G	A
N0_Mouse	0.276184637606	0	437	G	A
N0_Mouse	0.278625387799	0	326	C	G
N0_Mouse	0.278974316651	0	267	G	A
N0_Mouse	0.284402204935	0	562	G	T
N0_Mouse	0.286237878075	0	477	T	G
N0_Mouse	0.291313088894	0	531	A	T
N0_Mouse	0.294694342605	0	257	T	C
N0_Mouse	0.296889592487	0	362	A	G
N0_Mouse	0.298669022149	0	192	T	A
N0_Mouse	0.300797745775	0	753	G	A
N0_Mouse	0.301146272614	0	529	G	A
N0_Mouse	0.302310190868	0	197	T	C
N0_Mouse	0.306666771882	0	299	C	T
N0_Mouse	0.311747122881	0	128	A	C
N0_Mouse	0.311873098152	0	485	G	T
N0_Mouse	0.316001013384	0	259	G	A
N0_Mouse	0.319469196664	0	242	T	A
N0_Mouse	0.320418107927	0	167	A	G
N0_Mouse	0.321291674209	0	695	G	C
N0_Mouse	0.323067344258	0	18	A	T
N0_Mouse	0.328261822516	0	386	C	A
N0_Mouse	0.332462417783	0	123	T	C
N0_Mouse	0.332715464431	0	5	T	A
N0_Mouse	0.334269687204	0	404	T	A
N0_Mouse	0.334545909874	0	193	A	C
N0_Mouse	0.335675158543	0	18	T	C
N0_Mouse	0.337760304736	0	377	A	T
N0_Mouse	0.338308069922	0	573	G	A
N0_Mouse	0.339087357587	0	225	A	G
N0_Mouse	0.33949368819	0	636	A	G
N0_Mouse	0.340712159699	0	382	G	A
N0_Mouse	0.341486423624	0	95	G	T
N0_Mouse	0.341646860757	0	637	A	C
N0_Mouse	0.342659816834	0	254	G	C
N0_Mouse	0.344455117357	0	27	C	T
N0_Mouse	0.34717011103	0	607	A	T
N0_Mouse	0.347327746375	0	252	A	G
N0_Mouse	0.347383799361	0	604	G	A
N0_Mouse	0.348710663088	0	750	G	A
N0_Mouse	0.350210147671	0	600	C	T
N0_Mouse	0.35248855351	0	615	T	C
N0_Mouse	0.356081539435	0	392	G	A
N0_Mouse	0.356326227338	0	581	A	T
N0_Mouse	0.356873963891	0	191	A	G
N0_Mouse	0.35697191459	0	615	C	T
N0_Mouse	0.357027429292	0	692	A	G
N0_Mouse	0.357706402934	0	390	C	T
N0_Mouse	0.358345942383	0	679	T	A
N0_Mouse	0.361671162793	0	563	T	A
N0_Mouse	0.36420933085	0	285	A	C
N0_Mouse	0.36437965145	0	345	A	G
N0_Mouse	0.367111808134	0	407	C	T
N0_Mouse	0.367145138377	0	500	C	A
N0_Mouse	0.367618817074	0	522	A	G
N0_Mouse	0.369401333665	0	519	T	G
N0_Mouse	0.373832302052	0	191	G	A
N0_Mouse	0.375027374646	0	458	A	C
N0_Mouse	0.375901755575	0	32	G	A
N0_Mouse	0.376539834053	0	259	A	C
N0_Mouse	0.378298669019	0	126	T	G
N0_Mouse	0.379229074506	0	373	C	T
N0_Mouse	0.380309605296	0	753	A	G
N0_Mouse	0.383161317816	0	476	C	T
N0_Mouse	0.384765300184	0	615	T	A
N0_Mouse	0.384878251609	0	522	G	C
N0_Mouse	0.385580223114	0	97	T	A
N0_Mouse	0.385833276862	0	4	C	G
N0_Mouse	0.386238822715	0	597	G	T
N0_Mouse	0.387338861637	0	222	G	A
N0_Mouse	0.387718911103	0	575	T	A
N0_Mouse	0.391673462299	0	511	T	C
N0_Mouse	0.39200632868	0	261	T	G
N0_Mouse	0.392862498661	0	46	C	T
N0_Mouse	0.394012786391	0	446	G	T
N0_Mouse	0.395216871552	0	691	A	G
N0_Mouse	0.395316843982	0	140	G	C
N0_Mouse	0.395440171116	0	268	A	T
N0_Mouse	0.39631263977	0	510	A	G
N0_Mouse	0.396823229461	0	624	T	A
N0_Mouse	0.398037346951	0	357	G	A
N0_Mouse	0.403207397179	0	562	T	G
N0_Mouse	0.403420024711	0	345	G	A
N0_Mouse	0.407469709199	0	303	A	G
N0_Mouse	0.407703399262	0	548	T	C
N0_Mouse	0.408033048761	0	77	G	T
N0_Mouse	0.409972881472	0	174	A	G
N0_Mouse	0.410306887355	0	293	T	G
N0_Mouse	0.410720817183	0	477	G	T
N0_Mouse	0.411272090253	0	271	G	A
N0_Mouse	0.412938040358	0	127	T	C
N0_Mouse	0.413874717712	0	294	T	C
N0_Mouse	0.416083146283	0	303	G	A
N0_Mouse	0.416949718688	0	93	T	A
N0_Mouse	0.417857370125	0	561	T	A
N0_Mouse	0.419120148147	0	265	G	A
N0_Mouse	0.42213164525	0	709	G	A
N0_Mouse	0.422961909438	0	516	T	C
N0_Mouse	0.423702463104	0	287	A	T
N0_Mouse	0.423714828439	0	438	T	G
N0_Mouse	0.426332290926	0	696	C	G
N0_Mouse	0.429850300936	0	266	G	C
N0_Mouse	0.430478556424	0	106	T	A
N0_Mouse	0.431068892217	0	756	T	A
N0_Mouse	0.43280789431	0	542	T	C
N0_Mouse	0.432926067081	0	276	A	G
N0_Mouse	0.433106520792	0	490	G	A
N0_Mouse	0.433544241484	0	53	T	G
N0_Mouse	0.433962799404	0	516	C	T
N0_Mouse	0.434791937817	0	500	A	G
N0_Mouse	0.438667994672	0	387	T	A
N0_Mouse	0.440015641091	0	571	A	C
N0_Mouse	0.441812596236	0	213	C	T
N0_Mouse	0.44414328081	0	42	A	T
N0_Mouse	0.446258813656	0	384	T	C
N0_Mouse	0.446982917318	0	597	T	C
N0_Mouse	0.447356108297	0	37	T	C
N0_Mouse	0.448742506626	0	339	A	T
N0_Mouse	0.449033470168	0	180	T	G
N0_Mouse	0.45059547101	0	147	C	T
N0_Mouse	0.45422717907	0	266	C	A
N0_Mouse	0.455027479073	0	480	C	A
N0_Mouse	0.455111130663	0	719	C	A
N0_Mouse	0.456072940489	0	625	A	G
N0_Mouse	0.456588753395	0	229	A	G
N0_Mouse	0.458957367632	0	114	T	G
