edge	time	mut_orlg	mut_pos	old_state	new_state
N0_D1	0.000266014310382	0	769	C	G
N0_D1	0.00118190121155	0	624	A	T
N0_D1	0.00395352478011	0	154	T	G
N0_D1	0.00498253771391	0	714	A	G
N0_D1	0.00521544061222	0	859	C	T
N0_D1	0.00587412775359	0	457	T	G
N0_D1	0.00628744324672	0	750	A	G
N0_D1	0.00698076069262	0	863	T	A
N0_D1	0.00764818213531	0	699	T	C
N0_D1	0.00829490106511	0	924	G	A
N0_D1	0.0086351053023	0	935	T	C
N0_D1	0.00920137810393	0	662	C	G
N0_D1	0.0097185245374	0	1362	A	T
N0_D1	0.010996116905	0	1194	A	C
N0_D1	0.0117473279241	0	619	G	A
N0_D1	0.0124935236398	0	1124	T	G
N0_D1	0.0127619720275	0	404	G	A
N0_D1	0.0128382707586	0	1246	T	G
N0_D1	0.0130860058681	0	911	G	A
N0_D1	0.0144970641871	0	802	A	C
N0_D1	0.0155257007687	0	993	T	C
N0_D1	0.0159739371549	0	942	A	G
N0_D1	0.0159949848763	0	1082	G	T
N0_D1	0.0168876119676	0	1083	T	C
N0_D1	0.0175731240309	0	1169	T	G
N0_D1	0.0183290972515	0	176	A	G
N0_D1	0.01865279718	0	1224	T	C
N0_D1	0.019204784846	0	514	T	A
N0_D1	0.0197987760423	0	847	A	C
N0_D1	0.0227063915945	0	914	T	G
N0_D1	0.0235654692475	0	1007	A	G
N0_D1	0.0238004357332	0	842	G	T
N0_D1	0.0243604117015	0	426	C	G
N0_D1	0.0251305109518	0	780	G	A
N0_D1	0.0251324380159	0	1361	A	G
N0_D1	0.026174088616	0	740	T	C
N0_D1	0.0268304934356	0	1154	A	T
N0_D1	0.0268972196454	0	276	C	T
N0_D1	0.0278734808748	0	940	C	A
N0_D1	0.0283718572539	0	875	G	A
N0_D1	0.029255470358	0	1057	A	G
N0_D1	0.0309484986904	0	8	A	G
N0_D1	0.0309534627374	0	505	C	A
N0_D1	0.0328931962223	0	814	A	T
N0_D1	0.0333371369441	0	789	C	T
N0_D1	0.0334689194384	0	667	T	C
N0_D1	0.0343224194571	0	680	A	T
N0_D1	0.0343750455103	0	1105	C	T
N0_D1	0.0345807317973	0	463	C	A
N0_D1	0.0348253235618	0	238	T	A
N0_D1	0.0349386422771	0	659	A	T
N0_D1	0.035801081976	0	767	A	T
N0_D1	0.0363879394802	0	307	G	A
N0_D1	0.0366539516457	0	448	T	C
N0_D1	0.0390369290562	0	1069	A	T
N0_D1	0.0394309614042	0	373	A	G
N0_D1	0.0410851331208	0	1289	T	C
N0_D1	0.0413613128423	0	1100	C	A
N0_D1	0.0415468112955	0	786	G	A
N0_D1	0.0445114713717	0	864	C	A
N0_D1	0.0458208993705	0	862	G	A
N0_D1	0.0468452263874	0	1169	G	A
N0_D1	0.0468694688249	0	911	A	G
N0_D1	0.0469634508427	0	246	G	A
N0_D1	0.0474257506258	0	910	G	A
N0_D1	0.0496426662994	0	445	C	T
N0_D1	0.0499191596874	0	747	A	T
N0_D1	0.0503383987122	0	880	A	G
N0_D1	0.0508665390835	0	409	A	C
D1_N1	0.000220539090842	2	1248	T	A
D1_N1	0.000670861895793	2	1066	T	C
D1_N1	0.00116464761566	2	273	A	G
D1_N1	0.00129331358473	2	1172	T	G
D1_N1	0.002218253093	2	749	C	A
D1_N1	0.00304362128368	2	1154	T	A
D1_N1	0.00319008945002	1	877	G	A
D1_N1	0.00323465832987	1	219	C	T
D1_N1	0.00341890235169	1	1286	A	G
D1_N1	0.00354288224781	1	1289	C	A
D1_N1	0.00366706052014	2	809	G	A
D1_N1	0.00368913005007	1	102	T	A
D1_N1	0.00376781368142	1	575	A	T
D1_N1	0.00389413915427	2	363	A	C
D1_N1	0.00455652092759	1	952	G	A
D1_N1	0.0046422310563	2	359	A	G
D1_N1	0.00509132307647	2	394	A	G
D1_N1	0.0053517177053	1	168	A	G
D1_N1	0.00578558219882	1	1316	A	C
D1_N1	0.0058320960734	1	760	G	A
D1_N1	0.00676105157084	2	230	G	A
D1_N1	0.0069841944238	2	917	C	T
D1_N1	0.00728875567264	1	721	C	T
D1_N1	0.00734280194007	2	93	A	T
D1_N1	0.00778202541878	2	962	T	A
D1_N1	0.007880415088	1	1237	A	T
D1_N1	0.00826510607428	1	854	G	A
D1_N1	0.00917370782754	1	968	A	C
D1_N1	0.00944760930456	2	567	G	C
D1_N1	0.00968390470616	2	1000	A	G
D1_N1	0.00982556255203	1	126	T	G
D1_N1	0.00998909568709	2	856	T	A
D1_N1	0.0103595434368	1	53	G	C
D1_N1	0.0110423175765	1	1084	T	C
D1_N1	0.0112929797061	1	521	G	A
D1_N1	0.011734855865	2	305	T	A
D1_N1	0.0124957630365	2	879	A	G
D1_N1	0.0128464464199	1	27	C	T
D1_N1	0.0140544090401	1	65	G	T
D1_N1	0.0151735451812	1	924	A	C
D1_N1	0.0151963044315	2	614	A	C
D1_N1	0.0155951897948	1	252	G	A
D1_N1	0.0173638502918	2	1123	A	T
D1_N1	0.0174230563396	1	365	G	A
D1_N1	0.0178165994612	2	1245	T	C
D1_N1	0.0178949537146	2	19	T	G
D1_N1	0.0180969005886	1	909	T	A
D1_N1	0.0181548490526	2	1123	T	C
D1_N1	0.0181697635244	2	247	T	C
D1_N1	0.018474081747	1	38	A	T
D1_N1	0.0185016170532	2	856	A	C
D1_N1	0.0185255016238	1	878	A	G
D1_N1	0.0191437239283	1	1174	C	G
D1_N1	0.0193048014	2	794	A	C
D1_N1	0.0193841438909	1	166	G	T
D1_N1	0.0196327985522	1	1224	C	T
D1_N1	0.0205276528152	2	986	T	A
D1_N1	0.0213269506733	1	992	A	G
D1_N1	0.0213772032461	2	743	G	A
D1_N1	0.0223156563454	2	1074	G	A
D1_N1	0.0225468578495	2	236	C	A
D1_N1	0.022984751101	1	168	G	T
D1_N1	0.0250261172055	1	119	G	T
D1_N1	0.0255931449046	2	637	G	A
D1_N1	0.0257645887847	1	1316	C	A
D1_N1	0.0264573783492	2	1206	G	T
D1_N1	0.026972541337	1	4	T	A
D1_N1	0.0271055455882	2	246	A	T
D1_N1	0.0276302277589	2	745	T	C
D1_N1	0.027644996393	2	75	A	C
D1_N1	0.0277474541901	1	406	A	G
D1_N1	0.0280429565619	2	774	A	T
D1_N1	0.0281636429839	1	1135	A	T
D1_N1	0.0284043360959	1	72	A	T
D1_N1	0.0285177238621	2	758	G	A
D1_N1	0.0285301179937	2	522	A	C
D1_N1	0.0293748801344	2	440	A	C
D1_N1	0.0295007956881	1	784	G	C
D1_N1	0.0295393883879	2	1110	A	G
D1_N1	0.0296638211127	2	884	A	T
D1_N1	0.0297135093141	2	299	A	C
D1_N1	0.0298796337452	2	311	A	G
D1_N1	0.0298895215973	1	561	T	C
D1_N1	0.0301292575487	2	806	C	G
D1_N1	0.0304767477257	1	249	T	A
D1_N1	0.0306257773496	1	184	A	G
D1_N1	0.0314384869068	1	1193	T	A
D1_N1	0.0318278115477	1	1116	A	G
D1_N1	0.0327619185724	1	979	A	C
D1_N1	0.0332558775698	1	268	G	T
D1_N1	0.0336223251383	1	562	G	C
D1_N1	0.0343366072562	1	554	A	G
D1_N1	0.0347322366153	1	48	T	A
D1_N1	0.0350201458465	2	836	C	T
D1_N1	0.0358555779331	1	239	A	T
D1_N1	0.036073961292	1	880	G	T
D1_N1	0.0362819662982	1	1101	T	G
D1_N1	0.0366233601515	1	865	G	T
D1_N1	0.0378048544517	2	766	T	G
D1_N1	0.0379256900422	2	1123	C	G
D1_N1	0.038022940161	2	897	C	T
D1_N1	0.0381278244393	1	764	A	T
D1_N1	0.0382742311074	1	1309	G	A
D1_N1	0.0387882746723	1	584	A	G
D1_N1	0.0389710858526	2	649	A	G
D1_N1	0.0399250220733	2	134	A	G
D1_N1	0.0409728330834	2	675	T	C
D1_N1	0.0411723696678	1	315	C	T
D1_N1	0.04149544396	2	942	G	A
D1_N1	0.0421007059572	1	180	A	G
D1_N1	0.0421823140464	1	638	T	C
D1_N1	0.0422017501681	2	267	A	T
D1_N1	0.0422669928487	1	218	A	C
D1_N1	0.0427324161021	1	1121	C	T
D1_N1	0.043807887129	1	659	T	G
D1_N1	0.0438727385701	1	563	A	C
D1_N1	0.0439904678195	2	232	A	G
D1_N1	0.0440291247673	1	297	T	G
D1_N1	0.0443444380693	2	744	G	T
D1_N1	0.044779861242	2	393	A	G
D1_N1	0.0457574967975	2	278	G	A
D1_N1	0.0461367229715	2	35	C	T
D1_N1	0.0462518001679	2	531	C	A
D1_N1	0.0462614669054	1	294	G	C
D1_N1	0.0462912225581	1	1215	A	C
D1_N1	0.0464770208419	1	339	A	G
D1_N1	0.0477937229696	2	540	T	A
D1_N1	0.0479593034286	1	1020	T	C
D1_N1	0.0484974233895	2	1332	T	A
D1_N1	0.0489126659646	1	942	G	T
D1_N1	0.0489789743058	2	1063	G	T
D1_N1	0.0491681835187	2	46	C	T
D1_N1	0.0492969846629	1	259	C	A
D1_N1	0.0493556008268	1	299	A	G
D1_N1	0.0493812086014	2	271	A	G
D1_N1	0.049593214928	2	871	A	G
D1_N1	0.0499765057209	2	627	G	A
D1_N1	0.0506408903585	2	568	A	C
D1_N1	0.0507495028575	2	260	G	C
D1_N1	0.0509361125973	1	290	C	T
D1_N1	0.0522083167107	1	234	T	C
D1_N1	0.0526940070265	2	162	A	C
D1_N1	0.0527203746515	2	1152	G	A
D1_N1	0.0535937855271	1	43	C	T
D1_N1	0.053986241416	2	1224	C	G
D1_N1	0.0541114806313	1	916	G	T
D1_N1	0.054258315435	2	834	A	G
D1_N1	0.0546791206626	1	1014	C	A
D1_N1	0.0553799735957	2	1010	C	A
D1_N1	0.0554929249208	1	737	C	T
D1_N1	0.0555723210239	2	509	C	T
D1_N1	0.0561593841457	2	307	A	C
D1_N1	0.0562504181929	2	271	G	C
D1_N1	0.0571051782469	2	715	T	A
D1_N1	0.0573584813504	1	827	G	A
D1_N1	0.0573919827951	2	1242	T	A
D1_N1	0.0576534232843	1	713	T	A
D1_N1	0.0577373399534	1	409	C	T
D1_N1	0.0581961630566	2	352	C	A
D1_N1	0.0583200531184	2	784	G	A
D1_N1	0.0584671604059	2	626	C	G
D1_N1	0.0587544496861	2	427	A	G
D1_N1	0.0591913901963	2	816	G	C
D1_N1	0.0595519278557	2	960	A	G
D1_N1	0.0596250261572	1	1300	C	G
D1_N1	0.0603228784371	2	995	T	A
D1_N1	0.0608878069206	2	634	A	C
D1_N1	0.0622281288365	2	559	C	A
D1_N1	0.0623369145368	1	557	A	G
D1_N1	0.0624823359378	1	430	G	A
D1_N1	0.0627572371849	2	674	T	A
D1_N1	0.0628639783472	2	563	A	G
D1_N1	0.0631603926109	2	1182	G	A
D1_N1	0.0637672331671	1	575	T	C
D1_N1	0.06419361633	1	478	G	A
D1_N1	0.0642478341405	2	395	A	G
D1_N1	0.0649892634932	2	78	C	A
D1_N1	0.0650871673863	2	124	C	T
D1_N1	0.0682288321956	1	949	A	C
D1_N1	0.0691822892472	2	302	T	C
D1_N1	0.0694452584453	1	274	G	A
D1_N1	0.0695123144769	2	1046	C	T
D1_N1	0.0698194723602	2	1190	C	T
D1_N1	0.0707417726205	1	1109	C	T
D1_N1	0.0712440582627	2	566	G	T
D1_N1	0.0715489311369	2	21	A	C
D1_N1	0.071977997195	2	1276	T	A
D1_N1	0.0729781914074	2	66	T	G
D1_N1	0.0740122137407	2	1312	T	C
D1_N1	0.0741762321255	2	296	T	A
D1_N1	0.0743464580257	1	246	A	T
D1_N1	0.0745284796722	2	1278	A	G
D1_N1	0.0746486800323	2	1018	T	G
D1_N1	0.074949064154	1	785	T	A
D1_N1	0.0750385350672	2	205	A	T
D1_N1	0.0752493117661	1	87	A	G
D1_N1	0.0754433094087	1	479	A	T
D1_N1	0.0759030458917	1	149	T	C
D1_N1	0.0759287651736	2	408	C	G
D1_N1	0.0760755113695	2	988	C	G
D1_N1	0.0764560921652	1	977	G	A
D1_N1	0.0778127746024	2	1076	A	G
D1_N1	0.0780164947786	1	412	A	G
D1_N1	0.0781701531695	1	169	A	T
D1_N1	0.0781878321419	1	127	T	A
D1_N1	0.0789299513663	1	1263	A	T
D1_N1	0.0791675301233	2	620	T	C
D1_N1	0.079527164695	1	314	A	T
D1_N1	0.0795832833815	1	355	A	T
D1_N1	0.0802739921814	1	43	T	A
D1_N1	0.0812929797226	2	858	G	A
D1_N1	0.0813322108257	2	354	A	C
D1_N1	0.081341347923	1	391	G	A
D1_N1	0.0818217883007	1	603	C	T
D1_N1	0.0818560007369	2	461	A	T
D1_N1	0.0821798270002	2	1280	A	T
D1_N1	0.0826352450261	1	1100	A	T
D1_N1	0.0830344144562	1	1028	A	G
D1_N1	0.0831811737405	2	396	C	T
D1_N1	0.0836189847381	1	905	A	G
D1_N1	0.084130139398	1	1120	G	C
D1_N1	0.0854304870842	1	497	C	T
D1_N1	0.0854977737179	2	1200	C	T
D1_N1	0.085768084244	1	670	A	G
D1_N1	0.0858296668953	2	776	G	A
D1_N1	0.0861858460299	1	495	A	G
D1_N1	0.08647508075	2	188	G	A
D1_N1	0.0872642928852	1	227	A	C
D1_N1	0.0873231863721	1	160	A	G
D1_N1	0.087357351757	2	61	G	A
D1_N1	0.0876758128022	1	60	G	A
D1_N1	0.0885703631474	2	1157	A	G
D1_N1	0.0895296015319	1	505	A	T
D1_N1	0.0908028915576	1	260	G	T
D1_N1	0.0908038087946	2	382	G	A
D1_N1	0.0909679759773	1	681	A	T
D1_N1	0.0911159828849	1	325	A	T
D1_N1	0.0916062960276	2	157	A	G
D1_N1	0.0921032523167	2	61	A	C
D1_N1	0.092996664144	1	770	T	A
D1_N1	0.0940565087899	1	1059	T	C
D1_N1	0.0951819065385	2	1057	G	A
D1_N1	0.0951989580961	2	31	C	G
D1_N1	0.0953715544808	1	1037	A	T
D1_N1	0.0958966395004	1	963	T	C
D1_N1	0.0963973094512	1	173	T	C
D1_N1	0.0965177903616	2	749	A	G
D1_N1	0.0965193422497	1	21	A	G
D1_N1	0.0966614174918	1	945	C	G
D1_N1	0.0966844075698	1	83	A	C
D1_N1	0.0970986889611	2	1188	A	G
D1_N1	0.0971223255162	2	707	T	G
D1_N1	0.0981694391663	1	252	A	T
D1_N1	0.0984643396029	1	759	A	G
D1_N1	0.0985647618872	1	347	A	G
D1_N1	0.0985654844244	2	1301	C	G
D1_N1	0.0991596647484	2	1056	T	A
D1_N1	0.0991661253906	1	1360	G	T
D1_N1	0.0994416100436	2	393	G	A
D1_N1	0.0994677463424	1	1128	C	A
D1_N1	0.0994725742544	2	386	A	G
D1_N1	0.100375661483	1	460	C	A
D1_N1	0.10168074885	2	1298	C	A
D1_N1	0.101993638484	1	1226	A	C
D1_N1	0.102006546268	2	472	A	T
D1_N1	0.103416526857	1	317	T	C
D1_N1	0.103509246814	1	24	G	T
D1_N1	0.103832676258	2	520	A	G
D1_N1	0.104374522481	2	338	A	G
D1_N1	0.104404166008	1	319	A	C
D1_N1	0.105168753435	1	953	T	C
D1_N1	0.105422129025	2	789	T	C
D1_N1	0.10576184018	1	446	C	T
D1_N1	0.106723997352	2	974	G	T
D1_N1	0.106821282701	1	875	A	T
D1_N1	0.10747399921	2	630	A	C
D1_N1	0.107620026551	1	1122	A	C
D1_N1	0.107695673397	2	246	T	A
D1_N1	0.107861899776	2	1093	C	T
D1_N1	0.10858113947	2	949	A	G
D1_N1	0.108686548355	1	599	C	A
D1_N1	0.108771620929	1	71	C	G
D1_N1	0.108834231692	2	400	A	G
D1_N1	0.109304747	2	1194	C	A
D1_N1	0.109537978145	2	814	T	C
D1_N1	0.110023924444	1	45	T	C
D1_N1	0.110509960133	2	374	A	G
D1_N1	0.11097494203	1	1297	T	G
D1_N1	0.111053339796	2	1290	T	C
D1_N1	0.111065894398	2	811	C	T
D1_N1	0.111300622488	2	587	T	A
D1_N1	0.111503515636	2	565	G	A
D1_N1	0.111560743697	1	839	T	A
D1_N1	0.111647241271	1	1153	G	C
D1_N1	0.111928021986	1	816	G	A
D1_N1	0.112663860237	2	1315	T	G
D1_N1	0.112952883154	2	1009	A	C
D1_N1	0.113030345816	2	554	A	G
D1_N1	0.115037982791	2	1213	T	G
D1_N1	0.115220526574	1	1326	A	G
D1_N1	0.115336345455	1	1186	C	T
D1_N1	0.115512532558	1	937	C	T
D1_N1	0.115873030931	2	1116	A	G
D1_N1	0.115927779168	1	429	G	T
D1_N1	0.116444046954	1	23	A	G
D1_N1	0.116557172547	2	186	G	T
D1_N1	0.116738390496	2	600	T	A
D1_N1	0.116795829502	1	699	C	T
D1_N1	0.11716639411	2	1009	C	T
D1_N1	0.11724861388	1	78	C	T
D1_N1	0.117564725581	2	968	A	C
D1_N1	0.11776063829	1	45	C	G
D1_N1	0.1180462718	2	1095	C	G
D1_N1	0.119053279785	2	806	G	A
D1_N1	0.119095165722	2	1363	G	C
D1_N1	0.119190652837	1	160	G	A
D1_N1	0.119302836312	2	1089	G	T
D1_N1	0.119762122148	2	1262	G	A
D1_N1	0.119852495859	1	870	C	T
D1_N1	0.1199906658	2	669	G	C
D1_N1	0.120528466833	2	573	C	A
D1_N1	0.120552687485	2	563	G	A
D1_N1	0.120592638791	1	147	A	G
D1_N1	0.121060227683	1	569	T	C
D1_N1	0.121749368043	1	460	A	C
D1_N1	0.121830420507	1	1163	C	T
D1_N1	0.122101543691	1	473	C	A
D1_N1	0.12214157533	2	684	C	G
D1_N1	0.122678491148	2	1234	A	G
D1_N1	0.123208893226	2	87	A	T
D1_N1	0.123264114589	1	1052	A	T
D1_N1	0.123410650647	1	700	T	C
D1_N1	0.123420327084	2	1120	G	A
D1_N1	0.123648101413	2	161	G	C
D1_N1	0.123783192783	2	760	G	C
D1_N1	0.124136402339	1	360	G	A
D1_N1	0.125473659374	1	558	G	A
D1_N1	0.126204048709	1	252	T	C
D1_N1	0.126918631742	2	633	T	A
D1_N1	0.127391933199	2	911	G	A
D1_N1	0.128283329808	1	1178	A	G
D1_N1	0.129214603755	2	801	C	T
D1_N1	0.129872862807	1	304	C	T
D1_N1	0.130603600829	2	1177	T	G
D1_N1	0.131259373004	1	1182	G	A
D1_N1	0.132248317424	1	325	T	A
D1_N1	0.132592068397	2	107	G	C
D1_N1	0.132724836367	2	759	A	G
D1_N1	0.132818899033	2	768	T	G
D1_N1	0.133605691961	1	967	G	A
D1_N1	0.134036697263	1	768	T	A
D1_N1	0.134235571514	2	785	T	C
D1_N1	0.134302205823	2	579	G	T
D1_N1	0.134309808715	1	1124	G	A
D1_N1	0.134488229869	1	922	T	A
D1_N1	0.13470908846	2	909	T	G
D1_N1	0.134929007818	1	345	T	A
D1_N1	0.135171464089	2	284	T	G
D1_N1	0.136094805565	1	1204	A	G
D1_N1	0.136272432744	2	40	T	C
D1_N1	0.136539605646	1	661	C	A
D1_N1	0.136899727607	2	1067	G	A
D1_N1	0.137483440921	1	462	C	T
D1_N1	0.137877787272	2	59	T	C
D1_N1	0.138143927662	2	665	T	C
D1_N1	0.138334704394	1	933	C	A
D1_N1	0.138586942691	2	1232	C	A
D1_N1	0.138699827075	2	837	A	T
D1_N1	0.138776153502	1	1278	A	G
D1_N1	0.138906412157	1	456	C	A
D1_N1	0.139546933988	1	180	G	A
D1_N1	0.139840220378	1	85	G	C
D1_N1	0.140001305077	2	687	A	G
D1_N1	0.140225710338	1	451	G	A
D1_N1	0.140368365855	2	1284	A	G
D1_N1	0.140599743846	2	42	A	G
D1_N1	0.140648418098	1	22	C	G
D1_N1	0.14086567648	2	1234	G	A
D1_N1	0.141371119277	1	1041	A	G
D1_N1	0.141402643343	1	174	C	T
D1_N1	0.141811849664	1	228	T	C
D1_N1	0.142242182622	2	526	G	T
D1_N1	0.142397916758	1	434	A	G
D1_N1	0.14266759725	1	1276	T	A
D1_N1	0.143027332795	2	1130	G	A
D1_N1	0.143708456908	1	462	T	A
D1_N1	0.14398806649	1	898	G	A
D1_N1	0.145058809887	2	777	A	C
D1_N1	0.14521199907	2	714	G	C
D1_N1	0.145977445816	1	298	A	G
D1_N1	0.146377418169	1	781	C	T
D1_N1	0.146967717822	2	1028	A	C
D1_N1	0.148066201998	1	233	A	T
D1_N1	0.149585174298	2	878	A	C
D1_N1	0.150300919141	2	1055	A	G
D1_N1	0.150443880914	2	1000	G	A
D1_N1	0.15067765148	1	133	C	T
D1_N1	0.150950106359	1	1158	A	T
D1_N1	0.151767802401	2	949	G	A
D1_N1	0.151785123837	2	1207	A	T
D1_N1	0.152441604655	1	373	G	T
D1_N1	0.153159882377	2	24	G	A
D1_N1	0.153954648677	2	466	T	A
D1_N1	0.154502739454	2	177	C	G
D1_N1	0.155033044251	1	499	A	C
D1_N1	0.155100425888	2	961	A	T
D1_N1	0.155856092891	2	875	A	C
D1_N1	0.156350627443	1	1326	G	A
D1_N1	0.156462772733	1	1346	A	G
D1_N1	0.156612750256	1	1185	T	A
D1_N1	0.156695453745	2	173	T	C
D1_N1	0.156798942759	2	645	A	G
D1_N1	0.156836397068	1	715	T	C
D1_N1	0.158177408622	1	733	T	C
D1_N1	0.158365567143	2	790	G	T
D1_N1	0.158562141717	1	1152	G	T
D1_N1	0.158999244252	2	452	A	G
D1_N1	0.159188855118	2	135	C	T
D1_N1	0.159923001692	2	0	C	T
D1_N1	0.161112190846	2	1267	T	G
D1_N1	0.161257890609	2	981	T	A
D1_N1	0.161620140881	2	807	A	T
D1_N1	0.161649647651	2	618	G	T
D1_N1	0.161690776706	1	620	T	A
D1_N1	0.161774222357	2	60	G	A
D1_N1	0.162181675945	1	565	G	A
D1_N1	0.162187661936	2	798	G	C
D1_N1	0.162812742731	2	326	C	T
D1_N1	0.162945011355	2	1289	C	T
D1_N1	0.163128901487	1	1293	A	C
D1_N1	0.163979951639	2	598	T	C
D1_N1	0.164091199799	2	1039	T	G
D1_N1	0.164351500344	2	589	A	C
D1_N1	0.164429771129	2	857	A	G
D1_N1	0.164489501925	1	646	T	C
D1_N1	0.164494478425	1	339	G	C
D1_N1	0.165068001637	2	1305	G	T
D1_N1	0.165470835224	2	658	T	A
D1_N1	0.165772443602	1	557	G	A
D1_N1	0.165879162227	1	1349	T	A
D1_N1	0.166971063987	1	516	G	A
D1_N1	0.168225049437	2	898	G	T
D1_N1	0.16861656217	2	227	A	G
D1_N1	0.168741346754	2	230	A	T
D1_N1	0.169201124657	2	427	G	A
D1_N1	0.170194458122	2	415	C	A
D1_N1	0.17104318835	1	1058	T	A
D1_N1	0.171238324133	1	4	A	C
D1_N1	0.17228347098	2	253	T	C
D1_N1	0.172395777779	2	644	A	G
D1_N1	0.173900023357	1	753	T	A
D1_N1	0.174074353211	1	864	A	G
D1_N1	0.174400763383	2	344	T	A
D1_N1	0.17477267991	1	224	C	A
D1_N1	0.174795798609	1	611	T	A
D1_N1	0.176258863594	1	1067	G	C
D1_N1	0.176268155371	1	345	A	G
D1_N1	0.176927270784	2	1117	G	C
D1_N1	0.17717002975	2	260	C	T
D1_N1	0.177180877686	2	178	T	C
D1_N1	0.17732047989	2	1174	C	G
D1_N1	0.177875210916	2	1083	C	T
D1_N1	0.179188437215	1	833	A	C
D1_N1	0.179437713058	1	23	G	A
D1_N1	0.180113863283	2	782	C	T
D1_N1	0.180191836236	1	453	T	C
D1_N1	0.180290132705	1	937	T	C
D1_N1	0.180383662948	2	870	C	T
D1_N1	0.180762186804	2	1318	A	G
D1_N1	0.18127558309	2	1206	T	A
D1_N1	0.182574644781	1	404	A	G
D1_N1	0.183401818277	1	789	T	C
D1_N1	0.183435418038	2	664	C	A
D1_N1	0.183475110557	1	340	C	G
D1_N1	0.184993116685	1	75	A	T
D1_N1	0.185719981279	2	1149	C	T
D1_N1	0.18599496653	1	96	G	A
D1_N1	0.186342242828	2	578	T	C
D1_N1	0.186366615846	1	694	C	T
D1_N1	0.186493063859	2	465	T	A
D1_N1	0.186954487335	1	956	T	G
D1_N1	0.187003679378	2	612	C	G
D1_N1	0.187116987069	1	359	A	G
D1_N1	0.187255101238	1	1346	G	T
D1_N1	0.187823868271	1	113	C	T
D1_N1	0.188544405315	2	1221	G	A
D1_N1	0.188566548514	2	891	A	G
D1_N1	0.188655035494	2	576	A	T
D1_N1	0.188868573655	2	1319	C	T
D1_N1	0.189557116239	2	614	C	T
D1_N1	0.190108016544	1	1053	T	C
D1_N1	0.190223414402	1	1217	T	A
D1_N1	0.190393223776	1	721	T	A
D1_N1	0.191636033954	1	412	G	A
D1_N1	0.192119617337	2	855	A	C
D1_N1	0.19220462221	1	631	A	T
D1_N1	0.192538917471	2	1208	G	T
D1_N1	0.192556108899	2	1035	T	G
D1_N1	0.193972800428	2	79	A	T
D1_N1	0.194041571381	1	193	T	C
D1_N1	0.194792873247	2	199	C	T
D1_N1	0.194794319884	2	135	T	A
D1_N1	0.19485167563	2	1166	T	A
D1_N1	0.195159177136	2	702	T	C
D1_N1	0.195514228975	2	1242	A	G
D1_N1	0.195592371885	1	164	T	A
D1_N1	0.195602997799	1	897	C	T
D1_N1	0.195654420157	2	1296	T	C
D1_N1	0.196006399425	2	578	C	T
D1_N1	0.196376877087	1	1060	A	G
D1_N1	0.196604816002	2	1096	G	A
D1_N1	0.196912765678	2	1212	A	G
D1_N1	0.197533165182	1	352	C	A
D1_N1	0.197820697712	1	1274	A	T
D1_N1	0.198057786876	1	1186	T	A
D1_N1	0.198111716025	1	679	T	C
D1_N1	0.198344725874	2	376	C	T
D1_N1	0.200627044843	2	527	T	C
D1_N1	0.200792361758	1	1258	T	C
D1_N1	0.200843794885	2	460	C	T
D1_N1	0.201030836534	1	1011	G	T
D1_N1	0.201246405937	2	729	T	C
D1_N1	0.201354280563	1	855	A	G
D1_N1	0.202373275508	1	1161	C	A
D1_N1	0.202573568597	2	1172	G	A
D1_N1	0.203107556427	1	555	C	A
D1_N1	0.203275387631	1	1230	G	A
D1_N1	0.203404334582	2	443	T	A
D1_N1	0.203868412542	1	1217	A	G
D1_N1	0.204615448591	2	1296	C	G
D1_N1	0.204933709835	2	148	T	C
D1_N1	0.205018617704	1	1177	T	A
D1_N1	0.205779432531	1	1102	T	G
D1_N1	0.205908584577	1	968	C	A
D1_N1	0.206073686662	2	51	G	T
D1_N1	0.206464502301	2	263	G	A
D1_N1	0.206729102	2	1106	T	C
D1_N1	0.206795379751	2	1069	T	C
D1_N1	0.206961182514	2	1276	A	T
D1_N1	0.206963907155	2	1348	T	C
D1_N1	0.207012925076	1	339	C	A
D1_N1	0.207638581098	1	1099	A	G
D1_N1	0.207699805865	2	1345	G	A
D1_N1	0.208508034514	1	1300	G	T
D1_N1	0.209272913946	2	649	G	A
D1_N1	0.209389023118	1	1004	G	A
D1_N1	0.20955039016	2	783	A	C
D1_N1	0.209564317391	1	787	T	C
D1_N1	0.209626263009	2	1075	A	T
D1_N1	0.209979463262	1	1052	T	A
D1_N1	0.210150678774	1	109	T	C
D1_N1	0.21056991742	2	242	A	G
D1_N1	0.210579412418	1	992	G	T
D1_N1	0.210663706862	1	1092	A	T
D1_N1	0.211370639309	1	675	T	C
D1_N1	0.211665058639	1	1297	G	T
D1_N1	0.212069649024	1	221	C	T
D1_N1	0.212262781555	1	793	G	A
D1_N1	0.212971572915	2	265	A	T
D1_N1	0.214384483276	2	433	G	A
D1_N1	0.214410581814	2	436	G	C
N1_N2	9.18856181197e-05	2	1128	C	T
N1_N2	0.000758052494087	2	1227	T	G
N1_N2	0.000989747509566	1	215	T	C
N1_N2	0.000991513513453	1	301	C	T
N1_N2	0.0013563227508	1	1218	G	C
N1_N2	0.00185460956707	2	181	G	A
N1_N2	0.00197561387991	2	963	T	C
N1_N2	0.0022343357378	2	501	G	T
N1_N2	0.00263559963565	1	693	A	G
N1_N2	0.00263679062922	1	128	T	C
N1_N2	0.00287785896299	1	380	T	C
N1_N2	0.00377751596726	1	586	G	C
N1_N2	0.00393535750809	1	947	C	A
N1_N2	0.00458676539826	2	1363	C	T
N1_N2	0.00460868095961	2	896	A	T
N1_N2	0.00501060767142	2	1227	G	A
N1_N2	0.00530963331513	1	1112	G	T
N1_N2	0.00654778098779	2	313	T	A
N1_N2	0.00674456446588	1	1273	C	G
N1_N2	0.00674763247517	2	472	T	C
N1_N2	0.00694787921147	2	274	G	T
N1_N2	0.0070439587291	2	789	C	T
N1_N2	0.00761591095395	1	706	T	A
N1_N2	0.00804860293895	2	760	C	T
N1_N2	0.00837782413815	1	187	G	C
N1_N2	0.00838464771656	2	407	T	G
N1_N2	0.00861944592998	1	1198	C	T
N1_N2	0.00862236705408	2	394	G	A
N1_N2	0.00888858795567	1	786	A	T
N1_N2	0.00894204978141	1	35	C	T
N1_N2	0.00961790261988	1	1187	C	T
N1_N2	0.0110937864266	1	506	G	C
N1_N2	0.0111672579256	2	795	T	C
N1_N2	0.0114636937282	2	1253	T	G
N1_N2	0.0115238897408	2	647	C	T
N1_N2	0.0116618914875	2	242	G	A
N1_N2	0.0119347243418	2	589	C	A
N1_N2	0.0119876200376	1	710	A	T
N1_N2	0.0120555325219	1	154	G	C
N1_N2	0.0123958884722	2	1331	T	G
N1_N2	0.0124771473063	2	10	A	T
N1_N2	0.0126247145052	1	273	A	C
N1_N2	0.0128535405658	2	767	T	C
N1_N2	0.0129151074665	2	448	C	T
N1_N2	0.0129486563318	1	760	A	C
N1_N2	0.0131950612117	1	102	A	C
N1_N2	0.0146543896355	2	3	T	G
N1_N2	0.0148613136578	2	328	T	G
N1_N2	0.0148647964021	1	493	G	T
N1_N2	0.0149056074066	1	756	A	C
N1_N2	0.0151636088119	1	140	T	C
N1_N2	0.0152137556215	2	1160	G	A
N1_N2	0.0154524308257	1	283	T	G
N1_N2	0.0161019035829	1	462	A	G
N1_N2	0.0161337610606	1	870	T	C
N1_N2	0.0162088499244	2	561	T	A
N1_N2	0.0165603753078	2	995	A	G
N1_N2	0.0165628574702	1	1334	A	G
N1_N2	0.0168726751407	2	996	C	T
N1_N2	0.0171001836904	2	1195	G	C
N1_N2	0.0173720042009	2	925	A	G
N1_N2	0.0179930110951	2	571	T	G
N2_N3	9.98927818714e-05	2	1282	A	G
N2_N3	0.000845680676764	2	871	G	T
N2_N3	0.000909685231634	1	758	G	T
N2_N3	0.000925259557126	1	1236	T	C
N2_N3	0.00149321312734	1	708	T	C
N2_N3	0.00299922891305	2	308	G	C
N2_N3	0.00336338938524	2	453	T	A
N2_N3	0.00341438014369	2	559	A	G
N2_N3	0.00391774771689	2	771	T	C
N2_N3	0.00497867357485	2	332	A	C
N2_N3	0.00507482099076	2	742	C	T
N2_N3	0.00511564191652	1	1070	T	A
N2_N3	0.00513627922113	2	1042	A	T
N2_N3	0.00551192777365	2	98	A	G
N2_N3	0.00604371461405	2	947	C	A
N2_N3	0.00628852325902	1	1148	A	T
N2_N3	0.00645188108414	2	603	C	T
N2_N3	0.00665303439187	2	307	C	G
N3_N4	0.000121668720825	2	1049	T	C
N3_N4	0.000520669669576	1	1125	G	A
N3_N4	0.000824980462835	2	409	C	T
N3_N4	0.00124031663116	1	586	C	T
N3_N4	0.00214388984964	1	374	A	C
N3_N4	0.00373964327441	2	985	G	C
N3_N4	0.00378751604616	2	8	G	A
N3_N4	0.00381014509179	2	1095	G	A
N3_N4	0.0058564989228	2	244	C	G
N3_N4	0.00612542032764	1	901	G	A
N3_N4	0.00632091453786	2	690	G	C
N3_N4	0.00714327681636	1	345	G	A
N3_N4	0.0081804196072	2	485	C	T
N4_Human	2.78585457372e-05	2	978	T	G
N4_Human	0.0010490799858	2	663	A	T
N4_Human	0.00160125287919	2	1242	G	A
N4_Human	0.00169259637898	2	27	C	G
N4_Human	0.00208753408026	2	786	A	T
N4_Human	0.00237908901348	2	535	T	C
N4_Human	0.00244952844258	2	133	C	T
N4_Human	0.00254224214963	2	422	G	A
N4_Human	0.00270696097017	1	265	A	G
N4_Human	0.00280032648626	1	503	A	G
N4_Human	0.00327991356698	2	1143	A	C
N4_Human	0.0040291989623	2	166	G	A
N4_Human	0.0044399166474	2	1212	G	T
N4_Human	0.00468716950148	2	768	G	A
N4_Human	0.00469735909168	2	23	A	T
N4_Human	0.00529339346641	1	1363	G	A
N4_Human	0.00573982140258	2	139	C	A
N4_Human	0.00599948274084	1	111	A	G
N4_Human	0.00603287302171	1	724	G	A
N4_Human	0.00712668504333	1	947	A	G
N4_Human	0.00716597751879	2	188	A	C
N4_Human	0.0072777515385	2	522	C	A
N4_Human	0.00727802610227	2	785	C	T
N4_Human	0.00767498169808	1	656	G	A
N4_Human	0.00813652923856	1	927	A	G
N4_Human	0.00822824529117	2	798	C	G
N4_Human	0.00938544155602	1	481	A	G
N4_Human	0.011091664429	1	1218	C	A
N4_Human	0.0111629651437	1	769	G	T
N4_Human	0.0112001414057	1	465	T	G
N4_Chimp	0.000106638421056	2	795	C	A
N4_Chimp	0.000195493207257	2	681	A	T
N4_Chimp	0.00124839805479	1	1234	A	C
N4_Chimp	0.00125336364164	1	787	C	T
N4_Chimp	0.00199705501713	2	1052	A	G
N4_Chimp	0.00199847718277	2	1066	C	G
N4_Chimp	0.0023605657043	1	1258	C	A
N4_Chimp	0.00262231730407	1	394	A	T
N4_Chimp	0.00291161699085	1	1147	G	A
N4_Chimp	0.00309324260248	2	507	C	T
N4_Chimp	0.00321477938901	2	666	A	C
N4_Chimp	0.00359760373102	1	295	A	T
N4_Chimp	0.00398940143922	1	834	A	T
N4_Chimp	0.00426547239633	2	820	C	A
N4_Chimp	0.00475385776955	2	1218	G	A
N4_Chimp	0.00477088846948	1	513	C	G
N4_Chimp	0.00492981073896	2	747	T	G
N4_Chimp	0.00556614333394	1	1049	T	C
N4_Chimp	0.00572029531719	1	138	T	G
N4_Chimp	0.00592978294626	2	814	C	T
N4_Chimp	0.0059576927015	2	1328	A	G
N4_Chimp	0.00696881568554	1	1221	G	T
N4_Chimp	0.00710250005131	2	1064	A	G
N4_Chimp	0.00710921688697	2	613	A	G
N4_Chimp	0.00809123782387	2	9	G	A
N4_Chimp	0.00851443231541	1	665	T	G
N4_Chimp	0.00893010808411	1	187	C	A
N4_Chimp	0.00970186191243	2	479	A	T
N4_Chimp	0.00983690266364	1	751	T	C
N4_Chimp	0.0099819957459	2	610	G	T
N4_Chimp	0.0106400981008	1	1042	A	G
N4_Chimp	0.0107348263614	1	1355	C	G
N3_Goril	0.000444988152693	1	79	A	T
N3_Goril	0.00090318462223	2	128	T	A
N3_Goril	0.00105844363151	2	228	T	A
N3_Goril	0.00116802929993	1	684	C	T
N3_Goril	0.00131599649511	1	739	T	C
N3_Goril	0.00173759264034	1	789	C	T
N3_Goril	0.00234831810659	1	1250	C	T
N3_Goril	0.0025076386972	1	21	G	C
N3_Goril	0.00311621911235	2	740	C	T
N3_Goril	0.00336272896621	1	1280	A	T
N3_Goril	0.00337784853688	1	90	A	T
N3_Goril	0.00449552026074	2	468	T	A
N3_Goril	0.00456495204877	2	250	T	G
N3_Goril	0.00585318036995	2	204	A	G
N3_Goril	0.00599366368309	2	36	G	A
N3_Goril	0.00614757891383	2	816	C	A
N3_Goril	0.00630729507533	1	1013	T	A
N3_Goril	0.00661938321704	1	489	A	T
N3_Goril	0.00668357684264	2	1300	C	A
N3_Goril	0.00682590991181	1	807	A	T
N3_Goril	0.00738622539047	2	861	T	C
N3_Goril	0.00779355089044	1	671	A	T
N3_Goril	0.00814207576075	1	790	G	A
N3_Goril	0.00816440636286	1	834	A	G
N3_Goril	0.00833160794227	2	168	A	T
N3_Goril	0.00897499180276	2	765	T	A
N3_Goril	0.00920658149946	2	1084	T	C
N3_Goril	0.00960959174618	1	1206	G	A
N3_Goril	0.00964911151003	1	910	A	G
N3_Goril	0.00965543986507	2	958	C	G
N3_Goril	0.00980964988922	1	626	C	T
N3_Goril	0.0101932818407	2	1142	A	T
N3_Goril	0.0102749055054	2	374	G	A
N3_Goril	0.0108027116328	2	322	A	T
N3_Goril	0.0109241988005	2	544	A	G
N3_Goril	0.0114804484152	1	180	A	T
N3_Goril	0.0120357755574	1	833	C	T
N3_Goril	0.0121364598715	2	787	T	A
N3_Goril	0.0122017994032	2	536	T	A
N3_Goril	0.0130518554651	1	708	C	T
N3_Goril	0.014248096543	2	317	T	C
N3_Goril	0.0144298988981	2	182	T	G
N3_Goril	0.01521282456	1	722	T	C
N3_Goril	0.0159030053594	1	1256	G	A
N3_Goril	0.015904269239	2	67	T	C
N3_Goril	0.0159575111927	1	1019	A	G
N3_Goril	0.0168535549055	2	343	A	C
N3_Goril	0.01688084202	2	676	G	A
N3_Goril	0.01697433475	2	555	C	T
N3_Goril	0.0173070791992	1	741	G	A
N3_Goril	0.0174109918455	1	873	T	G
N3_Goril	0.0174983657536	1	545	A	C
N3_Goril	0.0177432797596	2	1022	C	T
N3_Goril	0.0177712474861	1	1334	G	A
N3_Goril	0.0181537818542	1	1322	C	T
N3_Goril	0.0188630725188	2	676	A	T
N3_Goril	0.0190952374993	1	772	A	G
N3_Goril	0.0191327302633	2	191	T	A
N3_Goril	0.020101126586	1	503	A	T
N3_Goril	0.0208197855507	2	737	C	A
N3_Goril	0.0209131343199	2	724	G	A
N3_Goril	0.0209496719404	2	890	C	T
N2_Orang	0.000291541871319	2	1326	A	C
N2_Orang	0.000359454347675	2	192	G	A
N2_Orang	0.0012471347665	1	618	G	T
N2_Orang	0.00159615703466	1	419	A	T
N2_Orang	0.00192983657188	2	586	G	A
N2_Orang	0.00204701191755	2	1040	C	G
N2_Orang	0.00212377477401	1	623	C	A
N2_Orang	0.00238112376802	2	386	G	A
N2_Orang	0.00265307889093	2	915	C	A
N2_Orang	0.0028354782045	1	810	T	C
N2_Orang	0.00311010301655	1	878	G	A
N2_Orang	0.00364698255226	1	437	T	G
N2_Orang	0.00409697554502	1	815	G	A
N2_Orang	0.00450943039105	2	406	A	G
N2_Orang	0.00485393559971	2	1227	A	T
N2_Orang	0.00515138928398	1	752	A	T
N2_Orang	0.00515306702632	1	876	G	T
N2_Orang	0.0053903387315	1	320	T	G
N2_Orang	0.00610859062008	2	105	A	G
N2_Orang	0.00687899255155	2	242	A	C
N2_Orang	0.00749379423366	2	1012	A	G
N2_Orang	0.00810066425082	1	1008	G	T
N2_Orang	0.00866938875491	1	42	A	G
N2_Orang	0.00867144111035	2	1272	G	A
N2_Orang	0.00872706415814	1	667	C	G
N2_Orang	0.00896039075296	2	1261	T	C
N2_Orang	0.00979990154649	1	326	C	A
N2_Orang	0.0134908945378	2	713	T	A
N2_Orang	0.0137360266794	2	109	T	A
N2_Orang	0.0138175392419	1	1065	C	T
N2_Orang	0.0143463134305	2	796	C	G
N1_Macaq	0.00020908599899	2	850	T	A
N1_Macaq	0.000566707534975	1	152	A	T
N1_Macaq	0.000698508986558	1	385	T	C
N1_Macaq	0.000958247945426	1	1334	A	G
N1_Macaq	0.00106429713841	1	811	C	T
N1_Macaq	0.00157667375723	2	245	G	T
N1_Macaq	0.00263786399549	1	771	T	C
N1_Macaq	0.00331132100303	2	495	A	G
N1_Macaq	0.00351298484875	2	1106	C	T
N1_Macaq	0.00362751623944	1	70	T	A
N1_Macaq	0.00418493243339	1	974	G	T
N1_Macaq	0.00531743078242	2	513	C	T
N1_Macaq	0.00533057395064	1	1325	A	G
N1_Macaq	0.00542781948424	2	1252	G	T
N1_Macaq	0.00586290948035	1	831	T	C
N1_Macaq	0.00630250703405	1	650	C	A
N1_Macaq	0.00635901291084	2	1136	G	A
N1_Macaq	0.00772996496118	1	1032	A	G
N1_Macaq	0.00804668565196	2	204	A	G
N1_Macaq	0.00897736396054	1	277	A	T
N1_Macaq	0.00926735549308	1	109	C	G
N1_Macaq	0.00951245460777	2	960	G	A
N1_Macaq	0.00960457528803	2	237	G	C
N1_Macaq	0.00976379540566	2	1192	A	G
N1_Macaq	0.0098558942607	2	693	A	G
N1_Macaq	0.010202503523	1	731	A	G
N1_Macaq	0.0104328137707	2	173	C	T
N1_Macaq	0.0105778462932	2	967	G	T
N1_Macaq	0.0109262458667	1	1301	C	A
N1_Macaq	0.0110346719302	2	239	A	G
N1_Macaq	0.0111616017747	1	601	C	G
N1_Macaq	0.0129068696814	1	1228	G	A
N1_Macaq	0.0137859335375	2	308	G	A
N1_Macaq	0.0147090527197	2	1236	T	G
N1_Macaq	0.0156467626727	1	467	C	G
N1_Macaq	0.0160911640187	1	1231	A	T
N1_Macaq	0.0162947922413	1	197	A	T
N1_Macaq	0.0166688829019	2	580	G	T
N1_Macaq	0.0170360400704	2	847	C	T
N1_Macaq	0.017036586168	1	418	T	G
N1_Macaq	0.0176897845159	2	432	A	G
N1_Macaq	0.0189799296019	1	777	A	G
N1_Macaq	0.0190031185703	2	117	A	G
N1_Macaq	0.019951449908	2	180	A	C
N1_Macaq	0.0218086672532	1	781	T	C
N1_Macaq	0.0220422119723	2	407	T	C
N1_Macaq	0.022045879166	1	682	T	C
N1_Macaq	0.0227129475721	2	788	A	G
N1_Macaq	0.0234251730227	2	582	A	G
N1_Macaq	0.0235362198863	2	952	G	C
N1_Macaq	0.0237264366084	1	968	A	G
N1_Macaq	0.0242321066447	2	513	T	C
N1_Macaq	0.0244857018976	2	130	T	C
N1_Macaq	0.0259295769641	1	275	A	C
N1_Macaq	0.0261699925296	1	965	A	G
N1_Macaq	0.0262185511311	1	677	G	A
N1_Macaq	0.0268410202306	2	763	T	G
N1_Macaq	0.0271662850374	2	504	A	T
N1_Macaq	0.0271925229886	2	682	T	C
N1_Macaq	0.0277005810518	2	415	A	C
N1_Macaq	0.0283682702148	1	543	A	T
N1_Macaq	0.0284739829102	1	393	A	G
N1_Macaq	0.028673067965	1	122	A	C
N1_Macaq	0.0286759947665	2	250	T	C
N1_Macaq	0.0298721847341	1	253	T	G
N1_Macaq	0.0300202791903	1	1298	C	A
N1_Macaq	0.0300643753448	1	1240	A	T
N1_Macaq	0.0301026956843	2	232	G	A
N1_Macaq	0.0304898949236	1	295	A	G
N1_Macaq	0.030886109719	1	73	G	A
N1_Macaq	0.0308879171742	2	302	C	A
N1_Macaq	0.0310442950733	2	324	G	A
N1_Macaq	0.031222587984	1	999	C	T
N1_Macaq	0.0314157298714	1	408	C	G
N1_Macaq	0.0317390165773	2	1237	A	T
N1_Macaq	0.0319255820902	1	911	G	T
N1_Macaq	0.031972707125	1	790	G	C
N1_Macaq	0.0321318813728	2	867	T	C
N1_Macaq	0.0325868640999	2	940	A	G
N0_Mouse	0.000171072802952	0	74	T	G
N0_Mouse	0.000358955945348	0	569	T	A
N0_Mouse	0.000687664684394	0	621	C	T
N0_Mouse	0.000915969278993	0	468	T	A
N0_Mouse	0.00189870458303	0	839	T	A
N0_Mouse	0.00237691346065	0	895	G	C
N0_Mouse	0.00345459475045	0	154	T	G
N0_Mouse	0.00416354961996	0	661	C	T
N0_Mouse	0.00428509647014	0	597	A	C
N0_Mouse	0.00452837164613	0	808	T	C
N0_Mouse	0.00525759674001	0	196	C	G
N0_Mouse	0.00561291334554	0	1102	T	A
N0_Mouse	0.00570314161879	0	108	G	T
N0_Mouse	0.00578912164667	0	1321	A	G
N0_Mouse	0.00771999713302	0	811	C	A
N0_Mouse	0.00781235117215	0	499	A	T
N0_Mouse	0.00781287399196	0	1026	C	A
N0_Mouse	0.00854133474396	0	401	G	C
N0_Mouse	0.00897991991885	0	628	G	C
N0_Mouse	0.0103149418268	0	180	A	G
N0_Mouse	0.0112294311204	0	941	G	A
N0_Mouse	0.0113985394748	0	210	A	G
N0_Mouse	0.0119455988369	0	1229	G	T
N0_Mouse	0.012200767339	0	913	T	C
N0_Mouse	0.0123753989942	0	206	T	C
N0_Mouse	0.0144585593747	0	737	C	A
N0_Mouse	0.0145141934309	0	1362	A	C
N0_Mouse	0.0145990043495	0	714	A	C
N0_Mouse	0.0151374947018	0	426	C	T
N0_Mouse	0.0152730720956	0	1192	A	C
N0_Mouse	0.0173915448824	0	1267	T	G
N0_Mouse	0.0182305643651	0	615	C	G
N0_Mouse	0.0185343787921	0	600	T	G
N0_Mouse	0.0189553283405	0	557	A	C
N0_Mouse	0.0199121765415	0	281	A	T
N0_Mouse	0.0204243903891	0	471	A	G
N0_Mouse	0.0210251776063	0	583	C	T
N0_Mouse	0.0216736452832	0	435	T	C
N0_Mouse	0.0228966267876	0	456	C	A
N0_Mouse	0.0251213323949	0	226	A	G
N0_Mouse	0.0259723109872	0	1138	T	G
N0_Mouse	0.0263919270123	0	293	A	G
N0_Mouse	0.0267476226167	0	724	G	T
N0_Mouse	0.0273094394212	0	1145	C	G
N0_Mouse	0.0278133629184	0	56	A	T
N0_Mouse	0.0283415667852	0	721	C	T
N0_Mouse	0.0306304091838	0	451	G	A
N0_Mouse	0.030659343856	0	1008	G	A
N0_Mouse	0.0322495277399	0	405	A	T
N0_Mouse	0.0349699335785	0	164	T	C
N0_Mouse	0.0352856834896	0	790	G	A
N0_Mouse	0.0361256637309	0	835	A	T
N0_Mouse	0.0361887077001	0	714	C	A
N0_Mouse	0.0379527295795	0	744	G	A
N0_Mouse	0.0391139040999	0	1325	A	T
N0_Mouse	0.0396786328146	0	1043	A	T
N0_Mouse	0.0400003058138	0	1051	A	G
N0_Mouse	0.0414731033978	0	485	C	A
N0_Mouse	0.0422769462774	0	666	A	G
N0_Mouse	0.0423627485263	0	161	G	A
N0_Mouse	0.0432723379061	0	238	T	G
N0_Mouse	0.0437266881101	0	1100	C	T
N0_Mouse	0.0442024355743	0	1263	A	G
N0_Mouse	0.0444146996766	0	698	C	A
N0_Mouse	0.0459389530141	0	395	A	G
N0_Mouse	0.0461968809154	0	188	G	A
N0_Mouse	0.0464519197652	0	1022	C	T
N0_Mouse	0.0476143069019	0	190	T	C
N0_Mouse	0.0479066317128	0	431	G	T
N0_Mouse	0.048090061052	0	462	C	A
N0_Mouse	0.0510099969051	0	1128	C	T
N0_Mouse	0.0517892939044	0	65	G	A
N0_Mouse	0.0518092980807	0	458	A	G
N0_Mouse	0.0532606571776	0	300	T	C
N0_Mouse	0.0536637847867	0	1106	T	A
N0_Mouse	0.0540019277701	0	1265	G	A
N0_Mouse	0.0543905446989	0	1107	C	T
N0_Mouse	0.0545585462831	0	372	G	A
N0_Mouse	0.0560380031169	0	1077	A	C
N0_Mouse	0.0570048727865	0	1176	G	A
N0_Mouse	0.0570264823155	0	239	A	G
N0_Mouse	0.058545346989	0	857	A	G
N0_Mouse	0.0595814593332	0	1054	A	G
N0_Mouse	0.0604460993323	0	713	T	C
N0_Mouse	0.0606555768926	0	677	G	A
N0_Mouse	0.0611359483321	0	1319	C	T
N0_Mouse	0.0629005301888	0	13	G	A
N0_Mouse	0.0641082830809	0	1049	T	G
N0_Mouse	0.0646405984361	0	561	T	A
N0_Mouse	0.0650988387455	0	386	A	T
N0_Mouse	0.0659126527135	0	1085	G	A
N0_Mouse	0.0665536089711	0	1001	A	G
N0_Mouse	0.0665628833198	0	768	T	G
N0_Mouse	0.0665646663017	0	144	A	T
N0_Mouse	0.0669448660761	0	850	T	A
N0_Mouse	0.0675088534102	0	973	G	A
N0_Mouse	0.0691452364858	0	825	G	T
N0_Mouse	0.0699605764375	0	248	A	C
N0_Mouse	0.0703081674104	0	392	A	G
N0_Mouse	0.0703313585777	0	20	T	C
N0_Mouse	0.0703319626173	0	1095	C	T
N0_Mouse	0.0712228529559	0	1192	C	T
N0_Mouse	0.0716271102381	0	704	A	C
N0_Mouse	0.0724384546195	0	236	C	T
N0_Mouse	0.0724960806513	0	497	C	T
N0_Mouse	0.0727723132279	0	195	G	A
N0_Mouse	0.0728841717376	0	461	A	G
N0_Mouse	0.0741513258796	0	574	A	T
N0_Mouse	0.0753557149274	0	1155	G	T
N0_Mouse	0.0757152325737	0	1177	T	A
N0_Mouse	0.0764426712619	0	852	A	G
N0_Mouse	0.077736808668	0	1152	G	A
N0_Mouse	0.0795369176713	0	781	C	G
N0_Mouse	0.0808007419657	0	133	C	A
N0_Mouse	0.0833556710887	0	332	A	T
N0_Mouse	0.0835485523871	0	1358	C	T
N0_Mouse	0.0844668748057	0	854	G	A
N0_Mouse	0.0850422461605	0	672	T	C
N0_Mouse	0.0857054380272	0	792	T	C
N0_Mouse	0.0864705855516	0	612	C	T
N0_Mouse	0.0870750128717	0	859	C	T
N0_Mouse	0.0886462052873	0	1309	G	A
N0_Mouse	0.0892445105452	0	667	T	A
N0_Mouse	0.0897755847092	0	883	C	T
N0_Mouse	0.0901743773065	0	463	C	T
N0_Mouse	0.0905334860725	0	255	T	A
N0_Mouse	0.0915043137758	0	1113	T	A
N0_Mouse	0.093299498181	0	947	C	G
N0_Mouse	0.0938733680251	0	874	G	T
N0_Mouse	0.0940736729774	0	1175	T	C
N0_Mouse	0.0952120832001	0	1053	T	A
N0_Mouse	0.095580853001	0	1090	A	G
N0_Mouse	0.0958141063174	0	199	C	G
N0_Mouse	0.0959742793867	0	229	A	G
N0_Mouse	0.0968399718192	0	584	A	G
N0_Mouse	0.0972990765007	0	463	T	C
N0_Mouse	0.0977214801923	0	1014	C	T
N0_Mouse	0.101899711549	0	356	A	G
N0_Mouse	0.103370303818	0	1260	A	T
N0_Mouse	0.104313573429	0	711	T	C
N0_Mouse	0.104556176642	0	279	A	T
N0_Mouse	0.106377820545	0	1242	T	G
N0_Mouse	0.106757305581	0	393	A	T
N0_Mouse	0.109100878188	0	1040	C	T
N0_Mouse	0.112044176018	0	188	A	T
N0_Mouse	0.112948896849	0	490	A	G
N0_Mouse	0.113452510376	0	433	G	A
N0_Mouse	0.114159657675	0	488	A	G
N0_Mouse	0.114430968238	0	1254	T	C
N0_Mouse	0.114437008542	0	442	G	T
N0_Mouse	0.11578306112	0	429	G	A
N0_Mouse	0.116283977171	0	150	T	A
N0_Mouse	0.116497882002	0	805	C	T
N0_Mouse	0.116804267046	0	785	T	G
N0_Mouse	0.117011187991	0	346	C	T
N0_Mouse	0.117826824006	0	555	C	G
N0_Mouse	0.119226656139	0	282	T	G
N0_Mouse	0.1208278593	0	451	A	T
N0_Mouse	0.120979163941	0	1209	C	T
N0_Mouse	0.121271683397	0	261	C	G
N0_Mouse	0.121518004757	0	121	G	T
N0_Mouse	0.121524863447	0	474	T	C
N0_Mouse	0.12337449675	0	666	G	A
N0_Mouse	0.123377422925	0	51	G	A
N0_Mouse	0.124071452868	0	1300	C	G
N0_Mouse	0.12662905575	0	1140	A	C
N0_Mouse	0.127487896197	0	993	T	A
N0_Mouse	0.128201334234	0	1062	A	C
N0_Mouse	0.129153964902	0	1190	C	A
N0_Mouse	0.130081825416	0	1046	C	A
N0_Mouse	0.130435470244	0	51	A	C
N0_Mouse	0.130471288853	0	231	T	G
N0_Mouse	0.130993374929	0	360	G	T
N0_Mouse	0.131113968149	0	713	C	A
N0_Mouse	0.135086100236	0	602	A	G
N0_Mouse	0.135591193449	0	796	C	T
N0_Mouse	0.13574408826	0	53	G	A
N0_Mouse	0.13731236956	0	621	T	A
N0_Mouse	0.138976718161	0	662	C	T
N0_Mouse	0.139519196645	0	1172	T	C
N0_Mouse	0.140507317037	0	173	T	C
N0_Mouse	0.140601860349	0	700	T	C
N0_Mouse	0.140656462207	0	1341	C	A
N0_Mouse	0.141450649698	0	803	C	T
N0_Mouse	0.143581379689	0	917	C	T
N0_Mouse	0.143929699773	0	812	A	T
N0_Mouse	0.144167580505	0	242	A	C
N0_Mouse	0.144365645734	0	1050	A	T
N0_Mouse	0.144524912344	0	1311	G	A
N0_Mouse	0.145114054491	0	586	G	A
N0_Mouse	0.145972868324	0	1299	A	G
N0_Mouse	0.146739264796	0	455	A	T
N0_Mouse	0.147238583192	0	1350	A	C
N0_Mouse	0.147507997625	0	1005	A	T
N0_Mouse	0.149934526821	0	1160	G	C
N0_Mouse	0.150009540936	0	1139	G	A
N0_Mouse	0.151689080841	0	517	C	G
N0_Mouse	0.15176916925	0	1084	T	G
N0_Mouse	0.151855345478	0	587	T	C
N0_Mouse	0.152366392232	0	1209	T	C
N0_Mouse	0.152844742941	0	384	A	G
N0_Mouse	0.153494746663	0	271	A	T
N0_Mouse	0.154214035926	0	436	G	A
N0_Mouse	0.154565351469	0	442	T	A
N0_Mouse	0.157886168533	0	180	G	A
N0_Mouse	0.158233554537	0	464	G	A
N0_Mouse	0.159141924727	0	1107	T	A
N0_Mouse	0.159476669273	0	139	C	A
N0_Mouse	0.159491380152	0	48	T	C
N0_Mouse	0.160238995457	0	626	C	A
N0_Mouse	0.161955597181	0	640	A	G
N0_Mouse	0.161976680101	0	828	A	T
N0_Mouse	0.162156856068	0	992	A	T
N0_Mouse	0.162303342905	0	351	T	C
N0_Mouse	0.162389379298	0	892	A	C
N0_Mouse	0.164230108356	0	203	G	A
N0_Mouse	0.164985789238	0	315	C	T
N0_Mouse	0.165022634948	0	448	T	C
N0_Mouse	0.165219324236	0	651	C	T
N0_Mouse	0.166060741561	0	1032	A	T
N0_Mouse	0.167808808184	0	1236	T	C
N0_Mouse	0.168889710524	0	1278	A	G
N0_Mouse	0.169268632586	0	547	A	T
N0_Mouse	0.170942569329	0	1300	G	A
N0_Mouse	0.171292203957	0	808	C	T
N0_Mouse	0.171475747102	0	655	G	T
N0_Mouse	0.171861184723	0	951	A	T
N0_Mouse	0.172699251883	0	35	C	T
N0_Mouse	0.174166085051	0	551	T	G
N0_Mouse	0.175520403545	0	521	G	C
N0_Mouse	0.177522628623	0	1091	C	A
N0_Mouse	0.177868424097	0	1212	A	C
N0_Mouse	0.179146751457	0	522	A	G
N0_Mouse	0.179410261059	0	389	A	G
N0_Mouse	0.180025059335	0	821	G	A
N0_Mouse	0.180913260413	0	41	T	A
N0_Mouse	0.181314023424	0	1038	T	G
N0_Mouse	0.182308853988	0	919	G	T
N0_Mouse	0.183071857107	0	732	T	A
N0_Mouse	0.184105830431	0	275	A	C
N0_Mouse	0.185350953548	0	1363	G	A
N0_Mouse	0.186629826331	0	705	C	G
N0_Mouse	0.18734029683	0	1018	T	A
N0_Mouse	0.187418194442	0	1300	A	T
N0_Mouse	0.187455502227	0	515	A	G
N0_Mouse	0.187791067577	0	164	C	T
N0_Mouse	0.188230746627	0	1106	A	C
N0_Mouse	0.189377396683	0	68	T	C
N0_Mouse	0.190323394615	0	987	A	G
N0_Mouse	0.190418825745	0	221	C	T
N0_Mouse	0.191014339115	0	1090	G	A
N0_Mouse	0.19124075996	0	212	G	A
N0_Mouse	0.191839193383	0	572	A	G
N0_Mouse	0.193558544625	0	1087	A	T
N0_Mouse	0.194381525361	0	138	T	C
N0_Mouse	0.194502268035	0	1037	A	G
N0_Mouse	0.196749477212	0	1090	A	G
N0_Mouse	0.19775250108	0	1112	G	A
N0_Mouse	0.198693459705	0	177	C	T
N0_Mouse	0.199119851982	0	480	C	A
N0_Mouse	0.199354046134	0	1363	A	T
N0_Mouse	0.199611160194	0	265	A	T
N0_Mouse	0.199789020532	0	274	G	A
N0_Mouse	0.20032800063	0	958	C	T
N0_Mouse	0.200608957041	0	121	T	G
N0_Mouse	0.201852481536	0	231	G	A
N0_Mouse	0.201888681007	0	1305	G	A
N0_Mouse	0.202564480022	0	72	A	T
N0_Mouse	0.20331020682	0	510	C	G
N0_Mouse	0.203467791922	0	508	T	A
N0_Mouse	0.203903993171	0	499	T	G
N0_Mouse	0.203909681881	0	498	A	G
N0_Mouse	0.204401074083	0	972	A	G
N0_Mouse	0.204531846837	0	1279	A	T
N0_Mouse	0.205799740857	0	1173	T	G
N0_Mouse	0.206158269298	0	1149	C	A
N0_Mouse	0.206973658367	0	1364	A	T
N0_Mouse	0.2069958997	0	40	T	G
N0_Mouse	0.207673348734	0	861	T	A
N0_Mouse	0.208529472426	0	1262	G	T
N0_Mouse	0.209474712319	0	517	G	A
N0_Mouse	0.209628570293	0	349	A	G
N0_Mouse	0.21066082331	0	584	G	A
N0_Mouse	0.211583493169	0	303	C	G
N0_Mouse	0.212744314978	0	195	A	T
N0_Mouse	0.213611468949	0	1136	G	A
N0_Mouse	0.214037690706	0	32	A	G
N0_Mouse	0.214174719344	0	72	T	C
N0_Mouse	0.214742486795	0	176	A	T
N0_Mouse	0.214952478148	0	1068	T	A
N0_Mouse	0.215030078917	0	1080	A	T
N0_Mouse	0.215911637547	0	120	A	G
N0_Mouse	0.216263670923	0	448	C	G
N0_Mouse	0.217121360023	0	966	T	C
N0_Mouse	0.217830738225	0	496	G	A
N0_Mouse	0.217957979551	0	1023	T	A
N0_Mouse	0.219130882506	0	1241	G	T
N0_Mouse	0.219574989083	0	47	G	C
N0_Mouse	0.220199952452	0	669	G	A
N0_Mouse	0.220318485133	0	1172	C	G
N0_Mouse	0.221534921295	0	826	A	C
N0_Mouse	0.221638950516	0	808	T	C
N0_Mouse	0.223979360856	0	726	T	A
N0_Mouse	0.224031173869	0	880	A	C
N0_Mouse	0.225125597231	0	696	T	A
N0_Mouse	0.227313968679	0	79	A	C
N0_Mouse	0.228007954382	0	1266	T	A
N0_Mouse	0.228694072725	0	1289	T	G
N0_Mouse	0.229073206824	0	188	T	G
N0_Mouse	0.232016031073	0	1061	C	T
N0_Mouse	0.23211126048	0	676	G	A
N0_Mouse	0.232798679745	0	1321	G	T
N0_Mouse	0.233607506297	0	811	A	T
N0_Mouse	0.233810364274	0	1314	T	C
N0_Mouse	0.234132136522	0	925	A	G
N0_Mouse	0.234497315589	0	206	C	T
N0_Mouse	0.235206557945	0	576	A	G
N0_Mouse	0.235951060607	0	844	G	C
N0_Mouse	0.235974093491	0	721	T	C
N0_Mouse	0.236020218619	0	364	A	C
N0_Mouse	0.236421297915	0	548	A	G
N0_Mouse	0.237391613212	0	771	T	A
N0_Mouse	0.237711179583	0	40	G	A
N0_Mouse	0.238207275902	0	575	A	G
N0_Mouse	0.238455236268	0	345	T	A
N0_Mouse	0.240345949339	0	632	G	A
N0_Mouse	0.240516035735	0	278	G	A
N0_Mouse	0.243016444535	0	558	G	T
N0_Mouse	0.245667363902	0	1208	G	T
N0_Mouse	0.246280807887	0	602	G	T
N0_Mouse	0.247957133149	0	171	A	T
N0_Mouse	0.249153618681	0	183	C	G
N0_Mouse	0.250179693829	0	633	T	C
N0_Mouse	0.250386351808	0	1355	C	T
N0_Mouse	0.251095779713	0	157	A	G
N0_Mouse	0.251137217748	0	875	G	A
N0_Mouse	0.251849467538	0	267	A	G
N0_Mouse	0.252373084883	0	1089	G	T
N0_Mouse	0.252811362215	0	548	G	A
N0_Mouse	0.253256199647	0	683	T	G
N0_Mouse	0.253769690498	0	213	T	A
N0_Mouse	0.25459690041	0	1180	A	T
N0_Mouse	0.254937925025	0	878	A	G
N0_Mouse	0.255548157646	0	1250	C	A
N0_Mouse	0.255636830826	0	826	C	T
N0_Mouse	0.256133705055	0	233	A	G
N0_Mouse	0.256180197393	0	335	G	T
N0_Mouse	0.256270711206	0	1116	A	G
N0_Mouse	0.257158717175	0	1287	C	A
N0_Mouse	0.25874481901	0	418	T	G
N0_Mouse	0.259562286368	0	998	C	T
N0_Mouse	0.260113259292	0	1079	T	C
N0_Mouse	0.260417964573	0	958	T	C
N0_Mouse	0.262575476375	0	1047	T	C
N0_Mouse	0.263389585245	0	1137	C	T
N0_Mouse	0.263848651887	0	979	A	G
N0_Mouse	0.264225574081	0	1282	A	C
N0_Mouse	0.265310684064	0	832	T	C
N0_Mouse	0.265967469938	0	73	G	A
N0_Mouse	0.266364131589	0	1155	T	C
N0_Mouse	0.267900764507	0	512	A	T
N0_Mouse	0.268041935429	0	629	G	A
N0_Mouse	0.268952815727	0	573	C	T
N0_Mouse	0.269616810193	0	1046	A	C
N0_Mouse	0.270653247465	0	1130	G	A
N0_Mouse	0.270758070091	0	1048	A	C
N0_Mouse	0.271717530118	0	1228	G	C
N0_Mouse	0.272491075719	0	915	C	T
N0_Mouse	0.273090928463	0	132	A	G
N0_Mouse	0.273823840088	0	317	T	A
N0_Mouse	0.274365588144	0	1152	A	G
N0_Mouse	0.274803826054	0	906	G	T
N0_Mouse	0.275831883012	0	63	A	G
N0_Mouse	0.276085015029	0	537	A	T
N0_Mouse	0.276287463484	0	181	G	A
N0_Mouse	0.276358919684	0	532	C	T
N0_Mouse	0.276704793343	0	935	T	C
N0_Mouse	0.276924620166	0	840	G	T
N0_Mouse	0.277246360297	0	698	A	C
N0_Mouse	0.27733457437	0	983	T	C
N0_Mouse	0.278689902809	0	922	T	G
N0_Mouse	0.281277889075	0	251	A	G
N0_Mouse	0.283416857803	0	85	G	A
N0_Mouse	0.284509158333	0	1272	G	A
N0_Mouse	0.285185485005	0	1331	T	G
N0_Mouse	0.286371359628	0	740	T	A
N0_Mouse	0.287169534397	0	305	T	C
N0_Mouse	0.288413816555	0	1007	A	G
N0_Mouse	0.288640269011	0	949	A	C
N0_Mouse	0.290566915848	0	917	T	C
N0_Mouse	0.290681371559	0	274	A	G
N0_Mouse	0.290840713604	0	291	A	T
N0_Mouse	0.290998320627	0	1159	T	C
N0_Mouse	0.29120619645	0	406	A	G
N0_Mouse	0.292409556444	0	451	T	G
N0_Mouse	0.292643859679	0	174	C	T
N0_Mouse	0.293983862508	0	209	G	T
N0_Mouse	0.295216262386	0	1148	A	G
N0_Mouse	0.295983090278	0	809	G	A
N0_Mouse	0.296579923771	0	782	C	T
N0_Mouse	0.299045802336	0	388	T	C
N0_Mouse	0.299137938183	0	1169	T	A
N0_Mouse	0.299530154015	0	457	T	C
N0_Mouse	0.30068629548	0	859	T	A
N0_Mouse	0.301041143883	0	556	C	G
N0_Mouse	0.302341069129	0	1092	A	T
N0_Mouse	0.302354186208	0	45	T	G
N0_Mouse	0.302715131174	0	886	T	C
N0_Mouse	0.303525528851	0	825	T	A
N0_Mouse	0.303719917697	0	838	A	T
N0_Mouse	0.303749292102	0	849	G	A
N0_Mouse	0.303783223861	0	945	C	T
N0_Mouse	0.303998748645	0	1163	C	T
N0_Mouse	0.30422083896	0	1287	A	G
N0_Mouse	0.305380196597	0	312	A	T
N0_Mouse	0.307132286635	0	69	A	C
N0_Mouse	0.309118463402	0	292	T	A
N0_Mouse	0.309492801217	0	189	T	C
N0_Mouse	0.311209765836	0	935	C	T
N0_Mouse	0.311318331597	0	870	C	G
N0_Mouse	0.311840824704	0	56	T	C
N0_Mouse	0.312016429754	0	1232	C	A
N0_Mouse	0.31274979842	0	976	A	T
N0_Mouse	0.315073813127	0	588	C	T
N0_Mouse	0.315599735106	0	1210	A	G
N0_Mouse	0.316045487665	0	1164	C	T
N0_Mouse	0.316956968338	0	1188	A	T
N0_Mouse	0.317192219852	0	460	C	T
N0_Mouse	0.31720949388	0	1056	T	C
N0_Mouse	0.317444432484	0	321	T	C
N0_Mouse	0.318284774296	0	1304	T	C
N0_Mouse	0.319270761904	0	619	G	T
N0_Mouse	0.320955142274	0	147	A	T
N0_Mouse	0.321213088098	0	1025	T	C
N0_Mouse	0.32145389413	0	1275	C	G
N0_Mouse	0.323279188543	0	1270	A	T
N0_Mouse	0.323461518194	0	1248	T	A
N0_Mouse	0.324272284862	0	925	G	A
N0_Mouse	0.324517771141	0	106	C	T
N0_Mouse	0.327146217127	0	58	A	T
N0_Mouse	0.327314940591	0	954	A	T
N0_Mouse	0.327378275591	0	760	G	A
N0_Mouse	0.328974037543	0	815	G	A
N0_Mouse	0.329134356065	0	109	T	C
N0_Mouse	0.330093344422	0	1153	G	A
N0_Mouse	0.330456967934	0	977	G	T
N0_Mouse	0.330534966044	0	1087	T	C
N0_Mouse	0.330924251279	0	802	A	G
N0_Mouse	0.33135100476	0	119	G	T
N0_Mouse	0.331690684754	0	1206	G	T
N0_Mouse	0.333018673958	0	329	C	G
N0_Mouse	0.335717130347	0	857	G	A
N0_Mouse	0.336952220262	0	325	A	T
N0_Mouse	0.337770289002	0	338	A	G
N0_Mouse	0.337915548974	0	1055	A	G
N0_Mouse	0.33801426314	0	27	C	T
N0_Mouse	0.338436611865	0	1128	T	C
N0_Mouse	0.338585590744	0	1027	C	T
N0_Mouse	0.338698205473	0	1222	T	G
N0_Mouse	0.340127130387	0	760	A	G
N0_Mouse	0.340803890844	0	346	T	C
N0_Mouse	0.340898984398	0	1044	T	A
N0_Mouse	0.341096861032	0	416	T	A
N0_Mouse	0.341391641414	0	575	G	T
N0_Mouse	0.341642870147	0	546	T	C
N0_Mouse	0.343510429703	0	627	G	T
N0_Mouse	0.343694422046	0	76	C	G
N0_Mouse	0.344968257446	0	1112	A	G
N0_Mouse	0.345518500263	0	1153	A	T
N0_Mouse	0.346668543007	0	6	T	A
N0_Mouse	0.346796859805	0	1235	G	A
N0_Mouse	0.347085395787	0	587	C	G
N0_Mouse	0.347096049635	0	319	A	C
N0_Mouse	0.347183336749	0	987	G	A
N0_Mouse	0.347200118804	0	415	C	T
N0_Mouse	0.34732090842	0	814	A	C
N0_Mouse	0.347763265656	0	1197	A	G
N0_Mouse	0.348100607017	0	672	C	T
N0_Mouse	0.348369705087	0	1177	A	T
N0_Mouse	0.349292880554	0	1228	C	T
N0_Mouse	0.349340716141	0	1067	G	T
N0_Mouse	0.350572813271	0	1018	A	G
N0_Mouse	0.351147335025	0	697	G	A
N0_Mouse	0.353699301396	0	446	C	T
N0_Mouse	0.355062264327	0	777	A	G
N0_Mouse	0.355216933632	0	593	T	A
N0_Mouse	0.355462405453	0	853	A	G
N0_Mouse	0.355726493972	0	486	G	A
N0_Mouse	0.356035115533	0	969	G	T
N0_Mouse	0.359062088992	0	1205	A	T
N0_Mouse	0.359611418609	0	77	T	C
N0_Mouse	0.360384520113	0	42	A	G
N0_Mouse	0.360843013509	0	943	G	A
N0_Mouse	0.362504548268	0	790	A	G
N0_Mouse	0.363120264216	0	377	C	A
N0_Mouse	0.363669525313	0	1117	G	C
N0_Mouse	0.363789309236	0	1164	T	C
N0_Mouse	0.367112754179	0	79	C	T
N0_Mouse	0.367513092585	0	366	T	G
N0_Mouse	0.367718102541	0	1235	A	C
N0_Mouse	0.367803287654	0	167	T	G
N0_Mouse	0.368681572046	0	862	G	C
N0_Mouse	0.369354935159	0	628	C	A
N0_Mouse	0.369948508444	0	1133	A	C
N0_Mouse	0.370138189523	0	1006	C	A
N0_Mouse	0.372569343637	0	75	A	G
N0_Mouse	0.372862626205	0	630	A	T
N0_Mouse	0.373374553378	0	100	T	C
N0_Mouse	0.374009691651	0	88	T	G
N0_Mouse	0.374175111766	0	227	A	C
N0_Mouse	0.374548647857	0	426	T	A
N0_Mouse	0.375561867862	0	800	T	C
N0_Mouse	0.376014893042	0	1251	A	G
N0_Mouse	0.37640944514	0	485	A	T
N0_Mouse	0.378047198251	0	277	A	T
N0_Mouse	0.378928769889	0	555	G	A
N0_Mouse	0.37954543628	0	561	A	G
N0_Mouse	0.38004726823	0	866	A	G
N0_Mouse	0.380214107675	0	345	A	T
N0_Mouse	0.380331546811	0	1077	C	T
N0_Mouse	0.381689716616	0	1107	A	G
N0_Mouse	0.382314179796	0	411	C	G
N0_Mouse	0.383050375453	0	386	T	C
N0_Mouse	0.383723182213	0	635	C	T
N0_Mouse	0.384128489242	0	1247	C	A
N0_Mouse	0.384295427965	0	1245	T	A
N0_Mouse	0.384813499232	0	1088	A	G
N0_Mouse	0.385068597551	0	813	T	C
N0_Mouse	0.385181124501	0	416	A	T
N0_Mouse	0.385483514782	0	1175	C	T
N0_Mouse	0.385934944428	0	833	A	T
N0_Mouse	0.38921670564	0	643	A	T
N0_Mouse	0.389402024532	0	273	A	T
N0_Mouse	0.391235710203	0	939	T	A
N0_Mouse	0.392330403032	0	417	G	T
N0_Mouse	0.392978939705	0	222	A	G
N0_Mouse	0.395220765415	0	700	C	T
N0_Mouse	0.395342958914	0	576	G	C
N0_Mouse	0.395819416606	0	663	A	G
N0_Mouse	0.39594170236	0	1131	T	C
N0_Mouse	0.396663366678	0	867	T	A
N0_Mouse	0.39785548298	0	1339	A	T
N0_Mouse	0.39830727133	0	249	T	C
N0_Mouse	0.398709423922	0	527	T	C
N0_Mouse	0.400246109654	0	1275	G	T
N0_Mouse	0.400646094969	0	284	T	A
N0_Mouse	0.401143003987	0	959	T	C
N0_Mouse	0.401635669721	0	245	G	T
N0_Mouse	0.401650666199	0	529	G	C
N0_Mouse	0.401801232697	0	709	A	G
N0_Mouse	0.402440689282	0	90	A	G
N0_Mouse	0.402794760241	0	1308	A	T
N0_Mouse	0.405153930789	0	602	T	A
N0_Mouse	0.405194064701	0	648	A	C
N0_Mouse	0.407660336606	0	994	A	T
N0_Mouse	0.407965499439	0	966	C	T
N0_Mouse	0.40805364361	0	689	G	A
N0_Mouse	0.408751168354	0	61	G	T
N0_Mouse	0.408995311926	0	122	A	C
N0_Mouse	0.410488095422	0	945	T	A
N0_Mouse	0.411241883694	0	1314	C	T
N0_Mouse	0.411691020864	0	672	T	G
N0_Mouse	0.412368021698	0	888	A	G
N0_Mouse	0.4148320354	0	76	G	A
N0_Mouse	0.414927595914	0	64	C	A
N0_Mouse	0.415865952154	0	1038	G	A
N0_Mouse	0.416432008851	0	1198	C	G
N0_Mouse	0.416983656775	0	358	A	G
N0_Mouse	0.41829036875	0	994	T	C
N0_Mouse	0.418294945489	0	1217	T	C
N0_Mouse	0.421308966282	0	467	C	G
N0_Mouse	0.421552536438	0	997	T	C
N0_Mouse	0.424806401389	0	426	A	C
N0_Mouse	0.426688077845	0	1228	T	A
N0_Mouse	0.426796906726	0	361	A	G
N0_Mouse	0.427763927552	0	769	C	T
N0_Mouse	0.427935900775	0	788	A	T
N0_Mouse	0.427984173417	0	846	T	G
N0_Mouse	0.428610418684	0	64	A	T
N0_Mouse	0.428915720874	0	238	G	T
N0_Mouse	0.429302511785	0	87	A	G
N0_Mouse	0.429641094632	0	230	G	A
N0_Mouse	0.429642286866	0	1008	A	G
N0_Mouse	0.429712929508	0	694	C	G
N0_Mouse	0.430182768697	0	917	C	G
N0_Mouse	0.430322787295	0	1329	C	T
N0_Mouse	0.430553531085	0	767	A	G
N0_Mouse	0.432713515259	0	1130	A	G
N0_Mouse	0.432733968543	0	764	A	G
N0_Mouse	0.434038755878	0	61	T	A
N0_Mouse	0.435940268685	0	903	C	T
N0_Mouse	0.436474324259	0	372	A	T
N0_Mouse	0.436715509815	0	421	T	G
N0_Mouse	0.437825713231	0	1336	T	C
N0_Mouse	0.438220022141	0	216	G	A
N0_Mouse	0.43855565835	0	871	A	C
N0_Mouse	0.439069527568	0	396	C	T
N0_Mouse	0.439086248389	0	283	T	A
N0_Mouse	0.440521812755	0	310	T	A
N0_Mouse	0.440754130466	0	775	T	C
N0_Mouse	0.441887411891	0	1217	C	T
N0_Mouse	0.442277455859	0	833	T	C
N0_Mouse	0.442395898852	0	916	G	C
N0_Mouse	0.443650292236	0	1251	G	A
N0_Mouse	0.444540914247	0	620	T	A
N0_Mouse	0.444947373861	0	40	A	G
N0_Mouse	0.44714545808	0	60	G	A
N0_Mouse	0.447243780145	0	866	G	A
N0_Mouse	0.447677066211	0	968	A	T
N0_Mouse	0.448196252903	0	710	A	T
N0_Mouse	0.450474688084	0	387	A	C
N0_Mouse	0.45066100745	0	821	A	G
N0_Mouse	0.455718315639	0	94	A	G
N0_Mouse	0.455880646257	0	1068	A	G
N0_Mouse	0.456582207965	0	1195	G	A
N0_Mouse	0.457240626548	0	184	A	T
N0_Mouse	0.457647300338	0	1043	T	A
N0_Mouse	0.457779489641	0	91	T	G
N0_Mouse	0.458001614867	0	1310	T	G
N0_Mouse	0.458043603422	0	624	A	C
N0_Mouse	0.458046222439	0	299	A	C
