edge	time	mut_orlg	mut_pos	old_state	new_state
N0_kluyveri	8.68052156444e-05	0	173	C	T
N0_kluyveri	0.0011257749905	0	446	C	T
N0_kluyveri	0.001533966998	0	408	T	C
N0_kluyveri	0.00186615362472	0	164	C	T
N0_kluyveri	0.00256755925435	0	311	G	T
N0_kluyveri	0.00289696271292	0	14	G	A
N0_kluyveri	0.00354880214733	0	104	C	T
N0_kluyveri	0.00561320035332	0	323	T	C
N0_kluyveri	0.00631135336707	0	302	C	T
N0_kluyveri	0.00659157399263	0	182	C	T
N0_kluyveri	0.0067727762722	0	297	A	G
N0_kluyveri	0.00766907606358	0	233	T	C
N0_kluyveri	0.00787651736451	0	50	A	G
N0_kluyveri	0.00819696904811	0	388	C	T
N0_kluyveri	0.00825872811589	0	312	C	T
N0_kluyveri	0.00941420835785	0	227	A	G
N0_kluyveri	0.00950167861639	0	134	G	A
N0_kluyveri	0.0101614580193	0	389	A	G
N0_kluyveri	0.0113300157376	0	161	T	C
N0_kluyveri	0.0117192165244	0	200	T	A
N0_kluyveri	0.0118167600662	0	212	A	G
N0_kluyveri	0.0119697913573	0	341	C	T
N0_kluyveri	0.0122677490996	0	446	T	C
N0_kluyveri	0.0130244207711	0	167	C	T
N0_kluyveri	0.0130268555959	0	326	T	C
N0_kluyveri	0.013121355161	0	68	C	T
N0_D1	0.00121227207563	0	83	A	G
N0_D1	0.00122618702264	0	245	G	A
D1_N1	0.000163757507956	1	122	A	G
D1_N1	0.000210588105349	1	45	G	A
D1_N1	0.000474587657436	1	348	G	C
D1_N1	0.00159250341031	1	485	C	T
D1_N1	0.00164116217839	2	323	T	C
D1_N1	0.00175421975381	2	371	C	T
D1_N1	0.0019512417982	1	382	G	A
D1_N1	0.00197533584086	1	439	T	A
D1_N1	0.00199445371064	2	437	G	A
D1_N1	0.00200353013514	1	380	G	A
D1_N1	0.00250887810449	2	305	T	C
D1_N1	0.00281726869642	1	398	T	C
N1_castellii	0.0002034025897	1	284	A	G
N1_castellii	0.00114703817707	2	119	A	G
N1_castellii	0.00127763336912	1	209	G	T
N1_castellii	0.00130622476928	1	173	C	T
N1_castellii	0.00143854004627	2	317	G	A
N1_castellii	0.00148298530678	2	452	C	T
N1_castellii	0.00182308585299	1	254	C	T
N1_castellii	0.00238578919386	1	299	C	T
N1_castellii	0.00243185266982	2	206	A	G
N1_castellii	0.00299211301821	1	102	C	T
N1_castellii	0.00310597446544	2	152	C	T
N1_castellii	0.00321853461628	1	68	C	T
N1_castellii	0.00327089702726	1	278	C	T
N1_castellii	0.00334555907808	1	248	A	G
N1_castellii	0.00349663280299	2	173	C	T
N1_castellii	0.00351800963972	1	458	T	C
N1_castellii	0.00395656394146	2	320	A	C
N1_castellii	0.00432736088299	1	35	G	A
N1_castellii	0.00465805572491	2	65	G	A
N1_castellii	0.0047992661198	2	221	A	G
N1_castellii	0.00597707294284	2	323	C	T
N1_castellii	0.00601308716257	1	278	T	C
N1_castellii	0.00650541044527	2	110	T	C
N1_castellii	0.00661806379733	2	119	G	A
N1_castellii	0.00691564829484	2	29	C	T
N1_castellii	0.0074900434522	2	108	T	G
N1_castellii	0.00772055584727	2	299	C	T
N1_castellii	0.00792046900199	2	182	C	T
N1_castellii	0.00797087988467	2	329	A	G
N1_castellii	0.00844500650241	2	126	T	C
N1_castellii	0.00892801810271	1	104	C	T
N1_castellii	0.00901822272942	1	461	A	G
N1_castellii	0.00907536044417	2	104	C	T
N1_castellii	0.00911053960637	1	182	C	T
N1_castellii	0.00917256546948	1	320	A	G
N1_castellii	0.00950066194405	2	308	G	A
N1_castellii	0.00951566094454	1	224	T	A
N1_castellii	0.00970509853053	2	324	C	A
N1_castellii	0.00983188466074	2	110	C	T
N1_castellii	0.00994723772511	2	335	T	A
N1_castellii	0.010014538374	1	3	T	C
N1_castellii	0.0100852257338	2	287	G	A
N1_castellii	0.0101883105634	1	266	G	A
N1_castellii	0.0101976673695	2	50	A	G
N1_castellii	0.0106597046248	2	257	T	C
N1_castellii	0.0108714709669	2	35	G	A
N1_castellii	0.0109993995849	2	302	C	T
N1_castellii	0.0112732062699	1	218	A	G
N1_castellii	0.011521684262	1	362	G	T
N1_castellii	0.0117606345708	1	80	C	T
N1_castellii	0.0117985665724	2	223	C	T
N1_castellii	0.0119901639003	2	149	T	C
N1_castellii	0.0120910214305	1	461	G	A
N1_castellii	0.0121720473678	2	197	C	T
N1_castellii	0.012392584983	1	224	A	G
N1_castellii	0.0126078228917	1	302	C	T
N1_N2	2.75946967944e-05	2	262	G	A
N1_N2	7.95993985016e-05	1	476	C	T
N1_N2	0.000517006848779	1	347	G	A
N1_N2	0.000561008467747	1	359	G	A
N1_N2	0.000651023969569	2	146	A	G
N1_N2	0.000699053277345	1	167	C	T
N1_N2	0.000840907685375	1	435	T	C
N1_N2	0.000848261529614	1	212	A	G
N1_N2	0.00113974191471	2	419	A	G
N1_N2	0.00139882452089	1	21	A	G
N1_N2	0.00144299131887	1	44	A	G
N1_N2	0.00147611153796	2	326	T	C
N1_N2	0.001586237395	2	108	T	A
N1_N2	0.00218086888515	2	125	C	T
N1_N2	0.00225629974536	1	62	A	G
N1_N2	0.002550391201	2	68	C	G
N1_N2	0.00280634785008	1	248	A	G
N1_N2	0.00282260433389	2	218	A	G
N1_N2	0.0039347460988	1	122	G	A
N1_N2	0.00399300437162	2	86	C	T
N1_N2	0.0040436977355	2	26	A	G
N1_N2	0.00419376656356	1	187	T	C
N1_N2	0.0042283000134	2	434	G	A
N1_N2	0.00428490227082	2	302	C	T
N1_N2	0.00445842396448	1	398	C	T
N1_N2	0.00455589972132	1	293	A	G
N1_N2	0.00463713591375	2	146	G	A
N1_N2	0.00468896895803	2	26	G	A
N1_N2	0.00477700419671	1	491	G	A
N1_N2	0.00485752841941	2	281	A	G
N1_N2	0.00486917876625	1	203	T	G
N1_N2	0.00533485027924	1	212	G	C
N1_N2	0.00555765107323	2	362	G	A
N1_N2	0.00561669671073	2	272	C	T
N1_N2	0.00572274050955	1	386	A	T
N1_N2	0.00579497004411	2	15	C	T
N1_N2	0.00604730438266	1	59	C	T
N1_N2	0.00615351081978	2	28	T	C
N1_N2	0.00638389647594	1	473	A	G
N1_N2	0.00656595848151	1	57	C	T
N1_N2	0.00686158404924	1	23	T	C
N1_N2	0.00709675687825	1	59	T	C
N1_N2	0.00716951143771	1	56	G	A
N1_N2	0.0075978084187	1	335	T	C
N1_N2	0.00761083010815	2	396	A	G
N1_N2	0.00843541059373	1	242	G	A
N1_N2	0.00844415342106	2	368	G	A
N1_N2	0.00849463918601	2	260	A	G
N1_N2	0.00864306970345	2	164	C	A
N1_N2	0.00882056057763	1	207	C	T
N1_N2	0.00919042653391	2	368	A	G
N1_N2	0.00919511750967	2	146	A	G
N1_N2	0.00937806168732	2	422	C	T
N1_N2	0.0094731744576	2	107	T	C
N1_N2	0.00985037026156	2	437	A	G
N1_N2	0.0101109949534	1	269	T	C
N1_N2	0.0107872578445	1	89	T	C
N1_N2	0.0111312820278	1	8	C	T
N1_N2	0.0112808313272	2	309	G	A
N1_N2	0.0112821601939	1	149	T	C
N1_N2	0.0113147887001	1	104	C	T
N1_N2	0.0116961438176	1	437	G	A
N1_N2	0.0123583335051	1	431	T	C
N1_N2	0.0123650443444	1	119	A	G
N1_N2	0.0123696923624	1	63	A	G
N1_N2	0.0125604815229	2	323	C	T
N1_N2	0.0134928403799	1	197	C	T
N1_N2	0.01396264729	2	158	C	T
N1_N2	0.0140643684203	1	47	T	C
N1_N2	0.0141827682295	2	338	T	C
N1_N2	0.0143485610764	1	161	T	C
N1_N2	0.0144926095232	1	290	G	A
N1_N2	0.0145439586857	1	245	A	G
N1_N2	0.0154431564348	2	398	T	C
N1_N2	0.0156962760428	2	134	G	T
N2_bayanus	1.89208456682e-05	2	51	T	C
N2_bayanus	0.000689378802485	2	437	G	A
N2_bayanus	0.000701070047047	1	422	C	T
N2_bayanus	0.00101509799315	2	417	C	T
N2_bayanus	0.00165239205847	1	134	G	A
N2_bayanus	0.00170226909878	2	81	C	T
N2_bayanus	0.00201793730782	1	434	G	A
N2_bayanus	0.0021260186221	1	266	G	A
N2_bayanus	0.00213626274199	2	14	G	A
N2_bayanus	0.00222972074849	2	278	C	T
N2_N3	0.000292078331071	2	284	A	C
N2_N3	0.000321161558394	2	320	A	G
N2_N3	0.000640385448062	1	119	G	A
N2_N3	0.000684900896033	1	332	A	G
N3_kudriavzevii	0.000141121214579	1	440	A	G
N3_kudriavzevii	0.000169444007811	1	245	G	C
N3_kudriavzevii	0.00034635202043	2	185	C	T
N3_kudriavzevii	0.000811454688545	2	134	T	C
N3_kudriavzevii	0.00134383029255	1	314	A	G
N3_kudriavzevii	0.0022302023554	1	14	G	A
N3_kudriavzevii	0.00225462929113	2	23	C	T
N3_kudriavzevii	0.00247821416765	2	260	G	A
N3_kudriavzevii	0.00250059527329	1	314	G	A
N3_kudriavzevii	0.00264308017646	2	454	C	T
N3_kudriavzevii	0.00267346514664	2	395	A	G
N3_kudriavzevii	0.00282914930058	1	23	C	T
N3_kudriavzevii	0.00310698218867	1	68	C	T
N3_kudriavzevii	0.00319099571156	1	275	T	C
N3_kudriavzevii	0.00350096556688	1	23	T	C
N3_kudriavzevii	0.0035499928515	2	86	T	A
N3_kudriavzevii	0.00359892815255	1	80	C	T
N3_kudriavzevii	0.00362411290297	2	103	A	G
N3_kudriavzevii	0.00367978477841	2	185	T	C
N3_kudriavzevii	0.00410404545591	1	428	A	G
N3_kudriavzevii	0.00426053272298	2	389	A	G
N3_kudriavzevii	0.00459902238145	2	305	T	C
N3_kudriavzevii	0.00463990553806	2	8	C	T
N3_kudriavzevii	0.00472556281317	2	452	C	T
N3_kudriavzevii	0.00515727799115	1	332	G	A
N3_kudriavzevii	0.00515924414797	2	197	C	T
N3_kudriavzevii	0.00526866641879	2	179	A	G
N3_kudriavzevii	0.00599078164342	1	380	A	G
N3_N4	0.000119624513774	2	83	G	A
N3_N4	0.000174438551789	2	224	T	C
N3_N4	0.000261736406126	2	440	A	G
N3_N4	0.000605322506663	1	41	G	A
N3_N4	0.00064892112213	2	116	A	G
N3_N4	0.000795278262679	1	53	C	T
N3_N4	0.000912500458722	1	44	G	A
N3_N4	0.00105647158352	1	14	G	A
N3_N4	0.00142682733136	2	260	G	A
N3_N4	0.00153714819726	2	322	A	G
N3_N4	0.0022373932809	1	413	C	T
N3_N4	0.00230764128754	2	65	G	A
N4_mikatae	0.000676614532152	2	366	A	G
N4_mikatae	0.00106878741943	2	383	T	C
N4_mikatae	0.00119510664626	2	254	C	T
N4_mikatae	0.00124891757067	2	26	A	T
N4_mikatae	0.00159769529163	1	161	C	T
N4_mikatae	0.00177885183007	2	158	T	C
N4_mikatae	0.00213280689861	1	299	C	T
N4_mikatae	0.00225305832334	1	212	C	T
N4_mikatae	0.00245048330867	2	162	C	T
N4_mikatae	0.00267986031457	2	161	T	C
N4_mikatae	0.00272574437995	2	326	T	C
N4_mikatae	0.00311880081428	2	206	A	G
N4_mikatae	0.00315445660004	2	281	A	T
N4_mikatae	0.00338426564096	2	170	T	C
N4_mikatae	0.00338740102763	1	212	T	C
N4_mikatae	0.00346151996886	1	173	C	T
N4_N5	3.56377326856e-05	1	329	A	G
N4_N5	4.10313273469e-05	2	422	C	T
N4_N5	9.99100731852e-05	2	458	T	C
N4_N5	0.000375374363014	2	281	A	G
N4_N5	0.000428367412238	1	410	A	G
N4_N5	0.000483291454263	1	356	G	C
N4_N5	0.000520121336291	1	149	C	A
N4_N5	0.000541790431518	1	239	C	T
N4_N5	0.000596560256913	2	86	T	A
N4_N5	0.000738730248889	1	200	T	C
N4_N5	0.000816134920565	2	209	G	A
N4_N5	0.00126423201575	1	185	C	T
N4_N5	0.00131306387614	1	449	C	T
N4_N5	0.00150470731342	2	281	G	A
N5_paradoxus	0.00089716928108	1	362	G	A
N5_paradoxus	0.000907161087808	2	411	A	G
N5_paradoxus	0.000977366165058	1	185	T	C
N5_cerevisiae	0.000318846943118	1	383	T	C
N5_cerevisiae	0.000362519091015	2	393	G	A
N5_cerevisiae	0.00109329968397	1	233	T	C
N5_cerevisiae	0.00122412248516	2	350	C	T
N5_cerevisiae	0.0013374837967	2	368	G	A
N5_cerevisiae	0.00213585941551	2	425	G	A
N5_cerevisiae	0.00217425197082	2	135	A	G
N5_cerevisiae	0.00220568584687	2	285	A	G
N5_cerevisiae	0.00248948144757	2	47	C	T
N5_cerevisiae	0.00252580001147	2	74	A	G
N5_cerevisiae	0.00318277550481	1	230	T	G
N5_cerevisiae	0.00333659106549	1	194	G	A
N5_cerevisiae	0.00351510168188	1	77	T	C
N5_cerevisiae	0.00354324515191	1	383	C	T
N5_cerevisiae	0.00363947632737	2	302	C	T
N5_cerevisiae	0.00393654832995	2	413	T	C
N5_cerevisiae	0.00410159785956	2	23	C	T
