edge	time	orlg_from	orlg_to	tract_length	start_pos	stop_pos	num_diff	template_seq	overide_seq
D1_N1	0.000226256533418	2	1	1	373	373	0	T	T
D1_N1	0.000358708408596	2	1	10	94	103	0	ATGAAGACGT	ATGAAGACGT
D1_N1	0.000526972742898	2	1	1	500	500	0	G	G
D1_N1	0.000527634816691	2	1	4	180	183	0	TCTA	TCTA
D1_N1	0.000565802030023	1	2	1	561	561	0	C	C
D1_N1	0.000833046836288	1	2	15	329	343	0	CATCATTCTCACAAG	CATCATTCTCACAAG
D1_N1	0.0009082910764	2	1	1	3	3	0	C	C
N1_castellii	5.02554456048e-05	1	2	1	392	392	0	A	A
N1_castellii	5.22688611498e-05	1	2	12	35	46	2	CCTAGGTTTGGC	CCTAGGTTTAGT
N1_castellii	0.000123468631764	1	2	2	919	920	0	TT	TT
N1_castellii	0.000156399288855	2	1	1	611	611	0	A	A
N1_castellii	0.000313919768542	1	2	2	159	160	0	AG	AG
N1_castellii	0.000365619987148	1	2	4	641	644	0	CTTA	CTTA
N1_castellii	0.000474813667426	2	1	6	182	187	0	TATGGC	TATGGC
N1_castellii	0.000803885532121	1	2	6	875	880	1	TCTCGT	TCTAGT
N1_castellii	0.000932552821982	1	2	4	686	689	0	CACG	CACG
N1_castellii	0.00114844920991	2	1	5	562	566	0	CTCTC	CTCTC
N1_castellii	0.00115379940702	1	2	9	631	639	0	GGATGATTT	GGATGATTT
N1_castellii	0.00117030369462	1	2	3	186	188	0	GCA	GCA
N1_castellii	0.00153192539007	2	1	3	226	228	0	ATC	ATC
N1_castellii	0.00155635466409	2	1	12	872	883	0	TATTCTCGTGGC	TATTCTCGTGGC
N1_castellii	0.00171588833177	2	1	7	319	325	0	AAAGAAA	AAAGAAA
N1_castellii	0.00171929261583	1	2	2	25	26	0	AT	AT
N1_castellii	0.00192134784392	1	2	7	18	24	0	CTTCTTA	CTTCTTA
N1_castellii	0.00199436497578	2	1	1	348	348	0	A	A
N1_castellii	0.00209648894213	1	2	1	174	174	0	T	T
N1_castellii	0.00212556099868	2	1	1	139	139	0	C	C
N1_castellii	0.00214934565657	2	1	5	663	667	0	AAGAA	AAGAA
N1_castellii	0.00218383172658	1	2	1	787	787	0	G	G
N1_castellii	0.00224355436297	2	1	12	131	142	0	ATTGTACCCCTC	ATTGTACCCCTC
N1_castellii	0.00236140743479	1	2	5	264	268	0	TATAT	TATAT
N1_castellii	0.00237603495114	2	1	1	449	449	0	A	A
N1_castellii	0.00249718081834	2	1	2	217	218	0	CA	CA
N1_castellii	0.0025115348881	2	1	3	729	731	0	TTA	TTA
N1_castellii	0.00277958602168	1	2	2	734	735	0	TG	TG
N1_castellii	0.0028088829876	1	2	11	801	811	2	ATGCGACCTGT	ATACGACCCGT
N1_castellii	0.0028622313524	1	2	21	431	451	1	ACTATCAAGTAGAGCTCTATA	ACTATCAAGTGGAGCTCTATA
N1_castellii	0.00287593166028	1	2	1	186	186	0	G	G
N1_castellii	0.00291666698876	2	1	2	369	370	0	TT	TT
N1_castellii	0.00293169922717	1	2	3	831	833	0	TTG	TTG
N1_castellii	0.003025625443	2	1	11	775	785	0	CCTGCCAAGGT	CCTGCCAAGGT
N1_castellii	0.00313367974887	2	1	2	212	213	1	AG	AA
N1_castellii	0.00318937298315	2	1	3	2	4	0	TCT	TCT
N1_castellii	0.00321215643415	1	2	1	773	773	0	A	A
N1_castellii	0.00327277802178	1	2	17	5	21	0	GCCGTAATTTAAACTTC	GCCGTAATTTAAACTTC
N1_castellii	0.00327626503878	1	2	4	160	163	0	GCAA	GCAA
N1_castellii	0.00332222674783	1	2	5	544	548	0	GCGAC	GCGAC
N1_castellii	0.00344655853829	2	1	14	440	453	0	TAGAGCTCTATAGC	TAGAGCTCTATAGC
N1_castellii	0.00345186113484	1	2	7	614	620	2	CTAATAC	CCAATAT
N1_castellii	0.00348417322851	2	1	6	175	180	0	ACCTGT	ACCTGT
N1_castellii	0.0035971119363	1	2	15	918	932	0	CTTGGCGGTTACATT	CTTGGCGGTTACATT
N1_castellii	0.00367590237884	2	1	2	555	556	0	AG	AG
N1_castellii	0.00381949886913	2	1	2	456	457	0	CT	CT
N1_castellii	0.00415328631838	1	2	4	397	400	0	TATT	TATT
N1_castellii	0.0042711172883	1	2	2	511	512	0	TA	TA
N1_castellii	0.00437370498708	1	2	2	776	777	0	CT	CT
N1_castellii	0.00451345613556	2	1	9	942	945	0	TTAG	TTAG
N1_castellii	0.00457750549862	1	2	20	288	307	2	CTGAAATAGCCTATATTCAT	CTGAAGTAACCTATATTCAT
N1_castellii	0.00466133977268	1	2	7	734	740	2	TGTCATA	TGTTATG
N1_castellii	0.00466428114171	2	1	1	250	250	0	G	G
N1_castellii	0.004757225543	2	1	9	444	452	0	GCTCTATAG	GCTCTATAG
N1_castellii	0.00477578383531	1	2	12	398	409	1	ATTGATACCCTG	ATTGGTACCCTG
N1_castellii	0.00487375829233	2	1	2	333	334	0	AT	AT
N1_castellii	0.00487455250599	2	1	1	100	100	0	A	A
N1_castellii	0.00501906010626	1	2	2	874	875	0	TT	TT
N1_castellii	0.00504331256406	1	2	1	10	10	0	A	A
N1_castellii	0.0051559802333	1	2	1	483	483	0	A	A
N1_castellii	0.00537632602374	2	1	11	945	945	0	G	G
N1_castellii	0.00561333067022	1	2	5	746	750	0	TACCC	TACCC
N1_castellii	0.00572034449021	2	1	16	654	669	2	GACCGTCGGAAGAAGG	AACCGTCGGAAGAAAG
N1_castellii	0.00575038115385	1	2	8	838	845	0	TTACAATC	TTACAATC
N1_castellii	0.00606344067853	2	1	8	153	160	0	AAGTTTAG	AAGTTTAG
N1_castellii	0.00616954481949	2	1	2	791	792	0	CA	CA
N1_castellii	0.00620221077423	1	2	2	586	587	0	CA	CA
N1_castellii	0.00627721600727	1	2	5	396	400	1	TTATT	TTGTT
N1_castellii	0.00638824730483	1	2	6	216	221	0	ACAAAG	ACAAAG
N1_castellii	0.00641870963106	2	1	11	861	871	0	ACATGAACTTT	ACATGAACTTT
N1_castellii	0.00642314308251	2	1	1	65	65	0	C	C
N1_castellii	0.00647090348157	1	2	7	745	751	0	TTACCCT	TTACCCT
N1_castellii	0.00651048822855	2	1	2	927	928	0	TA	TA
N1_castellii	0.00651245196522	1	2	2	173	174	0	GT	GT
N1_castellii	0.00657789066539	2	1	1	428	428	0	C	C
N1_castellii	0.00658484565306	2	1	24	65	88	3	CGCTCCGAGATAACGATGTTACGC	CGCTTCGAGGTAACGGTGTTACGC
N1_castellii	0.00677924969831	2	1	12	817	828	2	ATGCCGAGTAAA	ACGCCGAGTAGA
N1_N2	8.20215041118e-05	2	1	1	258	258	0	T	T
N1_N2	0.000397494494683	2	1	1	820	820	0	C	C
N1_N2	0.000415693345409	1	2	10	126	135	0	CAATAATTGT	CAATAATTGT
N1_N2	0.000428692737125	1	2	4	744	747	0	ATTA	ATTA
N1_N2	0.000476270675733	1	2	4	141	144	0	TCAT	TCAT
N1_N2	0.000550987355064	1	2	4	554	557	0	TAGC	TAGC
N1_N2	0.000640492513504	2	1	5	866	870	0	AACTT	AACTT
N1_N2	0.000748287882324	2	1	1	686	686	0	C	C
N1_N2	0.000796526981026	2	1	5	688	692	0	CGATA	CGATA
N1_N2	0.000838697385571	2	1	6	797	802	0	TGTTAT	TGTTAT
N1_N2	0.000849274950549	1	2	3	639	641	0	TAC	TAC
N1_N2	0.000928629527186	1	2	2	297	298	0	CC	CC
N1_N2	0.000996989196397	2	1	11	130	140	0	AATTGTACCCC	AATTGTACCCC
N1_N2	0.00105178771608	2	1	1	677	677	0	G	G
N1_N2	0.00109934069733	2	1	16	303	318	1	TTCATCTACTGCGGTC	TTCATCTACTGCGGCC
N1_N2	0.0014094530491	2	1	15	36	50	4	CTAGGCTTAGTACAC	CTGGGTTTGGCACAC
N1_N2	0.0014680754602	2	1	4	46	49	0	TACA	TACA
N1_N2	0.00165521963937	2	1	2	207	208	0	TG	TG
N1_N2	0.00180057820424	1	2	6	934	939	0	ATTGTA	ATTGTA
N1_N2	0.00182661540592	1	2	3	330	332	0	ATC	ATC
N1_N2	0.00202138081836	2	1	1	597	597	0	C	C
N1_N2	0.00214145722733	2	1	5	770	774	0	ATTAG	ATTAG
N1_N2	0.00222741153164	1	2	1	368	368	0	T	T
N1_N2	0.00222858503381	2	1	1	80	80	0	A	A
N1_N2	0.00248349597656	2	1	14	487	500	0	TCATCAATCTTCAG	TCATCAATCTTCAG
N1_N2	0.00250385533486	2	1	1	812	812	0	T	T
N1_N2	0.00254832256116	1	2	3	788	790	0	ATG	ATG
N1_N2	0.00256642608477	2	1	7	571	577	0	GGAAATA	GGAAATA
N1_N2	0.00257929968331	1	2	3	348	350	1	ACA	ACG
N1_N2	0.0025873932159	2	1	1	748	748	0	C	C
N1_N2	0.00262302560357	1	2	1	871	871	0	T	T
N1_N2	0.0028492067643	1	2	3	235	237	0	TGC	TGC
N1_N2	0.00287681586682	2	1	1	53	53	0	T	T
N1_N2	0.00293982148827	1	2	1	129	129	0	T	T
N1_N2	0.00302661094339	2	1	5	327	331	0	GTCAT	GTCAT
N1_N2	0.00316599846648	2	1	2	651	652	0	GC	GC
N1_N2	0.00318637314495	2	1	16	297	312	0	CCTATATTCATCTACT	CCTATATTCATCTACT
N1_N2	0.00326577440207	2	1	8	245	252	0	CCATGGCT	CCATGGCT
N1_N2	0.00335521319536	1	2	8	681	688	0	CGGCACAC	CGGCACAC
N1_N2	0.00340450499039	2	1	9	100	108	1	ACGTAATCA	ACGTGATCA
N1_N2	0.00348683159818	1	2	3	387	389	0	GTA	GTA
N1_N2	0.0034884431724	2	1	4	710	713	2	GCGT	ACGC
N1_N2	0.00371830437317	2	1	4	288	291	0	CTGA	CTGA
N1_N2	0.00390651357727	1	2	6	115	120	0	TTAATG	TTAATG
N1_N2	0.00409907838794	1	2	2	500	501	0	GG	GG
N1_N2	0.00432478635782	1	2	7	106	112	0	TCATATC	TCATATC
N1_N2	0.00433752343359	2	1	1	182	182	0	T	T
N1_N2	0.00450559065936	1	2	5	394	398	0	CTTTA	CTTTA
N1_N2	0.00461198298008	1	2	1	24	24	0	A	A
N1_N2	0.00463419646965	1	2	10	201	210	0	CTGAAATGAG	CTGAAATGAG
N1_N2	0.00465117509399	1	2	4	128	131	1	GTAA	ATAA
N1_N2	0.00475377055921	1	2	6	254	259	0	AATATG	AATATG
N1_N2	0.00484487620806	1	2	10	793	802	0	GTCATGTTAT	GTCATGTTAT
N1_N2	0.00488955014165	2	1	2	601	602	1	AT	AC
N1_N2	0.00494551232557	2	1	1	562	562	0	C	C
N1_N2	0.00500711211954	1	2	5	414	418	0	CGTTC	CGTTC
N1_N2	0.00508711242561	1	2	5	855	859	0	AGACA	AGACA
N1_N2	0.00513626742775	1	2	1	869	869	1	C	T
N1_N2	0.00527024825166	1	2	2	903	904	0	TG	TG
N1_N2	0.00530005044616	2	1	9	524	532	1	ACATATTAC	ACATATCAC
N1_N2	0.0054115029472	1	2	1	183	183	0	A	A
N1_N2	0.00541738042472	2	1	3	119	121	0	TGT	TGT
N1_N2	0.00565737606182	1	2	1	404	404	0	A	A
N1_N2	0.00570099248373	1	2	6	68	73	0	TCCGAG	TCCGAG
N1_N2	0.00574134583037	2	1	8	842	849	0	AATCCGTG	AATCCGTG
N1_N2	0.00578846737303	2	1	1	724	724	0	C	C
N1_N2	0.00579912454215	1	2	2	885	886	0	TT	TT
N1_N2	0.00581440716347	2	1	1	882	882	0	G	G
N1_N2	0.00599503235286	2	1	7	237	243	0	CTAAGAT	CTAAGAT
N1_N2	0.00603526471146	2	1	6	744	749	0	ATTACC	ATTACC
N1_N2	0.0062523091518	2	1	1	426	426	0	A	A
N1_N2	0.00639664570351	1	2	6	5	10	0	GCCGTA	GCCGTA
N1_N2	0.00641943770821	2	1	1	845	845	0	C	C
N1_N2	0.0065617708446	1	2	1	479	479	0	T	T
N1_N2	0.00690763265451	1	2	1	760	760	0	T	T
N1_N2	0.00701088461882	1	2	2	840	841	0	AC	AC
N1_N2	0.0070725621193	1	2	1	814	814	0	T	T
N1_N2	0.00710024336605	1	2	1	371	371	0	T	T
N1_N2	0.00740312156608	1	2	2	238	239	0	TA	TA
N1_N2	0.00758985481978	1	2	1	852	852	0	G	G
N1_N2	0.0078441765969	1	2	1	143	143	0	A	A
N1_N2	0.00789134652451	2	1	1	781	781	0	A	A
N1_N2	0.00805039725302	1	2	1	384	384	0	T	T
N1_N2	0.00810300562489	2	1	2	95	96	0	TG	TG
N1_N2	0.00821151721331	1	2	9	315	323	1	GGTCAAAGG	GGTCAAAGA
N1_N2	0.00822323940459	1	2	5	500	504	2	GGCCT	AGCTT
N1_N2	0.00824519814782	1	2	8	802	809	3	TGCGACCT	TCCGGTCT
N1_N2	0.00843284773541	1	2	1	218	218	0	A	A
N1_N2	0.0085647239939	2	1	7	375	381	1	GTCAGGG	GTTAGGG
N1_N2	0.00869664215362	1	2	1	572	572	0	G	G
N2_bayanus	9.76572863068e-05	2	1	7	160	166	0	GCAATTG	GCAATTG
N2_bayanus	0.000164633737144	1	2	3	164	166	0	TTG	TTG
N2_bayanus	0.000281225332576	1	2	3	823	825	0	AAT	AAT
N2_bayanus	0.000376835210364	2	1	1	336	336	0	C	C
N2_bayanus	0.000464885849655	1	2	5	823	827	0	AATAA	AATAA
N2_bayanus	0.000467107392993	2	1	4	402	405	1	ATAC	ATGC
N2_bayanus	0.00052118000206	1	2	2	304	305	1	TT	TC
N2_bayanus	0.000691403841591	1	2	1	744	744	0	A	A
N2_bayanus	0.000740815689547	1	2	4	706	709	0	CACA	CACA
N2_bayanus	0.000932634863086	1	2	9	304	312	0	TTATCTACT	TTATCTACT
N2_bayanus	0.000946136670365	2	1	2	861	862	0	AC	AC
N2_bayanus	0.000970132832727	1	2	13	870	882	2	TTCATTCTCGTGG	TTTATCCTCGTGG
N2_bayanus	0.00100680541528	1	2	2	38	39	0	AG	AG
N2_bayanus	0.00102207969464	2	1	6	771	776	1	TTAGTC	TTAGCC
N2_bayanus	0.00104870576565	2	1	1	796	796	0	A	A
N2_bayanus	0.0011361387795	1	2	13	259	271	0	GAGCTTATATACA	GAGCTTATATACA
N2_bayanus	0.00119238388733	1	2	2	287	288	0	GC	GC
N2_bayanus	0.00123184342044	1	2	5	852	856	0	GTTAG	GTTAG
N2_bayanus	0.00123352921046	1	2	5	680	684	2	ACGGC	GCGAC
N2_bayanus	0.00123710952292	1	2	9	726	734	2	TTCTTCACT	TTTTTAACT
N2_bayanus	0.00131377411881	2	1	1	48	48	1	C	T
N2_bayanus	0.00132628246268	2	1	5	24	28	0	AATTT	AATTT
N2_bayanus	0.00132761538657	1	2	4	292	295	1	AATA	AGTA
N2_bayanus	0.001501788956	2	1	13	509	521	1	ACTACTATAATCG	ACTACTATAGTCG
N2_bayanus	0.00151518944412	1	2	2	486	487	0	AT	AT
N2_bayanus	0.00170498140614	1	2	2	670	671	0	AC	AC
N2_bayanus	0.00188881164923	2	1	4	137	140	0	CCCC	CCCC
N2_bayanus	0.001893921082	2	1	1	696	696	0	T	T
N2_bayanus	0.0019672871097	2	1	3	927	929	0	TAC	TAC
N2_bayanus	0.00202970902144	1	2	4	145	148	1	TGGG	TAGG
N2_bayanus	0.00207253389452	1	2	3	361	363	0	TGC	TGC
N2_bayanus	0.00233948006016	2	1	1	161	161	0	C	C
N2_bayanus	0.0023712895995	2	1	9	863	871	0	ATGAACCTT	ATGAACCTT
N2_bayanus	0.0024926498928	1	2	1	214	214	0	A	A
N2_bayanus	0.00254926687573	1	2	7	639	645	0	TACTTAA	TACTTAA
N2_bayanus	0.00260246753777	1	2	26	202	227	5	TGAAATGAGCTAAGACAAAAAAATAT	TGAAATGAGCAGAAACAAAAGAGTAT
N2_bayanus	0.00278605858598	1	2	1	84	84	0	T	T
N2_bayanus	0.00282460430408	1	2	8	324	331	0	AAAGTCAT	AAAGTCAT
N2_N3	5.01256377568e-07	1	2	3	46	48	1	TAT	TAC
N2_N3	3.70804385646e-05	2	1	1	185	185	0	G	G
N2_N3	6.12025223721e-05	2	1	5	779	783	1	TCAAG	CCAAG
N2_N3	8.58843705199e-05	2	1	9	559	567	0	CCCCTCTCT	CCCCTCTCT
N2_N3	0.000245361630158	2	1	7	854	860	1	TAGGCAT	TAGACAT
N2_N3	0.000356436894126	2	1	2	701	702	0	AC	AC
N2_N3	0.00038364564014	1	2	4	496	499	1	TTCA	TCCA
N2_N3	0.000465485979526	1	2	4	319	322	0	AAAG	AAAG
N2_N3	0.000725766150885	1	2	1	431	431	0	A	A
N2_N3	0.000788391509723	2	1	3	704	706	0	CTC	CTC
N2_N3	0.00084716535626	2	1	4	73	76	0	GGTA	GGTA
N2_N3	0.000875599393525	1	2	18	834	851	3	AATTTCACAATCCGTGAA	AACTTTACAATTCGTGAA
N2_N3	0.000895975132023	1	2	3	586	588	0	CAT	CAT
N2_N3	0.00100860389893	2	1	2	126	127	0	CA	CA
N2_N3	0.00102484243259	2	1	1	231	231	0	A	A
N2_N3	0.00107892208294	1	2	7	258	264	0	TGAGCTT	TGAGCTT
N2_N3	0.00114251653008	2	1	1	541	541	0	T	T
N2_N3	0.00115163241778	2	1	2	217	218	0	CA	CA
N2_N3	0.001253612614	2	1	3	336	338	0	CTC	CTC
N2_N3	0.00127471155339	1	2	6	915	920	1	CTCCTT	CTCCTC
N3_kudriavzevii	0.000150650356904	2	1	5	367	371	0	ATTTT	ATTTT
N3_kudriavzevii	0.000158293276309	1	2	4	721	724	0	CTTC	CTTC
N3_kudriavzevii	0.000238223605463	1	2	7	639	645	0	TACTTAA	TACTTAA
N3_kudriavzevii	0.00028904821009	2	1	1	614	614	1	C	T
N3_kudriavzevii	0.000439817366519	1	2	2	640	641	0	AC	AC
N3_kudriavzevii	0.000485964922743	2	1	3	362	364	0	GCA	GCA
N3_kudriavzevii	0.000492116278282	1	2	17	201	217	3	CTGAAATGAGCTAAGAC	CTGAAATGAGCAGAAAC
N3_kudriavzevii	0.000569155546441	2	1	9	333	341	0	ATTCTCACA	ATTCTCACA
N3_kudriavzevii	0.000658880815561	1	2	1	182	182	0	T	T
N3_kudriavzevii	0.000672910314554	1	2	2	133	134	0	TG	TG
N3_kudriavzevii	0.000679967344588	2	1	1	662	662	1	A	G
N3_kudriavzevii	0.00101363976761	1	2	10	557	566	0	CACCCCTCTC	CACCCCTCTC
N3_kudriavzevii	0.001040740596	2	1	8	596	603	1	ACATTATC	ATATTATC
N3_kudriavzevii	0.00112346651595	1	2	1	218	218	0	A	A
N3_kudriavzevii	0.00121110145268	2	1	3	326	328	0	AGT	AGT
N3_kudriavzevii	0.00122352240129	1	2	2	837	838	0	TT	TT
N3_kudriavzevii	0.00148381025443	1	2	12	333	344	0	ATTCTCACAAGC	ATTCTCACAAGC
N3_kudriavzevii	0.0015278258915	2	1	3	7	9	0	CGT	CGT
N3_kudriavzevii	0.00154506110777	2	1	2	205	206	0	AA	AA
N3_kudriavzevii	0.00180753388348	1	2	20	298	317	2	CTATATTTATCTACTGCGGT	CTATGTTCATCTACTGCGGT
N3_kudriavzevii	0.00185216961997	1	2	12	849	860	0	GAAGTTAGGCAT	GAAGTTAGGCAT
N3_kudriavzevii	0.00194716513914	2	1	3	891	893	0	GTA	GTA
N3_kudriavzevii	0.00200242068814	1	2	1	405	405	0	C	C
N3_kudriavzevii	0.00205882772212	1	2	3	464	466	0	TGC	TGC
N3_kudriavzevii	0.0020679223265	2	1	3	219	221	1	AAG	AAA
N3_kudriavzevii	0.00208473461218	1	2	12	485	496	2	CATCATCAACCT	TATCATCAATCT
N3_kudriavzevii	0.00209122099919	1	2	2	537	538	0	AT	AT
N3_kudriavzevii	0.00216772010094	1	2	2	87	88	0	GC	GC
N3_kudriavzevii	0.00219000005229	2	1	5	5	9	0	GCCGT	GCCGT
N3_kudriavzevii	0.00221383723408	2	1	1	257	257	0	A	A
N3_kudriavzevii	0.00222669648068	2	1	1	720	720	0	G	G
N3_kudriavzevii	0.00228752824748	2	1	1	915	915	0	C	C
N3_kudriavzevii	0.00244669655518	1	2	2	435	436	0	TC	TC
N3_kudriavzevii	0.00260047297032	2	1	18	888	905	3	TTGGTATCATTATCTTGA	TTAGTATCGTTGTCTTGA
N3_kudriavzevii	0.00260889812904	1	2	1	918	918	0	C	C
N3_kudriavzevii	0.00261332429854	2	1	2	940	941	0	TA	TA
N3_kudriavzevii	0.00265944168812	1	2	3	751	753	0	TCT	TCT
N3_kudriavzevii	0.00288705335257	2	1	1	230	230	0	A	A
N3_kudriavzevii	0.00310937213724	2	1	1	151	151	0	A	A
N3_kudriavzevii	0.00318278864071	1	2	4	814	817	0	TTCA	TTCA
N3_kudriavzevii	0.00318807115332	2	1	2	121	122	0	TT	TT
N3_kudriavzevii	0.00335338587677	1	2	23	486	508	1	ATCATCAACCTTCAGGCCTATTT	ATCATCAACCTTCAGGCCTACTT
N3_kudriavzevii	0.00353009242471	2	1	1	848	848	0	T	T
N3_N4	7.10709749791e-05	1	2	3	223	225	0	AGT	AGT
N3_N4	9.1305348296e-05	2	1	19	582	600	0	AGCCCATCACAACCACATT	AGCCCATCACAACCACATT
N3_N4	0.000142956103115	1	2	1	742	742	0	A	A
N3_N4	0.000465654530338	2	1	1	180	180	0	T	T
N3_N4	0.000511777389745	2	1	2	180	181	0	TC	TC
N3_N4	0.000723734774078	1	2	8	371	378	0	TCTTGTCA	TCTTGTCA
N3_N4	0.000854283143982	2	1	2	302	303	1	GT	AT
N3_N4	0.00104674303521	2	1	3	38	40	0	AGG	AGG
N4_mikatae	5.37079570823e-05	2	1	3	236	238	1	GCT	ACT
N4_mikatae	0.00011112717083	1	2	1	194	194	0	T	T
N4_mikatae	0.000155191944939	2	1	4	429	432	0	GCAC	GCAC
N4_mikatae	0.000158923669812	2	1	4	69	72	0	CCGA	CCGA
N4_mikatae	0.000170852552743	1	2	5	158	162	1	TAGCA	CAGCA
N4_mikatae	0.000273465905658	2	1	9	360	368	0	ATGCAATAT	ATGCAATAT
N4_mikatae	0.00032252133789	1	2	2	658	659	0	GT	GT
N4_mikatae	0.000401603867246	1	2	6	329	334	0	CATCAT	CATCAT
N4_mikatae	0.000449462511387	2	1	4	618	621	0	TATG	TATG
N4_mikatae	0.000459474971294	1	2	2	763	764	0	CA	CA
N4_mikatae	0.000516593456669	1	2	6	619	624	1	ATGAGA	ATGAAA
N4_mikatae	0.000609210119031	2	1	1	866	866	0	A	A
N4_mikatae	0.000725120306145	2	1	1	500	500	0	G	G
N4_mikatae	0.000741071960464	1	2	9	168	176	1	TAAGTGTAC	TAGGTGTAC
N4_mikatae	0.000754586693257	1	2	7	917	923	0	CCTTGGC	CCTTGGC
N4_mikatae	0.00084690157435	1	2	6	634	639	2	TGATTT	TAATCT
N4_mikatae	0.000947315779485	1	2	2	833	834	1	AA	GA
N4_mikatae	0.00105946394895	2	1	3	97	99	0	AAG	AAG
N4_mikatae	0.00107499640437	1	2	16	217	232	2	CAAAAAAGTACCCAAT	CAAAGAAGTATCCAAT
N4_mikatae	0.00111433115771	2	1	2	700	701	0	CA	CA
N4_mikatae	0.00111522191993	2	1	1	810	810	0	G	G
N4_mikatae	0.00116853213977	1	2	2	604	605	0	GG	GG
N4_mikatae	0.0012827202051	1	2	2	361	362	0	TG	TG
N4_mikatae	0.00131031388927	1	2	8	788	795	1	GTGCAGTC	ATGCAGTC
N4_mikatae	0.00131306785204	2	1	2	211	212	1	CA	CT
N4_mikatae	0.00131716050821	2	1	3	903	905	0	TGA	TGA
N4_mikatae	0.00132045728586	2	1	1	111	111	0	T	T
N4_mikatae	0.00160465701709	2	1	4	220	223	0	AAAA	AAAA
N4_mikatae	0.00187207444022	1	2	3	240	242	0	AGA	AGA
N4_mikatae	0.00191462484857	1	2	11	110	120	1	ATCGTTTAATG	ATCGTTCAATG
N4_mikatae	0.00200978362128	2	1	2	98	99	0	AG	AG
N4_mikatae	0.00237786840098	1	2	1	646	646	0	G	G
N4_mikatae	0.00238954570492	1	2	4	310	313	0	ACTG	ACTG
N4_mikatae	0.00241002433522	1	2	2	229	230	0	CA	CA
N4_mikatae	0.00246741163873	1	2	5	680	684	2	ACGGC	GCGAC
N4_mikatae	0.00251443435447	1	2	1	176	176	0	C	C
N4_mikatae	0.00277167796926	2	1	4	60	63	0	GATT	GATT
N4_mikatae	0.00285144814573	2	1	4	757	760	1	TAGT	TCGT
N4_mikatae	0.00305584957526	1	2	5	165	169	1	TGCTA	TGTTA
N4_N5	9.38856581041e-05	2	1	1	11	11	0	A	A
N4_N5	0.000132794236167	1	2	13	112	124	1	CGTTTAATGTTCG	CGTTCAATGTTCG
N5_paradoxus	0.000227288678273	2	1	9	880	888	1	TAGCATTGT	TGGCATTGT
N5_paradoxus	0.000250770091421	1	2	2	197	198	1	TA	CA
N5_paradoxus	0.000403133435291	1	2	1	629	629	0	G	G
N5_paradoxus	0.000488988164587	1	2	4	297	300	0	CCTA	CCTA
N5_paradoxus	0.000644711903812	1	2	5	110	114	0	ATCGT	ATCGT
N5_paradoxus	0.000825103372382	1	2	2	309	310	0	TA	TA
N5_paradoxus	0.000840202502184	2	1	5	512	516	0	ACTAT	ACTAT
N5_paradoxus	0.000857231002338	1	2	1	819	819	0	G	G
N5_paradoxus	0.000945388912449	2	1	3	914	916	0	GCT	GCT
N5_paradoxus	0.000974950234971	1	2	7	49	55	0	ACCGTAT	ACCGTAT
N5_paradoxus	0.00106629333932	2	1	1	616	616	0	A	A
N5_paradoxus	0.0011117608929	2	1	9	104	112	0	AATCATATC	AATCATATC
N5_paradoxus	0.00128374959614	2	1	1	344	344	0	C	C
N5_paradoxus	0.0012928538985	1	2	1	432	432	0	C	C
N5_paradoxus	0.00133498764279	1	2	3	190	192	0	TCC	TCC
N5_paradoxus	0.00145268804466	2	1	5	304	308	1	TCATC	TTATC
N5_paradoxus	0.00147385405603	2	1	4	607	610	1	TACG	TGCG
N5_cerevisiae	0.00021148738637	2	1	1	552	552	0	C	C
N5_cerevisiae	0.000213404997988	1	2	1	839	839	0	C	C
N5_cerevisiae	0.000282347651345	2	1	2	124	125	0	GT	GT
N5_cerevisiae	0.000287872254187	2	1	6	713	718	1	TTGGGC	TTGAGC
N5_cerevisiae	0.000290687898277	2	1	1	451	451	0	A	A
N5_cerevisiae	0.000375816180445	2	1	11	120	130	1	GTTCGTCAGTA	GTACGTCAGTA
N5_cerevisiae	0.000430082829017	2	1	2	923	924	0	CG	CG
N5_cerevisiae	0.000462195662273	1	2	11	618	628	1	TATGAGAACTA	TATGAAAACTA
N5_cerevisiae	0.000519308250686	1	2	1	325	325	0	A	A
N5_cerevisiae	0.000529462021564	1	2	4	633	636	1	ATGA	ATAA
N5_cerevisiae	0.00067397321013	2	1	1	106	106	0	T	T
N5_cerevisiae	0.000677442841306	2	1	4	229	232	0	CAAT	CAAT
N5_cerevisiae	0.000713909690942	2	1	2	809	810	0	TG	TG
N5_cerevisiae	0.000776139484015	1	2	2	215	216	1	GA	AA
N5_cerevisiae	0.000797878451843	1	2	1	603	603	0	C	C
N5_cerevisiae	0.000892809255663	1	2	4	391	394	0	CATC	CATC
N5_cerevisiae	0.00101205422317	2	1	1	682	682	0	G	G
N5_cerevisiae	0.00104359429508	2	1	1	458	458	0	C	C
N5_cerevisiae	0.00109574997421	2	1	6	296	301	1	GCCTAT	ACCTAT
N5_cerevisiae	0.00111699817004	2	1	1	886	886	0	T	T
N5_cerevisiae	0.00132039633149	2	1	10	128	137	1	GTAATTGTAT	GTAATTGTAC
N5_cerevisiae	0.0014243288567	1	2	2	840	841	0	AC	AC
N5_cerevisiae	0.00147511016379	1	2	1	105	105	0	A	A
N5_cerevisiae	0.00157339554512	1	2	1	516	516	0	T	T
N5_cerevisiae	0.00160163099871	2	1	13	204	216	2	AAATGAGCAGAGA	AAATGAGCTAAGA
