edge	time	orlg_from	orlg_to	tract_length	start_pos	stop_pos	num_diff	template_seq	overide_seq
D1_N1	0.000720349018414	2	1	1	276	276	0	A	A
D1_N1	0.00112992965152	2	1	1	280	280	0	A	A
D1_N1	0.00135053484226	2	1	1	988	988	0	A	A
D1_N1	0.00156861352744	2	1	1	614	614	0	C	C
D1_N1	0.0016781695623	2	1	1	528	528	0	G	G
D1_N1	0.003557461498	2	1	1	603	603	0	T	T
D1_N1	0.00435880632676	2	1	1	762	762	0	C	C
D1_N1	0.00471598847052	2	1	1	1043	1043	0	G	G
D1_N1	0.00497054380895	1	2	1	136	136	0	G	G
D1_N1	0.00641228321617	2	1	1	668	668	0	T	T
D1_N1	0.00643844178919	2	1	1	1113	1113	0	T	T
D1_N1	0.00733488460519	2	1	1	636	636	0	G	G
D1_N1	0.0102830132557	2	1	1	1095	1095	0	G	G
D1_N1	0.0117122706533	2	1	1	481	481	0	G	G
D1_N1	0.0133692870945	2	1	1	580	580	0	A	A
D1_N1	0.0134458416137	1	2	1	600	600	0	T	T
D1_N1	0.0163779270574	2	1	1	23	23	0	T	T
D1_N1	0.0168598013983	2	1	1	297	297	0	T	T
D1_N1	0.0175732513136	1	2	1	423	423	0	T	T
D1_N1	0.0181093467435	2	1	1	921	921	0	T	T
D1_N1	0.018213062422	2	1	1	984	984	0	T	T
D1_N1	0.0184502109468	2	1	1	647	647	0	T	T
D1_N1	0.0188939122301	1	2	1	459	459	1	A	G
D1_N1	0.0192379430326	2	1	1	294	294	0	T	T
D1_N1	0.0193493697094	1	2	1	333	333	0	T	T
D1_N1	0.0200051592789	1	2	1	1260	1260	0	A	A
D1_N1	0.0200129402434	2	1	1	721	721	0	G	G
D1_N1	0.0220464328352	1	2	1	119	119	0	A	A
D1_N1	0.0229544693556	2	1	1	331	331	0	T	T
D1_N1	0.023195977169	2	1	1	487	487	0	T	T
D1_N1	0.023684802815	2	1	1	739	739	0	A	A
D1_N1	0.0238908804669	2	1	1	794	794	0	A	A
D1_N1	0.0240276980142	2	1	1	212	212	0	T	T
D1_N1	0.0245387587084	1	2	1	1090	1090	0	T	T
D1_N1	0.0255748657418	2	1	1	1260	1260	0	A	A
D1_N1	0.0257889103908	1	2	1	83	83	0	A	A
D1_N1	0.0270847964612	2	1	1	449	449	0	C	C
D1_N1	0.0288661924558	1	2	1	241	241	0	T	T
D1_N1	0.0289180315461	1	2	1	1338	1338	0	C	C
D1_N1	0.0308740103153	1	2	1	800	800	0	T	T
D1_N1	0.0339074724414	1	2	1	1293	1293	0	C	C
D1_N1	0.0363265120094	1	2	1	1302	1302	0	T	T
D1_N1	0.0363388075626	1	2	1	998	998	0	T	T
D1_N1	0.0380207871385	2	1	1	420	420	0	T	T
D1_N1	0.039144559361	2	1	1	484	484	0	T	T
D1_N1	0.039571849693	2	1	1	453	453	0	G	G
D1_N1	0.0401138855512	1	2	1	914	914	0	T	T
D1_N1	0.0416466585862	2	1	1	4	4	0	A	A
D1_N1	0.0424926867616	1	2	1	642	642	1	G	T
D1_N1	0.0426898152897	2	1	1	718	718	0	T	T
D1_N1	0.0427057837163	2	1	1	484	484	0	T	T
D1_N1	0.0430770989881	2	1	1	527	527	0	C	C
D1_N1	0.0434494211946	1	2	1	1074	1074	0	A	A
D1_N1	0.0446305763057	2	1	1	820	820	0	C	C
D1_N1	0.0451589563397	2	1	1	441	441	0	G	G
D1_N1	0.0475476108054	1	2	1	692	692	1	T	A
D1_N1	0.0477577709987	1	2	1	1291	1291	0	C	C
D1_N1	0.0524866315658	2	1	1	621	621	1	A	G
D1_N1	0.0528803185041	1	2	1	440	440	0	T	T
D1_N1	0.0530651463303	2	1	1	1298	1298	0	C	C
D1_N1	0.0540549707375	1	2	1	726	726	0	G	G
D1_N1	0.0540930880938	2	1	1	491	491	1	G	C
D1_N1	0.0541792284716	2	1	1	238	238	0	A	A
D1_N1	0.0547567859897	2	1	1	235	235	0	C	C
D1_N1	0.0552123561497	1	2	1	905	905	0	G	G
D1_N1	0.0561151319371	2	1	1	702	702	1	T	C
D1_N1	0.0574479294655	2	1	1	1161	1161	0	A	A
D1_N1	0.057841642387	1	2	1	1148	1148	0	T	T
D1_N1	0.0585032837563	1	2	1	999	999	0	T	T
D1_N1	0.0599681903948	1	2	1	271	271	0	T	T
D1_N1	0.0612512467304	2	1	1	717	717	0	G	G
D1_N1	0.0615174850384	1	2	1	439	439	1	A	C
D1_N1	0.0623815610683	2	1	1	1090	1090	0	T	T
D1_N1	0.0626908424845	1	2	1	495	495	0	G	G
D1_N1	0.0632644456278	1	2	1	785	785	0	T	T
D1_N1	0.0647972997038	2	1	1	78	78	0	T	T
D1_N1	0.0680427626527	1	2	1	368	368	0	A	A
D1_N1	0.0684230114518	1	2	1	150	150	0	C	C
D1_N1	0.0719704683108	2	1	1	565	565	0	C	C
D1_N1	0.0730700196603	1	2	1	794	794	0	A	A
D1_N1	0.0736566973036	1	2	1	419	419	0	C	C
D1_N1	0.0744346795562	2	1	1	1073	1073	0	T	T
D1_N1	0.0744441673579	1	2	1	339	339	0	G	G
D1_N1	0.0751733932464	1	2	1	335	335	0	T	T
D1_N1	0.0771121171043	1	2	1	992	992	0	G	G
D1_N1	0.0783246798301	1	2	1	1303	1303	0	G	G
D1_N1	0.0794948597129	2	1	1	309	309	0	A	A
D1_N1	0.0812417807663	1	2	1	93	93	0	T	T
D1_N1	0.0825183282135	2	1	1	626	626	1	T	A
D1_N1	0.0837219328351	1	2	1	893	893	0	C	C
D1_N1	0.0849541498947	1	2	1	392	392	0	G	G
D1_N1	0.0860981031082	2	1	1	23	23	0	T	T
D1_N1	0.0862364475772	1	2	1	963	963	0	T	T
D1_N1	0.0879058204231	1	2	1	1106	1106	0	G	G
D1_N1	0.0883252721579	2	1	1	779	779	0	T	T
D1_N1	0.0888230208888	2	1	1	930	930	1	A	T
D1_N1	0.0892737672317	2	1	1	1217	1217	0	T	T
D1_N1	0.0903207324391	2	1	1	796	796	0	G	G
D1_N1	0.0905748160976	1	2	1	424	424	0	G	G
D1_N1	0.091130105297	1	2	1	660	660	0	G	G
D1_N1	0.0917686566383	1	2	1	116	116	0	T	T
D1_N1	0.0929400946841	2	1	1	1178	1178	0	A	A
D1_N1	0.0929583893081	1	2	1	353	353	1	G	A
D1_N1	0.0950753982237	2	1	1	375	375	0	T	T
D1_N1	0.0952175205183	2	1	1	1200	1200	0	T	T
D1_N1	0.0954356403872	1	2	1	532	532	0	A	A
D1_N1	0.095514212857	1	2	1	1000	1000	0	T	T
D1_N1	0.095753851626	2	1	1	703	703	0	T	T
D1_N1	0.0964083747001	1	2	1	172	172	0	A	A
D1_N1	0.0981681913856	2	1	1	474	474	0	A	A
D1_N1	0.0983071889828	1	2	1	34	34	0	A	A
D1_N1	0.0983639139136	2	1	1	311	311	1	A	C
D1_N1	0.0984754429182	1	2	1	618	618	1	C	G
D1_N1	0.0994871716182	2	1	1	1210	1210	0	T	T
D1_N1	0.0995643073781	2	1	1	22	22	0	T	T
D1_N1	0.101049951074	2	1	1	641	641	0	G	G
D1_N1	0.1016433651	1	2	1	782	782	0	T	T
D1_N1	0.102154389385	2	1	1	850	850	0	T	T
D1_N1	0.102343366163	2	1	1	227	227	0	A	A
D1_N1	0.103241514524	2	1	1	268	268	0	C	C
D1_N1	0.10401467591	2	1	1	43	43	0	C	C
D1_N1	0.104370834407	2	1	1	847	847	0	T	T
D1_N1	0.104617390419	1	2	1	464	464	0	C	C
D1_N1	0.104807731177	1	2	1	994	994	1	C	A
D1_N1	0.105428801273	1	2	1	598	598	0	G	G
D1_N1	0.106427424988	1	2	1	884	884	1	G	T
D1_N1	0.106582981378	2	1	1	724	724	0	T	T
D1_N1	0.107206087795	2	1	1	173	173	0	T	T
D1_N1	0.107825482334	1	2	1	1345	1345	1	C	A
D1_N1	0.109978302868	2	1	1	779	779	0	T	T
D1_N1	0.111118993813	1	2	1	489	489	1	A	T
D1_N1	0.111499817285	2	1	1	596	596	0	T	T
D1_N1	0.111906330266	2	1	1	1229	1229	0	G	G
D1_N1	0.113272229276	2	1	1	343	343	0	A	A
D1_N1	0.116510275479	2	1	1	480	480	0	G	G
D1_N1	0.116936821249	2	1	1	594	594	0	G	G
D1_N1	0.119436072911	2	1	1	1326	1326	0	T	T
D1_N1	0.120202758197	1	2	1	398	398	0	G	G
D1_N1	0.122314962115	2	1	1	9	9	0	G	G
D1_N1	0.12317982048	2	1	1	486	486	0	A	A
D1_N1	0.124724975444	2	1	1	1277	1277	0	T	T
D1_N1	0.124775102284	1	2	1	176	176	0	G	G
D1_N1	0.125155666325	1	2	1	416	416	0	T	T
D1_N1	0.125217634396	2	1	1	1076	1076	0	A	A
D1_N1	0.125587911571	2	1	1	36	36	1	C	T
D1_N1	0.126198517285	1	2	1	1341	1341	0	A	A
D1_N1	0.126353382084	1	2	1	692	692	0	T	T
D1_N1	0.12647308824	2	1	1	546	546	0	T	T
D1_N1	0.126822301466	2	1	1	1296	1296	0	C	C
D1_N1	0.129148702363	1	2	1	242	242	0	C	C
D1_N1	0.130035686402	2	1	1	1279	1279	1	T	C
D1_N1	0.130268331483	2	1	1	190	190	0	T	T
D1_N1	0.130588642081	2	1	1	573	573	0	A	A
D1_N1	0.130932990634	1	2	1	558	558	0	A	A
D1_N1	0.131521814813	2	1	1	953	953	0	T	T
D1_N1	0.13153047659	1	2	1	272	272	0	C	C
D1_N1	0.13205294873	2	1	1	922	922	0	T	T
D1_N1	0.132481382443	1	2	1	191	191	0	C	C
D1_N1	0.133938453169	1	2	1	1016	1016	0	A	A
D1_N1	0.135846616666	2	1	1	1267	1267	0	C	C
D1_N1	0.136476663755	1	2	1	876	876	0	T	T
D1_N1	0.136736915855	2	1	1	1010	1010	0	G	G
D1_N1	0.13952522951	1	2	1	611	611	0	G	G
D1_N1	0.141423605196	1	2	1	494	494	0	G	G
D1_N1	0.142470829014	1	2	1	838	838	1	C	T
D1_N1	0.143046877216	2	1	1	932	932	0	C	C
D1_N1	0.144381696994	1	2	1	1118	1118	0	A	A
D1_N1	0.144909413697	2	1	1	190	190	0	T	T
D1_N1	0.146281406674	2	1	1	345	345	0	A	A
D1_N1	0.146823963705	2	1	1	1345	1345	0	C	C
D1_N1	0.149090918903	2	1	1	1082	1082	0	G	G
D1_N1	0.14984472625	1	2	1	997	997	0	G	G
D1_N1	0.151715230348	2	1	1	456	456	0	G	G
D1_N1	0.152437368468	2	1	1	1022	1022	0	A	A
D1_N1	0.152475108699	2	1	1	400	400	0	A	A
D1_N1	0.154114103335	2	1	1	838	838	0	C	C
D1_N1	0.155731016126	2	1	1	409	409	0	A	A
D1_N1	0.159100429164	1	2	1	566	566	1	C	A
D1_N1	0.161138966009	2	1	1	170	170	0	A	A
D1_N1	0.16162935702	2	1	1	827	827	0	A	A
D1_N1	0.164696457322	1	2	1	383	383	0	T	T
D1_N1	0.166306726294	2	1	1	1323	1323	0	C	C
D1_N1	0.166599058645	2	1	1	402	402	0	T	T
D1_N1	0.168085816062	1	2	1	585	585	1	G	A
D1_N1	0.170421795832	2	1	1	270	270	0	A	A
D1_N1	0.17092027123	1	2	1	1319	1319	0	G	G
D1_N1	0.171645410903	2	1	1	676	676	0	C	C
D1_N1	0.171899905627	1	2	1	1155	1155	0	A	A
D1_N1	0.174506225411	2	1	1	331	331	0	T	T
D1_N1	0.174605541244	1	2	1	1183	1183	0	T	T
D1_N1	0.175015200261	1	2	1	596	596	0	T	T
D1_N1	0.175268957214	1	2	1	611	611	0	G	G
D1_N1	0.176137770797	1	2	1	1116	1116	1	C	T
D1_N1	0.177593531882	1	2	1	175	175	0	C	C
D1_N1	0.177929574274	2	1	1	1273	1273	0	T	T
D1_N1	0.17808009843	1	2	1	151	151	0	T	T
D1_N1	0.17930000834	1	2	1	587	587	0	T	T
D1_N1	0.180269152572	1	2	1	1141	1141	0	G	G
D1_N1	0.180927456883	1	2	1	197	197	0	T	T
D1_N1	0.180951384508	2	1	1	813	813	0	C	C
D1_N1	0.181185858941	2	1	1	682	682	0	A	A
D1_N1	0.181206781835	2	1	1	41	41	0	T	T
D1_N1	0.181463807572	1	2	1	614	614	1	G	C
D1_N1	0.181797949598	2	1	1	1237	1237	0	A	A
D1_N1	0.184020752137	2	1	1	1083	1083	1	C	A
D1_N1	0.184051166749	2	1	1	594	594	0	G	G
D1_N1	0.185294213151	1	2	1	1138	1138	0	G	G
D1_N1	0.185676298318	2	1	1	461	461	0	G	G
D1_N1	0.185864495338	2	1	1	702	702	0	T	T
D1_N1	0.185916260634	1	2	1	538	538	1	A	T
D1_N1	0.186407184862	1	2	1	282	282	0	C	C
D1_N1	0.187553353847	2	1	1	312	312	0	T	T
D1_N1	0.18796367482	1	2	1	24	24	0	T	T
D1_N1	0.190578908206	2	1	1	699	699	0	G	G
D1_N1	0.191184526218	2	1	1	1365	1365	1	A	T
D1_N1	0.191450551061	2	1	1	1305	1305	0	C	C
D1_N1	0.19432335538	2	1	1	1225	1225	0	T	T
D1_N1	0.19606891903	1	2	1	1200	1200	0	T	T
D1_N1	0.197297567953	2	1	1	1147	1147	1	T	C
D1_N1	0.197835991316	2	1	1	78	78	0	T	T
D1_N1	0.198045229606	2	1	1	431	431	1	A	T
D1_N1	0.198556135547	1	2	1	550	550	0	T	T
D1_N1	0.200123151333	1	2	1	1307	1307	0	A	A
D1_N1	0.200172273899	2	1	1	363	363	1	G	T
D1_N1	0.20083075656	1	2	1	126	126	0	A	A
D1_N1	0.201146211046	2	1	1	279	279	0	G	G
D1_N1	0.201889548465	2	1	1	512	512	0	A	A
D1_N1	0.20475872406	2	1	1	794	794	0	A	A
D1_N1	0.206017489078	2	1	1	1199	1199	1	T	G
D1_N1	0.206095017235	2	1	1	1337	1337	0	T	T
D1_N1	0.206610581952	2	1	1	844	844	1	T	C
D1_N1	0.207145695756	1	2	1	335	335	1	A	T
D1_N1	0.207718768884	2	1	1	366	366	1	A	T
D1_N1	0.208182187178	1	2	1	686	686	0	T	T
D1_N1	0.208412756709	2	1	1	68	68	0	T	T
D1_N1	0.209807995224	1	2	1	140	140	1	G	T
D1_N1	0.213061523392	1	2	1	649	649	0	A	A
D1_N1	0.21517338163	1	2	1	396	396	1	T	C
D1_N1	0.217108689613	1	2	1	524	524	0	A	A
D1_N1	0.217118364259	1	2	1	987	987	1	A	T
D1_N1	0.217580635429	1	2	1	690	690	0	G	G
D1_N1	0.217676437737	2	1	1	821	821	0	C	C
D1_N1	0.217735507103	1	2	1	719	719	0	C	C
D1_N1	0.217914185256	2	1	1	914	914	1	T	C
D1_N1	0.21795121652	2	1	1	1026	1026	0	A	A
D1_N1	0.218174179957	1	2	1	109	109	0	C	C
D1_N1	0.21827368837	2	1	1	415	415	1	G	C
D1_N1	0.220976732771	1	2	1	798	798	0	G	G
D1_N1	0.221061165732	1	2	1	1294	1294	0	T	T
D1_N1	0.22176437475	1	2	1	1229	1229	0	G	G
D1_N1	0.222904499431	1	2	1	191	191	1	C	T
D1_N1	0.224684807882	1	2	1	283	283	1	G	A
D1_N1	0.226374612962	2	1	1	821	821	0	C	C
D1_N1	0.227123032593	2	1	1	782	782	1	C	T
D1_N1	0.227259851252	2	1	1	417	417	0	A	A
D1_N1	0.227330257046	1	2	1	780	780	0	A	A
D1_N1	0.227744358804	1	2	1	526	526	0	G	G
D1_N1	0.228149653549	1	2	1	264	264	1	G	A
D1_N1	0.2285493709	2	1	1	945	945	1	C	T
D1_N1	0.228955023151	1	2	1	117	117	0	C	C
D1_N1	0.229180581511	2	1	1	385	385	1	C	T
D1_N1	0.230216765698	2	1	1	287	287	0	T	T
D1_N1	0.230992735237	1	2	1	716	716	0	G	G
D1_N1	0.231289335582	1	2	1	1114	1114	0	T	T
D1_N1	0.232842437187	2	1	1	582	582	1	G	T
N1_N2	0.000476375401699	1	2	1	435	435	0	T	T
N1_N2	0.000645828000053	1	2	1	1035	1035	0	C	C
N1_N2	0.00102442034431	2	1	1	273	273	1	A	G
N1_N2	0.00180211643439	2	1	1	1329	1329	1	A	G
N1_N2	0.00195247863893	1	2	1	383	383	0	T	T
N1_N2	0.00282916541652	2	1	1	1112	1112	1	A	T
N1_N2	0.0032550712721	1	2	1	898	898	0	A	A
N1_N2	0.00430451949589	1	2	1	583	583	1	A	T
N1_N2	0.00437369022777	1	2	1	1050	1050	0	C	C
N1_N2	0.00573758321087	1	2	1	331	331	0	T	T
N1_N2	0.00639312057254	2	1	1	785	785	0	T	T
N1_N2	0.00666066871862	2	1	1	450	450	0	C	C
N1_N2	0.00668257075655	2	1	1	813	813	0	C	C
N1_N2	0.00681361523665	2	1	1	940	940	0	G	G
N1_N2	0.00738008004698	2	1	1	1240	1240	0	T	T
N1_N2	0.00738973675272	2	1	1	223	223	0	G	G
N1_N2	0.00740965640767	2	1	1	417	417	0	A	A
N1_N2	0.00774853485503	2	1	1	1112	1112	0	A	A
N1_N2	0.00993410322085	2	1	1	247	247	0	A	A
N1_N2	0.0105419766586	1	2	1	499	499	1	A	G
N1_N2	0.0106956185078	2	1	1	120	120	1	C	A
N1_N2	0.0113990923241	1	2	1	87	87	1	A	C
N1_N2	0.0120434013263	1	2	1	1025	1025	0	A	A
N1_N2	0.0133230150839	2	1	1	1037	1037	0	A	A
N1_N2	0.0140239275883	2	1	1	795	795	1	A	T
N1_N2	0.0156705791076	1	2	1	989	989	0	C	C
N2_N3	1.31283946287e-05	1	2	1	766	766	0	C	C
N2_N3	0.000799520196996	2	1	1	1140	1140	0	G	G
N2_N3	0.0010765154921	2	1	1	480	480	0	G	G
N2_N3	0.00211805649345	2	1	1	431	431	0	A	A
N2_N3	0.00229685612985	1	2	1	1062	1062	1	G	T
N2_N3	0.00402810916048	1	2	1	910	910	0	T	T
N2_N3	0.00440053820021	2	1	1	422	422	0	G	G
N2_N3	0.00469578948094	1	2	1	483	483	0	C	C
N2_N3	0.00541140625549	1	2	1	1319	1319	0	G	G
N2_N3	0.00648400763649	1	2	1	1005	1005	0	G	G
N2_N3	0.00691847622796	2	1	1	1224	1224	1	G	A
N3_N4	0.00165518946544	2	1	1	750	750	0	A	A
N3_N4	0.00168795809969	2	1	1	619	619	1	C	G
N3_N4	0.00460419076142	2	1	1	1353	1353	1	T	G
N3_N4	0.00481128832614	1	2	1	727	727	0	A	A
N3_N4	0.00497903674547	2	1	1	890	890	1	C	G
N3_N4	0.00569687251741	1	2	1	483	483	0	C	C
N3_N4	0.0061984719223	2	1	1	178	178	0	T	T
N3_N4	0.00673785880649	2	1	1	169	169	1	T	C
N3_N4	0.00761183417907	2	1	1	867	867	0	A	A
N3_N4	0.00888820826511	2	1	1	777	777	1	T	C
N4_Human	0.000120005584385	1	2	1	324	324	1	C	T
N4_Human	0.00188317506359	1	2	1	258	258	0	A	A
N4_Human	0.00242435653988	1	2	1	389	389	1	T	G
N4_Human	0.00291923253476	1	2	1	773	773	0	G	G
N4_Human	0.00429812484098	1	2	1	1045	1045	1	G	C
N4_Human	0.00560375227771	1	2	1	863	863	0	A	A
N4_Human	0.00654032940785	2	1	1	404	404	0	G	G
N4_Human	0.00696446899123	1	2	1	796	796	0	G	G
N4_Human	0.00813062598111	2	1	1	224	224	0	T	T
N4_Human	0.00842875484421	1	2	1	269	269	1	G	A
N4_Human	0.0097362575572	2	1	1	1193	1193	0	C	C
N4_Human	0.0101990541619	2	1	1	1323	1323	0	C	C
N4_Human	0.0102479749264	2	1	1	1204	1204	0	T	T
N4_Chimp	0.000962182929443	1	2	1	1305	1305	1	A	C
N4_Chimp	0.00142049624517	1	2	1	362	362	1	T	G
N4_Chimp	0.0015595898638	2	1	1	550	550	0	T	T
N4_Chimp	0.00200960645208	1	2	1	823	823	0	A	A
N4_Chimp	0.00373353792652	1	2	1	1361	1361	1	G	A
N4_Chimp	0.00415345278681	2	1	1	530	530	1	A	G
N4_Chimp	0.00484312943997	2	1	1	48	48	0	A	A
N4_Chimp	0.0049343246571	2	1	1	444	444	1	C	T
N4_Chimp	0.00761742776886	2	1	1	1272	1272	0	T	T
N4_Chimp	0.0097129183372	1	2	1	472	472	0	C	C
N4_Chimp	0.010721010045	2	1	1	645	645	1	T	C
N4_Chimp	0.0110210041824	1	2	1	314	314	1	C	T
N3_Goril	0.000340598540759	1	2	1	748	748	0	A	A
N3_Goril	0.00115224716971	2	1	1	64	64	0	A	A
N3_Goril	0.00135696527276	1	2	1	637	637	1	T	G
N3_Goril	0.0014555927192	1	2	1	1157	1157	0	T	T
N3_Goril	0.00171183340532	1	2	1	805	805	0	A	A
N3_Goril	0.00466692402937	1	2	1	1203	1203	0	A	A
N3_Goril	0.00500489180402	2	1	1	318	318	1	A	G
N3_Goril	0.00611798229456	1	2	1	108	108	0	T	T
N3_Goril	0.00678987683364	2	1	1	759	759	0	G	G
N3_Goril	0.00756426381864	2	1	1	1186	1186	1	T	G
N3_Goril	0.00812022296705	1	2	1	1139	1139	0	A	A
N3_Goril	0.0100661975816	1	2	1	132	132	0	T	T
N3_Goril	0.0109760488338	1	2	1	724	724	0	T	T
N3_Goril	0.0116970438212	1	2	1	214	214	0	G	G
N3_Goril	0.0120719278074	2	1	1	510	510	1	G	A
N3_Goril	0.0121701352164	1	2	1	923	923	1	A	T
N3_Goril	0.0129241295373	1	2	1	100	100	1	A	T
N3_Goril	0.0131269990686	1	2	1	1035	1035	0	C	C
N3_Goril	0.0133791589182	2	1	1	252	252	0	A	A
N3_Goril	0.0134006216529	1	2	1	364	364	0	A	A
N3_Goril	0.0138502933477	1	2	1	418	418	0	T	T
N3_Goril	0.014212518226	1	2	1	1285	1285	1	T	G
N3_Goril	0.0153247511342	2	1	1	1294	1294	0	T	T
N3_Goril	0.0156364995196	2	1	1	757	757	0	T	T
N3_Goril	0.0164298141249	1	2	1	776	776	0	T	T
N3_Goril	0.0173752234474	1	2	1	1239	1239	1	A	C
N3_Goril	0.0174943522562	1	2	1	1204	1204	0	T	T
N3_Goril	0.017663224063	2	1	1	1290	1290	0	T	T
N3_Goril	0.0187932962903	1	2	1	329	329	0	A	A
N3_Goril	0.0193086685034	1	2	1	635	635	0	A	A
N3_Goril	0.0199990476169	2	1	1	381	381	1	C	A
N2_Orang	0.00218847735907	2	1	1	996	996	0	A	A
N2_Orang	0.00284255043735	2	1	1	1330	1330	1	C	T
N2_Orang	0.00384209207445	2	1	1	652	652	0	C	C
N2_Orang	0.00480276323173	1	2	1	1078	1078	0	A	A
N2_Orang	0.00492618306085	2	1	1	300	300	0	C	C
N2_Orang	0.00691717996248	2	1	1	15	15	0	A	A
N2_Orang	0.00952523438446	1	2	1	305	305	0	T	T
N2_Orang	0.0108313655066	1	2	1	925	925	1	G	C
N2_Orang	0.0115173135122	1	2	1	198	198	1	A	C
N2_Orang	0.0115815596514	2	1	1	466	466	1	C	T
N2_Orang	0.0134098525512	2	1	1	100	100	1	T	A
N2_Orang	0.0135231243096	2	1	1	754	754	0	G	G
N2_Orang	0.0135354668474	1	2	1	1101	1101	0	T	T
N2_Orang	0.0143648467532	1	2	1	524	524	0	A	A
N1_Macaq	0.000244348935575	2	1	1	1346	1346	0	T	T
N1_Macaq	0.000352816591032	1	2	1	85	85	1	C	G
N1_Macaq	0.000799437620597	1	2	1	1309	1309	1	C	G
N1_Macaq	0.00105306785905	2	1	1	353	353	0	G	G
N1_Macaq	0.00173462618028	1	2	1	1250	1250	1	A	G
N1_Macaq	0.00213667691148	2	1	1	1119	1119	0	G	G
N1_Macaq	0.00336364583121	2	1	1	757	757	0	T	T
N1_Macaq	0.00344708668011	2	1	1	38	38	0	G	G
N1_Macaq	0.00354175185245	2	1	1	881	881	1	G	C
N1_Macaq	0.00504017550069	2	1	1	167	167	1	G	A
N1_Macaq	0.00520946193272	1	2	1	1072	1072	0	G	G
N1_Macaq	0.00536461172485	2	1	1	1088	1088	0	T	T
N1_Macaq	0.00694755863015	1	2	1	1260	1260	0	A	A
N1_Macaq	0.00931439261151	1	2	1	1069	1069	0	T	T
N1_Macaq	0.00959957642283	2	1	1	1275	1275	0	T	T
N1_Macaq	0.0115757114167	2	1	1	559	559	0	C	C
N1_Macaq	0.0120765519248	1	2	1	358	358	1	A	T
N1_Macaq	0.0134152725226	1	2	1	708	708	1	A	T
N1_Macaq	0.0135194406376	2	1	1	1361	1361	1	A	G
N1_Macaq	0.014781213718	2	1	1	1331	1331	1	A	G
N1_Macaq	0.0153582668028	2	1	1	18	18	1	C	G
N1_Macaq	0.016146333326	2	1	1	60	60	0	T	T
N1_Macaq	0.0178238263822	1	2	1	408	408	0	A	A
N1_Macaq	0.0179347606818	1	2	1	636	636	0	G	G
N1_Macaq	0.01863750211	1	2	1	431	431	0	A	A
N1_Macaq	0.0188864563396	1	2	1	423	423	1	C	T
N1_Macaq	0.0195188301478	1	2	1	507	507	0	G	G
N1_Macaq	0.0248642241105	2	1	1	857	857	1	G	C
N1_Macaq	0.0266551777327	1	2	1	1200	1200	0	T	T
N1_Macaq	0.0272449584692	1	2	1	896	896	0	T	T
N1_Macaq	0.029502385798	1	2	1	804	804	0	A	A
N1_Macaq	0.0303463041746	2	1	1	1115	1115	0	T	T
N1_Macaq	0.0319126957048	1	2	1	527	527	0	C	C
N1_Macaq	0.0320522968522	1	2	1	353	353	0	G	G
N1_Macaq	0.0320753327218	2	1	1	1074	1074	0	A	A
N1_Macaq	0.0327241936471	1	2	1	1261	1261	0	T	T
N1_Macaq	0.0328893436415	1	2	1	621	621	1	C	A
N1_Macaq	0.0338126333063	2	1	1	228	228	1	A	G
N1_Macaq	0.0342571415216	1	2	1	735	735	1	G	T
N1_Macaq	0.0346239544741	1	2	1	308	308	0	C	C
N1_Macaq	0.0376078399991	1	2	1	7	7	1	A	G
N1_Macaq	0.037980663407	1	2	1	449	449	0	C	C
N1_Macaq	0.0380804828576	1	2	1	239	239	1	T	C
N1_Macaq	0.0382234824977	2	1	1	771	771	0	T	T
N1_Macaq	0.0398168373274	1	2	1	379	379	1	T	C
N1_Macaq	0.0401106331044	2	1	1	311	311	1	A	T
N1_Macaq	0.0432368318823	2	1	1	1210	1210	0	T	T
