edge	time	orlg_from	orlg_to	tract_length	start_pos	stop_pos	num_diff	template_seq	overide_seq
D1_N1	3.18359373934e-05	2	1	3	55	57	0	AAT	AAT
D1_N1	0.000397949734832	2	1	4	243	246	0	AAAC	AAAC
D1_N1	0.000563457364833	2	1	2	290	291	0	AC	AC
D1_N1	0.000747169406512	1	2	1	62	62	0	G	G
D1_N1	0.00135236552378	2	1	2	14	15	0	AA	AA
D1_N1	0.00207054187389	2	1	2	143	144	0	GT	GT
D1_N1	0.00230392941887	1	2	3	112	114	0	CAT	CAT
D1_N1	0.0025024536914	2	1	1	21	21	0	T	T
D1_N1	0.00271043193679	2	1	1	427	427	0	A	A
N1_castellii	0.000370004075738	1	2	2	432	433	0	AT	AT
N1_castellii	0.000580090458306	2	1	4	384	387	1	CTTA	CTCA
N1_castellii	0.000886489352466	2	1	1	424	424	0	C	C
N1_castellii	0.000909257677649	1	2	2	378	379	0	TG	TG
N1_castellii	0.0011040007954	1	2	2	31	32	0	TA	TA
N1_castellii	0.00134728836532	1	2	2	370	371	1	GA	GG
N1_castellii	0.00222305576873	2	1	1	311	311	0	A	A
N1_castellii	0.00353500036833	1	2	3	191	193	0	TCC	TCC
N1_castellii	0.00387969773932	2	1	3	43	45	0	ATA	ATA
N1_castellii	0.00388880783492	2	1	5	120	124	0	CTAAA	CTAAA
N1_castellii	0.00396304518817	1	2	1	24	24	0	A	A
N1_castellii	0.00403407118205	2	1	2	416	417	0	AC	AC
N1_castellii	0.00408763016135	1	2	8	73	80	0	GGCTATGG	GGCTATGG
N1_castellii	0.00456935376664	2	1	2	426	427	0	CA	CA
N1_castellii	0.00465549133315	2	1	1	143	143	0	G	G
N1_castellii	0.00466807284881	2	1	2	86	87	0	AT	AT
N1_castellii	0.00555361615803	2	1	13	128	140	0	AACTGCTGAGACT	AACTGCTGAGACT
N1_castellii	0.00582717477456	2	1	1	454	454	0	C	C
N1_castellii	0.00663246232823	2	1	2	348	349	0	GG	GG
N1_castellii	0.00703748721799	1	2	1	231	231	0	A	A
N1_castellii	0.00713225834675	2	1	2	440	441	0	TT	TT
N1_castellii	0.00769761779212	2	1	3	422	424	0	TGC	TGC
N1_castellii	0.0078512568182	2	1	4	389	392	0	TATA	TATA
N1_castellii	0.00866525117625	2	1	4	142	145	1	AATG	AGTG
N1_castellii	0.00887466024984	2	1	1	245	245	1	A	G
N1_castellii	0.00892695605243	1	2	3	33	35	1	TCA	TCC
N1_castellii	0.00898796174468	2	1	7	248	254	2	CCTGATG	CCTAATT
N1_castellii	0.00930619963405	2	1	6	246	251	0	CTCCTG	CTCCTG
N1_castellii	0.00938173127974	2	1	3	481	483	0	TGT	TGT
N1_castellii	0.00949624299352	2	1	2	73	74	0	GG	GG
N1_castellii	0.00988196082688	2	1	1	438	438	0	G	G
N1_castellii	0.01009369337	2	1	3	455	457	1	AAT	GAT
N1_castellii	0.0105557797321	1	2	3	482	484	1	GTC	ATC
N1_castellii	0.0105562720801	1	2	1	219	219	0	G	G
N1_castellii	0.0111047457289	2	1	3	37	39	0	CCA	CCA
N1_castellii	0.0111163342817	2	1	2	65	66	1	AA	TA
N1_castellii	0.0115189626116	2	1	2	296	297	0	TT	TT
N1_castellii	0.0115594865711	2	1	1	123	123	0	A	A
N1_castellii	0.0116240147968	2	1	1	264	264	0	T	T
N1_castellii	0.0117014748425	2	1	1	278	278	0	T	T
N1_castellii	0.011773427	1	2	2	266	267	0	CA	CA
N1_castellii	0.0126240989115	2	1	1	231	231	0	A	A
N1_castellii	0.0128052437875	1	2	14	76	89	0	TGTGGCCGCAATAT	TGTGGCCGCAATAT
N1_N2	0.000696430641696	1	2	1	170	170	0	A	A
N1_N2	0.00149777740968	2	1	3	425	427	0	TCA	TCA
N1_N2	0.00149894039669	2	1	3	195	197	0	GTG	GTG
N1_N2	0.00177950837276	1	2	1	134	134	0	T	T
N1_N2	0.00229698845595	1	2	1	144	144	0	T	T
N1_N2	0.00270822351007	2	1	3	444	446	0	CCT	CCT
N1_N2	0.0034712324394	2	1	3	25	27	0	CCA	CCA
N1_N2	0.00361481174108	1	2	1	324	324	0	G	G
N1_N2	0.00381861075344	1	2	1	323	323	0	A	A
N1_N2	0.0040103994534	2	1	2	51	52	0	TA	TA
N1_N2	0.00501334503389	1	2	6	488	491	0	CCAA	CCAA
N1_N2	0.00509225165499	2	1	3	206	208	0	ACA	ACA
N1_N2	0.00525503388564	1	2	1	341	341	0	A	A
N1_N2	0.00559522561258	1	2	7	1	7	1	ATTGGCT	ACTGGCT
N1_N2	0.00593295724754	2	1	2	398	399	1	GC	AC
N1_N2	0.00598822068732	1	2	2	186	187	0	CA	CA
N1_N2	0.0060448376986	1	2	6	77	82	1	GTGGCC	ATGGCC
N1_N2	0.006199507343	1	2	4	82	85	1	CACA	CGCA
N1_N2	0.00711839576268	1	2	1	34	34	0	C	C
N1_N2	0.00731217831513	1	2	1	454	454	0	C	C
N1_N2	0.00749327659574	1	2	3	271	273	0	GGT	GGT
N1_N2	0.00829695583742	2	1	2	299	300	0	GG	GG
N1_N2	0.00851597608444	1	2	1	458	458	0	A	A
N1_N2	0.00857377645994	2	1	3	450	452	1	AGG	AAG
N1_N2	0.00866991775699	1	2	1	491	491	0	A	A
N1_N2	0.00909763565831	2	1	4	2	5	0	TTGG	TTGG
N1_N2	0.00911792269848	2	1	10	330	339	0	AGAACATGCC	AGAACATGCC
N1_N2	0.0093049800487	1	2	1	438	438	0	G	G
N1_N2	0.00980955697513	1	2	10	219	228	0	GTGATGTTCA	GTGATGTTCA
N1_N2	0.0099395552498	2	1	4	299	302	0	GGAA	GGAA
N1_N2	0.0099909090031	2	1	1	288	288	0	T	T
N1_N2	0.0100011848514	2	1	1	373	373	0	T	T
N1_N2	0.010028205215	2	1	2	9	10	0	TC	TC
N1_N2	0.0107816171002	1	2	4	22	25	0	AAAC	AAAC
N1_N2	0.0108298029878	2	1	3	13	15	0	CAA	CAA
N1_N2	0.0113706761573	1	2	1	17	17	1	C	A
N1_N2	0.0116100039235	2	1	2	20	21	0	GT	GT
N1_N2	0.0116736216892	2	1	1	459	459	0	A	A
N1_N2	0.0125544709379	2	1	3	323	325	0	AGT	AGT
N1_N2	0.0125892039876	2	1	3	42	44	0	TAT	TAT
N1_N2	0.0138160803541	2	1	6	364	369	0	AGCCTC	AGCCTC
N1_N2	0.0138667636748	2	1	1	190	190	0	T	T
N1_N2	0.0141687639234	2	1	2	194	195	1	AG	GG
N1_N2	0.0142441327703	1	2	2	229	230	1	TC	TT
N1_N2	0.0144709575744	1	2	3	313	315	0	CTA	CTA
N1_N2	0.0146579280273	2	1	2	210	211	0	GG	GG
N1_N2	0.0149901512403	2	1	1	124	124	0	A	A
N1_N2	0.0150427838765	2	1	3	32	34	0	GTC	GTC
N1_N2	0.0150748840782	1	2	1	105	105	0	G	G
N1_N2	0.0154884139309	2	1	2	432	433	0	AT	AT
N1_N2	0.0156897611724	2	1	1	126	126	0	A	A
N2_bayanus	0.000282133317889	1	2	2	177	178	0	CC	CC
N2_bayanus	0.00072334395403	2	1	3	284	286	0	AAT	AAT
N2_bayanus	0.000975579519526	1	2	2	30	31	0	CT	CT
N2_bayanus	0.00146032734296	1	2	3	317	319	0	TAC	TAC
N2_N3	0.000260410696334	1	2	2	208	209	1	AC	AA
N2_N3	0.000478042709193	1	2	12	487	491	0	TCCAA	TCCAA
N2_N3	0.000818556287929	1	2	2	479	480	0	TT	TT
N2_N3	0.00131867009215	1	2	1	1	1	0	A	A
N2_N3	0.00138106633469	2	1	4	219	222	0	GTGA	GTGA
N3_kudriavzevii	0.000269197132247	1	2	1	84	84	0	C	C
N3_kudriavzevii	0.000486794492156	1	2	2	422	423	1	CG	TG
N3_kudriavzevii	0.00122399841177	2	1	2	93	94	0	GA	GA
N3_kudriavzevii	0.0012550026815	2	1	3	417	419	0	CGA	CGA
N3_kudriavzevii	0.00156201241963	1	2	1	166	166	0	A	A
N3_kudriavzevii	0.00162887130772	1	2	5	451	455	1	GGCCG	GGCCA
N3_kudriavzevii	0.00172672008174	1	2	3	351	353	0	CGT	CGT
N3_kudriavzevii	0.00190118528193	2	1	2	92	93	0	GG	GG
N3_kudriavzevii	0.00190284896588	1	2	1	353	353	0	T	T
N3_kudriavzevii	0.00213640619785	2	1	10	302	311	1	ACTTTAATCA	ACTATAATCA
N3_kudriavzevii	0.00219540045724	2	1	2	424	425	0	CT	CT
N3_kudriavzevii	0.00260669012601	2	1	3	409	411	0	CTA	CTA
N3_kudriavzevii	0.00268809172363	1	2	1	248	248	0	C	C
N3_kudriavzevii	0.00286166504101	2	1	2	49	50	0	CG	CG
N3_kudriavzevii	0.00302761669731	2	1	3	397	399	2	AAT	AGC
N3_kudriavzevii	0.00305387429374	1	2	3	118	120	0	TCC	TCC
N3_kudriavzevii	0.0033390773306	2	1	11	368	378	2	TCGGCTTAGAT	TCGGCTCAGGT
N3_kudriavzevii	0.00372887836533	2	1	4	112	115	1	CCTT	CATT
N3_kudriavzevii	0.00378070485514	2	1	2	139	140	0	CT	CT
N3_kudriavzevii	0.00394289832388	2	1	3	317	319	0	TAC	TAC
N3_kudriavzevii	0.00446841376078	2	1	6	259	264	1	AATAGT	AATAAT
N3_kudriavzevii	0.00454260988397	1	2	6	52	57	0	ACGAAT	ACGAAT
N3_kudriavzevii	0.005120280959	2	1	1	410	410	0	T	T
N3_kudriavzevii	0.00553406075145	2	1	12	263	274	1	GTTTAGGGGGTA	GTTCAGGGGGTA
N3_kudriavzevii	0.00556596810501	1	2	10	381	390	1	AACCTCAATA	AACCTTAATA
N3_kudriavzevii	0.00574047277601	2	1	1	71	71	0	T	T
N3_kudriavzevii	0.0058607857005	1	2	2	265	266	0	TT	TT
N3_kudriavzevii	0.00595842671369	1	2	5	418	422	0	GACTC	GACTC
N3_N4	0.000480610580288	1	2	1	327	327	0	A	A
N3_N4	0.000819474539816	1	2	8	53	60	1	CGAATTAT	CGAATTCT
N3_N4	0.000957976663627	2	1	1	405	405	0	A	A
N3_N4	0.00136000476705	2	1	1	486	486	0	C	C
N3_N4	0.00150386611778	2	1	3	468	470	0	ATT	ATT
N3_N4	0.00158432186329	1	2	4	315	318	0	ACTA	ACTA
N3_N4	0.00205647466838	1	2	4	424	427	0	CTCA	CTCA
N3_N4	0.00211377105725	2	1	6	401	406	3	ATTCAG	GTGCAA
N3_N4	0.00216400865779	1	2	1	2	2	0	T	T
N3_N4	0.00223272200398	1	2	1	384	384	0	C	C
N3_N4	0.00224632626458	1	2	2	271	272	0	GG	GG
N4_mikatae	4.96398179275e-05	1	2	4	251	254	1	AATC	AATA
N4_mikatae	0.000110005258903	1	2	1	355	355	0	T	T
N4_mikatae	0.000150859169122	1	2	1	354	354	0	A	A
N4_mikatae	0.000324129063334	1	2	5	294	298	0	CTTTC	CTTTC
N4_mikatae	0.000795457587173	1	2	2	346	347	0	TA	TA
N4_mikatae	0.00113921555551	2	1	1	473	473	0	T	T
N4_mikatae	0.00149462114935	1	2	1	235	235	0	T	T
N4_mikatae	0.00177308380134	1	2	1	262	262	0	A	A
N4_mikatae	0.00186430447551	2	1	2	140	141	0	TA	TA
N4_mikatae	0.00216917688011	2	1	5	414	418	0	TTGCG	TTGCG
N4_mikatae	0.00225758132776	1	2	10	182	191	1	AGACCGGCTT	AGACCAGCTT
N4_mikatae	0.00265076187361	1	2	2	219	220	0	GT	GT
N4_mikatae	0.00293431515746	2	1	2	44	45	0	TA	TA
N4_mikatae	0.00295983995657	2	1	3	447	449	1	CTT	CTC
N4_mikatae	0.00308236363196	1	2	1	317	317	0	T	T
N4_mikatae	0.00346949226396	2	1	1	326	326	1	C	A
N4_mikatae	0.00355917582037	1	2	2	322	323	0	AA	AA
N4_mikatae	0.00356934550342	2	1	1	108	108	0	T	T
N4_mikatae	0.00371472264441	1	2	1	418	418	0	G	G
N4_N5	0.000166501386807	2	1	4	117	120	1	GTCC	GTTC
N4_N5	0.00065257124902	1	2	3	429	431	0	CGC	CGC
N4_N5	0.000999621638973	1	2	2	21	22	0	TA	TA
N4_N5	0.000999792478301	2	1	2	133	134	0	CT	CT
N4_N5	0.00125948240383	2	1	1	342	342	0	A	A
N5_paradoxus	0.00114863874306	2	1	1	304	304	0	T	T
N5_paradoxus	0.00116928280466	2	1	4	154	157	0	ACAT	ACAT
N5_paradoxus	0.00119181467896	1	2	2	433	434	1	TT	TC
N5_paradoxus	0.00119390964653	1	2	5	29	33	1	ACTGT	GCTGT
N5_cerevisiae	0.000171371135874	2	1	2	161	162	0	AA	AA
N5_cerevisiae	0.000401589744225	2	1	3	144	146	1	TGT	TGC
N5_cerevisiae	0.000639312915307	1	2	3	54	56	0	GAA	GAA
N5_cerevisiae	0.00112550108391	2	1	4	200	203	0	GATG	GATG
N5_cerevisiae	0.00121099530826	1	2	2	94	95	0	AA	AA
N5_cerevisiae	0.0012492622248	1	2	8	357	364	1	TAACCTGA	TAACCCGA
N5_cerevisiae	0.00126689477116	2	1	1	485	485	0	G	G
N5_cerevisiae	0.00128579468895	1	2	9	60	68	2	TGATATAGG	TGGTAGAGG
N5_cerevisiae	0.00189876781249	2	1	1	435	435	0	G	G
N5_cerevisiae	0.00205036673755	2	1	5	68	72	0	GGCTC	GGCTC
N5_cerevisiae	0.00228740731889	2	1	5	173	177	1	AACAC	AACGC
N5_cerevisiae	0.00230716036003	2	1	1	315	315	0	A	A
N5_cerevisiae	0.00256684991766	1	2	3	483	485	0	TCG	TCG
N5_cerevisiae	0.00264702282011	1	2	1	231	231	0	A	A
N5_cerevisiae	0.00265541332084	1	2	1	71	71	0	T	T
N5_cerevisiae	0.00267941511866	2	1	2	175	176	0	CA	CA
N5_cerevisiae	0.00312746223663	2	1	4	44	47	0	TATA	TATA
N5_cerevisiae	0.00338762319251	2	1	1	291	291	0	C	C
N5_cerevisiae	0.00348455271915	1	2	1	157	157	0	T	T
N5_cerevisiae	0.00391953160056	1	2	11	199	209	2	CGATGGCACAC	CGATGGTATAC
N5_cerevisiae	0.00393903725171	1	2	2	365	366	0	GC	GC
