edge	time	orlg_from	orlg_to	tract_length	start_pos	stop_pos	num_diff	template_seq	overide_seq
D1_N1	3.35750295268e-05	2	1	9	546	554	0	TAATCTCGA	TAATCTCGA
D1_N1	0.000134014981892	1	2	2	89	90	0	CA	CA
D1_N1	0.00028954284554	1	2	2	10	11	0	AT	AT
D1_N1	0.000607870665605	1	2	8	361	368	0	AACCGTTT	AACCGTTT
D1_N1	0.000783216263481	1	2	5	494	498	0	CAGCA	CAGCA
D1_N1	0.000828156948837	2	1	24	501	524	0	GAAACCCTCCTACTAGCTTAGACA	GAAACCCTCCTACTAGCTTAGACA
D1_N1	0.000990318238431	1	2	4	474	477	0	TTTA	TTTA
D1_N1	0.00121157988297	1	2	18	155	172	0	CCAGCAGATTAGTCATAC	CCAGCAGATTAGTCATAC
D1_N1	0.0015210599775	1	2	1	283	283	0	T	T
D1_N1	0.00155613200178	2	1	9	9	17	1	GATTGGTAG	AATTGGTAG
D1_N1	0.00162203785302	2	1	6	419	424	0	ACTGAA	ACTGAA
D1_N1	0.00166830375493	1	2	1	591	591	0	G	G
D1_N1	0.00177455280343	1	2	4	822	825	0	CCTG	CCTG
D1_N1	0.00189868835005	1	2	12	258	269	0	ACGCAGAACAGA	ACGCAGAACAGA
D1_N1	0.00191561776186	2	1	3	49	51	0	CTC	CTC
D1_N1	0.00215710372863	2	1	12	24	35	0	GTACTGGCACGC	GTACTGGCACGC
D1_N1	0.00239435074983	2	1	17	349	365	0	ACTCGAAACAAGAACCG	ACTCGAAACAAGAACCG
D1_N1	0.00239605263546	2	1	4	87	90	0	CTCA	CTCA
D1_N1	0.00262525753222	1	2	15	126	140	0	TTTATCACACGTTCT	TTTATCACACGTTCT
D1_N1	0.00263690060665	1	2	5	662	666	0	CACTA	CACTA
D1_N1	0.00270144695544	1	2	3	291	293	0	ATA	ATA
D1_N1	0.00282565279014	1	2	7	441	447	0	AGTCCCA	AGTCCCA
D1_N1	0.00288068950619	1	2	9	708	716	0	TCATGTATT	TCATGTATT
D1_N1	0.00294408200838	1	2	5	780	784	0	GCCAG	GCCAG
D1_N1	0.00343603347041	1	2	3	73	75	0	GTA	GTA
D1_N1	0.00370795695772	1	2	1	805	805	0	C	C
D1_N1	0.00432665253825	2	1	6	1	6	1	TTTTCT	TTCTCT
D1_N1	0.00435573411766	1	2	12	313	324	0	TCCGTAATTAAG	TCCGTAATTAAG
D1_N1	0.00444559245023	1	2	9	702	710	0	TAACTTTCA	TAACTTTCA
D1_N1	0.00472582623164	2	1	13	691	703	0	CTACATGCTTCTA	CTACATGCTTCTA
D1_N1	0.00500260399719	1	2	2	471	472	0	AA	AA
D1_N1	0.00541195826324	2	1	2	371	372	0	TG	TG
D1_N1	0.00541920523326	2	1	6	81	86	0	GCAACT	GCAACT
D1_N1	0.00542157805542	2	1	7	796	802	1	CTGTTCA	CTGTTTA
D1_N1	0.00556762283158	1	2	1	349	349	0	A	A
D1_N1	0.00566781355138	1	2	20	234	253	0	TACGTATTACCGGTATTAGT	TACGTATTACCGGTATTAGT
D1_N1	0.00568032842006	1	2	8	667	674	0	TTGAATTT	TTGAATTT
D1_N1	0.00570442045145	1	2	21	0	20	0	CTTTTCTGAGATTGGTAGTTT	CTTTTCTGAGATTGGTAGTTT
D1_N1	0.00574363089576	2	1	6	187	192	0	CGTTTG	CGTTTG
D1_N1	0.00588739880677	2	1	1	595	595	0	A	A
D1_N1	0.00596238048136	1	2	17	36	52	0	GCAATTACTTCGTCTCT	GCAATTACTTCGTCTCT
D1_N1	0.00608749469747	2	1	2	467	468	0	CT	CT
D1_N1	0.00636558306446	1	2	11	617	627	1	CGGTCACATCA	CGGTCACATCG
D1_N1	0.00640887414291	2	1	1	825	825	0	G	G
D1_N1	0.00673721442595	1	2	1	307	307	0	G	G
D1_N1	0.00679087659227	2	1	2	762	763	0	CT	CT
D1_N1	0.00679651822697	1	2	5	472	476	1	ACTTC	ACTTT
D1_N1	0.00680593673554	1	2	15	730	744	0	TATTATTCATTGCCG	TATTATTCATTGCCG
D1_N1	0.00680786356783	2	1	13	455	467	0	ACTATCACCGTTC	ACTATCACCGTTC
D1_N1	0.00680824454879	2	1	24	383	406	2	AATCATAGGAAAACGAAAGTTCGA	AATCATAGGAAAACGAAAGTTCAG
D1_N1	0.00690612985402	1	2	8	269	276	0	ATATCGAC	ATATCGAC
D1_N1	0.00693059101807	2	1	7	25	31	0	TACTGGC	TACTGGC
D1_N1	0.00712896130466	2	1	4	719	722	0	AACT	AACT
D1_N1	0.00727252162175	1	2	7	15	21	0	TAGTTTA	TAGTTTA
D1_N1	0.00741540428454	1	2	13	517	529	0	CTTAGACATGTCG	CTTAGACATGTCG
D1_N1	0.00782281322834	1	2	1	800	800	0	T	T
D1_N1	0.00790082716924	1	2	5	100	104	0	TATCA	TATCA
D1_N1	0.0080688612781	1	2	17	300	316	2	TCTCCTGGGTTAGTCCA	TCTCCTGGGTTAATCCG
D1_N1	0.00830006546466	1	2	3	293	295	0	AGA	AGA
D1_N1	0.00830202337239	2	1	6	792	797	0	TGATCT	TGATCT
D1_N1	0.00833267098078	1	2	4	195	198	0	GCCA	GCCA
D1_N1	0.00860259744464	2	1	1	628	628	0	G	G
D1_N1	0.00869361126198	2	1	8	771	778	0	TATATGAG	TATATGAG
D1_N1	0.0088370354569	1	2	1	742	742	0	C	C
D1_N1	0.00954691108346	1	2	1	202	202	0	C	C
D1_N1	0.00973953704379	1	2	1	218	218	0	A	A
D1_N1	0.0097853225205	1	2	8	317	324	0	TAATTAAG	TAATTAAG
D1_N1	0.00981195210032	2	1	2	744	745	0	GT	GT
D1_N1	0.00985546081711	2	1	6	472	477	0	ACTTCA	ACTTCA
D1_N1	0.00992396242769	1	2	10	274	283	1	GACAGGGATT	GACAGAGATT
D1_N1	0.00999653986462	1	2	17	390	406	0	GGAAAACGAAAGTTCGA	GGAAAACGAAAGTTCGA
D1_N1	0.0103836672578	1	2	13	734	746	0	ATTCATTGCCGTG	ATTCATTGCCGTG
D1_N1	0.01060381622	1	2	2	229	230	0	AG	AG
D1_N1	0.0107054757796	2	1	4	379	382	0	TTAG	TTAG
D1_N1	0.0110350034206	1	2	9	471	479	0	AACTTCACA	AACTTCACA
D1_N1	0.0112251352346	2	1	8	358	365	0	AAGAACCG	AAGAACCG
D1_N1	0.0112953930865	1	2	18	315	332	0	CATAATTAAGACATCTTA	CATAATTAAGACATCTTA
D1_N1	0.0114138733487	2	1	6	738	743	0	ATTGCC	ATTGCC
D1_N1	0.0114727403704	2	1	16	862	864	1	GTC	GTA
D1_N1	0.0116512380846	2	1	9	57	65	0	AATGGAACG	AATGGAACG
D1_N1	0.0117156528811	1	2	12	549	560	0	TCTCGACCCGCG	TCTCGACCCGCG
D1_N1	0.0118931290055	1	2	3	82	84	0	CAA	CAA
D1_N1	0.0122447373772	1	2	1	503	503	0	A	A
D1_N1	0.0124511375465	2	1	1	526	526	0	G	G
D1_N1	0.0124952583721	2	1	4	606	609	0	AAGA	AAGA
D1_N1	0.0126564102105	2	1	17	115	131	0	TGATGCCAGCATTTATC	TGATGCCAGCATTTATC
D1_N1	0.0128333416398	1	2	3	104	106	0	AAC	AAC
D1_N1	0.0129557843369	1	2	7	160	166	1	GGATTAG	AGATTAG
D1_N1	0.0132829936995	1	2	15	848	862	3	CATAAAGATAACATG	CGTAAAGATAGCACG
D1_N1	0.013396503983	2	1	12	140	151	1	TTGTAAACTGTG	TTGTAAACTTTG
D1_N1	0.0136740001095	1	2	4	263	266	0	GAAC	GAAC
D1_N1	0.0137817626631	2	1	1	266	266	0	C	C
D1_N1	0.0138168739423	2	1	7	654	660	0	TGCTGAT	TGCTGAT
D1_N1	0.0138965903074	2	1	16	314	329	0	CCATAATTAAGACATC	CCATAATTAAGACATC
D1_N1	0.0144897078808	1	2	2	592	593	0	CT	CT
D1_N1	0.0145594263799	2	1	11	140	150	0	TTGTAAACTGT	TTGTAAACTGT
D1_N1	0.0146172733498	2	1	4	778	781	0	GGGC	GGGC
D1_N1	0.014617922634	1	2	4	654	657	0	TGCT	TGCT
D1_N1	0.0146430523775	1	2	25	511	535	2	TACTAGCTTAGACATGTCGACCTGT	TACTAGCTCAGACATGTCGACCTAT
D1_N1	0.0147235786461	1	2	10	329	338	1	CTTACGGACT	CTTACGGACA
D1_N1	0.0147975917919	2	1	6	52	57	2	TAAAAA	TGAATA
D1_N1	0.014967079818	1	2	4	158	161	0	GCGG	GCGG
D1_N1	0.015197069576	1	2	17	481	497	0	ATAACGTAACAGGCAGC	ATAACGTAACAGGCAGC
D1_N1	0.0152791204546	1	2	4	492	495	0	GGCA	GGCA
D1_N1	0.0153806707714	1	2	4	831	834	0	TTAA	TTAA
D1_N1	0.0155368094582	1	2	3	507	509	0	CTC	CTC
D1_N1	0.0156487426095	2	1	7	816	822	0	GTGCCGC	GTGCCGC
D1_N1	0.0156873687877	2	1	3	93	95	1	AAT	AAC
D1_N1	0.0156960099861	1	2	9	849	857	0	ATAAAGATA	ATAAAGATA
D1_N1	0.016385123997	1	2	7	155	161	0	CCAGCGG	CCAGCGG
D1_N1	0.01652590847	1	2	2	553	554	0	GA	GA
D1_N1	0.0165997467584	1	2	3	81	83	0	GCA	GCA
D1_N1	0.0166615330707	2	1	11	0	10	0	CTTTTCTGAGA	CTTTTCTGAGA
D1_N1	0.0168390226276	1	2	2	638	639	0	TC	TC
D1_N1	0.0169331129645	1	2	23	148	170	0	TGTGATTCCAGCGGATTAGTCAT	TGTGATTCCAGCGGATTAGTCAT
D1_N1	0.0170893507803	2	1	1	667	667	0	T	T
D1_N1	0.0173206246577	2	1	4	30	33	0	GCAC	GCAC
D1_N1	0.0175225355723	2	1	1	242	242	0	A	A
D1_N1	0.0177791832814	1	2	9	597	605	0	ATCTCACTA	ATCTCACTA
D1_N1	0.0177813837245	2	1	3	296	298	0	TTA	TTA
D1_N1	0.0179311657813	2	1	7	185	191	1	TCCGTTT	TCCGCTT
D1_N1	0.0181285529516	1	2	7	96	102	0	CGAATAT	CGAATAT
D1_N1	0.018437252217	2	1	3	445	447	0	CCA	CCA
D1_N1	0.0188410739084	2	1	3	735	737	1	CTC	TTC
D1_N1	0.0188686272008	1	2	9	828	836	0	ATTTTAAAC	ATTTTAAAC
D1_N1	0.0189046244101	1	2	19	451	469	1	GATGACTATCACCGTTCTA	GATGACTATCACCGTTCTC
D1_N1	0.019030732781	1	2	18	403	420	1	TCGATCACCATACTGTAC	TCGATCACCATACTGTAT
D1_N1	0.0192219255955	2	1	1	701	701	0	C	C
D1_N1	0.0193256919711	1	2	16	574	589	2	GAAGTGGCACAAGTTA	AAAGTGGCACAAGTCA
D1_N1	0.0193599711518	1	2	8	424	431	0	AGCATGGG	AGCATGGG
D1_N1	0.0196552475612	2	1	1	146	146	0	A	A
D1_N1	0.0200169562643	1	2	13	12	24	3	TGGTAGCTTACAG	CGGTAGTTTGCAG
D1_N1	0.0203303827879	1	2	1	7	7	0	G	G
D1_N1	0.0203523413347	1	2	16	571	586	0	TACGAAGTGGCACAAG	TACGAAGTGGCACAAG
D1_N1	0.020362302705	2	1	21	667	687	0	TTGAATTTTGGATACTTCATA	TTGAATTTTGGATACTTCATA
D1_N1	0.0206136846687	1	2	6	826	831	0	AGATTT	AGATTT
D1_N1	0.020692182714	1	2	2	10	11	0	AT	AT
D1_N1	0.0208128188602	2	1	9	26	34	0	ACTGGCACG	ACTGGCACG
D1_N1	0.0209042955453	2	1	1	276	276	0	C	C
D1_N1	0.0212889065952	1	2	5	366	370	1	TTTAG	TCTAG
D1_N1	0.0216765525701	2	1	19	264	282	0	AACAGATATCGACAGGGAT	AACAGATATCGACAGGGAT
D1_N1	0.0217123742456	1	2	4	103	106	0	CAAC	CAAC
D1_N1	0.0218636617339	2	1	20	754	773	2	TAAGGAGCATATTATCTTAT	TAAGGAGCCTATTAGCTTAT
D1_N1	0.0219159847831	1	2	2	503	504	0	AA	AA
D1_N1	0.0227693938738	2	1	5	379	383	0	TTAGA	TTAGA
N1_castellii	0.000358596046256	2	1	1	785	785	0	T	T
N1_castellii	0.000530085370275	2	1	5	665	669	0	TATTG	TATTG
N1_castellii	0.000534222277663	2	1	3	76	78	0	CTC	CTC
N1_castellii	0.000559874762931	2	1	1	237	237	0	G	G
N1_castellii	0.000614864720107	1	2	1	505	505	0	C	C
N1_castellii	0.00107015817844	1	2	1	568	568	0	A	A
N1_castellii	0.00110544063238	1	2	1	587	587	0	T	T
N1_castellii	0.00123215484471	2	1	20	243	262	0	CCGGTATTAGTCTCTACGCA	CCGGTATTAGTCTCTACGCA
N1_castellii	0.0014098603929	1	2	9	772	780	0	ATATGAGGG	ATATGAGGG
N1_castellii	0.00141469633868	1	2	3	527	529	0	TCG	TCG
N1_castellii	0.00148467747548	2	1	9	276	284	0	CAGGGATTT	CAGGGATTT
N1_castellii	0.00194322300318	1	2	8	563	570	0	ATGGGATA	ATGGGATA
N1_castellii	0.00199694448135	2	1	4	845	848	0	CTAC	CTAC
N1_castellii	0.00201329552907	1	2	13	77	89	0	TCATGCAACTCTC	TCATGCAACTCTC
N1_castellii	0.0021160286047	1	2	17	520	536	0	AGACATGTCGACCTGTT	AGACATGTCGACCTGTT
N1_castellii	0.00235496623595	2	1	18	775	792	1	TGAGGGCCGGTGTACGAT	TGAGGGCCAGTGTACGAT
N1_castellii	0.0023643606026	1	2	4	75	78	0	ACTC	ACTC
N1_castellii	0.00252323895376	2	1	18	343	360	2	ACTCACACTCGAAACAGG	ATTCACACTCGAAACAAG
N1_castellii	0.00261891433178	1	2	28	838	864	0	ATGGCTGCTACATAAAGATAACATGTC	ATGGCTGCTACATAAAGATAACATGTC
N1_castellii	0.00284653531086	2	1	3	237	239	0	GTA	GTA
N1_castellii	0.00327475720479	1	2	3	840	842	0	GGC	GGC
N1_castellii	0.00374007319849	2	1	3	409	411	1	ACC	ACT
N1_castellii	0.00420277122759	2	1	25	451	475	1	GATGACTATCACCGTTCTAAAACTT	GATGACTACCACCGTTCTAAAACTT
N1_castellii	0.00423706375795	2	1	10	358	367	1	AGGAACCGTT	AGGAACCATT
N1_castellii	0.00424958455176	2	1	16	384	399	1	ATCATAGGAAAACGAG	ATCATAGGAAAACGAA
N1_castellii	0.00430878372339	1	2	7	49	55	0	CTCTAAA	CTCTAAA
N1_castellii	0.00433166048853	1	2	1	627	627	1	A	G
N1_castellii	0.00460340626501	2	1	2	134	135	0	AC	AC
N1_castellii	0.00466603667831	2	1	3	273	275	0	CGA	CGA
N1_castellii	0.00517831543759	2	1	22	665	686	1	TATTGAACTTTGGATACTTCAT	TATTGAATTTTGGATACTTCAT
N1_castellii	0.0053004744625	2	1	23	238	260	0	TATTACCGGTATTAGTCTCTACG	TATTACCGGTATTAGTCTCTACG
N1_castellii	0.00574829436979	1	2	18	555	572	1	CCCGCGTGATGGGATATA	CCCGCGCGATGGGATATA
N1_castellii	0.00582210993754	1	2	11	446	456	0	CATTGGATGAC	CATTGGATGAC
N1_castellii	0.00598592128074	1	2	4	99	102	0	ATAT	ATAT
N1_castellii	0.00640174383134	1	2	13	487	499	1	TAACAAGCAGCAA	TAACAGGCAGCAA
N1_castellii	0.00644937863479	1	2	10	584	593	1	AAGTTAAGCT	AAGTTAAACT
N1_castellii	0.00649271443837	1	2	19	752	770	0	ATTAAGGAGCATATTATCT	ATTAAGGAGCATATTATCT
N1_castellii	0.00672584761173	1	2	9	443	451	0	TCCCATTGG	TCCCATTGG
N1_castellii	0.00676198173784	1	2	2	206	207	0	TC	TC
N1_castellii	0.00695622664307	1	2	2	375	376	0	AC	AC
N1_castellii	0.0071313990705	2	1	12	307	318	0	GGTTAGTCCATA	GGTTAGTCCATA
N1_castellii	0.00714951775259	2	1	1	610	610	1	A	G
N1_castellii	0.00717998717212	2	1	5	599	603	0	CTCAC	CTCAC
N1_castellii	0.00744905366977	1	2	27	52	78	0	TAAAAAATGGAACGTTTATCAGTACTC	TAAAAAATGGAACGTTTATCAGTACTC
N1_castellii	0.00771063906189	2	1	1	582	582	1	G	A
N1_castellii	0.00801890793833	1	2	5	819	823	1	CCGTC	CCGCC
N1_castellii	0.00809522452093	2	1	10	555	564	0	CCCGCGTGAT	CCCGCGTGAT
N1_castellii	0.00810560964753	1	2	3	736	738	1	TCG	TCA
N1_castellii	0.00834704436813	1	2	10	408	417	0	CACCATACTG	CACCATACTG
N1_castellii	0.00888187456816	2	1	1	526	526	0	G	G
N1_castellii	0.00890740086273	2	1	21	602	622	0	ACTAAAGAATCAACACGGTCA	ACTAAAGAATCAACACGGTCA
N1_castellii	0.00895548626494	1	2	2	427	428	0	AT	AT
N1_castellii	0.00935775144767	2	1	9	757	765	0	GGAGCATAT	GGAGCATAT
N1_castellii	0.00944734313409	1	2	5	628	632	0	GGAAG	GGAAG
N1_castellii	0.00952784956164	2	1	11	166	176	1	GTCATACTCCC	GTCATGCTCCC
N1_castellii	0.00993788861325	2	1	17	538	554	1	CATATAAATAATCTTGA	CATATAAATAATCTCGA
N1_castellii	0.0101995985302	2	1	18	660	677	0	TCCACTATTGAACTTTGG	TCCACTATTGAACTTTGG
N1_castellii	0.0102253568482	2	1	1	631	631	0	A	A
N1_castellii	0.010601048755	2	1	3	215	217	0	TGG	TGG
N1_castellii	0.0107001282272	1	2	9	212	220	0	GTTTGGACA	GTTTGGACA
N1_castellii	0.0108257498289	2	1	24	348	371	0	CACTCGAAACAGGAACCGTTTAGT	CACTCGAAACAGGAACCGTTTAGT
N1_castellii	0.0108458669541	1	2	4	175	178	0	CCCT	CCCT
N1_castellii	0.0109653841917	1	2	2	279	280	0	GG	GG
N1_castellii	0.0109655825461	2	1	4	749	752	0	CATA	CATA
N1_castellii	0.0111235401302	2	1	4	339	342	0	CCGG	CCGG
N1_castellii	0.0111367240308	1	2	6	524	529	1	ATGTAG	ATGTCG
N1_castellii	0.0112104558331	1	2	2	397	398	0	GA	GA
N1_castellii	0.0112633356135	2	1	28	487	514	4	TAACAAGCAGCAATGAAACCCTCTTACT	TAGCAAGCAGCCATAAAACCCTCCTACT
N1_castellii	0.0115449992843	2	1	5	861	864	0	TGTC	TGTC
N1_castellii	0.0116896863587	2	1	15	609	623	0	AATCAACACGGTCAC	AATCAACACGGTCAC
N1_castellii	0.0117751614453	2	1	11	87	97	2	CTCACGAATCG	CTCGTGAATCG
N1_castellii	0.011884967689	1	2	4	808	811	2	CGCC	TGTC
N1_castellii	0.0119611984234	2	1	34	301	334	0	CTCCTGGGTTAGTCCATAATTAAGACATCTTACG	CTCCTGGGTTAGTCCATAATTAAGACATCTTACG
N1_castellii	0.0120671572278	1	2	2	522	523	0	AC	AC
N1_castellii	0.0121996251117	2	1	8	674	681	0	TTGGATAC	TTGGATAC
N1_castellii	0.0123104363723	2	1	4	374	377	0	AACC	AACC
N1_castellii	0.0123334248249	2	1	1	606	606	0	A	A
N1_castellii	0.0124867176217	1	2	4	744	747	0	GTGA	GTGA
N1_N2	0.00010336442043	1	2	10	843	852	0	TGCTACATAA	TGCTACATAA
N1_N2	0.000349741541502	1	2	1	115	115	0	T	T
N1_N2	0.000534910773964	1	2	17	395	411	3	ACGAAAGTTCGATCACT	ACGAGAGCTCGATCACC
N1_N2	0.000601537740963	2	1	9	383	391	0	AATCATAGG	AATCATAGG
N1_N2	0.000985894355563	1	2	18	80	97	2	TGCAACTCTCGTGAATCG	TGCAACTCTCACGAATCG
N1_N2	0.00112911464976	1	2	10	590	599	1	AGCTTATATC	AGCTTATCTC
N1_N2	0.00160165283516	1	2	12	837	848	0	AATGGCTGCTAC	AATGGCTGCTAC
N1_N2	0.00172939329449	1	2	10	834	843	0	AACAATGGCT	AACAATGGCT
N1_N2	0.00185582427166	1	2	7	280	286	0	GATTTTA	GATTTTA
N1_N2	0.001962104549	2	1	4	527	530	0	TCGA	TCGA
N1_N2	0.00200457710796	1	2	9	348	356	0	CACTCGAAA	CACTCGAAA
N1_N2	0.00236933121598	1	2	2	792	793	0	TG	TG
N1_N2	0.00238232870607	2	1	11	447	457	0	ATTGGATGACT	ATTGGATGACT
N1_N2	0.00241119553177	1	2	14	296	309	0	TTAATCTCCTGGGT	TTAATCTCCTGGGT
N1_N2	0.00244734419341	2	1	9	149	157	0	GTGATTCCA	GTGATTCCA
N1_N2	0.00276632162385	1	2	1	551	551	0	T	T
N1_N2	0.00290784839544	1	2	26	499	524	1	ATGAAACCCTCCTACTAGCTTAGACA	ATGAAACCCTCCTATTAGCTTAGACA
N1_N2	0.00291012223926	2	1	23	517	539	1	CTTAGACACGTCGACCTGTTACA	CTTAGACATGTCGACCTGTTACA
N1_N2	0.00293865037886	2	1	12	152	163	0	ATTCCAGCGGAT	ATTCCAGCGGAT
N1_N2	0.00329566953764	1	2	1	680	680	0	A	A
N1_N2	0.00353655307282	1	2	3	307	309	0	GGT	GGT
N1_N2	0.00356598496349	1	2	2	28	29	0	TG	TG
N1_N2	0.00369276370617	2	1	5	478	482	0	CACAT	CACAT
N1_N2	0.00383209237255	2	1	21	36	56	0	GCAATTACTTCGTCTCTAAAA	GCAATTACTTCGTCTCTAAAA
N1_N2	0.00405215103664	1	2	10	824	833	0	TGAGATTTTA	TGAGATTTTA
N1_N2	0.00434904653407	1	2	5	38	42	0	AATTA	AATTA
N1_N2	0.00459223568605	2	1	7	298	304	0	AATCTCC	AATCTCC
N1_N2	0.00476687884866	1	2	4	412	415	0	ATAC	ATAC
N1_N2	0.00484021901114	1	2	1	45	45	0	T	T
N1_N2	0.0052702617839	2	1	1	95	95	0	T	T
N1_N2	0.00552185658226	2	1	5	234	238	0	TACGT	TACGT
N1_N2	0.00555003456203	1	2	1	367	367	0	T	T
N1_N2	0.00561448464874	1	2	7	692	698	0	TACATGC	TACATGC
N1_N2	0.00590849248665	2	1	9	447	455	0	ATTGGATGA	ATTGGATGA
N1_N2	0.00601822621725	1	2	3	138	140	0	TCT	TCT
N1_N2	0.00647211773999	1	2	1	87	87	0	C	C
N1_N2	0.00648125582556	2	1	4	846	849	0	TACA	TACA
N1_N2	0.00649387602676	1	2	1	366	366	0	T	T
N1_N2	0.00682062499265	2	1	3	594	596	0	TAT	TAT
N1_N2	0.00697262549703	2	1	1	290	290	0	C	C
N1_N2	0.00716287849747	2	1	8	428	435	0	TGGGAGCT	TGGGAGCT
N1_N2	0.00732233499537	2	1	2	799	800	0	TT	TT
N1_N2	0.00739179415245	2	1	16	739	754	0	TTGCCGTGACCATATT	TTGCCGTGACCATATT
N1_N2	0.00741908331091	1	2	16	731	746	1	ACTACTCATTGCCGTG	ATTACTCATTGCCGTG
N1_N2	0.00759229637241	1	2	10	279	288	0	GGATTTTATA	GGATTTTATA
N1_N2	0.00797371715101	2	1	17	129	145	1	ATCACACGTTCTTGTAA	ATTACACGTTCTTGTAA
N1_N2	0.00819433671397	1	2	2	809	810	1	GC	GT
N1_N2	0.0082597131801	2	1	12	341	352	0	GGATTCACACTC	GGATTCACACTC
N1_N2	0.00838828277877	2	1	5	620	624	0	TCACA	TCACA
N1_N2	0.00845429653371	1	2	31	109	139	1	TCATCGTGATGCCAGTATTTATCACACGTTC	TCATCGTGATGCCAGCATTTATCACACGTTC
N1_N2	0.00863258233604	2	1	2	616	617	0	AC	AC
N1_N2	0.00872976212341	1	2	7	630	636	1	AAGTACA	AAGTACG
N1_N2	0.00881231446436	2	1	2	468	469	1	TA	CA
N1_N2	0.00914564002238	2	1	25	394	418	0	AACGAAAGTTCGATCACTATACTGT	AACGAAAGTTCGATCACTATACTGT
N1_N2	0.00935596757191	2	1	4	415	418	0	CTGT	CTGT
N1_N2	0.00938845537018	1	2	5	741	745	0	GCCGT	GCCGT
N1_N2	0.00942038443641	2	1	21	539	559	1	ATATAAATAATCTTGACCCGC	ATATAAATAATCTCGACCCGC
N1_N2	0.0096650387356	1	2	2	567	568	0	GA	GA
N1_N2	0.00989102788158	1	2	9	0	8	1	CTTTTCTGG	CTTTTCTGA
N1_N2	0.0099227542159	2	1	5	803	807	0	CACCA	CACCA
N1_N2	0.0100101249898	1	2	21	118	138	0	TGCCAGTATTTATCACACGTT	TGCCAGTATTTATCACACGTT
N1_N2	0.0100404030613	2	1	18	711	728	0	TGTATTGAAACTCGATTC	TGTATTGAAACTCGATTC
N1_N2	0.0103258635276	1	2	2	737	738	1	CA	CG
N1_N2	0.0104609148857	2	1	24	375	398	2	ACCGTTGGAACCATAGGAAAACGA	ACCGTTAGAATCATAGGAAAACGA
N1_N2	0.0104919381743	1	2	6	86	91	0	TCTCGT	TCTCGT
N1_N2	0.0112317280582	1	2	1	578	578	0	T	T
N1_N2	0.0114902027802	1	2	3	831	833	1	TTA	CTA
N1_N2	0.0115155399239	1	2	4	713	716	0	TATT	TATT
N1_N2	0.011544139031	2	1	11	664	674	0	CTATTGAATTT	CTATTGAATTT
N1_N2	0.0118261121229	2	1	2	13	14	0	GG	GG
N1_N2	0.0119087384879	2	1	2	142	143	0	GT	GT
N1_N2	0.0119199614333	2	1	13	329	341	0	CTTACGGACTCCG	CTTACGGACTCCG
N1_N2	0.0120180097713	1	2	37	660	696	2	TCCACTATTGAATTTTGGATACTTCATAAGCCTGCAT	TCCACTATTGAATTTTGGATACTTCATGAGCCTACAT
N1_N2	0.0120957409894	1	2	5	272	276	0	TCGAC	TCGAC
N1_N2	0.0122302198434	2	1	9	215	223	0	TGGACACAC	TGGACACAC
N1_N2	0.0122329330042	2	1	6	167	172	1	TCATAC	TCATGC
N1_N2	0.0122626841264	2	1	38	261	298	1	CAGAACAGATATCGACAGGGATTTTATAGCATAGATTA	CAGAATAGATATCGACAGGGATTTTATAGCATAGATTA
N1_N2	0.0124171342276	2	1	2	391	392	0	GA	GA
N1_N2	0.0124619863838	2	1	5	169	173	0	ATACT	ATACT
N1_N2	0.0129998026752	2	1	21	44	64	0	TTCGTCTCTAAAAAATGGAAC	TTCGTCTCTAAAAAATGGAAC
N1_N2	0.0130345480984	2	1	1	796	796	0	C	C
N1_N2	0.0131961735209	2	1	2	360	361	0	GA	GA
N1_N2	0.0134688504132	1	2	28	804	831	3	ACCACGCCATCGGTGCCGTCTGAGATTT	ACCATGCCATCGGTGCTGCCTGAGATTT
N2_bayanus	2.27603931918e-05	1	2	14	806	819	0	CACGCCATCGGTGC	CACGCCATCGGTGC
N2_bayanus	0.000115156323557	1	2	13	72	84	0	AGTACTCATGCAA	AGTACTCATGCAA
N2_bayanus	0.000476640874357	2	1	5	300	304	0	TCTCC	TCTCC
N2_bayanus	0.000597478442249	1	2	5	133	137	0	CACGT	CACGT
N2_bayanus	0.000687541329568	2	1	20	137	156	0	TTCTTGTAAACTGTGATTCC	TTCTTGTAAACTGTGATTCC
N2_bayanus	0.000815112751955	1	2	5	305	309	0	TGGGT	TGGGT
N2_bayanus	0.000817941590541	2	1	3	285	287	0	TAT	TAT
N2_bayanus	0.000879859150244	2	1	6	655	660	0	GCTGAT	GCTGAT
N2_bayanus	0.00128248387475	2	1	12	794	805	2	ATCTGTTTACAC	ATCTATTAACAC
N2_bayanus	0.00141599381256	2	1	3	77	79	0	TCA	TCA
N2_bayanus	0.00143625313757	1	2	4	769	772	0	CTTA	CTTA
N2_bayanus	0.00159984985893	1	2	10	513	522	1	TTAGCTTAGA	CTAGCTTAGA
N2_bayanus	0.00162482671804	2	1	12	443	454	0	TCCCATTGGATG	TCCCATTGGATG
N2_bayanus	0.00176441194416	1	2	4	692	695	0	TGCA	TGCA
N2_bayanus	0.00177906161166	1	2	1	821	821	0	G	G
N2_bayanus	0.00186861009131	1	2	15	219	233	2	CACACCGACTAGCAA	CACACCGACCAGTAA
N2_bayanus	0.00197629218826	1	2	9	392	400	0	AAAACGAAA	AAAACGAAA
N2_bayanus	0.00242849630704	1	2	1	108	108	0	G	G
N2_bayanus	0.00248224417253	1	2	4	822	825	2	CTTG	TCTG
N2_bayanus	0.00262389110654	1	2	1	187	187	1	T	C
N2_N3	0.000121038154855	1	2	2	630	631	0	AA	AA
N2_N3	0.000223486336506	2	1	2	399	400	0	AA	AA
N2_N3	0.000324372391275	2	1	16	83	98	1	AACTCTCGTGAATAGA	AACTCTCGTGAATCGA
N2_N3	0.000640511430651	2	1	10	818	827	0	GCCGTCTGAG	GCCGTCTGAG
N2_N3	0.00094504113819	2	1	1	272	272	0	T	T
N2_N3	0.00102306514593	2	1	31	240	270	1	TTACCGGTATTAGTCTCTACGCAGAACAGAT	TTACCGGTACTAGTCTCTACGCAGAACAGAT
N2_N3	0.00118859663193	2	1	26	45	70	1	TCGTCTCTAAAAAATGGAACGTTTAT	TCGTCTCTAAAAAATGGAACATTTAT
N2_N3	0.0012671206298	1	2	1	741	741	0	G	G
N2_N3	0.00149003636791	1	2	18	497	514	2	CAATGAAACCCTCCTATT	CAATGAAACCCTCCTGCT
N2_N3	0.00150549423486	2	1	19	34	52	2	GCGCAATTACTTCGTCTCT	GCGTAATTGCTTCGTCTCT
N2_N3	0.00158189844683	1	2	20	598	617	1	TCTCACTAAAGAGTCAACAC	TCTCACTAAAGAATCAACAC
N2_N3	0.00167521865592	1	2	9	32	40	0	ACGCGCAAT	ACGCGCAAT
N2_N3	0.00196659911183	2	1	2	151	152	0	GA	GA
N2_N3	0.0021234542924	2	1	4	435	438	0	TGTC	TGTC
N3_kudriavzevii	0.000160527343632	1	2	10	669	678	0	GAATTTTGGA	GAATTTTGGA
N3_kudriavzevii	0.000462118852192	2	1	15	170	184	3	TACTCCCCTCAGTCA	TACTCCCCTTACTCG
N3_kudriavzevii	0.000474114357294	2	1	1	414	414	0	A	A
N3_kudriavzevii	0.000547618884292	1	2	2	66	67	0	TT	TT
N3_kudriavzevii	0.00057173984722	2	1	4	207	210	0	CTCA	CTCA
N3_kudriavzevii	0.000708315458073	1	2	3	244	246	0	CGG	CGG
N3_kudriavzevii	0.000757850890464	1	2	4	225	228	1	GACT	GACC
N3_kudriavzevii	0.00081062973823	2	1	5	778	782	0	GGGCC	GGGCC
N3_kudriavzevii	0.000844373050253	2	1	10	600	609	0	TCACTAAAGA	TCACTAAAGA
N3_kudriavzevii	0.000956696358166	1	2	7	827	833	0	GATTTTA	GATTTTA
N3_kudriavzevii	0.0010674204853	2	1	16	427	442	0	ATGGGAGCTGTCTAAG	ATGGGAGCTGTCTAAG
N3_kudriavzevii	0.00154335870866	2	1	1	805	805	0	C	C
N3_kudriavzevii	0.00169230219059	2	1	1	84	84	0	A	A
N3_kudriavzevii	0.00181790381434	1	2	14	343	356	0	ATTCACACTCGAAA	ATTCACACTCGAAA
N3_kudriavzevii	0.00194846105393	1	2	11	531	541	0	CCTGTTACATA	CCTGTTACATA
N3_kudriavzevii	0.00198554244141	2	1	5	558	562	1	GCGCG	GCGTG
N3_kudriavzevii	0.00212045915414	1	2	2	779	780	0	GG	GG
N3_kudriavzevii	0.00225044460305	1	2	19	398	416	1	AAAGTTCGATTACTATACT	AAAGTTCGATCACTATACT
N3_kudriavzevii	0.00251939483266	2	1	1	616	616	0	A	A
N3_kudriavzevii	0.00254134301585	2	1	2	386	387	0	CA	CA
N3_kudriavzevii	0.00264100887156	2	1	1	574	574	0	G	G
N3_kudriavzevii	0.00280277728141	1	2	6	462	467	0	CCGTTC	CCGTTC
N3_kudriavzevii	0.00283270066065	2	1	2	155	156	0	CC	CC
N3_kudriavzevii	0.00318423907849	2	1	10	816	825	1	GTGTCGTCTG	GTGCCGTCTG
N3_kudriavzevii	0.00323924654561	1	2	3	244	246	0	CGG	CGG
N3_kudriavzevii	0.00332911519919	2	1	10	486	495	2	GTAACAGGCG	GTAGCAGGCA
N3_kudriavzevii	0.00333956572321	1	2	3	560	562	0	GCG	GCG
N3_kudriavzevii	0.0036321799953	1	2	25	56	80	0	AAATGGAACGTTTATCAGTACTCAT	AAATGGAACGTTTATCAGTACTCAT
N3_kudriavzevii	0.00372341596839	2	1	11	222	232	1	ACCGACTAGTA	ACCGACTAGCA
N3_kudriavzevii	0.00393157380087	2	1	9	331	339	0	TACGGACTC	TACGGACTC
N3_kudriavzevii	0.00395008161112	1	2	1	63	63	0	A	A
N3_kudriavzevii	0.00395656333605	1	2	35	140	174	0	TTGTAAACTGTGATTCCAGCGGATTAGTCATACTC	TTGTAAACTGTGATTCCAGCGGATTAGTCATACTC
N3_kudriavzevii	0.00400006545929	2	1	2	13	14	0	GG	GG
N3_kudriavzevii	0.00401388147719	2	1	21	546	566	1	TAATCTTGACCCGCGCGATGG	TAATCTTGACCCGCGCGACGG
N3_kudriavzevii	0.00410649889827	2	1	38	510	547	1	CTATTAGCTTAGACATGTTGACCTGTTACATATAAATA	CTATTAGCTTAGACATGTCGACCTGTTACATATAAATA
N3_kudriavzevii	0.0041095411209	2	1	4	326	329	0	CATC	CATC
N3_kudriavzevii	0.00424082400632	1	2	3	673	675	0	TTT	TTT
N3_kudriavzevii	0.00447326206211	2	1	4	618	621	1	GGTC	AGTC
N3_kudriavzevii	0.0044783820429	2	1	4	0	3	0	CTTT	CTTT
N3_kudriavzevii	0.00466796321417	2	1	2	730	731	0	TA	TA
N3_kudriavzevii	0.00468928584261	2	1	8	188	195	0	GTTTGTAG	GTTTGTAG
N3_kudriavzevii	0.00486419295197	2	1	35	390	424	1	GGAAAACGAAAGTTCGATTACTATGCTGTACTGAA	GGAAAACGAAAGTTCGATTACTATACTGTACTGAA
N3_kudriavzevii	0.00488687545558	2	1	2	813	814	0	TC	TC
N3_kudriavzevii	0.00525101429735	1	2	20	487	506	0	TAACAGGCGGCAATGAAACC	TAACAGGCGGCAATGAAACC
N3_kudriavzevii	0.00549804575922	1	2	9	81	89	0	GCAACTCTC	GCAACTCTC
N3_kudriavzevii	0.00551162051226	2	1	1	585	585	0	A	A
N3_kudriavzevii	0.00571083888352	1	2	26	795	820	2	TCTATTAACACCACGCCATCGGTGTC	TCTGTTTACACCACGCCATCGGTGTC
N3_kudriavzevii	0.00578792985902	1	2	9	329	337	0	CTTACGGAC	CTTACGGAC
N3_kudriavzevii	0.00624708423674	1	2	1	48	48	0	T	T
N3_kudriavzevii	0.00627703204103	1	2	10	590	599	1	AGCTTATATC	AGCTCATATC
N3_kudriavzevii	0.00631370037765	1	2	22	296	317	2	TTAATCTCCTGGGTCAGTCTAT	TTAATCTCCTGGGTTAGTCCAT
N3_kudriavzevii	0.00635926728273	1	2	4	350	353	0	CTCG	CTCG
N3_kudriavzevii	0.00639640435985	2	1	22	680	701	3	ACTTCATGAGCCTGCATGCCTC	ACTTCATAAGCCTGCACGCTTC
N3_kudriavzevii	0.0064007514356	2	1	26	774	799	2	ATGAGGGCCGGTGTACGATGATCTAT	GTGAGGGCCAGTGTACGATGATCTAT
N3_kudriavzevii	0.00659258481603	1	2	11	849	859	1	ATAAAGGTAAC	ATAAAGATAAC
N3_kudriavzevii	0.00678556907639	2	1	13	740	752	0	TGCCGTGACCATA	TGCCGTGACCATA
N3_kudriavzevii	0.00682326106511	2	1	16	228	243	0	TAGTAATACGTATTAC	TAGTAATACGTATTAC
N3_kudriavzevii	0.00693157636415	2	1	15	362	376	3	GCCGTTTAGTGAAAC	ACCATTTAGTAAAAC
N3_kudriavzevii	0.0070846878409	2	1	22	814	835	1	CGGTGTCGCCTGAGATTTTAAA	CGGTGTCGTCTGAGATTTTAAA
N3_kudriavzevii	0.00708950419378	2	1	34	769	802	1	CTTATATGAGGGCCGGTGTACGATGATCTATTAA	CTCATATGAGGGCCGGTGTACGATGATCTATTAA
N3_kudriavzevii	0.00712062844875	2	1	15	141	155	0	TGTAAACTGTGATTC	TGTAAACTGTGATTC
N3_kudriavzevii	0.00712815690462	2	1	8	730	737	0	TACTACTC	TACTACTC
N3_kudriavzevii	0.00746964467226	1	2	7	652	658	1	GCCGCTG	GCTGCTG
N3_kudriavzevii	0.00759104243151	1	2	1	56	56	0	A	A
N3_kudriavzevii	0.0077167208305	2	1	18	106	123	1	CGGTCATCGTGATGCCAG	CGCTCATCGTGATGCCAG
N3_kudriavzevii	0.00809301845807	2	1	11	149	159	0	GTGATTCCAGC	GTGATTCCAGC
N3_kudriavzevii	0.00829708570485	2	1	7	329	335	0	CTTACGG	CTTACGG
N3_kudriavzevii	0.00836095502421	2	1	8	0	7	0	CTTTTCTG	CTTTTCTG
N3_kudriavzevii	0.00839694865403	1	2	5	704	708	1	ATTTT	ACTTT
N3_N4	0.00020176141554	1	2	3	370	372	1	GTA	GTG
N3_N4	0.000216885293568	1	2	6	609	614	0	AGTCAA	AGTCAA
N3_N4	0.000253961248157	2	1	9	863	864	0	TC	TC
N3_N4	0.000374985942584	1	2	6	750	755	0	ATATTA	ATATTA
N3_N4	0.000613597545346	2	1	20	314	333	1	CCATAATTAAGACATCTTAC	CTATAATTAAGACATCTTAC
N3_N4	0.000704292560729	1	2	24	298	321	1	AATCTCCTGGGTCAGTCCATAATT	AATCTCCTGGGTTAGTCCATAATT
N3_N4	0.000735033219287	1	2	1	359	359	1	A	G
N3_N4	0.00100662098388	2	1	2	115	116	0	TG	TG
N3_N4	0.00101056154225	2	1	3	384	386	0	ACC	ACC
N3_N4	0.00138637510273	2	1	8	319	326	0	ATTAAGAC	ATTAAGAC
N3_N4	0.00149806324645	2	1	6	172	177	0	CTCCCC	CTCCCC
N3_N4	0.00160856109413	1	2	4	290	293	0	CATA	CATA
N3_N4	0.00163365165729	1	2	39	444	482	3	CCCATTGGATGACTATCACCGTTCTAAAACCTCGCACAT	CCCATTGGATGACCATCACCGTTCTAAAACTTCACACAT
N3_N4	0.0017432336079	2	1	7	157	163	0	AGCGGAT	AGCGGAT
N3_N4	0.00201679449834	2	1	14	136	149	0	GTTCTTGTAAACTG	GTTCTTGTAAACTG
N3_N4	0.00224454133013	1	2	30	53	82	0	AAAAAATGGAACGTTTATCAGTACTCATGC	AAAAAATGGAACGTTTATCAGTACTCATGC
N4_mikatae	0.000189170852007	1	2	2	588	589	0	TA	TA
N4_mikatae	0.000532010482444	1	2	2	769	770	0	CT	CT
N4_mikatae	0.00059815815847	2	1	12	247	258	0	TATTAGTCTCTA	TATTAGTCTCTA
N4_mikatae	0.000683312758533	2	1	2	678	679	0	AT	AT
N4_mikatae	0.000687216398649	1	2	2	610	611	0	GT	GT
N4_mikatae	0.000752607803774	2	1	7	532	538	0	CTGTTAC	CTGTTAC
N4_mikatae	0.000806509245339	2	1	8	481	488	1	ATGACGTA	ATAACGTA
N4_mikatae	0.00143562697799	1	2	5	207	211	0	CTCAT	CTCAT
N4_mikatae	0.00151817786448	1	2	10	853	862	0	AGATAACATG	AGATAACATG
N4_mikatae	0.00176677212502	2	1	6	846	851	0	TACATA	TACATA
N4_mikatae	0.00198709063074	2	1	3	185	187	2	TCC	TTT
N4_mikatae	0.00223716567151	2	1	26	188	213	2	GTTTGTAGCCACGGCGAACCTCATGT	GTTTGTAGCCACGGTGAATCTCATGT
N4_mikatae	0.00263710048764	2	1	4	60	63	0	GGAA	GGAA
N4_mikatae	0.00263759546697	1	2	9	721	729	1	CTCGATTCC	CTCGATTCT
N4_mikatae	0.00268109713146	2	1	20	641	660	2	AAAAATCAACTGCTGCTGAT	AAAAATCAACCGCCGCTGAT
N4_mikatae	0.00276670440602	1	2	17	697	713	2	GCTTCTAATTTTCATGT	GCCTCTGATTTTCATGT
N4_mikatae	0.00286712777625	2	1	36	587	622	2	TTAAGCTCATATCTCACTAAAGAGTCAACACGGTCA	TTAAGCTTATATCTCACTAAAGAGTCAACACAGTCA
N4_mikatae	0.00297957360214	1	2	1	434	434	0	C	C
N4_mikatae	0.00327521480927	1	2	1	717	717	0	G	G
N4_mikatae	0.00400604132691	1	2	16	266	281	1	CAGATATCGATAGGGA	CAGATATCGACAGGGA
N4_mikatae	0.00424372029433	2	1	3	820	822	0	CGT	CGT
N4_mikatae	0.00432755795108	1	2	29	760	788	2	GCATATTATCTTATGTGAGGGCCAGTGTA	GCATATTATCTTATATGAGGGCCGGTGTA
N4_mikatae	0.00436932678644	1	2	22	355	376	2	AACAAGAACCATTTAGTAAAAT	AACAAGAACCGTTTAGTAAAAC
N4_mikatae	0.0044335972124	1	2	10	501	510	1	GAAACCCTCC	GAAACCTTCC
N4_mikatae	0.00450969532713	1	2	18	515	532	1	AGCTTAGACATGTCGACC	AGCTTAGACATGTTGACC
N4_mikatae	0.00453662558743	2	1	14	616	629	1	ACGGTCACATCGGG	ACGGTCACATCAGG
N4_mikatae	0.00478360504613	2	1	2	509	510	0	CC	CC
N4_mikatae	0.00479088230885	1	2	9	355	363	0	AACAAGAAC	AACAAGAAC
N4_mikatae	0.0050573373573	1	2	10	374	383	0	AATCGTTGGA	AATCGTTGGA
N4_mikatae	0.00505815571153	2	1	7	51	57	0	CTAAAAA	CTAAAAA
N4_mikatae	0.00552148410838	2	1	1	849	849	0	A	A
N4_mikatae	0.0055423585039	1	2	14	75	88	0	ACTCATGCAACTCT	ACTCATGCAACTCT
N4_mikatae	0.00565554583878	1	2	22	829	850	1	TTTTAAACAATGGCTGCTACAT	TTTTAAACAATGGCGGCTACAT
N4_mikatae	0.00567240367927	2	1	4	455	458	0	ACTA	ACTA
N4_mikatae	0.0056735598809	2	1	1	450	450	0	G	G
N4_mikatae	0.00583297245708	1	2	1	835	835	0	A	A
N4_mikatae	0.00596211255286	2	1	24	853	864	0	AGATAACATGTC	AGATAACATGTC
N4_mikatae	0.00610751598466	2	1	1	596	596	0	T	T
N4_mikatae	0.00631506370074	2	1	1	368	368	0	T	T
N4_mikatae	0.00641406804412	1	2	2	289	290	0	GC	GC
N4_mikatae	0.00659309343791	2	1	4	36	39	0	GCAA	GCAA
N4_mikatae	0.00660713828606	2	1	6	128	133	0	TATCAC	TATCAC
N4_mikatae	0.0073291971126	1	2	4	530	533	0	ACCT	ACCT
N4_mikatae	0.00753396149355	1	2	6	713	718	0	TATTGA	TATTGA
N4_mikatae	0.00759132858539	2	1	8	746	753	1	GACCATAT	GACCGTAT
N4_mikatae	0.0076550842333	2	1	7	641	647	0	AAAAATC	AAAAATC
N4_N5	0.000187100246098	2	1	11	336	346	0	ACTCCGGATTC	ACTCCGGATTC
N4_N5	0.000346592433132	1	2	30	246	275	0	GTATTAGTCTCTACGCAGAACAGATATCGA	GTATTAGTCTCTACGCAGAACAGATATCGA
N4_N5	0.000450401571886	1	2	22	706	727	0	TTTCATGTATTGAAACTCGATT	TTTCATGTATTGAAACTCGATT
N4_N5	0.000468349012524	1	2	1	752	752	0	A	A
N4_N5	0.000827396687504	2	1	1	680	680	0	A	A
N4_N5	0.000858096135236	2	1	9	715	723	0	TTGAAACTC	TTGAAACTC
N4_N5	0.000972655818874	1	2	4	573	576	0	CGAA	CGAA
N4_N5	0.001452725556	2	1	1	564	564	1	T	C
N4_N5	0.00146916425175	1	2	3	39	41	0	ATT	ATT
N4_N5	0.00168842285253	2	1	7	861	864	0	TGTC	TGTC
N4_N5	0.00178765242973	2	1	2	731	732	0	AC	AC
N5_paradoxus	0.00026742778982	2	1	2	306	307	0	GG	GG
N5_paradoxus	0.000398125573261	1	2	9	85	93	0	CTCTCGTGA	CTCTCGTGA
N5_paradoxus	0.0004503312406	1	2	19	374	392	0	AACCGTTGGAACCATAGGA	AACCGTTGGAACCATAGGA
N5_paradoxus	0.000504586365396	2	1	5	350	354	0	CTCGA	CTCGA
N5_paradoxus	0.000589952333399	2	1	10	623	632	1	CATCGGGAAG	CATCAGGAAG
N5_paradoxus	0.000834339660425	2	1	13	99	111	0	ATATCAACGGTCA	ATATCAACGGTCA
N5_paradoxus	0.000905981901857	1	2	20	46	65	0	CGTCTCTAAAAAATGGAACG	CGTCTCTAAAAAATGGAACG
N5_paradoxus	0.00090959793839	1	2	5	506	510	0	CCTCC	CCTCC
N5_paradoxus	0.00103982766108	2	1	20	604	623	1	TAAAGAGTCAACACGGTCAC	TAAAGAGTCAACACAGTCAC
N5_paradoxus	0.00124078516151	2	1	1	708	708	0	T	T
N5_paradoxus	0.00140268728134	2	1	1	811	811	0	C	C
N5_paradoxus	0.00154186446892	2	1	27	769	795	3	CTTATATGAGGGCCGGTGTACGATGAT	CTTATGTGAGGGCCAGTGTACGATGAC
N5_paradoxus	0.00166619277615	1	2	30	679	708	3	TACTTCATAAGCCTGCATGCTTCTAACTTT	TACTTCATAAGCCTGCATGCCTCTGATTTT
N5_paradoxus	0.00174791845118	2	1	2	332	333	0	AC	AC
N5_paradoxus	0.00177982517999	2	1	1	187	187	1	C	T
N5_paradoxus	0.00188864416235	1	2	1	835	835	0	A	A
N5_paradoxus	0.00196185773896	1	2	1	793	793	0	G	G
N5_paradoxus	0.00217194345082	2	1	10	286	295	0	ATAGCATAGA	ATAGCATAGA
N5_paradoxus	0.00222183122492	2	1	3	420	422	0	CTG	CTG
N5_cerevisiae	0.000161540905213	1	2	4	427	430	0	ATGG	ATGG
N5_cerevisiae	0.000359485692002	1	2	1	206	206	1	T	C
N5_cerevisiae	0.000562586419591	2	1	4	80	83	0	TGCA	TGCA
N5_cerevisiae	0.000928066484738	2	1	3	194	196	0	AGC	AGC
N5_cerevisiae	0.000940639113175	1	2	6	287	292	0	TAGCAT	TAGCAT
N5_cerevisiae	0.000966346175617	2	1	28	285	312	0	TATAGCATAGATTAATCTCCTGGGTCAG	TATAGCATAGATTAATCTCCTGGGTCAG
N5_cerevisiae	0.00122697012075	1	2	17	146	162	1	ACTGTGATTCCAGCGGA	ACTGCGATTCCAGCGGA
N5_cerevisiae	0.0012608444776	1	2	2	526	527	0	GT	GT
N5_cerevisiae	0.00153642561178	1	2	14	475	488	1	TCGCACATAACGTA	TCGCACATGACGTA
