edge	time	mut_orlg	mut_pos	old_state	new_state
N0_D1	0.00025549040845	0	1394	G	A
N0_D1	0.00122522594181	0	839	T	G
N0_D1	0.00130178034284	0	348	A	G
N0_D1	0.0019116893522	0	72	T	A
N0_D1	0.00240383188992	0	1180	C	A
N0_D1	0.00279956880458	0	435	G	C
N0_D1	0.00322058425903	0	1356	C	T
N0_D1	0.00342282102463	0	200	G	A
N0_D1	0.00343950125423	0	838	C	T
N0_D1	0.00360411451871	0	1287	A	C
N0_D1	0.00448861043285	0	697	A	T
N0_D1	0.00459550352689	0	967	A	G
N0_D1	0.00480518205149	0	1505	G	A
N0_D1	0.00497043245677	0	1333	C	T
N0_D1	0.00502321068301	0	1344	T	C
N0_D1	0.0053945550501	0	785	T	A
N0_D1	0.00557064881877	0	158	C	G
N0_D1	0.00606333524571	0	1452	G	A
N0_D1	0.00870466598398	0	400	T	C
N0_D1	0.00915116658302	0	1477	C	A
N0_D1	0.0102130536591	0	242	T	G
N0_D1	0.0103872407749	0	509	T	C
N0_D1	0.0108711037848	0	1004	C	T
N0_D1	0.0116422710271	0	916	C	T
N0_D1	0.0120125207209	0	1112	T	C
N0_D1	0.0132176593625	0	1523	G	A
N0_D1	0.0138283846984	0	587	A	G
N0_D1	0.0138430697759	0	742	G	A
N0_D1	0.0149418233452	0	1495	T	G
N0_D1	0.0151062215805	0	526	A	G
N0_D1	0.0154420296873	0	238	A	T
N0_D1	0.015465340351	0	795	C	T
N0_D1	0.0173502197751	0	752	C	G
N0_D1	0.0173614922527	0	931	G	A
N0_D1	0.0173827766424	0	1003	G	A
N0_D1	0.0182446743154	0	1013	T	C
N0_D1	0.0183516401287	0	1576	G	C
N0_D1	0.0191530916505	0	1271	C	T
N0_D1	0.0196086922822	0	187	T	C
N0_D1	0.0196686287488	0	775	T	A
N0_D1	0.0213376565291	0	882	C	G
N0_D1	0.0239511517215	0	1283	A	G
N0_D1	0.0242662731888	0	139	G	T
N0_D1	0.0245186866051	0	1135	G	T
N0_D1	0.0253415622667	0	285	C	T
N0_D1	0.0254546739262	0	1536	T	A
N0_D1	0.0255260004454	0	1302	A	T
N0_D1	0.0258539783255	0	714	T	C
N0_D1	0.0272034798016	0	955	G	A
N0_D1	0.0274204702211	0	926	A	G
N0_D1	0.0299189642376	0	717	G	A
N0_D1	0.0302402653738	0	640	C	T
N0_D1	0.0319218735934	0	592	G	C
N0_D1	0.0324352402172	0	386	C	T
N0_D1	0.0338493285319	0	1462	C	A
N0_D1	0.0339269475332	0	1121	T	C
N0_D1	0.0341229047706	0	116	C	G
N0_D1	0.0342598891047	0	1107	T	A
N0_D1	0.0345330940635	0	428	A	C
N0_D1	0.0354551998689	0	1427	A	T
N0_D1	0.0373056054668	0	1350	A	G
N0_D1	0.0410324985043	0	1212	A	T
N0_D1	0.0424533155945	0	627	A	T
N0_D1	0.0426650613891	0	1415	T	C
N0_D1	0.042697410398	0	1568	T	A
N0_D1	0.0435042394445	0	1041	A	T
N0_D1	0.0436998743303	0	1105	G	C
N0_D1	0.0439590772467	0	565	T	G
N0_D1	0.0457395778823	0	852	G	A
N0_D1	0.0463074644696	0	1531	A	T
N0_D1	0.0464707033631	0	890	T	C
N0_D1	0.0479569835579	0	361	A	G
D1_N1	0.000183726154609	1	1486	A	G
D1_N1	0.000268173604596	1	110	A	T
D1_N1	0.000741871566577	1	598	G	A
D1_N1	0.00129428641666	2	760	T	A
D1_N1	0.00149648018263	1	573	C	T
D1_N1	0.00150625396198	1	634	A	C
D1_N1	0.00155645277098	1	874	A	G
D1_N1	0.00177365516598	1	713	G	C
D1_N1	0.00195802264214	2	905	T	C
D1_N1	0.00224662396885	2	533	T	G
D1_N1	0.00238610484203	1	862	A	G
D1_N1	0.00243280028263	1	1038	C	T
D1_N1	0.00270513275781	1	1037	T	A
D1_N1	0.00276901754784	2	987	C	G
D1_N1	0.00298095840617	1	119	C	T
D1_N1	0.00300296096472	2	187	C	T
D1_N1	0.00360537428507	1	841	G	A
D1_N1	0.00376230188592	1	99	A	G
D1_N1	0.00396757502193	2	374	C	A
D1_N1	0.00466282407462	2	210	A	T
D1_N1	0.00484382020776	1	154	T	C
D1_N1	0.0050230176892	1	68	G	A
D1_N1	0.00529781084123	1	912	C	T
D1_N1	0.00533242730542	2	1218	G	A
D1_N1	0.00585557107347	1	466	T	C
D1_N1	0.00592594530472	1	1152	T	C
D1_N1	0.00598820310863	2	1553	G	C
D1_N1	0.0063448656459	2	732	C	T
D1_N1	0.0065024783095	2	1520	G	A
D1_N1	0.00659433817905	1	35	G	A
D1_N1	0.00668417102957	1	885	T	A
D1_N1	0.00683466720972	1	1539	C	A
D1_N1	0.0073600073371	1	899	T	C
D1_N1	0.00737084330125	2	92	A	G
D1_N1	0.00745621787005	2	1428	C	A
D1_N1	0.00780111646429	1	154	C	G
D1_N1	0.00876865437288	1	930	T	G
D1_N1	0.00973600632661	1	45	A	G
D1_N1	0.0100006582833	2	1206	T	A
D1_N1	0.0109027499048	1	425	T	G
D1_N1	0.0109210254357	2	1004	T	A
D1_N1	0.0111560269257	1	479	C	T
D1_N1	0.0114005705898	1	620	T	A
D1_N1	0.0118026708253	1	1416	A	T
D1_N1	0.0120279998723	1	1547	T	A
D1_N1	0.0128687149158	2	763	T	C
D1_N1	0.0131853927719	2	756	A	C
D1_N1	0.0142158340463	1	328	G	A
D1_N1	0.0144433224547	1	1551	T	A
D1_N1	0.0146929380512	2	2	T	A
D1_N1	0.0150023682223	1	67	A	G
D1_N1	0.0155523719526	1	489	C	A
D1_N1	0.0155858907938	2	1576	C	T
D1_N1	0.0156387202997	1	428	C	G
D1_N1	0.0157175579285	1	993	T	G
D1_N1	0.0157969868921	2	1350	G	A
D1_N1	0.0160286903768	2	625	C	T
D1_N1	0.0163126268101	2	173	C	G
D1_N1	0.0163294659304	2	425	T	C
D1_N1	0.0163521215982	2	973	G	T
D1_N1	0.017455799866	2	667	A	G
D1_N1	0.0182163805033	2	1005	G	A
D1_N1	0.0184356911699	1	412	A	T
D1_N1	0.0188329811131	1	1394	A	C
D1_N1	0.0191294946713	2	1058	T	A
D1_N1	0.0195000470055	2	984	C	T
D1_N1	0.0201382263912	1	32	T	G
D1_N1	0.0204013515001	2	335	T	G
D1_N1	0.0205893217002	1	660	A	T
D1_N1	0.0217922911906	1	414	C	T
D1_N1	0.022040744747	1	1279	T	C
D1_N1	0.0225090879757	1	872	G	A
D1_N1	0.0225592566946	1	1402	C	A
D1_N1	0.0228515778249	2	1457	G	C
D1_N1	0.0229336749985	1	943	C	T
D1_N1	0.0233743992346	1	587	G	A
D1_N1	0.0234106806815	1	1438	T	G
D1_N1	0.0240143799194	2	1532	G	A
D1_N1	0.0240177551948	2	532	G	A
D1_N1	0.0240640182059	1	68	A	G
D1_N1	0.0240962851787	2	212	G	T
D1_N1	0.0243037820921	1	791	A	G
D1_N1	0.0249197514597	1	1295	T	C
D1_N1	0.0250274350659	1	896	C	T
D1_N1	0.0252825325148	2	500	T	G
D1_N1	0.0261010212164	2	730	G	A
D1_N1	0.0266358853541	1	861	C	T
D1_N1	0.0271493509358	1	1056	C	G
D1_N1	0.0273696375673	2	172	C	A
D1_N1	0.027733761077	1	530	A	C
D1_N1	0.0278430720297	2	565	G	A
D1_N1	0.0288546520734	1	251	G	A
D1_N1	0.0293488363799	2	382	G	A
D1_N1	0.0295950287512	1	337	A	G
D1_N1	0.0296203916851	1	656	A	G
D1_N1	0.0300658483602	2	1289	T	A
D1_N1	0.0305396583412	1	1299	T	C
D1_N1	0.0312012289169	2	1024	G	A
D1_N1	0.0313633053805	2	745	T	A
D1_N1	0.0315250167072	2	336	G	A
D1_N1	0.0320729778061	2	629	G	A
D1_N1	0.0322611987244	1	986	T	G
D1_N1	0.0326128270175	2	541	T	C
D1_N1	0.0329406718379	1	1230	C	T
D1_N1	0.0329578363793	2	579	G	A
D1_N1	0.0343723118891	2	519	C	G
D1_N1	0.0346557756238	2	645	C	T
D1_N1	0.0346680864535	2	668	A	T
D1_N1	0.0347884303396	1	31	C	T
D1_N1	0.0353120448255	1	612	C	T
D1_N1	0.0354837505573	2	806	C	G
D1_N1	0.0355892001742	2	95	G	T
D1_N1	0.0356180469497	2	1398	A	G
D1_N1	0.0358325347252	2	1514	C	A
D1_N1	0.0360173248649	2	655	T	C
D1_N1	0.0364809313255	1	182	G	T
D1_N1	0.036816697816	1	139	T	C
D1_N1	0.0369089879359	2	1180	A	T
D1_N1	0.03714564618	1	1495	G	A
D1_N1	0.0371859783709	1	1079	A	T
D1_N1	0.0375476201769	1	273	C	T
D1_N1	0.0377636191377	1	220	C	T
D1_N1	0.0379172899688	1	1184	C	T
D1_N1	0.0380241308273	2	1	A	G
D1_N1	0.0382400568776	2	1197	C	A
D1_N1	0.0385667644381	1	764	C	T
D1_N1	0.0387252552034	2	1564	A	C
D1_N1	0.0387441033543	1	659	G	A
D1_N1	0.0389019914955	1	1080	T	G
D1_N1	0.0393525171423	2	196	A	G
D1_N1	0.0394321532842	1	382	G	A
D1_N1	0.039533763006	1	715	T	C
D1_N1	0.0398993402691	2	196	G	A
D1_N1	0.0401218450562	1	362	A	C
D1_N1	0.0401269867655	1	1405	A	C
D1_N1	0.040251155527	1	814	A	G
D1_N1	0.0403970489536	1	717	A	G
D1_N1	0.0405375287952	2	828	A	T
D1_N1	0.0410772205906	2	960	T	G
D1_N1	0.0413377322038	2	545	A	T
D1_N1	0.042092463432	2	1303	A	C
D1_N1	0.0421164036204	2	310	T	G
D1_N1	0.0428681058993	2	1066	G	T
D1_N1	0.0432323005206	1	1494	G	A
D1_N1	0.0439420069132	2	537	T	C
D1_N1	0.0440050732602	1	1408	G	A
D1_N1	0.0445422432947	1	1167	G	C
D1_N1	0.044954636231	2	1261	T	A
D1_N1	0.0451829444652	1	150	T	G
D1_N1	0.0460080216028	2	474	G	T
D1_N1	0.0463989606283	1	485	G	A
D1_N1	0.0465954872862	2	961	T	C
D1_N1	0.0467114110547	2	349	C	G
D1_N1	0.0468383653124	2	582	T	G
D1_N1	0.0469250132124	1	1261	T	C
D1_N1	0.0472540101015	1	798	C	A
D1_N1	0.0472548410735	2	6	T	C
D1_N1	0.0473294204164	1	1269	A	T
D1_N1	0.0478545043787	2	1543	T	C
D1_N1	0.0483556684716	1	747	C	T
D1_N1	0.0486517933433	1	453	T	C
D1_N1	0.0490293898857	1	574	T	C
D1_N1	0.0496517974247	2	860	A	T
D1_N1	0.0496835733523	2	16	G	A
D1_N1	0.0499612886005	2	1298	G	A
D1_N1	0.050176066298	2	797	A	T
D1_N1	0.0505468563776	2	1411	C	G
D1_N1	0.0511445279256	1	1056	G	A
D1_N1	0.0521320093089	2	1010	G	C
D1_N1	0.0522413616584	1	4	A	C
D1_N1	0.0527706922255	1	465	A	T
D1_N1	0.0532434940462	1	1314	T	A
D1_N1	0.0542741102962	1	112	C	G
D1_N1	0.054506614863	1	676	T	C
D1_N1	0.0552616276317	2	1512	C	A
D1_N1	0.055298443473	1	810	C	A
D1_N1	0.0555046435557	2	665	C	A
D1_N1	0.0558989836735	1	874	G	A
D1_N1	0.0565829297308	1	371	A	C
D1_N1	0.0566006279494	2	822	T	A
D1_N1	0.0584469628403	2	432	G	C
D1_N1	0.0586977741429	2	1564	C	T
D1_N1	0.0590197785957	2	843	T	A
D1_N1	0.0591602707428	2	1043	G	A
D1_N1	0.0598098224257	2	840	A	G
D1_N1	0.0599838621305	1	1253	C	T
D1_N1	0.0599942455974	2	1373	T	A
D1_N1	0.0601645777365	2	684	C	T
D1_N1	0.0602332001869	1	815	T	G
D1_N1	0.0602521021136	2	347	C	G
D1_N1	0.0606863902777	2	1022	G	A
D1_N1	0.0613286256429	2	75	C	T
D1_N1	0.061915809908	2	502	A	T
D1_N1	0.0619231489307	1	79	T	G
D1_N1	0.0621100308078	1	517	A	G
D1_N1	0.0624488551176	1	56	T	A
D1_N1	0.062469763896	1	1477	A	G
D1_N1	0.0636490793412	2	631	C	A
D1_N1	0.0643446247504	2	1346	G	A
D1_N1	0.0646195654521	1	299	C	A
D1_N1	0.0655380892465	1	452	C	A
D1_N1	0.0659209990495	2	1122	A	T
D1_N1	0.0663841390183	2	1086	A	T
D1_N1	0.0665557760175	1	1245	A	G
D1_N1	0.0666803965791	1	1535	T	G
D1_N1	0.0669423302155	2	977	T	A
D1_N1	0.0674513381191	1	499	G	A
D1_N1	0.0676560669585	2	85	A	T
D1_N1	0.0683586757388	2	1273	T	G
D1_N1	0.0684004806133	2	1200	T	A
D1_N1	0.0684537101789	1	1481	T	A
D1_N1	0.0685564136506	2	1343	G	C
D1_N1	0.068899877505	2	213	G	A
D1_N1	0.0690359709991	2	1387	A	G
D1_N1	0.0691049661144	1	157	T	A
D1_N1	0.0697233495979	2	161	G	A
D1_N1	0.0699061406962	2	613	A	G
D1_N1	0.0702166446249	2	235	C	G
D1_N1	0.0704194610505	2	337	A	T
D1_N1	0.0705515619969	1	1306	T	C
D1_N1	0.071411394117	1	350	C	T
D1_N1	0.0714699786366	2	969	T	C
D1_N1	0.0717881524068	1	716	T	A
D1_N1	0.072726939121	2	1345	C	A
D1_N1	0.072931959503	2	404	G	C
D1_N1	0.0732155116285	1	1260	T	G
D1_N1	0.0734295763194	1	284	T	C
D1_N1	0.0735090444033	1	127	A	T
D1_N1	0.0739484126298	2	1264	G	A
D1_N1	0.0740778523441	1	752	G	A
D1_N1	0.0741851328164	1	1205	T	C
D1_N1	0.0743713395883	1	1010	G	A
D1_N1	0.0743907435423	1	1490	C	G
D1_N1	0.0745437602307	2	359	G	A
D1_N1	0.0750624910607	2	209	G	T
D1_N1	0.0750678489973	1	1420	A	G
D1_N1	0.0755322562449	2	990	A	C
D1_N1	0.0758067884065	2	471	T	C
D1_N1	0.0760481413984	2	93	G	C
D1_N1	0.0761662033492	1	1301	C	A
D1_N1	0.0766794616738	1	836	G	A
D1_N1	0.0767549124183	1	230	A	G
D1_N1	0.0768518639783	2	956	T	C
D1_N1	0.0768631126785	1	498	C	T
D1_N1	0.077073360387	2	150	T	C
D1_N1	0.0773510239187	1	282	T	C
D1_N1	0.0781845966064	1	22	C	T
D1_N1	0.0782772239465	1	691	G	A
D1_N1	0.0784294527318	1	447	C	T
D1_N1	0.0785533470966	2	996	A	G
D1_N1	0.0785958802359	1	1196	T	C
D1_N1	0.0788664039652	1	311	A	G
D1_N1	0.0789758773216	2	646	G	A
D1_N1	0.0790002112566	1	372	A	C
D1_N1	0.0790620110647	2	562	A	T
D1_N1	0.0794428925291	2	538	T	A
D1_N1	0.0796059122972	2	144	C	T
D1_N1	0.0803310438908	1	1115	C	T
D1_N1	0.0803871327173	1	835	C	T
D1_N1	0.080664460993	2	1331	A	G
D1_N1	0.0816995717608	2	947	T	C
D1_N1	0.0822463157734	2	759	C	T
D1_N1	0.0832714405038	1	209	G	C
D1_N1	0.0835618370717	1	1029	C	T
D1_N1	0.083614332428	1	673	T	A
D1_N1	0.0838963480904	2	486	A	C
D1_N1	0.0839911136597	1	807	A	C
D1_N1	0.0842114085033	2	442	C	A
D1_N1	0.0842249281787	2	950	A	T
D1_N1	0.0843214027842	2	493	G	T
D1_N1	0.0845139789232	1	311	G	A
D1_N1	0.0856439249944	1	919	T	A
D1_N1	0.0859465100427	2	910	C	T
D1_N1	0.086136065068	2	1123	T	C
D1_N1	0.0866682994984	1	293	T	A
D1_N1	0.0866905149556	2	361	G	A
D1_N1	0.0870035168089	1	871	C	T
D1_N1	0.0871563859148	1	559	C	T
D1_N1	0.0882941473323	1	154	G	C
D1_N1	0.0885728496275	1	602	A	T
D1_N1	0.088733659087	1	1562	G	A
D1_N1	0.0889135783463	1	817	A	C
D1_N1	0.0893048814792	2	617	A	T
D1_N1	0.0893899780564	2	1075	C	T
D1_N1	0.0896072786342	1	953	G	A
D1_N1	0.0900122729808	2	1351	A	C
D1_N1	0.0901198472566	1	1067	A	T
D1_N1	0.0901630816521	2	329	G	C
D1_N1	0.0902603815012	2	1051	G	A
D1_N1	0.0905326024409	1	213	G	A
D1_N1	0.0909109989987	2	455	C	T
D1_N1	0.0917929551401	1	542	A	T
D1_N1	0.0919262677356	1	924	T	A
D1_N1	0.0920909918266	1	746	C	T
D1_N1	0.0922024882427	2	522	A	G
D1_N1	0.0927307702759	1	807	C	T
D1_N1	0.0927445311992	2	290	A	T
D1_N1	0.0927998370986	1	484	C	T
D1_N1	0.0928769091122	2	157	T	A
D1_N1	0.0931754808254	2	415	A	T
D1_N1	0.0933810841085	2	841	G	A
D1_N1	0.0934508498464	2	73	A	G
D1_N1	0.0940208683737	2	858	T	C
D1_N1	0.0943934562974	2	388	C	G
D1_N1	0.0944860932324	2	602	A	G
D1_N1	0.0945592501163	2	807	A	G
D1_N1	0.0946389539155	2	993	T	C
D1_N1	0.0946540180275	2	1326	T	C
D1_N1	0.0948018636213	1	851	G	C
D1_N1	0.0955600622469	2	1565	G	C
D1_N1	0.0960138027262	2	301	A	C
D1_N1	0.096231808729	1	794	T	G
D1_N1	0.0962980544275	1	852	A	G
D1_N1	0.0963623287951	1	300	G	A
D1_N1	0.0963940798716	2	481	A	G
D1_N1	0.0967616065199	1	193	A	G
D1_N1	0.0972051832172	1	1292	A	G
D1_N1	0.0979509028672	1	679	C	T
D1_N1	0.0979703701417	1	1380	G	A
D1_N1	0.0986347660825	2	502	T	A
D1_N1	0.0988850829765	2	1437	G	A
D1_N1	0.0992646891797	1	720	T	A
D1_N1	0.100165552416	2	34	T	A
D1_N1	0.100845006509	1	642	G	A
D1_N1	0.101032084961	1	879	T	C
D1_N1	0.101726039006	2	1354	A	G
D1_N1	0.101946242468	2	531	C	T
D1_N1	0.102192767941	1	935	C	T
D1_N1	0.102356307355	2	235	G	A
D1_N1	0.102474831224	2	467	C	T
D1_N1	0.104499615489	1	1160	G	T
D1_N1	0.104979400909	2	475	C	T
D1_N1	0.104988173672	1	1442	T	A
D1_N1	0.105123976792	1	1016	A	T
D1_N1	0.105510518518	1	93	G	A
D1_N1	0.105579138947	2	551	A	T
D1_N1	0.105590194289	2	953	G	C
D1_N1	0.105666683062	2	1487	G	A
D1_N1	0.105681541475	2	220	C	T
D1_N1	0.105895174114	2	536	T	A
D1_N1	0.106401349124	2	492	A	T
D1_N1	0.106562814872	2	252	C	T
D1_N1	0.106987108413	2	670	C	G
D1_N1	0.107047483367	2	1430	G	A
D1_N1	0.107153030126	2	1090	T	C
D1_N1	0.1072136614	1	744	A	T
D1_N1	0.107231792495	2	469	C	T
D1_N1	0.107934145299	1	989	A	T
D1_N1	0.107999832979	1	820	C	A
D1_N1	0.109800369	2	1460	T	C
D1_N1	0.110182762183	1	1019	T	C
D1_N1	0.110300393882	1	860	A	T
D1_N1	0.111435556576	1	1489	A	T
D1_N1	0.111489105599	1	1549	C	T
D1_N1	0.111620366138	1	1119	G	A
D1_N1	0.1123409866	2	208	A	G
D1_N1	0.112597579475	1	982	T	A
D1_N1	0.112898184146	2	790	T	A
D1_N1	0.113074543913	2	354	C	G
D1_N1	0.113553388028	1	1237	G	T
D1_N1	0.113625492951	2	1286	T	G
D1_N1	0.114955535936	1	1497	T	C
D1_N1	0.115184892857	1	30	G	T
D1_N1	0.115996099796	1	1334	T	A
D1_N1	0.116058310425	1	343	T	C
D1_N1	0.116068834004	2	963	G	T
D1_N1	0.116126647676	1	927	A	G
D1_N1	0.116364213629	2	397	T	C
D1_N1	0.116648678353	1	802	A	T
D1_N1	0.117030128785	2	1534	T	C
D1_N1	0.117064113123	2	812	C	A
D1_N1	0.117834184612	1	362	C	G
D1_N1	0.118480730313	2	185	C	T
D1_N1	0.118581347073	1	121	T	A
D1_N1	0.118912035512	1	1243	C	T
D1_N1	0.119018724849	1	1071	T	C
D1_N1	0.119234750604	1	960	T	C
D1_N1	0.119413566891	1	853	G	A
D1_N1	0.119574065869	2	411	T	C
D1_N1	0.119947701629	1	340	C	G
D1_N1	0.120006506444	2	1069	G	A
D1_N1	0.12031763218	2	343	T	A
D1_N1	0.120778599194	2	1219	G	C
D1_N1	0.121303716622	1	1101	G	C
D1_N1	0.121412545413	2	414	C	T
D1_N1	0.121638840069	1	684	C	T
D1_N1	0.122547176856	1	697	T	G
D1_N1	0.123331983174	2	357	A	G
D1_N1	0.123836663567	1	1575	C	T
D1_N1	0.125029551049	2	667	G	C
D1_N1	0.125117189895	2	305	A	G
D1_N1	0.125443140164	1	814	G	C
D1_N1	0.125717643958	1	657	T	C
D1_N1	0.126213790925	2	1302	T	C
D1_N1	0.126325815776	1	1098	C	A
D1_N1	0.12678883666	2	982	T	A
D1_N1	0.126793150534	1	547	A	G
D1_N1	0.126953634589	1	771	T	C
D1_N1	0.127643375425	2	1	G	A
D1_N1	0.128177942942	1	652	A	G
D1_N1	0.128540465328	1	138	T	C
D1_N1	0.128554061185	1	321	G	C
D1_N1	0.128834001394	2	200	A	T
D1_N1	0.129118310611	1	885	A	G
D1_N1	0.129633265438	2	162	T	C
D1_N1	0.12985746925	2	34	A	G
D1_N1	0.129912546899	2	512	T	A
D1_N1	0.129979575629	1	38	A	G
D1_N1	0.13002015712	2	498	C	T
D1_N1	0.131545783675	2	954	T	G
D1_N1	0.131549064964	2	162	C	A
D1_N1	0.131683360568	2	169	A	G
D1_N1	0.132805567958	2	471	C	T
D1_N1	0.13290847033	2	142	A	T
D1_N1	0.132970983262	2	859	A	G
D1_N1	0.133410772034	1	1394	C	T
D1_N1	0.133746493525	2	421	G	T
D1_N1	0.134178493964	2	730	A	G
D1_N1	0.134386315696	2	268	C	T
D1_N1	0.134600241182	2	1299	C	A
D1_N1	0.135008771016	1	688	C	A
D1_N1	0.135081920497	1	58	T	G
D1_N1	0.135165059085	1	758	C	T
D1_N1	0.135578883227	1	1532	G	A
D1_N1	0.135621073959	2	978	C	T
D1_N1	0.13605974743	1	647	T	C
D1_N1	0.136657313474	2	660	A	T
D1_N1	0.136742741917	2	755	C	T
D1_N1	0.136816692442	1	1146	A	G
D1_N1	0.137036780314	1	483	T	C
D1_N1	0.137116593903	1	1295	C	A
D1_N1	0.137518539302	1	376	A	T
D1_N1	0.13800484277	1	132	G	A
D1_N1	0.13809208588	2	840	G	A
D1_N1	0.138225556574	1	1545	T	G
D1_N1	0.13824714226	2	1512	A	G
D1_N1	0.138303326248	1	1235	G	A
D1_N1	0.138759518423	2	834	A	C
D1_N1	0.138761886648	1	561	C	G
D1_N1	0.138784130806	2	993	C	A
D1_N1	0.139358967362	2	1090	C	T
D1_N1	0.139479366319	2	1429	C	A
D1_N1	0.139575111526	1	347	C	T
D1_N1	0.139836924694	1	503	T	C
D1_N1	0.140323642485	1	556	A	T
D1_N1	0.140374956961	2	279	T	C
D1_N1	0.141034394865	1	840	A	G
D1_N1	0.141359730304	2	1162	T	C
D1_N1	0.141503989223	1	1446	A	G
D1_N1	0.14156041161	2	820	C	T
D1_N1	0.142018011061	2	854	A	T
D1_N1	0.142092614671	1	268	C	A
D1_N1	0.142800131775	1	1517	A	C
D1_N1	0.143380792773	2	560	A	T
D1_N1	0.143720189198	1	1391	A	G
D1_N1	0.144534463512	1	543	C	T
D1_N1	0.144621632174	2	1064	A	T
D1_N1	0.145007837327	1	1280	A	G
D1_N1	0.145561222431	2	1021	C	T
D1_N1	0.145868167886	1	674	A	T
D1_N1	0.146051305919	2	1017	C	A
D1_N1	0.146497125852	1	868	G	T
D1_N1	0.146916056586	2	1104	A	G
D1_N1	0.147080522205	1	539	T	C
D1_N1	0.148132257372	2	218	C	G
D1_N1	0.148604191022	2	1361	A	G
D1_N1	0.148722676652	1	981	T	C
D1_N1	0.14876211406	2	1334	T	A
D1_N1	0.149123442188	2	1427	T	C
D1_N1	0.149509675793	1	776	T	C
D1_N1	0.150336692399	2	365	T	C
D1_N1	0.150791241698	2	828	T	G
D1_N1	0.151106735385	2	646	A	G
D1_N1	0.151327197781	1	779	G	A
D1_N1	0.151350362897	1	1078	A	T
D1_N1	0.151982343495	2	612	C	G
D1_N1	0.152404065071	1	747	T	A
D1_N1	0.153083978608	2	958	G	C
D1_N1	0.153115333796	1	1332	A	G
D1_N1	0.153666892072	2	1334	A	T
D1_N1	0.153787894251	1	1420	G	A
D1_N1	0.154093807127	1	505	G	C
D1_N1	0.154520453274	1	633	A	T
D1_N1	0.154676029038	2	500	T	A
D1_N1	0.154700563924	2	1299	A	G
D1_N1	0.15524213486	1	274	T	C
D1_N1	0.155563678073	2	1538	A	G
D1_N1	0.155833842498	1	1054	G	A
D1_N1	0.156022268014	1	54	T	G
D1_N1	0.156356336184	1	697	G	A
D1_N1	0.156468960957	1	231	A	G
D1_N1	0.157805421226	1	560	A	G
D1_N1	0.158191457764	1	1495	A	T
D1_N1	0.158670519843	1	1159	C	A
D1_N1	0.159087056721	2	545	T	G
D1_N1	0.159182781175	1	131	C	T
D1_N1	0.15921811544	2	230	A	T
D1_N1	0.159459945113	1	1515	T	G
D1_N1	0.159644541986	2	1049	C	T
D1_N1	0.160266669135	1	969	T	A
D1_N1	0.160363449175	2	783	G	A
D1_N1	0.161144541085	2	454	A	T
D1_N1	0.161235676625	1	872	A	T
D1_N1	0.161688727595	1	1221	G	A
D1_N1	0.162003314197	1	561	G	A
D1_N1	0.16216008488	1	1566	T	G
D1_N1	0.162515913933	2	1458	T	A
D1_N1	0.162911053593	1	330	T	A
D1_N1	0.162963051755	2	918	A	G
D1_N1	0.162966620174	1	1315	G	C
D1_N1	0.163642409614	1	1518	T	A
D1_N1	0.163697198791	1	214	A	G
D1_N1	0.16455695539	1	462	T	G
D1_N1	0.164682535234	2	739	T	C
D1_N1	0.165897513104	2	395	G	T
D1_N1	0.166125615988	2	1517	A	G
D1_N1	0.166253877457	1	976	G	T
D1_N1	0.166331519841	1	1570	A	G
D1_N1	0.166633147582	1	1015	A	G
D1_N1	0.166744582634	2	1534	C	T
D1_N1	0.166895350394	2	1483	G	A
D1_N1	0.167201651055	2	771	T	A
D1_N1	0.167396607418	1	879	C	A
D1_N1	0.167514174993	2	696	T	A
D1_N1	0.168547839439	2	573	C	T
D1_N1	0.168840261182	1	302	C	T
D1_N1	0.168986798809	1	826	G	A
D1_N1	0.169312312929	1	1359	G	T
D1_N1	0.170410284051	2	847	G	T
D1_N1	0.171016378945	2	366	C	A
D1_N1	0.171341257094	1	1537	T	C
D1_N1	0.171386717621	1	724	G	A
D1_N1	0.1715730524	2	132	G	A
D1_N1	0.171616343765	1	740	A	T
D1_N1	0.171981646682	1	1503	A	C
D1_N1	0.172509788262	2	1032	A	C
D1_N1	0.173027653777	2	96	A	G
D1_N1	0.173267420171	2	775	A	G
D1_N1	0.173480662206	2	769	T	C
D1_N1	0.173649062002	1	593	A	G
D1_N1	0.173660297554	1	544	T	C
D1_N1	0.173726033853	1	1070	T	A
D1_N1	0.173886433463	2	500	A	C
D1_N1	0.174054871772	1	997	G	T
D1_N1	0.174246427729	1	1319	A	T
D1_N1	0.174359308351	1	545	A	T
D1_N1	0.174710883486	2	318	T	C
D1_N1	0.174844937075	1	509	C	G
D1_N1	0.174884591957	2	864	T	C
D1_N1	0.174983814007	2	247	A	T
D1_N1	0.175093711936	2	904	A	G
D1_N1	0.1752149961	1	209	C	T
D1_N1	0.175561802737	1	1360	T	C
D1_N1	0.176157746492	1	690	A	C
D1_N1	0.176417619843	1	1254	A	C
D1_N1	0.176433204548	2	234	A	C
D1_N1	0.176592787984	2	983	G	T
D1_N1	0.176617678797	2	179	C	A
D1_N1	0.176694506688	1	264	G	A
D1_N1	0.177063562638	2	380	G	T
D1_N1	0.177492548282	2	1466	T	A
D1_N1	0.177506792032	2	1164	G	C
D1_N1	0.178000254176	2	433	T	C
D1_N1	0.178063252566	1	425	G	T
D1_N1	0.178124752024	1	1137	T	C
D1_N1	0.178349235385	1	294	G	T
D1_N1	0.178538166906	1	210	A	T
D1_N1	0.179407702994	1	393	T	C
D1_N1	0.179706162019	1	214	G	T
D1_N1	0.180429329345	2	1377	G	C
D1_N1	0.181234415257	1	1417	T	C
D1_N1	0.181329225076	1	1427	T	C
D1_N1	0.181621560504	1	667	A	C
D1_N1	0.181644205147	2	15	T	G
D1_N1	0.18182734602	2	869	G	A
D1_N1	0.182044411371	2	966	C	A
D1_N1	0.182237251116	2	1331	G	A
D1_N1	0.182317591354	1	879	A	T
D1_N1	0.182484353296	1	1163	A	G
D1_N1	0.182681397323	1	448	A	C
D1_N1	0.182715624193	2	1495	G	A
D1_N1	0.183405215983	1	787	T	A
D1_N1	0.183572645146	1	580	C	T
D1_N1	0.183810210643	2	1246	A	T
D1_N1	0.184304077996	2	1367	G	A
D1_N1	0.184507094355	2	1418	T	G
D1_N1	0.184747782756	1	1564	A	T
D1_N1	0.18499505726	1	1049	C	T
D1_N1	0.184998667975	2	610	T	C
D1_N1	0.185019187133	1	379	T	C
D1_N1	0.185201864875	1	88	A	T
D1_N1	0.186193170669	1	1319	T	C
D1_N1	0.186469127776	1	1411	C	G
D1_N1	0.186714927147	1	1122	A	G
D1_N1	0.186889941648	2	1468	T	C
D1_N1	0.186924771232	2	119	C	A
D1_N1	0.187175388681	1	406	A	G
D1_N1	0.18795753874	2	805	A	G
D1_N1	0.188075253214	2	1114	C	T
D1_N1	0.188322293849	1	155	G	T
D1_N1	0.189049936949	2	694	T	C
D1_N1	0.190983744771	1	378	G	C
D1_N1	0.192967110927	1	424	T	A
D1_N1	0.193207801861	1	918	A	T
D1_N1	0.19363023461	2	1048	C	T
D1_N1	0.193682094116	1	1238	A	T
D1_N1	0.194082691381	2	675	G	A
D1_N1	0.194162186461	1	911	T	C
D1_N1	0.194511253008	1	1155	T	A
D1_N1	0.194622858378	2	71	G	T
D1_N1	0.194702302349	2	1522	A	G
D1_N1	0.194940209362	2	1128	G	C
D1_N1	0.194957456007	1	1296	A	G
D1_N1	0.195162579495	2	318	C	T
D1_N1	0.195195290806	1	1252	C	G
D1_N1	0.195982688062	2	1213	A	T
D1_N1	0.197225080913	2	1225	A	G
D1_N1	0.197762269706	1	604	A	C
D1_N1	0.197858580207	1	1431	T	C
D1_N1	0.197904891527	1	285	T	A
D1_N1	0.198014260705	2	60	C	T
D1_N1	0.198052041484	1	1464	G	A
D1_N1	0.198513405114	2	530	A	G
D1_N1	0.198949035082	2	1281	G	T
D1_N1	0.198990745723	1	756	A	T
D1_N1	0.199156186598	2	65	G	A
D1_N1	0.199265090528	2	1160	G	A
D1_N1	0.199331807999	2	1126	T	A
D1_N1	0.199655991758	2	439	T	C
D1_N1	0.19968756501	2	147	A	G
D1_N1	0.199818327214	1	375	T	A
D1_N1	0.199891813747	2	461	T	G
D1_N1	0.200575123988	2	1058	A	C
D1_N1	0.200890377665	2	749	T	C
D1_N1	0.201166311117	1	208	A	G
D1_N1	0.201790113163	1	700	T	A
D1_N1	0.201978089354	1	1459	C	T
D1_N1	0.202465753031	1	911	C	G
D1_N1	0.202541306768	1	1044	T	C
D1_N1	0.20355675807	1	81	A	T
D1_N1	0.203643571164	2	689	G	A
D1_N1	0.203794997989	1	390	T	A
D1_N1	0.203850009332	1	243	T	C
D1_N1	0.204031717176	1	531	C	A
D1_N1	0.204259897222	1	1504	A	G
D1_N1	0.204377482088	1	809	T	A
D1_N1	0.205236823185	1	683	G	A
D1_N1	0.205572533132	1	1269	T	C
D1_N1	0.206007260867	2	390	T	C
D1_N1	0.206691717285	2	1534	T	G
D1_N1	0.206849168099	2	828	G	A
D1_N1	0.207270077473	2	848	A	G
D1_N1	0.207427295986	2	1343	C	T
D1_N1	0.207434801113	2	901	T	G
D1_N1	0.207771220014	1	16	A	T
D1_N1	0.20780872934	2	161	A	G
D1_N1	0.208486380887	1	1517	C	T
D1_N1	0.208492164378	1	901	T	A
D1_N1	0.208767430901	1	1253	T	A
D1_N1	0.208904137192	1	470	G	C
D1_N1	0.208952389665	1	991	T	A
D1_N1	0.209247371439	1	421	G	A
D1_N1	0.209578394987	1	459	C	A
D1_N1	0.209630532432	2	347	G	A
D1_N1	0.209659679701	2	304	A	T
D1_N1	0.209838049758	1	738	C	T
D1_N1	0.210430575938	2	727	A	G
D1_N1	0.210638350328	1	449	A	G
D1_N1	0.210670515709	2	991	T	A
D1_N1	0.210990555898	2	814	A	G
D1_N1	0.211563778687	2	225	G	T
D1_N1	0.212420389184	2	684	T	A
D1_N1	0.212886251953	2	733	C	G
D1_N1	0.212901451814	2	1054	G	A
D1_N1	0.213392190653	1	1522	A	G
D1_N1	0.213637154087	1	146	G	A
D1_N1	0.213650172893	1	208	G	A
D1_N1	0.213926996743	1	207	A	G
D1_N1	0.214605357902	1	400	C	G
D1_N1	0.214888483384	1	914	A	G
D1_N1	0.215184573986	1	587	A	G
D1_N1	0.215671106989	2	569	A	C
D1_N1	0.215805198565	1	1189	T	A
D1_N1	0.216187422125	1	614	A	T
D1_N1	0.216215207049	2	199	G	A
D1_N1	0.216319478485	2	571	T	C
D1_N1	0.21710838487	2	853	G	A
D1_N1	0.217156894649	2	1279	T	G
D1_N1	0.217602239561	2	148	C	T
D1_N1	0.218467580852	1	1538	A	G
D1_N1	0.21870866129	2	1516	T	A
D1_N1	0.21924565345	1	1166	A	G
D1_N1	0.220480013815	2	696	A	G
D1_N1	0.220507777285	2	844	T	C
D1_N1	0.220898649718	1	29	A	G
D1_N1	0.221313782551	1	1361	A	C
D1_N1	0.22157731896	2	509	C	A
D1_N1	0.221808682302	2	1128	C	G
D1_N1	0.221979716922	2	179	A	C
D1_N1	0.22198078555	2	1148	T	C
D1_N1	0.222500323439	1	221	G	A
D1_N1	0.223000733666	1	345	T	C
D1_N1	0.223641821162	2	1328	G	A
D1_N1	0.223664602347	1	433	T	A
D1_N1	0.223812226023	1	602	T	G
D1_N1	0.224006256063	1	452	A	C
D1_N1	0.22413135188	2	520	G	T
D1_N1	0.224835135616	1	1036	A	C
D1_N1	0.22504330688	2	1117	T	A
D1_N1	0.225221037642	1	62	T	C
D1_N1	0.225817616866	1	1398	A	T
D1_N1	0.225823822835	2	1297	T	C
D1_N1	0.225971017739	2	586	G	T
D1_N1	0.225984934167	1	499	A	T
D1_N1	0.226228258321	2	920	G	C
D1_N1	0.226823737532	1	732	T	A
D1_N1	0.227090652312	1	54	G	A
D1_N1	0.227222789909	1	296	A	G
D1_N1	0.228045215743	2	229	T	C
D1_N1	0.228343992882	1	243	C	A
D1_N1	0.228416467262	2	1411	G	C
D1_N1	0.228424210971	2	524	G	A
D1_N1	0.228468993998	2	294	G	A
D1_N1	0.229779143227	2	1222	C	A
D1_N1	0.229956088673	2	753	G	T
D1_N1	0.230092110239	1	699	C	G
D1_N1	0.230159350466	2	1106	C	T
D1_N1	0.23055548493	1	612	T	A
D1_N1	0.230762018286	2	842	A	G
D1_N1	0.230808663376	2	1444	T	A
D1_N1	0.231300273995	2	1294	G	A
D1_N1	0.231945329028	1	115	A	T
D1_N1	0.232399877507	2	1333	T	A
D1_N1	0.232547816455	1	160	G	A
D1_N1	0.232597392542	2	140	C	A
D1_N1	0.232986982206	1	1156	T	C
D1_N1	0.233406565543	1	1074	G	C
D1_N1	0.233767519241	1	286	G	A
N1_N2	9.76171255457e-05	1	42	G	T
N1_N2	0.000337268546919	2	702	C	T
N1_N2	0.000720045244418	1	325	T	A
N1_N2	0.000780166220743	1	975	T	C
N1_N2	0.000784879164997	2	183	T	G
N1_N2	0.00107650988126	1	1294	G	A
N1_N2	0.001640250625	2	1217	T	G
N1_N2	0.00198259654889	1	145	G	T
N1_N2	0.00223794949004	2	301	C	T
N1_N2	0.00285522228224	1	1118	A	G
N1_N2	0.00286584203633	1	18	G	A
N1_N2	0.00289834593543	2	951	A	G
N1_N2	0.00297989526955	1	1517	T	C
N1_N2	0.00304357501085	2	1344	C	T
N1_N2	0.00367518090355	1	893	C	T
N1_N2	0.00392452416237	2	122	A	T
N1_N2	0.0040677972143	1	961	C	T
N1_N2	0.00441735714916	2	699	C	G
N1_N2	0.00510989588587	1	309	G	C
N1_N2	0.00515466411606	2	472	C	T
N1_N2	0.00585389667359	1	249	C	T
N1_N2	0.00636046991956	1	683	A	T
N1_N2	0.00638980439835	1	526	G	C
N1_N2	0.00679379895725	2	1382	C	T
N1_N2	0.00818913437718	2	767	A	C
N1_N2	0.00843051392396	2	236	T	C
N1_N2	0.00853963244496	1	533	T	C
N1_N2	0.00865482458975	1	229	T	C
N1_N2	0.00876266875597	1	825	T	C
N1_N2	0.00885714966497	2	203	A	T
N1_N2	0.00886698638718	1	1309	G	A
N1_N2	0.00933853177761	1	269	G	A
N1_N2	0.00938209823304	2	1347	A	C
N1_N2	0.0096524652734	1	323	T	A
N1_N2	0.0102548367665	1	1059	T	A
N1_N2	0.0102827401197	1	388	G	A
N1_N2	0.0103143573741	2	1255	A	T
N1_N2	0.0106688689208	2	788	G	C
N1_N2	0.0109908749755	2	1074	G	C
N1_N2	0.0109969951844	1	1531	T	C
N1_N2	0.0121439740772	2	559	C	G
N1_N2	0.0123829977296	2	1443	C	T
N1_N2	0.0127238909802	1	812	C	T
N1_N2	0.0135685406301	1	1235	A	G
N1_N2	0.0140676133646	1	41	G	T
N1_N2	0.0149142931549	2	1384	T	C
N1_N2	0.0149524458963	2	737	T	A
N1_N2	0.0149830702081	1	1499	T	C
N1_N2	0.0157233743425	1	803	A	C
N2_N3	0.000744420162564	1	697	A	G
N2_N3	0.00114576639004	1	853	A	G
N2_N3	0.00116601057262	1	1013	C	T
N2_N3	0.00134554946459	2	1435	A	G
N2_N3	0.00148235405484	1	134	A	G
N2_N3	0.0015426386429	1	1473	T	C
N2_N3	0.0022975270457	2	337	T	A
N2_N3	0.00256537036691	2	1355	A	G
N2_N3	0.0035774655024	1	168	A	G
N2_N3	0.00409777557358	1	685	T	G
N2_N3	0.00432380630635	2	851	G	A
N2_N3	0.00443732634433	1	1506	G	C
N2_N3	0.00481906500576	2	1458	A	G
N2_N3	0.00717351194823	2	1329	A	T
N3_N4	7.11221784542e-05	2	830	G	T
N3_N4	0.00010044843325	2	845	T	C
N3_N4	0.000317878404083	2	1397	T	G
N3_N4	0.000492737237762	2	153	C	T
N3_N4	0.000692619802642	2	1426	T	C
N3_N4	0.000741368046064	1	1563	A	G
N3_N4	0.000854892797129	1	574	C	A
N3_N4	0.00277794320646	2	695	C	G
N3_N4	0.00307719809715	2	491	A	T
N3_N4	0.0033604721868	2	805	G	T
N3_N4	0.0048458967152	1	487	C	G
N3_N4	0.00512466098975	1	1086	A	G
N3_N4	0.00514519637163	1	1428	C	G
N3_N4	0.00543010549409	1	1253	A	T
N3_N4	0.00606813551258	1	1262	G	A
N3_N4	0.00642614113434	1	530	C	T
N3_N4	0.00735375756933	2	1554	A	T
N3_N4	0.00782799428556	1	1192	A	G
N3_N4	0.00805024685269	2	388	G	A
N3_N4	0.00850258034749	1	1373	T	G
N3_N4	0.00889184724963	1	1270	A	C
N4_Human	0.000177091918357	2	211	A	G
N4_Human	0.000253806930728	1	527	A	C
N4_Human	0.000404763365295	1	398	G	A
N4_Human	0.000575317992233	2	1562	G	C
N4_Human	0.000744493262563	2	1540	C	G
N4_Human	0.00077010906086	1	1094	G	T
N4_Human	0.000810179429955	1	58	G	T
N4_Human	0.00157305076181	1	247	A	T
N4_Human	0.0016573565565	2	1512	G	A
N4_Human	0.00184955445698	1	488	A	G
N4_Human	0.00240687852723	1	1107	A	T
N4_Human	0.00285841040038	1	165	C	T
N4_Human	0.00325016750913	1	728	A	G
N4_Human	0.00348671924083	1	1062	C	T
N4_Human	0.00374646683919	1	743	G	A
N4_Human	0.00382704760699	2	1261	A	G
N4_Human	0.00389860380992	1	144	C	T
N4_Human	0.00390029803461	2	1015	A	G
N4_Human	0.00401065912806	2	124	T	A
N4_Human	0.00435633903427	1	629	G	C
N4_Human	0.00441258574463	1	1311	T	A
N4_Human	0.00468437563931	1	330	A	G
N4_Human	0.00473338163784	2	1352	A	C
N4_Human	0.00507642433987	2	873	T	A
N4_Human	0.00519684635897	1	666	G	C
N4_Human	0.0055768059948	1	125	A	T
N4_Human	0.00560890707293	1	1493	G	A
N4_Human	0.00589023243495	1	142	A	C
N4_Human	0.00606259312088	2	1314	T	C
N4_Human	0.00644977465147	2	1470	G	C
N4_Human	0.00671276460927	2	983	T	C
N4_Human	0.00761798966776	1	725	G	A
N4_Human	0.00794143942579	1	579	G	A
N4_Human	0.00919187421585	1	575	C	A
N4_Human	0.00952375372803	2	131	C	T
N4_Human	0.00980860064296	2	1506	G	C
N4_Human	0.00996496416008	2	1317	G	T
N4_Human	0.010071665676	1	1383	A	G
N4_Human	0.0103929983464	2	74	C	T
N4_Human	0.0104447051002	2	72	A	T
N4_Chimp	5.54111275111e-05	1	1423	T	C
N4_Chimp	0.000185184858843	2	1333	A	T
N4_Chimp	0.000605279363253	1	1253	T	C
N4_Chimp	0.00075318346477	1	1163	G	T
N4_Chimp	0.000854132579057	1	264	A	C
N4_Chimp	0.00169250968833	2	1118	A	T
N4_Chimp	0.00192312754346	2	645	T	C
N4_Chimp	0.00193753133782	1	766	T	A
N4_Chimp	0.00195019162629	1	1201	A	G
N4_Chimp	0.00217491739903	2	934	T	C
N4_Chimp	0.00263879322195	2	1016	A	G
N4_Chimp	0.00282331061957	2	940	A	C
N4_Chimp	0.00288269585238	2	839	G	A
N4_Chimp	0.00342482242504	2	1193	C	A
N4_Chimp	0.00381167497884	2	432	C	T
N4_Chimp	0.0041021982461	2	1080	T	A
N4_Chimp	0.0046143779614	2	680	A	G
N4_Chimp	0.00514355791112	1	215	A	G
N4_Chimp	0.0051792610785	2	770	C	T
N4_Chimp	0.00529301097254	2	725	G	T
N4_Chimp	0.00555496923	1	898	G	A
N4_Chimp	0.00624109297058	1	345	C	T
N4_Chimp	0.00628493985943	2	455	T	A
N4_Chimp	0.006427610288	2	446	G	T
N4_Chimp	0.0067576589445	2	183	G	T
N4_Chimp	0.00811639719378	2	162	A	G
N4_Chimp	0.0083605091993	2	1123	C	T
N4_Chimp	0.00839478149057	2	1431	T	A
N4_Chimp	0.00844671876552	2	201	C	G
N4_Chimp	0.00852937097534	2	111	A	T
N4_Chimp	0.00894659363425	1	741	A	G
N4_Chimp	0.00923469136511	2	368	A	T
N4_Chimp	0.00961825455529	2	979	T	G
N4_Chimp	0.00962867203128	1	1251	A	G
N4_Chimp	0.00970170732802	2	1321	A	G
N4_Chimp	0.00973956655449	2	366	A	C
N3_Goril	0.000399396059018	1	443	A	G
N3_Goril	0.000825866006541	1	1146	G	A
N3_Goril	0.00108619964309	2	659	A	C
N3_Goril	0.00119647036748	1	1268	A	C
N3_Goril	0.00122775906549	2	1022	A	G
N3_Goril	0.00146174912071	2	445	G	A
N3_Goril	0.00147008995047	1	233	T	G
N3_Goril	0.0016712639488	2	663	A	G
N3_Goril	0.00204349219077	2	1309	G	T
N3_Goril	0.00231041665054	2	1037	T	C
N3_Goril	0.00232780779611	2	812	A	C
N3_Goril	0.00242887236521	1	1532	A	T
N3_Goril	0.00275491333949	1	897	A	T
N3_Goril	0.00292399409761	2	1104	G	C
N3_Goril	0.00309702730655	2	479	C	A
N3_Goril	0.00387390810823	2	641	A	C
N3_Goril	0.0044021724411	2	1310	C	A
N3_Goril	0.00440836388205	2	126	A	G
N3_Goril	0.00457383734235	1	1357	G	A
N3_Goril	0.00457417641719	1	984	T	C
N3_Goril	0.00506402732797	1	661	T	A
N3_Goril	0.00509095192685	1	6	C	T
N3_Goril	0.00608175248726	1	1099	C	T
N3_Goril	0.00702596548905	1	522	A	G
N3_Goril	0.0075477248658	2	218	G	A
N3_Goril	0.00761718595456	2	1520	A	C
N3_Goril	0.0077045471105	2	25	C	T
N3_Goril	0.00796349112767	1	649	A	G
N3_Goril	0.00894843558564	1	562	A	T
N3_Goril	0.00942399108692	2	612	G	A
N3_Goril	0.00950977943054	2	1381	A	G
N3_Goril	0.00968333726563	2	894	A	T
N3_Goril	0.0100427262458	1	567	T	C
N3_Goril	0.0101144157414	2	106	G	A
N3_Goril	0.0108231181856	2	960	G	A
N3_Goril	0.0108553516407	2	1229	G	A
N3_Goril	0.0110755286414	1	23	A	T
N3_Goril	0.011783774535	2	663	G	A
N3_Goril	0.0121592963475	1	1372	T	G
N3_Goril	0.0121971316524	2	692	C	T
N3_Goril	0.0127739261666	2	500	C	T
N3_Goril	0.0128505483582	1	312	T	C
N3_Goril	0.0129655268794	1	1008	C	A
N3_Goril	0.0133244513526	2	1562	G	A
N3_Goril	0.0138523207476	2	972	C	A
N3_Goril	0.0144235196668	2	970	A	G
N3_Goril	0.0146382714717	2	967	G	T
N3_Goril	0.0153902491631	1	72	A	G
N3_Goril	0.0155082682668	2	703	A	G
N3_Goril	0.0160514822199	1	441	C	A
N3_Goril	0.0168183534704	1	611	T	A
N3_Goril	0.0168425786903	2	989	A	G
N3_Goril	0.0172786547157	2	839	G	A
N3_Goril	0.0173437237939	1	600	G	A
N3_Goril	0.018251451552	2	272	G	C
N3_Goril	0.0183670510079	1	248	C	A
N3_Goril	0.0191776684725	2	673	T	C
N2_Orang	0.00033650415682	1	270	G	A
N2_Orang	0.00063160457053	1	1406	T	C
N2_Orang	0.000867308723404	2	948	A	G
N2_Orang	0.00219593684483	2	228	A	C
N2_Orang	0.00234336549694	1	1505	A	T
N2_Orang	0.00237230394722	2	1364	C	A
N2_Orang	0.00280559048885	2	442	A	G
N2_Orang	0.00288714860289	2	1119	G	A
N2_Orang	0.00365961113865	1	849	G	T
N2_Orang	0.00367350391311	1	354	C	T
N2_Orang	0.00369241238112	2	737	A	C
N2_Orang	0.0040910223227	2	1556	G	A
N2_Orang	0.00413872897737	2	1080	T	G
N2_Orang	0.00422970087053	2	1458	A	G
N2_Orang	0.00486584469592	1	4	C	T
N2_Orang	0.00491482336849	2	1057	G	T
N2_Orang	0.00525565062939	1	572	C	T
N2_Orang	0.00529846585331	1	1418	T	C
N2_Orang	0.00542399151006	2	332	T	C
N2_Orang	0.00573137475877	2	88	A	G
N2_Orang	0.00577785435854	1	1543	T	G
N2_Orang	0.00660784958692	2	313	T	C
N2_Orang	0.00721167677732	2	1398	G	C
N2_Orang	0.00760901850152	2	237	A	C
N2_Orang	0.00893926765112	1	916	T	G
N2_Orang	0.00894191352488	2	1069	A	T
N2_Orang	0.0091037153477	2	550	G	A
N2_Orang	0.00946541213808	1	1286	T	A
N2_Orang	0.00967479200586	1	67	G	A
N2_Orang	0.0104577768007	1	731	A	T
N2_Orang	0.0105604942785	2	564	G	A
N2_Orang	0.0106267668904	1	252	C	T
N2_Orang	0.0109735354635	2	469	T	A
N2_Orang	0.0112984152912	2	730	G	T
N2_Orang	0.0116759812504	1	626	C	T
N2_Orang	0.0117404149993	2	413	G	A
N2_Orang	0.0118708035671	1	795	T	G
N2_Orang	0.0120794692797	1	821	T	G
N2_Orang	0.0121570505359	2	414	T	G
N2_Orang	0.0124272446344	1	1453	G	A
N2_Orang	0.0125763274473	1	124	T	C
N2_Orang	0.0130987483994	1	1202	C	A
N2_Orang	0.013199491423	1	1179	G	A
N2_Orang	0.0143668505195	2	714	C	T
N2_Orang	0.01488825957	2	1470	G	T
N2_Orang	0.0152964051528	1	1150	G	A
N2_Orang	0.0155947883318	1	38	G	A
N2_Orang	0.0159711946531	2	608	A	G
N2_Orang	0.0161094709138	1	1129	C	T
N2_Orang	0.0164379985064	2	1009	G	T
N2_Orang	0.0171340332006	1	686	G	A
N2_Orang	0.0173899463652	1	977	A	T
N1_Macaq	5.42322017099e-05	1	1008	C	G
N1_Macaq	0.000171480776621	2	76	T	A
N1_Macaq	0.000353054580254	1	1005	G	A
N1_Macaq	0.000694250847845	1	1028	A	G
N1_Macaq	0.00086764025202	1	1446	G	A
N1_Macaq	0.00122087181265	1	1006	A	T
N1_Macaq	0.0013223708339	2	217	T	C
N1_Macaq	0.00147395015208	2	731	A	T
N1_Macaq	0.00180849575865	1	305	A	G
N1_Macaq	0.00218758243463	2	1156	T	C
N1_Macaq	0.00227768853746	2	727	G	C
N1_Macaq	0.00246746027177	2	190	A	G
N1_Macaq	0.00298589513479	2	424	T	C
N1_Macaq	0.00305144676926	1	1442	T	C
N1_Macaq	0.0038244620199	2	1198	G	T
N1_Macaq	0.0044997079807	1	945	C	A
N1_Macaq	0.00484270742388	2	623	C	A
N1_Macaq	0.00665220617226	2	999	G	A
N1_Macaq	0.00697399165516	2	1524	A	G
N1_Macaq	0.00727184367779	2	802	A	T
N1_Macaq	0.00793489705235	1	583	G	A
N1_Macaq	0.00805158118819	2	818	T	A
N1_Macaq	0.00819714225226	2	931	A	T
N1_Macaq	0.00828954790995	2	1137	T	G
N1_Macaq	0.00831922757057	2	907	G	C
N1_Macaq	0.0086951368542	2	1071	T	C
N1_Macaq	0.00890305064094	2	820	T	A
N1_Macaq	0.00904850859124	2	1477	A	T
N1_Macaq	0.00959753855818	1	604	C	T
N1_Macaq	0.00967607170086	2	795	T	A
N1_Macaq	0.00987265220331	2	215	A	G
N1_Macaq	0.00991085516941	2	1191	T	A
N1_Macaq	0.0112900562728	1	1252	G	A
N1_Macaq	0.0115926806555	1	516	A	C
N1_Macaq	0.0117944088805	2	535	A	G
N1_Macaq	0.0120016896455	1	1199	G	A
N1_Macaq	0.012278587341	2	240	T	C
N1_Macaq	0.0124705973652	2	846	A	C
N1_Macaq	0.0127307336096	2	106	G	T
N1_Macaq	0.0132788076077	1	533	T	G
N1_Macaq	0.0133342260318	2	1376	A	G
N1_Macaq	0.0133631760098	2	277	T	A
N1_Macaq	0.0135626364373	2	1542	G	T
N1_Macaq	0.0143091991427	1	1286	T	C
N1_Macaq	0.0144260027194	1	1361	C	G
N1_Macaq	0.0148840363606	1	150	G	A
N1_Macaq	0.0149042066834	2	1340	T	C
N1_Macaq	0.0150408899764	2	1068	T	A
N1_Macaq	0.0152234317768	1	422	T	C
N1_Macaq	0.0153513124266	1	1508	C	G
N1_Macaq	0.0157981010273	1	1428	C	T
N1_Macaq	0.0168001268177	1	98	T	G
N1_Macaq	0.0168551987791	1	1320	T	C
N1_Macaq	0.0174028105985	2	1394	A	C
N1_Macaq	0.0174298112763	1	255	C	G
N1_Macaq	0.0178603486998	1	1429	C	T
N1_Macaq	0.0180719238913	1	960	C	T
N1_Macaq	0.0183816964875	1	783	G	A
N1_Macaq	0.0189990001799	2	339	A	C
N1_Macaq	0.0190852804595	2	220	T	C
N1_Macaq	0.0192480344995	1	1246	A	G
N1_Macaq	0.019885133151	1	212	G	T
N1_Macaq	0.0203175822135	2	1448	G	A
N1_Macaq	0.0206660872454	1	1244	G	C
N1_Macaq	0.0207396275424	1	1000	C	T
N1_Macaq	0.0208475352688	2	1112	C	T
N1_Macaq	0.0219770153769	1	1454	A	T
N1_Macaq	0.0223245801113	2	914	A	G
N1_Macaq	0.0225153156552	2	533	G	A
N1_Macaq	0.0236099344031	2	757	T	A
N1_Macaq	0.0238396258297	1	1488	A	T
N1_Macaq	0.0241536966098	2	931	T	C
N1_Macaq	0.0242341302775	1	379	C	T
N1_Macaq	0.0245153224208	2	251	G	T
N1_Macaq	0.0248811690309	2	121	T	A
N1_Macaq	0.0254298978989	1	711	G	A
N1_Macaq	0.025566534961	2	382	A	T
N1_Macaq	0.0266919501094	1	1442	C	T
N1_Macaq	0.0267725803967	2	727	C	T
N1_Macaq	0.02791461061	1	912	T	A
N1_Macaq	0.0281589352282	2	891	A	G
N1_Macaq	0.0281733110752	2	953	C	G
N1_Macaq	0.0285857696572	2	91	A	G
N1_Macaq	0.0288651234941	1	737	T	C
N1_Macaq	0.0289911728524	1	652	G	A
N1_Macaq	0.029146686906	1	284	C	T
N1_Macaq	0.0291804880682	1	469	C	G
N1_Macaq	0.0292603452517	1	90	G	A
N1_Macaq	0.0298594646876	1	40	G	T
N1_Macaq	0.0299168563066	1	1304	A	C
N1_Macaq	0.0299322676728	2	341	A	C
N1_Macaq	0.0299567191872	2	1000	C	A
N1_Macaq	0.0302119034629	2	604	A	T
N1_Macaq	0.0304353161307	1	312	T	C
N1_Macaq	0.0314433034563	1	395	G	A
N1_Macaq	0.0315030998605	1	1456	A	T
N1_Macaq	0.0315053892459	1	1158	G	A
N1_Macaq	0.0317251559658	2	1555	T	C
N1_Macaq	0.0319375135037	1	625	C	T
N1_Macaq	0.0319420254947	1	1011	A	T
N1_Macaq	0.0320025190805	2	414	T	C
N1_Macaq	0.0325105284154	2	400	C	A
N1_Macaq	0.0325293231185	1	831	T	A
N1_Macaq	0.0329768981128	1	1502	G	T
N1_Macaq	0.0334611536678	1	5	T	G
N1_Macaq	0.0334689537472	2	349	G	C
N1_Macaq	0.0336833954732	1	1457	G	T
N1_Macaq	0.034187279647	1	688	A	G
N1_Macaq	0.0346625520515	2	895	A	G
N1_Macaq	0.0349461932772	1	593	G	A
N1_Macaq	0.0350661741455	2	1484	C	G
N1_Macaq	0.0351242339433	2	1218	A	G
N1_Macaq	0.0355499824196	2	1307	A	T
N1_Macaq	0.0360124951061	2	645	T	C
N1_Macaq	0.0365289543157	2	37	G	C
N1_Macaq	0.0370500777834	1	1288	T	C
N1_Macaq	0.0370806944205	1	1230	T	C
N1_Macaq	0.0373855716362	1	132	A	T
N1_Macaq	0.0382974547773	1	1483	G	T
N1_Macaq	0.0383683073857	2	1055	C	A
N1_Macaq	0.038938320134	1	1182	C	T
N1_Macaq	0.0390171666266	1	549	A	C
N1_Macaq	0.0393525425384	1	323	T	G
N1_Macaq	0.0396632952427	1	351	T	A
N1_Macaq	0.0400039621312	2	619	T	C
N1_Macaq	0.0402046107493	2	406	A	G
N1_Macaq	0.0402676411308	1	12	A	C
N1_Macaq	0.0404451633202	1	972	C	G
N1_Macaq	0.0407131118796	1	1522	G	A
N1_Macaq	0.0408614832376	2	1369	A	T
N1_Macaq	0.0411189622426	1	133	C	T
N1_Macaq	0.0414586852583	2	99	A	T
N1_Macaq	0.0415304135562	1	1350	G	A
N1_Macaq	0.0417780758646	1	1256	C	A
N1_Macaq	0.0422015260423	1	422	C	T
N1_Macaq	0.0432819793954	1	1165	C	A
N1_Macaq	0.0433263205676	1	1001	T	C
N1_Macaq	0.0433428141576	1	640	T	C
N1_Macaq	0.0435147559638	2	161	G	A
N0_Mouse	0.00100353472904	0	382	G	A
N0_Mouse	0.00175860587859	0	942	T	A
N0_Mouse	0.00234092089952	0	200	G	T
N0_Mouse	0.00270256949951	0	702	C	A
N0_Mouse	0.0032181612357	0	269	G	C
N0_Mouse	0.00440740461002	0	573	C	T
N0_Mouse	0.00461742898787	0	992	G	A
N0_Mouse	0.00505260395105	0	820	C	T
N0_Mouse	0.00682194729868	0	1328	G	C
N0_Mouse	0.00707888396911	0	189	C	T
N0_Mouse	0.00793358019828	0	237	A	T
N0_Mouse	0.00875167561092	0	898	G	A
N0_Mouse	0.00929520679157	0	425	T	C
N0_Mouse	0.0109407491087	0	1565	G	A
N0_Mouse	0.0109736446988	0	882	C	T
N0_Mouse	0.0114964439542	0	315	T	A
N0_Mouse	0.0118544316553	0	685	T	A
N0_Mouse	0.0120235988762	0	245	C	A
N0_Mouse	0.0122059287893	0	1022	G	T
N0_Mouse	0.012935161233	0	730	G	A
N0_Mouse	0.0136881976095	0	1364	C	A
N0_Mouse	0.0147025120126	0	1470	G	T
N0_Mouse	0.015629650093	0	444	A	C
N0_Mouse	0.0179795720615	0	215	A	T
N0_Mouse	0.0190696551288	0	1073	G	A
N0_Mouse	0.0194856206246	0	874	A	G
N0_Mouse	0.0197600955556	0	1115	C	T
N0_Mouse	0.0203574119695	0	903	A	T
N0_Mouse	0.0204354032249	0	473	C	G
N0_Mouse	0.0219813580705	0	288	A	T
N0_Mouse	0.0228915508306	0	727	A	G
N0_Mouse	0.0235595956629	0	867	T	C
N0_Mouse	0.023623256683	0	34	T	C
N0_Mouse	0.0244686832883	0	449	A	G
N0_Mouse	0.0251143376289	0	157	T	A
N0_Mouse	0.0252990772445	0	827	T	C
N0_Mouse	0.0255048878331	0	1484	C	A
N0_Mouse	0.0273990084766	0	283	C	G
N0_Mouse	0.0275110412845	0	120	A	G
N0_Mouse	0.0282909924421	0	1496	G	T
N0_Mouse	0.0293360195158	0	1441	G	T
N0_Mouse	0.0297945112683	0	34	C	G
N0_Mouse	0.0299752675792	0	1156	T	A
N0_Mouse	0.0301443842689	0	1328	C	T
N0_Mouse	0.0320792257051	0	485	G	A
N0_Mouse	0.0322485532803	0	1306	T	A
N0_Mouse	0.0340418078491	0	1026	A	G
N0_Mouse	0.0346832961159	0	1407	T	G
N0_Mouse	0.0349087293559	0	1352	A	C
N0_Mouse	0.0361150893645	0	1405	A	T
N0_Mouse	0.036843650157	0	644	T	A
N0_Mouse	0.0369366594358	0	64	C	A
N0_Mouse	0.0373949164208	0	1333	C	G
N0_Mouse	0.0381279572459	0	1176	T	C
N0_Mouse	0.0385178580815	0	219	T	A
N0_Mouse	0.039294376417	0	52	T	C
N0_Mouse	0.0398365764955	0	933	G	A
N0_Mouse	0.0404981261718	0	332	T	G
N0_Mouse	0.0412424842877	0	1131	A	G
N0_Mouse	0.0423037366157	0	517	A	T
N0_Mouse	0.0426939417228	0	630	A	G
N0_Mouse	0.0430492987141	0	538	T	G
N0_Mouse	0.0445690564458	0	1278	C	T
N0_Mouse	0.0446884717331	0	1554	A	T
N0_Mouse	0.0449234510444	0	739	T	C
N0_Mouse	0.0451859286703	0	1506	G	A
N0_Mouse	0.0452994542513	0	1083	T	A
N0_Mouse	0.045623796976	0	716	T	G
N0_Mouse	0.0467329211344	0	302	C	G
N0_Mouse	0.0477620692624	0	1003	G	A
N0_Mouse	0.0477995816086	0	17	T	A
N0_Mouse	0.0482334387143	0	1054	G	A
N0_Mouse	0.0483738726022	0	818	T	G
N0_Mouse	0.048780060126	0	1124	T	C
N0_Mouse	0.0502718578456	0	726	T	C
N0_Mouse	0.0506760878609	0	1548	A	G
N0_Mouse	0.050837596954	0	1399	G	A
N0_Mouse	0.0510890246018	0	1273	T	A
N0_Mouse	0.0512306417221	0	778	G	A
N0_Mouse	0.0517318772345	0	228	A	G
N0_Mouse	0.0519709118373	0	780	T	C
N0_Mouse	0.0547316694448	0	1159	C	T
N0_Mouse	0.055836559563	0	883	G	T
N0_Mouse	0.0563877249052	0	169	A	G
N0_Mouse	0.0572433773616	0	677	A	T
N0_Mouse	0.0578556175105	0	496	T	C
N0_Mouse	0.0581047628002	0	1451	T	A
N0_Mouse	0.0583732041251	0	1381	A	C
N0_Mouse	0.0587326521802	0	1393	A	C
N0_Mouse	0.0596842794104	0	984	C	A
N0_Mouse	0.0599771617039	0	1053	C	T
N0_Mouse	0.0600028272606	0	1029	C	T
N0_Mouse	0.0605436672295	0	10	A	G
N0_Mouse	0.0605929075648	0	39	C	T
N0_Mouse	0.0607205054293	0	1065	T	G
N0_Mouse	0.0621019165039	0	321	G	A
N0_Mouse	0.0622106445161	0	1142	G	T
N0_Mouse	0.0630167947482	0	985	G	A
N0_Mouse	0.0630674138259	0	918	A	G
N0_Mouse	0.0631213969207	0	1337	A	C
N0_Mouse	0.0637184556805	0	181	C	A
N0_Mouse	0.0649662453591	0	770	C	G
N0_Mouse	0.0663774760994	0	1045	A	G
N0_Mouse	0.066464343361	0	533	T	A
N0_Mouse	0.0667662901026	0	729	T	G
N0_Mouse	0.0670709322553	0	565	T	G
N0_Mouse	0.0672582330491	0	197	A	C
N0_Mouse	0.067506717208	0	156	C	G
N0_Mouse	0.0678455333847	0	333	A	G
N0_Mouse	0.0682075877536	0	981	T	C
N0_Mouse	0.06859960382	0	13	T	C
N0_Mouse	0.0693916668545	0	150	T	C
N0_Mouse	0.0695390322419	0	915	T	G
N0_Mouse	0.0700974992445	0	20	C	A
N0_Mouse	0.0701239904838	0	369	G	C
N0_Mouse	0.0701834120071	0	112	C	G
N0_Mouse	0.0706490806494	0	303	G	T
N0_Mouse	0.071112749214	0	1243	C	G
N0_Mouse	0.0712206010377	0	1555	T	A
N0_Mouse	0.0716251904325	0	759	C	T
N0_Mouse	0.0716298370218	0	1033	G	T
N0_Mouse	0.0716786922603	0	910	C	T
N0_Mouse	0.0717931433945	0	1082	T	C
N0_Mouse	0.0720892263103	0	739	C	A
N0_Mouse	0.0748177895481	0	1517	A	T
N0_Mouse	0.0753252443512	0	744	A	G
N0_Mouse	0.0760942349455	0	156	G	C
N0_Mouse	0.0766498934922	0	150	C	G
N0_Mouse	0.0781795899697	0	1006	A	G
N0_Mouse	0.0783221560759	0	1399	A	C
N0_Mouse	0.078427867289	0	755	C	T
N0_Mouse	0.0786217837201	0	827	C	A
N0_Mouse	0.0795784655682	0	1392	A	G
N0_Mouse	0.0798776696937	0	1277	C	T
N0_Mouse	0.0804382444869	0	1309	G	A
N0_Mouse	0.0808854989319	0	1186	G	C
N0_Mouse	0.0811149936149	0	1440	A	G
N0_Mouse	0.0812081784206	0	681	A	G
N0_Mouse	0.0812099118471	0	841	G	A
N0_Mouse	0.0813363906928	0	1230	C	T
N0_Mouse	0.0814267984508	0	140	C	T
N0_Mouse	0.0814342625824	0	1075	C	T
N0_Mouse	0.08171052584	0	84	T	C
N0_Mouse	0.0822694056432	0	298	G	A
N0_Mouse	0.082935211024	0	1251	A	C
N0_Mouse	0.0830449457219	0	208	A	G
N0_Mouse	0.0831776665376	0	918	G	A
N0_Mouse	0.0845243498609	0	1369	A	C
N0_Mouse	0.0860761214175	0	707	C	A
N0_Mouse	0.0862124735935	0	966	C	G
N0_Mouse	0.0878790238283	0	1317	G	A
N0_Mouse	0.0885556463062	0	393	T	C
N0_Mouse	0.0891180080717	0	110	A	G
N0_Mouse	0.0894509327111	0	248	C	A
N0_Mouse	0.0897941287766	0	407	T	C
N0_Mouse	0.0904214484125	0	716	G	A
N0_Mouse	0.090639746728	0	923	T	A
N0_Mouse	0.0912135353352	0	253	C	G
N0_Mouse	0.0914025691365	0	763	T	C
N0_Mouse	0.0923990945206	0	1198	G	A
N0_Mouse	0.0946832110891	0	517	T	G
N0_Mouse	0.094742610889	0	146	G	T
N0_Mouse	0.0949802471766	0	906	T	A
N0_Mouse	0.0965349903184	0	700	T	A
N0_Mouse	0.0978539619313	0	469	C	T
N0_Mouse	0.0978587215941	0	1518	T	C
N0_Mouse	0.0986805283939	0	153	C	T
N0_Mouse	0.0991594861177	0	268	C	T
N0_Mouse	0.0992414499761	0	558	G	A
N0_Mouse	0.0992613267082	0	614	A	T
N0_Mouse	0.099453250142	0	1024	G	T
N0_Mouse	0.0997288770391	0	1415	T	G
N0_Mouse	0.100525083917	0	562	A	C
N0_Mouse	0.100840012442	0	834	A	T
N0_Mouse	0.10118134312	0	1212	A	C
N0_Mouse	0.102596868349	0	750	A	G
N0_Mouse	0.102753599054	0	672	G	A
N0_Mouse	0.104515612551	0	1223	T	G
N0_Mouse	0.105256107275	0	804	C	T
N0_Mouse	0.105452891812	0	92	A	T
N0_Mouse	0.105799295426	0	946	A	C
N0_Mouse	0.106057670502	0	7	C	T
N0_Mouse	0.106198137723	0	1461	G	T
N0_Mouse	0.106512184858	0	1212	C	T
N0_Mouse	0.106645712181	0	571	T	C
N0_Mouse	0.106841513171	0	447	C	T
N0_Mouse	0.10688145539	0	425	C	T
N0_Mouse	0.107402792968	0	199	G	C
N0_Mouse	0.108462015423	0	357	A	T
N0_Mouse	0.109187137559	0	281	G	A
N0_Mouse	0.109311616409	0	694	T	C
N0_Mouse	0.110602573041	0	502	A	G
N0_Mouse	0.110741095391	0	228	G	T
N0_Mouse	0.111426154061	0	1163	A	T
N0_Mouse	0.111488839912	0	618	C	G
N0_Mouse	0.111497879423	0	425	T	C
N0_Mouse	0.111892631088	0	502	G	A
N0_Mouse	0.111925515986	0	703	A	T
N0_Mouse	0.112802890812	0	1307	A	T
N0_Mouse	0.113324618003	0	276	A	G
N0_Mouse	0.116255169968	0	647	T	C
N0_Mouse	0.116658360227	0	602	A	G
N0_Mouse	0.117032790175	0	325	T	G
N0_Mouse	0.117229351918	0	665	C	G
N0_Mouse	0.118097337314	0	88	A	T
N0_Mouse	0.120713123485	0	866	C	T
N0_Mouse	0.120941283804	0	976	G	A
N0_Mouse	0.121562915346	0	1337	C	A
N0_Mouse	0.121883434304	0	1010	G	T
N0_Mouse	0.122207389706	0	1485	G	A
N0_Mouse	0.1230457744	0	978	C	T
N0_Mouse	0.125020754356	0	457	A	G
N0_Mouse	0.125416977576	0	1259	A	G
N0_Mouse	0.12663855956	0	25	C	T
N0_Mouse	0.12692022871	0	173	C	T
N0_Mouse	0.127166701595	0	1528	A	G
N0_Mouse	0.128149378278	0	1559	G	A
N0_Mouse	0.128154161434	0	1358	A	T
N0_Mouse	0.128448315661	0	1175	C	T
N0_Mouse	0.129411088425	0	3	T	C
N0_Mouse	0.130630067722	0	364	C	T
N0_Mouse	0.13245889338	0	902	A	G
N0_Mouse	0.132479157871	0	917	A	G
N0_Mouse	0.132711612162	0	519	C	T
N0_Mouse	0.132927808845	0	1141	A	G
N0_Mouse	0.133167099037	0	130	A	G
N0_Mouse	0.133653185398	0	1182	C	G
N0_Mouse	0.13398811066	0	810	C	T
N0_Mouse	0.135618435824	0	271	G	T
N0_Mouse	0.136717413693	0	1270	A	G
N0_Mouse	0.137205216024	0	884	A	T
N0_Mouse	0.137624581712	0	1392	G	T
N0_Mouse	0.137702870989	0	1368	G	T
N0_Mouse	0.137981510084	0	1571	T	C
N0_Mouse	0.138581278334	0	1413	G	A
N0_Mouse	0.140678233199	0	1151	C	T
N0_Mouse	0.14077755494	0	997	G	T
N0_Mouse	0.141385822892	0	1048	C	G
N0_Mouse	0.141849690215	0	536	T	C
N0_Mouse	0.142912330131	0	253	G	C
N0_Mouse	0.143050860934	0	1167	G	C
N0_Mouse	0.144072135927	0	182	G	A
N0_Mouse	0.144921017664	0	60	C	T
N0_Mouse	0.145079145407	0	1369	C	A
N0_Mouse	0.145350075781	0	373	G	T
N0_Mouse	0.146884073369	0	174	C	T
N0_Mouse	0.147394492528	0	1241	C	T
N0_Mouse	0.147684524622	0	77	G	C
N0_Mouse	0.149964143119	0	1158	G	A
N0_Mouse	0.150180262687	0	1346	G	C
N0_Mouse	0.150762098613	0	515	T	C
N0_Mouse	0.151420605624	0	829	G	A
N0_Mouse	0.151481468167	0	354	C	T
N0_Mouse	0.151803759579	0	1179	G	T
N0_Mouse	0.152804536857	0	1063	G	C
N0_Mouse	0.154765381989	0	1494	G	A
N0_Mouse	0.155518140343	0	118	G	T
N0_Mouse	0.15624552536	0	931	G	A
N0_Mouse	0.156768386229	0	1076	T	C
N0_Mouse	0.157294484245	0	1541	A	C
N0_Mouse	0.157940802845	0	861	C	G
N0_Mouse	0.15921667212	0	569	A	C
N0_Mouse	0.159267564377	0	1213	A	T
N0_Mouse	0.1595145947	0	1271	C	T
N0_Mouse	0.159837296371	0	364	T	C
N0_Mouse	0.163335186551	0	188	A	G
N0_Mouse	0.163603608159	0	38	A	G
N0_Mouse	0.164183398826	0	1567	A	T
N0_Mouse	0.164214524694	0	775	T	C
N0_Mouse	0.164247258371	0	750	G	A
N0_Mouse	0.164335524201	0	1440	G	T
N0_Mouse	0.164338631388	0	108	T	C
N0_Mouse	0.165591151256	0	292	A	T
N0_Mouse	0.166224589664	0	495	T	A
N0_Mouse	0.16736763669	0	393	C	T
N0_Mouse	0.168621132628	0	956	T	A
N0_Mouse	0.169004582324	0	1483	G	C
N0_Mouse	0.169164679873	0	1421	A	G
N0_Mouse	0.16992932336	0	78	G	A
N0_Mouse	0.170650812112	0	119	C	G
N0_Mouse	0.170836570602	0	1411	C	T
N0_Mouse	0.171287876857	0	1332	A	C
N0_Mouse	0.17141127074	0	560	A	G
N0_Mouse	0.171499941585	0	513	C	G
N0_Mouse	0.172058097616	0	992	A	T
N0_Mouse	0.172938465009	0	714	T	C
N0_Mouse	0.172993138804	0	1173	C	T
N0_Mouse	0.174186414599	0	526	A	G
N0_Mouse	0.174831626969	0	921	G	C
N0_Mouse	0.175061173828	0	1369	A	G
N0_Mouse	0.175424234743	0	1151	T	G
N0_Mouse	0.176011426278	0	300	G	C
N0_Mouse	0.179217439841	0	414	C	T
N0_Mouse	0.180228916716	0	495	A	T
N0_Mouse	0.180599647683	0	54	T	G
N0_Mouse	0.180754751869	0	20	A	C
N0_Mouse	0.181105626038	0	822	T	G
N0_Mouse	0.181425682884	0	95	G	T
N0_Mouse	0.181921392363	0	753	G	C
N0_Mouse	0.182293136242	0	1252	C	T
N0_Mouse	0.182579983793	0	1259	G	A
N0_Mouse	0.183160155434	0	581	A	T
N0_Mouse	0.184238077469	0	342	A	T
N0_Mouse	0.184553215329	0	284	T	C
N0_Mouse	0.184851277962	0	747	C	T
N0_Mouse	0.184861448719	0	1097	C	G
N0_Mouse	0.185499710722	0	1099	C	T
N0_Mouse	0.185546160687	0	1157	T	G
N0_Mouse	0.187193475623	0	33	G	T
N0_Mouse	0.188672630164	0	953	G	T
N0_Mouse	0.189980086661	0	1090	T	A
N0_Mouse	0.190643648822	0	421	G	T
N0_Mouse	0.191329206455	0	796	T	A
N0_Mouse	0.191613267294	0	1072	T	A
N0_Mouse	0.192379296241	0	724	G	A
N0_Mouse	0.192419068339	0	489	C	T
N0_Mouse	0.194512916808	0	1171	T	A
N0_Mouse	0.196530845142	0	1513	C	T
N0_Mouse	0.197614456444	0	1178	T	A
N0_Mouse	0.198243434936	0	61	C	T
N0_Mouse	0.198416350396	0	447	T	C
N0_Mouse	0.199957550375	0	337	A	G
N0_Mouse	0.200505923686	0	458	C	T
N0_Mouse	0.201071187731	0	326	A	T
N0_Mouse	0.201790349184	0	1482	A	G
N0_Mouse	0.202360891145	0	956	A	G
N0_Mouse	0.203387779344	0	63	T	A
N0_Mouse	0.203880907564	0	37	G	T
N0_Mouse	0.204246865675	0	1237	G	T
N0_Mouse	0.204928321581	0	378	G	A
N0_Mouse	0.20530706926	0	1010	T	A
N0_Mouse	0.205869223765	0	1340	T	G
N0_Mouse	0.207070258019	0	442	C	T
N0_Mouse	0.207413414192	0	5	T	C
N0_Mouse	0.207570358842	0	350	C	T
N0_Mouse	0.20769267949	0	1564	A	G
N0_Mouse	0.208789459735	0	635	C	G
N0_Mouse	0.209279642776	0	552	G	A
N0_Mouse	0.2102196056	0	795	C	A
N0_Mouse	0.211965803857	0	904	A	G
N0_Mouse	0.212096625186	0	1360	T	A
N0_Mouse	0.213220991756	0	734	C	G
N0_Mouse	0.213714513265	0	1325	A	G
N0_Mouse	0.213799692271	0	1176	C	G
N0_Mouse	0.215584746941	0	1149	T	A
N0_Mouse	0.215874567972	0	992	T	A
N0_Mouse	0.216431772599	0	169	G	T
N0_Mouse	0.216485562822	0	709	T	C
N0_Mouse	0.217277708575	0	277	T	C
N0_Mouse	0.219531181279	0	944	C	G
N0_Mouse	0.220155435923	0	808	C	T
N0_Mouse	0.2219639331	0	561	C	A
N0_Mouse	0.222015519811	0	918	A	G
N0_Mouse	0.222341036498	0	1034	A	G
N0_Mouse	0.223234432806	0	299	C	A
N0_Mouse	0.224987738794	0	1472	T	A
N0_Mouse	0.225589959156	0	1248	T	C
N0_Mouse	0.226189336338	0	1127	T	A
N0_Mouse	0.22688278484	0	1265	A	T
N0_Mouse	0.228161190119	0	712	A	G
N0_Mouse	0.229282274881	0	1350	A	G
N0_Mouse	0.229805580902	0	1449	A	G
N0_Mouse	0.230054385266	0	657	T	A
N0_Mouse	0.231658358046	0	857	G	A
N0_Mouse	0.231989135717	0	1196	T	C
N0_Mouse	0.23247706375	0	1178	A	G
N0_Mouse	0.234411820733	0	928	C	T
N0_Mouse	0.23476981671	0	733	C	G
N0_Mouse	0.235015744969	0	752	C	T
N0_Mouse	0.236622340629	0	997	T	C
N0_Mouse	0.236659920533	0	757	T	C
N0_Mouse	0.236902113534	0	152	C	T
N0_Mouse	0.236918716384	0	884	T	G
N0_Mouse	0.237508936664	0	1046	T	A
N0_Mouse	0.238192174137	0	1541	C	T
N0_Mouse	0.239208028903	0	305	A	G
N0_Mouse	0.239988684104	0	1474	T	C
N0_Mouse	0.241618893535	0	878	C	T
N0_Mouse	0.241769832211	0	1312	T	G
N0_Mouse	0.242101009921	0	1130	A	C
N0_Mouse	0.242230247521	0	578	A	G
N0_Mouse	0.242257250109	0	1234	A	T
N0_Mouse	0.243144534224	0	720	T	C
N0_Mouse	0.243455429209	0	594	A	C
N0_Mouse	0.243513976721	0	218	C	A
N0_Mouse	0.243536487758	0	404	G	C
N0_Mouse	0.243643672312	0	115	A	C
N0_Mouse	0.24403171174	0	712	G	A
N0_Mouse	0.244041550001	0	546	T	A
N0_Mouse	0.244303666368	0	692	C	T
N0_Mouse	0.244857485492	0	938	T	C
N0_Mouse	0.244950119108	0	373	T	A
N0_Mouse	0.245307059615	0	128	A	T
N0_Mouse	0.245649805075	0	836	G	T
N0_Mouse	0.245652369491	0	1240	G	C
N0_Mouse	0.24616724635	0	773	T	A
N0_Mouse	0.247498144378	0	1390	C	T
N0_Mouse	0.247700012675	0	1372	T	G
N0_Mouse	0.247714163118	0	927	A	G
N0_Mouse	0.247886499586	0	1337	A	G
N0_Mouse	0.250171398342	0	872	G	A
N0_Mouse	0.25017696365	0	978	T	A
N0_Mouse	0.250487262467	0	671	T	C
N0_Mouse	0.250698765071	0	257	G	A
N0_Mouse	0.252315252878	0	701	A	C
N0_Mouse	0.253359255223	0	1320	T	A
N0_Mouse	0.253844594872	0	653	T	A
N0_Mouse	0.254950615602	0	27	C	A
N0_Mouse	0.256518100637	0	1072	A	G
N0_Mouse	0.257756410401	0	1368	T	C
N0_Mouse	0.258605244028	0	1304	A	G
N0_Mouse	0.259126066165	0	1203	C	T
N0_Mouse	0.260203586481	0	1009	G	A
N0_Mouse	0.261353376329	0	44	G	A
N0_Mouse	0.262148103414	0	1390	T	C
N0_Mouse	0.262591027174	0	1440	T	C
N0_Mouse	0.263061722227	0	917	G	A
N0_Mouse	0.264392556458	0	463	C	T
N0_Mouse	0.264409123801	0	1089	A	G
N0_Mouse	0.265213231426	0	1450	T	A
N0_Mouse	0.265368546317	0	133	C	A
N0_Mouse	0.266357657456	0	1085	T	A
N0_Mouse	0.266392915823	0	529	T	A
N0_Mouse	0.266812605206	0	568	A	G
N0_Mouse	0.267843147396	0	69	C	A
N0_Mouse	0.268415542321	0	812	C	A
N0_Mouse	0.268977482894	0	137	A	G
N0_Mouse	0.270379473214	0	233	T	C
N0_Mouse	0.271482632119	0	893	C	T
N0_Mouse	0.273201214274	0	422	T	A
N0_Mouse	0.276089944506	0	726	C	G
N0_Mouse	0.276130965622	0	791	A	T
N0_Mouse	0.277654381944	0	359	G	A
N0_Mouse	0.27827194289	0	1342	G	A
N0_Mouse	0.278920071861	0	181	A	G
N0_Mouse	0.279146969136	0	154	T	C
N0_Mouse	0.279519375262	0	1095	A	G
N0_Mouse	0.280043356027	0	1446	A	G
N0_Mouse	0.280695217305	0	210	A	T
N0_Mouse	0.280840970803	0	225	G	A
N0_Mouse	0.28167377534	0	67	A	T
N0_Mouse	0.282724980562	0	855	C	T
N0_Mouse	0.282768440654	0	376	A	G
N0_Mouse	0.283430027268	0	123	G	A
N0_Mouse	0.283960947078	0	221	G	A
N0_Mouse	0.28431347439	0	893	T	A
N0_Mouse	0.284714144715	0	315	A	C
N0_Mouse	0.284757855422	0	1033	T	C
N0_Mouse	0.285073972936	0	724	A	G
N0_Mouse	0.286183675564	0	831	T	A
N0_Mouse	0.28632421714	0	978	A	T
N0_Mouse	0.286387395715	0	642	G	C
N0_Mouse	0.28664841625	0	1086	A	C
N0_Mouse	0.286818689968	0	273	C	T
N0_Mouse	0.286970601622	0	515	C	A
N0_Mouse	0.287656213037	0	1203	T	C
N0_Mouse	0.288014253387	0	112	G	A
N0_Mouse	0.288174373055	0	0	T	A
N0_Mouse	0.288718201408	0	1279	T	G
N0_Mouse	0.289919119846	0	1406	T	A
N0_Mouse	0.290849996205	0	742	G	A
N0_Mouse	0.290992954528	0	1085	A	T
N0_Mouse	0.291246405231	0	613	A	G
N0_Mouse	0.291964865084	0	1227	T	C
N0_Mouse	0.29294404932	0	865	T	C
N0_Mouse	0.293447671586	0	588	A	G
N0_Mouse	0.293496776269	0	755	T	C
N0_Mouse	0.293999672282	0	1100	G	C
N0_Mouse	0.294112893345	0	1451	A	G
N0_Mouse	0.294879936126	0	855	T	A
N0_Mouse	0.29547322311	0	1497	T	A
N0_Mouse	0.297179832753	0	693	G	C
N0_Mouse	0.299413031055	0	756	A	T
N0_Mouse	0.299648620732	0	631	C	A
N0_Mouse	0.300433069208	0	791	T	A
N0_Mouse	0.301622064775	0	366	C	T
N0_Mouse	0.301836819123	0	401	C	T
N0_Mouse	0.303286103807	0	1228	C	A
N0_Mouse	0.303959999813	0	597	T	C
N0_Mouse	0.30401469457	0	1382	C	G
N0_Mouse	0.305290807304	0	1191	T	C
N0_Mouse	0.306164069118	0	1216	G	A
N0_Mouse	0.307194989866	0	543	C	T
N0_Mouse	0.307236277483	0	863	T	C
N0_Mouse	0.308136048049	0	1402	C	G
N0_Mouse	0.308585269525	0	1055	C	T
N0_Mouse	0.30871294213	0	387	T	A
N0_Mouse	0.309105666294	0	670	C	T
N0_Mouse	0.310460865067	0	667	A	C
N0_Mouse	0.311468424726	0	570	G	A
N0_Mouse	0.31194129589	0	734	G	A
N0_Mouse	0.312123368087	0	1236	C	T
N0_Mouse	0.313350274	0	592	G	A
N0_Mouse	0.31394236201	0	880	G	A
N0_Mouse	0.314258321101	0	1065	G	C
N0_Mouse	0.315490463031	0	43	C	T
N0_Mouse	0.316175057546	0	1053	T	C
N0_Mouse	0.316192986631	0	511	G	A
N0_Mouse	0.317698702133	0	886	G	A
N0_Mouse	0.318470194365	0	1139	A	C
N0_Mouse	0.318891981142	0	840	A	T
N0_Mouse	0.320692018508	0	1405	T	C
N0_Mouse	0.320890278282	0	612	C	T
N0_Mouse	0.321045138369	0	227	A	G
N0_Mouse	0.322403908266	0	1343	G	A
N0_Mouse	0.322463598609	0	1127	A	G
N0_Mouse	0.32251361474	0	1213	T	C
N0_Mouse	0.32283658722	0	1561	A	T
N0_Mouse	0.323004171421	0	698	T	A
N0_Mouse	0.323458318949	0	1391	A	T
N0_Mouse	0.323874464226	0	1311	T	C
N0_Mouse	0.325749597861	0	1037	T	C
N0_Mouse	0.32626847913	0	834	T	C
N0_Mouse	0.326931034903	0	645	C	T
N0_Mouse	0.327873214655	0	721	G	A
N0_Mouse	0.329293282563	0	752	T	C
N0_Mouse	0.329413750062	0	1462	C	T
N0_Mouse	0.329577946806	0	177	T	C
N0_Mouse	0.329602784122	0	700	A	T
N0_Mouse	0.330071940714	0	154	C	G
N0_Mouse	0.330875636102	0	1258	T	G
N0_Mouse	0.331108913466	0	1279	G	A
N0_Mouse	0.33172534447	0	932	G	A
N0_Mouse	0.332255321142	0	543	T	C
N0_Mouse	0.332869842753	0	1355	A	T
N0_Mouse	0.333074832868	0	991	T	C
N0_Mouse	0.333631773754	0	970	A	C
N0_Mouse	0.333738218428	0	1142	T	A
N0_Mouse	0.335388644103	0	346	T	G
N0_Mouse	0.33622371701	0	545	A	G
N0_Mouse	0.33736605198	0	763	C	T
N0_Mouse	0.337667114082	0	250	T	A
N0_Mouse	0.337771274743	0	700	T	C
N0_Mouse	0.33796303194	0	1447	A	G
N0_Mouse	0.338132773977	0	1446	G	A
N0_Mouse	0.338322890296	0	662	G	A
N0_Mouse	0.339021890513	0	749	T	A
N0_Mouse	0.339075278661	0	732	C	G
N0_Mouse	0.340110027162	0	1057	G	T
N0_Mouse	0.340411768125	0	1322	C	A
N0_Mouse	0.340456615467	0	574	T	A
N0_Mouse	0.342273772755	0	5	C	A
N0_Mouse	0.342411375348	0	946	C	T
N0_Mouse	0.342551455183	0	247	A	G
N0_Mouse	0.343178471296	0	1051	G	A
N0_Mouse	0.344319641028	0	681	G	A
N0_Mouse	0.345227063638	0	1153	T	G
N0_Mouse	0.3453192923	0	32	T	C
N0_Mouse	0.346678371425	0	319	A	G
N0_Mouse	0.346730202658	0	598	G	T
N0_Mouse	0.347940509991	0	1402	G	A
N0_Mouse	0.348542334098	0	1373	T	C
N0_Mouse	0.349527661581	0	714	C	T
N0_Mouse	0.349828477626	0	336	G	T
N0_Mouse	0.350851997387	0	1509	T	C
N0_Mouse	0.351578900963	0	692	T	C
N0_Mouse	0.35173257515	0	255	C	G
N0_Mouse	0.35198546164	0	984	A	T
N0_Mouse	0.352232247887	0	844	T	C
N0_Mouse	0.352245553145	0	1316	A	T
N0_Mouse	0.353097694029	0	673	T	C
N0_Mouse	0.3539678164	0	1182	G	A
N0_Mouse	0.354314600131	0	372	A	T
N0_Mouse	0.354803196069	0	1056	C	T
N0_Mouse	0.355613723915	0	869	G	T
N0_Mouse	0.355653779591	0	297	C	T
N0_Mouse	0.355960240284	0	564	G	C
N0_Mouse	0.356552051638	0	1244	G	A
N0_Mouse	0.356776865153	0	983	G	A
N0_Mouse	0.356816340957	0	1470	T	C
N0_Mouse	0.356882026548	0	1249	G	C
N0_Mouse	0.357316971428	0	628	A	G
N0_Mouse	0.357434531065	0	575	C	T
N0_Mouse	0.357437642846	0	1566	T	A
N0_Mouse	0.35750066959	0	408	C	T
N0_Mouse	0.358090962912	0	1396	A	G
N0_Mouse	0.358199794597	0	1566	A	T
N0_Mouse	0.3597309869	0	147	A	G
N0_Mouse	0.360780766703	0	1480	A	G
N0_Mouse	0.360926247536	0	371	A	G
N0_Mouse	0.360927945548	0	818	G	C
N0_Mouse	0.360969336908	0	1219	G	A
N0_Mouse	0.361948592474	0	237	T	C
N0_Mouse	0.362042206197	0	147	G	A
N0_Mouse	0.363285171031	0	1133	T	A
N0_Mouse	0.363609783312	0	488	A	G
N0_Mouse	0.364333653263	0	570	A	T
N0_Mouse	0.367519603666	0	654	A	T
N0_Mouse	0.367786814082	0	513	G	A
N0_Mouse	0.368103940056	0	990	A	G
N0_Mouse	0.368330373821	0	1476	T	A
N0_Mouse	0.368342577612	0	1213	C	T
N0_Mouse	0.369221519399	0	679	C	T
N0_Mouse	0.369810967242	0	262	A	T
N0_Mouse	0.36990080146	0	1020	T	C
N0_Mouse	0.369949248936	0	1412	T	A
N0_Mouse	0.370075538032	0	250	A	G
N0_Mouse	0.370851423317	0	747	T	A
N0_Mouse	0.371060969439	0	357	T	A
N0_Mouse	0.371116636079	0	524	G	C
N0_Mouse	0.37497247501	0	615	A	G
N0_Mouse	0.375318710212	0	1537	T	C
N0_Mouse	0.375522427546	0	39	T	G
N0_Mouse	0.375531144061	0	1495	T	A
N0_Mouse	0.37563229519	0	1358	T	C
N0_Mouse	0.375651010318	0	1504	A	C
N0_Mouse	0.377074473947	0	1463	T	C
N0_Mouse	0.377321169826	0	331	C	A
N0_Mouse	0.377617368612	0	1065	C	T
N0_Mouse	0.378605393604	0	900	C	T
N0_Mouse	0.379791968581	0	955	G	T
N0_Mouse	0.38069726959	0	1358	C	T
N0_Mouse	0.380953206114	0	1213	T	A
N0_Mouse	0.381000900404	0	699	C	T
N0_Mouse	0.381693051312	0	870	A	C
N0_Mouse	0.383491533469	0	1383	A	T
N0_Mouse	0.383526064422	0	498	C	G
N0_Mouse	0.383548910889	0	1163	T	G
N0_Mouse	0.384527482696	0	1478	C	T
N0_Mouse	0.384628151893	0	858	T	C
N0_Mouse	0.385211899648	0	586	G	T
N0_Mouse	0.385608013648	0	227	G	A
N0_Mouse	0.386141540315	0	1413	A	G
N0_Mouse	0.387000014264	0	592	A	C
N0_Mouse	0.388160052217	0	373	A	G
N0_Mouse	0.388840477211	0	284	C	A
N0_Mouse	0.388894143235	0	514	A	T
N0_Mouse	0.389332345396	0	932	A	G
N0_Mouse	0.389407294916	0	907	G	A
N0_Mouse	0.389519344996	0	1023	T	C
N0_Mouse	0.389555098907	0	341	A	G
N0_Mouse	0.390149936412	0	1022	T	C
N0_Mouse	0.390533193451	0	739	A	T
N0_Mouse	0.390768748149	0	1546	T	G
N0_Mouse	0.39233185014	0	906	A	C
N0_Mouse	0.393339249222	0	927	G	T
N0_Mouse	0.393575061628	0	514	T	A
N0_Mouse	0.393689777366	0	155	G	T
N0_Mouse	0.393749083524	0	860	A	G
N0_Mouse	0.393950859133	0	807	A	C
N0_Mouse	0.394102537485	0	1215	C	G
N0_Mouse	0.394979648354	0	1050	C	G
N0_Mouse	0.398015406737	0	218	A	G
N0_Mouse	0.398276196367	0	149	A	T
N0_Mouse	0.399024171372	0	1226	T	G
N0_Mouse	0.400465639416	0	918	G	C
N0_Mouse	0.401906302541	0	1285	T	C
N0_Mouse	0.401978735563	0	1418	T	C
N0_Mouse	0.402149292157	0	239	G	C
N0_Mouse	0.402315031251	0	1154	C	A
N0_Mouse	0.402675588185	0	897	A	G
N0_Mouse	0.403456303142	0	993	T	C
N0_Mouse	0.404822116233	0	1034	G	A
N0_Mouse	0.405146041855	0	164	C	A
N0_Mouse	0.406646934739	0	882	T	C
N0_Mouse	0.406788190313	0	592	C	T
N0_Mouse	0.406884685275	0	1483	C	A
N0_Mouse	0.408785679772	0	211	A	G
N0_Mouse	0.409568011782	0	1025	C	A
N0_Mouse	0.410665564903	0	1174	C	G
N0_Mouse	0.411241903119	0	1486	A	G
N0_Mouse	0.411618803317	0	1325	G	C
N0_Mouse	0.411890634925	0	832	T	C
N0_Mouse	0.412530035818	0	941	T	G
N0_Mouse	0.412553527807	0	135	C	A
N0_Mouse	0.412604744279	0	595	G	A
N0_Mouse	0.412670857541	0	1209	C	G
N0_Mouse	0.413661484934	0	1205	T	G
N0_Mouse	0.413826762104	0	1337	G	C
N0_Mouse	0.414558295278	0	582	T	G
N0_Mouse	0.414834429154	0	1112	T	G
N0_Mouse	0.417172266657	0	1363	A	G
N0_Mouse	0.417437336229	0	717	G	A
N0_Mouse	0.419977785713	0	324	C	A
N0_Mouse	0.42012580003	0	1206	T	G
N0_Mouse	0.420183654292	0	1563	A	T
N0_Mouse	0.420436390406	0	835	C	T
N0_Mouse	0.420756729786	0	192	T	A
N0_Mouse	0.421955044978	0	771	T	C
N0_Mouse	0.42273033881	0	341	G	A
N0_Mouse	0.424259110524	0	138	T	G
N0_Mouse	0.424782599265	0	416	G	T
N0_Mouse	0.426166381554	0	582	G	A
N0_Mouse	0.427010480816	0	605	C	T
N0_Mouse	0.427151856906	0	1124	C	A
N0_Mouse	0.429501093902	0	724	G	T
N0_Mouse	0.429512398137	0	524	C	T
N0_Mouse	0.430818179629	0	1345	C	G
N0_Mouse	0.432007682337	0	1283	A	C
N0_Mouse	0.432810184384	0	1031	C	T
N0_Mouse	0.433647903368	0	297	T	C
N0_Mouse	0.434406638817	0	1575	C	G
N0_Mouse	0.435432408741	0	262	T	C
N0_Mouse	0.436259559374	0	715	T	A
N0_Mouse	0.4365066028	0	1279	A	G
N0_Mouse	0.436517435235	0	1399	C	T
N0_Mouse	0.437207421514	0	138	G	A
N0_Mouse	0.438048211025	0	1209	G	T
N0_Mouse	0.43920401781	0	902	G	C
N0_Mouse	0.439493638113	0	721	A	G
N0_Mouse	0.439965627511	0	171	A	C
N0_Mouse	0.440206331367	0	979	T	G
N0_Mouse	0.440609270946	0	1201	A	G
N0_Mouse	0.44066657127	0	800	A	G
N0_Mouse	0.440989775151	0	764	C	T
N0_Mouse	0.441339413715	0	127	A	T
N0_Mouse	0.441809048974	0	1564	G	A
N0_Mouse	0.442317075603	0	885	T	C
N0_Mouse	0.442413870105	0	1070	T	C
N0_Mouse	0.442753096958	0	48	T	C
N0_Mouse	0.443073576183	0	276	G	A
N0_Mouse	0.443683545829	0	185	C	T
N0_Mouse	0.443921556657	0	889	C	T
N0_Mouse	0.444380332405	0	1204	T	G
N0_Mouse	0.444504284157	0	184	A	C
N0_Mouse	0.446066789527	0	394	G	C
N0_Mouse	0.446112797249	0	1357	G	T
N0_Mouse	0.44691461569	0	655	T	C
N0_Mouse	0.447296343539	0	1141	G	A
N0_Mouse	0.447403852744	0	828	A	T
N0_Mouse	0.448163018497	0	1012	T	A
N0_Mouse	0.448313759912	0	951	A	T
