edge	time	orlg_from	orlg_to	tract_length	start_pos	stop_pos	num_diff	template_seq	overide_seq
D1_N1	0.000790323880831	2	1	1	1010	1010	0	G	G
D1_N1	0.00166703286368	2	1	1	946	946	0	A	A
D1_N1	0.00217849566015	1	2	1	1264	1264	0	G	G
D1_N1	0.00340540467704	1	2	1	1409	1409	0	T	T
D1_N1	0.0049845114012	2	1	1	781	781	0	G	G
D1_N1	0.00562822278482	2	1	1	142	142	0	A	A
D1_N1	0.00614314372549	2	1	1	882	882	0	G	G
D1_N1	0.00805889377195	1	2	1	1382	1382	0	C	C
D1_N1	0.00902832603953	2	1	1	929	929	0	T	T
D1_N1	0.00922836723036	2	1	1	744	744	0	A	A
D1_N1	0.00928677154061	1	2	1	1209	1209	0	C	C
D1_N1	0.0101749455491	2	1	1	1071	1071	0	T	T
D1_N1	0.0109352079426	2	1	1	1153	1153	0	T	T
D1_N1	0.011059868295	2	1	1	557	557	0	A	A
D1_N1	0.0117331287686	2	1	1	745	745	0	T	T
D1_N1	0.0125141986556	2	1	1	1051	1051	0	G	G
D1_N1	0.0137860704393	1	2	1	80	80	0	T	T
D1_N1	0.014207467588	2	1	1	1108	1108	0	A	A
D1_N1	0.0148812024031	2	1	1	906	906	0	T	T
D1_N1	0.0151561666616	1	2	1	923	923	0	T	T
D1_N1	0.0163270862311	2	1	1	1115	1115	0	C	C
D1_N1	0.0164839932399	1	2	1	1001	1001	0	T	T
D1_N1	0.017406954227	2	1	1	90	90	0	G	G
D1_N1	0.0174352660941	1	2	1	1252	1252	0	C	C
D1_N1	0.0186828290253	2	1	1	3	3	0	T	T
D1_N1	0.0187637131657	2	1	1	229	229	0	T	T
D1_N1	0.0196408226278	2	1	1	491	491	0	A	A
D1_N1	0.019844381487	2	1	1	1484	1484	0	C	C
D1_N1	0.0200747845521	2	1	1	926	926	0	G	G
D1_N1	0.0216926041387	1	2	1	1330	1330	0	T	T
D1_N1	0.0220463876603	1	2	1	82	82	0	G	G
D1_N1	0.0227625316208	2	1	1	17	17	0	T	T
D1_N1	0.0229547998796	2	1	1	1141	1141	0	A	A
D1_N1	0.0232884586187	1	2	1	322	322	0	T	T
D1_N1	0.0244547930074	1	2	1	1335	1335	0	G	G
D1_N1	0.0258180186291	2	1	1	664	664	0	A	A
D1_N1	0.0283106474824	1	2	1	1031	1031	0	C	C
D1_N1	0.0297523218338	2	1	1	1094	1094	0	G	G
D1_N1	0.0298175992083	1	2	1	18	18	0	G	G
D1_N1	0.0299427959295	1	2	1	1508	1508	0	C	C
D1_N1	0.0301300561143	1	2	1	378	378	0	G	G
D1_N1	0.0301515148813	2	1	1	1315	1315	0	G	G
D1_N1	0.0302815750456	1	2	1	680	680	0	A	A
D1_N1	0.0316634488307	2	1	1	1387	1387	0	A	A
D1_N1	0.0332779638159	2	1	1	1085	1085	0	T	T
D1_N1	0.0344616200252	2	1	1	23	23	0	A	A
D1_N1	0.034683025641	1	2	1	1542	1542	0	G	G
D1_N1	0.0352495144496	2	1	1	672	672	0	G	G
D1_N1	0.0362979681251	2	1	1	446	446	0	G	G
D1_N1	0.0363952158552	1	2	1	397	397	0	T	T
D1_N1	0.0366306262163	2	1	1	1271	1271	0	T	T
D1_N1	0.0367700744926	2	1	1	1407	1407	0	T	T
D1_N1	0.0371086003524	2	1	1	946	946	0	A	A
D1_N1	0.0371432842643	2	1	1	1107	1107	0	A	A
D1_N1	0.0383164115745	2	1	1	645	645	1	T	C
D1_N1	0.040170028265	1	2	1	291	291	0	A	A
D1_N1	0.0405989494277	1	2	1	1551	1551	1	A	T
D1_N1	0.0407062869305	2	1	1	4	4	0	A	A
D1_N1	0.040782837129	1	2	1	717	717	1	G	A
D1_N1	0.0412784336754	1	2	1	776	776	0	T	T
D1_N1	0.0419728176109	1	2	1	938	938	0	T	T
D1_N1	0.0427940241133	1	2	1	1212	1212	0	T	T
D1_N1	0.0432728002467	1	2	1	1276	1276	0	G	G
D1_N1	0.0440037128835	2	1	1	734	734	0	C	C
D1_N1	0.044066573692	1	2	1	75	75	0	C	C
D1_N1	0.0444009585058	2	1	1	673	673	0	T	T
D1_N1	0.0444698974167	1	2	1	1152	1152	1	C	T
D1_N1	0.0448869494033	1	2	1	266	266	0	T	T
D1_N1	0.0449928534729	1	2	1	271	271	0	G	G
D1_N1	0.0478415721606	1	2	1	752	752	0	G	G
D1_N1	0.0480388773665	1	2	1	576	576	0	C	C
D1_N1	0.04814183617	1	2	1	749	749	0	T	T
D1_N1	0.0483630853614	1	2	1	145	145	0	G	G
D1_N1	0.0488215491157	2	1	1	239	239	0	G	G
D1_N1	0.0508927765193	2	1	1	164	164	0	C	C
D1_N1	0.0509202874354	1	2	1	375	375	0	T	T
D1_N1	0.0529544682192	1	2	1	998	998	0	T	T
D1_N1	0.0535371872501	2	1	1	37	37	0	G	G
D1_N1	0.0540427965747	2	1	1	242	242	0	G	G
D1_N1	0.0549978795422	2	1	1	209	209	0	G	G
D1_N1	0.0565302667415	1	2	1	968	968	0	G	G
D1_N1	0.0574049222193	1	2	1	1185	1185	0	C	C
D1_N1	0.058778723678	1	2	1	1299	1299	1	C	T
D1_N1	0.0599800551981	2	1	1	1073	1073	0	G	G
D1_N1	0.0601243304454	1	2	1	903	903	0	A	A
D1_N1	0.0601791546065	2	1	1	234	234	0	A	A
D1_N1	0.061585708534	1	2	1	312	312	0	T	T
D1_N1	0.0617644727308	1	2	1	1040	1040	0	T	T
D1_N1	0.0630443942877	2	1	1	994	994	0	T	T
D1_N1	0.063068282638	2	1	1	474	474	1	T	G
D1_N1	0.0634118511628	1	2	1	191	191	0	C	C
D1_N1	0.0635619581841	1	2	1	721	721	0	G	G
D1_N1	0.0644640439524	1	2	1	1447	1447	0	A	A
D1_N1	0.0645160672851	1	2	1	896	896	1	T	C
D1_N1	0.0663809092758	2	1	1	737	737	0	T	T
D1_N1	0.0677350618517	2	1	1	1032	1032	0	A	A
D1_N1	0.0685712337633	2	1	1	583	583	0	G	G
D1_N1	0.0700584075542	1	2	1	232	232	0	G	G
D1_N1	0.0701272904543	2	1	1	1566	1566	0	T	T
D1_N1	0.0704733527723	2	1	1	1191	1191	0	T	T
D1_N1	0.0711802814085	2	1	1	316	316	0	A	A
D1_N1	0.0723927239246	2	1	1	255	255	0	C	C
D1_N1	0.0728967041479	2	1	1	1096	1096	0	T	T
D1_N1	0.073764715865	1	2	1	67	67	1	G	A
D1_N1	0.0749570737795	2	1	1	657	657	0	T	T
D1_N1	0.0756043680573	2	1	1	837	837	0	T	T
D1_N1	0.0768860729495	1	2	1	1530	1530	0	G	G
D1_N1	0.0770148664602	1	2	1	1531	1531	0	T	T
D1_N1	0.0774853285764	2	1	1	821	821	0	T	T
D1_N1	0.0805688437027	1	2	1	500	500	1	T	G
D1_N1	0.080626927303	2	1	1	658	658	0	T	T
D1_N1	0.0832868066145	2	1	1	902	902	0	A	A
D1_N1	0.0833197271109	1	2	1	908	908	0	T	T
D1_N1	0.0863138178601	2	1	1	146	146	0	G	G
D1_N1	0.0863758121784	1	2	1	1550	1550	0	G	G
D1_N1	0.0865614551872	2	1	1	148	148	0	C	C
D1_N1	0.0866260422626	1	2	1	659	659	1	A	G
D1_N1	0.0868838679498	2	1	1	865	865	0	T	T
D1_N1	0.0887405971457	1	2	1	1570	1570	0	A	A
D1_N1	0.0888580772593	2	1	1	1556	1556	0	G	G
D1_N1	0.0890492861804	1	2	1	536	536	0	T	T
D1_N1	0.0894648246573	1	2	1	1233	1233	0	C	C
D1_N1	0.0895977373085	2	1	1	1510	1510	0	T	T
D1_N1	0.0899676398182	2	1	1	357	357	0	A	A
D1_N1	0.0903331630013	1	2	1	1262	1262	0	G	G
D1_N1	0.0913343341306	2	1	1	626	626	0	C	C
D1_N1	0.0913344817131	1	2	1	776	776	0	T	T
D1_N1	0.0915557112509	2	1	1	1568	1568	0	A	A
D1_N1	0.0920499936711	2	1	1	459	459	0	C	C
D1_N1	0.0927381177405	2	1	1	835	835	1	C	T
D1_N1	0.0944147294936	1	2	1	115	115	0	A	A
D1_N1	0.0956352006219	2	1	1	918	918	0	A	A
D1_N1	0.0957179052825	2	1	1	153	153	0	C	C
D1_N1	0.0957908550215	1	2	1	571	571	0	T	T
D1_N1	0.0957957521535	2	1	1	769	769	0	T	T
D1_N1	0.0961372795342	1	2	1	1391	1391	0	A	A
D1_N1	0.102120347954	1	2	1	805	805	0	A	A
D1_N1	0.103715959526	2	1	1	1524	1524	0	A	A
D1_N1	0.103983067385	1	2	1	738	738	0	C	C
D1_N1	0.106691094029	1	2	1	447	447	1	T	C
D1_N1	0.108035177935	1	2	1	745	745	1	T	A
D1_N1	0.108634728592	1	2	1	89	89	0	A	A
D1_N1	0.109105871027	2	1	1	851	851	1	G	C
D1_N1	0.109367590606	1	2	1	481	481	1	A	G
D1_N1	0.109553542043	1	2	1	1143	1143	0	A	A
D1_N1	0.110262364265	1	2	1	633	633	0	A	A
D1_N1	0.111007939423	2	1	1	807	807	1	G	T
D1_N1	0.111361945508	2	1	1	240	240	0	T	T
D1_N1	0.112050418451	1	2	1	1422	1422	0	T	T
D1_N1	0.112608267224	1	2	1	1096	1096	0	T	T
D1_N1	0.113306185179	2	1	1	1095	1095	0	A	A
D1_N1	0.113706668754	1	2	1	832	832	0	T	T
D1_N1	0.113714632909	2	1	1	17	17	0	T	T
D1_N1	0.11442261096	2	1	1	190	190	0	A	A
D1_N1	0.114441735665	2	1	1	142	142	0	A	A
D1_N1	0.114672816623	1	2	1	541	541	1	T	C
D1_N1	0.114985707173	2	1	1	1072	1072	0	T	T
D1_N1	0.115810413902	2	1	1	641	641	0	A	A
D1_N1	0.11592962171	2	1	1	515	515	0	T	T
D1_N1	0.11596953465	1	2	1	863	863	0	T	T
D1_N1	0.116248843782	1	2	1	73	73	1	A	G
D1_N1	0.11775676675	1	2	1	7	7	0	C	C
D1_N1	0.120228677798	1	2	1	328	328	1	A	G
D1_N1	0.121192950161	1	2	1	940	940	0	A	A
D1_N1	0.121405405516	2	1	1	1252	1252	0	C	C
D1_N1	0.122530185341	2	1	1	205	205	0	T	T
D1_N1	0.123138578385	2	1	1	565	565	1	A	G
D1_N1	0.123356151444	1	2	1	281	281	0	G	G
D1_N1	0.124357258051	2	1	1	1014	1014	0	A	A
D1_N1	0.124500702965	2	1	1	535	535	0	A	A
D1_N1	0.124594260611	2	1	1	787	787	0	T	T
D1_N1	0.125173449776	1	2	1	797	797	1	A	T
D1_N1	0.125552619306	1	2	1	255	255	0	C	C
D1_N1	0.125864786226	2	1	1	199	199	0	G	G
D1_N1	0.129263471109	1	2	1	781	781	0	G	G
D1_N1	0.129350768955	2	1	1	1077	1077	0	A	A
D1_N1	0.130301486288	2	1	1	732	732	1	T	C
D1_N1	0.130641418306	2	1	1	525	525	0	A	A
D1_N1	0.134595229568	1	2	1	1355	1355	0	A	A
D1_N1	0.136895780713	1	2	1	859	859	1	A	G
D1_N1	0.137291295861	1	2	1	1287	1287	0	C	C
D1_N1	0.13758440104	2	1	1	920	920	0	G	G
D1_N1	0.13973294363	2	1	1	1239	1239	0	T	T
D1_N1	0.14063699668	1	2	1	1189	1189	0	T	T
D1_N1	0.142194525641	1	2	1	245	245	0	C	C
D1_N1	0.14234719555	1	2	1	854	854	1	A	T
D1_N1	0.142534475021	1	2	1	788	788	0	G	G
D1_N1	0.142558018321	2	1	1	138	138	1	T	C
D1_N1	0.142711007807	1	2	1	1093	1093	0	C	C
D1_N1	0.143100670667	2	1	1	114	114	0	T	T
D1_N1	0.143378590277	1	2	1	756	756	1	A	C
D1_N1	0.143499908934	2	1	1	681	681	0	A	A
D1_N1	0.143524855332	1	2	1	731	731	0	A	A
D1_N1	0.143817199055	2	1	1	984	984	1	T	C
D1_N1	0.144116055445	2	1	1	429	429	0	C	C
D1_N1	0.146057023978	2	1	1	1048	1048	0	C	C
D1_N1	0.146680775523	1	2	1	246	246	0	G	G
D1_N1	0.146710962561	2	1	1	1309	1309	0	G	G
D1_N1	0.146878979626	2	1	1	1246	1246	0	A	A
D1_N1	0.147964909735	1	2	1	957	957	0	T	T
D1_N1	0.147997878723	1	2	1	1573	1573	0	T	T
D1_N1	0.148109384805	2	1	1	6	6	1	C	T
D1_N1	0.149227722762	1	2	1	708	708	0	A	A
D1_N1	0.149663403781	2	1	1	327	327	0	G	G
D1_N1	0.14995706503	1	2	1	911	911	0	T	T
D1_N1	0.151588429466	2	1	1	866	866	0	C	C
D1_N1	0.15169023709	1	2	1	200	200	1	A	T
D1_N1	0.151948414611	1	2	1	928	928	0	C	C
D1_N1	0.152442253358	2	1	1	850	850	0	T	T
D1_N1	0.152600135567	2	1	1	1133	1133	0	T	T
D1_N1	0.154220736306	2	1	1	1442	1442	1	T	A
D1_N1	0.154390701327	2	1	1	773	773	0	T	T
D1_N1	0.154934371313	1	2	1	782	782	0	T	T
D1_N1	0.15672784779	1	2	1	399	399	0	C	C
D1_N1	0.156843302185	2	1	1	396	396	0	T	T
D1_N1	0.157129528992	2	1	1	1473	1473	0	T	T
D1_N1	0.157206725238	1	2	1	1188	1188	0	A	A
D1_N1	0.157869913677	1	2	1	477	477	0	T	T
D1_N1	0.158540705325	1	2	1	457	457	0	A	A
D1_N1	0.159162825115	2	1	1	1066	1066	1	T	G
D1_N1	0.159365000703	2	1	1	1353	1353	0	A	A
D1_N1	0.160007089526	1	2	1	1138	1138	0	T	T
D1_N1	0.16315726996	1	2	1	1471	1471	0	T	T
D1_N1	0.163183401528	2	1	1	961	961	1	C	T
D1_N1	0.163517528917	2	1	1	375	375	0	T	T
D1_N1	0.163951517745	1	2	1	1201	1201	0	A	A
D1_N1	0.165733167149	2	1	1	609	609	0	A	A
D1_N1	0.165752240805	2	1	1	1021	1021	1	T	C
D1_N1	0.16699831514	2	1	1	788	788	0	G	G
D1_N1	0.167164826207	2	1	1	365	365	1	C	T
D1_N1	0.167340961088	1	2	1	1057	1057	0	G	G
D1_N1	0.167630843471	1	2	1	493	493	1	G	T
D1_N1	0.167727447894	1	2	1	1229	1229	0	G	G
D1_N1	0.168054140228	2	1	1	997	997	0	G	G
D1_N1	0.169550763616	2	1	1	866	866	0	C	C
D1_N1	0.170369675028	1	2	1	1266	1266	0	T	T
D1_N1	0.173596485777	1	2	1	1545	1545	1	G	T
D1_N1	0.173807152203	2	1	1	830	830	0	G	G
D1_N1	0.173847340688	2	1	1	589	589	0	A	A
D1_N1	0.175269830741	2	1	1	1212	1212	0	T	T
D1_N1	0.176727942501	1	2	1	1530	1530	0	G	G
D1_N1	0.178330108844	1	2	1	1368	1368	0	G	G
D1_N1	0.178520018331	1	2	1	1522	1522	0	A	A
D1_N1	0.178585149412	1	2	1	1208	1208	0	A	A
D1_N1	0.178610598849	2	1	1	412	412	1	A	T
D1_N1	0.17946531348	1	2	1	1457	1457	1	G	C
D1_N1	0.180821639568	1	2	1	923	923	0	T	T
D1_N1	0.181406784531	1	2	1	894	894	0	A	A
D1_N1	0.181968283361	2	1	1	1414	1414	0	T	T
D1_N1	0.182081314635	2	1	1	708	708	0	A	A
D1_N1	0.184340325549	2	1	1	1196	1196	1	T	C
D1_N1	0.184789813085	2	1	1	1084	1084	0	T	T
D1_N1	0.185752199842	2	1	1	420	420	0	A	A
D1_N1	0.185926967384	1	2	1	644	644	0	T	T
D1_N1	0.18689335589	2	1	1	1563	1563	0	A	A
D1_N1	0.187548054871	2	1	1	388	388	1	G	C
D1_N1	0.187970391728	2	1	1	184	184	0	A	A
D1_N1	0.189335321038	1	2	1	715	715	1	C	T
D1_N1	0.189587364234	1	2	1	1299	1299	1	C	G
D1_N1	0.19018174898	2	1	1	451	451	0	C	C
D1_N1	0.190202710319	1	2	1	1065	1065	0	T	T
D1_N1	0.190205930034	1	2	1	656	656	1	G	A
D1_N1	0.191258960477	1	2	1	1280	1280	1	G	A
D1_N1	0.191747445208	2	1	1	701	701	0	A	A
D1_N1	0.191925133961	1	2	1	975	975	0	T	T
D1_N1	0.193020746883	2	1	1	1223	1223	0	T	T
D1_N1	0.193296079946	2	1	1	518	518	0	C	C
D1_N1	0.193826290862	1	2	1	1291	1291	0	A	A
D1_N1	0.195462940352	1	2	1	976	976	1	T	G
D1_N1	0.196871668165	1	2	1	880	880	0	G	G
D1_N1	0.198907319137	2	1	1	549	549	0	A	A
D1_N1	0.199301093854	1	2	1	398	398	0	G	G
D1_N1	0.199327224483	1	2	1	992	992	0	G	G
D1_N1	0.199469273343	2	1	1	1205	1205	1	T	C
D1_N1	0.200197672971	1	2	1	66	66	0	T	T
D1_N1	0.200419652198	1	2	1	726	726	0	T	T
D1_N1	0.200685024297	1	2	1	1327	1327	0	T	T
D1_N1	0.200742548478	1	2	1	1234	1234	0	A	A
D1_N1	0.201304316409	1	2	1	339	339	0	A	A
D1_N1	0.201589901686	2	1	1	770	770	0	C	C
D1_N1	0.202914178886	1	2	1	623	623	0	C	C
D1_N1	0.203068682299	2	1	1	502	502	0	A	A
D1_N1	0.203139195925	2	1	1	977	977	1	A	T
D1_N1	0.203682545856	2	1	1	1128	1128	1	C	G
D1_N1	0.204658498162	2	1	1	16	16	1	A	G
D1_N1	0.205226615297	1	2	1	817	817	1	C	A
D1_N1	0.206873023811	1	2	1	216	216	0	T	T
D1_N1	0.207504617657	2	1	1	1121	1121	0	C	C
D1_N1	0.20819199952	1	2	1	623	623	0	C	C
D1_N1	0.208343331411	1	2	1	1135	1135	0	T	T
D1_N1	0.208929829451	1	2	1	672	672	0	G	G
D1_N1	0.209386041369	1	2	1	1343	1343	1	G	T
D1_N1	0.209862362169	1	2	1	257	257	0	G	G
D1_N1	0.209881325848	1	2	1	994	994	0	T	T
D1_N1	0.210392895504	2	1	1	119	119	1	A	T
D1_N1	0.211566095179	1	2	1	920	920	0	G	G
D1_N1	0.211725566027	2	1	1	1024	1024	1	A	G
D1_N1	0.213969422207	2	1	1	1410	1410	0	T	T
D1_N1	0.214545673376	1	2	1	1050	1050	0	C	C
D1_N1	0.214551756863	2	1	1	216	216	0	T	T
D1_N1	0.214984612542	1	2	1	1055	1055	0	C	C
D1_N1	0.215976499123	1	2	1	986	986	1	G	T
D1_N1	0.216271835489	2	1	1	856	856	0	T	T
D1_N1	0.216424090166	1	2	1	695	695	0	C	C
D1_N1	0.21658569713	1	2	1	1009	1009	0	G	G
D1_N1	0.218422382306	2	1	1	458	458	0	C	C
D1_N1	0.220775564965	2	1	1	614	614	1	A	T
D1_N1	0.222077779702	2	1	1	1124	1124	0	T	T
D1_N1	0.222402630944	1	2	1	617	617	1	A	T
D1_N1	0.225724692282	1	2	1	1454	1454	0	A	A
D1_N1	0.225888739989	1	2	1	202	202	0	C	C
D1_N1	0.226570186915	2	1	1	387	387	0	T	T
D1_N1	0.226762045541	1	2	1	436	436	0	A	A
D1_N1	0.227582308049	2	1	1	20	20	0	C	C
D1_N1	0.227609818552	2	1	1	320	320	0	T	T
D1_N1	0.230866834791	2	1	1	718	718	0	T	T
D1_N1	0.231242531328	1	2	1	1012	1012	0	T	T
D1_N1	0.231728610692	2	1	1	172	172	1	A	C
D1_N1	0.23239778808	1	2	1	1336	1336	0	G	G
N1_N2	0.000302775979926	2	1	1	105	105	0	T	T
N1_N2	0.000481291041223	1	2	1	316	316	0	A	A
N1_N2	0.000572254226444	2	1	1	889	889	0	C	C
N1_N2	0.000734011872307	1	2	1	581	581	0	A	A
N1_N2	0.00106198529312	2	1	1	1246	1246	1	T	A
N1_N2	0.00144460789988	1	2	1	589	589	0	A	A
N1_N2	0.00249673142209	2	1	1	1023	1023	0	T	T
N1_N2	0.00271506118409	1	2	1	348	348	0	G	G
N1_N2	0.00362675978085	2	1	1	732	732	1	T	A
N1_N2	0.00382303051348	1	2	1	1054	1054	0	A	A
N1_N2	0.0043768612798	2	1	1	292	292	0	A	A
N1_N2	0.00498512319868	1	2	1	1186	1186	0	G	G
N1_N2	0.00556846484478	1	2	1	1221	1221	1	A	G
N1_N2	0.00561166405352	2	1	1	10	10	0	A	A
N1_N2	0.0092916029064	1	2	1	1161	1161	0	C	C
N1_N2	0.0107297682504	1	2	1	732	732	0	T	T
N1_N2	0.0107390219093	2	1	1	450	450	0	G	G
N1_N2	0.0108806818985	2	1	1	525	525	0	A	A
N1_N2	0.0117284372863	2	1	1	1441	1441	0	G	G
N1_N2	0.0147727513042	2	1	1	115	115	1	A	T
N1_N2	0.0151009028735	2	1	1	757	757	0	T	T
N2_N3	7.88959870175e-05	2	1	1	286	286	1	G	A
N2_N3	0.000563551951813	2	1	1	359	359	1	A	G
N2_N3	0.00246959324671	1	2	1	579	579	1	G	A
N2_N3	0.00415164471876	2	1	1	802	802	1	A	T
N2_N3	0.0043067737226	2	1	1	1170	1170	0	A	A
N2_N3	0.00432010120103	1	2	1	346	346	0	T	T
N2_N3	0.00631543311206	2	1	1	298	298	0	G	G
N2_N3	0.00639945044551	1	2	1	567	567	0	T	T
N3_N4	0.00038512045988	2	1	1	1089	1089	0	A	A
N3_N4	0.00111519400903	1	2	1	268	268	1	A	T
N3_N4	0.00140847516232	1	2	1	317	317	0	T	T
N3_N4	0.00663264296035	2	1	1	1045	1045	0	A	A
N3_N4	0.00673153238815	1	2	1	421	421	1	A	T
N4_Human	0.0018490021211	1	2	1	1354	1354	1	A	G
N4_Human	0.00277185218138	2	1	1	976	976	0	T	T
N4_Human	0.00362415586015	2	1	1	148	148	1	T	C
N4_Human	0.0042358747633	2	1	1	69	69	0	C	C
N4_Human	0.00459505471558	1	2	1	1391	1391	1	G	A
N4_Human	0.00482479178636	1	2	1	83	83	0	A	A
N4_Human	0.00633652680669	1	2	1	682	682	0	T	T
N4_Human	0.00688164665584	1	2	1	1046	1046	0	T	T
N4_Human	0.00770067479577	1	2	1	1504	1504	1	G	A
N4_Human	0.00784480856007	2	1	1	111	111	0	A	A
N4_Human	0.00931896780881	2	1	1	545	545	1	G	T
N4_Human	0.0095286024231	1	2	1	519	519	1	C	G
N4_Human	0.0100634272095	1	2	1	1093	1093	0	C	C
N4_Chimp	0.00117184735925	1	2	1	209	209	0	T	T
N4_Chimp	0.00182507308126	2	1	1	963	963	1	T	G
N4_Chimp	0.00214336311205	2	1	1	1069	1069	1	A	G
N4_Chimp	0.00256285284037	1	2	1	1516	1516	1	T	A
N4_Chimp	0.00266439001278	1	2	1	560	560	1	G	T
N4_Chimp	0.00283591076677	2	1	1	136	136	0	A	A
N4_Chimp	0.00361098795375	2	1	1	1333	1333	0	T	T
N4_Chimp	0.00386923790803	2	1	1	1040	1040	0	T	T
N4_Chimp	0.00422458095699	2	1	1	806	806	1	G	C
N4_Chimp	0.00465512594097	1	2	1	638	638	0	G	G
N4_Chimp	0.00655222176477	2	1	1	802	802	0	A	A
N4_Chimp	0.00698604752312	1	2	1	1332	1332	1	G	A
N4_Chimp	0.00700757381933	1	2	1	853	853	1	G	A
N4_Chimp	0.00701812593189	2	1	1	987	987	1	G	C
N4_Chimp	0.0071962652791	2	1	1	988	988	0	T	T
N4_Chimp	0.00776244265455	1	2	1	596	596	0	G	G
N4_Chimp	0.00877868358005	1	2	1	757	757	0	T	T
N4_Chimp	0.0106419686655	2	1	1	514	514	0	A	A
N3_Goril	2.7393775658e-05	2	1	1	19	19	0	C	C
N3_Goril	0.000717094504891	2	1	1	1071	1071	1	T	C
N3_Goril	0.00225118884376	2	1	1	314	314	0	T	T
N3_Goril	0.00309446453108	2	1	1	314	314	0	T	T
N3_Goril	0.00350960750498	1	2	1	918	918	1	T	G
N3_Goril	0.00510858506109	1	2	1	1166	1166	1	G	A
N3_Goril	0.00591560952647	1	2	1	1017	1017	1	C	A
N3_Goril	0.00986426914664	2	1	1	959	959	0	G	G
N3_Goril	0.0106860759238	1	2	1	1011	1011	0	A	A
N3_Goril	0.0111144297587	2	1	1	515	515	0	T	T
N3_Goril	0.0127108546292	1	2	1	190	190	0	A	A
N3_Goril	0.0133780583055	2	1	1	1508	1508	0	C	C
N3_Goril	0.013935584802	2	1	1	433	433	1	C	A
N3_Goril	0.0139731856367	2	1	1	509	509	1	A	G
N3_Goril	0.0140766673455	2	1	1	889	889	0	C	C
N3_Goril	0.0150495604921	1	2	1	638	638	0	G	G
N3_Goril	0.0155376912882	2	1	1	602	602	0	G	G
N3_Goril	0.0162304865405	2	1	1	1469	1469	0	A	A
N3_Goril	0.0167173693497	1	2	1	1212	1212	0	T	T
N3_Goril	0.0177903523813	1	2	1	660	660	0	T	T
N3_Goril	0.0185458071041	1	2	1	319	319	0	A	A
N3_Goril	0.0189363990129	1	2	1	1246	1246	0	T	T
N2_Orang	0.00155690278067	1	2	1	1078	1078	1	T	A
N2_Orang	0.00172005172044	1	2	1	705	705	0	T	T
N2_Orang	0.00448279667861	1	2	1	904	904	1	A	G
N2_Orang	0.00486745155849	2	1	1	628	628	0	A	A
N2_Orang	0.00507097148847	2	1	1	420	420	0	A	A
N2_Orang	0.00546659933097	2	1	1	316	316	0	A	A
N2_Orang	0.00712129827441	1	2	1	715	715	0	C	C
N2_Orang	0.0110520299039	2	1	1	416	416	0	G	G
N2_Orang	0.0122105225605	2	1	1	842	842	1	G	A
N2_Orang	0.0131188598811	2	1	1	89	89	0	A	A
N2_Orang	0.0131338379982	2	1	1	79	79	1	T	G
N2_Orang	0.0175048191056	1	2	1	681	681	0	A	A
N2_Orang	0.0178845288691	1	2	1	738	738	1	T	C
N1_Macaq	0.000499987154723	1	2	1	140	140	1	C	A
N1_Macaq	0.000719776461058	1	2	1	417	417	0	T	T
N1_Macaq	0.00126467049574	1	2	1	861	861	1	T	C
N1_Macaq	0.00131069225861	2	1	1	24	24	0	T	T
N1_Macaq	0.0013715695865	2	1	1	546	546	0	T	T
N1_Macaq	0.00180362461411	1	2	1	984	984	0	T	T
N1_Macaq	0.0018907321066	1	2	1	880	880	0	G	G
N1_Macaq	0.00199623983759	2	1	1	356	356	0	A	A
N1_Macaq	0.00262475962052	2	1	1	656	656	0	G	G
N1_Macaq	0.00388748538644	2	1	1	279	279	1	C	T
N1_Macaq	0.00726640829217	2	1	1	1045	1045	0	A	A
N1_Macaq	0.00750261760894	2	1	1	1527	1527	0	G	G
N1_Macaq	0.00828100669688	2	1	1	110	110	1	A	T
N1_Macaq	0.00974846269464	1	2	1	674	674	1	T	A
N1_Macaq	0.010178682738	1	2	1	26	26	0	A	A
N1_Macaq	0.0109690342515	2	1	1	1398	1398	1	G	T
N1_Macaq	0.0115334531052	2	1	1	1221	1221	1	G	A
N1_Macaq	0.0118028529032	1	2	1	1260	1260	1	G	T
N1_Macaq	0.0127688352365	2	1	1	550	550	0	G	G
N1_Macaq	0.01320898289	2	1	1	1494	1494	1	G	A
N1_Macaq	0.0155220163223	1	2	1	906	906	0	T	T
N1_Macaq	0.0164620863929	2	1	1	104	104	0	A	A
N1_Macaq	0.016849702513	2	1	1	838	838	0	T	T
N1_Macaq	0.0179080115905	1	2	1	1158	1158	0	G	G
N1_Macaq	0.0179465557747	2	1	1	412	412	0	A	A
N1_Macaq	0.0182313056951	1	2	1	1578	1578	0	T	T
N1_Macaq	0.0191934315283	2	1	1	1380	1380	1	G	A
N1_Macaq	0.0193242053771	2	1	1	626	626	0	C	C
N1_Macaq	0.019548250967	2	1	1	1372	1372	0	T	T
N1_Macaq	0.0201276903915	2	1	1	843	843	1	A	T
N1_Macaq	0.0207649529409	1	2	1	878	878	0	C	C
N1_Macaq	0.0207973950071	2	1	1	424	424	1	C	A
N1_Macaq	0.0233756113294	2	1	1	1414	1414	0	T	T
N1_Macaq	0.0235533597915	1	2	1	281	281	0	G	G
N1_Macaq	0.0241786923703	2	1	1	1356	1356	0	T	T
N1_Macaq	0.024573320299	2	1	1	816	816	0	C	C
N1_Macaq	0.0245988657037	2	1	1	1390	1390	0	C	C
N1_Macaq	0.0246754958211	2	1	1	71	71	1	T	G
N1_Macaq	0.0262492964984	1	2	1	586	586	1	G	T
N1_Macaq	0.0263907682963	2	1	1	1157	1157	0	T	T
N1_Macaq	0.02738056095	2	1	1	126	126	0	A	A
N1_Macaq	0.0286448067275	2	1	1	881	881	0	T	T
N1_Macaq	0.0288860324015	2	1	1	866	866	0	C	C
N1_Macaq	0.0289231650564	1	2	1	1396	1396	0	A	A
N1_Macaq	0.0303800502858	1	2	1	570	570	0	G	G
N1_Macaq	0.0304293406646	1	2	1	1302	1302	1	T	C
N1_Macaq	0.030534599129	2	1	1	1118	1118	0	A	A
N1_Macaq	0.0311816375633	2	1	1	1391	1391	1	A	G
N1_Macaq	0.0316986821449	1	2	1	124	124	0	T	T
N1_Macaq	0.0318843547937	2	1	1	248	248	0	C	C
N1_Macaq	0.0326252350687	1	2	1	994	994	0	T	T
N1_Macaq	0.0328606653532	2	1	1	278	278	0	A	A
N1_Macaq	0.0330389381891	1	2	1	1325	1325	0	A	A
N1_Macaq	0.034464612505	1	2	1	1484	1484	0	C	C
N1_Macaq	0.0345538607637	2	1	1	1031	1031	0	C	C
N1_Macaq	0.0348441118437	1	2	1	269	269	0	G	G
N1_Macaq	0.0349677130639	1	2	1	1372	1372	0	T	T
N1_Macaq	0.0369423835191	1	2	1	198	198	0	A	A
N1_Macaq	0.0370846767123	1	2	1	1407	1407	0	T	T
N1_Macaq	0.0383691636776	2	1	1	1309	1309	0	G	G
N1_Macaq	0.0394365484987	2	1	1	931	931	1	C	A
N1_Macaq	0.0398289094271	2	1	1	1506	1506	0	G	G
N1_Macaq	0.0403779895892	1	2	1	1247	1247	0	G	G
N1_Macaq	0.0405018280345	1	2	1	872	872	1	T	G
N1_Macaq	0.0412759302633	1	2	1	294	294	1	T	A
N1_Macaq	0.0417214799493	2	1	1	79	79	1	T	G
N1_Macaq	0.042595963826	2	1	1	1001	1001	0	T	T
N1_Macaq	0.0431102832579	2	1	1	1312	1312	0	T	T
