edge	time	mut_orlg	mut_pos	old_state	new_state
N0_kluyveri	0.000681625600642	0	101	G	A
N0_kluyveri	0.00075947166161	0	203	A	G
N0_kluyveri	0.000806210311305	0	203	G	T
N0_kluyveri	0.000816513620892	0	62	G	A
N0_kluyveri	0.000880003934936	0	221	G	A
N0_kluyveri	0.00120318329684	0	195	C	G
N0_kluyveri	0.0013746638083	0	363	G	A
N0_kluyveri	0.00316082968256	0	26	T	C
N0_kluyveri	0.0032885687706	0	365	A	G
N0_kluyveri	0.00371733564132	0	350	A	G
N0_kluyveri	0.0045374629122	0	113	A	G
N0_kluyveri	0.00465713719669	0	206	A	G
N0_kluyveri	0.0052163517807	0	482	T	C
N0_kluyveri	0.0053815616611	0	110	T	C
N0_kluyveri	0.00682395853965	0	50	G	T
N0_kluyveri	0.00687688141472	0	254	C	T
N0_kluyveri	0.00785038262368	0	425	G	A
N0_kluyveri	0.00880910023213	0	236	A	G
N0_kluyveri	0.00932755932359	0	281	A	G
N0_kluyveri	0.00963598301081	0	53	T	A
N0_kluyveri	0.0100018960285	0	233	A	G
N0_kluyveri	0.0109743341141	0	479	G	A
N0_kluyveri	0.0110666852719	0	476	A	G
N0_kluyveri	0.0118102867749	0	245	C	T
N0_kluyveri	0.0123583059109	0	323	A	C
N0_kluyveri	0.0127663095743	0	260	G	A
N0_kluyveri	0.0130277560538	0	92	A	G
N0_kluyveri	0.0136236968132	0	389	C	G
N0_kluyveri	0.0138357483564	0	128	A	G
N0_kluyveri	0.013879101994	0	383	T	C
N0_D1	0.00060403437429	0	179	T	C
N0_D1	0.000681987312855	0	398	A	G
N0_D1	0.000787629134795	0	200	G	A
N0_D1	0.00116338564523	0	74	T	C
D1_N1	0.000101592227453	1	236	A	G
D1_N1	0.000282996741823	1	185	T	C
D1_N1	0.000523757658071	1	44	G	A
D1_N1	0.000735717042802	2	71	C	T
D1_N1	0.00109722711877	1	335	A	C
D1_N1	0.00113701583735	2	370	A	G
D1_N1	0.00118904901083	1	470	C	T
D1_N1	0.00161862056381	1	356	T	C
D1_N1	0.00187722195803	2	44	G	A
D1_N1	0.00212151284004	2	408	G	A
D1_N1	0.00217007449283	1	254	C	T
D1_N1	0.00232680537328	2	278	C	T
D1_N1	0.00241290615927	1	74	C	T
D1_N1	0.00252084161109	1	488	T	C
D1_N1	0.00275382191116	2	453	T	C
D1_N1	0.00284103637976	2	290	G	A
D1_N1	0.00295922902975	2	122	T	C
N1_castellii	0.000161616197138	2	341	C	T
N1_castellii	0.000421633044127	1	266	C	T
N1_castellii	0.000422043051647	1	131	C	T
N1_castellii	0.000708502442028	2	230	G	A
N1_castellii	0.000797175603756	2	164	T	C
N1_castellii	0.000935084839962	1	83	T	C
N1_castellii	0.00190332093611	2	245	C	T
N1_castellii	0.00197411069435	2	398	G	T
N1_castellii	0.00212839229166	1	18	A	G
N1_castellii	0.00232067127126	2	371	C	G
N1_castellii	0.00234376870946	2	56	A	G
N1_castellii	0.00261704737633	1	128	A	G
N1_castellii	0.00276002875348	1	290	G	A
N1_castellii	0.00291720628509	1	38	T	C
N1_castellii	0.00301275322178	1	485	T	C
N1_castellii	0.00302558464226	2	311	G	C
N1_castellii	0.00341349375968	1	269	G	A
N1_castellii	0.00393055525033	2	425	G	T
N1_castellii	0.00463868885706	1	149	A	G
N1_castellii	0.00471876799703	1	425	G	A
N1_castellii	0.00496339626655	2	470	C	A
N1_castellii	0.00507324940551	1	152	C	T
N1_castellii	0.00599669588059	2	485	T	C
N1_castellii	0.00619902129002	1	125	A	G
N1_castellii	0.00634873059281	2	254	C	T
N1_castellii	0.00671709618869	1	281	A	G
N1_castellii	0.00672378961747	2	293	C	T
N1_castellii	0.00678272314239	2	122	C	T
N1_castellii	0.00688791852733	1	335	C	T
N1_castellii	0.00694158796385	2	98	G	A
N1_castellii	0.0072118194862	2	392	T	C
N1_castellii	0.00723026216701	2	176	T	C
N1_castellii	0.00753069212665	1	2	T	C
N1_castellii	0.0077156917908	2	152	C	T
N1_castellii	0.00786099199313	2	62	G	A
N1_castellii	0.00790515572738	2	32	T	G
N1_castellii	0.00809271303426	1	110	T	C
N1_castellii	0.00834440650428	2	191	C	T
N1_castellii	0.00841457352337	2	392	C	T
N1_castellii	0.00849903447853	2	356	T	C
N1_castellii	0.00888754600822	1	98	G	A
N1_castellii	0.00897579571103	1	461	A	G
N1_castellii	0.00929974644372	1	204	C	T
N1_castellii	0.00930059214154	2	398	T	C
N1_castellii	0.0093790118884	2	437	T	C
N1_castellii	0.00940872167341	2	407	A	G
N1_castellii	0.00946267180556	1	191	C	T
N1_castellii	0.00972199591669	1	351	C	T
N1_castellii	0.009725836316	2	428	A	G
N1_castellii	0.0101203398697	1	479	G	A
N1_castellii	0.0102890608202	2	164	C	T
N1_castellii	0.0103697182541	2	278	T	C
N1_castellii	0.0108573982047	1	434	T	C
N1_castellii	0.010861161325	1	452	A	G
N1_castellii	0.0108969962585	1	417	G	A
N1_castellii	0.0110067964214	1	131	T	C
N1_castellii	0.0112132932947	2	41	C	G
N1_castellii	0.0113623202472	1	386	A	G
N1_castellii	0.0115241623511	2	44	A	G
N1_castellii	0.0117716866795	2	80	A	G
N1_castellii	0.0119585808691	2	416	G	A
N1_castellii	0.0119934348941	2	416	A	G
N1_castellii	0.0120473193665	2	200	A	G
N1_N2	0.000191634122414	1	362	C	T
N1_N2	0.000251527150752	2	351	C	T
N1_N2	0.000344129359269	1	182	T	C
N1_N2	0.00114554879258	2	212	C	T
N1_N2	0.00125652696346	1	17	T	C
N1_N2	0.00127967037427	2	38	T	C
N1_N2	0.00169746352165	2	20	C	T
N1_N2	0.00181156608976	2	110	T	C
N1_N2	0.00224560009167	1	428	A	G
N1_N2	0.00286066374665	1	83	T	C
N1_N2	0.00290776271901	1	41	C	T
N1_N2	0.00425908531141	1	293	C	T
N1_N2	0.00426714069286	2	380	T	C
N1_N2	0.00427210107257	2	473	T	C
N1_N2	0.00432298470589	2	47	A	T
N1_N2	0.00590136613052	1	284	G	A
N1_N2	0.00598368605462	2	458	T	C
N1_N2	0.00643104371897	1	104	A	G
N1_N2	0.00653752696343	2	266	C	T
N1_N2	0.00663365822952	1	407	A	G
N1_N2	0.00704491264674	1	5	C	T
N1_N2	0.00725702777174	2	68	A	G
N1_N2	0.00768989186776	1	107	C	T
N1_N2	0.00839810936089	2	143	T	C
N1_N2	0.00908884846735	1	491	C	T
N1_N2	0.00923535982543	2	152	C	T
N1_N2	0.00931472052324	1	140	G	A
N1_N2	0.00934835815613	1	8	G	A
N1_N2	0.00939419837052	2	17	T	C
N1_N2	0.009625121621	1	233	A	G
N1_N2	0.0104838838562	2	146	C	T
N1_N2	0.0105992666417	2	182	T	C
N1_N2	0.0108051953214	2	491	C	T
N1_N2	0.0113383780067	2	276	T	C
N1_N2	0.0114337098443	2	389	C	T
N1_N2	0.0114603305116	2	311	G	A
N1_N2	0.0114904967424	1	284	A	G
N1_N2	0.0116598478302	1	464	T	C
N1_N2	0.0117987728639	2	377	C	T
N1_N2	0.0124668899186	1	56	A	G
N1_N2	0.0125673281134	1	212	C	T
N1_N2	0.0133026903242	1	452	A	G
N1_N2	0.0133099187146	1	290	G	C
N1_N2	0.0135719975192	2	341	C	T
N1_N2	0.0142046868283	1	362	T	C
N1_N2	0.0145086413255	1	461	A	C
N1_N2	0.0149139078194	2	104	A	G
N1_N2	0.015036899882	2	368	C	T
N1_N2	0.0152219535117	2	410	C	T
N1_N2	0.0152568684806	1	86	T	C
N1_N2	0.015330514675	2	401	C	T
N1_N2	0.0153559300999	1	116	T	C
N1_N2	0.0155952197231	2	167	G	A
N2_bayanus	0.000392753756417	1	182	C	T
N2_bayanus	0.000602956560863	1	242	C	T
N2_bayanus	0.00104545497034	1	8	A	G
N2_bayanus	0.00138887496716	2	209	T	C
N2_N3	0.000603229870366	2	473	C	T
N2_N3	0.00119313149136	2	462	A	G
N2_N3	0.00123236426594	1	362	C	T
N2_N3	0.00125087362869	1	233	G	A
N3_kudriavzevii	8.95118415798e-05	2	281	A	G
N3_kudriavzevii	0.00035013024009	1	194	C	T
N3_kudriavzevii	0.000429563929027	2	248	T	A
N3_kudriavzevii	0.00127868685926	1	59	T	C
N3_kudriavzevii	0.00142952326205	2	276	C	T
N3_kudriavzevii	0.00161413097931	2	341	T	C
N3_kudriavzevii	0.00199203469865	2	308	C	T
N3_kudriavzevii	0.00202620724097	2	80	A	G
N3_kudriavzevii	0.00212264768256	2	452	A	G
N3_kudriavzevii	0.00294332888595	2	62	G	A
N3_kudriavzevii	0.00304378658849	2	8	G	A
N3_kudriavzevii	0.00308985167976	1	422	T	A
N3_kudriavzevii	0.00313397561668	2	392	T	C
N3_kudriavzevii	0.00360964114513	2	392	C	T
N3_kudriavzevii	0.0037681898045	1	32	T	C
N3_kudriavzevii	0.00402596154928	1	332	G	A
N3_kudriavzevii	0.00406990690129	2	332	G	A
N3_kudriavzevii	0.00441122962548	1	344	T	C
N3_kudriavzevii	0.00442102105032	1	464	C	T
N3_kudriavzevii	0.00458331198094	1	191	C	T
N3_kudriavzevii	0.00489999440684	2	5	C	T
N3_kudriavzevii	0.00492384519034	2	341	C	T
N3_kudriavzevii	0.00529026045387	2	212	T	C
N3_kudriavzevii	0.00531687684857	2	266	T	C
N3_kudriavzevii	0.00533304886609	1	278	C	T
N3_kudriavzevii	0.00549674919712	1	101	G	A
N3_kudriavzevii	0.00601642628498	2	365	A	G
N3_N4	8.20618631563e-05	1	71	C	T
N3_N4	0.000916270651144	2	323	A	G
N3_N4	0.000973275133464	1	98	G	A
N3_N4	0.00144503209111	2	398	G	A
N3_N4	0.00207298296941	2	449	T	C
N3_N4	0.00227066951558	2	305	G	A
N3_N4	0.00236234677207	1	365	A	G
N4_mikatae	0.00020438026441	2	134	C	T
N4_mikatae	0.000207892374845	2	161	A	G
N4_mikatae	0.000512090875813	1	410	C	T
N4_mikatae	0.000681162211374	2	216	C	G
N4_mikatae	0.000735501475469	2	449	C	T
N4_mikatae	0.000860026166678	1	152	C	T
N4_mikatae	0.000891602947923	1	59	T	C
N4_mikatae	0.00157141730095	1	443	A	G
N4_mikatae	0.00183717645989	2	80	A	G
N4_mikatae	0.00202331187813	2	77	G	A
N4_mikatae	0.00222249666286	2	335	A	C
N4_mikatae	0.00243496975999	1	77	G	C
N4_mikatae	0.00262295837119	1	399	G	A
N4_mikatae	0.00276096304289	2	354	A	G
N4_mikatae	0.00304312851446	1	470	T	C
N4_N5	9.03544907769e-05	1	38	T	C
N4_N5	0.000184079601099	1	323	A	G
N4_N5	0.000447666285526	2	248	T	G
N4_N5	0.000546265430277	1	342	A	G
N4_N5	0.00058899455296	1	56	G	A
N4_N5	0.000700622181083	1	20	C	A
N4_N5	0.00074113415848	2	2	T	C
N4_N5	0.000748114655574	1	425	G	A
N4_N5	0.000785433729257	2	434	T	C
N4_N5	0.000904340715145	2	288	C	T
N4_N5	0.00128396263267	1	281	A	G
N4_N5	0.00155221467539	2	320	A	G
N5_paradoxus	1.12793761557e-05	2	150	T	C
N5_paradoxus	0.000173349673314	1	188	C	T
N5_paradoxus	0.000372055347708	1	281	G	A
N5_paradoxus	0.000742926275447	1	270	G	T
N5_paradoxus	0.000828112011128	1	404	C	T
N5_paradoxus	0.000842149348579	2	5	C	T
N5_paradoxus	0.000949487421212	1	284	G	A
N5_paradoxus	0.00136490743326	2	371	C	T
N5_paradoxus	0.00136526256042	1	356	C	T
N5_paradoxus	0.00151150270842	1	462	A	G
N5_cerevisiae	1.14672440178e-05	2	443	A	G
N5_cerevisiae	1.1661362897e-05	1	356	C	T
N5_cerevisiae	0.000194605774938	2	101	G	A
N5_cerevisiae	0.000257107559401	1	461	C	T
N5_cerevisiae	0.000797867628535	1	113	A	G
N5_cerevisiae	0.000798461641638	1	137	A	G
N5_cerevisiae	0.000813324415491	2	83	T	C
N5_cerevisiae	0.0012183136381	1	71	T	G
N5_cerevisiae	0.00128156339026	1	365	G	A
N5_cerevisiae	0.00151348890166	2	458	C	T
N5_cerevisiae	0.00168166323786	1	347	C	T
N5_cerevisiae	0.00219742310962	2	455	T	C
N5_cerevisiae	0.00231128938088	1	122	T	C
N5_cerevisiae	0.00261993466289	2	263	G	A
N5_cerevisiae	0.00267020760236	1	17	C	T
N5_cerevisiae	0.0030293567206	2	464	T	C
N5_cerevisiae	0.00312900386426	1	164	T	C
N5_cerevisiae	0.00317049305678	2	287	T	C
N5_cerevisiae	0.00336960550066	1	446	T	C
N5_cerevisiae	0.00337133368538	1	365	A	G
N5_cerevisiae	0.00344871168677	2	5	C	T
N5_cerevisiae	0.00349473086624	1	362	T	C
N5_cerevisiae	0.00366502344864	1	356	T	C
N5_cerevisiae	0.00366725025124	1	185	C	T
N5_cerevisiae	0.00375701559671	1	113	G	A
N5_cerevisiae	0.00417581027168	2	401	T	G
N5_cerevisiae	0.00418422356215	1	59	T	C
