edge	time	orlg_from	orlg_to	tract_length	start_pos	stop_pos	num_diff	template_seq	overide_seq
D1_N1	0.000474592584588	1	2	3	344	346	0	GTC	GTC
D1_N1	0.00103117236247	2	1	2	148	149	0	TA	TA
D1_N1	0.00136956593771	2	1	10	167	176	0	TGAAATAAAT	TGAAATAAAT
D1_N1	0.00144328657419	1	2	1	306	306	0	A	A
D1_N1	0.0014851223949	2	1	1	258	258	0	G	G
D1_N1	0.00194428807176	1	2	1	207	207	0	A	A
D1_N1	0.0022972971353	1	2	1	243	243	0	G	G
D1_N1	0.00258438587869	1	2	2	201	202	0	TA	TA
D1_N1	0.00260610912051	2	1	13	93	105	1	TATTCGGGGAACG	TATTCAGGGAACG
D1_N1	0.00285528156771	1	2	3	341	343	0	GAC	GAC
D1_N1	0.00305962737354	2	1	1	256	256	0	A	A
D1_N1	0.00318909143208	2	1	5	159	163	0	TATCA	TATCA
D1_N1	0.00321706241958	1	2	12	436	447	1	TGGTTGACTATG	TGGTCGACTATG
D1_N1	0.0033127583468	2	1	3	151	153	0	ATT	ATT
D1_N1	0.00342570267416	2	1	8	403	410	0	TATTCTAT	TATTCTAT
N1_castellii	0.000277937286066	1	2	1	250	250	0	G	G
N1_castellii	0.000537456171705	1	2	1	376	376	0	T	T
N1_castellii	0.000781384258691	1	2	1	425	425	0	C	C
N1_castellii	0.00173317787769	1	2	6	419	424	0	GTATAT	GTATAT
N1_castellii	0.00258439369699	1	2	5	419	423	0	GTATA	GTATA
N1_castellii	0.00271404435049	2	1	2	198	199	0	GG	GG
N1_castellii	0.00273762757636	2	1	1	365	365	0	T	T
N1_castellii	0.00290731649313	1	2	1	68	68	0	C	C
N1_castellii	0.00309554408953	2	1	2	470	471	0	GG	GG
N1_castellii	0.0032640656781	2	1	3	111	113	0	TAT	TAT
N1_castellii	0.00345352853139	1	2	3	359	361	0	TCC	TCC
N1_castellii	0.0037693605697	1	2	3	469	471	0	AGG	AGG
N1_castellii	0.00379355150991	1	2	3	483	485	0	CTC	CTC
N1_castellii	0.00379783591522	1	2	2	267	268	0	AG	AG
N1_castellii	0.00395590692629	2	1	8	422	429	0	TATCAACG	TATCAACG
N1_castellii	0.00407255268009	1	2	2	132	133	0	AG	AG
N1_castellii	0.0041830899941	2	1	1	251	251	0	A	A
N1_castellii	0.00453405264003	1	2	1	452	452	0	A	A
N1_castellii	0.00453468936854	2	1	4	136	139	0	TAAA	TAAA
N1_castellii	0.0051545349756	1	2	4	274	277	0	TGAA	TGAA
N1_castellii	0.00516311759261	2	1	7	125	131	1	CCCTCTG	CCCTCTA
N1_castellii	0.00563804279739	1	2	1	482	482	0	A	A
N1_castellii	0.00598508449098	2	1	7	75	81	0	CATTTTA	CATTTTA
N1_castellii	0.0064967749803	1	2	1	114	114	0	A	A
N1_castellii	0.00664052484142	2	1	19	365	383	1	TCACTTGGATGTAGACAGC	TCACTTGGATGTAGATAGC
N1_castellii	0.00682540229557	1	2	1	327	327	0	A	A
N1_castellii	0.00691286843639	1	2	8	23	30	0	AAAATCGT	AAAATCGT
N1_castellii	0.00691366435325	2	1	4	337	340	1	CCAA	CCGA
N1_castellii	0.00697990489997	1	2	8	220	227	0	ATTTTTAT	ATTTTTAT
N1_castellii	0.00702076400644	2	1	1	239	239	0	T	T
N1_castellii	0.00710846564572	1	2	1	408	408	0	T	T
N1_castellii	0.0073705615729	1	2	12	73	84	0	ACCATTTTACTC	ACCATTTTACTC
N1_castellii	0.00742645848309	2	1	4	71	74	1	GGAC	AGAC
N1_castellii	0.007624821308	2	1	1	311	311	0	C	C
N1_castellii	0.00785847634658	2	1	10	87	96	0	GCGAGATATT	GCGAGATATT
N1_castellii	0.00793800334668	1	2	2	271	272	0	TC	TC
N1_castellii	0.0082071359228	1	2	14	80	93	1	TACTCTGGCGAGAT	TACTCTAGCGAGAT
N1_castellii	0.0082698109151	2	1	2	488	489	0	GT	GT
N1_castellii	0.00827638117401	2	1	1	446	446	0	T	T
N1_castellii	0.00851601097332	2	1	14	60	73	1	TCTCTTGACTGGGA	TCCCTTGACTGGGA
N1_castellii	0.00860043970691	1	2	4	455	458	0	ATAT	ATAT
N1_castellii	0.00863508470834	2	1	2	413	414	0	AA	AA
N1_castellii	0.00871727236165	2	1	2	293	294	0	AC	AC
N1_castellii	0.00885773798531	1	2	3	417	419	0	AAG	AAG
N1_castellii	0.00886124144181	2	1	5	107	111	1	TGAAT	TGAGT
N1_castellii	0.00912622363	1	2	4	389	392	0	ATCT	ATCT
N1_castellii	0.00917887921262	2	1	4	363	366	0	TCTC	TCTC
N1_castellii	0.00923554403075	2	1	1	276	276	0	A	A
N1_castellii	0.00939921951902	2	1	4	416	419	0	AAAG	AAAG
N1_castellii	0.00950962307505	1	2	1	260	260	0	C	C
N1_castellii	0.00954469550695	1	2	7	219	225	0	GATTTTT	GATTTTT
N1_castellii	0.00966370068571	1	2	2	363	364	0	TC	TC
N1_castellii	0.00967623123239	2	1	2	160	161	0	AT	AT
N1_castellii	0.00969788918238	1	2	3	430	432	0	CCT	CCT
N1_castellii	0.00979183514598	2	1	12	364	375	0	CTCACTTGGATG	CTCACTTGGATG
N1_castellii	0.00987063453216	2	1	17	357	373	0	GTTCCGTCTCACTTGGA	GTTCCGTCTCACTTGGA
N1_castellii	0.010224981373	1	2	2	193	194	0	AG	AG
N1_castellii	0.0104442996405	2	1	3	275	277	0	GAA	GAA
N1_castellii	0.010997002058	2	1	2	194	195	0	GG	GG
N1_castellii	0.0111145675705	2	1	2	293	294	0	AC	AC
N1_castellii	0.0112316232869	1	2	1	480	480	0	T	T
N1_castellii	0.0112874529547	2	1	1	31	31	0	C	C
N1_castellii	0.0116441750054	2	1	8	216	223	0	GTTGATTT	GTTGATTT
N1_castellii	0.0116467960609	1	2	4	107	110	0	TGAA	TGAA
N1_castellii	0.0116730278986	2	1	1	188	188	0	C	C
N1_castellii	0.0116780882675	2	1	1	311	311	0	C	C
N1_castellii	0.0117480736985	2	1	5	20	24	1	TACAA	CACAA
N1_castellii	0.0121159004891	2	1	2	373	374	0	AT	AT
N1_castellii	0.0125753722428	2	1	2	223	224	0	TT	TT
N1_castellii	0.0125952724304	2	1	5	67	71	0	ACTGG	ACTGG
N1_N2	4.01583418934e-05	2	1	1	464	464	0	C	C
N1_N2	0.00059946856606	1	2	2	356	357	0	GG	GG
N1_N2	0.000894362266334	2	1	3	47	49	0	GCC	GCC
N1_N2	0.000903944336587	2	1	2	369	370	0	TT	TT
N1_N2	0.00124312574135	1	2	6	462	467	0	GTCAGG	GTCAGG
N1_N2	0.00124824580024	2	1	1	127	127	0	C	C
N1_N2	0.00142069865453	1	2	6	256	261	0	ACGACG	ACGACG
N1_N2	0.0016165260937	1	2	3	420	422	0	TAT	TAT
N1_N2	0.00162822400926	1	2	4	458	461	0	TGCT	TGCT
N1_N2	0.00171470669475	1	2	3	385	387	0	AGC	AGC
N1_N2	0.00196325965713	1	2	10	240	249	0	TCGGAATTCA	TCGGAATTCA
N1_N2	0.00196440021203	2	1	2	356	357	0	GG	GG
N1_N2	0.00253587293299	2	1	5	109	113	0	AATAT	AATAT
N1_N2	0.00258101644346	2	1	1	231	231	0	C	C
N1_N2	0.0027592726691	2	1	6	191	196	1	CGAGGA	TGAGGA
N1_N2	0.00312990402333	1	2	4	30	33	0	TCCG	TCCG
N1_N2	0.00341798707973	2	1	4	86	89	1	GGTG	GGCG
N1_N2	0.00373194863231	1	2	4	66	69	0	GACT	GACT
N1_N2	0.00383259047413	1	2	8	130	137	1	TAAGACTG	TAAGACTA
N1_N2	0.00383633830362	1	2	6	41	46	0	GCTCAC	GCTCAC
N1_N2	0.00393922667847	2	1	1	118	118	0	C	C
N1_N2	0.00442489627157	1	2	3	31	33	0	CCG	CCG
N1_N2	0.0045461653417	2	1	6	62	67	1	CCTCGA	CCTTGA
N1_N2	0.00483699650442	1	2	3	328	330	0	TTA	TTA
N1_N2	0.0049223447027	1	2	5	428	432	0	CGCCT	CGCCT
N1_N2	0.00495012192909	1	2	3	443	445	0	CTA	CTA
N1_N2	0.00531868244208	2	1	2	154	155	0	GA	GA
N1_N2	0.0057017794371	1	2	2	156	157	0	AG	AG
N1_N2	0.00595756067456	1	2	1	354	354	0	C	C
N1_N2	0.00613934384076	1	2	2	224	225	0	TT	TT
N1_N2	0.00627599749567	1	2	2	80	81	0	TA	TA
N1_N2	0.00637106684756	1	2	5	483	487	0	CTCCA	CTCCA
N1_N2	0.00641861008297	2	1	15	412	426	0	GAAAAAAGTATATCA	GAAAAAAGTATATCA
N1_N2	0.00668566906841	1	2	9	96	104	0	TCGGGGAAC	TCGGGGAAC
N1_N2	0.00675842066774	1	2	1	172	172	0	T	T
N1_N2	0.00686882087184	1	2	6	461	466	0	TGTCAG	TGTCAG
N1_N2	0.00692882874317	1	2	4	358	361	1	TTCC	TCCC
N1_N2	0.00711542121723	1	2	3	75	77	0	CAT	CAT
N1_N2	0.00714458753656	1	2	3	134	136	0	ACT	ACT
N1_N2	0.00740749465338	2	1	2	375	376	0	GT	GT
N1_N2	0.00765268786987	2	1	2	454	455	0	CA	CA
N1_N2	0.0076942844376	2	1	3	489	491	0	TTT	TTT
N1_N2	0.00778255903236	1	2	3	275	277	1	AAA	GAA
N1_N2	0.0077994062397	2	1	5	277	281	0	ACGCT	ACGCT
N1_N2	0.00807315699843	2	1	1	307	307	0	G	G
N1_N2	0.00820140562472	1	2	1	233	233	0	G	G
N1_N2	0.00847998244573	1	2	1	174	174	0	A	A
N1_N2	0.0085053702074	2	1	3	283	285	0	GCT	GCT
N1_N2	0.00874915873615	2	1	10	323	332	0	TGTTATTAGA	TGTTATTAGA
N1_N2	0.00886648717589	1	2	9	79	87	0	TTACTCTGG	TTACTCTGG
N1_N2	0.00887495620825	2	1	1	470	470	0	G	G
N1_N2	0.00914287726922	1	2	3	484	486	0	TCC	TCC
N1_N2	0.00931843214448	2	1	3	33	35	1	GCA	GTA
N1_N2	0.00953186737673	1	2	3	180	182	0	CAA	CAA
N1_N2	0.00960334950237	2	1	6	379	384	0	ACAGCC	ACAGCC
N1_N2	0.00962416036567	2	1	2	357	358	0	GT	GT
N1_N2	0.00969366288475	1	2	4	392	395	0	TATC	TATC
N1_N2	0.00998922095619	1	2	2	321	322	0	AC	AC
N1_N2	0.0105479136084	1	2	1	196	196	0	A	A
N1_N2	0.0107049588677	1	2	1	219	219	0	G	G
N1_N2	0.0107301732054	2	1	1	373	373	0	A	A
N1_N2	0.010769686553	1	2	1	64	64	0	T	T
N1_N2	0.0108688135348	1	2	1	458	458	0	T	T
N1_N2	0.0109037691843	1	2	1	276	276	0	A	A
N1_N2	0.0111780888156	1	2	1	284	284	0	C	C
N1_N2	0.0112412912153	2	1	6	408	413	0	TATAGA	TATAGA
N1_N2	0.011472162297	2	1	1	459	459	0	G	G
N1_N2	0.0115442934003	2	1	1	219	219	0	G	G
N1_N2	0.0121675143018	1	2	2	90	91	0	AG	AG
N1_N2	0.0124357686133	2	1	1	394	394	0	T	T
N1_N2	0.0124663557742	2	1	2	476	477	0	CT	CT
N1_N2	0.0129622309728	2	1	6	182	187	0	ACTAAA	ACTAAA
N1_N2	0.013236442959	1	2	2	335	336	0	TA	TA
N1_N2	0.0132847886236	2	1	3	156	158	1	AGG	AGA
N1_N2	0.0134480937545	2	1	1	390	390	0	T	T
N1_N2	0.0135206453886	2	1	2	384	385	0	CA	CA
N1_N2	0.0136486379652	2	1	2	275	276	0	AA	AA
N1_N2	0.0138229206528	1	2	3	192	194	0	GAG	GAG
N1_N2	0.0138383570422	2	1	1	186	186	0	A	A
N1_N2	0.014034199034	1	2	1	449	449	0	T	T
N1_N2	0.0141091289107	1	2	2	341	342	0	GA	GA
N1_N2	0.0143116156341	1	2	3	46	48	0	CGC	CGC
N1_N2	0.0143361174059	1	2	1	400	400	1	T	C
N1_N2	0.0144289645633	1	2	7	295	301	0	ATGCAAT	ATGCAAT
N1_N2	0.0145910334202	2	1	1	120	120	0	A	A
N1_N2	0.0145987674675	1	2	8	48	55	1	CCTATGTA	CCTATATA
N1_N2	0.0147336745942	1	2	4	234	237	1	AGAC	GGAC
N1_N2	0.0149530678912	2	1	6	28	33	1	CGTCTG	CGTCCG
N1_N2	0.0149810100438	1	2	5	164	168	0	AGTTG	AGTTG
N1_N2	0.0153744688956	2	1	5	218	222	1	TGATT	CGATT
N1_N2	0.0156639428903	2	1	2	148	149	0	TA	TA
N1_N2	0.0156960587737	1	2	1	235	235	0	G	G
N2_bayanus	1.56416180497e-06	1	2	4	195	198	1	GAAG	GAGG
N2_bayanus	0.000177230348048	2	1	5	94	98	1	ATTCG	ACTCG
N2_bayanus	0.000359602517602	2	1	3	405	407	1	CTC	TTC
N2_bayanus	0.000670111349534	2	1	5	283	287	0	GCTTA	GCTTA
N2_bayanus	0.000694968446247	1	2	3	119	121	0	AAT	AAT
N2_bayanus	0.000865222987075	2	1	1	273	273	0	C	C
N2_bayanus	0.000947395984979	1	2	3	68	70	1	TTG	CTG
N2_bayanus	0.00152594820069	1	2	1	157	157	0	G	G
N2_bayanus	0.00158811650399	2	1	3	345	347	1	TCC	TCT
N2_bayanus	0.00177346502291	1	2	1	55	55	0	A	A
N2_bayanus	0.00226742587711	1	2	7	392	398	0	TATCGGT	TATCGGT
N2_N3	0.000212305234449	1	2	1	86	86	0	G	G
N2_N3	0.000782159337104	2	1	12	438	449	2	GTTGACTATGGT	GTCGACTATGGC
N2_N3	0.00131399031928	1	2	3	426	428	0	AAC	AAC
N2_N3	0.00133568771485	2	1	9	278	286	0	CGCTAGCTT	CGCTAGCTT
N2_N3	0.00148366046215	1	2	4	412	415	1	GAAA	AAAA
N3_kudriavzevii	0.000142838717959	1	2	15	116	130	1	TTCAATTATCCCTCT	TTCAATTATCCCCCT
N3_kudriavzevii	0.000377201854369	1	2	2	215	216	1	GG	AG
N3_kudriavzevii	0.00075021062501	1	2	1	257	257	1	T	C
N3_kudriavzevii	0.000843366125168	1	2	1	10	10	0	T	T
N3_kudriavzevii	0.000948801612044	1	2	2	448	449	0	GT	GT
N3_kudriavzevii	0.00127517633925	1	2	1	300	300	0	A	A
N3_kudriavzevii	0.0016560723421	1	2	2	209	210	0	TT	TT
N3_kudriavzevii	0.001786118521	2	1	2	461	462	0	TG	TG
N3_kudriavzevii	0.00194829764006	1	2	1	57	57	0	G	G
N3_kudriavzevii	0.00276998055617	1	2	7	41	47	0	GCTCACG	GCTCACG
N3_kudriavzevii	0.00290724381541	1	2	2	110	111	0	AT	AT
N3_kudriavzevii	0.00301701812321	1	2	17	226	242	4	ACACTCGGAGACTTCCA	AAACCCGGAGACTTTCG
N3_kudriavzevii	0.0030243074344	2	1	4	226	229	0	ACAC	ACAC
N3_kudriavzevii	0.00303904981686	1	2	3	72	74	1	GAC	GAT
N3_kudriavzevii	0.00304847992117	1	2	3	136	138	1	TGG	TGA
N3_kudriavzevii	0.00305467820884	2	1	1	230	230	0	T	T
N3_kudriavzevii	0.00327043982108	2	1	1	322	322	0	C	C
N3_kudriavzevii	0.00334994646802	1	2	3	482	484	0	ACT	ACT
N3_kudriavzevii	0.00353850732869	1	2	3	321	323	0	ACT	ACT
N3_kudriavzevii	0.00383328091893	2	1	2	234	235	0	AG	AG
N3_kudriavzevii	0.00401502846973	1	2	5	443	447	0	CTATG	CTATG
N3_kudriavzevii	0.00413784581131	2	1	4	27	30	0	TCGT	TCGT
N3_kudriavzevii	0.00416842475851	2	1	3	465	467	0	AGG	AGG
N3_kudriavzevii	0.00442447630107	2	1	5	205	209	1	ATACT	AAACT
N3_kudriavzevii	0.00446947465366	2	1	4	101	104	0	GAAC	GAAC
N3_kudriavzevii	0.00449834916554	2	1	8	27	34	0	TCGTCTGC	TCGTCTGC
N3_kudriavzevii	0.00450302256235	2	1	3	46	48	0	CGC	CGC
N3_kudriavzevii	0.0049967272861	2	1	5	207	211	0	ACTTA	ACTTA
N3_kudriavzevii	0.00505400067048	2	1	14	117	130	2	TCAATTATCCCTCT	TCAATTATTCCCCT
N3_kudriavzevii	0.00506654825199	2	1	4	206	209	0	TACT	TACT
N3_kudriavzevii	0.00513310937913	1	2	1	265	265	0	G	G
N3_kudriavzevii	0.00555734883511	2	1	14	377	390	3	AGACAGTCAGCGAT	AGATAGCCAGCGCT
N3_kudriavzevii	0.00562585610646	1	2	1	96	96	0	T	T
N3_kudriavzevii	0.00571074866464	1	2	2	330	331	0	AG	AG
N3_kudriavzevii	0.00582390693684	2	1	1	276	276	0	A	A
N3_N4	0.000107345207239	1	2	8	16	23	2	GGACCACG	GGACTACA
N3_N4	0.000269494881606	2	1	2	303	304	0	AT	AT
N3_N4	0.000483518082073	1	2	1	417	417	0	A	A
N3_N4	0.000508587061913	2	1	2	373	374	1	AC	AT
N3_N4	0.000648549098898	1	2	3	292	294	0	AAC	AAC
N3_N4	0.00124175377046	1	2	1	75	75	0	C	C
N3_N4	0.00135855166682	1	2	3	291	293	0	TAA	TAA
N3_N4	0.00136630207232	2	1	1	217	217	0	T	T
N3_N4	0.0013671859332	1	2	1	30	30	0	T	T
N3_N4	0.0014336932806	2	1	5	119	123	0	AATTA	AATTA
N3_N4	0.0015242436295	2	1	1	295	295	0	A	A
N3_N4	0.00154704983113	2	1	4	38	41	1	CTGG	ATGG
N3_N4	0.00164754646372	2	1	1	226	226	0	A	A
N3_N4	0.00187122256932	2	1	5	141	145	0	AGAGA	AGAGA
N3_N4	0.00194639676534	2	1	2	292	293	0	AA	AA
N3_N4	0.00195899815612	1	2	4	347	350	2	TGGG	CGGA
N3_N4	0.00197379809551	2	1	3	81	83	0	ACT	ACT
N3_N4	0.00206835647474	2	1	1	194	194	0	G	G
N3_N4	0.00214612193741	2	1	3	386	388	1	GCG	ACG
N3_N4	0.00228676202798	1	2	2	317	318	0	TC	TC
N4_mikatae	6.71057381517e-05	1	2	2	213	214	0	TT	TT
N4_mikatae	0.000239112407031	1	2	2	443	444	0	CT	CT
N4_mikatae	0.000503781016612	1	2	11	380	390	1	CAGCCAGCGAT	CAGTCAGCGAT
N4_mikatae	0.000781338421636	1	2	2	154	155	1	GG	GA
N4_mikatae	0.00084562821308	2	1	10	160	169	1	ATCAAGTTGA	GTCAAGTTGA
N4_mikatae	0.000988187222668	2	1	4	234	237	1	AGAC	AAAC
N4_mikatae	0.00114837993708	2	1	2	441	442	0	GA	GA
N4_mikatae	0.00118444893995	1	2	13	242	254	3	AGAATTCAGAATC	GGAGTTCAGAATT
N4_mikatae	0.00125583361236	2	1	3	330	332	0	AGA	AGA
N4_mikatae	0.00130644763425	2	1	1	471	471	0	G	G
N4_mikatae	0.00145505492411	1	2	5	43	47	0	TCACG	TCACG
N4_mikatae	0.00152577308484	1	2	2	328	329	0	TT	TT
N4_mikatae	0.00160519874425	2	1	1	42	42	0	C	C
N4_mikatae	0.00186062148151	1	2	3	283	285	1	GTT	GCT
N4_mikatae	0.00205181771212	2	1	2	389	390	0	AT	AT
N4_mikatae	0.00221444837723	2	1	1	430	430	0	C	C
N4_mikatae	0.00229646505144	1	2	2	242	243	0	AG	AG
N4_mikatae	0.00230873156636	1	2	9	328	336	0	TTAGATATA	TTAGATATA
N4_mikatae	0.00279745795175	2	1	2	249	250	0	AG	AG
N4_mikatae	0.00303515774147	1	2	1	400	400	0	T	T
N4_mikatae	0.00310301030746	1	2	5	415	419	0	AAAAG	AAAAG
N4_mikatae	0.00328488811785	2	1	2	127	128	1	CC	CT
N4_mikatae	0.00349157330111	1	2	4	24	27	0	AAAT	AAAT
N4_mikatae	0.00386170377375	2	1	4	7	10	0	GAAT	GAAT
N4_mikatae	0.00387484826605	2	1	3	330	332	0	AGA	AGA
N4_mikatae	0.00404612445458	2	1	3	166	168	0	TTG	TTG
N4_N5	0.000223276770177	1	2	7	0	6	2	ATTTCGC	ATTCCAC
N4_N5	0.000267217374224	1	2	6	5	10	0	GCGAAT	GCGAAT
N4_N5	0.00029584884266	1	2	5	208	212	0	CTTAT	CTTAT
N4_N5	0.000296983427556	2	1	2	462	463	0	GT	GT
N4_N5	0.000333249123381	2	1	3	315	317	0	ATT	ATT
N4_N5	0.000500133684693	2	1	4	122	125	0	TATC	TATC
N4_N5	0.000736817226739	1	2	8	419	426	0	GTATATCA	GTATATCA
N4_N5	0.000942083644393	2	1	4	422	425	0	TATC	TATC
N4_N5	0.00104296755189	2	1	2	154	155	1	GA	GG
N4_N5	0.00109001222466	1	2	1	356	356	1	G	A
N4_N5	0.00122138998141	2	1	6	182	187	0	ACTAAA	ACTAAA
N4_N5	0.00123991155764	2	1	1	3	3	0	T	T
N4_N5	0.00129289606841	2	1	4	4	7	1	CACG	CGCG
N4_N5	0.00137681542627	2	1	7	145	151	0	ATATAGA	ATATAGA
N5_paradoxus	0.000185381462616	1	2	1	349	349	0	G	G
N5_paradoxus	0.000326640800367	2	1	2	373	374	0	AC	AC
N5_paradoxus	0.000414796913764	1	2	6	430	435	1	CCTTGG	CCTTAG
N5_paradoxus	0.000468590737447	1	2	1	57	57	0	G	G
N5_paradoxus	0.000814692694159	2	1	7	21	27	0	ACGAAAT	ACGAAAT
N5_paradoxus	0.000817270425531	1	2	4	267	270	1	AGCA	AGTA
N5_paradoxus	0.000849931737515	2	1	1	33	33	0	G	G
N5_paradoxus	0.00103529500227	1	2	10	300	309	0	ATGATCAGAC	ATGATCAGAC
N5_paradoxus	0.00104295577112	2	1	2	390	391	0	TC	TC
N5_cerevisiae	0.000315502259863	2	1	1	304	304	0	T	T
N5_cerevisiae	0.000351881214515	2	1	4	20	23	0	CACG	CACG
N5_cerevisiae	0.000478478158169	1	2	4	266	269	2	GAGC	AAGT
N5_cerevisiae	0.000863299737824	2	1	3	348	350	0	GGG	GGG
N5_cerevisiae	0.000988640399106	1	2	3	360	362	1	CCA	CCG
N5_cerevisiae	0.00103004242802	2	1	6	488	491	0	ATTT	ATTT
N5_cerevisiae	0.00121992522651	2	1	4	366	369	0	CACT	CACT
N5_cerevisiae	0.00122539567659	1	2	4	188	191	1	TGCC	CGCC
N5_cerevisiae	0.00123039810284	2	1	2	460	461	0	CT	CT
N5_cerevisiae	0.00138966981146	2	1	3	489	491	0	TTT	TTT
N5_cerevisiae	0.00147716857234	2	1	2	279	280	0	GC	GC
N5_cerevisiae	0.00191287290998	2	1	1	8	8	0	A	A
N5_cerevisiae	0.00218855254617	1	2	2	309	310	0	CC	CC
N5_cerevisiae	0.00223161949482	1	2	1	215	215	1	G	A
N5_cerevisiae	0.0022610812426	2	1	2	196	197	0	AG	AG
N5_cerevisiae	0.00294849449453	1	2	1	193	193	0	A	A
N5_cerevisiae	0.00324239643235	2	1	2	249	250	0	AG	AG
N5_cerevisiae	0.00325032672276	2	1	4	27	30	0	TCGT	TCGT
N5_cerevisiae	0.00341938720819	2	1	5	261	265	0	GGAAG	GGAAG
N5_cerevisiae	0.00361812029947	1	2	1	126	126	0	C	C
N5_cerevisiae	0.00372308827292	1	2	10	13	22	1	CGTGGACCAC	CATGGACCAC
N5_cerevisiae	0.0038077687645	1	2	8	392	399	0	TATCGGTC	TATCGGTC
N5_cerevisiae	0.00404917925755	1	2	1	294	294	0	C	C
N5_cerevisiae	0.00405784046833	2	1	7	475	481	0	TCTAATC	TCTAATC
N5_cerevisiae	0.00408389159644	1	2	6	419	424	1	GTAAAT	GTATAT
N5_cerevisiae	0.00419614015097	2	1	1	137	137	0	G	G
