edge	time	orlg_from	orlg_to	tract_length	start_pos	stop_pos	num_diff	template_seq	overide_seq
D1_N1	6.25907465929e-05	1	2	2	444	445	0	GA	GA
D1_N1	0.000388568982777	1	2	1	57	57	0	T	T
D1_N1	0.000790639822668	1	2	12	440	451	1	CTACGACCTAGT	CTACGATCTAGT
D1_N1	0.00273341605581	1	2	1	386	386	0	A	A
D1_N1	0.00293129128863	1	2	1	469	469	0	T	T
N1_castellii	8.46809804964e-05	1	2	1	482	482	0	T	T
N1_castellii	0.00170656124575	1	2	1	385	385	0	T	T
N1_castellii	0.00349656392446	1	2	2	86	87	0	CC	CC
N1_castellii	0.0051257336437	1	2	3	317	319	0	TCA	TCA
N1_castellii	0.00519879645174	1	2	4	367	370	0	CGGG	CGGG
N1_castellii	0.00524293547977	1	2	2	2	3	0	CA	CA
N1_castellii	0.00554081223647	1	2	3	35	37	0	CCC	CCC
N1_castellii	0.00598539975957	1	2	2	196	197	0	AT	AT
N1_castellii	0.00680489507923	1	2	1	235	235	0	T	T
N1_castellii	0.00710469686059	1	2	1	67	67	0	G	G
N1_castellii	0.00742654137261	1	2	5	449	453	0	AGTAT	AGTAT
N1_castellii	0.0076705917995	1	2	1	469	469	0	T	T
N1_castellii	0.00937553313511	1	2	1	137	137	0	T	T
N1_castellii	0.0101626008846	1	2	2	137	138	0	TA	TA
N1_castellii	0.011196940805	1	2	2	183	184	0	GC	GC
N1_castellii	0.011206553942	1	2	1	426	426	0	G	G
N1_castellii	0.011280812028	1	2	5	140	144	0	TCCCA	TCCCA
N1_castellii	0.0114026589212	1	2	3	477	479	0	ACT	ACT
N1_castellii	0.0123251861967	1	2	3	28	30	0	TAA	TAA
N1_castellii	0.0128357325684	1	2	1	289	289	0	G	G
N1_castellii	0.0128471153263	1	2	4	232	235	0	ACGT	ACGT
N1_N2	0.000334553248916	1	2	3	395	397	0	TAA	TAA
N1_N2	0.002313657032	1	2	2	237	238	0	TA	TA
N1_N2	0.00241555936976	1	2	6	355	360	0	TCCTGT	TCCTGT
N1_N2	0.00304369184745	1	2	1	477	477	0	A	A
N1_N2	0.0033662519449	1	2	2	327	328	0	AA	AA
N1_N2	0.00415180022042	1	2	2	478	479	0	CT	CT
N1_N2	0.00429745778798	1	2	4	213	216	0	GCAG	GCAG
N1_N2	0.00440785095088	1	2	4	477	480	0	ACTG	ACTG
N1_N2	0.00544564663025	1	2	3	414	416	1	TAA	CAA
N1_N2	0.00703648265503	1	2	1	190	190	0	C	C
N1_N2	0.0104553126141	1	2	1	101	101	0	T	T
N1_N2	0.0114411773699	1	2	1	410	410	0	T	T
N1_N2	0.0115385455718	1	2	6	123	128	0	ATATAC	ATATAC
N1_N2	0.0120608538451	1	2	2	114	115	0	CT	CT
N1_N2	0.0134644553671	1	2	3	229	231	0	ATC	ATC
N1_N2	0.013757093196	1	2	5	92	96	2	ACCCG	GCTCG
N1_N2	0.0140012056313	1	2	2	360	361	0	TG	TG
N1_N2	0.0140989293182	1	2	3	372	374	0	TGT	TGT
N1_N2	0.014200923109	1	2	1	15	15	0	C	C
N1_N2	0.0145110327086	1	2	3	321	323	0	TAT	TAT
N1_N2	0.0146800814994	1	2	3	309	311	1	CAC	CAT
N1_N2	0.0151765429404	1	2	6	82	87	2	TGAGTC	TAAGCC
N1_N2	0.0157297075474	1	2	2	8	9	1	CC	TC
N1_N2	0.0157908640249	1	2	2	404	405	0	GC	GC
N2_bayanus	6.55973583964e-05	1	2	2	272	273	0	TC	TC
N2_bayanus	0.000326143834909	1	2	4	66	69	0	AGAC	AGAC
N2_bayanus	0.000807746783663	1	2	5	209	213	1	GAATG	AAATG
N2_bayanus	0.000875643517121	1	2	1	287	287	0	A	A
N2_bayanus	0.0017299617279	1	2	3	168	170	1	CCT	CCC
N2_bayanus	0.00178939953437	1	2	14	91	104	1	GACCCGGGAGTATC	GACCTGGGAGTATC
N2_bayanus	0.00183619034217	1	2	3	65	67	0	AAG	AAG
N2_bayanus	0.00185330646542	1	2	6	69	74	1	CATACG	CATACA
N2_bayanus	0.00216232898915	1	2	5	432	436	2	CTCGG	CCTGG
N2_N3	0.000119249528525	1	2	4	276	279	0	ATAC	ATAC
N2_N3	0.00144383672614	1	2	7	256	262	0	GATGTTA	GATGTTA
N3_kudriavzevii	0.000538070818872	1	2	5	94	98	0	CCGGG	CCGGG
N3_kudriavzevii	0.00289313744143	1	2	1	160	160	0	A	A
N3_kudriavzevii	0.00316698805618	1	2	1	266	266	0	A	A
N3_kudriavzevii	0.003526767284	1	2	2	263	264	0	GG	GG
N3_kudriavzevii	0.00415787823992	1	2	1	357	357	0	C	C
N3_kudriavzevii	0.00531817099634	1	2	5	168	172	1	CCTCC	CCCCC
N3_kudriavzevii	0.00564766746203	1	2	1	46	46	0	G	G
N3_kudriavzevii	0.00582100717864	1	2	4	101	104	0	TATC	TATC
N3_N4	0.000906435511574	1	2	2	156	157	0	TG	TG
N3_N4	0.000948115480706	1	2	1	232	232	0	A	A
N3_N4	0.00125581810362	1	2	1	467	467	0	G	G
N4_mikatae	0.000314076238456	1	2	1	4	4	0	T	T
N4_mikatae	0.0021329491749	1	2	1	241	241	0	C	C
N4_mikatae	0.0022793383156	1	2	4	193	196	2	TAGA	TGAA
N4_mikatae	0.00372732859708	1	2	1	153	153	0	T	T
N4_N5	0.000215867030002	1	2	6	456	461	2	GTAGTA	GTGGTG
N4_N5	0.000220328674324	1	2	1	306	306	0	A	A
N4_N5	0.00102361266269	1	2	2	424	425	0	TA	TA
N4_N5	0.00106477988903	1	2	2	83	84	1	AA	GA
N4_N5	0.00151907697676	1	2	3	80	82	0	AAT	AAT
N5_paradoxus	0.000251717958962	1	2	2	402	403	1	CT	TT
N5_paradoxus	0.000274984647353	1	2	1	133	133	0	G	G
N5_paradoxus	0.000856464853495	1	2	1	363	363	0	A	A
N5_paradoxus	0.00106886480545	1	2	1	406	406	0	A	A
N5_paradoxus	0.00121060339028	1	2	1	303	303	0	C	C
N5_cerevisiae	0.00141413549034	1	2	1	373	373	0	G	G
N5_cerevisiae	0.00153921866385	1	2	1	396	396	0	A	A
N5_cerevisiae	0.00318847465801	1	2	3	280	282	1	TCA	TTA
N5_cerevisiae	0.00320405110152	1	2	2	401	402	2	GC	AT
N5_cerevisiae	0.00393681669131	1	2	2	440	441	0	CT	CT
