edge	time	mut_orlg	mut_pos	old_state	new_state
N0_kluyveri	0.00916776906194	0	3	ATT	ATC
N0_kluyveri	0.0233239407718	0	1	GTC	GTA
D1_N1	0.00213949838195	2	119	ACA	ACG
D1_N1	0.00411121565035	1	114	AGC	AGT
D1_N1	0.00854520592979	2	123	GCG	GCA
D1_N1	0.00896305638814	2	53	GGA	GGG
D1_N1	0.0098706432931	1	15	ATC	ATA
D1_N1	0.0108572364256	2	41	TTG	CTG
D1_N1	0.0120758717365	2	136	CCA	CCT
D1_N1	0.0132596728831	1	147	AGA	AGG
D1_N1	0.0190225024	1	132	CAC	CAT
D1_N1	0.0195539629004	1	29	AAT	AAC
D1_N1	0.0210274665026	1	68	TCG	TCA
D1_N1	0.0240968079216	2	44	AAG	AAA
D1_N1	0.0285612868055	1	134	CTA	TTA
D1_N1	0.0291483698842	1	66	CTA	CTT
D1_N1	0.0296628519035	2	51	ACT	ACC
D1_N1	0.033978296624	2	147	AGA	AGG
D1_N1	0.0408730442218	1	122	AAA	AAG
D1_N1	0.0410655862111	1	159	CTT	CTC
D1_N1	0.0426167204069	2	141	TCC	TCT
D1_N1	0.0450889113111	2	18	ATC	ATT
D1_N1	0.0470039712347	2	30	AAG	AAA
D1_N1	0.0522762376926	2	7	ACC	ACG
D1_N1	0.0526138266414	1	100	AAT	CAT
D1_N1	0.0550893565681	1	98	CGG	CGA
D1_N1	0.0595970562589	1	58	CTA	TTA
D1_N1	0.0623826806558	2	28	TGG	CGG
D1_N1	0.0628544657014	1	35	GCT	GCC
D1_N1	0.0693292192074	1	78	CAA	CAG
D1_N1	0.0698775936022	2	150	GAA	GAG
D1_N1	0.0714603513296	1	67	ACC	ATC
D1_N1	0.0726100660184	1	158	TCA	TCG
D1_N1	0.0774404744165	1	5	AAG	AAA
D1_N1	0.0777306266086	2	95	TTA	TTG
D1_N1	0.0791115091549	2	101	CTA	TTA
D1_N1	0.0834406060816	2	56	TTA	TTG
D1_N1	0.0858823850701	1	24	CTA	TTA
D1_N1	0.0890522854514	1	115	TAC	TAT
D1_N1	0.093684165607	1	123	GCG	GCA
D1_N1	0.100630857998	2	37	TCC	TCT
D1_N1	0.106106163298	2	20	TTA	CTA
D1_N1	0.113105926503	1	18	ATC	ATT
D1_N1	0.113686402539	1	19	ATT	ATC
D1_N1	0.137393982305	1	116	TTT	TTC
D1_N1	0.137612655488	2	139	GCC	GCG
D1_N1	0.145104250423	2	45	GTA	GTG
D1_N1	0.148899119419	2	49	TTG	TTA
D1_N1	0.151640485751	1	81	GAG	GAA
D1_N1	0.151863311914	1	45	GTA	GTC
D1_N1	0.153167733282	2	84	TAT	TAC
D1_N1	0.15696404622	2	103	CTT	CTC
D1_N1	0.161360409135	1	114	AGT	AGC
D1_N1	0.162066707179	1	160	AGG	AGA
D1_N1	0.162399339087	1	124	GAG	GGG
D1_N1	0.16646479585	2	140	GTA	GTT
D1_N1	0.166969386364	1	31	CTT	CTC
D1_N1	0.17298005212	1	71	CCC	CCA
D1_N1	0.176774399779	2	101	CTA	TTA
D1_N1	0.177624686255	1	162	TAT	TAC
D1_N1	0.180911779092	1	51	ACT	ACC
D1_N1	0.182921155501	1	105	CGC	CGT
D1_N1	0.190503521895	2	19	ATT	ATC
D1_N1	0.194305120324	1	162	TAC	TAT
D1_N1	0.194861149635	1	106	ACT	ACC
D1_N1	0.197574069658	1	73	CTT	CTC
D1_N1	0.19887831966	2	135	ACA	ACG
D1_N1	0.202201119421	2	96	TCC	TCT
D1_N1	0.202596395689	2	16	CGC	CGT
D1_N1	0.202879107198	2	105	CGC	CGT
D1_N1	0.20992115198	1	82	CAG	CAA
D1_N1	0.210145933448	1	67	ATC	GTC
N1_castellii	0.00258287913615	1	50	TCA	TCG
N1_castellii	0.00502106984237	2	65	TGT	TGC
N1_castellii	0.00702703449381	1	49	TTG	CTG
N1_castellii	0.00790405810849	2	127	TTT	CTT
N1_castellii	0.0086051096618	1	106	ACC	ACT
N1_castellii	0.0109728810477	1	101	CTA	CTG
N1_castellii	0.0184562236596	2	14	CCC	CCT
N1_castellii	0.0222305229548	2	89	GTT	GTC
N1_castellii	0.032251811525	2	2	CAG	CAA
N1_castellii	0.0328125855839	2	4	GTC	GTT
N1_castellii	0.0437883541545	1	26	AGA	AGG
N1_castellii	0.0549300759044	2	30	AAG	AAA
N1_castellii	0.0556556839574	2	66	CTT	CTC
N1_castellii	0.0620828176963	1	49	CTG	TTG
N1_castellii	0.0626795284492	2	37	TCC	TCT
N1_castellii	0.064971935458	2	153	CAC	CAT
N1_castellii	0.069734273057	2	47	GCC	ACC
N1_castellii	0.0708481816419	1	150	GAA	GAG
N1_castellii	0.0714423789929	1	159	CTC	CTT
N1_castellii	0.0736546094569	2	139	GCC	GCG
N1_castellii	0.0770833678577	2	45	GTC	GTT
N1_castellii	0.0778303469021	1	141	TCC	TCG
N1_castellii	0.0783591628977	2	10	CGA	CGG
N1_castellii	0.0933216675626	1	73	CTC	CTT
N1_castellii	0.0957194826194	1	107	AGG	AGA
N1_castellii	0.0967347791923	1	116	TTC	TTT
N1_castellii	0.0995792197976	2	48	GAT	GAC
N1_castellii	0.0995846098532	2	94	CGG	AGG
N1_castellii	0.0998630782414	2	85	CGA	AGA
N1_castellii	0.101664698482	2	150	GAA	GAG
N1_castellii	0.101724181151	1	127	TTT	TTC
N1_castellii	0.107509205854	2	66	CTC	CTT
N1_castellii	0.110240093165	2	149	ATT	ATC
N1_castellii	0.111276638507	1	93	TCT	TCA
N1_castellii	0.113068248769	2	109	CAT	CAC
N1_castellii	0.113412304632	2	36	GAG	GAA
N1_castellii	0.114763177225	2	163	TCT	TCC
N1_castellii	0.115080676067	1	119	ACA	GCA
N1_castellii	0.124183134106	2	58	TTA	TTG
N1_castellii	0.125621630397	1	106	ACT	ACC
N1_castellii	0.127314857261	2	94	AGG	AGA
N1_castellii	0.135262887599	1	141	TCG	TCC
N1_castellii	0.140262345403	2	64	CGC	CGT
N1_castellii	0.140289926655	1	5	AAA	AAG
N1_castellii	0.147026591686	1	64	CGC	CGT
N1_castellii	0.148865487691	2	149	ATC	ATA
N1_castellii	0.149616899319	1	78	CAG	CAA
N1_castellii	0.151426209884	1	104	CCA	CCG
N1_castellii	0.1530021907	1	146	AAT	AAC
N1_castellii	0.16681032994	1	124	GGG	GGA
N1_castellii	0.172135723787	2	61	CGA	CGG
N1_castellii	0.172257366646	2	94	AGA	AGG
N1_castellii	0.175080881611	2	102	ATA	ATC
N1_castellii	0.178251047438	2	146	AAT	AAC
N1_castellii	0.178647426217	1	104	CCG	CCC
N1_castellii	0.179638748367	1	147	AGG	CGG
N1_N2	0.00473161871361	1	53	GGA	GGC
N1_N2	0.00712847038108	1	17	TTT	TTC
N1_N2	0.00747176926129	1	58	TTA	CTA
N1_N2	0.00954253047437	1	123	GCA	GCG
N1_N2	0.0120827847184	2	105	CGT	CGC
N1_N2	0.0139577194284	2	20	CTA	CTG
N1_N2	0.01449276593	2	97	CAG	CAA
N1_N2	0.0202509126273	1	147	AGG	CGG
N1_N2	0.0221879686816	1	160	AGA	AGG
N1_N2	0.0223990661313	1	6	TCC	TCT
N1_N2	0.0230178055416	1	78	CAG	CAA
N1_N2	0.0233205715934	2	18	ATC	ATT
N1_N2	0.023488110634	1	117	AGT	AGC
N1_N2	0.0252974567284	2	19	ATC	ACC
N1_N2	0.0299074872401	2	123	GCA	GCG
N1_N2	0.0302743473561	1	64	CGC	CGT
N1_N2	0.0317992496473	2	153	CAC	CAT
N1_N2	0.0319849081516	1	66	CTT	CTA
N1_N2	0.0365645049093	2	34	ACA	ACG
N1_N2	0.0385126075695	1	63	TAT	TAC
N1_N2	0.038617034729	2	131	CGC	CGT
N1_N2	0.0435073229923	2	56	TTA	TTG
N1_N2	0.0475543326159	1	104	CCA	CCG
N1_N2	0.0504667575827	1	66	CTA	TTA
N1_N2	0.0513722426902	2	10	CGA	CGG
N1_N2	0.0522014978504	1	6	TCT	TCC
N1_N2	0.0543926860416	2	115	TAT	TAC
N1_N2	0.0602076159597	2	20	CTG	CTA
N1_N2	0.0655614352929	1	56	TTA	CTA
N1_N2	0.0732760092531	1	124	GGG	GGA
N1_N2	0.0761949085794	1	14	CCC	CCT
N1_N2	0.0762815929985	1	66	TTA	CTA
N1_N2	0.0781623026501	2	66	CTT	CTC
N1_N2	0.0826670985558	2	132	CAT	TAT
N1_N2	0.0838783116688	2	115	TAC	TAT
N1_N2	0.0885109617676	1	131	CGC	CGT
N1_N2	0.0890525458072	1	103	CTT	CTG
N1_N2	0.0911188568137	2	38	CCA	CCT
N1_N2	0.0920799501413	1	133	ACT	ACC
N1_N2	0.0946054455885	2	16	CGC	CGT
N1_N2	0.096850526019	2	107	AGG	AGA
N1_N2	0.10435121958	2	58	TTA	CTA
N1_N2	0.106175852714	1	43	CTT	CTG
N1_N2	0.10789748012	2	4	GTC	ATC
N1_N2	0.111087220974	1	105	CGT	CGC
N1_N2	0.111842979939	1	96	TCC	TCT
N1_N2	0.12526341426	1	89	GTT	GTC
N1_N2	0.125428825372	1	23	GTG	GTT
N1_N2	0.134032341263	1	153	CAC	CAT
N1_N2	0.135252801025	2	23	GTG	GTA
N1_N2	0.135750745839	1	110	AAC	AAT
N1_N2	0.136157944816	1	83	AGT	AAT
N1_N2	0.137752725856	1	62	ACA	ACG
N1_N2	0.142521218907	1	94	CGG	AGG
N1_N2	0.143873898479	1	66	CTA	TTA
N1_N2	0.146176908196	2	2	CAG	GAG
N1_N2	0.147014916801	2	65	TGT	TGC
N1_N2	0.148661513192	1	67	GTC	GTT
N1_N2	0.155537262671	2	49	TTG	CTG
N1_N2	0.156011576916	2	88	TCC	TCT
N1_N2	0.15784562956	1	150	GAA	GAG
N1_N2	0.159729326421	1	97	CAG	CAT
N1_N2	0.160229610636	1	84	TAT	TAC
N1_N2	0.165673400518	2	78	CAG	CAA
N1_N2	0.168249261092	1	41	TTG	CTG
N1_N2	0.173203590939	1	147	CGG	CGA
N1_N2	0.174182988813	1	36	GAG	GAA
N1_N2	0.17455649206	2	152	ATT	ATC
N1_N2	0.177539828105	1	106	ACC	AAC
N1_N2	0.178399298518	1	150	GAG	GAA
N1_N2	0.178612518866	2	62	ACA	ACG
N1_N2	0.183410430807	2	157	TTT	TTC
N1_N2	0.183511385321	2	97	CAA	CAG
N1_N2	0.184874443108	1	106	AAC	AAT
N1_N2	0.18507319774	1	13	TAT	TGT
N1_N2	0.191592167726	1	142	CAC	CAT
N1_N2	0.193373712992	1	29	AAC	AAT
N1_N2	0.194362655109	1	66	TTA	CTA
N1_N2	0.195862160384	1	88	TCC	TCT
N1_N2	0.201260476047	2	45	GTC	GTT
N1_N2	0.201610913387	2	9	CAA	CAG
N1_N2	0.207173659052	1	27	AGT	AGC
N1_N2	0.207952827457	2	89	GTT	GTC
N2_bayanus	0.0022049536767	1	123	GCG	GCA
N2_bayanus	0.00313590581003	1	118	ACG	ACA
N2_bayanus	0.0129503186222	2	147	CGG	AGG
N2_bayanus	0.0195522210439	1	6	TCC	TCT
N2_bayanus	0.0216503150716	2	107	AGA	AGG
N2_bayanus	0.0219275452774	2	82	CAG	CAA
N2_N3	0.000413073661336	2	17	TTC	TTT
N2_N3	0.00173624926592	1	17	TTC	TTT
N2_N3	0.0103437120571	2	116	TTC	TTT
N2_N3	0.0117987028915	2	128	TGC	TAC
N2_N3	0.0146463891857	1	11	AAA	AAG
N2_N3	0.0160083069351	1	8	CTA	TTA
N2_N3	0.0174100705538	2	84	TAT	TAC
N2_N3	0.0215000455663	2	139	GCC	GCT
N3_kudriavzevii	0.00628739721986	1	31	CTC	CTT
N3_kudriavzevii	0.00788943178361	1	113	TTA	TTG
N3_kudriavzevii	0.00797772161544	2	57	CCA	CCT
N3_kudriavzevii	0.00858592165383	1	8	TTA	CTA
N3_kudriavzevii	0.0199368333553	2	38	CCT	CCC
N3_kudriavzevii	0.0219590147685	2	148	GAT	GAC
N3_kudriavzevii	0.0220365176144	1	68	TCA	TCC
N3_kudriavzevii	0.0249756789136	2	134	TTA	TTG
N3_kudriavzevii	0.0262270552055	1	79	ATC	ATG
N3_kudriavzevii	0.0286398585873	1	32	ATT	ATA
N3_kudriavzevii	0.0375920167825	2	37	TCC	TCT
N3_kudriavzevii	0.0383446158394	2	45	GTT	GTC
N3_kudriavzevii	0.038474337088	1	4	GTC	GTT
N3_kudriavzevii	0.0398639211061	2	101	CTA	CTG
N3_kudriavzevii	0.0405092127253	1	152	ATT	ATC
N3_kudriavzevii	0.040707511728	1	20	TTA	CTA
N3_kudriavzevii	0.0421046527749	2	133	ACC	ACT
N3_kudriavzevii	0.0462648107889	2	157	TTT	TTC
N3_kudriavzevii	0.0490982146065	1	79	ATG	ATA
N3_kudriavzevii	0.0534121542338	2	160	AGG	AGA
N3_kudriavzevii	0.0611902536566	2	67	ATC	ATT
N3_kudriavzevii	0.0615047111814	2	64	CGC	CGG
N3_kudriavzevii	0.0650759682245	1	63	TAC	TAT
N3_kudriavzevii	0.0711847026617	1	94	AGG	AGA
N3_kudriavzevii	0.0716846993609	2	18	ATT	ATC
N3_kudriavzevii	0.0737786496775	2	58	CTA	TTA
N3_kudriavzevii	0.0753542833356	1	22	TAC	CAC
N3_kudriavzevii	0.076912961603	2	68	TCA	TCG
N3_kudriavzevii	0.0773494173804	1	90	TTT	TTC
N3_kudriavzevii	0.080986064965	2	34	ACA	ACG
N3_N4	0.00419796938141	1	147	CGA	CGG
N3_N4	0.00869048121162	1	39	AAA	AAG
N3_N4	0.0147388523761	1	58	CTA	TTA
N3_N4	0.0244380495003	2	8	CTA	TTA
N3_N4	0.0257282755224	2	101	TTA	TTG
N3_N4	0.027197033069	1	18	ATT	ATC
N3_N4	0.0287224877568	1	8	TTA	CTA
N4_mikatae	0.00117642162146	1	5	AAA	AAG
N4_mikatae	0.00706840485497	2	156	AAG	AAA
N4_mikatae	0.0073377287217	2	149	ATT	ATC
N4_mikatae	0.00945699993696	2	46	GAA	GAG
N4_mikatae	0.0204987392086	1	50	TCA	TCT
N4_mikatae	0.0208190138625	1	103	CTG	CTA
N4_mikatae	0.0230652113295	2	150	GAA	AAA
N4_mikatae	0.0390095887727	2	6	TCC	TCT
N4_mikatae	0.0397963324239	1	100	CAT	CAC
N4_mikatae	0.0427865337695	2	144	ACG	ACA
N4_mikatae	0.0437979184614	1	16	CGC	CGT
N4_mikatae	0.0448453117713	2	23	GTT	GTA
N4_mikatae	0.0450862926147	2	134	TTA	TTG
N4_N5	0.00485743811095	1	85	CGA	CGT
N4_N5	0.0120445432119	2	114	AGC	AGT
N4_N5	0.0139134134054	1	92	CGA	CGG
N4_N5	0.0148919441034	2	96	TCT	TCC
N4_N5	0.0214306682874	2	84	TAC	CAC
N5_paradoxus	0.000184992171672	1	163	TCT	TCC
N5_paradoxus	0.00365879063433	1	163	TCC	TCT
N5_paradoxus	0.00391263354175	1	156	AAG	AAA
N5_paradoxus	0.00693432368813	1	59	AAA	AAG
N5_paradoxus	0.00800130835427	1	157	TTT	TTC
N5_paradoxus	0.0091021328723	1	139	GCC	GCT
N5_paradoxus	0.0103717176094	2	83	AGT	AGC
N5_paradoxus	0.015035202677	1	52	CCA	CCG
N5_paradoxus	0.0152319730418	2	112	TCT	TCC
N5_paradoxus	0.0210891598158	2	29	AAC	AAT
N5_cerevisiae	0.00402298328273	2	7	ACC	ACT
N5_cerevisiae	0.00458248500339	2	19	ATC	ATT
N5_cerevisiae	0.00684835235785	1	134	TTA	CTA
N5_cerevisiae	0.00722852880999	2	41	TTG	TTA
N5_cerevisiae	0.00936686266392	2	145	TTT	TTC
N5_cerevisiae	0.0101569347498	2	106	AAT	AAC
N5_cerevisiae	0.0132859830725	2	23	GTA	GTG
N5_cerevisiae	0.0162963984138	2	39	AAA	AAG
N5_cerevisiae	0.016890497788	2	97	CAT	CAC
N5_cerevisiae	0.0194601729184	2	46	GAA	GAG
N5_cerevisiae	0.0211726115355	2	152	ATT	GTT
N5_cerevisiae	0.0242976316502	2	48	GAT	GAC
N5_cerevisiae	0.0279022672857	2	131	CGT	CGG
N5_cerevisiae	0.0284062462068	1	84	TAC	TAT
N5_cerevisiae	0.0298714453662	1	90	TTT	TTC
N5_cerevisiae	0.0367712278485	1	36	GAA	AAA
N5_cerevisiae	0.0372889606557	1	56	CTA	TTA
N5_cerevisiae	0.0380709045967	2	49	CTG	TTG
N5_cerevisiae	0.0384955844752	1	119	ACA	ACG
N5_cerevisiae	0.0386224654152	2	9	CAG	CTG
N5_cerevisiae	0.0405772085875	2	63	TAT	TAC
N5_cerevisiae	0.0419954429061	1	15	ATA	ATG
N5_cerevisiae	0.0475208198166	2	34	ACA	ACG
N5_cerevisiae	0.0569940504617	1	4	GTC	GTT
