edge	time	mut_orlg	mut_pos	old_state	new_state
N0_D1	8.85939697324e-05	0	921	T	C
N0_D1	0.000984184753534	0	611	A	T
N0_D1	0.0013081451623	0	1307	T	C
N0_D1	0.00323015224533	0	902	A	G
N0_D1	0.00371103453587	0	173	C	G
N0_D1	0.00418544728365	0	1518	G	A
N0_D1	0.00459330919731	0	550	C	A
N0_D1	0.00462184918052	0	1126	G	A
N0_D1	0.00509328185975	0	1388	A	C
N0_D1	0.00509345581929	0	1463	A	G
N0_D1	0.00631569594725	0	733	C	T
N0_D1	0.00639322977781	0	964	T	C
N0_D1	0.00733617542625	0	1339	C	T
N0_D1	0.00794953383818	0	737	T	G
N0_D1	0.00820003617762	0	1220	A	G
N0_D1	0.008217412173	0	526	T	C
N0_D1	0.00867707069707	0	463	A	T
N0_D1	0.00901893968447	0	94	T	C
N0_D1	0.00943625224024	0	989	G	C
N0_D1	0.0104241979671	0	263	C	A
N0_D1	0.0112166260345	0	769	C	T
N0_D1	0.0123600347984	0	739	T	G
N0_D1	0.0127241279178	0	849	G	A
N0_D1	0.0128066108858	0	1546	A	G
N0_D1	0.0133123408554	0	651	A	G
N0_D1	0.0152573250016	0	988	A	C
N0_D1	0.0152769196968	0	843	A	C
N0_D1	0.015525136418	0	958	C	T
N0_D1	0.0156048339934	0	463	T	C
N0_D1	0.0158309623487	0	880	G	T
N0_D1	0.0161358350986	0	1671	G	T
N0_D1	0.0169349751958	0	312	A	G
N0_D1	0.0187208605507	0	1462	C	T
N0_D1	0.018751909051	0	169	G	A
N0_D1	0.019461280905	0	1357	A	C
N0_D1	0.0198875240727	0	683	G	A
N0_D1	0.0201196476351	0	1195	C	A
N0_D1	0.0202143604246	0	872	G	A
N0_D1	0.0211248603745	0	362	A	C
N0_D1	0.0214823555639	0	1485	C	T
N0_D1	0.0220646566734	0	1729	C	G
N0_D1	0.0227529198749	0	1500	A	C
N0_D1	0.0231623372037	0	1590	G	A
N0_D1	0.0238656288135	0	1404	G	A
N0_D1	0.0244586511111	0	515	C	T
N0_D1	0.02480474015	0	1730	C	T
N0_D1	0.0252815889294	0	1274	A	C
N0_D1	0.0261474745626	0	53	T	A
N0_D1	0.0266339012682	0	777	A	G
N0_D1	0.0274888332151	0	423	G	T
N0_D1	0.0292196901219	0	896	A	G
N0_D1	0.0292493057131	0	1347	T	C
N0_D1	0.0299090489689	0	1040	T	C
N0_D1	0.0303655024399	0	1436	A	C
N0_D1	0.0308707499323	0	784	A	G
N0_D1	0.0311643663874	0	1354	T	G
N0_D1	0.0315226142408	0	1343	C	G
N0_D1	0.0324356462736	0	1061	A	G
N0_D1	0.0325891149349	0	374	A	G
N0_D1	0.0327619822452	0	175	G	A
N0_D1	0.0331438028469	0	56	T	G
N0_D1	0.0335214338795	0	1586	A	C
N0_D1	0.0343168172539	0	496	A	T
N0_D1	0.0347226687726	0	191	G	A
N0_D1	0.0349852305381	0	460	A	G
N0_D1	0.0351702265479	0	1343	G	A
N0_D1	0.0355134378437	0	1001	G	C
N0_D1	0.0361700455976	0	1224	G	T
N0_D1	0.0365611351559	0	470	G	A
N0_D1	0.0367486834294	0	1583	A	C
N0_D1	0.0375047641835	0	220	A	T
N0_D1	0.0382539768719	0	1147	C	T
N0_D1	0.0386147017772	0	313	T	G
N0_D1	0.0387290934637	0	1136	T	G
N0_D1	0.0397367265823	0	315	T	G
N0_D1	0.0401852090956	0	810	A	C
N0_D1	0.0406540561443	0	870	A	G
N0_D1	0.0407893057103	0	502	T	C
N0_D1	0.0421031692902	0	1301	T	G
N0_D1	0.0426148236395	0	23	G	C
N0_D1	0.0429721732732	0	52	T	C
N0_D1	0.0430043881984	0	474	C	G
N0_D1	0.0435541732779	0	829	T	C
N0_D1	0.0437445253722	0	1312	A	T
N0_D1	0.045024522377	0	1357	C	T
N0_D1	0.045389209689	0	345	T	A
N0_D1	0.0457518498358	0	1680	C	T
N0_D1	0.0458858735754	0	1726	C	T
N0_D1	0.0462444826075	0	44	A	G
N0_D1	0.0467553651388	0	1506	C	T
N0_D1	0.0469490686215	0	457	G	C
N0_D1	0.0470227604315	0	304	A	T
N0_D1	0.0478100497	0	1047	G	A
N0_D1	0.0481269481911	0	1104	T	A
N0_D1	0.04814967206	0	874	G	A
N0_D1	0.0488625638069	0	927	T	C
N0_D1	0.0494396518084	0	678	T	A
N0_D1	0.0495573437034	0	589	C	T
D1_N1	8.24400608753e-05	2	868	G	T
D1_N1	0.000132371783093	1	14	C	T
D1_N1	0.000189018569838	1	1401	C	A
D1_N1	0.000894981945768	2	691	G	A
D1_N1	0.00152554670323	1	61	G	T
D1_N1	0.00250622684985	1	1516	A	C
D1_N1	0.00276405770572	2	571	C	T
D1_N1	0.00281158245215	2	1639	A	T
D1_N1	0.00290288832567	1	1636	C	T
D1_N1	0.00296249812488	2	711	T	C
D1_N1	0.00377301268316	1	184	C	T
D1_N1	0.00382491741086	2	796	A	G
D1_N1	0.00395520692356	1	976	G	C
D1_N1	0.00401686332284	1	1595	C	T
D1_N1	0.00410420175453	1	1408	T	C
D1_N1	0.00428756449219	2	1211	G	A
D1_N1	0.00441556012352	2	1693	A	G
D1_N1	0.00450386282303	1	365	T	C
D1_N1	0.0052863487977	1	1103	C	T
D1_N1	0.00531785300371	1	145	T	A
D1_N1	0.00563506504274	2	894	G	T
D1_N1	0.00594643738371	2	750	A	T
D1_N1	0.00599791563586	2	1331	C	G
D1_N1	0.00615383767825	1	761	T	C
D1_N1	0.00631936673756	2	1309	G	A
D1_N1	0.00641418398618	2	411	T	C
D1_N1	0.00646321136486	2	1506	T	C
D1_N1	0.00656545559947	1	1240	T	C
D1_N1	0.00660298233215	1	339	T	A
D1_N1	0.00711525504224	2	507	C	A
D1_N1	0.00803531581002	2	104	T	C
D1_N1	0.00861465662857	2	719	A	G
D1_N1	0.00942308132184	2	629	T	G
D1_N1	0.0102362312545	1	9	G	A
D1_N1	0.0102452524232	1	1436	C	G
D1_N1	0.0106734024033	1	230	T	A
D1_N1	0.0107595127311	2	1002	T	A
D1_N1	0.0108988900491	2	662	C	T
D1_N1	0.0109953277147	1	1388	C	A
D1_N1	0.0114631292464	1	532	G	T
D1_N1	0.011811102243	2	1700	G	T
D1_N1	0.0118945126599	1	608	T	G
D1_N1	0.0124355393253	2	1457	T	G
D1_N1	0.0128929729239	1	1720	G	A
D1_N1	0.0129688300113	2	655	C	T
D1_N1	0.0137560154934	2	1070	A	C
D1_N1	0.0139378143892	2	1403	C	A
D1_N1	0.0145838035291	2	1234	A	G
D1_N1	0.014785323892	2	844	C	A
D1_N1	0.0149663346458	1	1299	A	G
D1_N1	0.0155149275103	1	953	A	G
D1_N1	0.0155736680842	2	1401	C	T
D1_N1	0.0156170633181	2	354	T	A
D1_N1	0.0156197716568	1	1470	G	C
D1_N1	0.0159491568728	2	1720	G	C
D1_N1	0.015966999104	1	131	C	T
D1_N1	0.0162575814227	1	1091	G	T
D1_N1	0.0164855635847	1	714	C	A
D1_N1	0.0165379856589	2	129	T	C
D1_N1	0.0172340260773	1	1187	G	A
D1_N1	0.0172654363289	1	1396	T	C
D1_N1	0.0173941067192	2	1369	A	G
D1_N1	0.0175188238283	1	839	C	A
D1_N1	0.0181410595104	1	762	T	A
D1_N1	0.0182348887753	1	862	A	G
D1_N1	0.0182657256423	2	858	C	T
D1_N1	0.0184555395097	2	1158	C	T
D1_N1	0.0185262331351	2	726	C	T
D1_N1	0.018753460544	2	587	C	T
D1_N1	0.0187756800507	1	1224	T	A
D1_N1	0.0189486208739	2	85	T	C
D1_N1	0.0190018112218	2	16	A	G
D1_N1	0.0191612725546	1	1424	C	A
D1_N1	0.0194614737662	2	1021	T	C
D1_N1	0.0211130011397	1	1391	A	G
D1_N1	0.0212637217327	1	1451	C	T
D1_N1	0.0217877080364	1	141	T	G
D1_N1	0.0219614643147	2	1004	A	G
D1_N1	0.0221622691067	1	895	T	G
D1_N1	0.0223019925596	2	41	A	C
D1_N1	0.0223563363066	1	250	G	A
D1_N1	0.0226809376712	2	274	C	G
D1_N1	0.0227012490221	2	881	A	G
D1_N1	0.0229414060115	1	1709	G	C
D1_N1	0.0230654538299	2	17	A	G
D1_N1	0.0233451409604	1	1197	T	C
D1_N1	0.0234747895184	2	1196	T	C
D1_N1	0.0234956410357	1	1175	T	C
D1_N1	0.0235781738294	2	1233	A	C
D1_N1	0.0240274150746	1	1036	G	A
D1_N1	0.0243700085832	1	1486	G	T
D1_N1	0.0244426439781	2	1209	T	C
D1_N1	0.0244476500878	1	1406	T	C
D1_N1	0.0245264253866	1	45	G	A
D1_N1	0.0250006410694	1	458	T	G
D1_N1	0.0253453323279	2	1285	A	T
D1_N1	0.0258829980926	1	1141	A	G
D1_N1	0.0259320999575	2	1240	T	G
D1_N1	0.0262035843666	1	738	T	G
D1_N1	0.0266386281848	1	1595	T	C
D1_N1	0.0273985461713	1	1443	G	C
D1_N1	0.0274454134338	1	1104	A	C
D1_N1	0.0277457672719	2	102	A	G
D1_N1	0.0283395655341	1	1313	G	A
D1_N1	0.0295053475792	2	155	A	G
D1_N1	0.0299838997692	1	269	G	T
D1_N1	0.0300260738668	1	1382	G	C
D1_N1	0.0304521694388	1	1585	A	G
D1_N1	0.0305548494861	1	1594	T	C
D1_N1	0.0306005968715	1	747	T	C
D1_N1	0.030842095776	1	512	C	G
D1_N1	0.0309183799966	1	607	C	T
D1_N1	0.0315293115431	2	74	G	T
D1_N1	0.0316789651473	2	790	C	T
D1_N1	0.0319711665798	2	1354	G	T
D1_N1	0.0320496778412	2	346	C	T
D1_N1	0.0323656917342	2	787	C	G
D1_N1	0.033142275782	2	1296	T	C
D1_N1	0.0331958086939	1	66	A	C
D1_N1	0.0333260372757	2	718	T	G
D1_N1	0.0339145711201	2	475	A	C
D1_N1	0.0343879089722	2	707	A	C
D1_N1	0.0345544659795	2	338	T	A
D1_N1	0.0346316088674	2	782	G	T
D1_N1	0.0349850452259	1	1030	C	T
D1_N1	0.0351344296111	2	1310	G	T
D1_N1	0.0351766019674	1	162	G	A
D1_N1	0.0354225194277	1	1377	A	C
D1_N1	0.0355463513924	1	378	T	A
D1_N1	0.0357651924889	1	1131	G	A
D1_N1	0.0363791606668	2	1277	T	C
D1_N1	0.0366487048461	1	1637	T	G
D1_N1	0.0368195123122	2	1476	A	G
D1_N1	0.0375477142219	1	276	T	A
D1_N1	0.0383397255004	2	1110	T	G
D1_N1	0.0386715979427	2	1141	A	G
D1_N1	0.0389597058227	1	1658	T	G
D1_N1	0.0393666931235	1	1083	A	G
D1_N1	0.0399579153559	2	217	G	A
D1_N1	0.0407443890682	2	1267	G	A
D1_N1	0.0410534361436	2	1474	A	C
D1_N1	0.0410889987145	1	1448	G	C
D1_N1	0.0412584337813	1	298	G	A
D1_N1	0.0413266819605	1	1256	G	A
D1_N1	0.041623701813	2	1441	T	A
D1_N1	0.0416295498604	1	472	T	G
D1_N1	0.0421437556665	1	1718	C	A
D1_N1	0.0426514776319	2	903	C	T
D1_N1	0.0426558668701	1	1702	G	C
D1_N1	0.0435602319364	1	490	A	T
D1_N1	0.0438347026845	2	1260	A	G
D1_N1	0.0439466083127	2	1269	G	A
D1_N1	0.0441353926866	2	1594	T	C
D1_N1	0.0442971669416	2	47	A	C
D1_N1	0.0443492404222	2	1046	A	T
D1_N1	0.0444353722024	2	156	A	T
D1_N1	0.0448376374171	1	633	A	G
D1_N1	0.0453341694427	2	1204	C	T
D1_N1	0.0454464678393	2	1355	T	A
D1_N1	0.0465823445956	1	1663	C	T
D1_N1	0.0468080537899	1	1218	T	C
D1_N1	0.0469377879619	1	37	C	T
D1_N1	0.0476781455561	1	98	C	T
D1_N1	0.0478377121568	2	5	A	G
D1_N1	0.0480259337495	1	1662	G	A
D1_N1	0.0481081122065	2	321	G	A
D1_N1	0.0483252980832	1	512	G	A
D1_N1	0.0486331292545	2	482	A	G
D1_N1	0.0489079138571	1	1506	T	A
D1_N1	0.0490809913663	1	596	G	A
D1_N1	0.049099466905	2	1212	T	A
D1_N1	0.0494933412316	1	724	T	C
D1_N1	0.050252362943	2	131	C	G
D1_N1	0.0506872110081	1	783	T	A
D1_N1	0.0508815513186	2	447	C	A
D1_N1	0.0522926709321	2	1613	T	A
D1_N1	0.0527351506988	2	1697	C	T
D1_N1	0.0535868043208	2	333	G	A
D1_N1	0.0536420551698	1	274	C	A
D1_N1	0.0537308040644	2	833	A	G
D1_N1	0.0539017319495	1	350	A	G
D1_N1	0.053920697449	2	1220	G	A
D1_N1	0.0539796924807	1	517	A	G
D1_N1	0.0544637520523	1	1701	A	G
D1_N1	0.0545485374774	2	636	C	A
D1_N1	0.0545948273891	1	1285	A	G
D1_N1	0.0547326679369	2	880	T	C
D1_N1	0.0549500185893	2	676	G	C
D1_N1	0.0550389002089	2	943	G	T
D1_N1	0.0554547178208	2	1217	A	G
D1_N1	0.0560053887388	1	1027	T	C
D1_N1	0.0560641135795	2	693	G	A
D1_N1	0.0562200512999	2	178	C	T
D1_N1	0.0567657622513	2	1482	G	A
D1_N1	0.0572699151627	1	1219	T	G
D1_N1	0.0579479125584	2	261	A	T
D1_N1	0.0588673309443	2	836	C	T
D1_N1	0.0591747853688	1	1516	C	A
D1_N1	0.059177082881	2	984	A	C
D1_N1	0.0595718038953	2	1632	T	A
D1_N1	0.0596163474764	1	1370	A	G
D1_N1	0.0602466612081	1	533	C	T
D1_N1	0.0605842279567	2	1192	C	G
D1_N1	0.0606887129005	1	1079	G	T
D1_N1	0.0612131957374	1	305	G	A
D1_N1	0.0624208223505	1	204	G	T
D1_N1	0.0624779137944	1	333	G	A
D1_N1	0.0627374701833	1	1002	T	C
D1_N1	0.0628162977219	2	1060	C	G
D1_N1	0.0630934807724	1	731	C	T
D1_N1	0.0633650428872	1	1106	A	T
D1_N1	0.0639394849851	1	1458	T	C
D1_N1	0.0639960282415	1	1120	A	C
D1_N1	0.0648477667466	1	335	T	C
D1_N1	0.0649354115702	2	347	A	G
D1_N1	0.0660605268307	1	1197	C	T
D1_N1	0.066391081676	1	486	T	G
D1_N1	0.0664323510054	1	118	A	G
D1_N1	0.0669634431912	2	126	G	A
D1_N1	0.0677332204366	2	1599	T	C
D1_N1	0.0678289387681	1	953	G	A
D1_N1	0.0686037617906	2	14	C	A
D1_N1	0.068758620462	2	47	C	T
D1_N1	0.068893086846	1	268	G	C
D1_N1	0.0691606118309	1	1038	G	A
D1_N1	0.0691930553405	2	895	T	G
D1_N1	0.0694618277549	1	1350	C	T
D1_N1	0.069627614998	2	51	T	G
D1_N1	0.0698199391831	2	402	T	A
D1_N1	0.0700742722582	1	360	C	T
D1_N1	0.0708606490441	2	286	C	T
D1_N1	0.071126852561	2	1461	T	C
D1_N1	0.0711368395686	1	1445	G	T
D1_N1	0.0712206920172	1	395	G	C
D1_N1	0.0716405282027	2	680	C	A
D1_N1	0.0717497404775	1	58	A	G
D1_N1	0.0719783385107	2	1657	G	C
D1_N1	0.0742269160728	2	86	G	C
D1_N1	0.0742779276963	2	1104	A	T
D1_N1	0.0751589154088	2	1676	T	C
D1_N1	0.0752608351874	1	516	A	G
D1_N1	0.0756215657284	1	1303	A	G
D1_N1	0.0761057231372	2	5	G	C
D1_N1	0.076119026182	2	1006	C	T
D1_N1	0.0761237559881	2	570	C	G
D1_N1	0.0762079222126	1	497	C	T
D1_N1	0.0768145622914	1	1711	A	C
D1_N1	0.0772037404495	2	86	C	T
D1_N1	0.0773511638974	2	1380	T	A
D1_N1	0.0777603678	2	1282	G	A
D1_N1	0.0778119911877	2	1446	A	G
D1_N1	0.0778462408779	2	985	T	A
D1_N1	0.0780450678066	1	369	T	C
D1_N1	0.0785352808532	2	660	C	T
D1_N1	0.0785739748903	1	325	C	G
D1_N1	0.0789576447066	1	1605	C	T
D1_N1	0.0789704600263	1	1032	T	G
D1_N1	0.0789733724506	1	1204	C	T
D1_N1	0.0797428325453	2	855	A	G
D1_N1	0.0800228082328	2	553	A	T
D1_N1	0.0803692005001	2	1202	T	C
D1_N1	0.0807845622589	1	91	C	T
D1_N1	0.0811456172025	2	1336	G	A
D1_N1	0.0816585679524	1	465	G	C
D1_N1	0.0816829573131	2	626	C	A
D1_N1	0.0816847503218	1	1318	G	C
D1_N1	0.0820841377308	1	30	C	T
D1_N1	0.082161048144	1	353	C	T
D1_N1	0.0826999116186	2	1279	A	C
D1_N1	0.0830606316273	2	619	A	G
D1_N1	0.0833948746387	2	799	A	G
D1_N1	0.0836026777645	2	916	C	A
D1_N1	0.0846558784706	1	573	A	C
D1_N1	0.0847719642029	2	899	A	G
D1_N1	0.0853859696777	2	650	A	T
D1_N1	0.0861292907448	2	242	G	A
D1_N1	0.0866483006715	2	1300	A	G
D1_N1	0.0868308041733	1	1392	C	T
D1_N1	0.0869276297538	2	1572	C	T
D1_N1	0.0872171343421	1	419	G	A
D1_N1	0.0874275843851	2	401	C	A
D1_N1	0.0875338953221	2	460	G	T
D1_N1	0.0879935096936	1	638	T	G
D1_N1	0.0880889857249	2	1234	G	C
D1_N1	0.0891346553099	1	164	T	A
D1_N1	0.0894839208287	2	1327	A	G
D1_N1	0.0901333543698	2	1167	T	A
D1_N1	0.0903060332125	2	99	T	C
D1_N1	0.0907053355583	2	1345	C	A
D1_N1	0.0908128739465	2	1091	G	A
D1_N1	0.0908822973826	1	697	C	G
D1_N1	0.0912331220418	2	1410	C	G
D1_N1	0.0913067152615	1	681	C	T
D1_N1	0.0916355130798	1	495	A	C
D1_N1	0.091746777476	1	464	A	G
D1_N1	0.0926206332622	2	1570	T	G
D1_N1	0.0926557913485	2	298	G	C
D1_N1	0.0929142312113	2	1262	T	C
D1_N1	0.0929934416146	1	878	C	A
D1_N1	0.0933518184542	2	1659	A	G
D1_N1	0.0938540627292	2	23	C	T
D1_N1	0.0940930627203	1	1599	T	C
D1_N1	0.0945088522096	2	981	T	A
D1_N1	0.09477540196	2	734	T	G
D1_N1	0.0949825144179	2	182	T	A
D1_N1	0.0950244291252	1	1122	G	A
D1_N1	0.0952944994045	2	732	C	T
D1_N1	0.0956081346834	2	1454	A	G
D1_N1	0.096271669787	2	189	G	T
D1_N1	0.0973519214821	2	172	A	G
D1_N1	0.097778256937	1	1484	G	A
D1_N1	0.09809110759	2	1271	T	A
D1_N1	0.0981793320479	1	586	C	A
D1_N1	0.0988286638668	2	884	C	T
D1_N1	0.0989296482865	2	1160	T	C
D1_N1	0.0992505759394	1	1432	C	A
D1_N1	0.0994327721238	1	1247	C	T
D1_N1	0.0998082490729	1	298	A	T
D1_N1	0.0999483130687	1	1005	T	A
D1_N1	0.10067218849	2	613	A	G
D1_N1	0.10084280749	1	1674	C	T
D1_N1	0.101438100147	2	97	A	G
D1_N1	0.101517763766	1	914	T	G
D1_N1	0.10169499146	2	70	G	A
D1_N1	0.101786478443	2	318	G	A
D1_N1	0.102140840773	2	1245	G	T
D1_N1	0.102164647581	2	336	A	T
D1_N1	0.102597107536	1	260	T	G
D1_N1	0.103871728973	1	821	T	C
D1_N1	0.103897237767	1	1606	G	C
D1_N1	0.104227042655	2	1138	T	A
D1_N1	0.105209084526	1	274	A	G
D1_N1	0.105373217343	1	1454	A	G
D1_N1	0.105980182174	1	1692	C	T
D1_N1	0.106292190459	2	598	T	C
D1_N1	0.106303124961	1	1447	A	T
D1_N1	0.10698480409	1	754	A	C
D1_N1	0.106991529243	2	710	T	G
D1_N1	0.107060356851	1	705	C	T
D1_N1	0.107113061312	2	384	G	A
D1_N1	0.107553423403	2	1475	A	G
D1_N1	0.107630277083	1	1031	G	C
D1_N1	0.108480001992	1	1114	T	A
D1_N1	0.108724100662	2	250	G	A
D1_N1	0.108838106478	1	1630	T	G
D1_N1	0.108865599247	2	381	A	C
D1_N1	0.10896969517	1	674	A	T
D1_N1	0.109368216687	2	10	C	T
D1_N1	0.109984980365	1	897	G	C
D1_N1	0.112189329945	2	899	G	A
D1_N1	0.112806527414	2	696	G	C
D1_N1	0.11283010018	1	74	G	C
D1_N1	0.113108292871	1	1521	C	G
D1_N1	0.11316476332	1	403	C	T
D1_N1	0.113342869313	1	333	A	T
D1_N1	0.113350010193	1	1611	T	C
D1_N1	0.113482102875	1	644	A	G
D1_N1	0.113964753391	2	1126	A	G
D1_N1	0.114662559413	2	1007	A	G
D1_N1	0.114692641581	2	593	G	A
D1_N1	0.114703078353	1	175	A	G
D1_N1	0.114872609628	1	509	G	T
D1_N1	0.115136600068	1	1375	G	A
D1_N1	0.115335812061	1	618	A	G
D1_N1	0.115421781384	2	1681	T	G
D1_N1	0.115547993908	1	1462	T	C
D1_N1	0.115589484812	2	836	T	G
D1_N1	0.115649827156	2	665	C	T
D1_N1	0.115757648818	1	737	G	A
D1_N1	0.115827283496	2	139	A	G
D1_N1	0.115905585338	1	1405	T	C
D1_N1	0.116006457001	1	1680	T	C
D1_N1	0.116894514445	1	1125	T	C
D1_N1	0.117147591052	2	1528	G	A
D1_N1	0.117306478782	1	1518	A	G
D1_N1	0.11738968191	2	441	G	T
D1_N1	0.11753791402	2	556	C	T
D1_N1	0.117558893652	1	347	A	G
D1_N1	0.118027190386	2	259	T	A
D1_N1	0.118689713228	1	1402	C	T
D1_N1	0.119194076033	2	426	T	G
D1_N1	0.119251368408	1	570	G	A
D1_N1	0.119392725686	1	1707	G	T
D1_N1	0.11951053507	1	360	T	A
D1_N1	0.119812333597	1	42	G	C
D1_N1	0.120460846554	2	720	C	T
D1_N1	0.120495377855	1	816	G	A
D1_N1	0.120497013833	2	1539	A	G
D1_N1	0.120553434693	2	723	A	G
D1_N1	0.121230100818	2	81	A	C
D1_N1	0.121262021391	2	5	C	A
D1_N1	0.121376966445	1	934	T	G
D1_N1	0.121467489546	1	1375	A	T
D1_N1	0.12151239967	2	462	T	A
D1_N1	0.121701047994	1	1701	G	C
D1_N1	0.121950170481	1	105	C	T
D1_N1	0.122159817556	2	1371	T	C
D1_N1	0.122171824575	2	539	A	T
D1_N1	0.122507105266	2	570	G	A
D1_N1	0.123817972079	1	1252	C	G
D1_N1	0.123913490859	1	150	A	G
D1_N1	0.124038034499	1	531	T	A
D1_N1	0.124290607107	1	866	G	C
D1_N1	0.124332345021	2	1174	C	T
D1_N1	0.124462540464	1	29	G	A
D1_N1	0.124620919577	2	550	A	G
D1_N1	0.124720932688	1	1625	C	T
D1_N1	0.124752889849	1	1397	T	C
D1_N1	0.124809874759	2	387	A	G
D1_N1	0.124937608427	1	1282	G	A
D1_N1	0.125390456415	1	42	C	T
D1_N1	0.125726270564	1	669	T	A
D1_N1	0.125800890003	1	206	C	G
D1_N1	0.126089129899	1	182	T	G
D1_N1	0.126371581323	2	839	C	T
D1_N1	0.12679540738	1	1323	A	C
D1_N1	0.126799257576	1	1460	A	C
D1_N1	0.127403240084	1	79	C	T
D1_N1	0.127706429112	2	494	T	C
D1_N1	0.12827705679	1	1721	G	A
D1_N1	0.128444634122	1	1717	T	A
D1_N1	0.128955942763	1	15	C	T
D1_N1	0.12896753105	1	595	G	T
D1_N1	0.12952240766	2	258	C	A
D1_N1	0.129677834337	1	1292	C	T
D1_N1	0.130227535796	2	48	C	T
D1_N1	0.130565318257	1	1617	T	A
D1_N1	0.130892862803	1	562	T	C
D1_N1	0.13096853547	2	671	A	G
D1_N1	0.13155400791	2	234	T	C
D1_N1	0.13168553451	1	83	A	T
D1_N1	0.132661612445	2	1124	A	T
D1_N1	0.133629859348	1	525	A	G
D1_N1	0.133903339412	2	395	G	A
D1_N1	0.134039047498	2	833	G	A
D1_N1	0.134665498681	1	616	C	T
D1_N1	0.134893337645	2	331	A	G
D1_N1	0.135945307272	2	719	G	A
D1_N1	0.13647915984	2	1401	T	G
D1_N1	0.136535301317	2	468	G	T
D1_N1	0.137503481484	1	753	A	T
D1_N1	0.138077167054	1	403	T	A
D1_N1	0.138098121226	1	427	C	A
D1_N1	0.138189493392	1	1343	A	T
D1_N1	0.138274902847	2	583	A	T
D1_N1	0.138328851506	2	820	A	G
D1_N1	0.138404334709	1	615	G	A
D1_N1	0.139272731371	2	85	C	A
D1_N1	0.139547096924	1	786	A	C
D1_N1	0.139959042896	2	887	T	A
D1_N1	0.140213148656	2	1584	A	C
D1_N1	0.140865093815	1	320	T	C
D1_N1	0.14149304512	1	923	C	A
D1_N1	0.1416942765	1	783	A	G
D1_N1	0.141908717895	1	622	T	G
D1_N1	0.142177448957	2	1347	C	A
D1_N1	0.142837275553	2	35	T	C
D1_N1	0.143493291162	1	1253	T	C
D1_N1	0.143611011145	1	1025	A	T
D1_N1	0.143700093105	2	1567	A	T
D1_N1	0.144188900594	1	849	A	G
D1_N1	0.144899380301	2	821	T	C
D1_N1	0.145478102029	1	373	T	C
D1_N1	0.145903304421	2	520	C	T
D1_N1	0.146041558895	2	437	G	A
D1_N1	0.146635895188	1	499	C	T
D1_N1	0.146661462212	1	806	G	A
D1_N1	0.146931133737	1	1661	T	C
D1_N1	0.146999077663	2	1347	A	G
D1_N1	0.147194412602	1	273	T	C
D1_N1	0.147261044536	2	930	C	T
D1_N1	0.147566604371	2	1300	G	T
D1_N1	0.147846415191	2	1648	T	C
D1_N1	0.147951460176	2	307	G	A
D1_N1	0.148351588276	2	1086	A	G
D1_N1	0.148413115954	1	80	A	G
D1_N1	0.148625585085	1	789	A	C
D1_N1	0.148640532733	1	653	T	C
D1_N1	0.148699408284	2	1537	A	G
D1_N1	0.14871435099	1	1383	T	G
D1_N1	0.148929887287	1	143	G	A
D1_N1	0.149388168786	2	419	G	A
D1_N1	0.149396101672	2	609	C	G
D1_N1	0.149588954977	2	141	T	G
D1_N1	0.149769890499	1	1311	G	A
D1_N1	0.149862691849	2	1	G	A
D1_N1	0.149894616679	1	1470	C	T
D1_N1	0.149929044349	2	941	G	A
D1_N1	0.150438922277	2	600	T	G
D1_N1	0.1504405389	1	996	A	T
D1_N1	0.150761192269	1	223	T	C
D1_N1	0.150782816787	1	1548	C	G
D1_N1	0.150880018608	2	1388	C	A
D1_N1	0.151040429905	1	238	T	A
D1_N1	0.151272345709	1	1258	A	G
D1_N1	0.151674677842	2	858	T	C
D1_N1	0.152367578379	2	222	G	A
D1_N1	0.152482309691	2	966	C	T
D1_N1	0.153042595195	1	1507	T	C
D1_N1	0.153102951406	1	276	A	T
D1_N1	0.154031125296	1	114	G	A
D1_N1	0.15438170663	2	480	T	A
D1_N1	0.154635038839	2	966	T	A
D1_N1	0.155399029683	1	1206	T	C
D1_N1	0.15547085882	2	241	A	C
D1_N1	0.155833708832	2	1149	G	A
D1_N1	0.156103114927	1	734	T	G
D1_N1	0.156292986331	1	1213	A	T
D1_N1	0.156496175999	1	157	A	T
D1_N1	0.156541568689	2	367	T	G
D1_N1	0.156558455368	1	1080	T	C
D1_N1	0.156992924739	2	313	G	A
D1_N1	0.157124586815	1	1196	T	A
D1_N1	0.157479211093	1	211	T	A
D1_N1	0.157512918899	1	1727	G	T
D1_N1	0.157660556767	2	1474	C	G
D1_N1	0.15772213758	1	108	G	T
D1_N1	0.158148125546	2	1114	T	G
D1_N1	0.158359862095	1	790	T	C
D1_N1	0.15848740616	2	274	G	T
D1_N1	0.158693149329	2	410	T	G
D1_N1	0.158828231415	1	317	G	T
D1_N1	0.159142236078	1	1676	T	C
D1_N1	0.159197795437	2	1081	C	T
D1_N1	0.159320646084	1	155	A	G
D1_N1	0.159568291945	2	545	A	G
D1_N1	0.159692581454	2	96	G	A
D1_N1	0.159877086594	2	1449	C	G
D1_N1	0.160230931188	1	286	C	A
D1_N1	0.160599483352	2	155	G	C
D1_N1	0.160694104003	2	17	G	C
D1_N1	0.161193634798	2	1257	C	T
D1_N1	0.161287047911	1	619	A	G
D1_N1	0.162027946409	1	1236	T	C
D1_N1	0.162403548312	1	184	C	T
D1_N1	0.162586937857	1	1544	A	G
D1_N1	0.162930085933	2	1337	T	A
D1_N1	0.163494930145	1	1188	A	G
D1_N1	0.163833782555	1	256	G	A
D1_N1	0.163892477899	2	129	C	T
D1_N1	0.16391642797	1	1400	A	C
D1_N1	0.164082326926	2	1566	C	T
D1_N1	0.164091122672	2	226	G	T
D1_N1	0.164093969549	1	731	T	C
D1_N1	0.164151264989	1	1584	A	T
D1_N1	0.164509647736	1	466	A	G
D1_N1	0.164537356576	1	635	C	T
D1_N1	0.165655417669	1	132	G	T
D1_N1	0.166087817942	1	1188	G	T
D1_N1	0.166122894857	2	1685	C	T
D1_N1	0.166913545205	1	330	G	T
D1_N1	0.166980500969	1	628	A	G
D1_N1	0.167210628685	1	1202	T	C
D1_N1	0.167631180968	2	751	C	G
D1_N1	0.167636872275	1	1370	G	T
D1_N1	0.167736014958	2	1023	C	G
D1_N1	0.168799312253	1	611	T	A
D1_N1	0.16892311374	1	1710	G	C
D1_N1	0.168972828406	2	941	A	C
D1_N1	0.168978814305	2	1287	G	T
D1_N1	0.169181551995	1	553	A	C
D1_N1	0.16934361504	1	136	G	T
D1_N1	0.169375650745	1	409	C	T
D1_N1	0.169451828538	1	742	A	T
D1_N1	0.169563683032	2	787	G	C
D1_N1	0.169811963749	2	767	C	T
D1_N1	0.169872313243	2	80	A	T
D1_N1	0.169929698412	2	1346	T	G
D1_N1	0.170039484227	2	721	A	G
D1_N1	0.170097030696	2	624	T	C
D1_N1	0.170144851769	1	1393	T	G
D1_N1	0.171287729239	2	1266	G	T
D1_N1	0.172321109109	1	957	T	C
D1_N1	0.172468688531	2	1487	A	G
D1_N1	0.172567452351	1	1270	T	C
D1_N1	0.172634145287	2	372	A	T
D1_N1	0.172898621488	2	662	T	C
D1_N1	0.172969384038	2	346	C	A
D1_N1	0.173263379106	1	927	C	T
D1_N1	0.173750755063	2	913	G	A
D1_N1	0.174252275767	1	590	T	C
D1_N1	0.174539753832	1	1141	G	C
D1_N1	0.174553988425	2	715	A	C
D1_N1	0.174706172278	1	1732	A	T
D1_N1	0.17485710844	1	1450	A	G
D1_N1	0.174917052141	2	1276	A	T
D1_N1	0.175288566993	2	709	T	C
D1_N1	0.175433463433	1	1726	T	C
D1_N1	0.176395434216	2	319	A	G
D1_N1	0.176418314452	2	426	G	C
D1_N1	0.17680825338	2	606	A	G
D1_N1	0.178097743656	2	589	T	G
D1_N1	0.178727220834	2	630	C	G
D1_N1	0.179404438905	2	1411	T	C
D1_N1	0.179642444417	2	1067	T	C
D1_N1	0.179695800399	1	1407	A	T
D1_N1	0.179793030713	2	24	T	C
D1_N1	0.180008302404	1	239	G	A
D1_N1	0.180096607995	1	1275	A	G
D1_N1	0.180306519417	2	1574	T	A
D1_N1	0.180580058911	2	955	G	A
D1_N1	0.180820246108	2	1293	A	T
D1_N1	0.181444293143	1	419	A	G
D1_N1	0.181656219185	2	1060	G	A
D1_N1	0.182519452279	1	412	T	A
D1_N1	0.18299409513	2	1079	G	A
D1_N1	0.183369427969	1	131	T	C
D1_N1	0.183789918109	1	1667	A	G
D1_N1	0.183853035143	2	709	C	T
D1_N1	0.184250544754	1	842	T	C
D1_N1	0.184413735195	2	282	A	G
D1_N1	0.184442674482	2	1583	C	T
D1_N1	0.184456549818	1	350	G	T
D1_N1	0.184890163168	1	51	T	C
D1_N1	0.185287378326	1	1101	A	T
D1_N1	0.185408430159	1	1329	T	C
D1_N1	0.186176263383	1	1455	T	A
D1_N1	0.186229342696	1	909	T	C
D1_N1	0.18643433386	2	1338	T	A
D1_N1	0.186905920824	2	29	G	A
D1_N1	0.187553850313	1	391	T	G
D1_N1	0.188475019513	2	75	C	A
D1_N1	0.188928655009	1	1436	G	T
D1_N1	0.188964727703	1	534	A	G
D1_N1	0.189144214472	1	458	G	A
D1_N1	0.189167359969	1	1694	T	C
D1_N1	0.189183332675	2	831	C	T
D1_N1	0.189482056403	2	480	A	C
D1_N1	0.189504945799	2	41	C	A
D1_N1	0.189752895213	1	1357	T	G
D1_N1	0.190267118312	2	1195	A	C
D1_N1	0.190386778232	1	1051	G	A
D1_N1	0.19064501692	1	186	A	T
D1_N1	0.191432935813	2	1061	G	A
D1_N1	0.191570333158	1	1687	A	G
D1_N1	0.191920344658	2	1578	A	C
D1_N1	0.192394726311	2	32	T	A
D1_N1	0.192609652721	2	782	T	C
D1_N1	0.192679163774	1	1155	C	G
D1_N1	0.193036144195	2	38	T	A
D1_N1	0.193110324906	1	1008	C	T
D1_N1	0.193582955101	2	1613	A	C
D1_N1	0.193637361879	1	586	A	G
D1_N1	0.193877695372	2	239	G	C
D1_N1	0.19389208172	1	617	C	A
D1_N1	0.194904737471	1	1494	T	G
D1_N1	0.194997482862	1	1455	A	G
D1_N1	0.195305825747	1	891	T	C
D1_N1	0.195588196624	2	1034	C	T
D1_N1	0.195754248443	1	173	G	T
D1_N1	0.19642683599	1	1479	T	C
D1_N1	0.197057414478	2	1041	C	T
D1_N1	0.197413819002	1	184	T	C
D1_N1	0.197472659062	1	1351	A	G
D1_N1	0.198081054682	2	1077	A	T
D1_N1	0.198163112944	1	167	A	G
D1_N1	0.198863402052	1	867	G	C
D1_N1	0.199573791097	1	731	C	A
D1_N1	0.199668990816	1	1300	A	G
D1_N1	0.200029241448	1	458	A	C
D1_N1	0.200384673111	1	1188	T	G
D1_N1	0.200463362212	1	749	G	A
D1_N1	0.200715511101	2	1023	G	T
D1_N1	0.201203853534	1	210	G	T
D1_N1	0.201966432809	2	41	A	G
D1_N1	0.202179871467	1	911	A	C
D1_N1	0.202296025363	1	926	T	C
D1_N1	0.202474422733	1	1656	G	C
D1_N1	0.20265975578	2	1457	G	A
D1_N1	0.202819936855	1	730	T	A
D1_N1	0.2029632501	1	388	G	A
D1_N1	0.203129758086	2	267	G	C
D1_N1	0.203307510825	2	751	G	C
D1_N1	0.203492556246	1	1667	G	C
D1_N1	0.203572143399	2	583	T	G
D1_N1	0.203916239894	2	115	C	T
D1_N1	0.204161860582	2	1169	C	G
D1_N1	0.204562935946	2	469	C	T
D1_N1	0.204932118694	1	392	T	G
D1_N1	0.205161271073	2	1315	T	G
D1_N1	0.205384611235	1	604	G	A
D1_N1	0.205903207904	2	1091	A	T
D1_N1	0.206049770237	2	289	G	C
D1_N1	0.206638421741	2	903	T	C
D1_N1	0.206808044232	1	1727	T	C
D1_N1	0.20695281806	2	1673	T	C
D1_N1	0.207043122204	1	1489	A	G
D1_N1	0.207156650318	2	959	G	T
D1_N1	0.207475585073	2	1458	C	A
D1_N1	0.207907726277	2	1011	T	A
D1_N1	0.208309047793	2	160	T	C
D1_N1	0.208805894047	2	1435	C	G
D1_N1	0.209685661652	2	1275	A	C
D1_N1	0.209854006573	2	589	G	A
D1_N1	0.210091451541	1	1144	T	A
D1_N1	0.210226091897	1	1095	T	C
D1_N1	0.210228580567	1	1042	T	C
D1_N1	0.21025028397	1	1474	A	T
D1_N1	0.211244909895	1	1192	C	T
D1_N1	0.211314036237	2	1632	A	G
D1_N1	0.211536238699	2	138	A	C
D1_N1	0.212256202776	1	1415	G	A
D1_N1	0.212472621802	2	948	T	C
D1_N1	0.212503028561	1	399	G	A
D1_N1	0.212805278671	1	1471	T	A
D1_N1	0.212981915708	2	1602	C	T
D1_N1	0.213120205235	2	1723	A	C
D1_N1	0.213498751914	2	603	T	C
D1_N1	0.213750917592	2	833	A	T
D1_N1	0.213862275405	1	794	T	A
D1_N1	0.213899898929	2	709	T	C
D1_N1	0.213904888589	2	1688	T	C
D1_N1	0.21396278865	1	17	A	G
D1_N1	0.2141606717	2	1501	A	T
D1_N1	0.214305770719	1	1223	G	A
D1_N1	0.215100598348	1	755	G	T
D1_N1	0.215131101591	1	570	A	G
D1_N1	0.215478713745	2	697	C	T
D1_N1	0.215655185484	1	1565	G	A
D1_N1	0.216321667343	1	52	C	T
D1_N1	0.216369354043	1	859	A	T
D1_N1	0.216662500874	2	891	T	A
D1_N1	0.217358576547	1	330	T	C
D1_N1	0.217495231939	1	465	C	T
D1_N1	0.217873243326	2	1034	T	A
D1_N1	0.217910859852	2	406	C	A
D1_N1	0.218102894737	2	160	C	T
D1_N1	0.21811000314	1	1469	G	T
D1_N1	0.218716730225	2	298	C	A
D1_N1	0.218739518453	1	888	T	C
D1_N1	0.219126074284	1	255	A	G
D1_N1	0.219444949135	2	36	G	A
D1_N1	0.219453409566	1	1649	C	T
D1_N1	0.219647851857	1	1189	G	C
D1_N1	0.219650961923	1	1435	C	G
D1_N1	0.219698553283	2	564	G	A
D1_N1	0.220508325106	1	1066	T	A
D1_N1	0.220844941994	1	796	A	G
D1_N1	0.220992694098	1	1171	A	G
D1_N1	0.221093528702	2	1059	A	G
D1_N1	0.221323596823	1	563	A	G
D1_N1	0.221509160049	1	612	C	A
D1_N1	0.221544535743	2	1476	G	A
D1_N1	0.221756857798	2	159	C	T
D1_N1	0.221761682044	2	908	T	C
D1_N1	0.221950059828	1	811	T	C
D1_N1	0.222239483314	1	944	A	C
D1_N1	0.222426114693	2	1390	G	C
D1_N1	0.222483262913	1	1188	G	A
D1_N1	0.222525507564	1	1248	C	A
D1_N1	0.222880760443	1	626	C	T
D1_N1	0.223237561591	2	478	A	C
D1_N1	0.223678092742	1	1574	T	C
D1_N1	0.223946560601	1	1191	G	A
D1_N1	0.224317890762	1	1652	C	A
D1_N1	0.22442366952	2	645	C	G
D1_N1	0.224656442972	2	1500	C	T
D1_N1	0.224764628729	1	1632	A	G
D1_N1	0.224981197152	1	522	A	G
D1_N1	0.225048850228	2	205	T	C
D1_N1	0.225092097955	1	797	T	C
D1_N1	0.225562309029	2	545	G	A
D1_N1	0.225825631828	2	539	T	A
D1_N1	0.225855202896	2	103	T	C
D1_N1	0.226003107208	2	554	A	G
D1_N1	0.226287090738	1	1040	C	T
D1_N1	0.226372990103	1	654	G	C
D1_N1	0.226756373504	2	1153	C	T
D1_N1	0.226793490402	1	553	C	T
D1_N1	0.226802372435	2	1238	T	C
D1_N1	0.226821928645	1	448	C	T
D1_N1	0.227744554181	1	1440	G	A
D1_N1	0.228125294353	2	291	A	C
D1_N1	0.228284978801	1	1656	C	T
D1_N1	0.228349711519	2	885	C	T
D1_N1	0.228776871273	2	1020	T	C
D1_N1	0.228901615764	1	1232	C	T
D1_N1	0.228931541571	1	563	G	A
D1_N1	0.229087884729	2	723	G	C
D1_N1	0.229093337909	1	645	C	G
D1_N1	0.229098167855	1	459	C	A
D1_N1	0.229296187867	2	750	T	A
D1_N1	0.229395378078	2	164	T	A
D1_N1	0.22975631729	1	746	T	C
D1_N1	0.229868461173	2	94	C	T
D1_N1	0.230460795893	2	578	G	C
D1_N1	0.23064888735	2	1003	G	A
D1_N1	0.230740220629	1	744	T	C
D1_N1	0.230914820537	2	884	T	G
D1_N1	0.231044044665	1	356	A	C
D1_N1	0.231145962442	2	1259	A	T
D1_N1	0.231256540042	2	564	A	G
D1_N1	0.231353989071	2	1421	T	A
D1_N1	0.231510808466	1	1361	A	C
D1_N1	0.2315168891	2	4	T	C
D1_N1	0.231948584024	2	1555	G	T
D1_N1	0.232124463196	2	1655	T	G
D1_N1	0.232880045804	2	667	A	C
D1_N1	0.233078835084	2	1707	G	T
D1_N1	0.233157674527	1	606	A	G
D1_N1	0.233216352831	1	1603	G	C
D1_N1	0.233256801097	1	67	T	C
D1_N1	0.233309173274	2	1568	T	C
N1_N2	0.00146958256744	2	711	C	A
N1_N2	0.00155898864359	2	1273	A	C
N1_N2	0.00179211081862	2	1548	C	A
N1_N2	0.00291655285954	2	409	C	T
N1_N2	0.0031342461402	2	411	C	T
N1_N2	0.0038407990745	1	183	G	C
N1_N2	0.00539544932732	1	391	G	A
N1_N2	0.00643147369976	2	1355	A	G
N1_N2	0.00665945691878	1	469	C	A
N1_N2	0.00666050217611	2	1501	T	A
N1_N2	0.00666329766996	1	838	A	G
N1_N2	0.00670626080611	1	152	G	A
N1_N2	0.0071037615946	2	1466	A	G
N1_N2	0.00739663775794	2	1483	A	C
N1_N2	0.00778925758561	1	657	G	A
N1_N2	0.00797999788364	1	1704	T	C
N1_N2	0.00843487605981	1	1713	A	C
N1_N2	0.00924797890276	2	636	A	C
N1_N2	0.00933016420493	2	660	T	C
N1_N2	0.00959461321754	1	573	C	T
N1_N2	0.00961941640859	2	1091	T	G
N1_N2	0.00970908871058	1	929	C	T
N1_N2	0.00973505041546	1	1274	C	T
N1_N2	0.00985409863187	1	258	C	T
N1_N2	0.0100312840328	2	1413	A	C
N1_N2	0.0101027950496	2	595	G	T
N1_N2	0.0105119765912	2	447	A	G
N1_N2	0.0107004093811	2	1413	C	T
N1_N2	0.0111599568963	1	619	G	A
N1_N2	0.0111697525156	2	859	A	C
N1_N2	0.0111886070784	1	668	T	C
N1_N2	0.0114791478686	1	1412	A	T
N1_N2	0.0116040236365	1	1152	T	C
N1_N2	0.0116408674741	1	944	C	A
N1_N2	0.0118056586268	2	1591	G	C
N1_N2	0.0118465408663	1	795	G	T
N1_N2	0.0121629292154	1	1052	A	T
N1_N2	0.0138761843093	2	1064	A	G
N1_N2	0.0140179747397	1	1209	C	G
N1_N2	0.0142059357845	2	372	A	C
N1_N2	0.0142832906183	2	1167	A	G
N1_N2	0.0144610974413	2	508	C	G
N2_N3	0.000334125496916	1	4	T	G
N2_N3	0.000363576569991	1	608	G	A
N2_N3	0.000561127743851	1	1059	A	T
N2_N3	0.00129948717985	1	575	C	G
N2_N3	0.00157108188235	2	1374	C	T
N2_N3	0.00199798544087	1	776	T	A
N2_N3	0.00216120143547	1	621	C	G
N2_N3	0.00267191876041	1	995	A	T
N2_N3	0.00323753267545	1	743	T	G
N2_N3	0.00328911396073	1	447	C	A
N2_N3	0.00332509543286	1	639	C	T
N2_N3	0.00337178643552	1	136	T	C
N2_N3	0.00362266965494	2	752	C	T
N2_N3	0.00368980367482	2	551	A	G
N2_N3	0.00421202296193	1	638	G	A
N2_N3	0.00426946559121	2	171	G	A
N2_N3	0.00445653356467	2	1299	A	G
N2_N3	0.00447970762243	1	1560	T	A
N2_N3	0.00463515930314	1	80	G	A
N2_N3	0.00474093811126	2	828	C	G
N2_N3	0.004771048782	1	1274	T	C
N2_N3	0.00496504843839	2	1180	A	G
N2_N3	0.00498158753581	2	1419	A	C
N2_N3	0.00546339007879	1	13	C	G
N2_N3	0.00547460246342	2	1525	A	G
N2_N3	0.00559353151876	1	315	G	A
N2_N3	0.00627906288556	2	1003	A	G
N2_N3	0.00634492638619	2	734	G	T
N2_N3	0.0065952741591	2	426	C	T
N2_N3	0.00673157431312	2	1662	G	A
N2_N3	0.00704626619746	1	314	A	G
N3_N4	1.12340596678e-06	1	917	A	G
N3_N4	2.06974582161e-05	2	1347	G	A
N3_N4	8.5207152063e-05	1	920	A	C
N3_N4	0.00080135036247	2	1190	G	T
N3_N4	0.00105924731939	2	1109	T	G
N3_N4	0.00107579845519	2	533	C	A
N3_N4	0.00129164818433	2	238	T	A
N3_N4	0.00151392501379	1	8	G	T
N3_N4	0.00279262140814	2	596	G	T
N3_N4	0.00317524682466	2	332	G	A
N3_N4	0.00342247270109	2	1573	G	A
N3_N4	0.00398650178822	1	1602	C	T
N3_N4	0.00442879551634	1	682	T	C
N3_N4	0.00444076076311	2	1201	T	A
N3_N4	0.00476313353543	2	812	T	C
N3_N4	0.00477985927843	2	1206	T	A
N3_N4	0.00485877025817	2	1115	A	T
N3_N4	0.00492931208331	1	1536	G	A
N3_N4	0.00500085760352	2	1492	T	A
N3_N4	0.00511402157028	2	1348	A	G
N3_N4	0.00540721042282	1	1611	C	G
N3_N4	0.00576765840591	1	1223	A	G
N3_N4	0.0058483217732	1	1153	C	T
N3_N4	0.00608051277286	1	295	A	G
N3_N4	0.00617479681173	2	1321	T	C
N3_N4	0.00623233981689	2	482	G	A
N3_N4	0.00679638184169	2	386	G	A
N3_N4	0.00700771860408	1	290	A	G
N3_N4	0.00756270082524	2	1068	C	T
N3_N4	0.00768687694006	2	537	T	A
N3_N4	0.00771499139589	2	219	T	C
N3_N4	0.0083512526238	1	239	A	G
N3_N4	0.00866160478817	1	1724	T	G
N3_N4	0.00876433293186	2	1423	T	C
N4_Human	2.96376269388e-05	2	1697	T	C
N4_Human	0.000152170175604	1	1459	A	T
N4_Human	0.000651638621954	1	1699	A	G
N4_Human	0.000802365912731	1	1164	T	A
N4_Human	0.00125298466044	2	997	A	G
N4_Human	0.00142798505641	2	936	T	A
N4_Human	0.00198349943389	2	1394	G	A
N4_Human	0.00200455064937	2	1321	C	T
N4_Human	0.00203631137574	1	811	C	T
N4_Human	0.00208885307871	2	787	C	T
N4_Human	0.00290141687248	1	555	C	T
N4_Human	0.00316542847531	1	232	A	C
N4_Human	0.003519905846	1	636	C	A
N4_Human	0.00389465253347	1	1472	A	G
N4_Human	0.00453791459567	1	832	C	T
N4_Human	0.00485100962885	1	444	A	G
N4_Human	0.00490065415159	1	205	T	G
N4_Human	0.00512477492637	1	797	C	G
N4_Human	0.00514827672241	1	1442	T	C
N4_Human	0.0054212598547	2	667	C	T
N4_Human	0.0061291247732	1	1085	T	A
N4_Human	0.00652163102271	1	586	G	A
N4_Human	0.00676298409652	1	851	C	T
N4_Human	0.0072189226464	1	113	T	C
N4_Human	0.00766246366139	1	1138	T	A
N4_Human	0.00839777467933	1	71	C	T
N4_Human	0.00845284731329	1	473	A	T
N4_Human	0.00914536294573	1	888	C	G
N4_Human	0.00922449493465	1	1322	T	G
N4_Human	0.00932135792016	2	982	C	T
N4_Human	0.0099625747292	1	828	C	G
N4_Human	0.00997071611739	2	568	A	C
N4_Human	0.0101672204271	2	1600	C	T
N4_Human	0.010308736589	1	363	T	C
N4_Human	0.0103507985009	2	955	A	G
N4_Human	0.0103596399786	1	867	C	A
N4_Chimp	0.00034113074318	1	1160	T	A
N4_Chimp	0.000355138052983	2	1584	T	C
N4_Chimp	0.00122750676727	2	119	T	C
N4_Chimp	0.0019714138204	2	772	G	C
N4_Chimp	0.00209857487641	2	358	G	T
N4_Chimp	0.00261346487492	1	159	C	T
N4_Chimp	0.00306675000558	2	813	C	T
N4_Chimp	0.00329172705653	1	574	A	C
N4_Chimp	0.00351263592496	1	677	C	T
N4_Chimp	0.00379193981621	2	1436	C	T
N4_Chimp	0.00545786499347	2	1574	A	T
N4_Chimp	0.00570603672289	2	1484	G	C
N4_Chimp	0.00633656110999	2	494	C	A
N4_Chimp	0.00640907349173	1	346	C	G
N4_Chimp	0.00652777462905	1	74	C	G
N4_Chimp	0.00657535186512	2	898	C	A
N4_Chimp	0.00664106821731	2	1231	A	G
N4_Chimp	0.0067663886619	1	1328	C	T
N4_Chimp	0.00714763864245	2	1521	C	G
N4_Chimp	0.00716866517361	1	57	T	A
N4_Chimp	0.0072261898556	2	846	G	C
N4_Chimp	0.00745337214368	2	591	G	A
N4_Chimp	0.00756186604593	1	368	C	T
N4_Chimp	0.00784416951728	1	921	C	T
N4_Chimp	0.00795000616827	2	1520	C	A
N4_Chimp	0.00844057346475	2	87	A	C
N4_Chimp	0.00860871698053	1	380	C	T
N4_Chimp	0.00876616935034	2	695	T	A
N4_Chimp	0.00893100084356	2	655	T	C
N4_Chimp	0.00937552360138	2	615	G	T
N4_Chimp	0.00945216767269	1	370	T	G
N3_Goril	0.000103778465351	2	912	G	T
N3_Goril	0.000125552830333	2	682	T	G
N3_Goril	0.000411912976562	1	805	T	C
N3_Goril	0.001250456973	1	1666	A	G
N3_Goril	0.00276650360712	2	1643	G	A
N3_Goril	0.00284586280167	2	103	C	T
N3_Goril	0.00286356379478	1	684	G	A
N3_Goril	0.00337385521598	1	336	A	G
N3_Goril	0.0034675531369	2	323	T	A
N3_Goril	0.00370131524361	1	431	G	A
N3_Goril	0.00415617119066	2	345	A	G
N3_Goril	0.00490069045066	1	1338	T	C
N3_Goril	0.00492062256436	1	229	T	C
N3_Goril	0.00542389050187	2	1710	G	A
N3_Goril	0.00581552900176	1	974	A	T
N3_Goril	0.00605065756833	2	262	C	T
N3_Goril	0.00660985133458	1	700	A	T
N3_Goril	0.00774345446652	1	962	T	A
N3_Goril	0.00774678800002	1	1357	G	T
N3_Goril	0.00805840014416	1	1193	T	A
N3_Goril	0.00829621711251	1	456	G	A
N3_Goril	0.00855040648558	2	372	C	G
N3_Goril	0.00871886462746	2	612	C	A
N3_Goril	0.00927192467689	1	109	T	C
N3_Goril	0.0093260331697	2	732	T	A
N3_Goril	0.00935981297483	2	1337	A	G
N3_Goril	0.00974992399794	1	1412	T	C
N3_Goril	0.0098440586132	1	1702	C	T
N3_Goril	0.0102339293578	2	1528	G	A
N3_Goril	0.010434844977	1	91	T	A
N3_Goril	0.0104876447253	1	526	C	T
N3_Goril	0.010590852176	2	698	C	A
N3_Goril	0.0110802399084	2	1521	C	T
N3_Goril	0.0125986631182	1	806	A	G
N3_Goril	0.0129758344996	1	29	A	G
N3_Goril	0.0133187594666	2	1410	G	C
N3_Goril	0.0135957938017	1	939	G	C
N3_Goril	0.0136501895458	1	339	A	G
N3_Goril	0.0136741879515	2	779	G	T
N3_Goril	0.013755356305	2	124	G	A
N3_Goril	0.0150932772462	2	140	G	T
N3_Goril	0.0154167052491	1	1283	A	G
N3_Goril	0.0155277535984	2	551	G	A
N3_Goril	0.0156518255817	2	580	A	G
N3_Goril	0.015737780701	2	1451	C	T
N3_Goril	0.0163631026783	1	1017	A	T
N3_Goril	0.0168486180756	1	1408	C	T
N3_Goril	0.0175691214704	1	282	A	T
N3_Goril	0.0178197788878	1	1684	C	G
N3_Goril	0.0179431614187	2	74	T	C
N3_Goril	0.0181360989404	2	613	A	T
N3_Goril	0.0185569349317	2	1392	C	T
N3_Goril	0.0189422086753	1	662	C	T
N3_Goril	0.0191107585964	2	611	T	C
N3_Goril	0.0192048522091	2	1726	T	C
N2_Orang	0.000362930217057	1	613	A	T
N2_Orang	0.000442641638056	1	1261	T	C
N2_Orang	0.000467173231364	2	1258	A	T
N2_Orang	0.000566087747691	2	359	T	G
N2_Orang	0.000855690762698	1	321	G	A
N2_Orang	0.000931673666025	1	264	C	G
N2_Orang	0.00138525842494	1	267	G	T
N2_Orang	0.00201053849806	1	709	T	C
N2_Orang	0.00248623035547	1	653	C	T
N2_Orang	0.00259350343103	2	958	T	A
N2_Orang	0.00282199840113	1	1677	C	T
N2_Orang	0.00298717948944	2	521	T	C
N2_Orang	0.00309911662792	2	766	T	G
N2_Orang	0.00325929621382	2	148	T	A
N2_Orang	0.00353809606704	1	1143	G	C
N2_Orang	0.00370775806837	1	861	C	T
N2_Orang	0.00420943044385	2	1121	T	C
N2_Orang	0.00440536808486	1	744	C	T
N2_Orang	0.00474417574234	1	34	G	A
N2_Orang	0.0055033498663	2	1364	A	T
N2_Orang	0.00552481028954	2	31	A	T
N2_Orang	0.007123400783	2	1383	T	A
N2_Orang	0.00752878682242	1	235	A	T
N2_Orang	0.00766205510003	1	582	C	T
N2_Orang	0.00768910081217	1	1268	T	C
N2_Orang	0.00794588590736	2	1331	G	A
N2_Orang	0.00901378797232	2	840	C	T
N2_Orang	0.00935870849591	2	267	C	A
N2_Orang	0.00941058880552	1	1194	A	G
N2_Orang	0.00977984108542	2	432	A	C
N2_Orang	0.00998741964579	2	88	C	A
N2_Orang	0.0105887336802	2	1238	C	A
N2_Orang	0.0111851018807	1	1682	T	C
N2_Orang	0.0116403138804	2	13	C	T
N2_Orang	0.0119091704629	2	712	T	C
N2_Orang	0.0119389261445	1	1376	A	G
N2_Orang	0.0120425041378	2	283	C	G
N2_Orang	0.0121651522695	1	1032	T	C
N2_Orang	0.0122838335242	2	429	G	A
N2_Orang	0.0124440076801	2	612	C	T
N2_Orang	0.0132143031895	2	1605	C	A
N2_Orang	0.0133589879889	1	1361	C	T
N2_Orang	0.0133647870087	2	346	A	C
N2_Orang	0.0136880345319	1	304	T	G
N2_Orang	0.0137338531252	2	1273	C	T
N2_Orang	0.0138965719529	1	1548	G	A
N2_Orang	0.0145479273207	1	938	T	C
N2_Orang	0.0153134980319	2	569	T	A
N2_Orang	0.0153779942922	1	110	G	A
N2_Orang	0.0153809402703	2	1219	G	A
N2_Orang	0.0158902248729	2	550	G	T
N2_Orang	0.0162579158946	1	1499	G	C
N2_Orang	0.016374046953	2	56	G	A
N2_Orang	0.0167274432622	2	1218	T	C
N2_Orang	0.0168441071036	2	427	C	G
N2_Orang	0.0171105034196	1	1560	T	C
N2_Orang	0.0171645323498	2	951	A	T
N2_Orang	0.0172702199269	1	354	A	G
N2_Orang	0.0172706160343	1	1110	T	C
N2_Orang	0.0172879073644	2	562	T	A
N2_Orang	0.017337653184	1	291	A	G
N2_Orang	0.0176501113464	1	1472	A	G
N2_Orang	0.0179372418115	2	603	C	T
N2_Orang	0.0180755271203	2	728	G	A
N2_Orang	0.0184436046203	2	888	T	G
N1_Macaq	5.11266397882e-05	2	532	G	A
N1_Macaq	0.000127689014824	1	80	G	T
N1_Macaq	0.00115053491135	1	985	T	G
N1_Macaq	0.00124031848253	1	1201	T	A
N1_Macaq	0.00132619417678	2	590	C	A
N1_Macaq	0.00132809602328	2	429	G	C
N1_Macaq	0.00168965120073	2	727	C	T
N1_Macaq	0.00181917194013	1	608	G	A
N1_Macaq	0.00184164028463	2	773	A	T
N1_Macaq	0.00217466123053	1	1612	A	T
N1_Macaq	0.00247652433783	2	140	G	C
N1_Macaq	0.00252554000426	1	1362	A	T
N1_Macaq	0.00265222151635	1	1629	T	C
N1_Macaq	0.00268482526917	1	155	G	C
N1_Macaq	0.00300671226699	1	228	A	C
N1_Macaq	0.00328075736637	2	251	T	C
N1_Macaq	0.00407074413694	2	1304	G	C
N1_Macaq	0.00460166750608	1	851	C	G
N1_Macaq	0.00487551649677	2	1613	C	G
N1_Macaq	0.00506527200644	2	451	G	T
N1_Macaq	0.00527113279391	1	103	T	G
N1_Macaq	0.00560467868209	2	249	T	A
N1_Macaq	0.00560527237801	2	930	T	C
N1_Macaq	0.00616972947379	1	705	T	C
N1_Macaq	0.00653773061389	1	1024	A	T
N1_Macaq	0.00736064782057	2	46	A	C
N1_Macaq	0.00802986990669	1	1104	C	T
N1_Macaq	0.00844239475701	1	239	A	T
N1_Macaq	0.00885556180173	2	1152	T	G
N1_Macaq	0.00945355686865	2	323	T	G
N1_Macaq	0.00965040472557	1	1723	A	G
N1_Macaq	0.0109347855418	2	518	G	T
N1_Macaq	0.0111825905592	1	972	T	G
N1_Macaq	0.0114717700501	1	310	T	A
N1_Macaq	0.0114808750796	2	1333	G	A
N1_Macaq	0.0115075647098	1	1391	G	A
N1_Macaq	0.012167206838	2	97	G	T
N1_Macaq	0.0121817803517	2	38	A	G
N1_Macaq	0.0131776502391	1	523	C	T
N1_Macaq	0.0134353586021	2	1517	A	C
N1_Macaq	0.0135164591314	1	840	C	T
N1_Macaq	0.0135683578536	2	858	C	T
N1_Macaq	0.0137680641115	1	426	T	C
N1_Macaq	0.0139629006367	2	581	A	T
N1_Macaq	0.0142961626711	1	1444	A	G
N1_Macaq	0.0143467024041	2	1673	C	T
N1_Macaq	0.0151176331213	1	560	T	A
N1_Macaq	0.0152591847881	1	1096	T	A
N1_Macaq	0.0152727378596	2	10	T	C
N1_Macaq	0.0153538935626	2	956	C	T
N1_Macaq	0.0155266951411	1	547	C	T
N1_Macaq	0.0156028679213	2	1671	T	C
N1_Macaq	0.0159038540384	1	1722	T	A
N1_Macaq	0.0160222525757	2	145	T	C
N1_Macaq	0.0161247626758	1	179	G	A
N1_Macaq	0.0164938643954	1	496	T	A
N1_Macaq	0.0165095802431	2	1220	G	C
N1_Macaq	0.0165756297482	2	1186	A	G
N1_Macaq	0.0168142253	2	727	T	G
N1_Macaq	0.0169186022224	2	958	T	A
N1_Macaq	0.0173715370886	2	204	G	C
N1_Macaq	0.0181022284395	2	1180	A	G
N1_Macaq	0.0184818369974	1	687	T	A
N1_Macaq	0.0186279605529	1	1426	G	A
N1_Macaq	0.018771806911	2	331	G	T
N1_Macaq	0.018775088027	1	1277	T	A
N1_Macaq	0.018873571761	1	720	C	T
N1_Macaq	0.0189030190181	1	1099	G	C
N1_Macaq	0.0190727024994	2	1317	G	A
N1_Macaq	0.0194253992168	2	556	T	C
N1_Macaq	0.0195121051691	2	1351	A	G
N1_Macaq	0.0196611992453	2	631	T	G
N1_Macaq	0.0199605934147	1	743	T	C
N1_Macaq	0.0202284698702	1	203	A	T
N1_Macaq	0.0203489641854	1	1255	A	G
N1_Macaq	0.0203838753919	2	1383	T	C
N1_Macaq	0.0204410774304	2	922	T	G
N1_Macaq	0.0204960633401	2	812	T	C
N1_Macaq	0.0205112162166	2	156	T	A
N1_Macaq	0.0206574083774	2	961	A	T
N1_Macaq	0.0217440111532	1	221	T	G
N1_Macaq	0.0219948488168	1	568	A	G
N1_Macaq	0.022996418025	2	301	A	G
N1_Macaq	0.0234134455453	2	262	C	T
N1_Macaq	0.0234971738976	1	1403	C	T
N1_Macaq	0.0235949004208	2	1328	C	T
N1_Macaq	0.0241164239881	1	843	C	A
N1_Macaq	0.0241314241367	1	1039	G	A
N1_Macaq	0.0246339904988	2	956	T	A
N1_Macaq	0.0246475085063	2	1001	C	G
N1_Macaq	0.0248026606352	2	1302	T	A
N1_Macaq	0.0250412069294	1	1560	T	C
N1_Macaq	0.0252602346835	1	140	G	T
N1_Macaq	0.0258096852841	1	1178	T	A
N1_Macaq	0.0260240947065	1	1368	A	T
N1_Macaq	0.0266748111141	2	686	G	A
N1_Macaq	0.0268758438683	2	1287	T	G
N1_Macaq	0.0268784497154	1	1217	A	C
N1_Macaq	0.0269040249861	1	868	G	A
N1_Macaq	0.0270990570637	2	1400	A	G
N1_Macaq	0.0274127862316	2	1341	C	T
N1_Macaq	0.0289723591384	1	632	A	T
N1_Macaq	0.0292938005376	1	1043	C	A
N1_Macaq	0.029320459922	2	1427	A	G
N1_Macaq	0.0293554078011	1	574	A	G
N1_Macaq	0.0306466540753	1	365	C	T
N1_Macaq	0.0314032450218	2	739	G	A
N1_Macaq	0.0314265493912	2	1155	C	T
N1_Macaq	0.0314837320249	1	896	G	C
N1_Macaq	0.0316434025471	2	1555	T	G
N1_Macaq	0.031649498126	1	1149	G	T
N1_Macaq	0.0319470195835	1	295	A	G
N1_Macaq	0.0327229817483	2	1286	G	A
N1_Macaq	0.0329380635575	1	669	A	T
N1_Macaq	0.0333937563437	1	603	T	C
N1_Macaq	0.0334000493772	2	847	T	G
N1_Macaq	0.0336180696809	1	377	T	C
N1_Macaq	0.0337799851132	1	356	C	T
N1_Macaq	0.0338623058475	1	172	A	C
N1_Macaq	0.0341426773955	1	427	A	G
N1_Macaq	0.0343749851557	2	1604	A	G
N1_Macaq	0.0344959016704	2	327	A	T
N1_Macaq	0.0345158245768	1	253	A	T
N1_Macaq	0.0348406557046	2	1517	C	T
N1_Macaq	0.0351911922746	2	1493	G	A
N1_Macaq	0.0354002533777	2	718	G	A
N1_Macaq	0.0355768126777	1	688	A	T
N1_Macaq	0.0358450655551	2	89	T	C
N1_Macaq	0.0363212093694	2	147	T	C
N1_Macaq	0.0367071128347	2	139	G	T
N1_Macaq	0.0370582771683	2	1653	A	T
N1_Macaq	0.0374320198423	2	1674	C	T
N1_Macaq	0.0375452322971	1	1252	G	A
N1_Macaq	0.0377105076219	2	1593	G	T
N1_Macaq	0.0377486292777	1	916	C	T
N1_Macaq	0.0378440123011	2	238	T	A
N1_Macaq	0.0383434010502	1	1484	A	G
N1_Macaq	0.0386564047118	2	1425	A	G
N1_Macaq	0.0388737802474	2	588	A	C
N1_Macaq	0.0395517547402	1	376	T	C
N1_Macaq	0.0405696633571	1	705	C	T
N1_Macaq	0.0411218937877	2	456	G	A
N1_Macaq	0.0412716815805	2	1563	G	T
N1_Macaq	0.0416315704877	1	1010	T	G
N1_Macaq	0.0417377487308	1	380	C	T
N1_Macaq	0.0431053196106	2	167	A	C
N1_Macaq	0.0436953266671	2	331	T	G
N0_Mouse	0.00139946036851	0	1617	T	A
N0_Mouse	0.00203201149477	0	1589	G	A
N0_Mouse	0.00225095104032	0	556	C	T
N0_Mouse	0.00304890942279	0	1058	C	T
N0_Mouse	0.00342301723732	0	236	T	A
N0_Mouse	0.00399742977933	0	1378	T	A
N0_Mouse	0.00441711511689	0	933	C	A
N0_Mouse	0.00496968348612	0	329	G	A
N0_Mouse	0.00749570180022	0	972	T	A
N0_Mouse	0.00767300825076	0	770	T	C
N0_Mouse	0.00767936174503	0	725	G	T
N0_Mouse	0.00784019610743	0	1104	T	C
N0_Mouse	0.00963976170149	0	1423	T	A
N0_Mouse	0.0098943223558	0	105	C	T
N0_Mouse	0.0107356693506	0	1643	G	A
N0_Mouse	0.010850936253	0	926	T	G
N0_Mouse	0.0109789495113	0	1632	T	C
N0_Mouse	0.0113777963335	0	590	T	C
N0_Mouse	0.0119279462935	0	195	G	C
N0_Mouse	0.0122621160268	0	122	A	G
N0_Mouse	0.0124547949266	0	1057	A	T
N0_Mouse	0.0131496452625	0	164	T	G
N0_Mouse	0.0132737686025	0	1600	C	T
N0_Mouse	0.013451145358	0	1413	A	T
N0_Mouse	0.0135206236227	0	1349	T	C
N0_Mouse	0.0147585074234	0	294	G	T
N0_Mouse	0.0154485442219	0	1420	T	G
N0_Mouse	0.0157979983479	0	917	A	G
N0_Mouse	0.016497263832	0	659	T	A
N0_Mouse	0.0168819216408	0	954	T	G
N0_Mouse	0.017663337235	0	51	T	G
N0_Mouse	0.0182488652487	0	588	A	C
N0_Mouse	0.0185530460903	0	1487	A	C
N0_Mouse	0.0191128941926	0	439	A	T
N0_Mouse	0.0191588551997	0	585	A	G
N0_Mouse	0.0191982876993	0	1446	A	G
N0_Mouse	0.0192329495208	0	948	T	C
N0_Mouse	0.0199170371184	0	1159	T	C
N0_Mouse	0.0205882067934	0	105	T	G
N0_Mouse	0.0211413556615	0	403	C	T
N0_Mouse	0.0230383371866	0	1680	C	T
N0_Mouse	0.0236437941615	0	1303	A	T
N0_Mouse	0.024039464946	0	701	T	A
N0_Mouse	0.0250158002544	0	1035	A	G
N0_Mouse	0.0257525972865	0	1515	G	A
N0_Mouse	0.0260806732903	0	718	T	A
N0_Mouse	0.0268447789432	0	804	G	C
N0_Mouse	0.0280541024655	0	352	G	A
N0_Mouse	0.0289189896493	0	321	G	C
N0_Mouse	0.0289464608136	0	441	G	A
N0_Mouse	0.0296702791633	0	761	T	G
N0_Mouse	0.0311061486769	0	1526	C	T
N0_Mouse	0.0314578631443	0	534	A	G
N0_Mouse	0.0317139816884	0	89	T	C
N0_Mouse	0.032452367474	0	1573	G	T
N0_Mouse	0.0330300467113	0	567	G	T
N0_Mouse	0.0334749790955	0	1468	C	T
N0_Mouse	0.0349839931741	0	297	A	G
N0_Mouse	0.0359426536433	0	51	G	C
N0_Mouse	0.0362670367203	0	6	T	C
N0_Mouse	0.0364950746016	0	505	A	C
N0_Mouse	0.0369422459596	0	1454	A	G
N0_Mouse	0.037118434679	0	1007	A	C
N0_Mouse	0.038719463999	0	1242	C	T
N0_Mouse	0.0390981881135	0	653	T	C
N0_Mouse	0.0392592730428	0	1532	T	C
N0_Mouse	0.0418062473611	0	748	G	A
N0_Mouse	0.0420937595472	0	676	G	C
N0_Mouse	0.0425107556434	0	78	T	C
N0_Mouse	0.0425203721102	0	191	G	C
N0_Mouse	0.0433331244285	0	688	A	C
N0_Mouse	0.043473840018	0	527	A	T
N0_Mouse	0.0435029161326	0	330	G	A
N0_Mouse	0.0450632966064	0	868	G	A
N0_Mouse	0.0454601047388	0	1694	T	C
N0_Mouse	0.0457495682157	0	1603	G	A
N0_Mouse	0.0463853674902	0	473	A	C
N0_Mouse	0.0466779219757	0	816	G	A
N0_Mouse	0.0468259757767	0	1383	T	C
N0_Mouse	0.0479212699796	0	1518	G	T
N0_Mouse	0.0485112389203	0	217	G	A
N0_Mouse	0.0492940781116	0	1709	G	T
N0_Mouse	0.0495336009292	0	579	T	A
N0_Mouse	0.0501576627051	0	1295	T	G
N0_Mouse	0.0501882818893	0	473	C	T
N0_Mouse	0.0505440474379	0	1583	A	C
N0_Mouse	0.0519404643631	0	472	T	C
N0_Mouse	0.0525178329709	0	1065	T	G
N0_Mouse	0.0532363386782	0	1577	C	T
N0_Mouse	0.0534170012963	0	279	A	G
N0_Mouse	0.0535194212373	0	952	T	C
N0_Mouse	0.0546628278828	0	1584	A	C
N0_Mouse	0.054688093398	0	1593	G	A
N0_Mouse	0.0552436239921	0	130	A	T
N0_Mouse	0.0553301932869	0	991	A	G
N0_Mouse	0.0556062261889	0	1646	A	T
N0_Mouse	0.0563662638926	0	1693	A	T
N0_Mouse	0.0567499342491	0	199	T	G
N0_Mouse	0.0569572017149	0	288	C	T
N0_Mouse	0.0570768989128	0	589	C	T
N0_Mouse	0.0571071249638	0	1487	C	T
N0_Mouse	0.057344340824	0	1388	A	T
N0_Mouse	0.0574166600447	0	1554	C	T
N0_Mouse	0.0574910592143	0	1035	G	T
N0_Mouse	0.057596687603	0	285	T	G
N0_Mouse	0.0576126039906	0	1525	A	T
N0_Mouse	0.058300040949	0	1157	T	C
N0_Mouse	0.0585878532378	0	570	C	T
N0_Mouse	0.0592472549495	0	512	C	T
N0_Mouse	0.0596576321289	0	551	A	T
N0_Mouse	0.0598262696292	0	738	T	C
N0_Mouse	0.0604758321392	0	728	G	T
N0_Mouse	0.0605598963499	0	1181	A	C
N0_Mouse	0.0616445438336	0	200	A	G
N0_Mouse	0.0621696143796	0	463	A	T
N0_Mouse	0.0627051970175	0	1686	G	A
N0_Mouse	0.0629415386018	0	913	G	T
N0_Mouse	0.0630370148728	0	1251	T	G
N0_Mouse	0.063387404909	0	262	C	G
N0_Mouse	0.0639053936155	0	1077	A	G
N0_Mouse	0.0639979331986	0	515	C	T
N0_Mouse	0.0643427532077	0	61	G	T
N0_Mouse	0.0652984088777	0	1598	C	T
N0_Mouse	0.0653289607361	0	1178	T	C
N0_Mouse	0.0678643887349	0	1478	C	A
N0_Mouse	0.0682499653988	0	188	T	A
N0_Mouse	0.0687711783942	0	1660	A	C
N0_Mouse	0.0694839192938	0	1652	C	T
N0_Mouse	0.0699701633045	0	501	G	T
N0_Mouse	0.0710425944798	0	1130	T	C
N0_Mouse	0.0721269041478	0	727	C	A
N0_Mouse	0.072414104679	0	1166	C	G
N0_Mouse	0.0733019339379	0	64	G	A
N0_Mouse	0.075350815973	0	1077	G	A
N0_Mouse	0.0758247453976	0	292	A	T
N0_Mouse	0.0759190096407	0	225	G	A
N0_Mouse	0.0762282340491	0	709	T	C
N0_Mouse	0.0764422885369	0	1308	A	G
N0_Mouse	0.0772815200016	0	1089	T	A
N0_Mouse	0.0774473405617	0	723	A	T
N0_Mouse	0.0799675153653	0	1444	A	G
N0_Mouse	0.0800727143494	0	1149	G	T
N0_Mouse	0.0812433414762	0	845	C	T
N0_Mouse	0.0820875932499	0	339	T	A
N0_Mouse	0.0829691337666	0	1031	G	A
N0_Mouse	0.0835566234281	0	1268	T	G
N0_Mouse	0.0836165843444	0	639	C	T
N0_Mouse	0.0848126815818	0	1075	T	C
N0_Mouse	0.0860040631546	0	1180	A	T
N0_Mouse	0.0861164981589	0	1272	A	G
N0_Mouse	0.0867934840941	0	850	A	T
N0_Mouse	0.0872903050859	0	49	G	C
N0_Mouse	0.0881978799992	0	1672	T	C
N0_Mouse	0.0885428498486	0	882	A	T
N0_Mouse	0.0894543459618	0	942	G	A
N0_Mouse	0.0895846340525	0	876	A	T
N0_Mouse	0.0901192329652	0	878	C	T
N0_Mouse	0.0934892217003	0	336	A	G
N0_Mouse	0.0944142509414	0	924	C	T
N0_Mouse	0.0945254827729	0	806	G	A
N0_Mouse	0.0949233091881	0	143	G	T
N0_Mouse	0.0950191878858	0	426	T	C
N0_Mouse	0.0967079517144	0	318	G	A
N0_Mouse	0.0968818431705	0	1149	T	C
N0_Mouse	0.0976454788394	0	1367	T	A
N0_Mouse	0.0986201808765	0	217	A	G
N0_Mouse	0.0989763631163	0	511	C	A
N0_Mouse	0.100183344893	0	767	C	T
N0_Mouse	0.100812060584	0	17	A	G
N0_Mouse	0.101820452944	0	344	T	C
N0_Mouse	0.101992568249	0	251	T	A
N0_Mouse	0.102684927596	0	755	G	A
N0_Mouse	0.103652461291	0	1172	C	T
N0_Mouse	0.104541880958	0	354	T	C
N0_Mouse	0.105061438974	0	1590	G	T
N0_Mouse	0.105536859061	0	865	T	A
N0_Mouse	0.105985331384	0	952	C	T
N0_Mouse	0.106865020777	0	584	T	C
N0_Mouse	0.10701396206	0	791	G	C
N0_Mouse	0.107673358592	0	821	T	C
N0_Mouse	0.108022060628	0	1306	G	A
N0_Mouse	0.108831959349	0	303	A	G
N0_Mouse	0.110037491584	0	1292	C	T
N0_Mouse	0.110162950171	0	1211	G	A
N0_Mouse	0.11036443682	0	1653	A	G
N0_Mouse	0.11082150147	0	873	T	C
N0_Mouse	0.11095446602	0	1259	A	T
N0_Mouse	0.111056907865	0	44	A	G
N0_Mouse	0.111717634107	0	828	C	T
N0_Mouse	0.111748378824	0	1628	C	T
N0_Mouse	0.111757015261	0	1645	A	G
N0_Mouse	0.112598658187	0	504	G	A
N0_Mouse	0.112777299873	0	795	G	T
N0_Mouse	0.113156218522	0	1477	A	G
N0_Mouse	0.113367809379	0	687	T	A
N0_Mouse	0.114001420689	0	828	T	G
N0_Mouse	0.114068849224	0	1448	G	A
N0_Mouse	0.114080684001	0	1340	A	T
N0_Mouse	0.114097831437	0	1492	T	C
N0_Mouse	0.114177622011	0	736	A	G
N0_Mouse	0.114548480062	0	32	T	A
N0_Mouse	0.11486774016	0	979	G	A
N0_Mouse	0.115187889305	0	447	C	A
N0_Mouse	0.11526232693	0	74	G	C
N0_Mouse	0.116236799081	0	1614	A	G
N0_Mouse	0.116845240406	0	1395	C	T
N0_Mouse	0.117584513167	0	1405	T	A
N0_Mouse	0.117592095275	0	469	C	A
N0_Mouse	0.117993338476	0	215	C	G
N0_Mouse	0.118634953377	0	108	G	T
N0_Mouse	0.118672868959	0	1108	A	C
N0_Mouse	0.118917795511	0	1069	G	C
N0_Mouse	0.118950146904	0	43	A	C
N0_Mouse	0.121231952089	0	1656	G	T
N0_Mouse	0.121328831357	0	1293	A	G
N0_Mouse	0.121862367481	0	1600	T	G
N0_Mouse	0.122351629655	0	356	A	G
N0_Mouse	0.1229579836	0	895	T	G
N0_Mouse	0.123009298732	0	206	C	A
N0_Mouse	0.123204790932	0	1479	T	G
N0_Mouse	0.124004152266	0	656	T	A
N0_Mouse	0.124706556309	0	1708	G	C
N0_Mouse	0.126705249113	0	1175	T	A
N0_Mouse	0.127719139992	0	1001	G	T
N0_Mouse	0.127859101739	0	295	A	T
N0_Mouse	0.128165522831	0	1603	A	G
N0_Mouse	0.129892639836	0	1251	G	A
N0_Mouse	0.130977244819	0	1163	T	C
N0_Mouse	0.131308327609	0	655	C	G
N0_Mouse	0.131824316592	0	1660	C	T
N0_Mouse	0.132177145093	0	1582	T	A
N0_Mouse	0.136059385353	0	580	A	T
N0_Mouse	0.137081583794	0	1238	T	A
N0_Mouse	0.137611241369	0	1244	G	A
N0_Mouse	0.138886883706	0	891	T	C
N0_Mouse	0.140718397343	0	1545	C	T
N0_Mouse	0.140910836137	0	233	T	C
N0_Mouse	0.142932165963	0	1057	T	C
N0_Mouse	0.142967619525	0	563	A	C
N0_Mouse	0.143231494826	0	914	T	A
N0_Mouse	0.143356689667	0	341	A	G
N0_Mouse	0.143953395646	0	45	G	T
N0_Mouse	0.145109757709	0	328	C	G
N0_Mouse	0.145330170705	0	105	G	T
N0_Mouse	0.145429475428	0	1210	T	A
N0_Mouse	0.145712613165	0	962	T	A
N0_Mouse	0.146436606649	0	815	A	C
N0_Mouse	0.147048629234	0	387	A	G
N0_Mouse	0.14782571432	0	73	T	A
N0_Mouse	0.148105346311	0	1282	G	A
N0_Mouse	0.148178982939	0	284	G	T
N0_Mouse	0.148278787613	0	1283	A	G
N0_Mouse	0.148976936788	0	186	A	G
N0_Mouse	0.149873482386	0	1585	A	G
N0_Mouse	0.150375050714	0	423	G	A
N0_Mouse	0.150691862749	0	227	G	A
N0_Mouse	0.151914200958	0	1029	G	A
N0_Mouse	0.152297731425	0	1618	G	A
N0_Mouse	0.152444187231	0	1032	T	A
N0_Mouse	0.153230309719	0	1140	C	A
N0_Mouse	0.155511547281	0	1665	T	G
N0_Mouse	0.15620976552	0	1391	A	G
N0_Mouse	0.156563431148	0	374	A	G
N0_Mouse	0.158556849189	0	464	A	G
N0_Mouse	0.15870544143	0	1211	A	T
N0_Mouse	0.159151282306	0	1206	T	C
N0_Mouse	0.160345642643	0	292	T	C
N0_Mouse	0.161158396602	0	1449	C	G
N0_Mouse	0.162749518444	0	1330	G	C
N0_Mouse	0.163920694886	0	253	A	G
N0_Mouse	0.164015009026	0	1223	G	A
N0_Mouse	0.164546207781	0	1477	G	C
N0_Mouse	0.166000787535	0	564	G	C
N0_Mouse	0.166372007271	0	551	T	G
N0_Mouse	0.167829626901	0	1557	A	T
N0_Mouse	0.169342653691	0	326	A	T
N0_Mouse	0.169392338811	0	313	T	G
N0_Mouse	0.16958244488	0	328	G	C
N0_Mouse	0.17005098035	0	766	T	G
N0_Mouse	0.170767181835	0	1651	C	A
N0_Mouse	0.171063598317	0	105	T	A
N0_Mouse	0.171082161016	0	368	C	T
N0_Mouse	0.171114077182	0	75	C	T
N0_Mouse	0.172502616724	0	1099	G	T
N0_Mouse	0.17368148288	0	299	T	G
N0_Mouse	0.173771836221	0	808	T	C
N0_Mouse	0.174389699424	0	1470	G	T
N0_Mouse	0.17469651978	0	662	C	T
N0_Mouse	0.175081600652	0	728	T	C
N0_Mouse	0.175096277328	0	162	G	A
N0_Mouse	0.176285452592	0	827	G	A
N0_Mouse	0.177292093657	0	62	T	G
N0_Mouse	0.177441611372	0	1173	A	C
N0_Mouse	0.177503450667	0	1659	A	C
N0_Mouse	0.178175400496	0	824	A	C
N0_Mouse	0.178512300681	0	119	T	C
N0_Mouse	0.179119300957	0	121	T	G
N0_Mouse	0.179374020965	0	457	G	A
N0_Mouse	0.179430246053	0	1231	A	C
N0_Mouse	0.179973037582	0	709	C	G
N0_Mouse	0.179985401459	0	655	G	A
N0_Mouse	0.181099804042	0	1401	C	A
N0_Mouse	0.181232062706	0	1442	T	G
N0_Mouse	0.181866118299	0	1402	C	A
N0_Mouse	0.183140143929	0	1687	A	C
N0_Mouse	0.183602579061	0	1121	T	C
N0_Mouse	0.183624726466	0	790	C	T
N0_Mouse	0.183748580282	0	374	G	A
N0_Mouse	0.184393741494	0	771	T	A
N0_Mouse	0.185069518121	0	98	C	A
N0_Mouse	0.185106684931	0	284	T	G
N0_Mouse	0.18808138105	0	768	A	T
N0_Mouse	0.188947254268	0	1597	T	C
N0_Mouse	0.189254330888	0	1380	T	A
N0_Mouse	0.189319070072	0	66	A	G
N0_Mouse	0.189589089088	0	473	T	C
N0_Mouse	0.191267203122	0	546	A	T
N0_Mouse	0.192067072481	0	1688	T	A
N0_Mouse	0.192644049317	0	914	A	G
N0_Mouse	0.193521025506	0	1648	T	G
N0_Mouse	0.193902039292	0	527	T	C
N0_Mouse	0.194771188972	0	515	T	G
N0_Mouse	0.194843666704	0	84	C	T
N0_Mouse	0.195541769947	0	708	T	C
N0_Mouse	0.197347199127	0	795	T	C
N0_Mouse	0.19751057036	0	975	A	C
N0_Mouse	0.198021213372	0	784	A	T
N0_Mouse	0.199591129549	0	684	G	T
N0_Mouse	0.201564925471	0	1156	A	T
N0_Mouse	0.202446097375	0	399	G	T
N0_Mouse	0.202814280686	0	283	C	A
N0_Mouse	0.203806828455	0	1295	G	T
N0_Mouse	0.204966396122	0	1365	T	A
N0_Mouse	0.205350148831	0	907	G	A
N0_Mouse	0.205489305406	0	1573	T	C
N0_Mouse	0.206259361786	0	1203	C	A
N0_Mouse	0.206973178325	0	41	A	G
N0_Mouse	0.207087347407	0	838	A	G
N0_Mouse	0.207733218169	0	1097	T	G
N0_Mouse	0.208715328345	0	1388	T	A
N0_Mouse	0.208925081508	0	1436	A	G
N0_Mouse	0.209829799487	0	1698	T	G
N0_Mouse	0.210922464649	0	83	A	G
N0_Mouse	0.211730843606	0	1375	G	A
N0_Mouse	0.212505947345	0	1076	A	T
N0_Mouse	0.212651659749	0	1545	T	C
N0_Mouse	0.212720217022	0	1313	G	T
N0_Mouse	0.214009831727	0	120	T	C
N0_Mouse	0.215569568078	0	9	G	A
N0_Mouse	0.215593657228	0	984	A	G
N0_Mouse	0.21663575105	0	1041	C	G
N0_Mouse	0.217259162843	0	1607	A	G
N0_Mouse	0.217347963364	0	245	T	A
N0_Mouse	0.217940943256	0	721	A	T
N0_Mouse	0.218515946117	0	49	C	T
N0_Mouse	0.218761575447	0	1520	C	T
N0_Mouse	0.218876497875	0	401	C	G
N0_Mouse	0.219190148878	0	1621	C	T
N0_Mouse	0.219457328541	0	253	G	C
N0_Mouse	0.21947025088	0	462	T	C
N0_Mouse	0.219745215641	0	356	G	A
N0_Mouse	0.219818098787	0	528	C	G
N0_Mouse	0.219964431386	0	1005	T	C
N0_Mouse	0.220347053352	0	590	C	G
N0_Mouse	0.221644070034	0	42	G	T
N0_Mouse	0.223830625563	0	376	T	C
N0_Mouse	0.224314527469	0	796	A	G
N0_Mouse	0.224828573605	0	314	A	G
N0_Mouse	0.225502428734	0	621	C	T
N0_Mouse	0.226060162772	0	1366	C	G
N0_Mouse	0.226424598336	0	1331	C	T
N0_Mouse	0.226456460173	0	534	G	A
N0_Mouse	0.226495257433	0	109	T	C
N0_Mouse	0.227166561882	0	1353	C	A
N0_Mouse	0.227392801011	0	1655	T	G
N0_Mouse	0.22791874729	0	1532	C	T
N0_Mouse	0.227989382679	0	218	C	T
N0_Mouse	0.228055074175	0	1410	C	T
N0_Mouse	0.228710292224	0	728	C	A
N0_Mouse	0.228801227414	0	413	A	T
N0_Mouse	0.229389328999	0	507	C	T
N0_Mouse	0.229844948973	0	716	G	A
N0_Mouse	0.229886092655	0	1204	C	A
N0_Mouse	0.2299001275	0	1496	C	T
N0_Mouse	0.230589201632	0	262	G	C
N0_Mouse	0.230807846038	0	1016	G	A
N0_Mouse	0.231033907331	0	564	C	A
N0_Mouse	0.231349742723	0	1557	T	A
N0_Mouse	0.231451854803	0	121	G	A
N0_Mouse	0.231718701794	0	1138	T	C
N0_Mouse	0.232660060707	0	291	A	G
N0_Mouse	0.232882882731	0	1316	A	G
N0_Mouse	0.234375443881	0	1313	T	C
N0_Mouse	0.234458016517	0	1171	A	G
N0_Mouse	0.234592103845	0	629	T	A
N0_Mouse	0.234801632627	0	935	T	A
N0_Mouse	0.234873689397	0	1397	T	A
N0_Mouse	0.236156974365	0	1133	A	C
N0_Mouse	0.236826946354	0	423	A	G
N0_Mouse	0.237150328221	0	1730	C	T
N0_Mouse	0.237987328242	0	1398	T	C
N0_Mouse	0.23812952886	0	155	A	T
N0_Mouse	0.238617731147	0	240	T	C
N0_Mouse	0.238678172091	0	188	A	G
N0_Mouse	0.238695305917	0	142	A	T
N0_Mouse	0.238704754621	0	870	A	G
N0_Mouse	0.239527880063	0	813	C	T
N0_Mouse	0.239535584967	0	230	T	A
N0_Mouse	0.241734905178	0	276	T	G
N0_Mouse	0.241841324315	0	340	T	C
N0_Mouse	0.241982951978	0	1477	C	T
N0_Mouse	0.242327663352	0	800	T	C
N0_Mouse	0.24483371706	0	1129	T	C
N0_Mouse	0.244916876544	0	1385	A	T
N0_Mouse	0.246116941997	0	1267	G	T
N0_Mouse	0.24691941799	0	860	G	A
N0_Mouse	0.247824250218	0	1191	G	A
N0_Mouse	0.247826317262	0	1435	C	T
N0_Mouse	0.248478112615	0	1302	T	C
N0_Mouse	0.249019709292	0	733	C	G
N0_Mouse	0.251092823072	0	317	G	A
N0_Mouse	0.251217168279	0	80	A	G
N0_Mouse	0.252124163133	0	973	C	T
N0_Mouse	0.252538367477	0	1425	A	C
N0_Mouse	0.25460620725	0	763	C	T
N0_Mouse	0.254700168731	0	1081	C	T
N0_Mouse	0.254820853349	0	1354	T	C
N0_Mouse	0.255201573958	0	65	A	G
N0_Mouse	0.255666816742	0	1623	C	G
N0_Mouse	0.255696256831	0	1351	A	G
N0_Mouse	0.255994354483	0	1383	C	T
N0_Mouse	0.256227770906	0	1035	T	C
N0_Mouse	0.256591873964	0	311	T	C
N0_Mouse	0.257237251389	0	1196	T	G
N0_Mouse	0.25738284864	0	1538	G	A
N0_Mouse	0.257729952924	0	1074	T	A
N0_Mouse	0.258351764141	0	753	A	G
N0_Mouse	0.259114309295	0	1251	A	G
N0_Mouse	0.259433890342	0	425	G	A
N0_Mouse	0.260740035359	0	1516	A	T
N0_Mouse	0.260814613971	0	1131	G	T
N0_Mouse	0.261559338002	0	554	A	T
N0_Mouse	0.26263468397	0	1590	T	G
N0_Mouse	0.262750247985	0	1212	T	C
N0_Mouse	0.263190602769	0	248	G	T
N0_Mouse	0.263316686423	0	152	G	C
N0_Mouse	0.263361722946	0	748	A	T
N0_Mouse	0.263396633897	0	1286	G	A
N0_Mouse	0.263548148868	0	1370	A	G
N0_Mouse	0.263874236961	0	1343	C	A
N0_Mouse	0.264552936799	0	34	G	C
N0_Mouse	0.264559318717	0	1673	T	C
N0_Mouse	0.264729595042	0	1480	A	T
N0_Mouse	0.265123395024	0	827	A	T
N0_Mouse	0.265156005243	0	1356	A	G
N0_Mouse	0.265354440578	0	1254	T	C
N0_Mouse	0.265547961329	0	1457	T	A
N0_Mouse	0.26747975074	0	519	C	T
N0_Mouse	0.267512284588	0	999	G	T
N0_Mouse	0.269525827855	0	850	T	C
N0_Mouse	0.269627841453	0	964	T	C
N0_Mouse	0.269868550537	0	1641	C	A
N0_Mouse	0.270165753301	0	536	A	C
N0_Mouse	0.270609554701	0	1207	G	A
N0_Mouse	0.270798921973	0	852	A	T
N0_Mouse	0.272218426931	0	890	T	C
N0_Mouse	0.272540807624	0	1177	A	G
N0_Mouse	0.273226389224	0	262	C	T
N0_Mouse	0.273344047759	0	1281	T	C
N0_Mouse	0.273571176654	0	1417	G	A
N0_Mouse	0.274098607149	0	617	C	T
N0_Mouse	0.276009878555	0	394	G	T
N0_Mouse	0.276157156237	0	276	G	A
N0_Mouse	0.277556473637	0	120	C	A
N0_Mouse	0.277588245085	0	508	C	T
N0_Mouse	0.278201141583	0	959	G	C
N0_Mouse	0.278274400141	0	1148	C	A
N0_Mouse	0.27854313768	0	1397	A	G
N0_Mouse	0.279004062366	0	573	A	G
N0_Mouse	0.27960727745	0	1370	G	A
N0_Mouse	0.280235401537	0	810	A	T
N0_Mouse	0.280342729383	0	57	T	C
N0_Mouse	0.280606844638	0	422	A	C
N0_Mouse	0.281018670774	0	1467	C	T
N0_Mouse	0.281588931306	0	477	A	G
N0_Mouse	0.281946978839	0	276	A	G
N0_Mouse	0.282362387003	0	147	T	C
N0_Mouse	0.282687870004	0	833	A	G
N0_Mouse	0.282794962116	0	482	A	C
N0_Mouse	0.283191814357	0	980	A	G
N0_Mouse	0.28350529168	0	1432	C	A
N0_Mouse	0.283840331586	0	1697	C	T
N0_Mouse	0.284066341437	0	1474	A	G
N0_Mouse	0.28455186715	0	1282	A	G
N0_Mouse	0.284813046067	0	1418	G	A
N0_Mouse	0.285024866272	0	150	A	G
N0_Mouse	0.285497240782	0	30	C	A
N0_Mouse	0.286283289256	0	550	C	T
N0_Mouse	0.287495074131	0	1139	A	G
N0_Mouse	0.287525540987	0	337	A	G
N0_Mouse	0.288273927294	0	1570	T	C
N0_Mouse	0.288371843837	0	1691	G	T
N0_Mouse	0.288393272586	0	1537	A	G
N0_Mouse	0.288469178607	0	146	C	T
N0_Mouse	0.288626384855	0	1541	A	C
N0_Mouse	0.28914482326	0	637	A	G
N0_Mouse	0.290587930564	0	321	C	A
N0_Mouse	0.290656487166	0	438	A	C
N0_Mouse	0.29093892558	0	824	C	T
N0_Mouse	0.292318688713	0	737	T	C
N0_Mouse	0.293109566528	0	1132	G	A
N0_Mouse	0.294931471598	0	1433	A	T
N0_Mouse	0.295539199404	0	446	T	C
N0_Mouse	0.295906015308	0	230	A	G
N0_Mouse	0.296381895599	0	733	G	C
N0_Mouse	0.296472964599	0	461	C	T
N0_Mouse	0.296883127593	0	861	C	T
N0_Mouse	0.297156781651	0	440	C	T
N0_Mouse	0.297469786386	0	1512	G	T
N0_Mouse	0.297497990199	0	1211	T	C
N0_Mouse	0.297547806957	0	1474	G	A
N0_Mouse	0.297633431636	0	304	A	G
N0_Mouse	0.297837250689	0	1106	A	C
N0_Mouse	0.298005784503	0	1689	A	G
N0_Mouse	0.298946293466	0	342	G	T
N0_Mouse	0.299215472626	0	217	G	A
N0_Mouse	0.299955699921	0	949	T	G
N0_Mouse	0.300410276613	0	987	G	C
N0_Mouse	0.300919884991	0	831	C	T
N0_Mouse	0.301054325496	0	534	A	C
N0_Mouse	0.301618387761	0	494	T	G
N0_Mouse	0.303097233886	0	1438	A	C
N0_Mouse	0.303501426562	0	1601	T	C
N0_Mouse	0.303510821774	0	323	T	C
N0_Mouse	0.305258324201	0	57	C	G
N0_Mouse	0.305492520859	0	1685	C	G
N0_Mouse	0.306512837893	0	200	G	A
N0_Mouse	0.306932169501	0	1133	C	T
N0_Mouse	0.307836409166	0	1277	T	G
N0_Mouse	0.307888118505	0	393	T	C
N0_Mouse	0.308132658821	0	330	A	G
N0_Mouse	0.308167489584	0	1638	A	T
N0_Mouse	0.308703855807	0	253	C	T
N0_Mouse	0.308896090099	0	662	T	C
N0_Mouse	0.308897447492	0	1603	G	A
N0_Mouse	0.309566303616	0	441	A	G
N0_Mouse	0.310199737065	0	47	A	C
N0_Mouse	0.310784217592	0	1705	G	A
N0_Mouse	0.312418810113	0	942	A	T
N0_Mouse	0.314804773096	0	828	G	C
N0_Mouse	0.314821589214	0	1660	T	C
N0_Mouse	0.315216455497	0	962	A	T
N0_Mouse	0.315617465985	0	547	C	T
N0_Mouse	0.316257582988	0	1624	C	T
N0_Mouse	0.316367327405	0	641	C	T
N0_Mouse	0.316638339828	0	573	G	A
N0_Mouse	0.316811442622	0	635	C	T
N0_Mouse	0.317755267684	0	772	G	T
N0_Mouse	0.318079308282	0	766	G	A
N0_Mouse	0.318156551925	0	612	C	A
N0_Mouse	0.319671342221	0	63	T	C
N0_Mouse	0.319907899483	0	1343	A	G
N0_Mouse	0.319951777481	0	383	T	G
N0_Mouse	0.320541141651	0	586	C	G
N0_Mouse	0.32148261834	0	540	G	A
N0_Mouse	0.321626167193	0	1132	A	G
N0_Mouse	0.321631615957	0	1167	T	G
N0_Mouse	0.323612143023	0	1369	A	T
N0_Mouse	0.32466776171	0	167	A	T
N0_Mouse	0.325009599022	0	690	C	G
N0_Mouse	0.326333195199	0	764	G	T
N0_Mouse	0.326700070292	0	1330	C	G
N0_Mouse	0.326809547031	0	1016	A	G
N0_Mouse	0.326847314048	0	92	T	G
N0_Mouse	0.327538182166	0	598	T	A
N0_Mouse	0.327739325702	0	1061	A	C
N0_Mouse	0.327856890371	0	804	C	T
N0_Mouse	0.328374591181	0	1196	G	A
N0_Mouse	0.328651893856	0	69	C	T
N0_Mouse	0.330065665395	0	1301	T	C
N0_Mouse	0.330483440553	0	615	G	T
N0_Mouse	0.331324408787	0	1075	C	A
N0_Mouse	0.331418137712	0	1719	C	T
N0_Mouse	0.333148091699	0	1001	T	A
N0_Mouse	0.334175566481	0	465	G	A
N0_Mouse	0.334649641237	0	1476	A	T
N0_Mouse	0.335842619068	0	280	C	T
N0_Mouse	0.336336523553	0	605	C	T
N0_Mouse	0.337015976032	0	113	T	A
N0_Mouse	0.337098614869	0	1476	T	C
N0_Mouse	0.337413600748	0	1286	A	G
N0_Mouse	0.337949942651	0	1190	G	A
N0_Mouse	0.338640300032	0	45	T	C
N0_Mouse	0.338711348168	0	1660	C	A
N0_Mouse	0.339018640572	0	1249	T	C
N0_Mouse	0.339113991431	0	1683	C	A
N0_Mouse	0.339461761999	0	159	C	T
N0_Mouse	0.339851925408	0	1539	A	G
N0_Mouse	0.340111289592	0	209	C	G
N0_Mouse	0.340148709468	0	422	C	A
N0_Mouse	0.340945094174	0	69	T	G
N0_Mouse	0.341334601054	0	1538	A	T
N0_Mouse	0.341893632463	0	1635	G	C
N0_Mouse	0.342136258275	0	1411	T	C
N0_Mouse	0.342209459719	0	244	G	C
N0_Mouse	0.343254056818	0	815	C	T
N0_Mouse	0.343667639965	0	1086	A	G
N0_Mouse	0.343992967023	0	451	G	A
N0_Mouse	0.344724302538	0	260	T	A
N0_Mouse	0.345128683437	0	1598	T	A
N0_Mouse	0.345673145363	0	1345	C	T
N0_Mouse	0.346660203822	0	39	G	T
N0_Mouse	0.347168111352	0	1494	T	C
N0_Mouse	0.347182453451	0	679	C	A
N0_Mouse	0.347308932123	0	1478	A	T
N0_Mouse	0.349098291995	0	283	A	C
N0_Mouse	0.349312099262	0	1687	C	T
N0_Mouse	0.349416015955	0	1017	A	T
N0_Mouse	0.34996766666	0	1459	A	C
N0_Mouse	0.351453895333	0	544	T	A
N0_Mouse	0.351464435926	0	1291	T	C
N0_Mouse	0.352138057793	0	928	G	T
N0_Mouse	0.352757099848	0	899	A	T
N0_Mouse	0.353453205657	0	432	A	C
N0_Mouse	0.353658188317	0	875	A	C
N0_Mouse	0.353852259748	0	391	T	C
N0_Mouse	0.35464251344	0	1429	T	A
N0_Mouse	0.354892611773	0	844	C	A
N0_Mouse	0.355281582515	0	456	G	T
N0_Mouse	0.355849234733	0	901	A	G
N0_Mouse	0.355896596829	0	1523	A	C
N0_Mouse	0.356290777381	0	1339	C	A
N0_Mouse	0.356705263152	0	1311	G	A
N0_Mouse	0.357198286889	0	996	A	G
N0_Mouse	0.358255871558	0	761	G	T
N0_Mouse	0.358481466419	0	1303	T	C
N0_Mouse	0.359132953213	0	143	T	A
N0_Mouse	0.360566487621	0	1225	A	C
N0_Mouse	0.36067148782	0	1333	G	A
N0_Mouse	0.361146835086	0	1440	G	A
N0_Mouse	0.361893222115	0	457	A	G
N0_Mouse	0.364087482328	0	366	T	C
N0_Mouse	0.364110070501	0	929	C	T
N0_Mouse	0.364764847452	0	1598	A	C
N0_Mouse	0.365995986345	0	125	A	G
N0_Mouse	0.366920480446	0	240	C	T
N0_Mouse	0.367679246382	0	1187	G	C
N0_Mouse	0.368120157696	0	1036	G	T
N0_Mouse	0.370156331323	0	403	T	C
N0_Mouse	0.370565027234	0	507	T	C
N0_Mouse	0.371864407793	0	53	T	G
N0_Mouse	0.372345817582	0	498	T	C
N0_Mouse	0.372569068879	0	1372	G	A
N0_Mouse	0.373076147886	0	381	A	T
N0_Mouse	0.373521171151	0	1005	C	T
N0_Mouse	0.373711714315	0	1141	A	C
N0_Mouse	0.373730823426	0	931	G	T
N0_Mouse	0.374345983135	0	1400	A	G
N0_Mouse	0.374380353996	0	1489	A	G
N0_Mouse	0.375401553629	0	1020	T	G
N0_Mouse	0.375950132286	0	751	C	T
N0_Mouse	0.375988745517	0	309	T	G
N0_Mouse	0.376299579238	0	1352	C	T
N0_Mouse	0.37829138269	0	1149	C	T
N0_Mouse	0.378762181807	0	819	C	A
N0_Mouse	0.379396259828	0	548	A	T
N0_Mouse	0.379945454087	0	1520	T	G
N0_Mouse	0.380165982088	0	498	C	A
N0_Mouse	0.380224278123	0	244	C	G
N0_Mouse	0.380573323516	0	1024	A	T
N0_Mouse	0.381188246153	0	1435	T	A
N0_Mouse	0.381207316473	0	562	T	C
N0_Mouse	0.384511826914	0	183	G	C
N0_Mouse	0.385190293921	0	53	G	C
N0_Mouse	0.38568294515	0	1572	C	A
N0_Mouse	0.38585365712	0	935	A	T
N0_Mouse	0.385949855629	0	1277	G	T
N0_Mouse	0.386418571525	0	1542	A	C
N0_Mouse	0.387952476255	0	1487	T	C
N0_Mouse	0.388334498633	0	1419	A	T
N0_Mouse	0.388458303821	0	1549	G	C
N0_Mouse	0.389042595019	0	1553	T	A
N0_Mouse	0.392052762337	0	415	C	G
N0_Mouse	0.393188193969	0	639	T	A
N0_Mouse	0.393724070857	0	1538	T	G
N0_Mouse	0.394190226889	0	81	A	G
N0_Mouse	0.39507860595	0	868	A	T
N0_Mouse	0.395373203631	0	1425	C	T
N0_Mouse	0.395707589152	0	307	G	T
N0_Mouse	0.39638515134	0	558	T	A
N0_Mouse	0.396484262182	0	713	A	G
N0_Mouse	0.396939990533	0	23	G	T
N0_Mouse	0.397133335073	0	1701	A	T
N0_Mouse	0.397579450323	0	1186	A	G
N0_Mouse	0.397989043093	0	1107	C	G
N0_Mouse	0.398543138509	0	986	A	G
N0_Mouse	0.398642608966	0	1216	A	G
N0_Mouse	0.39884614897	0	838	G	A
N0_Mouse	0.398929666312	0	1038	G	A
N0_Mouse	0.400755198494	0	778	G	T
N0_Mouse	0.401241893063	0	998	A	G
N0_Mouse	0.402018114655	0	1466	A	G
N0_Mouse	0.402036656074	0	1226	A	G
N0_Mouse	0.402048210056	0	1287	G	T
N0_Mouse	0.402132822595	0	1128	A	C
N0_Mouse	0.402802145559	0	1119	G	T
N0_Mouse	0.402807325364	0	650	A	T
N0_Mouse	0.403632285722	0	465	A	G
N0_Mouse	0.403638601865	0	983	A	C
N0_Mouse	0.404222841469	0	165	C	A
N0_Mouse	0.404837874597	0	1363	A	G
N0_Mouse	0.40525516155	0	1611	T	C
N0_Mouse	0.406293819836	0	674	A	G
N0_Mouse	0.407012557419	0	305	G	T
N0_Mouse	0.407446094048	0	1598	C	A
N0_Mouse	0.408441359148	0	667	A	C
N0_Mouse	0.408574073134	0	747	T	C
N0_Mouse	0.408980564748	0	1621	T	A
N0_Mouse	0.409937407326	0	1674	C	T
N0_Mouse	0.410890461115	0	1507	T	G
N0_Mouse	0.411232704296	0	1649	C	T
N0_Mouse	0.411709663455	0	702	T	C
N0_Mouse	0.411734688494	0	297	G	T
N0_Mouse	0.413726274222	0	688	C	G
N0_Mouse	0.414596916631	0	335	T	A
N0_Mouse	0.415150426962	0	782	G	A
N0_Mouse	0.415272667383	0	120	A	T
N0_Mouse	0.415832426864	0	1147	C	T
N0_Mouse	0.415881909273	0	1689	G	T
N0_Mouse	0.417037173141	0	920	A	G
N0_Mouse	0.417796449637	0	430	G	T
N0_Mouse	0.418654365889	0	972	A	T
N0_Mouse	0.418917819629	0	513	A	G
N0_Mouse	0.419373479129	0	291	G	A
N0_Mouse	0.419996153112	0	390	T	G
N0_Mouse	0.420372770359	0	598	A	C
N0_Mouse	0.420844450289	0	83	G	A
N0_Mouse	0.42114699163	0	1439	G	C
N0_Mouse	0.42136184517	0	902	A	G
N0_Mouse	0.422489848075	0	246	A	G
N0_Mouse	0.423392538321	0	669	T	C
N0_Mouse	0.423499552366	0	1238	A	T
N0_Mouse	0.424223088324	0	1091	G	C
N0_Mouse	0.424555761259	0	1625	C	A
N0_Mouse	0.424857534484	0	226	G	A
N0_Mouse	0.425123472041	0	346	C	A
N0_Mouse	0.426273581852	0	1370	A	G
N0_Mouse	0.426313413546	0	658	T	A
N0_Mouse	0.42645675679	0	1579	T	A
N0_Mouse	0.426697021093	0	1139	G	T
N0_Mouse	0.427323960024	0	566	C	G
N0_Mouse	0.427847562986	0	529	A	G
N0_Mouse	0.428148846791	0	357	G	A
N0_Mouse	0.432173578202	0	266	A	C
N0_Mouse	0.432971836043	0	203	A	T
N0_Mouse	0.433776840126	0	488	T	C
N0_Mouse	0.434115571928	0	546	T	C
N0_Mouse	0.434338639087	0	619	A	G
N0_Mouse	0.434475467217	0	719	A	G
N0_Mouse	0.434830986121	0	1481	T	G
N0_Mouse	0.435325825113	0	1125	T	C
N0_Mouse	0.436031550894	0	653	C	T
N0_Mouse	0.436481788814	0	525	A	T
N0_Mouse	0.436806641172	0	560	T	C
N0_Mouse	0.438232354975	0	1294	T	C
N0_Mouse	0.438390625903	0	535	G	A
N0_Mouse	0.438887696134	0	657	G	C
N0_Mouse	0.438913360967	0	959	C	T
N0_Mouse	0.439819646661	0	296	A	T
N0_Mouse	0.439844134307	0	941	G	A
N0_Mouse	0.43988015315	0	1097	G	A
N0_Mouse	0.440157311302	0	621	T	G
N0_Mouse	0.440369348806	0	870	G	T
N0_Mouse	0.442209248964	0	1426	G	A
N0_Mouse	0.442682476852	0	632	A	T
N0_Mouse	0.442920694353	0	1709	T	A
N0_Mouse	0.443187341888	0	581	A	G
N0_Mouse	0.443540421039	0	1372	A	T
N0_Mouse	0.443620668156	0	1568	T	C
N0_Mouse	0.444057208077	0	606	A	G
N0_Mouse	0.444248312963	0	255	A	G
N0_Mouse	0.444279959963	0	672	C	G
N0_Mouse	0.445618964261	0	1404	G	A
N0_Mouse	0.446307222933	0	200	A	G
N0_Mouse	0.446432285128	0	113	A	G
N0_Mouse	0.446904284391	0	1357	A	T
N0_Mouse	0.44745270815	0	547	T	A
