edge	time	mut_orlg	mut_pos	old_state	new_state
N0_kluyveri	0.000539853968401	0	368	T	C
N0_kluyveri	0.000910431173226	0	248	G	A
N0_kluyveri	0.0015320549823	0	456	T	A
N0_kluyveri	0.00153439867446	0	86	C	T
N0_kluyveri	0.003709455037	0	56	T	C
N0_kluyveri	0.00444656029087	0	27	C	T
N0_kluyveri	0.00548271427977	0	485	C	T
N0_kluyveri	0.00580718277383	0	293	G	A
N0_kluyveri	0.00583574721439	0	101	G	A
N0_kluyveri	0.00610513169768	0	254	C	T
N0_kluyveri	0.0062258327988	0	296	C	T
N0_kluyveri	0.0068443758753	0	245	G	A
N0_kluyveri	0.00735025771841	0	32	C	T
N0_kluyveri	0.00767619389758	0	53	C	T
N0_kluyveri	0.00781401695245	0	338	A	G
N0_kluyveri	0.00806440043984	0	47	A	T
N0_kluyveri	0.00857291687246	0	347	C	T
N0_kluyveri	0.0092971724189	0	122	G	A
N0_kluyveri	0.0100364311477	0	42	T	C
N0_kluyveri	0.0105798384909	0	53	T	C
N0_kluyveri	0.0113697669956	0	455	T	C
N0_kluyveri	0.0114229056004	0	383	C	T
N0_kluyveri	0.0123048744584	0	170	G	A
N0_kluyveri	0.0126580955907	0	461	G	A
N0_kluyveri	0.0133657782482	0	491	G	A
N0_D1	0.00102429094141	0	263	C	T
D1_N1	5.28285844385e-05	1	38	A	G
D1_N1	0.000176313385253	2	197	T	C
D1_N1	0.000253678885572	1	248	G	A
D1_N1	0.000326858914912	2	278	A	G
D1_N1	0.000853803375431	1	38	G	C
D1_N1	0.000965289957414	1	79	A	G
D1_N1	0.00127278452413	1	2	G	C
D1_N1	0.0013327818895	1	236	G	A
D1_N1	0.00177200862201	2	80	T	C
D1_N1	0.00183252787547	2	188	T	C
D1_N1	0.0019543212714	2	221	C	T
D1_N1	0.00243679331751	2	78	C	G
D1_N1	0.00244860400454	2	320	A	G
D1_N1	0.00249324522489	2	236	G	A
D1_N1	0.00258208444308	2	101	G	A
D1_N1	0.00264855956566	1	428	G	A
D1_N1	0.00297463447107	2	101	A	G
D1_N1	0.00298218579255	1	305	A	G
D1_N1	0.0031612759002	1	230	C	T
N1_castellii	5.01282742812e-05	1	41	T	C
N1_castellii	0.00111675124653	2	140	G	A
N1_castellii	0.00135913255596	1	260	T	C
N1_castellii	0.0028073526106	1	16	C	T
N1_castellii	0.00289654598876	1	440	G	A
N1_castellii	0.00390887838901	1	245	G	A
N1_castellii	0.00425316141769	1	242	A	G
N1_castellii	0.00442666506004	2	203	C	T
N1_castellii	0.00477137634264	1	338	A	G
N1_castellii	0.00483943810308	2	149	A	G
N1_castellii	0.00499909360647	2	221	T	C
N1_castellii	0.00505061257512	2	59	T	C
N1_castellii	0.00506728104435	2	17	T	C
N1_castellii	0.00522277078677	1	11	A	T
N1_castellii	0.00544688243681	1	383	C	T
N1_castellii	0.00565105115383	2	95	A	G
N1_castellii	0.00607578236129	2	254	C	T
N1_castellii	0.00611870849902	2	41	T	C
N1_castellii	0.00667124648169	2	413	G	A
N1_castellii	0.00690307559746	2	248	A	G
N1_castellii	0.00728572684256	2	380	A	G
N1_castellii	0.00748606413412	2	320	G	A
N1_castellii	0.00768717592227	2	461	G	C
N1_castellii	0.0082739402819	1	120	A	G
N1_castellii	0.00845245320711	2	287	G	A
N1_castellii	0.00873972150811	2	38	C	T
N1_castellii	0.00930911523919	1	266	C	T
N1_castellii	0.00938482378607	2	122	G	A
N1_castellii	0.00975641910467	1	122	G	A
N1_castellii	0.00993338844442	1	368	T	C
N1_castellii	0.0101736289108	2	149	G	A
N1_castellii	0.0103393476131	1	269	T	A
N1_castellii	0.0105642250771	2	467	T	C
N1_castellii	0.0111698165879	1	389	T	C
N1_castellii	0.0115231030723	2	291	T	C
N1_castellii	0.0116617282989	1	71	C	T
N1_castellii	0.0120082931922	2	419	A	G
N1_castellii	0.0121049239856	2	360	C	T
N1_castellii	0.0121753889369	1	239	A	G
N1_castellii	0.0122317397175	1	271	G	A
N1_N2	0.000154735928633	2	338	A	G
N1_N2	0.000666248848268	2	296	C	G
N1_N2	0.0013945989491	2	143	G	A
N1_N2	0.00143329279126	2	212	G	A
N1_N2	0.00168397822104	1	167	C	T
N1_N2	0.00175655071103	2	304	C	T
N1_N2	0.00215822534504	1	377	C	T
N1_N2	0.00284507144527	1	221	C	T
N1_N2	0.00306582142853	1	197	T	C
N1_N2	0.00327924784286	2	287	G	A
N1_N2	0.00375117752126	2	101	G	A
N1_N2	0.00381896086639	2	152	A	T
N1_N2	0.00384330268134	2	482	C	T
N1_N2	0.00421071370735	1	461	G	A
N1_N2	0.00428344018731	2	461	G	A
N1_N2	0.00454738005495	2	86	C	T
N1_N2	0.00474584683249	1	155	T	C
N1_N2	0.00498889671518	2	98	G	A
N1_N2	0.00513180463606	1	353	T	A
N1_N2	0.00530052698191	2	445	C	T
N1_N2	0.00543437303485	2	41	T	C
N1_N2	0.00543999166285	2	482	T	C
N1_N2	0.00554906673429	2	167	C	T
N1_N2	0.00564178656391	2	182	A	G
N1_N2	0.00580355633566	1	107	A	G
N1_N2	0.00601117501068	2	89	T	G
N1_N2	0.00657676643839	1	254	C	T
N1_N2	0.00675871901054	2	110	T	C
N1_N2	0.0067906422106	1	18	C	A
N1_N2	0.00714808277488	2	197	T	C
N1_N2	0.00726734526494	2	391	T	C
N1_N2	0.00772500514342	2	293	G	A
N1_N2	0.00796211170568	1	158	G	A
N1_N2	0.00800294431469	1	290	G	A
N1_N2	0.00824755325378	1	260	T	C
N1_N2	0.00836141995509	1	198	C	T
N1_N2	0.00859599634584	2	206	G	A
N1_N2	0.00889622204592	1	323	A	G
N1_N2	0.00890071030685	1	474	A	G
N1_N2	0.00892730623658	2	482	C	T
N1_N2	0.00896959931811	1	269	T	A
N1_N2	0.00926607853461	2	488	C	T
N1_N2	0.00945688454725	1	86	C	T
N1_N2	0.00965077351361	1	119	G	A
N1_N2	0.0098732231643	2	20	C	T
N1_N2	0.0100533262693	2	302	A	C
N1_N2	0.0106857988352	2	236	A	G
N1_N2	0.0107231578484	2	44	A	G
N1_N2	0.010924184923	1	284	T	C
N1_N2	0.0113836505261	2	477	T	C
N1_N2	0.0114245047702	2	186	C	T
N1_N2	0.0123314851056	2	233	C	T
N1_N2	0.0126300663585	1	29	T	C
N1_N2	0.0126851819436	2	308	C	T
N1_N2	0.0130371140731	2	110	C	T
N1_N2	0.0132190093042	1	443	C	T
N1_N2	0.0134696764522	2	239	A	G
N1_N2	0.0135756420998	1	287	G	A
N1_N2	0.0136037193262	2	116	G	A
N1_N2	0.0140839520314	2	407	A	G
N1_N2	0.0142510409486	1	50	C	T
N1_N2	0.0148621207857	2	68	C	T
N1_N2	0.0154381987761	1	413	G	T
N1_N2	0.015500128664	2	353	A	G
N1_N2	0.0156012636247	2	371	T	C
N1_N2	0.0156867240631	2	479	C	T
N1_N2	0.0157944948181	1	2	C	T
N2_bayanus	0.000141490586557	1	17	T	C
N2_bayanus	0.000252720962088	1	173	C	T
N2_bayanus	0.000284233267353	1	314	C	T
N2_bayanus	0.00039455797656	2	59	T	C
N2_bayanus	0.000527965635736	2	194	A	G
N2_bayanus	0.000938666793377	2	266	C	T
N2_bayanus	0.000957325909062	2	98	G	A
N2_bayanus	0.00142515399409	1	431	A	G
N2_bayanus	0.00142945091898	2	332	G	T
N2_bayanus	0.00148879541924	2	140	G	A
N2_bayanus	0.00193565111191	1	449	C	T
N2_N3	5.50063811009e-05	1	431	A	G
N2_N3	0.00055004586668	1	361	A	G
N2_N3	0.000636077179863	1	353	A	G
N2_N3	0.00107981620397	2	41	C	T
N2_N3	0.00118775598586	2	455	T	C
N2_N3	0.00125090579018	2	69	G	A
N3_kudriavzevii	0.000543310908828	1	158	A	G
N3_kudriavzevii	0.000571611975987	2	383	C	A
N3_kudriavzevii	0.000655236614213	2	278	A	G
N3_kudriavzevii	0.000896292865751	2	410	A	G
N3_kudriavzevii	0.00132659335157	1	368	T	C
N3_kudriavzevii	0.00174145938632	1	371	T	C
N3_kudriavzevii	0.00180285161228	2	77	T	C
N3_kudriavzevii	0.00195227974761	1	56	T	C
N3_kudriavzevii	0.00209846094523	2	35	G	A
N3_kudriavzevii	0.00225502164963	1	275	T	A
N3_kudriavzevii	0.00288180627085	1	269	A	G
N3_kudriavzevii	0.00290449117301	2	11	A	G
N3_kudriavzevii	0.00299442453307	1	110	T	C
N3_kudriavzevii	0.00311938909543	2	383	A	T
N3_kudriavzevii	0.00317296430504	2	101	G	A
N3_kudriavzevii	0.00335252448197	2	479	T	C
N3_kudriavzevii	0.00365663085125	2	440	G	T
N3_kudriavzevii	0.00393029358837	2	71	C	G
N3_kudriavzevii	0.00400920001325	1	464	T	C
N3_kudriavzevii	0.0042013059373	1	350	C	T
N3_kudriavzevii	0.00463005140206	2	236	G	A
N3_kudriavzevii	0.00527653352568	2	86	T	C
N3_kudriavzevii	0.00551570423376	1	449	C	T
N3_kudriavzevii	0.00594033213793	1	284	C	T
N3_N4	6.02000126894e-05	2	320	A	G
N3_N4	0.000480872451863	2	380	A	G
N3_N4	0.000628327075931	2	389	T	C
N3_N4	0.000985411438414	1	254	T	C
N3_N4	0.00121715350692	1	32	C	T
N3_N4	0.00170894175339	2	47	A	G
N3_N4	0.00180222506564	2	383	C	T
N3_N4	0.00200838081985	1	104	T	C
N3_N4	0.00220958524178	2	455	C	T
N3_N4	0.00236728024761	1	155	C	T
N4_mikatae	0.000857645389848	2	65	T	G
N4_mikatae	0.00114359861211	2	188	C	T
N4_mikatae	0.00126806709412	2	152	A	G
N4_mikatae	0.00174592362786	2	197	C	A
N4_mikatae	0.00256768984434	1	14	C	T
N4_mikatae	0.00305753115032	2	179	C	T
N4_mikatae	0.00312123081271	1	470	C	T
N4_mikatae	0.00315323894746	1	473	C	T
N4_mikatae	0.00338541686276	1	434	T	C
N4_N5	7.03920890871e-05	2	239	G	T
N4_N5	0.000279869526062	1	110	T	C
N4_N5	0.000469355664872	2	263	T	C
N4_N5	0.000563687940435	2	96	G	A
N4_N5	0.000616777144617	1	488	C	G
N4_N5	0.000771172652606	2	239	T	C
N4_N5	0.000831279811321	2	401	G	A
N4_N5	0.000929271773308	1	258	T	A
N5_paradoxus	0.000405447066705	1	479	C	T
N5_paradoxus	0.000684414491457	1	104	C	T
N5_paradoxus	0.000804618147405	2	245	G	A
N5_paradoxus	0.000941717283903	1	455	T	C
N5_paradoxus	0.000952460897404	1	470	C	T
N5_paradoxus	0.00117179793381	2	107	G	C
N5_paradoxus	0.00123538903764	2	227	T	C
N5_cerevisiae	5.00460714202e-05	2	455	T	C
N5_cerevisiae	0.000729882576728	2	36	A	G
N5_cerevisiae	0.000750830745187	1	233	C	T
N5_cerevisiae	0.00079900928871	2	95	A	G
N5_cerevisiae	0.00120794584452	2	272	G	A
N5_cerevisiae	0.00137035501598	2	329	T	C
N5_cerevisiae	0.00163721914821	2	383	T	C
N5_cerevisiae	0.00168988459992	2	443	C	T
N5_cerevisiae	0.00190626693669	2	197	C	T
N5_cerevisiae	0.00227375412464	2	431	A	G
N5_cerevisiae	0.00257156669407	2	209	T	C
N5_cerevisiae	0.00349568195117	2	404	G	T
N5_cerevisiae	0.00361140965942	1	392	C	T
N5_cerevisiae	0.00373305074856	1	330	A	G
N5_cerevisiae	0.00395883842394	1	395	A	G
N5_cerevisiae	0.00410612170891	1	377	T	C
N5_cerevisiae	0.0041371090747	2	203	C	A
