edge	time	mut_orlg	mut_pos	old_state	new_state
N0_D1	0.000159720769284	0	729	G	A
N0_D1	0.00126449565894	0	1091	A	T
N0_D1	0.00140816004038	0	192	A	G
N0_D1	0.00259659877842	0	1107	G	T
N0_D1	0.00359718095669	0	1288	A	G
N0_D1	0.00383520856722	0	1298	G	A
N0_D1	0.00447002334735	0	1408	C	A
N0_D1	0.00545207922675	0	670	G	A
N0_D1	0.00570288650342	0	852	G	T
N0_D1	0.00616281273636	0	318	A	C
N0_D1	0.00629805515323	0	711	A	C
N0_D1	0.00708573462093	0	629	C	A
N0_D1	0.00810564581142	0	1313	A	T
N0_D1	0.00822197693366	0	348	T	C
N0_D1	0.00842697410241	0	797	T	C
N0_D1	0.0100800508905	0	1121	T	C
N0_D1	0.0102467212878	0	1026	G	A
N0_D1	0.0105702113788	0	1414	G	C
N0_D1	0.0106547681731	0	1392	T	C
N0_D1	0.0117995990982	0	334	G	T
N0_D1	0.0139382545668	0	473	G	T
N0_D1	0.0140645942724	0	1323	A	G
N0_D1	0.0144612632117	0	123	G	T
N0_D1	0.0145977204374	0	1014	G	C
N0_D1	0.0146073043216	0	344	G	T
N0_D1	0.0153196934028	0	950	G	A
N0_D1	0.0159213415079	0	253	A	G
N0_D1	0.0188638478017	0	26	C	T
N0_D1	0.0189777407657	0	625	A	T
N0_D1	0.0193552919993	0	319	T	A
N0_D1	0.0194962009006	0	456	A	C
N0_D1	0.0196016745849	0	952	A	G
N0_D1	0.0201033239804	0	230	A	T
N0_D1	0.0203328038303	0	1171	A	G
N0_D1	0.0205214166853	0	896	T	A
N0_D1	0.0207892527599	0	1390	C	T
N0_D1	0.0214728419997	0	1218	A	G
N0_D1	0.0218380224761	0	1165	T	C
N0_D1	0.022546220326	0	938	G	A
N0_D1	0.0229453134324	0	699	C	A
N0_D1	0.023043123216	0	173	T	G
N0_D1	0.0247361912368	0	1014	C	A
N0_D1	0.0249216044028	0	65	C	T
N0_D1	0.025156321849	0	433	T	C
N0_D1	0.0252801992027	0	1240	A	T
N0_D1	0.026661079241	0	1062	A	T
N0_D1	0.0268392429774	0	231	C	T
N0_D1	0.0271378394718	0	138	C	T
N0_D1	0.0275603710017	0	1524	C	T
N0_D1	0.0276920131811	0	971	A	T
N0_D1	0.0279028930941	0	1215	C	A
N0_D1	0.0279094006116	0	1074	T	C
N0_D1	0.0307225383821	0	1527	C	T
N0_D1	0.0309123565634	0	877	G	T
N0_D1	0.0314486877194	0	1097	A	G
N0_D1	0.0323545079087	0	316	C	G
N0_D1	0.0338668510406	0	1167	A	G
N0_D1	0.0345640795634	0	522	T	C
N0_D1	0.0352871134239	0	1353	G	A
N0_D1	0.0355730768522	0	1145	T	A
N0_D1	0.0358990981876	0	939	T	A
N0_D1	0.0365485477075	0	520	G	A
N0_D1	0.036866307403	0	510	G	A
N0_D1	0.0374338210076	0	522	C	A
N0_D1	0.0378681906555	0	170	A	T
N0_D1	0.038161583488	0	687	C	A
N0_D1	0.0390029914605	0	374	G	A
N0_D1	0.040010333756	0	718	G	A
N0_D1	0.0412716827643	0	983	T	C
N0_D1	0.041703145862	0	235	C	G
N0_D1	0.042388025488	0	1121	C	T
N0_D1	0.0427864574215	0	51	T	C
N0_D1	0.0438112306208	0	1281	T	C
N0_D1	0.0439901668509	0	1388	G	T
N0_D1	0.0451218868876	0	1337	G	A
N0_D1	0.0482723006184	0	1055	A	T
N0_D1	0.04856510297	0	108	G	A
N0_D1	0.0486165538151	0	1506	A	G
N0_D1	0.0488439426744	0	493	C	T
D1_N1	0.00072429188215	1	1302	G	T
D1_N1	0.00160186965822	2	825	T	C
D1_N1	0.00168909469736	2	902	G	T
D1_N1	0.00253972214758	2	1312	A	G
D1_N1	0.00329519733856	1	121	A	G
D1_N1	0.00331850739334	2	545	G	A
D1_N1	0.00351326389223	2	1459	T	A
D1_N1	0.00359085118698	2	1218	G	C
D1_N1	0.00387208346143	2	1199	A	C
D1_N1	0.00414214949278	2	326	C	T
D1_N1	0.00488266135645	2	1312	G	A
D1_N1	0.00606716208713	2	262	G	T
D1_N1	0.00643314373776	2	1178	A	G
D1_N1	0.00643362596658	1	392	C	T
D1_N1	0.00721952956237	1	4	G	A
D1_N1	0.0072636994159	1	897	T	C
D1_N1	0.00770626538595	1	615	G	C
D1_N1	0.00796976672435	1	768	A	T
D1_N1	0.00808289736425	2	1240	T	G
D1_N1	0.0081421143498	2	1154	G	A
D1_N1	0.00853658349054	1	56	T	C
D1_N1	0.00871327502156	2	194	G	A
D1_N1	0.00873936299843	1	1295	T	G
D1_N1	0.00928611376772	2	22	T	C
D1_N1	0.0099258644162	1	292	A	C
D1_N1	0.0103855066078	1	1388	T	G
D1_N1	0.0104403671224	1	1060	T	C
D1_N1	0.0106078000055	2	1170	A	G
D1_N1	0.0106298215359	1	3	T	C
D1_N1	0.0111696207447	2	433	C	A
D1_N1	0.0118016363386	2	303	G	T
D1_N1	0.0121549685846	2	63	A	G
D1_N1	0.0124256222362	1	0	C	T
D1_N1	0.0128905154929	2	1050	A	T
D1_N1	0.0132599646923	2	1007	C	T
D1_N1	0.0136491733266	2	272	T	A
D1_N1	0.013879571208	1	7	C	G
D1_N1	0.0139560630154	2	1057	G	T
D1_N1	0.0142067299451	1	1566	C	T
D1_N1	0.0150169562149	1	24	T	A
D1_N1	0.0150854594366	1	498	G	A
D1_N1	0.0155909082564	2	573	G	A
D1_N1	0.0157160223503	2	1304	G	A
D1_N1	0.0165011665542	2	323	A	G
D1_N1	0.0167954847844	2	1197	C	T
D1_N1	0.0168873751917	1	216	T	C
D1_N1	0.0169206873958	2	239	C	A
D1_N1	0.0176207018509	2	746	C	A
D1_N1	0.017697816179	1	506	C	T
D1_N1	0.0177071565009	1	1577	T	G
D1_N1	0.0177432039188	2	1527	T	C
D1_N1	0.0178015375084	2	686	T	G
D1_N1	0.0181805533102	2	1236	C	T
D1_N1	0.0182515952753	2	38	T	C
D1_N1	0.0184747411369	1	19	A	T
D1_N1	0.0194411357697	2	522	A	T
D1_N1	0.0197082195697	1	1367	G	A
D1_N1	0.0197194216895	2	1350	A	T
D1_N1	0.0198329610969	2	1121	T	C
D1_N1	0.0198641735749	1	1210	C	G
D1_N1	0.0205512318033	2	347	G	A
D1_N1	0.0206324842401	1	565	T	C
D1_N1	0.0207386205711	2	1014	A	T
D1_N1	0.0215434997604	1	913	G	A
D1_N1	0.0215962212064	1	105	C	T
D1_N1	0.0219569343861	2	247	A	G
D1_N1	0.022746244342	2	1413	G	A
D1_N1	0.0227901599232	1	998	T	C
D1_N1	0.0228160669667	1	89	A	G
D1_N1	0.0229592269311	1	276	C	A
D1_N1	0.0231073599511	2	1353	A	C
D1_N1	0.0232355394409	2	332	A	T
D1_N1	0.0242239956907	2	1381	T	A
D1_N1	0.0248285663021	2	309	A	T
D1_N1	0.025472555887	2	799	A	G
D1_N1	0.0259508801141	1	175	C	G
D1_N1	0.026666598617	2	765	A	G
D1_N1	0.0272307451625	1	318	C	T
D1_N1	0.0276715606581	1	1409	T	G
D1_N1	0.0281384171035	1	110	C	T
D1_N1	0.0285582316512	1	949	G	A
D1_N1	0.0288168216363	2	1467	A	T
D1_N1	0.0294980164447	1	974	C	A
D1_N1	0.0296414796497	2	793	A	G
D1_N1	0.0297757590009	2	548	C	T
D1_N1	0.0298756774059	1	267	T	C
D1_N1	0.0300872816403	1	382	A	G
D1_N1	0.0300957930838	1	1174	C	T
D1_N1	0.0302091753768	1	456	C	T
D1_N1	0.0304376118035	2	612	T	A
D1_N1	0.0309697630795	1	586	C	T
D1_N1	0.0312343586884	2	683	A	G
D1_N1	0.0314825442822	2	736	T	C
D1_N1	0.0319783138718	1	12	G	T
D1_N1	0.0320607934889	2	1041	A	T
D1_N1	0.0322032074437	2	1456	T	A
D1_N1	0.0322421994785	2	193	G	C
D1_N1	0.0325858176218	2	1348	G	A
D1_N1	0.0329224556723	2	1558	A	T
D1_N1	0.0334875474683	2	1327	A	C
D1_N1	0.0341502845389	1	94	C	T
D1_N1	0.0345695721118	2	403	G	T
D1_N1	0.0349502571758	1	704	A	C
D1_N1	0.0351437374936	1	1536	G	A
D1_N1	0.0353970112487	2	1151	A	G
D1_N1	0.0358328445272	2	6	T	C
D1_N1	0.0361369692844	2	1336	G	C
D1_N1	0.0367953673844	1	1167	G	C
D1_N1	0.0372441303687	2	157	T	C
D1_N1	0.0372880561656	1	621	C	G
D1_N1	0.0372965738223	2	331	T	A
D1_N1	0.0373153022887	1	963	G	A
D1_N1	0.0374417563807	1	288	T	A
D1_N1	0.037488607592	2	1411	A	G
D1_N1	0.0375362854589	2	914	A	T
D1_N1	0.0383289318209	2	1232	G	C
D1_N1	0.0392173898166	1	1065	G	C
D1_N1	0.039274629994	2	1282	A	C
D1_N1	0.0394616146685	2	398	A	T
D1_N1	0.0396328370064	2	1301	C	A
D1_N1	0.0396993178829	2	1386	T	C
D1_N1	0.0399269258189	1	581	G	A
D1_N1	0.040260459794	2	1445	G	A
D1_N1	0.0416260566858	1	1022	T	C
D1_N1	0.0416617632263	2	1382	G	A
D1_N1	0.0419234964603	1	925	T	G
D1_N1	0.0427709012307	1	305	A	C
D1_N1	0.0432293659047	2	79	T	G
D1_N1	0.043477400266	2	695	T	A
D1_N1	0.0436035159222	1	766	C	T
D1_N1	0.0442535401977	2	1198	G	A
D1_N1	0.0443142987142	2	809	G	A
D1_N1	0.0444397918301	2	508	T	G
D1_N1	0.0448706381017	2	379	C	T
D1_N1	0.0450102159968	2	370	C	A
D1_N1	0.0457398277465	2	993	T	G
D1_N1	0.0461383511071	2	983	C	T
D1_N1	0.0463891686318	1	1193	A	G
D1_N1	0.0464735058514	1	1362	C	A
D1_N1	0.0466767378215	2	835	C	A
D1_N1	0.0477614941278	1	545	G	A
D1_N1	0.0477867530916	2	12	G	T
D1_N1	0.0485876741931	1	1168	T	C
D1_N1	0.0491256102866	2	299	C	T
D1_N1	0.0494585556744	1	1111	C	T
D1_N1	0.0497926256837	1	1117	A	G
D1_N1	0.0497926743302	1	965	T	C
D1_N1	0.0499363255032	1	491	A	G
D1_N1	0.0500378643288	1	86	T	A
D1_N1	0.0500670798903	1	693	G	C
D1_N1	0.050120956618	2	1554	A	T
D1_N1	0.0506443747403	2	187	T	G
D1_N1	0.0508480337982	2	650	T	A
D1_N1	0.0508857343635	2	746	A	G
D1_N1	0.051045820984	2	696	A	G
D1_N1	0.0515089814414	2	1346	A	C
D1_N1	0.0518951287006	2	1329	A	G
D1_N1	0.0520136419398	2	1465	A	C
D1_N1	0.0524094010186	2	628	C	A
D1_N1	0.0527551971679	1	588	C	T
D1_N1	0.0534134232718	2	1481	C	T
D1_N1	0.0539219802056	1	1413	G	T
D1_N1	0.0549031897684	2	146	A	G
D1_N1	0.055316936753	1	629	A	G
D1_N1	0.0555436745906	1	1383	A	T
D1_N1	0.0556436366027	2	1330	C	G
D1_N1	0.0557569686718	1	877	T	C
D1_N1	0.0563101330177	2	1148	T	A
D1_N1	0.0565347372206	2	496	G	T
D1_N1	0.0567029561134	1	248	G	T
D1_N1	0.0571376629444	2	456	C	T
D1_N1	0.0574058116645	2	408	T	C
D1_N1	0.0576285636076	2	560	A	C
D1_N1	0.0577066519174	1	932	T	G
D1_N1	0.0585163478721	2	1577	T	C
D1_N1	0.058840476548	2	868	T	A
D1_N1	0.0590787249201	1	177	G	A
D1_N1	0.0591600724943	2	677	A	G
D1_N1	0.0593111272905	2	460	C	T
D1_N1	0.0594257266673	1	778	A	T
D1_N1	0.0597064231653	2	806	T	G
D1_N1	0.0600303657819	1	1534	T	A
D1_N1	0.0602112540076	1	1187	T	A
D1_N1	0.0603737651992	1	559	T	C
D1_N1	0.0605988942953	1	1485	C	G
D1_N1	0.060695947954	1	630	C	T
D1_N1	0.0612030117437	2	1417	G	A
D1_N1	0.0614167140694	2	165	T	A
D1_N1	0.0618158986743	1	438	C	T
D1_N1	0.0621912753823	2	130	C	G
D1_N1	0.0625359079444	2	84	T	C
D1_N1	0.0631310846223	1	445	A	G
D1_N1	0.0646506282901	2	56	T	A
D1_N1	0.0647279902218	1	1399	T	C
D1_N1	0.064856656632	1	563	C	A
D1_N1	0.065018832183	1	1386	T	G
D1_N1	0.0652561500514	2	1252	A	G
D1_N1	0.0657642236601	2	324	G	A
D1_N1	0.0661392671167	1	1374	C	T
D1_N1	0.0662110733342	2	696	G	T
D1_N1	0.0662768211469	2	153	A	T
D1_N1	0.0665419274804	2	102	T	C
D1_N1	0.0666236734493	2	1219	T	A
D1_N1	0.0668476500846	1	1288	G	A
D1_N1	0.0668789021249	2	1446	T	C
D1_N1	0.0672015102042	2	773	C	T
D1_N1	0.0679102427174	1	224	A	T
D1_N1	0.0686882427816	1	1305	T	C
D1_N1	0.0688091852599	1	1470	T	A
D1_N1	0.0689009649449	1	741	G	T
D1_N1	0.0690572278619	1	1136	C	T
D1_N1	0.0691952297794	2	130	G	A
D1_N1	0.0699444486158	2	19	A	C
D1_N1	0.0703279674273	1	1355	G	C
D1_N1	0.0704034320264	1	430	G	C
D1_N1	0.0706306944889	2	1306	A	G
D1_N1	0.0708118363969	2	553	G	A
D1_N1	0.0715863554781	2	1549	T	A
D1_N1	0.0717929253406	2	1108	T	G
D1_N1	0.0720228146201	2	81	C	T
D1_N1	0.0721958379569	1	1397	G	A
D1_N1	0.0725977034214	2	1510	T	G
D1_N1	0.0726276374525	1	460	C	A
D1_N1	0.0727113750402	2	50	A	G
D1_N1	0.0728147246088	2	412	G	A
D1_N1	0.0729614668508	2	1110	C	T
D1_N1	0.0730029697	2	917	C	G
D1_N1	0.0735029808158	2	1007	T	C
D1_N1	0.0735431065129	1	183	T	C
D1_N1	0.0736924851171	2	1380	A	C
D1_N1	0.0741767540971	1	442	G	A
D1_N1	0.0747460968065	1	124	T	A
D1_N1	0.0749282811809	1	437	T	A
D1_N1	0.0753497680026	1	933	T	G
D1_N1	0.0755189088912	2	1466	A	G
D1_N1	0.0767174165747	2	1184	A	G
D1_N1	0.0769894710132	2	836	C	G
D1_N1	0.078038555625	2	1297	T	G
D1_N1	0.078329045988	1	440	C	T
D1_N1	0.078560019384	2	743	C	T
D1_N1	0.0787165851832	2	905	C	A
D1_N1	0.0790871861384	2	314	T	C
D1_N1	0.0794517420299	1	1415	T	G
D1_N1	0.0795142797782	2	711	C	A
D1_N1	0.0795269784076	1	220	G	A
D1_N1	0.0795647150784	2	132	C	T
D1_N1	0.0796150762665	2	102	C	A
D1_N1	0.0805796672542	1	1257	T	C
D1_N1	0.0805978551288	2	349	T	C
D1_N1	0.0805988146178	2	916	T	A
D1_N1	0.080657922646	2	9	C	A
D1_N1	0.0806750863655	1	930	C	A
D1_N1	0.0815327297928	1	1395	A	T
D1_N1	0.0824724368397	2	156	T	C
D1_N1	0.0831636752613	2	339	C	T
D1_N1	0.0837970998777	2	256	T	C
D1_N1	0.0839340883143	2	1039	A	G
D1_N1	0.0842572698883	2	479	A	T
D1_N1	0.0843595161288	2	825	C	T
D1_N1	0.0849175561918	1	974	A	C
D1_N1	0.085054269365	2	338	A	G
D1_N1	0.0853916450745	2	239	A	C
D1_N1	0.0859021772486	2	60	T	C
D1_N1	0.0860917657796	1	242	T	C
D1_N1	0.0865602649872	1	1115	A	T
D1_N1	0.0866066198934	1	898	T	A
D1_N1	0.0871598825567	1	693	C	G
D1_N1	0.0876585859194	2	494	T	C
D1_N1	0.0878038645361	1	723	G	T
D1_N1	0.0887030760763	1	1251	A	C
D1_N1	0.0890019326045	2	145	T	G
D1_N1	0.0890648222218	1	477	A	G
D1_N1	0.089066830418	1	384	T	C
D1_N1	0.0896127879258	2	309	A	C
D1_N1	0.0898514629944	2	153	T	A
D1_N1	0.0905809399965	2	1389	T	G
D1_N1	0.090669349633	1	153	A	T
D1_N1	0.090920951478	1	1531	G	C
D1_N1	0.0910919204142	1	1500	C	T
D1_N1	0.091342336925	2	520	A	T
D1_N1	0.0916208470097	1	737	C	T
D1_N1	0.0917526158007	1	1115	T	C
D1_N1	0.0919835678181	2	135	A	G
D1_N1	0.0919898353873	2	303	T	C
D1_N1	0.0921075378712	1	935	A	C
D1_N1	0.0923400388383	2	627	G	T
D1_N1	0.0925101300557	1	986	G	A
D1_N1	0.0925711099883	2	289	A	G
D1_N1	0.0925957336635	2	992	A	C
D1_N1	0.0928680131511	2	382	A	C
D1_N1	0.0930341317171	1	155	C	T
D1_N1	0.0934731326862	2	82	A	G
D1_N1	0.094168839737	1	1012	C	A
D1_N1	0.0942595579736	2	863	A	G
D1_N1	0.0950977034574	1	1316	C	A
D1_N1	0.0955854477472	1	1089	G	A
D1_N1	0.095705915245	1	1008	C	T
D1_N1	0.0960177239124	1	210	T	A
D1_N1	0.0963651437855	1	1335	A	G
D1_N1	0.0969269364358	1	372	T	C
D1_N1	0.0975315828297	1	1425	T	G
D1_N1	0.0979370954412	2	64	T	G
D1_N1	0.0980370234264	1	742	A	T
D1_N1	0.0982133477524	2	261	T	G
D1_N1	0.0983685315459	2	749	T	A
D1_N1	0.098757756449	1	1550	T	A
D1_N1	0.0990311623248	2	1535	A	C
D1_N1	0.0993316067058	1	1316	A	T
D1_N1	0.0998418679937	2	446	A	T
D1_N1	0.100060992293	1	773	C	T
D1_N1	0.100345696343	2	979	A	T
D1_N1	0.100637972563	1	1324	T	C
D1_N1	0.100671054391	2	1311	A	C
D1_N1	0.101565995237	1	596	C	T
D1_N1	0.10167436371	2	566	T	A
D1_N1	0.101785349813	1	1484	G	T
D1_N1	0.102006401278	2	833	G	A
D1_N1	0.102291369689	1	1287	G	C
D1_N1	0.102393550041	1	109	G	A
D1_N1	0.102798819286	2	1259	T	G
D1_N1	0.102888482828	1	1232	G	C
D1_N1	0.103156353668	2	1305	T	C
D1_N1	0.103987803863	1	807	A	G
D1_N1	0.104653868045	2	1308	A	G
D1_N1	0.104737286197	2	127	T	C
D1_N1	0.104799214531	2	61	C	T
D1_N1	0.105431420093	2	586	C	T
D1_N1	0.10544358311	1	1501	A	G
D1_N1	0.10635878046	2	1082	T	C
D1_N1	0.106809173262	1	1160	G	A
D1_N1	0.106851738405	2	471	G	T
D1_N1	0.106898477244	2	146	G	C
D1_N1	0.107525526022	2	27	A	G
D1_N1	0.107948283993	2	712	C	G
D1_N1	0.107983108177	2	918	G	C
D1_N1	0.108406060597	2	42	G	A
D1_N1	0.109206309463	1	727	G	A
D1_N1	0.10944323359	2	628	A	G
D1_N1	0.109563898179	2	182	G	A
D1_N1	0.109598515938	1	979	A	G
D1_N1	0.109805978432	1	1033	A	T
D1_N1	0.109914192582	2	825	T	G
D1_N1	0.110031165946	1	515	T	A
D1_N1	0.110043724873	1	582	A	T
D1_N1	0.110301201116	2	1110	T	A
D1_N1	0.110385015493	2	1175	T	G
D1_N1	0.111017132375	1	218	G	A
D1_N1	0.111461570377	2	1381	A	C
D1_N1	0.111582811656	1	797	C	A
D1_N1	0.112143027987	2	639	A	C
D1_N1	0.112144554584	1	654	A	C
D1_N1	0.112220383493	2	1542	G	T
D1_N1	0.113288716493	1	90	A	C
D1_N1	0.113498918137	1	1045	G	C
D1_N1	0.114528572137	1	1117	G	A
D1_N1	0.115145690586	1	414	T	A
D1_N1	0.115635028604	2	784	A	C
D1_N1	0.115927708626	1	946	T	A
D1_N1	0.116352799653	1	407	C	T
D1_N1	0.116652425625	1	464	T	G
D1_N1	0.117216634033	2	139	C	A
D1_N1	0.11773810324	2	178	T	C
D1_N1	0.118558264608	2	1239	C	A
D1_N1	0.119051814279	2	454	A	G
D1_N1	0.119388512028	1	1373	T	A
D1_N1	0.119633778838	2	783	G	C
D1_N1	0.119667257453	1	548	C	T
D1_N1	0.119712546504	1	919	T	C
D1_N1	0.119785571585	2	1156	A	C
D1_N1	0.119999526876	2	1345	T	A
D1_N1	0.120394434437	1	82	A	G
D1_N1	0.120522189732	2	66	G	T
D1_N1	0.12071379651	2	848	A	T
D1_N1	0.121013870144	1	426	A	G
D1_N1	0.121836162692	2	1040	A	C
D1_N1	0.121898477902	1	1113	G	T
D1_N1	0.121996477662	2	158	C	G
D1_N1	0.122068441735	1	1295	G	C
D1_N1	0.12208728832	1	322	C	A
D1_N1	0.12230391698	2	81	T	G
D1_N1	0.122445148868	1	865	A	T
D1_N1	0.122523677444	2	1011	T	C
D1_N1	0.123248582989	2	519	T	G
D1_N1	0.123770651633	2	1358	T	C
D1_N1	0.124298456761	2	278	A	T
D1_N1	0.124604076813	1	831	G	T
D1_N1	0.125053823392	2	103	C	G
D1_N1	0.125531583044	1	516	T	C
D1_N1	0.126034794983	2	549	T	A
D1_N1	0.126070609894	1	541	A	C
D1_N1	0.126416001349	1	917	C	T
D1_N1	0.1268854402	2	377	A	G
D1_N1	0.127101512952	2	1192	G	A
D1_N1	0.127208970671	2	216	T	G
D1_N1	0.127242365507	1	1369	C	T
D1_N1	0.127463234452	2	310	G	T
D1_N1	0.127534908303	2	1177	C	A
D1_N1	0.128088603062	1	170	T	C
D1_N1	0.128295287809	1	493	T	A
D1_N1	0.128711721183	1	15	A	G
D1_N1	0.128880240222	1	828	T	C
D1_N1	0.129255665234	1	914	A	C
D1_N1	0.129519550269	2	1130	A	G
D1_N1	0.129641825022	2	76	T	G
D1_N1	0.129710139114	2	1096	A	G
D1_N1	0.129719424773	2	507	T	C
D1_N1	0.130040513506	2	1255	T	A
D1_N1	0.130467244203	2	99	A	C
D1_N1	0.130551027175	2	726	T	C
D1_N1	0.130844169181	2	248	G	C
D1_N1	0.130886277726	2	776	A	G
D1_N1	0.130988472524	2	838	C	T
D1_N1	0.13127743385	2	1499	T	C
D1_N1	0.131400427061	1	817	A	T
D1_N1	0.131432674277	2	438	C	A
D1_N1	0.131722827654	1	1447	A	G
D1_N1	0.132121872662	1	238	C	G
D1_N1	0.132147713024	1	365	T	C
D1_N1	0.132227503236	1	1574	G	A
D1_N1	0.132250380591	1	20	A	T
D1_N1	0.132576304926	2	1521	T	C
D1_N1	0.132610615278	1	1400	G	T
D1_N1	0.132791760604	1	1131	A	T
D1_N1	0.132975439154	2	1072	C	T
D1_N1	0.133039018529	1	1141	A	G
D1_N1	0.133067448549	2	1165	C	G
D1_N1	0.133082069354	2	1138	A	G
D1_N1	0.133361824678	1	628	C	T
D1_N1	0.133601581827	2	593	T	A
D1_N1	0.133979861238	2	998	T	C
D1_N1	0.134059837036	2	942	C	T
D1_N1	0.134684075251	1	461	G	A
D1_N1	0.135450653365	1	820	C	G
D1_N1	0.136210898881	2	996	A	G
D1_N1	0.136253046135	1	1207	G	A
D1_N1	0.136354007144	2	897	T	C
D1_N1	0.136356826867	2	656	G	A
D1_N1	0.136936058578	2	172	G	A
D1_N1	0.137563755523	1	1477	G	A
D1_N1	0.137672908026	1	1340	C	T
D1_N1	0.137805297425	1	393	A	G
D1_N1	0.137883520511	2	794	A	G
D1_N1	0.138331236725	1	1221	G	A
D1_N1	0.138403266764	1	996	A	T
D1_N1	0.139812977421	2	746	G	A
D1_N1	0.140146282192	1	683	A	G
D1_N1	0.14029392298	2	1417	A	T
D1_N1	0.141827525241	1	519	T	A
D1_N1	0.141949811999	1	352	G	C
D1_N1	0.142133521008	1	198	A	G
D1_N1	0.142462089087	1	72	G	T
D1_N1	0.142553780564	2	1381	C	A
D1_N1	0.142785255481	2	460	T	C
D1_N1	0.14279924603	1	905	C	A
D1_N1	0.143001399216	2	1069	C	T
D1_N1	0.143262660447	1	331	T	A
D1_N1	0.14357954483	1	114	G	C
D1_N1	0.143584202624	2	375	T	G
D1_N1	0.143810770275	1	942	C	T
D1_N1	0.144025305726	2	212	G	A
D1_N1	0.144479244329	1	242	C	A
D1_N1	0.145064163052	2	986	G	C
D1_N1	0.145610698108	2	84	C	T
D1_N1	0.145619046373	2	1124	G	A
D1_N1	0.145694121374	1	1433	C	T
D1_N1	0.146306835573	1	438	T	C
D1_N1	0.146374316731	2	653	A	C
D1_N1	0.146379494023	2	581	G	T
D1_N1	0.146488324787	2	800	A	C
D1_N1	0.147082269614	1	574	T	C
D1_N1	0.147532887715	2	424	G	T
D1_N1	0.147721237835	2	428	G	C
D1_N1	0.147760671234	1	785	T	C
D1_N1	0.148372118731	1	552	C	G
D1_N1	0.148739026462	2	605	T	A
D1_N1	0.148847124825	2	522	T	G
D1_N1	0.148887907431	2	528	A	C
D1_N1	0.148986588367	1	1319	C	T
D1_N1	0.14946992546	2	1348	A	T
D1_N1	0.149687660713	1	810	A	G
D1_N1	0.149724488414	1	256	T	C
D1_N1	0.149815881384	1	292	C	T
D1_N1	0.149838339089	1	746	C	T
D1_N1	0.150053805204	2	116	T	C
D1_N1	0.150179092217	1	716	C	T
D1_N1	0.15088665223	2	351	C	G
D1_N1	0.151077344332	1	1231	A	G
D1_N1	0.151248923525	2	537	G	A
D1_N1	0.151283569546	2	1	A	G
D1_N1	0.151379379886	2	1458	G	A
D1_N1	0.151761992281	2	1479	C	A
D1_N1	0.151875135574	2	884	T	A
D1_N1	0.152321211332	1	1446	T	C
D1_N1	0.152352430654	1	420	T	G
D1_N1	0.15258508117	2	96	G	A
D1_N1	0.153484206273	1	681	T	A
D1_N1	0.154377848105	1	400	A	G
D1_N1	0.154680223973	2	1529	G	A
D1_N1	0.154690247208	1	279	C	T
D1_N1	0.154822285662	1	63	A	T
D1_N1	0.154941716286	2	1033	A	G
D1_N1	0.155057327954	1	1319	T	A
D1_N1	0.155168003642	1	923	C	T
D1_N1	0.155178658978	1	1485	G	A
D1_N1	0.155401680268	2	576	G	A
D1_N1	0.155426525144	1	987	A	G
D1_N1	0.155551648361	1	317	A	T
D1_N1	0.156165997053	1	837	T	A
D1_N1	0.156226189208	2	234	A	T
D1_N1	0.156450293449	1	1040	A	G
D1_N1	0.157006207839	2	32	G	A
D1_N1	0.157286148004	2	825	G	C
D1_N1	0.158602531453	2	196	A	G
D1_N1	0.158765656951	2	792	A	C
D1_N1	0.158784240328	2	1136	C	A
D1_N1	0.158847652996	1	362	C	T
D1_N1	0.158995265102	1	1199	A	G
D1_N1	0.160780656042	1	1399	C	T
D1_N1	0.161410286499	2	854	C	T
D1_N1	0.161552478945	1	1283	T	C
D1_N1	0.161652003998	2	364	C	T
D1_N1	0.161863257855	1	892	A	C
D1_N1	0.162060139438	2	145	G	C
D1_N1	0.162220919738	1	198	G	T
D1_N1	0.162315417774	1	1565	G	A
D1_N1	0.162386002965	1	365	C	T
D1_N1	0.162766396758	2	188	A	G
D1_N1	0.162781851704	2	510	A	G
D1_N1	0.162835203634	1	192	G	T
D1_N1	0.163058571445	2	247	G	T
D1_N1	0.163214402163	1	168	G	A
D1_N1	0.163591657985	1	1181	C	A
D1_N1	0.163925363227	2	5	A	G
D1_N1	0.163963451872	2	896	A	T
D1_N1	0.164103789694	2	1495	A	C
D1_N1	0.164415132531	2	1095	G	C
D1_N1	0.164515578175	2	1281	C	A
D1_N1	0.164544607274	2	428	C	A
D1_N1	0.165363534162	2	446	T	C
D1_N1	0.166421793579	1	18	G	A
D1_N1	0.167141266951	2	1454	A	G
D1_N1	0.167355622507	1	878	A	G
D1_N1	0.167958392083	2	827	T	C
D1_N1	0.167962720928	2	584	G	A
D1_N1	0.168123233222	1	312	A	C
D1_N1	0.168559580427	1	882	A	G
D1_N1	0.168779000213	1	491	G	A
D1_N1	0.168834266813	1	1071	G	T
D1_N1	0.169734467842	1	353	A	G
D1_N1	0.169845434877	2	1058	T	C
D1_N1	0.170097588582	2	1354	C	G
D1_N1	0.170411097944	2	1070	A	C
D1_N1	0.170507402555	2	873	G	A
D1_N1	0.171481965923	2	16	T	A
D1_N1	0.171778203686	2	741	T	A
D1_N1	0.171996166252	2	869	C	A
D1_N1	0.172172285551	2	920	G	A
D1_N1	0.1722020728	2	842	T	C
D1_N1	0.17240226881	2	570	G	A
D1_N1	0.172721868298	1	1159	G	T
D1_N1	0.173129546664	1	310	G	T
D1_N1	0.173509306851	2	1279	A	T
D1_N1	0.173707332932	1	501	A	G
D1_N1	0.174370770323	2	746	A	G
D1_N1	0.17471253368	2	1506	G	C
D1_N1	0.174951294069	2	841	T	A
D1_N1	0.175162921637	1	286	C	T
D1_N1	0.175576025662	2	851	A	C
D1_N1	0.175716834678	1	1028	G	A
D1_N1	0.175773223277	2	747	G	A
D1_N1	0.176037033507	1	1304	A	C
D1_N1	0.176082902562	2	1512	T	A
D1_N1	0.176625625816	1	1102	T	C
D1_N1	0.177320901754	1	1198	G	A
D1_N1	0.178039112333	1	1442	C	T
D1_N1	0.178273587224	1	229	T	A
D1_N1	0.178419228699	2	602	T	C
D1_N1	0.178861980171	2	1547	A	T
D1_N1	0.179046865431	1	1260	A	G
D1_N1	0.179303876026	1	1049	C	T
D1_N1	0.179813008113	2	1228	A	T
D1_N1	0.179855457946	1	1138	A	G
D1_N1	0.180043868971	2	678	A	G
D1_N1	0.180093374909	1	1311	A	G
D1_N1	0.180386411651	2	486	C	T
D1_N1	0.180391613867	2	231	T	A
D1_N1	0.180660246853	1	1478	G	C
D1_N1	0.181345499046	1	1552	G	A
D1_N1	0.182373944115	2	1047	A	G
D1_N1	0.182485236274	2	655	A	G
D1_N1	0.182698166086	1	702	T	G
D1_N1	0.183368948571	2	893	G	C
D1_N1	0.183510026424	2	568	A	T
D1_N1	0.183906423158	2	278	T	A
D1_N1	0.184547147021	2	1337	A	G
D1_N1	0.185231607163	2	1503	T	C
D1_N1	0.185287979185	1	1121	T	G
D1_N1	0.18552746071	2	1150	A	T
D1_N1	0.185581276398	1	995	T	C
D1_N1	0.185889636542	2	563	C	G
D1_N1	0.186214386472	1	285	C	T
D1_N1	0.186403886868	2	1307	G	T
D1_N1	0.186471468258	1	1212	T	C
D1_N1	0.18778062135	1	416	A	T
D1_N1	0.18793094157	2	368	C	T
D1_N1	0.188021776508	1	1344	G	C
D1_N1	0.18811388127	1	602	T	A
D1_N1	0.188554006231	1	898	A	G
D1_N1	0.188688145802	1	1068	T	G
D1_N1	0.188874357409	2	132	T	C
D1_N1	0.188907344479	1	1570	G	A
D1_N1	0.188980519302	2	646	G	A
D1_N1	0.189003070341	1	15	G	C
D1_N1	0.189215180931	2	1347	G	A
D1_N1	0.190139832522	2	667	C	T
D1_N1	0.191523386686	1	24	A	G
D1_N1	0.191743348484	1	874	A	G
D1_N1	0.192129029192	1	389	G	A
D1_N1	0.192363511045	2	1511	T	A
D1_N1	0.192642315828	1	1194	C	G
D1_N1	0.192643226612	1	626	A	C
D1_N1	0.192745276104	1	540	G	C
D1_N1	0.192768783748	1	608	A	G
D1_N1	0.192930498978	2	1242	C	A
D1_N1	0.193018914104	2	1476	G	T
D1_N1	0.193033450985	2	1292	T	C
D1_N1	0.193161602331	2	415	A	G
D1_N1	0.193723521378	2	1025	T	G
D1_N1	0.19446599164	1	591	A	G
D1_N1	0.194605652206	1	1433	T	G
D1_N1	0.194775519531	2	422	C	G
D1_N1	0.195400032769	1	550	T	C
D1_N1	0.196060653217	2	839	C	T
D1_N1	0.19690282474	2	1337	G	A
D1_N1	0.197258306537	2	1388	T	G
D1_N1	0.197811971533	2	209	C	T
D1_N1	0.198156984975	2	653	C	A
D1_N1	0.198705048237	1	25	A	T
D1_N1	0.198949055988	1	957	G	C
D1_N1	0.199835907928	2	1238	T	C
D1_N1	0.20004684658	2	1275	A	G
D1_N1	0.20039464443	1	1131	A	G
D1_N1	0.200492819	2	681	T	G
D1_N1	0.200530512959	2	458	T	C
D1_N1	0.200759147847	1	905	A	G
D1_N1	0.200788469996	2	924	T	C
D1_N1	0.200821208405	2	1228	T	C
D1_N1	0.201370698523	1	617	G	T
D1_N1	0.201549963807	2	452	C	T
D1_N1	0.20189098095	1	509	G	A
D1_N1	0.202007847907	1	1079	T	G
D1_N1	0.202018411638	1	1120	G	A
D1_N1	0.203207767198	2	1139	A	G
D1_N1	0.203502204389	1	857	A	G
D1_N1	0.203706577393	2	1377	A	G
D1_N1	0.203760859877	2	1220	T	C
D1_N1	0.203772288126	2	1356	C	A
D1_N1	0.204421052529	1	1531	G	C
D1_N1	0.204566207097	2	360	G	A
D1_N1	0.20500015887	1	77	T	C
D1_N1	0.205003070986	2	409	C	A
D1_N1	0.205977435362	2	1166	G	C
D1_N1	0.206217358006	2	596	C	T
D1_N1	0.206351850495	1	883	A	G
D1_N1	0.206550634094	1	175	G	T
D1_N1	0.20668657982	1	892	C	A
D1_N1	0.207078602552	2	1189	C	A
D1_N1	0.207393044626	2	366	C	T
D1_N1	0.208912427519	2	482	G	C
D1_N1	0.209282025988	2	455	G	A
D1_N1	0.209659436167	1	716	T	C
D1_N1	0.210357553922	1	1308	A	T
D1_N1	0.210397205537	2	459	T	A
D1_N1	0.210621048281	1	1061	G	C
D1_N1	0.211373517447	1	437	A	G
D1_N1	0.211410135898	2	1384	C	G
D1_N1	0.211875227833	1	167	G	T
D1_N1	0.212092828856	1	154	T	C
D1_N1	0.213158449969	2	1550	T	A
D1_N1	0.213387918614	2	50	G	T
D1_N1	0.213492137664	1	1139	A	G
D1_N1	0.213566608054	1	699	A	G
D1_N1	0.213630710514	2	1157	T	A
D1_N1	0.214289047062	1	280	A	G
D1_N1	0.214313802465	2	234	T	A
D1_N1	0.215106207731	2	211	C	A
D1_N1	0.21512780147	2	104	A	T
D1_N1	0.215258835196	2	768	A	G
D1_N1	0.21532062258	2	1185	T	G
D1_N1	0.21536442753	2	1020	G	C
D1_N1	0.215766988271	1	510	A	G
D1_N1	0.215948035128	1	446	A	G
D1_N1	0.216059302337	1	373	T	G
D1_N1	0.216409218821	2	607	C	T
D1_N1	0.216773411158	2	597	C	T
D1_N1	0.21700534971	2	1512	A	T
D1_N1	0.217208071864	2	151	G	A
D1_N1	0.217694845512	1	152	C	T
D1_N1	0.217847524029	1	306	A	T
D1_N1	0.21799853851	1	797	A	G
D1_N1	0.218884709567	2	1505	A	G
D1_N1	0.218975871587	2	1143	A	G
D1_N1	0.218996966234	2	27	G	A
D1_N1	0.219078888204	1	789	G	A
D1_N1	0.219724946517	1	1331	A	G
D1_N1	0.219859617383	1	303	G	A
D1_N1	0.220130986885	1	1445	G	T
D1_N1	0.220188418412	1	421	C	A
D1_N1	0.220480342768	1	865	T	C
D1_N1	0.220499427722	2	1224	G	A
D1_N1	0.220823432749	2	564	A	G
D1_N1	0.221226786658	2	1570	G	C
D1_N1	0.221833057424	2	773	T	A
D1_N1	0.223046872885	1	842	T	G
D1_N1	0.223122035506	2	1300	C	T
D1_N1	0.223184357113	2	444	C	T
D1_N1	0.223911281632	1	240	A	G
D1_N1	0.224500172675	1	1558	A	G
D1_N1	0.224715419818	1	1510	T	C
D1_N1	0.225888551003	2	198	A	G
D1_N1	0.226561782847	1	832	T	G
D1_N1	0.227254707683	1	182	G	T
D1_N1	0.228135612324	1	596	T	A
D1_N1	0.228293934566	2	1051	A	G
D1_N1	0.228479633488	2	1049	C	T
D1_N1	0.229354627539	2	243	C	A
D1_N1	0.229571788066	1	819	C	T
D1_N1	0.229630061503	2	1515	G	A
D1_N1	0.229681793286	1	857	G	C
D1_N1	0.229781814987	1	452	C	T
D1_N1	0.229937743359	2	1292	C	G
D1_N1	0.229943081002	2	1260	A	G
D1_N1	0.230232210814	2	965	T	C
D1_N1	0.231221933658	1	279	T	C
D1_N1	0.231325159312	2	1537	C	T
D1_N1	0.23183120253	1	1348	G	A
D1_N1	0.231989537978	2	254	T	C
D1_N1	0.232043901804	2	489	T	G
D1_N1	0.232166932514	2	1435	T	C
D1_N1	0.233034046818	2	707	T	G
N1_N2	1.33068240735e-05	1	1397	A	G
N1_N2	0.000293472120106	1	1458	G	A
N1_N2	0.000331676342269	1	1503	T	C
N1_N2	0.000565454747341	2	1135	A	T
N1_N2	0.00109606126966	2	1071	G	C
N1_N2	0.00112475708432	2	4	G	A
N1_N2	0.00138750338151	2	552	C	A
N1_N2	0.00200320590514	1	1547	A	G
N1_N2	0.00254173933792	2	1128	C	T
N1_N2	0.00258836889431	1	1058	T	C
N1_N2	0.00259432310092	2	787	A	G
N1_N2	0.00270575520722	1	1102	C	A
N1_N2	0.00312786319353	2	663	T	C
N1_N2	0.00334172983233	1	1316	T	C
N1_N2	0.00371776635354	2	1447	A	G
N1_N2	0.00431998389962	2	788	A	G
N1_N2	0.00463581285455	1	32	G	C
N1_N2	0.00509951884227	1	1270	A	G
N1_N2	0.00531674507912	1	714	G	C
N1_N2	0.00540262015193	2	887	C	T
N1_N2	0.00592096946794	1	14	A	T
N1_N2	0.00626115354033	1	447	G	A
N1_N2	0.00754739764176	2	202	C	T
N1_N2	0.0076176304794	1	665	G	A
N1_N2	0.00764760421506	2	88	G	T
N1_N2	0.00766663250999	2	961	G	T
N1_N2	0.00796452842919	2	1278	A	T
N1_N2	0.00857337567384	2	212	A	G
N1_N2	0.0089461855456	2	397	A	C
N1_N2	0.00895300079491	1	781	G	A
N1_N2	0.00932509214858	2	668	A	C
N1_N2	0.0102531451392	2	1371	G	C
N1_N2	0.0105329273805	2	1354	G	T
N1_N2	0.010706347974	2	1546	T	A
N1_N2	0.0110792060367	1	368	C	T
N1_N2	0.0119151751087	1	279	C	T
N1_N2	0.0120707982982	1	195	A	G
N1_N2	0.0122875990002	2	866	A	T
N1_N2	0.0125295934331	2	923	C	T
N1_N2	0.0127394747664	1	1020	G	A
N1_N2	0.0136432799853	2	1006	T	A
N1_N2	0.0138824422565	2	1132	A	G
N1_N2	0.0140166110398	1	76	T	G
N1_N2	0.0148911595444	2	1314	T	A
N1_N2	0.0155340295781	2	1407	A	G
N2_N3	0.000616667920525	1	874	G	A
N2_N3	0.000874254646663	2	54	G	C
N2_N3	0.00112993661493	2	685	A	T
N2_N3	0.00115983675169	2	177	G	A
N2_N3	0.001204658234	1	438	A	T
N2_N3	0.00124323178067	1	1448	G	T
N2_N3	0.00185871296716	1	1006	T	G
N2_N3	0.00280244829281	1	209	C	G
N2_N3	0.00450969590627	2	308	T	C
N2_N3	0.00689760072941	2	483	A	T
N3_N4	0.000146524193996	1	920	G	C
N3_N4	0.000266835530395	2	603	C	A
N3_N4	0.00142329299352	2	353	A	G
N3_N4	0.00152632655358	2	243	A	C
N3_N4	0.00186154087403	2	238	G	A
N3_N4	0.00191414882651	1	403	G	T
N3_N4	0.00196969557711	2	1098	C	T
N3_N4	0.00210363356383	1	250	G	A
N3_N4	0.00238199780701	1	466	A	G
N3_N4	0.00290153193222	2	212	G	A
N3_N4	0.00326198728982	1	1043	C	T
N3_N4	0.00357656515645	1	1269	C	G
N3_N4	0.00362895960794	2	1542	T	A
N3_N4	0.00401048598855	1	437	G	T
N3_N4	0.00435609032727	2	1315	T	A
N3_N4	0.00495616488342	1	707	T	C
N3_N4	0.00498772464733	1	194	G	A
N3_N4	0.00508478633744	2	1403	C	T
N3_N4	0.00514952258506	1	373	G	T
N3_N4	0.00531922069848	2	1561	T	C
N3_N4	0.00543218382915	2	1521	C	G
N3_N4	0.0062450257414	2	994	G	C
N3_N4	0.00719876622876	1	1344	C	G
N3_N4	0.00781756923519	1	1331	G	A
N3_N4	0.00788785190931	1	1510	C	T
N3_N4	0.00824298627675	1	977	C	T
N4_Human	0.00011313908589	2	1172	C	T
N4_Human	0.00116566651654	2	14	A	T
N4_Human	0.00147416438428	2	1293	T	C
N4_Human	0.00185826218875	2	1197	T	G
N4_Human	0.00195612391297	2	951	G	A
N4_Human	0.00271324822249	2	930	A	T
N4_Human	0.00278657003959	1	1040	G	A
N4_Human	0.00326710935992	1	1238	T	A
N4_Human	0.00342495760866	2	1427	T	C
N4_Human	0.00451120951042	2	328	T	C
N4_Human	0.00479928440643	2	291	C	T
N4_Human	0.00591873771836	1	1376	G	A
N4_Human	0.00605433115254	2	896	T	A
N4_Human	0.00648481286219	1	203	A	G
N4_Human	0.00659198521091	1	359	T	C
N4_Human	0.00659728796427	2	1028	G	A
N4_Human	0.00777553939772	2	1224	A	C
N4_Human	0.00804964367488	1	1068	G	A
N4_Human	0.00887769365601	2	892	A	G
N4_Human	0.00905755904275	1	28	T	G
N4_Human	0.0091965065075	2	560	C	T
N4_Human	0.00941158863266	1	82	G	A
N4_Human	0.00954641346612	1	488	C	T
N4_Human	0.00974426449713	1	1489	G	C
N4_Chimp	0.000716213607169	2	351	G	A
N4_Chimp	0.0011966367948	2	1099	G	A
N4_Chimp	0.00131341193658	1	535	C	A
N4_Chimp	0.00153849660241	2	1060	T	C
N4_Chimp	0.00155467203464	1	18	A	T
N4_Chimp	0.00166028283053	1	621	G	C
N4_Chimp	0.00196102629877	1	245	C	T
N4_Chimp	0.00202191830106	2	757	T	A
N4_Chimp	0.00206725811292	1	1306	A	G
N4_Chimp	0.00233616241766	1	1512	T	C
N4_Chimp	0.00242155126862	2	219	G	T
N4_Chimp	0.00245050188	1	497	T	C
N4_Chimp	0.00308243200511	1	498	A	G
N4_Chimp	0.00374019829439	1	444	C	T
N4_Chimp	0.00374511293616	1	984	T	A
N4_Chimp	0.00384756320461	2	36	G	T
N4_Chimp	0.00440835923929	1	717	C	A
N4_Chimp	0.00562511664211	1	1084	A	G
N4_Chimp	0.00584781430206	1	168	A	G
N4_Chimp	0.00594639004619	1	1029	C	A
N4_Chimp	0.00630616422279	1	994	G	C
N4_Chimp	0.00637405781545	1	892	A	C
N4_Chimp	0.00687579887517	2	575	A	G
N4_Chimp	0.00695926822787	1	892	C	T
N4_Chimp	0.00703489870233	1	302	G	A
N4_Chimp	0.00719892504605	1	175	T	C
N4_Chimp	0.00723845771437	2	246	G	T
N4_Chimp	0.0077224526826	1	1154	G	A
N4_Chimp	0.00782024054455	1	359	T	G
N4_Chimp	0.0080716073749	1	1172	C	T
N4_Chimp	0.00814925821117	1	1072	C	T
N4_Chimp	0.00832430779307	1	432	T	C
N4_Chimp	0.00833179835059	1	1334	A	G
N4_Chimp	0.0083411733556	2	1568	G	A
N4_Chimp	0.00855358381462	2	825	C	G
N4_Chimp	0.0088428186436	1	1003	G	A
N4_Chimp	0.00888063414232	2	150	G	C
N4_Chimp	0.00915207050542	1	618	G	C
N4_Chimp	0.00921051556013	2	1528	T	G
N4_Chimp	0.0093675307015	1	201	A	G
N4_Chimp	0.0106653212383	1	1148	T	C
N4_Chimp	0.0107670434578	2	560	C	A
N4_Chimp	0.0110304196978	1	556	A	T
N3_Goril	0.000399294304878	2	312	A	G
N3_Goril	0.00112635747606	1	605	T	A
N3_Goril	0.00154706541414	2	1012	C	G
N3_Goril	0.00162446978164	2	604	A	C
N3_Goril	0.00194740787101	1	351	C	A
N3_Goril	0.00250284238262	2	611	A	G
N3_Goril	0.00255438047955	1	214	T	C
N3_Goril	0.00266895772312	2	1072	T	A
N3_Goril	0.00273693696112	2	570	A	G
N3_Goril	0.0029946618036	2	1561	T	G
N3_Goril	0.00361318135068	1	216	C	A
N3_Goril	0.00405682648724	2	318	C	A
N3_Goril	0.00408970022935	1	1323	G	A
N3_Goril	0.00410726747077	1	148	A	T
N3_Goril	0.00436928022135	1	360	G	A
N3_Goril	0.00446372353373	2	760	T	A
N3_Goril	0.00513025655458	1	1231	G	C
N3_Goril	0.00529943147293	2	1360	C	G
N3_Goril	0.00538019592552	1	34	A	T
N3_Goril	0.00540615253849	2	24	G	C
N3_Goril	0.00569227790766	1	437	G	A
N3_Goril	0.00581141273461	1	793	A	C
N3_Goril	0.00587074955594	1	2	C	T
N3_Goril	0.00588063034858	2	1558	T	C
N3_Goril	0.00597049532265	1	1529	G	A
N3_Goril	0.00597113447021	2	1411	G	T
N3_Goril	0.00604719492368	2	42	A	G
N3_Goril	0.00685528965731	1	822	T	G
N3_Goril	0.0072865917972	1	1101	T	A
N3_Goril	0.00786499771323	2	555	C	T
N3_Goril	0.00794979402021	2	306	A	T
N3_Goril	0.0084099923833	2	121	A	T
N3_Goril	0.00855401974462	1	550	C	T
N3_Goril	0.00921373653689	2	1186	A	C
N3_Goril	0.00953584978889	2	1233	T	A
N3_Goril	0.00955330085807	2	297	C	A
N3_Goril	0.00985735193033	2	1374	C	T
N3_Goril	0.0100443698052	2	819	C	A
N3_Goril	0.0100503051252	1	1237	C	G
N3_Goril	0.0106127536758	1	1510	C	T
N3_Goril	0.0112752242725	1	1101	A	C
N3_Goril	0.0113706391543	2	1259	G	C
N3_Goril	0.0118468541935	2	713	T	A
N3_Goril	0.0118680635215	1	1443	A	T
N3_Goril	0.0121851614538	2	422	G	C
N3_Goril	0.0122844556237	1	256	C	A
N3_Goril	0.012335272932	2	1071	C	T
N3_Goril	0.0124030946323	2	557	C	A
N3_Goril	0.0126385738036	1	606	A	G
N3_Goril	0.0134766527893	1	160	C	T
N3_Goril	0.0143888599503	1	1380	A	C
N3_Goril	0.014482388464	2	118	A	G
N3_Goril	0.0146898808136	1	1330	C	G
N3_Goril	0.0148873510454	1	1326	G	A
N3_Goril	0.0152781130461	1	966	C	G
N3_Goril	0.0155292034574	2	262	G	C
N3_Goril	0.015934416456	1	582	T	A
N3_Goril	0.0161156088347	2	684	G	A
N3_Goril	0.0162373255461	1	1459	A	G
N3_Goril	0.0166996148266	2	1033	G	A
N3_Goril	0.0172457969275	2	872	G	A
N3_Goril	0.0173038095089	2	614	G	A
N3_Goril	0.0174454294806	2	475	T	C
N3_Goril	0.0181689932598	2	1398	A	G
N3_Goril	0.0182903131335	2	798	A	T
N3_Goril	0.0184219537004	2	94	C	T
N3_Goril	0.0189912371131	1	1093	C	A
N3_Goril	0.0197631075732	1	874	A	C
N2_Orang	0.000108166017884	1	332	A	G
N2_Orang	0.000575298826746	2	980	T	C
N2_Orang	0.000674750981529	1	141	T	A
N2_Orang	0.00115121136561	2	178	C	A
N2_Orang	0.00121606038046	1	551	A	C
N2_Orang	0.00145048694602	1	1445	T	G
N2_Orang	0.0019506132491	1	1032	A	G
N2_Orang	0.00223462710599	1	459	T	G
N2_Orang	0.00254027908618	1	674	A	G
N2_Orang	0.00333156015925	2	476	A	T
N2_Orang	0.00335878793342	2	1178	G	T
N2_Orang	0.00404285008603	1	216	C	T
N2_Orang	0.00418769064234	2	1143	G	T
N2_Orang	0.00453190450121	2	206	C	A
N2_Orang	0.00488657237721	2	541	A	G
N2_Orang	0.00570673676356	2	958	T	A
N2_Orang	0.00588606087357	1	864	A	T
N2_Orang	0.00605121508173	2	1336	C	T
N2_Orang	0.00649967792209	1	1051	A	T
N2_Orang	0.00696247165929	2	531	C	T
N2_Orang	0.00832245196493	1	318	T	G
N2_Orang	0.00866436955748	1	841	T	C
N2_Orang	0.00892787588209	1	112	G	C
N2_Orang	0.00916744152208	1	685	A	G
N2_Orang	0.00969084495596	2	966	C	T
N2_Orang	0.00975517044109	1	366	C	T
N2_Orang	0.0100842408966	2	2	C	G
N2_Orang	0.0101678203655	1	992	A	G
N2_Orang	0.0104499740709	2	914	T	C
N2_Orang	0.0105395733001	2	50	T	C
N2_Orang	0.0107266208573	2	1438	T	A
N2_Orang	0.0109767095716	1	1116	C	T
N2_Orang	0.0113601303552	1	972	A	G
N2_Orang	0.0114009942994	1	270	G	T
N2_Orang	0.0116413070662	1	748	A	G
N2_Orang	0.0118985362724	2	688	C	A
N2_Orang	0.0122017850499	2	1470	T	G
N2_Orang	0.0128957486092	2	790	T	G
N2_Orang	0.0129628316424	2	632	A	T
N2_Orang	0.0133052065873	2	511	G	A
N2_Orang	0.0134069328347	2	970	C	T
N2_Orang	0.0137070447628	2	1169	G	A
N2_Orang	0.0139221614932	2	35	T	C
N2_Orang	0.0140259497871	2	518	T	C
N2_Orang	0.0142799866315	2	429	A	G
N2_Orang	0.0145601733742	1	276	C	T
N2_Orang	0.01476440451	2	634	A	C
N2_Orang	0.0148529223512	1	1400	T	C
N2_Orang	0.0148864099818	1	1370	T	C
N2_Orang	0.0149355758162	2	2	G	A
N2_Orang	0.0149569079153	1	75	A	G
N2_Orang	0.0150477630973	1	1107	T	A
N2_Orang	0.0153200200773	1	512	A	G
N2_Orang	0.0158916570122	2	46	G	A
N2_Orang	0.0160810202058	2	255	A	T
N2_Orang	0.0162419250429	2	1256	A	T
N2_Orang	0.0163750571483	1	1243	C	G
N2_Orang	0.0164710058669	1	1391	A	G
N2_Orang	0.016878372006	2	73	T	C
N2_Orang	0.0170163239812	2	327	T	G
N2_Orang	0.0174024671894	1	793	A	C
N2_Orang	0.0178717602821	1	1510	C	T
N2_Orang	0.0180189335639	2	1224	A	G
N2_Orang	0.0180711887882	1	941	G	A
N2_Orang	0.018293264589	1	292	T	C
N2_Orang	0.0185905763539	2	135	G	T
N1_Macaq	1.06967699158e-05	2	829	G	T
N1_Macaq	0.000651730602539	1	62	A	G
N1_Macaq	0.000656356068927	2	707	G	A
N1_Macaq	0.000976022749699	2	1287	G	A
N1_Macaq	0.00181560422267	2	295	G	A
N1_Macaq	0.00230341554074	1	1237	C	T
N1_Macaq	0.00302917609896	1	437	G	C
N1_Macaq	0.0033354908235	2	1477	G	T
N1_Macaq	0.00355351244363	1	678	A	G
N1_Macaq	0.00366263507929	2	1041	T	A
N1_Macaq	0.00408751890837	1	90	C	A
N1_Macaq	0.00508653540893	2	21	A	C
N1_Macaq	0.00514778134837	1	812	C	A
N1_Macaq	0.00518046386897	2	363	C	T
N1_Macaq	0.00519745774042	1	591	G	A
N1_Macaq	0.00545634642917	1	1376	G	T
N1_Macaq	0.00615271492227	2	896	T	A
N1_Macaq	0.00671839926114	1	354	T	C
N1_Macaq	0.00674751751999	2	1141	A	C
N1_Macaq	0.00683451966444	2	311	C	T
N1_Macaq	0.00688338944527	2	1207	G	T
N1_Macaq	0.00822481745517	1	1532	C	T
N1_Macaq	0.00831640483266	2	1404	G	C
N1_Macaq	0.00864053367822	2	1198	A	T
N1_Macaq	0.00886648545912	2	206	C	A
N1_Macaq	0.009174947886	1	332	A	G
N1_Macaq	0.00924456861412	1	653	A	T
N1_Macaq	0.00953031775175	2	1102	T	A
N1_Macaq	0.00960512752668	2	686	G	A
N1_Macaq	0.00962835378157	1	1295	C	T
N1_Macaq	0.00982169134457	2	405	C	G
N1_Macaq	0.00996482987988	1	334	T	G
N1_Macaq	0.0103294912218	1	398	A	G
N1_Macaq	0.0104568662948	1	573	G	C
N1_Macaq	0.0105647979718	2	758	T	G
N1_Macaq	0.0106065816738	1	1502	T	A
N1_Macaq	0.010636585142	2	633	G	A
N1_Macaq	0.0111518021882	1	251	G	A
N1_Macaq	0.0111717686881	2	403	T	C
N1_Macaq	0.0115355115613	2	658	A	T
N1_Macaq	0.0118858280477	1	1038	T	C
N1_Macaq	0.0118914376887	2	1413	A	C
N1_Macaq	0.0119589860005	1	292	T	A
N1_Macaq	0.0119837734541	2	601	C	T
N1_Macaq	0.0124579504113	1	1523	C	T
N1_Macaq	0.0126273262201	1	989	T	C
N1_Macaq	0.0127984539796	1	515	A	C
N1_Macaq	0.0129400091617	2	384	T	A
N1_Macaq	0.0135228969496	1	813	G	A
N1_Macaq	0.0137058260459	2	963	G	T
N1_Macaq	0.0141558935123	2	877	T	C
N1_Macaq	0.0141908649529	2	31	A	T
N1_Macaq	0.0148590308649	1	3	C	T
N1_Macaq	0.0162372262147	2	415	G	C
N1_Macaq	0.0163116851866	2	1472	A	C
N1_Macaq	0.0165966358203	2	374	A	T
N1_Macaq	0.017185625983	2	1060	T	C
N1_Macaq	0.0175372991989	1	487	C	T
N1_Macaq	0.0176224199342	1	1371	G	T
N1_Macaq	0.0178448395176	1	1437	A	G
N1_Macaq	0.0179625474528	1	101	G	A
N1_Macaq	0.0180493946132	2	4	G	A
N1_Macaq	0.0186460870602	2	111	G	A
N1_Macaq	0.0191078409699	1	83	C	T
N1_Macaq	0.0194031556264	1	73	T	C
N1_Macaq	0.0196974268261	1	1094	A	C
N1_Macaq	0.0198363691071	2	1358	C	T
N1_Macaq	0.0205093781049	2	330	G	C
N1_Macaq	0.0207066852527	1	1463	A	G
N1_Macaq	0.0208114344316	2	491	A	T
N1_Macaq	0.0208134001674	1	1238	T	C
N1_Macaq	0.0208627055376	2	1527	C	T
N1_Macaq	0.0211551268357	2	110	C	T
N1_Macaq	0.021335689054	2	926	T	C
N1_Macaq	0.0216137665849	2	1093	C	A
N1_Macaq	0.0218691243203	2	1251	A	G
N1_Macaq	0.0219846264239	2	1218	C	A
N1_Macaq	0.0220994097302	1	20	T	G
N1_Macaq	0.0229138869391	2	963	T	C
N1_Macaq	0.023531317871	1	826	T	C
N1_Macaq	0.0244014976564	1	1509	G	C
N1_Macaq	0.0246063155352	2	756	T	C
N1_Macaq	0.0247738327255	2	98	A	T
N1_Macaq	0.0249225828405	1	839	C	A
N1_Macaq	0.025242996715	2	774	A	G
N1_Macaq	0.0256492874547	1	44	T	C
N1_Macaq	0.0256503369358	2	1508	A	C
N1_Macaq	0.0261467609439	1	1079	G	T
N1_Macaq	0.0265927009634	2	559	T	C
N1_Macaq	0.0273927520587	2	139	A	C
N1_Macaq	0.0275079214518	2	526	G	A
N1_Macaq	0.0276046216002	2	976	A	T
N1_Macaq	0.0278648777459	1	1214	A	G
N1_Macaq	0.0280963042589	1	1529	G	T
N1_Macaq	0.0281025309954	1	224	T	C
N1_Macaq	0.0287561907231	2	267	T	G
N1_Macaq	0.0288787059097	1	1117	A	T
N1_Macaq	0.0289580523125	1	294	T	A
N1_Macaq	0.0289853388485	2	447	G	T
N1_Macaq	0.0292327587462	1	119	G	T
N1_Macaq	0.0293904224859	2	958	T	G
N1_Macaq	0.0294838949903	1	1246	G	A
N1_Macaq	0.0295108430566	2	781	G	T
N1_Macaq	0.0295334247574	1	409	C	T
N1_Macaq	0.0297411811033	1	1331	G	A
N1_Macaq	0.0300900041819	2	526	A	G
N1_Macaq	0.0301182045664	2	287	T	G
N1_Macaq	0.0303617483312	1	797	G	T
N1_Macaq	0.0308326028695	1	11	T	G
N1_Macaq	0.0309580489127	1	1526	G	T
N1_Macaq	0.0310696406923	1	1002	T	A
N1_Macaq	0.0315324346872	1	554	T	G
N1_Macaq	0.0316922439111	2	380	T	A
N1_Macaq	0.0317612867323	2	750	A	G
N1_Macaq	0.0319764266022	2	664	T	G
N1_Macaq	0.0320605472395	2	1112	A	G
N1_Macaq	0.0326881753183	1	1127	G	A
N1_Macaq	0.0328631531495	1	300	A	C
N1_Macaq	0.0329583576964	2	318	C	A
N1_Macaq	0.0329606992621	2	1253	C	A
N1_Macaq	0.0335335616855	2	1532	C	A
N1_Macaq	0.0339230455408	2	843	T	C
N1_Macaq	0.034072824643	1	897	C	T
N1_Macaq	0.0341875178245	1	687	A	T
N1_Macaq	0.0344211182748	1	241	G	A
N1_Macaq	0.0344907429526	2	589	T	A
N1_Macaq	0.0345293595427	1	564	A	C
N1_Macaq	0.0352935466988	1	1231	G	A
N1_Macaq	0.0354836780739	1	1365	G	A
N1_Macaq	0.0357979727509	1	441	T	C
N1_Macaq	0.0360587068331	1	886	A	T
N1_Macaq	0.0361490847104	2	1121	C	T
N1_Macaq	0.0361744130761	1	691	C	G
N1_Macaq	0.0362241486971	2	1459	A	C
N1_Macaq	0.0368607583857	2	83	C	T
N1_Macaq	0.0373302447667	2	1395	A	T
N1_Macaq	0.0374770456691	2	324	A	T
N1_Macaq	0.0375969221416	1	904	C	G
N1_Macaq	0.0381601618054	2	274	G	A
N1_Macaq	0.0382075517264	1	449	C	A
N1_Macaq	0.0383758806994	2	1297	G	T
N1_Macaq	0.0393614590999	2	1332	G	A
N1_Macaq	0.0393898796025	2	625	T	A
N1_Macaq	0.0394024865209	1	1260	G	A
N1_Macaq	0.0407312109242	2	277	A	G
N1_Macaq	0.0408682564522	1	1034	T	C
N1_Macaq	0.0423712385127	1	345	T	A
N1_Macaq	0.0430634877646	2	1195	G	T
N1_Macaq	0.0431020918304	2	631	T	A
N1_Macaq	0.0431461166725	1	753	A	G
N1_Macaq	0.0432242955821	2	1244	A	T
N1_Macaq	0.0433427695813	1	182	T	C
N1_Macaq	0.0438312889599	1	762	G	C
N0_Mouse	0.000534482422879	0	260	G	T
N0_Mouse	0.000592942388121	0	58	G	C
N0_Mouse	0.00143458192656	0	1463	A	T
N0_Mouse	0.00237878381503	0	1507	C	A
N0_Mouse	0.004261332069	0	746	C	T
N0_Mouse	0.00605094201302	0	1145	T	C
N0_Mouse	0.00629298254356	0	1444	A	C
N0_Mouse	0.0064693952172	0	1160	G	A
N0_Mouse	0.00680648215252	0	1142	T	G
N0_Mouse	0.00718764426801	0	1488	C	T
N0_Mouse	0.00720672709717	0	639	A	C
N0_Mouse	0.00761236942058	0	1239	C	T
N0_Mouse	0.00763336604812	0	88	G	T
N0_Mouse	0.00808488788675	0	561	G	A
N0_Mouse	0.00817554326128	0	1558	A	T
N0_Mouse	0.00863930487548	0	100	T	C
N0_Mouse	0.00871545071105	0	231	C	T
N0_Mouse	0.00890326589553	0	1095	G	A
N0_Mouse	0.0108274394937	0	630	C	G
N0_Mouse	0.0108517630209	0	1227	T	A
N0_Mouse	0.0111060661273	0	1372	C	T
N0_Mouse	0.0111204563981	0	1149	T	G
N0_Mouse	0.0112532416146	0	0	C	G
N0_Mouse	0.0113876911501	0	874	A	T
N0_Mouse	0.0131342606208	0	576	G	A
N0_Mouse	0.0135468912177	0	726	T	A
N0_Mouse	0.0136724952588	0	961	G	A
N0_Mouse	0.0138198954384	0	520	G	A
N0_Mouse	0.0145725659955	0	539	G	T
N0_Mouse	0.0145825182872	0	1182	T	A
N0_Mouse	0.015294433827	0	1007	C	T
N0_Mouse	0.0159044548326	0	916	T	A
N0_Mouse	0.0168075610782	0	1054	T	C
N0_Mouse	0.016850969819	0	1209	C	T
N0_Mouse	0.017229369569	0	39	A	C
N0_Mouse	0.019522912859	0	509	G	A
N0_Mouse	0.0197028845223	0	1554	A	T
N0_Mouse	0.0206792905917	0	1190	G	A
N0_Mouse	0.0209764478436	0	334	G	A
N0_Mouse	0.0219087574247	0	835	C	A
N0_Mouse	0.0221985960129	0	241	G	A
N0_Mouse	0.0224642613628	0	1020	G	T
N0_Mouse	0.022854213565	0	120	C	T
N0_Mouse	0.024290293655	0	1261	C	T
N0_Mouse	0.0252089683317	0	79	T	C
N0_Mouse	0.0258465983096	0	617	G	C
N0_Mouse	0.0263326275774	0	1157	T	G
N0_Mouse	0.0266829296654	0	1372	T	C
N0_Mouse	0.0269121436568	0	1302	G	C
N0_Mouse	0.0285491572565	0	1280	A	T
N0_Mouse	0.0288084962013	0	399	G	A
N0_Mouse	0.0312089776943	0	518	T	A
N0_Mouse	0.0313685505407	0	897	T	C
N0_Mouse	0.0317820363742	0	1180	C	T
N0_Mouse	0.0323159536695	0	232	T	C
N0_Mouse	0.0325146080906	0	326	C	T
N0_Mouse	0.033102849549	0	1467	A	G
N0_Mouse	0.0342252548022	0	819	C	T
N0_Mouse	0.0342952191824	0	1340	C	T
N0_Mouse	0.0347233265959	0	252	A	G
N0_Mouse	0.0350335255205	0	1423	A	G
N0_Mouse	0.0355274463048	0	1319	C	A
N0_Mouse	0.035704512214	0	479	A	T
N0_Mouse	0.0364310724544	0	1559	T	A
N0_Mouse	0.036583375305	0	1545	T	C
N0_Mouse	0.0366826521335	0	1336	G	C
N0_Mouse	0.0384174508693	0	53	A	G
N0_Mouse	0.0393822225514	0	1120	G	A
N0_Mouse	0.0407418825264	0	1028	G	A
N0_Mouse	0.0412306074563	0	703	T	A
N0_Mouse	0.0420160826566	0	192	A	T
N0_Mouse	0.0420574788433	0	1212	T	C
N0_Mouse	0.0428197178714	0	1404	G	A
N0_Mouse	0.043221696065	0	851	A	G
N0_Mouse	0.0438515023621	0	400	A	T
N0_Mouse	0.0451103617892	0	1335	A	T
N0_Mouse	0.0454836472028	0	1207	G	A
N0_Mouse	0.0458343186486	0	1112	A	G
N0_Mouse	0.0460015163483	0	838	C	T
N0_Mouse	0.0467660273188	0	725	C	A
N0_Mouse	0.0472178517129	0	1191	C	T
N0_Mouse	0.0473387977857	0	1338	A	G
N0_Mouse	0.0476886178182	0	65	C	T
N0_Mouse	0.0480531835302	0	1355	G	T
N0_Mouse	0.0482128410654	0	496	G	A
N0_Mouse	0.0496347093633	0	261	T	C
N0_Mouse	0.0502097866224	0	510	G	C
N0_Mouse	0.0512182592357	0	708	T	C
N0_Mouse	0.0518686296769	0	369	C	T
N0_Mouse	0.0522287270627	0	659	A	T
N0_Mouse	0.0533298876372	0	496	A	T
N0_Mouse	0.0538203969342	0	217	A	G
N0_Mouse	0.0540578692016	0	903	T	C
N0_Mouse	0.0544277061208	0	154	T	C
N0_Mouse	0.0546249091752	0	1054	C	T
N0_Mouse	0.0563580442326	0	58	C	A
N0_Mouse	0.056594834473	0	1218	A	C
N0_Mouse	0.0566133923544	0	36	G	T
N0_Mouse	0.0567145258856	0	127	T	C
N0_Mouse	0.058605181782	0	790	T	C
N0_Mouse	0.0594550055164	0	1304	G	T
N0_Mouse	0.061044376512	0	1452	A	G
N0_Mouse	0.0610940183985	0	946	T	C
N0_Mouse	0.0614995546673	0	168	G	C
N0_Mouse	0.0619497681966	0	601	C	A
N0_Mouse	0.0620237189169	0	262	G	A
N0_Mouse	0.0625016857227	0	1095	A	G
N0_Mouse	0.0626678880871	0	1255	T	A
N0_Mouse	0.0636347736479	0	1261	T	C
N0_Mouse	0.0639638609542	0	444	C	A
N0_Mouse	0.0641182262204	0	1485	C	T
N0_Mouse	0.0642647462492	0	1290	A	G
N0_Mouse	0.0650461687643	0	1533	A	T
N0_Mouse	0.0652930730408	0	1032	A	G
N0_Mouse	0.0665143212767	0	1216	T	A
N0_Mouse	0.0683950793057	0	583	A	G
N0_Mouse	0.0698394950188	0	1189	C	T
N0_Mouse	0.0699772358218	0	66	G	C
N0_Mouse	0.0703669470918	0	812	C	A
N0_Mouse	0.0709664552437	0	305	A	T
N0_Mouse	0.0710057707898	0	1125	T	G
N0_Mouse	0.0712584999115	0	922	C	A
N0_Mouse	0.0714944989224	0	1264	T	G
N0_Mouse	0.0717010929094	0	1402	A	G
N0_Mouse	0.0721702769602	0	362	C	T
N0_Mouse	0.0724522225235	0	848	A	T
N0_Mouse	0.0776579013844	0	737	C	T
N0_Mouse	0.0776774787459	0	918	G	A
N0_Mouse	0.0777557680266	0	588	C	G
N0_Mouse	0.0788143561456	0	1160	A	C
N0_Mouse	0.0791385696648	0	1370	T	C
N0_Mouse	0.079862840558	0	1171	A	C
N0_Mouse	0.0809482073016	0	934	A	G
N0_Mouse	0.0810269876755	0	972	A	C
N0_Mouse	0.0812377185815	0	417	G	A
N0_Mouse	0.0819051137992	0	254	T	G
N0_Mouse	0.083534964888	0	1498	A	G
N0_Mouse	0.0846155923584	0	630	G	C
N0_Mouse	0.0849422035948	0	93	G	T
N0_Mouse	0.0859502763594	0	738	A	G
N0_Mouse	0.086893861208	0	1194	C	T
N0_Mouse	0.0873589679889	0	1426	C	G
N0_Mouse	0.0875386599046	0	1403	C	T
N0_Mouse	0.0898327118981	0	1244	A	G
N0_Mouse	0.0898557593672	0	1001	T	G
N0_Mouse	0.0909068278591	0	796	A	C
N0_Mouse	0.0913491396897	0	101	G	C
N0_Mouse	0.0914851873277	0	1428	C	A
N0_Mouse	0.0932218981762	0	461	G	T
N0_Mouse	0.0934149928654	0	990	A	T
N0_Mouse	0.0939293010119	0	1154	G	A
N0_Mouse	0.0948723308466	0	1170	A	G
N0_Mouse	0.0949065493799	0	1465	A	G
N0_Mouse	0.095079846689	0	267	T	A
N0_Mouse	0.0959106754125	0	1175	T	A
N0_Mouse	0.0962329846864	0	1578	C	T
N0_Mouse	0.0970083887388	0	502	A	G
N0_Mouse	0.0972999861528	0	12	G	A
N0_Mouse	0.098020889763	0	1569	A	G
N0_Mouse	0.0985569042603	0	925	T	C
N0_Mouse	0.0989388170952	0	107	C	A
N0_Mouse	0.0991739142134	0	14	A	T
N0_Mouse	0.0999017811954	0	543	G	T
N0_Mouse	0.100202743644	0	763	C	T
N0_Mouse	0.100927940427	0	605	T	G
N0_Mouse	0.101970148455	0	180	T	C
N0_Mouse	0.10228443363	0	151	G	C
N0_Mouse	0.103927727665	0	234	A	G
N0_Mouse	0.104308142165	0	1271	T	C
N0_Mouse	0.105765928608	0	376	A	C
N0_Mouse	0.107253277293	0	1363	T	C
N0_Mouse	0.107552835093	0	1053	C	G
N0_Mouse	0.107583129345	0	1092	G	A
N0_Mouse	0.10770430971	0	288	T	A
N0_Mouse	0.108848961791	0	350	T	C
N0_Mouse	0.108917111178	0	813	G	T
N0_Mouse	0.109189043204	0	1573	A	T
N0_Mouse	0.109242526924	0	1289	G	T
N0_Mouse	0.110830240718	0	319	T	A
N0_Mouse	0.111730737943	0	1155	T	A
N0_Mouse	0.112204785738	0	916	A	G
N0_Mouse	0.11308528096	0	764	A	T
N0_Mouse	0.114150557663	0	1344	G	T
N0_Mouse	0.115576340234	0	300	A	G
N0_Mouse	0.116136861635	0	775	T	A
N0_Mouse	0.116167746111	0	1056	C	T
N0_Mouse	0.116852598793	0	1042	T	C
N0_Mouse	0.117191499562	0	1536	G	C
N0_Mouse	0.117434671349	0	623	G	A
N0_Mouse	0.117727311248	0	709	G	C
N0_Mouse	0.118254453471	0	874	T	A
N0_Mouse	0.118451641171	0	62	A	T
N0_Mouse	0.118531372228	0	1298	G	A
N0_Mouse	0.119181268969	0	963	G	A
N0_Mouse	0.119436228948	0	569	C	T
N0_Mouse	0.119614505816	0	1193	A	G
N0_Mouse	0.120290445585	0	285	C	T
N0_Mouse	0.121298083638	0	432	T	C
N0_Mouse	0.121555684775	0	671	G	A
N0_Mouse	0.122212565243	0	146	A	C
N0_Mouse	0.123127499245	0	866	A	C
N0_Mouse	0.123276262597	0	687	C	G
N0_Mouse	0.123746421093	0	129	C	T
N0_Mouse	0.123872530141	0	1202	T	C
N0_Mouse	0.124650181313	0	1307	G	T
N0_Mouse	0.124655126939	0	738	G	C
N0_Mouse	0.124779412405	0	21	A	T
N0_Mouse	0.125410545654	0	1332	G	A
N0_Mouse	0.125811957434	0	622	T	C
N0_Mouse	0.126752657937	0	1450	T	C
N0_Mouse	0.127384777201	0	1545	C	T
N0_Mouse	0.127751927926	0	752	T	A
N0_Mouse	0.128894422203	0	66	C	T
N0_Mouse	0.128959168483	0	175	C	T
N0_Mouse	0.129349699625	0	924	T	C
N0_Mouse	0.129662014566	0	1191	T	G
N0_Mouse	0.129716081299	0	803	A	G
N0_Mouse	0.130042005627	0	22	T	A
N0_Mouse	0.130079363825	0	1569	G	A
N0_Mouse	0.131341310358	0	1278	A	G
N0_Mouse	0.132112401411	0	1300	C	T
N0_Mouse	0.133103557687	0	799	A	C
N0_Mouse	0.133742621564	0	278	A	C
N0_Mouse	0.134890427034	0	0	G	A
N0_Mouse	0.138113198083	0	1492	T	A
N0_Mouse	0.139393095691	0	1493	T	A
N0_Mouse	0.140748371431	0	961	A	T
N0_Mouse	0.140762295303	0	1442	C	A
N0_Mouse	0.140927308464	0	572	A	T
N0_Mouse	0.142923451924	0	1442	A	T
N0_Mouse	0.144163841949	0	98	A	C
N0_Mouse	0.144855429576	0	1027	C	T
N0_Mouse	0.144892604519	0	1371	G	T
N0_Mouse	0.146116510538	0	307	A	G
N0_Mouse	0.146714687317	0	1376	G	A
N0_Mouse	0.146803379307	0	324	G	T
N0_Mouse	0.147282681138	0	1061	G	A
N0_Mouse	0.147534909525	0	254	G	A
N0_Mouse	0.148041066026	0	602	T	C
N0_Mouse	0.148078841026	0	1361	C	G
N0_Mouse	0.148327524939	0	393	A	G
N0_Mouse	0.151541395871	0	350	C	T
N0_Mouse	0.151561088721	0	1330	C	T
N0_Mouse	0.151968518985	0	1079	T	C
N0_Mouse	0.152856138025	0	731	A	G
N0_Mouse	0.153262616405	0	1151	A	G
N0_Mouse	0.153573925067	0	601	A	G
N0_Mouse	0.15442697093	0	1112	G	A
N0_Mouse	0.155039062607	0	803	G	C
N0_Mouse	0.155096661026	0	632	A	T
N0_Mouse	0.155477416546	0	1060	T	C
N0_Mouse	0.156146668618	0	586	C	A
N0_Mouse	0.157033651336	0	1574	G	A
N0_Mouse	0.157892818488	0	798	A	T
N0_Mouse	0.158277626179	0	350	T	G
N0_Mouse	0.160620539876	0	1303	G	A
N0_Mouse	0.161487100361	0	420	T	C
N0_Mouse	0.162033353279	0	370	C	A
N0_Mouse	0.162069718927	0	1341	A	G
N0_Mouse	0.162176530976	0	634	A	G
N0_Mouse	0.163017062676	0	868	T	G
N0_Mouse	0.163990615977	0	1221	G	T
N0_Mouse	0.16474108855	0	440	C	T
N0_Mouse	0.165415404307	0	763	T	G
N0_Mouse	0.168270907929	0	21	T	C
N0_Mouse	0.171480164258	0	627	G	T
N0_Mouse	0.171625697971	0	507	T	C
N0_Mouse	0.172387133989	0	867	G	A
N0_Mouse	0.172759804181	0	158	C	T
N0_Mouse	0.172806931826	0	1028	A	T
N0_Mouse	0.172869162457	0	382	A	G
N0_Mouse	0.172982194781	0	1226	T	G
N0_Mouse	0.173729803112	0	325	G	A
N0_Mouse	0.174765462811	0	140	T	C
N0_Mouse	0.175685332578	0	1426	G	A
N0_Mouse	0.177262555988	0	479	T	G
N0_Mouse	0.177886657172	0	796	C	T
N0_Mouse	0.179218240984	0	367	T	A
N0_Mouse	0.179275530239	0	716	C	A
N0_Mouse	0.179329287011	0	171	C	T
N0_Mouse	0.179856815335	0	204	C	T
N0_Mouse	0.180915856995	0	585	T	A
N0_Mouse	0.181363057697	0	509	A	C
N0_Mouse	0.181713919396	0	456	A	G
N0_Mouse	0.182274559271	0	1348	G	C
N0_Mouse	0.182696854839	0	973	T	A
N0_Mouse	0.184792951198	0	132	C	T
N0_Mouse	0.185751171842	0	334	A	G
N0_Mouse	0.185852722173	0	260	T	A
N0_Mouse	0.188047345306	0	145	T	A
N0_Mouse	0.188094271639	0	660	T	A
N0_Mouse	0.188764703284	0	815	T	C
N0_Mouse	0.189060993342	0	1087	T	A
N0_Mouse	0.189328275527	0	546	T	C
N0_Mouse	0.189417784041	0	406	A	T
N0_Mouse	0.190097640869	0	614	G	T
N0_Mouse	0.190391424706	0	1378	A	G
N0_Mouse	0.191522921786	0	1383	A	G
N0_Mouse	0.191565003213	0	109	G	T
N0_Mouse	0.192153589923	0	486	C	T
N0_Mouse	0.192806807833	0	906	G	A
N0_Mouse	0.192978997368	0	737	T	A
N0_Mouse	0.193443883423	0	1397	G	A
N0_Mouse	0.19458622923	0	1495	A	C
N0_Mouse	0.194949812699	0	175	T	C
N0_Mouse	0.19527328127	0	1226	G	A
N0_Mouse	0.195782394361	0	418	A	C
N0_Mouse	0.196187941284	0	671	A	G
N0_Mouse	0.197430129546	0	1248	T	G
N0_Mouse	0.199173032878	0	1393	T	A
N0_Mouse	0.19918970441	0	546	C	T
N0_Mouse	0.199382273102	0	675	A	G
N0_Mouse	0.199778243661	0	525	G	C
N0_Mouse	0.199803811101	0	372	T	C
N0_Mouse	0.199904939595	0	1144	T	C
N0_Mouse	0.201514013583	0	621	C	T
N0_Mouse	0.201722290965	0	833	G	C
N0_Mouse	0.202170603874	0	952	A	G
N0_Mouse	0.202323583698	0	1115	A	G
N0_Mouse	0.202374756287	0	1461	A	G
N0_Mouse	0.202801841021	0	930	C	G
N0_Mouse	0.203313437783	0	218	G	A
N0_Mouse	0.203487016096	0	1304	T	A
N0_Mouse	0.204389230397	0	1114	G	T
N0_Mouse	0.205712958368	0	606	A	G
N0_Mouse	0.206780097265	0	1549	T	C
N0_Mouse	0.207726547853	0	80	C	G
N0_Mouse	0.208393953421	0	1315	T	C
N0_Mouse	0.208477191091	0	1381	T	G
N0_Mouse	0.208741934332	0	243	C	T
N0_Mouse	0.208812624738	0	187	T	G
N0_Mouse	0.210433366803	0	476	A	C
N0_Mouse	0.210685349282	0	59	A	T
N0_Mouse	0.211337480333	0	573	G	A
N0_Mouse	0.211570415954	0	172	G	A
N0_Mouse	0.211900624499	0	1123	A	G
N0_Mouse	0.211957784539	0	961	T	A
N0_Mouse	0.213276854969	0	1498	G	A
N0_Mouse	0.214969016397	0	596	C	T
N0_Mouse	0.215234373935	0	789	G	T
N0_Mouse	0.215736775949	0	807	A	C
N0_Mouse	0.216194801687	0	1148	T	G
N0_Mouse	0.216961332739	0	172	A	C
N0_Mouse	0.217072238108	0	806	T	G
N0_Mouse	0.2173891449	0	574	T	A
N0_Mouse	0.218021832601	0	762	G	A
N0_Mouse	0.218025669934	0	1213	G	A
N0_Mouse	0.219287811997	0	1142	G	A
N0_Mouse	0.219900220477	0	1548	A	G
N0_Mouse	0.220595538262	0	785	T	A
N0_Mouse	0.22112714472	0	1291	C	G
N0_Mouse	0.223241791826	0	285	T	C
N0_Mouse	0.223781681868	0	1341	G	A
N0_Mouse	0.224993027733	0	613	G	T
N0_Mouse	0.225170658324	0	761	A	G
N0_Mouse	0.225938179973	0	309	A	G
N0_Mouse	0.22731962586	0	550	T	C
N0_Mouse	0.227604700758	0	1066	C	G
N0_Mouse	0.228390113808	0	478	C	A
N0_Mouse	0.229393876352	0	552	C	G
N0_Mouse	0.229555966397	0	467	A	C
N0_Mouse	0.229916734221	0	1207	A	G
N0_Mouse	0.231153218274	0	835	A	G
N0_Mouse	0.231394986138	0	715	T	C
N0_Mouse	0.231645852452	0	1020	T	C
N0_Mouse	0.231750927889	0	1492	A	G
N0_Mouse	0.232284015444	0	1415	T	A
N0_Mouse	0.232290546363	0	542	C	T
N0_Mouse	0.233058091179	0	1259	T	A
N0_Mouse	0.233065800498	0	227	T	A
N0_Mouse	0.233228849391	0	143	G	T
N0_Mouse	0.233612002109	0	331	T	C
N0_Mouse	0.234323690621	0	1435	T	C
N0_Mouse	0.234859193429	0	738	C	A
N0_Mouse	0.237195640393	0	417	A	G
N0_Mouse	0.237535891454	0	1000	A	T
N0_Mouse	0.237657991123	0	35	T	C
N0_Mouse	0.238009109029	0	1197	C	T
N0_Mouse	0.238490269755	0	1151	G	A
N0_Mouse	0.238618568549	0	117	G	A
N0_Mouse	0.239403490817	0	592	G	C
N0_Mouse	0.240791618217	0	546	T	C
N0_Mouse	0.241066667005	0	948	G	C
N0_Mouse	0.241889154978	0	506	C	A
N0_Mouse	0.241906302554	0	519	T	C
N0_Mouse	0.241944773573	0	772	T	A
N0_Mouse	0.24239252435	0	1243	C	T
N0_Mouse	0.242588002515	0	428	G	A
N0_Mouse	0.243119796513	0	880	A	G
N0_Mouse	0.243294561623	0	738	A	G
N0_Mouse	0.244307678213	0	466	A	T
N0_Mouse	0.244600884572	0	1496	T	G
N0_Mouse	0.245819506311	0	877	G	T
N0_Mouse	0.2458824294	0	1253	C	A
N0_Mouse	0.246508408824	0	755	G	T
N0_Mouse	0.247391027091	0	709	C	T
N0_Mouse	0.247487641764	0	167	G	C
N0_Mouse	0.24961430329	0	811	T	G
N0_Mouse	0.249822339498	0	892	A	G
N0_Mouse	0.250707225673	0	1104	T	C
N0_Mouse	0.251080187175	0	124	T	C
N0_Mouse	0.251891548138	0	649	G	C
N0_Mouse	0.251957377398	0	740	C	T
N0_Mouse	0.25195742959	0	827	T	C
N0_Mouse	0.252443291187	0	469	T	A
N0_Mouse	0.252487636411	0	522	T	C
N0_Mouse	0.254623610069	0	1299	T	C
N0_Mouse	0.256206342475	0	177	G	A
N0_Mouse	0.257742929427	0	297	C	T
N0_Mouse	0.259061430411	0	1576	G	A
N0_Mouse	0.259753125514	0	695	T	G
N0_Mouse	0.260636849947	0	1199	A	T
N0_Mouse	0.260773273225	0	1111	C	A
N0_Mouse	0.261280896289	0	789	T	G
N0_Mouse	0.261751269741	0	209	C	G
N0_Mouse	0.262226778883	0	1436	G	A
N0_Mouse	0.262881160091	0	1125	G	C
N0_Mouse	0.263854766983	0	807	C	G
N0_Mouse	0.264338364707	0	1378	G	C
N0_Mouse	0.265166434121	0	744	T	G
N0_Mouse	0.265407033315	0	1528	T	G
N0_Mouse	0.265460572853	0	1088	T	C
N0_Mouse	0.265482833911	0	76	T	A
N0_Mouse	0.265966130477	0	546	C	T
N0_Mouse	0.265992604707	0	728	A	G
N0_Mouse	0.266983779399	0	1037	A	C
N0_Mouse	0.267720210045	0	52	T	A
N0_Mouse	0.267996151116	0	176	C	G
N0_Mouse	0.268626214912	0	452	C	T
N0_Mouse	0.270331582709	0	240	A	T
N0_Mouse	0.270602497994	0	1377	A	G
N0_Mouse	0.271004847956	0	1334	A	G
N0_Mouse	0.27206737578	0	1075	C	T
N0_Mouse	0.272659558795	0	1205	T	G
N0_Mouse	0.272914770924	0	812	A	C
N0_Mouse	0.273045851136	0	623	A	G
N0_Mouse	0.274263237399	0	644	G	T
N0_Mouse	0.274378354407	0	303	G	A
N0_Mouse	0.275104264231	0	66	T	C
N0_Mouse	0.275160473163	0	227	A	G
N0_Mouse	0.27648224608	0	1562	A	T
N0_Mouse	0.276652351803	0	1143	A	G
N0_Mouse	0.276929509519	0	1501	A	T
N0_Mouse	0.279701823994	0	61	C	A
N0_Mouse	0.280589869284	0	100	C	A
N0_Mouse	0.281116557715	0	348	T	A
N0_Mouse	0.282053962029	0	1268	G	A
N0_Mouse	0.282617298646	0	676	T	G
N0_Mouse	0.282777817124	0	88	T	A
N0_Mouse	0.283053233928	0	252	G	A
N0_Mouse	0.283261542314	0	828	T	G
N0_Mouse	0.284635194231	0	782	T	G
N0_Mouse	0.28471716302	0	711	A	T
N0_Mouse	0.286748383427	0	773	C	T
N0_Mouse	0.287162163604	0	123	G	A
N0_Mouse	0.28921729497	0	1284	A	G
N0_Mouse	0.289265238031	0	683	A	G
N0_Mouse	0.29116597312	0	408	T	G
N0_Mouse	0.291504416135	0	217	G	A
N0_Mouse	0.291572868671	0	989	T	C
N0_Mouse	0.292463658543	0	1376	A	G
N0_Mouse	0.292524372105	0	280	A	T
N0_Mouse	0.292670823041	0	1150	A	T
N0_Mouse	0.292963303267	0	1345	T	A
N0_Mouse	0.293185106092	0	798	T	A
N0_Mouse	0.295499352293	0	1397	A	T
N0_Mouse	0.29672660815	0	1270	A	G
N0_Mouse	0.298603205381	0	1252	A	G
N0_Mouse	0.299925448266	0	1480	G	A
N0_Mouse	0.302502995944	0	1167	A	C
N0_Mouse	0.302917598935	0	862	A	G
N0_Mouse	0.303201260596	0	399	A	T
N0_Mouse	0.303217262271	0	523	T	A
N0_Mouse	0.303623975588	0	920	G	A
N0_Mouse	0.303773764048	0	822	T	C
N0_Mouse	0.310476841001	0	1443	A	G
N0_Mouse	0.311406011813	0	1016	C	A
N0_Mouse	0.311457551173	0	869	C	T
N0_Mouse	0.311537680586	0	968	C	T
N0_Mouse	0.311735701637	0	1279	A	T
N0_Mouse	0.311848465058	0	799	C	G
N0_Mouse	0.312011908284	0	186	C	A
N0_Mouse	0.313384162951	0	620	G	C
N0_Mouse	0.313511295898	0	1520	T	A
N0_Mouse	0.314316880641	0	316	C	T
N0_Mouse	0.314519855004	0	163	C	A
N0_Mouse	0.31461209245	0	594	G	C
N0_Mouse	0.314644708155	0	755	T	C
N0_Mouse	0.314961705799	0	593	T	A
N0_Mouse	0.316387886294	0	309	G	A
N0_Mouse	0.317097548775	0	373	T	C
N0_Mouse	0.317868984375	0	820	C	T
N0_Mouse	0.318392471708	0	1179	A	G
N0_Mouse	0.318454297278	0	1349	G	T
N0_Mouse	0.319029039698	0	428	A	T
N0_Mouse	0.320001019522	0	345	T	G
N0_Mouse	0.320587886972	0	1421	G	A
N0_Mouse	0.320811643872	0	1031	T	A
N0_Mouse	0.321011696414	0	24	T	G
N0_Mouse	0.321055396368	0	273	C	A
N0_Mouse	0.321362959781	0	1215	C	T
N0_Mouse	0.321386896149	0	1358	T	C
N0_Mouse	0.322134532708	0	734	G	A
N0_Mouse	0.322242725898	0	690	A	G
N0_Mouse	0.322715104612	0	1042	C	A
N0_Mouse	0.32284475899	0	125	C	G
N0_Mouse	0.324700025286	0	1140	A	G
N0_Mouse	0.324721941108	0	891	T	G
N0_Mouse	0.32607086666	0	432	C	A
N0_Mouse	0.326355443652	0	143	T	A
N0_Mouse	0.327919418173	0	458	T	A
N0_Mouse	0.328153145612	0	1414	G	A
N0_Mouse	0.328190961818	0	604	A	C
N0_Mouse	0.328912169531	0	875	T	G
N0_Mouse	0.329267560711	0	592	C	G
N0_Mouse	0.329272884913	0	1246	G	T
N0_Mouse	0.329857027381	0	449	C	T
N0_Mouse	0.329925705991	0	1486	C	T
N0_Mouse	0.330315977952	0	70	T	G
N0_Mouse	0.330576055575	0	739	C	T
N0_Mouse	0.33060509841	0	1569	A	T
N0_Mouse	0.331239989779	0	1544	G	A
N0_Mouse	0.331627208126	0	759	C	G
N0_Mouse	0.332148170566	0	1378	C	T
N0_Mouse	0.332352031324	0	1090	T	G
N0_Mouse	0.333309658346	0	297	T	A
N0_Mouse	0.334040773409	0	944	C	G
N0_Mouse	0.334550392889	0	396	C	G
N0_Mouse	0.335322000642	0	1047	A	G
N0_Mouse	0.33562576189	0	213	C	A
N0_Mouse	0.335774505022	0	861	A	C
N0_Mouse	0.336713588227	0	17	G	A
N0_Mouse	0.336943626061	0	1256	A	G
N0_Mouse	0.337399113559	0	1025	T	A
N0_Mouse	0.337847833674	0	814	C	A
N0_Mouse	0.338772154855	0	800	A	G
N0_Mouse	0.340523938723	0	113	G	A
N0_Mouse	0.341732580037	0	390	G	A
N0_Mouse	0.342744121857	0	1272	A	G
N0_Mouse	0.342835451443	0	1378	T	A
N0_Mouse	0.343577644794	0	105	C	G
N0_Mouse	0.344014127314	0	546	T	C
N0_Mouse	0.344541116115	0	791	G	T
N0_Mouse	0.344865219097	0	1329	A	T
N0_Mouse	0.346011978882	0	483	A	G
N0_Mouse	0.348070253493	0	1542	G	A
N0_Mouse	0.349516131168	0	891	G	A
N0_Mouse	0.349599113229	0	1421	A	G
N0_Mouse	0.350616621182	0	847	C	A
N0_Mouse	0.350761915458	0	1432	A	T
N0_Mouse	0.351093723812	0	585	A	G
N0_Mouse	0.351415072698	0	1421	G	C
N0_Mouse	0.352264466151	0	838	T	A
N0_Mouse	0.353811959431	0	70	G	C
N0_Mouse	0.353844706019	0	59	T	A
N0_Mouse	0.355121933006	0	586	A	T
N0_Mouse	0.357139731379	0	430	G	T
N0_Mouse	0.359577432425	0	1552	G	T
N0_Mouse	0.359630424165	0	1148	G	A
N0_Mouse	0.359791154159	0	671	G	A
N0_Mouse	0.363444987617	0	1167	C	T
N0_Mouse	0.363678546682	0	1068	T	G
N0_Mouse	0.364310506671	0	1519	A	G
N0_Mouse	0.364498657724	0	523	A	G
N0_Mouse	0.365161535474	0	1117	A	C
N0_Mouse	0.365581753376	0	1542	A	T
N0_Mouse	0.365955560826	0	1020	C	T
N0_Mouse	0.366102085622	0	1574	A	C
N0_Mouse	0.366119287902	0	817	A	G
N0_Mouse	0.36617876367	0	35	C	T
N0_Mouse	0.366489092335	0	362	T	C
N0_Mouse	0.36652881018	0	949	G	A
N0_Mouse	0.368235908551	0	779	A	T
N0_Mouse	0.368574516907	0	1016	A	G
N0_Mouse	0.369893944522	0	726	A	G
N0_Mouse	0.371066375354	0	1102	T	G
N0_Mouse	0.373130641852	0	1509	G	A
N0_Mouse	0.373404613721	0	49	T	C
N0_Mouse	0.373592952484	0	585	G	C
N0_Mouse	0.373776375986	0	1192	G	C
N0_Mouse	0.374679434595	0	1329	T	A
N0_Mouse	0.375382665129	0	263	G	T
N0_Mouse	0.375576069928	0	1166	G	C
N0_Mouse	0.375735146919	0	878	A	G
N0_Mouse	0.377141517262	0	719	G	A
N0_Mouse	0.377235088604	0	832	T	G
N0_Mouse	0.377308966117	0	1182	A	C
N0_Mouse	0.378075471762	0	1435	C	T
N0_Mouse	0.378448539101	0	180	C	G
N0_Mouse	0.380439570321	0	1274	T	A
N0_Mouse	0.380764531873	0	659	T	C
N0_Mouse	0.381075812628	0	1375	C	A
N0_Mouse	0.38152817292	0	553	G	A
N0_Mouse	0.381567475701	0	47	A	G
N0_Mouse	0.382119514024	0	951	G	T
N0_Mouse	0.383649630703	0	24	G	A
N0_Mouse	0.384267433259	0	1335	T	C
N0_Mouse	0.384314751309	0	836	C	T
N0_Mouse	0.384534661147	0	1334	G	A
N0_Mouse	0.385572095996	0	1089	G	T
N0_Mouse	0.38618152461	0	378	T	C
N0_Mouse	0.386516426407	0	1578	T	G
N0_Mouse	0.38817022728	0	544	T	C
N0_Mouse	0.388237139777	0	872	G	T
N0_Mouse	0.390133019148	0	361	G	A
N0_Mouse	0.390460889108	0	737	A	G
N0_Mouse	0.3908425739	0	39	C	A
N0_Mouse	0.39145395229	0	570	G	C
N0_Mouse	0.391477207803	0	191	A	G
N0_Mouse	0.392264606223	0	683	G	A
N0_Mouse	0.392638559742	0	1186	A	T
N0_Mouse	0.392793970064	0	1210	C	G
N0_Mouse	0.392800016185	0	422	C	T
N0_Mouse	0.39349930612	0	1289	T	A
N0_Mouse	0.3943319504	0	346	T	A
N0_Mouse	0.395280760619	0	492	T	C
N0_Mouse	0.395367188057	0	1534	T	C
N0_Mouse	0.39554686577	0	602	C	G
N0_Mouse	0.396753598467	0	847	A	G
N0_Mouse	0.397031525562	0	1033	A	G
N0_Mouse	0.397500386188	0	298	T	C
N0_Mouse	0.398145779755	0	742	A	G
N0_Mouse	0.39823749774	0	1268	A	C
N0_Mouse	0.398373584628	0	438	C	T
N0_Mouse	0.399268022455	0	1196	G	C
N0_Mouse	0.399491973842	0	164	T	A
N0_Mouse	0.399562294488	0	837	T	C
N0_Mouse	0.399653268673	0	1445	G	C
N0_Mouse	0.399948219771	0	1450	C	A
N0_Mouse	0.400722466168	0	198	A	G
N0_Mouse	0.401182187422	0	189	G	A
N0_Mouse	0.401805512307	0	563	C	T
N0_Mouse	0.402048548037	0	350	G	C
N0_Mouse	0.402371734065	0	1563	C	T
N0_Mouse	0.403052350057	0	1298	A	T
N0_Mouse	0.404606474779	0	621	T	C
N0_Mouse	0.405537452678	0	465	A	G
N0_Mouse	0.405952757271	0	828	G	A
N0_Mouse	0.406328651305	0	889	C	G
N0_Mouse	0.406690142739	0	625	A	T
N0_Mouse	0.407226380187	0	1038	T	C
N0_Mouse	0.408589831715	0	243	T	A
N0_Mouse	0.408641725368	0	810	A	T
N0_Mouse	0.411331190715	0	1004	G	C
N0_Mouse	0.413186074909	0	871	T	A
N0_Mouse	0.413531543303	0	1192	C	G
N0_Mouse	0.413833907276	0	293	C	G
N0_Mouse	0.413864702812	0	1156	A	T
N0_Mouse	0.414416716138	0	1533	T	C
N0_Mouse	0.414950628171	0	1168	T	A
N0_Mouse	0.415266351473	0	559	T	A
N0_Mouse	0.415387556835	0	760	T	C
N0_Mouse	0.415867908455	0	301	A	C
N0_Mouse	0.416296933267	0	507	C	T
N0_Mouse	0.416569944127	0	617	C	T
N0_Mouse	0.416886556505	0	728	G	A
N0_Mouse	0.417491863711	0	673	A	T
N0_Mouse	0.42018925657	0	15	A	C
N0_Mouse	0.420543128531	0	294	T	C
N0_Mouse	0.420552531109	0	1458	G	C
N0_Mouse	0.420575373153	0	1203	T	C
N0_Mouse	0.42093373797	0	388	A	G
N0_Mouse	0.420961687068	0	221	G	T
N0_Mouse	0.421172166601	0	601	G	A
N0_Mouse	0.421378817679	0	654	A	G
N0_Mouse	0.421394962918	0	2	C	G
N0_Mouse	0.422608162958	0	43	C	T
N0_Mouse	0.423389842711	0	1109	A	T
N0_Mouse	0.423626909575	0	354	T	C
N0_Mouse	0.424746284208	0	255	A	G
N0_Mouse	0.424899766987	0	1475	T	A
N0_Mouse	0.425295088386	0	684	G	A
N0_Mouse	0.425374931731	0	1355	T	C
N0_Mouse	0.425900497668	0	902	G	A
N0_Mouse	0.426311818535	0	827	C	G
N0_Mouse	0.429529560193	0	589	T	C
N0_Mouse	0.430059395706	0	69	T	C
N0_Mouse	0.431034844168	0	1186	T	G
N0_Mouse	0.431105193451	0	1177	C	T
N0_Mouse	0.43226780223	0	1150	T	A
N0_Mouse	0.432387160955	0	1113	G	A
N0_Mouse	0.432696211645	0	635	C	A
N0_Mouse	0.432697163405	0	551	A	C
N0_Mouse	0.432927641215	0	1382	G	A
N0_Mouse	0.432932206229	0	581	G	A
N0_Mouse	0.435458960255	0	1473	G	A
N0_Mouse	0.43611262043	0	1377	G	A
N0_Mouse	0.436293133228	0	698	C	A
N0_Mouse	0.43859470575	0	1254	A	T
N0_Mouse	0.439137859233	0	36	T	G
N0_Mouse	0.439339879988	0	895	A	G
N0_Mouse	0.439836827989	0	411	C	A
N0_Mouse	0.439999315531	0	942	C	T
N0_Mouse	0.440196470024	0	588	G	T
N0_Mouse	0.440492332487	0	1515	G	T
N0_Mouse	0.442349394415	0	1209	T	G
N0_Mouse	0.442779096533	0	1322	T	C
N0_Mouse	0.443287797492	0	608	A	C
N0_Mouse	0.443839720946	0	449	T	A
N0_Mouse	0.44403510496	0	1248	G	A
N0_Mouse	0.444303399745	0	517	G	T
N0_Mouse	0.444544870545	0	792	A	T
N0_Mouse	0.444602496665	0	1186	G	T
N0_Mouse	0.444985841773	0	538	A	C
N0_Mouse	0.446042730116	0	202	C	A
N0_Mouse	0.446913764852	0	1149	G	A
N0_Mouse	0.447341743498	0	1348	C	T
N0_Mouse	0.447497235488	0	255	G	A
N0_Mouse	0.448242411281	0	437	T	C
