edge	time	mut_orlg	mut_pos	old_state	new_state
N0_D1	0.000490032459647	0	1176	A	G
N0_D1	0.000637008702104	0	1235	T	C
N0_D1	0.000897400104419	0	1072	T	A
N0_D1	0.00181817047955	0	1699	T	A
N0_D1	0.0030133330574	0	1200	G	A
N0_D1	0.00359616477802	0	1715	T	G
N0_D1	0.00401127119158	0	62	G	A
N0_D1	0.00401581079567	0	1049	A	G
N0_D1	0.00419202881307	0	1110	C	G
N0_D1	0.00440621580774	0	421	A	T
N0_D1	0.00525913827966	0	495	T	G
N0_D1	0.00561685901054	0	907	T	C
N0_D1	0.00610539817211	0	724	A	T
N0_D1	0.00621162935782	0	721	C	A
N0_D1	0.00847647673688	0	1367	T	C
N0_D1	0.00850658974121	0	686	G	A
N0_D1	0.00945450469321	0	1448	G	T
N0_D1	0.0106975626503	0	132	A	G
N0_D1	0.0128062705164	0	794	G	A
N0_D1	0.0134424650597	0	499	C	T
N0_D1	0.0135946751869	0	499	T	A
N0_D1	0.0141446373446	0	1254	T	C
N0_D1	0.0143305212413	0	996	T	C
N0_D1	0.0144587815877	0	288	A	G
N0_D1	0.0153272857928	0	1678	A	T
N0_D1	0.0162077137615	0	871	A	G
N0_D1	0.0163945421271	0	1289	C	A
N0_D1	0.0179405389478	0	1591	A	T
N0_D1	0.0182600437497	0	1182	C	A
N0_D1	0.0185279481756	0	1624	G	T
N0_D1	0.0186188268071	0	1358	T	G
N0_D1	0.0190132217069	0	1644	A	G
N0_D1	0.0197726503771	0	1496	T	C
N0_D1	0.0225634272804	0	1504	G	C
N0_D1	0.0236263846864	0	83	G	A
N0_D1	0.0249563595597	0	24	T	C
N0_D1	0.0267457091749	0	1326	G	A
N0_D1	0.027450714561	0	1281	G	A
N0_D1	0.0278593814169	0	1127	G	C
N0_D1	0.0279932515299	0	1289	A	C
N0_D1	0.0284970728266	0	655	G	A
N0_D1	0.0291615065434	0	368	T	A
N0_D1	0.0306215716622	0	1707	A	C
N0_D1	0.0307499116752	0	1119	A	C
N0_D1	0.0320417916058	0	423	C	T
N0_D1	0.0322495734216	0	136	G	T
N0_D1	0.0326626794024	0	1424	G	A
N0_D1	0.0327746717144	0	997	T	A
N0_D1	0.0356818014088	0	203	G	A
N0_D1	0.0363880570969	0	493	T	G
N0_D1	0.0365689418578	0	558	C	T
N0_D1	0.0366501844672	0	75	A	T
N0_D1	0.0366720342755	0	339	A	G
N0_D1	0.0367722036288	0	529	T	C
N0_D1	0.0382972204446	0	1231	T	G
N0_D1	0.0388814233066	0	182	T	C
N0_D1	0.0389348883217	0	435	G	A
N0_D1	0.0392150623208	0	691	T	C
N0_D1	0.039491574777	0	335	C	T
N0_D1	0.0397224973463	0	715	G	A
N0_D1	0.0398969926921	0	272	T	A
N0_D1	0.040437580427	0	16	T	G
N0_D1	0.0406391956502	0	871	G	C
N0_D1	0.0432511632557	0	896	T	A
N0_D1	0.0434556154514	0	1353	A	G
N0_D1	0.0437125001563	0	265	A	C
N0_D1	0.0437843435375	0	30	A	G
N0_D1	0.0458176624054	0	1113	G	A
N0_D1	0.0460575096877	0	1087	G	T
N0_D1	0.0464826816089	0	509	T	C
N0_D1	0.0469483092429	0	1621	C	G
N0_D1	0.0474171164551	0	816	T	A
N0_D1	0.0489823858765	0	1675	G	A
N0_D1	0.0494459713649	0	36	C	T
D1_N1	0.000286956105568	1	1730	C	T
D1_N1	0.00046825013171	1	205	T	C
D1_N1	0.00080765544716	1	504	G	C
D1_N1	0.00102048211154	1	745	A	C
D1_N1	0.00105893513451	1	115	C	G
D1_N1	0.00114757377544	2	116	A	T
D1_N1	0.00116689444459	1	1605	C	T
D1_N1	0.0012225416359	2	361	T	G
D1_N1	0.00195659187769	2	1723	C	T
D1_N1	0.0022912920096	1	478	A	T
D1_N1	0.00238070969642	1	1242	A	G
D1_N1	0.00256723860821	2	1498	A	C
D1_N1	0.00271186188474	1	405	A	T
D1_N1	0.00319043410329	2	496	A	G
D1_N1	0.00327145116157	2	283	G	C
D1_N1	0.00331645074614	2	93	A	T
D1_N1	0.00331992281776	1	1178	T	C
D1_N1	0.00350233903348	1	1442	G	T
D1_N1	0.00376773942972	2	571	T	C
D1_N1	0.00387437500399	2	1131	G	C
D1_N1	0.00409925273587	1	1154	C	T
D1_N1	0.00424053711775	2	1478	C	T
D1_N1	0.00439091154112	2	1210	A	T
D1_N1	0.00481445459324	2	252	T	A
D1_N1	0.00482041658531	1	29	A	T
D1_N1	0.00491673640687	2	1293	A	G
D1_N1	0.00546450380005	2	1442	G	A
D1_N1	0.00572195371196	2	147	A	T
D1_N1	0.00583987310439	1	320	G	A
D1_N1	0.00589852413464	2	1168	C	T
D1_N1	0.00676134723828	2	536	G	A
D1_N1	0.00678421474511	2	1669	T	G
D1_N1	0.00819219362489	2	1043	A	G
D1_N1	0.00830505057111	2	910	T	C
D1_N1	0.00876582705035	1	365	G	C
D1_N1	0.00891832006945	1	1615	T	C
D1_N1	0.00904345228413	1	951	C	T
D1_N1	0.00931442670139	2	647	A	T
D1_N1	0.00947268452884	2	1409	C	G
D1_N1	0.00957311082027	1	1057	T	C
D1_N1	0.00957891867249	2	970	T	C
D1_N1	0.0101784272695	1	1217	C	T
D1_N1	0.0103270240295	1	706	T	C
D1_N1	0.0103693178956	2	476	A	G
D1_N1	0.0111017798124	2	1268	G	T
D1_N1	0.0113310888012	2	781	A	C
D1_N1	0.0113828903318	1	1286	T	A
D1_N1	0.0116829949665	2	261	T	C
D1_N1	0.0119503174189	1	1564	G	T
D1_N1	0.0123967741141	1	1562	G	A
D1_N1	0.0124783690754	2	492	C	A
D1_N1	0.0126361223449	2	1727	G	A
D1_N1	0.0129987244985	2	1378	T	A
D1_N1	0.0130025986567	1	651	A	T
D1_N1	0.0130588403055	1	1031	C	T
D1_N1	0.0131420254605	2	339	G	T
D1_N1	0.0135354500916	2	1405	C	T
D1_N1	0.0135485923438	1	631	T	C
D1_N1	0.0137563947596	2	1398	T	A
D1_N1	0.0139536339765	1	1120	C	G
D1_N1	0.0143923915941	1	781	A	C
D1_N1	0.0146477080726	1	33	A	G
D1_N1	0.0150950307838	1	632	G	A
D1_N1	0.0152377124424	2	305	A	C
D1_N1	0.0165385483105	1	196	C	T
D1_N1	0.017112233584	2	430	T	G
D1_N1	0.0174273449721	1	1724	A	T
D1_N1	0.0177442982997	2	607	G	A
D1_N1	0.0178901337135	2	505	A	T
D1_N1	0.0182270256249	1	1221	G	C
D1_N1	0.0183684495198	2	950	G	T
D1_N1	0.0183830802049	2	1417	A	C
D1_N1	0.0184027612146	2	1013	T	C
D1_N1	0.0186014897938	2	70	T	G
D1_N1	0.0189585482545	2	318	C	T
D1_N1	0.0190632618987	2	1185	A	C
D1_N1	0.0190741503489	2	301	T	C
D1_N1	0.0193391681595	1	940	T	G
D1_N1	0.0194587680799	1	63	A	G
D1_N1	0.0195571237328	2	1116	A	C
D1_N1	0.0196384444488	1	990	A	G
D1_N1	0.0201311504923	1	362	A	G
D1_N1	0.0203726767567	2	956	T	A
D1_N1	0.0209336785383	2	1559	T	G
D1_N1	0.0210548808978	1	1452	G	A
D1_N1	0.021079650336	1	1344	A	T
D1_N1	0.0224368328948	2	1200	A	C
D1_N1	0.0231776899352	1	179	C	T
D1_N1	0.024071317761	2	1534	C	T
D1_N1	0.0250749196904	2	529	C	A
D1_N1	0.0256673345556	1	1599	T	C
D1_N1	0.0258521156958	2	1595	A	G
D1_N1	0.0262964273122	1	1564	T	G
D1_N1	0.0264014960289	2	588	C	T
D1_N1	0.0271722930473	2	1330	G	C
D1_N1	0.0271917412699	2	563	G	T
D1_N1	0.0276568491367	2	1169	T	G
D1_N1	0.0277524317501	1	938	C	A
D1_N1	0.0282655698092	2	1696	G	A
D1_N1	0.0285695859236	2	766	G	T
D1_N1	0.0287721446306	2	1223	G	C
D1_N1	0.0290787820337	1	1538	A	C
D1_N1	0.0292924512829	2	219	A	T
D1_N1	0.0295580984599	2	1104	C	A
D1_N1	0.0296850246535	2	1690	G	A
D1_N1	0.0298022558799	2	1304	A	C
D1_N1	0.0301957898268	1	2	T	C
D1_N1	0.0302311340089	2	678	C	G
D1_N1	0.0302533285677	1	109	A	G
D1_N1	0.0310121226408	2	1551	A	T
D1_N1	0.0310980507617	1	227	A	G
D1_N1	0.0312016816871	1	1383	T	A
D1_N1	0.0312298143217	2	527	C	T
D1_N1	0.0312352217872	2	737	C	T
D1_N1	0.031910658664	1	522	G	C
D1_N1	0.032365117292	1	1417	A	C
D1_N1	0.0325141986988	1	1227	A	C
D1_N1	0.0336473357176	1	1067	A	T
D1_N1	0.0340218233624	2	1284	A	C
D1_N1	0.0342173416126	1	1109	T	C
D1_N1	0.0343540503768	1	449	A	T
D1_N1	0.0346690847153	1	1538	C	T
D1_N1	0.0348156227812	1	935	A	T
D1_N1	0.0352892904067	2	421	T	G
D1_N1	0.0358477487212	2	1646	T	A
D1_N1	0.0358504330599	1	513	T	G
D1_N1	0.0359689739264	2	1281	A	G
D1_N1	0.0377866724619	1	727	A	C
D1_N1	0.0384196844854	2	269	T	G
D1_N1	0.0384783248158	2	13	G	A
D1_N1	0.0388749037483	1	1529	C	A
D1_N1	0.0392361639103	1	1563	C	T
D1_N1	0.0394726741238	2	517	C	T
D1_N1	0.0396017186644	1	1486	T	A
D1_N1	0.0402059001034	1	1246	T	G
D1_N1	0.0402222095819	2	197	T	C
D1_N1	0.0407824285526	1	1445	C	T
D1_N1	0.0410196583593	1	1543	T	G
D1_N1	0.0411179420737	2	132	G	A
D1_N1	0.0411742369025	1	1136	A	G
D1_N1	0.0413303240737	2	1313	C	A
D1_N1	0.0415275482105	2	1226	A	T
D1_N1	0.0418184352277	2	104	T	C
D1_N1	0.0421444819425	1	234	T	C
D1_N1	0.0422243410965	1	1099	G	A
D1_N1	0.0422479002635	1	69	C	T
D1_N1	0.0442575268796	2	1150	A	T
D1_N1	0.0446941976102	1	1533	G	A
D1_N1	0.0455075152516	1	301	T	C
D1_N1	0.045775785489	1	1282	A	G
D1_N1	0.0458800040067	2	106	C	A
D1_N1	0.0464805315219	2	343	G	T
D1_N1	0.0467015410981	1	1076	T	C
D1_N1	0.0467372397745	2	862	T	A
D1_N1	0.0467809920937	2	103	A	T
D1_N1	0.0469875059815	2	494	A	G
D1_N1	0.0473524082082	1	1472	A	G
D1_N1	0.0473748009921	2	1603	C	A
D1_N1	0.0474486155251	2	760	T	A
D1_N1	0.0477825949781	2	1341	T	A
D1_N1	0.0484671794051	1	49	A	G
D1_N1	0.0485217332116	1	593	T	C
D1_N1	0.0485903987548	1	202	G	T
D1_N1	0.0486838089972	1	766	G	A
D1_N1	0.0489529290482	2	1321	A	T
D1_N1	0.0491288885141	2	721	A	G
D1_N1	0.0498614809932	1	1344	T	G
D1_N1	0.0506658778913	1	1654	G	C
D1_N1	0.0509016087318	1	1147	T	A
D1_N1	0.0509719569475	2	599	T	G
D1_N1	0.0509843153605	1	444	A	T
D1_N1	0.05133258628	2	1294	T	C
D1_N1	0.0513991009421	2	1396	C	A
D1_N1	0.0520090465316	1	26	A	G
D1_N1	0.0520263097739	2	1168	T	A
D1_N1	0.0526729701468	1	485	G	A
D1_N1	0.052933391447	1	1621	G	T
D1_N1	0.0539316079563	1	862	T	G
D1_N1	0.0543075171904	1	905	T	G
D1_N1	0.0544308402285	1	181	G	A
D1_N1	0.0545877057127	2	1589	A	T
D1_N1	0.0546019443174	1	33	G	A
D1_N1	0.0550735841142	2	1009	G	A
D1_N1	0.0553700796184	2	1691	T	C
D1_N1	0.0560977793987	1	297	C	T
D1_N1	0.0562713279422	2	603	A	C
D1_N1	0.0563089046151	2	1205	T	C
D1_N1	0.0565920090497	2	793	T	A
D1_N1	0.0570098673949	1	1675	A	T
D1_N1	0.0573876028184	2	1451	G	A
D1_N1	0.0582301170019	2	1565	T	G
D1_N1	0.0591148292794	2	1590	C	A
D1_N1	0.0606051359834	2	1259	C	T
D1_N1	0.0606904955045	2	72	C	G
D1_N1	0.0614686458682	1	1150	A	G
D1_N1	0.0616944717743	2	105	G	T
D1_N1	0.0625020945146	1	174	C	A
D1_N1	0.0625897322381	2	1326	A	G
D1_N1	0.0628412240751	1	1021	A	G
D1_N1	0.0631779887478	1	26	G	T
D1_N1	0.0636542860535	1	1570	C	T
D1_N1	0.0642578794847	2	2	T	G
D1_N1	0.0646771275342	1	927	G	T
D1_N1	0.0647064134436	2	1265	A	G
D1_N1	0.0652509183188	2	807	A	T
D1_N1	0.0653172335592	1	570	T	C
D1_N1	0.0653618286345	1	436	C	A
D1_N1	0.0653929911279	2	1291	C	T
D1_N1	0.0655004990907	1	681	A	G
D1_N1	0.0658340917316	1	106	C	T
D1_N1	0.0663600890213	1	1299	A	C
D1_N1	0.0669932212085	2	878	A	G
D1_N1	0.0672185326904	2	1258	G	A
D1_N1	0.0681187011905	2	604	G	A
D1_N1	0.0683946040446	2	1101	T	C
D1_N1	0.0689290930053	2	1573	T	A
D1_N1	0.0693960923257	1	1107	T	C
D1_N1	0.0697033975784	1	319	T	C
D1_N1	0.0697623680642	2	372	G	A
D1_N1	0.070278559045	1	682	T	C
D1_N1	0.0711437959112	2	434	C	A
D1_N1	0.0714029370133	2	1649	A	G
D1_N1	0.0716231550818	1	308	T	C
D1_N1	0.0716243705657	1	33	A	C
D1_N1	0.0716315735694	2	1464	T	C
D1_N1	0.0727602151522	2	1534	T	C
D1_N1	0.0730703907626	2	1294	C	T
D1_N1	0.0733301048901	2	1448	T	A
D1_N1	0.0735628501411	2	1163	C	A
D1_N1	0.0736117462513	2	873	A	G
D1_N1	0.0741519943817	2	1683	C	T
D1_N1	0.0755509133912	1	1478	T	A
D1_N1	0.0758297274979	2	77	A	T
D1_N1	0.0762189310914	2	479	T	C
D1_N1	0.0766418508537	2	45	A	G
D1_N1	0.0769252634994	2	304	T	C
D1_N1	0.0770977831556	1	966	T	C
D1_N1	0.0771401251145	2	635	A	G
D1_N1	0.0775341544267	1	934	G	T
D1_N1	0.0776340950575	2	268	C	T
D1_N1	0.0776894863967	2	411	A	T
D1_N1	0.078042494776	2	395	G	C
D1_N1	0.0785350460585	1	604	G	T
D1_N1	0.0786270410038	1	859	A	G
D1_N1	0.0795565144244	2	1509	A	G
D1_N1	0.0797848595223	1	1662	A	T
D1_N1	0.0809448158267	2	1062	T	C
D1_N1	0.08112570249	2	1124	T	C
D1_N1	0.0813624455175	1	814	G	A
D1_N1	0.0813948805896	2	1418	G	C
D1_N1	0.0814013220544	1	1533	A	T
D1_N1	0.0818323183926	2	1283	T	C
D1_N1	0.0822779360474	2	412	T	C
D1_N1	0.0823442564367	2	243	A	C
D1_N1	0.0824881934548	1	999	T	A
D1_N1	0.082561086274	2	911	G	A
D1_N1	0.0826920450756	1	470	A	C
D1_N1	0.0832560219322	1	1215	A	G
D1_N1	0.0836325455943	1	909	C	T
D1_N1	0.0841694506766	1	1642	A	G
D1_N1	0.0845767378115	2	893	T	G
D1_N1	0.0847830588892	2	966	T	G
D1_N1	0.0852771382441	1	874	T	G
D1_N1	0.0853182063745	1	825	A	G
D1_N1	0.0859405286995	1	195	A	C
D1_N1	0.085997708918	1	510	G	A
D1_N1	0.0860351136046	2	158	A	T
D1_N1	0.0860993618493	2	733	T	A
D1_N1	0.0863920055316	1	731	A	C
D1_N1	0.0864782283331	2	647	A	G
D1_N1	0.0865680210276	1	1080	T	G
D1_N1	0.0873416322851	1	1367	C	G
D1_N1	0.0875695995976	1	936	G	A
D1_N1	0.0876549487129	1	282	T	C
D1_N1	0.0881617165628	1	1423	G	A
D1_N1	0.0889520854715	1	987	T	C
D1_N1	0.089049763479	1	194	C	T
D1_N1	0.0893261900953	1	1190	T	C
D1_N1	0.0897019547016	1	1379	A	T
D1_N1	0.0900449710605	1	1417	C	T
D1_N1	0.0908767914262	1	895	G	A
D1_N1	0.090883123533	2	1121	G	T
D1_N1	0.0920629036874	2	1489	T	G
D1_N1	0.0924410072863	2	1214	C	T
D1_N1	0.0925188587567	1	514	A	G
D1_N1	0.0926143171957	1	1503	T	A
D1_N1	0.093362760514	1	1714	C	T
D1_N1	0.0938543123882	1	292	G	A
D1_N1	0.0939293521193	2	489	T	G
D1_N1	0.0941976472543	1	1577	A	G
D1_N1	0.0942765915158	1	1446	A	G
D1_N1	0.0946136436329	1	82	A	G
D1_N1	0.0947697898633	2	1456	T	A
D1_N1	0.094790936569	1	878	A	T
D1_N1	0.0951766278876	2	299	C	T
D1_N1	0.0953541240985	2	706	C	G
D1_N1	0.0954283992057	1	1359	C	T
D1_N1	0.095750220509	2	1050	T	C
D1_N1	0.09639256042	1	1523	C	T
D1_N1	0.0965783037077	2	686	A	G
D1_N1	0.0965955977345	1	160	T	G
D1_N1	0.0971636797065	1	668	C	A
D1_N1	0.097452770633	2	1279	A	G
D1_N1	0.0978065072753	1	713	A	T
D1_N1	0.0978712839077	2	1090	A	G
D1_N1	0.0985483718811	2	707	C	G
D1_N1	0.0985709377936	1	1346	C	T
D1_N1	0.0987890097002	1	1334	C	T
D1_N1	0.0988186701246	1	182	C	T
D1_N1	0.0988483097688	1	947	G	A
D1_N1	0.0993628708243	2	898	A	G
D1_N1	0.0994315284596	2	1637	C	A
D1_N1	0.0995787113656	2	767	T	C
D1_N1	0.0996586914553	2	1309	A	G
D1_N1	0.0997707734931	1	784	G	A
D1_N1	0.0998680392995	1	1500	G	A
D1_N1	0.100000909729	1	695	C	A
D1_N1	0.100184897718	1	327	C	T
D1_N1	0.100296256727	2	756	A	C
D1_N1	0.100310826655	2	779	C	G
D1_N1	0.100348548525	2	1241	A	G
D1_N1	0.10050898811	2	1302	C	A
D1_N1	0.100936989455	2	414	G	A
D1_N1	0.101515171467	1	789	T	C
D1_N1	0.101721101699	2	139	A	T
D1_N1	0.102220480972	1	1380	C	A
D1_N1	0.102325439877	2	576	T	G
D1_N1	0.102791135027	1	577	T	G
D1_N1	0.103703553026	2	42	T	A
D1_N1	0.103764406694	1	165	T	G
D1_N1	0.105016425946	2	147	T	C
D1_N1	0.105139579728	1	468	C	A
D1_N1	0.105257845389	2	1445	C	G
D1_N1	0.105539571105	1	925	A	G
D1_N1	0.10569791742	2	797	A	G
D1_N1	0.106005512869	1	671	T	C
D1_N1	0.106391018618	1	556	A	C
D1_N1	0.10650243494	1	1627	T	A
D1_N1	0.107074172329	1	510	A	T
D1_N1	0.107272760238	2	1715	G	T
D1_N1	0.108546024976	1	1628	G	C
D1_N1	0.108844435043	2	218	G	A
D1_N1	0.109077002922	1	256	G	A
D1_N1	0.109491899087	2	337	G	A
D1_N1	0.109509203276	1	80	A	C
D1_N1	0.109587360387	2	592	T	A
D1_N1	0.110344366199	2	1455	A	G
D1_N1	0.110510707198	2	292	G	A
D1_N1	0.110627141317	2	787	T	G
D1_N1	0.11120799674	1	1042	G	T
D1_N1	0.111245325734	1	332	G	C
D1_N1	0.11154254717	1	15	C	G
D1_N1	0.112328610629	1	1417	T	G
D1_N1	0.112847099432	1	7	A	G
D1_N1	0.11297968236	1	878	T	G
D1_N1	0.112993702655	1	69	T	A
D1_N1	0.11361463244	2	416	A	C
D1_N1	0.114275880795	1	816	A	G
D1_N1	0.114366866335	2	155	C	T
D1_N1	0.115219758809	1	141	C	A
D1_N1	0.115942825596	2	100	A	T
D1_N1	0.116005553338	2	1568	T	A
D1_N1	0.116204613201	2	1653	C	T
D1_N1	0.116429331337	1	1440	G	A
D1_N1	0.116506819964	1	1588	T	C
D1_N1	0.116991643373	1	1332	G	A
D1_N1	0.117105738245	2	145	G	A
D1_N1	0.117281152508	2	1170	A	G
D1_N1	0.117564857909	1	1286	A	G
D1_N1	0.118205727292	2	3	C	A
D1_N1	0.118325152212	1	917	A	G
D1_N1	0.118595456936	2	1658	G	A
D1_N1	0.118731978431	1	1664	C	T
D1_N1	0.118775368688	1	419	A	G
D1_N1	0.119114666253	1	134	A	G
D1_N1	0.119256372455	1	1018	G	A
D1_N1	0.119333203362	2	675	T	C
D1_N1	0.119626971572	2	76	G	A
D1_N1	0.12030840998	1	657	T	A
D1_N1	0.120870570381	1	71	T	A
D1_N1	0.121205819088	2	1159	G	T
D1_N1	0.121305008	2	1059	C	T
D1_N1	0.121314947115	1	1092	G	T
D1_N1	0.121850094516	2	809	A	C
D1_N1	0.122020978729	1	1175	A	G
D1_N1	0.122375703187	2	639	T	G
D1_N1	0.122391635894	2	552	G	C
D1_N1	0.122447069881	2	348	A	G
D1_N1	0.122622289141	1	1255	C	T
D1_N1	0.122655836344	1	370	C	G
D1_N1	0.123116988251	2	1096	C	A
D1_N1	0.123429138972	2	363	C	T
D1_N1	0.123452253955	2	554	C	A
D1_N1	0.123459626728	1	88	G	T
D1_N1	0.123933810457	1	1668	T	A
D1_N1	0.123965885888	1	1513	T	G
D1_N1	0.124153942573	2	742	G	A
D1_N1	0.124191255582	1	1333	A	T
D1_N1	0.1244089865	2	1426	G	A
D1_N1	0.124930056924	1	1610	A	T
D1_N1	0.125444369615	1	1361	A	G
D1_N1	0.125509133154	2	289	G	C
D1_N1	0.125774452262	1	835	T	A
D1_N1	0.125837696861	1	287	G	A
D1_N1	0.125843954312	2	593	C	G
D1_N1	0.126225399899	1	755	A	T
D1_N1	0.126683029198	2	1508	A	T
D1_N1	0.1267623063	1	1367	G	T
D1_N1	0.127560535067	2	837	A	G
D1_N1	0.127818982988	2	23	C	T
D1_N1	0.127910886394	2	234	T	C
D1_N1	0.127995885749	1	53	A	T
D1_N1	0.128040669057	1	1515	A	T
D1_N1	0.128425768142	1	1426	G	A
D1_N1	0.128706238971	2	991	C	T
D1_N1	0.129028324462	1	514	G	A
D1_N1	0.129247238684	1	552	G	T
D1_N1	0.129935643017	2	1088	T	G
D1_N1	0.130116959969	2	1192	G	A
D1_N1	0.130405266237	2	1571	T	A
D1_N1	0.130615795969	1	17	A	T
D1_N1	0.130721275076	1	291	G	A
D1_N1	0.13127563981	2	1140	A	T
D1_N1	0.131537811844	1	894	A	T
D1_N1	0.131816301396	1	1407	A	G
D1_N1	0.132035601051	1	1510	T	C
D1_N1	0.132692457743	2	299	T	A
D1_N1	0.132760347495	1	374	T	A
D1_N1	0.132904725667	2	789	T	C
D1_N1	0.132928266571	2	1697	A	G
D1_N1	0.133149871569	2	942	T	C
D1_N1	0.133534130741	2	1707	C	A
D1_N1	0.134092418331	2	1127	C	T
D1_N1	0.134377261638	1	1587	A	T
D1_N1	0.134406969814	1	273	T	C
D1_N1	0.134767611277	2	1488	T	A
D1_N1	0.134887890926	2	627	A	G
D1_N1	0.135163271498	1	268	C	T
D1_N1	0.135494241768	2	223	A	C
D1_N1	0.135603612323	2	1349	T	A
D1_N1	0.135844393851	2	843	G	A
D1_N1	0.135915238377	2	1626	A	G
D1_N1	0.136268198758	1	520	T	G
D1_N1	0.136615897069	1	834	T	A
D1_N1	0.13762507251	2	1135	G	T
D1_N1	0.138215225907	2	856	A	G
D1_N1	0.138364186864	1	1146	T	C
D1_N1	0.138528978401	2	841	A	T
D1_N1	0.138800944039	1	1040	A	G
D1_N1	0.138823182926	1	1207	T	A
D1_N1	0.138880226216	2	554	A	T
D1_N1	0.138994174791	2	273	T	C
D1_N1	0.139533951955	2	1213	A	T
D1_N1	0.139905126805	1	1383	A	C
D1_N1	0.140264335002	2	1079	G	A
D1_N1	0.14142070486	1	236	T	A
D1_N1	0.141527025807	1	540	A	G
D1_N1	0.141759685591	2	1128	A	T
D1_N1	0.142250335279	1	184	T	A
D1_N1	0.142323738786	2	1115	A	G
D1_N1	0.142439227281	2	661	C	G
D1_N1	0.142849964019	2	675	C	T
D1_N1	0.142908133267	2	336	C	T
D1_N1	0.14298606076	1	336	C	A
D1_N1	0.143372248239	2	1495	C	T
D1_N1	0.143428171298	2	816	A	T
D1_N1	0.143540959237	2	217	C	A
D1_N1	0.143711910055	1	1518	A	C
D1_N1	0.143761002532	1	1348	T	A
D1_N1	0.14379685507	2	819	T	A
D1_N1	0.14425167789	2	694	T	G
D1_N1	0.144273034832	1	891	A	G
D1_N1	0.144329295444	2	1334	C	T
D1_N1	0.14448496818	2	129	A	T
D1_N1	0.144681321957	1	1168	T	A
D1_N1	0.145316821666	1	265	C	A
D1_N1	0.145384130024	1	941	T	A
D1_N1	0.145908534143	1	225	T	G
D1_N1	0.145961311138	2	1098	T	A
D1_N1	0.146268667076	2	1359	C	T
D1_N1	0.146655494796	1	1403	A	T
D1_N1	0.1471232931	1	534	A	G
D1_N1	0.148090611097	1	855	C	T
D1_N1	0.14852796798	1	1666	G	A
D1_N1	0.148629775804	2	523	A	G
D1_N1	0.148677798699	2	1659	T	G
D1_N1	0.149470081879	2	1178	T	A
D1_N1	0.1497339075	1	639	T	A
D1_N1	0.150005540377	1	1332	A	G
D1_N1	0.150229489556	2	742	A	G
D1_N1	0.150387776051	2	1455	G	A
D1_N1	0.150392649658	1	1300	G	C
D1_N1	0.150632204017	2	1075	A	T
D1_N1	0.150777275309	2	323	T	A
D1_N1	0.150998607554	2	1574	G	T
D1_N1	0.151604017272	1	1131	C	G
D1_N1	0.152762505942	2	645	C	T
D1_N1	0.15296665833	2	47	C	A
D1_N1	0.153589479944	2	429	T	C
D1_N1	0.153820930325	2	1719	T	C
D1_N1	0.154392016527	2	199	T	A
D1_N1	0.154517467167	2	726	A	C
D1_N1	0.154644716646	1	701	A	C
D1_N1	0.154745899805	1	842	C	A
D1_N1	0.1551672491	2	1232	C	T
D1_N1	0.156307029915	2	635	G	T
D1_N1	0.156377769231	2	972	C	T
D1_N1	0.15641135119	2	1241	G	A
D1_N1	0.156495395571	2	110	T	C
D1_N1	0.156558462194	1	1549	C	A
D1_N1	0.156877200698	2	650	C	T
D1_N1	0.156989632885	1	1111	A	T
D1_N1	0.157215157423	1	1088	T	A
D1_N1	0.157458353051	2	289	C	G
D1_N1	0.157687982611	2	427	T	C
D1_N1	0.158118399528	1	1053	A	T
D1_N1	0.158564344351	1	1220	C	T
D1_N1	0.15858207459	2	1499	A	C
D1_N1	0.158587544261	2	889	G	A
D1_N1	0.158847723807	2	1086	A	G
D1_N1	0.158946691023	1	641	C	T
D1_N1	0.159226632672	2	58	T	C
D1_N1	0.159352757764	2	1340	T	A
D1_N1	0.15945103152	1	929	A	G
D1_N1	0.159525055645	2	617	A	T
D1_N1	0.159679744772	2	1125	C	T
D1_N1	0.160372605086	2	704	T	G
D1_N1	0.160530204838	1	587	C	T
D1_N1	0.160604993788	1	439	G	A
D1_N1	0.161054982966	1	739	A	C
D1_N1	0.161079385785	2	1695	A	C
D1_N1	0.161524828376	1	432	A	G
D1_N1	0.161754506484	2	211	C	A
D1_N1	0.161817364861	1	1157	G	A
D1_N1	0.162175241072	2	443	A	G
D1_N1	0.162395564969	1	1719	T	A
D1_N1	0.162445311878	2	1467	G	A
D1_N1	0.16370105651	2	390	G	A
D1_N1	0.16379460316	2	378	A	G
D1_N1	0.164137907419	2	32	A	T
D1_N1	0.164166373892	2	266	A	C
D1_N1	0.164629416688	1	1347	T	C
D1_N1	0.165493908853	1	226	G	A
D1_N1	0.166696450586	1	1358	G	C
D1_N1	0.166701862624	1	1429	T	G
D1_N1	0.16694025423	2	595	A	G
D1_N1	0.167455852684	1	437	T	A
D1_N1	0.167637537162	2	1496	C	G
D1_N1	0.1677461707	1	593	C	A
D1_N1	0.167902305294	2	629	T	C
D1_N1	0.167928468545	1	69	A	G
D1_N1	0.168346595819	2	1664	C	T
D1_N1	0.168365663767	1	531	G	C
D1_N1	0.168393363535	2	978	T	G
D1_N1	0.168940054112	2	968	G	A
D1_N1	0.169025055787	1	1158	T	G
D1_N1	0.169158425114	2	692	A	G
D1_N1	0.170018413376	2	1659	G	A
D1_N1	0.170267790984	1	680	T	C
D1_N1	0.17055265542	2	1110	G	A
D1_N1	0.1709809471	2	946	C	A
D1_N1	0.171360830192	2	911	A	T
D1_N1	0.17177944858	2	1571	A	C
D1_N1	0.171780814131	1	1448	T	C
D1_N1	0.172028576188	2	1402	A	C
D1_N1	0.172673057349	1	1053	T	A
D1_N1	0.173290406354	1	397	G	T
D1_N1	0.17332108972	2	1260	T	A
D1_N1	0.173484634592	2	67	C	A
D1_N1	0.174317604026	2	1480	A	G
D1_N1	0.174323676176	2	322	T	A
D1_N1	0.174682320231	2	1361	A	T
D1_N1	0.175127824807	1	452	A	T
D1_N1	0.175249332468	2	791	T	C
D1_N1	0.175583080574	1	491	G	A
D1_N1	0.175741763612	2	587	C	G
D1_N1	0.1758201472	1	1578	G	T
D1_N1	0.17711207387	2	416	C	T
D1_N1	0.17711886584	1	1680	T	A
D1_N1	0.177130309856	1	1266	G	T
D1_N1	0.177392851282	2	1590	A	G
D1_N1	0.177530060743	1	204	A	T
D1_N1	0.177638011422	2	933	G	T
D1_N1	0.178361436586	1	201	A	C
D1_N1	0.178404302133	2	1525	T	C
D1_N1	0.178668991981	2	851	G	A
D1_N1	0.178854908966	1	545	G	A
D1_N1	0.179230595945	2	973	G	T
D1_N1	0.179253111127	2	1535	A	G
D1_N1	0.179459619957	1	195	C	T
D1_N1	0.179547457559	2	1065	C	T
D1_N1	0.17961270625	2	1464	C	A
D1_N1	0.179673716481	1	963	T	C
D1_N1	0.180099158644	2	16	G	A
D1_N1	0.180322122609	1	1609	A	G
D1_N1	0.180401381669	2	124	C	G
D1_N1	0.180843931567	2	915	A	G
D1_N1	0.181155358396	1	138	T	A
D1_N1	0.181423959656	1	1506	T	C
D1_N1	0.181760380504	1	415	A	T
D1_N1	0.181954404818	1	767	T	A
D1_N1	0.182142768425	2	1522	T	G
D1_N1	0.182751172453	2	1233	G	A
D1_N1	0.182820436321	2	900	T	G
D1_N1	0.182945110126	2	1280	T	G
D1_N1	0.182985382088	2	474	T	C
D1_N1	0.183206460604	2	1437	A	G
D1_N1	0.183276783182	2	1196	A	T
D1_N1	0.183917548814	2	140	T	C
D1_N1	0.184517719575	2	78	T	G
D1_N1	0.184520540311	1	669	T	C
D1_N1	0.184577086956	1	258	T	G
D1_N1	0.18495638444	2	930	G	T
D1_N1	0.18551150268	2	279	A	T
D1_N1	0.186038496762	1	522	C	T
D1_N1	0.186442339144	2	1204	G	A
D1_N1	0.186547738074	1	530	G	C
D1_N1	0.18730666817	1	990	G	A
D1_N1	0.187483513651	1	1511	G	T
D1_N1	0.187653188826	1	891	G	A
D1_N1	0.187739234086	2	1261	A	T
D1_N1	0.187813118835	1	565	G	A
D1_N1	0.187866578579	2	155	T	G
D1_N1	0.187952829184	1	496	A	C
D1_N1	0.188148849759	1	1176	G	A
D1_N1	0.188177788454	2	1577	A	G
D1_N1	0.188372576131	2	1166	C	T
D1_N1	0.189212981424	1	624	A	C
D1_N1	0.189331215392	1	858	C	T
D1_N1	0.18974446169	1	750	C	T
D1_N1	0.190313566019	2	333	C	G
D1_N1	0.190702241935	1	1150	G	A
D1_N1	0.190716818025	2	44	C	G
D1_N1	0.190805356538	2	1567	C	T
D1_N1	0.191222572924	1	115	G	A
D1_N1	0.191478190936	1	324	G	A
D1_N1	0.191611207271	2	1551	T	G
D1_N1	0.191701951321	1	16	G	A
D1_N1	0.192335512926	1	219	A	G
D1_N1	0.192490983026	2	577	T	C
D1_N1	0.19255240414	1	965	G	A
D1_N1	0.192581444921	2	1216	T	C
D1_N1	0.192649992243	1	1297	G	A
D1_N1	0.192760927065	2	1463	C	A
D1_N1	0.192909995948	2	1196	T	A
D1_N1	0.192997300982	1	1195	A	G
D1_N1	0.193858952532	1	1446	G	C
D1_N1	0.194334811719	2	955	G	A
D1_N1	0.194542026113	2	218	A	G
D1_N1	0.19530320888	2	1240	T	C
D1_N1	0.195666162777	1	765	A	G
D1_N1	0.19597817834	1	1510	C	G
D1_N1	0.196453483921	1	565	A	T
D1_N1	0.196995685024	2	211	A	G
D1_N1	0.197508707936	2	43	A	T
D1_N1	0.197920500193	2	1097	C	A
D1_N1	0.198476812596	1	139	A	G
D1_N1	0.198491906933	2	1582	C	T
D1_N1	0.198610072573	2	887	A	G
D1_N1	0.198677861269	1	1354	G	A
D1_N1	0.198845487009	2	495	G	T
D1_N1	0.199758469801	2	12	A	T
D1_N1	0.200647738697	2	1539	G	T
D1_N1	0.201194766934	1	937	T	C
D1_N1	0.201271020062	2	944	A	C
D1_N1	0.201349357945	2	1676	A	C
D1_N1	0.201939762764	2	1497	A	C
D1_N1	0.202062460455	2	1050	C	G
D1_N1	0.202439274248	1	1582	C	A
D1_N1	0.202632677472	2	252	A	G
D1_N1	0.203010732003	2	1007	C	A
D1_N1	0.203046166527	2	903	C	T
D1_N1	0.203324875767	2	1393	G	T
D1_N1	0.203474840912	1	365	C	T
D1_N1	0.203539810751	2	819	A	T
D1_N1	0.203569262189	1	197	T	A
D1_N1	0.204020900211	2	612	T	C
D1_N1	0.204034657081	1	438	T	G
D1_N1	0.204216557608	1	1533	T	C
D1_N1	0.20452027133	1	29	T	A
D1_N1	0.204532896731	1	799	T	G
D1_N1	0.204990283979	1	1480	A	T
D1_N1	0.205298823528	2	507	A	C
D1_N1	0.205406495391	2	808	A	G
D1_N1	0.205830090982	2	453	G	C
D1_N1	0.206491387259	2	430	T	C
D1_N1	0.206613946762	2	1003	A	T
D1_N1	0.206898782797	1	84	T	C
D1_N1	0.207325670808	2	1195	A	T
D1_N1	0.207353272387	2	889	A	G
D1_N1	0.208333345564	2	813	T	A
D1_N1	0.208379592681	2	728	T	C
D1_N1	0.208638282622	1	1590	C	T
D1_N1	0.208678668239	2	1461	G	A
D1_N1	0.209257364028	2	1380	C	T
D1_N1	0.209622395453	1	800	A	G
D1_N1	0.209680681222	2	1066	C	T
D1_N1	0.209700450082	1	149	T	G
D1_N1	0.209894887216	1	384	C	A
D1_N1	0.210005604625	2	1203	G	A
D1_N1	0.210306139778	1	763	C	G
D1_N1	0.210535959789	1	1441	G	A
D1_N1	0.210737371154	2	412	C	A
D1_N1	0.210964105792	1	438	G	A
D1_N1	0.211117665737	2	408	G	C
D1_N1	0.211416139162	2	642	A	C
D1_N1	0.211428474091	1	1127	C	G
D1_N1	0.212644813212	2	1190	T	A
D1_N1	0.212958108468	2	280	G	A
D1_N1	0.213206118873	2	236	T	A
D1_N1	0.213221193087	1	44	C	T
D1_N1	0.213407720502	1	835	A	G
D1_N1	0.213568435253	1	587	T	C
D1_N1	0.213875707588	1	500	C	T
D1_N1	0.213894999331	1	1214	C	T
D1_N1	0.214355123992	2	532	T	G
D1_N1	0.214738419314	1	116	A	G
N1_N2	0.000599139573392	1	490	T	C
N1_N2	0.000783724303902	1	566	A	G
N1_N2	0.000817694510522	1	906	A	C
N1_N2	0.000988414353045	2	1083	C	T
N1_N2	0.00101319357069	2	1164	G	A
N1_N2	0.00148435998678	2	1269	T	C
N1_N2	0.00152186537398	1	414	G	T
N1_N2	0.00171700543527	1	304	T	C
N1_N2	0.00184482648108	2	605	C	A
N1_N2	0.00224537535095	2	440	T	A
N1_N2	0.00242339906824	2	715	A	C
N1_N2	0.00262297518309	1	1370	T	G
N1_N2	0.00297166831247	2	199	A	C
N1_N2	0.00440114523964	2	155	G	A
N1_N2	0.00473029104984	1	1073	T	C
N1_N2	0.0051887222131	1	1260	T	A
N1_N2	0.00545526937614	1	767	A	C
N1_N2	0.00609791291583	1	138	A	T
N1_N2	0.00664724386543	1	620	A	C
N1_N2	0.00709580027295	1	1039	G	A
N1_N2	0.00721778257768	2	1031	T	A
N1_N2	0.00790456750708	1	178	G	C
N1_N2	0.00791284769394	1	801	T	G
N1_N2	0.00913890910441	1	1673	C	T
N1_N2	0.00933336975036	1	362	G	C
N1_N2	0.00971517453284	2	1483	C	A
N1_N2	0.0100117269919	2	1535	G	A
N1_N2	0.0102110408696	2	1112	A	C
N1_N2	0.0105293551602	1	430	T	C
N1_N2	0.0113487640818	1	958	T	A
N1_N2	0.0113534284132	2	400	A	G
N1_N2	0.013007600722	1	821	C	T
N1_N2	0.0134475192528	1	506	T	C
N1_N2	0.0135482709029	2	45	G	C
N1_N2	0.0141205744399	1	343	G	C
N1_N2	0.0142373606538	1	610	G	A
N1_N2	0.0142589684672	1	1091	A	G
N1_N2	0.014542170693	2	725	C	A
N1_N2	0.0145852531278	1	1116	A	C
N1_N2	0.0147387174299	2	1194	T	A
N1_N2	0.0148910654977	2	1151	T	C
N1_N2	0.0149013529783	2	839	A	G
N1_N2	0.0150821626744	1	1403	T	G
N1_N2	0.0154853843167	2	1626	G	T
N1_N2	0.0155295816245	2	1143	C	T
N1_N2	0.016026418464	2	773	T	G
N1_N2	0.0161126351322	2	1539	T	A
N1_N2	0.0163802193117	2	600	G	A
N1_N2	0.0169749358123	1	456	G	A
N1_N2	0.0171058571675	1	1314	A	T
N1_N2	0.017504924432	1	1686	G	C
N1_N2	0.0175276524202	2	1656	T	A
N1_N2	0.0176256891855	2	1308	T	C
N1_N2	0.0176889159007	1	1050	T	A
N1_N2	0.0179010308468	2	1137	A	G
N1_N2	0.0180307787576	1	833	T	C
N2_N3	0.0003770851924	2	257	T	G
N2_N3	0.00121025645282	1	395	G	C
N2_N3	0.00127124604611	2	929	A	T
N2_N3	0.00140026375576	2	1718	G	A
N2_N3	0.00224837323573	2	471	C	T
N2_N3	0.00248430092159	2	667	T	A
N2_N3	0.0026189852793	2	1607	A	G
N2_N3	0.00293003366198	1	328	A	C
N2_N3	0.00349676135099	1	1654	C	A
N2_N3	0.00376767938225	1	781	C	T
N2_N3	0.00383640573265	1	717	A	G
N2_N3	0.00395034098313	1	998	A	G
N2_N3	0.00418506032988	2	130	A	C
N2_N3	0.00451213438316	1	54	A	G
N2_N3	0.00466901394502	2	144	T	A
N2_N3	0.00527131731507	1	264	T	A
N2_N3	0.00548841942712	2	784	G	C
N2_N3	0.00556674201874	1	244	T	A
N2_N3	0.00584310731594	1	1415	A	T
N2_N3	0.0059018113513	1	758	T	A
N2_N3	0.00592451541865	2	748	C	A
N2_N3	0.00597160939065	2	762	C	T
N2_N3	0.00610449619473	2	61	T	A
N2_N3	0.00630605468701	2	779	G	C
N2_N3	0.00633010342062	2	517	C	A
N2_N3	0.00664854070486	1	228	T	C
N3_N4	3.08201672744e-06	1	60	C	A
N3_N4	0.000108739353572	2	1431	G	T
N3_N4	0.000543549715253	2	1501	A	T
N3_N4	0.00149337974942	2	534	A	T
N3_N4	0.00179347213447	1	652	A	C
N3_N4	0.0020398864236	1	280	G	A
N3_N4	0.00226443943045	2	373	A	G
N3_N4	0.00241747318379	1	361	T	C
N3_N4	0.00261065925929	2	751	A	T
N3_N4	0.0032966658598	2	1042	G	A
N3_N4	0.00355818851268	1	134	G	T
N3_N4	0.00365939394678	2	155	A	C
N3_N4	0.0040402027288	1	1233	G	A
N3_N4	0.00418660513421	1	1235	C	A
N3_N4	0.00424337571813	2	1185	C	T
N3_N4	0.00444632033038	2	438	T	C
N3_N4	0.00472210166251	1	784	A	C
N3_N4	0.0051515621456	2	591	C	T
N3_N4	0.00545801019212	2	1240	C	A
N3_N4	0.00590320119761	2	715	C	T
N3_N4	0.00595108744205	2	657	T	A
N3_N4	0.00656246104548	2	611	T	G
N3_N4	0.00703876364463	2	1576	T	C
N3_N4	0.00725056382165	1	539	C	A
N3_N4	0.00756065423004	2	1668	T	A
N3_N4	0.00798381088642	2	1177	C	A
N3_N4	0.00816555363008	1	1120	G	C
N4_Human	5.0754203128e-05	2	1106	T	C
N4_Human	0.000254522460004	2	156	C	G
N4_Human	0.000742511467915	2	957	G	A
N4_Human	0.000845957576135	1	1433	C	A
N4_Human	0.00124221805913	2	1731	T	A
N4_Human	0.00141478130633	1	468	A	G
N4_Human	0.00198016739172	1	1151	T	A
N4_Human	0.00236607948606	1	685	G	A
N4_Human	0.00331387520652	2	885	A	G
N4_Human	0.00400672365172	1	384	A	T
N4_Human	0.00409126477959	1	1705	T	A
N4_Human	0.004253491024	2	55	C	A
N4_Human	0.00448697172435	1	1297	A	G
N4_Human	0.00489356069013	1	1105	G	T
N4_Human	0.00497854313737	2	1554	A	G
N4_Human	0.0050743681497	2	721	A	T
N4_Human	0.00534795323107	2	191	C	T
N4_Human	0.00582130981705	1	597	C	T
N4_Human	0.00583992339995	1	1059	C	T
N4_Human	0.00602558561802	2	1091	A	T
N4_Human	0.00608160257493	1	700	G	C
N4_Human	0.00639649109976	2	1646	A	T
N4_Human	0.00678584002709	2	973	T	A
N4_Human	0.00681785107235	2	1150	T	G
N4_Human	0.00691949249964	1	700	C	T
N4_Human	0.00761292787946	1	1107	C	A
N4_Human	0.00778863276517	2	67	A	G
N4_Human	0.00847797139962	1	837	A	G
N4_Human	0.00876572905242	1	752	G	A
N4_Human	0.00916836956041	1	1131	G	A
N4_Human	0.00932862825604	2	96	A	T
N4_Human	0.00944729170593	2	1272	T	C
N4_Human	0.00969554131863	1	1395	T	A
N4_Human	0.00969631978756	1	1150	A	C
N4_Human	0.00998881683305	2	1713	T	A
N4_Human	0.010407090608	1	1346	T	G
N4_Human	0.0109178921265	2	654	A	G
N4_Human	0.0109753251281	1	1575	A	T
N4_Human	0.0110266028884	1	1228	A	T
N4_Human	0.0114665513692	1	1623	T	A
N4_Chimp	0.00013985865763	2	313	C	G
N4_Chimp	0.000762559003186	1	1034	C	T
N4_Chimp	0.00179701260652	2	370	C	T
N4_Chimp	0.00197766077741	2	1691	C	T
N4_Chimp	0.0021442368682	2	1726	G	A
N4_Chimp	0.00245558966888	1	1601	T	C
N4_Chimp	0.0026476891161	2	847	C	G
N4_Chimp	0.00334476422631	2	1408	T	G
N4_Chimp	0.00343764828778	1	735	C	T
N4_Chimp	0.00344718436911	1	1459	A	G
N4_Chimp	0.00356759863538	1	1259	C	T
N4_Chimp	0.00374699313409	1	202	T	C
N4_Chimp	0.00401304373232	1	976	A	G
N4_Chimp	0.00424953687248	2	446	A	G
N4_Chimp	0.00435363432642	2	974	C	T
N4_Chimp	0.00458999191975	1	169	T	C
N4_Chimp	0.00475932012793	1	1685	A	C
N4_Chimp	0.00500343108703	1	1697	A	G
N4_Chimp	0.00506866737461	1	110	T	A
N4_Chimp	0.00598479817735	1	665	A	T
N4_Chimp	0.00600840883359	1	337	G	T
N4_Chimp	0.00602038452562	1	1031	T	A
N4_Chimp	0.00625648631802	1	267	A	G
N4_Chimp	0.00696910000106	2	1703	G	T
N4_Chimp	0.00701008739375	1	600	G	C
N4_Chimp	0.00714556403958	2	534	T	A
N4_Chimp	0.00719584648648	2	469	A	T
N4_Chimp	0.0082447132301	1	504	C	A
N4_Chimp	0.00845169768735	1	1456	T	A
N4_Chimp	0.00845909390979	1	1157	A	C
N4_Chimp	0.00903490357741	2	638	T	A
N4_Chimp	0.00911477516308	2	35	T	C
N4_Chimp	0.00958687906199	2	260	T	C
N4_Chimp	0.00978649567951	1	668	A	G
N4_Chimp	0.00990948238461	1	490	C	A
N4_Chimp	0.0103063835552	2	1725	T	C
N4_Chimp	0.0103844633705	1	178	C	A
N4_Chimp	0.0103967971965	1	19	C	T
N4_Chimp	0.010761201049	2	630	T	A
N3_Goril	0.000716216540067	1	519	T	C
N3_Goril	0.000995363190885	2	902	T	C
N3_Goril	0.00112037648639	1	707	C	G
N3_Goril	0.00115364290349	2	757	G	T
N3_Goril	0.00115546846888	1	255	C	T
N3_Goril	0.00206423868038	1	714	T	C
N3_Goril	0.00220007466986	2	1266	G	T
N3_Goril	0.00239032338486	2	2	G	A
N3_Goril	0.00275929040477	2	400	G	A
N3_Goril	0.00297106784531	2	95	A	T
N3_Goril	0.00301195358595	1	1268	G	A
N3_Goril	0.00302811708122	1	160	G	T
N3_Goril	0.00312161318773	2	605	A	T
N3_Goril	0.00361780671701	1	848	A	T
N3_Goril	0.00394574542811	2	870	A	T
N3_Goril	0.00401198118966	1	392	G	A
N3_Goril	0.00439737138993	2	500	C	T
N3_Goril	0.00565167445341	1	1080	G	A
N3_Goril	0.00581336535381	2	1666	G	C
N3_Goril	0.00594386355132	2	725	A	C
N3_Goril	0.00610389275566	2	945	A	T
N3_Goril	0.00623875136003	2	620	A	C
N3_Goril	0.0064980416861	2	207	A	G
N3_Goril	0.00656439226801	2	200	C	T
N3_Goril	0.00666983459235	1	874	G	A
N3_Goril	0.00677916491549	2	289	G	A
N3_Goril	0.00681030986171	2	873	G	A
N3_Goril	0.00706028800729	2	1441	G	A
N3_Goril	0.00721953367313	1	926	A	C
N3_Goril	0.00731435610547	2	1672	C	A
N3_Goril	0.00749741920492	2	523	G	A
N3_Goril	0.00755758253133	2	586	C	A
N3_Goril	0.00795999959555	2	265	C	T
N3_Goril	0.00797004221134	1	407	T	A
N3_Goril	0.00820032852103	2	1318	T	A
N3_Goril	0.00852286361873	1	1718	G	A
N3_Goril	0.00862897438946	1	1257	C	T
N3_Goril	0.00923445368441	1	791	T	C
N3_Goril	0.00967843914098	2	957	G	A
N3_Goril	0.0101497671128	1	1338	G	A
N3_Goril	0.0101848196402	2	110	C	A
N3_Goril	0.0104184184928	2	1403	A	C
N3_Goril	0.0104724173285	2	918	T	A
N3_Goril	0.0105691890384	1	22	A	C
N3_Goril	0.0105815868825	2	858	C	T
N3_Goril	0.0106782346342	2	299	C	A
N3_Goril	0.0108020083235	1	1574	G	T
N3_Goril	0.0110962407863	2	20	T	C
N3_Goril	0.0111504476994	1	1360	T	A
N3_Goril	0.0113304063738	2	740	A	T
N3_Goril	0.0115610908317	2	1695	C	G
N3_Goril	0.0115781498648	1	1637	C	A
N3_Goril	0.0116657788842	2	1514	C	T
N3_Goril	0.0118814138651	2	1356	C	T
N3_Goril	0.0119687772958	1	1185	A	T
N3_Goril	0.012113405428	1	1363	A	T
N3_Goril	0.0121894565168	1	1511	T	G
N3_Goril	0.0124410916718	1	956	T	A
N3_Goril	0.0125593519745	2	1062	C	T
N3_Goril	0.013072207789	2	55	C	G
N3_Goril	0.0139329297499	2	379	G	A
N3_Goril	0.0144808727562	1	1227	C	T
N3_Goril	0.0147045557098	1	1403	G	C
N3_Goril	0.0155917518549	1	1090	A	G
N3_Goril	0.0159913502189	2	790	A	C
N3_Goril	0.0165096850438	1	27	C	G
N3_Goril	0.0165354958551	2	775	A	T
N3_Goril	0.016734780739	1	1511	G	A
N3_Goril	0.016997937361	1	828	T	G
N3_Goril	0.0170164114567	1	1093	A	G
N3_Goril	0.0170573197982	1	443	A	G
N3_Goril	0.0171072904808	1	272	A	T
N3_Goril	0.0171704289055	1	1573	T	G
N3_Goril	0.0174275075587	1	1441	A	G
N3_Goril	0.0182100822391	2	1142	C	G
N3_Goril	0.0183756290046	1	1095	T	G
N3_Goril	0.0186151027994	2	1099	A	C
N3_Goril	0.0194697284854	2	37	A	G
N3_Goril	0.0197562868212	1	301	C	A
N3_Goril	0.019777269354	1	1633	T	A
N3_Goril	0.0200308393205	1	673	A	T
N3_Goril	0.020474209131	2	84	T	C
N3_Goril	0.0205592726766	2	1182	A	C
N3_Goril	0.0205661685421	2	244	T	C
N3_Goril	0.0205912859001	2	898	G	T
N3_Goril	0.0206839847948	1	571	T	C
N3_Goril	0.0207499073754	2	1191	A	T
N3_Goril	0.020963444007	2	1612	A	G
N3_Goril	0.0210362335339	2	1676	C	G
N2_Orang	0.000623001627339	2	971	G	A
N2_Orang	0.00123564688122	2	177	A	T
N2_Orang	0.00133012672635	2	57	G	A
N2_Orang	0.00189772365105	2	1320	A	T
N2_Orang	0.00224952885031	2	1651	C	T
N2_Orang	0.00280760150001	2	1299	A	G
N2_Orang	0.00303110262674	2	896	A	G
N2_Orang	0.00332559737306	2	99	G	T
N2_Orang	0.00340775993396	1	1417	G	T
N2_Orang	0.00344769505117	2	1541	G	T
N2_Orang	0.0038513267213	2	1656	A	C
N2_Orang	0.00387735450478	2	757	G	T
N2_Orang	0.00415580772229	1	414	T	C
N2_Orang	0.00447081777947	2	1179	T	A
N2_Orang	0.00460819657038	1	1328	A	T
N2_Orang	0.00485270373639	2	888	A	G
N2_Orang	0.00499608365042	1	1123	A	G
N2_Orang	0.00546766505864	2	408	C	T
N2_Orang	0.00590527259395	1	1206	G	T
N2_Orang	0.00624903275795	1	918	T	C
N2_Orang	0.00630316611457	1	1295	A	G
N2_Orang	0.00634627690145	1	1019	C	T
N2_Orang	0.00637948785607	2	517	C	T
N2_Orang	0.00645486480285	1	985	T	C
N2_Orang	0.00687720343064	1	780	T	G
N2_Orang	0.00703057136629	1	1475	C	T
N2_Orang	0.00716874729533	1	1152	A	T
N2_Orang	0.00806895591403	1	34	A	G
N2_Orang	0.00843870189765	2	901	G	A
N2_Orang	0.00846472237261	2	566	A	T
N2_Orang	0.00883456601342	1	925	G	C
N2_Orang	0.0090642234838	1	1334	T	G
N2_Orang	0.010377155115	1	36	T	A
N2_Orang	0.0103794428476	1	1192	G	T
N2_Orang	0.0107094312752	1	405	T	G
N2_Orang	0.0107773607142	2	1554	A	G
N2_Orang	0.0109712893108	1	129	A	G
N2_Orang	0.0110846295724	2	991	T	C
N2_Orang	0.0111670984628	1	1306	T	C
N2_Orang	0.0113869413888	1	1309	A	G
N2_Orang	0.0115365994074	2	219	T	G
N2_Orang	0.0115532653554	1	858	T	A
N2_Orang	0.0116267734915	2	974	C	T
N2_Orang	0.0116926264511	2	768	G	A
N2_Orang	0.011801164509	2	350	T	A
N2_Orang	0.0119326020674	2	367	A	G
N2_Orang	0.0119963194616	1	813	T	A
N2_Orang	0.0120507891925	1	1491	C	T
N2_Orang	0.0121337859647	2	953	C	A
N2_Orang	0.0121634015173	1	1318	T	A
N2_Orang	0.0123430085242	2	485	A	C
N2_Orang	0.0123692437226	1	454	T	G
N2_Orang	0.0136751648263	1	1681	G	T
N2_Orang	0.0136967878151	2	82	A	T
N2_Orang	0.0138722077009	1	1431	G	C
N2_Orang	0.0140229275349	1	982	C	T
N2_Orang	0.0140969628869	2	1459	A	G
N2_Orang	0.0142480818951	1	1626	A	T
N2_Orang	0.0142672216826	2	258	T	A
N1_Macaq	0.000506089242148	2	1363	A	C
N1_Macaq	0.000608670037638	1	1048	T	G
N1_Macaq	0.000813290044985	1	1219	G	C
N1_Macaq	0.00101703585218	1	331	C	G
N1_Macaq	0.00149601850355	2	1286	T	A
N1_Macaq	0.00161483911552	2	923	A	C
N1_Macaq	0.00183477065899	1	510	T	G
N1_Macaq	0.00198449458832	2	1313	A	G
N1_Macaq	0.00234173662326	2	1203	A	T
N1_Macaq	0.0025467903686	1	1604	T	A
N1_Macaq	0.00258626338629	1	1022	A	T
N1_Macaq	0.00277037913016	2	1590	G	A
N1_Macaq	0.00302340894373	1	30	G	C
N1_Macaq	0.00317341665729	2	679	A	G
N1_Macaq	0.00335020546625	2	288	G	A
N1_Macaq	0.00384021190526	2	942	C	A
N1_Macaq	0.00401093525262	1	77	A	T
N1_Macaq	0.0043523606917	2	1121	T	A
N1_Macaq	0.00478497298161	1	1125	C	T
N1_Macaq	0.00495627941813	2	837	G	A
N1_Macaq	0.0050327948201	2	837	A	C
N1_Macaq	0.00506144141986	2	279	T	G
N1_Macaq	0.00530478658994	1	1295	A	G
N1_Macaq	0.00541618705111	1	37	A	T
N1_Macaq	0.00562537054121	1	516	T	C
N1_Macaq	0.0057496251468	1	1427	C	T
N1_Macaq	0.00606910167813	1	901	G	A
N1_Macaq	0.00617867183507	2	1418	C	A
N1_Macaq	0.00620319718226	2	214	T	C
N1_Macaq	0.00665235118008	1	1665	A	T
N1_Macaq	0.00670659106126	2	1478	T	C
N1_Macaq	0.00670868939809	1	1624	T	A
N1_Macaq	0.00691044595333	1	1400	T	A
N1_Macaq	0.00784657734035	1	273	C	T
N1_Macaq	0.00793406344226	2	168	T	G
N1_Macaq	0.00806973576791	1	129	A	G
N1_Macaq	0.00845787155247	1	1644	G	A
N1_Macaq	0.00851967286019	1	791	T	C
N1_Macaq	0.00890555241749	1	1404	A	G
N1_Macaq	0.00953833562402	1	1078	T	C
N1_Macaq	0.00964699301454	1	1533	C	A
N1_Macaq	0.0101453929977	1	1303	G	T
N1_Macaq	0.0102963009157	1	1242	A	T
N1_Macaq	0.0108135010652	2	99	G	A
N1_Macaq	0.0109205158766	2	637	T	C
N1_Macaq	0.0113951460067	2	851	A	T
N1_Macaq	0.0114213530943	1	1111	T	C
N1_Macaq	0.0115320524403	2	1705	T	G
N1_Macaq	0.0116168127123	2	428	G	A
N1_Macaq	0.011724953867	1	626	C	T
N1_Macaq	0.0128679806893	2	698	G	A
N1_Macaq	0.0138081086108	1	1053	A	G
N1_Macaq	0.014042869542	1	325	T	C
N1_Macaq	0.0147246443883	1	1052	G	T
N1_Macaq	0.0148346079758	1	1200	A	C
N1_Macaq	0.0151607799795	1	1253	A	T
N1_Macaq	0.0151946418242	1	179	T	C
N1_Macaq	0.015755829691	1	1224	A	G
N1_Macaq	0.0168318186025	1	245	A	G
N1_Macaq	0.0183131954337	1	732	A	G
N1_Macaq	0.0183137853134	2	1431	G	A
N1_Macaq	0.019031949683	1	749	G	C
N1_Macaq	0.0192224466385	1	868	T	A
N1_Macaq	0.0192351605322	2	1393	T	C
N1_Macaq	0.0192972633317	2	1436	G	A
N1_Macaq	0.0194264041198	2	620	A	G
N1_Macaq	0.0194333922288	1	432	G	A
N1_Macaq	0.0204553831112	1	638	T	A
N1_Macaq	0.0207195466639	1	452	T	C
N1_Macaq	0.0209664437313	2	1102	G	A
N1_Macaq	0.0209816709768	2	540	A	G
N1_Macaq	0.0215624828696	2	131	C	T
N1_Macaq	0.0216995252752	2	763	C	A
N1_Macaq	0.0218595373411	1	1442	A	G
N1_Macaq	0.0219004651842	2	658	C	T
N1_Macaq	0.0220124753786	2	1586	T	C
N1_Macaq	0.0222082447036	2	344	T	C
N1_Macaq	0.0223532061365	2	1400	T	C
N1_Macaq	0.0224645523242	2	565	G	A
N1_Macaq	0.022569626832	1	1099	A	G
N1_Macaq	0.0225711778821	2	929	A	C
N1_Macaq	0.0226692005528	1	700	G	C
N1_Macaq	0.0227880343599	1	941	A	G
N1_Macaq	0.0228395903941	2	334	T	C
N1_Macaq	0.0231451810164	1	484	G	A
N1_Macaq	0.0233693019515	2	809	C	T
N1_Macaq	0.0233715863742	1	96	A	C
N1_Macaq	0.0235343161969	1	424	C	T
N1_Macaq	0.0236442201484	1	119	A	G
N1_Macaq	0.0237755909603	1	1667	G	A
N1_Macaq	0.0248426218279	2	1122	T	A
N1_Macaq	0.0251261440122	2	474	C	G
N1_Macaq	0.0264532914001	1	1409	C	T
N1_Macaq	0.0273787564171	2	808	G	A
N1_Macaq	0.0279071906921	1	505	A	G
N1_Macaq	0.0279146351017	1	1714	T	G
N1_Macaq	0.027987658017	1	1273	G	T
N1_Macaq	0.0283100894454	2	1299	A	C
N1_Macaq	0.0283275254189	1	533	A	T
N1_Macaq	0.0283366953444	1	1687	T	A
N1_Macaq	0.0283777739599	1	1415	A	T
N1_Macaq	0.0284818000615	1	1266	T	A
N1_Macaq	0.0286174098425	1	636	C	T
N1_Macaq	0.0286373916225	2	1274	A	T
N1_Macaq	0.02871389264	1	1060	A	T
N1_Macaq	0.0288989456487	1	36	T	A
N1_Macaq	0.029348321392	1	512	A	C
N1_Macaq	0.0299128390302	2	1470	G	A
N1_Macaq	0.030321731482	1	32	A	G
N1_Macaq	0.0310917524479	2	1307	A	G
N1_Macaq	0.0313224832209	1	568	C	T
N1_Macaq	0.0313897870659	1	1178	T	C
N1_Macaq	0.0314678001038	2	835	T	A
N1_Macaq	0.0316693695914	1	306	G	A
N1_Macaq	0.0317739616785	2	1545	C	G
N1_Macaq	0.0319117112165	2	284	C	T
N1_Macaq	0.0319331688346	1	793	T	A
N1_Macaq	0.0320041174105	1	1433	C	T
N1_Macaq	0.0323490114515	2	1642	A	G
N1_Macaq	0.0324690736291	2	947	G	A
N0_Mouse	7.83783336154e-05	0	479	T	A
N0_Mouse	0.00222815575661	0	713	A	T
N0_Mouse	0.00329268291107	0	1442	G	A
N0_Mouse	0.00375913879314	0	209	C	G
N0_Mouse	0.00436192457987	0	67	C	G
N0_Mouse	0.00514561072303	0	256	G	A
N0_Mouse	0.00586075942865	0	390	G	T
N0_Mouse	0.00632313346995	0	1114	T	G
N0_Mouse	0.00746741079172	0	491	G	A
N0_Mouse	0.0075698108672	0	814	G	A
N0_Mouse	0.007751918858	0	258	T	G
N0_Mouse	0.00775662818518	0	1196	A	T
N0_Mouse	0.00793085040696	0	1559	T	C
N0_Mouse	0.00853188769659	0	1422	C	T
N0_Mouse	0.0104640092766	0	503	C	T
N0_Mouse	0.0116086643938	0	1125	C	T
N0_Mouse	0.013248706157	0	277	C	A
N0_Mouse	0.0139469143439	0	1193	C	T
N0_Mouse	0.0139710785031	0	370	C	T
N0_Mouse	0.0145248393976	0	1149	T	C
N0_Mouse	0.0147132222136	0	827	G	A
N0_Mouse	0.0151396205569	0	1575	A	G
N0_Mouse	0.0157508375665	0	175	T	C
N0_Mouse	0.0160455000636	0	727	A	C
N0_Mouse	0.0161212629135	0	206	C	G
N0_Mouse	0.0163639593228	0	1629	C	G
N0_Mouse	0.0166615289519	0	1390	A	G
N0_Mouse	0.0175369481097	0	1199	T	A
N0_Mouse	0.0179101270258	0	1032	A	G
N0_Mouse	0.0180705223491	0	439	G	A
N0_Mouse	0.0194105892919	0	1544	T	A
N0_Mouse	0.0195862411876	0	744	A	T
N0_Mouse	0.0197549168806	0	227	A	C
N0_Mouse	0.0198242809033	0	1169	T	C
N0_Mouse	0.0202520359909	0	1301	C	T
N0_Mouse	0.0218606274531	0	55	C	T
N0_Mouse	0.0218793638098	0	548	A	C
N0_Mouse	0.0241836424138	0	1409	C	A
N0_Mouse	0.0251255486968	0	989	A	T
N0_Mouse	0.0252468623094	0	35	T	A
N0_Mouse	0.0258086946502	0	625	A	G
N0_Mouse	0.0259312229467	0	1360	T	A
N0_Mouse	0.0271658408981	0	814	A	G
N0_Mouse	0.0271840588721	0	1732	T	G
N0_Mouse	0.0277386898788	0	930	G	C
N0_Mouse	0.0284717006804	0	1221	G	T
N0_Mouse	0.0285613325232	0	1366	T	A
N0_Mouse	0.0293549143636	0	1547	T	A
N0_Mouse	0.0295140066192	0	1717	A	G
N0_Mouse	0.0326362904951	0	662	C	A
N0_Mouse	0.0337467791568	0	1345	C	A
N0_Mouse	0.0337743269036	0	309	C	A
N0_Mouse	0.0344910076145	0	596	T	C
N0_Mouse	0.0352865298834	0	1405	C	T
N0_Mouse	0.0353332940919	0	680	T	A
N0_Mouse	0.0356094168749	0	203	G	T
N0_Mouse	0.0372735512314	0	1558	A	G
N0_Mouse	0.0377278029104	0	1595	A	G
N0_Mouse	0.0377881500149	0	242	C	T
N0_Mouse	0.0377928731468	0	1055	A	C
N0_Mouse	0.0388293722513	0	1099	G	C
N0_Mouse	0.0389534734031	0	120	C	G
N0_Mouse	0.0396605469548	0	1727	G	A
N0_Mouse	0.0406375381012	0	1002	A	T
N0_Mouse	0.0409377995354	0	1193	T	C
N0_Mouse	0.0415632711332	0	1657	A	T
N0_Mouse	0.0424041077902	0	758	T	A
N0_Mouse	0.0431331643909	0	1294	T	A
N0_Mouse	0.0432010609809	0	429	T	C
N0_Mouse	0.0432796390875	0	375	A	G
N0_Mouse	0.0435092228475	0	681	A	T
N0_Mouse	0.0440820648071	0	1337	A	C
N0_Mouse	0.0440826259842	0	377	T	A
N0_Mouse	0.044848561281	0	464	T	C
N0_Mouse	0.0451013097352	0	202	G	A
N0_Mouse	0.0453294105834	0	549	T	A
N0_Mouse	0.0468650187256	0	1732	G	A
N0_Mouse	0.0468892322934	0	416	A	C
N0_Mouse	0.0471138721356	0	3	C	A
N0_Mouse	0.0477351106764	0	641	C	A
N0_Mouse	0.0477799165769	0	665	A	G
N0_Mouse	0.048086824006	0	304	T	C
N0_Mouse	0.0482369804167	0	1463	C	T
N0_Mouse	0.0487302217968	0	1728	A	G
N0_Mouse	0.048859054226	0	1436	G	A
N0_Mouse	0.0489381361473	0	1022	A	C
N0_Mouse	0.0490080244752	0	1422	T	C
N0_Mouse	0.0509656216091	0	668	C	A
N0_Mouse	0.0530919704472	0	436	C	T
N0_Mouse	0.0541651198479	0	1141	T	A
N0_Mouse	0.0551093862145	0	1263	A	T
N0_Mouse	0.0551295286076	0	432	A	G
N0_Mouse	0.0553747802783	0	909	C	T
N0_Mouse	0.0554313340707	0	725	C	T
N0_Mouse	0.0554565640782	0	1415	A	G
N0_Mouse	0.0559351484168	0	1599	T	C
N0_Mouse	0.0574534588016	0	1063	G	A
N0_Mouse	0.0576214430221	0	346	A	G
N0_Mouse	0.0577924430417	0	307	A	G
N0_Mouse	0.0581829803143	0	455	A	G
N0_Mouse	0.0583443764856	0	1358	T	C
N0_Mouse	0.0587629981143	0	1220	C	T
N0_Mouse	0.0590547856008	0	1162	C	T
N0_Mouse	0.0592074477186	0	246	T	G
N0_Mouse	0.0592621093904	0	1328	A	G
N0_Mouse	0.0602480146217	0	1528	C	T
N0_Mouse	0.0630724077533	0	609	T	C
N0_Mouse	0.0641397745797	0	1463	T	A
N0_Mouse	0.0645161599941	0	109	A	G
N0_Mouse	0.0645197954952	0	86	A	G
N0_Mouse	0.0662703167791	0	1699	T	C
N0_Mouse	0.0663392270592	0	785	T	A
N0_Mouse	0.0664586082881	0	978	T	G
N0_Mouse	0.0673124107424	0	870	A	T
N0_Mouse	0.068024527059	0	1682	C	T
N0_Mouse	0.0685752524177	0	84	T	C
N0_Mouse	0.0692063752008	0	1185	A	C
N0_Mouse	0.0692594904972	0	202	A	T
N0_Mouse	0.0696615201334	0	1352	A	G
N0_Mouse	0.0702475721633	0	1335	G	A
N0_Mouse	0.0708664705037	0	1071	T	A
N0_Mouse	0.0713094673477	0	648	G	A
N0_Mouse	0.0719596171616	0	1129	T	A
N0_Mouse	0.072272982158	0	1228	A	G
N0_Mouse	0.0730109994946	0	1323	T	A
N0_Mouse	0.073241748273	0	1032	G	T
N0_Mouse	0.0736890500898	0	601	C	T
N0_Mouse	0.0738567834936	0	1154	C	G
N0_Mouse	0.0745284836641	0	1572	T	G
N0_Mouse	0.074933672036	0	876	T	G
N0_Mouse	0.075327237563	0	354	G	T
N0_Mouse	0.0755477254055	0	1087	G	A
N0_Mouse	0.0760521086909	0	182	T	A
N0_Mouse	0.0760856505982	0	287	G	A
N0_Mouse	0.0778367819442	0	342	T	A
N0_Mouse	0.0781094033034	0	142	T	G
N0_Mouse	0.0786375509256	0	243	A	C
N0_Mouse	0.0794009375301	0	394	A	T
N0_Mouse	0.0803516888534	0	1381	A	C
N0_Mouse	0.0804634383759	0	221	C	A
N0_Mouse	0.0815204002655	0	302	A	T
N0_Mouse	0.0817974074594	0	230	A	G
N0_Mouse	0.0818323528132	0	476	A	G
N0_Mouse	0.0818439667949	0	1691	T	C
N0_Mouse	0.0834977584802	0	619	A	T
N0_Mouse	0.0839055135456	0	1177	C	T
N0_Mouse	0.0840181832305	0	1325	T	C
N0_Mouse	0.0843737242518	0	741	T	C
N0_Mouse	0.0849819707961	0	1002	T	A
N0_Mouse	0.0851660030352	0	658	C	T
N0_Mouse	0.0858889788205	0	1175	A	G
N0_Mouse	0.0862451292904	0	344	T	C
N0_Mouse	0.0868845580161	0	1096	C	T
N0_Mouse	0.088150084729	0	236	T	G
N0_Mouse	0.0883181459321	0	1306	T	C
N0_Mouse	0.088828596765	0	188	A	G
N0_Mouse	0.0888749453961	0	468	C	A
N0_Mouse	0.0889083510633	0	1650	T	A
N0_Mouse	0.0900557935851	0	203	T	C
N0_Mouse	0.0905884253003	0	435	G	C
N0_Mouse	0.0921173282683	0	166	T	C
N0_Mouse	0.0937765829437	0	343	G	A
N0_Mouse	0.0940262108761	0	769	T	C
N0_Mouse	0.0943240016174	0	764	A	G
N0_Mouse	0.0944537622725	0	149	T	C
N0_Mouse	0.0950783509189	0	1284	A	G
N0_Mouse	0.0959019468366	0	1629	G	C
N0_Mouse	0.0959054367416	0	487	C	T
N0_Mouse	0.0979814301337	0	485	G	A
N0_Mouse	0.0986977718415	0	1380	C	A
N0_Mouse	0.0990939382555	0	685	G	A
N0_Mouse	0.0998392960868	0	1313	C	A
N0_Mouse	0.10002828429	0	939	T	G
N0_Mouse	0.100657951113	0	65	T	C
N0_Mouse	0.100803010395	0	691	T	C
N0_Mouse	0.100944720969	0	1327	T	G
N0_Mouse	0.100958433678	0	1001	A	G
N0_Mouse	0.102266357234	0	588	C	T
N0_Mouse	0.103128944431	0	913	G	T
N0_Mouse	0.103505756989	0	480	T	C
N0_Mouse	0.104030215907	0	320	G	C
N0_Mouse	0.104132032921	0	38	A	T
N0_Mouse	0.104746540828	0	67	G	T
N0_Mouse	0.104751155624	0	157	C	T
N0_Mouse	0.105844458859	0	193	C	T
N0_Mouse	0.106249457207	0	1642	A	C
N0_Mouse	0.106484409994	0	813	T	A
N0_Mouse	0.106939059764	0	237	C	T
N0_Mouse	0.107253943317	0	767	T	C
N0_Mouse	0.10811991751	0	704	T	C
N0_Mouse	0.108526516713	0	1171	A	G
N0_Mouse	0.108967044925	0	764	G	A
N0_Mouse	0.109390872254	0	233	C	T
N0_Mouse	0.109443009575	0	1442	A	G
N0_Mouse	0.112312146139	0	1516	A	G
N0_Mouse	0.112414842613	0	930	C	T
N0_Mouse	0.113117411669	0	8	C	A
N0_Mouse	0.113290236157	0	559	G	T
N0_Mouse	0.113318946411	0	906	A	G
N0_Mouse	0.113607325142	0	335	C	T
N0_Mouse	0.115159879686	0	848	A	G
N0_Mouse	0.115283659166	0	153	T	A
N0_Mouse	0.115517243863	0	1064	A	C
N0_Mouse	0.117294822586	0	208	G	A
N0_Mouse	0.11822441709	0	709	G	A
N0_Mouse	0.118531996317	0	464	C	G
N0_Mouse	0.118662343083	0	430	T	G
N0_Mouse	0.118814938619	0	61	T	C
N0_Mouse	0.119091903864	0	1580	T	A
N0_Mouse	0.119397801042	0	358	G	A
N0_Mouse	0.119456426457	0	1209	A	T
N0_Mouse	0.119463360205	0	1628	G	A
N0_Mouse	0.120201044576	0	279	A	T
N0_Mouse	0.120569727601	0	1544	A	G
N0_Mouse	0.121950592278	0	17	A	G
N0_Mouse	0.1220857167	0	799	T	G
N0_Mouse	0.122206717129	0	48	A	G
N0_Mouse	0.122759603965	0	1372	C	T
N0_Mouse	0.123036120081	0	904	G	A
N0_Mouse	0.123097013097	0	1387	T	A
N0_Mouse	0.123182742511	0	992	T	A
N0_Mouse	0.123432152828	0	27	C	T
N0_Mouse	0.123642150635	0	1652	T	C
N0_Mouse	0.123896731606	0	1632	G	A
N0_Mouse	0.124358002036	0	337	G	T
N0_Mouse	0.126515977469	0	628	T	A
N0_Mouse	0.127052426462	0	753	A	G
N0_Mouse	0.127787067462	0	897	G	A
N0_Mouse	0.128575943764	0	224	A	C
N0_Mouse	0.128731099351	0	455	G	T
N0_Mouse	0.12900877795	0	47	C	G
N0_Mouse	0.129603338595	0	1456	T	C
N0_Mouse	0.12967404205	0	1167	C	T
N0_Mouse	0.130242667278	0	1310	C	T
N0_Mouse	0.130348255576	0	341	C	A
N0_Mouse	0.130673880894	0	1677	G	A
N0_Mouse	0.131424811667	0	1419	T	C
N0_Mouse	0.132295880929	0	293	G	A
N0_Mouse	0.132333856044	0	989	T	C
N0_Mouse	0.1327536519	0	1308	T	C
N0_Mouse	0.134038530358	0	971	G	C
N0_Mouse	0.134884945972	0	430	G	A
N0_Mouse	0.136193609654	0	35	A	G
N0_Mouse	0.136831975354	0	768	G	A
N0_Mouse	0.137142765122	0	1191	A	G
N0_Mouse	0.137948837105	0	959	C	T
N0_Mouse	0.138002456035	0	568	C	G
N0_Mouse	0.139574197987	0	1067	A	C
N0_Mouse	0.139937863454	0	137	G	A
N0_Mouse	0.140229127116	0	525	T	C
N0_Mouse	0.140343683204	0	21	T	C
N0_Mouse	0.140395179678	0	1593	C	A
N0_Mouse	0.140688521422	0	1473	G	T
N0_Mouse	0.140981377249	0	1370	T	G
N0_Mouse	0.141129233008	0	1640	T	G
N0_Mouse	0.141397456228	0	585	A	G
N0_Mouse	0.142651904175	0	1208	T	C
N0_Mouse	0.142850049339	0	440	T	A
N0_Mouse	0.143997353889	0	1683	C	T
N0_Mouse	0.144042112912	0	152	C	T
N0_Mouse	0.144285423866	0	16	T	C
N0_Mouse	0.144988579892	0	1252	T	C
N0_Mouse	0.146663288077	0	595	A	T
N0_Mouse	0.147776342854	0	541	T	C
N0_Mouse	0.147966925254	0	176	T	C
N0_Mouse	0.148222371301	0	382	A	T
N0_Mouse	0.149533737547	0	265	A	C
N0_Mouse	0.150052776625	0	635	A	G
N0_Mouse	0.151293478586	0	1131	G	T
N0_Mouse	0.152206019581	0	66	C	A
N0_Mouse	0.152581820043	0	1543	T	A
N0_Mouse	0.153418205471	0	1425	T	G
N0_Mouse	0.153705957769	0	1102	G	A
N0_Mouse	0.15441796881	0	520	T	C
N0_Mouse	0.154945752664	0	120	G	A
N0_Mouse	0.156833596236	0	1442	G	A
N0_Mouse	0.156970680537	0	639	T	A
N0_Mouse	0.157260820796	0	431	C	A
N0_Mouse	0.157321180974	0	1425	G	T
N0_Mouse	0.157655055656	0	1071	A	C
N0_Mouse	0.158395008377	0	57	G	A
N0_Mouse	0.159642131737	0	1201	G	A
N0_Mouse	0.160150894276	0	1464	T	C
N0_Mouse	0.160834345559	0	822	G	A
N0_Mouse	0.161515719201	0	1338	G	T
N0_Mouse	0.162050960173	0	1607	A	G
N0_Mouse	0.162255008561	0	345	C	T
N0_Mouse	0.162390639246	0	956	T	C
N0_Mouse	0.162703359658	0	615	A	G
N0_Mouse	0.162808312429	0	746	A	G
N0_Mouse	0.162815822572	0	793	T	A
N0_Mouse	0.163342711759	0	1277	A	G
N0_Mouse	0.163992705727	0	710	T	C
N0_Mouse	0.164478183468	0	429	C	A
N0_Mouse	0.164878298888	0	88	G	A
N0_Mouse	0.16807092771	0	1382	G	A
N0_Mouse	0.168095797079	0	970	T	C
N0_Mouse	0.168747393994	0	758	A	G
N0_Mouse	0.169936767516	0	825	A	C
N0_Mouse	0.170104418263	0	1130	A	T
N0_Mouse	0.17060691673	0	131	C	T
N0_Mouse	0.17080544288	0	666	G	T
N0_Mouse	0.170969400292	0	550	T	C
N0_Mouse	0.17097971059	0	1594	C	A
N0_Mouse	0.171668421959	0	1393	G	T
N0_Mouse	0.171796225809	0	311	G	A
N0_Mouse	0.171808387647	0	937	T	C
N0_Mouse	0.172730800656	0	1513	T	A
N0_Mouse	0.172769084051	0	974	C	A
N0_Mouse	0.172787660232	0	1300	G	T
N0_Mouse	0.173010903918	0	685	A	C
N0_Mouse	0.173282076568	0	325	T	A
N0_Mouse	0.173324677659	0	265	C	T
N0_Mouse	0.174995971242	0	434	C	A
N0_Mouse	0.175267004246	0	1709	T	A
N0_Mouse	0.175272517779	0	986	A	G
N0_Mouse	0.175399877636	0	1104	C	T
N0_Mouse	0.175861333239	0	150	A	G
N0_Mouse	0.176373654664	0	469	A	G
N0_Mouse	0.176503825151	0	186	T	C
N0_Mouse	0.177361568715	0	1326	G	T
N0_Mouse	0.177431317985	0	1144	G	T
N0_Mouse	0.177674042309	0	1267	G	T
N0_Mouse	0.178093284764	0	1077	T	G
N0_Mouse	0.178516671818	0	1279	A	T
N0_Mouse	0.178604465478	0	1089	C	T
N0_Mouse	0.179552224172	0	33	A	G
N0_Mouse	0.179640297371	0	759	C	T
N0_Mouse	0.179729595048	0	1011	A	G
N0_Mouse	0.18061341992	0	462	G	A
N0_Mouse	0.180618807224	0	393	T	A
N0_Mouse	0.181547375805	0	1059	C	T
N0_Mouse	0.18200235444	0	1647	A	G
N0_Mouse	0.183050690248	0	1038	T	C
N0_Mouse	0.183612487052	0	1705	T	G
N0_Mouse	0.183823721924	0	1448	G	T
N0_Mouse	0.184268127944	0	1542	T	A
N0_Mouse	0.184623482653	0	149	C	A
N0_Mouse	0.18546231464	0	1249	G	T
N0_Mouse	0.185593296187	0	211	C	G
N0_Mouse	0.186162651371	0	1731	T	G
N0_Mouse	0.187036795214	0	1356	C	G
N0_Mouse	0.187396483225	0	1188	T	C
N0_Mouse	0.187616410412	0	1509	A	C
N0_Mouse	0.187841022912	0	929	A	C
N0_Mouse	0.188229588055	0	97	A	C
N0_Mouse	0.188597809606	0	847	C	A
N0_Mouse	0.189236893102	0	1100	T	G
N0_Mouse	0.189290064235	0	1284	G	T
N0_Mouse	0.189325765983	0	376	A	T
N0_Mouse	0.189476611818	0	786	A	C
N0_Mouse	0.189902086118	0	1280	T	G
N0_Mouse	0.190653051933	0	557	G	T
N0_Mouse	0.191629224038	0	1719	T	A
N0_Mouse	0.191707495618	0	878	A	C
N0_Mouse	0.192383625732	0	1352	G	A
N0_Mouse	0.192521493524	0	798	G	T
N0_Mouse	0.193097070941	0	1455	A	T
N0_Mouse	0.193634881005	0	1705	G	T
N0_Mouse	0.193840027002	0	144	T	G
N0_Mouse	0.193998788133	0	53	A	G
N0_Mouse	0.194041204911	0	587	C	T
N0_Mouse	0.194114689692	0	1533	G	C
N0_Mouse	0.194423656083	0	1309	A	G
N0_Mouse	0.194606214147	0	1466	G	A
N0_Mouse	0.194694751739	0	1152	A	T
N0_Mouse	0.19492514034	0	494	A	G
N0_Mouse	0.195210624848	0	1679	C	A
N0_Mouse	0.195789364737	0	1264	A	T
N0_Mouse	0.196677001865	0	465	A	G
N0_Mouse	0.196783575483	0	1643	A	G
N0_Mouse	0.197593400109	0	22	A	T
N0_Mouse	0.197801826365	0	1010	G	A
N0_Mouse	0.198633285745	0	1291	C	G
N0_Mouse	0.198942879389	0	1278	C	A
N0_Mouse	0.19983055387	0	1363	A	T
N0_Mouse	0.200620417539	0	1458	T	C
N0_Mouse	0.20074442863	0	521	G	A
N0_Mouse	0.200789691366	0	960	T	C
N0_Mouse	0.200944329831	0	36	C	T
N0_Mouse	0.201387382008	0	1672	C	T
N0_Mouse	0.201677559574	0	527	C	T
N0_Mouse	0.201697038832	0	1709	A	C
N0_Mouse	0.202175192599	0	1730	C	A
N0_Mouse	0.204360440514	0	22	T	A
N0_Mouse	0.205122061327	0	634	A	G
N0_Mouse	0.206567543275	0	1001	G	A
N0_Mouse	0.206978451823	0	1686	G	A
N0_Mouse	0.207613504735	0	1412	T	C
N0_Mouse	0.207990046966	0	860	T	C
N0_Mouse	0.208104392824	0	558	C	A
N0_Mouse	0.208820596699	0	1320	A	G
N0_Mouse	0.210349312757	0	15	C	T
N0_Mouse	0.210902120242	0	135	T	C
N0_Mouse	0.212342242745	0	1135	G	C
N0_Mouse	0.213436815347	0	1043	A	T
N0_Mouse	0.215447327166	0	141	C	T
N0_Mouse	0.216448144861	0	691	C	T
N0_Mouse	0.216684332539	0	732	A	T
N0_Mouse	0.216740438313	0	87	T	C
N0_Mouse	0.217444649362	0	1033	A	G
N0_Mouse	0.217764660505	0	1495	C	T
N0_Mouse	0.218662438149	0	971	C	T
N0_Mouse	0.219276116603	0	1723	C	T
N0_Mouse	0.220355027059	0	433	A	T
N0_Mouse	0.221057289888	0	950	G	A
N0_Mouse	0.221933837184	0	1578	G	T
N0_Mouse	0.22221672775	0	1243	A	C
N0_Mouse	0.222347078253	0	119	A	G
N0_Mouse	0.222361878155	0	1324	A	G
N0_Mouse	0.222644288936	0	1634	C	G
N0_Mouse	0.222850590097	0	665	G	T
N0_Mouse	0.223000488511	0	1537	A	G
N0_Mouse	0.223956638375	0	284	C	T
N0_Mouse	0.224684012492	0	26	A	C
N0_Mouse	0.225915250471	0	137	A	T
N0_Mouse	0.225921382669	0	241	A	T
N0_Mouse	0.226479232221	0	1659	T	A
N0_Mouse	0.226655909909	0	879	A	T
N0_Mouse	0.226990664762	0	916	G	A
N0_Mouse	0.227430324929	0	1407	A	T
N0_Mouse	0.227515911028	0	1636	T	A
N0_Mouse	0.227620467729	0	300	A	G
N0_Mouse	0.227836588295	0	781	A	G
N0_Mouse	0.229452664942	0	1395	T	C
N0_Mouse	0.230325962176	0	275	T	C
N0_Mouse	0.230344864562	0	1037	G	A
N0_Mouse	0.230374545212	0	547	T	A
N0_Mouse	0.231513577487	0	484	G	A
N0_Mouse	0.231874259262	0	158	A	G
N0_Mouse	0.231953951799	0	795	C	T
N0_Mouse	0.232025743951	0	258	G	A
N0_Mouse	0.232199141109	0	906	G	C
N0_Mouse	0.232304581028	0	1541	G	C
N0_Mouse	0.232397362177	0	220	G	C
N0_Mouse	0.233162000734	0	1185	C	A
N0_Mouse	0.233183711127	0	1002	A	G
N0_Mouse	0.233688815548	0	1087	A	G
N0_Mouse	0.233793905442	0	38	T	G
N0_Mouse	0.235153089983	0	304	C	G
N0_Mouse	0.235392532845	0	822	A	C
N0_Mouse	0.235750617764	0	45	A	G
N0_Mouse	0.236623621358	0	472	C	T
N0_Mouse	0.236833340027	0	1717	G	A
N0_Mouse	0.236837275842	0	6	T	G
N0_Mouse	0.239026705292	0	676	A	T
N0_Mouse	0.239319300939	0	286	T	C
N0_Mouse	0.239337473656	0	144	G	A
N0_Mouse	0.239483834761	0	320	C	T
N0_Mouse	0.242870567168	0	829	A	T
N0_Mouse	0.243431159871	0	435	C	T
N0_Mouse	0.243753321423	0	790	A	G
N0_Mouse	0.24402266039	0	1167	T	G
N0_Mouse	0.245300389568	0	1491	C	A
N0_Mouse	0.245411130903	0	149	A	G
N0_Mouse	0.245994700269	0	246	G	A
N0_Mouse	0.246236245533	0	264	T	A
N0_Mouse	0.24627899156	0	1061	A	C
N0_Mouse	0.246728964645	0	326	A	C
N0_Mouse	0.247029056425	0	683	T	C
N0_Mouse	0.247113444676	0	1477	G	A
N0_Mouse	0.247587388454	0	298	T	C
N0_Mouse	0.247731672361	0	1330	G	C
N0_Mouse	0.248994835005	0	1510	T	A
N0_Mouse	0.249046803152	0	570	T	G
N0_Mouse	0.249080091315	0	1615	T	A
N0_Mouse	0.251115720413	0	435	T	C
N0_Mouse	0.251297374171	0	763	C	T
N0_Mouse	0.252098340973	0	631	T	C
N0_Mouse	0.252226720543	0	1570	C	A
N0_Mouse	0.252408769998	0	143	G	A
N0_Mouse	0.25245563976	0	295	A	T
N0_Mouse	0.253094514126	0	59	T	C
N0_Mouse	0.253415820617	0	342	A	G
N0_Mouse	0.253769761249	0	1542	A	G
N0_Mouse	0.2548543254	0	711	G	C
N0_Mouse	0.256166210738	0	801	T	C
N0_Mouse	0.256927185685	0	1272	T	C
N0_Mouse	0.257051830054	0	287	A	G
N0_Mouse	0.257348102526	0	85	C	T
N0_Mouse	0.25762921985	0	648	A	G
N0_Mouse	0.257935847909	0	1675	G	A
N0_Mouse	0.257979852166	0	948	T	A
N0_Mouse	0.258502924244	0	1424	G	T
N0_Mouse	0.258828015162	0	410	A	C
N0_Mouse	0.259114268897	0	650	C	G
N0_Mouse	0.259139276189	0	1439	T	C
N0_Mouse	0.259563240028	0	1308	C	A
N0_Mouse	0.259570936765	0	206	G	C
N0_Mouse	0.260288848267	0	1515	A	T
N0_Mouse	0.261141755968	0	1367	T	A
N0_Mouse	0.261199287807	0	947	G	A
N0_Mouse	0.261709324696	0	29	A	T
N0_Mouse	0.262046205852	0	226	G	T
N0_Mouse	0.263332256644	0	1667	G	A
N0_Mouse	0.263385082018	0	343	A	G
N0_Mouse	0.263550590936	0	736	A	G
N0_Mouse	0.265643937447	0	1542	G	T
N0_Mouse	0.266692026258	0	281	A	G
N0_Mouse	0.266910511456	0	750	C	A
N0_Mouse	0.267120343928	0	148	A	G
N0_Mouse	0.26941366481	0	120	A	G
N0_Mouse	0.270396069467	0	1484	C	T
N0_Mouse	0.270574589407	0	351	G	T
N0_Mouse	0.270722604708	0	1593	A	G
N0_Mouse	0.272608361535	0	1077	G	C
N0_Mouse	0.272675288205	0	654	A	C
N0_Mouse	0.273804072377	0	1268	G	T
N0_Mouse	0.273820035618	0	1010	A	T
N0_Mouse	0.2739060474	0	1474	G	A
N0_Mouse	0.274343837685	0	1409	A	T
N0_Mouse	0.274392203048	0	1729	G	A
N0_Mouse	0.274553412296	0	1597	G	T
N0_Mouse	0.274555620782	0	1396	C	A
N0_Mouse	0.274593830154	0	694	T	A
N0_Mouse	0.274888065851	0	958	T	A
N0_Mouse	0.275040643813	0	1265	A	G
N0_Mouse	0.27522665572	0	1089	T	G
N0_Mouse	0.276157801316	0	47	G	A
N0_Mouse	0.276347178475	0	1282	A	G
N0_Mouse	0.277183743149	0	1334	C	T
N0_Mouse	0.278097717542	0	1724	A	T
N0_Mouse	0.278469298955	0	391	T	G
N0_Mouse	0.281836815187	0	1002	G	A
N0_Mouse	0.282280283782	0	627	A	G
N0_Mouse	0.283440661125	0	1166	C	T
N0_Mouse	0.286048336018	0	1452	G	T
N0_Mouse	0.287267152526	0	1453	G	T
N0_Mouse	0.287390974383	0	734	A	T
N0_Mouse	0.288019542841	0	1358	C	T
N0_Mouse	0.288710620724	0	26	C	G
N0_Mouse	0.288771521323	0	42	T	A
N0_Mouse	0.289626087956	0	1647	G	A
N0_Mouse	0.290028870389	0	1239	G	T
N0_Mouse	0.290036891927	0	1004	C	G
N0_Mouse	0.290411443153	0	494	G	C
N0_Mouse	0.292086756285	0	1316	A	G
N0_Mouse	0.292922981593	0	101	C	T
N0_Mouse	0.293421516028	0	714	T	C
N0_Mouse	0.294426353894	0	1378	T	C
N0_Mouse	0.294605437513	0	157	T	C
N0_Mouse	0.295919981738	0	238	T	C
N0_Mouse	0.296042290853	0	205	T	C
N0_Mouse	0.297403062011	0	326	C	T
N0_Mouse	0.298090575205	0	832	G	T
N0_Mouse	0.298559211161	0	244	T	A
N0_Mouse	0.299228484866	0	638	T	C
N0_Mouse	0.299579290068	0	311	A	C
N0_Mouse	0.300502720037	0	599	T	C
N0_Mouse	0.300533771122	0	1667	A	C
N0_Mouse	0.300950463321	0	1482	T	G
N0_Mouse	0.302897365682	0	1061	C	A
N0_Mouse	0.302946671584	0	266	A	G
N0_Mouse	0.303341049009	0	1469	T	C
N0_Mouse	0.303580627701	0	414	G	A
N0_Mouse	0.304541972897	0	1689	C	A
N0_Mouse	0.304567215689	0	1142	C	T
N0_Mouse	0.30803210413	0	278	A	G
N0_Mouse	0.30925640241	0	1328	G	A
N0_Mouse	0.309346035262	0	327	C	A
N0_Mouse	0.309673521274	0	727	C	T
N0_Mouse	0.310390094465	0	6	G	A
N0_Mouse	0.311102904338	0	620	A	G
N0_Mouse	0.311267315177	0	1694	C	T
N0_Mouse	0.31133678043	0	442	T	C
N0_Mouse	0.31283857591	0	417	A	T
N0_Mouse	0.313813357354	0	493	T	A
N0_Mouse	0.313871473807	0	356	A	G
N0_Mouse	0.313970188729	0	1097	C	A
N0_Mouse	0.314050370641	0	1537	G	C
N0_Mouse	0.314629061291	0	639	A	C
N0_Mouse	0.314680744926	0	89	A	T
N0_Mouse	0.314733384618	0	897	A	G
N0_Mouse	0.314867152722	0	15	T	A
N0_Mouse	0.314971664411	0	944	A	G
N0_Mouse	0.315540762744	0	1451	G	C
N0_Mouse	0.315794880698	0	194	C	G
N0_Mouse	0.316280713661	0	1095	T	A
N0_Mouse	0.318692187099	0	451	C	T
N0_Mouse	0.318952013032	0	1141	A	G
N0_Mouse	0.318981660308	0	1335	A	G
N0_Mouse	0.319002421976	0	1161	A	G
N0_Mouse	0.320266040727	0	1039	G	T
N0_Mouse	0.321881611222	0	1009	G	A
N0_Mouse	0.322530093655	0	48	G	A
N0_Mouse	0.323856612676	0	102	T	G
N0_Mouse	0.324412415003	0	1290	A	C
N0_Mouse	0.324785846602	0	314	T	C
N0_Mouse	0.325158509406	0	1576	T	C
N0_Mouse	0.325452876229	0	425	A	T
N0_Mouse	0.326097491947	0	177	A	C
N0_Mouse	0.326482901895	0	756	A	G
N0_Mouse	0.32663418729	0	1626	A	C
N0_Mouse	0.327089826451	0	247	C	T
N0_Mouse	0.327735222473	0	1216	T	C
N0_Mouse	0.327759730184	0	1658	G	T
N0_Mouse	0.327973293343	0	811	T	C
N0_Mouse	0.328553790825	0	1489	T	A
N0_Mouse	0.328623614329	0	311	C	G
N0_Mouse	0.328725254561	0	753	G	A
N0_Mouse	0.329123471683	0	417	T	G
N0_Mouse	0.333121737721	0	371	A	G
N0_Mouse	0.333479208428	0	802	C	G
N0_Mouse	0.333683327255	0	694	A	G
N0_Mouse	0.334054180595	0	397	G	A
N0_Mouse	0.33428478314	0	691	T	C
N0_Mouse	0.334298508258	0	249	G	T
N0_Mouse	0.334640823219	0	1306	C	A
N0_Mouse	0.334744000111	0	1326	T	C
N0_Mouse	0.335415535529	0	1131	T	A
N0_Mouse	0.336913503773	0	1505	T	C
N0_Mouse	0.336962306493	0	43	A	T
N0_Mouse	0.337798886	0	113	G	A
N0_Mouse	0.339231296843	0	39	C	A
N0_Mouse	0.340590121623	0	1171	G	C
N0_Mouse	0.340593693272	0	571	T	A
N0_Mouse	0.34129215572	0	1209	T	C
N0_Mouse	0.341903624454	0	752	G	A
N0_Mouse	0.341956658903	0	603	A	G
N0_Mouse	0.343634727393	0	27	T	G
N0_Mouse	0.344828133506	0	206	C	T
N0_Mouse	0.345501618431	0	132	A	G
N0_Mouse	0.346112185255	0	841	A	T
N0_Mouse	0.34798945893	0	729	T	C
N0_Mouse	0.349424872661	0	464	G	T
N0_Mouse	0.349842373154	0	190	G	C
N0_Mouse	0.351647720342	0	911	G	T
N0_Mouse	0.35196161608	0	1644	A	G
N0_Mouse	0.352178728201	0	1148	T	A
N0_Mouse	0.353289858926	0	1264	T	A
N0_Mouse	0.353383602694	0	1699	C	T
N0_Mouse	0.353735878852	0	743	G	C
N0_Mouse	0.354008896157	0	1696	G	C
N0_Mouse	0.354683101081	0	133	T	C
N0_Mouse	0.356131138549	0	338	T	G
N0_Mouse	0.356410438396	0	757	G	T
N0_Mouse	0.356556329108	0	491	A	G
N0_Mouse	0.356764217763	0	1576	C	G
N0_Mouse	0.358062976559	0	1421	T	C
N0_Mouse	0.358408956231	0	685	C	T
N0_Mouse	0.358762527933	0	700	G	C
N0_Mouse	0.360531815057	0	1510	A	G
N0_Mouse	0.360619563974	0	481	A	G
N0_Mouse	0.360666845994	0	426	A	G
N0_Mouse	0.361051979254	0	1310	T	A
N0_Mouse	0.361088069991	0	525	C	G
N0_Mouse	0.362082343759	0	1327	G	A
N0_Mouse	0.362378131699	0	818	C	G
N0_Mouse	0.36333093097	0	330	A	T
N0_Mouse	0.363608974752	0	1708	A	G
N0_Mouse	0.365295703576	0	376	T	G
N0_Mouse	0.365310705616	0	1214	C	T
N0_Mouse	0.365948643082	0	677	G	T
N0_Mouse	0.366075927496	0	690	A	C
N0_Mouse	0.366796928302	0	1637	C	A
N0_Mouse	0.366894531385	0	30	A	C
N0_Mouse	0.367098997836	0	329	G	T
N0_Mouse	0.367483340672	0	1672	T	G
N0_Mouse	0.367618188348	0	759	T	G
N0_Mouse	0.36806563342	0	490	T	A
N0_Mouse	0.368266657166	0	709	A	G
N0_Mouse	0.368997662351	0	1306	A	T
N0_Mouse	0.369007263263	0	545	G	C
N0_Mouse	0.370504677288	0	528	A	C
N0_Mouse	0.37106260702	0	1076	T	G
N0_Mouse	0.371170422621	0	644	A	G
N0_Mouse	0.371674163713	0	529	T	C
N0_Mouse	0.371883704004	0	26	G	A
N0_Mouse	0.371947589346	0	603	G	A
N0_Mouse	0.373441622824	0	1005	A	G
N0_Mouse	0.373928224872	0	1171	C	T
N0_Mouse	0.374608957955	0	1475	C	A
N0_Mouse	0.375750714702	0	97	C	G
N0_Mouse	0.37582291963	0	1352	A	T
N0_Mouse	0.375927668509	0	330	T	C
N0_Mouse	0.375972816459	0	1652	C	T
N0_Mouse	0.377543037558	0	1135	C	T
N0_Mouse	0.377612939379	0	1659	A	T
N0_Mouse	0.379583345947	0	1162	T	C
N0_Mouse	0.382605583391	0	1317	G	C
N0_Mouse	0.382761783883	0	867	T	G
N0_Mouse	0.38338452111	0	1208	C	A
N0_Mouse	0.383914692287	0	1318	T	C
N0_Mouse	0.383933503162	0	294	A	T
N0_Mouse	0.384176447245	0	1545	C	T
N0_Mouse	0.384412323223	0	826	T	G
N0_Mouse	0.384725219893	0	1575	G	A
N0_Mouse	0.386104810763	0	204	A	T
N0_Mouse	0.38612108241	0	124	C	T
N0_Mouse	0.386606577169	0	1454	A	T
N0_Mouse	0.387203482205	0	763	T	A
N0_Mouse	0.387713055354	0	933	G	A
N0_Mouse	0.387744040777	0	1329	A	G
N0_Mouse	0.388650263049	0	225	T	C
N0_Mouse	0.388883587822	0	476	G	A
N0_Mouse	0.388951556691	0	1622	T	A
N0_Mouse	0.388987270534	0	784	G	T
N0_Mouse	0.389031416953	0	552	G	T
N0_Mouse	0.389410908266	0	1525	T	C
N0_Mouse	0.389605988129	0	117	T	C
N0_Mouse	0.390025221732	0	69	C	G
N0_Mouse	0.391904681508	0	1093	A	T
N0_Mouse	0.392191209143	0	877	A	C
N0_Mouse	0.394620974699	0	402	G	A
N0_Mouse	0.394760796971	0	959	T	C
N0_Mouse	0.395529955165	0	1203	G	T
N0_Mouse	0.395810631245	0	1622	A	G
N0_Mouse	0.396452073985	0	649	G	T
N0_Mouse	0.396505847754	0	244	A	T
N0_Mouse	0.396670753145	0	790	G	T
N0_Mouse	0.396872912046	0	1164	G	A
N0_Mouse	0.397954688528	0	430	A	T
N0_Mouse	0.398726567679	0	1479	T	C
N0_Mouse	0.399338383436	0	1270	G	A
N0_Mouse	0.399364962134	0	1435	A	T
N0_Mouse	0.39984182152	0	1108	G	T
N0_Mouse	0.400006286766	0	442	C	T
N0_Mouse	0.400085995435	0	113	A	T
N0_Mouse	0.400380458501	0	694	G	C
N0_Mouse	0.401393407441	0	367	A	C
N0_Mouse	0.40163468275	0	790	T	A
N0_Mouse	0.402045063068	0	617	A	G
N0_Mouse	0.402295068604	0	158	G	A
N0_Mouse	0.403785790789	0	548	C	T
N0_Mouse	0.405161198674	0	1440	G	A
N0_Mouse	0.405166648397	0	1225	A	T
N0_Mouse	0.406085026712	0	1160	T	G
N0_Mouse	0.406486460987	0	553	A	T
N0_Mouse	0.408424035888	0	158	A	G
N0_Mouse	0.408572315792	0	563	G	A
N0_Mouse	0.409651680579	0	1416	T	G
N0_Mouse	0.409666289085	0	235	A	G
N0_Mouse	0.410723859612	0	771	T	C
N0_Mouse	0.410744342079	0	729	C	G
N0_Mouse	0.411295608595	0	1288	C	G
N0_Mouse	0.411556987845	0	205	C	T
N0_Mouse	0.411756874714	0	83	G	A
N0_Mouse	0.412080960346	0	1696	C	T
N0_Mouse	0.412118790908	0	1693	T	C
N0_Mouse	0.412486567045	0	465	G	A
N0_Mouse	0.412580939658	0	270	C	A
N0_Mouse	0.412660627827	0	453	G	A
N0_Mouse	0.412841590274	0	26	A	G
N0_Mouse	0.412883657567	0	522	G	A
N0_Mouse	0.413101483899	0	904	A	T
N0_Mouse	0.413494024236	0	1300	T	C
N0_Mouse	0.41375962055	0	1450	T	G
N0_Mouse	0.414095694052	0	1718	G	T
N0_Mouse	0.414137273082	0	1701	A	G
N0_Mouse	0.414818569555	0	1365	G	T
N0_Mouse	0.416808319965	0	1529	C	T
N0_Mouse	0.416969216229	0	1228	G	A
N0_Mouse	0.417100554785	0	893	T	G
N0_Mouse	0.417225654107	0	1211	A	G
N0_Mouse	0.418307971256	0	1444	A	T
N0_Mouse	0.418872993547	0	957	G	T
N0_Mouse	0.419378589992	0	547	A	G
N0_Mouse	0.419460358902	0	1718	T	G
N0_Mouse	0.419473393604	0	1338	T	A
N0_Mouse	0.419708634221	0	116	A	G
N0_Mouse	0.419927886938	0	1004	G	T
N0_Mouse	0.420643148929	0	1690	G	C
N0_Mouse	0.422612941168	0	328	A	G
N0_Mouse	0.422908498998	0	1693	C	T
N0_Mouse	0.423718959852	0	486	C	T
N0_Mouse	0.423767662231	0	121	T	C
N0_Mouse	0.42522452811	0	1120	C	A
N0_Mouse	0.425834107762	0	1494	A	G
N0_Mouse	0.426125172721	0	913	T	C
N0_Mouse	0.426235672661	0	536	G	T
N0_Mouse	0.427717467798	0	687	T	C
N0_Mouse	0.428420278781	0	1590	C	A
N0_Mouse	0.430018423163	0	1686	A	G
N0_Mouse	0.430501397422	0	754	T	C
N0_Mouse	0.431625268648	0	1003	A	G
N0_Mouse	0.431631891367	0	603	A	T
N0_Mouse	0.43179857488	0	7	A	G
N0_Mouse	0.432101535705	0	312	T	G
N0_Mouse	0.432221061597	0	538	T	C
N0_Mouse	0.432440123359	0	1187	T	C
N0_Mouse	0.432507562534	0	359	G	T
N0_Mouse	0.433448553409	0	950	A	T
N0_Mouse	0.43385243378	0	703	T	A
N0_Mouse	0.434158307768	0	1614	T	A
N0_Mouse	0.434510950868	0	75	A	G
N0_Mouse	0.434829468585	0	114	T	A
N0_Mouse	0.434951459866	0	1317	C	T
N0_Mouse	0.435732671752	0	140	T	A
N0_Mouse	0.435879772352	0	1519	T	A
N0_Mouse	0.437582276766	0	180	A	G
N0_Mouse	0.437974105051	0	544	T	A
N0_Mouse	0.43820180453	0	929	C	A
N0_Mouse	0.43832248391	0	75	G	A
N0_Mouse	0.43846491592	0	1052	G	T
N0_Mouse	0.439018298307	0	1711	T	A
N0_Mouse	0.439584671693	0	591	C	G
N0_Mouse	0.441571183709	0	1592	A	C
N0_Mouse	0.441741779666	0	754	C	A
N0_Mouse	0.442442959783	0	1289	C	A
N0_Mouse	0.442813613266	0	1057	T	C
N0_Mouse	0.443009802335	0	1161	G	T
N0_Mouse	0.443519212433	0	564	G	T
N0_Mouse	0.444555072161	0	1334	T	C
N0_Mouse	0.445546530596	0	161	A	C
N0_Mouse	0.446020907621	0	617	G	T
N0_Mouse	0.446624949773	0	1295	A	C
N0_Mouse	0.446881622811	0	601	T	C
N0_Mouse	0.446901554599	0	814	G	T
N0_Mouse	0.44717708724	0	1488	T	A
N0_Mouse	0.447580174697	0	1463	A	C
N0_Mouse	0.447982090411	0	52	G	T
N0_Mouse	0.448305945306	0	615	G	A
N0_Mouse	0.448356539206	0	469	G	A
N0_Mouse	0.448469688886	0	236	G	A
N0_Mouse	0.448802373495	0	1116	A	T
N0_Mouse	0.450517352287	0	378	A	C
N0_Mouse	0.451202896434	0	79	A	G
N0_Mouse	0.451919174887	0	791	T	A
N0_Mouse	0.452565608304	0	1171	T	G
N0_Mouse	0.452676915952	0	1595	G	T
N0_Mouse	0.452734305994	0	1479	C	T
N0_Mouse	0.452755605862	0	401	C	T
N0_Mouse	0.454532773832	0	341	A	C
N0_Mouse	0.45541143437	0	632	G	A
N0_Mouse	0.455699614506	0	752	A	C
N0_Mouse	0.455993329893	0	591	G	A
N0_Mouse	0.456473209261	0	79	G	A
N0_Mouse	0.457113849277	0	286	C	T
N0_Mouse	0.457195104278	0	413	G	C
N0_Mouse	0.458006851815	0	37	A	G
N0_Mouse	0.45855052445	0	499	C	T
