edge	time	mut_orlg	mut_pos	old_state	new_state
N0_kluyveri	0.0167912019212	0	87	ACC	ACT
N0_kluyveri	0.01844331043	0	113	TAT	TAC
N0_kluyveri	0.0201065283047	0	20	TGC	TGT
D1_N1	0.00513455561049	2	113	TAT	TAC
D1_N1	0.00648873192962	1	42	CCA	CCG
D1_N1	0.00672624945042	2	156	GGA	AGA
D1_N1	0.0206753913331	2	51	ACG	ACA
D1_N1	0.0218006659519	2	140	TTA	TTG
D1_N1	0.0291260864504	1	152	CTG	CTT
D1_N1	0.0296355901024	2	126	TCG	TCA
D1_N1	0.0342776641696	1	35	TCC	ACC
D1_N1	0.0360044949504	1	54	ACT	ACC
D1_N1	0.0399828744393	1	51	ACG	ACA
D1_N1	0.0430697233974	2	31	TTT	TTC
D1_N1	0.0434715463509	1	15	GCA	GCC
D1_N1	0.0443823475633	1	55	ATT	ATC
D1_N1	0.0470658880006	2	20	TGC	TGT
D1_N1	0.0491010606912	1	116	CTT	TTT
D1_N1	0.0501325079182	1	105	CCC	CCA
D1_N1	0.0513543525986	2	72	ACG	ACA
D1_N1	0.0518713602354	2	25	ACT	ACC
D1_N1	0.0547503672953	1	28	TGT	TGC
D1_N1	0.0569316306561	2	57	AAT	AAC
D1_N1	0.061835510602	2	133	CCA	CCG
D1_N1	0.0627542423451	1	158	CTG	TTG
D1_N1	0.0643311745366	2	5	ACG	ACA
D1_N1	0.0655500034321	1	84	ATT	ATC
D1_N1	0.0658006957227	2	82	ACA	ACG
D1_N1	0.0670859973292	1	34	TTG	TTA
D1_N1	0.0678237121466	2	154	TTC	TTT
D1_N1	0.0697740071283	2	16	GAA	GAG
D1_N1	0.0762542440449	1	61	CTT	CTC
D1_N1	0.0785400412586	1	29	ACC	ACT
D1_N1	0.081137204067	2	126	TCA	CCA
D1_N1	0.0817157907367	1	113	TAT	TAC
D1_N1	0.0844002272534	2	14	GAA	AAA
D1_N1	0.0850288396775	1	96	ACC	ACT
D1_N1	0.0862632096518	1	83	TGC	TGT
D1_N1	0.0912008051515	2	144	GTT	GTA
D1_N1	0.0939560069708	2	46	GAT	GAC
D1_N1	0.096296560945	1	14	GAA	GAG
D1_N1	0.0983684939806	1	140	TTA	CTA
D1_N1	0.102030156808	2	19	AGT	AGC
D1_N1	0.102578678442	1	68	AGA	AGG
D1_N1	0.109136088038	2	158	CTG	CTA
D1_N1	0.111775534674	2	69	CCG	CCA
D1_N1	0.112231737758	2	54	ACC	ACT
D1_N1	0.11279144265	1	143	CTT	CTC
D1_N1	0.114054890088	2	116	CTT	CTC
D1_N1	0.116677985117	1	88	TTA	CTA
D1_N1	0.118851293297	1	155	GTT	GTC
D1_N1	0.122531543999	2	91	TCC	TCT
D1_N1	0.12402468534	2	152	CTG	TTG
D1_N1	0.125585765117	2	108	AAG	AAA
D1_N1	0.125863685644	1	95	AAT	AAC
D1_N1	0.126517786317	2	76	TGT	TGC
D1_N1	0.127441554424	2	98	ACA	ACG
D1_N1	0.12754552458	2	24	TCG	CCG
D1_N1	0.128538369398	2	156	AGA	AGG
D1_N1	0.130942651513	1	92	GCG	GCA
D1_N1	0.131664938266	1	5	ACG	ACT
D1_N1	0.134578151482	1	129	CTC	CTT
D1_N1	0.136547037421	1	64	TCT	TCC
D1_N1	0.139732935484	2	48	ACT	ACC
D1_N1	0.14163296527	2	119	CTG	CTA
D1_N1	0.143631239966	2	142	TTC	TTT
D1_N1	0.143966497046	1	72	ACG	ACA
D1_N1	0.144315715688	1	104	TTG	TTA
D1_N1	0.154708781216	2	58	TTC	TTT
D1_N1	0.155460169324	2	14	AAA	AAG
D1_N1	0.157552998345	2	101	TTT	TTC
D1_N1	0.158401933231	1	68	AGG	AGA
D1_N1	0.159824221736	1	157	TCC	TCT
D1_N1	0.160005305567	1	58	TTC	TTT
D1_N1	0.163620840297	2	29	ACC	ATC
D1_N1	0.177923812663	2	158	CTA	CTG
D1_N1	0.180393083709	2	29	ATC	ATT
D1_N1	0.182732107687	2	120	GCG	GCA
D1_N1	0.183886235962	1	4	AAT	AAC
D1_N1	0.187456267615	1	53	TAT	TAC
D1_N1	0.192419770102	1	6	TTC	TTT
D1_N1	0.198621204026	2	80	AGT	AGC
D1_N1	0.198845005336	2	47	CGA	CGG
D1_N1	0.199051921936	1	41	CCG	CTG
D1_N1	0.207461219562	1	44	AGA	AGG
D1_N1	0.211873387626	1	57	AAT	AAC
N1_castellii	0.000449362234889	1	158	TTG	TTA
N1_castellii	0.00155783239908	1	108	AAG	AAA
N1_castellii	0.0038332239298	2	147	CTC	CTT
N1_castellii	0.0067908146437	1	127	CCA	CCT
N1_castellii	0.00795771145703	2	129	CTC	CTT
N1_castellii	0.0177062963297	2	72	ACA	GCA
N1_castellii	0.0210681909545	1	61	CTC	CTT
N1_castellii	0.0248650638634	2	95	AAT	AAC
N1_castellii	0.0262715874292	2	48	ACC	ACT
N1_castellii	0.0290260896604	2	53	TAT	TAC
N1_castellii	0.0304561899071	2	63	AGG	AGA
N1_castellii	0.0336658970004	1	57	AAC	AAT
N1_castellii	0.0353397530562	2	158	CTG	CTA
N1_castellii	0.0365313413967	1	135	CTC	CTT
N1_castellii	0.0397792284573	1	145	TCG	TCA
N1_castellii	0.0619111452876	2	29	ATT	ATC
N1_castellii	0.0665025175078	1	48	ACT	ACA
N1_castellii	0.067328254372	2	7	CAT	CGT
N1_castellii	0.0730361563392	1	113	TAC	TAT
N1_castellii	0.0732951336059	1	95	AAC	AAT
N1_castellii	0.0740573636058	2	21	TGT	TAT
N1_castellii	0.0761303668854	2	144	GTA	GTG
N1_castellii	0.0772455789067	2	128	TGT	TGC
N1_castellii	0.0779477995695	1	72	ACA	ACG
N1_castellii	0.0804406614631	2	23	GTT	GTC
N1_castellii	0.0847226890636	1	68	AGA	AGT
N1_castellii	0.0870403651042	2	15	GCC	TCC
N1_castellii	0.0877620754334	2	115	CAT	TAT
N1_castellii	0.093291417125	1	63	AGG	AGA
N1_castellii	0.0944834915093	1	38	CTG	CTA
N1_castellii	0.0958472151124	1	80	AGT	AGC
N1_castellii	0.0980892339972	2	110	ACT	ACC
N1_castellii	0.100307700733	2	76	TGC	TGT
N1_castellii	0.100819879106	1	96	ACT	ACC
N1_castellii	0.102773852979	2	21	TAT	TAC
N1_castellii	0.111179384168	2	87	ACC	ACA
N1_castellii	0.122423272861	1	109	CCG	CCA
N1_castellii	0.123527087505	1	151	AAG	AAA
N1_castellii	0.128780496223	2	120	GCA	GCT
N1_castellii	0.130916579718	1	53	TAC	TAT
N1_castellii	0.131364057279	2	32	TAT	TAC
N1_castellii	0.133138404151	1	85	GTT	GTC
N1_castellii	0.13399100805	1	46	GAT	GAC
N1_castellii	0.134707768754	1	79	CCT	CTT
N1_castellii	0.134729867549	2	88	TTA	TCA
N1_castellii	0.136026688097	2	13	ATC	ATT
N1_castellii	0.136679906858	2	15	TCC	TCT
N1_castellii	0.136713159064	1	70	TCG	TCA
N1_castellii	0.137621876453	2	90	GTA	ATA
N1_castellii	0.137655739772	2	102	ATA	ATT
N1_castellii	0.141217105258	1	83	TGT	TGC
N1_castellii	0.141261538319	2	135	CTC	CTT
N1_castellii	0.146883984758	1	11	CCG	CCA
N1_castellii	0.148995214054	1	104	TTA	TTG
N1_castellii	0.152234697458	1	100	AGG	TGG
N1_castellii	0.155100578713	2	92	GCG	GCA
N1_castellii	0.15510546172	2	93	CTG	TTG
N1_castellii	0.157831986696	2	20	TGC	TGT
N1_castellii	0.158998303262	2	87	ACA	ACG
N1_castellii	0.167974162711	1	3	ACG	ACA
N1_castellii	0.169163728332	2	129	CTT	CTC
N1_castellii	0.170060223291	1	131	AAC	AAT
N1_castellii	0.17228193462	1	107	CTT	CTC
N1_castellii	0.173619470848	1	149	TGG	TTG
N1_castellii	0.178798180915	2	13	ATT	ATC
N1_N2	0.00230195860016	2	101	TTC	TTT
N1_N2	0.00481337637333	2	46	GAC	GAT
N1_N2	0.00490966678876	2	26	AGA	AGG
N1_N2	0.00718045001672	2	105	CCC	CCT
N1_N2	0.0084451236435	2	49	CAG	CAA
N1_N2	0.00849994869678	2	70	TCG	TCA
N1_N2	0.00920813938548	1	114	CTC	CCC
N1_N2	0.00930313040473	2	54	ACT	ACC
N1_N2	0.0147373082219	2	30	ATA	ATC
N1_N2	0.0156125470192	2	119	CTA	TTA
N1_N2	0.0166947091857	2	108	AAA	AAG
N1_N2	0.0227094041537	1	81	CTA	CTG
N1_N2	0.0287731029815	2	150	AAA	AGA
N1_N2	0.0309156350231	2	20	TGC	TGT
N1_N2	0.0319610919243	2	51	ACA	ACG
N1_N2	0.0361134832979	2	26	AGG	AGA
N1_N2	0.0384408581888	1	64	TCC	TCT
N1_N2	0.0388642366349	2	115	CAT	CAG
N1_N2	0.0466111716205	2	94	ACT	ACC
N1_N2	0.0479334764954	1	110	ACT	ACC
N1_N2	0.0527788793508	1	48	ACT	ACC
N1_N2	0.0553133916376	1	17	TCG	TCA
N1_N2	0.0560229041349	1	3	ACG	ACA
N1_N2	0.0573418399121	2	15	GCC	GCT
N1_N2	0.0577786058556	1	94	ACT	ACC
N1_N2	0.0579781589959	1	146	AAT	AGT
N1_N2	0.0582541651675	2	50	AGT	AGG
N1_N2	0.0601208990181	2	65	AGA	AGG
N1_N2	0.0693986544539	2	24	CCG	CCA
N1_N2	0.0696327467634	1	110	ACC	ACT
N1_N2	0.0718321252066	1	122	CAT	CAC
N1_N2	0.0734954259871	1	136	TAT	TAC
N1_N2	0.0838413453339	2	19	AGC	AGT
N1_N2	0.0854850495314	1	39	TAT	TAC
N1_N2	0.0915928464866	2	0	GGA	GGG
N1_N2	0.0922698542526	1	99	ATC	ATT
N1_N2	0.0954041977379	1	25	ACT	ACC
N1_N2	0.0977452329303	2	156	AGG	AGA
N1_N2	0.0980112269737	2	41	CCG	CTG
N1_N2	0.100700642875	1	3	ACA	ACG
N1_N2	0.101803980553	1	162	CCT	CCC
N1_N2	0.102020258022	1	38	CTG	CTA
N1_N2	0.104188416469	2	96	ACC	ACT
N1_N2	0.104482985981	2	108	AAG	AAA
N1_N2	0.107277850123	1	13	ATC	ATT
N1_N2	0.10760451676	1	120	GCG	GCA
N1_N2	0.108533049519	1	146	AGT	AGC
N1_N2	0.10894535198	1	63	AGG	AGA
N1_N2	0.108965500709	2	122	CAT	CAC
N1_N2	0.110306645302	2	70	TCA	TCC
N1_N2	0.110643900413	2	123	GAG	GAA
N1_N2	0.117241333876	2	115	CAG	CAA
N1_N2	0.119650613149	2	48	ACC	ACT
N1_N2	0.120347021751	2	82	ACG	ACA
N1_N2	0.120587256435	2	13	ATC	ATT
N1_N2	0.121387149559	2	22	CGA	CGG
N1_N2	0.127387194129	1	114	CCC	CCT
N1_N2	0.127794392457	1	104	TTA	CTA
N1_N2	0.129757058201	2	107	CTT	TTT
N1_N2	0.133519731958	1	154	TTC	TTT
N1_N2	0.135431598596	1	41	CTG	TTG
N1_N2	0.139032989547	1	110	ACT	ACC
N1_N2	0.13943656042	1	138	ACA	ACG
N1_N2	0.144542835297	2	155	GTT	GTC
N1_N2	0.147045523519	1	107	CTT	CTC
N1_N2	0.148202305945	2	52	GTT	GTC
N1_N2	0.149343199776	1	36	GAT	GAC
N1_N2	0.157995607594	2	44	AGA	AGG
N1_N2	0.158048312459	2	119	TTA	CTA
N1_N2	0.162132236701	1	47	CGA	CGG
N1_N2	0.162170113046	2	99	ATC	ATT
N1_N2	0.16920920394	1	110	ACC	AAC
N1_N2	0.170300393235	2	42	CCG	CCA
N1_N2	0.171523099731	2	120	GCA	GCG
N1_N2	0.176301151436	1	54	ACC	ACT
N1_N2	0.176901094942	1	110	AAC	AAT
N1_N2	0.181891084342	2	88	TTA	CTA
N1_N2	0.190249408655	1	119	CTG	TTG
N1_N2	0.190250286277	2	49	CAA	CAG
N1_N2	0.199098354699	1	95	AAC	ATC
N1_N2	0.204712847797	2	122	CAC	CAT
N1_N2	0.205200865071	1	31	TTT	TTC
N1_N2	0.205290904729	2	146	AAT	CAT
N2_bayanus	0.000480586366471	2	22	CGG	CGA
N2_bayanus	0.000588400059885	1	68	AGA	AGG
N2_bayanus	0.00460063321673	2	70	TCC	TCG
N2_bayanus	0.0107824252511	2	25	ACT	ACC
N2_bayanus	0.0167598441799	2	15	GCT	GTT
N2_bayanus	0.018500207699	1	58	TTT	TTC
N2_bayanus	0.0192897136872	2	97	GCC	GCT
N2_N3	0.000105790467982	2	143	CTT	CCT
N2_N3	0.00483577715258	2	135	CTC	CTT
N2_N3	0.00754190849474	1	159	TTA	TTG
N2_N3	0.00906042209684	2	29	ATT	ATC
N2_N3	0.0099436397188	2	17	TCG	TCA
N2_N3	0.0108773044862	1	123	GAG	GAA
N2_N3	0.0145655813677	2	6	TTC	TTT
N2_N3	0.014992065648	2	65	AGG	AGA
N2_N3	0.0156077028699	2	98	ACG	ACA
N2_N3	0.0171762452506	1	156	GGA	GGG
N3_kudriavzevii	0.00411791918646	1	140	CTA	TTA
N3_kudriavzevii	0.00776681379312	2	43	ATT	ATC
N3_kudriavzevii	0.00980898431139	1	99	ATT	GTT
N3_kudriavzevii	0.0128694621635	2	162	CCT	CCC
N3_kudriavzevii	0.0145235605775	1	22	CGA	CGC
N3_kudriavzevii	0.0166904945117	2	163	GCC	GCT
N3_kudriavzevii	0.0175037460346	2	108	AAA	GAA
N3_kudriavzevii	0.0257538734964	2	70	TCC	TCT
N3_kudriavzevii	0.0265029966905	2	92	GCG	GCA
N3_kudriavzevii	0.0266714529321	2	22	CGG	CGT
N3_kudriavzevii	0.0308258639506	1	44	AGG	CGG
N3_kudriavzevii	0.0326702657789	2	92	GCA	GCG
N3_kudriavzevii	0.0336622415332	2	80	AGC	AGT
N3_kudriavzevii	0.0339881987978	2	48	ACT	ACC
N3_kudriavzevii	0.0380117495296	1	159	TTG	CTG
N3_kudriavzevii	0.0439584999407	2	30	ATC	ATA
N3_kudriavzevii	0.043997489088	2	93	CTG	TTG
N3_kudriavzevii	0.0480265963845	2	151	AAG	AAA
N3_kudriavzevii	0.049045111009	1	137	TTT	TTC
N3_kudriavzevii	0.0550050232745	1	55	ATC	ATT
N3_kudriavzevii	0.055542468779	2	103	AGA	AGG
N3_kudriavzevii	0.0561825891612	2	1	GGA	GGG
N3_kudriavzevii	0.0565010059108	2	112	CCC	CCA
N3_kudriavzevii	0.0580872850734	1	126	TCG	TCA
N3_kudriavzevii	0.0639300121664	2	113	TAC	TAT
N3_kudriavzevii	0.0741187404292	1	71	CGA	CGG
N3_kudriavzevii	0.0741305674582	1	48	ACC	ACT
N3_kudriavzevii	0.0743612268267	2	36	GAT	GAC
N3_kudriavzevii	0.0762526117807	2	48	ACC	ACT
N3_kudriavzevii	0.0805688514049	2	52	GTC	GTT
N3_kudriavzevii	0.0819823282681	1	138	ACG	ACA
N3_kudriavzevii	0.0823641655457	1	138	ACA	ACG
N3_N4	0.00139130255103	2	66	TTT	TTC
N3_N4	0.00827555675547	1	19	AGT	AGC
N3_N4	0.0142707680977	1	1	GGA	GGG
N3_N4	0.0161803323241	2	76	TGC	TGT
N3_N4	0.0165962893416	1	2	TCT	TCC
N3_N4	0.0173593260989	2	109	CCG	CCA
N3_N4	0.021411078692	1	7	CAT	CAC
N3_N4	0.0259030484265	2	64	TCT	TCC
N3_N4	0.0321218894787	2	49	CAG	CAA
N4_mikatae	0.0029994248287	1	156	GGG	GGA
N4_mikatae	0.00500789924583	2	46	GAT	GAC
N4_mikatae	0.00597769242913	1	24	TCG	TCA
N4_mikatae	0.00718206151742	2	103	AGA	CGA
N4_mikatae	0.0120305876536	2	134	GCA	GCG
N4_mikatae	0.0215343176267	2	51	ACA	ACG
N4_mikatae	0.0215945074389	1	96	ACT	ACC
N4_mikatae	0.0218606567444	2	55	ATC	ACC
N4_mikatae	0.0219971648099	1	126	TCG	TCA
N4_mikatae	0.0231199073829	2	38	CTA	TTA
N4_mikatae	0.0256979771184	2	91	TCC	TCT
N4_mikatae	0.0284057140372	2	46	GAT	GAC
N4_mikatae	0.0294040561969	2	159	TTG	TTA
N4_mikatae	0.0311789238492	1	38	CTA	CTG
N4_mikatae	0.0358947490152	1	82	ACA	ACT
N4_mikatae	0.0380916805195	1	158	TTG	CTG
N4_mikatae	0.0473118572523	2	83	TGT	TGC
N4_mikatae	0.0484152536264	1	28	TGC	TGT
N4_mikatae	0.0495356842695	2	91	TCT	TCG
N4_mikatae	0.0499250308145	1	60	TTG	TTA
N4_mikatae	0.0519016143871	2	10	TCA	TCG
N4_mikatae	0.0560857161068	1	156	GGA	GGT
N4_mikatae	0.0563752814247	2	144	GTT	GTC
N4_mikatae	0.0567465924165	2	17	TCA	TCG
N4_mikatae	0.0575406332354	2	35	ACC	ACA
N4_N5	0.000545125434505	1	71	CGA	CGG
N4_N5	0.00150471299396	2	0	GGG	GGA
N4_N5	0.0092520041988	2	67	CGG	CGA
N4_N5	0.0100341579571	2	48	ACT	ACC
N4_N5	0.0115506654641	2	129	CTC	CTT
N4_N5	0.0119474420054	2	124	GTA	GTG
N4_N5	0.017314527836	1	69	CCG	CCA
N5_paradoxus	0.00489242898246	2	144	GTA	GTT
N5_paradoxus	0.00713734135926	1	108	AAG	AAA
N5_paradoxus	0.0073569590101	2	98	ACA	ACT
N5_paradoxus	0.00875549158972	2	52	GTC	ATC
N5_paradoxus	0.0128567066505	2	101	TTT	TTC
N5_paradoxus	0.0200364586233	1	38	CTA	CTC
N5_paradoxus	0.0202968029013	1	93	CTG	CCG
N5_cerevisiae	5.0879182018e-05	1	53	TAC	TAT
N5_cerevisiae	0.00155258460408	1	146	AGC	AGT
N5_cerevisiae	0.00222441551538	1	65	AGA	AGG
N5_cerevisiae	0.00323729165558	1	49	CAG	CAA
N5_cerevisiae	0.00598876303602	2	15	GCT	GCC
N5_cerevisiae	0.00645479851949	1	97	GCC	GCT
N5_cerevisiae	0.0104851786194	1	84	ATC	ATT
N5_cerevisiae	0.012984556497	1	112	CCC	CCA
N5_cerevisiae	0.0193172153998	2	51	ACG	ACA
N5_cerevisiae	0.0237283844846	1	143	CTC	CTT
N5_cerevisiae	0.0277316878493	2	55	ATC	ATT
N5_cerevisiae	0.0304280612607	1	154	TTT	TTC
N5_cerevisiae	0.0321755718782	1	45	CAT	CAC
N5_cerevisiae	0.0325220977114	2	142	TTT	TAT
N5_cerevisiae	0.0355967339799	1	83	TGT	TAT
N5_cerevisiae	0.0357206327538	1	99	ATT	ATC
N5_cerevisiae	0.0366762397249	1	57	AAC	AAT
N5_cerevisiae	0.0412737146454	2	126	CCA	TCA
N5_cerevisiae	0.0446075521948	1	81	CTG	TTG
N5_cerevisiae	0.0450789823312	1	123	GAA	GAG
N5_cerevisiae	0.0453507684806	1	159	TTG	TTA
N5_cerevisiae	0.0553449936218	1	61	CTC	CTA
