edge	time	mut_orlg	mut_pos	old_state	new_state
N0_kluyveri	0.000248015970737	0	155	C	T
N0_kluyveri	0.000260459354599	0	365	G	A
N0_kluyveri	0.00150135396168	0	386	C	T
N0_kluyveri	0.00150345880455	0	164	C	T
N0_kluyveri	0.00189771679998	0	69	G	A
N0_kluyveri	0.00297552414489	0	35	A	G
N0_kluyveri	0.00304956172618	0	242	A	G
N0_kluyveri	0.00326892389786	0	224	G	A
N0_kluyveri	0.00347734785836	0	146	C	T
N0_kluyveri	0.00353031762003	0	296	T	C
N0_kluyveri	0.00353728383876	0	26	C	T
N0_kluyveri	0.00480527349962	0	74	G	A
N0_kluyveri	0.00488496340094	0	47	A	G
N0_kluyveri	0.00596094562211	0	161	A	G
N0_kluyveri	0.00733707693654	0	299	G	A
N0_kluyveri	0.00762712080208	0	335	A	G
N0_kluyveri	0.00784297048538	0	32	A	G
N0_kluyveri	0.00833898367172	0	162	A	C
N0_kluyveri	0.00848635882625	0	470	C	T
N0_kluyveri	0.00853994679714	0	317	T	C
N0_kluyveri	0.00889433350947	0	215	G	A
N0_kluyveri	0.00916569525796	0	164	T	C
N0_kluyveri	0.00948897685489	0	119	C	T
N0_kluyveri	0.0101848634242	0	425	T	C
N0_kluyveri	0.0104175209779	0	347	A	C
N0_kluyveri	0.0110339155814	0	281	G	A
N0_kluyveri	0.0112332916157	0	17	G	A
N0_kluyveri	0.0113944225624	0	71	T	C
N0_kluyveri	0.011519553774	0	116	C	T
N0_kluyveri	0.0126816357587	0	2	C	T
N0_kluyveri	0.0137252388843	0	412	G	T
N0_D1	7.64597732844e-05	0	443	A	G
N0_D1	0.000720349500719	0	53	T	C
N0_D1	0.00107497657229	0	314	C	T
N0_D1	0.0012942444354	0	449	C	T
D1_N1	5.91154125321e-05	2	482	G	A
D1_N1	0.00028496826642	2	459	A	G
D1_N1	0.000444233534934	2	20	G	A
D1_N1	0.000637511852783	1	440	T	C
D1_N1	0.00106830822745	2	5	G	A
D1_N1	0.00109785054708	1	45	A	G
D1_N1	0.00114466756098	2	431	C	A
D1_N1	0.00167197426508	1	127	G	A
D1_N1	0.00279961860041	2	83	G	A
D1_N1	0.00295405068986	1	383	C	T
D1_N1	0.00326161486811	1	281	G	A
N1_castellii	0.000125069816821	2	305	G	A
N1_castellii	0.000254705797156	2	260	A	G
N1_castellii	0.00031586713403	1	28	C	T
N1_castellii	0.000775932285105	2	242	A	G
N1_castellii	0.000814991007842	1	170	A	G
N1_castellii	0.00107729739713	1	275	G	A
N1_castellii	0.00117090233681	2	164	C	T
N1_castellii	0.00139503332791	2	367	C	A
N1_castellii	0.00153212014763	1	62	G	A
N1_castellii	0.00169114746638	2	395	C	T
N1_castellii	0.00222986392369	2	386	C	T
N1_castellii	0.00293601037594	2	44	T	C
N1_castellii	0.00343107683061	2	308	A	G
N1_castellii	0.00361851655145	2	263	A	C
N1_castellii	0.00370283541132	2	53	C	T
N1_castellii	0.00378973443155	2	59	T	C
N1_castellii	0.00431688847195	2	362	T	C
N1_castellii	0.00435932465363	1	413	C	T
N1_castellii	0.0045328628716	1	132	G	A
N1_castellii	0.00460791810735	2	38	C	T
N1_castellii	0.00462437284728	2	80	G	A
N1_castellii	0.00534962943232	2	157	T	C
N1_castellii	0.00545300470575	2	8	G	A
N1_castellii	0.00555808914912	2	151	C	T
N1_castellii	0.00572702501542	1	398	G	A
N1_castellii	0.00574036758013	2	236	T	C
N1_castellii	0.00590627209891	1	59	T	G
N1_castellii	0.00643573543747	2	134	T	C
N1_castellii	0.00674055316098	1	458	A	G
N1_castellii	0.00718398158203	1	167	G	A
N1_castellii	0.00746124112856	1	416	G	A
N1_castellii	0.00788692405891	2	260	G	A
N1_castellii	0.00801142359895	1	165	A	G
N1_castellii	0.00803858577125	1	377	G	A
N1_castellii	0.00889104083123	1	470	C	T
N1_castellii	0.00915502147318	1	422	T	C
N1_castellii	0.00956498660818	2	257	T	G
N1_castellii	0.00958770566063	1	68	G	T
N1_castellii	0.0106292382572	2	362	C	T
N1_castellii	0.0109157337153	1	52	A	G
N1_castellii	0.0110489642739	2	488	C	T
N1_castellii	0.0111759029061	2	80	A	G
N1_castellii	0.0112144074522	2	473	T	C
N1_castellii	0.0115200780663	1	340	C	T
N1_castellii	0.0117741932708	1	288	T	C
N1_castellii	0.0117977706269	2	491	A	G
N1_castellii	0.0119140990274	1	386	C	T
N1_castellii	0.0124666762618	1	374	C	T
N1_N2	0.000295186137142	1	323	A	G
N1_N2	0.000394557776268	2	293	C	T
N1_N2	0.00161133901765	1	317	T	C
N1_N2	0.00161631546283	1	476	C	T
N1_N2	0.00176316322297	1	356	A	C
N1_N2	0.00213367563555	2	281	G	A
N1_N2	0.00273285707523	2	467	G	A
N1_N2	0.00280786208161	2	377	G	A
N1_N2	0.00288911213851	1	483	T	C
N1_N2	0.00335428371844	2	44	T	A
N1_N2	0.00350167937155	1	431	C	T
N1_N2	0.0036300083607	2	382	A	G
N1_N2	0.00373780351882	2	218	A	G
N1_N2	0.00434031360301	1	464	T	C
N1_N2	0.00443323279067	1	113	A	G
N1_N2	0.00451692806337	2	371	A	G
N1_N2	0.00463878641577	1	407	A	G
N1_N2	0.00469223356016	1	485	G	A
N1_N2	0.00476947720402	2	227	C	T
N1_N2	0.00522541456548	1	119	C	T
N1_N2	0.00546768163995	1	302	A	G
N1_N2	0.00553361583625	2	11	T	C
N1_N2	0.0058310939302	2	290	A	G
N1_N2	0.00595270472846	2	464	T	G
N1_N2	0.00603532712162	1	215	G	A
N1_N2	0.00657060397066	1	287	G	A
N1_N2	0.00682446390837	2	170	A	G
N1_N2	0.00687514317471	1	251	A	G
N1_N2	0.00695987628217	2	278	T	C
N1_N2	0.00699602423257	2	350	A	G
N1_N2	0.00701320181466	1	383	T	C
N1_N2	0.00847815281542	2	419	A	G
N1_N2	0.00849729994378	1	209	A	G
N1_N2	0.0085473239935	2	332	A	G
N1_N2	0.00867064209036	2	251	A	G
N1_N2	0.00912408107468	2	2	C	T
N1_N2	0.00916881948465	2	454	C	T
N1_N2	0.00926340483177	2	317	T	G
N1_N2	0.00947637736377	2	182	A	T
N1_N2	0.00951461013783	2	170	G	A
N1_N2	0.00964462718713	2	356	A	T
N1_N2	0.00986830394432	1	320	T	C
N1_N2	0.00992441845159	2	485	G	A
N1_N2	0.0105244949824	2	419	G	A
N1_N2	0.0105976640031	1	77	A	G
N1_N2	0.0107418303275	1	233	A	G
N1_N2	0.0109838485196	2	419	A	G
N1_N2	0.0110849655765	2	482	A	G
N1_N2	0.0112028106601	1	149	A	G
N1_N2	0.0112139147854	2	272	G	A
N1_N2	0.0113764043835	1	404	C	T
N1_N2	0.011587517288	2	104	C	T
N1_N2	0.0117247132739	2	398	G	A
N1_N2	0.0119559424397	2	371	G	A
N1_N2	0.0122342396796	2	77	A	G
N1_N2	0.0125379044826	1	134	T	C
N1_N2	0.0131216076542	1	92	G	A
N1_N2	0.0132547079807	2	218	G	T
N1_N2	0.0132808711291	2	470	C	T
N1_N2	0.0134539951201	2	119	C	T
N1_N2	0.0135219727677	1	395	C	T
N1_N2	0.0138502237583	1	77	G	A
N1_N2	0.0142151574079	2	63	T	C
N1_N2	0.014348438927	1	62	G	A
N1_N2	0.0144515257934	1	365	G	A
N1_N2	0.0144757680891	1	329	T	C
N1_N2	0.0146316407312	1	473	T	C
N1_N2	0.015137166751	2	422	T	C
N1_N2	0.0152856489437	1	131	T	C
N1_N2	0.0155733245301	2	224	G	A
N1_N2	0.0156053372572	2	488	C	T
N1_N2	0.0156659587342	1	365	A	G
N1_N2	0.0157099088928	2	305	G	T
N2_bayanus	0.000131730286866	2	321	C	T
N2_bayanus	0.000567730623617	1	341	A	G
N2_bayanus	0.00205523065471	2	116	C	T
N2_bayanus	0.00226216887043	2	314	T	C
N2_N3	0.000221791339881	1	332	A	G
N2_N3	0.000257379348149	1	356	C	T
N2_N3	0.000335220719302	1	50	G	A
N2_N3	0.000419934393186	1	431	T	C
N2_N3	0.00117473633434	2	227	T	C
N2_N3	0.00124930596219	2	335	A	G
N2_N3	0.00139741331503	1	23	A	G
N3_kudriavzevii	0.000301835219154	1	386	C	T
N3_kudriavzevii	0.00040887118803	1	282	T	C
N3_kudriavzevii	0.000550145955872	1	449	T	C
N3_kudriavzevii	0.000556852533137	2	476	C	T
N3_kudriavzevii	0.000638417775812	2	410	T	C
N3_kudriavzevii	0.000882997682418	2	59	T	C
N3_kudriavzevii	0.00115251932279	2	182	T	C
N3_kudriavzevii	0.00120456220041	1	107	C	T
N3_kudriavzevii	0.00134835180531	1	434	C	T
N3_kudriavzevii	0.00138435564883	2	12	C	T
N3_kudriavzevii	0.00154247034147	2	269	G	A
N3_kudriavzevii	0.00261678939056	1	54	G	A
N3_kudriavzevii	0.00288318719955	1	113	G	A
N3_kudriavzevii	0.00297228631699	2	95	A	G
N3_kudriavzevii	0.00322118952782	2	30	C	T
N3_kudriavzevii	0.00327186811637	2	25	C	A
N3_kudriavzevii	0.00375743291006	1	26	C	T
N3_kudriavzevii	0.0044053869596	1	473	C	T
N3_kudriavzevii	0.00445115794894	1	452	G	A
N3_kudriavzevii	0.00461037891756	1	317	C	T
N3_kudriavzevii	0.00466132758388	2	266	C	T
N3_kudriavzevii	0.00483999410675	2	485	A	G
N3_kudriavzevii	0.00496566862546	2	107	C	T
N3_kudriavzevii	0.00498667887538	2	398	A	G
N3_kudriavzevii	0.00518095545274	2	251	G	A
N3_kudriavzevii	0.00545680277353	2	269	A	G
N3_kudriavzevii	0.00565022323779	1	473	T	C
N3_N4	1.39319224888e-05	1	395	T	C
N3_N4	0.000256290490193	2	227	C	T
N3_N4	0.00025802484786	1	311	A	G
N3_N4	0.000291100737417	2	324	G	A
N3_N4	0.000848326167703	1	416	G	A
N3_N4	0.00102259335731	1	359	A	G
N3_N4	0.00121889149414	1	374	C	T
N3_N4	0.00132376790048	1	152	T	C
N3_N4	0.00179300320879	2	365	G	A
N3_N4	0.00183612298633	2	479	C	G
N3_N4	0.0020778188649	2	164	C	T
N3_N4	0.00230710919227	2	344	T	C
N3_N4	0.00231180667192	1	2	C	T
N4_mikatae	4.4399692265e-05	1	143	G	A
N4_mikatae	0.000142473835277	2	426	C	T
N4_mikatae	0.000425408507043	2	50	G	A
N4_mikatae	0.000533888047544	1	464	C	T
N4_mikatae	0.000561342948954	1	305	G	A
N4_mikatae	0.00182561615827	2	38	C	T
N4_mikatae	0.00192011922457	2	186	C	T
N4_mikatae	0.00207322060086	1	260	A	G
N4_mikatae	0.00216264492471	2	449	T	C
N4_mikatae	0.00278718900968	1	362	T	G
N4_mikatae	0.00307586824685	2	125	T	C
N4_mikatae	0.00316673945554	2	368	T	A
N4_mikatae	0.00331208377164	1	239	T	C
N4_mikatae	0.00350744955135	2	491	A	G
N4_mikatae	0.00391350931002	2	446	T	C
N4_mikatae	0.00412007091438	2	26	C	T
N4_N5	0.000788541559254	1	8	G	A
N4_N5	0.000826216276372	2	182	T	C
N5_paradoxus	6.00626741538e-05	1	296	T	C
N5_paradoxus	0.000248330989872	1	209	G	C
N5_paradoxus	0.000346840567617	1	158	A	G
N5_paradoxus	0.000383374695236	1	152	C	T
N5_paradoxus	0.000952848614123	1	218	A	G
N5_paradoxus	0.00120544613303	1	404	T	C
N5_cerevisiae	1.78817034736e-05	1	50	A	G
N5_cerevisiae	0.000871668650989	2	261	T	G
N5_cerevisiae	0.00108912231091	1	329	C	T
N5_cerevisiae	0.00190596515925	1	257	T	C
N5_cerevisiae	0.002384142404	2	254	G	A
N5_cerevisiae	0.00243430406345	2	197	G	A
N5_cerevisiae	0.00253256919324	1	209	G	A
N5_cerevisiae	0.00291271345913	2	11	C	T
N5_cerevisiae	0.00311464617148	1	188	G	T
N5_cerevisiae	0.00316089913673	2	33	T	C
N5_cerevisiae	0.00317253375458	1	314	T	C
N5_cerevisiae	0.00343229670977	2	80	G	A
N5_cerevisiae	0.00353437477676	1	464	C	T
N5_cerevisiae	0.00374661492212	1	41	G	A
N5_cerevisiae	0.00415981496052	2	164	T	C
N5_cerevisiae	0.00419296127637	2	170	A	C
