edge	time	orlg_from	orlg_to	tract_length	start_pos	stop_pos	num_diff	template_seq	overide_seq
D1_N1	0.00531191177108	2	1	1	184	184	0	T	T
D1_N1	0.00660209102494	2	1	1	101	101	0	A	A
D1_N1	0.0111223036176	1	2	1	159	159	0	T	T
D1_N1	0.016426684367	2	1	1	178	178	0	T	T
D1_N1	0.0183473499671	2	1	1	12	12	0	T	T
D1_N1	0.0217078049202	2	1	1	67	67	0	A	A
D1_N1	0.0271117046193	2	1	1	112	112	0	C	C
D1_N1	0.0294374399948	1	2	1	39	39	0	A	A
D1_N1	0.035036054755	1	2	1	45	45	0	A	A
D1_N1	0.0423982618296	2	1	1	61	61	0	T	T
D1_N1	0.0428373079483	2	1	1	181	181	0	T	T
D1_N1	0.0534571612469	2	1	1	78	78	0	G	G
D1_N1	0.0691358166629	1	2	1	81	81	0	G	G
D1_N1	0.0770207422362	1	2	1	161	161	0	T	T
D1_N1	0.079364431269	1	2	1	23	23	0	T	T
D1_N1	0.0824283116315	2	1	1	100	100	1	T	A
D1_N1	0.0860014891301	2	1	1	2	2	0	A	A
D1_N1	0.0896965810535	2	1	1	33	33	0	T	T
D1_N1	0.104345564511	1	2	1	71	71	0	T	T
D1_N1	0.110237621765	1	2	1	148	148	0	T	T
D1_N1	0.122973433692	1	2	1	192	192	1	T	C
D1_N1	0.128662049741	2	1	1	181	181	0	T	T
D1_N1	0.130521110473	1	2	1	155	155	0	G	G
D1_N1	0.140491848159	1	2	1	63	63	0	G	G
D1_N1	0.142744133984	2	1	1	128	128	0	A	A
D1_N1	0.144058541748	2	1	1	168	168	0	G	G
D1_N1	0.145099963451	2	1	1	64	64	1	G	A
D1_N1	0.155135257295	2	1	1	187	187	0	C	C
D1_N1	0.157909599983	1	2	1	27	27	0	G	G
D1_N1	0.163595593881	1	2	1	163	163	0	T	T
D1_N1	0.180715258288	2	1	1	160	160	0	C	C
D1_N1	0.187359624363	2	1	1	40	40	0	G	G
D1_N1	0.188810294634	1	2	1	161	161	0	T	T
D1_N1	0.195463308827	1	2	1	80	80	1	T	C
D1_N1	0.198370713885	1	2	1	8	8	0	A	A
D1_N1	0.215521307274	2	1	1	63	63	1	A	G
D1_N1	0.217543425706	1	2	1	128	128	0	A	A
D1_N1	0.218496916518	1	2	1	95	95	0	C	C
D1_N1	0.22121952647	2	1	1	160	160	0	C	C
D1_N1	0.224514473032	2	1	1	10	10	0	A	A
D1_N1	0.229955553912	2	1	1	190	190	1	T	A
D1_N1	0.230593922343	2	1	1	14	14	0	T	T
N1_N2	0.00115960921733	2	1	1	85	85	1	C	T
N1_N2	0.0144498285281	2	1	1	183	183	0	A	A
N2_N3	0.0004446789275	1	2	1	158	158	0	G	G
N2_N3	0.00313871225737	1	2	1	37	37	0	C	C
N2_N3	0.00326004599961	1	2	1	174	174	0	A	A
N2_N3	0.00574187587524	1	2	1	12	12	0	T	T
N3_N4	0.00164458828525	2	1	1	31	31	0	T	T
N4_Human	0.000514482563216	1	2	1	146	146	1	C	T
N4_Human	0.00124327103999	2	1	1	92	92	0	T	T
N3_Goril	0.015826380442	1	2	1	23	23	0	T	T
N2_Orang	0.00504036472874	2	1	1	9	9	1	C	T
N2_Orang	0.00554690692415	1	2	1	35	35	0	C	C
N2_Orang	0.00841740671811	1	2	1	93	93	0	C	C
N2_Orang	0.00969566526963	2	1	1	131	131	0	T	T
N1_Macaq	0.000581945583725	2	1	1	106	106	1	G	A
N1_Macaq	0.0164213056804	1	2	1	126	126	0	T	T
N1_Macaq	0.0347348183446	2	1	1	142	142	0	C	C
N1_Macaq	0.0421524697248	1	2	1	39	39	0	A	A
N1_Macaq	0.0426092021829	1	2	1	36	36	0	T	T
