edge	time	mut_orlg	mut_pos	old_state	new_state
D1_N1	2.39272710619e-06	1	233	C	T
D1_N1	3.97352249173e-05	2	590	C	T
D1_N1	0.000268212958186	1	350	G	A
D1_N1	0.000484008444997	2	153	A	G
D1_N1	0.000523202117838	2	638	G	A
D1_N1	0.000674477307401	2	8	C	T
D1_N1	0.000945629180287	2	50	G	A
D1_N1	0.00111362748729	1	185	C	T
D1_N1	0.00120393842728	1	662	G	A
D1_N1	0.00135352671017	2	221	A	G
D1_N1	0.00137793430997	1	320	A	G
D1_N1	0.00171821269502	2	323	A	T
D1_N1	0.00198832197214	2	32	A	G
D1_N1	0.00201400796377	2	539	A	G
D1_N1	0.00218060225181	2	973	T	C
D1_N1	0.00219355476311	1	350	A	G
D1_N1	0.00244646641219	1	752	A	C
D1_N1	0.00291495906928	2	827	G	A
D1_N1	0.00310014096422	2	266	C	T
D1_N1	0.00329045040551	2	738	A	G
D1_N1	0.00330493773638	1	305	C	T
D1_N1	0.00332398990976	2	257	A	G
D1_N1	0.00342552088061	1	356	T	G
D1_N1	0.0036508590636	2	773	C	T
D1_N1	0.00372907060142	2	740	T	C
D1_N1	0.0042283319321	1	918	A	G
D1_N1	0.00429491925745	2	305	C	T
D1_N1	0.00433651379145	1	689	T	C
D1_N1	0.00435885914459	2	203	T	C
D1_N1	0.00481298603372	1	915	A	G
D1_N1	0.00484996717327	2	707	C	T
D1_N1	0.00487134440944	2	110	A	G
D1_N1	0.00502895247098	2	925	A	G
D1_N1	0.00512438462863	1	812	T	C
D1_N1	0.00515181668515	1	8	C	T
D1_N1	0.00519065521807	1	206	A	G
D1_N1	0.00533669653357	2	521	C	T
D1_N1	0.00542424225423	2	479	T	C
D1_N1	0.00551849117565	2	809	G	A
D1_N1	0.00552925497731	2	644	G	A
D1_N1	0.00586726868885	2	566	C	T
D1_N1	0.00599611068985	1	510	C	T
D1_N1	0.00603573692332	2	711	A	G
D1_N1	0.0065718806932	1	524	A	G
D1_N1	0.00693276594926	2	487	T	C
D1_N1	0.0069441875429	2	752	A	G
D1_N1	0.00712021266867	2	624	G	A
D1_N1	0.00712166899396	1	428	T	C
D1_N1	0.00729364289701	1	230	G	A
D1_N1	0.00733854408828	2	335	A	G
D1_N1	0.00748128343355	2	128	G	A
D1_N1	0.00757749375413	1	356	G	A
D1_N1	0.00766514372489	1	278	A	G
D1_N1	0.00825690669944	2	368	G	A
D1_N1	0.00838571428291	2	263	T	C
D1_N1	0.00871911416964	2	752	G	T
D1_N1	0.00903079545383	1	548	A	G
D1_N1	0.00911942210243	2	479	C	T
D1_N1	0.00918641823884	1	419	A	G
D1_N1	0.00925257970463	2	917	A	G
D1_N1	0.00926683789876	1	268	T	G
D1_N1	0.00931127673259	2	176	A	G
D1_N1	0.00952558255718	2	773	T	C
D1_N1	0.00970612893516	2	164	G	A
D1_N1	0.00983332864297	1	902	G	A
D1_N1	0.00995157260234	2	284	T	C
D1_N1	0.00999927392291	2	299	A	G
D1_N1	0.0102616734184	2	805	G	C
D1_N1	0.0103122778622	1	183	A	G
D1_N1	0.0104705562517	1	921	T	C
D1_N1	0.0106388071907	2	797	A	G
D1_N1	0.0112286299968	1	453	A	G
D1_N1	0.0112376531402	1	809	A	G
D1_N1	0.0113922136915	1	839	A	G
D1_N1	0.0114530918371	2	20	T	C
D1_N1	0.0116744537454	2	824	G	A
D1_N1	0.0119041274729	2	329	C	T
D1_N1	0.0119482436412	2	96	G	C
D1_N1	0.0120030446825	1	764	A	G
D1_N1	0.0120678345845	2	551	A	G
D1_N1	0.012202944756	1	869	G	A
D1_N1	0.0122786328534	1	80	G	A
D1_N1	0.0123432927916	2	586	T	C
D1_N1	0.0123608180961	2	655	G	A
D1_N1	0.0125443452518	2	812	T	C
D1_N1	0.0126717441846	1	236	C	T
D1_N1	0.0126771070563	2	602	G	A
D1_N1	0.0127033571923	1	351	T	C
D1_N1	0.0128641343155	1	497	G	A
D1_N1	0.0130067312325	1	569	C	T
D1_N1	0.0130641248203	1	881	C	A
D1_N1	0.0132650000881	2	311	T	C
D1_N1	0.0133429960389	1	200	G	A
D1_N1	0.0133591469282	1	956	C	T
D1_N1	0.0134041987687	2	692	T	C
D1_N1	0.0134120697922	2	384	T	G
D1_N1	0.0134210956544	2	740	C	T
D1_N1	0.0135745117183	2	104	T	C
D1_N1	0.0139197351932	1	794	A	G
D1_N1	0.0139288505491	2	950	A	G
D1_N1	0.0140104665829	2	506	G	A
D1_N1	0.014113211657	1	343	T	C
D1_N1	0.0141456742767	2	155	C	T
D1_N1	0.0143952301172	1	28	A	G
D1_N1	0.0145768753712	2	193	A	G
D1_N1	0.0145898482052	1	475	C	T
D1_N1	0.0147077741819	2	494	C	T
D1_N1	0.0148270746223	2	188	C	T
D1_N1	0.0149915417325	1	755	G	A
D1_N1	0.0150568416071	2	434	T	A
D1_N1	0.0151808110125	1	815	C	T
D1_N1	0.0151992371345	1	159	G	A
D1_N1	0.01528680959	1	509	C	T
D1_N1	0.0155527177041	2	476	G	A
D1_N1	0.0160457758849	2	476	A	G
D1_N1	0.0166353982888	2	533	G	A
D1_N1	0.0166676053351	1	837	T	C
D1_N1	0.0167174857362	2	668	G	A
D1_N1	0.0169110252013	2	616	A	G
D1_N1	0.0169260526873	2	122	G	A
D1_N1	0.0169813466134	2	53	C	T
D1_N1	0.0170441599945	2	464	C	T
D1_N1	0.0171887437946	2	26	A	G
D1_N1	0.0173228354054	1	839	G	C
D1_N1	0.01741954001	2	98	A	G
D1_N1	0.0174472153288	2	614	A	G
D1_N1	0.0174985948854	1	938	A	G
D1_N1	0.0175904824602	1	686	G	A
D1_N1	0.0179049373053	1	209	A	G
D1_N1	0.0179453475234	2	170	C	T
D1_N1	0.0179563408757	1	885	G	A
D1_N1	0.0179731982777	1	625	C	T
D1_N1	0.0180966560723	2	397	G	A
D1_N1	0.0182219053201	1	926	A	G
D1_N1	0.0182377597973	1	764	G	A
D1_N1	0.0182534508836	2	140	T	C
D1_N1	0.0184801027174	2	146	A	G
D1_N1	0.0187565120475	2	194	A	T
D1_N1	0.0188594648231	2	245	C	T
D1_N1	0.0190590185275	2	435	G	A
D1_N1	0.0191852469276	1	122	G	A
D1_N1	0.0191918464744	2	794	G	A
D1_N1	0.0193452640052	2	77	C	T
D1_N1	0.0193746970535	1	911	C	T
D1_N1	0.01938836589	2	94	T	C
D1_N1	0.0195391610236	1	32	A	G
D1_N1	0.0195916608961	1	155	C	T
D1_N1	0.0196050713398	1	77	C	T
D1_N1	0.0196243220037	1	776	A	G
D1_N1	0.0196374085115	2	389	T	C
D1_N1	0.0196400441142	2	818	C	A
D1_N1	0.019769554155	1	698	G	A
D1_N1	0.0198459609044	1	470	C	G
D1_N1	0.0201492839631	1	263	T	C
D1_N1	0.0202687591311	2	437	A	G
D1_N1	0.0203108087951	1	842	G	A
D1_N1	0.0203911331855	2	497	G	A
D1_N1	0.0205423190145	1	92	T	C
D1_N1	0.0208384370491	1	710	C	T
D1_N1	0.0211815564684	2	905	G	A
D1_N1	0.0214410864961	1	512	C	T
D1_N1	0.0218427308655	2	686	G	A
D1_N1	0.0218568142156	2	293	G	A
D1_N1	0.0223149239369	2	683	A	G
D1_N1	0.0223460546749	1	659	T	C
D1_N1	0.0224069604614	2	925	A	T
N1_castellii	3.04772960815e-05	1	701	C	A
N1_castellii	0.000163323291059	2	676	G	C
N1_castellii	0.000285344556223	2	158	T	C
N1_castellii	0.000614523409877	2	905	G	A
N1_castellii	0.000934731918956	2	731	T	C
N1_castellii	0.00102752129432	2	314	T	C
N1_castellii	0.00112091970549	2	455	T	G
N1_castellii	0.00117219858354	1	464	C	T
N1_castellii	0.00124289543121	1	155	T	C
N1_castellii	0.00128147706332	2	305	T	C
N1_castellii	0.0012888354243	1	939	C	T
N1_castellii	0.00145445024454	1	366	A	G
N1_castellii	0.0014860014136	2	308	C	T
N1_castellii	0.00151040798719	2	374	T	C
N1_castellii	0.0019367786679	2	370	G	T
N1_castellii	0.00206288698585	2	743	G	A
N1_castellii	0.00212791354529	2	686	A	G
N1_castellii	0.00219578812781	2	379	C	G
N1_castellii	0.00224314509533	1	917	A	G
N1_castellii	0.00227819677752	1	824	A	C
N1_castellii	0.00236866388932	1	824	C	T
N1_castellii	0.00251245484645	2	455	T	C
N1_castellii	0.00255401166518	1	182	G	A
N1_castellii	0.00275755203719	2	974	T	C
N1_castellii	0.00288964539452	1	131	T	C
N1_castellii	0.00294727184556	1	136	A	C
N1_castellii	0.00306603239287	2	569	C	T
N1_castellii	0.00324652512286	2	436	A	G
N1_castellii	0.00337898327431	2	59	C	T
N1_castellii	0.00341179278721	1	158	T	C
N1_castellii	0.00372032310023	2	764	A	T
N1_castellii	0.00393170540247	2	931	A	G
N1_castellii	0.00405107752384	1	512	T	C
N1_castellii	0.00413548915187	1	584	G	A
N1_castellii	0.00443755838755	1	662	A	G
N1_castellii	0.00467589684105	1	478	C	T
N1_castellii	0.00480650047301	2	680	T	C
N1_castellii	0.00488675647513	2	308	T	C
N1_castellii	0.00513710191422	2	338	T	A
N1_castellii	0.00531062665949	1	802	G	A
N1_castellii	0.00553916560976	2	650	T	A
N1_castellii	0.00570035510617	1	713	G	T
N1_castellii	0.00579680863203	1	893	T	C
N1_castellii	0.00598583818152	1	635	G	T
N1_castellii	0.00643870513949	2	623	A	C
N1_castellii	0.0068480988234	1	581	T	C
N1_castellii	0.00693207530258	2	170	T	C
N1_castellii	0.00724804639764	1	347	C	T
N1_castellii	0.00731484316299	1	242	T	C
N1_castellii	0.00747027904284	1	29	T	C
N1_castellii	0.00751879974734	2	113	A	G
N1_castellii	0.00753910017265	1	264	A	T
N1_castellii	0.00761019760496	2	605	C	A
N1_castellii	0.00766485838614	2	260	A	C
N1_castellii	0.00779873978933	1	405	G	A
N1_castellii	0.00803968359733	2	422	A	G
N1_castellii	0.00805609233869	2	622	G	A
N1_castellii	0.00813815662328	1	77	T	C
N1_castellii	0.00815090138998	1	179	G	A
N1_castellii	0.00848330624065	2	626	G	A
N1_castellii	0.00880211571263	2	479	T	C
N1_castellii	0.00884584633588	2	74	C	T
N1_castellii	0.008886670237	1	803	G	A
N1_castellii	0.00896210973506	2	206	A	G
N1_castellii	0.00930477470706	2	901	C	A
N1_castellii	0.00947256576319	2	902	A	G
N1_castellii	0.00958948431298	2	872	G	A
N1_castellii	0.00961630819284	2	806	A	G
N1_castellii	0.00961886099121	2	875	T	C
N1_castellii	0.00992384280083	1	293	G	A
N1_castellii	0.0100227851586	1	86	A	G
N1_castellii	0.0101137382499	1	500	T	C
N1_castellii	0.0103197215784	1	299	A	G
N1_castellii	0.0104143066535	2	652	A	G
N1_castellii	0.0104452862203	1	914	T	C
N1_castellii	0.0107306936322	1	329	C	T
N1_castellii	0.0107667333253	2	614	G	A
N1_castellii	0.0108733778326	1	676	G	A
N1_castellii	0.0109739365827	1	70	T	C
N1_castellii	0.0112133825894	2	512	C	T
N1_castellii	0.0114059334353	2	122	A	T
N1_castellii	0.0114188473021	2	491	A	G
N1_castellii	0.0117105434956	2	200	G	A
N1_castellii	0.0117199910359	1	541	G	A
N1_castellii	0.0117565190017	1	638	A	G
N1_castellii	0.0121239235378	2	431	A	G
N1_castellii	0.0122667661382	1	602	G	A
N1_castellii	0.0131089105641	1	739	A	G
N1_castellii	0.013395539159	2	941	A	G
N1_castellii	0.0135962452822	2	212	A	G
N1_castellii	0.0137505972473	1	446	T	C
N1_castellii	0.0137921805477	2	167	A	G
N1_castellii	0.0138157414013	2	965	A	G
N1_castellii	0.0141042701284	1	689	C	T
N1_castellii	0.0144431181559	1	917	G	A
N1_castellii	0.0146158318176	2	638	A	G
N1_castellii	0.0146188573468	2	650	A	C
N1_castellii	0.0146269220041	1	176	A	C
N1_castellii	0.0146650875974	2	905	G	A
N1_castellii	0.0149370158903	2	779	T	A
N1_N2	0.000105214482744	2	92	T	C
N1_N2	0.000343624794251	1	182	G	A
N1_N2	0.000406343947942	2	22	G	A
N1_N2	0.000861198427801	2	485	G	A
N1_N2	0.000866552307789	1	341	G	A
N1_N2	0.00100667173308	2	756	T	C
N1_N2	0.00119371391505	1	26	A	G
N1_N2	0.00130598107006	1	605	C	T
N1_N2	0.00132743241995	2	95	A	G
N1_N2	0.00134763317418	2	11	T	C
N1_N2	0.00146137692148	2	665	C	T
N1_N2	0.00184917880149	2	605	C	T
N1_N2	0.00208295589009	2	920	A	T
N1_N2	0.0021958261999	1	341	G	A
N1_N2	0.00239157499407	2	38	A	G
N1_N2	0.0027819163456	2	767	A	G
N1_N2	0.00290016970351	2	223	C	T
N1_N2	0.00292735203763	1	296	C	A
N1_N2	0.00304215865464	2	719	A	G
N1_N2	0.00304955449355	2	203	C	A
N1_N2	0.00318362782413	2	59	C	T
N1_N2	0.00321150060855	2	115	A	G
N1_N2	0.00334262370029	2	545	A	C
N1_N2	0.00347617803115	1	35	A	G
N1_N2	0.00365541986685	1	709	A	T
N1_N2	0.00367671202146	1	146	A	G
N1_N2	0.00378174440194	2	471	C	T
N1_N2	0.00382040113425	2	923	C	T
N1_N2	0.00405969885884	1	927	C	T
N1_N2	0.00416667222835	1	65	T	C
N1_N2	0.00422942731411	1	337	C	T
N1_N2	0.00485727540977	2	806	A	G
N1_N2	0.00490764427441	1	720	G	A
N1_N2	0.00512351050784	1	716	G	A
N1_N2	0.00535894240847	1	731	T	C
N1_N2	0.00565093026261	2	467	A	G
N1_N2	0.00580990911375	1	872	G	T
N1_N2	0.00592843763816	1	863	G	A
N1_N2	0.00599377720587	1	389	T	C
N1_N2	0.00612508453048	1	620	C	T
N1_N2	0.00618867227934	1	236	T	C
N1_N2	0.00636250811154	1	851	T	C
N1_N2	0.00643111416641	2	287	T	C
N1_N2	0.00644528492912	2	758	T	A
N1_N2	0.0069433542565	2	320	G	A
N1_N2	0.00702300298202	2	880	C	G
N1_N2	0.00716877182241	2	119	A	G
N1_N2	0.00738085359792	1	794	G	A
N1_N2	0.00744031248981	1	305	T	C
N1_N2	0.00753431830226	1	584	G	A
N1_N2	0.00759608264689	1	526	G	A
N1_N2	0.00774403626468	2	5	C	T
N1_N2	0.00774602529281	1	590	C	T
N1_N2	0.00802701119466	2	608	C	T
N1_N2	0.00811540591962	1	854	T	A
N1_N2	0.00819662473377	2	835	G	A
N1_N2	0.00830731392669	1	26	G	A
N1_N2	0.008483138113	2	437	G	A
N1_N2	0.00848467286838	1	410	C	T
N1_N2	0.00855908022951	2	995	G	A
N1_N2	0.00860904680744	1	419	A	G
N1_N2	0.00865604027248	2	962	A	G
N1_N2	0.00866512306629	1	311	T	C
N2_bayanus	8.59734461858e-05	1	816	A	G
N2_bayanus	0.000401204853248	2	923	T	C
N2_bayanus	0.000427097472629	2	188	C	T
N2_bayanus	0.000437779550133	2	71	A	G
N2_bayanus	0.000621142400301	2	166	A	G
N2_bayanus	0.000713970231725	1	884	C	T
N2_bayanus	0.000871679136933	2	940	G	A
N2_bayanus	0.000917782224587	2	284	T	C
N2_bayanus	0.00112148338007	1	584	A	G
N2_bayanus	0.0011419560961	2	617	G	A
N2_bayanus	0.00121239540645	2	746	G	A
N2_bayanus	0.00154722270986	2	94	C	T
N2_bayanus	0.00178284482572	1	377	G	A
N2_bayanus	0.00204967367541	1	457	C	T
N2_bayanus	0.00211808666757	2	770	T	C
N2_bayanus	0.00215156282432	1	488	A	G
N2_bayanus	0.0022433657331	1	542	A	G
N2_bayanus	0.00235011445362	1	113	A	G
N2_bayanus	0.00248893892357	1	617	G	A
N2_bayanus	0.00265171557786	2	575	A	G
N2_bayanus	0.00273060902819	2	542	A	G
N2_bayanus	0.00277259935986	1	405	G	A
N2_bayanus	0.00286875355255	2	776	A	C
N2_bayanus	0.00333486821888	1	402	T	C
N2_bayanus	0.00349949438437	2	986	A	G
N2_bayanus	0.00383463634884	1	161	A	G
N3_kudriavzevii	1.41629262046e-05	1	401	A	G
N3_kudriavzevii	0.000151721263169	1	776	G	A
N3_kudriavzevii	0.000195107243094	1	617	G	A
N3_kudriavzevii	0.000288786638546	2	890	A	C
N3_kudriavzevii	0.000343344629206	1	281	G	A
N3_kudriavzevii	0.000355922319902	2	698	G	A
N3_kudriavzevii	0.000475615678419	1	725	A	C
N3_kudriavzevii	0.000674947131399	2	143	T	G
N3_kudriavzevii	0.000910327067707	2	467	G	A
N3_kudriavzevii	0.00101012339798	1	459	A	G
N3_kudriavzevii	0.00109986059183	1	794	A	T
N3_kudriavzevii	0.00114616232706	2	812	C	T
N3_kudriavzevii	0.0012084088689	1	125	A	G
N3_kudriavzevii	0.00165262215314	2	236	T	C
N3_kudriavzevii	0.00185462959396	2	68	C	A
N3_kudriavzevii	0.00215313987852	2	785	T	C
N3_kudriavzevii	0.00227721653592	2	488	A	G
N3_kudriavzevii	0.00237155452797	2	314	T	C
N3_kudriavzevii	0.00238746820057	2	143	G	A
N3_kudriavzevii	0.00252429118591	2	668	A	C
N3_kudriavzevii	0.00258640017571	1	584	A	G
N3_kudriavzevii	0.00286535542848	1	778	T	C
N3_kudriavzevii	0.00288448882607	2	439	A	G
N3_kudriavzevii	0.00299222478233	1	419	G	A
N3_kudriavzevii	0.00327387222263	1	805	C	T
N3_kudriavzevii	0.00353269149318	2	278	G	A
N3_kudriavzevii	0.00357461246657	2	210	G	A
N3_kudriavzevii	0.00358160555609	1	332	A	G
N3_kudriavzevii	0.0039133105003	2	389	T	C
N3_kudriavzevii	0.00416356318093	1	446	T	C
N3_kudriavzevii	0.00420043043828	2	464	C	T
N3_kudriavzevii	0.00421453400086	1	488	A	G
N3_kudriavzevii	0.00433464922891	1	566	C	T
N3_kudriavzevii	0.00434881207598	1	119	A	G
N3_kudriavzevii	0.0043967916273	1	19	G	T
N3_kudriavzevii	0.00457077831063	1	32	G	A
N3_kudriavzevii	0.00458257710451	1	323	A	G
N3_kudriavzevii	0.00465673170345	2	536	T	C
N3_kudriavzevii	0.00499280459356	1	476	G	A
N3_kudriavzevii	0.00510330742609	2	491	A	G
N3_kudriavzevii	0.00518290282537	2	519	G	A
N3_kudriavzevii	0.00529430244396	1	2	C	T
N3_kudriavzevii	0.00544208649623	1	935	C	A
N3_kudriavzevii	0.00552099379292	1	188	C	T
N3_kudriavzevii	0.00574974557841	1	797	G	T
N3_kudriavzevii	0.00607754253268	1	491	A	G
N3_kudriavzevii	0.00641780876853	2	228	A	G
N3_kudriavzevii	0.00653744699859	2	719	G	A
N3_kudriavzevii	0.00683411688672	2	389	C	T
N3_kudriavzevii	0.00699798074688	1	407	C	T
N3_kudriavzevii	0.0070308232835	1	208	G	T
N3_kudriavzevii	0.0072667251342	1	506	G	A
N3_kudriavzevii	0.00730028887357	2	658	G	T
N3_kudriavzevii	0.0073133596426	2	410	C	T
N3_kudriavzevii	0.00750075189875	2	875	T	C
N3_N4	6.05834486087e-05	1	686	A	G
N3_N4	9.93644251836e-05	2	191	C	T
N3_N4	0.000327049682771	1	287	T	C
N3_N4	0.000659563150071	1	495	G	A
N3_N4	0.00100693165131	1	977	C	T
N3_N4	0.00104015492072	1	32	G	A
N3_N4	0.0010620601543	1	17	T	G
N3_N4	0.00120909200727	1	104	C	T
N3_N4	0.00124077297951	1	84	T	C
N3_N4	0.00128259111987	2	807	T	C
N3_N4	0.00129398762329	1	905	G	A
N3_N4	0.00140117040193	2	68	C	A
N3_N4	0.00163734024436	1	628	A	G
N3_N4	0.00164067147606	1	311	C	T
N3_N4	0.00169667640161	2	211	G	A
N3_N4	0.00188738706452	2	464	C	T
N3_N4	0.00196732363581	1	18	A	G
N3_N4	0.00221540006794	1	362	C	T
N4_mikatae	3.96419368053e-05	2	653	A	G
N4_mikatae	0.000557232211788	2	245	C	T
N4_mikatae	0.000753555317011	1	797	G	C
N4_mikatae	0.000961078514227	2	272	T	C
N4_mikatae	0.00106422166355	2	890	A	G
N4_mikatae	0.0011351042205	2	593	C	G
N4_mikatae	0.00160345888259	2	572	G	A
N4_mikatae	0.0017185390159	2	575	A	G
N4_mikatae	0.00224912505695	1	629	T	A
N4_mikatae	0.00266256234373	2	855	A	G
N4_mikatae	0.00279765363919	2	161	A	G
N4_mikatae	0.00281378575487	1	392	G	A
N4_mikatae	0.00281589141545	2	283	C	T
N4_mikatae	0.00293483410836	1	539	G	A
N4_mikatae	0.00295446865079	2	330	A	G
N4_mikatae	0.00310858297431	1	941	A	T
N4_mikatae	0.00313029915041	2	671	C	G
N4_mikatae	0.00320842633418	1	995	G	A
N4_mikatae	0.00320887352429	1	716	A	G
N4_mikatae	0.00335020268594	1	503	T	C
N4_mikatae	0.00357893372164	1	564	T	C
N4_mikatae	0.00371726028387	1	601	T	C
N4_mikatae	0.00405626316315	1	197	C	T
N4_mikatae	0.00409448668424	2	236	T	C
N4_mikatae	0.00410454653658	2	143	T	C
N4_mikatae	0.00434980022289	2	227	G	A
N4_mikatae	0.00435654285159	2	281	G	A
N4_mikatae	0.00470409944726	1	74	C	T
N4_mikatae	0.00475297743906	2	671	G	A
N4_mikatae	0.0049083362116	2	77	T	C
N4_mikatae	0.00493063084442	1	786	C	T
N4_mikatae	0.00513660965789	2	374	T	C
N4_mikatae	0.00543808702153	2	32	A	G
N4_mikatae	0.00543839901074	1	158	T	C
N4_mikatae	0.00553060826645	2	479	T	A
N4_mikatae	0.00553539137965	2	503	T	C
N4_N5	6.66457103994e-05	2	107	G	A
N4_N5	0.000164642821554	1	552	C	T
N4_N5	0.000201530595965	2	935	C	T
N4_N5	0.000346903687007	2	587	G	A
N4_N5	0.000461485688876	1	934	A	G
N4_N5	0.000544036235339	1	497	A	C
N4_N5	0.00127310223932	1	335	A	G
N4_N5	0.00160041956628	1	931	A	G
N4_N5	0.00174203159191	1	344	A	G
N4_N5	0.0018802917544	2	432	C	G
N4_N5	0.0019820420116	2	469	T	C
N4_N5	0.00209310327197	2	671	C	A
N4_N5	0.00214321437329	2	47	A	G
N4_N5	0.00223532668399	1	953	A	G
N5_paradoxus	0.000145433028783	1	312	A	G
N5_paradoxus	0.00037298552619	2	465	T	C
N5_paradoxus	0.00049874180782	2	830	A	G
N5_paradoxus	0.000668869213631	2	471	T	C
N5_paradoxus	0.000744091023298	1	297	G	A
N5_paradoxus	0.000753937001207	1	928	C	G
N5_paradoxus	0.000780662251002	1	516	A	C
N5_paradoxus	0.000782197094348	1	494	T	A
N5_paradoxus	0.00085000056942	2	725	A	G
N5_paradoxus	0.000893055285423	2	431	A	G
N5_paradoxus	0.000903082812857	2	692	T	C
N5_cerevisiae	3.75797338884e-05	2	695	T	C
N5_cerevisiae	0.000105195702315	1	704	A	G
N5_cerevisiae	0.00023877815493	2	674	T	A
N5_cerevisiae	0.000371700661447	2	806	G	A
N5_cerevisiae	0.000479342413217	1	380	G	A
N5_cerevisiae	0.000657943267298	1	818	C	T
N5_cerevisiae	0.000795192506638	2	133	T	C
N5_cerevisiae	0.000836622518687	1	971	A	G
N5_cerevisiae	0.00100203957108	2	950	G	A
N5_cerevisiae	0.00113377757298	2	476	G	T
N5_cerevisiae	0.00153507760436	1	97	T	C
N5_cerevisiae	0.00154095409442	2	821	T	A
N5_cerevisiae	0.00158882371957	2	217	A	G
N5_cerevisiae	0.00174370011027	2	854	T	C
N5_cerevisiae	0.00181291853386	2	701	C	T
N5_cerevisiae	0.00200813016644	1	893	T	C
N5_cerevisiae	0.002074375444	2	863	G	A
N5_cerevisiae	0.00218370413362	1	336	A	G
N5_cerevisiae	0.0022404218866	2	995	G	A
N5_cerevisiae	0.00233224663123	2	830	A	G
N5_cerevisiae	0.00244434886788	2	959	C	T
N5_cerevisiae	0.00262497508859	2	599	G	A
N5_cerevisiae	0.00280846895754	1	366	A	G
N5_cerevisiae	0.00285695888861	2	919	T	C
N5_cerevisiae	0.00304963931818	1	884	C	T
N5_cerevisiae	0.003086081626	2	467	G	A
