edge	time	orlg_from	orlg_to	tract_length	start_pos	stop_pos	num_diff	template_seq	overide_seq
D1_N1	0.000663620288561	1	2	1	215	215	0	T	T
D1_N1	0.0023178346987	2	1	1	581	581	0	T	T
D1_N1	0.00306951659346	1	2	1	631	631	0	A	A
D1_N1	0.00310249114894	2	1	1	550	550	0	A	A
D1_N1	0.00825729538298	1	2	1	361	361	0	C	C
D1_N1	0.0111999210185	1	2	1	493	493	0	C	C
D1_N1	0.012000709376	2	1	1	87	87	0	G	G
D1_N1	0.0121740676036	2	1	1	712	712	0	T	T
D1_N1	0.0184288033702	1	2	1	137	137	0	T	T
D1_N1	0.0186879925111	2	1	1	477	477	0	A	A
D1_N1	0.0197474342717	1	2	1	427	427	0	A	A
D1_N1	0.020108523899	2	1	1	79	79	0	C	C
D1_N1	0.0201420433393	2	1	1	81	81	0	T	T
D1_N1	0.0206053109346	1	2	1	477	477	0	A	A
D1_N1	0.0207055589322	2	1	1	660	660	0	C	C
D1_N1	0.0215974527762	2	1	1	500	500	0	A	A
D1_N1	0.0232084576967	1	2	1	143	143	0	G	G
D1_N1	0.0237751585037	1	2	1	182	182	1	G	C
D1_N1	0.0239614874803	1	2	1	355	355	0	A	A
D1_N1	0.0243191965955	2	1	1	63	63	0	A	A
D1_N1	0.0262853172473	1	2	1	668	668	0	T	T
D1_N1	0.026311280531	1	2	1	30	30	0	A	A
D1_N1	0.0285180321888	2	1	1	417	417	1	T	A
D1_N1	0.0296675831784	1	2	1	187	187	0	A	A
D1_N1	0.0301713703994	2	1	1	43	43	0	C	C
D1_N1	0.0312982891122	1	2	1	393	393	0	A	A
D1_N1	0.0332480684811	1	2	1	406	406	0	G	G
D1_N1	0.0342894645238	2	1	1	705	705	0	A	A
D1_N1	0.0355374937038	1	2	1	585	585	0	C	C
D1_N1	0.0369430936008	1	2	1	64	64	0	T	T
D1_N1	0.0373023835454	2	1	1	316	316	0	T	T
D1_N1	0.0376890213262	1	2	1	238	238	0	T	T
D1_N1	0.0377324156526	1	2	1	401	401	0	A	A
D1_N1	0.0440323822462	2	1	1	355	355	0	A	A
D1_N1	0.0441168436948	1	2	1	444	444	0	C	C
D1_N1	0.0468268437105	1	2	1	576	576	0	G	G
D1_N1	0.0481334107366	2	1	1	33	33	0	C	C
D1_N1	0.0483713364603	1	2	1	83	83	0	A	A
D1_N1	0.0489812435328	1	2	1	734	734	0	A	A
D1_N1	0.0522537146716	2	1	1	430	430	0	T	T
D1_N1	0.0608619219489	1	2	1	17	17	0	C	C
D1_N1	0.063179179354	2	1	1	290	290	0	C	C
D1_N1	0.0639463697872	2	1	1	537	537	0	T	T
D1_N1	0.064883256942	1	2	1	216	216	1	A	G
D1_N1	0.0653260608619	2	1	1	377	377	0	A	A
D1_N1	0.0661482658662	2	1	1	293	293	0	G	G
D1_N1	0.0662629613764	2	1	1	13	13	0	T	T
D1_N1	0.0672094020313	2	1	1	728	728	1	G	T
D1_N1	0.0679926749467	2	1	1	311	311	0	C	C
D1_N1	0.0683189404403	2	1	1	88	88	1	T	C
D1_N1	0.0718848020952	1	2	1	254	254	0	T	T
D1_N1	0.0723764519357	2	1	1	429	429	0	T	T
D1_N1	0.0742156450815	1	2	1	340	340	0	G	G
D1_N1	0.0754596449744	1	2	1	661	661	0	T	T
D1_N1	0.0762301665772	1	2	1	44	44	0	T	T
D1_N1	0.0803573573119	2	1	1	590	590	0	C	C
D1_N1	0.082831229912	1	2	1	266	266	0	A	A
D1_N1	0.0912884443832	1	2	1	728	728	0	G	G
D1_N1	0.0916898884634	2	1	1	444	444	0	C	C
D1_N1	0.0928801149019	2	1	1	519	519	0	T	T
D1_N1	0.0939557965738	2	1	1	12	12	0	C	C
D1_N1	0.0987255586984	1	2	1	575	575	1	T	A
D1_N1	0.099003955872	1	2	1	24	24	0	G	G
D1_N1	0.0993005090014	1	2	1	213	213	0	T	T
D1_N1	0.101371016467	1	2	1	756	756	0	A	A
D1_N1	0.104137195277	1	2	1	17	17	1	T	C
D1_N1	0.106361124066	2	1	1	589	589	0	A	A
D1_N1	0.106868935122	2	1	1	619	619	0	T	T
D1_N1	0.106957303671	2	1	1	115	115	0	C	C
D1_N1	0.108220976612	1	2	1	56	56	0	G	G
D1_N1	0.109619727758	1	2	1	177	177	0	A	A
D1_N1	0.1107990577	2	1	1	607	607	0	T	T
D1_N1	0.112876386482	2	1	1	622	622	0	A	A
D1_N1	0.11352112405	2	1	1	497	497	0	T	T
D1_N1	0.114070565477	2	1	1	324	324	1	G	T
D1_N1	0.118016145307	2	1	1	122	122	1	C	T
D1_N1	0.118500149441	2	1	1	157	157	0	T	T
D1_N1	0.12021570999	1	2	1	564	564	0	A	A
D1_N1	0.120717029894	1	2	1	200	200	0	G	G
D1_N1	0.121840356011	2	1	1	18	18	1	C	T
D1_N1	0.123388833869	2	1	1	511	511	0	C	C
D1_N1	0.123691375497	2	1	1	15	15	0	T	T
D1_N1	0.126248092269	1	2	1	317	317	1	T	G
D1_N1	0.127010998364	2	1	1	175	175	0	T	T
D1_N1	0.128957495095	2	1	1	595	595	0	T	T
D1_N1	0.130853617664	1	2	1	28	28	0	G	G
D1_N1	0.132296766332	1	2	1	146	146	0	C	C
D1_N1	0.132924430475	2	1	1	584	584	0	T	T
D1_N1	0.133959224832	2	1	1	286	286	1	A	G
D1_N1	0.136575590664	1	2	1	114	114	1	A	C
D1_N1	0.137797330922	1	2	1	555	555	0	T	T
D1_N1	0.138300099295	2	1	1	484	484	0	A	A
D1_N1	0.1386788862	1	2	1	48	48	0	A	A
D1_N1	0.138718828539	1	2	1	614	614	0	A	A
D1_N1	0.140658349194	1	2	1	148	148	0	G	G
D1_N1	0.141885251147	2	1	1	106	106	0	A	A
D1_N1	0.14521163401	2	1	1	458	458	0	A	A
D1_N1	0.145445729745	1	2	1	389	389	0	C	C
D1_N1	0.147620791095	2	1	1	137	137	1	T	A
D1_N1	0.148412060242	1	2	1	509	509	0	A	A
D1_N1	0.149138161328	2	1	1	579	579	1	A	C
D1_N1	0.149921587776	1	2	1	90	90	0	A	A
D1_N1	0.150371290473	2	1	1	255	255	0	G	G
D1_N1	0.151184837927	2	1	1	414	414	1	T	G
D1_N1	0.153557120957	2	1	1	720	720	0	A	A
D1_N1	0.153763234979	2	1	1	498	498	0	G	G
D1_N1	0.154738757699	1	2	1	493	493	0	C	C
D1_N1	0.156271415651	1	2	1	667	667	0	C	C
D1_N1	0.157455605578	1	2	1	548	548	0	T	T
D1_N1	0.157497473344	2	1	1	531	531	0	G	G
D1_N1	0.157959754604	2	1	1	97	97	0	G	G
D1_N1	0.158535235454	1	2	1	100	100	0	A	A
D1_N1	0.15917759071	1	2	1	253	253	0	T	T
D1_N1	0.159521769659	2	1	1	724	724	1	T	A
D1_N1	0.160013612139	2	1	1	249	249	1	A	T
D1_N1	0.161015268061	2	1	1	302	302	1	A	T
D1_N1	0.162608183805	2	1	1	761	761	0	T	T
D1_N1	0.164193107716	1	2	1	427	427	0	A	A
D1_N1	0.165075136097	1	2	1	240	240	0	A	A
D1_N1	0.165141978278	2	1	1	524	524	1	A	C
D1_N1	0.165335700859	1	2	1	128	128	0	G	G
D1_N1	0.169938975239	1	2	1	190	190	1	T	A
D1_N1	0.174520658776	1	2	1	3	3	0	C	C
D1_N1	0.175022226455	1	2	1	665	665	1	T	A
D1_N1	0.175918220035	1	2	1	29	29	0	G	G
D1_N1	0.177287614775	2	1	1	17	17	0	T	T
D1_N1	0.182504607583	1	2	1	417	417	0	T	T
D1_N1	0.182912361948	2	1	1	625	625	0	T	T
D1_N1	0.184887587163	1	2	1	489	489	0	A	A
D1_N1	0.186113325615	1	2	1	588	588	0	T	T
D1_N1	0.18787626126	2	1	1	511	511	0	C	C
D1_N1	0.190511503891	2	1	1	77	77	0	T	T
D1_N1	0.19116492966	1	2	1	58	58	0	A	A
D1_N1	0.191670981214	1	2	1	298	298	1	A	G
D1_N1	0.193521052092	2	1	1	555	555	0	T	T
D1_N1	0.196825162222	1	2	1	79	79	1	C	G
D1_N1	0.196981297944	1	2	1	316	316	0	T	T
D1_N1	0.197118966412	1	2	1	576	576	1	A	G
D1_N1	0.19878118515	1	2	1	86	86	1	G	A
D1_N1	0.198969709404	2	1	1	362	362	1	G	A
D1_N1	0.199503861122	1	2	1	567	567	0	C	C
D1_N1	0.200589820455	1	2	1	127	127	0	T	T
D1_N1	0.200923599402	2	1	1	742	742	0	G	G
D1_N1	0.201085665306	1	2	1	567	567	0	C	C
D1_N1	0.202978520513	2	1	1	97	97	0	G	G
D1_N1	0.203605946254	1	2	1	685	685	0	C	C
D1_N1	0.204675687904	2	1	1	351	351	0	A	A
D1_N1	0.204986569711	1	2	1	739	739	0	T	T
D1_N1	0.206365733538	1	2	1	498	498	0	G	G
D1_N1	0.207349743138	1	2	1	570	570	0	A	A
D1_N1	0.207352994375	2	1	1	555	555	0	T	T
D1_N1	0.208746017715	1	2	1	85	85	0	C	C
D1_N1	0.209318930946	1	2	1	613	613	0	A	A
D1_N1	0.209832010202	2	1	1	39	39	0	C	C
D1_N1	0.214661146387	2	1	1	211	211	0	T	T
D1_N1	0.214864899186	2	1	1	153	153	0	C	C
D1_N1	0.216738045453	1	2	1	313	313	0	C	C
D1_N1	0.21676401587	1	2	1	291	291	0	T	T
D1_N1	0.217894655195	2	1	1	35	35	0	C	C
D1_N1	0.220687409523	2	1	1	616	616	1	G	T
D1_N1	0.223633772905	2	1	1	658	658	1	A	C
D1_N1	0.225556544841	1	2	1	701	701	1	A	T
D1_N1	0.225556586103	2	1	1	296	296	0	C	C
D1_N1	0.226692340553	1	2	1	702	702	0	A	A
D1_N1	0.22831338597	2	1	1	508	508	0	G	G
D1_N1	0.228651304667	2	1	1	333	333	0	G	G
D1_N1	0.229674538596	1	2	1	424	424	0	A	A
D1_N1	0.230364944717	1	2	1	310	310	0	C	C
D1_N1	0.230727738074	1	2	1	754	754	0	A	A
D1_N1	0.231566691499	1	2	1	651	651	0	A	A
D1_N1	0.231848991846	2	1	1	706	706	0	A	A
D1_N1	0.232712287982	1	2	1	275	275	1	T	C
D1_N1	0.23310174547	2	1	1	401	401	0	A	A
N1_N2	0.0025019583635	2	1	1	726	726	0	A	A
N1_N2	0.00393228203051	1	2	1	228	228	0	T	T
N1_N2	0.00474927869878	2	1	1	22	22	0	T	T
N1_N2	0.00515095545603	1	2	1	44	44	0	T	T
N1_N2	0.0070083813837	1	2	1	103	103	0	A	A
N1_N2	0.00951370758806	1	2	1	718	718	1	A	T
N1_N2	0.0142315989059	1	2	1	732	732	0	A	A
N1_N2	0.0146552088865	1	2	1	591	591	0	G	G
N1_N2	0.0149318078794	1	2	1	745	745	1	A	T
N2_N3	0.00213798378227	1	2	1	189	189	1	A	G
N2_N3	0.0037377108543	1	2	1	274	274	1	T	C
N2_N3	0.00467176216488	1	2	1	495	495	0	C	C
N2_N3	0.00512960229697	1	2	1	298	298	0	A	A
N3_N4	0.000979859218534	1	2	1	459	459	0	G	G
N3_N4	0.0028799769981	1	2	1	695	695	1	T	A
N3_N4	0.00416636330733	1	2	1	182	182	1	G	A
N3_N4	0.00532754817541	2	1	1	446	446	0	A	A
N3_N4	0.00580274969799	1	2	1	634	634	0	A	A
N3_N4	0.00824691349048	1	2	1	386	386	0	A	A
N4_Human	0.00508850575592	2	1	1	158	158	0	T	T
N4_Human	0.00531980491116	1	2	1	478	478	0	A	A
N4_Human	0.00816279106285	1	2	1	761	761	0	T	T
N4_Human	0.00822067238308	1	2	1	411	411	0	T	T
N4_Human	0.0089227061009	2	1	1	570	570	0	A	A
N4_Human	0.00901463826922	1	2	1	195	195	1	G	A
N4_Chimp	0.000516947322753	1	2	1	554	554	0	T	T
N4_Chimp	0.00163019525289	1	2	1	104	104	0	A	A
N4_Chimp	0.00295531180769	1	2	1	663	663	0	T	T
N4_Chimp	0.00346807253347	1	2	1	255	255	1	C	G
N4_Chimp	0.00361438716039	2	1	1	185	185	0	C	C
N4_Chimp	0.00373687187918	2	1	1	213	213	1	T	A
N4_Chimp	0.00483382103551	1	2	1	286	286	0	A	A
N4_Chimp	0.00640923546193	1	2	1	32	32	0	A	A
N4_Chimp	0.00891265329571	1	2	1	602	602	0	T	T
N3_Goril	0.000979410521771	2	1	1	435	435	1	C	T
N3_Goril	0.00098756266816	2	1	1	107	107	0	C	C
N3_Goril	0.00873222769344	2	1	1	333	333	0	G	G
N3_Goril	0.0098624053055	2	1	1	232	232	0	G	G
N3_Goril	0.0103931736465	2	1	1	288	288	0	C	C
N3_Goril	0.0119298481432	1	2	1	228	228	1	A	T
N3_Goril	0.01347721787	1	2	1	228	228	0	A	A
N3_Goril	0.0150466989754	1	2	1	291	291	0	T	T
N3_Goril	0.0156808805112	2	1	1	609	609	0	T	T
N3_Goril	0.0189985003094	1	2	1	344	344	0	C	C
N3_Goril	0.0193489981305	2	1	1	658	658	0	A	A
N3_Goril	0.0198322721201	1	2	1	183	183	0	T	T
N3_Goril	0.0199299478758	1	2	1	188	188	0	A	A
N2_Orang	0.000971824140898	1	2	1	443	443	1	A	C
N2_Orang	0.00136581740292	1	2	1	404	404	1	G	C
N2_Orang	0.0014504728363	2	1	1	21	21	0	T	T
N2_Orang	0.00251829630725	1	2	1	619	619	0	T	T
N2_Orang	0.00287151222142	1	2	1	11	11	0	A	A
N2_Orang	0.00395236517387	2	1	1	649	649	1	C	T
N2_Orang	0.00397416864022	1	2	1	451	451	1	A	T
N2_Orang	0.00843733756025	1	2	1	234	234	0	A	A
N2_Orang	0.00855362259084	2	1	1	727	727	1	C	T
N2_Orang	0.00865742739703	2	1	1	499	499	0	A	A
N2_Orang	0.0114592565881	1	2	1	668	668	0	T	T
N2_Orang	0.0126634425478	2	1	1	401	401	0	A	A
N2_Orang	0.0127529037079	1	2	1	334	334	0	T	T
N2_Orang	0.0140479013961	1	2	1	728	728	0	G	G
N2_Orang	0.0160294399571	2	1	1	195	195	1	A	G
N2_Orang	0.0160779100647	2	1	1	437	437	0	A	A
N1_Macaq	0.000638912800136	2	1	1	45	45	1	T	C
N1_Macaq	0.00131868550996	1	2	1	394	394	0	G	G
N1_Macaq	0.00202485361123	2	1	1	23	23	1	T	C
N1_Macaq	0.00232135258144	1	2	1	753	753	1	T	C
N1_Macaq	0.00245484829792	1	2	1	449	449	0	T	T
N1_Macaq	0.00346508291326	1	2	1	677	677	0	A	A
N1_Macaq	0.00637761193478	1	2	1	495	495	0	C	C
N1_Macaq	0.00963007769899	1	2	1	300	300	0	C	C
N1_Macaq	0.010174217825	2	1	1	271	271	0	T	T
N1_Macaq	0.0108070816455	1	2	1	667	667	0	C	C
N1_Macaq	0.0115678344536	1	2	1	147	147	0	T	T
N1_Macaq	0.0118593372232	1	2	1	546	546	0	A	A
N1_Macaq	0.0134847048083	2	1	1	591	591	0	G	G
N1_Macaq	0.0196283561179	1	2	1	595	595	0	T	T
N1_Macaq	0.0200162685591	2	1	1	495	495	0	C	C
N1_Macaq	0.0210517632612	2	1	1	670	670	0	A	A
N1_Macaq	0.0245543000533	1	2	1	196	196	0	G	G
N1_Macaq	0.028148342103	2	1	1	630	630	0	A	A
N1_Macaq	0.0298292306251	2	1	1	441	441	0	C	C
N1_Macaq	0.0305903914772	2	1	1	382	382	0	A	A
N1_Macaq	0.0332101687993	2	1	1	549	549	1	A	G
N1_Macaq	0.0352012440374	1	2	1	747	747	0	A	A
N1_Macaq	0.0362436251117	1	2	1	515	515	0	T	T
N1_Macaq	0.0366436192186	1	2	1	523	523	1	A	G
N1_Macaq	0.0393471313411	1	2	1	196	196	0	G	G
N1_Macaq	0.0394985501203	1	2	1	456	456	1	T	C
N1_Macaq	0.039850037663	1	2	1	216	216	0	A	A
N1_Macaq	0.041490202445	1	2	1	753	753	0	T	T
N1_Macaq	0.0421470670759	2	1	1	436	436	0	A	A
