edge	time	mut_orlg	mut_pos	old_state	new_state
N0_kluyveri	0.000161962783342	0	245	T	C
N0_kluyveri	0.000618136534829	0	107	T	A
N0_kluyveri	0.00100466622819	0	341	C	T
N0_kluyveri	0.0015210160666	0	428	G	A
N0_kluyveri	0.00208364617335	0	98	G	A
N0_kluyveri	0.00220434242103	0	136	A	G
N0_kluyveri	0.002854900075	0	92	A	G
N0_kluyveri	0.00311615523162	0	50	C	T
N0_kluyveri	0.0031336730142	0	194	C	T
N0_kluyveri	0.00321296860377	0	289	G	A
N0_kluyveri	0.00341176959807	0	392	G	A
N0_kluyveri	0.00355108431572	0	143	T	C
N0_kluyveri	0.00390314867605	0	383	G	A
N0_kluyveri	0.00527407457408	0	419	A	G
N0_kluyveri	0.00714732914324	0	380	T	C
N0_kluyveri	0.00775019098264	0	452	G	A
N0_kluyveri	0.00864472373587	0	271	G	A
N0_kluyveri	0.00910562632961	0	5	A	G
N0_kluyveri	0.009197644049	0	210	T	C
N0_kluyveri	0.00976572298653	0	311	G	A
N0_kluyveri	0.0100536023228	0	200	G	A
N0_kluyveri	0.0109185322621	0	416	T	C
N0_kluyveri	0.0119602479958	0	392	A	G
N0_kluyveri	0.0122729659018	0	425	A	G
N0_kluyveri	0.0124408153243	0	263	C	T
N0_kluyveri	0.0129302354212	0	179	C	T
N0_kluyveri	0.0133918372551	0	416	C	T
N0_D1	7.28175092104e-05	0	367	A	G
N0_D1	0.000446101310412	0	377	G	T
N0_D1	0.000896569674865	0	68	A	G
N0_D1	0.00141499686302	0	320	G	C
D1_N1	0.000745258255967	1	203	A	G
D1_N1	0.000788312095555	2	266	G	A
D1_N1	0.00136476886227	1	392	G	A
D1_N1	0.00136845577645	2	167	C	T
D1_N1	0.00180029343815	1	92	A	G
D1_N1	0.00192450449313	1	275	T	C
D1_N1	0.00215455177569	1	122	A	G
D1_N1	0.00281585371676	2	251	T	C
D1_N1	0.00297312431212	2	446	G	A
D1_N1	0.00303694565464	1	305	T	A
D1_N1	0.00305907551765	1	99	A	G
N1_castellii	0.000169134809843	2	31	C	T
N1_castellii	0.000449173304347	1	14	A	G
N1_castellii	0.000451227479375	1	290	A	C
N1_castellii	0.000516274901923	1	194	C	T
N1_castellii	0.000703317499701	2	230	G	A
N1_castellii	0.000715277505278	2	5	A	G
N1_castellii	0.00090214037165	1	269	A	G
N1_castellii	0.000998993701198	2	83	G	A
N1_castellii	0.00129735968483	2	17	A	G
N1_castellii	0.00135269503853	1	242	C	T
N1_castellii	0.00136521292163	1	378	C	T
N1_castellii	0.00150703065905	1	185	G	A
N1_castellii	0.00153032371511	1	464	T	C
N1_castellii	0.00161109880725	1	68	G	A
N1_castellii	0.0016910871981	1	269	G	A
N1_castellii	0.00216933308724	2	56	T	C
N1_castellii	0.00219355891651	2	374	T	C
N1_castellii	0.00319396616954	2	23	T	C
N1_castellii	0.00319403752157	1	338	C	T
N1_castellii	0.00352392967662	2	341	C	T
N1_castellii	0.00399450937415	2	68	G	A
N1_castellii	0.0040839964063	1	115	T	G
N1_castellii	0.00416192085433	1	11	G	A
N1_castellii	0.0044312089247	2	461	G	A
N1_castellii	0.00492679385351	2	350	G	A
N1_castellii	0.00500494959075	2	245	T	C
N1_castellii	0.00523740466142	1	148	T	C
N1_castellii	0.0058398183256	1	395	G	A
N1_castellii	0.00588870521285	2	476	G	T
N1_castellii	0.00597339900844	2	299	A	G
N1_castellii	0.00618878271661	1	14	G	C
N1_castellii	0.00632684266117	1	65	C	T
N1_castellii	0.00640911782655	1	275	C	T
N1_castellii	0.00725540658068	1	332	A	G
N1_castellii	0.00731539430119	1	452	G	A
N1_castellii	0.00759476611914	1	146	T	C
N1_castellii	0.00761773080843	2	158	G	A
N1_castellii	0.00776759874446	1	104	A	G
N1_castellii	0.0078289515424	2	170	T	C
N1_castellii	0.00806427539273	2	128	T	C
N1_castellii	0.00830350683505	1	197	A	G
N1_castellii	0.0090679565755	1	200	G	A
N1_castellii	0.00907874862748	2	363	A	T
N1_castellii	0.00911308835031	1	464	C	T
N1_castellii	0.00917270887749	2	256	T	G
N1_castellii	0.00919817232805	1	71	A	G
N1_castellii	0.0101262630412	1	479	T	G
N1_castellii	0.0101482918864	1	113	T	C
N1_castellii	0.0106725090401	1	237	T	C
N1_castellii	0.0110350897694	2	20	C	T
N1_castellii	0.0111081592767	2	215	T	C
N1_castellii	0.0112523349288	2	416	T	G
N1_castellii	0.0114296457587	1	491	C	T
N1_castellii	0.0114966286216	1	365	A	G
N1_castellii	0.01159713571	2	62	T	C
N1_castellii	0.0116553912672	1	297	G	A
N1_castellii	0.0117614792008	1	44	T	C
N1_castellii	0.01187552289	1	275	T	C
N1_castellii	0.0119178781103	1	434	C	T
N1_castellii	0.0119679014831	2	476	T	C
N1_castellii	0.0121747085657	2	486	G	T
N1_castellii	0.0121925568606	2	119	G	A
N1_castellii	0.0123259373198	1	404	G	A
N1_castellii	0.0123493578162	2	338	C	T
N1_castellii	0.0123627860584	2	206	C	T
N1_castellii	0.0124897238794	1	320	C	T
N1_castellii	0.0126718471555	2	206	T	C
N1_castellii	0.0127058405709	1	368	C	T
N1_castellii	0.0127424894055	2	311	G	A
N1_castellii	0.012823293816	2	488	A	G
N1_castellii	0.0128848514713	2	464	T	C
N1_castellii	0.0129235715309	2	144	G	A
N1_N2	0.000450543628407	1	287	G	T
N1_N2	0.00116347468081	2	350	G	A
N1_N2	0.00141919151491	2	171	T	C
N1_N2	0.00198805351474	1	339	T	C
N1_N2	0.0029841543826	1	122	G	A
N1_N2	0.00327036883975	2	473	C	T
N1_N2	0.00349005839021	2	470	T	C
N1_N2	0.00354935127611	2	65	C	T
N1_N2	0.00355469287744	2	218	C	G
N1_N2	0.0040237757674	1	384	C	T
N1_N2	0.00410763503425	2	98	G	A
N1_N2	0.00413425610947	1	251	T	C
N1_N2	0.00438113027844	1	82	T	C
N1_N2	0.00442500051356	1	211	T	C
N1_N2	0.00470122282946	1	434	C	T
N1_N2	0.00474624759486	1	248	A	T
N1_N2	0.00496079019575	1	401	A	G
N1_N2	0.00558005123727	1	293	G	A
N1_N2	0.00561431205569	1	44	T	C
N1_N2	0.00572486224155	1	266	G	A
N1_N2	0.00572488524492	1	15	G	A
N1_N2	0.00617551039569	2	335	A	G
N1_N2	0.00678788582193	2	227	A	G
N1_N2	0.00688186797814	1	440	A	G
N1_N2	0.00696105462967	1	404	G	C
N1_N2	0.00753793504781	2	302	C	T
N1_N2	0.00782412977996	2	378	C	T
N1_N2	0.00792333175346	1	431	T	C
N1_N2	0.00800684307169	2	134	C	G
N1_N2	0.00874472370232	2	296	A	G
N1_N2	0.00917806223988	2	255	A	G
N1_N2	0.00941688991038	1	129	A	G
N1_N2	0.00973764727078	1	8	A	G
N1_N2	0.00978888689223	2	356	A	G
N1_N2	0.009812053658	2	215	T	C
N1_N2	0.0105554776435	2	137	G	A
N1_N2	0.0106327409107	1	27	T	C
N1_N2	0.0107860221159	2	371	A	T
N1_N2	0.0116814109193	2	230	G	A
N1_N2	0.0118219850598	1	383	G	A
N1_N2	0.0119466041794	2	165	T	C
N1_N2	0.0122406240391	1	98	G	C
N1_N2	0.0123170798908	1	146	T	C
N1_N2	0.0123662103987	1	393	T	C
N1_N2	0.0125028614979	1	123	C	T
N1_N2	0.0125643480667	1	212	A	G
N1_N2	0.0134533431373	2	290	A	G
N1_N2	0.0135416907655	1	221	C	T
N1_N2	0.0136273605239	2	473	T	C
N1_N2	0.0139201284081	1	59	C	T
N1_N2	0.0140116487455	1	135	G	A
N1_N2	0.014229930216	2	404	G	A
N1_N2	0.0145764515439	1	29	G	A
N1_N2	0.0146211010151	1	248	T	C
N1_N2	0.0147036703069	2	26	T	C
N1_N2	0.0155517629837	1	149	G	A
N1_N2	0.015555383658	2	138	C	T
N1_N2	0.0155758914946	2	119	G	A
N1_N2	0.0157372725177	2	77	C	T
N2_bayanus	0.000101549152459	2	368	C	A
N2_bayanus	0.000386720607304	2	392	G	T
N2_bayanus	0.000888962299429	1	63	T	C
N2_bayanus	0.00112647017092	2	473	C	T
N2_bayanus	0.00198906823623	2	476	G	A
N2_bayanus	0.00217039101499	2	2	G	A
N2_N3	0.000241534874198	1	491	C	T
N2_N3	0.00070943134775	2	26	C	T
N2_N3	0.00102642979871	2	71	A	G
N2_N3	0.00127201520901	1	359	T	C
N3_kudriavzevii	8.3739942363e-06	2	23	T	C
N3_kudriavzevii	0.000333970982735	1	338	C	T
N3_kudriavzevii	0.0012530781118	2	404	A	G
N3_kudriavzevii	0.00164102231708	1	350	G	A
N3_kudriavzevii	0.00167924242225	2	107	T	G
N3_kudriavzevii	0.00173889063422	2	374	T	C
N3_kudriavzevii	0.00220891686378	1	230	G	A
N3_kudriavzevii	0.0026740645915	2	392	G	A
N3_kudriavzevii	0.00267645296802	1	269	A	T
N3_kudriavzevii	0.00268701097194	2	8	A	G
N3_kudriavzevii	0.00271511483707	1	470	T	G
N3_kudriavzevii	0.00271569920082	2	155	A	G
N3_kudriavzevii	0.00282613692681	1	239	G	T
N3_kudriavzevii	0.00286444035749	1	473	C	T
N3_kudriavzevii	0.00306747054622	1	218	C	T
N3_kudriavzevii	0.00348835999535	1	179	C	A
N3_kudriavzevii	0.00363021134797	2	239	G	A
N3_kudriavzevii	0.00391532429258	2	227	G	A
N3_kudriavzevii	0.00394242642202	2	461	G	T
N3_kudriavzevii	0.00407699278424	2	444	C	T
N3_kudriavzevii	0.00412086610611	1	431	C	T
N3_kudriavzevii	0.00458545542935	1	287	T	C
N3_kudriavzevii	0.00461799467749	2	383	G	T
N3_kudriavzevii	0.00464860343435	1	491	T	C
N3_kudriavzevii	0.00501921497941	2	263	C	T
N3_kudriavzevii	0.0050721439684	2	356	A	G
N3_kudriavzevii	0.00529190557728	1	482	C	T
N3_kudriavzevii	0.00536715728049	2	311	G	A
N3_kudriavzevii	0.00585452821241	1	101	T	G
N3_kudriavzevii	0.00596578926707	1	314	T	C
N3_N4	3.35537323418e-05	2	71	G	A
N3_N4	0.000241893926462	1	83	G	A
N3_N4	0.000606587834093	2	29	G	A
N3_N4	0.000667389918866	2	92	A	G
N3_N4	0.00104446473217	1	167	C	T
N3_N4	0.00144731966516	1	320	C	T
N3_N4	0.00162982695865	1	137	G	T
N3_N4	0.00164504869951	1	119	G	C
N3_N4	0.00164529883132	2	320	C	A
N4_mikatae	9.36594164121e-06	2	464	T	C
N4_mikatae	0.000540413158357	2	185	G	A
N4_mikatae	0.00058359085732	2	26	T	A
N4_mikatae	0.000670187434729	2	263	C	T
N4_mikatae	0.000739861417757	2	437	T	C
N4_mikatae	0.000966444632012	2	491	C	A
N4_mikatae	0.00109242423716	2	149	G	A
N4_mikatae	0.00130083049847	1	353	C	T
N4_mikatae	0.00133420387418	1	442	A	T
N4_mikatae	0.00139937963123	2	476	G	A
N4_mikatae	0.00158329690046	1	112	C	A
N4_mikatae	0.00201712508002	1	92	G	A
N4_mikatae	0.00207026238562	2	399	G	C
N4_mikatae	0.00211159224695	1	308	T	C
N4_mikatae	0.00242801664144	1	272	G	A
N4_mikatae	0.0025074787249	1	284	T	C
N4_mikatae	0.00319567010037	2	341	C	T
N4_mikatae	0.00330460505225	2	119	A	G
N4_mikatae	0.00346477031892	2	179	C	T
N4_mikatae	0.0037254796181	2	402	G	A
N4_N5	7.0843103157e-05	1	245	T	C
N4_N5	0.000456933464947	1	377	T	C
N4_N5	0.000673278976096	1	452	G	A
N4_N5	0.000816382103193	1	35	A	G
N4_N5	0.00100089992454	1	82	C	T
N4_N5	0.00123891062902	2	27	C	T
N5_paradoxus	4.7550181133e-05	1	20	C	T
N5_paradoxus	0.00092168801006	2	431	C	T
N5_paradoxus	0.00129972167716	1	248	C	T
N5_cerevisiae	0.000211416174166	1	53	T	A
N5_cerevisiae	0.000555063362643	1	422	G	A
N5_cerevisiae	0.000587040335088	1	107	T	C
N5_cerevisiae	0.00101036881065	2	425	A	G
N5_cerevisiae	0.0013192887416	1	311	G	A
N5_cerevisiae	0.00138663641893	1	2	G	A
N5_cerevisiae	0.00170908631572	2	317	G	T
N5_cerevisiae	0.00171313839652	1	329	T	C
N5_cerevisiae	0.00245610241332	1	434	T	C
N5_cerevisiae	0.00270204122246	2	455	T	C
N5_cerevisiae	0.00275158373696	1	407	C	T
N5_cerevisiae	0.00290217211312	2	131	T	C
N5_cerevisiae	0.00415605838407	2	131	C	T
N5_cerevisiae	0.00419731326588	2	140	T	C
