edge	time	mut_orlg	mut_pos	old_state	new_state
N0_kluyveri	0.000396883043885	0	196	A	G
N0_kluyveri	0.000716187938763	0	305	A	G
N0_kluyveri	0.000944881307291	0	527	A	G
N0_kluyveri	0.00104516031929	0	632	A	G
N0_kluyveri	0.00106089032186	0	412	G	A
N0_kluyveri	0.00139024575947	0	362	G	A
N0_kluyveri	0.00157540430367	0	395	C	T
N0_kluyveri	0.00161261131088	0	14	A	G
N0_kluyveri	0.00179677846475	0	647	G	C
N0_kluyveri	0.00199696293447	0	443	C	T
N0_kluyveri	0.00270148839889	0	609	A	G
N0_kluyveri	0.00371277589501	0	428	C	T
N0_kluyveri	0.0044645609568	0	341	G	A
N0_kluyveri	0.00661068704634	0	563	G	C
N0_kluyveri	0.00876233692346	0	131	A	G
N0_kluyveri	0.00918441119627	0	245	A	G
N0_kluyveri	0.00954378349286	0	425	C	A
N0_kluyveri	0.00987462709001	0	638	G	A
N0_kluyveri	0.0100088677927	0	119	A	G
N0_kluyveri	0.0100791645425	0	341	A	G
N0_kluyveri	0.0102233323814	0	551	A	G
N0_kluyveri	0.0108928185241	0	593	G	A
N0_kluyveri	0.0120644322591	0	228	A	G
N0_kluyveri	0.0145507259458	0	344	G	A
N0_kluyveri	0.0146626893175	0	236	A	G
N0_kluyveri	0.0152016144638	0	602	C	T
N0_kluyveri	0.0153530337147	0	6	C	T
N0_kluyveri	0.0160769661643	0	128	T	C
N0_kluyveri	0.0166361752328	0	539	A	G
N0_kluyveri	0.0175209459989	0	54	T	C
N0_kluyveri	0.0178512197349	0	2	T	C
N0_kluyveri	0.0182017174469	0	485	C	T
N0_kluyveri	0.0186309262349	0	188	A	G
N0_kluyveri	0.019322983762	0	509	A	C
N0_kluyveri	0.0201144493462	0	230	C	T
N0_kluyveri	0.0202306999609	0	8	A	G
N0_kluyveri	0.0207679080491	0	56	T	C
N0_kluyveri	0.0211759165175	0	497	G	A
N0_D1	0.000188776917833	0	369	T	C
N0_D1	0.000310096135357	0	587	A	G
N0_D1	0.000466127159639	0	365	T	G
N0_D1	0.00139906952965	0	653	T	C
N0_D1	0.00151229003296	0	140	G	T
N0_D1	0.0019012624312	0	569	T	C
N0_D1	0.00226487702439	0	548	C	T
D1_N1	0.000321873871283	2	245	A	G
D1_N1	0.00074294776037	1	258	G	T
D1_N1	0.000854973823431	2	575	A	C
D1_N1	0.00123962503824	2	120	A	G
D1_N1	0.00146056646535	2	86	G	A
D1_N1	0.00153404259581	2	214	T	C
D1_N1	0.00174424324477	1	206	C	T
D1_N1	0.00175564857339	2	644	G	A
D1_N1	0.0021503167092	1	461	T	C
D1_N1	0.00221544148496	2	152	T	C
D1_N1	0.00282438909222	1	575	A	G
D1_N1	0.00314731839938	1	350	G	C
D1_N1	0.00329602895517	1	566	G	A
D1_N1	0.00334761694264	2	650	A	G
D1_N1	0.00373198769155	1	392	T	C
D1_N1	0.00453759441252	1	446	T	C
D1_N1	0.0047071015472	2	365	G	A
D1_N1	0.00488044010194	1	350	C	T
D1_N1	0.0051955860059	2	95	T	C
D1_N1	0.00529047054057	2	125	C	T
D1_N1	0.00546718820694	2	650	G	A
D1_N1	0.00596197656555	1	212	T	C
D1_N1	0.00599163555788	2	527	A	C
D1_N1	0.00604536683479	2	419	G	A
N1_castellii	0.000432986629346	2	539	A	C
N1_castellii	0.000695484276489	1	554	T	C
N1_castellii	0.000696343276273	2	662	C	T
N1_castellii	0.00149075510818	2	38	A	G
N1_castellii	0.00232519978933	1	431	C	T
N1_castellii	0.00295602261653	1	587	G	A
N1_castellii	0.00305681364406	2	481	C	T
N1_castellii	0.00306184542329	2	26	A	G
N1_castellii	0.00324058985745	1	317	T	C
N1_castellii	0.00394444992297	2	683	T	C
N1_castellii	0.00425211314786	2	429	G	A
N1_castellii	0.00458302562222	1	414	A	G
N1_castellii	0.00464067567553	2	470	G	A
N1_castellii	0.00489807781584	1	168	G	A
N1_castellii	0.00500583579839	1	368	C	T
N1_castellii	0.00549045598501	2	516	A	G
N1_castellii	0.00573849324318	2	329	G	A
N1_castellii	0.00658935478281	2	608	G	A
N1_castellii	0.00677538059537	2	116	T	C
N1_castellii	0.00684268773472	2	440	G	A
N1_castellii	0.00731982541104	2	600	C	T
N1_castellii	0.007482083311	1	419	G	A
N1_castellii	0.00793003581132	2	359	T	G
N1_castellii	0.00806480235675	2	116	C	T
N1_castellii	0.00812041120012	2	662	T	C
N1_castellii	0.00813061074333	1	227	T	A
N1_castellii	0.00880234276667	2	440	A	G
N1_castellii	0.00883805718109	1	326	T	C
N1_castellii	0.00894884750976	1	347	C	A
N1_castellii	0.00939401602225	1	80	T	C
N1_castellii	0.00962312654629	1	257	C	T
N1_castellii	0.00998476183011	2	342	A	T
N1_castellii	0.0100838214635	2	471	G	A
N1_castellii	0.0102041529053	2	611	T	A
N1_castellii	0.0102540273064	2	91	G	A
N1_castellii	0.0103119959258	1	275	G	A
N1_castellii	0.0104606599234	2	122	T	C
N1_castellii	0.0106484332315	2	515	T	C
N1_castellii	0.0106888880905	1	263	A	G
N1_N2	0.000221841882181	2	485	C	T
N1_N2	0.000262686200768	1	54	T	C
N1_N2	0.000434262581405	2	530	G	A
N1_N2	0.000449285164862	1	128	T	G
N1_N2	0.00128673393319	2	448	G	A
N1_N2	0.0013283144072	2	440	G	A
N1_N2	0.00139642716284	1	470	G	A
N1_N2	0.00141800773433	1	68	C	T
N1_N2	0.00160286631671	2	488	G	A
N1_N2	0.00161967012851	1	615	C	T
N1_N2	0.00175891972454	2	89	G	A
N1_N2	0.00197663510963	2	380	C	A
N1_N2	0.00221931184948	1	656	T	A
N1_N2	0.00223596139719	1	419	G	A
N1_N2	0.0023254731824	2	602	C	A
N1_N2	0.00242373702902	2	314	C	T
N1_N2	0.00271335771943	1	132	A	G
N1_N2	0.0033025223203	1	5	A	G
N1_N2	0.00331076677574	2	473	C	T
N1_N2	0.00334289055349	1	512	T	A
N1_N2	0.00338915411858	1	341	G	A
N1_N2	0.00363962466936	1	197	G	A
N1_N2	0.00365571748131	2	295	A	G
N1_N2	0.00384802470476	1	254	C	A
N1_N2	0.00407715790549	2	104	C	T
N1_N2	0.0046363049483	1	635	T	C
N1_N2	0.0047745091205	1	50	T	C
N1_N2	0.00490816909824	2	587	G	A
N1_N2	0.00503349212189	2	83	T	C
N1_N2	0.005073331233	2	674	A	G
N1_N2	0.00509458630603	2	98	G	A
N1_N2	0.00546918222645	1	185	A	G
N1_N2	0.00573385520897	2	560	A	T
N1_N2	0.00755197331402	2	41	G	A
N1_N2	0.00776323006735	1	77	T	C
N1_N2	0.00776737017684	1	404	A	G
N1_N2	0.0078705746825	1	245	A	G
N1_N2	0.0079093653371	2	71	A	G
N1_N2	0.00863477361633	2	572	A	G
N1_N2	0.00935444813633	2	465	A	G
N1_N2	0.0094162290136	2	242	G	C
N1_N2	0.0095410633488	2	131	A	G
N1_N2	0.00970199838746	1	381	A	G
N1_N2	0.00986264718716	1	104	C	T
N1_N2	0.0100809230881	2	664	G	A
N1_N2	0.0101975092366	2	584	T	C
N1_N2	0.010953814581	1	53	A	G
N1_N2	0.0112884267273	2	104	T	C
N1_N2	0.0113436727941	2	41	A	G
N1_N2	0.011584229259	2	104	C	T
N1_N2	0.0118384681476	1	653	C	T
N1_N2	0.0120268991174	2	185	A	G
N1_N2	0.0122529699932	1	113	T	A
N1_N2	0.0122761701789	2	366	C	T
N1_N2	0.0125007651816	2	666	A	G
N1_N2	0.012927723868	1	455	A	C
N1_N2	0.0130188737453	1	275	G	A
N1_N2	0.0130285297761	2	2	T	A
N1_N2	0.0135004736786	1	446	C	T
N1_N2	0.0135284732629	1	452	A	G
N1_N2	0.0135295193936	2	488	A	G
N2_bayanus	1.09119419369e-05	2	311	A	G
N2_bayanus	7.54812686291e-05	2	118	C	T
N2_bayanus	9.36373525429e-05	1	677	G	A
N2_bayanus	0.000590137402078	2	410	T	C
N2_bayanus	0.000731126402024	2	206	C	T
N2_bayanus	0.000890903316796	1	248	C	T
N2_bayanus	0.000911165358796	2	490	T	C
N2_bayanus	0.00104154334059	2	88	C	T
N2_bayanus	0.00120645052534	2	533	C	T
N2_bayanus	0.00151592396121	2	185	G	A
N2_bayanus	0.00169379076731	2	557	T	C
N2_bayanus	0.00172699635824	1	650	A	G
N2_bayanus	0.00204494400288	1	263	A	G
N2_bayanus	0.00207248597033	2	62	C	T
N2_bayanus	0.00227476124328	1	455	C	T
N2_bayanus	0.00229351437096	1	101	G	A
N2_bayanus	0.00250261880672	2	596	T	C
N2_bayanus	0.00254641284442	1	360	A	G
N2_bayanus	0.00284054890066	1	677	A	G
N2_bayanus	0.00328807895133	2	411	A	G
N2_bayanus	0.00337002935465	2	386	G	T
N2_bayanus	0.00339598328557	2	348	G	A
N2_bayanus	0.00348047578782	2	555	T	C
N2_bayanus	0.00373424611003	1	479	A	G
N2_bayanus	0.00382700213968	1	680	A	G
N2_bayanus	0.00420414053141	1	326	T	C
N2_bayanus	0.0050099772147	1	320	C	T
N2_bayanus	0.00537049873951	1	134	A	G
N2_bayanus	0.00541672933245	2	131	G	A
N2_bayanus	0.00547163865623	2	410	C	T
N2_bayanus	0.00573087608189	1	545	T	C
N2_bayanus	0.00602647210789	2	314	T	C
N2_bayanus	0.00619018730608	1	386	G	A
N2_bayanus	0.0062585013218	1	677	G	A
N2_bayanus	0.00658664697618	2	572	A	G
N2_bayanus	0.00666809228779	1	245	G	A
N2_bayanus	0.0068414611207	1	32	C	T
N2_bayanus	0.0070452163458	1	254	A	G
N2_bayanus	0.00718545408553	1	479	A	G
N2_bayanus	0.00739882849135	1	29	G	A
N2_bayanus	0.00807315046043	1	659	C	T
N2_bayanus	0.00815374727702	2	212	T	C
N2_bayanus	0.00861716072102	2	572	G	A
N2_N3	0.000517930080031	1	659	C	G
N2_N3	0.000670160330713	2	47	G	A
N2_N3	0.000882305224674	1	662	C	T
N2_N3	0.00105387106018	2	419	A	G
N2_N3	0.00121226242316	1	278	C	T
N2_N3	0.00179880838307	2	648	T	C
N2_N3	0.00183900984788	2	443	C	T
N2_N3	0.00205182708896	1	112	A	G
N3_kudriavzevii	3.61328963992e-05	2	123	A	G
N3_kudriavzevii	4.31451699934e-05	2	362	G	A
N3_kudriavzevii	0.000149867719877	1	200	T	C
N3_kudriavzevii	0.000160380416296	2	677	G	A
N3_kudriavzevii	0.000176807968126	2	221	T	A
N3_kudriavzevii	0.000563802372821	1	124	T	C
N3_kudriavzevii	0.000612988677071	2	357	C	T
N3_kudriavzevii	0.000685160079684	2	68	C	T
N3_kudriavzevii	0.000782326412099	2	287	A	C
N3_kudriavzevii	0.000816742670133	1	215	A	G
N3_kudriavzevii	0.000865122165169	2	287	C	G
N3_kudriavzevii	0.00102319535061	1	251	A	G
N3_kudriavzevii	0.00128801542532	2	434	A	G
N3_kudriavzevii	0.00132371748647	1	85	T	C
N3_kudriavzevii	0.00145280410428	2	50	T	A
N3_kudriavzevii	0.00184207142074	2	320	C	T
N3_kudriavzevii	0.00235645636171	1	248	C	T
N3_kudriavzevii	0.0025598394497	1	233	G	A
N3_kudriavzevii	0.0025786846696	1	345	G	A
N3_kudriavzevii	0.00264476991746	2	341	G	C
N3_kudriavzevii	0.00281316032147	1	39	T	C
N3_kudriavzevii	0.00291796029703	2	395	C	T
N3_kudriavzevii	0.0030537566605	2	335	T	C
N3_kudriavzevii	0.00345485333504	2	302	G	A
N3_kudriavzevii	0.00351707483202	1	230	C	T
N3_kudriavzevii	0.00360299996807	2	668	T	C
N3_kudriavzevii	0.00368137452726	1	605	C	T
N3_kudriavzevii	0.00370384795698	1	385	A	G
N3_kudriavzevii	0.00401973819462	2	254	C	T
N3_kudriavzevii	0.00421842005066	1	512	A	G
N3_kudriavzevii	0.00430980468357	1	11	G	T
N3_kudriavzevii	0.00466381033159	1	119	A	G
N3_kudriavzevii	0.00495878306248	2	308	A	G
N3_kudriavzevii	0.00509004033563	2	656	T	G
N3_kudriavzevii	0.00517289073948	1	663	T	C
N3_kudriavzevii	0.00519543784688	1	371	G	A
N3_kudriavzevii	0.00526401404514	1	554	T	C
N3_kudriavzevii	0.00570504156125	1	302	G	A
N3_kudriavzevii	0.00594648295004	1	131	G	C
N3_kudriavzevii	0.00644933931619	1	257	C	T
N3_N4	0.000475610281717	1	395	C	T
N3_N4	0.000647014391842	2	563	G	A
N3_N4	0.000711740636317	2	134	A	G
N3_N4	0.000718625474221	1	488	G	A
N3_N4	0.0008148282883	1	365	G	C
N3_N4	0.000949968669702	2	497	G	A
N3_N4	0.00135670037828	2	200	T	C
N3_N4	0.00177296909471	2	41	G	A
N4_mikatae	8.62984719054e-06	1	502	A	G
N4_mikatae	0.000323531107085	2	278	C	A
N4_mikatae	0.000643841653152	2	44	C	T
N4_mikatae	0.000658789849832	2	122	T	C
N4_mikatae	0.000679258241693	1	617	C	A
N4_mikatae	0.000693815784277	1	173	A	G
N4_mikatae	0.00129858783248	2	389	A	G
N4_mikatae	0.00136775625375	1	398	T	C
N4_mikatae	0.00138011234411	2	569	C	T
N4_mikatae	0.00152047252597	1	86	A	G
N4_mikatae	0.0016253547177	2	242	C	T
N4_mikatae	0.00165661681797	1	90	A	T
N4_mikatae	0.00197697404392	2	326	T	C
N4_mikatae	0.00202067834368	1	560	A	C
N4_mikatae	0.00255724359171	1	26	A	G
N4_mikatae	0.00264107309102	1	71	A	G
N4_mikatae	0.00267902393664	2	320	C	T
N4_mikatae	0.00286359352854	1	209	T	G
N4_mikatae	0.0029139300899	2	657	G	A
N4_mikatae	0.00311618095599	2	356	G	T
N4_mikatae	0.00313470674672	1	629	T	G
N4_mikatae	0.00335401504694	1	63	A	G
N4_mikatae	0.00356362651319	2	492	T	C
N4_mikatae	0.00364715542156	1	14	A	G
N4_mikatae	0.00365591008333	1	146	T	A
N4_mikatae	0.00386978411389	2	341	G	A
N4_mikatae	0.00389143129788	1	612	T	C
N4_mikatae	0.00475495759068	1	632	A	C
N4_mikatae	0.00512733471807	1	287	A	G
N4_mikatae	0.00547371268446	2	101	G	A
N4_mikatae	0.00571354042814	2	449	T	C
N4_mikatae	0.0059601031313	1	392	T	C
N4_mikatae	0.00618246996808	1	264	A	G
N4_mikatae	0.00658508655149	2	657	A	G
N4_mikatae	0.00658723484698	2	479	A	G
N4_mikatae	0.00681601274553	1	443	C	T
N4_mikatae	0.00710423369736	1	128	G	A
N4_mikatae	0.00714608784986	1	257	C	T
N4_mikatae	0.00769021251776	1	446	T	C
N4_mikatae	0.00788483796773	2	155	A	G
N4_mikatae	0.00798183976021	1	163	A	G
N4_mikatae	0.00815261126479	2	314	T	C
N4_mikatae	0.00815465652414	2	352	T	C
N4_mikatae	0.0081670104852	1	110	A	G
N4_mikatae	0.00838648194447	1	428	C	T
N4_mikatae	0.00840348683378	2	347	C	T
N4_mikatae	0.00861357144635	2	434	A	G
N4_mikatae	0.00862262358766	1	629	G	A
N4_mikatae	0.00927223546525	1	374	T	A
N4_N5	5.73032000489e-05	2	413	A	T
N5_paradoxus	0.00028812698888	2	244	A	G
N5_paradoxus	0.000646875483008	2	185	G	A
N5_paradoxus	0.00067646195038	1	62	C	T
N5_paradoxus	0.000698942576994	2	254	C	A
N5_paradoxus	0.00111415487734	1	272	C	T
N5_paradoxus	0.00111454856748	1	497	G	A
N5_paradoxus	0.00114497912082	2	566	G	A
N5_paradoxus	0.0011543114426	2	245	G	T
N5_paradoxus	0.00115625355298	1	214	T	A
N5_paradoxus	0.00139299115973	1	455	C	T
N5_paradoxus	0.00175718689504	2	497	A	C
N5_paradoxus	0.00223701860243	1	427	A	T
N5_paradoxus	0.00245917711704	2	170	A	T
N5_paradoxus	0.00253776595948	2	485	T	C
N5_paradoxus	0.00276564475791	1	371	G	A
N5_paradoxus	0.00277324078906	2	8	A	G
N5_paradoxus	0.00304992801524	1	153	T	C
N5_paradoxus	0.00306515303965	1	488	A	G
N5_paradoxus	0.00341530472017	1	155	A	C
N5_paradoxus	0.00344059696906	1	365	C	T
N5_paradoxus	0.00345247064967	2	654	C	T
N5_paradoxus	0.00352080547083	1	575	G	A
N5_paradoxus	0.00389464807773	2	248	C	T
N5_cerevisiae	0.000201791524058	2	488	G	A
N5_cerevisiae	0.000239807380894	1	384	C	G
N5_cerevisiae	0.000634206935991	2	293	A	G
N5_cerevisiae	0.00102822816337	2	149	A	G
N5_cerevisiae	0.00104342698114	1	101	G	A
N5_cerevisiae	0.00106082667493	1	335	T	C
N5_cerevisiae	0.00122324369702	2	291	T	C
N5_cerevisiae	0.00122326572401	2	365	A	G
N5_cerevisiae	0.0012550846712	2	503	T	C
N5_cerevisiae	0.00133500862726	2	476	C	A
N5_cerevisiae	0.001636758739	2	650	A	G
N5_cerevisiae	0.00175931714476	1	233	G	A
N5_cerevisiae	0.002430832108	2	437	G	A
N5_cerevisiae	0.00278578283028	1	548	T	C
N5_cerevisiae	0.00283440689359	2	278	C	T
N5_cerevisiae	0.00341542085907	1	440	A	C
N5_cerevisiae	0.0035079039869	1	542	G	A
N5_cerevisiae	0.00376977918415	1	530	G	A
N5_cerevisiae	0.00377398428283	1	140	T	C
N5_cerevisiae	0.00384304662311	1	116	T	C
N5_cerevisiae	0.00402967193349	1	122	T	C
N5_cerevisiae	0.00419423378627	2	275	G	A
