edge	time	mut_orlg	mut_pos	old_state	new_state
N0_kluyveri	0.000431300953328	0	53	C	T
N0_kluyveri	0.00104521439565	0	116	T	C
N0_kluyveri	0.0017362023765	0	59	G	A
N0_kluyveri	0.00195642991929	0	344	C	T
N0_kluyveri	0.00203442801271	0	221	C	T
N0_kluyveri	0.00255116395335	0	260	A	G
N0_kluyveri	0.00312914842483	0	227	C	T
N0_kluyveri	0.00382034213113	0	272	G	A
N0_kluyveri	0.00421867190286	0	197	A	T
N0_kluyveri	0.00512454537178	0	188	C	T
N0_kluyveri	0.00549691983142	0	314	A	G
N0_kluyveri	0.00590653654965	0	125	T	C
N0_kluyveri	0.007306422648	0	416	G	A
N0_kluyveri	0.00823203696004	0	257	T	C
N0_kluyveri	0.00833649229334	0	345	G	A
N0_kluyveri	0.00837219393431	0	380	C	T
N0_kluyveri	0.00856847085748	0	371	G	A
N0_kluyveri	0.00864019708368	0	140	C	T
N0_kluyveri	0.0100247604029	0	92	A	G
N0_kluyveri	0.0104529021093	0	134	C	T
N0_kluyveri	0.0109520333718	0	152	A	G
N0_kluyveri	0.010965474186	0	92	G	C
N0_kluyveri	0.0112144782156	0	170	A	G
N0_kluyveri	0.0113013412321	0	101	C	G
N0_kluyveri	0.0113412717169	0	392	T	C
N0_kluyveri	0.0113525652866	0	281	G	A
N0_kluyveri	0.0118234705361	0	152	G	A
N0_kluyveri	0.0126823855883	0	56	T	C
N0_kluyveri	0.0128040883215	0	437	T	C
N0_kluyveri	0.0132076040369	0	474	A	G
N0_kluyveri	0.0133371890961	0	3	C	G
N0_kluyveri	0.0135675590479	0	59	A	G
N0_kluyveri	0.0136959240811	0	23	T	C
N0_D1	0.000158393811667	0	275	T	C
N0_D1	0.000323226144878	0	383	C	T
N0_D1	0.000440184071819	0	215	T	C
N0_D1	0.000487657748684	0	410	G	A
N0_D1	0.000587174296727	0	479	A	G
N0_D1	0.000647569673618	0	253	A	G
N0_D1	0.000881775602891	0	86	T	C
D1_N1	7.09859052535e-05	1	152	A	T
D1_N1	8.56276961269e-05	2	218	T	C
D1_N1	0.000368086352798	1	224	G	C
D1_N1	0.000383224709574	1	299	T	C
D1_N1	0.000800592669814	1	423	T	C
D1_N1	0.000965689650911	2	398	A	G
D1_N1	0.00108975308594	1	56	T	C
D1_N1	0.00119872946423	1	428	A	G
D1_N1	0.00139004346236	1	377	A	G
D1_N1	0.00175655313214	1	371	G	C
D1_N1	0.00200211767236	1	425	G	A
D1_N1	0.00244596086035	2	185	C	T
D1_N1	0.0024506183332	2	35	C	T
D1_N1	0.0024977276166	2	43	G	A
D1_N1	0.00331991219567	1	227	C	T
N1_castellii	1.46280696963e-05	2	299	T	C
N1_castellii	0.000278872761719	2	233	T	C
N1_castellii	0.00062902057245	2	404	C	T
N1_castellii	0.00066754630232	1	278	C	T
N1_castellii	0.000723328399238	2	239	G	T
N1_castellii	0.00116673697276	1	185	C	T
N1_castellii	0.0012808950565	1	251	G	A
N1_castellii	0.00145315575078	1	131	C	T
N1_castellii	0.00173914821525	1	200	C	T
N1_castellii	0.00183722116537	1	305	G	T
N1_castellii	0.00184212200363	2	479	G	A
N1_castellii	0.00226557677919	2	47	C	T
N1_castellii	0.00310878516134	1	443	A	G
N1_castellii	0.00382112026178	1	464	T	C
N1_castellii	0.00392251564081	2	440	A	G
N1_castellii	0.00404895098733	2	173	C	T
N1_castellii	0.00429592061155	2	425	G	A
N1_castellii	0.00485318995133	2	248	T	C
N1_castellii	0.00491769586365	1	272	G	A
N1_castellii	0.00513166415356	2	407	G	A
N1_castellii	0.00602519563016	1	107	A	C
N1_castellii	0.00615359203304	2	88	G	A
N1_castellii	0.00616851983459	2	173	T	C
N1_castellii	0.00641623697452	2	11	T	C
N1_castellii	0.00659505412554	1	259	G	A
N1_castellii	0.00669546498347	1	359	G	A
N1_castellii	0.00687085054764	1	83	C	G
N1_castellii	0.00693399351323	2	86	C	T
N1_castellii	0.00722079514105	1	134	C	G
N1_castellii	0.00735443989684	2	470	G	A
N1_castellii	0.0075501397114	1	200	T	C
N1_castellii	0.00765075899347	1	8	C	T
N1_castellii	0.00768265181366	1	263	A	T
N1_castellii	0.00788330279345	1	332	C	T
N1_castellii	0.00808520481018	2	35	T	C
N1_castellii	0.00864731360131	2	38	A	G
N1_castellii	0.00897884699919	1	140	C	T
N1_castellii	0.00900397350343	1	335	C	T
N1_castellii	0.00918705408291	2	92	A	T
N1_castellii	0.0091874130408	1	14	T	C
N1_castellii	0.00920415131192	2	476	C	T
N1_castellii	0.00942012584554	2	149	A	G
N1_castellii	0.00977633728412	1	347	C	T
N1_castellii	0.00981595590521	2	83	C	T
N1_castellii	0.0102543128111	1	347	T	A
N1_castellii	0.0104417315525	2	183	T	A
N1_castellii	0.010668995064	2	68	C	T
N1_castellii	0.0109423190473	1	398	A	C
N1_castellii	0.0112188695478	1	17	G	A
N1_castellii	0.0113302608526	1	452	C	T
N1_castellii	0.0114536030408	1	14	C	T
N1_castellii	0.0115046564276	1	167	T	C
N1_castellii	0.0115449227062	2	200	C	T
N1_castellii	0.0116574427123	2	194	A	G
N1_castellii	0.0122983231511	1	194	A	G
N1_castellii	0.0125778425175	1	329	C	T
N1_castellii	0.0126394042402	2	53	C	T
N1_castellii	0.0126401811962	1	71	T	C
N1_castellii	0.0128789991092	1	329	T	C
N1_castellii	0.0128916038506	1	377	G	A
N1_N2	0.000181706527699	2	320	A	G
N1_N2	0.000654722098836	2	185	T	C
N1_N2	0.00104237664661	2	455	T	C
N1_N2	0.00111324339737	1	161	C	T
N1_N2	0.00116606892589	2	484	C	A
N1_N2	0.00125001642087	2	41	T	C
N1_N2	0.00177512546485	1	2	G	T
N1_N2	0.00222375314513	2	69	T	C
N1_N2	0.00229438544512	1	113	T	C
N1_N2	0.00248937019505	2	455	C	T
N1_N2	0.00258943066905	1	410	A	G
N1_N2	0.00265513019052	1	53	C	T
N1_N2	0.00294500799904	1	23	T	C
N1_N2	0.00294702588648	1	2	T	C
N1_N2	0.00298694419116	2	113	T	C
N1_N2	0.00353135752792	1	485	C	T
N1_N2	0.00356214000245	2	83	C	T
N1_N2	0.0035835999453	2	236	T	C
N1_N2	0.00358585070336	2	383	T	C
N1_N2	0.00359145277047	2	86	C	T
N1_N2	0.00371202965604	2	119	G	A
N1_N2	0.00386157801963	2	140	C	T
N1_N2	0.00420666517486	1	131	C	G
N1_N2	0.00426767673338	2	293	G	A
N1_N2	0.0042891731787	2	347	C	T
N1_N2	0.0044784889351	1	62	A	G
N1_N2	0.00459429275311	2	419	C	G
N1_N2	0.00466658723435	1	338	G	C
N1_N2	0.00471865540692	1	56	C	T
N1_N2	0.00511503209079	2	401	T	C
N1_N2	0.00523242200883	2	260	A	G
N1_N2	0.00535774443754	2	44	C	A
N1_N2	0.00552971937954	1	401	T	C
N1_N2	0.0056682774664	1	113	C	T
N1_N2	0.00577973710227	2	17	G	A
N1_N2	0.0059790623488	2	176	G	A
N1_N2	0.00602320706104	1	445	A	C
N1_N2	0.00603862658377	1	269	C	T
N1_N2	0.00620496268193	2	398	G	A
N1_N2	0.00622451016756	2	401	C	G
N1_N2	0.00666968914336	1	44	C	T
N1_N2	0.00674302950912	1	110	T	C
N1_N2	0.0069950570824	2	479	G	A
N1_N2	0.00748570387549	1	374	A	G
N1_N2	0.00798208053894	2	35	T	C
N1_N2	0.00799675500295	1	326	T	C
N1_N2	0.00800237101249	2	269	C	T
N1_N2	0.00815469996702	1	339	A	G
N1_N2	0.0083092044346	2	179	G	A
N1_N2	0.00841417478726	1	272	G	A
N1_N2	0.00912889871779	1	140	C	T
N1_N2	0.00919640535625	2	98	A	C
N1_N2	0.00966976939065	2	365	G	A
N1_N2	0.0103608858415	2	224	G	A
N1_N2	0.0106014057955	1	130	G	A
N1_N2	0.0118442836827	1	359	G	A
N1_N2	0.0120027601902	2	257	T	C
N1_N2	0.0124165009141	1	440	A	G
N1_N2	0.0127775793565	1	269	T	C
N1_N2	0.0129328618441	2	353	C	T
N1_N2	0.0129333709676	2	236	C	T
N1_N2	0.0129373045316	2	44	A	G
N1_N2	0.0137290368802	1	11	T	C
N1_N2	0.0148062118031	1	473	C	T
N1_N2	0.0150507384227	1	116	T	C
N1_N2	0.0151800327735	2	95	A	G
N1_N2	0.0153009465729	1	455	T	C
N1_N2	0.0153392909864	2	68	C	T
N1_N2	0.015345275824	1	44	T	C
N1_N2	0.0157564137782	1	71	T	C
N2_bayanus	0.000424611320017	2	146	A	G
N2_bayanus	0.000595288918177	2	170	A	G
N2_bayanus	0.000674641952157	2	368	G	A
N2_bayanus	0.000944040764732	2	368	A	G
N2_bayanus	0.00099996300618	2	185	C	T
N2_bayanus	0.00178656008478	2	72	C	T
N2_bayanus	0.00198972549648	1	65	C	T
N2_N3	0.000120347841119	2	332	C	T
N2_N3	0.000170381766952	2	188	C	T
N2_N3	0.000175933085947	1	353	C	T
N2_N3	0.000314898799376	1	269	C	T
N2_N3	0.000641332615191	1	446	A	G
N2_N3	0.000848631291359	1	287	T	C
N2_N3	0.00100433161543	1	80	C	T
N2_N3	0.00115703996536	2	326	C	T
N3_kudriavzevii	0.000711669844082	1	311	A	G
N3_kudriavzevii	0.000831467019888	2	317	A	G
N3_kudriavzevii	0.00127920609848	2	134	C	T
N3_kudriavzevii	0.00136346798555	2	386	A	G
N3_kudriavzevii	0.0015191116496	1	326	C	T
N3_kudriavzevii	0.00160280101805	2	35	C	T
N3_kudriavzevii	0.00165134987	1	89	T	C
N3_kudriavzevii	0.00178671722423	1	191	T	C
N3_kudriavzevii	0.00198791816305	1	281	G	A
N3_kudriavzevii	0.0022573749283	1	449	T	C
N3_kudriavzevii	0.00275804131722	2	407	G	A
N3_kudriavzevii	0.00309082470383	2	188	T	C
N3_kudriavzevii	0.0032129469779	1	467	C	T
N3_kudriavzevii	0.00384374338225	2	218	T	C
N3_kudriavzevii	0.00385320307579	1	309	G	T
N3_kudriavzevii	0.00394404098642	2	209	A	G
N3_kudriavzevii	0.00411568035216	2	72	C	T
N3_kudriavzevii	0.004141440174	1	65	C	T
N3_kudriavzevii	0.00419781360208	1	335	C	T
N3_kudriavzevii	0.00424992917198	1	343	G	A
N3_kudriavzevii	0.0052544796925	2	251	G	A
N3_kudriavzevii	0.00532480350931	1	488	A	G
N3_kudriavzevii	0.00533849087881	1	245	G	A
N3_kudriavzevii	0.00554104499461	2	77	A	C
N3_N4	0.000499953392743	1	368	G	A
N3_N4	0.000577481870895	2	179	G	A
N3_N4	0.000714775436651	2	233	T	C
N3_N4	0.000813180048785	2	95	G	T
N3_N4	0.00146966870982	1	386	A	G
N3_N4	0.00175178985954	1	410	G	A
N3_N4	0.00204457526911	1	328	G	T
N3_N4	0.00208684758725	2	29	G	A
N3_N4	0.00215222517883	1	185	C	T
N4_mikatae	5.98885020477e-05	1	347	C	T
N4_mikatae	0.000491917753273	2	126	T	C
N4_mikatae	0.00049806687669	1	47	C	T
N4_mikatae	0.000516080835406	1	377	G	A
N4_mikatae	0.000600412337855	1	278	C	T
N4_mikatae	0.00115072693362	1	71	C	T
N4_mikatae	0.00116223328443	1	374	G	A
N4_mikatae	0.00130773171528	2	284	A	T
N4_mikatae	0.00188474175571	1	179	G	A
N4_mikatae	0.00192208335627	2	427	A	G
N4_mikatae	0.00198803191673	2	456	A	G
N4_mikatae	0.00206189513137	2	2	G	C
N4_mikatae	0.00207384686789	1	387	A	G
N4_mikatae	0.00249166445886	2	479	G	A
N4_mikatae	0.00338039820741	2	440	G	A
N4_mikatae	0.00367916618248	2	239	G	A
N4_mikatae	0.00371668598419	2	11	T	C
N4_mikatae	0.0037368553078	2	322	G	A
N4_mikatae	0.00395768675504	1	461	T	C
N4_N5	9.69889075258e-05	2	322	G	A
N4_N5	0.000337572782886	1	488	A	G
N4_N5	0.000560627425936	2	362	T	A
N4_N5	0.00074735451626	1	93	C	T
N4_N5	0.000777843818452	1	434	G	A
N4_N5	0.00125627120046	2	92	A	G
N4_N5	0.00132662059522	1	101	C	T
N4_N5	0.00134710644378	2	179	A	G
N5_paradoxus	0.000223318740831	2	227	T	C
N5_paradoxus	0.000235168283751	2	332	T	C
N5_paradoxus	0.000317128847247	2	93	C	T
N5_paradoxus	0.000330284748997	2	72	C	T
N5_paradoxus	0.000381505014858	1	266	A	G
N5_paradoxus	0.000711013520962	2	254	G	A
N5_paradoxus	0.00116015024331	1	419	C	T
N5_paradoxus	0.00116903204028	1	209	A	G
N5_paradoxus	0.00143515534741	1	377	G	A
N5_cerevisiae	0.000567115072174	2	281	G	A
N5_cerevisiae	0.000794396616582	1	440	G	A
N5_cerevisiae	0.000957240731383	2	182	C	T
N5_cerevisiae	0.00096349431095	1	416	G	A
N5_cerevisiae	0.00168562329385	1	140	T	C
N5_cerevisiae	0.00172704477796	2	62	A	G
N5_cerevisiae	0.00180568183811	1	236	T	G
N5_cerevisiae	0.00182669573505	2	266	A	G
N5_cerevisiae	0.00198386403499	2	395	G	A
N5_cerevisiae	0.00220229941734	2	182	T	C
N5_cerevisiae	0.00224083625414	2	47	C	T
N5_cerevisiae	0.0023302895571	2	92	G	T
N5_cerevisiae	0.0027954500827	1	305	G	A
N5_cerevisiae	0.00287603683887	1	42	A	G
N5_cerevisiae	0.00298944193376	2	263	A	G
N5_cerevisiae	0.00300691808316	1	449	T	C
N5_cerevisiae	0.00331614367603	2	302	A	G
N5_cerevisiae	0.00354181200651	1	299	C	T
N5_cerevisiae	0.00355421132254	1	368	A	T
N5_cerevisiae	0.00358692617929	1	116	T	C
N5_cerevisiae	0.00365720285011	1	404	C	T
N5_cerevisiae	0.00369465039731	2	89	T	C
N5_cerevisiae	0.00376843167666	2	455	T	C
