edge	time	mut_orlg	mut_pos	old_state	new_state
N0_D1	0.000147769293275	0	1089	A	G
N0_D1	0.000263979717813	0	864	C	T
N0_D1	0.000956677746996	0	864	T	G
N0_D1	0.00101234150321	0	1235	A	G
N0_D1	0.00169476694225	0	603	C	G
N0_D1	0.0018161164527	0	690	T	G
N0_D1	0.00276551613755	0	112	A	G
N0_D1	0.00314540201938	0	688	G	A
N0_D1	0.00473788538177	0	573	T	A
N0_D1	0.00486696760979	0	740	G	T
N0_D1	0.00568178271528	0	640	A	G
N0_D1	0.00691878494261	0	520	A	G
N0_D1	0.00772026387588	0	449	T	A
N0_D1	0.00819552790823	0	927	T	C
N0_D1	0.00822285797826	0	1055	G	A
N0_D1	0.00973695733418	0	465	A	C
N0_D1	0.0104754102423	0	409	C	A
N0_D1	0.012434801228	0	929	A	C
N0_D1	0.0126739334582	0	38	C	A
N0_D1	0.0126838895589	0	1293	T	A
N0_D1	0.0135537644836	0	132	C	T
N0_D1	0.0138846642333	0	1018	G	C
N0_D1	0.0153992042383	0	1264	C	T
N0_D1	0.0157948537062	0	84	C	A
N0_D1	0.0160248750339	0	662	T	C
N0_D1	0.0166759922903	0	414	G	C
N0_D1	0.0168135416866	0	1109	T	C
N0_D1	0.0178274329795	0	1001	T	A
N0_D1	0.0180306713107	0	76	G	A
N0_D1	0.0182749383312	0	801	G	A
N0_D1	0.0201401557661	0	204	C	T
N0_D1	0.021106522406	0	1191	A	T
N0_D1	0.0217462659059	0	1264	T	C
N0_D1	0.0229933413208	0	935	G	A
N0_D1	0.0248926335155	0	203	C	T
N0_D1	0.02494238606	0	806	A	G
N0_D1	0.0252411226779	0	76	A	G
N0_D1	0.0262139186976	0	1248	A	T
N0_D1	0.0263005293157	0	484	T	C
N0_D1	0.0277247635017	0	719	G	A
N0_D1	0.028520883057	0	1140	A	C
N0_D1	0.028697232573	0	448	C	A
N0_D1	0.0296848975187	0	1171	A	G
N0_D1	0.030466820014	0	722	C	A
N0_D1	0.0308211702041	0	2	T	C
N0_D1	0.03090476048	0	1083	G	T
N0_D1	0.0318602823201	0	1312	A	T
N0_D1	0.0321613640538	0	115	G	T
N0_D1	0.0326281553048	0	368	C	A
N0_D1	0.0357728626734	0	1068	G	T
N0_D1	0.0362714554955	0	58	T	A
N0_D1	0.0375608618771	0	93	G	A
N0_D1	0.0376577854673	0	1041	C	A
N0_D1	0.0377043047025	0	972	G	T
N0_D1	0.0385905351472	0	1319	G	T
N0_D1	0.0390543978727	0	663	T	C
N0_D1	0.0390638842163	0	694	G	A
N0_D1	0.0405068086687	0	1067	T	C
N0_D1	0.0407426290117	0	128	C	T
N0_D1	0.0415448440854	0	662	C	T
N0_D1	0.0420557580586	0	624	A	T
N0_D1	0.0447472582745	0	188	A	C
N0_D1	0.0456066277108	0	234	C	T
N0_D1	0.0464350519579	0	100	G	A
N0_D1	0.0465114934816	0	78	A	G
N0_D1	0.0480502686377	0	867	A	T
N0_D1	0.0489133497157	0	205	G	A
N0_D1	0.0489395687087	0	913	G	C
N0_D1	0.0492599098952	0	934	A	T
N0_D1	0.0492734545372	0	769	A	G
N0_D1	0.0496790988753	0	1140	C	G
D1_N1	0.000269790760892	2	139	T	C
D1_N1	0.000302278247485	2	1086	T	G
D1_N1	0.000470300303549	1	875	T	G
D1_N1	0.000826913803398	1	757	C	T
D1_N1	0.000971455534081	2	759	T	A
D1_N1	0.00102513617643	2	1203	A	C
D1_N1	0.00196061114892	2	593	C	A
D1_N1	0.00198857258586	1	1308	A	G
D1_N1	0.00234956823492	1	1258	T	C
D1_N1	0.00253316675598	2	490	T	G
D1_N1	0.00315551699628	1	191	C	A
D1_N1	0.00367332591118	1	134	G	A
D1_N1	0.00367632425432	1	727	G	A
D1_N1	0.00386642398303	2	547	T	A
D1_N1	0.00397472555838	1	336	G	T
D1_N1	0.00473721399095	1	1075	T	C
D1_N1	0.00544538978853	1	37	G	T
D1_N1	0.00544624599828	2	516	C	A
D1_N1	0.00547607421881	1	13	A	G
D1_N1	0.00627368804694	1	195	A	G
D1_N1	0.00645760809634	2	927	C	T
D1_N1	0.00741900581299	1	107	A	G
D1_N1	0.00758043783096	1	4	T	C
D1_N1	0.00759521261876	2	1199	T	G
D1_N1	0.00908935291086	1	298	C	G
D1_N1	0.00913288118611	1	763	T	G
D1_N1	0.0103910265814	1	1199	T	G
D1_N1	0.010413588801	2	746	G	A
D1_N1	0.010584481997	1	832	A	C
D1_N1	0.0107895117784	2	134	G	C
D1_N1	0.0109273736149	1	92	T	C
D1_N1	0.0111305931592	2	274	C	G
D1_N1	0.0115369999009	1	745	T	C
D1_N1	0.0116114698654	1	190	C	A
D1_N1	0.011804458183	2	665	T	C
D1_N1	0.011913672222	2	643	T	A
D1_N1	0.012033947102	2	407	C	G
D1_N1	0.0123061581448	2	44	A	G
D1_N1	0.0129351338888	2	547	A	G
D1_N1	0.0131270447425	2	636	A	G
D1_N1	0.0139335644454	1	518	T	A
D1_N1	0.0139846607152	2	1006	T	C
D1_N1	0.0141373589552	2	990	A	C
D1_N1	0.0142338590089	1	172	A	G
D1_N1	0.0145997247653	1	964	A	G
D1_N1	0.0146014768546	1	716	A	G
D1_N1	0.014716473294	1	524	A	T
D1_N1	0.0149174331085	1	568	G	C
D1_N1	0.0149230058529	2	967	A	G
D1_N1	0.0150819536319	2	376	A	T
D1_N1	0.0153807809024	1	928	A	C
D1_N1	0.01602189438	1	1119	A	C
D1_N1	0.0162519832331	2	176	A	G
D1_N1	0.0167103016037	1	1007	A	C
D1_N1	0.0170619728727	1	1156	G	A
D1_N1	0.0181691133945	1	1150	C	T
D1_N1	0.0184398157168	1	1036	A	T
D1_N1	0.0189070597079	1	834	A	C
D1_N1	0.0198889193451	2	585	A	T
D1_N1	0.0201945600832	2	1289	C	T
D1_N1	0.0205707984892	1	329	A	T
D1_N1	0.0207731764078	2	410	C	A
D1_N1	0.0208623859646	1	378	C	A
D1_N1	0.0209067787689	2	14	A	T
D1_N1	0.0209695910905	1	821	A	G
D1_N1	0.0210942943644	2	1340	T	G
D1_N1	0.0212225171033	2	315	T	G
D1_N1	0.0212381212892	1	43	G	C
D1_N1	0.0212893935892	2	1168	A	C
D1_N1	0.0215388967134	2	1013	C	A
D1_N1	0.0219357302716	2	1329	T	G
D1_N1	0.0223641095009	1	230	A	C
D1_N1	0.0231360377337	1	931	C	A
D1_N1	0.0231412299692	2	7	A	T
D1_N1	0.0231736549294	2	852	T	C
D1_N1	0.0238573778078	2	405	G	A
D1_N1	0.0240882991312	1	461	G	C
D1_N1	0.0247705593595	2	526	T	G
D1_N1	0.024980737268	2	149	A	T
D1_N1	0.0251270295883	1	823	G	C
D1_N1	0.025217527801	1	877	C	G
D1_N1	0.0254414858281	2	1256	G	A
D1_N1	0.0254869930322	1	432	A	G
D1_N1	0.0257387757925	2	632	A	T
D1_N1	0.0260182188542	2	585	T	A
D1_N1	0.0263453004905	1	87	T	G
D1_N1	0.0266937521593	2	1016	T	G
D1_N1	0.0267416167749	2	1119	A	G
D1_N1	0.0268541881748	1	1202	T	G
D1_N1	0.0286445675781	1	627	T	A
D1_N1	0.0286893513227	2	931	C	T
D1_N1	0.0287109351544	2	1307	A	C
D1_N1	0.0287701146871	2	98	T	C
D1_N1	0.0291385705305	1	1329	T	C
D1_N1	0.029186023138	2	501	A	C
D1_N1	0.0293818520148	1	1309	A	G
D1_N1	0.0304668577163	1	766	A	G
D1_N1	0.0305728714667	1	1251	C	A
D1_N1	0.0317310118029	2	428	A	G
D1_N1	0.0329081225038	2	1127	G	T
D1_N1	0.0334345974694	2	1011	C	T
D1_N1	0.0334370071782	2	913	C	T
D1_N1	0.0334722966021	2	594	G	A
D1_N1	0.033523385369	2	519	T	C
D1_N1	0.0342532603097	1	504	A	G
D1_N1	0.0342544822829	1	530	G	T
D1_N1	0.0346650219283	2	441	G	A
D1_N1	0.0348008717049	2	386	T	A
D1_N1	0.0352735125992	1	1104	T	C
D1_N1	0.0354391211047	2	242	A	C
D1_N1	0.0359101335186	2	612	C	T
D1_N1	0.0360244276641	2	560	C	T
D1_N1	0.0371393363481	2	733	A	G
D1_N1	0.0372217431016	2	902	C	T
D1_N1	0.0380572466504	1	398	G	A
D1_N1	0.0381694253067	1	948	G	A
D1_N1	0.038203637073	2	1149	T	C
D1_N1	0.0385243404117	2	226	T	A
D1_N1	0.038597054813	2	55	C	T
D1_N1	0.0388572087878	2	413	G	A
D1_N1	0.0394047151732	2	478	C	A
D1_N1	0.0404986862034	2	153	T	C
D1_N1	0.0406992242461	2	1090	C	T
D1_N1	0.0410385675808	1	781	T	C
D1_N1	0.0410542751476	2	782	G	A
D1_N1	0.0412391054247	2	1202	T	C
D1_N1	0.0417787720442	2	88	G	C
D1_N1	0.0418472871362	2	545	T	A
D1_N1	0.0419135260878	2	1046	T	G
D1_N1	0.0419842010271	2	291	T	C
D1_N1	0.042728840055	2	702	T	C
D1_N1	0.043172680244	2	321	G	A
D1_N1	0.0434978754766	1	814	C	T
D1_N1	0.0445945049952	2	1214	T	C
D1_N1	0.0450120518874	1	719	A	G
D1_N1	0.0451774241739	2	128	T	A
D1_N1	0.0455755500442	1	499	C	T
D1_N1	0.0459398354693	1	1302	G	A
D1_N1	0.0459885419859	1	1173	T	G
D1_N1	0.047088643085	2	770	G	T
D1_N1	0.0480928366379	1	1021	T	C
D1_N1	0.048814342842	1	876	C	T
D1_N1	0.048884937548	2	813	A	T
D1_N1	0.0489025140134	1	1149	T	A
D1_N1	0.0489274056429	2	558	C	A
D1_N1	0.0492243723749	1	1258	C	T
D1_N1	0.0496744156429	2	951	C	A
D1_N1	0.0501982596001	1	864	G	A
D1_N1	0.0508150573577	2	1200	G	A
D1_N1	0.0509986264553	2	522	G	A
D1_N1	0.051168003832	2	814	C	A
D1_N1	0.051486853263	2	65	C	T
D1_N1	0.0516443357092	2	749	C	T
D1_N1	0.052744754446	1	696	T	A
D1_N1	0.0530115867381	1	37	T	C
D1_N1	0.0532579155944	2	491	G	T
D1_N1	0.0535266677759	1	124	C	T
D1_N1	0.0541846204087	1	825	T	G
D1_N1	0.0549111269304	2	263	T	C
D1_N1	0.0562076098071	2	512	A	C
D1_N1	0.0566890128372	2	228	G	T
D1_N1	0.0569351333897	2	263	C	T
D1_N1	0.056969041848	2	533	G	T
D1_N1	0.0569910721881	2	572	A	T
D1_N1	0.057372213333	2	193	A	T
D1_N1	0.0576799031807	2	93	A	C
D1_N1	0.0584098826737	1	12	C	T
D1_N1	0.0584191886585	2	431	G	T
D1_N1	0.0586677491509	2	393	T	C
D1_N1	0.0592156846332	2	1264	C	G
D1_N1	0.0599360270513	2	46	G	A
D1_N1	0.0604083411652	2	1088	A	C
D1_N1	0.0619154025659	1	1313	G	T
D1_N1	0.0623493572876	2	869	C	T
D1_N1	0.0632231039776	2	491	T	C
D1_N1	0.0634213538877	2	930	A	C
D1_N1	0.0634545313804	1	445	T	A
D1_N1	0.0644462810386	2	364	T	A
D1_N1	0.065722280889	2	327	A	G
D1_N1	0.065801671469	2	122	T	C
D1_N1	0.0662582541405	1	541	C	G
D1_N1	0.0666629614911	1	613	C	T
D1_N1	0.0673178205044	2	1016	G	A
D1_N1	0.0673738033987	2	336	G	T
D1_N1	0.0674818618819	1	1038	T	C
D1_N1	0.0694823257051	2	1013	A	C
D1_N1	0.0701926318259	1	1119	C	T
D1_N1	0.0702372171653	2	541	C	G
D1_N1	0.0707200519276	2	401	A	T
D1_N1	0.0714857405466	1	571	C	T
D1_N1	0.0715851700626	1	1200	G	T
D1_N1	0.0724107033713	1	384	T	A
D1_N1	0.0725340509495	1	1012	C	G
D1_N1	0.0730349661858	1	1053	C	G
D1_N1	0.0731549110499	1	570	A	T
D1_N1	0.0738880783759	2	628	T	C
D1_N1	0.0739406710928	1	1289	C	T
D1_N1	0.0755750101772	2	373	T	A
D1_N1	0.0757219726816	2	1227	G	T
D1_N1	0.0757267994972	2	182	T	C
D1_N1	0.0758773037348	1	968	G	A
D1_N1	0.075964067112	2	855	C	T
D1_N1	0.07638570608	2	99	G	T
D1_N1	0.0764185744443	1	1053	G	T
D1_N1	0.0765695908397	1	293	A	G
D1_N1	0.0765972750151	1	290	T	G
D1_N1	0.076793308414	1	738	A	T
D1_N1	0.0768570994379	1	623	G	A
D1_N1	0.0774035780258	1	65	C	G
D1_N1	0.078041793799	1	896	A	T
D1_N1	0.0780885614012	1	1282	T	G
D1_N1	0.0783549709	1	274	C	T
D1_N1	0.0784568950481	2	569	C	A
D1_N1	0.078577991698	1	254	G	A
D1_N1	0.0789632055946	1	800	A	T
D1_N1	0.0789740011421	2	284	C	G
D1_N1	0.0792495903272	2	429	T	G
D1_N1	0.0800803566516	1	650	G	A
D1_N1	0.0801857250912	1	112	G	A
D1_N1	0.0808029861028	1	324	T	G
D1_N1	0.0813399417803	1	1143	C	T
D1_N1	0.0815026380362	2	206	A	G
D1_N1	0.0816301436633	1	696	A	C
D1_N1	0.0816526637797	2	797	A	T
D1_N1	0.0818918084584	1	1322	T	A
D1_N1	0.0822925982219	2	310	T	G
D1_N1	0.0832008906481	1	1051	G	C
D1_N1	0.0838025966173	2	111	G	T
D1_N1	0.08410647493	1	1062	G	C
D1_N1	0.0848584116932	1	678	T	A
D1_N1	0.0851238441334	1	1040	C	T
D1_N1	0.0851245073779	2	1177	G	A
D1_N1	0.0851702110002	2	1290	G	T
D1_N1	0.0864390488808	1	257	T	C
D1_N1	0.0870289763114	1	1186	C	T
D1_N1	0.0875969244685	1	761	G	A
D1_N1	0.0876691162963	1	1061	G	A
D1_N1	0.0881005381852	1	290	G	C
D1_N1	0.0885849610625	1	331	T	C
D1_N1	0.0886522666948	1	49	C	G
D1_N1	0.0887548925074	2	1139	G	T
D1_N1	0.0893668901723	2	554	C	A
D1_N1	0.0900425683015	1	375	T	G
D1_N1	0.0921756245045	1	249	C	T
D1_N1	0.0929429542717	2	762	C	T
D1_N1	0.0934252606291	2	99	T	A
D1_N1	0.0943266528132	2	683	T	A
D1_N1	0.0943333066054	2	1210	T	A
D1_N1	0.0943361524937	1	215	A	T
D1_N1	0.094673888863	1	482	C	T
D1_N1	0.094908701119	1	1336	A	C
D1_N1	0.0950007432861	1	82	T	G
D1_N1	0.0963825070006	2	895	T	A
D1_N1	0.096438600774	2	5	A	G
D1_N1	0.098734676989	2	1307	C	G
D1_N1	0.0990119352462	2	282	G	A
D1_N1	0.0991481377831	2	1081	T	C
D1_N1	0.0992506628735	1	1005	T	C
D1_N1	0.0995294651996	2	807	T	G
D1_N1	0.101117944052	1	139	T	A
D1_N1	0.101242543547	2	1049	G	A
D1_N1	0.10133535593	2	233	T	G
D1_N1	0.101756892079	1	1256	G	C
D1_N1	0.101996617258	1	328	C	T
D1_N1	0.102045128362	2	260	G	C
D1_N1	0.102491696748	2	379	T	A
D1_N1	0.102720339695	2	404	G	A
D1_N1	0.103737070372	2	231	C	T
D1_N1	0.104400077943	2	341	C	G
D1_N1	0.1045929769	2	729	T	G
D1_N1	0.105654562557	2	314	C	T
D1_N1	0.105849298238	1	561	A	T
D1_N1	0.106176090984	1	293	G	A
D1_N1	0.107313298111	1	1359	C	A
D1_N1	0.107701428405	2	460	A	C
D1_N1	0.108019131821	1	1159	T	G
D1_N1	0.1081396303	1	249	T	C
D1_N1	0.108276818205	1	1236	T	C
D1_N1	0.108890074874	2	394	A	T
D1_N1	0.110101476868	2	820	A	G
D1_N1	0.111453183492	2	626	G	T
D1_N1	0.111598328854	2	1227	T	G
D1_N1	0.111738417259	1	338	A	T
D1_N1	0.11350924667	2	1349	C	A
D1_N1	0.113859013538	1	1110	A	T
D1_N1	0.114128659244	2	1191	T	C
D1_N1	0.114464290151	1	506	A	G
D1_N1	0.11547501349	1	932	C	T
D1_N1	0.115865996816	2	1194	A	G
D1_N1	0.115905363433	1	652	T	C
D1_N1	0.116432781619	1	1054	T	C
D1_N1	0.116834083769	1	647	T	A
D1_N1	0.117344944797	1	475	G	T
D1_N1	0.117359974133	2	973	T	C
D1_N1	0.117791101783	2	264	G	T
D1_N1	0.118098071619	2	994	C	G
D1_N1	0.118710964027	1	258	C	T
D1_N1	0.118863336874	2	371	A	G
D1_N1	0.119303264826	1	1301	A	G
D1_N1	0.119483602602	1	464	G	A
D1_N1	0.119604165767	1	391	G	T
D1_N1	0.120346180125	2	6	A	T
D1_N1	0.120925015125	2	445	T	A
D1_N1	0.121880406728	1	742	G	A
D1_N1	0.121944683677	2	707	T	C
D1_N1	0.122775223609	2	684	T	A
D1_N1	0.123042057084	1	855	C	T
D1_N1	0.123274927161	1	10	T	A
D1_N1	0.123380639727	1	574	A	C
D1_N1	0.123791603283	1	935	A	G
D1_N1	0.12382327453	2	1054	T	G
D1_N1	0.125144888178	1	245	G	A
D1_N1	0.125541976406	2	271	C	T
D1_N1	0.125706136837	2	406	C	T
D1_N1	0.125844107724	1	1092	A	C
D1_N1	0.125986439193	2	716	A	G
D1_N1	0.126808912424	2	489	G	T
D1_N1	0.126974456395	1	80	A	G
D1_N1	0.127102067658	2	220	G	A
D1_N1	0.127314604442	1	503	C	T
D1_N1	0.127334669784	2	498	T	A
D1_N1	0.128518400229	2	740	T	A
D1_N1	0.128902882826	1	1270	A	G
D1_N1	0.128986463082	1	575	T	C
D1_N1	0.129417694684	1	852	T	A
D1_N1	0.129967345029	2	588	A	C
D1_N1	0.130734847338	1	6	A	C
D1_N1	0.131064524937	1	528	C	G
D1_N1	0.131081772925	2	898	A	T
D1_N1	0.131196492693	1	1078	A	T
D1_N1	0.131546310743	1	876	T	G
D1_N1	0.131751778333	1	529	C	T
D1_N1	0.132217372614	2	337	A	G
D1_N1	0.132532889487	1	529	T	G
D1_N1	0.132994440965	1	670	T	C
D1_N1	0.133220034022	2	789	T	A
D1_N1	0.133264705942	2	62	G	A
D1_N1	0.133505356987	2	444	T	A
D1_N1	0.133805338786	1	375	G	A
D1_N1	0.135690460884	2	823	G	A
D1_N1	0.135964805181	2	756	C	A
D1_N1	0.136212962807	1	1215	C	T
D1_N1	0.136294080279	1	834	C	T
D1_N1	0.136411095772	2	518	T	A
D1_N1	0.136570946624	1	299	T	C
D1_N1	0.136696500812	2	1306	T	C
D1_N1	0.137167902021	1	724	C	A
D1_N1	0.137296439335	2	1009	G	A
D1_N1	0.137382190858	1	1226	A	T
D1_N1	0.137438699392	1	1129	C	A
D1_N1	0.137581248151	1	901	G	T
D1_N1	0.137592552029	2	1061	G	A
D1_N1	0.13766177116	1	35	A	G
D1_N1	0.137707848182	1	575	C	A
D1_N1	0.138241651686	2	1021	T	A
D1_N1	0.138875264993	2	474	G	T
D1_N1	0.140300170856	2	534	G	A
D1_N1	0.140673519514	1	721	T	C
D1_N1	0.141291340298	2	559	G	A
D1_N1	0.141477738832	2	372	A	G
D1_N1	0.14159657411	1	926	T	A
D1_N1	0.143254922069	2	821	A	T
D1_N1	0.144415503963	1	143	T	C
D1_N1	0.144992356998	1	190	A	G
D1_N1	0.145005230091	2	475	G	T
D1_N1	0.145089240347	1	981	A	G
D1_N1	0.145185934254	1	965	A	C
D1_N1	0.145473858884	2	182	C	G
D1_N1	0.145513152273	1	893	T	C
D1_N1	0.145889942584	2	191	C	G
D1_N1	0.146443774153	1	324	G	T
D1_N1	0.146602549106	2	118	A	G
D1_N1	0.146808572676	2	513	C	A
D1_N1	0.147118530092	1	497	A	T
D1_N1	0.147598065015	2	1089	G	A
D1_N1	0.148590280894	2	436	G	A
D1_N1	0.148891050259	1	628	T	G
D1_N1	0.149156418729	2	989	T	A
D1_N1	0.149185240559	1	492	A	T
D1_N1	0.149363737071	2	292	A	G
D1_N1	0.149670109815	1	59	T	G
D1_N1	0.149842912988	1	1184	A	G
D1_N1	0.152167698948	1	753	C	T
D1_N1	0.152375009239	2	341	G	A
D1_N1	0.152403042093	2	574	A	C
D1_N1	0.152514119712	1	774	T	C
D1_N1	0.152525685883	2	47	A	G
D1_N1	0.152564260923	2	163	T	A
D1_N1	0.153139854789	1	1264	C	T
D1_N1	0.153222269909	1	410	C	G
D1_N1	0.153640003906	2	388	A	C
D1_N1	0.154447216344	1	585	A	G
D1_N1	0.155615945512	2	1242	C	T
D1_N1	0.156297994899	2	520	G	A
D1_N1	0.156311159616	2	30	G	A
D1_N1	0.156347141607	1	861	T	C
D1_N1	0.156358395893	1	1050	C	A
D1_N1	0.157308659483	1	1162	T	A
D1_N1	0.157717635629	1	841	G	T
D1_N1	0.158156965771	2	1291	T	G
D1_N1	0.158317567469	1	429	T	C
D1_N1	0.159682416888	2	1090	T	A
D1_N1	0.160633511889	1	857	G	T
D1_N1	0.16077009835	2	586	G	T
D1_N1	0.161093607942	1	1244	A	C
D1_N1	0.161115607214	1	745	C	A
D1_N1	0.161158025315	1	1142	G	A
D1_N1	0.161428490468	1	203	T	A
D1_N1	0.16176485292	2	480	A	G
D1_N1	0.161907301935	2	1020	T	A
D1_N1	0.162254577268	2	265	C	G
D1_N1	0.162267886892	1	696	C	G
D1_N1	0.162690057684	1	1262	G	T
D1_N1	0.162800448611	1	915	A	C
D1_N1	0.162823198974	1	553	T	A
D1_N1	0.16297107406	2	1304	T	C
D1_N1	0.163213792379	2	1179	T	A
D1_N1	0.16325941719	2	928	A	C
D1_N1	0.163769500166	2	1099	T	A
D1_N1	0.164112914576	1	1035	G	A
D1_N1	0.164824981403	2	1349	A	G
D1_N1	0.164906983805	1	108	C	T
D1_N1	0.165703427861	2	25	T	C
D1_N1	0.165733374227	2	1282	T	G
D1_N1	0.166033616092	2	121	T	G
D1_N1	0.166148355108	2	995	G	A
D1_N1	0.166458644952	1	9	A	G
D1_N1	0.166573362323	1	339	T	A
D1_N1	0.166747777331	2	792	A	T
D1_N1	0.16694961094	1	38	A	C
D1_N1	0.16765047647	1	1292	T	G
D1_N1	0.167834869876	2	1276	G	T
D1_N1	0.167855176321	1	1011	C	T
D1_N1	0.167965072734	2	403	G	C
D1_N1	0.169229132745	1	1132	G	A
D1_N1	0.169650723441	1	413	G	A
D1_N1	0.16966311623	2	916	T	C
D1_N1	0.170250217643	2	917	G	A
D1_N1	0.170314687387	1	801	A	C
D1_N1	0.17049588812	2	1118	T	C
D1_N1	0.171263398633	2	1075	T	A
D1_N1	0.171389744283	2	1298	C	T
D1_N1	0.171513056535	1	1015	A	T
D1_N1	0.171722833218	1	766	G	A
D1_N1	0.172676843536	1	250	T	G
D1_N1	0.172863108726	2	1081	C	G
D1_N1	0.173141491461	2	216	A	G
D1_N1	0.173187535808	2	262	T	C
D1_N1	0.173404607461	2	744	T	G
D1_N1	0.173566593671	2	224	A	G
D1_N1	0.1738253976	2	385	A	T
D1_N1	0.173843000838	2	303	G	C
D1_N1	0.174511290437	1	220	G	A
D1_N1	0.17505681327	2	1071	G	C
D1_N1	0.175194553926	2	1101	G	T
D1_N1	0.17521247947	2	67	G	T
D1_N1	0.175326819248	2	252	C	T
D1_N1	0.175980290928	1	1252	T	G
D1_N1	0.176014613064	1	717	T	C
D1_N1	0.176587449616	1	911	A	T
D1_N1	0.176819080737	2	370	T	C
D1_N1	0.176834611724	2	594	A	G
D1_N1	0.177490399315	1	828	T	C
D1_N1	0.177540248839	2	76	G	A
D1_N1	0.177659417609	2	413	A	C
D1_N1	0.177701993015	1	945	T	G
D1_N1	0.177904477093	1	192	C	G
D1_N1	0.178114507267	2	107	A	G
D1_N1	0.178392292047	1	94	A	C
D1_N1	0.178401913652	1	298	G	C
D1_N1	0.178436971847	2	1184	A	G
D1_N1	0.178538335897	2	85	G	A
D1_N1	0.17877814821	2	233	G	A
D1_N1	0.179512463492	1	30	G	A
D1_N1	0.179993925453	1	3	A	G
D1_N1	0.180419476856	1	349	C	G
D1_N1	0.180441088683	1	211	C	T
D1_N1	0.180817666291	1	731	T	C
D1_N1	0.181244079775	1	569	C	G
D1_N1	0.181553152443	1	503	T	C
D1_N1	0.181821708261	1	139	A	T
D1_N1	0.182171458435	2	716	G	C
D1_N1	0.183335729109	1	8	C	A
D1_N1	0.184107665894	1	297	A	C
D1_N1	0.184661956896	2	1212	T	G
D1_N1	0.184891605227	2	1040	T	C
D1_N1	0.185221658046	2	72	C	T
D1_N1	0.185244471336	1	50	T	A
D1_N1	0.1858907411	1	473	G	A
D1_N1	0.185924171285	2	95	A	G
D1_N1	0.185950705143	1	1314	T	C
D1_N1	0.186442768826	1	399	T	A
D1_N1	0.186468253706	1	901	T	C
D1_N1	0.18655215381	1	1242	C	T
D1_N1	0.18655313827	2	405	G	T
D1_N1	0.187269125795	1	813	A	G
D1_N1	0.187580733488	2	770	T	A
D1_N1	0.187858870482	2	1167	T	C
D1_N1	0.18800149711	1	628	G	A
D1_N1	0.18814054411	1	1269	T	G
D1_N1	0.188141642111	2	491	C	G
D1_N1	0.188251158127	1	21	G	A
D1_N1	0.188311432402	1	57	T	G
D1_N1	0.188666435787	1	500	T	A
D1_N1	0.188755057333	2	997	A	T
D1_N1	0.189089957758	1	336	T	G
D1_N1	0.189135210263	2	1021	A	G
D1_N1	0.189375481823	1	408	C	A
D1_N1	0.189484601761	1	593	C	T
D1_N1	0.189688511152	2	1243	A	G
D1_N1	0.190172661998	2	1052	G	A
D1_N1	0.191227467232	1	284	C	A
D1_N1	0.191271815552	2	306	A	G
D1_N1	0.192202682972	2	1148	A	T
D1_N1	0.192692708598	1	732	C	T
D1_N1	0.193302672234	2	898	T	C
D1_N1	0.193418257542	1	866	T	G
D1_N1	0.193468597229	2	1180	A	C
D1_N1	0.193533101135	1	344	C	T
D1_N1	0.193897404158	2	1111	T	G
D1_N1	0.193912485333	1	27	T	C
D1_N1	0.194233165059	1	1183	T	C
D1_N1	0.194732395242	2	55	T	G
D1_N1	0.194924825241	2	26	G	A
D1_N1	0.19492709776	2	1179	A	T
D1_N1	0.194941851565	2	1282	G	T
D1_N1	0.19681229919	2	934	T	A
D1_N1	0.197372566676	2	681	C	A
D1_N1	0.197762118482	2	188	C	A
D1_N1	0.198225929188	2	667	T	C
D1_N1	0.198580888003	2	1229	A	T
D1_N1	0.200100593892	2	775	G	A
D1_N1	0.20016691063	2	395	C	T
D1_N1	0.20041981184	2	663	C	T
D1_N1	0.2007146911	2	829	C	T
D1_N1	0.200735150764	2	236	A	T
D1_N1	0.200923530217	1	1356	A	G
D1_N1	0.201145915568	1	856	A	G
D1_N1	0.201543874005	1	383	A	G
D1_N1	0.201750442546	1	701	A	G
D1_N1	0.201768750814	2	986	C	T
D1_N1	0.202421388641	2	102	T	C
D1_N1	0.202822121056	2	628	C	T
D1_N1	0.202930740916	1	1195	C	T
D1_N1	0.203703331641	1	1284	T	A
D1_N1	0.204044038269	1	980	A	G
D1_N1	0.204500534678	1	413	A	G
D1_N1	0.204979368688	1	763	G	A
D1_N1	0.205222449059	2	805	C	T
D1_N1	0.205804115549	1	831	G	A
D1_N1	0.206045462244	1	510	C	T
D1_N1	0.206383787707	1	924	G	T
D1_N1	0.206639831277	2	672	A	G
D1_N1	0.206765916005	2	994	C	T
D1_N1	0.207142489574	1	1205	A	T
D1_N1	0.207372367747	2	395	T	C
D1_N1	0.207627057178	1	1251	A	T
D1_N1	0.207634626575	1	1273	G	C
D1_N1	0.207846956139	2	188	A	C
D1_N1	0.208859701361	2	1032	C	T
D1_N1	0.208946753841	1	800	T	A
D1_N1	0.209016323508	1	150	T	A
D1_N1	0.20932880891	2	799	G	A
D1_N1	0.209353487603	1	107	G	A
D1_N1	0.210686557236	2	1087	A	T
D1_N1	0.211048808844	1	67	G	A
D1_N1	0.21152095941	1	859	G	C
D1_N1	0.211532444916	2	989	A	C
D1_N1	0.211586483945	2	305	A	G
D1_N1	0.21182628033	1	667	T	C
D1_N1	0.21224055101	1	131	G	A
D1_N1	0.212644814016	1	983	A	G
D1_N1	0.213067247888	1	342	A	T
D1_N1	0.213749163314	2	1297	T	C
D1_N1	0.214229513452	2	823	A	C
D1_N1	0.215032487426	1	903	T	A
D1_N1	0.215575261854	2	221	A	G
D1_N1	0.21597195514	2	411	T	C
D1_N1	0.217361422728	1	489	G	A
D1_N1	0.218599695942	1	751	T	G
D1_N1	0.218633328272	2	733	G	A
D1_N1	0.219065989118	2	1114	C	T
D1_N1	0.221021275016	1	1276	G	T
D1_N1	0.221400666011	1	1250	C	T
D1_N1	0.221646380421	1	613	T	C
D1_N1	0.222576666376	2	827	C	G
D1_N1	0.222633096695	1	350	T	G
D1_N1	0.222789887907	2	575	T	C
D1_N1	0.222824373012	1	6	C	A
D1_N1	0.222973580123	2	590	A	T
D1_N1	0.22297571117	1	991	T	A
D1_N1	0.223857954959	2	460	C	T
D1_N1	0.22440874306	1	528	G	A
D1_N1	0.224469693214	1	899	A	G
D1_N1	0.224828088332	2	120	T	G
D1_N1	0.225083101242	2	265	G	A
D1_N1	0.225158202978	1	298	C	T
D1_N1	0.225957849063	1	35	G	C
D1_N1	0.226099480585	1	1093	C	G
D1_N1	0.226903274239	1	68	C	T
D1_N1	0.227619636774	1	183	G	A
D1_N1	0.227775092051	2	762	T	C
D1_N1	0.227889384857	1	600	T	C
D1_N1	0.228260174299	1	1213	A	G
D1_N1	0.228852560537	2	1111	G	C
D1_N1	0.229080827843	2	777	A	C
D1_N1	0.229143232821	2	824	G	T
D1_N1	0.229163199854	1	293	A	G
D1_N1	0.229476643539	2	448	A	G
D1_N1	0.229837541238	1	201	C	T
D1_N1	0.229923996895	2	1054	G	C
D1_N1	0.230157280287	2	287	C	T
D1_N1	0.230817050416	2	459	G	T
D1_N1	0.231345886009	1	255	C	T
D1_N1	0.232006335129	2	606	T	G
D1_N1	0.232019225216	2	239	T	A
D1_N1	0.232899748305	2	1364	G	A
D1_N1	0.233524132475	1	1282	G	A
D1_N1	0.233646847391	1	40	G	T
D1_N1	0.233844366088	1	1304	T	A
N1_N2	0.000235244262025	2	629	C	T
N1_N2	0.000941901701309	1	292	A	T
N1_N2	0.00108659707486	1	310	T	C
N1_N2	0.00111128603165	2	600	T	G
N1_N2	0.00128393586904	1	1041	A	T
N1_N2	0.00197477289365	1	83	T	A
N1_N2	0.00201948222322	2	344	C	G
N1_N2	0.00266931235672	1	101	A	C
N1_N2	0.0027907925625	1	606	T	G
N1_N2	0.00299993681072	1	119	G	T
N1_N2	0.00432821790658	2	13	A	G
N1_N2	0.00468163941494	1	662	T	G
N1_N2	0.00470452191827	1	1181	G	A
N1_N2	0.00600186364161	1	250	G	A
N1_N2	0.00630406729645	2	977	T	A
N1_N2	0.00679349326664	2	665	C	A
N1_N2	0.00745366749629	1	887	A	C
N1_N2	0.00844383074766	1	600	C	A
N1_N2	0.00886599057329	2	1195	C	G
N1_N2	0.00893688105535	1	743	A	T
N1_N2	0.00935387030521	1	932	C	T
N1_N2	0.00964579116301	2	1362	A	C
N1_N2	0.00971831307888	1	615	C	T
N1_N2	0.00994950302441	1	472	C	A
N1_N2	0.010097780771	2	444	A	C
N1_N2	0.0106880763899	2	806	G	T
N1_N2	0.0110785497639	2	20	G	A
N1_N2	0.0111141238139	2	570	A	T
N1_N2	0.0112204040934	2	922	G	C
N1_N2	0.0113642349457	1	20	G	A
N1_N2	0.0116421061012	1	1212	T	C
N1_N2	0.0118262595296	2	276	T	C
N1_N2	0.0127435810759	2	564	C	G
N1_N2	0.0133812559569	1	464	A	G
N1_N2	0.0140917240981	1	845	T	C
N1_N2	0.0144606393465	1	976	A	G
N1_N2	0.0144629723591	1	43	C	T
N1_N2	0.0149925936416	2	592	C	T
N1_N2	0.0155213243063	1	147	A	T
N2_N3	5.52941832374e-05	1	1232	A	G
N2_N3	0.000478035903266	1	756	C	A
N2_N3	0.00114250077295	1	146	G	A
N2_N3	0.00116105834095	2	374	G	A
N2_N3	0.00122049532587	1	917	G	T
N2_N3	0.00287918929129	1	426	C	T
N2_N3	0.00293896525724	2	657	A	G
N2_N3	0.0032354169115	2	274	G	T
N2_N3	0.00338141655209	1	115	T	A
N2_N3	0.00372111513861	1	522	G	A
N2_N3	0.00405752317437	1	1108	T	C
N2_N3	0.00465631141872	2	935	A	T
N2_N3	0.00476098248388	2	1043	A	C
N2_N3	0.0050362546285	1	460	A	T
N2_N3	0.00509554005186	1	231	C	T
N2_N3	0.00540872641987	1	412	T	C
N2_N3	0.00550085613752	2	344	G	C
N2_N3	0.00613805958064	2	1330	G	T
N2_N3	0.00665145596309	1	715	A	T
N2_N3	0.00673184089092	2	257	T	C
N2_N3	0.00689128846234	2	730	A	G
N3_N4	0.000334533212988	1	916	T	C
N3_N4	0.000630731250976	2	731	T	C
N3_N4	0.00106759191688	2	599	C	T
N3_N4	0.00138785552394	1	160	C	T
N3_N4	0.00143701935455	1	188	C	G
N3_N4	0.00163601328726	2	697	A	G
N3_N4	0.00186222308203	1	666	A	C
N3_N4	0.00271482985022	1	10	A	C
N3_N4	0.00321534542603	1	753	T	A
N3_N4	0.00326760025906	2	427	A	T
N3_N4	0.00426480234879	1	352	T	G
N3_N4	0.00449449051304	1	1252	G	T
N3_N4	0.00481970432655	1	784	C	T
N3_N4	0.00496225478889	2	568	G	C
N3_N4	0.00513452850231	1	950	C	G
N3_N4	0.00558012924043	2	1291	G	T
N3_N4	0.00584344381941	2	1249	G	A
N3_N4	0.00584466397714	1	791	A	C
N3_N4	0.00589421766334	1	105	C	T
N3_N4	0.0059378118917	1	241	G	A
N3_N4	0.00702579300929	2	526	G	A
N3_N4	0.00702937003915	1	1169	G	A
N3_N4	0.0072728606271	2	1095	T	C
N3_N4	0.00746829101278	2	413	C	T
N3_N4	0.00766056668307	1	1082	A	G
N3_N4	0.00784402616604	2	671	A	G
N3_N4	0.00815624485998	2	526	A	G
N3_N4	0.00881329673701	1	671	A	T
N4_Human	0.000595549064957	2	562	C	T
N4_Human	0.00136967681347	2	215	A	T
N4_Human	0.00206352010545	2	1297	C	A
N4_Human	0.00217816561552	1	1239	C	A
N4_Human	0.00282336185425	1	1097	A	G
N4_Human	0.00307942563621	2	307	A	T
N4_Human	0.00317895466037	1	787	A	C
N4_Human	0.00418768432771	1	987	T	G
N4_Human	0.00447514192717	2	858	C	T
N4_Human	0.00475162137781	1	102	T	G
N4_Human	0.00560972221871	1	1254	A	C
N4_Human	0.00569602113466	2	245	G	T
N4_Human	0.00619990139533	2	123	A	G
N4_Human	0.00705258439253	2	333	G	T
N4_Human	0.00742797799695	1	413	G	A
N4_Human	0.00887837585804	2	171	A	G
N4_Human	0.00962275086427	2	264	T	G
N4_Human	0.00980054724539	2	1107	G	T
N4_Chimp	0.000976266966031	1	1269	G	T
N4_Chimp	0.00117722861879	1	888	T	A
N4_Chimp	0.00191058189677	2	1022	C	T
N4_Chimp	0.00233898376716	1	636	G	C
N4_Chimp	0.00311349097947	1	1342	G	A
N4_Chimp	0.00365569730912	1	281	A	C
N4_Chimp	0.00400370440878	1	1279	C	A
N4_Chimp	0.00462485175453	1	1241	T	C
N4_Chimp	0.00481769735794	2	1023	T	C
N4_Chimp	0.0048308753027	1	879	G	C
N4_Chimp	0.00528208612064	1	596	A	T
N4_Chimp	0.00784976450806	1	1005	C	T
N4_Chimp	0.00806848381107	1	351	C	A
N4_Chimp	0.0084964028595	1	813	G	C
N4_Chimp	0.00874800861761	2	93	C	G
N4_Chimp	0.0090089336929	1	455	T	G
N4_Chimp	0.0102653791137	2	1122	G	T
N4_Chimp	0.0107118463008	2	765	G	T
N4_Chimp	0.0109885514399	2	1159	T	C
N4_Chimp	0.0110616187347	2	604	A	T
N3_Goril	7.26706334538e-05	1	54	C	T
N3_Goril	0.000147865210238	1	80	G	A
N3_Goril	0.000253002748208	1	1108	C	T
N3_Goril	0.000381001656203	2	1070	G	C
N3_Goril	0.000976702561937	1	836	G	A
N3_Goril	0.0013633056144	1	176	A	C
N3_Goril	0.00206421920582	2	573	A	T
N3_Goril	0.0022476279674	1	378	A	C
N3_Goril	0.00267795710343	2	1152	T	C
N3_Goril	0.0036040718425	2	1125	A	G
N3_Goril	0.00379627934664	2	1138	C	T
N3_Goril	0.00419994935528	1	228	G	T
N3_Goril	0.00543566503261	1	278	T	A
N3_Goril	0.00548114392586	2	1243	G	A
N3_Goril	0.00621682563168	2	329	A	T
N3_Goril	0.00633970468175	1	723	C	G
N3_Goril	0.0068859611962	1	710	G	A
N3_Goril	0.00691161837881	2	470	T	C
N3_Goril	0.00700497298157	2	1267	A	C
N3_Goril	0.00730606571677	1	605	T	C
N3_Goril	0.00731434290216	1	11	C	T
N3_Goril	0.00738068286898	2	1103	T	C
N3_Goril	0.0075150500148	2	534	A	T
N3_Goril	0.00785755880509	2	1315	C	T
N3_Goril	0.00885596129242	2	853	T	C
N3_Goril	0.00909595269841	1	651	C	G
N3_Goril	0.00934931398389	1	192	G	A
N3_Goril	0.0107484832311	2	347	G	A
N3_Goril	0.0108025811147	1	1269	G	A
N3_Goril	0.0111935321664	2	471	A	T
N3_Goril	0.0117916284863	2	1184	G	T
N3_Goril	0.0119303599501	1	101	C	T
N3_Goril	0.0121003556059	1	629	C	T
N3_Goril	0.0121353685202	2	1240	T	A
N3_Goril	0.0130613669402	2	1167	C	G
N3_Goril	0.0130753587063	2	556	T	A
N3_Goril	0.0135663750888	2	109	A	G
N3_Goril	0.0137359308225	1	1280	G	A
N3_Goril	0.0145321651007	1	956	G	A
N3_Goril	0.0151728041263	1	1196	T	G
N3_Goril	0.0155896590183	2	522	A	G
N3_Goril	0.0157783964074	2	39	G	A
N3_Goril	0.0159635731709	1	1138	C	G
N3_Goril	0.0162055216672	1	475	T	C
N3_Goril	0.0163562555298	1	708	C	G
N3_Goril	0.0165396174678	1	134	A	G
N3_Goril	0.0176149480734	1	1226	A	T
N3_Goril	0.0179320624274	1	8	A	C
N3_Goril	0.0186375378217	2	453	C	A
N3_Goril	0.0187275586342	1	196	A	G
N3_Goril	0.0190943460594	1	971	G	T
N3_Goril	0.0192968327583	1	774	C	G
N3_Goril	0.0194068078874	2	1118	C	T
N3_Goril	0.0195616065101	1	879	G	T
N3_Goril	0.0196400371776	1	893	C	G
N2_Orang	0.000648523712399	1	951	C	T
N2_Orang	0.000725891007598	1	1037	C	T
N2_Orang	0.00143834997369	1	108	T	C
N2_Orang	0.00184658872218	1	1325	A	T
N2_Orang	0.00201956164967	2	864	G	A
N2_Orang	0.00246483347626	2	962	A	G
N2_Orang	0.0029114437006	1	1257	T	A
N2_Orang	0.00340318256045	1	593	T	A
N2_Orang	0.00370225188513	2	640	G	T
N2_Orang	0.00370310396383	1	1227	G	A
N2_Orang	0.00381795490385	2	72	T	C
N2_Orang	0.00432206508984	1	72	C	T
N2_Orang	0.00465323591927	1	452	T	G
N2_Orang	0.00470269898148	1	979	T	C
N2_Orang	0.00530371289225	2	1353	G	A
N2_Orang	0.00621030403481	2	526	G	A
N2_Orang	0.0066156731615	1	1169	G	T
N2_Orang	0.00798911815958	2	658	T	A
N2_Orang	0.00801883842814	1	696	G	C
N2_Orang	0.00876441976431	2	222	A	G
N2_Orang	0.0088094285239	1	101	C	T
N2_Orang	0.00930463801106	1	318	C	T
N2_Orang	0.01017785579	1	290	C	G
N2_Orang	0.0103479865651	1	828	C	A
N2_Orang	0.0112118315169	1	742	A	G
N2_Orang	0.0112751196306	2	1324	T	C
N2_Orang	0.0115771129578	1	1236	C	A
N2_Orang	0.0115955694032	1	113	T	A
N2_Orang	0.0118624645866	1	817	A	G
N2_Orang	0.0118863440606	2	964	A	C
N2_Orang	0.0120273253084	2	141	C	T
N2_Orang	0.0122214852714	2	425	T	C
N2_Orang	0.0131641355379	2	262	C	T
N2_Orang	0.0132649038713	2	476	G	C
N2_Orang	0.0133247680158	1	1120	G	T
N2_Orang	0.0133930075272	2	906	G	A
N2_Orang	0.0135331661368	2	315	G	T
N2_Orang	0.0136910438239	1	346	T	C
N2_Orang	0.0147401304678	2	929	C	T
N2_Orang	0.0147947081825	2	772	A	T
N2_Orang	0.0150074200849	1	788	A	C
N2_Orang	0.0153073089793	1	1295	G	T
N2_Orang	0.0157173195557	1	402	C	T
N2_Orang	0.0157736137963	1	742	G	C
N2_Orang	0.0158603160353	2	38	A	G
N2_Orang	0.0158863534406	2	651	C	G
N2_Orang	0.0160514417523	1	1106	T	G
N2_Orang	0.0161891176918	2	624	T	G
N2_Orang	0.0165450798424	2	947	A	G
N2_Orang	0.0167083864596	1	1197	C	G
N2_Orang	0.016888595547	1	1197	G	A
N2_Orang	0.0174743709556	2	323	G	A
N2_Orang	0.017663502602	1	1034	T	G
N2_Orang	0.0176837398018	1	140	C	G
N2_Orang	0.017715925314	1	854	C	T
N2_Orang	0.0178174354068	2	531	G	A
N2_Orang	0.017884964633	2	279	T	C
N2_Orang	0.0179869730864	2	545	A	G
N2_Orang	0.0181797019378	1	146	G	A
N2_Orang	0.0185676208379	1	1039	C	T
N1_Macaq	0.000169468105797	2	1113	T	A
N1_Macaq	0.000270327687682	2	634	T	C
N1_Macaq	0.000711247618566	1	162	T	C
N1_Macaq	0.00143969554212	1	857	T	C
N1_Macaq	0.00221860574589	2	443	C	T
N1_Macaq	0.00243174254969	2	930	A	T
N1_Macaq	0.00247323937961	2	854	C	A
N1_Macaq	0.00248180222327	2	601	T	C
N1_Macaq	0.00260878764067	1	1231	A	T
N1_Macaq	0.00268877612393	2	1338	T	A
N1_Macaq	0.00297440574706	1	426	C	T
N1_Macaq	0.00333348813206	2	996	T	G
N1_Macaq	0.00342716078318	2	1133	T	G
N1_Macaq	0.00350701216787	2	686	T	G
N1_Macaq	0.00376968656858	2	218	G	A
N1_Macaq	0.00381549455088	1	92	C	T
N1_Macaq	0.00400814048862	1	265	C	A
N1_Macaq	0.00491164239938	2	1111	C	A
N1_Macaq	0.00588459800205	2	650	A	G
N1_Macaq	0.00595782359917	1	1164	C	G
N1_Macaq	0.00629504125495	1	785	A	G
N1_Macaq	0.00637082637741	1	869	C	G
N1_Macaq	0.00651938801686	1	1050	A	C
N1_Macaq	0.00653448397188	2	124	C	T
N1_Macaq	0.00721247907672	2	990	C	G
N1_Macaq	0.00769368756774	1	1026	G	T
N1_Macaq	0.00789698426088	2	590	T	A
N1_Macaq	0.00811476670164	2	981	A	T
N1_Macaq	0.00842341294011	2	1057	A	C
N1_Macaq	0.00875492182815	1	982	A	G
N1_Macaq	0.00896468673549	2	1190	A	T
N1_Macaq	0.00897983053341	2	527	G	A
N1_Macaq	0.0096128114064	2	1216	T	C
N1_Macaq	0.00965974875826	2	325	C	T
N1_Macaq	0.0097496517582	2	203	T	A
N1_Macaq	0.00996209189479	2	28	C	T
N1_Macaq	0.0108530569103	2	801	A	G
N1_Macaq	0.011214289264	1	469	A	G
N1_Macaq	0.0113566378071	1	888	T	C
N1_Macaq	0.0117319078362	2	183	G	C
N1_Macaq	0.0118390426417	1	280	A	G
N1_Macaq	0.011861356707	1	1127	G	T
N1_Macaq	0.0119040774043	2	957	T	A
N1_Macaq	0.0119900563256	1	1275	T	G
N1_Macaq	0.0123209587661	1	876	G	A
N1_Macaq	0.0131558234163	2	327	G	T
N1_Macaq	0.0132886715342	1	1199	G	A
N1_Macaq	0.0136284255105	2	206	G	A
N1_Macaq	0.0143543287935	2	101	A	G
N1_Macaq	0.0144150407159	1	965	C	A
N1_Macaq	0.0145065174269	2	985	G	A
N1_Macaq	0.0149425817659	2	825	T	C
N1_Macaq	0.0149521758934	1	8	A	C
N1_Macaq	0.0158687375167	1	1057	A	G
N1_Macaq	0.0163677595887	1	1012	G	A
N1_Macaq	0.0169332912732	1	1118	T	G
N1_Macaq	0.0171121762576	1	1311	G	A
N1_Macaq	0.0171645810968	1	1153	G	A
N1_Macaq	0.0174026007308	2	1140	G	C
N1_Macaq	0.0179429908456	2	856	A	G
N1_Macaq	0.0195632454096	2	831	G	A
N1_Macaq	0.0197564261249	1	875	T	G
N1_Macaq	0.019871317199	2	107	G	T
N1_Macaq	0.0201093607948	2	579	A	G
N1_Macaq	0.0201820541389	1	270	G	T
N1_Macaq	0.0205770687594	1	458	G	T
N1_Macaq	0.020801003454	1	234	T	G
N1_Macaq	0.0210589130759	2	587	G	A
N1_Macaq	0.0215140783061	1	1347	C	T
N1_Macaq	0.0218719141776	1	31	G	A
N1_Macaq	0.0229716343274	2	689	T	C
N1_Macaq	0.023020785592	1	1089	G	T
N1_Macaq	0.0232443389037	2	463	G	C
N1_Macaq	0.0234620410309	2	1089	A	G
N1_Macaq	0.0239004053798	2	640	G	T
N1_Macaq	0.0239406669209	1	919	T	A
N1_Macaq	0.0240312269978	2	988	A	G
N1_Macaq	0.0240517303347	2	713	A	G
N1_Macaq	0.0256751816601	2	746	A	G
N1_Macaq	0.0257647176951	2	342	A	G
N1_Macaq	0.0258403255417	2	1204	T	A
N1_Macaq	0.0262757102202	1	253	C	T
N1_Macaq	0.0267251017893	1	10	A	G
N1_Macaq	0.026981380584	1	13	G	A
N1_Macaq	0.027095756978	2	354	C	G
N1_Macaq	0.0273283522638	1	666	A	T
N1_Macaq	0.0285795869208	1	375	T	C
N1_Macaq	0.0286361552721	1	657	A	G
N1_Macaq	0.0295528498934	2	615	C	T
N1_Macaq	0.0303259110174	1	722	A	G
N1_Macaq	0.0305299486875	2	430	C	T
N1_Macaq	0.0336634367655	1	908	T	C
N1_Macaq	0.0340465007522	2	591	A	C
N1_Macaq	0.0340828863386	2	1092	A	C
N1_Macaq	0.0340849131848	1	1275	G	A
N1_Macaq	0.0345775692657	2	1254	A	T
N1_Macaq	0.0346515531641	2	289	A	T
N1_Macaq	0.0354696342214	1	1013	C	A
N1_Macaq	0.0355038519134	2	498	A	G
N1_Macaq	0.0356719928692	2	865	A	T
N1_Macaq	0.0357203006417	1	1351	A	G
N1_Macaq	0.0360850032129	1	987	T	C
N1_Macaq	0.0360886271649	2	343	T	G
N1_Macaq	0.0363703710418	1	295	A	T
N1_Macaq	0.036481657965	2	1116	G	C
N1_Macaq	0.0365199053819	2	534	A	T
N1_Macaq	0.0368347213935	2	736	C	T
N1_Macaq	0.0369135426842	2	821	T	C
N1_Macaq	0.0378463920037	1	916	T	C
N1_Macaq	0.0379173910488	1	1020	T	C
N1_Macaq	0.0382145884897	1	1035	A	G
N1_Macaq	0.0384128797139	2	90	A	T
N1_Macaq	0.0387554303593	1	1094	T	C
N1_Macaq	0.0395933269597	2	1233	A	T
N1_Macaq	0.0395963825898	1	603	G	T
N1_Macaq	0.0404020793902	1	447	C	T
N1_Macaq	0.0413890069209	2	12	C	T
N1_Macaq	0.0413900291187	1	769	G	T
N1_Macaq	0.0414052566919	1	212	A	T
N1_Macaq	0.0414466732581	1	743	A	T
N1_Macaq	0.0423888412424	2	978	T	G
N1_Macaq	0.0435018278442	1	655	T	A
N1_Macaq	0.0435598871871	1	1093	G	C
N1_Macaq	0.0436848545853	2	1121	A	G
N0_Mouse	0.000153629629659	0	665	T	A
N0_Mouse	0.000272742108851	0	479	G	A
N0_Mouse	0.000866851847549	0	1035	G	C
N0_Mouse	0.000925377946767	0	1152	T	C
N0_Mouse	0.00144958453865	0	442	C	G
N0_Mouse	0.0015486534589	0	148	G	A
N0_Mouse	0.00235197899541	0	439	A	G
N0_Mouse	0.00244645333634	0	62	G	T
N0_Mouse	0.00354403754421	0	968	G	T
N0_Mouse	0.00447988077217	0	240	C	T
N0_Mouse	0.00528366509093	0	1327	C	A
N0_Mouse	0.00584329537478	0	1338	T	C
N0_Mouse	0.0072278810435	0	479	A	G
N0_Mouse	0.00750563154272	0	52	G	T
N0_Mouse	0.00777488448762	0	692	G	T
N0_Mouse	0.00800061698298	0	1012	C	T
N0_Mouse	0.00828812023634	0	377	C	T
N0_Mouse	0.00837618425917	0	1071	G	A
N0_Mouse	0.00876226770589	0	469	A	C
N0_Mouse	0.00940376632498	0	183	G	A
N0_Mouse	0.0101332870685	0	557	G	A
N0_Mouse	0.0102342998314	0	829	C	T
N0_Mouse	0.010338727275	0	892	G	A
N0_Mouse	0.0105553612399	0	680	C	G
N0_Mouse	0.0106316206971	0	502	G	A
N0_Mouse	0.0120785044723	0	1303	C	T
N0_Mouse	0.0127601866757	0	1274	G	A
N0_Mouse	0.0133809175345	0	800	A	G
N0_Mouse	0.0135317195631	0	726	T	C
N0_Mouse	0.0151359049916	0	1095	T	G
N0_Mouse	0.0178829838498	0	718	T	G
N0_Mouse	0.0179348865368	0	459	G	C
N0_Mouse	0.018563995172	0	679	G	C
N0_Mouse	0.0216308346677	0	692	T	A
N0_Mouse	0.0216756992829	0	630	G	T
N0_Mouse	0.0231494391382	0	192	C	A
N0_Mouse	0.0232562278085	0	933	A	G
N0_Mouse	0.0234154989155	0	362	T	G
N0_Mouse	0.0236566838158	0	254	G	C
N0_Mouse	0.0236865067077	0	711	C	T
N0_Mouse	0.0242635936287	0	1200	G	C
N0_Mouse	0.0245448256143	0	659	G	C
N0_Mouse	0.0245927847238	0	562	C	T
N0_Mouse	0.0261467564382	0	791	A	T
N0_Mouse	0.0282345534994	0	548	G	C
N0_Mouse	0.0284904966924	0	596	A	G
N0_Mouse	0.0285107536173	0	237	G	A
N0_Mouse	0.028678133668	0	521	G	A
N0_Mouse	0.0289601710337	0	776	A	G
N0_Mouse	0.0303228028287	0	898	A	C
N0_Mouse	0.0313054305823	0	256	T	A
N0_Mouse	0.0313562252397	0	829	T	A
N0_Mouse	0.0313711328353	0	1127	G	A
N0_Mouse	0.0317593709997	0	330	T	C
N0_Mouse	0.0325482574239	0	284	C	T
N0_Mouse	0.0350456504726	0	817	A	G
N0_Mouse	0.0367751521566	0	739	T	C
N0_Mouse	0.0379114499417	0	576	A	C
N0_Mouse	0.0383424920115	0	542	A	G
N0_Mouse	0.0388988558539	0	662	T	G
N0_Mouse	0.0390880245348	0	315	T	A
N0_Mouse	0.0403183192559	0	158	T	C
N0_Mouse	0.0415888628745	0	1008	A	G
N0_Mouse	0.0417531227867	0	876	C	T
N0_Mouse	0.0425620366287	0	1098	G	A
N0_Mouse	0.0425824387555	0	777	A	C
N0_Mouse	0.0455341278869	0	1022	C	A
N0_Mouse	0.0472054525784	0	791	T	A
N0_Mouse	0.0486328339126	0	958	A	G
N0_Mouse	0.0490722233187	0	929	A	C
N0_Mouse	0.0496802277551	0	93	G	A
N0_Mouse	0.0512855071641	0	330	C	T
N0_Mouse	0.0530289913019	0	541	C	G
N0_Mouse	0.0548666570909	0	514	T	C
N0_Mouse	0.0579055589661	0	1152	C	A
N0_Mouse	0.0582897707505	0	282	G	C
N0_Mouse	0.0587132706982	0	402	C	G
N0_Mouse	0.0592467366408	0	416	G	A
N0_Mouse	0.0593747963342	0	638	T	C
N0_Mouse	0.0594568588492	0	635	A	G
N0_Mouse	0.0606127497389	0	1054	T	A
N0_Mouse	0.0606917848224	0	816	A	T
N0_Mouse	0.0607184430241	0	613	C	T
N0_Mouse	0.0613067662375	0	746	G	C
N0_Mouse	0.0624694102132	0	249	C	G
N0_Mouse	0.063870492199	0	583	G	C
N0_Mouse	0.0644076289641	0	824	G	A
N0_Mouse	0.0647781827847	0	94	A	G
N0_Mouse	0.0662009263403	0	861	T	A
N0_Mouse	0.0669629233471	0	1120	G	T
N0_Mouse	0.0671011218697	0	746	C	T
N0_Mouse	0.069227316899	0	1040	C	A
N0_Mouse	0.0701361232234	0	71	T	C
N0_Mouse	0.0706546794182	0	698	A	T
N0_Mouse	0.0709606477128	0	232	T	C
N0_Mouse	0.0711233029289	0	710	G	A
N0_Mouse	0.0712662635272	0	1219	G	A
N0_Mouse	0.0716646392452	0	538	C	G
N0_Mouse	0.072137444426	0	830	C	T
N0_Mouse	0.0730546100048	0	810	T	G
N0_Mouse	0.0730640463414	0	983	A	T
N0_Mouse	0.073226710274	0	305	A	C
N0_Mouse	0.0736568406747	0	1166	C	T
N0_Mouse	0.0740359673856	0	101	A	G
N0_Mouse	0.0742885905764	0	61	T	C
N0_Mouse	0.0742968917563	0	300	T	A
N0_Mouse	0.074913046565	0	1042	C	G
N0_Mouse	0.0752781719529	0	377	T	C
N0_Mouse	0.0753141872244	0	1280	G	A
N0_Mouse	0.0754784283333	0	801	G	A
N0_Mouse	0.0763953585925	0	525	T	A
N0_Mouse	0.0768584651976	0	18	A	C
N0_Mouse	0.0768898187181	0	731	T	C
N0_Mouse	0.0774835904711	0	25	T	G
N0_Mouse	0.077520175233	0	253	C	A
N0_Mouse	0.078076348654	0	353	C	T
N0_Mouse	0.0782257363566	0	808	A	G
N0_Mouse	0.0791064685257	0	583	C	T
N0_Mouse	0.0795974723899	0	517	T	A
N0_Mouse	0.0797477301318	0	1011	C	G
N0_Mouse	0.0807206873717	0	235	T	G
N0_Mouse	0.0813337368368	0	230	A	C
N0_Mouse	0.081727324431	0	924	G	T
N0_Mouse	0.082345792233	0	53	T	G
N0_Mouse	0.0829253466896	0	17	C	A
N0_Mouse	0.0831328252543	0	97	A	T
N0_Mouse	0.0832277249505	0	40	G	A
N0_Mouse	0.0835323381716	0	579	A	G
N0_Mouse	0.0836387202503	0	667	T	A
N0_Mouse	0.0836397259393	0	1058	C	T
N0_Mouse	0.0847908067579	0	647	T	C
N0_Mouse	0.084996223413	0	119	G	T
N0_Mouse	0.0857517222408	0	351	C	T
N0_Mouse	0.085918480868	0	978	T	A
N0_Mouse	0.0870486010067	0	861	A	G
N0_Mouse	0.087127933254	0	679	C	A
N0_Mouse	0.0900523831715	0	61	C	T
N0_Mouse	0.0907859057351	0	478	C	G
N0_Mouse	0.0920911870738	0	670	T	G
N0_Mouse	0.0931536734511	0	488	A	C
N0_Mouse	0.0939443907054	0	736	C	T
N0_Mouse	0.0948492308891	0	424	T	A
N0_Mouse	0.0955686864375	0	751	T	C
N0_Mouse	0.0956162292295	0	789	T	G
N0_Mouse	0.0957483193926	0	1241	T	A
N0_Mouse	0.0963095486995	0	575	T	C
N0_Mouse	0.0965282094952	0	1072	A	G
N0_Mouse	0.0977050803264	0	1094	T	C
N0_Mouse	0.0983501346429	0	627	T	G
N0_Mouse	0.098709304118	0	761	G	A
N0_Mouse	0.0989215554354	0	607	A	G
N0_Mouse	0.100045784572	0	489	G	A
N0_Mouse	0.100281495253	0	355	A	G
N0_Mouse	0.100559465684	0	180	A	C
N0_Mouse	0.100806252487	0	625	C	T
N0_Mouse	0.100980924544	0	926	T	C
N0_Mouse	0.101279972256	0	279	T	C
N0_Mouse	0.101365859413	0	542	G	A
N0_Mouse	0.101571725823	0	210	T	C
N0_Mouse	0.101684895602	0	965	A	T
N0_Mouse	0.102857649284	0	1077	G	C
N0_Mouse	0.104909803095	0	1196	T	C
N0_Mouse	0.104910070182	0	326	A	G
N0_Mouse	0.109799930903	0	518	T	G
N0_Mouse	0.109876607356	0	397	T	G
N0_Mouse	0.109892278533	0	1236	T	C
N0_Mouse	0.110428689679	0	170	T	C
N0_Mouse	0.112885013082	0	914	G	A
N0_Mouse	0.113071384056	0	381	G	T
N0_Mouse	0.114501545057	0	1255	A	C
N0_Mouse	0.115507157799	0	529	C	T
N0_Mouse	0.116095861709	0	704	T	C
N0_Mouse	0.116399368826	0	708	C	A
N0_Mouse	0.116402230298	0	285	T	C
N0_Mouse	0.117007826267	0	957	T	A
N0_Mouse	0.117054079928	0	1098	A	G
N0_Mouse	0.117801737009	0	1278	G	T
N0_Mouse	0.118491332283	0	1027	G	T
N0_Mouse	0.118669107045	0	846	C	T
N0_Mouse	0.119524404414	0	964	A	G
N0_Mouse	0.120210283396	0	213	G	C
N0_Mouse	0.120634317163	0	678	T	C
N0_Mouse	0.121619179268	0	68	C	G
N0_Mouse	0.121703218543	0	548	C	G
N0_Mouse	0.122145048461	0	1062	G	T
N0_Mouse	0.122244385465	0	430	C	A
N0_Mouse	0.123477160012	0	18	C	T
N0_Mouse	0.123681102195	0	749	C	A
N0_Mouse	0.123845629378	0	387	G	T
N0_Mouse	0.124835495986	0	375	T	C
N0_Mouse	0.124843865568	0	1070	G	A
N0_Mouse	0.124911364983	0	1033	G	A
N0_Mouse	0.125015458623	0	1192	T	C
N0_Mouse	0.125402374467	0	981	A	G
N0_Mouse	0.126817585471	0	312	C	G
N0_Mouse	0.126822667625	0	211	C	T
N0_Mouse	0.127702365096	0	1301	A	G
N0_Mouse	0.128562299163	0	576	C	A
N0_Mouse	0.128961732669	0	80	A	C
N0_Mouse	0.129738596367	0	749	A	G
N0_Mouse	0.130999359552	0	351	T	A
N0_Mouse	0.131867586183	0	888	T	C
N0_Mouse	0.132237829121	0	1156	G	C
N0_Mouse	0.132295654579	0	96	A	C
N0_Mouse	0.132311807857	0	1257	T	C
N0_Mouse	0.132477626147	0	152	T	C
N0_Mouse	0.132662917161	0	416	A	G
N0_Mouse	0.133632397235	0	565	A	C
N0_Mouse	0.135073048942	0	805	C	T
N0_Mouse	0.136052904609	0	1315	C	A
N0_Mouse	0.136700708589	0	1290	G	A
N0_Mouse	0.137638958759	0	170	C	A
N0_Mouse	0.138119653094	0	1060	T	C
N0_Mouse	0.138720986774	0	835	C	T
N0_Mouse	0.139546748691	0	1265	T	C
N0_Mouse	0.139976494973	0	327	A	G
N0_Mouse	0.140815854219	0	602	A	C
N0_Mouse	0.141564172227	0	97	T	A
N0_Mouse	0.143245584362	0	1313	G	C
N0_Mouse	0.145139243469	0	1220	C	T
N0_Mouse	0.145371399624	0	302	A	G
N0_Mouse	0.145616979185	0	1193	T	C
N0_Mouse	0.146265538211	0	1310	T	C
N0_Mouse	0.148885609438	0	788	A	C
N0_Mouse	0.149087688127	0	600	T	G
N0_Mouse	0.149931253786	0	1005	T	C
N0_Mouse	0.15060107134	0	783	T	C
N0_Mouse	0.150770109322	0	706	C	T
N0_Mouse	0.150806975206	0	923	A	G
N0_Mouse	0.151870297181	0	985	G	A
N0_Mouse	0.152023223523	0	622	T	G
N0_Mouse	0.153019120686	0	1165	T	C
N0_Mouse	0.153985882522	0	815	T	G
N0_Mouse	0.154164014655	0	322	T	A
N0_Mouse	0.15511786786	0	584	A	T
N0_Mouse	0.155449681668	0	1181	G	A
N0_Mouse	0.158337116869	0	1208	A	T
N0_Mouse	0.158725681453	0	328	C	T
N0_Mouse	0.159093583692	0	282	C	G
N0_Mouse	0.159560853996	0	699	T	C
N0_Mouse	0.160935557116	0	694	G	C
N0_Mouse	0.161216151503	0	1352	A	T
N0_Mouse	0.162568158721	0	177	A	T
N0_Mouse	0.165068424854	0	1267	A	C
N0_Mouse	0.167572019817	0	778	C	G
N0_Mouse	0.167849356834	0	1303	T	C
N0_Mouse	0.168285130841	0	38	C	T
N0_Mouse	0.170304108017	0	698	T	G
N0_Mouse	0.170556190735	0	464	G	A
N0_Mouse	0.171671571917	0	1093	C	A
N0_Mouse	0.172069546532	0	79	T	C
N0_Mouse	0.173852266573	0	762	C	T
N0_Mouse	0.175752201617	0	113	T	A
N0_Mouse	0.176396954122	0	306	A	G
N0_Mouse	0.176706075264	0	494	T	A
N0_Mouse	0.178108108096	0	887	A	G
N0_Mouse	0.178268257762	0	149	A	G
N0_Mouse	0.178534827916	0	753	C	A
N0_Mouse	0.178895289181	0	360	G	T
N0_Mouse	0.179669643274	0	225	T	C
N0_Mouse	0.179841556558	0	881	G	T
N0_Mouse	0.180162945113	0	355	G	A
N0_Mouse	0.180222581425	0	364	T	G
N0_Mouse	0.180591462617	0	1007	A	C
N0_Mouse	0.181172584454	0	580	A	T
N0_Mouse	0.182255602641	0	232	C	T
N0_Mouse	0.182863533839	0	963	T	C
N0_Mouse	0.185745460456	0	839	C	T
N0_Mouse	0.185955598312	0	980	A	C
N0_Mouse	0.186394291362	0	1014	A	T
N0_Mouse	0.186510986255	0	44	A	G
N0_Mouse	0.18720776143	0	597	T	G
N0_Mouse	0.189572560871	0	1185	A	T
N0_Mouse	0.190168718605	0	582	C	A
N0_Mouse	0.19110002286	0	480	A	C
N0_Mouse	0.194683600802	0	410	C	T
N0_Mouse	0.196681481266	0	994	C	T
N0_Mouse	0.196851067619	0	745	T	C
N0_Mouse	0.197109793188	0	582	A	T
N0_Mouse	0.197646130849	0	81	T	C
N0_Mouse	0.197760702282	0	433	T	C
N0_Mouse	0.198566104039	0	831	G	A
N0_Mouse	0.19942268436	0	808	G	A
N0_Mouse	0.20018914499	0	437	G	T
N0_Mouse	0.202575551156	0	434	A	G
N0_Mouse	0.203309329169	0	1327	A	G
N0_Mouse	0.204401899934	0	23	T	C
N0_Mouse	0.204841195605	0	751	C	T
N0_Mouse	0.205262254261	0	36	A	T
N0_Mouse	0.205683395959	0	587	G	A
N0_Mouse	0.206609350712	0	699	C	T
N0_Mouse	0.207815299477	0	1307	A	T
N0_Mouse	0.207850027066	0	208	C	T
N0_Mouse	0.20816370328	0	777	C	G
N0_Mouse	0.208213190812	0	1206	T	A
N0_Mouse	0.212519736256	0	1091	T	G
N0_Mouse	0.213492337057	0	911	A	G
N0_Mouse	0.21377827527	0	494	A	G
N0_Mouse	0.213842149723	0	810	G	C
N0_Mouse	0.214766971837	0	540	T	A
N0_Mouse	0.215131244259	0	1293	T	G
N0_Mouse	0.215604721115	0	32	T	A
N0_Mouse	0.21649936296	0	1059	T	G
N0_Mouse	0.216893223119	0	1365	T	C
N0_Mouse	0.217151910699	0	100	G	A
N0_Mouse	0.218519502477	0	1041	C	T
N0_Mouse	0.220350789097	0	1342	G	T
N0_Mouse	0.220441858195	0	1330	G	T
N0_Mouse	0.220588323741	0	681	C	G
N0_Mouse	0.220690615505	0	1037	C	G
N0_Mouse	0.222722206972	0	983	T	C
N0_Mouse	0.223040701999	0	434	G	A
N0_Mouse	0.224084569644	0	983	C	T
N0_Mouse	0.224796393811	0	1156	C	T
N0_Mouse	0.224906485997	0	209	A	T
N0_Mouse	0.225142757015	0	279	C	T
N0_Mouse	0.225969656877	0	818	A	T
N0_Mouse	0.226993806609	0	121	T	C
N0_Mouse	0.227640057094	0	1176	G	A
N0_Mouse	0.228585562987	0	1033	A	C
N0_Mouse	0.228848529201	0	1066	T	C
N0_Mouse	0.229081124538	0	270	G	T
N0_Mouse	0.231846584489	0	133	G	A
N0_Mouse	0.232287418956	0	522	G	T
N0_Mouse	0.234636100018	0	878	T	A
N0_Mouse	0.235113972935	0	881	T	A
N0_Mouse	0.235115891722	0	58	T	C
N0_Mouse	0.235759559505	0	59	T	C
N0_Mouse	0.236921732222	0	770	G	T
N0_Mouse	0.237131524842	0	1137	G	T
N0_Mouse	0.237223344802	0	357	A	G
N0_Mouse	0.237245541189	0	1354	T	C
N0_Mouse	0.238964076307	0	197	T	A
N0_Mouse	0.23942791471	0	265	C	T
N0_Mouse	0.239530278092	0	1131	G	A
N0_Mouse	0.239573059651	0	225	C	T
N0_Mouse	0.239703997979	0	1002	T	A
N0_Mouse	0.240923385139	0	663	T	C
N0_Mouse	0.242013031184	0	447	C	A
N0_Mouse	0.242696734512	0	1160	T	A
N0_Mouse	0.245365286739	0	468	T	C
N0_Mouse	0.248561990271	0	629	C	A
N0_Mouse	0.248858874264	0	992	G	T
N0_Mouse	0.249465545661	0	1309	A	C
N0_Mouse	0.2500145799	0	343	T	G
N0_Mouse	0.250231976478	0	957	A	C
N0_Mouse	0.250602181161	0	305	C	A
N0_Mouse	0.251078617256	0	132	C	A
N0_Mouse	0.251187447555	0	1357	T	C
N0_Mouse	0.251848916196	0	1092	A	C
N0_Mouse	0.251942377699	0	71	C	A
N0_Mouse	0.252095390743	0	1211	C	G
N0_Mouse	0.2536694637	0	50	T	G
N0_Mouse	0.25549010413	0	581	A	C
N0_Mouse	0.25614456887	0	576	A	G
N0_Mouse	0.25717990751	0	213	C	T
N0_Mouse	0.257646118061	0	1182	T	C
N0_Mouse	0.258516317051	0	568	G	T
N0_Mouse	0.260214062535	0	528	C	G
N0_Mouse	0.262270164554	0	497	A	G
N0_Mouse	0.263966250096	0	68	G	C
N0_Mouse	0.264201191909	0	955	G	A
N0_Mouse	0.264824249307	0	205	G	A
N0_Mouse	0.265280680368	0	641	G	A
N0_Mouse	0.266483123964	0	1341	A	G
N0_Mouse	0.267148484564	0	986	C	A
N0_Mouse	0.267750311504	0	967	A	G
N0_Mouse	0.26803062023	0	901	G	T
N0_Mouse	0.26953377301	0	191	C	T
N0_Mouse	0.270383770529	0	973	T	C
N0_Mouse	0.272141188144	0	237	A	T
N0_Mouse	0.272864634449	0	597	G	A
N0_Mouse	0.273155557249	0	934	A	C
N0_Mouse	0.273320805957	0	489	A	C
N0_Mouse	0.273891572307	0	46	G	T
N0_Mouse	0.275602662161	0	1053	C	A
N0_Mouse	0.276378039165	0	125	G	A
N0_Mouse	0.277445646229	0	1228	A	T
N0_Mouse	0.279283463034	0	1143	C	T
N0_Mouse	0.280804109133	0	1127	A	G
N0_Mouse	0.283333561689	0	78	A	T
N0_Mouse	0.283747358998	0	668	C	G
N0_Mouse	0.28407820553	0	931	C	T
N0_Mouse	0.284729366029	0	702	T	A
N0_Mouse	0.285261306144	0	428	A	G
N0_Mouse	0.285603600387	0	730	A	T
N0_Mouse	0.286012705403	0	1197	C	T
N0_Mouse	0.287285097387	0	681	G	A
N0_Mouse	0.290052785974	0	1031	T	G
N0_Mouse	0.290973414875	0	330	T	C
N0_Mouse	0.291314951394	0	1131	A	G
N0_Mouse	0.292695582501	0	1235	A	T
N0_Mouse	0.294209133214	0	476	G	A
N0_Mouse	0.294217635581	0	134	G	A
N0_Mouse	0.294708530644	0	1281	C	T
N0_Mouse	0.296557288208	0	390	A	T
N0_Mouse	0.297422976457	0	712	A	C
N0_Mouse	0.297800175795	0	152	C	A
N0_Mouse	0.298975845045	0	594	G	A
N0_Mouse	0.29932217259	0	628	T	G
N0_Mouse	0.299850467276	0	904	A	G
N0_Mouse	0.300052283817	0	1322	T	C
N0_Mouse	0.30068634646	0	863	T	C
N0_Mouse	0.301781916594	0	383	A	G
N0_Mouse	0.302721515431	0	1023	T	A
N0_Mouse	0.302825649224	0	867	A	G
N0_Mouse	0.304107216634	0	749	G	T
N0_Mouse	0.304169461973	0	1350	G	A
N0_Mouse	0.304932672327	0	653	A	C
N0_Mouse	0.3053262422	0	1078	A	G
N0_Mouse	0.305480204795	0	343	G	A
N0_Mouse	0.308550699856	0	504	A	T
N0_Mouse	0.309737500465	0	282	G	A
N0_Mouse	0.311703900722	0	864	C	T
N0_Mouse	0.312698398729	0	1075	T	G
N0_Mouse	0.312941146024	0	1156	T	A
N0_Mouse	0.314748870081	0	1009	G	C
N0_Mouse	0.315646783324	0	337	A	T
N0_Mouse	0.316341575399	0	695	T	A
N0_Mouse	0.317416964106	0	740	G	T
N0_Mouse	0.317869278395	0	625	T	A
N0_Mouse	0.319483754316	0	679	A	G
N0_Mouse	0.319871824026	0	132	A	T
N0_Mouse	0.321395518664	0	868	G	A
N0_Mouse	0.322056263932	0	578	T	G
N0_Mouse	0.322764668871	0	490	T	A
N0_Mouse	0.323279164492	0	932	C	A
N0_Mouse	0.324839836945	0	358	A	G
N0_Mouse	0.325601738439	0	1097	A	C
N0_Mouse	0.32567319429	0	566	A	C
N0_Mouse	0.326532682839	0	682	C	T
N0_Mouse	0.326743085087	0	33	C	T
N0_Mouse	0.327684021761	0	1218	A	G
N0_Mouse	0.32793683865	0	51	A	G
N0_Mouse	0.32911450257	0	155	A	C
N0_Mouse	0.329527483544	0	122	T	G
N0_Mouse	0.329682218311	0	223	G	C
N0_Mouse	0.32979974848	0	1319	G	A
N0_Mouse	0.330156980921	0	171	A	G
N0_Mouse	0.330467320953	0	742	G	A
N0_Mouse	0.330585240342	0	1100	T	C
N0_Mouse	0.33138442345	0	913	G	A
N0_Mouse	0.332217742286	0	1301	G	C
N0_Mouse	0.33242952525	0	1084	A	G
N0_Mouse	0.332999808706	0	186	G	C
N0_Mouse	0.333426159384	0	135	T	A
N0_Mouse	0.334011467467	0	850	T	C
N0_Mouse	0.334784901573	0	843	T	A
N0_Mouse	0.335177628866	0	885	T	C
N0_Mouse	0.338084104559	0	727	G	A
N0_Mouse	0.338143110561	0	930	A	T
N0_Mouse	0.338402954601	0	539	T	C
N0_Mouse	0.338731245164	0	593	C	T
N0_Mouse	0.339813061594	0	1108	T	C
N0_Mouse	0.339853644898	0	548	G	A
N0_Mouse	0.340528743118	0	1163	T	G
N0_Mouse	0.340920421096	0	790	C	T
N0_Mouse	0.34120435934	0	136	A	G
N0_Mouse	0.341452716731	0	14	A	C
N0_Mouse	0.341957144798	0	366	T	G
N0_Mouse	0.342441281581	0	286	T	C
N0_Mouse	0.343299755719	0	1107	G	A
N0_Mouse	0.343720520899	0	588	A	G
N0_Mouse	0.345451663631	0	1069	A	G
N0_Mouse	0.346702254525	0	41	T	G
N0_Mouse	0.348507248856	0	65	C	T
N0_Mouse	0.350262785775	0	1089	A	C
N0_Mouse	0.35062957404	0	360	T	A
N0_Mouse	0.350740806725	0	1159	T	G
N0_Mouse	0.351104856206	0	67	G	A
N0_Mouse	0.351136843215	0	943	T	C
N0_Mouse	0.351878974443	0	1224	G	C
N0_Mouse	0.352572860084	0	1122	G	A
N0_Mouse	0.35318461263	0	365	G	A
N0_Mouse	0.354371864635	0	307	A	G
N0_Mouse	0.354552699271	0	324	T	A
N0_Mouse	0.354573429783	0	1117	C	A
N0_Mouse	0.354662708563	0	58	C	T
N0_Mouse	0.356007072523	0	568	T	G
N0_Mouse	0.356720743329	0	862	C	A
N0_Mouse	0.356997965482	0	273	A	C
N0_Mouse	0.357349500746	0	1271	C	G
N0_Mouse	0.357628896977	0	1157	T	A
N0_Mouse	0.358319262649	0	1012	T	C
N0_Mouse	0.358522315299	0	780	A	C
N0_Mouse	0.358823454815	0	164	C	G
N0_Mouse	0.359181869186	0	1059	G	C
N0_Mouse	0.359433515889	0	897	A	C
N0_Mouse	0.359494812034	0	65	T	C
N0_Mouse	0.360769929121	0	993	T	G
N0_Mouse	0.360844746263	0	231	C	G
N0_Mouse	0.361226890709	0	1052	G	A
N0_Mouse	0.362208139727	0	1071	A	T
N0_Mouse	0.363274648045	0	184	T	C
N0_Mouse	0.365938032552	0	204	C	A
N0_Mouse	0.368713958179	0	2	T	G
N0_Mouse	0.369327059883	0	157	T	A
N0_Mouse	0.369437246669	0	602	C	A
N0_Mouse	0.370699731574	0	547	T	A
N0_Mouse	0.373024594388	0	193	A	G
N0_Mouse	0.373035900178	0	223	C	T
N0_Mouse	0.374576911281	0	873	A	T
N0_Mouse	0.374901056545	0	306	G	A
N0_Mouse	0.375116465906	0	292	A	T
N0_Mouse	0.37627783118	0	929	C	A
N0_Mouse	0.377000323721	0	300	A	G
N0_Mouse	0.377098382117	0	595	G	A
N0_Mouse	0.377508186558	0	987	T	C
N0_Mouse	0.379928682097	0	1155	C	A
N0_Mouse	0.380420251056	0	293	A	C
N0_Mouse	0.381007916155	0	160	C	A
N0_Mouse	0.383351427473	0	478	G	A
N0_Mouse	0.383406978172	0	1049	G	T
N0_Mouse	0.383619895407	0	399	T	G
N0_Mouse	0.383721358528	0	544	T	G
N0_Mouse	0.383937423681	0	128	C	G
N0_Mouse	0.384091122213	0	72	C	G
N0_Mouse	0.38446046701	0	1160	A	G
N0_Mouse	0.384691616273	0	740	T	C
N0_Mouse	0.384831969217	0	1217	A	G
N0_Mouse	0.385060349024	0	1003	T	A
N0_Mouse	0.386925054096	0	1005	C	A
N0_Mouse	0.387485123707	0	64	G	A
N0_Mouse	0.388168560113	0	408	C	G
N0_Mouse	0.388710087114	0	586	G	A
N0_Mouse	0.388780308659	0	790	T	A
N0_Mouse	0.388850481841	0	367	T	C
N0_Mouse	0.389085084417	0	967	G	A
N0_Mouse	0.390057904587	0	374	G	A
N0_Mouse	0.391819100613	0	19	T	G
N0_Mouse	0.392070145992	0	140	C	A
N0_Mouse	0.392140216651	0	475	G	T
N0_Mouse	0.39400547145	0	747	T	A
N0_Mouse	0.394540605695	0	176	A	G
N0_Mouse	0.395236320643	0	364	G	A
N0_Mouse	0.395380668116	0	986	A	G
N0_Mouse	0.396590085358	0	1178	A	G
N0_Mouse	0.397662391863	0	669	G	T
N0_Mouse	0.39797600128	0	1207	C	A
N0_Mouse	0.39891931347	0	1278	T	A
N0_Mouse	0.399052364861	0	558	C	A
N0_Mouse	0.399261376341	0	1185	T	A
N0_Mouse	0.399933192906	0	1183	T	G
N0_Mouse	0.400119165286	0	1081	T	G
N0_Mouse	0.400810988175	0	805	T	G
N0_Mouse	0.401097989972	0	919	T	G
N0_Mouse	0.401809096256	0	425	T	C
N0_Mouse	0.402132057631	0	725	T	C
N0_Mouse	0.402499575293	0	34	C	G
N0_Mouse	0.40308408813	0	869	C	T
N0_Mouse	0.404435915781	0	1225	T	A
N0_Mouse	0.405132907119	0	14	C	T
N0_Mouse	0.406720478847	0	328	T	A
N0_Mouse	0.407055945277	0	1165	C	G
N0_Mouse	0.408471228101	0	752	A	C
N0_Mouse	0.40990528933	0	405	G	A
N0_Mouse	0.409929482516	0	14	T	G
N0_Mouse	0.410391984444	0	266	T	A
N0_Mouse	0.41088498577	0	579	G	T
N0_Mouse	0.412241388431	0	62	T	A
N0_Mouse	0.412491511941	0	497	G	C
N0_Mouse	0.412525668656	0	521	A	G
N0_Mouse	0.414891604092	0	1127	G	A
N0_Mouse	0.415199162041	0	1191	A	G
N0_Mouse	0.416196530802	0	976	A	T
N0_Mouse	0.416758663641	0	1161	T	C
N0_Mouse	0.417320250488	0	71	A	G
N0_Mouse	0.417360763945	0	599	C	T
N0_Mouse	0.418570524966	0	134	A	T
N0_Mouse	0.418616193739	0	407	C	T
N0_Mouse	0.420072886212	0	1355	A	T
N0_Mouse	0.420416525834	0	456	G	T
N0_Mouse	0.421045914098	0	1250	C	T
N0_Mouse	0.422057228638	0	387	T	G
N0_Mouse	0.422077841857	0	1321	A	G
N0_Mouse	0.422505342947	0	1267	C	A
N0_Mouse	0.422648212453	0	427	A	T
N0_Mouse	0.422749513644	0	1237	C	A
N0_Mouse	0.423943265818	0	990	A	G
N0_Mouse	0.425258263945	0	306	A	T
N0_Mouse	0.425338150148	0	211	T	A
N0_Mouse	0.426391663644	0	1249	G	T
N0_Mouse	0.426464804366	0	511	G	T
N0_Mouse	0.426502041519	0	1011	G	T
N0_Mouse	0.426700464412	0	782	G	A
N0_Mouse	0.428789033119	0	433	C	T
N0_Mouse	0.42902556784	0	95	A	G
N0_Mouse	0.429191635971	0	617	G	C
N0_Mouse	0.429936175462	0	659	C	G
N0_Mouse	0.431463187483	0	877	C	A
N0_Mouse	0.43340781313	0	812	T	C
N0_Mouse	0.434375857534	0	185	T	C
N0_Mouse	0.435398386481	0	604	A	G
N0_Mouse	0.435534914809	0	352	T	A
N0_Mouse	0.435577684607	0	1128	A	C
N0_Mouse	0.435811624044	0	699	T	C
N0_Mouse	0.436123960781	0	383	G	T
N0_Mouse	0.436340339016	0	17	A	C
N0_Mouse	0.436434811412	0	84	C	T
N0_Mouse	0.436677559907	0	495	A	G
N0_Mouse	0.436758874581	0	214	T	C
N0_Mouse	0.437150211251	0	720	G	A
N0_Mouse	0.437746729364	0	908	T	G
N0_Mouse	0.437951949293	0	1268	A	T
N0_Mouse	0.437986170713	0	812	C	T
N0_Mouse	0.439036479361	0	896	A	G
N0_Mouse	0.441374049642	0	205	A	G
N0_Mouse	0.441766692659	0	318	C	T
N0_Mouse	0.442800075918	0	23	C	T
N0_Mouse	0.443973226015	0	497	C	A
N0_Mouse	0.445016938035	0	728	A	C
N0_Mouse	0.445170248674	0	215	A	G
N0_Mouse	0.446514670402	0	756	C	T
N0_Mouse	0.447020102335	0	607	G	A
N0_Mouse	0.447541662688	0	329	A	G
N0_Mouse	0.447544719553	0	19	G	C
N0_Mouse	0.448350072159	0	682	T	C
