edge	time	mut_orlg	mut_pos	old_state	new_state
N0_kluyveri	0.000408739425325	0	311	C	T
N0_kluyveri	0.00121973219285	0	449	C	T
N0_kluyveri	0.00160276768144	0	434	A	G
N0_kluyveri	0.00506654917947	0	200	C	T
N0_kluyveri	0.00507814481826	0	35	C	T
N0_kluyveri	0.00591894354865	0	482	T	A
N0_kluyveri	0.00612434906753	0	474	G	T
N0_kluyveri	0.0062642459878	0	452	T	C
N0_kluyveri	0.00627892067172	0	470	T	A
N0_kluyveri	0.00710277108174	0	56	C	G
N0_kluyveri	0.00760619212745	0	135	C	T
N0_kluyveri	0.00767074714718	0	134	C	T
N0_kluyveri	0.00799412312046	0	59	A	G
N0_kluyveri	0.00914067937588	0	128	C	T
N0_kluyveri	0.0097168178099	0	431	G	A
N0_kluyveri	0.00998573559746	0	7	T	C
N0_kluyveri	0.0100690663355	0	432	A	G
N0_kluyveri	0.0104280697652	0	392	T	A
N0_kluyveri	0.0125325820144	0	232	C	T
N0_kluyveri	0.0128654486565	0	65	C	T
N0_kluyveri	0.0133140236618	0	122	T	C
N0_D1	0.000134458501219	0	422	A	T
N0_D1	0.000790454144205	0	472	C	T
N0_D1	0.000851317796093	0	2	G	A
N0_D1	0.000970597945337	0	386	G	A
D1_N1	0.000672823377779	2	230	G	T
D1_N1	0.000791926958179	1	326	A	G
D1_N1	0.00121020533817	1	218	G	A
D1_N1	0.00255594256831	1	35	C	T
D1_N1	0.00259733194109	1	422	T	C
D1_N1	0.002800925066	2	77	C	T
D1_N1	0.00297638615314	2	188	T	C
D1_N1	0.00313219632358	1	74	A	G
N1_castellii	0.000166515369276	2	56	C	T
N1_castellii	0.000584852385782	1	29	T	C
N1_castellii	0.000712978823917	1	449	C	T
N1_castellii	0.000878256917702	1	5	T	A
N1_castellii	0.000993211765339	1	311	C	A
N1_castellii	0.00113881962811	2	197	G	A
N1_castellii	0.00125691495631	2	185	G	A
N1_castellii	0.0015087774912	1	56	C	T
N1_castellii	0.00164463120035	2	119	A	G
N1_castellii	0.0018135171584	1	152	C	T
N1_castellii	0.00187167477545	1	458	G	A
N1_castellii	0.00216925634078	2	326	G	A
N1_castellii	0.0025674149916	1	95	C	T
N1_castellii	0.00269638028797	2	329	G	A
N1_castellii	0.00277682539165	2	428	T	A
N1_castellii	0.00316859775348	2	140	A	T
N1_castellii	0.00331585552344	2	275	A	G
N1_castellii	0.00341349145476	1	167	A	G
N1_castellii	0.00385055802228	2	146	T	C
N1_castellii	0.00434494699928	2	56	T	C
N1_castellii	0.00503416323178	1	350	C	T
N1_castellii	0.00555248645825	1	116	C	T
N1_castellii	0.00558301362552	1	431	G	A
N1_castellii	0.00558703106136	2	413	C	T
N1_castellii	0.00595512683282	2	176	C	T
N1_castellii	0.00597736807215	2	92	A	G
N1_castellii	0.00610526410333	1	413	C	T
N1_castellii	0.00622922966209	1	62	T	C
N1_castellii	0.00703651348552	1	149	T	C
N1_castellii	0.00704799753023	1	179	A	T
N1_castellii	0.00728638132589	2	350	C	T
N1_castellii	0.00781716334997	1	116	T	C
N1_castellii	0.00790802860306	1	194	G	A
N1_castellii	0.00802616356995	1	71	T	C
N1_castellii	0.00810343062314	1	467	C	T
N1_castellii	0.00835104462338	1	149	C	T
N1_castellii	0.00844820745615	1	410	C	T
N1_castellii	0.00850173700867	2	383	A	G
N1_castellii	0.00874575097579	2	470	T	C
N1_castellii	0.00894078853882	1	125	T	C
N1_castellii	0.00901865971034	2	149	T	G
N1_castellii	0.0091337416458	2	285	T	C
N1_castellii	0.00942164234371	1	143	A	G
N1_castellii	0.0096601672447	1	68	A	G
N1_castellii	0.00972042306448	2	452	T	C
N1_castellii	0.00986916374534	2	452	C	T
N1_castellii	0.0105449385058	2	398	C	T
N1_castellii	0.0106725890914	2	302	T	C
N1_castellii	0.0113065663038	2	50	G	A
N1_castellii	0.0118218199945	1	332	G	A
N1_castellii	0.0119079850076	1	11	G	A
N1_castellii	0.0120491334701	1	432	A	G
N1_castellii	0.0120864538646	2	260	A	G
N1_castellii	0.0121553662785	1	206	C	T
N1_castellii	0.0124412387136	1	41	A	G
N1_castellii	0.0124510325938	2	455	T	C
N1_castellii	0.0125697130495	2	311	C	T
N1_castellii	0.0127935614729	2	65	C	T
N1_castellii	0.012905339691	1	389	G	A
N1_N2	6.98444836924e-05	2	128	C	T
N1_N2	0.000159923293331	1	17	C	T
N1_N2	0.000227851654141	2	206	C	T
N1_N2	0.000335846155772	1	8	T	C
N1_N2	0.000429619104663	2	380	T	C
N1_N2	0.000649749909206	1	376	C	T
N1_N2	0.000650915004906	2	96	A	G
N1_N2	0.0014222466713	2	320	T	G
N1_N2	0.00142251893057	1	35	T	C
N1_N2	0.00144040900249	1	182	A	G
N1_N2	0.00160438674442	1	296	T	C
N1_N2	0.00165089366847	2	157	C	G
N1_N2	0.00171978499906	1	347	C	T
N1_N2	0.00265223099298	2	413	C	T
N1_N2	0.00282572385765	1	173	T	C
N1_N2	0.00367224889123	1	335	C	T
N1_N2	0.00387174328537	1	281	A	G
N1_N2	0.00395692736975	2	311	C	T
N1_N2	0.00395936359879	2	287	C	T
N1_N2	0.00425095404412	2	470	T	C
N1_N2	0.00426985535309	2	137	G	C
N1_N2	0.00469241843864	2	20	A	G
N1_N2	0.00480295032384	2	278	T	C
N1_N2	0.00513352346536	2	236	C	T
N1_N2	0.0052715012462	2	377	C	T
N1_N2	0.00534035256683	1	134	C	T
N1_N2	0.00535335144082	1	212	T	G
N1_N2	0.00546262268769	2	107	T	C
N1_N2	0.00555129712617	1	95	C	T
N1_N2	0.00565681597282	1	320	T	C
N1_N2	0.00572375222776	1	113	C	T
N1_N2	0.00574569231501	1	416	G	A
N1_N2	0.00598569590115	1	350	C	T
N1_N2	0.00606360651591	1	311	C	T
N1_N2	0.00642138664337	1	236	C	T
N1_N2	0.00655046496414	2	164	A	G
N1_N2	0.00711252568002	2	386	A	G
N1_N2	0.00712400948835	1	431	G	A
N1_N2	0.00721537244406	2	209	A	G
N1_N2	0.00725336001562	2	170	T	C
N1_N2	0.00768652210718	1	168	G	T
N1_N2	0.00784965287621	2	188	C	T
N1_N2	0.0080197831087	2	68	A	G
N1_N2	0.0080603206959	2	407	A	T
N1_N2	0.00824208978494	1	302	T	C
N1_N2	0.00838140424552	2	182	G	T
N1_N2	0.00925661735818	1	416	A	G
N1_N2	0.00964225116387	1	485	C	T
N1_N2	0.00973784332633	2	245	C	T
N1_N2	0.0104633214483	1	221	A	G
N1_N2	0.0111674257914	1	242	G	A
N1_N2	0.0111983222264	2	299	A	G
N1_N2	0.0113326063815	2	419	T	C
N1_N2	0.0115050281427	2	110	C	T
N1_N2	0.0119006057847	1	356	C	T
N1_N2	0.0120213794176	1	161	C	T
N1_N2	0.0121667414625	2	374	T	C
N1_N2	0.0129719147608	1	332	G	A
N1_N2	0.01344626156	2	45	A	G
N1_N2	0.0136296149256	1	224	C	T
N1_N2	0.0141012714541	2	53	C	G
N1_N2	0.0141563880463	1	41	A	G
N1_N2	0.0141729142925	2	113	T	C
N1_N2	0.0143350340494	1	116	C	T
N1_N2	0.0145201740078	1	194	G	A
N1_N2	0.0152217759377	1	341	A	G
N1_N2	0.0154087932612	2	47	A	G
N2_bayanus	0.000111335115694	2	359	A	G
N2_bayanus	0.000153450040027	2	176	C	T
N2_bayanus	0.000460968935494	1	260	A	G
N2_bayanus	0.000846907202945	2	428	T	C
N2_bayanus	0.000924527444263	2	377	C	T
N2_bayanus	0.0010151727136	1	483	T	C
N2_bayanus	0.00105938583084	1	53	C	T
N2_bayanus	0.00127221701633	2	293	C	T
N2_bayanus	0.00136822423944	2	479	T	C
N2_bayanus	0.00145425648215	1	347	T	A
N2_bayanus	0.0020975474654	1	83	T	C
N2_N3	0.000230337890105	2	14	G	A
N2_N3	0.000397588167627	2	95	T	C
N2_N3	0.000473028983593	1	140	A	C
N2_N3	0.000678096227983	2	272	G	A
N2_N3	0.00072866847179	2	464	C	T
N2_N3	0.000729687825358	2	344	T	C
N2_N3	0.000741857643184	2	134	T	C
N2_N3	0.000746403434951	2	464	T	C
N2_N3	0.000856532595029	2	440	T	C
N2_N3	0.0011307393926	2	341	A	G
N3_kudriavzevii	0.000175943594522	2	320	C	T
N3_kudriavzevii	0.000412297974714	1	485	T	C
N3_kudriavzevii	0.000444591770852	2	106	C	T
N3_kudriavzevii	0.000863590136187	2	242	G	A
N3_kudriavzevii	0.000946536982829	2	479	T	C
N3_kudriavzevii	0.00135894688945	1	407	A	G
N3_kudriavzevii	0.00155825775985	1	329	G	A
N3_kudriavzevii	0.00169952190389	1	3	T	A
N3_kudriavzevii	0.00183463643806	2	11	G	A
N3_kudriavzevii	0.00191422166132	2	451	T	C
N3_kudriavzevii	0.00223178990036	2	179	A	G
N3_kudriavzevii	0.00302986174853	1	59	A	C
N3_kudriavzevii	0.00317454893229	2	362	A	G
N3_kudriavzevii	0.00401494995795	1	239	A	G
N3_kudriavzevii	0.00470701720575	1	239	G	A
N3_kudriavzevii	0.00485211044048	1	211	A	G
N3_kudriavzevii	0.00503478873762	2	431	A	G
N3_kudriavzevii	0.00523493528536	2	74	G	A
N3_kudriavzevii	0.00546838467704	2	329	G	T
N3_kudriavzevii	0.00568598474013	1	161	T	C
N3_N4	0.000268704447604	2	56	C	T
N3_N4	0.000514133954281	2	5	T	C
N3_N4	0.000700012932351	1	253	T	C
N3_N4	0.00112710833052	2	191	C	G
N3_N4	0.00122980797317	2	80	A	T
N3_N4	0.00127264859142	1	115	G	A
N3_N4	0.00131334041208	1	302	C	G
N3_N4	0.00134297745288	2	101	T	G
N3_N4	0.00140983350467	1	47	A	G
N3_N4	0.00150365596098	1	482	T	C
N3_N4	0.0016185079294	2	323	C	T
N3_N4	0.00177807455708	2	391	T	G
N3_N4	0.00182543251603	1	443	C	T
N4_mikatae	6.21096648036e-05	1	338	G	A
N4_mikatae	6.34010785982e-05	1	239	A	C
N4_mikatae	0.000629418138753	1	353	C	T
N4_mikatae	0.00118892396503	1	119	A	G
N4_mikatae	0.00168933079801	1	374	T	C
N4_mikatae	0.00170667234789	1	71	T	C
N4_mikatae	0.00172099661616	2	95	C	T
N4_mikatae	0.0018369866271	2	239	A	T
N4_mikatae	0.00223469814979	2	440	C	T
N4_mikatae	0.00224202622875	2	2	A	G
N4_mikatae	0.00315602251036	1	47	G	A
N4_mikatae	0.00363872150072	2	473	T	C
N4_mikatae	0.00416774427127	1	419	T	A
N4_N5	0.000308491783472	2	83	T	C
N4_N5	0.000351736629081	2	158	A	G
N4_N5	0.000439407070893	1	279	A	G
N4_N5	0.000457738024661	1	413	C	T
N4_N5	0.000535167641764	2	191	G	A
N4_N5	0.00083385486848	1	485	T	C
N4_N5	0.000916077857967	2	140	A	C
N4_N5	0.00103144722301	1	479	T	C
N4_N5	0.00110662307823	2	374	C	T
N4_N5	0.00117197737335	1	344	T	C
N4_N5	0.00127182738096	2	242	G	A
N4_N5	0.00142134100681	2	407	T	C
N5_paradoxus	0.000366601314469	2	368	C	A
N5_paradoxus	0.000694498671197	2	338	G	A
N5_paradoxus	0.000926957612934	2	227	C	G
N5_paradoxus	0.00152431375831	1	437	A	G
N5_cerevisiae	0.000588498836605	2	161	C	T
N5_cerevisiae	0.00117321095016	2	378	G	A
N5_cerevisiae	0.00119927356115	1	467	C	G
N5_cerevisiae	0.0018081960495	2	323	T	C
N5_cerevisiae	0.00185885417088	1	308	T	C
N5_cerevisiae	0.0019924920686	1	242	A	G
N5_cerevisiae	0.00224096332364	2	425	A	G
N5_cerevisiae	0.00239549039144	2	257	A	G
N5_cerevisiae	0.00242397830941	2	161	T	C
N5_cerevisiae	0.00270248033188	2	491	T	C
N5_cerevisiae	0.00271512280693	2	479	T	C
N5_cerevisiae	0.00298265017271	2	161	C	T
N5_cerevisiae	0.00299893578414	2	476	C	T
N5_cerevisiae	0.00304634904362	2	41	A	G
N5_cerevisiae	0.00332269254035	2	118	G	A
N5_cerevisiae	0.00335044437909	1	161	T	C
N5_cerevisiae	0.0034916861295	1	227	C	T
N5_cerevisiae	0.00350812162224	1	218	A	G
N5_cerevisiae	0.00395568674777	2	314	C	A
N5_cerevisiae	0.00397959452696	2	405	G	A
N5_cerevisiae	0.00421772770399	1	8	C	T
