edge	time	mut_orlg	mut_pos	old_state	new_state
N0_kluyveri	0.00594327424433	0	6	TTA	CTA
N0_kluyveri	0.0133956192972	0	151	TAT	TAC
N0_kluyveri	0.0168266937589	0	130	TTA	CTA
N0_kluyveri	0.0172768613456	0	55	GGA	GGC
N0_kluyveri	0.0190860856078	0	16	TGT	TGC
N0_kluyveri	0.0204150913661	0	12	CGG	CGA
N0_kluyveri	0.0250604428909	0	25	TTA	CTA
N0_D1	0.00244478067796	0	20	CTT	CTC
D1_N1	0.00108153426469	1	46	AAC	AAT
D1_N1	0.00284073628395	1	54	CAA	CAG
D1_N1	0.00299835237627	2	61	CTT	CTC
D1_N1	0.00480227671155	2	144	GTT	GTC
D1_N1	0.00534472372948	1	71	AAT	AAC
D1_N1	0.00546006766795	1	122	TTT	TTC
D1_N1	0.0103858874458	2	142	GTC	GTT
D1_N1	0.0105617667926	2	15	ATT	ATA
D1_N1	0.0151424517055	2	159	TAC	TAT
D1_N1	0.0214795068857	2	142	GTT	ATT
D1_N1	0.0242710879216	2	88	TTC	TTT
D1_N1	0.0255643425647	1	141	CCC	CCT
D1_N1	0.027618620269	1	19	TTG	TTA
D1_N1	0.0288284777199	1	125	TGT	TGC
D1_N1	0.0336280936187	1	48	AAT	AGT
D1_N1	0.0344633428431	2	47	TTT	TTC
D1_N1	0.0365180100261	2	134	ACA	ACC
D1_N1	0.0385659045112	1	104	AAT	AAC
D1_N1	0.0408477527425	1	37	GCT	GCC
D1_N1	0.0438708121251	2	148	CTG	TTG
D1_N1	0.0439476463892	1	28	CTG	TTG
D1_N1	0.0464017790595	2	82	TCG	TCT
D1_N1	0.052594339992	2	24	TTC	TTT
D1_N1	0.0550154548932	2	12	CGG	AGG
D1_N1	0.0562144527083	1	98	GTT	GTA
D1_N1	0.0580795231619	2	47	TTC	TTT
D1_N1	0.0604783212724	1	101	ACC	ACT
D1_N1	0.0629422341853	2	25	TTA	CTA
D1_N1	0.0630996052482	2	87	CTA	CTG
D1_N1	0.063237351053	2	127	GCG	GCA
D1_N1	0.0637141378165	2	101	ACC	ACT
D1_N1	0.0652548431209	1	135	GGA	GGT
D1_N1	0.0663072914571	1	88	TTC	TTT
D1_N1	0.0675513970471	1	46	AAT	AAC
D1_N1	0.0676763282258	1	70	CAG	CAA
D1_N1	0.071025260069	1	91	GGA	GGG
D1_N1	0.0756414885333	1	28	TTG	TTA
D1_N1	0.0759801815659	2	149	AGT	AGC
D1_N1	0.0781770254371	2	61	CTT	CTG
D1_N1	0.0798525332845	2	136	CAA	CAG
D1_N1	0.0802547418809	2	133	TTA	CTA
D1_N1	0.080276015683	1	33	GGT	GGC
D1_N1	0.085792463063	1	0	ATT	ATC
D1_N1	0.0906734157838	2	127	GCG	GCA
D1_N1	0.0918127824378	1	1	CTG	CTA
D1_N1	0.0919278873043	1	162	AAA	AAG
D1_N1	0.0937908470802	1	61	CTT	CTC
D1_N1	0.0952978623638	1	25	TTA	TTG
D1_N1	0.0971751410821	2	78	AGT	AGC
D1_N1	0.100224618598	1	19	TTA	TTG
D1_N1	0.100354071672	2	86	TTA	TTG
D1_N1	0.106506655091	1	155	GGT	GGG
D1_N1	0.108848834837	1	117	CAG	CAA
D1_N1	0.11133042174	2	39	TTA	CTA
D1_N1	0.111510542078	1	127	GCG	GCA
D1_N1	0.117894050989	1	121	CGA	CGC
D1_N1	0.120551146967	1	24	TTC	TTT
D1_N1	0.120722493688	1	133	TTA	CTA
D1_N1	0.120729346377	2	50	TTG	CTG
D1_N1	0.124378353519	1	72	CTC	CTG
D1_N1	0.125141877213	1	94	TTT	TTC
D1_N1	0.125714641946	2	102	AGC	AGT
D1_N1	0.128713634913	2	132	GAG	GAA
D1_N1	0.132840418717	1	61	CTC	CTT
D1_N1	0.147442536942	1	60	AAA	AAG
D1_N1	0.151098162551	2	129	AAA	AAG
D1_N1	0.151124689056	1	162	AAG	AAA
D1_N1	0.155360453922	2	67	ACA	ACG
D1_N1	0.161583628768	2	61	CTG	CTA
D1_N1	0.161661540281	2	65	AAT	AAC
D1_N1	0.162574343093	1	159	TAC	TAT
D1_N1	0.163426540088	2	33	GGT	TGT
D1_N1	0.167290429981	2	63	ACA	ACT
D1_N1	0.169928866614	1	59	CTC	CTT
D1_N1	0.177020572522	1	115	CCA	CCG
D1_N1	0.178183896472	2	42	TAT	TTT
D1_N1	0.17926667458	2	65	AAC	AAT
D1_N1	0.179330018877	1	17	GAA	AAA
D1_N1	0.181171054633	1	44	TTT	TTC
D1_N1	0.181972901945	1	151	TAT	TAC
D1_N1	0.183806966568	1	56	GTC	GTT
D1_N1	0.183875911863	1	89	CGT	CGC
D1_N1	0.187167697423	2	91	GGA	GGG
D1_N1	0.190056036855	1	82	TCG	TCA
D1_N1	0.196809477452	2	24	TTT	TTC
D1_N1	0.19867903797	2	129	AAG	AAA
D1_N1	0.199717260046	2	143	TTT	TTC
D1_N1	0.201493114606	2	67	ACG	ACT
D1_N1	0.210634693276	1	159	TAT	TAC
N1_castellii	0.00122131603115	2	8	ACC	ACT
N1_castellii	0.00215079041869	2	17	GAA	GAG
N1_castellii	0.00325578867428	1	71	AAC	AAT
N1_castellii	0.0145595082021	2	108	CCA	CCG
N1_castellii	0.0175323866399	1	13	CCC	CCG
N1_castellii	0.0212433462501	2	140	GAA	GAG
N1_castellii	0.0216841336249	2	74	ATT	ATC
N1_castellii	0.0263845177914	2	139	CGT	CGC
N1_castellii	0.0305675787487	1	154	CAA	CAG
N1_castellii	0.0390282261508	2	13	CCC	CCT
N1_castellii	0.0489006858323	1	115	CCG	CCA
N1_castellii	0.0496128302313	1	73	ATC	ATT
N1_castellii	0.0574965807998	1	103	CGA	CGG
N1_castellii	0.0658051586435	2	149	AGC	AGT
N1_castellii	0.0659288638816	2	155	GGT	GGC
N1_castellii	0.0690172498823	2	90	CCA	CCG
N1_castellii	0.0719942642575	2	100	CAG	CAA
N1_castellii	0.075195496318	2	1	CTG	CTA
N1_castellii	0.0755873885385	2	79	ACA	ACG
N1_castellii	0.078105140687	1	30	GAC	GAT
N1_castellii	0.0904416708442	1	89	CGC	CGT
N1_castellii	0.0932919116254	2	20	CTC	CTT
N1_castellii	0.0951494504478	2	137	TGT	TGC
N1_castellii	0.0987919574384	1	141	CCT	CCC
N1_castellii	0.0997298909326	2	46	AAC	AAT
N1_castellii	0.101945404402	2	65	AAT	AAC
N1_castellii	0.109560690422	2	73	ATC	ATT
N1_castellii	0.10985640228	1	158	TTG	TTA
N1_castellii	0.112459410995	1	106	ACA	GCA
N1_castellii	0.11567625589	2	102	AGC	GGC
N1_castellii	0.11820363065	1	147	CTT	CTC
N1_castellii	0.118712545681	1	63	ACA	ACC
N1_castellii	0.1225342357	2	9	TGG	AGG
N1_castellii	0.123132187801	1	92	TGC	TGT
N1_castellii	0.123610788198	2	58	AAT	AAC
N1_castellii	0.1292394726	2	12	AGG	AGA
N1_castellii	0.133718722856	2	1	CTA	TTA
N1_castellii	0.136430847578	1	104	AAC	AAT
N1_castellii	0.139658512297	1	55	GGA	GGG
N1_castellii	0.141125123634	1	38	GTA	GTT
N1_castellii	0.151686300907	2	103	CGG	CGA
N1_castellii	0.153673405923	1	39	TTA	TTG
N1_castellii	0.155065495545	2	134	ACA	ACG
N1_castellii	0.156205110228	2	49	ACG	ACA
N1_castellii	0.158756904904	2	57	AAT	AAC
N1_castellii	0.15938606989	2	103	CGA	AGA
N1_castellii	0.162798182011	2	108	CCA	CCT
N1_castellii	0.172260931838	2	24	TTC	TTT
N1_castellii	0.178779125838	2	143	TTT	TTC
N1_castellii	0.179626906321	2	30	GAC	GAT
N1_castellii	0.180409521849	2	55	GGA	GGG
N1_N2	0.00612946200965	1	40	AGT	AGC
N1_N2	0.00666121117752	1	130	TTA	TTG
N1_N2	0.01173941001	2	104	AAC	AAT
N1_N2	0.0135478118491	2	159	TAC	TAT
N1_N2	0.0156482842049	1	31	CCG	CCA
N1_N2	0.0168874685157	2	27	TGC	TGT
N1_N2	0.0181295892047	1	47	TTT	TTC
N1_N2	0.0250661984617	1	121	CGC	CGT
N1_N2	0.0284048517777	2	18	GCC	GCT
N1_N2	0.0289609642521	2	39	CTA	TTA
N1_N2	0.0302035696503	1	22	ACT	ACC
N1_N2	0.0347583639043	2	67	ACT	ACC
N1_N2	0.0357483822967	1	153	CGT	CGC
N1_N2	0.0358800758842	2	19	TTG	CTG
N1_N2	0.0359880581007	2	130	TTA	CTA
N1_N2	0.0392603750338	2	34	ATC	ATT
N1_N2	0.0439480023287	2	8	ACC	ACT
N1_N2	0.0510931191011	1	68	GAT	GAG
N1_N2	0.0585041501719	2	99	TGC	TGT
N1_N2	0.064371076304	2	103	CGA	CGG
N1_N2	0.0692798282484	1	18	GCC	GCT
N1_N2	0.0745032380495	2	93	ACC	ACT
N1_N2	0.0834961539873	1	97	GAT	GAC
N1_N2	0.0872250353524	2	134	ACA	ACG
N1_N2	0.090779405851	1	90	CCA	CCC
N1_N2	0.0956172358264	2	13	CCC	CCT
N1_N2	0.0998939853448	2	70	CAG	CAA
N1_N2	0.100013063344	1	161	GGA	GGG
N1_N2	0.101698697872	1	74	ATT	ATA
N1_N2	0.101738738944	2	130	CTA	TTA
N1_N2	0.104419837074	2	117	CAG	CAA
N1_N2	0.105976179949	2	138	TTA	CTA
N1_N2	0.11216795314	2	90	CCC	CCT
N1_N2	0.112619274106	2	100	CAG	CAA
N1_N2	0.11758203124	2	1	CTA	TTA
N1_N2	0.130786081138	2	108	CCA	CCG
N1_N2	0.132426604979	2	28	TTA	CTA
N1_N2	0.135016990961	2	115	CCG	CCT
N1_N2	0.136452405172	1	57	AAT	AAC
N1_N2	0.137005014075	2	86	TTA	CTA
N1_N2	0.140654922634	1	22	ACC	ACT
N1_N2	0.142204101311	2	19	TTG	CTG
N1_N2	0.145265026537	2	102	AGC	AGT
N1_N2	0.145783486278	2	22	ACC	ACT
N1_N2	0.148245225532	2	138	TTA	TTG
N1_N2	0.148813628252	1	67	ACA	ACC
N1_N2	0.152576814176	2	22	ACT	ACC
N1_N2	0.157864137593	2	28	CTA	TTA
N1_N2	0.159416498131	2	132	GAG	GAA
N1_N2	0.16724924746	1	29	ACT	ACA
N1_N2	0.171184175236	2	84	TCT	TCC
N1_N2	0.171286766789	1	73	ATC	ATT
N1_N2	0.173688936192	2	103	CGA	CGG
N1_N2	0.179846706798	2	41	TCG	TCA
N1_N2	0.180880656435	2	72	CTG	CTA
N1_N2	0.182087482919	1	50	TTG	TTA
N1_N2	0.182495859837	2	150	AAA	ATA
N1_N2	0.184180567359	2	123	GAG	GAA
N1_N2	0.187687967617	2	87	CTA	TTA
N1_N2	0.188143009647	1	143	TTT	TTC
N1_N2	0.193990736896	2	128	ACA	ACC
N1_N2	0.200821118153	1	159	TAC	TAT
N1_N2	0.201218374893	1	72	CTG	TTG
N1_N2	0.203104879107	1	20	CTC	TTC
N1_N2	0.210004362933	2	138	TTG	CTG
N1_N2	0.210144533028	2	106	ACA	ACG
N2_bayanus	0.00403732663953	2	96	TTT	TTC
N2_bayanus	0.00440888914463	1	137	TGT	TAT
N2_bayanus	0.00634960817797	1	136	CAA	CAG
N2_bayanus	0.0120285760103	2	38	GTA	ATA
N2_bayanus	0.0211989510246	2	153	CGC	CGT
N2_bayanus	0.0224439258328	2	93	ACC	ACT
N2_bayanus	0.0245597784298	1	106	ACA	ACG
N2_bayanus	0.0246211874804	2	31	CCA	CTA
N2_bayanus	0.0248752698904	1	27	TGC	TGT
N2_bayanus	0.0255662579916	1	135	GGT	GGC
N2_bayanus	0.0260920982759	2	56	GTT	GTG
N2_N3	0.00311725864667	1	130	TTG	CTG
N2_N3	0.00353417446446	1	24	TTT	TCT
N2_N3	0.0132740542203	2	2	GAA	GAG
N3_kudriavzevii	0.000833434119846	2	103	CGG	CGC
N3_kudriavzevii	0.00210034895978	1	59	CTT	CTC
N3_kudriavzevii	0.017915413203	1	110	CGC	CGT
N3_kudriavzevii	0.0221609884979	2	12	CGG	AGG
N3_kudriavzevii	0.032353911511	2	3	GAC	GAT
N3_kudriavzevii	0.0323955588096	1	114	GAG	GAA
N3_kudriavzevii	0.0362895952412	1	34	ATC	ATT
N3_kudriavzevii	0.0370969481331	2	158	TTG	TTA
N3_kudriavzevii	0.0452280025599	2	92	TGC	TGT
N3_kudriavzevii	0.0459452636883	2	127	GCA	GCG
N3_kudriavzevii	0.0459467880263	1	128	ACA	ACG
N3_kudriavzevii	0.0462565841398	1	126	ATC	ATT
N3_kudriavzevii	0.0488001996544	2	99	TGC	TGT
N3_kudriavzevii	0.0502566930272	1	29	ACA	ACG
N3_kudriavzevii	0.0503860346132	1	101	ACT	ACC
N3_kudriavzevii	0.0512323265686	2	100	CAG	CAA
N3_kudriavzevii	0.0574769209459	1	50	TTA	CTA
N3_kudriavzevii	0.0602605540583	2	29	ACT	ACC
N3_kudriavzevii	0.0651050202758	2	133	CTA	TTA
N3_kudriavzevii	0.068356617286	2	103	CGC	CGT
N3_kudriavzevii	0.0787798309009	1	103	CGA	AGA
N3_N4	0.00103030420015	1	31	CCA	CCG
N3_N4	0.00248569749366	2	59	CTT	CTC
N3_N4	0.00396381747248	1	113	TAC	TAT
N3_N4	0.00665005636538	1	114	GAG	GAA
N3_N4	0.0101000452267	1	100	CAG	CAA
N3_N4	0.0103563990135	2	69	ATC	ATT
N3_N4	0.0210018909685	1	44	TTC	TTT
N3_N4	0.0251464540384	2	138	CTG	TTG
N3_N4	0.0251723318536	1	67	ACC	ACT
N3_N4	0.0274701026336	1	94	TTC	TTT
N4_mikatae	0.00216186571721	1	128	ACA	ACG
N4_mikatae	0.0114607844285	1	129	AAA	AAG
N4_mikatae	0.0140506586466	1	115	CCG	CCA
N4_mikatae	0.0147511890002	1	124	TAT	TAC
N4_mikatae	0.0177408167747	1	131	TCT	TAT
N4_mikatae	0.0207001189286	1	63	ACA	ACG
N4_mikatae	0.0219369616472	2	26	CTG	TTG
N4_mikatae	0.0235770508386	1	157	CAC	CAT
N4_mikatae	0.0259897948089	1	146	GAA	GAG
N4_mikatae	0.0268494441488	2	53	ATA	ATT
N4_mikatae	0.0417624100677	2	30	GAC	GGC
N4_mikatae	0.0432630783013	1	70	CAA	CAG
N4_mikatae	0.0434570161138	1	14	CGT	CGG
N4_mikatae	0.0435815028584	1	106	ACA	ACC
N4_mikatae	0.048197869004	1	45	AGT	AGC
N4_mikatae	0.0511091069153	2	153	CGC	CGA
N4_mikatae	0.0517002774519	2	31	CCA	CCG
N4_N5	0.0018846600708	2	94	TTC	TTT
N4_N5	0.00685224458326	2	86	CTA	CTG
N4_N5	0.00686096258527	1	63	ACA	GCA
N4_N5	0.00982467940928	2	31	CCA	CCG
N4_N5	0.0113558789972	2	92	TGC	TGT
N4_N5	0.0159696320432	2	17	AAA	AAG
N4_N5	0.0168749483877	2	17	AAG	AAA
N4_N5	0.0185098327855	2	141	CCT	CCC
N5_paradoxus	0.000399156501889	2	143	TTT	TTC
N5_paradoxus	0.00266341781564	1	72	TTG	TTA
N5_paradoxus	0.00310513609411	1	161	GGG	GGT
N5_paradoxus	0.00524424061286	1	130	CTG	TTG
N5_paradoxus	0.00627157331999	1	87	CTA	TTA
N5_paradoxus	0.00921711794561	1	142	GTC	GTT
N5_paradoxus	0.0120818175934	2	151	TAC	TAT
N5_paradoxus	0.0121066894853	2	37	GCC	GCT
N5_paradoxus	0.0149057094527	2	148	CTG	CTA
N5_paradoxus	0.0154002145471	2	156	ATA	CTA
N5_cerevisiae	0.00204592419551	2	122	TTC	TTT
N5_cerevisiae	0.00239537706018	1	141	CCT	CCA
N5_cerevisiae	0.00450327340941	1	38	GTA	GTG
N5_cerevisiae	0.00752931479107	2	19	TTG	TTA
N5_cerevisiae	0.0075601045438	2	133	CTA	CTT
N5_cerevisiae	0.0107085170256	1	112	TAT	TAC
N5_cerevisiae	0.0110090438619	1	133	CTA	CTG
N5_cerevisiae	0.0112996341859	2	85	AAT	AAC
N5_cerevisiae	0.0115828300159	1	148	CTG	CTC
N5_cerevisiae	0.012368160563	2	14	CGT	CGG
N5_cerevisiae	0.0152742190266	2	104	AAC	AAT
N5_cerevisiae	0.0179339937495	2	86	CTG	CTA
N5_cerevisiae	0.0196762576151	2	157	CAC	CAT
N5_cerevisiae	0.0268164254596	2	137	TGT	TAT
N5_cerevisiae	0.0278286224674	2	39	TTA	CTA
N5_cerevisiae	0.0287318650936	2	146	GAA	GAG
N5_cerevisiae	0.0474918136121	1	163	TCA	TCT
N5_cerevisiae	0.0529396305877	1	76	CTA	TTA
N5_cerevisiae	0.0550055387239	1	148	CTC	CTT
N5_cerevisiae	0.0569927617469	2	39	CTA	TTA
