edge	time	orlg_from	orlg_to	tract_length	start_pos	stop_pos	num_diff	template_seq	overide_seq
D1_N1	0.000515350120205	1	2	9	224	232	0	CTGCTATCC	CTGCTATCC
D1_N1	0.00051789418864	1	2	2	0	1	0	CT	CT
D1_N1	0.00275241457073	2	1	4	410	413	0	TTCG	TTCG
N1_castellii	0.000168305398223	2	1	3	454	456	0	TCG	TCG
N1_castellii	0.000206643573509	2	1	4	411	414	0	TCGT	TCGT
N1_castellii	0.000429398943161	1	2	5	373	377	0	ATTTG	ATTTG
N1_castellii	0.000807980431881	1	2	2	327	328	0	GT	GT
N1_castellii	0.000924608353438	1	2	1	276	276	0	T	T
N1_castellii	0.00149955078556	2	1	9	84	92	0	AACAGCACT	AACAGCACT
N1_castellii	0.00282571173042	1	2	12	283	294	0	GGTGTCTTAAAA	GGTGTCTTAAAA
N1_castellii	0.00371437955702	2	1	15	374	388	1	TTTGGTAAACGAAGA	TTTGGTGAACGAAGA
N1_castellii	0.00409836493294	1	2	9	148	156	0	GAGAACTAT	GAGAACTAT
N1_castellii	0.00431002725477	2	1	15	193	207	0	AAGCGATTTTCAGTC	AAGCGATTTTCAGTC
N1_castellii	0.00538113573042	2	1	3	178	180	0	ACA	ACA
N1_castellii	0.00539124094226	2	1	2	183	184	0	GC	GC
N1_castellii	0.00568245864843	1	2	2	400	401	0	AA	AA
N1_castellii	0.00629609339461	2	1	6	324	329	0	GTAGTT	GTAGTT
N1_castellii	0.00647054193532	2	1	3	464	466	0	ATC	ATC
N1_castellii	0.0070828958026	1	2	9	414	422	1	TACGTTGAC	TACGTTGAT
N1_castellii	0.00755781766574	1	2	8	436	443	0	AAGATATG	AAGATATG
N1_castellii	0.00760085668571	1	2	3	103	105	1	CCA	CTA
N1_castellii	0.00773598569018	2	1	2	344	345	0	CT	CT
N1_castellii	0.00802352421649	2	1	2	244	245	1	TG	TA
N1_castellii	0.00931592980158	1	2	1	422	422	0	C	C
N1_castellii	0.00944001553209	2	1	17	443	459	0	GCGTCATAGTTTCGCCG	GCGTCATAGTTTCGCCG
N1_castellii	0.0105759274543	2	1	4	217	220	1	GATA	GCTA
N1_castellii	0.0106529852086	1	2	10	328	337	0	TTATTCTTAA	TTATTCTTAA
N1_castellii	0.0113868529436	2	1	4	364	367	0	CCCA	CCCA
N1_castellii	0.0117495289774	2	1	1	22	22	0	A	A
N1_castellii	0.0127590637485	1	2	1	368	368	1	G	A
N1_N2	0.00122630258253	1	2	1	187	187	0	A	A
N1_N2	0.0019477862301	1	2	14	361	374	0	CTTCCCAAATTCAT	CTTCCCAAATTCAT
N1_N2	0.00201418259652	1	2	2	281	282	0	GA	GA
N1_N2	0.00216246944714	1	2	14	346	359	1	TACCACGCGAAATG	TGCCACGCGAAATG
N1_N2	0.00228882828481	1	2	5	245	249	0	ACTTG	ACTTG
N1_N2	0.00390775193451	2	1	2	15	16	0	TT	TT
N1_N2	0.0042057212086	2	1	4	145	148	0	GAAG	GAAG
N1_N2	0.00441594989879	2	1	3	195	197	0	GCG	GCG
N1_N2	0.0045960426939	2	1	22	320	341	0	TCCTGTAGTTATTCTTAACTGA	TCCTGTAGTTATTCTTAACTGA
N1_N2	0.00490350876888	1	2	4	348	351	0	CCAC	CCAC
N1_N2	0.00512455750194	1	2	20	374	393	3	TTTGGTGAACGAAGAGGCGC	TTTGGTAAACGAAGAGGCCT
N1_N2	0.00708874227059	2	1	7	354	360	0	GAAATGA	GAAATGA
N1_N2	0.00760980627695	1	2	5	316	320	1	ACGTT	ATGTT
N1_N2	0.00900971749617	2	1	19	127	145	2	ATCGGACACTACTCATTTG	ATCGCACACTACTTATTTG
N1_N2	0.0120622589471	1	2	7	465	471	0	TCCCCTT	TCCCCTT
N1_N2	0.0127980995647	1	2	4	12	15	0	CATT	CATT
N1_N2	0.0128513974935	2	1	33	138	170	4	CTCATTTGAAGAGATCTATAGCCAAGCGGTATA	CTCATTTGAAGGGAACTATAGCCGAGCGGTATG
N1_N2	0.0128978324472	1	2	32	488	491	1	TGTG	TGTA
N1_N2	0.013520559612	2	1	14	130	143	0	GGACACTACTCATT	GGACACTACTCATT
N1_N2	0.0140415140441	1	2	14	108	121	2	TACTTACATACAAT	TACTTACACACAGT
N1_N2	0.0141665604586	1	2	3	167	169	0	TAT	TAT
N1_N2	0.0146518873022	1	2	1	123	123	0	T	T
N1_N2	0.0148848874616	1	2	20	80	99	4	GCTTAACAGTACTTTATGAA	ACTCAACAGCACTTTGTGAA
N1_N2	0.015824719198	1	2	11	288	298	2	CTTAAGATTCC	CTTAAAATCCC
N1_N2	0.0158839705371	1	2	16	9	24	2	TTGCATTTTACATAGC	TTTCATTTCACATAGC
N2_bayanus	0.00115968862754	1	2	4	94	97	0	TATG	TATG
N2_bayanus	0.00129986770192	1	2	8	251	258	1	ATCTAAAC	GTCTAAAC
N2_bayanus	0.00166531241219	2	1	6	53	58	1	GTGTTG	GTGCTG
N2_bayanus	0.0020176758397	1	2	3	109	111	1	ATT	ACT
N2_bayanus	0.00212254799482	1	2	1	439	439	0	A	A
N2_N3	0.000532511312155	1	2	1	210	210	0	C	C
N3_kudriavzevii	0.00169307252806	1	2	9	427	435	2	TAACTCGTG	TAACCCGCG
N3_kudriavzevii	0.00213541902199	2	1	8	210	217	1	CTATTCCG	CTATTTCG
N3_kudriavzevii	0.00249284357436	2	1	3	29	31	0	TAA	TAA
N3_kudriavzevii	0.00303517760308	1	2	3	83	85	0	TAA	TAA
N3_kudriavzevii	0.00360067666845	1	2	2	151	152	0	AT	AT
N3_kudriavzevii	0.00367094073455	1	2	11	305	315	2	ATCTGCTCCCC	ATCCGCCCCCC
N3_kudriavzevii	0.00438613919777	1	2	15	104	118	3	TAGCTACTTACACAC	CAGTTACTTACATAC
N3_kudriavzevii	0.0045836463048	1	2	6	53	58	2	ATGCTG	GTGTTG
N3_kudriavzevii	0.00460313730894	1	2	9	279	287	1	ACGAGGTGT	ACAAGGTGT
N3_kudriavzevii	0.00472986331678	2	1	6	120	125	0	ATGTTG	ATGTTG
N3_N4	0.000935474560386	2	1	9	12	20	0	CATTTTACA	CATTTTACA
N3_N4	0.00123161535609	1	2	1	315	315	0	C	C
N4_mikatae	0.000742012563087	2	1	2	338	339	1	CT	AT
N4_mikatae	0.000887003466157	2	1	7	71	77	1	GTTGTAC	ATTGTAC
N4_mikatae	0.00169386373294	2	1	11	286	296	0	GTCTTAAGATT	GTCTTAAGATT
N4_mikatae	0.00176504940027	2	1	10	157	166	0	AGCCAAGCGG	AGCCAAGCGG
N4_mikatae	0.00285899944844	2	1	2	137	138	0	AC	AC
N4_mikatae	0.0029077277611	1	2	9	95	103	0	ATGAAATCC	ATGAAATCC
N4_N5	0.00152723885847	2	1	12	99	110	4	AATCCCAGTTAC	AACCCTAGCTAT
N5_paradoxus	0.000606817151797	1	2	5	432	436	1	CGTGA	CGCGA
N5_paradoxus	0.000840208822251	2	1	18	446	463	2	TCATAGTTTCGCCGGTCA	TCATAGCTTCGCGGGTCA
N5_cerevisiae	0.000635762177899	1	2	6	414	419	1	TACGTT	TACGTA
N5_cerevisiae	0.0018067137567	1	2	9	148	156	1	GAGATCTAT	GGGATCTAT
N5_cerevisiae	0.00309091010915	2	1	20	58	77	4	GCACTTTTCTAATGTTATAC	GGACTTTCCTAATATTGTAC
N5_cerevisiae	0.00316727007107	1	2	6	384	389	1	GAGGAG	GAAGAG
N5_cerevisiae	0.00319849593746	2	1	4	0	3	0	CTGT	CTGT
