edge	time	mut_orlg	mut_pos	old_state	new_state
D1_N1	0.000136496825483	1	158	T	C
D1_N1	0.00013834692719	1	344	C	T
D1_N1	0.000300513127938	2	212	T	C
D1_N1	0.000354467435598	1	536	G	T
D1_N1	0.00116226325867	2	449	T	C
D1_N1	0.00125079005805	1	338	A	G
D1_N1	0.00240732447645	2	71	G	A
D1_N1	0.00246397948422	1	14	A	C
D1_N1	0.00285760784725	1	78	C	T
D1_N1	0.00307007018774	2	720	A	G
D1_N1	0.00359847892374	1	311	C	T
D1_N1	0.00375343267294	1	698	C	T
D1_N1	0.00393095005047	2	470	A	G
D1_N1	0.00402390777389	2	707	G	A
D1_N1	0.00426056892545	1	311	T	C
D1_N1	0.00456805517577	2	287	A	G
D1_N1	0.00561035250846	2	254	T	C
D1_N1	0.00619937869537	1	512	C	G
D1_N1	0.00657647593046	1	764	A	G
D1_N1	0.00679763445787	2	147	T	C
D1_N1	0.0069983196476	2	194	T	C
D1_N1	0.00701282191829	1	681	C	T
D1_N1	0.00729514479022	1	626	T	C
D1_N1	0.00741749617169	1	207	C	T
D1_N1	0.00785395658453	1	308	G	A
D1_N1	0.00814239437919	2	693	C	T
D1_N1	0.00837407202977	1	62	C	A
D1_N1	0.0084266545163	2	500	A	G
D1_N1	0.00878203661659	2	419	T	A
D1_N1	0.00892828197011	1	602	A	G
D1_N1	0.00933661731559	2	248	T	C
D1_N1	0.00970062797998	1	413	T	C
D1_N1	0.0101602034881	2	713	C	T
D1_N1	0.0101954963015	2	791	C	T
D1_N1	0.0102484562265	2	8	A	G
D1_N1	0.010250895222	1	849	A	G
D1_N1	0.0104647750248	2	369	G	A
D1_N1	0.0108111529645	1	713	C	T
D1_N1	0.0109792180308	2	582	C	T
D1_N1	0.011188846809	1	89	G	C
D1_N1	0.0114321341522	1	422	G	A
D1_N1	0.0117009315055	1	623	A	G
D1_N1	0.0119360716556	2	245	C	T
D1_N1	0.012252174028	1	317	T	C
D1_N1	0.0130623854395	2	506	G	A
D1_N1	0.0132806386098	1	458	A	G
D1_N1	0.0133233209365	2	561	G	A
D1_N1	0.0134423401159	1	419	T	C
D1_N1	0.0134627866007	2	804	G	A
D1_N1	0.013930088931	2	516	A	G
D1_N1	0.0140291159055	1	776	T	C
D1_N1	0.0146561076301	2	770	T	C
D1_N1	0.0147629244896	1	384	C	T
D1_N1	0.0148753818526	1	158	C	T
D1_N1	0.0149984738318	1	618	A	G
D1_N1	0.0152921076848	1	74	C	T
D1_N1	0.015478025102	2	188	A	T
D1_N1	0.01579993816	2	821	T	G
D1_N1	0.0162549512779	1	411	T	C
D1_N1	0.0166606377214	2	467	T	C
D1_N1	0.0170636888527	1	368	G	T
D1_N1	0.0176775952581	2	797	C	T
D1_N1	0.0177064943311	1	242	C	G
D1_N1	0.0178129848757	2	218	G	A
D1_N1	0.0183511984441	1	323	C	T
D1_N1	0.0184216389196	1	860	T	C
D1_N1	0.0184580206288	2	860	T	C
D1_N1	0.0187230465247	1	146	C	T
D1_N1	0.018730715117	1	245	C	T
D1_N1	0.0188641913273	1	86	C	T
D1_N1	0.0189348140251	2	605	A	G
D1_N1	0.0190022759834	2	530	A	G
D1_N1	0.0191492324086	2	335	C	T
D1_N1	0.0195355812922	1	728	G	C
D1_N1	0.0195700166952	2	449	T	A
D1_N1	0.0202302493499	2	231	C	T
D1_N1	0.0209463476205	1	146	T	C
D1_N1	0.0223476498013	1	360	C	T
D1_N1	0.0225108067098	1	290	C	T
D1_N1	0.0227911986863	1	14	C	T
D1_N1	0.0228589824838	2	200	C	T
D1_N1	0.0230054956892	2	272	G	A
N1_castellii	0.000526034785626	2	287	G	A
N1_castellii	0.000921193350112	1	635	T	C
N1_castellii	0.000950975996851	1	260	T	C
N1_castellii	0.00112098704287	2	671	C	T
N1_castellii	0.00114626562101	2	386	A	G
N1_castellii	0.00132366077134	2	552	C	G
N1_castellii	0.00173712162002	1	833	T	G
N1_castellii	0.00225372470077	1	731	A	G
N1_castellii	0.00226987141473	2	782	T	C
N1_castellii	0.00228890812684	1	791	C	T
N1_castellii	0.00238855968494	1	764	G	A
N1_castellii	0.00268658055492	1	197	C	T
N1_castellii	0.00273367432941	2	549	C	T
N1_castellii	0.00281760953795	1	646	G	A
N1_castellii	0.0029222242838	1	428	A	T
N1_castellii	0.00293469251383	2	248	T	C
N1_castellii	0.00307278933451	2	845	A	G
N1_castellii	0.0033767354073	1	11	A	G
N1_castellii	0.00341090458386	2	575	A	G
N1_castellii	0.00356225876666	1	28	G	A
N1_castellii	0.00362507199541	2	668	T	A
N1_castellii	0.00373743891027	1	557	T	C
N1_castellii	0.00374973211136	2	326	T	C
N1_castellii	0.00413543437017	2	161	T	C
N1_castellii	0.00419389949679	2	713	T	C
N1_castellii	0.00448575378159	1	791	T	C
N1_castellii	0.00452145980043	2	636	A	G
N1_castellii	0.0045725905321	1	590	C	T
N1_castellii	0.0049628913902	1	488	A	G
N1_castellii	0.00498383964342	1	647	A	G
N1_castellii	0.00526493010723	1	812	G	A
N1_castellii	0.0057493202093	2	536	G	A
N1_castellii	0.00605355023586	2	415	T	C
N1_castellii	0.00614561163719	2	812	G	T
N1_castellii	0.00625703641564	1	20	T	C
N1_castellii	0.00642203902071	1	836	A	G
N1_castellii	0.00657625754971	2	507	T	C
N1_castellii	0.00681079733942	1	791	C	T
N1_castellii	0.00710187327565	1	143	G	A
N1_castellii	0.00759299278514	2	834	A	G
N1_castellii	0.00790541423488	2	659	G	A
N1_castellii	0.00806418435831	1	275	C	G
N1_castellii	0.00830199821143	1	185	C	T
N1_castellii	0.00901666882158	1	341	T	C
N1_castellii	0.00954687176784	1	281	G	A
N1_castellii	0.00957533217587	2	86	C	T
N1_castellii	0.00974855147644	2	482	T	G
N1_castellii	0.0104524507344	1	410	T	A
N1_castellii	0.0104584289742	2	845	G	A
N1_castellii	0.0105958269708	1	125	T	C
N1_castellii	0.0106425828484	1	371	A	G
N1_castellii	0.0112042748134	2	200	T	C
N1_castellii	0.0114485970151	2	59	C	T
N1_castellii	0.0116136248336	2	782	C	T
N1_castellii	0.0123582762752	2	783	C	T
N1_castellii	0.0125493169211	1	722	G	A
N1_N2	0.000104452813472	1	476	T	C
N1_N2	0.000186802342249	1	527	G	A
N1_N2	0.000234445480231	2	212	T	A
N1_N2	0.000534185313104	2	297	T	C
N1_N2	0.000563931714427	2	413	T	C
N1_N2	0.000628258847408	1	71	G	A
N1_N2	0.000633664896565	1	36	A	G
N1_N2	0.000912043036764	2	380	T	C
N1_N2	0.00150995842526	1	59	C	T
N1_N2	0.00168820341932	1	143	G	A
N1_N2	0.00185663368092	2	662	C	T
N1_N2	0.00242456755848	1	548	T	C
N1_N2	0.00244302688275	1	770	T	C
N1_N2	0.00246189519977	1	275	C	T
N1_N2	0.00298395773999	1	260	T	C
N1_N2	0.00312043780683	2	225	T	C
N1_N2	0.00330843684581	2	380	C	T
N1_N2	0.00345269735071	2	662	T	C
N1_N2	0.00361226820259	1	215	T	C
N1_N2	0.0036207602612	2	422	G	A
N1_N2	0.00363259996862	1	807	G	A
N1_N2	0.0040231245615	2	449	A	C
N1_N2	0.00406722008659	2	285	A	G
N1_N2	0.00453831190722	1	338	A	G
N1_N2	0.00467820209592	1	674	G	A
N1_N2	0.00542974236714	2	782	T	C
N1_N2	0.00567322910893	2	179	T	G
N1_N2	0.00570056715386	1	443	A	G
N1_N2	0.00586054155663	2	593	T	C
N1_N2	0.00600843803178	2	8	G	A
N1_N2	0.00606409146224	1	515	T	A
N1_N2	0.00641615034427	2	326	T	C
N1_N2	0.00651691075226	2	554	T	A
N1_N2	0.00688561232952	2	242	G	T
N1_N2	0.0070820816137	1	203	C	T
N1_N2	0.00772833706012	1	167	A	G
N1_N2	0.007884897608	1	416	G	A
N1_N2	0.00797533072138	2	125	T	C
N1_N2	0.00805517542057	2	428	A	G
N1_N2	0.0092229786837	2	257	T	A
N1_N2	0.00924973449335	1	314	T	A
N1_N2	0.00929881195722	2	221	C	T
N1_N2	0.00932891110838	2	422	A	G
N1_N2	0.00953190335752	2	653	A	T
N1_N2	0.00964453586486	1	299	T	C
N1_N2	0.0100167282728	2	561	A	G
N1_N2	0.010086334476	2	668	T	C
N1_N2	0.010105033224	1	215	C	T
N1_N2	0.0103404119172	2	278	T	C
N1_N2	0.0112448408337	2	713	T	G
N1_N2	0.011642520281	2	278	C	T
N1_N2	0.0120852079258	1	74	T	C
N1_N2	0.0121746373006	1	91	A	G
N1_N2	0.0122006116172	1	560	G	T
N1_N2	0.0123270170312	1	239	T	C
N1_N2	0.0127275500837	2	644	A	G
N1_N2	0.0129843505594	2	509	A	G
N2_bayanus	0.00020401231329	1	599	T	C
N2_bayanus	0.000263619395339	1	371	A	G
N2_bayanus	0.000306399635231	2	416	G	A
N2_bayanus	0.000344766707055	2	578	G	A
N2_bayanus	0.00038992502274	1	440	T	C
N2_bayanus	0.000647343364559	2	134	T	C
N2_bayanus	0.00088484681726	1	431	C	T
N2_bayanus	0.00102037052785	2	791	T	C
N2_bayanus	0.00113716801582	2	275	C	T
N2_bayanus	0.00154656853935	2	644	G	A
N2_bayanus	0.00165318534511	2	458	A	G
N2_bayanus	0.00217113542882	2	431	C	A
N2_bayanus	0.00239300135459	2	158	C	T
N2_bayanus	0.00249182878381	1	770	C	T
N2_bayanus	0.00267986617858	2	680	G	T
N2_N3	0.000730864533493	2	788	T	A
N2_N3	0.000798175569206	2	839	T	C
N2_N3	0.000897372997626	2	797	T	C
N2_N3	0.00114260825132	2	77	T	C
N2_N3	0.00131709590203	1	459	G	A
N2_N3	0.00140526530653	1	425	T	C
N2_N3	0.00162699588857	2	668	C	T
N2_N3	0.00175915256365	2	203	C	T
N2_N3	0.00189031640526	2	23	T	C
N2_N3	0.00193235952749	2	203	T	C
N2_N3	0.001971093703	2	590	C	T
N2_N3	0.00207702540415	1	234	A	T
N2_N3	0.00230747137875	2	470	A	T
N3_kudriavzevii	0.000165090961827	2	296	C	T
N3_kudriavzevii	0.000367732709913	2	347	A	G
N3_kudriavzevii	0.000837240965114	2	389	C	T
N3_kudriavzevii	0.000986356513517	2	554	T	C
N3_kudriavzevii	0.00127053625081	1	728	C	T
N3_kudriavzevii	0.0015208995503	1	728	T	C
N3_kudriavzevii	0.00156829791534	2	605	G	A
N3_kudriavzevii	0.00263908946679	2	791	T	C
N3_kudriavzevii	0.00270643542471	2	773	C	T
N3_kudriavzevii	0.00273180011161	1	500	A	T
N3_kudriavzevii	0.00281594506211	1	683	T	C
N3_kudriavzevii	0.00308964648191	2	443	G	A
N3_kudriavzevii	0.00313112995135	2	815	T	C
N3_kudriavzevii	0.00370099319532	1	362	A	G
N3_kudriavzevii	0.00387995042252	1	11	A	G
N3_kudriavzevii	0.00389565058978	2	380	T	C
N3_kudriavzevii	0.00408853516367	1	197	C	T
N3_kudriavzevii	0.00411931215549	2	705	A	G
N3_kudriavzevii	0.00447111285161	2	119	A	C
N3_kudriavzevii	0.0045172146313	2	449	T	C
N3_kudriavzevii	0.00461143343039	1	191	A	G
N3_kudriavzevii	0.00485383040142	2	692	A	G
N3_kudriavzevii	0.00493177383829	2	36	A	C
N3_kudriavzevii	0.00528982883692	1	512	C	T
N3_kudriavzevii	0.00529720888581	2	170	G	A
N3_kudriavzevii	0.00530291562355	1	698	T	C
N3_kudriavzevii	0.00551291203145	2	266	A	G
N3_kudriavzevii	0.00560539113703	2	41	A	G
N3_kudriavzevii	0.00602341486449	2	428	A	G
N3_kudriavzevii	0.00616571269155	1	293	G	A
N3_kudriavzevii	0.00618198540918	1	29	C	T
N3_kudriavzevii	0.0062440106445	1	554	T	C
N3_kudriavzevii	0.00639871142519	2	833	T	C
N3_kudriavzevii	0.00672140723078	1	806	G	A
N3_kudriavzevii	0.00677971106213	2	689	T	C
N3_kudriavzevii	0.00702788649081	1	740	G	A
N3_kudriavzevii	0.0073483505977	2	819	G	A
N3_kudriavzevii	0.00758885046026	1	113	A	G
N3_kudriavzevii	0.00779716659896	1	479	A	G
N3_kudriavzevii	0.00795212439687	2	602	A	G
N3_N4	0.000286098755323	1	212	T	A
N3_N4	0.000364500709425	2	80	T	C
N3_N4	0.00123629883547	2	590	T	C
N3_N4	0.00128639064373	1	818	T	C
N3_N4	0.00138164242274	1	29	C	T
N3_N4	0.00141964457161	1	833	T	C
N3_N4	0.00142486406449	1	434	T	C
N3_N4	0.00142578193703	2	515	T	C
N3_N4	0.00174895498863	2	842	C	T
N3_N4	0.00177382272854	1	812	G	A
N3_N4	0.00208942413929	2	572	G	A
N3_N4	0.00252565385487	2	812	G	T
N4_mikatae	0.00053347433713	2	104	A	G
N4_mikatae	0.000564590752553	2	338	A	G
N4_mikatae	0.000633525340253	1	332	G	A
N4_mikatae	0.00165730916063	1	848	C	T
N4_mikatae	0.00192383316331	2	548	T	C
N4_mikatae	0.00217908615174	1	798	C	T
N4_mikatae	0.00238171112389	2	326	C	T
N4_mikatae	0.00250051988501	2	452	A	C
N4_mikatae	0.0025152991098	2	131	A	G
N4_mikatae	0.0028183433526	2	678	A	G
N4_mikatae	0.00282474714404	1	551	G	A
N4_mikatae	0.0028738588377	2	548	C	T
N4_mikatae	0.0035731402218	2	572	A	G
N4_mikatae	0.00370247044713	1	611	A	G
N4_mikatae	0.00390115919183	1	623	G	A
N4_mikatae	0.00397347282743	2	311	C	T
N4_mikatae	0.00399198269927	1	651	A	G
N4_mikatae	0.00460255268494	1	236	A	C
N4_mikatae	0.00478942464274	2	605	G	A
N4_mikatae	0.00479896833351	1	639	G	A
N4_mikatae	0.00490596988747	2	566	A	G
N4_mikatae	0.00521319788517	1	728	C	T
N4_mikatae	0.00550934472996	2	767	A	T
N4_mikatae	0.00595014736073	1	237	C	T
N4_mikatae	0.00603128766383	1	683	T	C
N4_mikatae	0.00669597245599	2	435	G	A
N4_mikatae	0.00725965735824	1	770	C	T
N4_mikatae	0.00738950161505	1	467	T	C
N4_mikatae	0.00740936821342	1	44	T	C
N4_mikatae	0.00747871379225	1	578	G	A
N4_N5	0.00062891781378	1	431	C	T
N4_N5	0.000666505075702	1	44	T	C
N4_N5	0.000787970768495	1	614	A	G
N4_N5	0.000818813306592	2	800	T	C
N4_N5	0.00108104242457	1	626	C	T
N4_N5	0.00110149661622	2	422	G	A
N4_N5	0.00124609563289	2	665	A	G
N4_N5	0.00133123369815	2	467	C	T
N4_N5	0.00157693776364	2	260	C	T
N4_N5	0.0015848301894	1	35	A	G
N4_N5	0.00174383063363	1	635	T	C
N5_paradoxus	0.000135457251762	1	698	T	C
N5_paradoxus	0.000486463158702	2	590	C	T
N5_paradoxus	0.000598241043191	2	206	C	T
N5_paradoxus	0.000787595480961	2	89	G	A
N5_paradoxus	0.000910668295928	2	92	G	C
N5_paradoxus	0.00114849727933	2	779	T	C
N5_paradoxus	0.00122866200352	1	8	A	G
N5_paradoxus	0.00137102297394	2	546	A	G
N5_paradoxus	0.0023712064351	2	576	G	A
N5_cerevisiae	0.000121073857568	1	659	G	A
N5_cerevisiae	0.000308834706613	2	17	C	T
N5_cerevisiae	0.000388217907523	2	815	T	C
N5_cerevisiae	0.000552965239281	1	572	G	A
N5_cerevisiae	0.00078432544668	2	524	C	T
N5_cerevisiae	0.0011921097405	2	791	T	C
N5_cerevisiae	0.00120275530277	1	624	T	C
N5_cerevisiae	0.00128911495352	1	101	G	A
N5_cerevisiae	0.00161401302601	2	740	G	A
N5_cerevisiae	0.00169520354211	1	494	T	C
