edge	time	mut_orlg	mut_pos	old_state	new_state
N0_kluyveri	1.45772914985e-05	0	458	T	G
N0_kluyveri	0.000139492658486	0	386	A	G
N0_kluyveri	0.000800564077312	0	110	A	G
N0_kluyveri	0.0012191079769	0	719	C	T
N0_kluyveri	0.0014588599687	0	59	C	T
N0_kluyveri	0.00151655297915	0	86	C	T
N0_kluyveri	0.00194191266107	0	539	G	A
N0_kluyveri	0.00208108523789	0	515	C	T
N0_kluyveri	0.00220681232346	0	140	A	G
N0_kluyveri	0.00232295702624	0	287	T	C
N0_kluyveri	0.00282393266317	0	140	G	A
N0_kluyveri	0.0028992445513	0	387	A	G
N0_kluyveri	0.00291547383127	0	32	C	T
N0_kluyveri	0.00391625533151	0	35	G	A
N0_kluyveri	0.0042318135758	0	65	G	A
N0_kluyveri	0.00424365333802	0	683	T	C
N0_kluyveri	0.00459647471259	0	722	T	C
N0_kluyveri	0.00461192824168	0	29	C	A
N0_kluyveri	0.00472625751855	0	29	A	G
N0_kluyveri	0.00522941657248	0	662	A	T
N0_kluyveri	0.00527430808647	0	425	A	C
N0_kluyveri	0.00539410258624	0	44	T	C
N0_kluyveri	0.00619264812145	0	806	T	C
N0_kluyveri	0.00638688837532	0	653	T	G
N0_kluyveri	0.00706580220779	0	137	C	T
N0_kluyveri	0.00750167682063	0	363	T	C
N0_kluyveri	0.00783934942028	0	797	C	T
N0_kluyveri	0.00795264860344	0	257	G	A
N0_kluyveri	0.00887280034942	0	302	A	G
N0_kluyveri	0.0114120587505	0	575	T	C
N0_kluyveri	0.0114723619924	0	5	C	T
N0_kluyveri	0.011710420882	0	722	C	T
N0_kluyveri	0.0120259490654	0	746	A	G
N0_kluyveri	0.012315935273	0	161	C	T
N0_kluyveri	0.0139337488221	0	158	T	C
N0_kluyveri	0.0142411593533	0	198	T	C
N0_kluyveri	0.0145707387439	0	89	T	C
N0_kluyveri	0.0153087137487	0	698	T	C
N0_kluyveri	0.0159253312892	0	14	T	C
N0_kluyveri	0.0161072303883	0	662	T	C
N0_D1	2.32419941947e-05	0	266	C	T
N0_D1	0.000167142425017	0	622	T	C
N0_D1	0.000310170577695	0	385	C	T
N0_D1	0.000437353587018	0	185	G	A
N0_D1	0.00062199540842	0	752	A	G
N0_D1	0.00119100781308	0	242	G	T
N0_D1	0.0017194746782	0	65	G	T
D1_N1	0.000101120183585	2	44	T	C
D1_N1	0.000198215936972	1	203	T	C
D1_N1	0.000221041153641	1	494	C	T
D1_N1	0.000365423771023	2	755	G	T
D1_N1	0.0006050886706	1	236	G	T
D1_N1	0.000657738259489	2	328	C	T
D1_N1	0.000798640262265	2	317	T	C
D1_N1	0.00104160703904	2	536	T	C
D1_N1	0.0011152166811	2	800	G	A
D1_N1	0.00131538921219	2	221	T	C
D1_N1	0.00149430760781	2	855	T	A
D1_N1	0.00159549277223	2	797	C	T
D1_N1	0.00169636983532	2	332	T	A
D1_N1	0.00201736536961	2	131	C	T
D1_N1	0.0023759814554	1	299	C	T
D1_N1	0.00252069439661	2	813	T	C
D1_N1	0.00258370091675	1	360	C	T
D1_N1	0.00272364011329	2	817	C	T
D1_N1	0.00285241211924	1	512	C	A
D1_N1	0.00323945402153	1	825	G	A
N1_castellii	9.74415257184e-06	1	518	T	C
N1_castellii	0.000196340677747	1	152	T	C
N1_castellii	0.000597465504121	1	254	A	G
N1_castellii	0.000640183220562	2	8	A	C
N1_castellii	0.000668558899917	2	815	A	T
N1_castellii	0.000676740916457	1	800	G	A
N1_castellii	0.000761217374365	2	76	C	T
N1_castellii	0.00107480519628	1	44	T	C
N1_castellii	0.0012754372862	2	149	A	G
N1_castellii	0.00153856200112	1	194	A	G
N1_castellii	0.00180508023238	2	605	A	G
N1_castellii	0.00231484999708	2	524	C	T
N1_castellii	0.00238914357813	2	257	G	A
N1_castellii	0.0026601864183	1	566	A	G
N1_castellii	0.00274188877924	2	512	C	A
N1_castellii	0.00291950642979	2	788	T	C
N1_castellii	0.00298999439801	2	509	T	C
N1_castellii	0.00306331803779	1	390	C	T
N1_castellii	0.00330854163418	2	575	T	C
N1_castellii	0.00371082293555	1	569	A	G
N1_castellii	0.00382875334472	1	169	G	C
N1_castellii	0.00402630942564	2	312	C	T
N1_castellii	0.00422787555987	1	608	T	C
N1_castellii	0.00501647971778	1	658	A	C
N1_castellii	0.00511680311301	2	494	C	T
N1_castellii	0.00563798546259	1	161	C	T
N1_castellii	0.00594259313302	2	842	G	A
N1_castellii	0.00601002762512	1	119	G	A
N1_castellii	0.00648028049916	1	248	A	G
N1_castellii	0.00649107569087	2	653	T	C
N1_castellii	0.00700827602094	1	107	T	C
N1_castellii	0.00712589490794	1	677	G	A
N1_castellii	0.00731198502683	1	659	G	C
N1_castellii	0.00751869291517	2	653	C	T
N1_castellii	0.00755534355739	2	176	C	T
N1_castellii	0.00785443303391	2	101	A	C
N1_castellii	0.00791655794845	2	410	A	G
N1_castellii	0.00833172123056	1	307	C	A
N1_castellii	0.00847783343178	2	395	C	T
N1_castellii	0.00851965281287	1	488	T	C
N1_castellii	0.0094002280304	2	203	T	C
N1_castellii	0.00953486685252	1	428	G	A
N1_castellii	0.00956302655363	1	313	C	A
N1_castellii	0.010413611947	2	683	T	C
N1_castellii	0.0104194376517	1	216	C	T
N1_castellii	0.0104440121103	1	254	A	G
N1_castellii	0.0108313686187	1	305	C	T
N1_castellii	0.0113231948212	1	833	A	G
N1_castellii	0.0113912997824	2	491	G	A
N1_castellii	0.0114121649555	2	599	G	T
N1_castellii	0.0114138037327	1	140	A	G
N1_castellii	0.011915915584	1	416	G	A
N1_castellii	0.0124004290944	2	249	G	A
N1_castellii	0.0125379170647	1	359	T	C
N1_castellii	0.0125407146849	2	155	G	A
N1_castellii	0.0126886337289	1	314	G	A
N1_castellii	0.0127222862066	1	641	A	T
N1_castellii	0.0129180533621	2	474	C	T
N1_castellii	0.0129923554853	1	524	C	T
N1_castellii	0.0133201400728	2	62	A	G
N1_castellii	0.0136840698615	2	689	C	T
N1_castellii	0.0137402920538	1	227	C	T
N1_castellii	0.0137549424277	2	515	C	G
N1_castellii	0.0138140720981	1	653	T	C
N1_castellii	0.0138453148969	2	314	G	A
N1_castellii	0.0139950955617	1	668	C	T
N1_castellii	0.0140907228727	1	26	C	T
N1_castellii	0.0143045106555	1	2	A	G
N1_castellii	0.0145248881516	2	119	G	A
N1_castellii	0.014666147975	1	110	A	G
N1_castellii	0.0149498024794	1	587	T	C
N1_castellii	0.0150414716882	1	185	A	G
N1_castellii	0.0151619411951	2	633	T	C
N1_castellii	0.0152833945119	1	226	A	T
N1_castellii	0.0153365234657	2	386	A	C
N1_castellii	0.015355786334	2	23	T	C
N1_castellii	0.0154573398675	2	209	C	T
N1_castellii	0.0157309839022	1	606	C	T
N1_castellii	0.0158889404552	1	545	A	T
N1_castellii	0.0158935107199	1	392	T	C
N1_castellii	0.0158944078724	2	608	T	C
N1_castellii	0.0162825934753	1	44	C	T
N1_castellii	0.0163017535797	1	386	A	G
N1_castellii	0.0164071937193	1	329	C	T
N1_castellii	0.01644710458	1	298	T	C
N1_castellii	0.0166401660987	1	197	T	C
N1_castellii	0.0166822987019	1	620	T	C
N1_N2	1.42663536232e-05	2	336	G	A
N1_N2	0.000330365861463	1	846	A	G
N1_N2	0.000436084608986	1	572	C	G
N1_N2	0.000788998786528	2	449	G	C
N1_N2	0.00137354826452	1	704	T	G
N1_N2	0.00165833669591	1	179	A	G
N1_N2	0.00194310204773	2	113	A	G
N1_N2	0.00197855958071	2	494	C	T
N1_N2	0.00246849043567	1	566	A	G
N1_N2	0.00259904227665	1	53	C	T
N1_N2	0.00266944311161	2	561	T	C
N1_N2	0.002692267137	1	278	T	C
N1_N2	0.00274194594706	2	368	T	C
N1_N2	0.00301417564263	2	755	G	A
N1_N2	0.00313735551321	1	710	A	C
N1_N2	0.00325619266452	1	377	A	G
N1_N2	0.00335105900038	2	47	T	C
N1_N2	0.00371436151706	2	449	C	T
N1_N2	0.00379797310516	1	170	C	T
N1_N2	0.00389389717944	2	632	T	C
N1_N2	0.00408996689905	1	155	G	C
N1_N2	0.00420702004363	1	83	C	T
N1_N2	0.00444085562532	1	809	T	C
N1_N2	0.00459406772052	1	845	G	T
N1_N2	0.00464846949902	1	845	T	C
N1_N2	0.00558051559318	1	104	T	C
N1_N2	0.00568209131462	1	179	G	A
N1_N2	0.00572323095756	1	626	G	A
N1_N2	0.00604077879339	2	530	A	G
N1_N2	0.00618546021382	1	154	C	T
N1_N2	0.00626012108825	2	485	G	A
N1_N2	0.00648837738145	2	749	C	A
N1_N2	0.0065907550801	1	185	A	C
N1_N2	0.00671148208339	1	285	G	T
N1_N2	0.00747290116614	1	716	C	G
N1_N2	0.00752537503825	1	402	C	T
N1_N2	0.00763800401882	2	374	A	G
N1_N2	0.00780172658501	1	852	A	G
N1_N2	0.00785357512103	1	572	G	A
N1_N2	0.00791821865157	2	527	T	G
N1_N2	0.00800661007436	1	172	G	C
N1_N2	0.00847221050415	2	464	T	C
N1_N2	0.00847257272117	2	68	C	T
N1_N2	0.00853247827081	2	230	T	C
N1_N2	0.0085597481096	1	452	C	T
N1_N2	0.0088786373991	1	98	A	C
N1_N2	0.00903909063915	2	236	G	A
N1_N2	0.0090778422744	1	227	C	T
N1_N2	0.0092760286902	1	731	A	T
N1_N2	0.00938985108961	2	272	C	T
N1_N2	0.00942056104358	2	254	A	T
N1_N2	0.0095476088172	2	23	T	C
N1_N2	0.0100306692021	1	143	A	G
N1_N2	0.010240212081	2	137	C	T
N1_N2	0.0103081601503	1	65	T	C
N1_N2	0.0105098113485	1	356	A	G
N1_N2	0.0106596732086	2	235	G	A
N1_N2	0.0112229219436	1	65	C	T
N1_N2	0.0113405083104	2	245	C	T
N1_N2	0.0113870470183	2	842	G	A
N1_N2	0.0114848343136	2	497	A	G
N1_N2	0.0121428738477	2	131	T	C
N1_N2	0.0124527713671	2	68	T	C
N1_N2	0.0125075356007	1	739	C	T
N1_N2	0.0127130974952	2	424	C	T
N1_N2	0.0129074597563	1	59	C	T
N1_N2	0.0129398199791	2	347	A	G
N1_N2	0.0130204458193	2	734	C	T
N1_N2	0.0130688795863	1	167	C	T
N1_N2	0.0131017474977	2	191	T	C
N1_N2	0.0133700146465	2	485	G	A
N1_N2	0.0135035427811	2	860	G	A
N1_N2	0.0136355843192	2	553	C	T
N1_N2	0.0137246665218	1	746	A	G
N1_N2	0.0138913248816	2	479	C	T
N1_N2	0.0141581768308	1	578	T	C
N1_N2	0.0142260384805	1	365	A	C
N1_N2	0.0142412687209	2	656	A	G
N1_N2	0.0143254054919	2	552	C	T
N1_N2	0.0145810710813	2	419	A	G
N1_N2	0.0146501329234	1	368	T	C
N1_N2	0.0147648620426	2	68	C	T
N1_N2	0.0150228763406	1	726	T	C
N1_N2	0.0151356412684	2	827	T	C
N1_N2	0.0156212361134	1	690	C	T
N2_bayanus	0.000447265135024	2	92	C	A
N2_bayanus	0.000517380712327	2	806	T	C
N2_bayanus	0.000868928236497	1	433	A	G
N2_bayanus	0.00126635512134	1	509	T	C
N2_bayanus	0.00136021098352	1	104	C	T
N2_bayanus	0.00142305714849	2	623	G	A
N2_bayanus	0.00142650499251	2	413	C	T
N2_bayanus	0.00148341277931	1	218	T	C
N2_bayanus	0.00154045312493	2	662	A	G
N2_bayanus	0.00154729546482	2	576	C	T
N2_bayanus	0.00159466666696	1	110	A	G
N2_bayanus	0.00193530480648	1	83	T	C
N2_bayanus	0.0021949389805	1	197	T	C
N2_bayanus	0.00223450895053	2	26	C	T
N2_bayanus	0.00232699437504	1	110	G	A
N2_bayanus	0.00240034652525	1	523	G	C
N2_bayanus	0.00246265173914	2	101	A	C
N2_bayanus	0.00247393254776	1	842	G	A
N2_bayanus	0.00253051446496	1	755	G	A
N2_bayanus	0.00301751276677	1	329	C	T
N2_N3	0.000346782415216	2	431	T	C
N2_N3	0.000652155184846	1	821	C	T
N2_N3	0.000762118924245	2	686	T	C
N2_N3	0.000900793786107	2	371	A	G
N2_N3	0.00104442549033	2	791	G	A
N2_N3	0.00113811792311	2	842	A	G
N2_N3	0.00114148539187	2	92	C	A
N2_N3	0.00188633747885	1	457	G	A
N2_N3	0.00216502924189	1	227	T	C
N3_kudriavzevii	4.90249962473e-06	2	782	T	A
N3_kudriavzevii	0.00031919400749	1	467	A	G
N3_kudriavzevii	0.000336566546732	1	398	A	G
N3_kudriavzevii	0.000368926419965	1	728	T	C
N3_kudriavzevii	0.00125602546801	1	108	G	A
N3_kudriavzevii	0.00137533071907	2	857	C	A
N3_kudriavzevii	0.00144063061554	2	453	T	C
N3_kudriavzevii	0.00150924234373	2	542	A	G
N3_kudriavzevii	0.00157176389118	1	272	C	T
N3_kudriavzevii	0.00266078847966	1	554	C	T
N3_kudriavzevii	0.00274139217915	2	413	C	T
N3_kudriavzevii	0.00312029723335	2	119	G	T
N3_kudriavzevii	0.00326490779443	2	14	T	C
N3_kudriavzevii	0.00349017317239	1	149	A	G
N3_kudriavzevii	0.00353372705329	2	827	C	T
N3_kudriavzevii	0.00357717109594	1	293	C	T
N3_kudriavzevii	0.00359924395924	1	254	T	C
N3_kudriavzevii	0.00364370777789	2	821	T	C
N3_kudriavzevii	0.00368383475965	1	80	A	T
N3_kudriavzevii	0.0038701588447	2	194	A	G
N3_kudriavzevii	0.00390909241364	1	8	A	G
N3_kudriavzevii	0.00417876490378	1	326	C	T
N3_kudriavzevii	0.00432053161784	1	65	T	C
N3_kudriavzevii	0.00442186775355	2	448	A	G
N3_kudriavzevii	0.00443397280943	1	242	T	C
N3_kudriavzevii	0.00456516503934	1	332	T	C
N3_kudriavzevii	0.00459435952182	1	399	G	C
N3_kudriavzevii	0.00463795530493	1	857	C	T
N3_N4	0.000135819681689	2	395	C	T
N3_N4	0.000466513957092	2	611	T	C
N3_N4	0.000810691645783	2	142	A	G
N3_N4	0.00112808580488	1	446	G	A
N3_N4	0.00133390198125	2	728	T	C
N3_N4	0.00135860840181	1	707	T	C
N3_N4	0.00153159611529	2	536	C	T
N3_N4	0.00158540471026	1	314	G	A
N4_mikatae	0.000146380106885	2	68	T	C
N4_mikatae	0.000192974177958	1	467	A	G
N4_mikatae	0.000604609159843	1	404	T	C
N4_mikatae	0.000826534475209	1	404	C	T
N4_mikatae	0.000852650433859	2	209	C	A
N4_mikatae	0.000895515255177	1	386	A	G
N4_mikatae	0.00144402081767	1	189	G	A
N4_mikatae	0.00164701840066	1	452	T	C
N4_mikatae	0.00165672381737	2	69	G	A
N4_mikatae	0.00193188267842	1	627	G	A
N4_mikatae	0.00210669623456	2	828	A	G
N4_mikatae	0.00212711546035	1	773	G	A
N4_mikatae	0.00217829938547	2	620	T	C
N4_mikatae	0.00258543893538	1	790	A	G
N4_mikatae	0.00328260795794	1	593	A	T
N4_mikatae	0.00351423052002	1	50	A	T
N4_mikatae	0.0037665415373	2	86	C	T
N4_N5	4.19995040008e-05	2	216	C	T
N4_N5	4.47952053725e-05	2	116	C	T
N4_N5	5.12008651216e-05	1	143	G	A
N4_N5	0.000182188167977	1	78	T	C
N4_N5	0.000685027636987	1	863	T	C
N4_N5	0.000872688727884	2	837	C	T
N4_N5	0.00087319700331	2	627	G	A
N4_N5	0.000893553716788	1	248	A	G
N5_paradoxus	1.12595766645e-05	2	386	A	C
N5_paradoxus	0.000253522901793	1	428	G	A
N5_paradoxus	0.000255471029247	2	515	C	T
N5_paradoxus	0.000682033558985	2	548	T	C
N5_paradoxus	0.00128272359578	2	593	A	G
N5_paradoxus	0.00131991613464	2	191	C	A
N5_paradoxus	0.00136794030277	1	332	T	C
N5_paradoxus	0.0014669127141	2	20	A	G
N5_paradoxus	0.00148341583301	1	503	A	C
N5_paradoxus	0.00159204547184	1	530	G	A
N5_paradoxus	0.00162155600724	1	497	A	G
N5_paradoxus	0.0016423276133	2	161	C	T
N5_paradoxus	0.00223657932403	2	716	C	T
N5_paradoxus	0.0022703317323	2	338	G	A
N5_paradoxus	0.00296012509705	1	173	A	G
N5_paradoxus	0.00298162320386	2	233	C	T
N5_paradoxus	0.00331521930181	2	392	T	A
N5_cerevisiae	0.000274323776867	2	800	A	G
N5_cerevisiae	0.000632118024678	1	233	C	T
N5_cerevisiae	0.000678085299928	2	173	A	G
N5_cerevisiae	0.000980344201151	2	779	G	A
N5_cerevisiae	0.00141127357893	2	35	G	C
N5_cerevisiae	0.00154451565658	2	731	A	G
N5_cerevisiae	0.00167044512668	1	425	A	G
N5_cerevisiae	0.00167299462448	2	564	G	A
N5_cerevisiae	0.00207890276335	1	155	C	T
N5_cerevisiae	0.00219585644463	2	395	T	C
