edge	time	mut_orlg	mut_pos	old_state	new_state
N0_kluyveri	8.91078309361e-05	0	161	A	G
N0_kluyveri	0.00021308811248	0	353	C	T
N0_kluyveri	0.000434322910483	0	29	G	T
N0_kluyveri	0.000499598723569	0	47	G	A
N0_kluyveri	0.000565282796596	0	446	T	G
N0_kluyveri	0.00133315812116	0	383	A	T
N0_kluyveri	0.00140204104658	0	74	A	G
N0_kluyveri	0.00180155928605	0	359	C	T
N0_kluyveri	0.00254518942584	0	39	C	T
N0_kluyveri	0.00292314223355	0	275	G	A
N0_kluyveri	0.00298261108661	0	167	G	C
N0_kluyveri	0.00368678080242	0	50	C	T
N0_kluyveri	0.00384758025723	0	14	A	G
N0_kluyveri	0.00467623391624	0	465	C	T
N0_kluyveri	0.00509665650479	0	212	A	G
N0_kluyveri	0.00519834311008	0	26	T	C
N0_kluyveri	0.00527872458791	0	254	C	T
N0_kluyveri	0.00597487036721	0	101	G	A
N0_kluyveri	0.0068079186528	0	301	C	T
N0_kluyveri	0.00717382454874	0	119	A	G
N0_kluyveri	0.00734903944827	0	173	T	C
N0_kluyveri	0.00753201885357	0	398	G	A
N0_kluyveri	0.00767286109647	0	116	A	G
N0_kluyveri	0.00772566704595	0	233	C	A
N0_kluyveri	0.0077558624234	0	51	A	G
N0_kluyveri	0.0085875283961	0	192	A	G
N0_kluyveri	0.00860367188089	0	173	C	T
N0_kluyveri	0.00962940321246	0	382	T	C
N0_kluyveri	0.0115788976419	0	191	A	C
N0_kluyveri	0.0121730006322	0	125	G	A
N0_kluyveri	0.0129292825408	0	362	C	T
N0_kluyveri	0.0133425870539	0	62	T	G
N0_kluyveri	0.0133925435584	0	320	C	T
N0_kluyveri	0.0138770933814	0	488	T	C
N0_D1	0.000630751600562	0	449	C	T
N0_D1	0.000787548579812	0	8	C	T
N0_D1	0.000911316603169	0	236	A	T
D1_N1	1.57853978532e-07	1	452	C	T
D1_N1	0.000419038085879	2	389	C	T
D1_N1	0.00103639661153	2	179	C	T
D1_N1	0.00106554744514	2	353	C	A
D1_N1	0.00130180250655	2	134	T	C
D1_N1	0.00188421061066	1	404	C	T
D1_N1	0.00226783949365	1	391	C	T
D1_N1	0.00229507604911	1	107	A	G
D1_N1	0.00233415751889	1	335	A	G
D1_N1	0.00259754386857	2	263	C	T
D1_N1	0.00261334980313	1	53	T	C
D1_N1	0.00263836215	1	479	A	G
D1_N1	0.0027933542793	2	431	C	T
D1_N1	0.0031992301181	1	317	C	T
D1_N1	0.00326849295096	1	200	T	C
N1_castellii	0.000385989298589	1	125	G	A
N1_castellii	0.000521943729584	1	56	T	C
N1_castellii	0.000529654291287	1	377	G	A
N1_castellii	0.000556435343392	2	312	C	T
N1_castellii	0.000871521815512	2	73	A	G
N1_castellii	0.00125068786355	2	326	C	T
N1_castellii	0.00139465440244	2	20	T	A
N1_castellii	0.00184006975996	2	146	T	C
N1_castellii	0.00219188016527	2	56	T	C
N1_castellii	0.00233523849487	1	332	T	C
N1_castellii	0.00314690665927	1	245	A	G
N1_castellii	0.00369505622103	1	35	A	T
N1_castellii	0.00376574416942	2	92	T	C
N1_castellii	0.00427772906162	2	116	A	G
N1_castellii	0.00432127898365	2	2	A	C
N1_castellii	0.00432906029501	2	80	A	G
N1_castellii	0.00444390330935	2	287	C	T
N1_castellii	0.00487620176875	2	491	T	C
N1_castellii	0.00496302108638	1	94	C	T
N1_castellii	0.00511108224263	1	392	T	C
N1_castellii	0.00540734582332	2	278	G	A
N1_castellii	0.00557656103779	1	122	T	A
N1_castellii	0.00590242628754	1	203	C	T
N1_castellii	0.00599855574776	2	230	T	C
N1_castellii	0.00615494713824	2	467	A	G
N1_castellii	0.00699858346595	2	5	C	T
N1_castellii	0.00703494513919	2	383	A	G
N1_castellii	0.0072568713366	2	236	T	C
N1_castellii	0.00779035175038	2	161	A	G
N1_castellii	0.00808956838125	2	38	A	G
N1_castellii	0.00814881181213	2	107	A	G
N1_castellii	0.0081748816155	2	71	T	C
N1_castellii	0.00825543411701	2	101	G	A
N1_castellii	0.0082675523688	1	224	C	T
N1_castellii	0.00874490482172	2	320	C	T
N1_castellii	0.00883700950786	2	464	C	T
N1_castellii	0.00912637783355	2	282	C	T
N1_castellii	0.00925502374645	1	218	A	C
N1_castellii	0.0100635244546	2	26	T	C
N1_castellii	0.0100727165998	2	284	C	T
N1_castellii	0.0101303649295	1	68	T	C
N1_castellii	0.010292179279	1	83	T	A
N1_castellii	0.0103065530644	2	455	G	A
N1_castellii	0.0104031787805	1	77	T	C
N1_castellii	0.0104835813201	1	179	C	T
N1_castellii	0.0109504637277	1	482	T	C
N1_castellii	0.0115116955082	2	62	T	C
N1_castellii	0.0118093832912	1	26	T	C
N1_castellii	0.0119325926588	2	296	T	C
N1_castellii	0.012072386162	2	404	C	T
N1_castellii	0.0128478548755	1	402	G	A
N1_N2	0.000166339064305	1	368	A	G
N1_N2	0.000292306754417	1	299	G	T
N1_N2	0.000304094437755	2	140	G	A
N1_N2	0.000527935175035	1	434	T	G
N1_N2	0.000685015061211	2	287	C	T
N1_N2	0.000705903128554	2	485	G	A
N1_N2	0.000883427982206	1	170	C	G
N1_N2	0.000911514020269	1	320	C	T
N1_N2	0.0012729869381	1	125	G	A
N1_N2	0.00205484926511	1	50	C	T
N1_N2	0.00227362874994	2	44	T	A
N1_N2	0.00253965216346	1	86	A	T
N1_N2	0.00261708208048	2	56	T	C
N1_N2	0.00274651440809	1	429	A	G
N1_N2	0.00275179683381	2	264	C	T
N1_N2	0.00314297814174	1	482	T	C
N1_N2	0.00332585205661	2	189	A	G
N1_N2	0.0033848462988	2	452	C	T
N1_N2	0.00339123544948	1	359	C	T
N1_N2	0.00344580920036	2	68	T	C
N1_N2	0.00380363445693	1	222	T	C
N1_N2	0.00381882784444	1	323	A	T
N1_N2	0.00444359532684	1	218	A	G
N1_N2	0.00480742641779	1	146	T	C
N1_N2	0.00481502636659	1	153	C	T
N1_N2	0.00483892122799	2	251	T	C
N1_N2	0.00489983395564	2	221	A	G
N1_N2	0.00521831548577	2	32	T	C
N1_N2	0.00527130351189	1	356	A	G
N1_N2	0.0054859545816	2	389	T	C
N1_N2	0.00565609416957	2	215	A	G
N1_N2	0.00664076340872	1	134	T	C
N1_N2	0.0072975817104	1	297	A	G
N1_N2	0.0073837642933	1	284	C	T
N1_N2	0.00746722441232	1	335	G	A
N1_N2	0.00764612072761	2	347	A	G
N1_N2	0.00835150128694	2	482	T	C
N1_N2	0.00846830001868	1	26	T	C
N1_N2	0.0084711227781	1	194	T	C
N1_N2	0.0085594048593	2	293	A	G
N1_N2	0.0086708534396	2	200	T	C
N1_N2	0.00892428201852	1	14	A	G
N1_N2	0.00919124381465	2	68	C	T
N1_N2	0.00923491924441	1	122	T	C
N1_N2	0.00929151891582	2	104	G	A
N1_N2	0.00945701291895	1	227	A	G
N1_N2	0.0105772457472	1	137	G	A
N1_N2	0.0113657557445	2	470	C	T
N1_N2	0.0114964870457	2	53	T	C
N1_N2	0.0116863243837	2	98	A	G
N1_N2	0.0117328315239	2	232	T	C
N1_N2	0.011836305791	2	209	G	A
N1_N2	0.0122358952097	2	170	C	T
N1_N2	0.0123575095027	1	161	A	G
N1_N2	0.0124079201545	1	182	T	C
N1_N2	0.0126549894789	2	266	A	T
N1_N2	0.0128364036781	1	218	G	A
N1_N2	0.0129037139243	2	143	T	C
N1_N2	0.0129341760607	2	260	C	T
N1_N2	0.0129664281926	2	404	C	T
N1_N2	0.0130446220744	1	65	A	G
N1_N2	0.0135222405039	1	135	C	G
N1_N2	0.0137172906987	2	452	T	C
N1_N2	0.0137869010049	2	302	T	C
N1_N2	0.0138241200919	1	485	G	A
N1_N2	0.0143634447935	1	215	A	G
N1_N2	0.0145837188044	1	317	T	A
N1_N2	0.0146962529716	2	71	T	C
N1_N2	0.0148184614268	1	483	A	G
N1_N2	0.0149325965361	1	296	T	C
N1_N2	0.0151761049523	1	356	G	A
N1_N2	0.0152933455316	1	284	T	C
N1_N2	0.0154567829237	1	245	A	G
N2_bayanus	2.35273522083e-05	1	488	T	C
N2_bayanus	0.000204139772468	1	191	A	G
N2_bayanus	0.000322334157308	1	95	C	T
N2_bayanus	0.000553416346212	2	297	A	G
N2_bayanus	0.000644496392691	1	35	A	G
N2_bayanus	0.000856240263532	2	71	C	T
N2_bayanus	0.000865191869851	2	446	T	A
N2_bayanus	0.000910085953419	1	227	G	A
N2_bayanus	0.00117994150846	1	203	C	T
N2_bayanus	0.00157611950909	2	363	A	G
N2_bayanus	0.00178603689131	2	128	A	G
N2_bayanus	0.00189608367773	2	180	T	C
N2_bayanus	0.00197001686292	2	182	T	C
N2_bayanus	0.0020393539255	1	242	G	A
N2_bayanus	0.00208899555549	1	362	C	T
N2_bayanus	0.0022599310448	1	56	T	C
N2_N3	0.00070159407576	2	263	T	C
N2_N3	0.000800771762482	1	203	C	T
N3_kudriavzevii	0.000138041264766	2	263	C	T
N3_kudriavzevii	0.000205708632793	1	401	C	T
N3_kudriavzevii	0.000252127999733	2	413	A	G
N3_kudriavzevii	0.000621171892879	1	86	T	C
N3_kudriavzevii	0.00087062779114	1	212	A	G
N3_kudriavzevii	0.000954627497902	2	479	A	G
N3_kudriavzevii	0.00113311498273	1	464	C	T
N3_kudriavzevii	0.00157772817207	2	230	T	C
N3_kudriavzevii	0.00187715012299	2	350	A	G
N3_kudriavzevii	0.00200468075904	1	314	C	T
N3_kudriavzevii	0.00209322423875	1	431	C	T
N3_kudriavzevii	0.00216029251677	2	278	G	A
N3_kudriavzevii	0.00217408737251	1	50	T	C
N3_kudriavzevii	0.00239140990727	2	326	C	T
N3_kudriavzevii	0.00245249234201	1	401	T	C
N3_kudriavzevii	0.00247157481458	2	152	G	A
N3_kudriavzevii	0.00318344250669	1	257	A	G
N3_kudriavzevii	0.00320668992873	2	200	C	T
N3_kudriavzevii	0.00346730958794	1	271	A	G
N3_kudriavzevii	0.0035391929832	2	170	T	A
N3_kudriavzevii	0.00359366239787	1	155	T	A
N3_kudriavzevii	0.00370668480539	1	489	C	T
N3_kudriavzevii	0.00391957674384	2	449	T	C
N3_kudriavzevii	0.00405511668998	1	56	T	A
N3_kudriavzevii	0.00410603822173	1	482	C	T
N3_kudriavzevii	0.00410723724017	2	191	A	T
N3_kudriavzevii	0.00416242128689	2	239	C	T
N3_kudriavzevii	0.00416718307396	2	161	A	C
N3_kudriavzevii	0.00442023307463	2	440	C	T
N3_kudriavzevii	0.00455604282752	1	317	A	G
N3_kudriavzevii	0.00466633185788	2	254	C	A
N3_kudriavzevii	0.00512041308581	2	53	C	T
N3_kudriavzevii	0.00520603591416	1	239	C	T
N3_kudriavzevii	0.00538395100855	2	332	T	C
N3_kudriavzevii	0.00540889971146	1	146	C	T
N3_kudriavzevii	0.00559829861084	1	245	G	A
N3_N4	0.000590448489745	1	62	T	A
N3_N4	0.000796128714675	1	446	T	C
N3_N4	0.00149682476536	1	122	C	T
N3_N4	0.00173080785994	1	224	C	G
N3_N4	0.00212326573167	1	179	C	T
N3_N4	0.00217629458345	2	442	T	C
N3_N4	0.00220684883787	1	5	C	T
N4_mikatae	0.000342105774188	1	221	A	G
N4_mikatae	0.000445683848706	1	206	G	A
N4_mikatae	0.000467072457135	1	104	G	A
N4_mikatae	0.000724230901569	2	245	A	G
N4_mikatae	0.000771126535494	1	62	A	G
N4_mikatae	0.000778665455299	1	233	C	T
N4_mikatae	0.000995429082987	2	278	G	A
N4_mikatae	0.00125605409	2	35	A	G
N4_mikatae	0.00128492379223	1	203	T	C
N4_mikatae	0.00159198605039	1	65	G	T
N4_mikatae	0.00168730431951	1	282	C	T
N4_mikatae	0.00185576732319	2	71	C	T
N4_mikatae	0.00196124876292	1	140	G	A
N4_mikatae	0.00217430863855	1	146	C	G
N4_mikatae	0.00217760341284	1	170	G	A
N4_mikatae	0.00259125903169	2	470	C	T
N4_mikatae	0.0026103816823	2	44	A	G
N4_mikatae	0.00305037306835	1	353	C	T
N4_mikatae	0.00320117790054	1	289	C	T
N4_N5	5.40526345894e-05	1	56	T	C
N4_N5	9.90285177924e-05	1	350	A	G
N4_N5	0.000218935202229	1	471	T	C
N4_N5	0.000309799336449	2	263	C	T
N4_N5	0.0007474186631	1	362	C	T
N4_N5	0.00114051394472	2	349	G	A
N4_N5	0.00115380481958	2	134	C	T
N4_N5	0.00120911832435	1	188	A	G
N4_N5	0.00129786398693	2	170	T	C
N4_N5	0.00137270792151	1	461	A	G
N5_paradoxus	1.72906421566e-05	1	413	A	G
N5_paradoxus	0.000282199626829	2	194	C	T
N5_paradoxus	0.000471257652289	1	269	C	T
N5_paradoxus	0.000501098176106	1	317	A	G
N5_paradoxus	0.000625042620674	2	86	T	C
N5_paradoxus	0.000738248386466	1	413	G	A
N5_paradoxus	0.00130964431814	1	329	T	C
N5_paradoxus	0.00137915366557	2	44	T	C
N5_paradoxus	0.00147954734092	2	467	A	G
N5_cerevisiae	0.000822468579327	1	2	A	G
N5_cerevisiae	0.00112646357841	1	146	C	T
N5_cerevisiae	0.00139355403214	2	101	G	A
N5_cerevisiae	0.00156894008301	1	386	C	G
N5_cerevisiae	0.00166846612737	1	41	T	C
N5_cerevisiae	0.00207667971753	1	20	T	C
N5_cerevisiae	0.00222487711413	2	479	G	A
N5_cerevisiae	0.00301071105571	1	50	T	C
N5_cerevisiae	0.00327713565188	1	146	C	A
N5_cerevisiae	0.00356006445807	1	263	C	T
N5_cerevisiae	0.00388716966893	1	341	T	C
N5_cerevisiae	0.00401082139905	2	410	T	C
N5_cerevisiae	0.004143177902	1	77	T	C
