edge	time	orlg_from	orlg_to	tract_length	start_pos	stop_pos	num_diff	template_seq	overide_seq
D1_N1	0.000285914666079	2	1	1	184	184	0	G	G
D1_N1	0.000775465187504	1	2	1	172	172	0	T	T
D1_N1	0.00137295890604	2	1	1	481	481	0	A	A
D1_N1	0.00404213307903	1	2	1	765	765	0	T	T
D1_N1	0.00780309449042	1	2	1	1657	1657	0	G	G
D1_N1	0.0092704615318	1	2	1	1550	1550	1	T	C
D1_N1	0.00959939198078	1	2	1	204	204	0	A	A
D1_N1	0.0100742696009	2	1	1	979	979	0	A	A
D1_N1	0.010729296002	1	2	1	1289	1289	0	A	A
D1_N1	0.0110778824952	1	2	1	1598	1598	0	T	T
D1_N1	0.0113715801508	1	2	1	511	511	0	T	T
D1_N1	0.0116111364216	2	1	1	1502	1502	0	C	C
D1_N1	0.0120995741571	2	1	1	450	450	0	A	A
D1_N1	0.0121969889055	1	2	1	476	476	0	T	T
D1_N1	0.012302893604	1	2	1	790	790	0	C	C
D1_N1	0.0123734368886	1	2	1	56	56	0	A	A
D1_N1	0.0126323224129	2	1	1	1047	1047	0	A	A
D1_N1	0.0134612534164	1	2	1	800	800	0	T	T
D1_N1	0.0135288774644	1	2	1	1704	1704	0	A	A
D1_N1	0.0136119060305	1	2	1	870	870	0	G	G
D1_N1	0.0144646053433	1	2	1	1594	1594	0	T	T
D1_N1	0.014766302744	1	2	1	1528	1528	0	G	G
D1_N1	0.015387218693	2	1	1	609	609	0	A	A
D1_N1	0.0160128329326	1	2	1	76	76	0	A	A
D1_N1	0.0160296483316	2	1	1	1673	1673	0	C	C
D1_N1	0.0160696715175	2	1	1	821	821	0	G	G
D1_N1	0.0168875573953	1	2	1	546	546	0	T	T
D1_N1	0.0181557254347	1	2	1	918	918	0	G	G
D1_N1	0.0190384811565	1	2	1	1675	1675	0	T	T
D1_N1	0.0193714882372	1	2	1	1175	1175	0	T	T
D1_N1	0.0195853939095	1	2	1	715	715	0	A	A
D1_N1	0.02081374545	1	2	1	377	377	0	T	T
D1_N1	0.0224649000252	2	1	1	739	739	0	C	C
D1_N1	0.0237781128815	1	2	1	148	148	0	A	A
D1_N1	0.0251283849626	1	2	1	365	365	0	T	T
D1_N1	0.02651119488	1	2	1	1599	1599	0	G	G
D1_N1	0.0267724180398	2	1	1	835	835	0	A	A
D1_N1	0.0273638729561	1	2	1	1638	1638	0	C	C
D1_N1	0.0275263961605	2	1	1	996	996	1	T	A
D1_N1	0.0279279352187	2	1	1	479	479	0	T	T
D1_N1	0.0280888681607	2	1	1	177	177	0	G	G
D1_N1	0.0281062986891	1	2	1	1592	1592	0	T	T
D1_N1	0.0288106317363	1	2	1	791	791	0	A	A
D1_N1	0.0294447517184	2	1	1	1387	1387	0	G	G
D1_N1	0.029665624624	1	2	1	1100	1100	0	A	A
D1_N1	0.0299725032015	2	1	1	605	605	0	C	C
D1_N1	0.0307022056034	1	2	1	1359	1359	0	G	G
D1_N1	0.0310952122332	2	1	1	370	370	0	T	T
D1_N1	0.0313814642726	2	1	1	1600	1600	0	G	G
D1_N1	0.0313993475003	1	2	1	930	930	0	G	G
D1_N1	0.0324977922482	1	2	1	1125	1125	0	C	C
D1_N1	0.0325353531949	2	1	1	938	938	0	T	T
D1_N1	0.0326467659061	1	2	1	106	106	0	A	A
D1_N1	0.0326517867246	1	2	1	749	749	0	A	A
D1_N1	0.0328386110361	1	2	1	1634	1634	0	T	T
D1_N1	0.0354064722635	1	2	1	1133	1133	0	C	C
D1_N1	0.0361787045433	2	1	1	1723	1723	0	T	T
D1_N1	0.0365640150985	2	1	1	369	369	0	G	G
D1_N1	0.0372042704853	2	1	1	1615	1615	0	C	C
D1_N1	0.0389514141524	1	2	1	712	712	0	T	T
D1_N1	0.039074099808	2	1	1	618	618	0	A	A
D1_N1	0.0395335238018	1	2	1	865	865	0	T	T
D1_N1	0.04123558844	2	1	1	566	566	0	A	A
D1_N1	0.0423845974133	1	2	1	1483	1483	0	A	A
D1_N1	0.0438175453066	1	2	1	461	461	0	A	A
D1_N1	0.0448374115794	2	1	1	550	550	0	T	T
D1_N1	0.0456430267122	1	2	1	1690	1690	0	A	A
D1_N1	0.0461800872917	1	2	1	1207	1207	0	T	T
D1_N1	0.0462803368468	2	1	1	1324	1324	0	C	C
D1_N1	0.04638177849	2	1	1	1210	1210	0	A	A
D1_N1	0.0474414001842	2	1	1	816	816	1	T	C
D1_N1	0.0483314967272	2	1	1	1089	1089	0	T	T
D1_N1	0.049646320375	2	1	1	160	160	0	C	C
D1_N1	0.0497457805228	1	2	1	1452	1452	0	G	G
D1_N1	0.0501098924666	2	1	1	1114	1114	0	G	G
D1_N1	0.0508878842287	1	2	1	1652	1652	0	C	C
D1_N1	0.0509096406829	2	1	1	1296	1296	0	G	G
D1_N1	0.0510275420715	1	2	1	1641	1641	0	G	G
D1_N1	0.0510671459234	2	1	1	1373	1373	0	C	C
D1_N1	0.0515538612251	1	2	1	440	440	0	A	A
D1_N1	0.0517360138952	2	1	1	1056	1056	0	T	T
D1_N1	0.0525812372206	2	1	1	498	498	0	T	T
D1_N1	0.0530390284507	1	2	1	42	42	0	T	T
D1_N1	0.0549094169353	1	2	1	1565	1565	0	A	A
D1_N1	0.0554382765012	2	1	1	1054	1054	0	T	T
D1_N1	0.0555562617622	1	2	1	156	156	0	C	C
D1_N1	0.0555616414025	1	2	1	1134	1134	0	C	C
D1_N1	0.0555761777461	1	2	1	1429	1429	0	G	G
D1_N1	0.0556753508395	1	2	1	518	518	0	T	T
D1_N1	0.0564499493987	1	2	1	248	248	0	T	T
D1_N1	0.0565824120442	2	1	1	1493	1493	0	C	C
D1_N1	0.0573960136465	2	1	1	1541	1541	1	C	T
D1_N1	0.0574753438866	2	1	1	441	441	1	A	C
D1_N1	0.0577914473192	1	2	1	404	404	0	T	T
D1_N1	0.0581839532342	1	2	1	1366	1366	0	A	A
D1_N1	0.0585826901472	2	1	1	773	773	1	G	A
D1_N1	0.0599305367713	1	2	1	1225	1225	0	G	G
D1_N1	0.0602759479062	1	2	1	682	682	0	A	A
D1_N1	0.0620512720389	2	1	1	961	961	0	C	C
D1_N1	0.0626831163487	2	1	1	1708	1708	1	A	G
D1_N1	0.0628604744658	1	2	1	1210	1210	0	A	A
D1_N1	0.0640337071807	2	1	1	358	358	0	C	C
D1_N1	0.0659393159689	1	2	1	831	831	1	G	A
D1_N1	0.0671218374277	2	1	1	544	544	0	T	T
D1_N1	0.0696599403889	1	2	1	1289	1289	0	A	A
D1_N1	0.0705695375287	1	2	1	691	691	0	T	T
D1_N1	0.0707577211378	2	1	1	135	135	0	G	G
D1_N1	0.071094531664	2	1	1	1061	1061	0	G	G
D1_N1	0.0729808595361	2	1	1	750	750	0	T	T
D1_N1	0.0739645090488	2	1	1	1417	1417	0	G	G
D1_N1	0.0760461466013	1	2	1	1469	1469	0	C	C
D1_N1	0.0766397892312	2	1	1	1698	1698	0	T	T
D1_N1	0.0774169232974	1	2	1	329	329	0	A	A
D1_N1	0.0776256478778	1	2	1	291	291	0	T	T
D1_N1	0.0779664111018	2	1	1	1439	1439	0	T	T
D1_N1	0.0785404874888	1	2	1	864	864	1	T	C
D1_N1	0.0785761250828	2	1	1	1231	1231	0	A	A
D1_N1	0.0789125661332	2	1	1	1077	1077	0	A	A
D1_N1	0.0809275167831	1	2	1	1334	1334	0	T	T
D1_N1	0.0812533248151	1	2	1	10	10	0	C	C
D1_N1	0.081341270325	2	1	1	1561	1561	0	C	C
D1_N1	0.081846151259	2	1	1	186	186	0	A	A
D1_N1	0.0821815204672	2	1	1	214	214	0	T	T
D1_N1	0.0837433489855	2	1	1	1702	1702	0	T	T
D1_N1	0.083874797825	2	1	1	638	638	0	T	T
D1_N1	0.0838770580516	1	2	1	104	104	0	C	C
D1_N1	0.0840207316886	1	2	1	637	637	1	A	C
D1_N1	0.084194545371	2	1	1	146	146	0	T	T
D1_N1	0.0846065687516	1	2	1	53	53	0	T	T
D1_N1	0.0852864768081	2	1	1	676	676	0	C	C
D1_N1	0.0854116433058	2	1	1	1557	1557	0	G	G
D1_N1	0.0882261638415	2	1	1	1592	1592	0	T	T
D1_N1	0.088259396404	1	2	1	302	302	0	T	T
D1_N1	0.0885749617165	2	1	1	1521	1521	0	T	T
D1_N1	0.0888804673591	1	2	1	1583	1583	0	T	T
D1_N1	0.0938096364622	1	2	1	1730	1730	0	A	A
D1_N1	0.0944070931388	1	2	1	1533	1533	0	G	G
D1_N1	0.0957059541828	2	1	1	731	731	0	A	A
D1_N1	0.0959169561274	2	1	1	75	75	0	A	A
D1_N1	0.0964197830146	2	1	1	543	543	0	T	T
D1_N1	0.0966202074227	2	1	1	567	567	0	A	A
D1_N1	0.0974926885895	2	1	1	45	45	0	T	T
D1_N1	0.0976214808847	2	1	1	1004	1004	0	T	T
D1_N1	0.0985484712366	1	2	1	516	516	0	T	T
D1_N1	0.099223294155	1	2	1	837	837	0	G	G
D1_N1	0.100374256602	2	1	1	1638	1638	0	C	C
D1_N1	0.10050594115	1	2	1	559	559	1	T	A
D1_N1	0.100827747751	1	2	1	374	374	0	A	A
D1_N1	0.100951649631	2	1	1	680	680	0	T	T
D1_N1	0.101083269724	2	1	1	567	567	0	A	A
D1_N1	0.101320501907	1	2	1	1145	1145	0	G	G
D1_N1	0.101584932895	2	1	1	1396	1396	0	C	C
D1_N1	0.10218167661	1	2	1	1495	1495	0	C	C
D1_N1	0.104517770638	2	1	1	738	738	1	G	C
D1_N1	0.104565627066	2	1	1	874	874	0	C	C
D1_N1	0.104782893736	2	1	1	929	929	0	A	A
D1_N1	0.105817216133	2	1	1	209	209	0	A	A
D1_N1	0.10602614289	2	1	1	1276	1276	0	G	G
D1_N1	0.107020075322	1	2	1	469	469	0	A	A
D1_N1	0.107488475906	1	2	1	1648	1648	0	T	T
D1_N1	0.108936206713	2	1	1	1093	1093	0	C	C
D1_N1	0.108964272478	1	2	1	1466	1466	0	C	C
D1_N1	0.109124329535	1	2	1	1015	1015	0	G	G
D1_N1	0.109625627935	2	1	1	369	369	0	G	G
D1_N1	0.110076905753	2	1	1	764	764	0	G	G
D1_N1	0.110190466526	1	2	1	1527	1527	1	G	A
D1_N1	0.110807338388	2	1	1	1204	1204	0	T	T
D1_N1	0.111186248854	2	1	1	483	483	1	T	C
D1_N1	0.111260652085	1	2	1	261	261	0	G	G
D1_N1	0.111443484864	2	1	1	752	752	0	A	A
D1_N1	0.111618687064	2	1	1	1027	1027	0	G	G
D1_N1	0.113475598848	1	2	1	520	520	0	C	C
D1_N1	0.114241815718	1	2	1	1403	1403	0	C	C
D1_N1	0.114312531425	2	1	1	1020	1020	0	T	T
D1_N1	0.114655366949	1	2	1	535	535	0	T	T
D1_N1	0.115514262369	2	1	1	1483	1483	0	A	A
D1_N1	0.116370230113	1	2	1	678	678	0	A	A
D1_N1	0.118790917453	1	2	1	557	557	0	C	C
D1_N1	0.119057414537	2	1	1	1315	1315	0	G	G
D1_N1	0.120656559909	1	2	1	400	400	0	C	C
D1_N1	0.121961799819	1	2	1	936	936	0	A	A
D1_N1	0.122447765196	2	1	1	1156	1156	0	T	T
D1_N1	0.122550924134	2	1	1	1727	1727	0	G	G
D1_N1	0.122717529586	2	1	1	599	599	1	A	T
D1_N1	0.122955075154	2	1	1	1137	1137	1	C	T
D1_N1	0.125312700335	1	2	1	289	289	0	C	C
D1_N1	0.126326959157	1	2	1	468	468	1	T	G
D1_N1	0.127207934831	1	2	1	887	887	0	C	C
D1_N1	0.128359614276	2	1	1	1138	1138	0	A	A
D1_N1	0.128768539802	2	1	1	815	815	0	C	C
D1_N1	0.128907160169	1	2	1	183	183	1	G	C
D1_N1	0.12901726587	2	1	1	1576	1576	0	T	T
D1_N1	0.129560086671	2	1	1	496	496	0	G	G
D1_N1	0.130574000672	1	2	1	660	660	0	G	G
D1_N1	0.130770396187	1	2	1	428	428	1	A	T
D1_N1	0.13134604617	2	1	1	1596	1596	0	C	C
D1_N1	0.132193332458	1	2	1	997	997	0	A	A
D1_N1	0.13386198133	2	1	1	1470	1470	1	G	T
D1_N1	0.133899882132	2	1	1	228	228	0	A	A
D1_N1	0.134155424544	2	1	1	941	941	0	C	C
D1_N1	0.134215317961	1	2	1	1372	1372	1	C	T
D1_N1	0.134597922877	2	1	1	650	650	0	A	A
D1_N1	0.134817067261	2	1	1	1292	1292	1	T	C
D1_N1	0.135321365257	1	2	1	687	687	0	C	C
D1_N1	0.13620714077	1	2	1	538	538	1	A	C
D1_N1	0.137527189566	1	2	1	1680	1680	0	G	G
D1_N1	0.138538268604	1	2	1	1540	1540	1	T	A
D1_N1	0.139382002421	2	1	1	5	5	0	T	T
D1_N1	0.139553886012	1	2	1	1644	1644	1	G	A
D1_N1	0.139569954574	2	1	1	570	570	0	G	G
D1_N1	0.140993584206	1	2	1	405	405	1	A	C
D1_N1	0.141320723615	1	2	1	528	528	0	C	C
D1_N1	0.142145833563	2	1	1	429	429	0	T	T
D1_N1	0.143522118446	2	1	1	760	760	0	A	A
D1_N1	0.143590096087	1	2	1	1075	1075	0	T	T
D1_N1	0.143689275085	2	1	1	1584	1584	0	C	C
D1_N1	0.144765675684	1	2	1	1123	1123	0	G	G
D1_N1	0.145946220006	1	2	1	459	459	0	G	G
D1_N1	0.146417931575	2	1	1	1180	1180	0	C	C
D1_N1	0.147460780277	1	2	1	1155	1155	0	C	C
D1_N1	0.14762267922	2	1	1	863	863	0	A	A
D1_N1	0.147850590472	2	1	1	1229	1229	0	G	G
D1_N1	0.149153631625	2	1	1	541	541	1	A	G
D1_N1	0.149568416062	1	2	1	1032	1032	1	C	G
D1_N1	0.150169165061	1	2	1	1625	1625	0	A	A
D1_N1	0.150323577238	1	2	1	1194	1194	0	A	A
D1_N1	0.15057964387	2	1	1	25	25	1	C	A
D1_N1	0.150917194706	1	2	1	375	375	0	T	T
D1_N1	0.153303041702	1	2	1	1559	1559	0	G	G
D1_N1	0.15340420775	2	1	1	1018	1018	0	T	T
D1_N1	0.153901312922	2	1	1	1515	1515	0	C	C
D1_N1	0.154427657469	1	2	1	1592	1592	0	T	T
D1_N1	0.154566823398	1	2	1	7	7	0	A	A
D1_N1	0.155080788022	1	2	1	266	266	0	T	T
D1_N1	0.156660792892	2	1	1	1099	1099	0	T	T
D1_N1	0.156684967302	2	1	1	977	977	1	C	G
D1_N1	0.157885407074	1	2	1	1339	1339	0	T	T
D1_N1	0.158958300444	2	1	1	291	291	0	T	T
D1_N1	0.15934843934	1	2	1	136	136	0	G	G
D1_N1	0.161544523991	1	2	1	1348	1348	0	C	C
D1_N1	0.161667947885	2	1	1	435	435	0	G	G
D1_N1	0.161680848137	2	1	1	731	731	0	A	A
D1_N1	0.161744507285	2	1	1	1321	1321	0	T	T
D1_N1	0.162850659413	1	2	1	1125	1125	0	C	C
D1_N1	0.165240817052	1	2	1	892	892	1	T	A
D1_N1	0.16610735687	1	2	1	852	852	0	A	A
D1_N1	0.166337403119	1	2	1	641	641	1	A	T
D1_N1	0.16639761594	1	2	1	1173	1173	0	T	T
D1_N1	0.16990004282	2	1	1	686	686	0	G	G
D1_N1	0.169973287107	1	2	1	312	312	0	C	C
D1_N1	0.170128492755	2	1	1	1620	1620	0	A	A
D1_N1	0.170700577262	1	2	1	559	559	0	T	T
D1_N1	0.171249864574	2	1	1	986	986	0	G	G
D1_N1	0.172048382074	2	1	1	1472	1472	0	G	G
D1_N1	0.173383042541	1	2	1	1514	1514	0	C	C
D1_N1	0.174850180817	1	2	1	905	905	0	C	C
D1_N1	0.175084291479	1	2	1	428	428	0	A	A
D1_N1	0.175341193275	1	2	1	1205	1205	0	A	A
D1_N1	0.175847928718	1	2	1	1491	1491	1	T	C
D1_N1	0.177312967202	2	1	1	921	921	0	A	A
D1_N1	0.178067779686	2	1	1	810	810	1	T	A
D1_N1	0.178129744254	2	1	1	969	969	0	T	T
D1_N1	0.178311967181	1	2	1	676	676	1	G	C
D1_N1	0.178535104854	1	2	1	339	339	1	C	A
D1_N1	0.179517901381	2	1	1	1345	1345	0	G	G
D1_N1	0.17964829723	1	2	1	1596	1596	0	C	C
D1_N1	0.179975525742	1	2	1	36	36	1	G	T
D1_N1	0.18015489034	1	2	1	334	334	0	C	C
D1_N1	0.181526860815	1	2	1	1081	1081	0	A	A
D1_N1	0.182645015581	1	2	1	481	481	0	A	A
D1_N1	0.183557132611	2	1	1	920	920	0	T	T
D1_N1	0.183620996009	1	2	1	1549	1549	0	T	T
D1_N1	0.183670839912	1	2	1	1221	1221	0	A	A
D1_N1	0.183768513046	1	2	1	225	225	1	G	C
D1_N1	0.187409773256	2	1	1	721	721	1	G	T
D1_N1	0.187571190588	1	2	1	812	812	1	T	C
D1_N1	0.187699057382	1	2	1	645	645	1	C	T
D1_N1	0.189151778024	2	1	1	609	609	0	A	A
D1_N1	0.189390987853	2	1	1	543	543	0	T	T
D1_N1	0.18959134385	2	1	1	1225	1225	0	G	G
D1_N1	0.190401361778	2	1	1	977	977	0	C	C
D1_N1	0.191317845032	1	2	1	1654	1654	1	A	G
D1_N1	0.192717246464	2	1	1	638	638	0	T	T
D1_N1	0.193709631082	2	1	1	1561	1561	0	C	C
D1_N1	0.195022761015	1	2	1	809	809	0	C	C
D1_N1	0.195220181156	1	2	1	1455	1455	1	T	C
D1_N1	0.19664385235	2	1	1	648	648	0	A	A
D1_N1	0.196836183851	2	1	1	1591	1591	0	C	C
D1_N1	0.197762486271	2	1	1	937	937	1	A	G
D1_N1	0.198035213889	1	2	1	415	415	0	C	C
D1_N1	0.198179933528	2	1	1	496	496	0	G	G
D1_N1	0.199084621858	1	2	1	802	802	0	T	T
D1_N1	0.201148116327	2	1	1	1560	1560	0	G	G
D1_N1	0.201436471515	2	1	1	369	369	1	G	A
D1_N1	0.201615491665	1	2	1	1195	1195	1	A	T
D1_N1	0.202578172561	1	2	1	1068	1068	0	T	T
D1_N1	0.20274568545	2	1	1	898	898	0	G	G
D1_N1	0.202782531616	2	1	1	973	973	0	C	C
D1_N1	0.202910531858	2	1	1	901	901	0	T	T
D1_N1	0.203982683984	1	2	1	398	398	1	G	C
D1_N1	0.204187959114	2	1	1	68	68	0	T	T
D1_N1	0.207451742429	1	2	1	1080	1080	1	T	C
D1_N1	0.207466051917	2	1	1	1327	1327	0	A	A
D1_N1	0.209294172388	1	2	1	9	9	0	T	T
D1_N1	0.209725692648	1	2	1	772	772	0	T	T
D1_N1	0.209919998056	2	1	1	605	605	1	C	A
D1_N1	0.210387941874	2	1	1	784	784	1	A	G
D1_N1	0.210895013189	1	2	1	1064	1064	1	A	G
D1_N1	0.213253394737	2	1	1	1456	1456	1	T	A
D1_N1	0.213494387291	1	2	1	1630	1630	0	G	G
D1_N1	0.213924844976	2	1	1	1409	1409	1	A	G
D1_N1	0.21411735577	1	2	1	591	591	0	T	T
D1_N1	0.21452901891	1	2	1	298	298	0	G	G
D1_N1	0.215356045875	2	1	1	173	173	0	T	T
D1_N1	0.216789150395	1	2	1	1345	1345	0	G	G
D1_N1	0.216930610766	1	2	1	1109	1109	0	C	C
D1_N1	0.217608287293	2	1	1	1015	1015	1	G	C
D1_N1	0.219344749268	2	1	1	1496	1496	1	A	G
D1_N1	0.220044656463	2	1	1	96	96	0	C	C
D1_N1	0.220182963824	1	2	1	1590	1590	0	C	C
D1_N1	0.220935756268	2	1	1	1166	1166	0	C	C
D1_N1	0.221650428418	1	2	1	122	122	0	T	T
D1_N1	0.222141351531	2	1	1	541	541	0	A	A
D1_N1	0.222400765868	2	1	1	1171	1171	0	C	C
D1_N1	0.222671536642	2	1	1	446	446	1	A	T
D1_N1	0.223260094458	2	1	1	743	743	1	C	T
D1_N1	0.22403293993	1	2	1	1421	1421	0	T	T
D1_N1	0.224094901417	2	1	1	1501	1501	0	C	C
D1_N1	0.224101067916	2	1	1	824	824	1	C	G
D1_N1	0.224461925235	1	2	1	849	849	0	G	G
D1_N1	0.224559998595	2	1	1	789	789	1	T	C
D1_N1	0.225890014745	2	1	1	327	327	0	T	T
D1_N1	0.226224307889	1	2	1	1456	1456	0	T	T
D1_N1	0.22779579283	2	1	1	592	592	0	C	C
D1_N1	0.229931658061	2	1	1	1120	1120	0	T	T
D1_N1	0.230701462337	2	1	1	1459	1459	0	T	T
D1_N1	0.230867734312	1	2	1	96	96	0	C	C
D1_N1	0.230963717303	2	1	1	372	372	1	C	A
D1_N1	0.231633881158	1	2	1	100	100	0	T	T
D1_N1	0.232175242083	2	1	1	1478	1478	0	G	G
D1_N1	0.232756482218	1	2	1	1625	1625	0	A	A
D1_N1	0.233110650358	2	1	1	814	814	0	T	T
N1_N2	0.000277441540362	1	2	1	988	988	0	T	T
N1_N2	0.000516068645288	1	2	1	961	961	0	C	C
N1_N2	0.00193380945391	1	2	1	1407	1407	0	G	G
N1_N2	0.00205225193301	1	2	1	228	228	0	A	A
N1_N2	0.0022897556704	1	2	1	447	447	0	C	C
N1_N2	0.00436312225507	1	2	1	844	844	1	T	A
N1_N2	0.00537540415091	2	1	1	1266	1266	0	A	A
N1_N2	0.00548192562041	1	2	1	493	493	1	G	A
N1_N2	0.00633774457999	2	1	1	993	993	0	T	T
N1_N2	0.00651371302307	1	2	1	218	218	0	A	A
N1_N2	0.00731799979189	1	2	1	990	990	0	T	T
N1_N2	0.00782733478685	1	2	1	156	156	1	T	C
N1_N2	0.00795880727652	1	2	1	1187	1187	0	T	T
N1_N2	0.00964251392669	2	1	1	148	148	0	A	A
N1_N2	0.00997798756094	1	2	1	1034	1034	0	A	A
N1_N2	0.0102631548682	1	2	1	1016	1016	0	A	A
N1_N2	0.0102674766714	2	1	1	306	306	1	G	A
N1_N2	0.010915803025	2	1	1	784	784	0	A	A
N1_N2	0.0118389471269	2	1	1	1543	1543	0	A	A
N1_N2	0.0119785490764	1	2	1	989	989	1	A	G
N1_N2	0.0122840073944	1	2	1	1104	1104	0	C	C
N1_N2	0.0123587074762	2	1	1	1203	1203	1	C	T
N1_N2	0.0138523739896	2	1	1	657	657	1	A	G
N1_N2	0.0142766972972	1	2	1	310	310	0	C	C
N1_N2	0.014433365658	2	1	1	1050	1050	0	T	T
N1_N2	0.0151414942913	2	1	1	1572	1572	0	T	T
N1_N2	0.0152003191315	1	2	1	1462	1462	0	C	C
N1_N2	0.0154308072238	1	2	1	1031	1031	0	A	A
N2_N3	0.00140628955594	2	1	1	1566	1566	0	T	T
N2_N3	0.00155240558986	1	2	1	1036	1036	1	T	C
N2_N3	0.00155733696607	1	2	1	1657	1657	0	G	G
N2_N3	0.00266365610663	2	1	1	1421	1421	0	T	T
N2_N3	0.00342714460608	2	1	1	255	255	1	C	A
N2_N3	0.00390365189923	1	2	1	370	370	0	T	T
N2_N3	0.00478791747782	2	1	1	1268	1268	0	C	C
N2_N3	0.00482398543886	2	1	1	495	495	1	C	A
N2_N3	0.00486725280465	1	2	1	442	442	0	T	T
N2_N3	0.00546602061264	1	2	1	706	706	1	T	C
N2_N3	0.00702338752349	2	1	1	1271	1271	0	G	G
N2_N3	0.00709105748107	1	2	1	1289	1289	0	A	A
N3_N4	0.00017834582003	1	2	1	893	893	1	A	G
N3_N4	0.00117243497024	1	2	1	323	323	0	C	C
N3_N4	0.00146077757738	2	1	1	916	916	1	A	G
N3_N4	0.0015571697009	1	2	1	592	592	0	C	C
N3_N4	0.00161176005186	1	2	1	554	554	0	T	T
N3_N4	0.00202479584875	2	1	1	1436	1436	0	T	T
N3_N4	0.00230008917199	2	1	1	1260	1260	0	A	A
N3_N4	0.00249581930773	2	1	1	492	492	0	A	A
N3_N4	0.00283755639354	1	2	1	178	178	1	C	G
N3_N4	0.00483177577964	1	2	1	208	208	1	T	C
N3_N4	0.00533288322685	2	1	1	1661	1661	1	G	A
N3_N4	0.00562288067189	2	1	1	953	953	0	G	G
N3_N4	0.00683138670655	2	1	1	1299	1299	0	T	T
N3_N4	0.00772993620399	1	2	1	1183	1183	0	A	A
N3_N4	0.00804431870245	1	2	1	783	783	1	C	G
N3_N4	0.00849030433289	1	2	1	1609	1609	1	C	A
N3_N4	0.00872060711523	1	2	1	876	876	0	C	C
N4_Human	7.95413698947e-05	2	1	1	836	836	0	T	T
N4_Human	0.00122991776814	2	1	1	240	240	1	A	T
N4_Human	0.00150644886676	1	2	1	1111	1111	0	C	C
N4_Human	0.00197028949733	2	1	1	900	900	0	G	G
N4_Human	0.00276847548485	1	2	1	81	81	0	T	T
N4_Human	0.00294353743715	2	1	1	110	110	1	C	T
N4_Human	0.00304303814955	2	1	1	94	94	1	C	G
N4_Human	0.00335973407911	1	2	1	128	128	0	T	T
N4_Human	0.00367176441327	1	2	1	737	737	0	C	C
N4_Human	0.00381346028548	1	2	1	530	530	0	C	C
N4_Human	0.00406791930319	1	2	1	41	41	0	A	A
N4_Human	0.00457315479594	1	2	1	1732	1732	0	T	T
N4_Human	0.00481434430744	2	1	1	104	104	0	C	C
N4_Human	0.00556674438121	1	2	1	1471	1471	1	G	A
N4_Human	0.00669669408446	2	1	1	62	62	0	C	C
N4_Human	0.00707363726734	2	1	1	128	128	0	T	T
N4_Human	0.00771186652002	1	2	1	974	974	0	T	T
N4_Human	0.00805165692089	1	2	1	1303	1303	0	T	T
N4_Human	0.0098436507282	2	1	1	1170	1170	0	T	T
N4_Human	0.0100755151687	2	1	1	749	749	1	C	T
N4_Human	0.0101152915378	2	1	1	948	948	0	T	T
N4_Chimp	0.000351738748366	2	1	1	1394	1394	1	C	G
N4_Chimp	0.00115492204563	1	2	1	1419	1419	1	A	G
N4_Chimp	0.00131512240761	2	1	1	344	344	1	G	A
N4_Chimp	0.00156072504224	2	1	1	1253	1253	1	A	G
N4_Chimp	0.0027008755385	1	2	1	130	130	1	G	A
N4_Chimp	0.00312622227757	2	1	1	594	594	1	C	A
N4_Chimp	0.00326801238452	1	2	1	1604	1604	1	A	T
N4_Chimp	0.00349532639308	1	2	1	430	430	1	C	G
N4_Chimp	0.00371099194903	2	1	1	282	282	0	A	A
N4_Chimp	0.00377385877453	2	1	1	161	161	1	A	G
N4_Chimp	0.00436066251173	2	1	1	82	82	0	T	T
N4_Chimp	0.00471562690501	1	2	1	155	155	0	A	A
N4_Chimp	0.00480119129429	1	2	1	168	168	0	C	C
N4_Chimp	0.00648777174822	2	1	1	1355	1355	0	T	T
N4_Chimp	0.007541175497	2	1	1	1177	1177	0	T	T
N4_Chimp	0.00807029089899	2	1	1	1316	1316	0	T	T
N4_Chimp	0.00830263770597	2	1	1	958	958	0	C	C
N4_Chimp	0.00836542447853	1	2	1	1621	1621	1	T	G
N4_Chimp	0.0100404071971	1	2	1	930	930	0	G	G
N4_Chimp	0.0107153467078	1	2	1	960	960	0	A	A
N4_Chimp	0.0109209003394	2	1	1	1228	1228	0	C	C
N3_Goril	0.000742629696953	1	2	1	1725	1725	1	A	G
N3_Goril	0.00132409831122	2	1	1	377	377	0	T	T
N3_Goril	0.00166510874514	1	2	1	892	892	0	T	T
N3_Goril	0.00230303758949	1	2	1	821	821	0	G	G
N3_Goril	0.0025757539098	2	1	1	1065	1065	0	C	C
N3_Goril	0.00315879311655	1	2	1	1347	1347	0	T	T
N3_Goril	0.0042915657208	2	1	1	1653	1653	0	T	T
N3_Goril	0.00526437246011	2	1	1	232	232	0	A	A
N3_Goril	0.00800701689657	2	1	1	889	889	1	C	T
N3_Goril	0.00893362431757	2	1	1	800	800	0	T	T
N3_Goril	0.0129933383571	1	2	1	779	779	1	G	A
N3_Goril	0.0139971272704	2	1	1	1303	1303	0	T	T
N3_Goril	0.014883116481	2	1	1	1459	1459	0	T	T
N3_Goril	0.0157370331414	1	2	1	1200	1200	1	G	T
N3_Goril	0.0178463379504	1	2	1	551	551	0	A	A
N3_Goril	0.0188170730968	1	2	1	1499	1499	1	G	C
N3_Goril	0.0191000147362	2	1	1	1649	1649	0	T	T
N2_Orang	0.00139172704115	1	2	1	1167	1167	0	C	C
N2_Orang	0.00295827913972	2	1	1	1596	1596	0	C	C
N2_Orang	0.00391911874463	2	1	1	71	71	1	A	C
N2_Orang	0.00399181255397	1	2	1	1638	1638	0	C	C
N2_Orang	0.00466464947531	2	1	1	1398	1398	0	C	C
N2_Orang	0.0055838384264	1	2	1	583	583	1	C	A
N2_Orang	0.00560354774338	1	2	1	802	802	0	T	T
N2_Orang	0.00857993187361	1	2	1	276	276	1	A	G
N2_Orang	0.0103920931697	1	2	1	505	505	1	T	G
N2_Orang	0.0108110518774	2	1	1	1641	1641	0	G	G
N2_Orang	0.011224386579	2	1	1	583	583	0	C	C
N2_Orang	0.0113176111061	2	1	1	157	157	1	T	C
N2_Orang	0.011635111353	1	2	1	1335	1335	1	A	G
N2_Orang	0.0121834105126	2	1	1	810	810	0	T	T
N2_Orang	0.0122589114753	1	2	1	587	587	0	C	C
N2_Orang	0.0129174399544	2	1	1	1537	1537	1	T	A
N2_Orang	0.0142754672066	2	1	1	167	167	0	C	C
N2_Orang	0.0150997598851	1	2	1	1142	1142	1	C	T
N2_Orang	0.0152755785714	1	2	1	1335	1335	0	A	A
N2_Orang	0.0159996286256	1	2	1	1353	1353	0	G	G
N1_Macaq	0.000242514390953	2	1	1	8	8	0	T	T
N1_Macaq	0.000733010454259	2	1	1	900	900	0	G	G
N1_Macaq	0.00192934036792	1	2	1	986	986	0	G	G
N1_Macaq	0.0042788223288	2	1	1	947	947	1	G	A
N1_Macaq	0.00441845332122	2	1	1	1309	1309	1	C	A
N1_Macaq	0.00467189510128	1	2	1	1052	1052	0	G	G
N1_Macaq	0.00552077434546	1	2	1	1421	1421	0	T	T
N1_Macaq	0.0065889507936	2	1	1	716	716	0	A	A
N1_Macaq	0.00672470349406	2	1	1	1049	1049	1	A	T
N1_Macaq	0.00746723258677	1	2	1	1202	1202	0	G	G
N1_Macaq	0.00780230007927	1	2	1	1457	1457	1	C	A
N1_Macaq	0.0101123393565	2	1	1	268	268	0	T	T
N1_Macaq	0.0104862322382	1	2	1	667	667	0	G	G
N1_Macaq	0.0111080441961	1	2	1	839	839	0	C	C
N1_Macaq	0.011599467275	1	2	1	423	423	1	A	G
N1_Macaq	0.0117987522198	2	1	1	1177	1177	0	T	T
N1_Macaq	0.0132151208802	1	2	1	662	662	1	T	C
N1_Macaq	0.0153114331637	1	2	1	510	510	0	C	C
N1_Macaq	0.0157224819345	1	2	1	1290	1290	0	T	T
N1_Macaq	0.0158899541239	2	1	1	209	209	0	A	A
N1_Macaq	0.0166622590202	1	2	1	1629	1629	1	G	A
N1_Macaq	0.0167392948364	1	2	1	559	559	0	T	T
N1_Macaq	0.0169311703628	2	1	1	262	262	0	G	G
N1_Macaq	0.0170704588081	2	1	1	1210	1210	0	A	A
N1_Macaq	0.0174063901566	2	1	1	1340	1340	0	T	T
N1_Macaq	0.0174153533691	1	2	1	497	497	0	T	T
N1_Macaq	0.0190205499179	2	1	1	397	397	1	A	G
N1_Macaq	0.0207716563046	2	1	1	459	459	0	G	G
N1_Macaq	0.0219729882527	1	2	1	3	3	0	T	T
N1_Macaq	0.0221596480409	1	2	1	1600	1600	0	G	G
N1_Macaq	0.0229198884895	1	2	1	297	297	0	G	G
N1_Macaq	0.0239877390029	1	2	1	331	331	0	T	T
N1_Macaq	0.0243055537013	1	2	1	426	426	0	T	T
N1_Macaq	0.0245874275381	2	1	1	1018	1018	1	T	G
N1_Macaq	0.0249055047551	1	2	1	831	831	1	A	G
N1_Macaq	0.0275382271342	1	2	1	1200	1200	1	G	T
N1_Macaq	0.0305978967257	1	2	1	1312	1312	0	C	C
N1_Macaq	0.0307075535073	2	1	1	22	22	1	G	T
N1_Macaq	0.0311387202513	1	2	1	1194	1194	0	A	A
N1_Macaq	0.0319549074244	1	2	1	817	817	0	T	T
N1_Macaq	0.0323883753459	2	1	1	219	219	1	T	C
N1_Macaq	0.0331917389412	1	2	1	1224	1224	0	A	A
N1_Macaq	0.0332225510353	1	2	1	1666	1666	1	A	G
N1_Macaq	0.0337010277629	1	2	1	81	81	0	T	T
N1_Macaq	0.0341895086702	2	1	1	94	94	1	C	G
N1_Macaq	0.0347960815916	1	2	1	1483	1483	0	A	A
N1_Macaq	0.0351872678636	1	2	1	1705	1705	1	A	G
N1_Macaq	0.035735109258	2	1	1	1203	1203	1	C	T
N1_Macaq	0.0363371960117	1	2	1	1116	1116	1	A	G
N1_Macaq	0.0365017818065	1	2	1	1135	1135	0	A	A
N1_Macaq	0.0365734593799	1	2	1	335	335	0	A	A
N1_Macaq	0.0371751487422	2	1	1	948	948	0	T	T
N1_Macaq	0.0381090663921	1	2	1	1302	1302	1	C	T
N1_Macaq	0.0390038761988	1	2	1	150	150	1	C	T
N1_Macaq	0.0390785347653	2	1	1	1482	1482	1	G	A
N1_Macaq	0.0395956451682	1	2	1	49	49	0	T	T
N1_Macaq	0.0398764005066	2	1	1	1220	1220	0	T	T
N1_Macaq	0.0403760560511	2	1	1	1609	1609	1	A	C
N1_Macaq	0.0418202745707	1	2	1	1570	1570	1	T	A
N1_Macaq	0.0419848765591	2	1	1	712	712	1	C	T
N1_Macaq	0.0429393507638	1	2	1	1008	1008	0	C	C
N1_Macaq	0.0430298638908	2	1	1	1708	1708	0	A	A
N1_Macaq	0.0433510895937	2	1	1	1115	1115	1	C	G
N1_Macaq	0.0437722430403	1	2	1	1111	1111	0	C	C
