edge	time	mut_orlg	mut_pos	old_state	new_state
N0_kluyveri	3.58763395497e-05	0	757	G	A
N0_kluyveri	0.000232812654028	0	412	T	C
N0_kluyveri	0.000963407845376	0	793	A	C
N0_kluyveri	0.00115940145954	0	161	C	T
N0_kluyveri	0.00255852532371	0	754	G	A
N0_kluyveri	0.00317119881604	0	835	C	T
N0_kluyveri	0.00360420269722	0	862	A	G
N0_kluyveri	0.00410118811014	0	850	T	C
N0_kluyveri	0.00421378704672	0	588	G	A
N0_kluyveri	0.00428298765917	0	838	C	T
N0_kluyveri	0.00437496764671	0	17	A	G
N0_kluyveri	0.00562831645024	0	640	G	A
N0_kluyveri	0.00720471905544	0	429	T	C
N0_kluyveri	0.00735246967118	0	8	G	A
N0_kluyveri	0.0087670907152	0	697	A	G
N0_kluyveri	0.00887959948835	0	71	C	A
N0_kluyveri	0.00900100347466	0	308	C	T
N0_kluyveri	0.00922002975142	0	538	T	C
N0_kluyveri	0.0097762716581	0	546	T	C
N0_kluyveri	0.0103798724828	0	14	A	G
N0_kluyveri	0.01064685338	0	667	C	T
N0_kluyveri	0.0110836207823	0	164	C	T
N0_kluyveri	0.0114346675079	0	224	T	C
N0_kluyveri	0.0121835833664	0	62	C	T
N0_kluyveri	0.012304619064	0	308	T	C
N0_kluyveri	0.0133298750727	0	679	A	G
N0_kluyveri	0.0134147016472	0	677	A	G
N0_kluyveri	0.0134542787022	0	829	A	T
N0_kluyveri	0.0136320279969	0	791	A	G
N0_kluyveri	0.0138256720362	0	692	A	G
N0_kluyveri	0.0156944072388	0	17	G	A
N0_kluyveri	0.0161607051278	0	356	T	A
N0_kluyveri	0.0164614972819	0	170	A	G
N0_D1	0.00067778624481	0	47	C	T
N0_D1	0.00102756659753	0	681	C	T
N0_D1	0.00103100285835	0	757	G	A
N0_D1	0.00103512460667	0	787	C	T
N0_D1	0.00148820152914	0	77	A	T
N0_D1	0.00180248086827	0	29	T	C
D1_N1	4.37807164673e-05	1	71	C	T
D1_N1	0.000306158332029	1	314	T	C
D1_N1	0.00039132344919	2	161	C	A
D1_N1	0.000396428474215	1	862	A	G
D1_N1	0.000676379994307	2	2	C	G
D1_N1	0.000842538370984	2	65	T	C
D1_N1	0.00109138087984	2	248	A	G
D1_N1	0.00147622088046	1	158	T	C
D1_N1	0.00177732697361	1	575	A	T
D1_N1	0.00223456275062	2	41	C	T
D1_N1	0.00227784379553	2	200	C	T
D1_N1	0.00244873502518	2	617	T	C
D1_N1	0.00264427908555	1	664	G	A
D1_N1	0.00296678423771	2	605	C	T
N1_castellii	4.83314043753e-05	1	333	T	C
N1_castellii	0.000132474853148	2	394	C	T
N1_castellii	0.000838946632164	2	311	C	T
N1_castellii	0.00104044066799	1	572	T	C
N1_castellii	0.00104099338316	1	251	A	G
N1_castellii	0.00108074894759	1	284	T	C
N1_castellii	0.00157001525852	1	133	C	T
N1_castellii	0.00162790484853	2	721	G	A
N1_castellii	0.00183956622208	2	570	T	G
N1_castellii	0.00228136973256	2	86	C	T
N1_castellii	0.00234890829327	2	382	G	A
N1_castellii	0.00236167870286	1	5	G	T
N1_castellii	0.00255370257006	2	715	A	G
N1_castellii	0.00324632394235	2	598	G	A
N1_castellii	0.00333406276622	2	504	C	A
N1_castellii	0.00344596505035	2	20	T	C
N1_castellii	0.00390078955092	2	751	C	T
N1_castellii	0.00475958224515	1	720	A	T
N1_castellii	0.00480353779695	2	691	T	C
N1_castellii	0.00531059502792	2	293	T	C
N1_castellii	0.00566183660848	2	841	C	T
N1_castellii	0.00570757749325	1	314	C	T
N1_castellii	0.00595478208501	2	661	C	T
N1_castellii	0.00599014737333	1	775	G	A
N1_castellii	0.00614179323937	2	777	C	T
N1_castellii	0.00619954323781	1	796	C	T
N1_castellii	0.00621117866245	1	336	T	C
N1_castellii	0.00634012233162	2	712	C	T
N1_castellii	0.00754409969859	1	260	A	G
N1_castellii	0.00818443179599	1	38	G	A
N1_castellii	0.0087497411419	1	700	A	C
N1_castellii	0.00914659080695	2	272	C	T
N1_castellii	0.00937239441794	2	703	T	C
N1_castellii	0.00991391546232	2	624	A	G
N1_castellii	0.00994047989086	1	278	C	T
N1_castellii	0.0105354929207	2	218	T	C
N1_castellii	0.0105567904192	1	820	A	C
N1_castellii	0.0109375844662	1	302	G	A
N1_castellii	0.0112146740034	2	862	A	G
N1_castellii	0.0112787748689	1	197	T	C
N1_castellii	0.0115309296123	2	841	T	C
N1_castellii	0.0124366911301	2	652	C	T
N1_castellii	0.0126388942882	1	287	T	C
N1_castellii	0.0126389578531	2	450	C	T
N1_castellii	0.0127759878713	2	137	C	T
N1_castellii	0.0133796005969	1	664	A	G
N1_castellii	0.0136931581808	2	763	A	T
N1_castellii	0.0138128911351	2	119	G	A
N1_castellii	0.0140876389851	2	708	A	G
N1_castellii	0.0141275930691	1	224	T	C
N1_castellii	0.0143648109362	1	578	A	G
N1_castellii	0.0144406053858	1	113	A	G
N1_castellii	0.0150544953702	1	92	A	G
N1_castellii	0.0151779847695	1	35	T	A
N1_castellii	0.0157533250077	1	125	G	A
N1_castellii	0.0158029244345	2	751	T	C
N1_castellii	0.0163490129817	1	464	C	G
N1_castellii	0.0170347784875	1	179	C	T
N1_castellii	0.0170959078884	1	212	T	C
N1_N2	0.00014965898174	2	65	C	T
N1_N2	0.00029065736308	2	712	C	T
N1_N2	0.000559255039713	2	287	T	C
N1_N2	0.00075639762096	2	720	A	C
N1_N2	0.00089289170511	1	2	C	T
N1_N2	0.000898126416325	1	259	C	T
N1_N2	0.00191249098052	1	766	C	T
N1_N2	0.00227896788212	2	272	C	T
N1_N2	0.00234165705557	1	176	G	A
N1_N2	0.00250705718006	2	209	A	G
N1_N2	0.00250815262753	1	215	G	A
N1_N2	0.00279301022831	1	200	C	T
N1_N2	0.003096220987	2	38	G	A
N1_N2	0.00322021404079	1	339	G	A
N1_N2	0.00330557967797	1	44	C	A
N1_N2	0.00330808979651	1	411	T	C
N1_N2	0.00336530742628	1	272	C	T
N1_N2	0.00356114469174	1	606	C	T
N1_N2	0.00361351738676	2	309	A	G
N1_N2	0.004511259821	1	116	T	C
N1_N2	0.00456449420857	1	29	C	T
N1_N2	0.00473944368858	1	658	C	T
N1_N2	0.00547044744239	2	766	C	T
N1_N2	0.00552381096025	2	293	T	C
N1_N2	0.00561709594162	2	224	T	C
N1_N2	0.00568461096013	1	823	A	G
N1_N2	0.00586273799229	1	779	T	C
N1_N2	0.00593850958771	2	652	C	T
N1_N2	0.00613743886838	1	606	T	C
N1_N2	0.00621399658452	1	649	A	G
N1_N2	0.00664523070735	1	110	T	C
N1_N2	0.00706048608855	2	629	A	G
N1_N2	0.00731669000116	2	161	A	G
N1_N2	0.0074838757536	2	14	A	G
N1_N2	0.00750852097999	2	373	C	A
N1_N2	0.00767856399322	2	805	T	C
N1_N2	0.00789569874586	2	71	C	T
N1_N2	0.00791103719424	1	75	C	A
N1_N2	0.00803184134412	1	573	A	G
N1_N2	0.00901494698202	1	422	G	A
N1_N2	0.00947850971501	1	142	T	C
N1_N2	0.00970138275828	2	191	C	T
N1_N2	0.00972535431537	1	688	G	A
N1_N2	0.00977692565422	1	754	G	A
N1_N2	0.00998708385266	2	760	A	G
N1_N2	0.0102106054607	1	128	G	A
N1_N2	0.0102327073357	2	422	G	A
N1_N2	0.0106453866003	2	109	C	T
N1_N2	0.010660162036	1	74	T	C
N1_N2	0.0106659287347	2	56	G	A
N1_N2	0.0108948256487	1	362	T	C
N1_N2	0.0110303214677	1	415	C	T
N1_N2	0.0114972984275	1	734	A	G
N1_N2	0.0119093043137	1	120	A	G
N1_N2	0.0120206512721	1	667	C	T
N1_N2	0.0120305935343	1	652	C	T
N1_N2	0.0124636419608	1	378	A	G
N1_N2	0.0127312656595	2	177	C	T
N1_N2	0.013333079248	2	796	C	T
N1_N2	0.0135205067906	2	724	T	C
N1_N2	0.0137635859525	2	691	T	C
N1_N2	0.0143182880533	2	724	C	T
N1_N2	0.0144418592157	2	766	T	C
N1_N2	0.0144500256118	2	649	G	C
N1_N2	0.0145034621258	1	293	T	C
N1_N2	0.0150360766351	2	269	A	G
N1_N2	0.0153095492512	1	839	G	A
N1_N2	0.0153993976884	1	793	A	G
N1_N2	0.0155666684971	1	742	C	G
N2_bayanus	1.19152091213e-05	2	152	G	A
N2_bayanus	0.000100072563119	1	254	A	G
N2_bayanus	0.000528574656341	2	459	A	G
N2_bayanus	0.00111690670877	2	245	G	A
N2_bayanus	0.0018366026533	2	221	A	G
N2_bayanus	0.00233498786901	2	167	G	A
N2_bayanus	0.00234408745172	1	104	C	T
N2_bayanus	0.00235287542428	1	348	A	G
N2_bayanus	0.00249851139211	1	308	C	T
N2_bayanus	0.00271043004822	2	856	G	A
N2_N3	0.000151418122393	2	724	T	C
N2_N3	0.000221909629594	2	733	A	T
N2_N3	0.000329634493725	1	92	A	G
N2_N3	0.000472505766421	2	209	A	C
N2_N3	0.000489307060814	2	291	A	T
N2_N3	0.00110729789638	1	769	A	G
N2_N3	0.00127236232749	2	32	C	T
N2_N3	0.00188961646982	2	796	T	C
N2_N3	0.00205167592312	1	257	T	C
N2_N3	0.0022639411975	1	847	T	C
N3_kudriavzevii	0.000428508450125	1	640	G	A
N3_kudriavzevii	0.000540458989941	2	781	C	T
N3_kudriavzevii	0.000805346880746	1	287	T	A
N3_kudriavzevii	0.000811193245352	1	176	A	G
N3_kudriavzevii	0.00115293869626	1	691	T	C
N3_kudriavzevii	0.00117556710473	2	407	T	G
N3_kudriavzevii	0.00129437046349	1	838	C	T
N3_kudriavzevii	0.0013721175747	1	718	T	C
N3_kudriavzevii	0.00140484821653	2	739	A	G
N3_kudriavzevii	0.00141629502629	2	454	T	A
N3_kudriavzevii	0.0018111530476	2	743	T	C
N3_kudriavzevii	0.00185584533075	1	641	G	A
N3_kudriavzevii	0.00192973298733	1	763	A	G
N3_kudriavzevii	0.00233317870261	1	236	A	T
N3_kudriavzevii	0.00259638341586	2	473	T	C
N3_kudriavzevii	0.00267867809998	2	58	T	C
N3_kudriavzevii	0.00297997758442	1	664	A	G
N3_kudriavzevii	0.00312076234111	1	146	A	G
N3_kudriavzevii	0.00326161343396	2	2	G	A
N3_kudriavzevii	0.00340495518786	2	689	T	C
N3_kudriavzevii	0.00340924957582	2	823	G	A
N3_kudriavzevii	0.00350226177662	2	104	C	A
N3_kudriavzevii	0.00354933876335	2	62	C	T
N3_kudriavzevii	0.00356818474555	2	814	C	T
N3_kudriavzevii	0.00359678455719	2	26	T	C
N3_kudriavzevii	0.00370832053187	2	294	G	A
N3_kudriavzevii	0.00397609847427	1	616	G	A
N3_kudriavzevii	0.00430304965776	1	823	G	A
N3_kudriavzevii	0.00453366196856	1	810	G	A
N3_N4	3.00396086983e-05	1	305	T	C
N3_N4	0.000147481678447	1	311	C	T
N3_N4	0.000226248714454	1	754	G	A
N3_N4	0.000511836153994	1	865	G	A
N3_N4	0.000917755942653	1	197	T	C
N3_N4	0.00115555957827	2	676	C	G
N3_N4	0.00139647049961	2	268	C	T
N3_N4	0.00149057253668	2	433	A	G
N3_N4	0.00152549745117	1	35	T	C
N4_mikatae	8.38473005681e-05	2	847	T	G
N4_mikatae	0.000472141554121	1	485	G	A
N4_mikatae	0.000474764486953	1	682	A	G
N4_mikatae	0.000572400779431	1	847	C	T
N4_mikatae	0.00075025759692	2	110	T	C
N4_mikatae	0.000897173632986	2	638	C	T
N4_mikatae	0.00149439611287	2	748	A	G
N4_mikatae	0.00164360334685	2	760	G	A
N4_mikatae	0.00195730650141	1	808	G	A
N4_mikatae	0.00198780965682	2	745	A	G
N4_mikatae	0.00211452933665	2	500	T	C
N4_mikatae	0.00226127534054	2	197	T	C
N4_mikatae	0.00252718391942	1	760	G	A
N4_mikatae	0.00270450819046	1	419	C	T
N4_mikatae	0.00295986482771	1	453	C	T
N4_N5	0.000140601646268	1	272	T	C
N4_N5	0.00026767407102	1	91	G	A
N4_N5	0.000706574468145	2	182	C	T
N4_N5	0.000806495564033	2	77	T	C
N5_paradoxus	0.000325086869177	2	62	C	T
N5_paradoxus	0.00112281738904	2	260	A	T
N5_paradoxus	0.00113461636943	2	576	C	A
N5_paradoxus	0.00148177385795	2	302	G	A
N5_paradoxus	0.00197874210565	2	176	A	G
N5_paradoxus	0.00227843750816	1	254	A	G
N5_paradoxus	0.00243573295532	2	790	T	C
N5_paradoxus	0.00259277812668	1	769	G	A
N5_paradoxus	0.00268448581641	2	787	T	C
N5_paradoxus	0.00295230841774	2	95	G	A
N5_paradoxus	0.00296572744211	1	257	C	T
N5_paradoxus	0.00317648963422	2	299	A	G
N5_paradoxus	0.00318270557258	2	272	C	T
N5_paradoxus	0.00332006948686	1	77	T	C
N5_cerevisiae	0.000234291990835	1	263	G	A
N5_cerevisiae	0.0003443249202	2	504	C	T
N5_cerevisiae	0.00081317316914	1	32	C	T
N5_cerevisiae	0.00084452915394	1	700	A	T
N5_cerevisiae	0.000918095489415	1	691	T	C
N5_cerevisiae	0.00103992604615	2	308	C	T
N5_cerevisiae	0.00126876642256	1	416	T	C
N5_cerevisiae	0.00129352147318	1	754	A	C
N5_cerevisiae	0.00177251225729	2	775	G	A
N5_cerevisiae	0.00188698328225	2	583	A	G
N5_cerevisiae	0.00195697648935	1	221	A	G
N5_cerevisiae	0.00216167105745	2	116	T	C
N5_cerevisiae	0.0022566169513	2	269	G	A
