edge	time	orlg_from	orlg_to	tract_length	start_pos	stop_pos	num_diff	template_seq	overide_seq
D1_N1	0.000155119068698	1	2	2	56	57	0	TA	TA
D1_N1	0.000210412064165	1	2	2	459	460	0	GT	GT
D1_N1	0.000308472110706	2	1	4	302	305	0	GTTA	GTTA
D1_N1	0.000317797992795	1	2	1	12	12	0	T	T
D1_N1	0.000424727162649	2	1	4	322	325	0	ATCA	ATCA
D1_N1	0.000442281625132	1	2	2	287	288	0	AT	AT
D1_N1	0.000501006290826	1	2	1	170	170	0	A	A
D1_N1	0.00077784304969	1	2	2	485	486	0	AT	AT
D1_N1	0.000912330083397	2	1	2	30	31	0	TC	TC
D1_N1	0.000965936292101	2	1	2	128	129	0	AC	AC
D1_N1	0.00104160836983	1	2	9	408	416	0	AGCTACGTT	AGCTACGTT
D1_N1	0.00104212422801	1	2	1	255	255	0	A	A
D1_N1	0.00159507900549	1	2	2	114	115	0	AG	AG
D1_N1	0.00162761072504	1	2	1	0	0	0	T	T
D1_N1	0.0017572002863	1	2	7	166	172	0	TTCAAAT	TTCAAAT
D1_N1	0.00176433403247	2	1	2	223	224	0	TC	TC
D1_N1	0.00198281132991	1	2	3	104	106	0	CCC	CCC
D1_N1	0.00202762480252	2	1	2	225	226	0	GG	GG
D1_N1	0.00205729299924	1	2	5	268	272	0	CTTGC	CTTGC
D1_N1	0.00218068606392	2	1	2	285	286	0	AC	AC
D1_N1	0.00250125020734	2	1	1	137	137	0	A	A
D1_N1	0.00278605907404	1	2	4	430	433	0	GTTT	GTTT
D1_N1	0.00281747898798	1	2	2	0	1	0	TC	TC
D1_N1	0.00295077094786	1	2	3	453	455	0	CGG	CGG
D1_N1	0.00315071232986	2	1	2	381	382	0	CA	CA
D1_N1	0.00330453978395	1	2	3	25	27	0	CAA	CAA
D1_N1	0.00338465822734	2	1	5	330	334	0	CTTGG	CTTGG
D1_N1	0.00339863420708	2	1	1	347	347	1	A	G
D1_N1	0.00342021292468	2	1	10	343	352	0	CATCAAACTC	CATCAAACTC
N1_castellii	0.000123376287763	2	1	1	227	227	0	G	G
N1_castellii	0.00013774240825	2	1	1	85	85	0	G	G
N1_castellii	0.000214379506741	2	1	6	31	36	0	CTCAAA	CTCAAA
N1_castellii	0.000410170787427	1	2	9	334	342	0	GCTTTTTAC	GCTTTTTAC
N1_castellii	0.000908291679524	2	1	3	22	24	0	AGG	AGG
N1_castellii	0.00100521700255	2	1	6	335	340	0	CTTTTT	CTTTTT
N1_castellii	0.00101280269702	1	2	1	455	455	1	G	A
N1_castellii	0.00114795680698	1	2	3	359	361	0	AAA	AAA
N1_castellii	0.00130836710354	2	1	4	388	391	0	CCGA	CCGA
N1_castellii	0.00158021303675	2	1	1	323	323	0	T	T
N1_castellii	0.0017912145314	1	2	7	397	403	0	CATGGGG	CATGGGG
N1_castellii	0.00184402776826	2	1	2	85	86	0	GA	GA
N1_castellii	0.0021559400995	1	2	1	46	46	0	T	T
N1_castellii	0.00217609360932	1	2	7	352	358	1	CGCAAAT	CACAAAT
N1_castellii	0.00235331913299	1	2	3	293	295	0	TAA	TAA
N1_castellii	0.00260956580654	1	2	3	281	283	1	AAG	AGG
N1_castellii	0.00263831435496	2	1	8	297	304	1	ACCACATT	ACCACGTT
N1_castellii	0.00275027636882	1	2	1	225	225	0	G	G
N1_castellii	0.00355260291971	2	1	1	217	217	0	T	T
N1_castellii	0.00370927855998	2	1	1	331	331	0	T	T
N1_castellii	0.0037554041671	2	1	5	386	390	1	GTCCG	ATCCG
N1_castellii	0.00378900081406	2	1	5	307	311	0	TGTGT	TGTGT
N1_castellii	0.0038454123599	1	2	1	112	112	0	G	G
N1_castellii	0.00391074255127	1	2	2	333	334	0	GG	GG
N1_castellii	0.0039541990775	1	2	1	101	101	0	T	T
N1_castellii	0.00483852585562	2	1	12	262	273	0	TCTTTCCTTGCA	TCTTTCCTTGCA
N1_castellii	0.00485667729909	2	1	2	237	238	0	GT	GT
N1_castellii	0.00488634758755	2	1	1	160	160	0	G	G
N1_castellii	0.00514190266499	2	1	9	68	76	2	AGCTAGCCG	AGCAAGTCG
N1_castellii	0.00519494349805	1	2	1	74	74	0	C	C
N1_castellii	0.00525561357279	2	1	4	92	95	0	CAGA	CAGA
N1_castellii	0.00528198361783	2	1	1	47	47	0	T	T
N1_castellii	0.00541331992089	2	1	1	312	312	1	C	T
N1_castellii	0.00548583695313	1	2	9	234	242	0	TTAGTGGCC	TTAGTGGCC
N1_castellii	0.00568528757551	2	1	4	80	83	0	GTTC	GTTC
N1_castellii	0.00576291407711	1	2	1	427	427	0	A	A
N1_castellii	0.00580029824762	2	1	2	437	438	0	CC	CC
N1_castellii	0.00593556910033	2	1	2	237	238	0	GT	GT
N1_castellii	0.00661231772235	2	1	1	357	357	0	A	A
N1_castellii	0.00680594637302	1	2	5	477	481	1	GTTAT	GTCAT
N1_castellii	0.00705727889615	2	1	4	231	234	0	AATT	AATT
N1_castellii	0.00735536735959	1	2	6	72	77	1	AGCCGT	AGCCGC
N1_castellii	0.00753934999498	2	1	1	55	55	0	A	A
N1_castellii	0.00756136403355	2	1	2	477	478	0	GT	GT
N1_castellii	0.00762998728227	1	2	1	222	222	0	A	A
N1_castellii	0.00779998128302	1	2	6	293	298	2	CAAGAC	TAAAAC
N1_castellii	0.00788640054011	1	2	5	84	88	0	GGACG	GGACG
N1_castellii	0.00788842481729	2	1	8	322	329	1	ATTAGATC	ATCAGATC
N1_castellii	0.0080733557648	1	2	1	184	184	0	A	A
N1_castellii	0.0083216253427	1	2	1	323	323	0	T	T
N1_castellii	0.00842323202531	2	1	4	250	253	0	TAGT	TAGT
N1_castellii	0.00846334887069	1	2	1	412	412	0	A	A
N1_castellii	0.00850060983022	2	1	8	228	235	1	TGTAATTT	TGCAATTT
N1_castellii	0.00853392159274	1	2	4	267	270	0	CCTT	CCTT
N1_castellii	0.00857774220922	2	1	5	148	152	1	CCGTT	CTGTT
N1_castellii	0.00870399465093	2	1	3	447	449	0	ATC	ATC
N1_castellii	0.00884612915006	1	2	3	360	362	1	AAG	AAT
N1_castellii	0.00885895394744	1	2	6	464	469	0	CTGAAA	CTGAAA
N1_castellii	0.00912740109932	1	2	5	398	402	0	ATGGG	ATGGG
N1_castellii	0.00928006758068	1	2	1	226	226	0	G	G
N1_castellii	0.00931546756635	2	1	8	81	88	0	TTCGGACG	TTCGGACG
N1_castellii	0.00948243145808	1	2	1	387	387	0	T	T
N1_castellii	0.00967339571247	1	2	5	16	20	1	TGTTC	TATTC
N1_castellii	0.00995751186245	2	1	7	406	412	1	TGAGCTA	TTAGCTA
N1_castellii	0.00997969175677	2	1	3	150	152	0	GTT	GTT
N1_castellii	0.0103198490523	1	2	1	257	257	0	A	A
N1_castellii	0.01043234141	2	1	1	235	235	0	T	T
N1_castellii	0.0105735366655	2	1	2	271	272	0	GC	GC
N1_castellii	0.0106285929855	1	2	4	269	272	0	TTGC	TTGC
N1_castellii	0.0107299171672	1	2	5	138	142	1	CCGAA	TCGAA
N1_castellii	0.0109641866908	1	2	1	237	237	0	G	G
N1_castellii	0.0110440729251	1	2	1	181	181	0	A	A
N1_castellii	0.0111851664495	2	1	2	54	55	0	AA	AA
N1_castellii	0.0113773499771	2	1	4	31	34	0	CTCA	CTCA
N1_castellii	0.0113905874609	2	1	2	377	378	0	TA	TA
N1_castellii	0.011638379858	2	1	4	415	418	0	TTAG	TTAG
N1_castellii	0.0120286379175	1	2	8	479	486	0	TATCAGAT	TATCAGAT
N1_castellii	0.012031900507	2	1	1	18	18	0	T	T
N1_castellii	0.0120447961536	1	2	1	165	165	0	G	G
N1_castellii	0.0121644310307	1	2	1	28	28	0	C	C
N1_castellii	0.0122795477495	1	2	5	346	350	0	CAAAC	CAAAC
N1_castellii	0.0123121524971	2	1	1	398	398	0	A	A
N1_castellii	0.0125806989255	1	2	7	108	114	1	CGCAGAA	CGCAGCA
N1_N2	1.64141146263e-05	2	1	1	239	239	0	G	G
N1_N2	0.000221348366146	1	2	1	234	234	0	T	T
N1_N2	0.000320993838018	1	2	1	62	62	0	G	G
N1_N2	0.00050116478979	1	2	1	437	437	1	C	T
N1_N2	0.000578844884972	2	1	3	414	416	0	GTT	GTT
N1_N2	0.000624851301081	1	2	2	207	208	0	TG	TG
N1_N2	0.000661677167798	1	2	1	419	419	0	C	C
N1_N2	0.000705117031449	2	1	1	121	121	0	C	C
N1_N2	0.000890573617857	1	2	3	19	21	0	TCC	TCC
N1_N2	0.000970338073109	2	1	2	122	123	0	GG	GG
N1_N2	0.00112621634828	1	2	1	472	472	0	A	A
N1_N2	0.00125957085578	1	2	1	413	413	0	C	C
N1_N2	0.00173250445862	1	2	3	414	416	1	GTC	GTT
N1_N2	0.00194824008014	2	1	2	24	25	0	GC	GC
N1_N2	0.00209182646376	1	2	2	28	29	0	CG	CG
N1_N2	0.00217022219719	2	1	7	189	195	1	TCCATTT	TCCATCT
N1_N2	0.00223812286983	2	1	5	354	358	0	CAAAT	CAAAT
N1_N2	0.00229490731021	1	2	1	156	156	0	C	C
N1_N2	0.00233383580129	1	2	1	136	136	0	T	T
N1_N2	0.00241241974675	1	2	3	127	129	0	CAC	CAC
N1_N2	0.00241703697208	2	1	2	205	206	0	CC	CC
N1_N2	0.00280727683822	1	2	1	35	35	0	A	A
N1_N2	0.00283178532622	1	2	2	412	413	0	AC	AC
N1_N2	0.00310548957761	1	2	4	482	485	1	TAGA	CAGA
N1_N2	0.00347686892435	2	1	2	123	124	0	GC	GC
N1_N2	0.00356204348934	1	2	1	439	439	0	C	C
N1_N2	0.00374108265734	2	1	1	284	284	0	C	C
N1_N2	0.00380513126944	2	1	3	123	125	0	GCC	GCC
N1_N2	0.00387920281632	1	2	2	243	244	0	TC	TC
N1_N2	0.00393127064931	2	1	4	146	149	0	TGCT	TGCT
N1_N2	0.00399527563466	2	1	5	65	69	1	AGTAG	GGTAG
N1_N2	0.00409443109725	1	2	1	321	321	0	A	A
N1_N2	0.00446324091615	1	2	3	455	457	0	GTA	GTA
N1_N2	0.00449219333854	2	1	3	1	3	1	CTT	CGT
N1_N2	0.00461844441818	1	2	1	58	58	0	T	T
N1_N2	0.00466892440121	1	2	1	163	163	0	T	T
N1_N2	0.00480662052218	2	1	2	38	39	0	TG	TG
N1_N2	0.00492019372509	2	1	1	276	276	0	T	T
N1_N2	0.00501435180241	1	2	1	37	37	0	A	A
N1_N2	0.00515160175504	1	2	3	272	274	0	CAG	CAG
N1_N2	0.00515757607074	1	2	7	483	489	0	AGATCAA	AGATCAA
N1_N2	0.00515839784653	1	2	2	196	197	0	TC	TC
N1_N2	0.00525110189178	1	2	4	466	469	0	GAAA	GAAA
N1_N2	0.00535152352312	1	2	1	166	166	0	T	T
N1_N2	0.00541116783769	2	1	2	243	244	0	TC	TC
N1_N2	0.00545935248947	2	1	1	485	485	0	A	A
N1_N2	0.00546226350871	1	2	6	179	184	1	TTACGA	TTATGA
N1_N2	0.005720657999	2	1	6	479	484	1	TATTAG	CATTAG
N1_N2	0.00589266247305	1	2	1	153	153	0	T	T
N1_N2	0.00590800289722	2	1	1	482	482	0	T	T
N1_N2	0.00596056871383	1	2	1	96	96	0	T	T
N1_N2	0.0061878497051	1	2	1	29	29	1	A	G
N1_N2	0.00622176770123	2	1	2	233	234	0	TT	TT
N1_N2	0.00641791174909	2	1	3	292	294	0	TTA	TTA
N1_N2	0.00654821554833	1	2	2	271	272	0	GC	GC
N1_N2	0.00657000064347	1	2	3	403	405	0	GAG	GAG
N1_N2	0.00661598137641	2	1	4	36	39	0	AATG	AATG
N1_N2	0.00686142726653	1	2	7	61	67	0	GGAAAGT	GGAAAGT
N1_N2	0.00686340502783	1	2	3	331	333	0	TTG	TTG
N1_N2	0.00721292381928	1	2	2	414	415	0	GT	GT
N1_N2	0.00746759034181	1	2	2	111	112	0	AG	AG
N1_N2	0.00750286839375	2	1	1	44	44	0	T	T
N1_N2	0.00768750553866	1	2	8	245	252	0	CCCCCTAG	CCCCCTAG
N1_N2	0.00770392491989	1	2	2	99	100	0	AC	AC
N1_N2	0.00773252380593	1	2	2	255	256	0	AT	AT
N1_N2	0.00773716962826	1	2	2	351	352	0	TC	TC
N1_N2	0.00805113684391	1	2	2	379	380	1	AT	AC
N1_N2	0.00808362975872	1	2	3	454	456	0	GGT	GGT
N1_N2	0.00808914565755	2	1	4	410	413	1	ATAC	CTAC
N1_N2	0.00820333513622	2	1	10	389	398	2	CGATCGATCT	CGATCAATCA
N1_N2	0.00820780364613	1	2	3	403	405	0	GAG	GAG
N1_N2	0.00828971443232	2	1	12	204	215	0	GCCTGATCTACT	GCCTGATCTACT
N1_N2	0.0084537017854	1	2	2	244	245	0	CC	CC
N1_N2	0.00849904609945	1	2	1	463	463	0	C	C
N1_N2	0.00868889187389	2	1	1	93	93	0	A	A
N1_N2	0.00896025625777	2	1	7	469	475	0	AAAAACT	AAAAACT
N1_N2	0.00930618843805	2	1	3	398	400	0	TTG	TTG
N1_N2	0.0093462235905	1	2	5	322	326	1	ATCAG	ATTAG
N1_N2	0.00944659984096	2	1	5	130	134	0	GGCCC	GGCCC
N1_N2	0.00955385507365	2	1	1	35	35	0	A	A
N1_N2	0.00991868185106	2	1	2	88	89	1	GT	GC
N1_N2	0.0100409131525	1	2	5	265	269	0	TTCCT	TTCCT
N1_N2	0.0100895766862	1	2	4	132	135	0	CCCA	CCCA
N1_N2	0.010207502837	1	2	5	475	479	0	TTGTT	TTGTT
N1_N2	0.0102118863506	1	2	1	272	272	0	C	C
N1_N2	0.0103368331328	1	2	3	282	284	0	GGC	GGC
N1_N2	0.0103970114507	1	2	2	249	250	0	CT	CT
N1_N2	0.0104485192607	1	2	3	212	214	0	TAC	TAC
N1_N2	0.0104954358252	1	2	1	239	239	1	A	G
N1_N2	0.0106164942752	2	1	3	487	489	0	CAA	CAA
N1_N2	0.0107049802505	1	2	1	195	195	0	T	T
N1_N2	0.0108414252239	2	1	2	103	104	0	AC	AC
N1_N2	0.0108904425192	2	1	8	458	465	1	AGTTACCT	AGTCACCT
N1_N2	0.0109199120849	2	1	1	233	233	0	T	T
N1_N2	0.0110725281488	2	1	2	489	490	0	AA	AA
N1_N2	0.01111519208	1	2	4	110	113	0	TAGA	TAGA
N1_N2	0.0113059261441	1	2	1	285	285	0	A	A
N1_N2	0.0113560171715	2	1	9	145	153	1	GTGCTGTTC	GTGCTGTTT
N1_N2	0.0113634901469	1	2	1	215	215	0	T	T
N1_N2	0.0114490880587	2	1	1	296	296	1	A	G
N1_N2	0.0115747910068	1	2	3	467	469	0	AAA	AAA
N1_N2	0.0118953578774	2	1	1	91	91	0	C	C
N1_N2	0.0120040229634	1	2	4	126	129	0	TCAC	TCAC
N1_N2	0.0121339451258	1	2	1	173	173	0	C	C
N1_N2	0.0124878758602	2	1	1	490	490	0	A	A
N1_N2	0.0125305825073	2	1	1	282	282	0	G	G
N1_N2	0.0126862875802	2	1	1	452	452	0	T	T
N1_N2	0.0127578190014	2	1	3	73	75	1	GCC	GTC
N1_N2	0.0129628105482	1	2	5	276	280	0	TCCAA	TCCAA
N1_N2	0.0131387535331	2	1	10	118	127	0	GACCGGCCTC	GACCGGCCTC
N1_N2	0.0131703697485	1	2	7	11	17	0	ATGATTG	ATGATTG
N1_N2	0.013330281479	1	2	1	199	199	0	C	C
N1_N2	0.0133313137339	2	1	1	182	182	0	C	C
N1_N2	0.0133709761944	1	2	11	254	264	2	TATAGGATTCT	CATGGGATTCT
N1_N2	0.0134737220423	1	2	2	11	12	0	AT	AT
N1_N2	0.013582172914	2	1	2	308	309	0	GT	GT
N1_N2	0.0136317815127	1	2	2	73	74	0	GC	GC
N1_N2	0.0137180907213	2	1	1	39	39	0	G	G
N1_N2	0.0137891963543	2	1	3	467	469	0	AAA	AAA
N1_N2	0.0139429758835	2	1	4	423	426	0	AACG	AACG
N1_N2	0.0140427016768	2	1	7	346	352	0	CAAACTC	CAAACTC
N1_N2	0.0141524952135	2	1	2	458	459	0	AG	AG
N1_N2	0.0141721400541	2	1	3	56	58	1	GAT	CAT
N1_N2	0.0142378738871	2	1	4	222	225	1	ATCG	ATTG
N1_N2	0.0143614861989	2	1	2	286	287	1	CA	CG
N1_N2	0.0144930136333	1	2	4	414	417	0	GTCA	GTCA
N1_N2	0.0145771651646	2	1	1	219	219	0	A	A
N1_N2	0.0146279138947	1	2	5	310	314	1	GTCTG	GTCTA
N1_N2	0.0148302813558	2	1	5	96	100	2	TAAAC	TAGGC
N1_N2	0.0148582672427	2	1	2	178	179	0	AT	AT
N1_N2	0.0149084747813	1	2	8	478	485	0	TTATTAGA	TTATTAGA
N1_N2	0.0154584548005	2	1	2	24	25	0	GC	GC
N1_N2	0.0158554727103	1	2	3	4	6	1	AAT	AGT
N2_bayanus	0.000155762306496	1	2	4	274	277	0	GGTC	GGTC
N2_bayanus	0.000164193896983	2	1	2	321	322	0	AA	AA
N2_bayanus	0.000620987860517	1	2	2	206	207	0	CT	CT
N2_bayanus	0.000651398664902	2	1	2	391	392	0	AT	AT
N2_bayanus	0.000687727505216	1	2	1	192	192	0	A	A
N2_bayanus	0.0007908625705	2	1	2	177	178	0	AA	AA
N2_bayanus	0.000944479428348	1	2	1	130	130	0	G	G
N2_bayanus	0.00107796306341	2	1	1	44	44	0	T	T
N2_bayanus	0.00126104060272	2	1	1	11	11	0	A	A
N2_bayanus	0.00129227690014	2	1	2	66	67	0	GT	GT
N2_bayanus	0.00151378906943	1	2	1	486	486	0	T	T
N2_bayanus	0.00155352571205	1	2	1	322	322	0	A	A
N2_bayanus	0.00162459162892	2	1	2	375	376	0	TC	TC
N2_bayanus	0.00177535184711	2	1	4	264	267	0	TTTC	TTTC
N2_bayanus	0.00197403255661	2	1	2	213	214	0	AC	AC
N2_bayanus	0.00206541271977	2	1	4	211	214	0	CTAC	CTAC
N2_bayanus	0.00224932253228	2	1	1	446	446	0	A	A
N2_N3	1.68817240507e-05	2	1	1	452	452	0	T	T
N2_N3	0.000364930632202	2	1	1	187	187	0	T	T
N2_N3	0.000380942429562	1	2	1	142	142	0	A	A
N2_N3	0.000425424206412	1	2	1	369	369	0	T	T
N2_N3	0.000697223935541	2	1	2	327	328	0	AT	AT
N2_N3	0.000708475229588	1	2	1	106	106	0	C	C
N2_N3	0.000757711671046	2	1	6	151	156	1	TCCAAC	TTCAAC
N2_N3	0.000794672294257	2	1	2	245	246	0	CC	CC
N2_N3	0.000956772965608	1	2	8	281	288	2	GGGTACAT	AGGCACAT
N2_N3	0.00103444526512	2	1	4	51	54	0	ATCA	ATCA
N2_N3	0.0014235931343	2	1	8	383	390	0	TAAATCCG	TAAATCCG
N3_kudriavzevii	1.23221566347e-08	2	1	6	129	134	0	CGGCCC	CGGCCC
N3_kudriavzevii	4.49631428495e-05	1	2	3	420	422	1	GGT	GGC
N3_kudriavzevii	0.000142065709204	2	1	1	375	375	0	T	T
N3_kudriavzevii	0.000181106210888	2	1	2	281	282	0	GG	GG
N3_kudriavzevii	0.000439468537197	1	2	7	48	54	1	GTGATCA	GTAATCA
N3_kudriavzevii	0.000522936881971	1	2	4	254	257	0	TATA	TATA
N3_kudriavzevii	0.000945803206516	1	2	1	343	343	0	C	C
N3_kudriavzevii	0.000952233351798	2	1	4	330	333	1	CTCG	CTTG
N3_kudriavzevii	0.00115857139461	2	1	14	36	49	2	AATGAATGTGTTGT	AACGAGTGTGTTGT
N3_kudriavzevii	0.00123130112283	2	1	1	384	384	0	A	A
N3_kudriavzevii	0.00139260596007	1	2	3	233	235	1	TTT	CTT
N3_kudriavzevii	0.00155799760608	1	2	3	293	295	1	TAA	CAA
N3_kudriavzevii	0.00156273218277	2	1	7	21	27	1	CAGGCGA	CAGGCAA
N3_kudriavzevii	0.00179069304032	1	2	2	152	153	0	CC	CC
N3_kudriavzevii	0.00189557356564	1	2	3	480	482	0	ATT	ATT
N3_kudriavzevii	0.0020949482343	2	1	3	74	76	0	CCG	CCG
N3_kudriavzevii	0.00219933796633	1	2	1	127	127	0	C	C
N3_kudriavzevii	0.00228857329099	2	1	1	75	75	0	C	C
N3_kudriavzevii	0.00232755281841	2	1	7	26	32	0	GACATCT	GACATCT
N3_kudriavzevii	0.00233434012647	1	2	4	145	148	0	GTGC	GTGC
N3_kudriavzevii	0.0025093081935	1	2	1	411	411	0	T	T
N3_kudriavzevii	0.00269612945885	2	1	2	22	23	0	AG	AG
N3_kudriavzevii	0.00273139380254	1	2	1	457	457	0	A	A
N3_kudriavzevii	0.00275977248987	2	1	2	17	18	0	GT	GT
N3_kudriavzevii	0.00284507230077	1	2	1	285	285	0	A	A
N3_kudriavzevii	0.00285358937831	2	1	2	271	272	2	AT	GC
N3_kudriavzevii	0.00285748399664	2	1	2	104	105	1	CC	CT
N3_kudriavzevii	0.00288931705908	1	2	4	287	290	0	ATAT	ATAT
N3_kudriavzevii	0.00296883661769	2	1	7	400	406	2	GGGGAGT	GAGGGGT
N3_kudriavzevii	0.00311303323795	1	2	3	171	173	0	ATC	ATC
N3_kudriavzevii	0.00336892469741	2	1	2	456	457	0	TA	TA
N3_kudriavzevii	0.00344197324289	1	2	8	76	83	3	GTGGGTTC	GCGGATTT
N3_kudriavzevii	0.00361923319869	1	2	2	433	434	0	TC	TC
N3_kudriavzevii	0.00362083962215	1	2	5	153	157	0	CAACC	CAACC
N3_kudriavzevii	0.00365941244336	2	1	1	420	420	0	G	G
N3_kudriavzevii	0.00381887293276	1	2	4	286	289	0	CATA	CATA
N3_kudriavzevii	0.00395238837481	2	1	2	208	209	0	GA	GA
N3_kudriavzevii	0.00399395527004	1	2	3	114	116	1	AGG	AGA
N3_kudriavzevii	0.00401756900687	2	1	1	223	223	0	T	T
N3_kudriavzevii	0.00406528598223	2	1	1	109	109	0	G	G
N3_kudriavzevii	0.00416658108437	2	1	2	303	304	1	TT	CT
N3_kudriavzevii	0.00422038399987	1	2	1	177	177	0	A	A
N3_kudriavzevii	0.00430427505872	1	2	1	161	161	0	G	G
N3_kudriavzevii	0.00432957986778	1	2	1	13	13	0	G	G
N3_kudriavzevii	0.00443472134259	2	1	1	284	284	1	C	T
N3_kudriavzevii	0.00457669397428	1	2	2	448	449	0	TC	TC
N3_kudriavzevii	0.0046388842846	2	1	2	151	152	0	TC	TC
N3_kudriavzevii	0.00465899047704	2	1	5	325	329	1	AGATG	AGATC
N3_kudriavzevii	0.00466483099095	1	2	2	284	285	0	CA	CA
N3_kudriavzevii	0.00467866191344	1	2	3	454	456	0	GGT	GGT
N3_kudriavzevii	0.00471764051971	2	1	1	258	258	0	G	G
N3_kudriavzevii	0.00496335773449	1	2	6	296	301	1	AACCAC	GACCAC
N3_kudriavzevii	0.00500799141585	1	2	3	261	263	1	GTC	TTC
N3_kudriavzevii	0.00526483392327	1	2	3	388	390	0	CCG	CCG
N3_kudriavzevii	0.00541989595255	1	2	2	450	451	0	TT	TT
N3_kudriavzevii	0.00544469734504	1	2	4	16	19	0	TGTT	TGTT
N3_kudriavzevii	0.00559597077638	1	2	1	162	162	0	T	T
N3_kudriavzevii	0.00561374980749	1	2	2	50	51	0	GA	GA
N3_kudriavzevii	0.00569722396639	2	1	1	470	470	1	C	A
N3_N4	0.000203281046681	1	2	1	278	278	0	C	C
N3_N4	0.000278642758434	1	2	1	103	103	0	A	A
N3_N4	0.000284382733625	2	1	2	198	199	0	GC	GC
N3_N4	0.00086908082196	2	1	2	305	306	1	AG	GG
N3_N4	0.000929331618905	1	2	5	369	373	0	TACAG	TACAG
N3_N4	0.000990181742076	2	1	3	237	239	0	GTA	GTA
N3_N4	0.000993193587062	1	2	2	247	248	1	CG	CT
N3_N4	0.00113740466417	1	2	4	469	472	0	AAAA	AAAA
N3_N4	0.00133832070709	1	2	5	434	438	1	CCTCC	CCTCT
N3_N4	0.00144576518368	1	2	3	160	162	0	GGT	GGT
N3_N4	0.00145049603541	1	2	1	242	242	0	C	C
N3_N4	0.00164603217151	2	1	1	270	270	0	T	T
N3_N4	0.00182813543805	1	2	4	464	467	0	CTGA	CTGA
N3_N4	0.00186320033656	1	2	3	391	393	0	ATC	ATC
N3_N4	0.00187076349632	2	1	1	56	56	0	G	G
N3_N4	0.00207662212805	1	2	2	297	298	0	AC	AC
N3_N4	0.00219852040047	1	2	1	173	173	0	C	C
N3_N4	0.00225555373923	1	2	4	103	106	1	ACTC	ACCC
N3_N4	0.00228065820566	1	2	1	395	395	1	G	A
N3_N4	0.00230350971069	1	2	5	410	414	0	ATACG	ATACG
N4_mikatae	3.76395939822e-05	1	2	1	63	63	0	A	A
N4_mikatae	0.00021306540201	1	2	2	93	94	0	AG	AG
N4_mikatae	0.000232283330098	2	1	1	376	376	0	C	C
N4_mikatae	0.000437991177364	2	1	1	148	148	0	C	C
N4_mikatae	0.000552575486084	2	1	5	122	126	0	GGCCT	GGCCT
N4_mikatae	0.00105167489173	1	2	3	256	258	0	TAG	TAG
N4_mikatae	0.00141328501824	2	1	4	430	433	1	GATT	GTTT
N4_mikatae	0.00168450131613	2	1	7	0	6	1	TCATAAT	TCTTAAT
N4_mikatae	0.00178865700625	2	1	4	357	360	0	ATAA	ATAA
N4_mikatae	0.00180374061423	1	2	1	243	243	0	T	T
N4_mikatae	0.00192449265065	1	2	6	393	398	0	CGGTCT	CGGTCT
N4_mikatae	0.00212240444657	1	2	2	200	201	0	AA	AA
N4_mikatae	0.00228612665262	1	2	2	475	476	0	TT	TT
N4_mikatae	0.00244468293267	2	1	2	473	474	0	AC	AC
N4_mikatae	0.00244829964463	2	1	3	121	123	0	CGG	CGG
N4_mikatae	0.00265809150271	2	1	2	178	179	0	AT	AT
N4_mikatae	0.00275937086912	1	2	2	383	384	0	TA	TA
N4_mikatae	0.00290846569219	1	2	2	204	205	0	GC	GC
N4_mikatae	0.00293376557103	1	2	1	179	179	0	T	T
N4_mikatae	0.0029500783072	1	2	5	39	43	1	GAGTG	GAATG
N4_mikatae	0.00310132716962	1	2	3	318	320	0	CAC	CAC
N4_mikatae	0.00327318230628	2	1	1	407	407	1	A	G
N4_mikatae	0.00328940902031	1	2	1	291	291	0	G	G
N4_mikatae	0.00346127638334	1	2	3	436	438	0	TCC	TCC
N4_mikatae	0.00354508467273	2	1	4	133	136	0	CCAT	CCAT
N4_mikatae	0.0035574790971	1	2	1	175	175	0	T	T
N4_mikatae	0.00360670869079	2	1	1	159	159	0	T	T
N4_mikatae	0.00363315362315	1	2	1	399	399	0	T	T
N4_mikatae	0.00373579358595	1	2	4	486	489	0	TCAA	TCAA
N4_mikatae	0.00392655263425	2	1	4	97	100	0	AAAC	AAAC
N4_mikatae	0.00394513697209	1	2	1	146	146	0	T	T
N4_mikatae	0.0040388227458	1	2	3	14	16	0	ATT	ATT
N4_N5	0.000254130515824	2	1	2	374	375	0	CT	CT
N4_N5	0.000448012796465	2	1	4	8	11	0	TCAA	TCAA
N4_N5	0.000478635021599	2	1	3	226	228	0	GGT	GGT
N4_N5	0.00053450425233	2	1	3	399	401	0	TGG	TGG
N4_N5	0.000679948403643	1	2	3	349	351	0	ACT	ACT
N4_N5	0.000911902932372	2	1	2	415	416	0	TC	TC
N4_N5	0.00110677486833	1	2	6	416	421	0	CAGTGG	CAGTGG
N4_N5	0.00123106828163	2	1	1	439	439	0	C	C
N4_N5	0.00132041814681	2	1	1	249	249	0	C	C
N4_N5	0.00145525635818	2	1	1	20	20	0	C	C
N4_N5	0.00146848967141	2	1	5	463	467	0	CCTGA	CCTGA
N4_N5	0.00147474815209	2	1	1	419	419	0	T	T
N5_paradoxus	0.000153429424848	1	2	1	201	201	0	A	A
N5_paradoxus	0.000213031818629	2	1	1	351	351	0	T	T
N5_paradoxus	0.000250124843201	2	1	1	323	323	0	T	T
N5_paradoxus	0.000846598673935	1	2	1	237	237	0	G	G
N5_paradoxus	0.00107203841678	2	1	2	249	250	0	CT	CT
N5_paradoxus	0.00124273617429	2	1	3	235	237	0	TAG	TAG
N5_cerevisiae	2.39025108785e-05	2	1	2	21	22	0	CA	CA
N5_cerevisiae	6.30872316793e-05	1	2	7	128	134	0	ACGGCCC	ACGGCCC
N5_cerevisiae	0.000198753008382	1	2	8	323	330	1	TCAGATTC	TCAGATGC
N5_cerevisiae	0.000252686633991	1	2	1	102	102	0	A	A
N5_cerevisiae	0.000391366018061	2	1	2	385	386	0	AA	AA
N5_cerevisiae	0.000681952370664	1	2	1	234	234	0	T	T
N5_cerevisiae	0.000870907361269	1	2	3	210	212	0	TCT	TCT
N5_cerevisiae	0.000889503449776	2	1	1	365	365	0	T	T
N5_cerevisiae	0.000900989761901	2	1	2	139	140	0	CG	CG
N5_cerevisiae	0.000987021251695	1	2	1	481	481	0	T	T
N5_cerevisiae	0.00121313617036	1	2	1	11	11	0	A	A
N5_cerevisiae	0.00140596895656	2	1	1	451	451	0	T	T
N5_cerevisiae	0.00141642531247	2	1	4	414	417	0	GTCA	GTCA
N5_cerevisiae	0.0015322199945	1	2	1	344	344	0	A	A
N5_cerevisiae	0.00155407834593	1	2	1	34	34	0	A	A
N5_cerevisiae	0.00173404828963	1	2	1	432	432	0	T	T
N5_cerevisiae	0.00174044909656	1	2	2	477	478	0	GT	GT
N5_cerevisiae	0.00177401250035	1	2	4	491	491	0	C	C
N5_cerevisiae	0.00177401680795	2	1	2	111	112	0	AG	AG
N5_cerevisiae	0.00185299407239	2	1	5	446	450	0	AATCT	AATCT
N5_cerevisiae	0.00240175070615	2	1	1	185	185	0	G	G
N5_cerevisiae	0.00244117199434	1	2	1	316	316	0	G	G
N5_cerevisiae	0.00246080699363	1	2	6	230	235	2	CAATTT	TAACTT
N5_cerevisiae	0.00246205240581	2	1	1	229	229	0	G	G
N5_cerevisiae	0.00260157177514	2	1	1	191	191	1	C	T
N5_cerevisiae	0.00261819425511	2	1	5	294	298	0	AAAAC	AAAAC
N5_cerevisiae	0.00262855717369	2	1	1	92	92	0	T	T
N5_cerevisiae	0.0028049847042	1	2	3	379	381	0	ATC	ATC
N5_cerevisiae	0.00286379238737	2	1	1	270	270	0	T	T
N5_cerevisiae	0.00310172701145	1	2	4	208	211	0	GATC	GATC
N5_cerevisiae	0.00331439722922	1	2	1	247	247	0	C	C
N5_cerevisiae	0.00336181577289	2	1	3	148	150	0	CTG	CTG
N5_cerevisiae	0.00356586005516	2	1	3	221	223	0	TAT	TAT
N5_cerevisiae	0.00384556103413	2	1	2	148	149	0	CT	CT
N5_cerevisiae	0.00398180863845	1	2	4	154	157	0	AACC	AACC
