edge	time	mut_orlg	mut_pos	old_state	new_state
N0_D1	0.00122094294489	0	279	G	A
N0_D1	0.00167693355488	0	1240	A	G
N0_D1	0.00317803211774	0	249	T	A
N0_D1	0.00359573354038	0	1292	A	T
N0_D1	0.00369685878456	0	1270	A	G
N0_D1	0.00389760512866	0	114	G	A
N0_D1	0.00394969705116	0	1655	T	G
N0_D1	0.00480728930284	0	1087	G	A
N0_D1	0.0059719054551	0	503	C	A
N0_D1	0.00666924898742	0	271	C	T
N0_D1	0.0069503351421	0	1299	A	G
N0_D1	0.00705285455682	0	1169	C	G
N0_D1	0.00725880518712	0	1034	G	A
N0_D1	0.00740972901633	0	563	A	T
N0_D1	0.00762211470545	0	1503	C	A
N0_D1	0.00800383790549	0	429	G	A
N0_D1	0.00817804087463	0	1650	A	G
N0_D1	0.00819602553303	0	1557	T	C
N0_D1	0.0101165150283	0	657	A	T
N0_D1	0.0128704827998	0	1096	G	A
N0_D1	0.0130314432657	0	1419	T	C
N0_D1	0.0133889534476	0	1004	A	G
N0_D1	0.014156873965	0	1194	T	A
N0_D1	0.0152344087986	0	1333	C	T
N0_D1	0.0154467581647	0	1256	G	A
N0_D1	0.0160098782776	0	1473	C	T
N0_D1	0.016388173564	0	1066	C	T
N0_D1	0.0166048735365	0	1221	A	T
N0_D1	0.016858668653	0	378	G	A
N0_D1	0.0175701460934	0	777	A	C
N0_D1	0.018062509798	0	235	G	C
N0_D1	0.0183157486856	0	1340	A	G
N0_D1	0.0186198321135	0	894	T	C
N0_D1	0.0188874210539	0	764	T	G
N0_D1	0.0190446294908	0	819	A	G
N0_D1	0.0208764692244	0	1627	C	T
N0_D1	0.0220527952464	0	241	G	A
N0_D1	0.0223407518231	0	733	G	A
N0_D1	0.02272357423	0	1215	G	A
N0_D1	0.0237958718398	0	380	G	T
N0_D1	0.0243028657747	0	832	C	T
N0_D1	0.0246505236145	0	695	A	G
N0_D1	0.0247998289301	0	230	T	G
N0_D1	0.0253260876542	0	1185	T	C
N0_D1	0.0266990281729	0	1241	C	T
N0_D1	0.0268371273928	0	1719	C	A
N0_D1	0.0274568594662	0	1359	A	G
N0_D1	0.0278695112548	0	1373	G	A
N0_D1	0.0279107264557	0	700	A	C
N0_D1	0.0287693535525	0	593	G	A
N0_D1	0.0289965788651	0	334	G	A
N0_D1	0.0295537494022	0	80	C	G
N0_D1	0.0301422383951	0	426	T	C
N0_D1	0.0304044026216	0	1553	A	T
N0_D1	0.0304075574674	0	427	C	T
N0_D1	0.0304756561551	0	1384	A	T
N0_D1	0.0307318463451	0	725	T	C
N0_D1	0.0309659881071	0	12	T	C
N0_D1	0.031903546409	0	1264	A	G
N0_D1	0.0320953813096	0	1457	A	G
N0_D1	0.0323572908921	0	1359	G	A
N0_D1	0.032664723388	0	1447	C	T
N0_D1	0.032722004033	0	1134	C	A
N0_D1	0.033239265735	0	1315	G	A
N0_D1	0.0334334519748	0	1361	T	G
N0_D1	0.0335558675225	0	266	G	A
N0_D1	0.033895064561	0	578	A	T
N0_D1	0.034406917531	0	1436	A	G
N0_D1	0.0361659876746	0	1360	T	C
N0_D1	0.0361951493065	0	761	A	C
N0_D1	0.0364524250362	0	131	C	T
N0_D1	0.0366406565282	0	1364	A	T
N0_D1	0.0372339130384	0	1368	A	G
N0_D1	0.0376926374741	0	197	C	A
N0_D1	0.038059549587	0	192	C	A
N0_D1	0.038489838313	0	486	T	G
N0_D1	0.0387243174646	0	1061	T	A
N0_D1	0.0392542825337	0	0	T	A
N0_D1	0.0395467419208	0	1411	C	T
N0_D1	0.0402338163636	0	1687	C	T
N0_D1	0.04035713049	0	52	C	A
N0_D1	0.0404167555259	0	13	T	C
N0_D1	0.0415186917515	0	1269	T	A
N0_D1	0.0434154573627	0	385	C	A
N0_D1	0.0442546763061	0	438	T	C
N0_D1	0.044404599243	0	385	A	C
N0_D1	0.0452918068511	0	467	G	T
N0_D1	0.0453152056915	0	1409	T	C
N0_D1	0.0456597358431	0	1367	T	G
N0_D1	0.0460968310162	0	1617	A	G
N0_D1	0.0461634340882	0	54	G	A
N0_D1	0.0463190658366	0	25	T	A
N0_D1	0.0464937877491	0	1043	C	T
N0_D1	0.0477007764816	0	340	T	G
N0_D1	0.0487229917552	0	724	C	T
N0_D1	0.0491368946632	0	1450	A	T
N0_D1	0.0491459097117	0	236	C	G
N0_D1	0.0497812156169	0	1081	T	G
D1_N1	0.000434777832243	2	986	A	C
D1_N1	0.000888759450464	1	1610	A	G
D1_N1	0.00135616597285	1	1411	T	A
D1_N1	0.00171262059742	1	1302	T	C
D1_N1	0.0018381801316	1	902	T	C
D1_N1	0.00204445270996	1	1309	T	A
D1_N1	0.00301932255374	1	326	C	G
D1_N1	0.00357323448995	1	1384	T	C
D1_N1	0.00366893455272	2	596	C	T
D1_N1	0.00389279135583	2	1219	G	A
D1_N1	0.00407422462984	2	116	G	T
D1_N1	0.004253604664	1	905	C	T
D1_N1	0.00492369614982	1	916	G	A
D1_N1	0.00496668947766	1	1687	T	C
D1_N1	0.00514895957245	2	600	A	T
D1_N1	0.00515863774531	1	743	A	G
D1_N1	0.00526804875131	2	1574	C	T
D1_N1	0.0052872860384	2	1521	C	T
D1_N1	0.00562347319345	1	1443	C	G
D1_N1	0.00590061587262	1	1437	G	A
D1_N1	0.00594195327848	1	447	C	T
D1_N1	0.00710019914456	2	1563	G	C
D1_N1	0.00711650656002	2	1709	C	G
D1_N1	0.00724622025935	1	357	C	A
D1_N1	0.00756490950008	2	180	C	A
D1_N1	0.00758425513862	2	1405	A	T
D1_N1	0.00776984171682	2	790	G	A
D1_N1	0.00786938642493	1	419	C	T
D1_N1	0.00801122616778	1	30	T	C
D1_N1	0.00838714443751	2	570	A	G
D1_N1	0.00845460155443	1	932	A	T
D1_N1	0.00885722211634	2	1168	C	T
D1_N1	0.00921282134067	2	407	A	G
D1_N1	0.00921349259472	2	1479	G	A
D1_N1	0.00927945515884	1	1600	A	G
D1_N1	0.00957497110299	1	738	G	A
D1_N1	0.0101440580555	2	476	C	G
D1_N1	0.0102545932928	1	156	A	T
D1_N1	0.0104667547966	2	1535	A	G
D1_N1	0.0108686401062	2	747	G	A
D1_N1	0.0114482914107	1	1095	A	G
D1_N1	0.0114490099553	1	286	T	C
D1_N1	0.0115136707484	2	1050	T	A
D1_N1	0.0115260736565	2	425	C	A
D1_N1	0.0115759971025	1	1063	A	C
D1_N1	0.0116300843034	1	1226	A	G
D1_N1	0.0122329049553	2	1360	C	A
D1_N1	0.0126892132528	2	941	C	A
D1_N1	0.0131207468821	2	420	G	A
D1_N1	0.013301749878	2	1586	T	A
D1_N1	0.0134839461087	2	515	T	C
D1_N1	0.0136331022612	2	1412	A	T
D1_N1	0.0137723001116	1	522	G	C
D1_N1	0.0139821288953	2	1055	A	G
D1_N1	0.0140785556232	2	1391	C	G
D1_N1	0.0140928132912	1	470	A	C
D1_N1	0.0142618039417	1	606	G	T
D1_N1	0.0152972947392	1	512	C	A
D1_N1	0.0154331440672	1	1567	C	A
D1_N1	0.0154654931111	1	1727	A	G
D1_N1	0.0156950929494	2	1388	C	T
D1_N1	0.01581292843	2	1300	A	G
D1_N1	0.0159036081064	1	833	T	A
D1_N1	0.0161164247945	1	27	A	T
D1_N1	0.0161759952557	1	314	G	T
D1_N1	0.0162144929599	1	465	A	G
D1_N1	0.0164193695352	1	106	A	C
D1_N1	0.0165513779644	2	657	T	G
D1_N1	0.0166633808247	1	1300	A	G
D1_N1	0.0170592994771	1	1024	A	G
D1_N1	0.0171121791229	2	1241	T	G
D1_N1	0.0173878623413	1	1183	A	T
D1_N1	0.0176541296032	2	1167	G	A
D1_N1	0.0182556722518	1	593	A	C
D1_N1	0.0182621989467	1	810	T	C
D1_N1	0.0187671299749	1	1331	A	G
D1_N1	0.0188386879453	2	724	T	A
D1_N1	0.0190446859892	2	875	T	C
D1_N1	0.0190969176681	1	1271	A	G
D1_N1	0.0193062996556	1	1652	T	A
D1_N1	0.0198093199788	2	972	A	G
D1_N1	0.0201425331243	1	1726	A	T
D1_N1	0.0202425060949	1	476	C	G
D1_N1	0.0204458940976	2	1214	T	A
D1_N1	0.0208769122833	1	153	A	G
D1_N1	0.0210734492532	1	517	T	A
D1_N1	0.021166809634	2	1728	T	A
D1_N1	0.0215800940696	2	1307	C	A
D1_N1	0.0216478214282	1	1203	G	A
D1_N1	0.0221233833226	1	474	T	C
D1_N1	0.0234322074333	1	270	T	G
D1_N1	0.0235539218531	1	239	G	T
D1_N1	0.0236771001062	1	454	C	T
D1_N1	0.0238285634547	1	1168	C	G
D1_N1	0.024084160339	1	630	A	T
D1_N1	0.0250508928795	1	987	G	T
D1_N1	0.0251132038528	1	7	A	G
D1_N1	0.0256411950795	1	1607	T	A
D1_N1	0.0257994402265	1	1486	T	C
D1_N1	0.0266122230947	1	136	T	A
D1_N1	0.0267627789101	1	1154	A	G
D1_N1	0.0267797324074	1	562	A	C
D1_N1	0.0268101924864	2	1227	T	A
D1_N1	0.02706735669	1	1138	G	T
D1_N1	0.0273567863344	1	267	A	G
D1_N1	0.0279885065459	1	1504	G	T
D1_N1	0.0280488235356	2	328	T	C
D1_N1	0.0285291562637	1	172	G	T
D1_N1	0.0287618100281	1	792	C	T
D1_N1	0.0302173220054	1	662	C	T
D1_N1	0.0302490276126	2	547	G	A
D1_N1	0.0303474852999	2	117	G	A
D1_N1	0.0304950024253	2	1329	A	G
D1_N1	0.0311753952661	1	107	T	G
D1_N1	0.0313994814703	2	1439	A	C
D1_N1	0.0314611386558	1	985	C	T
D1_N1	0.0317989657478	2	268	A	G
D1_N1	0.0321385638968	2	1605	T	C
D1_N1	0.0322328348348	2	1379	C	T
D1_N1	0.0324857391571	2	1642	G	A
D1_N1	0.0325469512654	2	648	C	G
D1_N1	0.0326960997981	2	810	T	A
D1_N1	0.0331852475026	2	820	A	T
D1_N1	0.0332024631259	2	1109	A	T
D1_N1	0.0332035113303	2	1070	T	A
D1_N1	0.0334405020622	2	1389	C	T
D1_N1	0.0334719546857	1	1277	G	A
D1_N1	0.0337531527877	1	1408	T	A
D1_N1	0.0341924925492	2	899	T	A
D1_N1	0.0344345695054	2	1469	G	A
D1_N1	0.0347426158316	1	859	G	C
D1_N1	0.0353222740607	2	767	C	T
D1_N1	0.0355499119755	2	955	T	C
D1_N1	0.0355500594792	1	953	T	C
D1_N1	0.0365710675441	1	765	T	C
D1_N1	0.0366002916685	1	791	G	T
D1_N1	0.0369487400593	2	634	A	T
D1_N1	0.0372090202711	1	1079	C	T
D1_N1	0.0372619490502	2	1233	G	T
D1_N1	0.0374073392134	2	195	T	A
D1_N1	0.0376499055867	1	391	A	G
D1_N1	0.037979790335	1	1647	T	G
D1_N1	0.0383426598715	2	698	T	C
D1_N1	0.0385833040715	1	590	A	G
D1_N1	0.0391918789915	1	703	C	A
D1_N1	0.0397299035525	1	881	G	A
D1_N1	0.0397341905142	2	111	A	T
D1_N1	0.0397878592675	2	995	T	C
D1_N1	0.0402800414523	2	1249	A	G
D1_N1	0.0409123763063	2	1501	C	T
D1_N1	0.0410755628162	2	1289	A	C
D1_N1	0.0416589566631	1	1593	C	T
D1_N1	0.0419260784933	2	751	A	C
D1_N1	0.0427744763216	2	25	A	G
D1_N1	0.0436921103661	2	918	G	A
D1_N1	0.0442389693614	1	56	C	A
D1_N1	0.0447835385438	2	194	G	A
D1_N1	0.0449539298955	1	410	T	C
D1_N1	0.0450292683053	2	1131	A	T
D1_N1	0.0453506446305	2	1284	G	T
D1_N1	0.0459098295959	1	1714	T	C
D1_N1	0.0459810944228	2	419	C	G
D1_N1	0.0465126853007	1	1566	G	T
D1_N1	0.0470072001882	2	1599	A	T
D1_N1	0.047153540098	2	310	A	G
D1_N1	0.0474985376853	2	1716	A	G
D1_N1	0.0478291785324	1	616	C	T
D1_N1	0.0478926179468	1	1008	G	A
D1_N1	0.0478974551511	2	1358	T	C
D1_N1	0.0487503088625	1	355	G	A
D1_N1	0.0488810875134	2	574	G	A
D1_N1	0.0489811910688	2	922	G	T
D1_N1	0.0492327329931	2	1119	T	A
D1_N1	0.0495154071698	2	1546	A	G
D1_N1	0.0497353537039	2	1598	G	A
D1_N1	0.0509224705882	1	54	A	C
D1_N1	0.0509381792339	2	890	A	T
D1_N1	0.0511620302491	2	182	C	T
D1_N1	0.0513763113552	1	1416	T	C
D1_N1	0.0514988850906	2	255	G	C
D1_N1	0.0516027472087	2	1488	G	A
D1_N1	0.0517156472166	1	1424	G	A
D1_N1	0.0519603055353	1	512	A	C
D1_N1	0.0520380468218	1	1198	C	T
D1_N1	0.0521580875565	2	1153	T	C
D1_N1	0.0522217831005	1	983	G	A
D1_N1	0.0525824926971	2	1058	G	T
D1_N1	0.0530679841027	1	1018	C	G
D1_N1	0.0531685114999	2	1071	T	C
D1_N1	0.0533137526307	2	452	A	C
D1_N1	0.0538785433277	2	1129	C	G
D1_N1	0.0538929393137	1	1259	A	C
D1_N1	0.0539569664084	2	953	T	G
D1_N1	0.0555327035336	1	968	C	T
D1_N1	0.0555916386341	1	796	A	G
D1_N1	0.0556733021541	1	377	A	C
D1_N1	0.0558894558454	1	673	A	C
D1_N1	0.055940203558	2	731	G	A
D1_N1	0.056700276016	2	317	C	T
D1_N1	0.057750743197	2	357	C	A
D1_N1	0.0583440056641	1	1662	T	C
D1_N1	0.0584978871163	1	340	G	A
D1_N1	0.05888313927	1	921	T	C
D1_N1	0.0591873847843	1	890	A	G
D1_N1	0.059211673351	2	151	G	A
D1_N1	0.0592313709128	2	1045	G	T
D1_N1	0.059409779078	2	365	T	A
D1_N1	0.0594713177395	2	1209	A	G
D1_N1	0.059732609004	1	1053	C	T
D1_N1	0.0608388400062	1	1700	T	C
D1_N1	0.0612322490286	1	159	C	A
D1_N1	0.0616137499858	1	1284	G	A
D1_N1	0.062154808447	2	1421	T	C
D1_N1	0.0622060097401	1	1309	A	T
D1_N1	0.0628948245194	1	239	T	A
D1_N1	0.063169935435	1	1	G	C
D1_N1	0.0634644481222	1	1573	T	G
D1_N1	0.0635347362564	1	135	T	C
D1_N1	0.0637133857856	1	745	T	A
D1_N1	0.0637734111231	2	1628	G	T
D1_N1	0.0638451561175	2	421	C	T
D1_N1	0.0644882645565	2	1351	T	C
D1_N1	0.064752384328	1	77	G	A
D1_N1	0.0649273791023	1	1586	T	C
D1_N1	0.065117286498	1	58	G	T
D1_N1	0.065122380955	2	1628	T	C
D1_N1	0.065152554763	1	1723	C	T
D1_N1	0.065618329415	1	30	C	G
D1_N1	0.0657671996185	1	92	T	A
D1_N1	0.0658675350126	1	549	A	G
D1_N1	0.0660136284613	1	1443	C	T
D1_N1	0.0661673525597	2	1521	T	C
D1_N1	0.0662911678678	2	1398	G	T
D1_N1	0.0667457042739	1	547	G	C
D1_N1	0.0671645673364	2	802	C	T
D1_N1	0.0672479676968	1	1020	A	G
D1_N1	0.0672824261092	1	100	G	T
D1_N1	0.0673200621071	2	423	T	A
D1_N1	0.0676517759645	2	1376	C	T
D1_N1	0.0678106647397	1	1659	C	A
D1_N1	0.0678533600075	1	260	G	A
D1_N1	0.0685620650003	1	348	A	G
D1_N1	0.069219206405	2	328	C	T
D1_N1	0.0693054904438	2	347	G	T
D1_N1	0.069331375442	1	951	G	A
D1_N1	0.0694468461947	2	1444	C	T
D1_N1	0.0695141957825	1	1133	G	C
D1_N1	0.0700150288946	2	535	C	T
D1_N1	0.0707506254932	1	10	T	C
D1_N1	0.071202112494	2	584	A	T
D1_N1	0.0713261901282	1	85	C	A
D1_N1	0.0713695781567	2	11	A	C
D1_N1	0.0718435012007	2	1204	G	T
D1_N1	0.0724384174387	1	40	G	A
D1_N1	0.0725239031364	2	934	G	A
D1_N1	0.0726205193654	2	819	G	C
D1_N1	0.0727793197058	2	544	C	T
D1_N1	0.0728348411513	1	575	A	T
D1_N1	0.0731879345009	2	1176	T	C
D1_N1	0.0733360030261	1	1294	A	T
D1_N1	0.0735193209034	2	245	T	C
D1_N1	0.0738877055509	1	630	T	A
D1_N1	0.0740152166287	1	902	C	T
D1_N1	0.0742452717304	1	398	A	T
D1_N1	0.0746843913516	1	329	T	A
D1_N1	0.0751331373665	1	598	A	G
D1_N1	0.0754504314713	1	1073	G	A
D1_N1	0.0754878821526	2	0	A	C
D1_N1	0.075608948932	1	138	A	G
D1_N1	0.0759837485092	2	244	A	G
D1_N1	0.0762965172527	2	1045	T	A
D1_N1	0.0764232601355	2	1144	C	T
D1_N1	0.0765059163075	1	973	G	A
D1_N1	0.0765618238101	2	1224	A	G
D1_N1	0.077105571788	1	954	T	C
D1_N1	0.077828519103	1	1390	A	G
D1_N1	0.0779316396636	1	1708	G	A
D1_N1	0.0781750642799	2	442	A	G
D1_N1	0.0783892874944	1	103	A	C
D1_N1	0.0785076309573	2	1648	T	G
D1_N1	0.0786847256369	2	355	G	C
D1_N1	0.0787393315518	2	490	A	G
D1_N1	0.0791622764034	2	1053	C	T
D1_N1	0.0792103616872	1	1072	A	T
D1_N1	0.0796014447329	1	730	A	T
D1_N1	0.080277513091	2	212	A	C
D1_N1	0.0802934449678	1	1540	A	G
D1_N1	0.0808571431876	2	638	G	A
D1_N1	0.0812420183006	2	1321	G	C
D1_N1	0.0814690166863	1	781	G	A
D1_N1	0.0817649568723	2	771	C	T
D1_N1	0.0817740765754	2	52	A	G
D1_N1	0.0819672622288	1	122	G	A
D1_N1	0.0822840809905	2	802	T	A
D1_N1	0.0824757766419	2	498	C	A
D1_N1	0.082903809024	1	1083	T	G
D1_N1	0.0832987028288	1	1122	G	C
D1_N1	0.0835899011161	1	1370	C	A
D1_N1	0.0836555410314	2	1198	C	T
D1_N1	0.0838218632713	1	1600	G	T
D1_N1	0.0849617271831	1	296	A	T
D1_N1	0.0857152078561	2	963	A	C
D1_N1	0.0858470289068	2	556	G	A
D1_N1	0.0859227583072	2	275	G	A
D1_N1	0.0859321575872	1	507	A	C
D1_N1	0.0864113058159	2	614	C	T
D1_N1	0.0865748713923	1	1464	A	G
D1_N1	0.08670959817	1	742	G	T
D1_N1	0.0870716332094	2	714	T	C
D1_N1	0.0879523873884	2	126	A	T
D1_N1	0.0883333168129	1	243	A	T
D1_N1	0.0892977055526	1	1505	T	C
D1_N1	0.0897753715472	1	300	A	T
D1_N1	0.0906960239409	2	1493	T	G
D1_N1	0.0912669225963	2	1415	G	T
D1_N1	0.0912704693162	2	1470	C	T
D1_N1	0.0917920672616	1	979	T	C
D1_N1	0.0919234668754	2	581	G	T
D1_N1	0.0923078282917	2	1326	C	G
D1_N1	0.0926657579805	1	1308	G	A
D1_N1	0.0935008432385	1	614	C	T
D1_N1	0.0939090982484	1	1545	T	G
D1_N1	0.0942710743192	2	1528	A	G
D1_N1	0.0945816606541	2	1497	G	A
D1_N1	0.0945887466399	2	1637	A	G
D1_N1	0.0946007950605	1	1643	T	C
D1_N1	0.0947427548598	2	246	T	C
D1_N1	0.0948170165527	2	1677	T	C
D1_N1	0.0949203171327	1	1486	C	G
D1_N1	0.0950259617344	1	599	A	G
D1_N1	0.0951748364838	1	372	A	C
D1_N1	0.0954517389326	1	1619	G	A
D1_N1	0.0957875357033	1	1561	T	C
D1_N1	0.0957965873589	2	1060	C	T
D1_N1	0.0958911461301	2	1715	C	T
D1_N1	0.0959278831963	2	242	T	C
D1_N1	0.0966349993595	2	1572	C	T
D1_N1	0.0966898986699	1	501	C	T
D1_N1	0.0967220656847	1	1481	G	T
D1_N1	0.0971171699648	2	561	G	C
D1_N1	0.0971729747899	1	1702	T	G
D1_N1	0.0972437319708	1	1334	T	A
D1_N1	0.0972718671274	1	1593	T	C
D1_N1	0.0974468809111	2	294	T	C
D1_N1	0.0983677206595	2	808	T	A
D1_N1	0.0984744110804	1	1474	C	G
D1_N1	0.0986572630603	2	195	A	G
D1_N1	0.0986915930613	2	419	G	T
D1_N1	0.0990389544542	1	711	G	A
D1_N1	0.099756629472	1	290	A	T
D1_N1	0.100039285702	1	1474	G	A
D1_N1	0.100904330673	2	1583	A	G
D1_N1	0.101163270354	1	485	A	G
D1_N1	0.10133986733	2	974	G	A
D1_N1	0.101340792329	2	1601	C	A
D1_N1	0.101962880869	2	261	C	A
D1_N1	0.102284300718	2	245	C	G
D1_N1	0.102673353138	1	749	C	T
D1_N1	0.102976528773	1	866	T	C
D1_N1	0.103170311372	2	178	G	C
D1_N1	0.103296662224	2	628	A	T
D1_N1	0.103367749105	2	1438	T	C
D1_N1	0.104044914764	1	1560	G	A
D1_N1	0.104112298128	1	1092	A	G
D1_N1	0.104186361422	1	280	T	C
D1_N1	0.104387484246	1	920	T	C
D1_N1	0.104996496393	1	100	T	A
D1_N1	0.105032077873	1	1720	C	T
D1_N1	0.10530089852	2	456	T	G
D1_N1	0.107148701941	2	1607	T	G
D1_N1	0.10757638592	2	1237	A	C
D1_N1	0.107831752626	2	347	T	A
D1_N1	0.107880661243	1	187	T	C
D1_N1	0.10795056979	1	169	A	T
D1_N1	0.108089174551	1	1084	A	T
D1_N1	0.10825828038	1	91	C	A
D1_N1	0.108662197718	1	1541	G	T
D1_N1	0.108905983988	2	311	A	T
D1_N1	0.108959781494	1	730	T	A
D1_N1	0.109265005451	2	19	G	T
D1_N1	0.109464464528	1	1515	C	T
D1_N1	0.109628737446	1	1523	C	G
D1_N1	0.10964700518	1	807	A	G
D1_N1	0.109732209642	2	468	G	T
D1_N1	0.10995722915	2	516	G	A
D1_N1	0.110034197117	2	1286	T	A
D1_N1	0.110196751545	1	1388	T	A
D1_N1	0.110477619815	1	1301	T	G
D1_N1	0.11087687144	1	901	A	G
D1_N1	0.110935554463	2	1384	T	A
D1_N1	0.111633682346	1	1018	G	C
D1_N1	0.111888801144	2	227	T	C
D1_N1	0.112145032434	1	838	A	C
D1_N1	0.112437490853	2	1658	A	T
D1_N1	0.113043710114	2	674	C	T
D1_N1	0.113172889889	2	660	G	A
D1_N1	0.11390873413	1	968	T	C
D1_N1	0.113947574373	2	1029	G	A
D1_N1	0.114128820738	2	25	G	C
D1_N1	0.114299566954	2	1116	G	C
D1_N1	0.114494272821	2	134	T	G
D1_N1	0.114589636414	2	1269	A	G
D1_N1	0.114700871102	2	1060	T	C
D1_N1	0.114725415075	2	502	T	A
D1_N1	0.11532584022	1	208	A	C
D1_N1	0.11566741608	1	1636	A	G
D1_N1	0.116140877259	2	548	C	G
D1_N1	0.116181050269	2	2	T	C
D1_N1	0.116258430276	2	1699	T	C
D1_N1	0.116286820763	1	957	G	A
D1_N1	0.116523319418	2	730	A	T
D1_N1	0.116639385314	1	1135	T	C
D1_N1	0.117095438896	1	1712	A	G
D1_N1	0.117725790076	1	645	A	G
D1_N1	0.118174608306	1	1290	C	G
D1_N1	0.118297263543	2	514	A	G
D1_N1	0.118417319053	2	605	G	T
D1_N1	0.118557577108	1	1352	G	A
D1_N1	0.118769720565	2	123	A	G
D1_N1	0.118893089191	2	1674	T	A
D1_N1	0.118973189663	2	431	T	A
D1_N1	0.119114493372	1	347	T	C
D1_N1	0.119167556657	1	233	A	T
D1_N1	0.119245562541	1	486	G	T
D1_N1	0.119379194761	1	406	A	T
D1_N1	0.119705713474	1	90	C	T
D1_N1	0.119811592157	1	1413	A	C
D1_N1	0.120147373281	2	1694	A	G
D1_N1	0.120204940176	1	1722	T	C
D1_N1	0.120430072159	2	1557	C	T
D1_N1	0.120554036788	2	827	C	G
D1_N1	0.12069381417	2	953	G	A
D1_N1	0.121365382558	1	1167	G	A
D1_N1	0.121540315703	2	419	T	G
D1_N1	0.121620236084	2	1641	A	C
D1_N1	0.122079707003	1	129	C	T
D1_N1	0.122660514872	2	150	T	A
D1_N1	0.123071780327	1	755	G	A
D1_N1	0.123489539286	1	1247	G	A
D1_N1	0.124135969286	2	374	A	G
D1_N1	0.124436155718	1	665	A	G
D1_N1	0.124869217679	2	1013	T	A
D1_N1	0.125475328708	2	1397	T	A
D1_N1	0.126814829092	1	1640	T	C
D1_N1	0.126953365759	2	1504	G	T
D1_N1	0.126984581666	2	1241	G	T
D1_N1	0.127755747484	2	1456	T	A
D1_N1	0.127958198068	2	1383	T	C
D1_N1	0.129102654697	2	1329	G	C
D1_N1	0.12946990184	2	1524	C	T
D1_N1	0.129612138294	2	269	C	T
D1_N1	0.130196687369	1	1631	A	T
D1_N1	0.130360828702	1	1210	C	A
D1_N1	0.130410465467	2	984	C	T
D1_N1	0.130522662937	2	885	G	A
D1_N1	0.130780468417	1	865	C	T
D1_N1	0.130927453475	2	792	C	T
D1_N1	0.13127800495	2	992	G	A
D1_N1	0.131839439565	1	943	A	T
D1_N1	0.132239708232	2	400	G	A
D1_N1	0.132520303332	2	1532	G	C
D1_N1	0.132704968537	1	1082	C	T
D1_N1	0.133171095351	1	609	G	T
D1_N1	0.133443965276	1	282	A	G
D1_N1	0.134076020428	2	661	A	G
D1_N1	0.134617713679	2	1432	T	G
D1_N1	0.134626141326	2	1214	A	G
D1_N1	0.134751087975	2	1344	T	C
D1_N1	0.134756612912	2	835	A	T
D1_N1	0.134880958231	2	1096	A	T
D1_N1	0.135061529276	2	1605	C	T
D1_N1	0.135100155692	2	1157	G	A
D1_N1	0.135416356075	2	750	A	G
D1_N1	0.135438118793	1	530	A	G
D1_N1	0.13569003205	1	236	G	C
D1_N1	0.1361726156	2	508	G	A
D1_N1	0.136233525931	1	1293	C	A
D1_N1	0.136263433137	2	692	C	A
D1_N1	0.136402729972	2	1397	A	T
D1_N1	0.136753484618	1	522	C	T
D1_N1	0.1368793555	1	1424	A	G
D1_N1	0.137284425001	1	1097	T	G
D1_N1	0.137477371306	2	1608	C	G
D1_N1	0.137808510847	1	68	T	A
D1_N1	0.138017389262	2	1242	T	C
D1_N1	0.138296527705	1	1020	G	A
D1_N1	0.138332573562	1	1681	T	G
D1_N1	0.138548275234	1	1039	A	C
D1_N1	0.138740189411	2	723	A	T
D1_N1	0.139011294374	1	309	T	A
D1_N1	0.139049261304	2	975	C	A
D1_N1	0.13990634799	1	1163	C	A
D1_N1	0.140902405484	2	1213	A	C
D1_N1	0.141154347294	2	554	C	G
D1_N1	0.141365505631	1	825	G	A
D1_N1	0.141534758885	1	1239	A	T
D1_N1	0.141566878644	1	952	A	T
D1_N1	0.141585815104	2	677	T	C
D1_N1	0.141857852602	1	1117	C	T
D1_N1	0.142060737432	1	119	A	T
D1_N1	0.143381121703	2	809	C	T
D1_N1	0.143480636373	1	920	C	G
D1_N1	0.143718383999	2	1546	G	C
D1_N1	0.144036836765	2	42	A	C
D1_N1	0.144204221887	1	618	C	G
D1_N1	0.144207929247	2	590	A	G
D1_N1	0.144388197347	1	710	A	G
D1_N1	0.145335565344	1	1051	T	A
D1_N1	0.145572234505	2	1056	G	A
D1_N1	0.145650730506	2	1003	A	T
D1_N1	0.145925191091	2	143	T	A
D1_N1	0.147465671043	1	360	T	G
D1_N1	0.147515458986	1	403	T	A
D1_N1	0.147958374341	2	1169	G	A
D1_N1	0.147973104307	1	1651	T	C
D1_N1	0.148277207415	2	1310	T	A
D1_N1	0.148770324549	2	921	T	G
D1_N1	0.148832007882	1	351	G	T
D1_N1	0.148948945682	1	913	T	C
D1_N1	0.148989770789	2	1345	A	T
D1_N1	0.149022549731	1	48	A	T
D1_N1	0.149764218746	1	1	C	T
D1_N1	0.150290117983	2	452	C	T
D1_N1	0.150992251585	2	990	A	G
D1_N1	0.151168472337	1	1045	G	A
D1_N1	0.151300302016	2	238	A	T
D1_N1	0.152374821858	2	732	A	G
D1_N1	0.152902376288	1	1000	A	T
D1_N1	0.152908435684	2	372	A	T
D1_N1	0.152964113161	1	1700	C	T
D1_N1	0.15337852884	2	1410	T	C
D1_N1	0.153441647561	1	513	A	T
D1_N1	0.153505816946	2	57	G	A
D1_N1	0.154957573871	1	122	G	A
D1_N1	0.155448499694	1	211	T	C
D1_N1	0.156086939872	2	1247	G	A
D1_N1	0.15742133862	2	36	A	G
D1_N1	0.158240348488	2	1232	C	T
D1_N1	0.158256748481	1	807	G	A
D1_N1	0.158422276762	1	597	A	C
D1_N1	0.158563298445	2	543	A	C
D1_N1	0.15865707098	1	1159	T	C
D1_N1	0.15870670887	1	1674	T	A
D1_N1	0.158736177967	2	629	A	G
D1_N1	0.158901028145	2	361	T	C
D1_N1	0.159284759535	1	1285	C	A
D1_N1	0.159515845741	1	1000	T	A
D1_N1	0.160322009418	1	1020	A	G
D1_N1	0.160481008102	2	331	T	G
D1_N1	0.160738309241	2	1346	T	A
D1_N1	0.160838468845	2	1529	T	A
D1_N1	0.160929814621	1	22	A	C
D1_N1	0.161329124987	1	42	A	G
D1_N1	0.162427914023	2	124	A	G
D1_N1	0.162505040795	2	1089	G	A
D1_N1	0.162720227869	1	184	T	C
D1_N1	0.163217043962	1	670	T	C
D1_N1	0.163967128148	1	496	C	A
D1_N1	0.164279828667	1	260	A	C
D1_N1	0.164389965885	1	1249	A	T
D1_N1	0.164534439572	1	1586	C	A
D1_N1	0.16457850729	2	684	A	G
D1_N1	0.16457929832	2	1658	T	G
D1_N1	0.16461526773	1	94	G	A
D1_N1	0.164678186372	1	876	T	A
D1_N1	0.164869244046	1	967	T	C
D1_N1	0.165023228413	1	962	G	A
D1_N1	0.165193139581	2	1138	G	T
D1_N1	0.16537345056	1	1076	G	A
D1_N1	0.165505009871	1	1085	C	T
D1_N1	0.16597480856	1	603	G	A
D1_N1	0.166068690191	1	1457	G	A
D1_N1	0.166267577088	1	105	T	G
D1_N1	0.166769000144	2	33	A	G
D1_N1	0.166855935418	1	560	T	A
D1_N1	0.166901265186	2	1423	A	G
D1_N1	0.166921752851	2	934	A	G
D1_N1	0.166965797148	1	399	G	A
D1_N1	0.167176408632	2	563	T	G
D1_N1	0.167266871465	2	1325	T	C
D1_N1	0.167527040544	2	28	G	T
D1_N1	0.167630487782	1	1467	T	C
D1_N1	0.167669048554	1	1289	A	C
D1_N1	0.167742478584	1	1307	C	T
D1_N1	0.167825242796	2	590	G	T
D1_N1	0.16792715369	2	586	A	G
D1_N1	0.16847752248	1	1030	A	T
D1_N1	0.16960190175	1	1722	C	T
D1_N1	0.169662282035	1	889	A	T
D1_N1	0.169715276138	1	1531	A	G
D1_N1	0.170048584044	2	852	T	C
D1_N1	0.170218287176	2	512	C	T
D1_N1	0.170356269808	1	1153	T	G
D1_N1	0.170664120885	2	963	C	G
D1_N1	0.170683408126	2	1388	T	A
D1_N1	0.171019416028	1	1533	T	A
D1_N1	0.171218059786	2	752	A	C
D1_N1	0.172137207668	1	1317	A	G
D1_N1	0.172651221195	2	1027	T	C
D1_N1	0.172760060757	1	199	C	T
D1_N1	0.173458870113	2	267	A	C
D1_N1	0.173662676517	2	1170	C	A
D1_N1	0.173878721542	1	1272	G	A
D1_N1	0.174251167166	1	1408	T	G
D1_N1	0.174286782796	1	111	A	G
D1_N1	0.174458266741	2	963	G	C
D1_N1	0.174847384343	1	1174	A	C
D1_N1	0.174873193866	2	478	T	A
D1_N1	0.175261195286	2	410	T	G
D1_N1	0.176260084576	2	380	T	C
D1_N1	0.177149970323	1	351	T	C
D1_N1	0.177227784307	2	1657	A	C
D1_N1	0.177448772842	1	32	T	G
D1_N1	0.178090124234	2	448	T	C
D1_N1	0.17821661947	1	96	C	T
D1_N1	0.178263427001	1	270	G	C
D1_N1	0.178264465684	2	1674	A	G
D1_N1	0.178264627323	2	1251	T	G
D1_N1	0.178390614703	1	955	T	C
D1_N1	0.178531116811	1	1540	G	A
D1_N1	0.17899144532	1	1708	A	T
D1_N1	0.179119596986	2	68	A	G
D1_N1	0.18000823121	2	1158	G	T
D1_N1	0.180047826528	2	968	C	T
D1_N1	0.180083810736	1	668	G	T
D1_N1	0.180617130453	2	1201	A	G
D1_N1	0.180834082504	1	1647	G	A
D1_N1	0.181422772275	1	1359	A	C
D1_N1	0.181709790429	1	1009	A	T
D1_N1	0.181838877155	2	1141	C	T
D1_N1	0.182423016271	1	749	C	A
D1_N1	0.182475435744	2	1478	A	T
D1_N1	0.182731229524	1	834	A	G
D1_N1	0.182984146107	2	991	G	A
D1_N1	0.183460086084	2	1282	A	G
D1_N1	0.183584371291	2	1400	C	T
D1_N1	0.183849789653	1	770	G	T
D1_N1	0.184326118694	2	1113	T	C
D1_N1	0.184391331157	2	1174	A	G
D1_N1	0.184497719468	2	449	T	C
D1_N1	0.184726616492	1	973	G	A
D1_N1	0.184951819071	1	1514	T	A
D1_N1	0.185757246019	1	616	T	C
D1_N1	0.185884085277	1	862	G	A
D1_N1	0.186078341672	2	659	G	A
D1_N1	0.186117161414	2	782	T	G
D1_N1	0.186267473874	2	943	A	G
D1_N1	0.186312065357	1	1031	C	T
D1_N1	0.186418632366	2	729	A	G
D1_N1	0.186453286255	2	1105	G	A
D1_N1	0.186627207059	2	1352	G	A
D1_N1	0.187212000213	2	1512	C	T
D1_N1	0.188814771613	2	1199	G	A
D1_N1	0.188907798154	2	1237	C	G
D1_N1	0.189286114101	1	1675	G	A
D1_N1	0.189310410821	1	680	G	T
D1_N1	0.189473631244	2	1655	G	A
D1_N1	0.189776812667	1	1489	G	C
D1_N1	0.189937420385	2	1263	A	T
D1_N1	0.190414855217	1	1270	G	A
D1_N1	0.190865130356	2	1166	T	C
D1_N1	0.191612154927	1	657	T	C
D1_N1	0.191721437789	2	1532	C	T
D1_N1	0.193052005661	1	879	G	T
D1_N1	0.193144638301	2	971	C	T
D1_N1	0.193536467077	1	1561	C	A
D1_N1	0.193834573562	1	1258	A	C
D1_N1	0.193883470372	2	227	C	T
D1_N1	0.194182134537	1	1500	C	T
D1_N1	0.194296917149	2	1464	A	C
D1_N1	0.194372766754	1	1464	G	A
D1_N1	0.194678298278	1	326	G	C
D1_N1	0.19503421477	2	113	G	A
D1_N1	0.195052238633	2	665	A	C
D1_N1	0.195064386811	1	37	G	T
D1_N1	0.195416002552	1	141	C	T
D1_N1	0.196975669767	1	827	C	T
D1_N1	0.197835158017	1	889	T	A
D1_N1	0.197861133247	2	1391	C	A
D1_N1	0.197899428724	2	36	G	A
D1_N1	0.198789759586	2	1716	G	T
D1_N1	0.198923530252	1	754	A	G
D1_N1	0.199151393787	2	1258	A	G
D1_N1	0.199423884234	2	873	A	C
D1_N1	0.199475896455	2	502	A	C
D1_N1	0.199477670908	1	542	T	A
D1_N1	0.199515086119	1	1407	A	G
D1_N1	0.200267079024	2	1463	T	C
D1_N1	0.200290310306	2	893	T	C
D1_N1	0.201074890958	1	721	G	T
D1_N1	0.201150721447	2	719	G	C
D1_N1	0.201450293856	2	1685	T	A
D1_N1	0.20168111618	1	563	T	G
D1_N1	0.201799152308	1	1457	A	G
D1_N1	0.201924231999	1	350	G	A
D1_N1	0.202007760747	2	601	G	A
D1_N1	0.202281426597	2	1596	A	G
D1_N1	0.203086676085	2	884	C	A
D1_N1	0.20345658573	1	1408	G	A
D1_N1	0.203602722563	2	809	T	C
D1_N1	0.203743087721	2	408	G	A
D1_N1	0.203786855427	1	163	G	A
D1_N1	0.204862027766	2	1210	C	T
D1_N1	0.204921757326	1	220	T	G
D1_N1	0.204970515433	2	540	T	A
D1_N1	0.205285012645	1	988	G	A
D1_N1	0.205294385549	2	100	G	C
D1_N1	0.205459909881	2	1415	T	G
D1_N1	0.206045780154	2	202	T	C
D1_N1	0.206083167457	2	1652	T	C
D1_N1	0.206559427791	2	165	G	A
D1_N1	0.206635423352	1	921	C	T
D1_N1	0.206702757487	2	1511	G	T
D1_N1	0.207061168007	2	1668	T	G
D1_N1	0.207410923897	1	611	T	C
D1_N1	0.207657336622	1	505	A	C
D1_N1	0.208045796048	1	544	C	T
D1_N1	0.208385118666	1	942	A	C
D1_N1	0.208548734888	2	595	T	G
D1_N1	0.208804400163	2	1562	A	G
D1_N1	0.209085477137	2	890	T	C
D1_N1	0.209126541778	1	1386	A	C
D1_N1	0.209236124181	2	1269	G	A
D1_N1	0.209497001385	2	590	T	C
D1_N1	0.209789909541	2	275	G	A
D1_N1	0.20988655734	1	1568	T	G
D1_N1	0.209886766691	2	1519	C	T
D1_N1	0.210131007858	2	528	T	A
D1_N1	0.210266680949	2	847	T	G
D1_N1	0.210456806927	2	943	G	A
D1_N1	0.211077436976	1	760	A	C
D1_N1	0.211356015643	2	1587	G	A
D1_N1	0.211384529388	1	1346	T	C
D1_N1	0.211411521995	2	49	G	T
D1_N1	0.211794219465	2	855	C	G
D1_N1	0.211972446444	1	567	G	T
D1_N1	0.212059581552	2	1218	A	G
D1_N1	0.212483139244	2	1194	A	G
D1_N1	0.212639883617	2	1318	T	C
D1_N1	0.212902235072	2	571	C	T
D1_N1	0.213033905548	1	1469	G	C
D1_N1	0.213404291495	2	1254	T	C
D1_N1	0.213719719501	1	597	C	T
D1_N1	0.213732648866	2	407	G	T
D1_N1	0.214375856251	1	139	A	T
D1_N1	0.214834246176	2	1724	A	T
D1_N1	0.215407624408	1	1397	T	A
D1_N1	0.215903169887	2	1381	C	T
D1_N1	0.216519385899	1	236	C	T
D1_N1	0.217039950399	2	1490	G	A
D1_N1	0.217090995393	1	37	T	G
D1_N1	0.217129354379	2	1385	T	C
D1_N1	0.217864648231	2	1661	T	A
D1_N1	0.218290489571	1	986	A	G
D1_N1	0.218585789833	1	933	A	C
D1_N1	0.219207396607	2	1339	A	C
D1_N1	0.219732249601	2	1217	C	A
D1_N1	0.220815430781	1	1568	G	T
D1_N1	0.220898073532	1	1380	T	A
D1_N1	0.221221232977	2	464	G	A
D1_N1	0.221267290349	1	533	T	C
D1_N1	0.221595298514	2	1426	T	C
D1_N1	0.222727905508	2	1430	C	T
D1_N1	0.223002953687	1	407	A	C
D1_N1	0.223422435416	1	548	C	A
D1_N1	0.223503526479	1	204	G	T
D1_N1	0.223544990328	2	502	C	T
D1_N1	0.223960322638	2	1387	C	A
D1_N1	0.224082889069	2	1147	G	A
D1_N1	0.224265586369	1	885	G	C
D1_N1	0.224463000167	2	630	A	C
D1_N1	0.224573594459	1	1449	T	G
D1_N1	0.22574414659	1	68	A	T
D1_N1	0.225811890444	1	133	G	A
D1_N1	0.226075474644	1	1273	A	G
D1_N1	0.226940370764	2	1626	T	A
D1_N1	0.226943351605	2	320	C	A
D1_N1	0.227076110492	2	1050	A	G
D1_N1	0.228521650057	1	1033	C	T
D1_N1	0.228595909989	1	128	G	A
D1_N1	0.229046473203	2	1258	G	A
D1_N1	0.229791930542	2	715	C	G
D1_N1	0.229929868693	2	628	T	A
D1_N1	0.230399718129	2	620	T	A
D1_N1	0.230672453207	1	1718	A	T
D1_N1	0.230684605318	1	793	A	C
D1_N1	0.230729899907	2	1054	C	A
D1_N1	0.231029979396	2	580	T	C
D1_N1	0.231519971197	1	1206	T	A
D1_N1	0.231590748914	1	346	G	A
D1_N1	0.231814081616	1	607	G	A
D1_N1	0.232610177126	2	1312	C	T
D1_N1	0.232853858328	1	866	C	T
D1_N1	0.232879985391	1	1040	G	A
D1_N1	0.23295205409	1	1659	C	T
D1_N1	0.233523787297	1	405	T	G
D1_N1	0.23353480272	2	1280	A	G
D1_N1	0.233672239274	1	1348	T	C
D1_N1	0.233770447571	2	1189	A	C
N1_N2	0.00011659143541	2	1218	G	A
N1_N2	0.000636309873228	2	301	A	C
N1_N2	0.000651432023265	1	703	A	G
N1_N2	0.000890450633053	2	1470	T	C
N1_N2	0.000893284322955	2	1260	T	A
N1_N2	0.00109230594234	1	1567	A	G
N1_N2	0.00119700101342	2	756	G	A
N1_N2	0.00131001207222	2	1378	A	G
N1_N2	0.00198005889692	1	1049	A	C
N1_N2	0.0026569180797	1	849	G	T
N1_N2	0.00278699354998	2	1086	T	A
N1_N2	0.00316781418831	2	1681	T	G
N1_N2	0.00346514829724	1	881	A	G
N1_N2	0.00349941852231	2	175	T	C
N1_N2	0.00370243215451	2	702	C	A
N1_N2	0.00409322068422	1	1415	G	A
N1_N2	0.00410516062963	2	102	A	G
N1_N2	0.00416573328346	2	1707	C	G
N1_N2	0.00439582696401	1	271	T	A
N1_N2	0.00534586083285	1	806	A	T
N1_N2	0.0053465632996	1	1195	A	G
N1_N2	0.00558492442907	2	1679	G	A
N1_N2	0.00569741785359	2	1462	C	A
N1_N2	0.00626415310527	1	1040	A	T
N1_N2	0.00642328458209	1	1099	A	G
N1_N2	0.00672139290837	2	94	G	T
N1_N2	0.0074914791399	2	843	A	C
N1_N2	0.00754781328557	2	670	C	T
N1_N2	0.00756322793065	2	1012	T	C
N1_N2	0.00778770944207	1	242	T	G
N1_N2	0.00789766178204	1	1009	T	C
N1_N2	0.00885124374128	2	1252	T	A
N1_N2	0.00912961627131	1	413	G	A
N1_N2	0.0095408023408	1	1047	G	C
N1_N2	0.00983235826093	2	104	T	A
N1_N2	0.00998726861895	1	795	C	G
N1_N2	0.0100769098952	2	662	T	A
N1_N2	0.0102493425001	1	31	C	T
N1_N2	0.0104921592682	1	454	T	C
N1_N2	0.0109978362108	1	945	A	C
N1_N2	0.0131405227438	1	1353	T	C
N1_N2	0.013196275291	1	897	T	C
N1_N2	0.0132433449162	1	486	T	A
N1_N2	0.0135923759787	2	800	C	G
N1_N2	0.0138106650569	2	535	T	C
N1_N2	0.0140198896052	2	1248	G	C
N1_N2	0.0142025567529	1	666	A	G
N1_N2	0.0142702027084	1	34	C	T
N1_N2	0.014412025509	1	1481	T	A
N1_N2	0.0145211776643	1	59	G	A
N1_N2	0.0145868741161	1	67	G	A
N1_N2	0.0146088881504	1	405	G	C
N1_N2	0.0148739655623	2	819	C	T
N1_N2	0.0150003124616	2	1611	A	T
N1_N2	0.0152217646411	2	221	A	C
N1_N2	0.0153052207402	2	70	T	G
N2_N3	0.000384326681738	2	946	C	A
N2_N3	0.00052990903069	2	887	A	T
N2_N3	0.000593597969926	1	791	T	G
N2_N3	0.000714666679328	2	444	G	A
N2_N3	0.00121932467902	2	625	G	C
N2_N3	0.00157517090179	1	1024	G	T
N2_N3	0.00161935215179	1	1437	A	T
N2_N3	0.00188040949786	1	946	C	A
N2_N3	0.00239422728847	2	697	C	A
N2_N3	0.00244866264738	2	193	A	T
N2_N3	0.00305303167816	2	651	A	T
N2_N3	0.0031795244757	2	1434	G	A
N2_N3	0.0033923673487	1	1622	C	T
N2_N3	0.00348513769519	1	1242	T	C
N2_N3	0.00358430224518	1	1287	G	T
N2_N3	0.00418582048167	1	213	G	A
N2_N3	0.00434568058943	1	316	G	T
N2_N3	0.00447119276717	1	1152	A	T
N2_N3	0.00506835013282	2	707	G	A
N2_N3	0.00550393306805	1	1411	T	C
N2_N3	0.00665797056823	2	606	G	A
N2_N3	0.00693449099195	1	1265	T	G
N3_N4	0.000247163067998	1	485	G	T
N3_N4	0.000548699208993	2	1316	T	G
N3_N4	0.000610908203003	2	963	C	T
N3_N4	0.000627225319081	1	1270	A	G
N3_N4	0.00089046752743	2	141	C	T
N3_N4	0.000894547995498	2	1348	T	G
N3_N4	0.00177859166666	1	532	A	C
N3_N4	0.00207717989781	2	1395	A	C
N3_N4	0.00227049852069	1	529	C	A
N3_N4	0.00247424199908	2	714	C	T
N3_N4	0.00247974892303	2	661	G	T
N3_N4	0.002854362505	1	915	A	G
N3_N4	0.00299297557903	2	809	C	T
N3_N4	0.00321052157417	1	1387	C	G
N3_N4	0.00325085080923	2	738	G	A
N3_N4	0.00379330806596	1	801	G	C
N3_N4	0.00383670430631	1	725	C	T
N3_N4	0.00399622576253	2	171	A	G
N3_N4	0.00404138519681	1	1501	C	T
N3_N4	0.00404160161904	2	963	T	C
N3_N4	0.00444917958414	2	1081	G	A
N3_N4	0.00448909673449	2	193	T	C
N3_N4	0.0048378766071	1	1572	C	T
N3_N4	0.00485627859569	2	1304	T	C
N3_N4	0.00553369909472	2	652	T	C
N3_N4	0.00608612488273	1	970	A	G
N3_N4	0.0064626405425	2	83	A	G
N3_N4	0.00677635712075	2	1430	T	A
N3_N4	0.00686604184678	2	1233	T	C
N3_N4	0.0070780760226	1	525	T	C
N3_N4	0.00752857734033	1	557	C	G
N3_N4	0.00775674930913	2	267	C	A
N3_N4	0.00812818887594	2	665	C	T
N3_N4	0.00835281567297	2	1247	A	T
N3_N4	0.00884945647023	2	535	C	T
N4_Human	2.12077357022e-05	1	966	C	A
N4_Human	7.99831405963e-05	1	380	T	C
N4_Human	0.000137819992516	2	365	A	G
N4_Human	0.000235919040534	1	941	C	A
N4_Human	0.00107540378883	2	1676	G	T
N4_Human	0.00109547059105	1	1281	G	T
N4_Human	0.001224354536	2	1357	C	G
N4_Human	0.00141127927143	2	972	G	A
N4_Human	0.00144081208614	2	1189	C	A
N4_Human	0.00183326292107	2	201	C	A
N4_Human	0.00197908942184	1	121	G	T
N4_Human	0.00257145794906	1	800	C	A
N4_Human	0.0029740497257	1	186	C	T
N4_Human	0.00322934480711	2	487	G	C
N4_Human	0.00341064671656	2	44	C	G
N4_Human	0.00341242855563	1	1405	A	C
N4_Human	0.00346773416257	1	63	C	T
N4_Human	0.0040115308899	1	873	A	G
N4_Human	0.00409964845138	2	693	T	A
N4_Human	0.00461906225166	2	740	A	T
N4_Human	0.00492442602874	1	1599	A	T
N4_Human	0.00507042340027	2	852	C	T
N4_Human	0.00560016155115	2	938	T	C
N4_Human	0.00658639601807	1	215	A	G
N4_Human	0.00661804979107	1	806	T	C
N4_Human	0.00672219303185	1	287	C	T
N4_Human	0.00697071373605	2	1142	A	C
N4_Human	0.00710639691741	1	954	C	T
N4_Human	0.00732226080417	1	727	C	G
N4_Human	0.00748411898531	1	1707	C	A
N4_Human	0.00761699883188	2	1098	A	T
N4_Human	0.00766098198702	2	365	G	C
N4_Human	0.007683037938	2	112	A	T
N4_Human	0.00821443458199	2	933	A	T
N4_Human	0.00912626975328	2	1591	A	T
N4_Human	0.00920340465614	1	448	T	G
N4_Human	0.00948815581192	2	774	C	T
N4_Human	0.00962726499323	2	331	G	A
N4_Human	0.0097078847582	1	911	C	A
N4_Human	0.00974321030395	2	1593	C	T
N4_Human	0.0100303173977	2	975	A	C
N4_Human	0.0100641108536	2	1459	A	C
N4_Human	0.0101294694869	2	657	G	C
N4_Human	0.0105688262727	2	872	A	G
N4_Chimp	0.000332172144499	2	1669	T	C
N4_Chimp	0.000487441448155	2	1698	C	T
N4_Chimp	0.00072363746435	1	848	G	A
N4_Chimp	0.00127293693973	1	1523	G	C
N4_Chimp	0.001438109407	2	801	G	T
N4_Chimp	0.00162887847794	2	1356	A	T
N4_Chimp	0.00183926895407	2	1040	G	A
N4_Chimp	0.00213490092325	2	1094	T	A
N4_Chimp	0.00239817124481	2	762	T	C
N4_Chimp	0.00254134347478	1	483	A	G
N4_Chimp	0.00289900665077	2	422	T	G
N4_Chimp	0.00358852510641	2	905	C	T
N4_Chimp	0.00386302973691	2	982	T	A
N4_Chimp	0.00398360365312	2	1455	G	A
N4_Chimp	0.00409702908097	1	1345	A	T
N4_Chimp	0.00460020901115	1	1015	G	C
N4_Chimp	0.00524563279694	1	962	A	C
N4_Chimp	0.00637103543596	2	1181	T	C
N4_Chimp	0.00671609906473	2	140	A	G
N4_Chimp	0.00743676369998	1	1148	G	A
N4_Chimp	0.00798962745335	2	1630	A	T
N4_Chimp	0.00808132949109	1	1450	T	C
N4_Chimp	0.00808969500983	2	312	C	T
N4_Chimp	0.00840270397369	1	605	G	A
N4_Chimp	0.00840949590932	2	1531	A	G
N4_Chimp	0.00845381579495	2	722	T	C
N4_Chimp	0.00881963758892	2	1487	T	C
N4_Chimp	0.00919217402791	2	1153	C	T
N4_Chimp	0.00930042344828	1	1239	T	C
N4_Chimp	0.00936344049487	2	497	A	T
N4_Chimp	0.00937424616089	1	1060	C	G
N4_Chimp	0.0100933397873	1	864	A	G
N4_Chimp	0.0106546008098	2	683	T	C
N4_Chimp	0.0107034160452	2	694	T	G
N4_Chimp	0.0108137934556	1	1526	T	C
N3_Goril	0.000100403120686	1	1554	T	A
N3_Goril	0.000857311327991	1	1517	C	T
N3_Goril	0.00112820604665	2	448	C	T
N3_Goril	0.00123997631513	2	329	A	G
N3_Goril	0.00158362650326	2	576	A	G
N3_Goril	0.00162415541526	2	562	A	G
N3_Goril	0.00178093786718	1	499	C	T
N3_Goril	0.00239725567582	2	969	G	A
N3_Goril	0.00260300813916	2	559	A	G
N3_Goril	0.00289372253017	1	1127	A	G
N3_Goril	0.00315878417239	2	1226	A	G
N3_Goril	0.00347989113935	1	379	A	C
N3_Goril	0.00361015029363	2	239	G	C
N3_Goril	0.00386577780195	1	1145	T	C
N3_Goril	0.00388607352864	2	179	C	T
N3_Goril	0.0039485813643	1	769	G	A
N3_Goril	0.00404162817008	1	120	A	G
N3_Goril	0.00505233700323	2	207	T	C
N3_Goril	0.00506844908026	2	421	T	G
N3_Goril	0.00544169756008	2	1344	C	A
N3_Goril	0.00584633476309	1	1021	A	T
N3_Goril	0.0058967701772	1	1097	G	C
N3_Goril	0.00590751168146	1	58	T	C
N3_Goril	0.00621410316348	1	261	C	T
N3_Goril	0.00644314648368	2	52	G	C
N3_Goril	0.00645793840409	1	179	C	T
N3_Goril	0.00665612022021	1	1664	A	G
N3_Goril	0.00707836237708	1	264	G	A
N3_Goril	0.00739484647212	1	387	A	G
N3_Goril	0.0080973575118	2	70	G	T
N3_Goril	0.00815058827856	1	316	T	A
N3_Goril	0.00830212389327	1	70	T	G
N3_Goril	0.00845939569495	1	1684	A	G
N3_Goril	0.00848939293127	1	845	G	A
N3_Goril	0.00864155302293	1	492	G	A
N3_Goril	0.00919728356185	1	250	C	T
N3_Goril	0.0093470860667	2	845	G	A
N3_Goril	0.00962483783734	1	284	A	G
N3_Goril	0.00965758174724	1	427	T	G
N3_Goril	0.00976152491628	2	558	C	T
N3_Goril	0.0101041138444	2	457	T	A
N3_Goril	0.0101562517829	2	893	C	T
N3_Goril	0.0102164168375	2	896	A	G
N3_Goril	0.0117547237686	1	696	C	T
N3_Goril	0.0121627892303	1	1659	T	C
N3_Goril	0.0122741428444	2	1331	A	T
N3_Goril	0.0131949223139	2	807	A	G
N3_Goril	0.0136169215729	2	439	A	G
N3_Goril	0.0147067129757	1	588	A	G
N3_Goril	0.0149649339574	2	653	A	T
N3_Goril	0.0150273863965	2	685	A	T
N3_Goril	0.0151459735209	1	1271	G	A
N3_Goril	0.0153179991847	2	126	A	G
N3_Goril	0.0154337458526	2	645	A	G
N3_Goril	0.0154414272693	1	984	T	C
N3_Goril	0.0154619573111	2	1297	A	G
N3_Goril	0.0155817075156	2	775	A	G
N3_Goril	0.0156393929765	1	396	C	A
N3_Goril	0.0156424791642	1	1190	T	C
N3_Goril	0.0156581859061	1	1497	G	A
N3_Goril	0.015781184059	1	217	A	T
N3_Goril	0.0165646409387	1	576	A	G
N3_Goril	0.0167878887496	1	239	A	C
N3_Goril	0.0169236010154	2	977	C	G
N3_Goril	0.0169763755935	1	1637	A	G
N3_Goril	0.0171224936343	1	188	T	C
N3_Goril	0.0178918178676	2	161	T	C
N3_Goril	0.0180106886201	1	1243	C	T
N3_Goril	0.0183923381857	2	1023	T	C
N3_Goril	0.0188028561662	2	1139	A	C
N3_Goril	0.0188775550449	1	1498	C	G
N3_Goril	0.0196115537058	1	719	G	A
N3_Goril	0.0199523806613	1	557	C	T
N2_Orang	0.00013477889893	1	223	T	A
N2_Orang	0.00118018955968	2	388	A	T
N2_Orang	0.0013171261171	2	1628	C	T
N2_Orang	0.00180412155126	1	940	C	T
N2_Orang	0.00212487407349	2	1035	C	A
N2_Orang	0.00231041805742	2	254	G	A
N2_Orang	0.00239377843382	1	1306	T	G
N2_Orang	0.00244985524306	1	1634	A	G
N2_Orang	0.00271657702669	2	663	G	A
N2_Orang	0.00290915643355	2	815	C	T
N2_Orang	0.00300535994656	1	1491	T	G
N2_Orang	0.00349688501136	2	871	A	G
N2_Orang	0.00436123538699	1	1555	C	T
N2_Orang	0.00468488946279	1	894	C	G
N2_Orang	0.00489686483704	1	307	C	A
N2_Orang	0.00505491504459	1	476	G	T
N2_Orang	0.00524866252553	1	1322	C	G
N2_Orang	0.00551534955597	2	166	C	T
N2_Orang	0.0059369457512	1	779	G	T
N2_Orang	0.00601331723058	2	1450	T	A
N2_Orang	0.00605654134536	1	458	G	T
N2_Orang	0.00698472045158	1	1554	T	A
N2_Orang	0.00708947590766	1	1044	T	G
N2_Orang	0.00742767716891	1	1477	A	T
N2_Orang	0.00821958207061	2	1099	A	G
N2_Orang	0.00849461013349	1	1087	A	T
N2_Orang	0.00858507187476	2	499	C	A
N2_Orang	0.00913355937514	1	1090	T	C
N2_Orang	0.00969198078984	1	918	G	A
N2_Orang	0.0107496938272	1	816	A	G
N2_Orang	0.0113223041571	1	1522	G	A
N2_Orang	0.0116026980116	2	1303	C	T
N2_Orang	0.0120734316959	1	602	T	G
N2_Orang	0.0122380988769	2	458	G	T
N2_Orang	0.012449309405	2	810	A	T
N2_Orang	0.0129447144793	1	1473	T	G
N2_Orang	0.0134439468234	2	9	T	G
N2_Orang	0.0135354151867	1	1656	A	G
N2_Orang	0.0137690821179	2	1207	G	C
N2_Orang	0.0140117156495	2	1393	C	T
N2_Orang	0.0140440308347	2	454	C	G
N2_Orang	0.0141996860111	2	412	C	A
N2_Orang	0.0144486844535	1	1134	A	G
N2_Orang	0.0152690504285	2	706	A	G
N2_Orang	0.0156373822196	2	1677	C	T
N2_Orang	0.0157395818733	2	1202	A	G
N2_Orang	0.0157423076553	2	1488	A	T
N2_Orang	0.0159191277925	2	1157	A	C
N2_Orang	0.016241963714	1	1190	T	A
N2_Orang	0.0163684484773	1	729	A	G
N2_Orang	0.0164582066349	1	983	A	T
N2_Orang	0.0165145384226	2	328	T	G
N2_Orang	0.0168934890574	2	1636	A	T
N2_Orang	0.0175284666942	1	1538	A	C
N2_Orang	0.0175389445783	1	221	A	C
N2_Orang	0.0177183509975	2	1453	C	T
N2_Orang	0.0177966613859	2	465	A	G
N2_Orang	0.0180972167136	1	204	T	C
N2_Orang	0.0182015186449	2	1430	T	C
N2_Orang	0.0183634703486	1	521	A	T
N2_Orang	0.0184272495458	1	660	G	T
N2_Orang	0.0185340200141	1	854	G	A
N2_Orang	0.0185947044866	2	1337	A	G
N1_Macaq	0.000798623776924	1	125	A	G
N1_Macaq	0.000845115526956	1	1675	A	T
N1_Macaq	0.00175848303254	1	1244	A	G
N1_Macaq	0.00204307667883	2	698	C	A
N1_Macaq	0.00212563015052	2	420	A	G
N1_Macaq	0.00214162539592	2	834	A	G
N1_Macaq	0.00236124580196	2	1277	A	T
N1_Macaq	0.00314206531259	1	1263	A	G
N1_Macaq	0.00340973584859	2	1125	T	C
N1_Macaq	0.00363109363423	2	967	T	A
N1_Macaq	0.00463592669585	2	1566	G	C
N1_Macaq	0.00531179548465	2	101	C	A
N1_Macaq	0.0053665135608	2	1338	T	C
N1_Macaq	0.00545920322685	1	351	C	T
N1_Macaq	0.00550485008893	2	534	G	A
N1_Macaq	0.00575761588819	1	161	T	A
N1_Macaq	0.00584730550183	2	129	C	T
N1_Macaq	0.00635128561276	2	356	A	T
N1_Macaq	0.00656911182697	2	1355	T	A
N1_Macaq	0.00735240964833	2	1248	G	C
N1_Macaq	0.00745384114525	2	769	G	T
N1_Macaq	0.00772258956151	1	116	G	A
N1_Macaq	0.0081452060398	1	710	G	A
N1_Macaq	0.00833560347612	2	243	A	G
N1_Macaq	0.00892944784684	2	1730	A	G
N1_Macaq	0.00929090128243	1	1248	G	A
N1_Macaq	0.00970868346598	2	1362	A	T
N1_Macaq	0.00992746771846	1	1654	A	T
N1_Macaq	0.0101140174265	1	615	C	G
N1_Macaq	0.0101838814536	1	671	A	G
N1_Macaq	0.0108297952445	1	507	C	A
N1_Macaq	0.0109547087787	2	731	A	T
N1_Macaq	0.0110257940038	2	477	G	A
N1_Macaq	0.0111307529599	1	880	A	G
N1_Macaq	0.0112193528969	1	1714	T	A
N1_Macaq	0.0115900475446	1	856	A	G
N1_Macaq	0.0117695407817	1	1311	C	A
N1_Macaq	0.0118604215568	2	19	T	C
N1_Macaq	0.0119193062533	1	1400	C	A
N1_Macaq	0.012453110248	2	1078	T	G
N1_Macaq	0.0124890070963	2	1159	T	C
N1_Macaq	0.0127265631121	2	830	G	A
N1_Macaq	0.0135166316936	2	382	C	A
N1_Macaq	0.0142123696745	1	964	G	C
N1_Macaq	0.0148015587786	1	1609	T	A
N1_Macaq	0.0149303436633	2	1636	A	G
N1_Macaq	0.0154185149597	2	1122	G	T
N1_Macaq	0.0158034626492	1	664	A	G
N1_Macaq	0.0161067519352	1	32	G	A
N1_Macaq	0.0164175748788	1	700	C	G
N1_Macaq	0.0168222999346	2	1132	G	T
N1_Macaq	0.0173732194488	1	1450	T	G
N1_Macaq	0.0175667564527	2	950	C	G
N1_Macaq	0.0178764131991	1	1698	C	G
N1_Macaq	0.0182812330729	2	721	G	C
N1_Macaq	0.0184458378605	2	362	A	G
N1_Macaq	0.0186516686909	1	737	C	T
N1_Macaq	0.0188047769262	2	84	A	G
N1_Macaq	0.0191416480262	1	384	A	T
N1_Macaq	0.0192153708721	2	1140	A	C
N1_Macaq	0.0193132261154	1	1233	G	A
N1_Macaq	0.019706091001	2	1177	A	C
N1_Macaq	0.0197868434262	2	1113	C	A
N1_Macaq	0.0200270607112	1	1359	C	T
N1_Macaq	0.0209260524072	1	226	G	A
N1_Macaq	0.0213696895818	1	1615	A	T
N1_Macaq	0.0214712921832	2	235	C	T
N1_Macaq	0.0216845422524	1	11	C	T
N1_Macaq	0.0218948094168	2	1601	A	G
N1_Macaq	0.0226161835463	2	576	A	G
N1_Macaq	0.0228282232086	1	1407	G	T
N1_Macaq	0.0234239229373	1	255	G	A
N1_Macaq	0.0236087242182	2	965	T	C
N1_Macaq	0.0243859020184	2	1264	G	A
N1_Macaq	0.0245257001605	1	208	C	A
N1_Macaq	0.0245686481686	1	34	C	T
N1_Macaq	0.0247221122026	2	730	T	G
N1_Macaq	0.0248826999915	2	90	C	A
N1_Macaq	0.0251517161078	1	1016	A	G
N1_Macaq	0.0251643842757	2	1588	C	T
N1_Macaq	0.0253166557072	2	1574	T	C
N1_Macaq	0.0259959567578	2	25	C	T
N1_Macaq	0.0262345517256	2	1297	A	C
N1_Macaq	0.0265586419447	2	513	A	G
N1_Macaq	0.0265999743031	2	1435	T	G
N1_Macaq	0.027229024591	1	1144	C	A
N1_Macaq	0.0274618695552	1	964	C	A
N1_Macaq	0.0279214304282	1	1207	G	A
N1_Macaq	0.0284459514735	1	696	C	T
N1_Macaq	0.0286383233041	2	667	T	C
N1_Macaq	0.0289668691903	1	1068	T	A
N1_Macaq	0.0290791890255	2	1050	G	C
N1_Macaq	0.029354134236	1	897	T	C
N1_Macaq	0.0293575499712	1	1113	T	C
N1_Macaq	0.0293726968475	2	1155	T	G
N1_Macaq	0.0296230113052	2	1099	A	T
N1_Macaq	0.0297907193333	1	22	C	A
N1_Macaq	0.0298780547973	2	1039	A	G
N1_Macaq	0.0302814416878	1	1181	T	C
N1_Macaq	0.0311332999602	1	1003	A	G
N1_Macaq	0.0312865483751	2	467	T	A
N1_Macaq	0.031651398455	2	812	T	G
N1_Macaq	0.0317373016807	1	86	G	T
N1_Macaq	0.0321373405509	1	77	A	G
N1_Macaq	0.0324151781949	2	722	T	C
N1_Macaq	0.0325121092797	1	581	G	A
N1_Macaq	0.0325714141224	2	1177	C	A
N1_Macaq	0.0326062444625	2	845	G	C
N1_Macaq	0.032626734621	2	1342	A	G
N1_Macaq	0.0332010513698	2	1298	G	C
N1_Macaq	0.0333430188233	1	196	G	A
N1_Macaq	0.0334035126761	1	1092	G	A
N1_Macaq	0.0334396602081	1	1220	A	C
N1_Macaq	0.0339329032071	2	821	G	T
N1_Macaq	0.033939597676	2	1063	A	G
N1_Macaq	0.0354233558912	2	731	T	C
N1_Macaq	0.0358061612584	1	582	C	A
N1_Macaq	0.0360092963234	1	983	A	G
N1_Macaq	0.0364112279803	1	1562	A	G
N1_Macaq	0.0364906257762	1	733	A	G
N1_Macaq	0.0368505536532	1	1061	A	G
N1_Macaq	0.0369975354276	2	568	G	A
N1_Macaq	0.037227758892	1	1581	G	A
N1_Macaq	0.0372343222824	1	289	T	G
N1_Macaq	0.0372955435042	1	1217	C	A
N1_Macaq	0.0373106643419	1	1364	T	A
N1_Macaq	0.037453191973	1	364	A	T
N1_Macaq	0.0375524863736	2	1224	G	T
N1_Macaq	0.0376367024837	1	538	A	G
N1_Macaq	0.0377172278622	1	1032	T	C
N1_Macaq	0.0379596567784	1	1247	A	G
N1_Macaq	0.038192827245	2	85	C	T
N1_Macaq	0.0395114515527	1	765	C	T
N1_Macaq	0.0398412431284	2	57	A	G
N1_Macaq	0.0401043811241	1	804	A	C
N1_Macaq	0.0404769459392	2	1360	A	C
N1_Macaq	0.0404984517759	2	829	A	T
N1_Macaq	0.0411392965659	2	695	G	C
N1_Macaq	0.0415370913113	1	1570	C	A
N1_Macaq	0.0416468010855	1	697	C	A
N1_Macaq	0.0419357712627	1	1138	G	A
N1_Macaq	0.0421569559315	2	134	G	C
N1_Macaq	0.0425251487428	1	360	G	A
N1_Macaq	0.0426128232788	1	116	A	G
N1_Macaq	0.0426193742422	2	1464	C	T
N1_Macaq	0.0426975686594	2	1302	T	C
N1_Macaq	0.0427395790219	1	145	T	C
N1_Macaq	0.0428586922268	2	572	A	T
N1_Macaq	0.04290429942	1	1379	C	T
N1_Macaq	0.0430056338468	2	1405	T	G
N0_Mouse	0.00044253698554	0	1113	T	G
N0_Mouse	0.00119587938648	0	1704	C	T
N0_Mouse	0.00177827537062	0	101	C	T
N0_Mouse	0.00291805660208	0	376	G	T
N0_Mouse	0.00434452287928	0	1164	A	G
N0_Mouse	0.00519785131055	0	456	T	A
N0_Mouse	0.00593418919188	0	698	T	G
N0_Mouse	0.00731330938445	0	676	G	A
N0_Mouse	0.00771440511437	0	1608	C	G
N0_Mouse	0.0080591784169	0	1633	G	A
N0_Mouse	0.00830455843716	0	640	G	C
N0_Mouse	0.00861803281334	0	1069	C	T
N0_Mouse	0.00886252606926	0	1707	C	A
N0_Mouse	0.00936528799086	0	1486	T	C
N0_Mouse	0.00954918404311	0	777	A	G
N0_Mouse	0.010042996148	0	1732	T	C
N0_Mouse	0.0148815813116	0	902	T	A
N0_Mouse	0.0153575925103	0	22	A	G
N0_Mouse	0.015683288473	0	185	T	A
N0_Mouse	0.015933750331	0	1633	A	G
N0_Mouse	0.0162825867633	0	435	G	A
N0_Mouse	0.0167877303268	0	602	T	A
N0_Mouse	0.0174346695733	0	609	G	A
N0_Mouse	0.0180061785862	0	308	T	A
N0_Mouse	0.0181733021215	0	1371	T	C
N0_Mouse	0.0182025718525	0	671	A	T
N0_Mouse	0.0183563617493	0	893	T	G
N0_Mouse	0.0183654252277	0	165	G	T
N0_Mouse	0.0188429998304	0	668	G	C
N0_Mouse	0.0194470374503	0	1138	G	T
N0_Mouse	0.0202591323718	0	924	G	A
N0_Mouse	0.020755000941	0	1652	T	A
N0_Mouse	0.0211218056221	0	1220	A	G
N0_Mouse	0.0212211640656	0	347	G	A
N0_Mouse	0.0215941844404	0	1586	T	G
N0_Mouse	0.0220981252972	0	1027	T	G
N0_Mouse	0.0223748407248	0	383	A	T
N0_Mouse	0.0227894246839	0	169	A	T
N0_Mouse	0.0234193326872	0	534	G	C
N0_Mouse	0.0236608014239	0	585	G	A
N0_Mouse	0.0237796622964	0	898	A	G
N0_Mouse	0.0253353653758	0	1413	A	G
N0_Mouse	0.0264037516045	0	1516	A	C
N0_Mouse	0.0276731948238	0	1473	C	T
N0_Mouse	0.0277134036961	0	1007	A	T
N0_Mouse	0.0286784367668	0	34	C	T
N0_Mouse	0.0292961867225	0	976	T	G
N0_Mouse	0.0298539799051	0	591	A	G
N0_Mouse	0.0301454132624	0	828	A	G
N0_Mouse	0.0302131174092	0	504	T	G
N0_Mouse	0.0303187243214	0	1309	T	G
N0_Mouse	0.0303294495671	0	1001	A	G
N0_Mouse	0.0306388392979	0	878	A	G
N0_Mouse	0.03169185694	0	779	G	A
N0_Mouse	0.031920468483	0	1007	T	C
N0_Mouse	0.0337311119698	0	283	T	G
N0_Mouse	0.0337834618092	0	904	A	T
N0_Mouse	0.0338215730484	0	350	G	T
N0_Mouse	0.0339640245644	0	1061	T	C
N0_Mouse	0.0341917287702	0	1711	C	T
N0_Mouse	0.0350033171184	0	91	C	T
N0_Mouse	0.0371144444922	0	127	G	C
N0_Mouse	0.0378966534567	0	1679	G	C
N0_Mouse	0.0386514226393	0	1002	G	A
N0_Mouse	0.0394990834469	0	946	C	A
N0_Mouse	0.0397463035016	0	631	C	T
N0_Mouse	0.0398802313767	0	738	G	A
N0_Mouse	0.0408291463529	0	1116	G	A
N0_Mouse	0.0409845816647	0	258	A	T
N0_Mouse	0.0417418259933	0	402	C	T
N0_Mouse	0.0420172637356	0	697	C	A
N0_Mouse	0.0423774020212	0	728	A	T
N0_Mouse	0.0432531396261	0	128	G	A
N0_Mouse	0.0446566043685	0	1538	A	G
N0_Mouse	0.0472779953027	0	998	T	C
N0_Mouse	0.047331103415	0	1409	T	C
N0_Mouse	0.0477673380504	0	654	G	A
N0_Mouse	0.0483564007092	0	1453	C	A
N0_Mouse	0.0493369839752	0	1032	T	C
N0_Mouse	0.0494054774518	0	1075	T	G
N0_Mouse	0.0494289446824	0	1723	C	T
N0_Mouse	0.049556997109	0	1620	T	C
N0_Mouse	0.0504809436759	0	1122	G	C
N0_Mouse	0.0517024152897	0	756	G	A
N0_Mouse	0.0517418867721	0	337	A	T
N0_Mouse	0.0525287089409	0	604	C	G
N0_Mouse	0.052987364952	0	1284	G	A
N0_Mouse	0.0531958639699	0	1495	C	T
N0_Mouse	0.0537997184946	0	209	A	G
N0_Mouse	0.0543188090594	0	76	G	A
N0_Mouse	0.0545162996526	0	1696	T	A
N0_Mouse	0.0550192418501	0	83	A	G
N0_Mouse	0.0557626391792	0	947	C	T
N0_Mouse	0.0563919397585	0	1483	A	T
N0_Mouse	0.0567527126089	0	614	C	T
N0_Mouse	0.0568258968572	0	408	G	A
N0_Mouse	0.0572739434812	0	137	C	T
N0_Mouse	0.0573698767581	0	1160	G	A
N0_Mouse	0.0593353045495	0	989	C	T
N0_Mouse	0.0601729334241	0	775	A	G
N0_Mouse	0.0606916034156	0	891	T	C
N0_Mouse	0.061087498617	0	690	C	T
N0_Mouse	0.0614678971131	0	1691	G	T
N0_Mouse	0.0620608225489	0	346	G	A
N0_Mouse	0.0627655307919	0	1206	T	C
N0_Mouse	0.0628757263762	0	656	T	C
N0_Mouse	0.0639007561235	0	341	G	C
N0_Mouse	0.064088414526	0	1693	A	G
N0_Mouse	0.0644337909615	0	563	A	G
N0_Mouse	0.064811100641	0	877	G	A
N0_Mouse	0.0648206858095	0	317	C	A
N0_Mouse	0.0649059157898	0	1421	T	A
N0_Mouse	0.0664986732335	0	227	T	G
N0_Mouse	0.0675305603504	0	1346	T	C
N0_Mouse	0.0684296357725	0	83	G	A
N0_Mouse	0.0684996908118	0	1125	T	C
N0_Mouse	0.0688655852855	0	564	T	A
N0_Mouse	0.0689190901078	0	1597	T	C
N0_Mouse	0.0700733726479	0	490	A	G
N0_Mouse	0.0702306505985	0	324	C	A
N0_Mouse	0.0702907098177	0	1191	G	A
N0_Mouse	0.0703070455914	0	1302	T	C
N0_Mouse	0.071060716946	0	559	A	T
N0_Mouse	0.0714670651915	0	1490	G	T
N0_Mouse	0.0715423665623	0	532	A	G
N0_Mouse	0.0716814765763	0	1010	A	C
N0_Mouse	0.0717244893373	0	313	A	T
N0_Mouse	0.0717341915775	0	38	G	T
N0_Mouse	0.0720977533503	0	1609	T	C
N0_Mouse	0.0727811614947	0	522	G	A
N0_Mouse	0.073324185496	0	1076	G	C
N0_Mouse	0.0738032417614	0	853	A	G
N0_Mouse	0.0740531368431	0	693	T	A
N0_Mouse	0.0750991852911	0	671	T	C
N0_Mouse	0.0751050036928	0	1252	T	A
N0_Mouse	0.0763544205138	0	563	G	A
N0_Mouse	0.0768822671548	0	1296	G	T
N0_Mouse	0.0768997577651	0	860	C	A
N0_Mouse	0.0777991647925	0	1345	A	C
N0_Mouse	0.0784252152964	0	1462	C	G
N0_Mouse	0.0800960694098	0	1437	G	A
N0_Mouse	0.0803776955168	0	756	A	G
N0_Mouse	0.0810170040329	0	1196	G	A
N0_Mouse	0.0811491215583	0	1335	G	C
N0_Mouse	0.0818937367929	0	525	T	C
N0_Mouse	0.0822804782832	0	667	T	C
N0_Mouse	0.084981093403	0	1543	G	A
N0_Mouse	0.0850087110809	0	588	A	G
N0_Mouse	0.0859484635624	0	947	T	G
N0_Mouse	0.0861506226514	0	838	A	G
N0_Mouse	0.0871369737598	0	425	C	A
N0_Mouse	0.0880825415392	0	601	G	A
N0_Mouse	0.0886549174804	0	1498	C	T
N0_Mouse	0.0896932048825	0	1381	C	T
N0_Mouse	0.0898381892718	0	727	C	T
N0_Mouse	0.0903127141146	0	220	T	C
N0_Mouse	0.0908236036675	0	275	G	T
N0_Mouse	0.0910900677205	0	1561	T	G
N0_Mouse	0.0928131959046	0	599	A	G
N0_Mouse	0.093201573785	0	1012	T	A
N0_Mouse	0.0935364775843	0	251	T	C
N0_Mouse	0.0937159528422	0	1537	C	T
N0_Mouse	0.0941256536835	0	1046	A	G
N0_Mouse	0.0941375954484	0	1689	T	G
N0_Mouse	0.0947629127185	0	1015	G	T
N0_Mouse	0.0948917354328	0	502	T	C
N0_Mouse	0.0949219386276	0	929	T	A
N0_Mouse	0.0965545092784	0	905	C	T
N0_Mouse	0.0974993470033	0	234	T	A
N0_Mouse	0.098058383244	0	1266	C	T
N0_Mouse	0.100048514722	0	869	A	G
N0_Mouse	0.100368132793	0	540	T	A
N0_Mouse	0.102498359709	0	803	T	G
N0_Mouse	0.10364145163	0	625	G	A
N0_Mouse	0.104589490005	0	1096	G	T
N0_Mouse	0.105693531048	0	1538	G	A
N0_Mouse	0.106074374461	0	1111	T	C
N0_Mouse	0.10627619406	0	196	G	C
N0_Mouse	0.106624393751	0	1622	C	T
N0_Mouse	0.107929027687	0	1690	G	A
N0_Mouse	0.108198919545	0	967	T	C
N0_Mouse	0.108239637899	0	306	A	G
N0_Mouse	0.108683934074	0	1408	T	A
N0_Mouse	0.10895115241	0	355	G	A
N0_Mouse	0.109309167234	0	379	A	T
N0_Mouse	0.111725728231	0	887	A	C
N0_Mouse	0.111954456237	0	287	C	A
N0_Mouse	0.112488652834	0	620	T	C
N0_Mouse	0.11327493559	0	1215	G	C
N0_Mouse	0.113674606083	0	210	G	T
N0_Mouse	0.114415732287	0	161	T	G
N0_Mouse	0.114496594532	0	639	A	G
N0_Mouse	0.114717664396	0	1106	C	T
N0_Mouse	0.114810109674	0	894	T	C
N0_Mouse	0.115280313593	0	909	A	C
N0_Mouse	0.11676532487	0	462	A	T
N0_Mouse	0.11726483656	0	1455	G	A
N0_Mouse	0.117305885721	0	692	C	T
N0_Mouse	0.117457605604	0	486	T	C
N0_Mouse	0.117581369741	0	1048	G	T
N0_Mouse	0.118508758473	0	73	A	C
N0_Mouse	0.119048829027	0	1652	A	C
N0_Mouse	0.119100952444	0	1115	C	G
N0_Mouse	0.119377836179	0	1532	G	A
N0_Mouse	0.119611283393	0	1379	C	T
N0_Mouse	0.11983898996	0	280	T	A
N0_Mouse	0.120415899921	0	1694	A	G
N0_Mouse	0.121584674063	0	1357	C	T
N0_Mouse	0.12195410101	0	1132	G	A
N0_Mouse	0.121966418685	0	1531	A	G
N0_Mouse	0.122359733093	0	1542	A	T
N0_Mouse	0.123462422565	0	1720	C	T
N0_Mouse	0.124721943567	0	508	G	A
N0_Mouse	0.124879894567	0	1432	T	G
N0_Mouse	0.125249337993	0	1702	T	G
N0_Mouse	0.125659496363	0	1731	T	A
N0_Mouse	0.126190753069	0	747	G	A
N0_Mouse	0.126274331929	0	1372	T	A
N0_Mouse	0.12658434252	0	738	A	T
N0_Mouse	0.129741874546	0	865	C	A
N0_Mouse	0.130040054993	0	702	C	T
N0_Mouse	0.132147454246	0	1561	G	T
N0_Mouse	0.132354142052	0	1391	C	T
N0_Mouse	0.132578550838	0	1603	C	T
N0_Mouse	0.132904561029	0	736	T	G
N0_Mouse	0.133517526665	0	485	A	T
N0_Mouse	0.133839820171	0	243	A	G
N0_Mouse	0.134077836189	0	14	A	G
N0_Mouse	0.134552983607	0	1316	T	G
N0_Mouse	0.134971516972	0	1450	A	T
N0_Mouse	0.135020483567	0	280	A	T
N0_Mouse	0.135297207974	0	1460	A	G
N0_Mouse	0.13607706614	0	1283	C	A
N0_Mouse	0.13609413142	0	1449	T	G
N0_Mouse	0.137629201801	0	797	T	C
N0_Mouse	0.139141298703	0	1591	A	T
N0_Mouse	0.139804732667	0	618	C	T
N0_Mouse	0.140185350519	0	1010	C	G
N0_Mouse	0.140760866144	0	940	C	T
N0_Mouse	0.141639601697	0	635	T	C
N0_Mouse	0.143029975047	0	63	C	T
N0_Mouse	0.143284867516	0	309	T	C
N0_Mouse	0.144619236828	0	1578	C	G
N0_Mouse	0.144738153722	0	299	G	C
N0_Mouse	0.14537569766	0	354	C	A
N0_Mouse	0.145435845894	0	449	T	G
N0_Mouse	0.145888213723	0	347	A	G
N0_Mouse	0.146306116498	0	160	A	G
N0_Mouse	0.14638702737	0	85	C	T
N0_Mouse	0.147137464505	0	1498	T	C
N0_Mouse	0.147814057818	0	914	G	A
N0_Mouse	0.147929403069	0	1283	A	G
N0_Mouse	0.148870825854	0	379	T	C
N0_Mouse	0.149500074457	0	3	A	T
N0_Mouse	0.150068758185	0	1625	A	C
N0_Mouse	0.150840239169	0	628	A	G
N0_Mouse	0.151462097932	0	951	G	T
N0_Mouse	0.151544829664	0	1057	A	G
N0_Mouse	0.152609513767	0	177	A	G
N0_Mouse	0.152678496828	0	603	G	A
N0_Mouse	0.153211621312	0	372	A	G
N0_Mouse	0.153869667012	0	95	A	G
N0_Mouse	0.153931491369	0	665	A	G
N0_Mouse	0.1546323862	0	1217	C	A
N0_Mouse	0.154758828126	0	843	A	C
N0_Mouse	0.155029746378	0	1076	C	T
N0_Mouse	0.15646667372	0	961	T	A
N0_Mouse	0.156510121609	0	699	A	G
N0_Mouse	0.156640264303	0	156	A	C
N0_Mouse	0.156701858413	0	389	C	T
N0_Mouse	0.156974816368	0	24	T	C
N0_Mouse	0.157357360407	0	986	A	T
N0_Mouse	0.157771616266	0	691	A	G
N0_Mouse	0.159285665459	0	1577	C	T
N0_Mouse	0.159798935263	0	1654	A	C
N0_Mouse	0.161178060771	0	232	T	C
N0_Mouse	0.161813143516	0	1146	C	T
N0_Mouse	0.161973887518	0	1088	A	C
N0_Mouse	0.162005490494	0	649	A	T
N0_Mouse	0.164107004088	0	969	G	A
N0_Mouse	0.164356043082	0	733	G	A
N0_Mouse	0.164443816191	0	900	C	T
N0_Mouse	0.164804109066	0	1064	G	A
N0_Mouse	0.164849544542	0	616	C	G
N0_Mouse	0.164920004414	0	924	A	G
N0_Mouse	0.16623932854	0	1148	G	T
N0_Mouse	0.166372912508	0	669	T	A
N0_Mouse	0.166438635719	0	1406	C	T
N0_Mouse	0.167915970162	0	891	C	A
N0_Mouse	0.168127502657	0	370	A	G
N0_Mouse	0.168837713039	0	1695	G	T
N0_Mouse	0.168935201114	0	861	T	C
N0_Mouse	0.16931964158	0	1504	G	T
N0_Mouse	0.169378900629	0	347	G	T
N0_Mouse	0.16941044444	0	1010	G	A
N0_Mouse	0.169889526477	0	265	A	G
N0_Mouse	0.170961146739	0	301	A	T
N0_Mouse	0.1710775616	0	1580	C	T
N0_Mouse	0.171532261846	0	753	T	A
N0_Mouse	0.172563812745	0	907	A	C
N0_Mouse	0.172836268964	0	1611	A	T
N0_Mouse	0.17337731748	0	175	T	C
N0_Mouse	0.173752537639	0	744	G	C
N0_Mouse	0.17435917202	0	1462	G	A
N0_Mouse	0.174773378606	0	151	G	C
N0_Mouse	0.174858666124	0	1585	C	A
N0_Mouse	0.174883506995	0	1381	T	G
N0_Mouse	0.176153800477	0	769	G	A
N0_Mouse	0.17793778278	0	350	T	C
N0_Mouse	0.177948723855	0	694	T	C
N0_Mouse	0.178072323134	0	1030	A	C
N0_Mouse	0.178626301793	0	554	C	T
N0_Mouse	0.179103778728	0	1436	A	C
N0_Mouse	0.179488404659	0	129	C	T
N0_Mouse	0.182378291391	0	475	C	G
N0_Mouse	0.183249671127	0	58	G	T
N0_Mouse	0.183848787177	0	1322	C	A
N0_Mouse	0.184012073097	0	1130	G	T
N0_Mouse	0.184511199562	0	577	T	C
N0_Mouse	0.184706386149	0	1468	T	G
N0_Mouse	0.185152320295	0	1197	C	A
N0_Mouse	0.186809321106	0	893	G	T
N0_Mouse	0.187474481161	0	503	C	T
N0_Mouse	0.189083962482	0	997	C	G
N0_Mouse	0.189535881821	0	1642	G	T
N0_Mouse	0.190831542838	0	1571	G	T
N0_Mouse	0.19146723763	0	453	G	A
N0_Mouse	0.191851931384	0	870	G	A
N0_Mouse	0.192000036905	0	1259	A	C
N0_Mouse	0.193994775064	0	982	T	C
N0_Mouse	0.19420321629	0	1399	T	G
N0_Mouse	0.194287984653	0	1609	C	T
N0_Mouse	0.195037416389	0	790	G	T
N0_Mouse	0.196643497455	0	1322	A	G
N0_Mouse	0.197015807419	0	682	G	C
N0_Mouse	0.197048405512	0	1187	A	T
N0_Mouse	0.197133415392	0	1279	T	C
N0_Mouse	0.19734570018	0	1116	A	C
N0_Mouse	0.197584231009	0	1301	T	C
N0_Mouse	0.198908671719	0	1148	T	A
N0_Mouse	0.199095450362	0	820	A	T
N0_Mouse	0.199942763017	0	942	A	T
N0_Mouse	0.200577237638	0	458	G	A
N0_Mouse	0.200779687513	0	442	A	G
N0_Mouse	0.202128110413	0	742	G	A
N0_Mouse	0.204477300746	0	560	T	C
N0_Mouse	0.204874038305	0	376	T	A
N0_Mouse	0.205453045834	0	487	G	T
N0_Mouse	0.20597226371	0	8	C	T
N0_Mouse	0.206329642814	0	1499	T	A
N0_Mouse	0.20708393563	0	968	C	T
N0_Mouse	0.207304640206	0	1180	G	C
N0_Mouse	0.209447744803	0	1025	A	G
N0_Mouse	0.211260547616	0	1569	C	T
N0_Mouse	0.213378419629	0	1313	G	T
N0_Mouse	0.213408430511	0	1489	G	T
N0_Mouse	0.213611015412	0	995	T	C
N0_Mouse	0.21373640984	0	985	C	T
N0_Mouse	0.216306054291	0	331	T	G
N0_Mouse	0.216604208075	0	133	G	T
N0_Mouse	0.216645211108	0	1068	T	A
N0_Mouse	0.21737331177	0	204	G	T
N0_Mouse	0.217576485319	0	422	T	C
N0_Mouse	0.21757720055	0	242	T	C
N0_Mouse	0.218413050269	0	1130	T	C
N0_Mouse	0.218932663354	0	987	G	A
N0_Mouse	0.219876187127	0	1286	T	A
N0_Mouse	0.220636999876	0	1102	G	A
N0_Mouse	0.221043733217	0	606	G	A
N0_Mouse	0.22195601917	0	1674	T	C
N0_Mouse	0.223547360375	0	1136	A	T
N0_Mouse	0.224023345234	0	1460	G	C
N0_Mouse	0.225167983023	0	1481	G	A
N0_Mouse	0.225950227297	0	1251	T	C
N0_Mouse	0.226949387819	0	922	G	A
N0_Mouse	0.228648051428	0	1161	T	C
N0_Mouse	0.230287146287	0	851	C	T
N0_Mouse	0.23113887987	0	462	T	G
N0_Mouse	0.23150838048	0	766	C	T
N0_Mouse	0.233048799425	0	1585	A	G
N0_Mouse	0.233312144127	0	1513	A	T
N0_Mouse	0.233313922463	0	886	G	T
N0_Mouse	0.234360728189	0	358	C	T
N0_Mouse	0.234718943859	0	618	T	G
N0_Mouse	0.237229099098	0	1168	C	T
N0_Mouse	0.237263394452	0	782	T	A
N0_Mouse	0.237539655944	0	481	A	C
N0_Mouse	0.238948350376	0	958	G	A
N0_Mouse	0.241006044672	0	257	T	C
N0_Mouse	0.241480869506	0	1494	C	G
N0_Mouse	0.242070896009	0	797	C	T
N0_Mouse	0.242388562797	0	1314	T	C
N0_Mouse	0.242915986241	0	328	T	G
N0_Mouse	0.243814979477	0	136	T	C
N0_Mouse	0.244178114282	0	867	G	T
N0_Mouse	0.245041655278	0	1699	T	G
N0_Mouse	0.246267839987	0	775	G	A
N0_Mouse	0.246549095769	0	720	T	C
N0_Mouse	0.246588355814	0	329	T	A
N0_Mouse	0.246680259625	0	475	G	C
N0_Mouse	0.246851120591	0	1576	C	T
N0_Mouse	0.2478656884	0	314	G	C
N0_Mouse	0.24790885819	0	1584	G	T
N0_Mouse	0.248527666454	0	738	T	C
N0_Mouse	0.248580615907	0	880	A	G
N0_Mouse	0.248763105027	0	1129	C	T
N0_Mouse	0.250288645838	0	1148	A	G
N0_Mouse	0.252084521607	0	450	C	G
N0_Mouse	0.253035468526	0	768	C	T
N0_Mouse	0.254086877775	0	922	A	G
N0_Mouse	0.255774347964	0	589	A	G
N0_Mouse	0.256013980498	0	0	T	A
N0_Mouse	0.257882779729	0	1550	A	G
N0_Mouse	0.258720352187	0	549	A	T
N0_Mouse	0.25936291967	0	1593	C	T
N0_Mouse	0.259493715145	0	1092	A	G
N0_Mouse	0.259604293157	0	911	C	T
N0_Mouse	0.260224721454	0	849	G	C
N0_Mouse	0.260278217183	0	591	G	T
N0_Mouse	0.260283389929	0	1349	T	G
N0_Mouse	0.261063826121	0	390	A	G
N0_Mouse	0.261106257846	0	339	C	T
N0_Mouse	0.261512214892	0	27	A	G
N0_Mouse	0.261616948864	0	221	A	G
N0_Mouse	0.262302219833	0	1166	T	C
N0_Mouse	0.26275571623	0	1335	C	T
N0_Mouse	0.262835255826	0	449	G	A
N0_Mouse	0.263675388454	0	399	G	A
N0_Mouse	0.263960658887	0	1513	T	C
N0_Mouse	0.264306118535	0	667	C	T
N0_Mouse	0.265020684674	0	1673	T	C
N0_Mouse	0.266045243197	0	1066	C	T
N0_Mouse	0.267154393353	0	817	G	C
N0_Mouse	0.267162319368	0	294	T	C
N0_Mouse	0.268573324032	0	781	G	C
N0_Mouse	0.268842394246	0	1181	T	C
N0_Mouse	0.268991217152	0	923	T	G
N0_Mouse	0.269030487211	0	539	G	A
N0_Mouse	0.269307137998	0	880	G	T
N0_Mouse	0.269624123403	0	240	A	G
N0_Mouse	0.270915332827	0	1426	T	A
N0_Mouse	0.270959014387	0	856	A	G
N0_Mouse	0.27173105917	0	1208	C	T
N0_Mouse	0.271776281304	0	1239	A	T
N0_Mouse	0.272307225775	0	52	C	T
N0_Mouse	0.27282173024	0	495	A	T
N0_Mouse	0.273047544436	0	585	A	C
N0_Mouse	0.273880533927	0	1367	T	C
N0_Mouse	0.274121107756	0	1509	T	C
N0_Mouse	0.274131526828	0	1550	G	A
N0_Mouse	0.274716923263	0	580	T	C
N0_Mouse	0.275681705916	0	1530	A	C
N0_Mouse	0.275968895864	0	1487	T	C
N0_Mouse	0.276226232401	0	1264	A	G
N0_Mouse	0.27641025568	0	86	G	C
N0_Mouse	0.276885989071	0	473	G	A
N0_Mouse	0.277012871466	0	950	C	T
N0_Mouse	0.277304654837	0	191	G	T
N0_Mouse	0.277864536416	0	886	T	G
N0_Mouse	0.278220161441	0	1682	T	C
N0_Mouse	0.278872263857	0	1640	T	A
N0_Mouse	0.278972766656	0	705	G	A
N0_Mouse	0.279325542279	0	551	A	G
N0_Mouse	0.279413415895	0	1440	T	C
N0_Mouse	0.280923420436	0	187	T	C
N0_Mouse	0.281444447056	0	1521	C	T
N0_Mouse	0.281569543397	0	920	T	G
N0_Mouse	0.28227265133	0	740	A	G
N0_Mouse	0.282523154675	0	1159	T	C
N0_Mouse	0.282627972304	0	1012	A	G
N0_Mouse	0.283161433811	0	843	C	G
N0_Mouse	0.283467145887	0	239	G	A
N0_Mouse	0.283497917993	0	1178	G	T
N0_Mouse	0.284246923516	0	1654	C	T
N0_Mouse	0.284322392898	0	1040	G	A
N0_Mouse	0.284336090574	0	503	T	G
N0_Mouse	0.284529199431	0	504	G	C
N0_Mouse	0.284843354765	0	1434	G	T
N0_Mouse	0.285310331657	0	1233	G	A
N0_Mouse	0.28664391093	0	747	A	G
N0_Mouse	0.287532431665	0	838	G	A
N0_Mouse	0.287842883521	0	1552	C	T
N0_Mouse	0.287908167308	0	192	C	T
N0_Mouse	0.288014269413	0	876	T	G
N0_Mouse	0.288178895086	0	1076	T	A
N0_Mouse	0.288307166803	0	1711	T	A
N0_Mouse	0.288834232676	0	587	A	G
N0_Mouse	0.28900586386	0	962	G	A
N0_Mouse	0.28903001121	0	951	T	G
N0_Mouse	0.289056817047	0	392	T	G
N0_Mouse	0.2892651512	0	1472	A	T
N0_Mouse	0.290144598203	0	1527	T	C
N0_Mouse	0.291377267839	0	1654	T	G
N0_Mouse	0.293419731502	0	153	A	C
N0_Mouse	0.293423559299	0	60	A	G
N0_Mouse	0.293961691192	0	717	T	A
N0_Mouse	0.295399683893	0	502	C	A
N0_Mouse	0.296186309132	0	1494	G	T
N0_Mouse	0.296518543349	0	1184	T	C
N0_Mouse	0.297001278667	0	617	G	T
N0_Mouse	0.297187156214	0	707	G	A
N0_Mouse	0.298040375481	0	1181	C	T
N0_Mouse	0.298329014681	0	1475	T	C
N0_Mouse	0.298666563479	0	1468	G	T
N0_Mouse	0.298796536811	0	1338	T	A
N0_Mouse	0.299133773205	0	1487	C	T
N0_Mouse	0.299556064225	0	386	T	G
N0_Mouse	0.299605412912	0	1682	C	T
N0_Mouse	0.300046116863	0	1130	C	T
N0_Mouse	0.300255848127	0	1428	A	G
N0_Mouse	0.30112673711	0	1719	C	T
N0_Mouse	0.30281808529	0	439	A	C
N0_Mouse	0.303315942095	0	72	T	G
N0_Mouse	0.303413522318	0	1519	C	T
N0_Mouse	0.304290154084	0	730	A	G
N0_Mouse	0.304456132842	0	1063	A	C
N0_Mouse	0.304902591862	0	1416	T	A
N0_Mouse	0.304905908262	0	774	C	T
N0_Mouse	0.305806856623	0	1175	T	C
N0_Mouse	0.30644246573	0	279	G	T
N0_Mouse	0.306472207647	0	75	G	C
N0_Mouse	0.30864142419	0	719	G	A
N0_Mouse	0.311146805918	0	1398	G	A
N0_Mouse	0.311297846136	0	596	C	T
N0_Mouse	0.311827782041	0	1274	G	T
N0_Mouse	0.313561901975	0	785	G	A
N0_Mouse	0.315340655312	0	1447	C	A
N0_Mouse	0.316655719985	0	990	A	G
N0_Mouse	0.316907539322	0	1059	G	A
N0_Mouse	0.317290121425	0	1359	A	G
N0_Mouse	0.31784877152	0	1648	T	C
N0_Mouse	0.317933615384	0	805	T	A
N0_Mouse	0.318629570254	0	396	C	T
N0_Mouse	0.319278414575	0	544	C	T
N0_Mouse	0.320587707059	0	11	A	G
N0_Mouse	0.320664933718	0	1029	G	C
N0_Mouse	0.320817590768	0	1621	T	C
N0_Mouse	0.321512333216	0	373	T	C
N0_Mouse	0.321830183826	0	720	C	G
N0_Mouse	0.324929950009	0	1662	T	C
N0_Mouse	0.325057173064	0	125	A	G
N0_Mouse	0.325449646779	0	357	C	A
N0_Mouse	0.325795586141	0	1399	G	T
N0_Mouse	0.326000450685	0	98	G	A
N0_Mouse	0.326976599637	0	1527	C	T
N0_Mouse	0.328118818403	0	657	A	G
N0_Mouse	0.328173272443	0	1570	C	T
N0_Mouse	0.328757375457	0	465	A	C
N0_Mouse	0.329888375312	0	654	A	G
N0_Mouse	0.330299359706	0	1502	C	T
N0_Mouse	0.330464270256	0	858	T	A
N0_Mouse	0.331011135499	0	601	A	G
N0_Mouse	0.331040898	0	7	A	G
N0_Mouse	0.33105937067	0	1142	A	T
N0_Mouse	0.331803000259	0	801	G	T
N0_Mouse	0.332429910872	0	266	G	A
N0_Mouse	0.332506053667	0	911	T	G
N0_Mouse	0.333688597167	0	248	G	A
N0_Mouse	0.334459510007	0	1351	T	C
N0_Mouse	0.33533181133	0	1580	T	A
N0_Mouse	0.335957792311	0	382	C	T
N0_Mouse	0.336411267853	0	672	A	T
N0_Mouse	0.337417407394	0	663	G	A
N0_Mouse	0.338145948183	0	1395	A	T
N0_Mouse	0.338217905231	0	584	A	T
N0_Mouse	0.338447025683	0	487	T	A
N0_Mouse	0.338656292301	0	313	T	C
N0_Mouse	0.339224451974	0	217	A	T
N0_Mouse	0.33930681301	0	393	A	T
N0_Mouse	0.339351799336	0	1411	C	G
N0_Mouse	0.339661528056	0	94	G	T
N0_Mouse	0.340817794498	0	652	T	A
N0_Mouse	0.340844593754	0	674	C	A
N0_Mouse	0.34148791911	0	53	A	T
N0_Mouse	0.342095924759	0	1311	C	T
N0_Mouse	0.342768917407	0	418	C	T
N0_Mouse	0.343044904216	0	1005	G	C
N0_Mouse	0.34365886935	0	60	G	A
N0_Mouse	0.344624393783	0	1384	A	G
N0_Mouse	0.347484982947	0	1264	G	T
N0_Mouse	0.347530142833	0	1688	G	T
N0_Mouse	0.348102712606	0	184	T	G
N0_Mouse	0.348332365925	0	1632	A	C
N0_Mouse	0.34918542993	0	1313	T	G
N0_Mouse	0.349524121337	0	1191	A	C
N0_Mouse	0.349688112502	0	6	T	C
N0_Mouse	0.349871608805	0	894	C	A
N0_Mouse	0.350736885075	0	1379	T	C
N0_Mouse	0.351631875147	0	334	G	A
N0_Mouse	0.352008153957	0	251	C	T
N0_Mouse	0.352381009464	0	1296	T	C
N0_Mouse	0.352764671649	0	73	C	T
N0_Mouse	0.35345501942	0	1565	A	G
N0_Mouse	0.354741825871	0	767	C	T
N0_Mouse	0.355042996381	0	1012	G	T
N0_Mouse	0.355470377127	0	1448	G	A
N0_Mouse	0.35561100458	0	344	T	C
N0_Mouse	0.356305543893	0	973	G	C
N0_Mouse	0.356819990388	0	148	A	G
N0_Mouse	0.357531403422	0	1594	C	T
N0_Mouse	0.357920591119	0	130	T	C
N0_Mouse	0.35825941347	0	1636	A	G
N0_Mouse	0.358503330727	0	1701	C	T
N0_Mouse	0.358861322505	0	1216	A	T
N0_Mouse	0.359199521363	0	1660	G	C
N0_Mouse	0.359387944417	0	1318	T	A
N0_Mouse	0.359737770821	0	1271	A	C
N0_Mouse	0.359738011579	0	147	C	T
N0_Mouse	0.360099230936	0	641	A	T
N0_Mouse	0.360774126637	0	1298	G	T
N0_Mouse	0.361911532916	0	696	C	G
N0_Mouse	0.362013343457	0	556	G	C
N0_Mouse	0.363733528502	0	1696	A	T
N0_Mouse	0.364531808118	0	712	A	G
N0_Mouse	0.365622528918	0	508	A	T
N0_Mouse	0.365829977582	0	1510	T	C
N0_Mouse	0.36821366115	0	805	A	G
N0_Mouse	0.368502538828	0	1727	A	C
N0_Mouse	0.368714992327	0	1523	C	T
N0_Mouse	0.369269450364	0	487	A	T
N0_Mouse	0.37011181233	0	1230	G	A
N0_Mouse	0.37150491669	0	1079	C	T
N0_Mouse	0.373863592765	0	1628	G	A
N0_Mouse	0.374082077136	0	993	A	G
N0_Mouse	0.374748791835	0	863	C	T
N0_Mouse	0.374853285155	0	1284	A	C
N0_Mouse	0.376068940555	0	942	T	C
N0_Mouse	0.377482405865	0	1308	G	C
N0_Mouse	0.378891014375	0	1029	C	A
N0_Mouse	0.378992933224	0	1152	A	G
N0_Mouse	0.380528590052	0	1227	T	C
N0_Mouse	0.380884683001	0	491	T	C
N0_Mouse	0.382898153902	0	1621	C	T
N0_Mouse	0.382911221313	0	1354	T	A
N0_Mouse	0.383095647331	0	173	T	A
N0_Mouse	0.383294443833	0	180	C	T
N0_Mouse	0.383862617017	0	516	G	C
N0_Mouse	0.38474533145	0	1400	C	T
N0_Mouse	0.385243160228	0	1593	T	C
N0_Mouse	0.385721092311	0	948	C	T
N0_Mouse	0.385723547935	0	988	G	T
N0_Mouse	0.386262411263	0	200	A	G
N0_Mouse	0.386676940834	0	115	A	G
N0_Mouse	0.386856668876	0	1568	T	C
N0_Mouse	0.387294772797	0	54	G	T
N0_Mouse	0.388614946667	0	39	A	T
N0_Mouse	0.389177275877	0	1025	G	T
N0_Mouse	0.389305368513	0	987	A	G
N0_Mouse	0.390147571677	0	816	A	T
N0_Mouse	0.390390562643	0	1581	G	A
N0_Mouse	0.390897622032	0	220	C	G
N0_Mouse	0.391891188387	0	1514	T	G
N0_Mouse	0.392469796309	0	585	C	T
N0_Mouse	0.393060490168	0	551	G	A
N0_Mouse	0.394423262948	0	1614	C	T
N0_Mouse	0.395402715267	0	1511	G	A
N0_Mouse	0.39594096498	0	1550	A	G
N0_Mouse	0.396519024384	0	679	G	A
N0_Mouse	0.396579750353	0	252	C	T
N0_Mouse	0.396894647449	0	152	C	G
N0_Mouse	0.397213521582	0	116	G	A
N0_Mouse	0.397313928246	0	1502	T	C
N0_Mouse	0.398192299896	0	1634	A	T
N0_Mouse	0.398472540799	0	726	A	G
N0_Mouse	0.398582084484	0	438	T	C
N0_Mouse	0.398612295153	0	1566	G	A
N0_Mouse	0.398840532009	0	1582	C	T
N0_Mouse	0.399048282772	0	709	A	T
N0_Mouse	0.399326657598	0	1634	T	C
N0_Mouse	0.399339900231	0	1215	C	T
N0_Mouse	0.400666653767	0	1149	C	A
N0_Mouse	0.400783986401	0	190	C	T
N0_Mouse	0.402867769651	0	118	A	G
N0_Mouse	0.40328260144	0	1617	A	G
N0_Mouse	0.403360563967	0	467	G	C
N0_Mouse	0.403514187325	0	771	C	A
N0_Mouse	0.403889415326	0	1162	C	G
N0_Mouse	0.404043938244	0	210	T	C
N0_Mouse	0.404667424377	0	265	G	T
N0_Mouse	0.40553707794	0	118	G	A
N0_Mouse	0.405586769921	0	1502	C	A
N0_Mouse	0.406084392285	0	1507	T	C
N0_Mouse	0.406790994554	0	1383	T	G
N0_Mouse	0.410420076417	0	767	T	C
N0_Mouse	0.410468635941	0	804	A	T
N0_Mouse	0.411057916148	0	1254	T	C
N0_Mouse	0.41246205961	0	78	A	G
N0_Mouse	0.412834391794	0	206	C	T
N0_Mouse	0.412940317222	0	1691	T	G
N0_Mouse	0.413055017182	0	1619	G	A
N0_Mouse	0.413629712957	0	1062	C	T
N0_Mouse	0.414421857714	0	17	C	T
N0_Mouse	0.414697619926	0	851	T	C
N0_Mouse	0.414967287361	0	1331	A	C
N0_Mouse	0.415063766016	0	959	G	C
N0_Mouse	0.415647600821	0	1426	A	C
N0_Mouse	0.416456609704	0	1199	G	T
N0_Mouse	0.417681481892	0	73	T	C
N0_Mouse	0.418125700982	0	871	A	C
N0_Mouse	0.418410139704	0	600	A	T
N0_Mouse	0.418653818991	0	397	T	G
N0_Mouse	0.418759806679	0	973	C	G
N0_Mouse	0.420821042803	0	767	C	T
N0_Mouse	0.421578217336	0	1102	A	G
N0_Mouse	0.421651963564	0	671	C	T
N0_Mouse	0.421828723873	0	1118	T	C
N0_Mouse	0.422705009854	0	1634	C	T
N0_Mouse	0.422993766812	0	907	C	G
N0_Mouse	0.423125778264	0	1264	T	G
N0_Mouse	0.423154015794	0	766	T	C
N0_Mouse	0.425106964526	0	670	T	C
N0_Mouse	0.426695545655	0	574	G	A
N0_Mouse	0.427299610574	0	559	T	A
N0_Mouse	0.428209292421	0	1387	C	T
N0_Mouse	0.429224807854	0	1104	A	G
N0_Mouse	0.429899162091	0	1082	C	T
N0_Mouse	0.430226831027	0	216	T	C
N0_Mouse	0.431217644287	0	1453	A	G
N0_Mouse	0.431973895218	0	87	G	C
N0_Mouse	0.432851274105	0	762	T	C
N0_Mouse	0.432942170454	0	788	T	C
N0_Mouse	0.433117963608	0	1051	T	A
N0_Mouse	0.433433669825	0	886	G	A
N0_Mouse	0.433619706136	0	373	C	T
N0_Mouse	0.433632281311	0	1641	A	T
N0_Mouse	0.434055015612	0	291	A	T
N0_Mouse	0.434172496617	0	1216	T	A
N0_Mouse	0.435551261918	0	760	A	C
N0_Mouse	0.436606759947	0	1563	G	C
N0_Mouse	0.436669613049	0	1597	C	T
N0_Mouse	0.437965668573	0	931	C	T
N0_Mouse	0.438105525572	0	1232	C	T
N0_Mouse	0.438597979591	0	1206	C	T
N0_Mouse	0.438613675347	0	1422	T	C
N0_Mouse	0.439049692574	0	1159	C	A
N0_Mouse	0.439973740604	0	982	C	G
N0_Mouse	0.440671185949	0	1300	A	G
N0_Mouse	0.440893935391	0	978	A	G
N0_Mouse	0.441471442328	0	154	G	T
N0_Mouse	0.442802122001	0	791	G	T
N0_Mouse	0.442960232542	0	1269	T	C
N0_Mouse	0.443660020159	0	1279	C	T
N0_Mouse	0.443829602737	0	262	T	C
N0_Mouse	0.444098484215	0	380	G	T
N0_Mouse	0.444164641747	0	567	G	C
N0_Mouse	0.444249861263	0	1729	G	A
N0_Mouse	0.446723905704	0	220	G	A
N0_Mouse	0.447074970852	0	160	G	A
N0_Mouse	0.447818603354	0	1264	G	T
N0_Mouse	0.448023992448	0	136	C	T
N0_Mouse	0.44820454657	0	1034	G	A
