edge	time	mut_orlg	mut_pos	old_state	new_state
N0_kluyveri	0.000189109600227	0	347	C	G
N0_kluyveri	0.000454680058015	0	14	T	C
N0_kluyveri	0.000485075931388	0	491	G	A
N0_kluyveri	0.000704618526015	0	17	T	C
N0_kluyveri	0.00107957647933	0	68	A	G
N0_kluyveri	0.00158031164653	0	317	A	G
N0_kluyveri	0.00236233772927	0	464	T	C
N0_kluyveri	0.00301596032249	0	314	A	G
N0_kluyveri	0.00333303144963	0	383	G	A
N0_kluyveri	0.00365895895787	0	88	A	G
N0_kluyveri	0.00387255081417	0	464	C	T
N0_kluyveri	0.0041765453068	0	77	A	C
N0_kluyveri	0.00483517009695	0	398	G	A
N0_kluyveri	0.00501633208427	0	86	C	T
N0_kluyveri	0.00516439378783	0	74	T	C
N0_kluyveri	0.00547900426979	0	431	A	G
N0_kluyveri	0.00583025007886	0	341	A	G
N0_kluyveri	0.00602207038749	0	50	C	T
N0_kluyveri	0.00625181125586	0	296	A	G
N0_kluyveri	0.00730940623771	0	236	G	A
N0_kluyveri	0.00775361378557	0	353	T	C
N0_kluyveri	0.00778565528911	0	86	T	C
N0_kluyveri	0.00794029685068	0	89	C	T
N0_kluyveri	0.00797413708436	0	344	G	A
N0_kluyveri	0.00835590522655	0	32	A	G
N0_kluyveri	0.00935740073779	0	449	T	C
N0_kluyveri	0.00941257737712	0	203	C	T
N0_kluyveri	0.0101217561635	0	71	G	A
N0_kluyveri	0.0109590875762	0	296	G	A
N0_kluyveri	0.0110290069722	0	359	A	G
N0_kluyveri	0.011485411561	0	311	G	A
N0_kluyveri	0.0117762329883	0	323	C	T
N0_kluyveri	0.0118820074298	0	74	C	T
N0_kluyveri	0.0121441709155	0	332	T	C
N0_kluyveri	0.0126023598295	0	95	A	G
N0_kluyveri	0.0128855378131	0	387	A	G
N0_kluyveri	0.0130326669004	0	185	A	G
N0_kluyveri	0.0130445127698	0	431	G	A
N0_kluyveri	0.0135369163461	0	446	G	A
N0_D1	0.000408745060249	0	359	A	G
N0_D1	0.00131353205064	0	23	T	C
D1_N1	8.93834859409e-05	1	449	T	C
D1_N1	0.000585118707527	2	329	T	C
D1_N1	0.00059291277969	2	188	G	A
D1_N1	0.000604580148917	2	305	G	A
D1_N1	0.000617868621757	1	226	A	G
D1_N1	0.00117220448285	2	125	A	G
D1_N1	0.0015219829587	2	158	C	T
D1_N1	0.00173890491081	1	17	T	C
D1_N1	0.00184580669551	1	143	G	A
D1_N1	0.00229665194731	2	207	T	C
D1_N1	0.00238030650361	1	35	G	A
D1_N1	0.00242245210994	2	80	G	A
D1_N1	0.00245182109235	2	170	T	C
D1_N1	0.00253593551989	2	77	A	G
D1_N1	0.00256023684484	2	440	C	T
D1_N1	0.00267344423521	1	96	A	T
D1_N1	0.00268818757191	1	14	T	C
D1_N1	0.00277914338595	2	314	A	T
D1_N1	0.00281371917003	1	404	A	T
D1_N1	0.00329706081698	1	20	C	T
N1_castellii	0.000163202250475	2	41	T	C
N1_castellii	0.00038651211549	2	191	A	G
N1_castellii	0.000516543644071	2	293	A	T
N1_castellii	0.000688580090877	1	173	G	A
N1_castellii	0.000908376957301	1	467	C	A
N1_castellii	0.000956447951548	1	251	T	C
N1_castellii	0.000964252752049	1	17	C	T
N1_castellii	0.0012920586552	2	149	T	C
N1_castellii	0.00186034136084	1	398	G	A
N1_castellii	0.00202117352156	2	359	G	T
N1_castellii	0.00214616819343	2	201	G	A
N1_castellii	0.00230851740827	2	410	C	T
N1_castellii	0.00239941966203	2	428	C	T
N1_castellii	0.00306815223213	2	125	G	C
N1_castellii	0.00316066476299	2	470	T	C
N1_castellii	0.00330027095117	1	83	A	G
N1_castellii	0.00359143707217	1	289	A	T
N1_castellii	0.00377918664622	2	251	T	A
N1_castellii	0.00387841635634	2	191	G	A
N1_castellii	0.00465667372081	2	447	G	A
N1_castellii	0.00486383088426	1	380	A	G
N1_castellii	0.00509458719682	1	299	C	T
N1_castellii	0.00513054208186	1	53	C	T
N1_castellii	0.00544558511312	2	344	G	A
N1_castellii	0.00561602295057	1	68	A	G
N1_castellii	0.00581126877621	2	302	G	A
N1_castellii	0.00594745189132	1	82	C	T
N1_castellii	0.00620686309198	2	129	C	T
N1_castellii	0.00626895537404	2	454	T	C
N1_castellii	0.0066133922079	1	221	T	C
N1_castellii	0.00671168998096	1	143	A	G
N1_castellii	0.00683828872172	2	269	A	G
N1_castellii	0.00684409640965	1	95	A	G
N1_castellii	0.00821244446972	1	377	T	G
N1_castellii	0.00839372290554	2	306	G	A
N1_castellii	0.00843405220079	1	257	G	A
N1_castellii	0.0085241602768	1	342	A	G
N1_castellii	0.00879088347138	2	374	T	C
N1_castellii	0.00938046740166	1	296	A	G
N1_castellii	0.00941032234138	2	218	G	A
N1_castellii	0.0094550721329	2	257	G	A
N1_castellii	0.00971166882393	2	296	A	G
N1_castellii	0.00973041078309	1	26	G	A
N1_castellii	0.00987748853629	1	23	C	T
N1_castellii	0.0102555494764	2	191	A	G
N1_castellii	0.0106834087089	1	351	T	C
N1_castellii	0.0109319286936	2	291	A	G
N1_castellii	0.0113328031963	1	334	A	G
N1_castellii	0.0115174054013	1	83	G	A
N1_castellii	0.0116265755003	2	28	A	G
N1_castellii	0.0118993384587	1	386	G	A
N1_castellii	0.011921047264	2	491	G	A
N1_castellii	0.0120567913627	1	308	A	G
N1_castellii	0.0120790959417	1	47	T	C
N1_castellii	0.012297810417	1	368	A	G
N1_castellii	0.0125693579572	2	35	G	A
N1_castellii	0.0127562692337	1	242	A	G
N1_N2	9.6026286873e-05	2	476	C	T
N1_N2	0.000882275681017	2	398	G	A
N1_N2	0.000975176509058	2	203	C	T
N1_N2	0.00102322402795	2	392	C	T
N1_N2	0.00109243518325	2	67	T	C
N1_N2	0.00149460329922	1	491	G	A
N1_N2	0.00153703098984	2	236	G	A
N1_N2	0.00205011307544	1	197	T	C
N1_N2	0.00228595896075	1	134	G	C
N1_N2	0.00232072743644	1	461	T	C
N1_N2	0.00262938218094	2	242	A	G
N1_N2	0.0027303323837	2	167	G	A
N1_N2	0.00283979904546	2	236	A	G
N1_N2	0.00296571025624	2	242	G	A
N1_N2	0.00302771374693	1	80	G	A
N1_N2	0.00326575980713	1	405	C	T
N1_N2	0.00343036843134	1	431	A	G
N1_N2	0.00397980880698	2	359	G	A
N1_N2	0.00414959184291	1	158	C	T
N1_N2	0.00421261566281	2	95	A	G
N1_N2	0.00458512660678	2	158	T	C
N1_N2	0.00541030652546	2	35	G	A
N1_N2	0.00555384784268	1	149	T	G
N1_N2	0.00558794256608	1	189	T	C
N1_N2	0.00576552419257	1	477	C	T
N1_N2	0.00590079781974	2	453	C	T
N1_N2	0.00594691086156	2	365	A	G
N1_N2	0.00638805492924	2	464	T	C
N1_N2	0.00642847703113	1	425	C	T
N1_N2	0.00654128903728	2	64	T	C
N1_N2	0.00663109840685	2	413	A	C
N1_N2	0.00727033774452	1	299	C	T
N1_N2	0.00736519634639	1	350	T	C
N1_N2	0.00738737512532	2	173	G	A
N1_N2	0.00745053769643	1	245	T	C
N1_N2	0.00754004938191	1	5	T	G
N1_N2	0.00754187908191	2	374	T	C
N1_N2	0.00779283617583	2	186	A	G
N1_N2	0.00781998529955	2	134	G	A
N1_N2	0.00817879046368	2	14	T	C
N1_N2	0.00855098760169	2	116	T	C
N1_N2	0.00867896549179	2	248	T	C
N1_N2	0.00878084470743	2	423	A	G
N1_N2	0.00958254752335	1	84	T	C
N1_N2	0.00959951096308	1	87	C	T
N1_N2	0.0100946592417	1	485	G	A
N1_N2	0.0101982738129	2	419	G	A
N1_N2	0.0106400188958	1	62	A	G
N1_N2	0.0109618577548	1	485	A	G
N1_N2	0.011088152973	1	123	C	G
N1_N2	0.0114980989987	2	242	A	T
N1_N2	0.0118757185288	1	482	C	T
N1_N2	0.0122535150488	2	491	G	A
N1_N2	0.0130854195392	2	299	C	T
N1_N2	0.0136320227414	1	455	T	C
N1_N2	0.0141859847638	2	190	C	T
N1_N2	0.0145631041785	1	101	T	C
N1_N2	0.0145899015449	1	419	G	A
N1_N2	0.0147604199751	1	20	T	C
N1_N2	0.0152315860791	2	305	A	G
N1_N2	0.0153782759416	1	362	A	G
N2_bayanus	0.000394913401084	2	29	C	T
N2_bayanus	0.000777427551226	2	155	A	C
N2_bayanus	0.0016340682222	2	257	G	A
N2_bayanus	0.0018643726043	2	92	G	A
N2_bayanus	0.00199377189496	1	398	G	T
N2_bayanus	0.00211763759298	2	347	C	T
N2_N3	0.000364788273798	2	334	A	G
N2_N3	0.00074594055068	2	194	A	G
N2_N3	0.0008969884901	1	83	A	G
N2_N3	0.00103162261516	1	41	T	C
N3_kudriavzevii	2.34389944523e-05	1	332	T	C
N3_kudriavzevii	8.97974790074e-05	2	26	G	A
N3_kudriavzevii	0.000303182532514	2	221	T	C
N3_kudriavzevii	0.000304380109188	1	233	C	T
N3_kudriavzevii	0.000674596875481	2	236	G	A
N3_kudriavzevii	0.000691466723811	1	68	A	G
N3_kudriavzevii	0.000890390327568	1	155	A	G
N3_kudriavzevii	0.00171971572986	1	11	G	A
N3_kudriavzevii	0.00177993651514	1	371	C	T
N3_kudriavzevii	0.00220641281428	2	47	T	G
N3_kudriavzevii	0.00235949342431	1	191	A	G
N3_kudriavzevii	0.00264778033745	2	371	C	T
N3_kudriavzevii	0.00310802991441	1	96	T	C
N3_kudriavzevii	0.00326635283429	1	271	C	T
N3_kudriavzevii	0.00333624373575	1	203	C	T
N3_kudriavzevii	0.00366520064851	1	389	T	C
N3_kudriavzevii	0.00367085226052	2	383	G	A
N3_kudriavzevii	0.00402314092712	1	272	C	T
N3_kudriavzevii	0.00402750177545	2	323	C	T
N3_kudriavzevii	0.00405202451122	1	407	A	G
N3_kudriavzevii	0.00413146355104	1	221	T	A
N3_kudriavzevii	0.00415563850194	2	98	G	C
N3_kudriavzevii	0.00425182238005	1	473	C	A
N3_kudriavzevii	0.00440605573248	2	299	T	C
N3_kudriavzevii	0.00501965341889	1	377	T	C
N3_kudriavzevii	0.00507177874336	1	287	C	T
N3_kudriavzevii	0.00515891504236	2	8	A	G
N3_kudriavzevii	0.00539602109833	1	170	T	A
N3_kudriavzevii	0.0055682654044	1	431	G	A
N3_kudriavzevii	0.00580504626574	2	335	G	A
N3_kudriavzevii	0.00585835536623	2	398	A	G
N3_kudriavzevii	0.00593984841375	2	230	A	G
N3_N4	3.31724557415e-05	2	14	C	T
N3_N4	8.03059215462e-05	1	44	A	G
N3_N4	0.000200347074318	1	212	A	G
N3_N4	0.000275943691572	2	305	G	A
N3_N4	0.000488794382655	1	247	A	G
N3_N4	0.000704989021751	2	188	A	G
N3_N4	0.000856788525296	1	104	G	A
N4_mikatae	1.6323700299e-05	2	41	T	C
N4_mikatae	5.47254516462e-05	1	200	T	C
N4_mikatae	0.000324965227253	1	455	C	T
N4_mikatae	0.000555841394586	1	80	A	G
N4_mikatae	0.000706687209226	1	89	C	T
N4_mikatae	0.000820229578269	2	285	T	C
N4_mikatae	0.000953147453834	2	236	G	A
N4_mikatae	0.00122144569881	1	174	C	T
N4_mikatae	0.00254932786532	2	71	G	A
N4_mikatae	0.00280603134453	2	234	A	G
N4_mikatae	0.00298309629985	1	311	G	A
N4_mikatae	0.00327027052687	2	248	C	T
N4_mikatae	0.00337585023217	2	356	G	A
N4_mikatae	0.00362764395674	1	23	C	A
N4_mikatae	0.00370982631697	2	323	C	T
N4_mikatae	0.00376490118259	1	488	T	A
N4_mikatae	0.00376621487271	1	227	G	A
N4_mikatae	0.00382457042943	2	324	C	T
N4_mikatae	0.00392830951121	1	161	C	T
N4_N5	0.0001510580133	1	212	G	A
N4_N5	0.000456505599551	1	59	G	A
N4_N5	0.000830542159523	1	236	G	C
N4_N5	0.00103344213463	2	95	G	T
N4_N5	0.00134361252127	1	476	C	T
N4_N5	0.00145021280616	2	341	A	G
N4_N5	0.00148301575327	2	165	C	T
N4_N5	0.00151772285708	2	11	G	A
N4_N5	0.00163370441763	2	116	C	T
N5_paradoxus	0.000216983555326	1	167	G	A
N5_paradoxus	0.000240103436886	2	362	A	G
N5_paradoxus	0.000748435448677	1	65	T	A
N5_paradoxus	0.000945597455577	2	296	A	G
N5_paradoxus	0.00117200185646	2	449	T	C
N5_cerevisiae	0.000292753566058	1	338	C	T
N5_cerevisiae	0.000934049013433	1	197	C	T
N5_cerevisiae	0.000988944652033	2	223	G	C
N5_cerevisiae	0.00129645591586	2	104	G	T
N5_cerevisiae	0.00130105525368	1	377	T	C
N5_cerevisiae	0.00140755931399	2	161	C	T
N5_cerevisiae	0.00146703833297	2	191	A	C
N5_cerevisiae	0.00147211635407	1	293	A	C
N5_cerevisiae	0.00162289238863	2	162	G	A
N5_cerevisiae	0.00167650397358	1	206	T	C
N5_cerevisiae	0.00196440234598	2	398	A	G
N5_cerevisiae	0.00202749705667	1	443	T	C
N5_cerevisiae	0.00263024509577	1	257	G	A
N5_cerevisiae	0.00295490824726	2	2	A	G
N5_cerevisiae	0.00401206345909	2	416	A	G
