edge	time	orlg_from	orlg_to	tract_length	start_pos	stop_pos	num_diff	template_seq	overide_seq
D1_N1	0.00787094804514	2	1	1	202	202	0	A	A
D1_N1	0.00955688673111	2	1	1	14	14	0	T	T
D1_N1	0.0125066563358	2	1	1	76	76	0	A	A
D1_N1	0.0172517910754	2	1	1	127	127	0	T	T
D1_N1	0.0192961182098	1	2	1	45	45	0	A	A
D1_N1	0.0242172248922	1	2	1	52	52	0	T	T
D1_N1	0.0306899358511	2	1	1	69	69	0	G	G
D1_N1	0.0310759258291	2	1	1	206	206	0	T	T
D1_N1	0.0404104060749	2	1	1	89	89	0	G	G
D1_N1	0.0541815976672	1	2	1	92	92	0	T	T
D1_N1	0.0611041125926	1	2	1	184	184	0	T	T
D1_N1	0.0631613724547	1	2	1	26	26	0	A	A
D1_N1	0.0658511520011	2	1	1	114	114	1	T	A
D1_N1	0.0689895550815	2	1	1	3	3	0	A	A
D1_N1	0.0722338192383	2	1	1	38	38	0	C	C
D1_N1	0.0850897726299	1	2	1	81	81	0	G	G
D1_N1	0.0902592954739	1	2	1	169	169	0	T	T
D1_N1	0.101437678857	1	2	1	219	219	0	G	G
D1_N1	0.106430475675	2	1	1	206	206	0	T	T
D1_N1	0.108061617232	1	2	1	177	177	0	T	T
D1_N1	0.116822076992	1	2	1	72	72	0	C	C
D1_N1	0.118802417657	2	1	1	145	145	0	A	A
D1_N1	0.119958748674	2	1	1	191	191	1	T	A
D1_N1	0.120874959253	2	1	1	73	73	0	A	A
D1_N1	0.12971118882	2	1	1	213	213	0	G	G
D1_N1	0.132155150939	1	2	1	31	31	0	T	T
D1_N1	0.137162305757	1	2	1	186	186	0	A	A
D1_N1	0.152211463716	2	1	1	183	183	0	A	A
D1_N1	0.158050416677	2	1	1	45	45	0	A	A
D1_N1	0.159325399036	1	2	1	184	184	0	T	T
D1_N1	0.165177548055	1	2	1	91	91	0	A	A
D1_N1	0.167735551121	1	2	1	10	10	1	G	A
D1_N1	0.182807362839	2	1	1	72	72	1	T	C
D1_N1	0.184583775474	1	2	1	146	146	0	T	T
D1_N1	0.185421521945	1	2	1	108	108	0	A	A
D1_N1	0.187813634015	2	1	1	182	182	0	A	A
D1_N1	0.190707732135	2	1	1	11	11	0	A	A
D1_N1	0.195485335931	2	1	1	217	217	1	T	C
D1_N1	0.196046073815	2	1	1	17	17	0	T	T
D1_N1	0.202525096316	2	1	1	78	78	1	T	G
D1_N1	0.215174295648	2	1	1	48	48	0	A	A
D1_N1	0.215884236531	1	2	1	30	30	0	A	A
D1_N1	0.23069424849	1	2	1	13	13	0	A	A
N1_N2	0.00144764068743	2	1	1	36	36	0	T	T
N2_N3	0.00203909444725	2	1	1	41	41	1	G	A
N2_N3	0.00281269015298	1	2	1	134	134	0	A	A
N2_N3	0.00373507262623	1	2	1	116	116	1	C	T
N3_N4	0.00260979385654	2	1	1	210	210	1	G	A
N3_N4	0.00570097109446	2	1	1	50	50	0	T	T
N4_Human	0.00653572089374	1	2	1	39	39	0	G	G
N4_Human	0.00905430919849	1	2	1	106	106	0	G	G
N4_Human	0.0101758584998	2	1	1	149	149	0	C	C
N4_Chimp	0.00124762298109	2	1	1	121	121	1	A	G
N3_Goril	0.0193333074031	2	1	1	162	162	1	A	G
N2_Orang	0.00557288003667	2	1	1	45	45	0	A	A
N1_Macaq	0.00795495447112	1	2	1	64	64	1	T	A
N1_Macaq	0.00896305009077	2	1	1	144	144	1	C	A
N1_Macaq	0.0120682013093	2	1	1	16	16	1	C	T
N1_Macaq	0.0160611368681	2	1	1	169	169	0	T	T
N1_Macaq	0.0245825789219	1	2	1	71	71	0	T	T
N1_Macaq	0.0281170658736	2	1	1	39	39	0	G	G
N1_Macaq	0.0293958962775	1	2	1	181	181	0	T	T
N1_Macaq	0.0329887244578	1	2	1	87	87	0	A	A
N1_Macaq	0.0390835995758	1	2	1	97	97	0	T	T
N1_Macaq	0.0436446539108	1	2	1	109	109	0	C	C
