edge	time	mut_orlg	mut_pos	old_state	new_state
N0_D1	0.000232241854446	0	337	T	A
N0_D1	0.00278709742652	0	550	A	T
N0_D1	0.00704049789062	0	446	A	T
N0_D1	0.00751213823439	0	577	G	C
N0_D1	0.0108980095753	0	518	C	T
N0_D1	0.0117393774605	0	219	A	T
N0_D1	0.0161786465321	0	74	A	G
N0_D1	0.0174908771128	0	371	A	C
N0_D1	0.0216280636923	0	539	A	G
N0_D1	0.0240223052549	0	458	T	A
N0_D1	0.0277849381893	0	444	G	A
N0_D1	0.0306496742569	0	157	T	C
N0_D1	0.0308421777489	0	246	G	A
N0_D1	0.0315641234805	0	256	A	G
N0_D1	0.032664468957	0	187	A	C
N0_D1	0.0344969769808	0	169	T	C
N0_D1	0.0355711766337	0	429	A	C
N0_D1	0.0373119989649	0	51	T	A
N0_D1	0.0374250126589	0	217	A	T
N0_D1	0.0387914277115	0	61	T	G
N0_D1	0.0442323828881	0	41	G	A
N0_D1	0.0457392765725	0	522	C	T
N0_D1	0.0457772708398	0	385	A	C
N0_D1	0.050497565549	0	102	C	T
D1_N1	0.000995679581268	1	307	G	T
D1_N1	0.0015778360292	2	330	A	G
D1_N1	0.00309755307328	2	214	G	C
D1_N1	0.00317056970361	2	374	T	G
D1_N1	0.00355034440604	1	214	G	C
D1_N1	0.00357890219238	1	380	G	T
D1_N1	0.00476841495937	2	435	T	A
D1_N1	0.00495846352781	1	281	T	A
D1_N1	0.00628957835949	1	271	T	C
D1_N1	0.00640535484154	1	481	T	A
D1_N1	0.00818406804295	1	585	G	A
D1_N1	0.00916526761196	1	251	C	G
D1_N1	0.0100346667658	1	572	A	G
D1_N1	0.0100984721876	1	293	G	A
D1_N1	0.0105413578755	2	202	G	A
D1_N1	0.0111762339685	1	328	T	C
D1_N1	0.0115236256197	2	314	A	T
D1_N1	0.0123938548133	2	533	A	G
D1_N1	0.0128784928746	1	368	C	A
D1_N1	0.0131829475186	1	63	T	G
D1_N1	0.0143376058751	1	28	T	C
D1_N1	0.0145129287116	2	277	T	A
D1_N1	0.0156285721316	1	289	A	G
D1_N1	0.0162498253523	1	74	G	A
D1_N1	0.0182991325585	2	559	C	T
D1_N1	0.0204967694375	1	256	G	T
D1_N1	0.0207032653576	1	239	C	A
D1_N1	0.0215403114574	1	317	G	C
D1_N1	0.0217448133649	1	338	A	T
D1_N1	0.023623369175	1	84	T	C
D1_N1	0.0244201214577	2	113	T	A
D1_N1	0.0249517853738	1	19	G	A
D1_N1	0.0256957057503	2	382	T	A
D1_N1	0.0266461763462	1	74	A	T
D1_N1	0.0268727349036	2	345	C	T
D1_N1	0.0271443222091	1	218	C	A
D1_N1	0.0272912885179	2	159	A	T
D1_N1	0.0280035047662	2	154	C	G
D1_N1	0.0282199513491	1	552	G	T
D1_N1	0.0293106003697	1	235	A	G
D1_N1	0.0294609689405	1	266	A	C
D1_N1	0.0304703417192	2	292	C	A
D1_N1	0.0306779218536	1	406	C	T
D1_N1	0.0317850783779	1	93	T	G
D1_N1	0.0324617657833	2	138	G	A
D1_N1	0.0325080652978	1	222	A	G
D1_N1	0.0326488239829	1	135	C	T
D1_N1	0.0354887122318	1	1	C	G
D1_N1	0.0358066883423	1	116	T	C
D1_N1	0.0365082413656	2	88	G	T
D1_N1	0.0372091122781	2	570	G	T
D1_N1	0.0380017471078	1	306	A	T
D1_N1	0.0386599631436	2	191	G	C
D1_N1	0.0402840077177	2	201	G	A
D1_N1	0.0411841307878	1	234	G	A
D1_N1	0.0414387055485	1	122	A	T
D1_N1	0.0426051403815	2	76	T	A
D1_N1	0.0433276275969	2	377	G	A
D1_N1	0.0440927402233	1	153	G	A
D1_N1	0.0440992065953	2	451	C	T
D1_N1	0.0443976221418	2	24	T	C
D1_N1	0.0451373986882	1	187	C	T
D1_N1	0.0454328558015	2	263	A	C
D1_N1	0.0467584061513	2	34	C	T
D1_N1	0.0475132161428	1	231	A	G
D1_N1	0.0476289631951	2	442	C	T
D1_N1	0.0488902606819	2	320	A	T
D1_N1	0.0489290017776	1	250	T	C
D1_N1	0.0491436173592	2	538	A	T
D1_N1	0.0491473301691	2	361	T	A
D1_N1	0.0493482151108	1	198	A	T
D1_N1	0.0505029131709	2	24	C	T
D1_N1	0.0519185350443	2	367	C	A
D1_N1	0.0531475050166	1	141	T	A
D1_N1	0.0549453615018	1	60	G	T
D1_N1	0.05516660435	1	445	G	A
D1_N1	0.0573176134596	1	38	A	G
D1_N1	0.0576314125172	1	541	T	G
D1_N1	0.0581305446684	1	436	C	A
D1_N1	0.0581827835952	1	499	A	T
D1_N1	0.0599652477891	1	185	A	T
D1_N1	0.061947649968	2	50	A	G
D1_N1	0.0620032672647	1	516	C	T
D1_N1	0.0621021395961	1	116	C	G
D1_N1	0.0625829227184	2	537	G	A
D1_N1	0.0629689130428	2	35	C	A
D1_N1	0.0631918640538	1	100	T	G
D1_N1	0.0638637517576	2	352	G	T
D1_N1	0.0655820364325	1	214	C	T
D1_N1	0.0656288076514	1	268	A	C
D1_N1	0.0668826026022	2	248	A	G
D1_N1	0.0671799746965	2	44	G	T
D1_N1	0.0686139030985	1	457	A	G
D1_N1	0.0693729425314	1	451	C	T
D1_N1	0.0695083448386	1	253	T	G
D1_N1	0.0696520876843	1	101	A	C
D1_N1	0.0698015628499	2	210	T	C
D1_N1	0.0700129668371	1	387	C	T
D1_N1	0.0708100708327	1	104	C	T
D1_N1	0.0715771399307	1	247	T	A
D1_N1	0.0718597735499	2	406	C	A
D1_N1	0.0719058064651	2	335	T	C
D1_N1	0.0721523481234	1	241	G	A
D1_N1	0.0731814977957	1	344	T	C
D1_N1	0.0734009874576	2	345	T	G
D1_N1	0.0739437884771	1	299	T	C
D1_N1	0.0744114462307	2	424	T	G
D1_N1	0.0744513922818	1	442	C	A
D1_N1	0.0746198037743	1	309	G	C
D1_N1	0.0750527495233	1	538	A	G
D1_N1	0.0751111375661	1	456	T	C
D1_N1	0.0764757798528	1	217	T	A
D1_N1	0.0815333389243	2	197	G	T
D1_N1	0.0831804985442	2	7	A	G
D1_N1	0.0841833992795	1	6	T	C
D1_N1	0.0857297987478	1	474	A	G
D1_N1	0.0863697834411	2	135	C	G
D1_N1	0.0864025431027	2	248	G	A
D1_N1	0.0864538074776	2	346	T	G
D1_N1	0.0870251238112	2	127	G	C
D1_N1	0.0870561691243	2	440	C	T
D1_N1	0.087915888839	1	35	C	T
D1_N1	0.0880129560675	1	527	T	A
D1_N1	0.0887743561463	1	221	G	T
D1_N1	0.08940051934	2	30	G	T
D1_N1	0.0899783481489	2	183	G	A
D1_N1	0.090266648613	2	74	G	T
D1_N1	0.0919406222905	2	546	G	A
D1_N1	0.0921115889309	1	209	C	G
D1_N1	0.0927439215636	2	526	G	A
D1_N1	0.0930499896909	1	82	A	T
D1_N1	0.0946916197632	1	530	G	A
D1_N1	0.0951361136459	1	381	A	G
D1_N1	0.0964915254687	2	284	G	A
D1_N1	0.0968116036784	2	391	T	A
D1_N1	0.0977839578269	2	516	C	T
D1_N1	0.100272109318	2	583	C	T
D1_N1	0.10042334787	1	110	G	A
D1_N1	0.100745948613	1	122	T	A
D1_N1	0.101824445386	1	424	T	C
D1_N1	0.101847120546	1	32	A	C
D1_N1	0.102103555147	1	368	A	C
D1_N1	0.102460526694	2	522	T	A
D1_N1	0.102548539899	1	370	T	C
D1_N1	0.103062242388	2	326	A	T
D1_N1	0.103540439158	2	96	T	A
D1_N1	0.104046388402	1	460	C	G
D1_N1	0.104612500515	2	158	T	C
D1_N1	0.105058817469	1	267	T	C
D1_N1	0.105206556557	2	316	T	A
D1_N1	0.107184392136	1	45	T	C
D1_N1	0.110162514721	1	479	T	A
D1_N1	0.110677211866	1	295	T	C
D1_N1	0.110892714898	2	11	C	T
D1_N1	0.1109745514	1	557	G	T
D1_N1	0.111630169318	2	254	A	G
D1_N1	0.112458039259	1	471	T	C
D1_N1	0.112468067091	2	381	A	T
D1_N1	0.113109872594	1	442	A	G
D1_N1	0.113174368706	2	557	G	T
D1_N1	0.113527014105	1	328	C	A
D1_N1	0.114033381458	2	79	A	G
D1_N1	0.11799574325	1	144	T	C
D1_N1	0.11863750081	1	309	C	A
D1_N1	0.119145989234	1	490	A	G
D1_N1	0.119771882134	2	153	G	A
D1_N1	0.119846156773	1	22	T	C
D1_N1	0.120746404006	2	44	T	C
D1_N1	0.120819635328	1	121	A	T
D1_N1	0.121724248442	1	475	A	T
D1_N1	0.122577056896	1	473	C	T
D1_N1	0.122864043656	2	232	A	T
D1_N1	0.123962888939	1	395	A	C
D1_N1	0.124096933431	2	510	A	G
D1_N1	0.125394526088	1	114	A	G
D1_N1	0.12547895338	2	7	G	A
D1_N1	0.125512328589	2	508	G	A
D1_N1	0.125866585028	1	150	T	C
D1_N1	0.127890109354	2	169	C	T
D1_N1	0.128283174648	1	262	C	A
D1_N1	0.128954172875	2	374	G	A
D1_N1	0.129029021884	2	295	T	C
D1_N1	0.130071030831	1	57	G	A
D1_N1	0.13018754619	2	280	A	C
D1_N1	0.130950337044	1	121	T	A
D1_N1	0.131607235749	1	485	C	G
D1_N1	0.132116084485	1	573	T	A
D1_N1	0.132839642504	2	499	A	G
D1_N1	0.133096191571	1	256	T	A
D1_N1	0.134010473416	1	487	A	G
D1_N1	0.135511062455	2	494	T	A
D1_N1	0.136865544814	2	558	C	G
D1_N1	0.137223047848	2	8	A	G
D1_N1	0.137543467722	2	321	T	C
D1_N1	0.138048012862	2	103	A	G
D1_N1	0.138831584125	2	562	A	T
D1_N1	0.139896973617	1	451	T	C
D1_N1	0.141560441408	1	271	C	T
D1_N1	0.142958483162	1	365	A	G
D1_N1	0.145502224702	1	170	A	G
D1_N1	0.146655471689	1	569	G	C
D1_N1	0.147228481581	1	8	A	T
D1_N1	0.147503596318	2	162	T	C
D1_N1	0.14753182952	1	293	A	C
D1_N1	0.14797445113	2	526	A	G
D1_N1	0.148835018692	2	463	T	C
D1_N1	0.14974604613	2	7	A	G
D1_N1	0.150042496794	1	432	C	T
D1_N1	0.150975512845	2	75	A	G
D1_N1	0.153561582217	2	293	G	T
D1_N1	0.154311189025	1	578	T	A
D1_N1	0.156402961364	1	412	G	A
D1_N1	0.16263345653	1	397	T	G
D1_N1	0.163723184884	1	161	A	T
D1_N1	0.165855697086	1	199	A	G
D1_N1	0.166808508114	2	418	T	C
D1_N1	0.166924524497	2	54	C	G
D1_N1	0.166936883736	2	121	A	G
D1_N1	0.16699410586	1	139	T	G
D1_N1	0.167454152928	1	34	C	T
D1_N1	0.167642202573	2	266	A	G
D1_N1	0.169166174686	2	539	G	A
D1_N1	0.169928407712	2	425	C	A
D1_N1	0.169989376791	2	387	C	G
D1_N1	0.170053085792	2	418	C	A
D1_N1	0.170235324915	1	579	T	A
D1_N1	0.170319888189	1	0	A	G
D1_N1	0.170413123074	2	562	T	A
D1_N1	0.172853537815	1	490	G	A
D1_N1	0.173388990825	2	11	T	G
D1_N1	0.174495738181	2	106	T	C
D1_N1	0.174536732157	1	52	T	C
D1_N1	0.176484034813	2	514	T	C
D1_N1	0.179943219657	2	134	C	A
D1_N1	0.18049070877	1	9	A	G
D1_N1	0.18105730246	2	460	C	T
D1_N1	0.182938369762	1	505	C	T
D1_N1	0.185810238272	2	186	T	C
D1_N1	0.188260983173	1	241	A	G
D1_N1	0.189894981739	2	223	T	C
D1_N1	0.190259761233	2	525	A	G
D1_N1	0.190701426183	1	82	T	C
D1_N1	0.193617258168	2	63	T	C
D1_N1	0.193686062508	2	547	C	G
D1_N1	0.193704231635	1	256	A	G
D1_N1	0.19494312039	2	8	G	T
D1_N1	0.19535027196	1	103	A	T
D1_N1	0.195420547186	2	142	G	C
D1_N1	0.195957950305	2	311	C	A
D1_N1	0.197071436493	1	21	A	C
D1_N1	0.197207030594	1	298	G	A
D1_N1	0.198124196718	2	426	A	C
D1_N1	0.19889882031	1	461	C	G
D1_N1	0.199489953966	2	89	G	T
D1_N1	0.199828747725	2	342	A	T
D1_N1	0.20023684737	2	480	C	T
D1_N1	0.201052253469	2	368	C	T
D1_N1	0.20117047441	2	366	A	T
D1_N1	0.201474738683	2	272	G	A
D1_N1	0.201958055534	1	425	C	A
D1_N1	0.202218773652	2	426	C	T
D1_N1	0.202697007222	1	568	C	G
D1_N1	0.204818186087	2	352	T	G
D1_N1	0.205798464589	1	177	G	A
D1_N1	0.208965430855	1	292	C	T
D1_N1	0.209112087817	2	41	A	C
D1_N1	0.211302920071	2	421	T	C
D1_N1	0.212056385099	1	404	C	T
D1_N1	0.213139725285	2	231	A	C
D1_N1	0.214912461945	2	135	G	T
N1_N2	0.00217124470663	2	88	T	C
N1_N2	0.00324332335398	1	427	G	T
N1_N2	0.00455187801506	2	557	T	A
N1_N2	0.005046632952	1	151	C	T
N1_N2	0.00600631814384	1	103	T	A
N1_N2	0.00646579873896	1	399	A	T
N1_N2	0.00677509255094	1	37	G	T
N1_N2	0.00799808155576	1	555	A	T
N1_N2	0.00857282451765	1	346	T	G
N1_N2	0.00920002817707	1	538	G	A
N1_N2	0.00951917393686	1	150	C	G
N1_N2	0.0108479510271	1	566	T	G
N1_N2	0.0128537565277	1	480	C	T
N1_N2	0.0131902291395	1	142	G	T
N1_N2	0.0133183694203	2	197	T	A
N1_N2	0.0145565499372	2	525	G	T
N1_N2	0.0145619952325	1	268	C	A
N1_N2	0.0151682991737	1	437	T	C
N1_N2	0.0157048665992	1	15	A	G
N1_N2	0.0157195822605	1	344	C	T
N1_N2	0.0157932329879	2	504	T	C
N1_N2	0.0170354372849	2	150	T	G
N1_N2	0.0171869722872	2	169	T	G
N1_N2	0.0180871212553	1	61	G	A
N1_N2	0.018130746677	1	547	C	T
N2_N3	0.00118252802325	1	549	G	A
N2_N3	0.0016067489928	2	570	T	C
N2_N3	0.00229054806164	1	9	G	A
N2_N3	0.00327748643061	1	570	G	A
N2_N3	0.00430019403742	1	453	C	G
N2_N3	0.00451697300243	2	320	T	A
N2_N3	0.00615578614889	1	220	C	A
N3_N4	0.00150093204569	1	98	C	T
N3_N4	0.0018312625131	2	122	A	C
N3_N4	0.00202376728893	2	525	T	C
N3_N4	0.00236312614616	1	173	G	T
N3_N4	0.0027705146451	2	477	A	G
N3_N4	0.00331104347395	1	269	C	T
N3_N4	0.00586379456331	2	511	C	T
N3_N4	0.00587104170791	1	231	G	T
N3_N4	0.00642730222714	1	422	C	A
N3_N4	0.008065495488	2	445	G	T
N4_Human	0.00141967003555	2	345	G	A
N4_Human	0.00202304268289	2	378	C	A
N4_Human	0.00213825061087	1	541	G	A
N4_Human	0.00383355115751	1	231	T	G
N4_Human	0.00651191741093	2	155	A	T
N4_Human	0.00698602496865	2	552	G	T
N4_Human	0.0072759491797	2	317	G	T
N4_Human	0.0078862067068	2	496	A	G
N4_Human	0.00792348933972	2	108	A	C
N4_Human	0.00802497501443	2	194	A	C
N4_Human	0.00905709850116	2	183	A	G
N4_Human	0.0102454772377	1	502	G	A
N4_Chimp	0.000809429067564	1	125	T	A
N4_Chimp	0.0012132160833	1	497	T	G
N4_Chimp	0.0018076425429	2	423	A	G
N4_Chimp	0.00198120182584	1	74	T	G
N4_Chimp	0.00264692612268	2	186	C	T
N4_Chimp	0.00265442760985	1	380	T	C
N4_Chimp	0.00323871325992	1	48	G	A
N4_Chimp	0.00332115308269	1	65	T	A
N4_Chimp	0.00477225907279	2	304	C	A
N4_Chimp	0.00537463747911	1	143	T	A
N4_Chimp	0.0069004143949	2	139	T	C
N4_Chimp	0.00723013171626	2	394	A	G
N4_Chimp	0.00936357824986	2	173	G	A
N4_Chimp	0.0109183300033	1	144	C	T
N4_Chimp	0.0109229213559	1	526	G	T
N3_Goril	0.000275809208719	1	527	A	T
N3_Goril	0.000655743821342	1	69	G	A
N3_Goril	0.000993919488728	2	297	G	A
N3_Goril	0.00123762981274	2	170	A	C
N3_Goril	0.00147104706993	1	505	T	G
N3_Goril	0.00429230377327	2	299	T	G
N3_Goril	0.00498007046099	1	325	A	T
N3_Goril	0.00609921361943	2	39	C	T
N3_Goril	0.00880306361082	1	64	A	G
N3_Goril	0.0101275934414	1	474	G	A
N3_Goril	0.0113491374235	2	283	G	C
N3_Goril	0.0113691074959	2	490	A	G
N3_Goril	0.0116146114689	1	73	G	T
N3_Goril	0.0129712921066	2	433	T	A
N3_Goril	0.0167911658866	2	254	G	A
N3_Goril	0.0167979977289	2	241	G	T
N3_Goril	0.0173077368829	1	472	G	A
N3_Goril	0.0177968763701	2	260	T	A
N3_Goril	0.0186161049091	1	90	G	T
N2_Orang	0.000356714217441	2	429	C	G
N2_Orang	0.0008836730793	1	112	C	T
N2_Orang	0.000919030841934	2	212	G	T
N2_Orang	0.00102411472667	1	252	G	T
N2_Orang	0.0013376896265	1	545	G	A
N2_Orang	0.00173906194248	1	259	G	A
N2_Orang	0.00174703411685	1	324	A	G
N2_Orang	0.00336467246345	1	369	C	A
N2_Orang	0.00409038461274	2	350	A	T
N2_Orang	0.00418017877929	1	484	A	T
N2_Orang	0.00483126140024	2	271	T	G
N2_Orang	0.00520400087395	2	483	A	G
N2_Orang	0.00536647171668	2	481	T	A
N2_Orang	0.00586621119815	1	1	G	A
N2_Orang	0.00648680920855	2	107	C	T
N2_Orang	0.00692217244154	2	316	A	G
N2_Orang	0.00700732111642	2	58	A	G
N2_Orang	0.00742215858629	2	244	A	G
N2_Orang	0.00800559149633	1	142	T	G
N2_Orang	0.00849088950726	1	7	A	G
N2_Orang	0.00887341877562	1	416	C	T
N2_Orang	0.00922795110196	1	505	T	C
N2_Orang	0.0104068179723	2	509	C	T
N2_Orang	0.0120019022569	2	244	G	T
N2_Orang	0.0122105603569	2	448	G	A
N1_Macaq	0.0017250032429	1	184	T	G
N1_Macaq	0.00340045800699	1	112	C	T
N1_Macaq	0.00408286510801	1	384	T	A
N1_Macaq	0.00473189403947	1	405	C	G
N1_Macaq	0.00516270916348	2	415	T	A
N1_Macaq	0.0053876583836	2	50	G	C
N1_Macaq	0.00549965051795	2	198	A	G
N1_Macaq	0.00635824175036	1	519	T	C
N1_Macaq	0.00673718016971	2	392	A	G
N1_Macaq	0.00692280577466	1	276	C	T
N1_Macaq	0.00709443702319	1	507	A	G
N1_Macaq	0.00768760404434	2	230	A	G
N1_Macaq	0.00787820769898	1	544	G	C
N1_Macaq	0.00971018501751	1	554	A	T
N1_Macaq	0.0102251696315	1	271	T	C
N1_Macaq	0.0104712343776	1	299	C	G
N1_Macaq	0.010688444848	1	507	G	A
N1_Macaq	0.0111435684432	2	142	C	A
N1_Macaq	0.0120911665404	1	267	C	T
N1_Macaq	0.0121864012378	1	274	A	T
N1_Macaq	0.012231117944	2	361	A	G
N1_Macaq	0.0138676350095	1	584	A	C
N1_Macaq	0.0141158286639	1	114	G	T
N1_Macaq	0.0141881891658	2	410	C	A
N1_Macaq	0.0144145952044	1	93	G	A
N1_Macaq	0.0144229705529	2	164	C	A
N1_Macaq	0.0150194385123	1	159	A	T
N1_Macaq	0.0158889829422	1	430	C	T
N1_Macaq	0.0163780213689	2	338	A	G
N1_Macaq	0.0183858272087	2	261	A	C
N1_Macaq	0.0183993902504	1	403	A	G
N1_Macaq	0.0185968234143	2	75	G	A
N1_Macaq	0.0212904880154	1	183	G	A
N1_Macaq	0.021302810304	1	473	T	C
N1_Macaq	0.0220907010155	1	223	T	A
N1_Macaq	0.0236445045664	1	539	G	A
N1_Macaq	0.0241401196552	1	51	A	C
N1_Macaq	0.0249282172907	1	118	G	T
N1_Macaq	0.0271984484509	2	236	G	A
N1_Macaq	0.0283682100552	2	240	A	G
N1_Macaq	0.0295014576018	1	321	T	G
N1_Macaq	0.0295770754193	1	306	T	G
N1_Macaq	0.0304170721432	1	540	C	T
N1_Macaq	0.0309131681147	1	184	G	A
N0_Mouse	0.0033587615258	0	408	A	T
N0_Mouse	0.0051608330184	0	318	C	T
N0_Mouse	0.00602741557507	0	77	G	T
N0_Mouse	0.00892852955765	0	428	T	A
N0_Mouse	0.010700530691	0	235	A	C
N0_Mouse	0.0108441216352	0	147	G	C
N0_Mouse	0.0139723697516	0	144	T	A
N0_Mouse	0.0145811048654	0	76	T	A
N0_Mouse	0.0152990901255	0	517	T	G
N0_Mouse	0.0159022555117	0	456	T	A
N0_Mouse	0.0172853582495	0	188	C	T
N0_Mouse	0.0191852159773	0	57	G	T
N0_Mouse	0.0220428061846	0	534	C	G
N0_Mouse	0.0231666902777	0	256	A	G
N0_Mouse	0.0244594613181	0	476	G	T
N0_Mouse	0.0280441364012	0	378	C	T
N0_Mouse	0.0292308879186	0	125	T	G
N0_Mouse	0.0357675692954	0	279	G	T
N0_Mouse	0.038834494469	0	388	G	A
N0_Mouse	0.0407622659027	0	544	G	C
N0_Mouse	0.0449122472963	0	20	T	A
N0_Mouse	0.0453762305175	0	129	T	A
N0_Mouse	0.0464858165011	0	550	A	G
N0_Mouse	0.0468638786692	0	321	T	G
N0_Mouse	0.048675059996	0	35	C	T
N0_Mouse	0.0488158551401	0	81	C	T
N0_Mouse	0.0507290347046	0	108	A	T
N0_Mouse	0.05374555553	0	19	G	T
N0_Mouse	0.0547558050091	0	326	A	G
N0_Mouse	0.058112297499	0	264	G	C
N0_Mouse	0.0601401306592	0	304	C	G
N0_Mouse	0.0605684389237	0	330	A	G
N0_Mouse	0.062293554038	0	569	G	A
N0_Mouse	0.0666174613229	0	325	A	T
N0_Mouse	0.0683699976131	0	66	T	G
N0_Mouse	0.070161088068	0	483	A	G
N0_Mouse	0.0704099389854	0	119	C	T
N0_Mouse	0.0758528924154	0	567	A	T
N0_Mouse	0.0772629429785	0	389	G	T
N0_Mouse	0.0811541356194	0	378	T	G
N0_Mouse	0.0848799891186	0	396	A	G
N0_Mouse	0.0874541184209	0	169	T	C
N0_Mouse	0.0879531586486	0	492	G	C
N0_Mouse	0.0888911039505	0	206	T	G
N0_Mouse	0.0902801343682	0	266	A	T
N0_Mouse	0.0917353416395	0	543	T	C
N0_Mouse	0.0919347586604	0	185	A	G
N0_Mouse	0.0929881456961	0	574	T	C
N0_Mouse	0.0935413775967	0	159	A	C
N0_Mouse	0.0940900984459	0	142	G	T
N0_Mouse	0.095508805424	0	444	G	T
N0_Mouse	0.100820943373	0	185	G	T
N0_Mouse	0.105201326475	0	209	C	T
N0_Mouse	0.106221233275	0	380	G	A
N0_Mouse	0.106815746215	0	22	T	G
N0_Mouse	0.106901036224	0	554	A	G
N0_Mouse	0.107253954365	0	388	A	C
N0_Mouse	0.108368634478	0	114	A	G
N0_Mouse	0.108503848328	0	298	G	C
N0_Mouse	0.110179582436	0	283	G	C
N0_Mouse	0.111701630101	0	343	G	A
N0_Mouse	0.116519193854	0	197	G	A
N0_Mouse	0.118339075754	0	308	C	A
N0_Mouse	0.118368211761	0	328	T	C
N0_Mouse	0.121073174669	0	294	C	A
N0_Mouse	0.124222533351	0	470	A	C
N0_Mouse	0.12550847763	0	513	T	G
N0_Mouse	0.125794683411	0	38	A	T
N0_Mouse	0.127453648363	0	257	T	G
N0_Mouse	0.127628672604	0	228	A	G
N0_Mouse	0.128175653608	0	508	G	A
N0_Mouse	0.128556242302	0	391	T	C
N0_Mouse	0.131490636968	0	469	T	A
N0_Mouse	0.131614525003	0	358	A	G
N0_Mouse	0.133299575364	0	295	T	G
N0_Mouse	0.133714749931	0	158	T	G
N0_Mouse	0.134533614302	0	259	G	T
N0_Mouse	0.135045133786	0	168	A	G
N0_Mouse	0.135292196753	0	231	A	T
N0_Mouse	0.141284788208	0	41	G	A
N0_Mouse	0.142347520295	0	415	T	C
N0_Mouse	0.143502190159	0	478	A	G
N0_Mouse	0.144185913583	0	111	T	C
N0_Mouse	0.144470348979	0	283	C	A
N0_Mouse	0.145344254164	0	94	G	A
N0_Mouse	0.146978589251	0	130	A	G
N0_Mouse	0.147369074952	0	382	T	A
N0_Mouse	0.148248331779	0	281	T	C
N0_Mouse	0.150222325857	0	570	G	A
N0_Mouse	0.152825761374	0	263	A	G
N0_Mouse	0.153980385595	0	174	G	A
N0_Mouse	0.154747251198	0	298	C	G
N0_Mouse	0.155359754369	0	13	A	G
N0_Mouse	0.1569675864	0	258	A	G
N0_Mouse	0.157023753333	0	233	G	C
N0_Mouse	0.162060086868	0	357	C	G
N0_Mouse	0.163649905805	0	553	A	G
N0_Mouse	0.164081517849	0	351	T	A
N0_Mouse	0.164593683986	0	311	C	T
N0_Mouse	0.164622023633	0	241	G	A
N0_Mouse	0.1650771873	0	292	C	A
N0_Mouse	0.166479237521	0	159	C	T
N0_Mouse	0.166999654323	0	315	A	G
N0_Mouse	0.169354863487	0	316	T	C
N0_Mouse	0.169458843593	0	419	G	T
N0_Mouse	0.177978545054	0	445	G	A
N0_Mouse	0.18331500529	0	277	T	A
N0_Mouse	0.186581701703	0	547	C	G
N0_Mouse	0.188323456919	0	364	A	G
N0_Mouse	0.188561554799	0	212	G	A
N0_Mouse	0.192612192945	0	66	G	A
N0_Mouse	0.195664579189	0	167	A	C
N0_Mouse	0.198497469857	0	255	T	A
N0_Mouse	0.200337163949	0	195	G	A
N0_Mouse	0.20077627922	0	530	G	A
N0_Mouse	0.20214929572	0	576	A	G
N0_Mouse	0.204257252	0	113	T	C
N0_Mouse	0.204950030469	0	542	T	C
N0_Mouse	0.205843222146	0	57	T	G
N0_Mouse	0.206569148586	0	390	T	A
N0_Mouse	0.207754861665	0	241	A	G
N0_Mouse	0.214864281067	0	147	C	A
N0_Mouse	0.216816739751	0	2	A	T
N0_Mouse	0.218033522184	0	441	A	C
N0_Mouse	0.220148823694	0	563	T	C
N0_Mouse	0.221374441345	0	385	A	T
N0_Mouse	0.223056325279	0	108	T	C
N0_Mouse	0.223774937976	0	338	A	G
N0_Mouse	0.227010199864	0	1	C	T
N0_Mouse	0.227933316487	0	315	G	A
N0_Mouse	0.22962529039	0	189	T	A
N0_Mouse	0.229776255329	0	297	G	A
N0_Mouse	0.23095661485	0	139	T	A
N0_Mouse	0.232454808588	0	250	T	A
N0_Mouse	0.232868874814	0	224	C	A
N0_Mouse	0.233273152792	0	372	A	G
N0_Mouse	0.23404042547	0	354	A	G
N0_Mouse	0.234755396506	0	168	G	C
N0_Mouse	0.236249337942	0	572	A	T
N0_Mouse	0.240172682497	0	329	C	T
N0_Mouse	0.241030863287	0	157	T	C
N0_Mouse	0.245534298499	0	176	G	T
N0_Mouse	0.246365400083	0	411	T	G
N0_Mouse	0.247334657143	0	150	T	C
N0_Mouse	0.247624716197	0	293	G	T
N0_Mouse	0.247955415971	0	226	G	T
N0_Mouse	0.250262431284	0	238	G	A
N0_Mouse	0.251057186187	0	418	T	A
N0_Mouse	0.252917684379	0	335	T	C
N0_Mouse	0.254414850193	0	317	G	A
N0_Mouse	0.254812143005	0	236	G	T
N0_Mouse	0.255476043166	0	6	T	C
N0_Mouse	0.258445710659	0	177	G	A
N0_Mouse	0.259245671365	0	156	A	T
N0_Mouse	0.259476082236	0	488	G	T
N0_Mouse	0.260112300179	0	373	A	T
N0_Mouse	0.264050790427	0	432	C	T
N0_Mouse	0.269340287279	0	524	G	T
N0_Mouse	0.270145519271	0	130	G	A
N0_Mouse	0.271977272614	0	104	C	A
N0_Mouse	0.272847621332	0	496	A	T
N0_Mouse	0.272848684918	0	305	T	A
N0_Mouse	0.27401743465	0	214	G	T
N0_Mouse	0.275038715766	0	422	C	A
N0_Mouse	0.275603999403	0	7	A	G
N0_Mouse	0.27827154603	0	369	C	G
N0_Mouse	0.279149915001	0	330	G	T
N0_Mouse	0.279940523533	0	17	T	C
N0_Mouse	0.280023614455	0	91	G	C
N0_Mouse	0.283012806864	0	378	G	A
N0_Mouse	0.283585555168	0	304	G	T
N0_Mouse	0.287630203586	0	304	T	A
N0_Mouse	0.28957498456	0	221	G	T
N0_Mouse	0.292377344842	0	170	A	T
N0_Mouse	0.296292466659	0	580	T	A
N0_Mouse	0.299199121349	0	375	G	A
N0_Mouse	0.30208129369	0	415	C	G
N0_Mouse	0.302212708796	0	404	C	G
N0_Mouse	0.304236523159	0	562	A	T
N0_Mouse	0.305238122724	0	101	A	G
N0_Mouse	0.305911367171	0	366	A	G
N0_Mouse	0.310561830134	0	465	A	G
N0_Mouse	0.313079937096	0	392	A	G
N0_Mouse	0.313550880275	0	120	A	G
N0_Mouse	0.314686535815	0	424	T	G
N0_Mouse	0.315376734595	0	272	G	A
N0_Mouse	0.315787328817	0	193	T	G
N0_Mouse	0.316396274632	0	196	A	C
N0_Mouse	0.319954373946	0	97	A	G
N0_Mouse	0.320566173823	0	82	A	G
N0_Mouse	0.321732812479	0	351	A	G
N0_Mouse	0.32179878007	0	5	G	A
N0_Mouse	0.322393126298	0	167	C	A
N0_Mouse	0.333072156022	0	271	T	A
N0_Mouse	0.335804434064	0	461	C	A
N0_Mouse	0.338144762955	0	91	C	G
N0_Mouse	0.341661690345	0	490	A	G
N0_Mouse	0.34317994986	0	59	C	G
N0_Mouse	0.343277000371	0	74	A	G
N0_Mouse	0.34404513059	0	152	C	A
N0_Mouse	0.34410841629	0	514	T	G
N0_Mouse	0.346630012071	0	87	C	T
N0_Mouse	0.352313485381	0	160	T	A
N0_Mouse	0.353547479442	0	33	G	A
N0_Mouse	0.353669194561	0	496	T	G
N0_Mouse	0.353775657197	0	157	C	T
N0_Mouse	0.355974674053	0	54	C	T
N0_Mouse	0.356512091189	0	143	T	G
N0_Mouse	0.358410468623	0	204	A	T
N0_Mouse	0.361814176491	0	156	T	C
N0_Mouse	0.362400739749	0	555	A	G
N0_Mouse	0.368976617299	0	517	G	A
N0_Mouse	0.369331134876	0	518	C	G
N0_Mouse	0.369648489634	0	506	T	A
N0_Mouse	0.374622029322	0	564	G	C
N0_Mouse	0.376665869524	0	569	A	C
N0_Mouse	0.376967746502	0	95	A	T
N0_Mouse	0.377223042604	0	168	C	T
N0_Mouse	0.380758193137	0	170	T	G
N0_Mouse	0.381650207182	0	51	T	A
N0_Mouse	0.38230077862	0	556	A	G
N0_Mouse	0.386619240106	0	448	G	A
N0_Mouse	0.386696293945	0	29	C	G
N0_Mouse	0.388888835799	0	546	G	C
N0_Mouse	0.390725395469	0	163	T	G
N0_Mouse	0.393299370225	0	483	G	T
N0_Mouse	0.396077992782	0	41	A	G
N0_Mouse	0.397141250805	0	379	C	A
N0_Mouse	0.397903566286	0	461	A	T
N0_Mouse	0.398804364725	0	299	T	A
N0_Mouse	0.398857174612	0	540	C	T
N0_Mouse	0.405899646661	0	293	T	A
N0_Mouse	0.406102185437	0	71	C	A
N0_Mouse	0.407574732658	0	341	A	T
N0_Mouse	0.4089030313	0	268	A	G
N0_Mouse	0.409151772618	0	393	A	T
N0_Mouse	0.413679625718	0	162	T	G
N0_Mouse	0.414255661357	0	150	C	G
N0_Mouse	0.416288119007	0	511	C	A
N0_Mouse	0.416378207329	0	176	T	C
N0_Mouse	0.416392594095	0	381	A	T
N0_Mouse	0.416439195027	0	276	C	A
N0_Mouse	0.418448225521	0	544	C	A
N0_Mouse	0.419691397179	0	177	A	T
N0_Mouse	0.420561836654	0	520	A	G
N0_Mouse	0.423130087254	0	392	G	T
N0_Mouse	0.426461911459	0	149	T	G
N0_Mouse	0.427162087425	0	509	C	G
N0_Mouse	0.429559300964	0	420	G	A
N0_Mouse	0.437001407212	0	361	T	C
N0_Mouse	0.438821439163	0	339	A	T
N0_Mouse	0.439182162459	0	265	G	T
N0_Mouse	0.440492962305	0	149	G	A
N0_Mouse	0.4446719586	0	219	A	G
N0_Mouse	0.449593061194	0	420	A	G
N0_Mouse	0.44990817197	0	97	G	A
N0_Mouse	0.450515280414	0	136	A	T
N0_Mouse	0.451436663945	0	424	G	T
N0_Mouse	0.451883951845	0	566	T	A
N0_Mouse	0.456662631418	0	293	A	G
N0_Mouse	0.457406507753	0	122	A	T
