edge	time	orlg_from	orlg_to	tract_length	start_pos	stop_pos	num_diff	template_seq	overide_seq
D1_N1	0.00013236282042	2	1	6	155	160	0	ACTAAG	ACTAAG
D1_N1	0.000306791086142	2	1	8	675	682	0	CAGCTTCA	CAGCTTCA
D1_N1	0.000352218878875	2	1	4	324	327	0	TGAA	TGAA
D1_N1	0.000410568488266	1	2	3	46	48	0	GAG	GAG
D1_N1	0.00073346656069	2	1	1	546	546	0	A	A
D1_N1	0.00146512149316	2	1	7	395	401	0	GCACTAC	GCACTAC
D1_N1	0.00157021430226	2	1	1	184	184	0	C	C
D1_N1	0.00171683447633	1	2	4	565	568	0	AGGA	AGGA
D1_N1	0.0019136405522	2	1	10	184	193	0	CGGAATGCCC	CGGAATGCCC
D1_N1	0.00195812673776	2	1	5	12	16	0	GTCGT	GTCGT
D1_N1	0.00234382775118	1	2	12	468	479	0	AATTCTTTATTG	AATTCTTTATTG
D1_N1	0.00295992901093	1	2	7	222	228	0	CAATAAT	CAATAAT
D1_N1	0.0034394979793	2	1	9	624	632	0	GATGCGGTG	GATGCGGTG
D1_N1	0.00352391445743	2	1	4	232	235	0	AACC	AACC
D1_N1	0.00375448083923	2	1	3	488	490	0	GTG	GTG
D1_N1	0.00382514901168	1	2	10	343	352	0	CAGATACGAA	CAGATACGAA
D1_N1	0.00404534605542	1	2	4	188	191	0	ATGC	ATGC
D1_N1	0.00429373985031	1	2	2	259	260	0	GG	GG
D1_N1	0.00429499196927	1	2	6	43	48	0	TGAGAG	TGAGAG
D1_N1	0.0044079257542	2	1	2	238	239	0	TA	TA
D1_N1	0.00453849280773	2	1	2	151	152	0	TT	TT
D1_N1	0.00459206526041	2	1	6	381	386	0	TCACAT	TCACAT
D1_N1	0.00488407738447	1	2	1	302	302	0	A	A
D1_N1	0.00571216251587	2	1	3	221	223	0	ACA	ACA
D1_N1	0.00578684184442	2	1	1	620	620	0	C	C
D1_N1	0.00613758808684	2	1	1	72	72	0	A	A
N1_castellii	5.12143654083e-05	1	2	5	255	259	0	GCCTG	GCCTG
N1_castellii	5.59571207377e-05	1	2	10	210	219	0	AAATAGCTCC	AAATAGCTCC
N1_castellii	0.000570912800558	1	2	4	667	670	0	CCAT	CCAT
N1_castellii	0.000678360169401	1	2	15	433	447	2	ACTTAATTATATATG	ACCTAATTATACATG
N1_castellii	0.000860133125165	1	2	10	147	156	0	AGGATTAAAC	AGGATTAAAC
N1_castellii	0.000909259599734	2	1	1	201	201	0	C	C
N1_castellii	0.00108392431059	2	1	3	644	646	1	GTG	GCG
N1_castellii	0.00167246117464	1	2	6	165	170	0	ACTTCG	ACTTCG
N1_castellii	0.00188230733513	2	1	6	450	455	0	GCTGAA	GCTGAA
N1_castellii	0.00196427242235	2	1	3	666	668	0	ACC	ACC
N1_castellii	0.00199347621978	1	2	4	666	669	0	ACCA	ACCA
N1_castellii	0.00199492205822	2	1	14	270	283	1	GTTTAATTTAGAAA	GCTTAATTTAGAAA
N1_castellii	0.00214299000042	2	1	2	59	60	0	CG	CG
N1_castellii	0.00236971423825	1	2	3	405	407	0	AAG	AAG
N1_castellii	0.00253604933719	1	2	11	326	336	0	AAATATCGTTC	AAATATCGTTC
N1_castellii	0.00281460955387	2	1	9	164	172	0	GACTTCGTG	GACTTCGTG
N1_castellii	0.00285346876186	1	2	8	138	145	0	TTCTACGC	TTCTACGC
N1_castellii	0.0030334160569	1	2	3	440	442	0	TAT	TAT
N1_castellii	0.00316430175506	1	2	3	252	254	0	GTT	GTT
N1_castellii	0.0032242244812	2	1	1	594	594	0	T	T
N1_castellii	0.00340782311812	1	2	8	443	450	1	ATATGTTA	ATATGTTG
N1_castellii	0.00345324338628	2	1	6	448	453	0	TTACTG	TTACTG
N1_castellii	0.00380054902595	2	1	1	552	552	1	G	A
N1_castellii	0.00394710828026	1	2	2	266	267	0	GT	GT
N1_castellii	0.00431360662633	2	1	3	583	585	0	TCC	TCC
N1_castellii	0.00441247921738	2	1	5	372	376	0	TTGGC	TTGGC
N1_castellii	0.00484400658233	2	1	9	348	356	0	ACGAAAATT	ACGAAAATT
N1_castellii	0.00497112118536	1	2	7	44	50	1	GAGAGAA	GAGAGAG
N1_castellii	0.0052314661141	2	1	2	59	60	0	CG	CG
N1_castellii	0.0054539278599	1	2	2	115	116	0	AA	AA
N1_castellii	0.00560718910827	1	2	1	669	669	0	A	A
N1_castellii	0.00565730395365	1	2	1	326	326	0	A	A
N1_castellii	0.00570811657116	2	1	1	114	114	0	T	T
N1_castellii	0.00606022846421	1	2	2	629	630	0	GG	GG
N1_castellii	0.00625025542012	1	2	4	446	449	0	TGTT	TGTT
N1_castellii	0.00641733410093	1	2	1	569	569	0	G	G
N1_castellii	0.00654313636634	2	1	7	192	198	0	CCCAACT	CCCAACT
N1_castellii	0.00671974958922	2	1	1	632	632	0	G	G
N1_castellii	0.00694061027224	1	2	1	500	500	0	G	G
N1_castellii	0.0072262410705	1	2	1	374	374	0	G	G
N1_castellii	0.00740372384074	2	1	4	59	62	0	CGAG	CGAG
N1_castellii	0.00784528667811	2	1	4	585	588	0	CCTG	CCTG
N1_castellii	0.00789836441983	1	2	7	408	414	1	CTAAACA	TTAAACA
N1_castellii	0.00797891450388	2	1	2	313	314	0	GC	GC
N1_castellii	0.00809150609552	1	2	3	188	190	0	ATG	ATG
N1_castellii	0.00889933961978	2	1	4	195	198	0	AACT	AACT
N1_castellii	0.00894906297879	1	2	3	681	683	0	CAA	CAA
N1_castellii	0.00896775801791	2	1	6	659	664	1	AATAGA	ACTAGA
N1_castellii	0.00961763119483	2	1	10	275	284	0	ATTTAGAAAG	ATTTAGAAAG
N1_castellii	0.00981687454323	1	2	7	90	96	0	ACCGTGC	ACCGTGC
N1_castellii	0.00982346132399	1	2	2	281	282	0	AA	AA
N1_castellii	0.00992487433682	1	2	1	683	683	0	A	A
N1_castellii	0.00994156520635	1	2	5	415	419	0	ATGTA	ATGTA
N1_castellii	0.00999993135443	2	1	6	320	325	2	GGCATG	GACATA
N1_castellii	0.0100374044304	1	2	12	4	15	1	AGTAGACCGTCG	AGTAGACTGTCG
N1_N2	1.93382472092e-05	1	2	9	75	83	0	TACATCAAC	TACATCAAC
N1_N2	0.000139927694113	2	1	2	447	448	0	GT	GT
N1_N2	0.000351496283162	1	2	1	322	322	0	C	C
N1_N2	0.000449928681456	2	1	5	434	438	0	CCTAA	CCTAA
N1_N2	0.00122569455633	2	1	1	547	547	0	G	G
N1_N2	0.00127861491898	1	2	1	669	669	0	A	A
N1_N2	0.00149566344679	2	1	2	368	369	0	CA	CA
N1_N2	0.00150041700167	1	2	2	28	29	0	GT	GT
N1_N2	0.00166435037712	2	1	3	369	371	0	AAT	AAT
N1_N2	0.00185701425526	2	1	5	568	572	0	AGACT	AGACT
N1_N2	0.00187084009239	2	1	8	181	188	0	AACCGGAA	AACCGGAA
N1_N2	0.00210443253613	2	1	2	513	514	0	AG	AG
N1_N2	0.002262339806	1	2	4	172	175	0	GTCT	GTCT
N1_N2	0.00269329431001	2	1	1	456	456	0	T	T
N1_N2	0.00299092454619	2	1	3	66	68	0	AAT	AAT
N1_N2	0.00302761364031	1	2	6	127	132	0	TTTATA	TTTATA
N1_N2	0.00305876916592	2	1	5	471	475	0	TCTTT	TCTTT
N1_N2	0.00313689918389	2	1	2	490	491	0	GT	GT
N1_N2	0.00318243934886	2	1	1	510	510	0	C	C
N1_N2	0.00327554963552	2	1	9	659	667	0	ACTAGATAC	ACTAGATAC
N1_N2	0.0036499151696	2	1	5	187	191	0	AATGC	AATGC
N1_N2	0.00388767696484	2	1	2	229	230	1	GT	AT
N1_N2	0.00404718180892	2	1	1	661	661	0	T	T
N1_N2	0.00414999233721	2	1	1	275	275	0	A	A
N1_N2	0.00433446148563	1	2	4	411	414	0	AACA	AACA
N1_N2	0.00433768726869	1	2	1	257	257	0	C	C
N1_N2	0.00434818520398	2	1	3	255	257	0	GCC	GCC
N1_N2	0.00451513222672	1	2	13	148	160	0	GGATTAAACTAAG	GGATTAAACTAAG
N1_N2	0.00476763127022	2	1	1	96	96	0	C	C
N1_N2	0.0047908511574	1	2	5	218	222	0	CCTAC	CCTAC
N1_N2	0.00484964762422	1	2	12	170	181	0	GTGTCTATCGTA	GTGTCTATCGTA
N1_N2	0.00504518386904	1	2	4	100	103	0	GAAT	GAAT
N1_N2	0.0051005998608	2	1	18	321	338	0	ACATGAAATATCGTTCCA	ACATGAAATATCGTTCCA
N1_N2	0.00510656550319	2	1	1	33	33	0	T	T
N1_N2	0.00519748855361	2	1	3	395	397	0	GCA	GCA
N1_N2	0.00521243360895	2	1	3	0	2	1	TTG	TTA
N1_N2	0.00521999516121	1	2	4	225	228	0	TAAT	TAAT
N1_N2	0.00522253702697	1	2	9	264	272	0	CAGTTTGCT	CAGTTTGCT
N1_N2	0.00522960232047	1	2	2	75	76	0	TA	TA
N1_N2	0.00571001259124	2	1	2	115	116	0	AA	AA
N1_N2	0.00590313381664	1	2	12	429	440	0	CGGTACCTAATT	CGGTACCTAATT
N1_N2	0.00590827052781	1	2	2	674	675	1	AT	AC
N1_N2	0.00593772219723	2	1	6	361	366	0	CTAGAA	CTAGAA
N1_N2	0.0061704305534	2	1	10	355	364	0	TTTGCACTAG	TTTGCACTAG
N1_N2	0.00633645615576	1	2	1	532	532	0	A	A
N1_N2	0.00635967770429	2	1	2	532	533	0	AT	AT
N1_N2	0.00692830395711	2	1	1	60	60	0	G	G
N1_N2	0.00747671959291	1	2	2	227	228	0	AT	AT
N1_N2	0.00761373173551	2	1	6	147	152	0	AGGATT	AGGATT
N1_N2	0.00808456237566	1	2	4	193	196	0	CCAA	CCAA
N1_N2	0.00844413176194	2	1	1	136	136	0	G	G
N1_N2	0.00886960611728	1	2	2	370	371	0	AT	AT
N1_N2	0.00913401128275	1	2	1	525	525	0	A	A
N1_N2	0.00917605989796	1	2	2	419	420	1	AA	AG
N1_N2	0.00941340167203	1	2	3	304	306	0	TGC	TGC
N1_N2	0.00959814761943	1	2	2	69	70	0	AG	AG
N1_N2	0.00999616019808	1	2	2	606	607	0	TA	TA
N1_N2	0.0102735062919	2	1	3	398	400	0	CTA	CTA
N1_N2	0.0105066728588	1	2	11	99	109	0	GGAATATATCT	GGAATATATCT
N1_N2	0.010690942271	1	2	10	478	487	1	TGCCTAGCTA	TGCCTAGTTA
N1_N2	0.0108872201686	1	2	1	56	56	1	C	T
N1_N2	0.0112412791018	2	1	2	242	243	0	GA	GA
N1_N2	0.0115027601236	2	1	2	252	253	0	GT	GT
N1_N2	0.0115595808253	1	2	1	70	70	0	G	G
N1_N2	0.0117112068936	2	1	4	482	485	0	TAGC	TAGC
N1_N2	0.0118313244459	2	1	3	153	155	0	AAA	AAA
N1_N2	0.0119688097284	1	2	3	383	385	0	ACA	ACA
N1_N2	0.0123875693489	2	1	1	434	434	0	C	C
N1_N2	0.0127785186027	2	1	1	174	174	0	C	C
N1_N2	0.0128096035411	2	1	6	651	656	0	TTAGAA	TTAGAA
N1_N2	0.0129237189572	1	2	1	104	104	0	A	A
N1_N2	0.0129397172023	1	2	4	396	399	0	CACT	CACT
N1_N2	0.0132723149646	1	2	2	170	171	0	GT	GT
N1_N2	0.013295371401	2	1	2	599	600	1	GC	GA
N1_N2	0.0135976812941	2	1	7	354	360	0	ATTTGCA	ATTTGCA
N1_N2	0.0137042836454	1	2	6	313	318	0	GCAAAC	GCAAAC
N1_N2	0.0137180778078	1	2	5	569	573	0	GACTA	GACTA
N1_N2	0.0137376119779	2	1	1	272	272	0	T	T
N2_bayanus	8.26013849147e-05	1	2	5	301	305	0	CAGTG	CAGTG
N2_bayanus	0.000427800663379	2	1	6	631	636	1	TGACAA	TGACAT
N2_bayanus	0.000499943649993	2	1	3	652	654	0	TAG	TAG
N2_bayanus	0.000518697358867	1	2	1	489	489	1	T	G
N2_bayanus	0.00122763518449	2	1	1	452	452	0	T	T
N2_bayanus	0.00144787537908	1	2	9	254	262	0	TGCCTGGGT	TGCCTGGGT
N2_bayanus	0.00147476975704	2	1	1	167	167	0	T	T
N2_bayanus	0.00150132722129	1	2	5	313	317	0	GCAAA	GCAAA
N2_bayanus	0.00176686489008	1	2	2	259	260	0	GG	GG
N2_bayanus	0.00187546183967	2	1	9	92	100	2	CGCGCGGGG	CGTGCAGGG
N2_bayanus	0.00195108067919	2	1	1	325	325	0	G	G
N2_bayanus	0.00217399144886	1	2	1	611	611	0	T	T
N2_bayanus	0.00227307914035	2	1	4	129	132	0	TATA	TATA
N2_bayanus	0.00238253439899	2	1	5	125	129	0	CGTTT	CGTTT
N2_bayanus	0.0027010781262	1	2	4	397	400	0	ACTA	ACTA
N2_bayanus	0.00302428403775	2	1	6	362	367	0	TAGAAC	TAGAAC
N2_bayanus	0.00388631413601	2	1	1	634	634	0	C	C
N2_bayanus	0.00411870401919	1	2	3	86	88	0	GCT	GCT
N2_bayanus	0.0041618603458	2	1	6	146	151	1	CAGGAT	CAGGAC
N2_bayanus	0.00480236017668	1	2	1	49	49	0	A	A
N2_bayanus	0.00485852867411	1	2	2	413	414	0	CA	CA
N2_bayanus	0.00496481162677	2	1	7	69	75	1	AGGAACG	AGGAACT
N2_bayanus	0.00515846686854	1	2	2	341	342	0	TT	TT
N2_bayanus	0.00550947020468	2	1	5	404	408	1	AAAGT	AAAGC
N2_bayanus	0.0056153380985	2	1	2	509	510	1	TT	TC
N2_bayanus	0.0056875950095	1	2	3	242	244	0	GAA	GAA
N2_bayanus	0.00583968598934	2	1	1	49	49	0	A	A
N2_bayanus	0.00588679189739	2	1	5	497	501	0	CGGGT	CGGGT
N2_bayanus	0.00603970213042	2	1	1	459	459	1	A	G
N2_bayanus	0.00653618401275	1	2	3	256	258	0	CCT	CCT
N2_bayanus	0.00658880253849	1	2	9	69	77	0	AGGAACGAC	AGGAACGAC
N2_bayanus	0.00675529245998	1	2	3	419	421	0	AAG	AAG
N2_bayanus	0.00678176523003	1	2	1	345	345	0	G	G
N2_bayanus	0.00678631640371	2	1	1	317	317	0	A	A
N2_bayanus	0.00682050953252	2	1	1	403	403	0	G	G
N2_bayanus	0.00728294464843	2	1	4	652	655	0	TAGA	TAGA
N2_bayanus	0.00733400482941	1	2	4	133	136	0	CCCG	CCCG
N2_bayanus	0.00738177048404	2	1	4	265	268	0	AGTT	AGTT
N2_bayanus	0.00761354526033	1	2	1	82	82	0	A	A
N2_bayanus	0.00764532584272	1	2	2	250	251	0	AA	AA
N2_bayanus	0.00783950624764	1	2	1	271	271	0	C	C
N2_bayanus	0.00802875138941	2	1	2	152	153	0	TA	TA
N2_bayanus	0.00818529829165	1	2	2	270	271	0	GC	GC
N2_bayanus	0.0083027289525	1	2	2	664	665	0	AT	AT
N2_bayanus	0.00839940562006	2	1	1	400	400	0	A	A
N2_N3	8.97448007489e-06	1	2	1	443	443	0	A	A
N2_N3	1.33196567332e-05	1	2	23	125	147	0	CGTTTATACCCGCTTCTACGCCA	CGTTTATACCCGCTTCTACGCCA
N2_N3	0.000606443353336	1	2	10	174	183	0	CTATCGTAAC	CTATCGTAAC
N2_N3	0.000622168565441	1	2	2	11	12	1	AG	CG
N2_N3	0.000726360552464	2	1	3	263	265	0	ACA	ACA
N2_N3	0.00119079733084	2	1	1	267	267	0	T	T
N2_N3	0.001383053415	2	1	1	535	535	0	T	T
N2_N3	0.00152992284316	2	1	1	577	577	0	G	G
N2_N3	0.00164488167257	2	1	15	305	319	0	GCGCTGACGCAAACA	GCGCTGACGCAAACA
N2_N3	0.00165185560271	1	2	5	170	174	0	GTGTC	GTGTC
N2_N3	0.0018967523958	1	2	1	410	410	0	A	A
N2_N3	0.00199189333828	2	1	2	251	252	0	AG	AG
N2_N3	0.00206039801844	1	2	3	338	340	0	AAC	AAC
N3_kudriavzevii	0.000322496310869	1	2	3	434	436	0	CCT	CCT
N3_kudriavzevii	0.000419077450169	2	1	2	532	533	0	AT	AT
N3_kudriavzevii	0.000765275155885	2	1	5	344	348	0	AGATA	AGATA
N3_kudriavzevii	0.000976015902296	2	1	1	94	94	1	C	T
N3_kudriavzevii	0.000996224042104	2	1	2	230	231	0	TC	TC
N3_kudriavzevii	0.00112129587601	1	2	5	543	547	0	AATAG	AATAG
N3_kudriavzevii	0.00137258267297	2	1	10	145	154	0	CCAGGATTAA	CCAGGATTAA
N3_kudriavzevii	0.00192806470399	1	2	1	119	119	0	A	A
N3_kudriavzevii	0.00211679397751	2	1	7	93	99	1	GCGCGGG	GCGCAGG
N3_kudriavzevii	0.00215506963465	1	2	3	493	495	0	AGA	AGA
N3_kudriavzevii	0.00224997063361	2	1	6	591	596	1	TAGTTG	TAATTG
N3_kudriavzevii	0.0025110721653	2	1	7	472	478	0	CTTTATT	CTTTATT
N3_kudriavzevii	0.00257553759208	1	2	9	679	684	1	TTCAAT	TTTAAT
N3_kudriavzevii	0.00296119078457	2	1	11	366	376	0	ACCAATTTGGC	ACCAATTTGGC
N3_kudriavzevii	0.00313425977653	2	1	2	231	232	0	CA	CA
N3_kudriavzevii	0.00358931424844	1	2	4	5	8	2	GTAA	GAAG
N3_kudriavzevii	0.00398746297761	1	2	3	251	253	0	AGT	AGT
N3_kudriavzevii	0.00446980070271	1	2	5	390	394	0	ATATA	ATATA
N3_kudriavzevii	0.00450498380243	2	1	3	400	402	0	ACG	ACG
N3_kudriavzevii	0.00487990437894	2	1	4	327	330	1	AATA	GATA
N3_kudriavzevii	0.00503115170116	1	2	9	18	26	2	TGCATCGAT	TGTATTGAT
N3_kudriavzevii	0.00530109570261	1	2	1	324	324	0	T	T
N3_kudriavzevii	0.00543905152725	2	1	19	5	23	1	GTAAACAGTCGTATGCATC	GTAAACAGTCTTATGCATC
N3_kudriavzevii	0.00545605278064	1	2	1	49	49	0	A	A
N3_kudriavzevii	0.00554664978867	2	1	1	294	294	0	T	T
N3_kudriavzevii	0.00554706061979	2	1	1	646	646	0	G	G
N3_kudriavzevii	0.00555307386146	2	1	2	505	506	0	GT	GT
N3_kudriavzevii	0.0055945351216	1	2	1	246	246	0	G	G
N3_kudriavzevii	0.00634908192809	1	2	5	154	158	1	AGCTA	AACTA
N3_N4	0.000732773306805	2	1	1	143	143	0	C	C
N3_N4	0.000872731459508	2	1	1	25	25	0	A	A
N3_N4	0.00146651550686	1	2	4	153	156	0	AAAC	AAAC
N3_N4	0.00183315419519	1	2	2	124	125	0	AC	AC
N3_N4	0.00184306452943	2	1	5	117	121	0	CCAAT	CCAAT
N4_mikatae	0.000131899804659	1	2	4	274	277	0	AATT	AATT
N4_mikatae	0.000518908778208	2	1	3	450	452	0	GCT	GCT
N4_mikatae	0.000778452366547	2	1	1	135	135	0	C	C
N4_mikatae	0.000811768860031	2	1	4	624	627	0	GATG	GATG
N4_mikatae	0.00107267140657	1	2	3	553	555	0	CAT	CAT
N4_mikatae	0.00125625173403	2	1	1	265	265	0	A	A
N4_mikatae	0.00128316900942	1	2	1	77	77	0	C	C
N4_mikatae	0.00202044054053	1	2	10	78	87	2	ATCAACCTGC	ATGAACTTGC
N4_mikatae	0.0024018298892	2	1	4	79	82	0	TCAA	TCAA
N4_mikatae	0.00257434598464	1	2	1	600	600	0	C	C
N4_mikatae	0.00262082418814	1	2	1	538	538	0	C	C
N4_mikatae	0.00282747454837	1	2	2	463	464	0	GC	GC
N4_mikatae	0.00341971710718	1	2	3	101	103	0	AAT	AAT
N4_mikatae	0.00350835596062	2	1	3	291	293	0	CTA	CTA
N4_mikatae	0.00358047952448	2	1	11	588	598	5	GTTCAGTTGCT	GCGTAATTGTT
N4_mikatae	0.00370729609959	1	2	2	656	657	1	AA	AC
N4_mikatae	0.00371087262322	2	1	3	162	164	0	CTG	CTG
N4_mikatae	0.00383830362685	1	2	3	31	33	0	AGT	AGT
N4_mikatae	0.00387671090991	1	2	1	249	249	0	A	A
N4_mikatae	0.0038984277798	2	1	3	536	538	1	TCC	TTC
N4_mikatae	0.00394039318764	1	2	2	656	657	0	AA	AA
N4_mikatae	0.00395220208377	1	2	3	256	258	0	CCT	CCT
N4_mikatae	0.00396361560069	1	2	2	567	568	0	GA	GA
N4_mikatae	0.00427596979224	2	1	3	641	643	0	TAA	TAA
N4_mikatae	0.00448868537588	1	2	1	79	79	0	T	T
N4_mikatae	0.00460612511658	2	1	2	403	404	0	GA	GA
N4_mikatae	0.00470478423831	2	1	7	503	509	1	CAGTACT	CGGTACT
N4_mikatae	0.00493954534522	1	2	1	73	73	0	A	A
N4_mikatae	0.00547958596456	1	2	11	457	467	2	GGAAAAGCGAA	GGAAAGGCGGA
N4_mikatae	0.00559321894107	1	2	2	684	684	0	T	T
N4_mikatae	0.00575527297182	1	2	2	101	102	0	AA	AA
N4_mikatae	0.00578501753929	1	2	3	405	407	0	AAG	AAG
N4_mikatae	0.00578988861594	1	2	1	583	583	0	T	T
N4_mikatae	0.00603970165753	1	2	1	455	455	0	A	A
N4_mikatae	0.00609591919673	1	2	8	237	244	0	TTACGGAA	TTACGGAA
N4_mikatae	0.0061484125203	2	1	2	372	373	0	TT	TT
N4_mikatae	0.00637240508893	2	1	5	520	524	0	GCAGC	GCAGC
N4_mikatae	0.00651936900971	2	1	1	502	502	0	A	A
N4_mikatae	0.00658550861469	2	1	3	518	520	1	ATG	AGG
N4_mikatae	0.00692833390325	1	2	3	9	11	0	ACA	ACA
N4_mikatae	0.00693372018483	2	1	3	605	607	0	ATA	ATA
N4_mikatae	0.00695217225333	2	1	3	92	94	1	CGC	CGT
N4_mikatae	0.00705274396409	1	2	14	559	572	2	GGAGGAAGGAGACT	GGGGGGAGGAGACT
N4_mikatae	0.0071313346658	1	2	4	483	486	2	GGCT	TGCC
N4_mikatae	0.00777233450837	2	1	1	31	31	0	A	A
N4_mikatae	0.00784236436043	1	2	6	88	93	1	TGGCCG	TGACCG
N4_mikatae	0.00799739345248	1	2	9	61	69	0	AGTTTAATA	AGTTTAATA
N4_mikatae	0.00806221067933	1	2	2	251	252	0	AG	AG
N4_mikatae	0.00808954987122	1	2	1	471	471	0	T	T
N4_mikatae	0.00815451638687	1	2	1	69	69	0	A	A
N4_mikatae	0.00925200069425	2	1	1	471	471	0	T	T
N4_mikatae	0.00932348796781	1	2	4	630	633	1	ATGA	GTGA
N4_mikatae	0.00936603737093	2	1	2	484	485	0	GC	GC
N4_N5	0.000235256196462	1	2	5	2	6	0	GTAGT	GTAGT
N4_N5	0.000313934681993	1	2	7	466	472	1	AAAATTC	GAAATTC
N5_paradoxus	0.000205668720324	2	1	15	97	111	1	GGGGAATATATCTAA	AGGGAATATATCTAA
N5_paradoxus	0.000322422049673	1	2	5	100	104	0	GAATA	GAATA
N5_paradoxus	0.000427468505231	2	1	2	239	240	0	AC	AC
N5_paradoxus	0.000809477113309	2	1	5	683	684	0	AT	AT
N5_paradoxus	0.000928982417452	1	2	7	608	614	2	GGTTTAG	AGTTCAG
N5_paradoxus	0.000959459947109	1	2	4	439	442	0	TTAT	TTAT
N5_paradoxus	0.00097754558998	1	2	11	311	321	0	ACGCAAACAGA	ACGCAAACAGA
N5_paradoxus	0.00103491201806	1	2	4	128	131	0	TTAT	TTAT
N5_paradoxus	0.00103595555104	2	1	1	31	31	0	A	A
N5_paradoxus	0.00121984227419	1	2	2	407	408	1	GC	GT
N5_paradoxus	0.00126577614458	2	1	1	163	163	0	T	T
N5_paradoxus	0.00158172396069	1	2	4	282	285	0	AAGA	AAGA
N5_paradoxus	0.00170032303142	1	2	4	262	265	0	TACA	TACA
N5_paradoxus	0.0018088495661	1	2	7	324	330	0	TGAAATA	TGAAATA
N5_paradoxus	0.00192809105757	2	1	1	502	502	0	A	A
N5_paradoxus	0.00249861454087	1	2	8	226	233	0	AATGTCAA	AATGTCAA
N5_paradoxus	0.00251465923912	1	2	1	20	20	1	C	T
N5_paradoxus	0.00256145828213	2	1	2	391	392	0	TA	TA
N5_paradoxus	0.00266669237301	2	1	7	355	361	1	TTTGCAC	TTTGGAC
N5_paradoxus	0.0027361175777	2	1	1	328	328	0	A	A
N5_paradoxus	0.00291553236175	1	2	2	271	272	0	CT	CT
N5_paradoxus	0.00298006790711	2	1	8	283	290	0	AGAAGCGA	AGAAGCGA
N5_paradoxus	0.00318580679975	2	1	9	671	679	2	AAGACAGCT	AGGATAGCT
N5_paradoxus	0.00356642479845	1	2	5	463	467	0	GCGAA	GCGAA
N5_paradoxus	0.00357286725001	1	2	2	201	202	0	CA	CA
N5_paradoxus	0.00362257025712	2	1	1	651	651	0	T	T
N5_paradoxus	0.00366427870976	1	2	1	287	287	0	G	G
N5_cerevisiae	0.000155662668443	2	1	2	288	289	0	CG	CG
N5_cerevisiae	0.000167769180687	2	1	5	40	44	1	TATTG	TACTG
N5_cerevisiae	0.00131763601628	1	2	1	525	525	0	A	A
N5_cerevisiae	0.00150964459811	2	1	3	305	307	0	GCG	GCG
N5_cerevisiae	0.00192204639226	1	2	1	278	278	0	T	T
N5_cerevisiae	0.00203819974153	2	1	5	270	274	0	GCTTA	GCTTA
N5_cerevisiae	0.0025289364361	2	1	3	638	640	0	ATT	ATT
N5_cerevisiae	0.00285652016312	1	2	7	240	246	1	CGGAAAG	CGGAAAA
N5_cerevisiae	0.00380320300015	2	1	7	365	371	0	AACCAAT	AACCAAT
N5_cerevisiae	0.00380954971123	2	1	1	302	302	0	A	A
N5_cerevisiae	0.00390516980326	1	2	22	546	567	2	AGAGAGACATAGGGGAGGGAGG	AGAGAAGCATAGGGGAGGGAGG
N5_cerevisiae	0.00400047362828	2	1	2	244	245	0	AA	AA
N5_cerevisiae	0.00409863260725	1	2	4	619	622	0	GCAG	GCAG
N5_cerevisiae	0.00415947905729	2	1	7	77	83	1	CATGAAC	CATCAAC
N5_cerevisiae	0.00424684047144	1	2	1	595	595	0	T	T
