edge	time	mut_orlg	mut_pos	old_state	new_state
N0_kluyveri	0.00106334676338	0	389	C	T
N0_kluyveri	0.00150847704927	0	174	G	A
N0_kluyveri	0.00158033759592	0	22	A	G
N0_kluyveri	0.00169139606105	0	23	C	T
N0_kluyveri	0.0017817808182	0	368	T	C
N0_kluyveri	0.00200692695473	0	356	G	A
N0_kluyveri	0.00209058395638	0	401	T	C
N0_kluyveri	0.00209314472295	0	446	A	G
N0_kluyveri	0.00218489148137	0	359	T	C
N0_kluyveri	0.00232225055752	0	458	T	C
N0_kluyveri	0.00252298527507	0	124	C	T
N0_kluyveri	0.00269846269425	0	443	A	G
N0_kluyveri	0.00285310553608	0	416	T	C
N0_kluyveri	0.00311541861336	0	96	T	C
N0_kluyveri	0.00337366120802	0	203	G	A
N0_kluyveri	0.00351466755148	0	30	G	A
N0_kluyveri	0.00380968429123	0	32	C	T
N0_kluyveri	0.0040599853685	0	305	C	T
N0_kluyveri	0.00452503600833	0	21	A	G
N0_kluyveri	0.00531436415238	0	338	T	C
N0_kluyveri	0.0055897658146	0	230	T	C
N0_kluyveri	0.00674279964781	0	278	C	T
N0_kluyveri	0.00818554032002	0	347	G	A
N0_kluyveri	0.00856827056216	0	452	C	T
N0_kluyveri	0.00858695634602	0	215	A	G
N0_kluyveri	0.00893911772919	0	170	C	T
N0_kluyveri	0.0129098459068	0	228	G	A
N0_kluyveri	0.0129636602018	0	347	A	G
N0_kluyveri	0.0132806229206	0	206	C	T
N0_kluyveri	0.0133079087482	0	182	C	T
N0_kluyveri	0.0135929282398	0	485	A	G
D1_N1	0.00047941165968	1	95	G	A
D1_N1	0.000612945741425	2	416	T	C
D1_N1	0.000792717286726	1	212	A	G
D1_N1	0.000959031150532	1	488	T	A
D1_N1	0.00101693743432	2	434	G	C
D1_N1	0.00102019850329	2	62	T	C
D1_N1	0.00142425144923	1	405	G	A
D1_N1	0.0014417665116	1	335	C	T
D1_N1	0.00163274696029	2	155	G	A
D1_N1	0.00174688192739	1	86	A	G
D1_N1	0.00177447486536	1	23	C	T
D1_N1	0.00188936263201	1	384	G	A
D1_N1	0.00201861662016	1	101	C	T
D1_N1	0.00213012069589	1	185	A	G
N1_castellii	7.57908184589e-05	1	26	C	T
N1_castellii	0.000181910264543	1	36	A	G
N1_castellii	0.00055796131811	1	348	C	T
N1_castellii	0.000814193242532	2	55	C	A
N1_castellii	0.00099830107764	1	359	T	C
N1_castellii	0.00124056394142	2	98	G	A
N1_castellii	0.00182046196801	1	205	A	G
N1_castellii	0.00213475256569	1	32	C	T
N1_castellii	0.0025671647457	1	305	C	T
N1_castellii	0.00269803700122	2	227	T	C
N1_castellii	0.00278880750022	2	23	C	T
N1_castellii	0.00346082807212	2	239	G	A
N1_castellii	0.00442263163626	2	155	A	G
N1_castellii	0.00450085122409	1	419	G	C
N1_castellii	0.0046520424052	1	194	C	T
N1_castellii	0.00475772511929	1	346	C	T
N1_castellii	0.00488044178045	1	386	C	T
N1_castellii	0.00527403393553	1	308	A	G
N1_castellii	0.00564969921313	1	284	G	A
N1_castellii	0.00640000576897	1	467	T	C
N1_castellii	0.00650678565373	1	350	A	G
N1_castellii	0.00666438345567	2	272	G	A
N1_castellii	0.00684645319125	1	476	T	C
N1_castellii	0.0070038779992	1	137	G	A
N1_castellii	0.00705032512373	1	200	T	C
N1_castellii	0.00718785695545	2	161	G	T
N1_castellii	0.00734993192563	2	101	C	T
N1_castellii	0.00768989900376	2	486	C	G
N1_castellii	0.00809231481578	2	278	C	T
N1_castellii	0.00812604851459	2	431	C	T
N1_castellii	0.00854765379754	1	110	T	C
N1_castellii	0.00904957794516	1	257	T	C
N1_castellii	0.009049993371	2	83	A	G
N1_castellii	0.0092137718656	1	41	C	T
N1_castellii	0.0102094061859	1	218	T	C
N1_castellii	0.0103215928346	1	257	C	T
N1_castellii	0.0106791861397	2	107	T	C
N1_castellii	0.0109579962553	1	164	T	C
N1_castellii	0.0112399870442	2	233	A	G
N1_castellii	0.0112549175761	2	119	G	A
N1_castellii	0.0114004309348	1	241	C	T
N1_castellii	0.0122089105085	2	335	C	T
N1_castellii	0.0125912558453	1	260	A	G
N1_N2	0.000860185123086	2	20	A	G
N1_N2	0.000904860197493	2	467	T	C
N1_N2	0.00100786767288	2	56	A	G
N1_N2	0.00105275776233	1	21	A	G
N1_N2	0.00118353013136	2	227	T	C
N1_N2	0.00120192394006	1	305	C	T
N1_N2	0.0015602311929	1	149	G	A
N1_N2	0.00167493530033	2	224	T	C
N1_N2	0.00180180753762	1	398	C	T
N1_N2	0.0024903228774	2	182	C	T
N1_N2	0.00268841621427	2	162	C	T
N1_N2	0.00277064496253	2	263	T	C
N1_N2	0.0030765060377	2	341	G	A
N1_N2	0.0031334013477	2	296	C	T
N1_N2	0.0031419837745	2	455	G	A
N1_N2	0.00350671396939	1	134	A	G
N1_N2	0.00363246299536	2	293	G	C
N1_N2	0.0040060323453	1	59	C	T
N1_N2	0.00412382825899	1	406	T	C
N1_N2	0.00447932343269	1	320	G	A
N1_N2	0.00448147362963	1	11	A	G
N1_N2	0.00487839460715	1	435	T	C
N1_N2	0.00503265094846	1	362	A	G
N1_N2	0.00503935243581	2	428	A	G
N1_N2	0.0050454416303	2	74	C	T
N1_N2	0.00510038183379	2	422	T	C
N1_N2	0.00514810183698	2	248	T	C
N1_N2	0.00520670254463	1	188	T	C
N1_N2	0.0052130495162	1	470	T	A
N1_N2	0.00574543120845	2	410	G	A
N1_N2	0.00589057925754	2	17	A	G
N1_N2	0.00643337308526	2	452	C	T
N1_N2	0.00655831539837	2	140	A	G
N1_N2	0.00670350911741	2	161	G	A
N1_N2	0.00676819339191	2	326	A	G
N1_N2	0.00712225215262	2	89	T	C
N1_N2	0.00726461653785	1	116	A	G
N1_N2	0.00782302399971	1	362	G	C
N1_N2	0.00805554520856	1	332	T	C
N1_N2	0.00825711325414	2	323	C	T
N1_N2	0.00830735104702	2	302	C	T
N1_N2	0.00834098280743	1	206	C	T
N1_N2	0.00842228845067	1	371	C	T
N1_N2	0.00845006095519	1	17	A	G
N1_N2	0.00864239955702	2	365	T	C
N1_N2	0.00879905175752	2	68	A	G
N1_N2	0.00906487141972	2	312	C	T
N1_N2	0.00929297259801	1	389	C	T
N1_N2	0.00942542115714	2	109	T	C
N1_N2	0.00977106907938	2	311	A	G
N1_N2	0.0101943712149	2	218	T	C
N1_N2	0.0104574832862	2	170	C	A
N1_N2	0.0106965326192	1	475	G	A
N1_N2	0.0107956608512	1	362	C	T
N1_N2	0.010910752356	1	476	T	C
N1_N2	0.0110297992818	2	482	A	G
N1_N2	0.0111243645798	2	377	A	G
N1_N2	0.0115576875906	1	68	A	T
N1_N2	0.0121383435881	1	429	C	T
N1_N2	0.0121422630761	2	119	G	A
N1_N2	0.0122179745795	2	293	C	T
N1_N2	0.0122805307585	2	233	A	G
N1_N2	0.0127172793537	2	434	G	A
N1_N2	0.0136602862508	2	377	G	A
N1_N2	0.0137785852314	1	246	A	G
N1_N2	0.0138738591093	1	446	A	G
N1_N2	0.0139355402305	2	23	C	T
N1_N2	0.0141392606919	1	167	T	C
N1_N2	0.0142169138028	1	119	G	A
N1_N2	0.0145453673183	1	410	G	A
N1_N2	0.0145931147854	2	326	G	T
N1_N2	0.0149765070571	2	104	T	C
N1_N2	0.0150908702271	2	398	C	T
N1_N2	0.0151817270518	1	479	T	C
N1_N2	0.0151911865466	2	353	A	G
N1_N2	0.0151995251662	1	62	T	C
N2_bayanus	4.59550712455e-05	1	230	T	C
N2_bayanus	0.000199986852835	2	491	G	C
N2_bayanus	0.000261092553357	2	59	C	T
N2_bayanus	0.00046761542207	1	260	A	G
N2_bayanus	0.000854530300681	1	173	A	G
N2_bayanus	0.00106841373162	2	218	C	T
N2_bayanus	0.00128491964372	1	317	T	C
N2_bayanus	0.00131749544867	1	419	G	A
N2_bayanus	0.00143240743175	2	337	A	G
N2_bayanus	0.00183142131176	2	482	G	A
N2_N3	0.000151638298734	2	95	A	G
N2_N3	0.00126296131441	1	479	C	G
N2_N3	0.00128906041641	2	195	C	T
N2_N3	0.0013864044127	1	242	A	G
N3_kudriavzevii	0.000111109635945	1	245	G	A
N3_kudriavzevii	0.00109681057966	2	221	C	A
N3_kudriavzevii	0.00109784052489	1	287	A	G
N3_kudriavzevii	0.00123258902262	2	467	T	C
N3_kudriavzevii	0.00127328469599	2	266	T	C
N3_kudriavzevii	0.00141548717213	1	29	T	C
N3_kudriavzevii	0.00162007215475	2	425	C	T
N3_kudriavzevii	0.00199590379423	2	483	T	C
N3_kudriavzevii	0.00229089361898	1	455	G	A
N3_kudriavzevii	0.0023462771649	2	285	C	T
N3_kudriavzevii	0.00293984775414	1	404	A	G
N3_kudriavzevii	0.00314154294238	1	65	A	G
N3_kudriavzevii	0.00316947457204	2	149	G	A
N3_kudriavzevii	0.00320318212976	1	218	T	C
N3_kudriavzevii	0.00337441143401	2	428	G	A
N3_kudriavzevii	0.00343817805089	2	317	T	C
N3_kudriavzevii	0.00361906747632	1	305	T	C
N3_kudriavzevii	0.00363553407196	2	272	G	A
N3_kudriavzevii	0.00365266001307	1	395	T	C
N3_kudriavzevii	0.00379301862403	1	5	T	C
N3_kudriavzevii	0.00433109690572	1	473	G	C
N3_kudriavzevii	0.00444163880975	2	245	G	A
N3_kudriavzevii	0.00450335961309	2	344	T	G
N3_kudriavzevii	0.00454427989839	1	416	T	C
N3_kudriavzevii	0.00469087979975	2	401	T	C
N3_kudriavzevii	0.00502332656273	1	266	T	G
N3_kudriavzevii	0.00538107846288	2	236	T	C
N3_kudriavzevii	0.00546288097905	1	324	A	T
N3_kudriavzevii	0.0055331022856	1	248	T	C
N3_kudriavzevii	0.00589807322663	1	378	G	A
N3_kudriavzevii	0.0060099823879	1	485	A	G
N3_N4	0.000396461584781	2	167	T	C
N3_N4	0.000426580836176	2	41	C	T
N3_N4	0.000497867282226	2	485	A	G
N3_N4	0.00110509660373	1	275	C	T
N3_N4	0.00122968326235	2	284	G	A
N3_N4	0.00131681662212	2	425	C	A
N3_N4	0.0017999603084	1	470	A	C
N3_N4	0.00184148078399	1	104	T	C
N3_N4	0.00184201703586	1	32	C	T
N3_N4	0.00206190846089	1	196	G	T
N3_N4	0.00222447944748	2	80	C	T
N3_N4	0.00227645065469	2	26	C	T
N3_N4	0.00235209840201	2	221	C	T
N4_mikatae	4.07589857626e-06	2	404	A	G
N4_mikatae	0.000202945101233	1	152	C	T
N4_mikatae	0.000342736827833	2	44	T	A
N4_mikatae	0.000580405991699	2	167	C	T
N4_mikatae	0.000691064109626	1	218	T	C
N4_mikatae	0.000863330922728	1	413	T	C
N4_mikatae	0.00093768654436	1	242	G	A
N4_mikatae	0.00104120556371	1	221	C	T
N4_mikatae	0.00113207262503	2	404	G	A
N4_mikatae	0.00124152971168	1	272	G	A
N4_mikatae	0.00131388669037	1	131	T	C
N4_mikatae	0.00163419703863	1	380	T	C
N4_mikatae	0.00164086264757	2	425	A	T
N4_mikatae	0.00207594309222	1	270	C	T
N4_mikatae	0.00218430285945	2	323	C	T
N4_mikatae	0.00234786013201	1	386	C	T
N4_mikatae	0.00239856446745	1	479	G	A
N4_mikatae	0.00270812531562	1	269	A	G
N4_mikatae	0.00281827971471	1	218	C	T
N4_mikatae	0.00358750900627	1	446	G	A
N4_mikatae	0.00405739896086	2	488	T	C
N4_N5	1.57315531207e-05	1	389	T	C
N4_N5	0.000223953356261	2	266	T	C
N4_N5	0.0012791458127	2	317	T	C
N4_N5	0.00141142111837	1	108	A	G
N4_N5	0.00155668599941	2	353	G	A
N5_paradoxus	0.000390906082735	1	266	T	C
N5_paradoxus	0.000418616677148	2	365	C	T
N5_paradoxus	0.000746374238761	2	364	G	T
N5_paradoxus	0.000806864927701	1	185	G	A
N5_paradoxus	0.000956915162338	2	461	G	A
N5_paradoxus	0.000990156819532	1	86	G	A
N5_cerevisiae	0.000218065816394	2	50	G	A
N5_cerevisiae	0.00026723416882	1	470	C	G
N5_cerevisiae	0.000900238690099	2	278	C	A
N5_cerevisiae	0.000975327910014	2	440	T	C
N5_cerevisiae	0.00107136137221	2	428	G	A
N5_cerevisiae	0.00115315681936	1	140	A	T
N5_cerevisiae	0.0012367825354	1	111	T	G
N5_cerevisiae	0.00171658859859	1	118	G	A
N5_cerevisiae	0.00206203265164	2	137	G	A
N5_cerevisiae	0.00207487709308	2	257	T	C
N5_cerevisiae	0.00223011196151	1	434	G	A
N5_cerevisiae	0.00238849226434	2	251	G	T
N5_cerevisiae	0.00252967757534	2	271	A	T
N5_cerevisiae	0.00253497125228	1	140	T	C
N5_cerevisiae	0.00263356777304	1	377	A	T
N5_cerevisiae	0.00267034838503	2	386	C	T
N5_cerevisiae	0.0029692153676	1	266	T	C
N5_cerevisiae	0.00302784679519	1	161	G	A
N5_cerevisiae	0.00325400213744	2	194	C	G
N5_cerevisiae	0.00348452828172	1	374	C	T
N5_cerevisiae	0.00376290655815	1	41	C	T
