edge	time	orlg_from	orlg_to	tract_length	start_pos	stop_pos	num_diff	template_seq	overide_seq
D1_N1	0.00274582556221	1	2	1	922	922	0	T	T
D1_N1	0.00300945849011	1	2	1	600	600	0	C	C
D1_N1	0.00480475805685	1	2	1	756	756	1	G	A
D1_N1	0.00510444161814	1	2	1	116	116	0	A	A
D1_N1	0.00644937987998	2	1	1	539	539	0	G	G
N1_castellii	0.00600763724352	1	2	1	98	98	0	G	G
N1_N2	0.00434488610811	1	2	1	692	692	0	T	T
N1_N2	0.00553531625523	2	1	1	337	337	0	C	C
N1_N2	0.00647905437757	1	2	1	215	215	0	G	G
N1_N2	0.00743905607609	2	1	1	272	272	0	T	T
N2_bayanus	0.00292901688526	1	2	1	90	90	0	C	C
N2_bayanus	0.00641564901839	2	1	1	757	757	0	G	G
N2_bayanus	0.00659878979067	2	1	1	731	731	0	G	G
N2_bayanus	0.00745803301721	2	1	1	664	664	0	A	A
N2_bayanus	0.00926314928915	2	1	1	390	390	0	A	A
N2_N3	0.00178185360328	2	1	1	268	268	0	T	T
N2_N3	0.00267013589196	1	2	1	309	309	0	T	T
N2_N3	0.0030576515585	1	2	1	544	544	0	A	A
N2_N3	0.0036951492249	1	2	1	545	545	0	T	T
N2_N3	0.00650032709981	2	1	1	628	628	0	C	C
N2_N3	0.00721234118095	2	1	1	547	547	0	G	G
N2_N3	0.00900632168344	2	1	1	162	162	0	C	C
N2_N3	0.00948055207725	1	2	1	594	594	0	T	T
N3_kudriavzevii	0.000270386611425	2	1	1	259	259	1	A	G
N3_kudriavzevii	0.00482037650537	2	1	1	1	1	0	T	T
N3_N4	0.000169698739673	2	1	1	249	249	0	A	A
N3_N4	0.00142182668908	2	1	1	731	731	0	G	G
N3_N4	0.00299086263016	1	2	1	247	247	0	C	C
N3_N4	0.00357128880124	2	1	1	668	668	0	C	C
N3_N4	0.00494459347736	1	2	1	40	40	0	T	T
N3_N4	0.00546989125835	1	2	1	147	147	0	A	A
N3_N4	0.0055091455883	1	2	1	549	549	0	A	A
N4_mikatae	0.00214591273876	2	1	1	234	234	0	C	C
N4_mikatae	0.00262192213968	2	1	1	76	76	0	A	A
N4_mikatae	0.00316983089665	1	2	1	682	682	0	A	A
N4_mikatae	0.00345685354595	1	2	1	531	531	1	G	A
N4_mikatae	0.00512316616137	2	1	1	777	777	1	G	A
N4_mikatae	0.00561992511903	1	2	1	581	581	0	G	G
N4_mikatae	0.00716505621906	2	1	1	181	181	0	A	A
N4_N5	0.00407382176122	1	2	1	627	627	1	A	G
N4_N5	0.00880569613308	2	1	1	267	267	0	T	T
N5_paradoxus	0.000208682270355	2	1	1	408	408	0	T	T
N5_paradoxus	0.000500354290215	1	2	1	235	235	0	C	C
N5_paradoxus	0.00118240267921	1	2	1	16	16	0	T	T
N5_paradoxus	0.00244626181193	1	2	1	211	211	0	A	A
N5_paradoxus	0.00258138839363	2	1	1	109	109	0	T	T
N5_cerevisiae	0.00147805263433	1	2	1	179	179	0	G	G
N5_cerevisiae	0.00215481922267	2	1	1	786	786	0	A	A
N5_cerevisiae	0.00501986168328	1	2	1	927	927	1	A	T
N5_cerevisiae	0.00508915340113	2	1	1	880	880	0	C	C
N5_cerevisiae	0.0071519542639	2	1	1	753	753	0	G	G
