edge	time	mut_orlg	mut_pos	old_state	new_state
N0_kluyveri	0.000885462475637	0	288	C	T
N0_kluyveri	0.00145811335708	0	805	T	G
N0_kluyveri	0.00178530210432	0	80	A	G
N0_kluyveri	0.00183016423483	0	949	A	T
N0_kluyveri	0.00230935825196	0	405	G	A
N0_kluyveri	0.00312616853061	0	880	C	T
N0_kluyveri	0.00437286094051	0	517	T	C
N0_kluyveri	0.00451503345441	0	301	C	T
N0_kluyveri	0.00527599791342	0	9	T	C
N0_kluyveri	0.00670523594213	0	580	G	A
N0_kluyveri	0.00766368771136	0	961	G	A
N0_kluyveri	0.0079739733455	0	848	A	G
N0_kluyveri	0.00895191919783	0	277	A	C
D1_N1	0.000277121123151	1	505	A	G
D1_N1	0.000363936896829	1	787	T	C
D1_N1	0.00152843510147	1	949	A	G
D1_N1	0.00160182004156	1	517	T	C
D1_N1	0.00212775280583	1	410	T	C
D1_N1	0.00268366888914	2	11	T	C
D1_N1	0.00283461101408	1	590	A	G
D1_N1	0.00340672510833	2	589	A	T
D1_N1	0.00344994915719	1	75	C	T
D1_N1	0.00353695121075	2	925	C	T
D1_N1	0.00358591630061	1	1024	A	G
D1_N1	0.00361200675366	1	997	A	T
D1_N1	0.0041055114777	1	487	A	G
D1_N1	0.00431843280782	2	254	G	A
D1_N1	0.00438194760116	2	748	T	C
D1_N1	0.00507648443977	1	357	C	T
D1_N1	0.00548771493388	1	46	A	C
D1_N1	0.00564162410664	2	934	C	G
D1_N1	0.0058195699706	1	610	G	C
D1_N1	0.00605863238923	1	14	A	G
D1_N1	0.00635275282849	1	808	C	T
D1_N1	0.00649609817871	2	544	T	A
D1_N1	0.00655418832957	1	766	A	G
D1_N1	0.00662476110472	1	185	A	G
D1_N1	0.00680021846931	1	997	T	C
D1_N1	0.00702864176672	2	652	C	T
D1_N1	0.00711966280939	2	344	C	T
D1_N1	0.0074288954157	1	829	A	G
D1_N1	0.00746082200611	2	994	G	T
D1_N1	0.00747746054144	2	886	G	A
D1_N1	0.00831592009768	1	698	G	A
D1_N1	0.00861797387429	1	490	T	G
D1_N1	0.00885773675278	2	308	T	A
D1_N1	0.00937200622003	2	730	G	A
D1_N1	0.00957992870158	1	120	G	A
D1_N1	0.00962842719769	1	767	T	A
N1_castellii	5.77996077792e-05	2	715	A	T
N1_castellii	9.00729872516e-05	2	94	T	C
N1_castellii	0.000695577625111	2	339	C	T
N1_castellii	0.000930518382052	1	2	A	G
N1_castellii	0.00100510116418	2	724	G	A
N1_castellii	0.00182655011238	2	62	G	A
N1_castellii	0.00228256859839	2	844	G	A
N1_castellii	0.00247565042008	2	1015	A	G
N1_castellii	0.00254977445133	1	577	A	G
N1_castellii	0.00278257659063	2	912	T	A
N1_castellii	0.00302692018999	2	661	T	A
N1_castellii	0.00309139834273	1	774	C	T
N1_castellii	0.00314841258254	2	544	A	G
N1_castellii	0.00354357632623	2	943	C	T
N1_castellii	0.00375671434725	2	754	A	G
N1_castellii	0.00393852640143	1	1006	C	G
N1_castellii	0.00405345230698	2	99	G	A
N1_castellii	0.00405400742703	1	939	T	G
N1_castellii	0.004374605116	1	24	T	C
N1_castellii	0.00458198114071	2	499	T	C
N1_castellii	0.00459559815909	1	33	A	G
N1_castellii	0.00462323468238	1	409	C	G
N1_castellii	0.0047912216326	1	434	T	G
N1_castellii	0.00484517871463	1	977	T	G
N1_castellii	0.00485631481225	1	100	C	T
N1_castellii	0.0049181679569	2	883	T	C
N1_castellii	0.0052790567292	2	874	G	T
N1_castellii	0.00589998929233	2	742	A	G
N1_castellii	0.00603085614964	1	793	G	T
N1_castellii	0.00662704228434	1	562	C	G
N1_castellii	0.00672418931332	2	8	T	C
N1_castellii	0.00684500567219	1	709	G	T
N1_castellii	0.00732553995829	1	532	G	A
N1_castellii	0.00807398854828	1	769	G	A
N1_castellii	0.00813066150035	1	262	A	C
N1_castellii	0.00817208515409	2	1018	G	C
N1_castellii	0.00829567533269	2	956	C	T
N1_castellii	0.0084987099848	1	543	C	T
N1_castellii	0.00860486238839	1	245	T	C
N1_castellii	0.0089192937913	1	2	G	A
N1_castellii	0.00938061284766	2	1030	A	T
N1_castellii	0.00941958412815	2	268	G	A
N1_castellii	0.0094918698256	1	790	C	A
N1_castellii	0.00963659744514	2	112	G	A
N1_castellii	0.00971279525272	2	880	C	A
N1_castellii	0.0099395215995	2	637	C	T
N1_N2	0.000168805176254	2	212	A	G
N1_N2	0.00021822748462	2	511	T	C
N1_N2	0.000669990578809	2	272	A	T
N1_N2	0.00150080294773	2	20	G	A
N1_N2	0.00150708210491	1	1006	C	T
N1_N2	0.00155555708961	2	294	T	C
N1_N2	0.0015854857098	2	219	G	A
N1_N2	0.00206356204989	2	638	A	T
N1_N2	0.00268405875023	1	110	T	C
N1_N2	0.00281422520436	2	740	G	A
N1_N2	0.00282369473513	2	690	T	C
N1_N2	0.00348454457389	2	473	C	T
N1_N2	0.00350515450537	2	846	A	G
N1_N2	0.00386498804738	1	752	C	A
N1_N2	0.00425900706211	2	505	A	G
N1_N2	0.00426869867075	1	76	A	G
N1_N2	0.00429481462043	1	628	C	T
N1_N2	0.00437680982813	1	772	G	A
N1_N2	0.00456891307474	1	785	C	T
N1_N2	0.00490193929733	2	17	C	T
N1_N2	0.00495055140464	1	370	G	T
N1_N2	0.00526256639963	1	736	T	C
N1_N2	0.00555343063064	1	493	C	T
N1_N2	0.00555553460026	1	62	G	A
N1_N2	0.00569253649587	1	541	G	A
N1_N2	0.00611380240135	1	775	A	G
N1_N2	0.00639365585468	2	639	T	C
N1_N2	0.00697229776445	1	958	T	G
N1_N2	0.00706523332207	1	953	G	T
N1_N2	0.00708477267684	2	889	A	G
N1_N2	0.00758839160674	2	201	C	T
N1_N2	0.0078103501602	2	524	T	C
N1_N2	0.00818992856225	1	140	A	G
N1_N2	0.00885346141139	1	592	C	T
N1_N2	0.00893083398601	1	715	A	G
N1_N2	0.00916696335976	2	1033	T	G
N1_N2	0.00938648067508	1	1024	G	T
N1_N2	0.00944921359486	1	1033	T	C
N1_N2	0.00954790983816	1	616	A	T
N1_N2	0.00958784535093	2	505	G	A
N1_N2	0.0096244701252	2	982	C	T
N1_N2	0.00970607064085	2	847	G	A
N2_bayanus	0.000198587998095	2	805	T	C
N2_bayanus	0.00101285215536	1	444	C	T
N2_bayanus	0.00108131353341	1	658	T	C
N2_bayanus	0.0015469206851	1	478	C	T
N2_bayanus	0.00175922818124	1	994	G	A
N2_bayanus	0.00238546259347	2	826	T	G
N2_bayanus	0.00262968709233	2	949	A	G
N2_bayanus	0.00270300861739	2	586	G	C
N2_bayanus	0.00275432101509	1	592	T	A
N2_bayanus	0.00340947525778	1	646	G	A
N2_bayanus	0.0047262707665	1	517	C	T
N2_bayanus	0.00507414335817	2	664	A	G
N2_bayanus	0.00516448322893	2	996	A	G
N2_bayanus	0.00523080358507	1	413	C	T
N2_bayanus	0.00526517771885	2	248	A	C
N2_bayanus	0.00585344296125	2	790	C	T
N2_bayanus	0.00592369757379	2	985	G	A
N2_bayanus	0.0060260003355	1	39	G	A
N2_bayanus	0.0070550708268	1	874	G	C
N2_bayanus	0.00736012728283	1	23	A	G
N2_bayanus	0.00798357270011	1	451	A	T
N2_bayanus	0.00836071925722	2	973	T	C
N2_bayanus	0.00838997856713	1	195	G	A
N2_bayanus	0.00875910290603	2	841	A	G
N2_bayanus	0.00929921835953	2	523	C	T
N2_bayanus	0.00948102211459	2	137	G	A
N2_bayanus	0.00973453021753	1	715	G	T
N2_bayanus	0.00999209517493	2	270	A	C
N2_N3	0.00103696652545	2	901	C	T
N2_N3	0.00116075049943	2	106	G	A
N2_N3	0.00158115193307	2	901	T	C
N2_N3	0.00158327387071	2	921	C	T
N2_N3	0.0018852749572	1	266	C	A
N2_N3	0.00245422264568	1	354	G	A
N2_N3	0.0026098161408	1	20	G	A
N2_N3	0.00280884040671	1	676	G	C
N2_N3	0.00325447781881	2	636	C	T
N2_N3	0.00354796316536	1	806	A	G
N2_N3	0.00384485478088	2	26	A	G
N2_N3	0.0042141955014	1	1009	C	T
N2_N3	0.00438024694857	2	583	C	G
N2_N3	0.00454288418417	2	487	A	G
N2_N3	0.00463675898657	1	56	T	C
N2_N3	0.00485517964211	2	961	G	T
N2_N3	0.00491998196014	2	589	T	G
N2_N3	0.00583705567956	2	499	T	C
N2_N3	0.00619091537936	2	946	T	G
N2_N3	0.00661169428754	2	956	C	T
N2_N3	0.00787277882161	1	325	C	A
N2_N3	0.00828390743608	1	180	G	A
N2_N3	0.00924375214286	2	679	A	T
N2_N3	0.00954959702382	2	947	A	G
N3_kudriavzevii	0.000234647771754	1	553	G	A
N3_kudriavzevii	0.00100424215999	1	826	T	G
N3_kudriavzevii	0.00110806474877	2	695	G	C
N3_kudriavzevii	0.00113156411575	2	751	A	G
N3_kudriavzevii	0.00143438273606	1	988	G	A
N3_kudriavzevii	0.00148839021185	1	282	A	C
N3_kudriavzevii	0.00163320831914	2	282	A	G
N3_kudriavzevii	0.00186339513106	1	411	A	G
N3_kudriavzevii	0.00297627495392	2	703	C	G
N3_kudriavzevii	0.00300667600094	2	1009	C	A
N3_kudriavzevii	0.00344875108694	2	71	G	A
N3_kudriavzevii	0.00368542876723	2	778	T	G
N3_kudriavzevii	0.00379197244752	1	729	T	A
N3_kudriavzevii	0.00403646067274	2	853	T	C
N3_kudriavzevii	0.00416228568704	1	1037	A	G
N3_kudriavzevii	0.00443127955995	1	583	C	T
N3_kudriavzevii	0.00500914600537	2	333	T	C
N3_kudriavzevii	0.00515632956972	1	997	C	T
N3_kudriavzevii	0.00521697917543	2	385	A	C
N3_kudriavzevii	0.00579515694385	2	51	C	T
N3_kudriavzevii	0.00614264609871	1	883	T	C
N3_kudriavzevii	0.00626643456146	2	280	T	A
N3_kudriavzevii	0.00655933143569	2	84	T	C
N3_kudriavzevii	0.00663703951149	1	550	T	G
N3_kudriavzevii	0.00750911949287	2	988	G	A
N3_kudriavzevii	0.00794379399999	1	754	A	G
N3_kudriavzevii	0.00885634764736	1	2	A	G
N3_kudriavzevii	0.00908469193318	2	931	C	T
N3_kudriavzevii	0.00975298709946	1	892	G	A
N3_N4	0.000820993749053	2	716	A	G
N3_N4	0.000896023223407	2	771	A	G
N3_N4	0.00134874333057	1	790	C	T
N3_N4	0.00148337520466	2	561	T	C
N3_N4	0.00156684224062	2	853	T	C
N3_N4	0.00161553074693	1	973	T	A
N3_N4	0.00167264929477	1	1027	C	G
N3_N4	0.00167987882442	1	601	T	C
N3_N4	0.00186256862844	2	306	G	A
N3_N4	0.00205565985045	2	928	T	C
N3_N4	0.00213002662273	1	707	A	C
N3_N4	0.0022333026034	1	751	A	C
N3_N4	0.00297730949977	2	256	A	G
N3_N4	0.00340027471366	1	2	A	G
N3_N4	0.0035261182235	2	952	T	C
N3_N4	0.00394829316603	2	946	G	A
N3_N4	0.0041454679544	1	772	A	G
N3_N4	0.00429525469033	1	490	G	A
N3_N4	0.00430295070404	1	799	T	C
N3_N4	0.00437328491446	1	685	G	A
N3_N4	0.00438921541819	2	442	A	G
N3_N4	0.00468182341286	2	950	G	A
N3_N4	0.00574325917612	1	905	A	C
N3_N4	0.006580195497	1	892	G	A
N3_N4	0.00703727240988	1	47	G	C
N3_N4	0.00734647019969	1	623	T	C
N3_N4	0.00748071881251	2	255	C	T
N3_N4	0.00771844667848	2	820	T	C
N3_N4	0.00793219574669	1	550	T	C
N3_N4	0.00859135729477	1	847	G	A
N3_N4	0.00889656062284	1	1033	C	T
N4_mikatae	2.63436945573e-05	1	23	A	G
N4_mikatae	0.000131236146045	1	674	A	T
N4_mikatae	0.000423343741032	2	5	A	G
N4_mikatae	0.000892180327403	2	694	C	T
N4_mikatae	0.0011274839192	1	724	G	C
N4_mikatae	0.00170450660688	1	802	C	T
N4_mikatae	0.00224967847948	2	655	G	T
N4_mikatae	0.00239206839375	1	576	G	C
N4_mikatae	0.00253328417002	2	947	G	C
N4_mikatae	0.00269845804612	1	880	C	G
N4_mikatae	0.00270061391964	2	803	C	A
N4_mikatae	0.00292802849142	2	289	T	A
N4_mikatae	0.00317944082614	1	174	C	A
N4_mikatae	0.00331818880394	1	718	T	C
N4_mikatae	0.00354496787067	1	898	T	A
N4_mikatae	0.00356600063872	2	1030	A	G
N4_mikatae	0.00362779436787	1	429	T	G
N4_mikatae	0.00372640524153	2	496	G	A
N4_mikatae	0.00415836147308	2	661	T	A
N4_mikatae	0.00422993656039	1	691	G	A
N4_mikatae	0.00456054421528	1	887	T	C
N4_mikatae	0.0046000230745	2	568	G	T
N4_mikatae	0.00507390038065	2	942	A	G
N4_mikatae	0.0053784388961	2	1013	A	G
N4_mikatae	0.00547531969102	1	308	T	G
N4_mikatae	0.00556854484393	2	616	A	C
N4_mikatae	0.00571343687103	2	78	A	G
N4_mikatae	0.00588932628248	2	850	A	G
N4_mikatae	0.0061323839892	1	871	T	C
N4_mikatae	0.00645667658354	2	502	C	T
N4_mikatae	0.00697559446956	2	901	C	T
N4_mikatae	0.00755793890947	2	120	G	A
N4_mikatae	0.00796860021214	2	426	T	C
N4_mikatae	0.00887224098803	1	391	C	T
N4_mikatae	0.00918552734134	1	979	A	G
N4_mikatae	0.00919646364518	1	390	A	G
N4_N5	0.00052639358084	2	811	C	G
N4_N5	0.000749995397983	1	796	A	G
N4_N5	0.000975014344174	2	637	C	A
N4_N5	0.00149551285374	1	743	G	C
N4_N5	0.00186404607461	2	771	G	A
N4_N5	0.00207619449062	1	868	T	A
N4_N5	0.00211455329937	2	458	T	C
N4_N5	0.00221677843574	1	751	C	T
N4_N5	0.00241282487075	2	787	T	C
N4_N5	0.00303996614284	1	619	T	C
N4_N5	0.00313268645275	2	137	G	T
N4_N5	0.00327828854051	2	211	C	T
N4_N5	0.00347467102166	2	363	T	C
N4_N5	0.00348450925108	1	975	A	G
N4_N5	0.00407330097093	1	874	G	T
N4_N5	0.00446642682982	1	709	G	A
N4_N5	0.0045018911792	1	633	A	C
N4_N5	0.00517017252341	1	138	A	C
N4_N5	0.00537545948314	1	992	C	G
N4_N5	0.00619947180398	2	751	A	G
N4_N5	0.00624941881765	2	32	G	A
N4_N5	0.00638300454012	2	769	G	A
N4_N5	0.00681165478593	1	495	C	T
N4_N5	0.00692391579718	1	505	G	T
N4_N5	0.0078755093029	2	298	T	C
N4_N5	0.0080823923279	1	934	C	T
N4_N5	0.00862832097429	2	658	T	A
N4_N5	0.00926688111507	2	976	G	C
N4_N5	0.00965340436654	1	9	T	C
N4_N5	0.00968996932188	1	809	C	T
N5_paradoxus	0.000443905003427	1	173	C	T
N5_paradoxus	0.00113832628936	2	553	G	T
N5_paradoxus	0.00129079454984	2	308	A	T
N5_paradoxus	0.00157185767448	2	10	A	G
N5_paradoxus	0.00164992709632	1	952	T	G
N5_paradoxus	0.00169175879614	1	871	T	A
N5_paradoxus	0.00213683199994	1	509	T	G
N5_paradoxus	0.00229337905551	1	1039	C	T
N5_paradoxus	0.00233892435039	2	105	A	G
N5_paradoxus	0.00255126021476	2	299	A	C
N5_paradoxus	0.00256566792539	2	928	C	T
N5_paradoxus	0.00271530459585	1	899	C	T
N5_paradoxus	0.00287276428274	1	703	C	A
N5_paradoxus	0.00305428433102	2	688	T	C
N5_paradoxus	0.00327500646297	2	577	A	G
N5_paradoxus	0.00341075857437	1	637	C	A
N5_paradoxus	0.00382778189697	1	649	C	T
N5_paradoxus	0.00401868097941	1	553	G	A
N5_paradoxus	0.00458307716851	2	712	A	G
N5_paradoxus	0.00475976200439	1	712	A	T
N5_paradoxus	0.00497361384492	2	1030	A	G
N5_paradoxus	0.00508289163085	2	459	T	C
N5_paradoxus	0.00539859869964	1	538	T	C
N5_paradoxus	0.0059372102075	1	658	T	C
N5_paradoxus	0.0063001812333	2	671	T	C
N5_paradoxus	0.00639450801935	2	661	T	C
N5_paradoxus	0.00651731618252	1	844	G	A
N5_paradoxus	0.00660279496664	2	940	T	A
N5_paradoxus	0.00668619616665	2	754	A	G
N5_paradoxus	0.00750466289804	1	838	T	C
N5_paradoxus	0.00751762606847	2	853	C	T
N5_paradoxus	0.00769962408661	1	420	T	A
N5_paradoxus	0.00800125190358	2	241	T	G
N5_paradoxus	0.00853309215098	1	466	A	T
N5_paradoxus	0.00897616936208	2	957	T	G
N5_paradoxus	0.0095094581935	1	556	C	T
N5_paradoxus	0.0096024472164	2	616	A	T
N5_cerevisiae	0.000307147766596	1	748	T	C
N5_cerevisiae	0.000416913202181	2	613	C	T
N5_cerevisiae	0.00126132936113	1	659	A	C
N5_cerevisiae	0.001492056021	2	20	A	G
N5_cerevisiae	0.00189062827143	1	712	A	G
N5_cerevisiae	0.00209698570447	1	401	C	T
N5_cerevisiae	0.00238777187847	1	622	C	T
N5_cerevisiae	0.00257924356596	1	565	C	T
N5_cerevisiae	0.00284418972775	1	1033	T	G
N5_cerevisiae	0.00301275401733	2	662	A	G
N5_cerevisiae	0.00319031385352	2	583	G	A
N5_cerevisiae	0.00339040166634	2	11	C	T
N5_cerevisiae	0.00362688363693	1	722	G	A
N5_cerevisiae	0.00397605949835	2	11	T	C
N5_cerevisiae	0.00400412047965	2	850	A	T
N5_cerevisiae	0.00406733915565	1	832	G	C
N5_cerevisiae	0.0042111581926	1	414	T	G
N5_cerevisiae	0.0043150554183	2	649	C	A
N5_cerevisiae	0.00474968828845	2	565	C	T
N5_cerevisiae	0.00525102719202	1	348	A	G
N5_cerevisiae	0.00540881785615	1	811	C	T
N5_cerevisiae	0.00555368165147	2	118	C	T
N5_cerevisiae	0.00571060763615	2	595	T	C
N5_cerevisiae	0.00648071670977	1	1027	G	T
N5_cerevisiae	0.00651102706966	1	574	T	G
N5_cerevisiae	0.00680438851716	2	1007	A	G
N5_cerevisiae	0.00693448216989	1	871	T	C
N5_cerevisiae	0.00701466866106	2	216	T	A
N5_cerevisiae	0.00711259132327	1	134	C	T
N5_cerevisiae	0.00747330317822	1	589	A	G
N5_cerevisiae	0.0074943331858	1	196	A	C
N5_cerevisiae	0.0075982242047	2	655	G	C
N5_cerevisiae	0.00773911306291	1	1027	T	G
N5_cerevisiae	0.00855539475822	1	913	T	A
N5_cerevisiae	0.00894169429276	2	390	A	G
N5_cerevisiae	0.00955672996439	2	937	T	C
N5_cerevisiae	0.00983078195248	1	895	G	A
N5_cerevisiae	0.00994638489913	2	538	T	C
