edge	time	orlg_from	orlg_to	tract_length	start_pos	stop_pos	num_diff	template_seq	overide_seq
D1_N1	0.00484764775055	2	1	1	401	401	0	A	A
D1_N1	0.00497455053466	1	2	1	216	216	0	G	G
D1_N1	0.00587158114017	1	2	1	349	349	0	T	T
D1_N1	0.00803848170506	1	2	1	183	183	0	C	C
D1_N1	0.00973899313353	1	2	1	41	41	0	A	A
D1_N1	0.0099248067315	2	1	1	425	425	0	A	A
D1_N1	0.0104595923047	1	2	1	207	207	0	C	C
D1_N1	0.010639420103	2	1	1	101	101	0	G	G
D1_N1	0.0148759031021	2	1	1	150	150	0	A	A
D1_N1	0.0177377989313	1	2	1	5	5	0	T	T
D1_N1	0.0209299205348	1	2	1	42	42	0	T	T
D1_N1	0.0224133171721	1	2	1	123	123	0	G	G
D1_N1	0.0231323646322	1	2	1	426	426	0	T	T
D1_N1	0.0237655777712	2	1	1	118	118	0	C	C
D1_N1	0.0272450556413	1	2	1	261	261	0	A	A
D1_N1	0.0370276704635	1	2	1	256	256	0	G	G
D1_N1	0.0373398958422	1	2	1	418	418	0	G	G
D1_N1	0.0453850747302	2	1	1	452	452	1	T	A
D1_N1	0.0492832606623	2	1	1	441	441	1	G	A
D1_N1	0.0513327003742	1	2	1	416	416	0	T	T
D1_N1	0.0527953812234	1	2	1	75	75	0	A	A
D1_N1	0.0566469216889	1	2	1	311	311	0	A	A
D1_N1	0.058295911976	2	1	1	252	252	0	T	T
D1_N1	0.0631015440398	2	1	1	145	145	1	T	G
D1_N1	0.0674746568741	2	1	1	167	167	0	T	T
D1_N1	0.0685519506421	2	1	1	173	173	0	G	G
D1_N1	0.0720038212416	1	2	1	332	332	0	C	C
D1_N1	0.072106679185	2	1	1	251	251	0	A	A
D1_N1	0.0735098564223	2	1	1	83	83	0	A	A
D1_N1	0.0745609427363	1	2	1	278	278	0	A	A
D1_N1	0.075046677303	1	2	1	46	46	0	T	T
D1_N1	0.075216529178	1	2	1	255	255	1	T	A
D1_N1	0.0758342721512	1	2	1	82	82	1	T	A
D1_N1	0.0771415531906	1	2	1	298	298	0	T	T
D1_N1	0.0775062600713	1	2	1	365	365	1	T	C
D1_N1	0.0793528926692	2	1	1	152	152	1	A	T
D1_N1	0.0862990599429	1	2	1	392	392	0	C	C
D1_N1	0.0876548572378	2	1	1	18	18	0	C	C
D1_N1	0.0927694454916	2	1	1	151	151	0	A	A
D1_N1	0.0984060363505	2	1	1	35	35	1	A	G
D1_N1	0.098909364586	2	1	1	465	465	0	G	G
D1_N1	0.099782487114	1	2	1	210	210	0	C	C
D1_N1	0.100082652223	2	1	1	318	318	0	T	T
D1_N1	0.103728206797	2	1	1	368	368	1	A	T
D1_N1	0.104603814395	1	2	1	447	447	0	G	G
D1_N1	0.111053584165	2	1	1	270	270	0	G	G
D1_N1	0.111348723369	2	1	1	444	444	0	T	T
D1_N1	0.111887780538	1	2	1	367	367	0	T	T
D1_N1	0.118191967821	2	1	1	179	179	0	C	C
D1_N1	0.119751349335	1	2	1	197	197	0	C	C
D1_N1	0.120289242097	1	2	1	437	437	1	C	T
D1_N1	0.121092805943	2	1	1	131	131	0	A	A
D1_N1	0.125288981965	2	1	1	108	108	0	T	T
D1_N1	0.127482207336	1	2	1	311	311	0	A	A
D1_N1	0.133337769429	2	1	1	225	225	0	T	T
D1_N1	0.134659796208	1	2	1	65	65	0	C	C
D1_N1	0.134850344214	2	1	1	284	284	0	A	A
D1_N1	0.13782702387	2	1	1	447	447	0	G	G
D1_N1	0.145344848815	1	2	1	132	132	0	C	C
D1_N1	0.148816552494	1	2	1	132	132	0	C	C
D1_N1	0.153387272107	1	2	1	176	176	0	G	G
D1_N1	0.153429737996	1	2	1	406	406	1	C	G
D1_N1	0.153757766031	2	1	1	134	134	1	T	G
D1_N1	0.154296085223	1	2	1	454	454	0	T	T
D1_N1	0.158374600028	1	2	1	29	29	1	T	A
D1_N1	0.160632330287	1	2	1	277	277	0	G	G
D1_N1	0.160682655843	2	1	1	222	222	0	T	T
D1_N1	0.16957548115	2	1	1	407	407	1	A	T
D1_N1	0.17029130942	1	2	1	188	188	0	G	G
D1_N1	0.173444816256	1	2	1	400	400	0	A	A
D1_N1	0.174433116414	1	2	1	339	339	1	A	G
D1_N1	0.175852028329	1	2	1	179	179	0	C	C
D1_N1	0.176091044726	1	2	1	423	423	0	A	A
D1_N1	0.176517194987	1	2	1	369	369	1	T	C
D1_N1	0.179138597534	1	2	1	150	150	0	A	A
D1_N1	0.181207515285	1	2	1	147	147	0	T	T
D1_N1	0.181502160861	1	2	1	395	395	0	C	C
D1_N1	0.188558760155	1	2	1	182	182	0	T	T
D1_N1	0.203708815549	1	2	1	98	98	0	A	A
D1_N1	0.204842841146	1	2	1	464	464	1	G	T
D1_N1	0.20768135915	2	1	1	118	118	0	C	C
D1_N1	0.210000486817	2	1	1	110	110	0	C	C
D1_N1	0.216241853832	1	2	1	219	219	0	G	G
D1_N1	0.217544104697	2	1	1	89	89	0	T	T
D1_N1	0.218629774917	2	1	1	344	344	0	A	A
D1_N1	0.219064262694	1	2	1	355	355	0	C	C
D1_N1	0.219517542586	2	1	1	16	16	0	T	T
D1_N1	0.220895374099	2	1	1	306	306	0	T	T
D1_N1	0.221646193108	2	1	1	295	295	0	G	G
D1_N1	0.223850848002	2	1	1	80	80	0	A	A
D1_N1	0.226307953746	2	1	1	10	10	0	C	C
D1_N1	0.226579848189	1	2	1	385	385	0	A	A
D1_N1	0.22894379148	1	2	1	27	27	0	C	C
N1_N2	0.00101605396101	1	2	1	367	367	0	T	T
N1_N2	0.00432103375967	2	1	1	29	29	0	T	T
N1_N2	0.00656040314662	1	2	1	269	269	0	A	A
N1_N2	0.0102947393381	1	2	1	412	412	1	C	T
N1_N2	0.0149031978944	2	1	1	4	4	0	G	G
N2_N3	0.00343561091084	1	2	1	245	245	0	T	T
N2_N3	0.00382580253782	1	2	1	202	202	0	C	C
N2_N3	0.00464055737879	2	1	1	91	91	0	A	A
N3_N4	0.000247642009828	2	1	1	362	362	1	C	T
N3_N4	0.000309942262364	1	2	1	119	119	1	A	C
N3_N4	0.00111822209626	1	2	1	465	465	0	G	G
N3_N4	0.00573548837567	2	1	1	153	153	0	T	T
N3_N4	0.00695436657803	1	2	1	255	255	1	T	G
N3_N4	0.00855581880319	1	2	1	252	252	0	T	T
N4_Human	0.00775956628201	1	2	1	162	162	1	G	A
N4_Human	0.00922480938419	2	1	1	46	46	1	T	A
N4_Human	0.00999565039098	1	2	1	98	98	0	A	A
N4_Chimp	0.00402245667512	1	2	1	150	150	0	A	A
N4_Chimp	0.00420729599937	2	1	1	222	222	0	T	T
N4_Chimp	0.00557220939899	1	2	1	445	445	0	C	C
N4_Chimp	0.0059746022665	2	1	1	369	369	0	T	T
N4_Chimp	0.00679190321847	1	2	1	460	460	1	T	G
N3_Goril	0.00150610240322	1	2	1	172	172	0	T	T
N3_Goril	0.00994796490002	2	1	1	58	58	1	C	G
N3_Goril	0.0135026530198	1	2	1	458	458	1	C	G
N3_Goril	0.0143663510153	1	2	1	368	368	0	A	A
N3_Goril	0.0159252501139	2	1	1	410	410	0	G	G
N2_Orang	0.00262153545604	1	2	1	81	81	1	T	G
N2_Orang	0.00463076984406	2	1	1	78	78	0	T	T
N2_Orang	0.00718563599758	2	1	1	132	132	1	C	T
N2_Orang	0.0129221707593	1	2	1	291	291	0	C	C
N2_Orang	0.0149304886374	1	2	1	267	267	0	T	T
N2_Orang	0.0162928523348	2	1	1	461	461	0	C	C
N2_Orang	0.0183703419658	1	2	1	245	245	1	G	T
N2_Orang	0.0183717027022	1	2	1	141	141	1	A	T
N1_Macaq	0.00417725365954	1	2	1	202	202	0	C	C
N1_Macaq	0.00567567614865	2	1	1	247	247	1	T	A
N1_Macaq	0.0105697365512	1	2	1	101	101	0	G	G
N1_Macaq	0.0110434031494	2	1	1	309	309	0	T	T
N1_Macaq	0.011605751282	1	2	1	72	72	1	T	C
N1_Macaq	0.0138973195207	2	1	1	174	174	0	A	A
N1_Macaq	0.0139922290699	1	2	1	83	83	0	A	A
N1_Macaq	0.0140266497799	1	2	1	218	218	0	T	T
N1_Macaq	0.02252984776	2	1	1	376	376	0	A	A
N1_Macaq	0.0263718669192	2	1	1	394	394	1	C	A
N1_Macaq	0.0300808105512	1	2	1	45	45	1	A	G
N1_Macaq	0.0304478540972	1	2	1	317	317	0	A	A
N1_Macaq	0.040056748393	2	1	1	142	142	0	G	G
N1_Macaq	0.0414340222301	1	2	1	255	255	1	T	G
N1_Macaq	0.0428007123404	1	2	1	11	11	0	G	G
