edge	time	orlg_from	orlg_to	tract_length	start_pos	stop_pos	num_diff	template_seq	overide_seq
D1_N1	2.13268443157e-05	2	1	6	2	7	0	TCCTAA	TCCTAA
D1_N1	6.96537141023e-05	2	1	6	326	331	0	ATTGCC	ATTGCC
D1_N1	7.79988171102e-05	1	2	2	515	516	0	AA	AA
D1_N1	8.68031761791e-05	2	1	4	0	3	0	CCTC	CCTC
D1_N1	0.000338676534962	2	1	8	98	105	0	AGCTATCA	AGCTATCA
D1_N1	0.000391507475409	2	1	4	486	489	0	CATC	CATC
D1_N1	0.00040240478146	2	1	5	106	110	0	TTTAT	TTTAT
D1_N1	0.00052772397815	2	1	7	468	474	0	TATGGGT	TATGGGT
D1_N1	0.000584379449499	2	1	4	557	560	0	TAGG	TAGG
D1_N1	0.00064728444699	1	2	1	120	120	0	T	T
D1_N1	0.000854472447671	2	1	3	27	29	0	TAT	TAT
N1_castellii	0.000108103721086	1	2	9	401	409	0	CTGGGTTTA	CTGGGTTTA
N1_castellii	0.000237790398409	2	1	2	40	41	0	GA	GA
N1_castellii	0.000309051835563	2	1	1	821	821	0	T	T
N1_castellii	0.00059119455298	2	1	10	260	269	0	ACTGAACTTG	ACTGAACTTG
N1_castellii	0.000622850394716	2	1	7	521	527	0	ACTATCA	ACTATCA
N1_castellii	0.000719846862578	1	2	4	870	873	0	TGAA	TGAA
N1_castellii	0.000791493219653	2	1	2	816	817	0	GT	GT
N1_castellii	0.000799283924805	1	2	4	727	730	1	TTTA	TCTA
N1_castellii	0.000865933208393	1	2	2	61	62	0	TT	TT
N1_castellii	0.00094916703396	1	2	4	712	715	0	TGAT	TGAT
N1_castellii	0.000967709678736	2	1	1	376	376	0	T	T
N1_castellii	0.000970151232233	2	1	4	875	878	0	CCTC	CCTC
N1_castellii	0.00105453138394	1	2	3	689	691	0	GAC	GAC
N1_castellii	0.00108118747949	2	1	1	242	242	0	T	T
N1_castellii	0.00108251909169	1	2	4	392	395	0	AAAC	AAAC
N1_castellii	0.00134420162815	1	2	5	367	371	0	GTACG	GTACG
N1_castellii	0.00146243019287	2	1	6	84	89	0	GTCCTA	GTCCTA
N1_castellii	0.00146555461621	2	1	9	230	238	0	CTGCAAGAT	CTGCAAGAT
N1_castellii	0.00149101526221	1	2	2	46	47	0	TC	TC
N1_castellii	0.00151537453162	2	1	3	800	802	0	ATC	ATC
N1_castellii	0.00153374326586	1	2	13	140	152	0	GTAGCAGGTCTCA	GTAGCAGGTCTCA
N1_castellii	0.00169895651298	2	1	2	819	820	0	AA	AA
N1_castellii	0.00172849848872	2	1	2	275	276	0	TT	TT
N1_castellii	0.00173281347979	2	1	3	167	169	0	TCG	TCG
N1_castellii	0.00203647864462	2	1	23	246	268	1	AACCAGCAAATGCTACTGAACTT	AACCAACAAATGCTACTGAACTT
N1_castellii	0.00213025355084	2	1	1	873	873	0	A	A
N1_castellii	0.00240638174986	2	1	4	669	672	0	CCTT	CCTT
N1_castellii	0.00254520563346	1	2	1	445	445	0	T	T
N1_castellii	0.00257766798566	2	1	3	846	848	0	ATA	ATA
N1_castellii	0.00277127067775	2	1	5	812	816	0	TCAAG	TCAAG
N1_castellii	0.00282387467459	2	1	7	749	755	0	TAAATAA	TAAATAA
N1_castellii	0.00310257527845	2	1	7	273	279	0	TGTTCTA	TGTTCTA
N1_castellii	0.00317425297166	2	1	1	471	471	0	G	G
N1_castellii	0.00319214416542	1	2	4	64	67	0	TAAT	TAAT
N1_castellii	0.00321300377734	2	1	12	478	489	0	ATGCAAAACATC	ATGCAAAACATC
N1_castellii	0.00332185517779	2	1	10	473	482	0	GTAGTATGCA	GTAGTATGCA
N1_castellii	0.00334767082501	2	1	4	925	928	0	TCGT	TCGT
N1_castellii	0.00338679924049	2	1	3	141	143	1	TAA	TAG
N1_castellii	0.00351865854918	2	1	2	843	844	0	CG	CG
N1_castellii	0.0035910592184	2	1	5	875	879	0	CCTCA	CCTCA
N1_castellii	0.00374916999525	1	2	4	928	931	0	TCGT	TCGT
N1_castellii	0.00374933851052	1	2	1	422	422	0	T	T
N1_castellii	0.00393708440946	2	1	4	72	75	0	TACT	TACT
N1_castellii	0.00394105172969	2	1	3	126	128	0	CTC	CTC
N1_castellii	0.00407401251451	2	1	1	931	931	0	T	T
N1_castellii	0.00411486847395	2	1	2	497	498	0	GC	GC
N1_castellii	0.00415691861999	1	2	3	47	49	0	CAA	CAA
N1_castellii	0.00422529175889	2	1	3	70	72	0	GGT	GGT
N1_castellii	0.00429270539506	2	1	3	172	174	0	AGT	AGT
N1_castellii	0.00464021276778	2	1	1	445	445	0	T	T
N1_castellii	0.00470233285846	1	2	24	146	169	1	GATCTCAAAAAAAAGCTTTGATCG	GGTCTCAAAAAAAAGCTTTGATCG
N1_castellii	0.00506929209563	1	2	8	411	418	0	TGTTCAAT	TGTTCAAT
N1_castellii	0.0051423831106	1	2	2	327	328	0	TT	TT
N1_castellii	0.00541738635255	2	1	4	818	821	0	AAAT	AAAT
N1_castellii	0.00541778546217	2	1	5	376	380	0	TCTTG	TCTTG
N1_castellii	0.0055140473392	1	2	2	257	258	0	GC	GC
N1_castellii	0.00569138122752	1	2	2	278	279	0	TA	TA
N1_castellii	0.00583232633283	2	1	5	854	858	1	TGAGC	TGAAC
N1_castellii	0.00609406085132	2	1	5	49	53	0	AGTTC	AGTTC
N1_castellii	0.0061433537108	1	2	2	624	625	0	GC	GC
N1_castellii	0.00621332087154	1	2	1	622	622	0	C	C
N1_castellii	0.00627917245656	2	1	3	99	101	0	GCT	GCT
N1_castellii	0.00662298604945	1	2	9	939	945	0	CTCAGGC	CTCAGGC
N1_castellii	0.00665001338291	2	1	4	397	400	0	AAGG	AAGG
N1_castellii	0.00670575181382	1	2	1	656	656	1	C	T
N1_N2	1.87039389408e-05	1	2	2	454	455	0	AT	AT
N1_N2	0.000187568803309	1	2	2	691	692	0	CG	CG
N1_N2	0.00018788891877	1	2	1	214	214	0	C	C
N1_N2	0.00019587154678	1	2	2	861	862	0	CG	CG
N1_N2	0.000219521159624	2	1	2	766	767	0	AG	AG
N1_N2	0.000238419075286	1	2	3	358	360	0	AGG	AGG
N1_N2	0.000257779858989	1	2	9	148	156	0	TCTCAAAAA	TCTCAAAAA
N1_N2	0.000310697588406	1	2	6	157	162	0	AAAGCT	AAAGCT
N1_N2	0.00062484483746	1	2	1	67	67	0	T	T
N1_N2	0.000691077846716	1	2	1	873	873	0	A	A
N1_N2	0.000752976404339	1	2	5	522	526	0	CTATC	CTATC
N1_N2	0.00102759855829	2	1	3	575	577	0	GCA	GCA
N1_N2	0.001102420892	1	2	1	881	881	0	T	T
N1_N2	0.00112216779722	2	1	5	865	869	0	TCAGG	TCAGG
N1_N2	0.00115503605227	1	2	1	945	945	0	C	C
N1_N2	0.00130137860474	2	1	6	4	9	0	CTAAAT	CTAAAT
N1_N2	0.00130832206868	2	1	17	636	652	0	TGCATACCTTACATAAA	TGCATACCTTACATAAA
N1_N2	0.00137234572041	1	2	1	843	843	0	C	C
N1_N2	0.00154517199758	1	2	16	421	436	0	CTTGCACGCGTATAAT	CTTGCACGCGTATAAT
N1_N2	0.0015897384499	2	1	6	575	580	0	GCAATA	GCAATA
N1_N2	0.00160734371892	2	1	2	554	555	0	GT	GT
N1_N2	0.0016108665203	2	1	1	718	718	0	T	T
N1_N2	0.00162012973359	2	1	2	18	19	0	GC	GC
N1_N2	0.00186803294485	2	1	1	548	548	0	A	A
N1_N2	0.00187721778747	1	2	4	157	160	0	AAAG	AAAG
N1_N2	0.00192445900813	1	2	2	554	555	0	GT	GT
N1_N2	0.00194324066211	1	2	4	929	932	0	CGTT	CGTT
N1_N2	0.00197216306724	2	1	8	122	129	0	ACGACTCT	ACGACTCT
N1_N2	0.00204002709908	2	1	9	121	129	0	AACGACTCT	AACGACTCT
N1_N2	0.00209772835093	1	2	2	626	627	0	TG	TG
N1_N2	0.00211265316256	1	2	1	79	79	0	A	A
N1_N2	0.00212428473538	1	2	1	492	492	0	T	T
N1_N2	0.00219427617807	2	1	5	622	626	0	CTGCT	CTGCT
N1_N2	0.00220615721462	2	1	5	81	85	0	CCTGT	CCTGT
N1_N2	0.00225406074328	2	1	2	698	699	0	AC	AC
N1_N2	0.00229131136612	2	1	2	350	351	0	TG	TG
N1_N2	0.00236706250615	2	1	8	313	320	0	TCTCTGCT	TCTCTGCT
N1_N2	0.0024808107111	1	2	3	431	433	0	TAT	TAT
N1_N2	0.00259892027312	1	2	5	603	607	0	TCATT	TCATT
N1_N2	0.00266294555189	2	1	3	405	407	0	GTT	GTT
N1_N2	0.00277671917584	2	1	2	238	239	1	TG	TA
N1_N2	0.00279473845972	2	1	6	61	66	0	TTGTAA	TTGTAA
N1_N2	0.00280573607453	1	2	1	203	203	0	G	G
N1_N2	0.00294732963256	2	1	4	830	833	0	CCCA	CCCA
N1_N2	0.00301625952349	2	1	1	242	242	1	C	T
N1_N2	0.00311948108781	1	2	7	379	385	0	TGACAGT	TGACAGT
N1_N2	0.00317830548093	1	2	3	340	342	0	TGG	TGG
N1_N2	0.00332929899474	2	1	4	546	549	0	TAAT	TAAT
N1_N2	0.0034156517971	1	2	3	59	61	1	TCT	CCT
N1_N2	0.00358147535364	1	2	5	610	614	1	TTCTA	TTCTT
N1_N2	0.00365869600427	1	2	18	747	764	2	TCTAAATAGTTCAGGGGG	CCTAAATAATTCAGGGGG
N1_N2	0.00377083693504	1	2	3	400	402	0	GCT	GCT
N1_N2	0.00384533387812	1	2	20	937	945	0	CTCTCAGGC	CTCTCAGGC
N1_N2	0.0039618884126	1	2	3	922	924	1	GTA	GCA
N1_N2	0.00413313875878	1	2	1	2	2	0	T	T
N1_N2	0.0041544993102	2	1	6	421	426	0	CTTGCA	CTTGCA
N1_N2	0.00423112391162	2	1	1	131	131	0	T	T
N1_N2	0.00423158683468	1	2	9	162	170	0	TTTGATCGG	TTTGATCGG
N1_N2	0.00426921770148	1	2	3	811	813	0	CTC	CTC
N1_N2	0.00452181032848	2	1	3	179	181	0	GAA	GAA
N1_N2	0.00453242453404	2	1	6	803	808	1	ATCCAC	ATCTAC
N1_N2	0.00463754756506	1	2	1	320	320	0	T	T
N1_N2	0.0046604521212	1	2	8	867	874	0	AGGTGAAA	AGGTGAAA
N1_N2	0.00469399019811	1	2	4	674	677	0	AGAT	AGAT
N1_N2	0.00475378887584	2	1	4	177	180	0	TAGA	TAGA
N1_N2	0.00475435911048	1	2	1	680	680	0	G	G
N1_N2	0.00483441460794	2	1	18	581	598	1	TCAGTAAAACTTACACGC	TCAATAAAACTTACACGC
N1_N2	0.00485464489695	2	1	3	816	818	0	GTA	GTA
N1_N2	0.00492593981546	1	2	4	590	593	0	CTTA	CTTA
N1_N2	0.00494757585336	2	1	8	563	570	0	TCGACTAT	TCGACTAT
N1_N2	0.00500329453477	2	1	6	451	456	0	ACAATT	ACAATT
N1_N2	0.00508650252805	1	2	1	504	504	0	C	C
N1_N2	0.0050921804267	2	1	5	657	661	0	AAGAT	AAGAT
N1_N2	0.00513150222503	2	1	23	176	198	0	TTAGAATTGAATGTGTTCTACTT	TTAGAATTGAATGTGTTCTACTT
N1_N2	0.00515038450685	1	2	3	644	646	0	TTA	TTA
N1_N2	0.00524205756506	1	2	3	182	184	0	TTG	TTG
N1_N2	0.00531297092521	2	1	6	96	101	0	TGAGCT	TGAGCT
N1_N2	0.00543679324628	2	1	2	639	640	0	AT	AT
N1_N2	0.0056441270769	2	1	1	404	404	0	G	G
N1_N2	0.00596578658276	2	1	4	422	425	0	TTGC	TTGC
N1_N2	0.00599960674235	2	1	1	553	553	0	G	G
N1_N2	0.00622824670984	1	2	1	346	346	0	A	A
N1_N2	0.00623189961829	1	2	1	412	412	0	G	G
N1_N2	0.00657045052627	1	2	5	445	449	1	TTCGA	TTCGG
N1_N2	0.006612233668	2	1	21	505	525	0	CAAGGAAGTAAACCACACTAT	CAAGGAAGTAAACCACACTAT
N1_N2	0.00662316607214	1	2	17	733	749	1	AAAAACTCCTAATATCT	AAAAACTCCTAATGTCT
N1_N2	0.00667708619619	1	2	1	399	399	0	G	G
N1_N2	0.0068590066571	1	2	5	239	243	1	GAATT	GAACT
N1_N2	0.00710778977117	1	2	9	804	812	0	TCCACTACT	TCCACTACT
N1_N2	0.00714028699367	1	2	2	750	751	0	AA	AA
N1_N2	0.00726591350315	1	2	1	630	630	0	A	A
N1_N2	0.00738202392589	1	2	13	102	114	1	ATCATTTATCCAA	ATCATTTATCCGA
N1_N2	0.00742943795864	2	1	2	778	779	1	TG	TT
N1_N2	0.00756703643997	2	1	1	934	934	0	A	A
N1_N2	0.00761627181062	2	1	5	900	904	0	ACTAG	ACTAG
N1_N2	0.00764380540507	1	2	6	607	612	1	TGGTTC	TAGTTC
N1_N2	0.0078054496798	1	2	6	816	821	0	GTAAAT	GTAAAT
N1_N2	0.00782506683691	2	1	10	772	781	0	TATTAATGCT	TATTAATGCT
N1_N2	0.00784225861153	1	2	1	5	5	0	T	T
N1_N2	0.00786577282688	1	2	2	739	740	0	TC	TC
N1_N2	0.00787042799002	1	2	3	521	523	0	ACT	ACT
N1_N2	0.00809775512644	1	2	2	556	557	0	AT	AT
N1_N2	0.00815308675992	1	2	6	708	713	1	ATAGTG	ATGGTG
N1_N2	0.0081547611014	2	1	2	479	480	0	TG	TG
N1_N2	0.00818460548968	2	1	1	2	2	0	T	T
N1_N2	0.00819646964149	1	2	3	253	255	1	AAA	AGA
N1_N2	0.00824628431787	1	2	4	665	668	0	AACA	AACA
N1_N2	0.00836391703153	2	1	1	910	910	0	G	G
N1_N2	0.00848559184599	1	2	2	452	453	0	CA	CA
N1_N2	0.00858095956398	1	2	1	505	505	0	C	C
N1_N2	0.00861220076443	2	1	4	269	272	0	GAGG	GAGG
N2_bayanus	0.000118906862009	2	1	4	782	785	0	ACAC	ACAC
N2_bayanus	0.000223300399234	2	1	7	21	27	0	AGACTCT	AGACTCT
N2_bayanus	0.000631504948271	2	1	3	85	87	0	TCC	TCC
N2_bayanus	0.00064023684021	2	1	5	860	864	0	TCGAC	TCGAC
N2_bayanus	0.000682136067505	1	2	2	609	610	0	GT	GT
N2_bayanus	0.000814407758463	2	1	1	628	628	0	A	A
N2_bayanus	0.000845041946792	1	2	2	620	621	1	AA	GA
N2_bayanus	0.000848516732966	2	1	2	208	209	0	CT	CT
N2_bayanus	0.000898189321292	1	2	2	805	806	0	CC	CC
N2_bayanus	0.00109489126511	2	1	2	568	569	0	TA	TA
N2_bayanus	0.00131693732172	2	1	9	45	53	1	TTCAAGTTC	TTCAAATTC
N2_bayanus	0.00136615737971	2	1	1	418	418	0	T	T
N2_bayanus	0.00147729976562	1	2	3	854	856	1	CGA	TGA
N2_bayanus	0.00149225911504	2	1	1	288	288	0	A	A
N2_bayanus	0.00153228173731	2	1	2	312	313	0	AT	AT
N2_bayanus	0.00156309852286	1	2	6	283	288	1	CATATA	CACATA
N2_bayanus	0.00170939602022	2	1	2	585	586	0	TA	TA
N2_bayanus	0.00171647455418	2	1	6	297	302	0	CTCGAT	CTCGAT
N2_bayanus	0.00172420039033	1	2	3	832	834	0	CAA	CAA
N2_bayanus	0.00172491845858	1	2	8	56	63	0	TGCTCTTG	TGCTCTTG
N2_bayanus	0.00186612310049	2	1	2	876	877	0	CT	CT
N2_bayanus	0.00188942890214	1	2	1	392	392	0	A	A
N2_bayanus	0.0019023510348	2	1	4	277	280	1	CCAG	CTAG
N2_bayanus	0.00198382374466	1	2	4	104	107	0	CATT	CATT
N2_bayanus	0.00215057606766	2	1	7	385	391	2	TCGGGTC	TTGGATC
N2_bayanus	0.00217988428262	1	2	3	180	182	0	AAT	AAT
N2_bayanus	0.00219300253738	1	2	13	686	698	0	AGTGACGATTGTA	AGTGACGATTGTA
N2_bayanus	0.00219489242994	2	1	1	371	371	0	G	G
N2_bayanus	0.00228887863878	2	1	1	286	286	0	A	A
N2_bayanus	0.00249887544405	2	1	4	838	841	0	TAGG	TAGG
N2_bayanus	0.00259576204544	2	1	1	148	148	0	T	T
N2_bayanus	0.00266143484582	1	2	9	795	803	1	CTTTAATCA	CTGTAATCA
N2_bayanus	0.00277100976308	1	2	1	807	807	0	A	A
N2_bayanus	0.00286980419895	2	1	9	219	227	0	GAAGACCAC	GAAGACCAC
N2_N3	1.53844781589e-05	2	1	7	445	451	0	TTCGACA	TTCGACA
N2_N3	9.52880461466e-05	2	1	3	337	339	0	TCT	TCT
N2_N3	0.000248365903325	2	1	7	85	91	1	TCCTAGT	TCCTGGT
N2_N3	0.00033725231539	2	1	2	560	561	1	GG	AG
N2_N3	0.000370365412047	1	2	1	302	302	0	T	T
N2_N3	0.000518911091753	1	2	19	383	401	4	AGTTGGATCAGATCAAGGC	AGTTGGGTCAAACCAAGGT
N2_N3	0.000525564931365	1	2	4	703	706	0	GAGG	GAGG
N2_N3	0.000665061316603	2	1	1	616	616	0	A	A
N2_N3	0.000705966788463	1	2	3	38	40	0	TAG	TAG
N2_N3	0.000879783633234	2	1	3	692	694	0	GAT	GAT
N2_N3	0.000936196543415	1	2	4	943	945	0	GGC	GGC
N2_N3	0.000952287068482	1	2	5	878	882	1	CGATA	CAATA
N2_N3	0.000987567141706	1	2	1	45	45	0	T	T
N2_N3	0.00101852850157	1	2	5	350	354	0	TGAGC	TGAGC
N2_N3	0.00110279198144	1	2	20	3	22	1	CCTAAATGATCGATGGCAAG	CCTAAATGATCGATGGCGAG
N2_N3	0.0011868273205	2	1	1	55	55	0	A	A
N2_N3	0.00128812357927	2	1	10	154	163	0	AAAAAAGCTT	AAAAAAGCTT
N3_kudriavzevii	2.92107058544e-05	1	2	3	313	315	1	TCT	TTT
N3_kudriavzevii	0.000163074911707	1	2	3	691	693	0	CGA	CGA
N3_kudriavzevii	0.000168454934113	1	2	1	541	541	0	G	G
N3_kudriavzevii	0.000246807902676	2	1	1	904	904	0	G	G
N3_kudriavzevii	0.000265032761847	2	1	6	534	539	0	TACATA	TACATA
N3_kudriavzevii	0.000308662576935	2	1	18	905	922	2	CTTGCGGCTTGCTCAACG	TTTGCGACTTGCTCAACG
N3_kudriavzevii	0.0004316086871	2	1	2	533	534	0	GT	GT
N3_kudriavzevii	0.000583244219596	1	2	1	21	21	0	A	A
N3_kudriavzevii	0.000602418527562	2	1	6	42	47	1	GAATTC	GAGTTC
N3_kudriavzevii	0.000645392177063	1	2	5	500	504	0	GTCTC	GTCTC
N3_kudriavzevii	0.000740872183864	2	1	3	95	97	0	CTG	CTG
N3_kudriavzevii	0.000809028996675	2	1	5	918	922	0	CAACG	CAACG
N3_kudriavzevii	0.00086948981207	2	1	5	487	491	1	ATCCC	ATCCT
N3_kudriavzevii	0.000938464959337	1	2	1	279	279	0	A	A
N3_kudriavzevii	0.00103835476885	1	2	4	100	103	0	CTAT	CTAT
N3_kudriavzevii	0.00105461385306	2	1	1	339	339	0	T	T
N3_kudriavzevii	0.00107201789042	1	2	1	733	733	0	A	A
N3_kudriavzevii	0.00114427377803	1	2	4	742	745	1	TGAT	TAAT
N3_kudriavzevii	0.00116400643945	2	1	4	670	673	0	CTTC	CTTC
N3_kudriavzevii	0.00117435263977	2	1	3	506	508	0	AAG	AAG
N3_kudriavzevii	0.00123694926547	1	2	1	764	764	0	G	G
N3_kudriavzevii	0.00123753012309	1	2	8	281	288	3	ATCGTATA	GTCACATA
N3_kudriavzevii	0.00126755475854	2	1	3	167	169	0	TCG	TCG
N3_kudriavzevii	0.00140733767925	1	2	1	152	152	0	A	A
N3_kudriavzevii	0.00146989186486	2	1	3	80	82	0	CCC	CCC
N3_kudriavzevii	0.00163599652254	2	1	4	492	495	1	TATT	TACT
N3_kudriavzevii	0.00166357479253	1	2	3	15	17	0	ATG	ATG
N3_kudriavzevii	0.00175293010614	2	1	6	245	250	0	TAACCA	TAACCA
N3_kudriavzevii	0.00179679968109	2	1	6	839	844	0	AGGACG	AGGACG
N3_kudriavzevii	0.00204701016887	1	2	1	917	917	0	T	T
N3_kudriavzevii	0.00209139990271	1	2	1	892	892	0	G	G
N3_kudriavzevii	0.00228752056582	1	2	2	863	864	0	AC	AC
N3_kudriavzevii	0.00248828041564	1	2	1	455	455	0	T	T
N3_kudriavzevii	0.00252058636974	1	2	1	733	733	0	A	A
N3_kudriavzevii	0.00254622083973	1	2	6	623	628	1	TGCTGA	AGCTGA
N3_kudriavzevii	0.00260849308115	2	1	2	217	218	1	TG	TA
N3_kudriavzevii	0.0029282450459	1	2	2	776	777	0	AA	AA
N3_kudriavzevii	0.00303864883914	2	1	1	139	139	0	C	C
N3_kudriavzevii	0.00304031493965	2	1	1	653	653	0	A	A
N3_kudriavzevii	0.003185862121	2	1	7	27	33	1	TATCTTC	TATCTCC
N3_kudriavzevii	0.00321276989628	2	1	3	443	445	0	GCT	GCT
N3_kudriavzevii	0.00330713446718	2	1	11	638	648	0	CATACCTTACA	CATACCTTACA
N3_kudriavzevii	0.00341290445695	2	1	2	98	99	0	AG	AG
N3_kudriavzevii	0.00342659536264	2	1	2	229	230	1	TC	TT
N3_kudriavzevii	0.00344774448474	1	2	2	675	676	0	GA	GA
N3_kudriavzevii	0.0035066512665	1	2	1	43	43	0	A	A
N3_N4	7.20599708359e-05	2	1	11	652	662	1	AAACCAAGATA	AAACCAAGATG
N3_N4	9.56197491465e-05	1	2	5	803	807	0	ATCCA	ATCCA
N3_N4	9.57348779906e-05	1	2	1	837	837	0	A	A
N3_N4	0.00016259808742	1	2	11	381	391	0	ACAGTTGGATC	ACAGTTGGATC
N3_N4	0.000235812387044	1	2	7	258	264	1	CTATTGA	CTACTGA
N3_N4	0.000249520988085	1	2	3	74	76	1	TTA	CTA
N3_N4	0.000358806162063	2	1	6	557	562	0	TAGGGC	TAGGGC
N3_N4	0.000375032906812	2	1	4	448	451	0	GACA	GACA
N3_N4	0.000641476841753	2	1	6	181	186	1	ATTGAA	ATTGGA
N3_N4	0.000776728933353	1	2	3	516	518	0	ACC	ACC
N3_N4	0.000810379894026	2	1	1	528	528	0	A	A
N3_N4	0.000845990119845	2	1	3	850	852	0	AAC	AAC
N3_N4	0.000918002886516	1	2	11	592	602	0	TACACGCCTCC	TACACGCCTCC
N3_N4	0.000994495112721	1	2	5	180	184	0	AATTG	AATTG
N4_mikatae	2.72810940689e-05	2	1	7	464	470	1	TGCTTAC	TGCTTAT
N4_mikatae	0.000122978819665	2	1	1	535	535	0	A	A
N4_mikatae	0.000211927638594	1	2	1	856	856	0	A	A
N4_mikatae	0.00047418323324	2	1	3	502	504	0	CTC	CTC
N4_mikatae	0.000562261891352	1	2	2	106	107	0	TT	TT
N4_mikatae	0.000614534219298	1	2	1	517	517	0	C	C
N4_mikatae	0.000632294683977	2	1	7	507	513	0	AGGAAGT	AGGAAGT
N4_mikatae	0.000704299259457	1	2	10	21	30	0	AGACTCTATC	AGACTCTATC
N4_mikatae	0.000731210746946	2	1	8	326	333	1	ATTGCCTA	GTTGCCTA
N4_mikatae	0.000977903817221	1	2	4	361	364	0	TATA	TATA
N4_mikatae	0.000978618072091	1	2	7	175	181	0	TTTAGAA	TTTAGAA
N4_mikatae	0.0010846632954	1	2	2	441	442	1	GC	AC
N4_mikatae	0.00110327908543	2	1	1	31	31	0	T	T
N4_mikatae	0.00133321833545	2	1	2	153	154	0	AA	AA
N4_mikatae	0.00136181338093	2	1	1	938	938	0	T	T
N4_mikatae	0.00160568937527	2	1	1	10	10	0	G	G
N4_mikatae	0.00165217440938	1	2	5	367	371	0	GTACG	GTACG
N4_mikatae	0.00165838646166	1	2	2	115	116	1	CT	CC
N4_mikatae	0.00166002231796	2	1	1	699	699	0	C	C
N4_mikatae	0.0016829563985	1	2	10	1	10	0	CTCCTAAATG	CTCCTAAATG
N4_mikatae	0.0016933125777	2	1	3	807	809	0	ACT	ACT
N4_mikatae	0.00176048655143	1	2	1	843	843	0	C	C
N4_mikatae	0.00181559810856	2	1	5	910	914	1	GGCTT	GACTT
N4_mikatae	0.00189020132519	2	1	9	13	21	0	CGATGGCAA	CGATGGCAA
N4_mikatae	0.00203962663057	1	2	2	920	921	0	AC	AC
N4_mikatae	0.00210906581594	2	1	2	211	212	0	CA	CA
N4_mikatae	0.00221045316019	2	1	11	924	934	2	ATCGTTGTCTA	ATCGTCGTTTA
N4_mikatae	0.00226699450591	1	2	3	306	308	0	TGT	TGT
N4_mikatae	0.00229980765106	1	2	11	2	12	0	TCCTAAATGAT	TCCTAAATGAT
N4_mikatae	0.00247095393753	1	2	1	429	429	0	C	C
N4_mikatae	0.0025808503999	1	2	10	473	482	1	GTAGTATGCG	GTAGTATGCA
N4_mikatae	0.0026120964443	1	2	2	935	936	0	AC	AC
N4_mikatae	0.00262201805248	1	2	1	183	183	0	T	T
N4_mikatae	0.00277182329656	2	1	3	576	578	0	CAA	CAA
N4_mikatae	0.00288254685357	2	1	7	559	565	1	GGGCCCG	GGGCTCG
N4_mikatae	0.00303486146177	1	2	1	482	482	0	G	G
N4_N5	0.000108395965692	2	1	7	463	469	0	ATGCTTA	ATGCTTA
N5_paradoxus	1.97103710941e-05	2	1	1	87	87	0	C	C
N5_paradoxus	3.4011524345e-05	1	2	2	909	910	0	CG	CG
N5_paradoxus	0.000232963896129	2	1	4	718	721	1	TCAT	TTAT
N5_paradoxus	0.000324535159535	1	2	1	238	238	0	T	T
N5_paradoxus	0.000369387969021	2	1	4	221	224	0	AGAT	AGAT
N5_paradoxus	0.000412238238876	1	2	9	574	582	4	CACAGTACT	CGCAATATC
N5_paradoxus	0.000678823570541	2	1	3	823	825	1	GGA	GAA
N5_paradoxus	0.000776074138022	2	1	11	625	635	1	CTGAGACCAAG	CTGAGACTAAG
N5_paradoxus	0.000955135708553	2	1	2	809	810	0	TA	TA
N5_paradoxus	0.00103283443165	2	1	4	743	746	1	AATA	GATA
N5_paradoxus	0.00110838979888	2	1	12	842	853	1	ACGCATATAACC	ACGTATATAACC
N5_paradoxus	0.00111354923196	1	2	4	308	311	0	TAGT	TAGT
N5_paradoxus	0.00116686824682	1	2	11	709	719	1	TAGTGATATTC	TAGTGATGTTC
N5_paradoxus	0.001207709106	1	2	3	779	781	1	GCT	ACT
N5_paradoxus	0.0013688011208	2	1	2	503	504	0	TC	TC
N5_paradoxus	0.00141404496637	2	1	3	530	532	0	CAC	CAC
N5_paradoxus	0.00147078590239	1	2	1	349	349	0	A	A
N5_paradoxus	0.00147638294322	1	2	17	850	866	2	AACCTGAGCCTCGACTT	AACCTGAACCTCGACTC
N5_paradoxus	0.00160316186515	1	2	2	225	226	0	CA	CA
N5_paradoxus	0.00161101192151	1	2	1	528	528	0	A	A
N5_paradoxus	0.0017407846141	1	2	4	739	742	0	TCCT	TCCT
N5_paradoxus	0.00177059950498	2	1	2	388	389	0	GA	GA
N5_cerevisiae	0.000118226769685	2	1	3	805	807	0	CCA	CCA
N5_cerevisiae	0.000223145570745	2	1	9	368	376	1	TACGCTCCT	TACGCTGCT
N5_cerevisiae	0.000242143086333	1	2	4	600	603	0	TCCT	TCCT
N5_cerevisiae	0.000252870197013	2	1	7	818	824	1	AAATAGG	AAATAGA
N5_cerevisiae	0.000277169456346	1	2	5	687	691	1	GTAAC	GTGAC
N5_cerevisiae	0.000397493499333	1	2	3	572	574	0	GCC	GCC
N5_cerevisiae	0.000735930325615	2	1	17	440	456	2	AACGCTTCGACACAATT	AGCACTTCGACACAATT
N5_cerevisiae	0.000952762754212	2	1	12	848	859	1	ATAACCTGAACC	ATAACCTGAGCC
N5_cerevisiae	0.000970129689014	2	1	4	819	822	0	AATA	AATA
N5_cerevisiae	0.00108621879684	2	1	4	811	814	0	CTCA	CTCA
N5_cerevisiae	0.00113243154249	1	2	8	633	640	0	AAGTGCAT	AAGTGCAT
N5_cerevisiae	0.00113642150752	2	1	1	56	56	0	T	T
N5_cerevisiae	0.00133255116383	2	1	12	639	650	0	ATACCTTACATA	ATACCTTACATA
N5_cerevisiae	0.00133416897154	2	1	4	202	205	0	CGGT	CGGT
N5_cerevisiae	0.0014622728382	2	1	1	327	327	0	T	T
N5_cerevisiae	0.00154318671874	2	1	12	365	376	0	TGGTACGCTCCT	TGGTACGCTCCT
