edge	time	mut_orlg	mut_pos	old_state	new_state
N0_kluyveri	0.000175308667923	0	681	A	G
N0_kluyveri	0.000780414632577	0	459	A	G
N0_kluyveri	0.00106642509993	0	25	T	G
N0_kluyveri	0.00218429908404	0	138	A	G
N0_kluyveri	0.0027572734356	0	205	A	G
N0_kluyveri	0.00303944003428	0	2	T	C
N0_kluyveri	0.00343404162938	0	639	C	T
N0_kluyveri	0.00489695619067	0	629	C	T
N0_kluyveri	0.00658882010069	0	609	G	A
N0_kluyveri	0.00756805275204	0	429	G	A
N0_kluyveri	0.0080324175645	0	242	A	G
N0_kluyveri	0.00935813839897	0	501	A	G
N0_kluyveri	0.00964419343831	0	678	G	A
N0_kluyveri	0.00966096564399	0	57	T	C
N0_kluyveri	0.00996052694001	0	53	G	C
N0_kluyveri	0.01156486658	0	460	G	A
N0_kluyveri	0.0123015695212	0	606	T	G
N0_kluyveri	0.0126565430472	0	543	T	C
N0_kluyveri	0.01284747904	0	463	G	A
N0_kluyveri	0.012913403063	0	645	T	C
N0_kluyveri	0.0129842698761	0	603	G	A
N0_kluyveri	0.0143124818454	0	20	T	C
N0_kluyveri	0.0163155148168	0	141	C	T
N0_kluyveri	0.0169219920885	0	137	A	G
N0_kluyveri	0.0170005278217	0	331	C	T
N0_kluyveri	0.0179287831892	0	54	G	A
N0_kluyveri	0.0179657043881	0	423	C	T
N0_kluyveri	0.018009516269	0	618	A	G
N0_kluyveri	0.0184400372279	0	552	A	G
N0_kluyveri	0.0203550037406	0	555	G	A
N0_kluyveri	0.021038486318	0	355	A	G
N0_D1	0.000906185873165	0	29	G	A
N0_D1	0.00205750399885	0	330	T	A
D1_N1	0.000212502615996	2	545	C	T
D1_N1	0.000454420351283	1	333	C	T
D1_N1	0.000982716939554	2	362	T	C
D1_N1	0.0010545649272	2	438	C	T
D1_N1	0.00161687539237	2	174	C	T
D1_N1	0.0016995555077	1	47	T	C
D1_N1	0.00247175701214	2	600	T	C
D1_N1	0.00282682196581	2	110	C	A
D1_N1	0.0029044109467	2	681	A	G
D1_N1	0.00343599374583	2	301	A	G
D1_N1	0.0043955141514	2	615	G	A
D1_N1	0.00474548190092	2	118	T	C
D1_N1	0.00542509591887	2	17	A	G
D1_N1	0.00563772022596	1	582	A	G
D1_N1	0.00571971575221	2	537	A	G
N1_castellii	0.000803373078725	1	230	T	C
N1_castellii	0.00168795884492	2	598	G	A
N1_castellii	0.00203685616849	2	378	C	T
N1_castellii	0.00216291511074	2	613	G	A
N1_castellii	0.00307293848738	1	444	A	G
N1_castellii	0.0031689855044	1	681	A	G
N1_castellii	0.00317937880695	2	243	T	G
N1_castellii	0.00325128395452	2	672	T	C
N1_castellii	0.00343947184324	2	450	A	G
N1_castellii	0.00419224587941	2	405	A	G
N1_castellii	0.0042443679597	1	359	T	C
N1_castellii	0.00433470854194	1	23	G	A
N1_castellii	0.00436797324024	1	588	A	G
N1_castellii	0.00478046118039	1	41	T	A
N1_castellii	0.0051797666909	2	97	C	T
N1_castellii	0.00549669551079	1	664	A	G
N1_castellii	0.00571516083817	1	450	A	G
N1_castellii	0.00574012233532	2	47	T	A
N1_castellii	0.00606170840311	1	635	G	T
N1_castellii	0.00748093539953	2	377	C	T
N1_castellii	0.00769729785992	2	678	G	A
N1_castellii	0.00770559563151	2	678	A	G
N1_castellii	0.00778700436523	1	552	A	G
N1_castellii	0.0081292122063	1	516	A	G
N1_castellii	0.00816066213155	2	89	C	T
N1_castellii	0.00837651297271	1	117	G	A
N1_castellii	0.00878106839961	2	570	A	G
N1_castellii	0.0093522451396	1	618	A	G
N1_castellii	0.0100552603524	2	525	A	G
N1_castellii	0.0101095625985	2	417	C	T
N1_N2	7.76444626765e-05	1	371	T	C
N1_N2	9.96156696706e-05	2	108	T	C
N1_N2	0.000176548945346	2	385	T	C
N1_N2	0.0015705871222	2	17	A	G
N1_N2	0.00217257851836	1	116	C	T
N1_N2	0.00231831769676	1	631	G	A
N1_N2	0.00232092754251	1	531	G	A
N1_N2	0.00275664837158	2	597	G	A
N1_N2	0.00299981119306	2	681	G	T
N1_N2	0.00393197501822	2	630	C	T
N1_N2	0.00420681187942	1	433	T	C
N1_N2	0.00443124829182	1	570	A	G
N1_N2	0.00467911428494	2	308	T	C
N1_N2	0.00544382950902	1	51	G	A
N1_N2	0.00548279181434	1	427	G	A
N1_N2	0.00564833384988	1	525	A	G
N1_N2	0.00582920449054	1	471	A	C
N1_N2	0.00599480924941	2	313	A	G
N1_N2	0.00639084667174	1	423	C	T
N1_N2	0.0065141482689	2	574	A	G
N1_N2	0.00651922768296	1	480	T	C
N1_N2	0.00655623127754	2	648	T	C
N1_N2	0.00681052441927	1	546	T	C
N1_N2	0.00713662800986	2	374	C	G
N1_N2	0.00819355956481	1	350	T	C
N1_N2	0.00821070827555	1	669	G	C
N1_N2	0.00854446035664	2	639	C	T
N1_N2	0.00910014635585	1	418	G	A
N1_N2	0.00965478222732	1	570	A	G
N1_N2	0.00967512691908	1	53	G	A
N1_N2	0.00972517029107	2	642	T	C
N1_N2	0.00984073539948	1	573	A	G
N1_N2	0.0101286752692	2	414	A	T
N1_N2	0.0108255674339	1	555	G	A
N1_N2	0.0113191830589	1	510	G	A
N1_N2	0.0115490343274	2	684	A	G
N1_N2	0.0116487140955	2	624	C	T
N1_N2	0.0124176918614	1	329	T	C
N1_N2	0.0137573172321	1	684	G	A
N2_bayanus	5.58567691248e-05	2	367	T	C
N2_bayanus	0.000671521766122	1	585	A	G
N2_bayanus	0.00142471236513	2	423	C	T
N2_bayanus	0.00189685494021	1	5	G	A
N2_bayanus	0.00191063791965	2	189	C	T
N2_bayanus	0.00200493157555	1	401	A	G
N2_bayanus	0.00212790508976	1	465	T	C
N2_bayanus	0.00249354586896	2	612	G	A
N2_bayanus	0.00312505139496	2	89	C	T
N2_bayanus	0.00465842773137	1	513	A	G
N2_bayanus	0.00485558316416	2	510	G	A
N2_bayanus	0.004987247266	1	194	G	A
N2_bayanus	0.0060812965905	2	525	A	G
N2_bayanus	0.00624437243054	2	64	C	T
N2_bayanus	0.00653898301839	1	489	G	A
N2_bayanus	0.00722827981582	2	516	A	G
N2_bayanus	0.00761664805366	1	654	T	C
N2_bayanus	0.00793044814925	2	495	T	G
N2_bayanus	0.00800880677659	2	2	T	G
N2_bayanus	0.0084665515081	1	668	T	C
N2_bayanus	0.00857759538325	2	615	A	G
N2_bayanus	0.00858804745248	2	75	C	T
N2_N3	0.000128727090509	2	477	C	T
N2_N3	0.000345886347774	2	492	T	C
N2_N3	0.000533424088641	1	347	C	T
N2_N3	0.00100821527425	2	367	T	C
N2_N3	0.00125435301468	2	50	C	T
N2_N3	0.00131940073284	1	615	G	A
N2_N3	0.00150387184741	2	669	G	C
N2_N3	0.00166862566185	2	20	T	C
N3_kudriavzevii	0.000317917052862	2	38	T	C
N3_kudriavzevii	0.000639442092902	2	150	T	C
N3_kudriavzevii	0.00119080459233	1	555	G	C
N3_kudriavzevii	0.00135865571023	2	118	C	T
N3_kudriavzevii	0.00149540038391	2	578	G	A
N3_kudriavzevii	0.00168975048591	1	42	G	A
N3_kudriavzevii	0.00251950087121	2	583	A	G
N3_kudriavzevii	0.00263805379768	2	612	G	A
N3_kudriavzevii	0.0029360646182	1	285	T	C
N3_kudriavzevii	0.00327907007958	2	23	G	A
N3_kudriavzevii	0.00337387952442	1	380	A	G
N3_kudriavzevii	0.00345766850106	1	180	G	A
N3_kudriavzevii	0.00356932660613	1	504	A	G
N3_kudriavzevii	0.00410486027383	2	489	G	A
N3_kudriavzevii	0.00430226817091	2	477	C	T
N3_kudriavzevii	0.00472864768259	2	325	G	A
N3_kudriavzevii	0.00499735357344	1	23	G	A
N3_kudriavzevii	0.00571772482325	1	477	C	T
N3_kudriavzevii	0.00585201544615	2	513	A	G
N3_kudriavzevii	0.00638804610392	2	492	C	T
N3_kudriavzevii	0.00645215288151	1	244	A	T
N3_N4	7.31044976514e-05	1	420	C	G
N3_N4	0.000102651453906	2	504	A	G
N3_N4	0.000452063482526	2	606	T	A
N3_N4	0.000508532069398	2	474	C	T
N3_N4	0.000527485398122	2	408	G	A
N3_N4	0.000630406159308	2	344	A	G
N3_N4	0.00122407635762	1	5	G	A
N4_mikatae	0.000150835263337	2	642	C	T
N4_mikatae	0.000721056724235	1	429	G	A
N4_mikatae	0.000949069976783	2	592	T	C
N4_mikatae	0.00150369256954	2	205	A	G
N4_mikatae	0.00157170919707	2	27	A	G
N4_mikatae	0.00258550706523	1	432	T	C
N4_mikatae	0.00298924917862	1	435	A	G
N4_mikatae	0.00319015943844	1	663	T	G
N4_mikatae	0.00325400184064	1	579	A	G
N4_mikatae	0.00351231372256	1	468	G	A
N4_mikatae	0.00411483473255	1	205	A	G
N4_mikatae	0.00459134567488	1	408	G	A
N4_mikatae	0.00507229625	1	549	C	T
N4_mikatae	0.00546004241178	2	285	T	C
N4_mikatae	0.00727875170635	2	495	T	C
N4_mikatae	0.0073206134072	1	639	T	C
N4_mikatae	0.0073733614885	1	382	A	G
N4_mikatae	0.0074257408005	1	406	A	G
N4_mikatae	0.00763995095214	2	666	C	T
N4_mikatae	0.00765651012077	1	26	G	A
N4_mikatae	0.00840315654939	2	108	C	T
N4_mikatae	0.00841253185254	1	362	T	G
N4_mikatae	0.00857672137817	2	217	C	A
N4_mikatae	0.00880054690972	2	582	G	A
N4_N5	6.54605447374e-05	2	540	G	A
N5_paradoxus	0.00102235574757	1	468	G	A
N5_paradoxus	0.00121165981097	2	50	T	G
N5_paradoxus	0.00154957903011	2	624	C	G
N5_paradoxus	0.00157885237949	2	258	C	T
N5_paradoxus	0.00200269946939	2	441	T	C
N5_paradoxus	0.00231881067227	2	636	C	T
N5_paradoxus	0.00287898165221	1	325	G	A
N5_paradoxus	0.00353496687029	2	32	A	G
N5_paradoxus	0.00361075990414	1	453	G	A
N5_cerevisiae	4.04421525628e-05	2	579	A	G
N5_cerevisiae	0.00144447413876	1	564	G	A
N5_cerevisiae	0.00166244398116	1	507	A	C
N5_cerevisiae	0.00230832281623	2	495	T	C
N5_cerevisiae	0.00305890786948	2	537	G	A
N5_cerevisiae	0.00306847706652	1	88	C	T
N5_cerevisiae	0.0034333526283	1	64	C	T
N5_cerevisiae	0.0035504080776	2	423	C	T
N5_cerevisiae	0.00382838319362	2	597	A	G
N5_cerevisiae	0.00411157004785	2	534	A	G
