edge	time	mut_orlg	mut_pos	old_state	new_state
N0_kluyveri	0.000161962783342	0	245	T	C
N0_kluyveri	0.000618136534829	0	107	T	A
N0_kluyveri	0.00100466622819	0	341	C	T
N0_kluyveri	0.0015210160666	0	428	G	A
N0_kluyveri	0.00208364617335	0	98	G	A
N0_kluyveri	0.00220434242103	0	136	A	G
N0_kluyveri	0.002854900075	0	92	A	G
N0_kluyveri	0.00311615523162	0	50	C	T
N0_kluyveri	0.0031336730142	0	194	C	T
N0_kluyveri	0.00321296860377	0	289	G	A
N0_kluyveri	0.00341176959807	0	392	G	A
N0_kluyveri	0.00355108431572	0	143	T	C
N0_kluyveri	0.00390314867605	0	383	G	A
N0_kluyveri	0.00527407457408	0	419	A	G
N0_kluyveri	0.00714732914324	0	380	T	C
N0_kluyveri	0.00775019098264	0	452	G	A
N0_kluyveri	0.00864472373587	0	271	G	A
N0_kluyveri	0.00910562632961	0	5	A	G
N0_kluyveri	0.009197644049	0	210	T	C
N0_kluyveri	0.00976572298653	0	311	G	A
N0_kluyveri	0.0100536023228	0	200	G	A
N0_kluyveri	0.0109185322621	0	416	T	C
N0_kluyveri	0.0119602479958	0	392	A	G
N0_kluyveri	0.0122729659018	0	425	A	G
N0_kluyveri	0.0124408153243	0	263	C	T
N0_kluyveri	0.0129302354212	0	179	C	T
N0_kluyveri	0.0133918372551	0	416	C	T
N0_D1	7.28175092104e-05	0	367	A	G
N0_D1	0.000446101310412	0	377	G	T
N0_D1	0.000896569674865	0	68	A	G
N0_D1	0.00141499686302	0	320	G	C
D1_N1	0.000891332732109	1	203	A	G
D1_N1	0.000942817773577	2	266	G	A
D1_N1	0.00163226305071	1	392	G	A
D1_N1	0.00163667326888	2	167	C	T
D1_N1	0.00215328466904	1	92	A	G
D1_N1	0.00230185758857	1	275	T	C
D1_N1	0.0024332342784	2	371	A	G
D1_N1	0.00305380654209	1	344	C	T
D1_N1	0.00343117808801	2	341	C	T
N1_castellii	0.000124397783683	1	365	A	G
N1_castellii	0.000181212924392	1	404	G	T
N1_castellii	0.000456273808202	1	20	C	T
N1_castellii	0.000464530270277	2	98	G	A
N1_castellii	0.00123637429026	1	434	C	A
N1_castellii	0.00130599960423	1	77	C	T
N1_castellii	0.0013214520684	1	444	C	T
N1_castellii	0.00146943350835	2	137	G	A
N1_castellii	0.00172707920409	1	224	A	G
N1_castellii	0.00181669088746	1	101	T	C
N1_castellii	0.002286391361	1	212	A	G
N1_castellii	0.00229077744449	2	192	A	G
N1_castellii	0.00271039916856	2	57	T	C
N1_castellii	0.00315458465986	2	254	T	C
N1_castellii	0.00366113181198	1	182	T	C
N1_castellii	0.00399665339625	1	288	T	C
N1_castellii	0.00405324240386	1	74	A	G
N1_castellii	0.0041955090085	2	23	T	C
N1_castellii	0.00449658782862	2	467	C	T
N1_castellii	0.00451535472317	2	391	A	G
N1_castellii	0.00469652854243	1	122	A	G
N1_castellii	0.00516123715214	2	488	A	G
N1_castellii	0.00532507108072	1	2	G	A
N1_castellii	0.00541732726591	2	329	T	C
N1_castellii	0.00582623607856	2	416	T	A
N1_castellii	0.00601433698052	1	377	T	C
N1_castellii	0.00633919096115	1	191	T	G
N1_castellii	0.0064033831363	2	290	A	T
N1_castellii	0.00641925893115	1	362	T	C
N1_castellii	0.00684401308814	1	338	C	T
N1_castellii	0.00714779684426	2	215	T	C
N1_castellii	0.00718335308648	2	434	C	T
N1_castellii	0.00742152549167	2	347	T	C
N1_castellii	0.00746119137427	1	252	T	C
N1_castellii	0.00783493137043	2	188	A	G
N1_castellii	0.00783774849964	1	479	T	C
N1_castellii	0.00820292515061	1	193	C	G
N1_castellii	0.00841584064057	2	491	C	T
N1_castellii	0.00843308744822	2	311	G	A
N1_castellii	0.00923270269794	2	78	G	C
N1_castellii	0.0100378318716	1	332	A	G
N1_castellii	0.0101092231217	1	452	G	A
N1_castellii	0.0104417505286	1	150	T	C
N1_castellii	0.0104690980594	2	161	T	C
N1_castellii	0.0106473182402	1	107	T	C
N1_castellii	0.0107202854627	2	171	T	C
N1_castellii	0.0110002944598	2	131	T	C
N1_castellii	0.0112849235905	1	200	G	A
N1_castellii	0.0121954792583	1	203	G	A
N1_castellii	0.0122083339388	2	365	A	T
N1_castellii	0.0122492250403	1	464	T	C
N1_castellii	0.0123201353233	2	257	A	T
N1_castellii	0.012350411826	1	71	A	G
N1_castellii	0.0127213408152	2	83	G	C
N1_castellii	0.0127620734045	2	356	A	G
N1_castellii	0.0127681042484	2	302	C	T
N1_castellii	0.0129500692018	2	317	G	T
N1_N2	2.04437837132e-05	2	122	A	G
N1_N2	0.000210344366666	2	365	A	G
N1_N2	0.000244935028907	2	344	C	T
N1_N2	0.000407177676166	1	305	T	C
N1_N2	0.000455161993477	1	80	A	C
N1_N2	0.000458144245048	1	353	C	T
N1_N2	0.000652676544928	2	470	T	C
N1_N2	0.000799659467096	2	242	C	T
N1_N2	0.00106853655057	2	152	A	G
N1_N2	0.0012836084812	1	311	G	A
N1_N2	0.00131548273911	1	182	T	C
N1_N2	0.00178146451595	1	314	T	C
N1_N2	0.00178846654418	1	44	T	C
N1_N2	0.00192458362006	1	275	C	T
N1_N2	0.00197519706262	1	434	C	T
N1_N2	0.00203498009076	2	476	G	C
N1_N2	0.00228225406725	2	486	G	T
N1_N2	0.00230359499673	2	122	G	A
N1_N2	0.00246309935442	1	407	C	T
N1_N2	0.0024911041812	2	341	T	C
N1_N2	0.00250714170817	2	206	C	T
N1_N2	0.00265876126391	1	320	C	T
N1_N2	0.00287631955281	2	209	A	G
N1_N2	0.0029169125955	1	371	A	G
N1_N2	0.00296061355255	2	317	G	A
N1_N2	0.0030068796213	1	238	G	C
N1_N2	0.00408642406928	2	152	G	T
N1_N2	0.00431453068921	1	431	T	G
N1_N2	0.00454077579556	1	305	C	T
N1_N2	0.00476150889804	2	407	C	T
N1_N2	0.00524417511548	2	329	T	C
N1_N2	0.00566743247327	2	248	A	G
N1_N2	0.00591381598466	2	449	A	G
N1_N2	0.00600674701434	2	488	A	C
N1_N2	0.00603596381071	2	212	A	T
N1_N2	0.00620155748476	2	42	A	G
N1_N2	0.00728849854869	1	269	A	G
N1_N2	0.00747345162732	1	29	G	A
N1_N2	0.00775417914816	2	419	A	G
N1_N2	0.00786301403341	1	359	T	C
N1_N2	0.00806554688206	1	134	C	T
N1_N2	0.00812991084954	2	236	C	T
N1_N2	0.00814902779866	1	209	A	G
N1_N2	0.0082015789491	2	275	T	C
N1_N2	0.00832919762344	1	214	A	G
N1_N2	0.00869788373635	1	44	C	T
N1_N2	0.00882935333827	1	269	G	A
N1_N2	0.00882938069848	1	15	G	A
N1_N2	0.00936536072201	2	339	T	C
N1_N2	0.0100942370183	2	230	G	A
N1_N2	0.0102062834504	1	443	T	C
N1_N2	0.0103007002143	1	404	G	C
N1_N2	0.0109884623945	2	305	T	C
N1_N2	0.0111312986096	2	149	G	A
N1_N2	0.0112888169486	2	167	T	C
N1_N2	0.0113378535442	2	359	T	C
N1_N2	0.0114956756462	1	56	T	C
N1_N2	0.0116787532462	2	278	T	C
N1_N2	0.01185950427	1	86	T	C
N1_N2	0.0120902931132	1	95	T	G
N1_N2	0.0123178549979	2	137	G	C
N1_N2	0.012409282116	2	47	T	C
N1_N2	0.0124275091515	1	80	C	T
N1_N2	0.0127146384589	2	338	C	T
N1_N2	0.0127924673995	2	179	C	T
N1_N2	0.012848652247	2	80	C	T
N1_N2	0.0137161576777	1	41	T	C
N1_N2	0.0139671174561	2	2	G	A
N1_N2	0.0141050653694	2	419	G	T
N1_N2	0.0153106330815	2	342	G	A
N1_N2	0.0155814475972	1	155	A	G
N1_N2	0.0156282774026	1	287	G	A
N1_N2	0.0156371222324	2	428	G	A
N1_N2	0.0156945690246	2	473	C	T
N2_bayanus	0.000287609169923	2	32	G	A
N2_bayanus	0.000396261115595	1	482	C	T
N2_bayanus	0.000637454191071	2	296	A	G
N2_bayanus	0.000661267156242	1	335	A	C
N2_bayanus	0.00069660510788	1	230	G	A
N2_bayanus	0.00080866782411	2	23	T	C
N2_bayanus	0.000838213737908	1	161	T	C
N2_bayanus	0.00114803426976	1	317	G	A
N2_bayanus	0.00128069951375	2	50	C	T
N2_bayanus	0.0016965650293	2	293	G	A
N2_N3	0.000202660066398	2	215	T	C
N2_N3	0.000218438723641	2	62	T	C
N2_N3	0.000586651619379	2	374	T	C
N2_N3	0.000610054454809	2	476	C	T
N2_N3	0.000960121938437	1	59	C	T
N2_N3	0.00106955270596	1	137	G	A
N2_N3	0.00133076868043	2	404	G	A
N3_kudriavzevii	0.000108904363076	2	224	A	G
N3_kudriavzevii	0.000389097601595	2	383	G	A
N3_kudriavzevii	0.0003958759261	2	351	G	T
N3_kudriavzevii	0.00072417799094	1	134	T	A
N3_kudriavzevii	0.00083310760474	1	398	T	C
N3_kudriavzevii	0.000963534233656	1	272	G	A
N3_kudriavzevii	0.00137958245533	2	335	A	G
N3_kudriavzevii	0.00143442411004	2	77	C	T
N3_kudriavzevii	0.00208060188968	1	189	G	A
N3_kudriavzevii	0.00208108490493	1	86	C	T
N3_kudriavzevii	0.00271382715773	2	342	A	G
N3_kudriavzevii	0.00275178710699	1	320	T	C
N3_kudriavzevii	0.00276645048361	1	329	T	G
N3_kudriavzevii	0.00289843580365	1	491	C	T
N3_kudriavzevii	0.00303459027639	2	5	A	G
N3_kudriavzevii	0.00356174770508	2	428	A	G
N3_kudriavzevii	0.00356769168284	2	104	A	G
N3_kudriavzevii	0.00370537717289	2	209	G	T
N3_kudriavzevii	0.00382611308842	2	29	G	A
N3_kudriavzevii	0.00402398716075	2	438	T	C
N3_kudriavzevii	0.0040424534708	2	20	C	T
N3_kudriavzevii	0.00416663679267	2	269	A	T
N3_kudriavzevii	0.00421122519623	1	491	C	T
N3_kudriavzevii	0.00465142008315	2	104	G	A
N3_kudriavzevii	0.00465993357416	2	74	A	G
N3_kudriavzevii	0.00495362774768	1	362	T	C
N3_kudriavzevii	0.00536543428886	1	98	G	A
N3_kudriavzevii	0.00588340309869	2	318	G	A
N3_kudriavzevii	0.0059139083005	2	92	G	T
N3_N4	1.18237910739e-05	2	77	C	A
N3_N4	0.000104048544026	2	487	T	C
N3_N4	0.000631439863208	2	374	C	T
N3_N4	0.00072798793472	1	185	G	A
N3_N4	0.000986047588281	2	68	G	A
N3_N4	0.0010908898348	2	332	A	G
N3_N4	0.00137688954535	2	404	A	G
N3_N4	0.00187728964726	1	14	A	G
N3_N4	0.00198460395774	1	80	T	C
N4_mikatae	6.97727895651e-07	2	155	G	A
N4_mikatae	0.000132777043012	1	236	C	T
N4_mikatae	0.000178593818413	1	473	C	T
N4_mikatae	0.000421474940091	1	218	C	T
N4_mikatae	0.000925030656938	1	178	T	A
N4_mikatae	0.00102175882899	2	164	A	G
N4_mikatae	0.00117837365898	2	218	C	T
N4_mikatae	0.00130742975513	1	15	A	G
N4_mikatae	0.00142829823135	1	158	G	T
N4_mikatae	0.00210304458901	2	266	A	T
N4_mikatae	0.00229889055025	1	323	A	G
N4_mikatae	0.00251651584839	2	383	G	T
N4_mikatae	0.003065089925	1	17	A	G
N4_mikatae	0.00314069530393	1	158	T	C
N4_mikatae	0.00366457963883	1	143	T	C
N4_mikatae	0.00382971280503	2	272	G	A
N4_mikatae	0.00403588018868	1	315	A	G
N4_mikatae	0.00407397584314	1	134	T	C
N4_N5	0.000156247756223	1	338	C	T
N4_N5	0.000158392656128	2	416	T	A
N4_N5	0.000277718813641	2	24	T	G
N4_N5	0.000281194615305	1	107	T	A
N4_N5	0.000557914335326	2	470	C	T
N4_N5	0.00102686694858	2	53	T	C
N4_N5	0.00107200498828	1	314	C	T
N4_N5	0.00148593278769	1	410	T	C
N4_N5	0.00165009297095	1	347	T	C
N5_paradoxus	0.000110895075378	2	387	A	G
N5_paradoxus	0.000682865542098	1	290	A	G
N5_paradoxus	0.000685727196452	2	248	G	A
N5_paradoxus	0.000843372657564	2	410	T	C
N5_paradoxus	0.000918523339873	1	200	G	A
N5_paradoxus	0.000958837887649	2	371	G	A
N5_paradoxus	0.00132609180771	2	428	A	G
N5_cerevisiae	8.65942333975e-05	2	126	C	A
N5_cerevisiae	0.000653315089296	1	233	G	A
N5_cerevisiae	0.00139915808877	2	74	A	G
N5_cerevisiae	0.00158924385715	1	251	T	C
N5_cerevisiae	0.00158930809263	2	230	G	A
N5_cerevisiae	0.00172388316461	1	236	C	T
N5_cerevisiae	0.00196452403218	2	89	A	T
N5_cerevisiae	0.00197189616365	1	416	T	C
N5_cerevisiae	0.00214105148975	1	332	A	G
N5_cerevisiae	0.00260436342913	2	65	C	T
N5_cerevisiae	0.00321498522943	2	98	G	T
N5_cerevisiae	0.00327908420459	1	197	A	G
N5_cerevisiae	0.00328528668137	2	392	G	A
N5_cerevisiae	0.0036104599594	1	317	G	A
N5_cerevisiae	0.00363204711278	1	185	A	G
N5_cerevisiae	0.00419392972869	1	197	G	A
