edge	time	mut_orlg	mut_pos	old_state	new_state
D1_N1	0.00953313803633	2	1	TTA	TTG
D1_N1	0.0129277013442	2	125	TCA	TCG
D1_N1	0.015162195957	2	58	CAG	CAA
D1_N1	0.020412311959	2	21	TTT	TTC
D1_N1	0.0214051891372	2	37	TCT	TCC
D1_N1	0.0238359613801	2	62	TTA	TTG
D1_N1	0.0243144324423	1	78	CAC	GAC
D1_N1	0.0280811837507	2	2	GAT	GAC
D1_N1	0.0398039243125	2	26	CGG	CGA
D1_N1	0.0425974294272	2	15	ATC	ATT
D1_N1	0.0530554318086	1	66	ATC	ATT
D1_N1	0.0535299864968	1	66	ATT	ATC
D1_N1	0.0536277692583	2	112	TGC	TGT
D1_N1	0.0570269977109	1	141	TCA	TCC
D1_N1	0.0576158868434	1	145	ATC	ATT
D1_N1	0.0613949629471	2	120	CAA	CAG
D1_N1	0.0649680904914	1	149	GCC	GCT
D1_N1	0.0655537403262	2	37	TCC	TCT
D1_N1	0.065610753909	1	111	CTA	CTG
D1_N1	0.0721224321293	2	69	GAA	GAG
D1_N1	0.0729557260148	2	76	AGA	AGG
D1_N1	0.0747774199373	2	25	CAG	CAA
D1_N1	0.0750557987356	1	18	CGT	CGC
D1_N1	0.0756361657504	2	124	AAT	AAC
D1_N1	0.0824438596339	1	7	TCA	TCT
D1_N1	0.0872674457102	1	117	CCC	CCT
D1_N1	0.0900082854605	1	134	AGG	AGA
D1_N1	0.091240993372	2	146	TTA	CTA
D1_N1	0.0924891016694	2	57	CGA	AGA
D1_N1	0.0982172808879	2	50	CGA	CGT
D1_N1	0.100248147065	1	40	GAG	GAA
D1_N1	0.101114985788	1	36	AGC	AAC
D1_N1	0.101495526902	1	19	ACG	ACA
D1_N1	0.105585456188	2	64	AAT	AAC
D1_N1	0.106782395509	2	81	TGC	TGT
D1_N1	0.107006642997	1	63	CTC	CTT
D1_N1	0.109696353374	2	135	CCA	CCG
D1_N1	0.110883288362	1	22	TTA	CTA
D1_N1	0.123002633165	2	125	TCG	TCA
D1_N1	0.123262787542	2	7	TCA	TCG
D1_N1	0.144370122744	2	66	ATC	ATT
D1_N1	0.145249481827	1	37	TCT	TCC
D1_N1	0.149271532617	2	41	CCG	CCA
D1_N1	0.1597867824	2	78	CAC	CAT
D1_N1	0.16285643447	2	75	GTG	GTA
D1_N1	0.164866843634	2	98	CTA	CTG
D1_N1	0.16574562446	2	148	TTG	CTG
D1_N1	0.166761334004	1	152	TAC	TAT
D1_N1	0.175530408715	2	122	CCC	TCC
D1_N1	0.179485940044	2	104	GCG	GCA
D1_N1	0.181556345821	2	29	GGT	GGC
D1_N1	0.182632862507	1	115	AGA	AGG
D1_N1	0.187884999964	2	89	CTT	GTT
D1_N1	0.191855621788	2	37	TCT	TCC
D1_N1	0.195450975735	1	99	AAT	AAC
D1_N1	0.200731497124	1	70	ATA	ATC
D1_N1	0.201104623934	2	151	AAG	AAA
D1_N1	0.201451337326	1	98	CTA	CTG
D1_N1	0.203758997377	2	105	GTA	GTG
D1_N1	0.206230487725	1	63	CTT	CTC
D1_N1	0.20737825938	2	119	CCG	CCA
D1_N1	0.21039676591	2	120	CAA	CAG
D1_N1	0.211918938458	2	67	AAA	AAG
D1_N1	0.21224064576	2	130	AGA	AGT
N1_castellii	0.00196447628971	1	140	GAT	GAC
N1_castellii	0.00246435788173	1	48	AAC	AAT
N1_castellii	0.00541498069954	1	27	CAT	CAC
N1_castellii	0.00707718204229	2	144	GAT	GAC
N1_castellii	0.00925779239426	1	141	TCC	TCG
N1_castellii	0.0112229609269	1	57	CGA	AGA
N1_castellii	0.014462580135	1	163	TTT	TTC
N1_castellii	0.0215440978717	1	103	TTT	TTC
N1_castellii	0.0274416232765	2	10	TCC	TCT
N1_castellii	0.0284654049616	2	33	GGA	GGT
N1_castellii	0.030548417007	2	73	GAC	GAT
N1_castellii	0.0356088943221	1	18	CGC	CGT
N1_castellii	0.0409285881187	2	132	TTT	TTC
N1_castellii	0.0443693642793	2	69	GAG	GAA
N1_castellii	0.0467226042559	2	22	TTA	TTG
N1_castellii	0.0523922574047	2	111	CTG	CTA
N1_castellii	0.0580255843965	2	15	ATT	ATC
N1_castellii	0.0630393385604	2	116	GGA	GGG
N1_castellii	0.0633780452346	1	22	CTA	TTA
N1_castellii	0.0716988683988	1	77	GTT	GTC
N1_castellii	0.0719576782744	1	147	CCC	CCT
N1_castellii	0.0729709781213	1	11	AGA	AGG
N1_castellii	0.0752359863442	2	95	CCC	CCG
N1_castellii	0.0754071792937	2	79	CGC	CGT
N1_castellii	0.0796470082877	1	5	CGG	CGA
N1_castellii	0.0810495931908	1	115	AGG	AGA
N1_castellii	0.0818389803719	1	102	ACG	ACA
N1_castellii	0.0818833438702	1	25	CAG	CAA
N1_castellii	0.0953174965282	1	115	AGA	CGA
N1_castellii	0.0969998018601	2	110	TTA	CTA
N1_castellii	0.101541178816	2	1	TTG	TTA
N1_castellii	0.103060399862	1	66	ATC	ATT
N1_castellii	0.104201797149	1	50	CGA	CGG
N1_castellii	0.105504706541	2	6	AAC	AAT
N1_castellii	0.109864906488	1	10	TCC	TCT
N1_castellii	0.111394646759	1	19	ACA	ACG
N1_castellii	0.11229973062	1	142	TCT	TCC
N1_castellii	0.114129595663	2	131	TTC	TCC
N1_castellii	0.118491049634	2	121	ACT	ACC
N1_castellii	0.128098451185	1	163	TTC	TTT
N1_castellii	0.13106369895	2	153	GGA	GGG
N1_castellii	0.13238512553	2	103	TTC	TTT
N1_castellii	0.137117022774	2	154	CTG	CTA
N1_castellii	0.137389941841	2	72	GTG	GTT
N1_castellii	0.143345467002	2	62	TTA	CTA
N1_castellii	0.149704527712	2	136	GAA	GAG
N1_castellii	0.152973010981	2	58	CAG	CAA
N1_castellii	0.154330541853	2	60	GGT	GGA
N1_castellii	0.157654345849	2	92	GAT	TAT
N1_castellii	0.157791819617	2	163	TTC	TTT
N1_castellii	0.158867178125	1	127	CTC	CTT
N1_castellii	0.165556254805	2	57	AGA	AGG
N1_castellii	0.166901377119	1	85	AAA	AAG
N1_castellii	0.168462155308	2	148	TTG	CTG
N1_castellii	0.170640183806	2	78	GAC	GAT
N1_castellii	0.173751565579	2	152	TAT	TAC
N1_castellii	0.175230526713	2	55	TCT	TCC
N1_castellii	0.177838299453	2	19	ACG	ACA
N1_castellii	0.178317565055	1	43	CAC	CAT
N1_N2	0.00263562462018	2	156	TCT	TCG
N1_N2	0.00509361533007	1	41	CCG	CCA
N1_N2	0.0100017226457	2	48	AAC	AAT
N1_N2	0.0212828893083	2	116	GGA	GGG
N1_N2	0.0264479473971	2	105	GTG	GTA
N1_N2	0.0276113325818	1	104	GCG	GCA
N1_N2	0.0364559733878	1	38	CTA	CTG
N1_N2	0.0399424812744	2	154	CTG	CTC
N1_N2	0.0402039743826	2	80	TCC	TCT
N1_N2	0.0459871487229	2	143	GAT	GAC
N1_N2	0.0462180702439	1	82	TTT	TTC
N1_N2	0.0486162202704	1	79	CGC	CGT
N1_N2	0.0493593336781	1	82	TTC	TTT
N1_N2	0.0501085231923	1	95	CCC	TCC
N1_N2	0.050986633842	2	103	TTT	TTC
N1_N2	0.0564222642588	1	10	TCC	TCT
N1_N2	0.0597081575967	1	75	GTG	GTA
N1_N2	0.0667946161119	1	112	TGC	TGT
N1_N2	0.075402310717	1	41	CCA	CCG
N1_N2	0.0825695908533	2	88	GTA	GTC
N1_N2	0.0827413367968	1	10	TCT	TCC
N1_N2	0.0862317633443	1	80	TCC	TCT
N1_N2	0.0872540106708	1	17	TTA	CTA
N1_N2	0.093082117229	2	66	ATT	ATC
N1_N2	0.096819565368	1	146	TTA	CTA
N1_N2	0.0975699464401	1	5	CGG	CGA
N1_N2	0.102511432874	2	145	ATC	ATT
N1_N2	0.104684251803	1	21	TTT	TTC
N1_N2	0.109991604195	2	14	CCA	CCT
N1_N2	0.115219213195	1	142	TCT	TCC
N1_N2	0.126464109916	2	110	TTA	CTA
N1_N2	0.132330209405	1	47	CAA	CGA
N1_N2	0.133212491592	1	73	GAC	GAT
N1_N2	0.134057644773	1	38	CTG	CTA
N1_N2	0.136389536592	2	83	CCC	CCT
N1_N2	0.150867065391	2	103	TTC	TTT
N1_N2	0.155905641996	2	127	CTC	CTT
N1_N2	0.156095018961	1	35	GCT	ACT
N1_N2	0.161061362703	1	64	AAT	AAC
N1_N2	0.170917293395	2	83	CCT	CCC
N1_N2	0.172877456403	2	110	CTA	CTG
N1_N2	0.173867181588	1	128	TCG	TCA
N1_N2	0.174372417587	1	8	AGT	AGC
N1_N2	0.174466728858	2	115	AGA	AGG
N1_N2	0.178929157842	1	131	TTC	TTT
N1_N2	0.182048238003	2	109	TAT	TAC
N1_N2	0.182049108283	2	25	CAG	CGG
N1_N2	0.186540816206	2	98	CTG	TTG
N1_N2	0.186910044685	1	5	CGA	AGA
N1_N2	0.190302601855	2	155	ATA	GTA
N1_N2	0.198821718566	1	70	ATC	ATT
N1_N2	0.199096890219	2	28	AAC	AAT
N1_N2	0.199906047022	2	48	AAC	AAT
N1_N2	0.200969358226	2	30	TTC	TTT
N1_N2	0.201769538197	1	137	TAT	TAC
N1_N2	0.202810438405	2	8	AGT	AGC
N1_N2	0.203987766148	1	42	CTT	CTC
N1_N2	0.209512906526	2	145	ATT	GTT
N2_bayanus	0.00481320909108	1	95	TCC	TCT
N2_bayanus	0.0132122339002	1	114	TGT	TGC
N2_bayanus	0.0138221916633	2	69	GAA	GAG
N2_bayanus	0.0198930152516	1	104	GCA	GCG
N2_bayanus	0.025244402586	1	138	GTA	ATA
N2_bayanus	0.0277065504986	1	140	GAT	GAC
N2_N3	0.000526226965513	2	22	CTA	CTG
N2_N3	0.000698784441829	2	138	GTA	GTG
N2_N3	0.00164886423032	2	120	CAG	CAA
N2_N3	0.00586268176424	1	17	CTA	CTG
N2_N3	0.0140309484724	1	48	AAC	AAT
N2_N3	0.0160366340739	2	51	CAG	CAA
N2_N3	0.0171589816991	1	58	CAG	CAA
N2_N3	0.0217985389142	2	151	AAA	AAG
N2_N3	0.0227086230574	1	7	TCT	TCC
N2_N3	0.0233085234469	2	0	TGC	TCC
N3_kudriavzevii	0.000321232514488	2	90	TTT	TTC
N3_kudriavzevii	0.00274011444835	1	17	CTG	CTA
N3_kudriavzevii	0.00307817485012	1	151	AAG	AAA
N3_kudriavzevii	0.00455380813532	1	149	GCT	GCC
N3_kudriavzevii	0.0071471603556	2	79	CGT	CGC
N3_kudriavzevii	0.00949431026859	2	11	AGA	AGG
N3_kudriavzevii	0.0132607221278	1	111	CTG	TTG
N3_kudriavzevii	0.0136146494931	1	133	GCA	GCG
N3_kudriavzevii	0.0146409568942	2	94	ACA	ACG
N3_kudriavzevii	0.0195340875693	2	63	CTC	CTT
N3_kudriavzevii	0.0242801610296	1	79	CGT	CGC
N3_kudriavzevii	0.0247884372681	2	7	TCT	TCC
N3_kudriavzevii	0.0299066821235	1	43	CAC	CAT
N3_kudriavzevii	0.0302136554099	2	4	AAT	AAC
N3_kudriavzevii	0.0312881757881	2	7	TCC	TCA
N3_kudriavzevii	0.0320895658696	2	111	CTG	TTG
N3_kudriavzevii	0.0460078812759	2	148	CTG	TTG
N3_kudriavzevii	0.0471283579193	2	42	CTT	CTC
N3_kudriavzevii	0.0538208474102	1	129	AAA	AAG
N3_kudriavzevii	0.055243126484	1	97	ATT	ATC
N3_kudriavzevii	0.0583535768361	1	113	AAG	AAA
N3_kudriavzevii	0.0588283293671	1	72	GTG	GTT
N3_kudriavzevii	0.0595545901586	1	100	ATA	ATC
N3_kudriavzevii	0.0646856633378	1	146	CTA	TTA
N3_kudriavzevii	0.0659977896014	2	122	TCC	ACC
N3_kudriavzevii	0.0687647629366	2	129	AAA	AAG
N3_kudriavzevii	0.0761931276834	2	63	CTT	CCT
N3_kudriavzevii	0.0791028842783	1	31	TGT	TGC
N3_kudriavzevii	0.0798607276897	2	79	CGC	CGT
N3_kudriavzevii	0.080183113838	1	70	ATT	ATC
N3_kudriavzevii	0.0833068077021	1	126	TTT	TTC
N3_N4	0.00179730374918	2	43	CAC	CAT
N3_N4	0.00484634197424	2	99	AAC	AAT
N3_N4	0.00494238357938	1	103	TTT	TTC
N3_N4	0.0104535654109	1	93	GTG	GTA
N3_N4	0.011143222832	2	80	TCT	TTT
N3_N4	0.0128568349082	2	114	TGT	CGT
N3_N4	0.0159350279179	1	66	ATC	ATT
N3_N4	0.0223050175534	2	33	GGA	GGT
N3_N4	0.0231020127337	2	83	CCC	CCA
N4_mikatae	0.000579658691584	2	84	GAA	AAA
N4_mikatae	0.0012227937686	1	7	TCC	TCT
N4_mikatae	0.00427679120496	2	14	CCA	CCT
N4_mikatae	0.010084083248	1	76	AGA	AGG
N4_mikatae	0.0103446484348	2	10	TCC	TCT
N4_mikatae	0.0108156360481	1	38	CTA	TTA
N4_mikatae	0.0140830806148	2	74	TAC	TAT
N4_mikatae	0.0168195415235	1	162	CTC	CTT
N4_mikatae	0.0226373776087	2	41	CCG	CCA
N4_mikatae	0.0276776765732	2	1	TTG	TTA
N4_mikatae	0.0279683437579	1	1	TTA	CTA
N4_mikatae	0.0326086120068	1	18	CGC	CAC
N4_mikatae	0.0333879446661	2	96	CCA	CTA
N4_mikatae	0.0396251959858	1	16	ATG	ACG
N4_mikatae	0.0401795923657	1	11	AGA	AGG
N4_mikatae	0.0406788270225	1	18	CAC	CAT
N4_mikatae	0.044426946536	1	163	TTT	GTT
N4_mikatae	0.0491194759605	1	70	ATT	ATC
N4_mikatae	0.0506025295405	1	16	ACG	ACA
N4_mikatae	0.0511902911788	1	118	TAT	TAC
N4_mikatae	0.0513405942365	1	12	ATA	ATT
N4_mikatae	0.0539914453738	2	87	GTA	GTT
N4_mikatae	0.0567890239041	1	19	ACA	ACT
N4_N5	0.00220948523409	1	122	CCC	CCA
N4_N5	0.00396536652351	1	125	TCA	TCG
N4_N5	0.0046947584508	2	150	TTC	TTT
N4_N5	0.0063916215227	1	99	AAC	AAT
N4_N5	0.00874401644526	1	96	CCA	CTA
N4_N5	0.00983452249144	1	154	CTG	CCG
N4_N5	0.0119569573966	2	158	AAT	AAC
N4_N5	0.0131990705605	2	38	CTG	CTA
N4_N5	0.0170737604383	2	79	CGT	CGC
N4_N5	0.0187207703199	1	110	TTA	CTA
N4_N5	0.0190754915646	1	90	TTT	TTC
N4_N5	0.0205923236128	1	152	TAT	TAC
N5_paradoxus	0.00210772660322	1	0	TGC	TGT
N5_paradoxus	0.00410276623331	2	88	GTA	GTG
N5_paradoxus	0.00921979037477	1	77	GTT	GTC
N5_paradoxus	0.0160700322313	2	150	TTT	TTC
N5_paradoxus	0.0195211676473	1	22	CTA	TTA
N5_paradoxus	0.0196400847399	1	110	CTA	CTG
N5_paradoxus	0.021180681306	2	21	TTC	TTT
N5_cerevisiae	0.00185082918075	2	105	GTA	GTG
N5_cerevisiae	0.00429863111649	2	114	CGT	CGG
N5_cerevisiae	0.00443188389896	1	17	CTG	CCG
N5_cerevisiae	0.00586314011044	2	57	CGA	CGT
N5_cerevisiae	0.00642127956116	2	54	GAG	GAA
N5_cerevisiae	0.00756563797953	2	121	ACT	ACC
N5_cerevisiae	0.00878135647529	2	114	CGG	CGC
N5_cerevisiae	0.0120584163242	2	52	GAC	GAT
N5_cerevisiae	0.0148088631878	1	111	CTG	TTG
N5_cerevisiae	0.0165750342819	1	23	GTA	GTC
N5_cerevisiae	0.0169773117792	2	110	CTG	TTG
N5_cerevisiae	0.0217275919878	1	98	CTG	TTG
N5_cerevisiae	0.02245101213	2	99	AAT	GAT
N5_cerevisiae	0.0234573255191	1	61	AGA	CGA
N5_cerevisiae	0.0275594911101	1	123	ACG	ACA
N5_cerevisiae	0.0303182483534	1	32	CGA	CGG
N5_cerevisiae	0.0317732093816	1	95	TCC	TCT
N5_cerevisiae	0.0433413356692	2	79	CGC	CGA
N5_cerevisiae	0.046791163981	1	123	ACA	ACG
N5_cerevisiae	0.0495761217718	1	138	GTA	GTG
N5_cerevisiae	0.0541918496302	2	93	GTG	GTA
N5_cerevisiae	0.0550094014569	1	138	GTG	GTA
N5_cerevisiae	0.0575193093967	2	80	TTT	TTC
