edge	time	mut_orlg	mut_pos	old_state	new_state
N0_kluyveri	0.00127457433104	0	517	A	G
N0_kluyveri	0.00186359248371	0	21	A	G
N0_kluyveri	0.00349179126646	0	369	A	G
N0_kluyveri	0.00390863266683	0	444	G	T
N0_kluyveri	0.0050312981387	0	30	G	A
N0_kluyveri	0.00563786091675	0	723	C	G
N0_kluyveri	0.0061050424416	0	612	T	C
N0_kluyveri	0.00670947297915	0	609	G	A
N0_D1	3.4515068682e-05	0	789	T	C
N0_D1	9.39352697301e-05	0	699	A	G
D1_N1	0.000120990557004	2	381	T	G
D1_N1	0.000202980419548	2	564	C	T
D1_N1	0.000577900674745	2	783	G	A
D1_N1	0.000766878917955	2	726	A	G
D1_N1	0.00122199005943	1	696	T	A
D1_N1	0.00180480014517	2	81	A	T
D1_N1	0.00186171071127	1	519	G	C
D1_N1	0.00194389253155	1	510	A	G
D1_N1	0.00223166762077	2	753	G	C
D1_N1	0.00286748113645	2	603	T	G
D1_N1	0.00292253369191	2	292	C	T
D1_N1	0.00295918447171	1	718	C	T
D1_N1	0.00388343478715	1	639	C	A
D1_N1	0.00453394828855	1	513	C	T
D1_N1	0.0047025589612	2	277	C	T
D1_N1	0.00513103251679	1	343	G	C
D1_N1	0.00667543585105	1	630	G	A
D1_N1	0.00670875485773	2	758	A	G
D1_N1	0.00717921476656	1	32	T	C
D1_N1	0.00732893193476	2	468	T	C
D1_N1	0.00765473244875	2	495	A	C
D1_N1	0.00767597306785	2	587	T	C
D1_N1	0.00772292873664	1	811	G	T
D1_N1	0.00819841073337	1	499	G	T
D1_N1	0.00917739920478	2	676	T	C
D1_N1	0.00922562290469	1	528	T	G
D1_N1	0.00940793444018	2	600	A	T
D1_N1	0.00964836614872	2	522	T	C
N1_castellii	0.00160889020672	1	112	A	G
N1_castellii	0.00223709432781	2	528	T	G
N1_castellii	0.00248420756734	2	465	A	G
N1_castellii	0.00258086497022	2	813	C	T
N1_castellii	0.00260995073215	2	678	T	C
N1_castellii	0.00293360041514	1	663	T	A
N1_castellii	0.00297316643929	2	468	C	A
N1_castellii	0.00331342498909	2	765	A	G
N1_castellii	0.00348358690953	2	654	G	A
N1_castellii	0.00373866902249	1	678	T	C
N1_castellii	0.00462144449424	1	588	C	T
N1_castellii	0.00470162046787	1	853	A	C
N1_castellii	0.00573541311896	1	462	G	A
N1_castellii	0.00579616590437	1	281	C	A
N1_castellii	0.00597403974024	1	459	C	T
N1_castellii	0.00606144432338	1	453	C	T
N1_castellii	0.00634229637239	2	544	A	G
N1_castellii	0.00742637405023	2	844	G	A
N1_castellii	0.0076296236418	1	720	G	A
N1_castellii	0.00853757204943	2	680	A	C
N1_castellii	0.00881602557739	1	717	G	A
N1_castellii	0.009410609232	1	736	G	C
N1_castellii	0.00948527207512	1	525	A	G
N1_castellii	0.00969634174803	1	180	T	C
N1_castellii	0.00974056506216	2	435	G	A
N1_N2	0.000205445951595	2	660	C	G
N1_N2	0.000543384617431	1	233	T	C
N1_N2	0.00126362442153	2	281	C	T
N1_N2	0.00172991997711	2	552	C	T
N1_N2	0.00194841226845	2	28	G	A
N1_N2	0.00229482936174	1	612	T	A
N1_N2	0.00307480188512	2	772	A	G
N1_N2	0.00330736380698	1	714	G	A
N1_N2	0.00343039803029	2	555	G	T
N1_N2	0.00421937929607	2	798	C	T
N1_N2	0.0043983415623	2	175	C	T
N1_N2	0.00461122439299	1	828	A	G
N1_N2	0.00486788025771	1	154	A	G
N1_N2	0.00498630411138	1	630	A	G
N1_N2	0.00573112385681	2	588	C	A
N1_N2	0.00574103804992	2	45	C	T
N1_N2	0.00625050565716	2	777	G	A
N1_N2	0.00643308101089	1	816	C	T
N1_N2	0.00647705741948	2	363	A	G
N1_N2	0.0081138912365	1	777	G	C
N1_N2	0.00811932954645	2	805	G	A
N1_N2	0.00845026352468	1	795	A	G
N1_N2	0.0084778765154	2	813	C	T
N1_N2	0.00879929496862	2	318	G	A
N1_N2	0.0089268080843	1	459	C	T
N1_N2	0.00899913063033	2	504	C	T
N2_bayanus	0.000850077000718	2	483	G	A
N2_bayanus	0.000851617978534	2	492	G	A
N2_bayanus	0.00125640513962	1	837	G	A
N2_bayanus	0.0016666693245	1	339	T	C
N2_bayanus	0.00238316822733	1	708	A	G
N2_bayanus	0.00245705912832	1	259	T	C
N2_bayanus	0.00296218910614	2	699	G	A
N2_bayanus	0.0030107078579	2	646	A	G
N2_bayanus	0.00307184280199	2	774	G	A
N2_bayanus	0.00367029213702	2	507	C	T
N2_bayanus	0.00370609608205	1	220	G	A
N2_bayanus	0.00530481721975	2	498	C	G
N2_bayanus	0.00567208962499	2	447	T	G
N2_bayanus	0.0066658986446	1	850	T	C
N2_bayanus	0.00709330672863	2	821	T	C
N2_bayanus	0.00731574607653	1	768	A	T
N2_bayanus	0.00734126141748	1	528	G	A
N2_bayanus	0.0074469168081	1	639	A	C
N2_bayanus	0.00837476940354	2	511	A	G
N2_bayanus	0.00841737254103	2	720	G	A
N2_bayanus	0.00898656151515	2	155	C	T
N2_bayanus	0.0094425183781	2	420	T	C
N2_bayanus	0.00985730733272	1	423	T	C
N2_N3	3.32882432206e-05	2	83	T	C
N2_N3	0.000166243769047	2	202	T	G
N2_N3	0.00105135656372	2	703	T	A
N2_N3	0.00130292753951	1	678	T	C
N2_N3	0.00197917463977	2	666	C	T
N2_N3	0.00205707539347	1	624	A	G
N2_N3	0.00307730804726	1	273	G	T
N2_N3	0.00313680124856	1	45	C	T
N2_N3	0.0033942741664	1	813	C	G
N2_N3	0.00353837974674	2	12	C	T
N2_N3	0.00413303592674	1	624	G	A
N2_N3	0.0041621323418	1	383	T	G
N2_N3	0.00417276995052	2	261	T	C
N2_N3	0.00452361526036	2	762	G	T
N2_N3	0.00454129902794	1	178	T	A
N2_N3	0.00629400253203	2	405	G	A
N2_N3	0.00644854551454	2	432	C	G
N2_N3	0.00684702242871	2	624	A	G
N2_N3	0.00688432336161	1	516	T	G
N2_N3	0.00725861126222	2	294	G	C
N2_N3	0.00785418398478	1	624	A	G
N2_N3	0.00833055219124	1	126	G	T
N2_N3	0.00837594672604	2	744	C	A
N2_N3	0.00848987173344	2	762	T	C
N2_N3	0.00915570367063	1	192	T	C
N3_kudriavzevii	0.000601383608787	2	601	T	C
N3_kudriavzevii	0.000636258214753	2	707	G	A
N3_kudriavzevii	0.000660582006144	1	255	T	C
N3_kudriavzevii	0.00114400824	2	785	A	G
N3_kudriavzevii	0.00135244236175	1	537	C	T
N3_kudriavzevii	0.00179658231207	2	705	G	A
N3_kudriavzevii	0.00288974523252	1	399	A	C
N3_kudriavzevii	0.00306172589513	2	464	G	A
N3_kudriavzevii	0.00317006529629	2	510	A	C
N3_kudriavzevii	0.00389639120558	2	621	A	T
N3_kudriavzevii	0.00426166230865	2	162	A	T
N3_kudriavzevii	0.00465428086457	2	648	A	G
N3_kudriavzevii	0.00472098321816	1	158	C	G
N3_kudriavzevii	0.00527453756386	2	633	G	A
N3_kudriavzevii	0.00535435014187	1	768	A	G
N3_kudriavzevii	0.00557370993157	1	423	T	C
N3_kudriavzevii	0.0061295816421	1	241	C	T
N3_kudriavzevii	0.00618525969875	2	166	C	T
N3_kudriavzevii	0.00651550518396	2	816	C	A
N3_kudriavzevii	0.00671195193001	2	128	G	A
N3_kudriavzevii	0.00683992706285	2	239	G	T
N3_kudriavzevii	0.0074287102474	1	177	T	G
N3_kudriavzevii	0.00805155013377	1	433	A	G
N3_kudriavzevii	0.00850130791399	1	34	T	C
N3_kudriavzevii	0.00883366370955	1	795	G	A
N3_kudriavzevii	0.00886366978567	1	263	A	G
N3_N4	0.000182445754278	1	495	A	G
N3_N4	0.000441685402697	1	798	C	T
N3_N4	0.000903610502526	2	2	T	C
N3_N4	0.00188198446006	2	831	G	A
N3_N4	0.001884222857	1	690	C	T
N3_N4	0.00240499571224	1	852	T	C
N3_N4	0.00247736568395	1	513	T	C
N3_N4	0.00278517588238	2	392	A	G
N3_N4	0.0036677980635	2	624	G	A
N3_N4	0.00385461274572	2	468	C	T
N3_N4	0.00428582718179	2	546	C	A
N3_N4	0.00444584942313	2	504	T	A
N3_N4	0.00494672606626	1	666	C	A
N3_N4	0.00529460088805	1	391	T	C
N3_N4	0.00585170855856	2	471	C	T
N3_N4	0.00619385759188	1	423	T	C
N3_N4	0.00623521747729	1	804	G	A
N3_N4	0.00676601217901	2	531	A	T
N3_N4	0.00743323612315	1	837	G	C
N3_N4	0.00852041361833	2	411	T	G
N3_N4	0.00865307153871	2	528	T	C
N3_N4	0.00883077376506	1	855	C	T
N3_N4	0.00891452040376	1	600	A	G
N3_N4	0.00902316203865	1	17	A	C
N3_N4	0.00903131173823	1	852	C	G
N3_N4	0.00938565621839	2	636	G	A
N3_N4	0.00944821386615	1	437	C	T
N3_N4	0.00966457074681	2	576	G	C
N3_N4	0.00969206876277	1	278	T	G
N3_N4	0.00986959646777	2	831	A	G
N3_N4	0.00993366387866	2	227	A	C
N4_mikatae	0.000240207013952	1	444	G	C
N4_mikatae	0.000253898383994	1	802	T	A
N4_mikatae	0.000408649761249	2	667	A	C
N4_mikatae	0.000874303183952	1	597	G	A
N4_mikatae	0.000932661403154	2	119	C	A
N4_mikatae	0.00131251196596	2	297	T	C
N4_mikatae	0.00220990309965	2	456	G	C
N4_mikatae	0.00223481124735	1	837	C	T
N4_mikatae	0.00248933218956	2	834	A	G
N4_mikatae	0.00262772924502	1	94	T	C
N4_mikatae	0.00264712478276	2	588	A	G
N4_mikatae	0.0026619454512	2	823	A	G
N4_mikatae	0.00271809004245	2	610	C	T
N4_mikatae	0.00277405439448	2	559	T	C
N4_mikatae	0.00401106434256	2	627	T	C
N4_mikatae	0.00408400930936	2	507	C	T
N4_mikatae	0.00413696625283	1	514	C	G
N4_mikatae	0.00461726157318	1	50	T	C
N4_mikatae	0.00463360933253	2	181	T	C
N4_mikatae	0.00534030338333	2	681	T	C
N4_mikatae	0.00566758058902	1	624	G	A
N4_mikatae	0.00621664165628	1	80	A	G
N4_mikatae	0.00667476363507	1	678	C	T
N4_mikatae	0.00667774137387	2	5	T	A
N4_mikatae	0.00686843765208	2	451	C	T
N4_mikatae	0.00692676651004	1	404	G	A
N4_mikatae	0.00730201089021	1	862	T	C
N4_mikatae	0.00743784893406	2	79	G	A
N4_mikatae	0.00782053514295	1	579	G	A
N4_mikatae	0.00852501998014	2	639	C	T
N4_mikatae	0.00901072352048	1	408	G	C
N4_mikatae	0.00913731923315	1	849	C	G
N4_mikatae	0.00937323101688	1	549	A	G
N4_N5	0.000101639056183	2	757	G	A
N4_N5	0.000788856306308	2	558	G	A
N4_N5	0.000910006237488	2	624	A	G
N4_N5	0.00113997617243	2	816	C	G
N4_N5	0.00171805318419	1	132	C	A
N4_N5	0.00201203593417	1	510	G	C
N4_N5	0.0020140103066	2	429	C	G
N4_N5	0.00222464006223	2	301	A	T
N4_N5	0.00223908090114	1	768	A	T
N4_N5	0.00285364769781	1	354	G	A
N4_N5	0.00316435072879	2	750	A	G
N4_N5	0.00377144054939	2	432	G	T
N4_N5	0.00407535258546	1	247	C	T
N4_N5	0.0041356475444	1	534	C	T
N4_N5	0.00448269864226	2	671	A	G
N4_N5	0.00482136637492	1	399	A	T
N4_N5	0.0054646002755	2	345	C	T
N4_N5	0.0074413023975	2	525	A	G
N4_N5	0.00755245846335	2	615	A	T
N4_N5	0.00761670868105	1	408	G	C
N4_N5	0.00797159696591	1	417	A	G
N4_N5	0.00797825176668	1	92	C	T
N4_N5	0.00834817615188	2	851	A	G
N4_N5	0.00835917704171	1	465	A	G
N4_N5	0.00860129467771	1	513	C	G
N4_N5	0.00882181383103	2	265	C	T
N4_N5	0.00941957381326	1	660	C	T
N4_N5	0.00986818384648	1	553	G	A
N5_paradoxus	0.000352212950009	2	789	C	T
N5_paradoxus	0.000618616468266	1	358	A	G
N5_paradoxus	0.000939698592078	2	432	T	G
N5_paradoxus	0.00114407259624	2	405	A	G
N5_paradoxus	0.00166343272974	1	712	G	T
N5_paradoxus	0.00174245807097	2	375	A	G
N5_paradoxus	0.00284292756607	2	860	G	C
N5_paradoxus	0.00284946826609	2	655	A	G
N5_paradoxus	0.00291157815293	2	381	G	T
N5_paradoxus	0.00307841721744	1	683	A	C
N5_paradoxus	0.0032640557916	1	480	A	G
N5_paradoxus	0.00333801162035	1	60	A	G
N5_paradoxus	0.00419370638024	1	750	A	G
N5_paradoxus	0.00454662761352	1	850	T	A
N5_paradoxus	0.00511100040322	2	594	G	A
N5_paradoxus	0.00525537982599	2	759	T	G
N5_paradoxus	0.00545844981502	1	104	G	A
N5_paradoxus	0.00547362947099	2	757	A	G
N5_paradoxus	0.00603367779959	1	663	T	C
N5_paradoxus	0.00618320202283	1	666	A	C
N5_paradoxus	0.00644745402357	2	2	C	T
N5_paradoxus	0.00660357010314	1	417	G	T
N5_paradoxus	0.00660575351509	2	793	C	T
N5_paradoxus	0.00699765235812	1	456	G	A
N5_paradoxus	0.00738623259466	2	524	T	A
N5_paradoxus	0.00792309634699	1	480	G	C
N5_paradoxus	0.00827501991652	2	289	C	T
N5_paradoxus	0.00857632565837	2	468	T	C
N5_paradoxus	0.00858860160211	2	75	T	A
N5_paradoxus	0.00870331482461	2	560	G	C
N5_paradoxus	0.00871280951169	2	483	G	A
N5_paradoxus	0.00937587784862	2	746	C	G
N5_paradoxus	0.00951843481055	1	201	C	T
N5_paradoxus	0.00983628021755	1	16	A	G
N5_cerevisiae	0.00020532679732	1	188	A	G
N5_cerevisiae	0.000915065079784	1	441	T	C
N5_cerevisiae	0.000926862342237	2	633	G	A
N5_cerevisiae	0.00117918655093	1	253	A	G
N5_cerevisiae	0.00134118397595	2	858	C	T
N5_cerevisiae	0.00135957461711	1	821	T	C
N5_cerevisiae	0.00147445025526	2	705	G	C
N5_cerevisiae	0.00158626435568	2	609	G	A
N5_cerevisiae	0.00219473238193	1	847	A	G
N5_cerevisiae	0.00395053701144	2	692	C	G
N5_cerevisiae	0.00453742139732	2	676	C	T
N5_cerevisiae	0.00478112928208	1	816	T	C
N5_cerevisiae	0.00524719534827	2	738	T	C
N5_cerevisiae	0.00534686524131	1	684	A	G
N5_cerevisiae	0.00581649171248	1	624	G	C
N5_cerevisiae	0.00627201841683	2	402	A	G
N5_cerevisiae	0.00651611436804	1	747	T	C
N5_cerevisiae	0.00688662882995	2	780	A	G
N5_cerevisiae	0.00695298541858	1	510	C	T
N5_cerevisiae	0.00719726161733	1	675	T	G
N5_cerevisiae	0.00728268085496	1	507	C	T
N5_cerevisiae	0.00749861853309	1	818	G	A
N5_cerevisiae	0.00794525770317	2	408	G	A
N5_cerevisiae	0.00797870458025	2	268	G	T
N5_cerevisiae	0.00835499750649	2	142	T	G
N5_cerevisiae	0.0087944386027	1	639	A	G
N5_cerevisiae	0.0092964052276	2	153	C	A
N5_cerevisiae	0.00929964352368	1	77	G	A
