edge	time	orlg_from	orlg_to	tract_length	start_pos	stop_pos	num_diff	template_seq	overide_seq
D1_N1	0.00240134444523	2	1	1	656	656	0	A	A
D1_N1	0.00275722928468	2	1	1	185	185	0	T	T
D1_N1	0.00431926589253	2	1	1	926	926	0	T	T
D1_N1	0.00465711112938	2	1	1	1154	1154	0	T	T
D1_N1	0.00544083388714	2	1	1	112	112	0	C	C
D1_N1	0.0056453371945	1	2	1	1453	1453	0	G	G
D1_N1	0.00615619436143	1	2	1	762	762	0	G	G
D1_N1	0.00638766301331	1	2	1	408	408	0	G	G
D1_N1	0.0065356610716	1	2	1	1677	1677	0	C	C
D1_N1	0.00654638837201	1	2	1	384	384	0	A	A
D1_N1	0.00671165314384	2	1	1	1048	1048	0	A	A
D1_N1	0.00818594808688	1	2	1	29	29	0	T	T
D1_N1	0.00841683901244	2	1	1	117	117	0	C	C
D1_N1	0.00966249530271	1	2	1	1210	1210	0	C	C
D1_N1	0.00966869965559	2	1	1	1133	1133	0	T	T
D1_N1	0.00989923158788	2	1	1	1006	1006	0	A	A
D1_N1	0.0101908201524	1	2	1	48	48	0	T	T
D1_N1	0.0102808548437	1	2	1	647	647	0	A	A
D1_N1	0.0103308467571	2	1	1	701	701	0	A	A
D1_N1	0.0103921059162	2	1	1	1463	1463	0	A	A
D1_N1	0.0107133085995	2	1	1	161	161	0	T	T
D1_N1	0.010961709338	1	2	1	1341	1341	0	A	A
D1_N1	0.0112206338154	1	2	1	1131	1131	0	C	C
D1_N1	0.0120594562788	2	1	1	1037	1037	0	C	C
D1_N1	0.0134509007475	1	2	1	1184	1184	0	A	A
D1_N1	0.0140877761934	1	2	1	1060	1060	1	C	T
D1_N1	0.0144315371722	2	1	1	400	400	0	A	A
D1_N1	0.0147864388951	2	1	1	175	175	0	T	T
D1_N1	0.0153890947992	2	1	1	1699	1699	0	A	A
D1_N1	0.0165686656544	1	2	1	375	375	0	T	T
D1_N1	0.0182480584746	2	1	1	1606	1606	1	G	C
D1_N1	0.0183319441263	1	2	1	603	603	0	T	T
D1_N1	0.0192321048766	1	2	1	1360	1360	0	A	A
D1_N1	0.0193294817522	1	2	1	916	916	0	T	T
D1_N1	0.0194571672856	1	2	1	276	276	0	A	A
D1_N1	0.019723982484	2	1	1	1188	1188	0	T	T
D1_N1	0.0199951733836	2	1	1	1577	1577	0	A	A
D1_N1	0.0203514169924	2	1	1	468	468	0	A	A
D1_N1	0.0205152948729	2	1	1	1065	1065	0	T	T
D1_N1	0.0206847007942	1	2	1	689	689	0	G	G
D1_N1	0.0215146759253	1	2	1	977	977	0	G	G
D1_N1	0.0217091981273	2	1	1	15	15	0	C	C
D1_N1	0.0217395880048	2	1	1	1130	1130	0	T	T
D1_N1	0.0217968223644	2	1	1	985	985	0	G	G
D1_N1	0.0220703594941	1	2	1	1274	1274	0	T	T
D1_N1	0.0225041805307	1	2	1	769	769	0	C	C
D1_N1	0.0226089094376	1	2	1	562	562	0	C	C
D1_N1	0.0236632511958	2	1	1	1518	1518	1	T	G
D1_N1	0.0248777309165	2	1	1	243	243	0	A	A
D1_N1	0.0256443173909	1	2	1	472	472	0	C	C
D1_N1	0.025877958838	1	2	1	256	256	0	A	A
D1_N1	0.0263316047855	2	1	1	1473	1473	0	G	G
D1_N1	0.0263744703088	1	2	1	401	401	0	T	T
D1_N1	0.0267356314565	2	1	1	1155	1155	0	T	T
D1_N1	0.0270379724172	1	2	1	999	999	0	T	T
D1_N1	0.0270745055281	1	2	1	868	868	0	T	T
D1_N1	0.0284486324204	1	2	1	1489	1489	0	T	T
D1_N1	0.0286199710008	1	2	1	160	160	0	G	G
D1_N1	0.0292446849162	2	1	1	685	685	0	A	A
D1_N1	0.0310603528164	2	1	1	275	275	0	A	A
D1_N1	0.0321311744645	1	2	1	636	636	0	C	C
D1_N1	0.0330550384201	2	1	1	927	927	1	T	C
D1_N1	0.0347006896295	2	1	1	1725	1725	0	C	C
D1_N1	0.0347179468804	2	1	1	163	163	0	T	T
D1_N1	0.0356129567172	1	2	1	883	883	0	T	T
D1_N1	0.0360325358587	1	2	1	703	703	1	G	T
D1_N1	0.0364597545496	1	2	1	974	974	0	T	T
D1_N1	0.0365324771451	1	2	1	1398	1398	0	C	C
D1_N1	0.0367543661416	2	1	1	872	872	0	T	T
D1_N1	0.0375657210721	2	1	1	113	113	0	T	T
D1_N1	0.0379114206374	2	1	1	1256	1256	0	C	C
D1_N1	0.0381903302556	2	1	1	80	80	1	C	T
D1_N1	0.0393531227946	2	1	1	1403	1403	1	A	G
D1_N1	0.040926237535	1	2	1	1338	1338	0	T	T
D1_N1	0.0416533337956	2	1	1	803	803	0	C	C
D1_N1	0.0427685891025	2	1	1	1022	1022	1	G	A
D1_N1	0.0427876702498	2	1	1	442	442	1	A	T
D1_N1	0.0428831715677	2	1	1	1033	1033	0	A	A
D1_N1	0.0429315608392	1	2	1	224	224	0	C	C
D1_N1	0.0431360409906	1	2	1	1111	1111	0	G	G
D1_N1	0.0436964197375	2	1	1	444	444	0	T	T
D1_N1	0.0437198757286	1	2	1	1052	1052	0	C	C
D1_N1	0.044953971302	1	2	1	1245	1245	1	C	T
D1_N1	0.0454459103931	2	1	1	1046	1046	0	T	T
D1_N1	0.047289704244	1	2	1	458	458	1	C	G
D1_N1	0.0481443411323	2	1	1	13	13	0	G	G
D1_N1	0.0481770553819	2	1	1	1392	1392	0	G	G
D1_N1	0.049803359806	2	1	1	431	431	0	T	T
D1_N1	0.050480234124	2	1	1	1311	1311	0	C	C
D1_N1	0.0514410301923	1	2	1	855	855	0	A	A
D1_N1	0.0523236115983	2	1	1	1511	1511	0	C	C
D1_N1	0.0528416605813	2	1	1	40	40	0	T	T
D1_N1	0.0532006833897	1	2	1	371	371	1	T	C
D1_N1	0.0566380480905	1	2	1	251	251	0	T	T
D1_N1	0.0571645122977	2	1	1	1065	1065	0	T	T
D1_N1	0.0580530506728	2	1	1	882	882	0	T	T
D1_N1	0.0591134151672	2	1	1	1620	1620	0	C	C
D1_N1	0.0608215993166	1	2	1	1414	1414	0	T	T
D1_N1	0.0608465752253	2	1	1	886	886	0	C	C
D1_N1	0.0614945213062	2	1	1	1648	1648	1	C	A
D1_N1	0.062318701473	2	1	1	728	728	0	A	A
D1_N1	0.0656645630629	2	1	1	413	413	1	A	G
D1_N1	0.0661168224228	1	2	1	53	53	0	G	G
D1_N1	0.0661845952818	1	2	1	174	174	0	A	A
D1_N1	0.067671862429	1	2	1	674	674	0	A	A
D1_N1	0.0677443735382	1	2	1	799	799	0	G	G
D1_N1	0.0689770580414	2	1	1	1590	1590	0	C	C
D1_N1	0.0704699143904	1	2	1	571	571	0	C	C
D1_N1	0.0705114937655	1	2	1	551	551	0	T	T
D1_N1	0.0705963504362	1	2	1	1165	1165	0	A	A
D1_N1	0.0712011317559	2	1	1	186	186	0	T	T
D1_N1	0.0721357119624	2	1	1	1001	1001	0	A	A
D1_N1	0.0722738340787	1	2	1	107	107	0	T	T
D1_N1	0.0724501921833	1	2	1	555	555	0	A	A
D1_N1	0.0730760596146	2	1	1	1246	1246	0	A	A
D1_N1	0.0732702227018	2	1	1	1237	1237	0	A	A
D1_N1	0.073405328188	1	2	1	1370	1370	0	T	T
D1_N1	0.0736442948394	1	2	1	739	739	0	C	C
D1_N1	0.0740910985201	1	2	1	686	686	1	T	G
D1_N1	0.0746239569984	1	2	1	503	503	0	G	G
D1_N1	0.0747082839845	1	2	1	1697	1697	1	G	A
D1_N1	0.07783014291	1	2	1	1411	1411	0	A	A
D1_N1	0.0780633519966	1	2	1	1040	1040	0	A	A
D1_N1	0.0793961341938	1	2	1	133	133	0	C	C
D1_N1	0.0817077995936	1	2	1	94	94	0	T	T
D1_N1	0.082905051445	1	2	1	364	364	0	A	A
D1_N1	0.0831421236217	2	1	1	533	533	0	A	A
D1_N1	0.0832719719141	1	2	1	1364	1364	0	T	T
D1_N1	0.0835778158896	2	1	1	1390	1390	0	C	C
D1_N1	0.0845221608836	1	2	1	1356	1356	1	T	G
D1_N1	0.0897418873503	2	1	1	1686	1686	0	G	G
D1_N1	0.0910253481548	2	1	1	1656	1656	0	C	C
D1_N1	0.0917564216809	1	2	1	748	748	0	T	T
D1_N1	0.0932083591565	2	1	1	1186	1186	0	T	T
D1_N1	0.0941849701631	2	1	1	1369	1369	1	G	T
D1_N1	0.094628898744	2	1	1	87	87	1	G	T
D1_N1	0.0948663244681	1	2	1	1116	1116	0	A	A
D1_N1	0.0956675540278	1	2	1	608	608	0	C	C
D1_N1	0.0963669529447	1	2	1	1263	1263	0	T	T
D1_N1	0.0968831653268	1	2	1	1195	1195	0	G	G
D1_N1	0.096967475579	1	2	1	894	894	0	G	G
D1_N1	0.0969929100815	2	1	1	1712	1712	0	A	A
D1_N1	0.0972590247689	1	2	1	988	988	0	G	G
D1_N1	0.0973392927351	2	1	1	71	71	0	T	T
D1_N1	0.0974255456741	1	2	1	1075	1075	0	A	A
D1_N1	0.098714655444	1	2	1	1002	1002	0	T	T
D1_N1	0.100565957304	2	1	1	1688	1688	1	G	C
D1_N1	0.101191822218	1	2	1	1681	1681	0	C	C
D1_N1	0.101604225165	1	2	1	143	143	0	A	A
D1_N1	0.102037067379	1	2	1	1479	1479	0	G	G
D1_N1	0.102395887119	1	2	1	1110	1110	0	T	T
D1_N1	0.105050856469	1	2	1	279	279	0	C	C
D1_N1	0.10641550698	2	1	1	1167	1167	0	T	T
D1_N1	0.106587043301	1	2	1	987	987	0	C	C
D1_N1	0.106908987914	2	1	1	159	159	0	A	A
D1_N1	0.107364065497	2	1	1	1021	1021	0	C	C
D1_N1	0.107473976098	2	1	1	540	540	0	A	A
D1_N1	0.107618128122	1	2	1	38	38	0	C	C
D1_N1	0.108574186327	2	1	1	1178	1178	0	T	T
D1_N1	0.109818652113	2	1	1	553	553	0	T	T
D1_N1	0.110068996317	1	2	1	822	822	0	T	T
D1_N1	0.110267959653	1	2	1	1149	1149	0	G	G
D1_N1	0.110744536767	1	2	1	916	916	0	T	T
D1_N1	0.11159970287	1	2	1	452	452	0	G	G
D1_N1	0.112538150826	1	2	1	118	118	0	T	T
D1_N1	0.112583753734	2	1	1	167	167	0	A	A
D1_N1	0.112843832758	2	1	1	1285	1285	1	A	G
D1_N1	0.113076691992	1	2	1	1151	1151	0	G	G
D1_N1	0.117093472746	1	2	1	781	781	1	A	C
D1_N1	0.117363313389	2	1	1	978	978	0	C	C
D1_N1	0.117800715892	2	1	1	381	381	0	C	C
D1_N1	0.11920881468	2	1	1	1056	1056	0	A	A
D1_N1	0.120428703127	2	1	1	157	157	0	G	G
D1_N1	0.120711337677	2	1	1	585	585	0	A	A
D1_N1	0.121318525073	1	2	1	1407	1407	0	G	G
D1_N1	0.122179911358	1	2	1	1461	1461	1	A	C
D1_N1	0.122432835182	1	2	1	608	608	0	C	C
D1_N1	0.12266702714	1	2	1	969	969	0	A	A
D1_N1	0.123551378392	1	2	1	637	637	0	C	C
D1_N1	0.123982959688	1	2	1	816	816	0	G	G
D1_N1	0.124276294637	2	1	1	109	109	0	C	C
D1_N1	0.124621856049	1	2	1	992	992	1	G	C
D1_N1	0.125544326502	1	2	1	737	737	0	G	G
D1_N1	0.125558578548	2	1	1	1209	1209	0	A	A
D1_N1	0.125575428898	2	1	1	561	561	1	A	G
D1_N1	0.127506680912	2	1	1	265	265	1	A	T
D1_N1	0.127828845474	1	2	1	104	104	1	T	A
D1_N1	0.128062474282	2	1	1	719	719	0	T	T
D1_N1	0.128770746859	1	2	1	149	149	0	C	C
D1_N1	0.130131534581	1	2	1	124	124	1	A	G
D1_N1	0.13032437575	2	1	1	864	864	0	C	C
D1_N1	0.131022460577	1	2	1	1343	1343	0	A	A
D1_N1	0.132056725763	2	1	1	280	280	0	T	T
D1_N1	0.132355574568	2	1	1	351	351	0	G	G
D1_N1	0.132714302165	1	2	1	1241	1241	0	T	T
D1_N1	0.13495528123	1	2	1	744	744	0	C	C
D1_N1	0.136565526758	2	1	1	519	519	1	C	T
D1_N1	0.138613533151	1	2	1	465	465	0	C	C
D1_N1	0.139395701075	1	2	1	1008	1008	0	T	T
D1_N1	0.139819757946	1	2	1	58	58	1	T	C
D1_N1	0.140567008846	2	1	1	569	569	0	A	A
D1_N1	0.140737391263	2	1	1	1062	1062	0	A	A
D1_N1	0.140771555023	1	2	1	277	277	0	A	A
D1_N1	0.141137126342	2	1	1	1481	1481	0	T	T
D1_N1	0.142886860344	2	1	1	1591	1591	0	T	T
D1_N1	0.143104789677	1	2	1	357	357	0	A	A
D1_N1	0.144746693282	1	2	1	629	629	0	T	T
D1_N1	0.145619409675	2	1	1	291	291	1	T	C
D1_N1	0.146137809746	2	1	1	476	476	0	G	G
D1_N1	0.146983594126	1	2	1	101	101	1	C	A
D1_N1	0.147247961834	2	1	1	99	99	0	T	T
D1_N1	0.147354225179	1	2	1	1448	1448	0	T	T
D1_N1	0.147384148666	1	2	1	260	260	0	G	G
D1_N1	0.149008330959	2	1	1	1058	1058	0	T	T
D1_N1	0.149261666742	2	1	1	1684	1684	0	A	A
D1_N1	0.150660136317	1	2	1	589	589	0	C	C
D1_N1	0.152081412822	2	1	1	1190	1190	0	C	C
D1_N1	0.153561747607	2	1	1	1684	1684	0	A	A
D1_N1	0.154264425201	2	1	1	781	781	0	A	A
D1_N1	0.154540607038	1	2	1	1281	1281	1	C	A
D1_N1	0.156793506526	1	2	1	439	439	0	A	A
D1_N1	0.158399895203	2	1	1	595	595	0	T	T
D1_N1	0.160623887227	1	2	1	1102	1102	0	G	G
D1_N1	0.161552985326	1	2	1	370	370	0	T	T
D1_N1	0.162394596117	2	1	1	127	127	0	C	C
D1_N1	0.163372409772	2	1	1	736	736	0	A	A
D1_N1	0.16352489553	2	1	1	164	164	0	T	T
D1_N1	0.163549242684	2	1	1	513	513	1	A	G
D1_N1	0.164707176459	1	2	1	875	875	1	G	C
D1_N1	0.164753808703	2	1	1	1456	1456	1	G	A
D1_N1	0.167289358308	2	1	1	1135	1135	0	G	G
D1_N1	0.167410779238	1	2	1	1607	1607	0	T	T
D1_N1	0.168452909092	1	2	1	449	449	1	T	A
D1_N1	0.170517327166	1	2	1	1638	1638	0	C	C
D1_N1	0.171528487068	1	2	1	1684	1684	0	A	A
D1_N1	0.172597881501	2	1	1	1674	1674	0	C	C
D1_N1	0.175290632781	1	2	1	388	388	0	A	A
D1_N1	0.175967742814	2	1	1	705	705	1	A	G
D1_N1	0.17644513772	2	1	1	403	403	1	A	T
D1_N1	0.176920834452	2	1	1	168	168	1	T	A
D1_N1	0.176958639643	2	1	1	548	548	1	A	G
D1_N1	0.177313827394	1	2	1	851	851	0	T	T
D1_N1	0.177869610051	2	1	1	662	662	0	T	T
D1_N1	0.178352935389	2	1	1	1379	1379	0	A	A
D1_N1	0.178530521823	2	1	1	1450	1450	0	A	A
D1_N1	0.178818794369	2	1	1	1071	1071	0	G	G
D1_N1	0.179553916351	1	2	1	31	31	1	G	C
D1_N1	0.18230690478	2	1	1	1517	1517	0	T	T
D1_N1	0.182638233123	1	2	1	785	785	0	A	A
D1_N1	0.183042310447	1	2	1	309	309	0	A	A
D1_N1	0.183365039531	1	2	1	570	570	1	T	C
D1_N1	0.183981336198	1	2	1	1277	1277	1	G	A
D1_N1	0.185556536932	1	2	1	533	533	0	A	A
D1_N1	0.185620467289	1	2	1	1227	1227	0	G	G
D1_N1	0.185765863145	2	1	1	457	457	1	A	T
D1_N1	0.186439012733	2	1	1	303	303	0	T	T
D1_N1	0.186628580398	2	1	1	541	541	0	G	G
D1_N1	0.188278038542	1	2	1	1717	1717	0	T	T
D1_N1	0.18927495727	1	2	1	196	196	0	C	C
D1_N1	0.190326954073	2	1	1	177	177	0	G	G
D1_N1	0.191558853518	1	2	1	967	967	0	G	G
D1_N1	0.192755314832	1	2	1	63	63	0	A	A
D1_N1	0.193081515433	2	1	1	106	106	0	A	A
D1_N1	0.193323943788	2	1	1	140	140	0	A	A
D1_N1	0.193645329417	1	2	1	1123	1123	1	A	C
D1_N1	0.193939652451	1	2	1	779	779	1	A	T
D1_N1	0.194170666171	2	1	1	212	212	0	C	C
D1_N1	0.19430575303	2	1	1	607	607	0	C	C
D1_N1	0.195399975536	1	2	1	608	608	1	T	C
D1_N1	0.197187205927	1	2	1	1019	1019	1	C	T
D1_N1	0.19839429318	2	1	1	1463	1463	0	A	A
D1_N1	0.199063312009	2	1	1	835	835	0	C	C
D1_N1	0.199999563673	1	2	1	86	86	0	C	C
D1_N1	0.200748578887	1	2	1	1014	1014	0	T	T
D1_N1	0.201170734257	1	2	1	1663	1663	0	G	G
D1_N1	0.201855423158	2	1	1	1423	1423	1	C	G
D1_N1	0.201891901405	2	1	1	1450	1450	0	A	A
D1_N1	0.203444296423	1	2	1	118	118	0	T	T
D1_N1	0.204405331528	1	2	1	1175	1175	1	C	T
D1_N1	0.204439350359	1	2	1	1406	1406	0	A	A
D1_N1	0.204539452216	2	1	1	177	177	0	G	G
D1_N1	0.204612365758	1	2	1	139	139	0	C	C
D1_N1	0.205137732478	2	1	1	682	682	1	G	T
D1_N1	0.205836396531	2	1	1	1564	1564	1	G	C
D1_N1	0.206252459269	2	1	1	449	449	0	T	T
D1_N1	0.206976936294	1	2	1	906	906	0	C	C
D1_N1	0.207574085133	2	1	1	361	361	0	A	A
D1_N1	0.209678596356	2	1	1	297	297	0	A	A
D1_N1	0.209810765623	2	1	1	738	738	0	T	T
D1_N1	0.210750515211	2	1	1	784	784	1	A	G
D1_N1	0.21086822913	2	1	1	964	964	0	A	A
D1_N1	0.211786425261	2	1	1	1464	1464	0	T	T
D1_N1	0.213432358699	1	2	1	973	973	0	A	A
D1_N1	0.214350423758	2	1	1	212	212	0	C	C
D1_N1	0.215447616793	1	2	1	785	785	0	A	A
D1_N1	0.21720942099	2	1	1	130	130	1	T	G
D1_N1	0.218970994957	2	1	1	583	583	1	G	C
D1_N1	0.219453050738	1	2	1	1552	1552	1	T	A
D1_N1	0.219680604761	2	1	1	202	202	0	G	G
D1_N1	0.220174278144	2	1	1	210	210	1	G	A
D1_N1	0.221426289415	2	1	1	730	730	0	G	G
D1_N1	0.221487042711	2	1	1	565	565	1	A	G
D1_N1	0.22172237941	1	2	1	624	624	0	T	T
D1_N1	0.221772892093	2	1	1	1354	1354	0	C	C
D1_N1	0.223103477021	1	2	1	852	852	0	A	A
D1_N1	0.223154103742	1	2	1	1101	1101	0	G	G
D1_N1	0.223239276516	1	2	1	89	89	0	A	A
D1_N1	0.22369516406	1	2	1	614	614	0	T	T
D1_N1	0.22402630502	2	1	1	1209	1209	0	A	A
D1_N1	0.225262138814	2	1	1	1300	1300	0	T	T
D1_N1	0.22687116952	2	1	1	936	936	0	T	T
D1_N1	0.227686067152	2	1	1	984	984	1	A	T
D1_N1	0.227831984639	1	2	1	865	865	1	T	C
D1_N1	0.228115643194	2	1	1	443	443	0	T	T
D1_N1	0.231978948378	2	1	1	65	65	1	T	C
D1_N1	0.232146086584	1	2	1	157	157	0	G	G
D1_N1	0.232324688203	1	2	1	1291	1291	1	A	T
D1_N1	0.232695285236	1	2	1	652	652	0	T	T
D1_N1	0.232720420015	1	2	1	565	565	0	A	A
D1_N1	0.232750231132	2	1	1	1196	1196	0	T	T
D1_N1	0.232876117278	2	1	1	1013	1013	0	A	A
D1_N1	0.233006808845	1	2	1	912	912	0	T	T
D1_N1	0.233063506224	1	2	1	1459	1459	0	A	A
D1_N1	0.233328985799	1	2	1	873	873	0	C	C
N1_N2	0.00129482612431	1	2	1	90	90	1	A	T
N1_N2	0.00216868041991	1	2	1	998	998	0	T	T
N1_N2	0.00223296675803	2	1	1	53	53	0	G	G
N1_N2	0.00331063722549	1	2	1	987	987	0	C	C
N1_N2	0.00405521208667	2	1	1	82	82	1	A	C
N1_N2	0.00448754449452	1	2	1	1215	1215	0	C	C
N1_N2	0.00461363652335	1	2	1	250	250	1	G	A
N1_N2	0.00492828872675	1	2	1	522	522	0	G	G
N1_N2	0.00547694152782	1	2	1	831	831	0	C	C
N1_N2	0.00586661822001	2	1	1	953	953	0	T	T
N1_N2	0.0062634312016	1	2	1	1417	1417	1	C	T
N1_N2	0.00746292613894	1	2	1	610	610	0	A	A
N1_N2	0.0103407398871	2	1	1	129	129	0	C	C
N1_N2	0.0105834079481	2	1	1	1218	1218	0	A	A
N1_N2	0.0107037159774	2	1	1	841	841	0	A	A
N1_N2	0.0117113992697	2	1	1	666	666	0	G	G
N1_N2	0.0118862096047	1	2	1	1637	1637	0	T	T
N1_N2	0.0124829919696	1	2	1	641	641	0	G	G
N1_N2	0.0134458579611	2	1	1	537	537	0	A	A
N1_N2	0.013613962314	1	2	1	1703	1703	0	G	G
N1_N2	0.0149466657271	2	1	1	683	683	0	T	T
N1_N2	0.0154101423692	2	1	1	7	7	0	C	C
N2_N3	2.98897799814e-05	2	1	1	1588	1588	0	T	T
N2_N3	0.000115139058001	2	1	1	480	480	1	G	T
N2_N3	0.0014844684699	2	1	1	1232	1232	1	G	C
N2_N3	0.00240046432276	2	1	1	499	499	1	G	A
N2_N3	0.00254002614534	1	2	1	333	333	0	T	T
N2_N3	0.0030783026616	2	1	1	845	845	0	A	A
N2_N3	0.00435576134752	2	1	1	1359	1359	1	T	A
N2_N3	0.0044286608326	1	2	1	904	904	0	G	G
N2_N3	0.0052134685561	1	2	1	176	176	0	G	G
N2_N3	0.00615447680447	2	1	1	383	383	0	C	C
N2_N3	0.00649826291173	1	2	1	323	323	0	G	G
N2_N3	0.00693311860892	2	1	1	1649	1649	0	A	A
N3_N4	8.97166476935e-05	2	1	1	698	698	0	A	A
N3_N4	0.000660986658984	2	1	1	1631	1631	1	T	C
N3_N4	0.000803382527171	1	2	1	296	296	0	A	A
N3_N4	0.000859960219481	1	2	1	1077	1077	1	G	A
N3_N4	0.00147299925189	1	2	1	1502	1502	0	A	A
N3_N4	0.00161486577622	2	1	1	1680	1680	0	A	A
N3_N4	0.0017619712359	1	2	1	1153	1153	0	A	A
N3_N4	0.00325496868429	1	2	1	1314	1314	1	T	A
N3_N4	0.00355851671903	1	2	1	252	252	0	A	A
N3_N4	0.00436611985943	2	1	1	392	392	0	G	G
N3_N4	0.00568846263842	2	1	1	659	659	1	C	G
N3_N4	0.00732523209735	2	1	1	1498	1498	1	T	C
N3_N4	0.00778462547624	1	2	1	327	327	0	G	G
N4_Human	0.00242952957409	1	2	1	224	224	0	C	C
N4_Human	0.00298846234396	2	1	1	1309	1309	1	A	T
N4_Human	0.00372542374679	1	2	1	561	561	1	A	G
N4_Human	0.00401486175542	2	1	1	1174	1174	1	A	C
N4_Human	0.00445438236935	1	2	1	257	257	0	T	T
N4_Human	0.00482594918201	2	1	1	38	38	0	C	C
N4_Human	0.0056814073707	2	1	1	1412	1412	1	C	T
N4_Human	0.00629223307896	2	1	1	1511	1511	0	C	C
N4_Human	0.00662875170819	1	2	1	843	843	0	C	C
N4_Human	0.00696216932286	2	1	1	314	314	0	T	T
N4_Human	0.00700685576525	2	1	1	858	858	0	G	G
N4_Human	0.00769474220126	2	1	1	1275	1275	1	A	C
N4_Human	0.00835639693731	2	1	1	1422	1422	1	A	C
N4_Human	0.00850006036117	1	2	1	1391	1391	1	T	G
N4_Human	0.00894802483488	2	1	1	1033	1033	0	A	A
N4_Human	0.0090488578075	2	1	1	489	489	0	C	C
N4_Human	0.0100708321031	2	1	1	1724	1724	0	A	A
N4_Human	0.0101834343141	1	2	1	1384	1384	1	T	C
N4_Chimp	0.00041284972947	2	1	1	305	305	0	T	T
N4_Chimp	0.000936800913869	2	1	1	5	5	1	A	C
N4_Chimp	0.00142345150671	2	1	1	1406	1406	0	A	A
N4_Chimp	0.00150137546534	1	2	1	791	791	1	A	T
N4_Chimp	0.0022690054576	1	2	1	1444	1444	0	C	C
N4_Chimp	0.00299967407912	1	2	1	540	540	0	A	A
N4_Chimp	0.00411844295625	2	1	1	173	173	0	T	T
N4_Chimp	0.00532194795284	2	1	1	1303	1303	1	C	A
N4_Chimp	0.00550798088269	2	1	1	498	498	1	A	T
N4_Chimp	0.00609639092932	2	1	1	622	622	1	G	A
N4_Chimp	0.00692209919144	1	2	1	1163	1163	1	G	C
N4_Chimp	0.00698329482653	1	2	1	1253	1253	1	A	T
N4_Chimp	0.00789028709786	1	2	1	622	622	0	G	G
N4_Chimp	0.0079066211338	2	1	1	1430	1430	0	T	T
N4_Chimp	0.00800404182201	2	1	1	876	876	1	T	C
N4_Chimp	0.00880474483299	1	2	1	1116	1116	0	A	A
N4_Chimp	0.00908928925262	2	1	1	252	252	0	A	A
N4_Chimp	0.00940201876351	1	2	1	1291	1291	0	A	A
N4_Chimp	0.0100924437732	1	2	1	519	519	0	C	C
N4_Chimp	0.0104355400044	2	1	1	1005	1005	0	T	T
N3_Goril	0.000950862264658	1	2	1	301	301	0	A	A
N3_Goril	0.00114298798249	1	2	1	1037	1037	0	C	C
N3_Goril	0.00200685157016	2	1	1	1487	1487	0	G	G
N3_Goril	0.00237506966571	2	1	1	589	589	1	C	G
N3_Goril	0.00403065099384	2	1	1	489	489	0	C	C
N3_Goril	0.0052306560523	2	1	1	1370	1370	0	T	T
N3_Goril	0.00568317657843	1	2	1	525	525	0	C	C
N3_Goril	0.00572966116274	1	2	1	524	524	1	T	A
N3_Goril	0.00671990396015	2	1	1	847	847	0	G	G
N3_Goril	0.00791666485846	1	2	1	943	943	0	G	G
N3_Goril	0.0080202085919	2	1	1	370	370	0	T	T
N3_Goril	0.00855400313748	1	2	1	1715	1715	0	G	G
N3_Goril	0.00931100053991	1	2	1	654	654	1	A	T
N3_Goril	0.00984001167643	1	2	1	147	147	0	C	C
N3_Goril	0.0111146764556	1	2	1	1706	1706	1	T	C
N3_Goril	0.0119440767002	2	1	1	684	684	0	G	G
N3_Goril	0.0135706548126	2	1	1	670	670	0	A	A
N3_Goril	0.0137112959387	2	1	1	119	119	0	A	A
N3_Goril	0.0140729430859	2	1	1	900	900	0	C	C
N3_Goril	0.0154184045219	2	1	1	221	221	0	A	A
N3_Goril	0.0159025207493	2	1	1	1665	1665	0	A	A
N3_Goril	0.0169031683311	2	1	1	61	61	0	T	T
N3_Goril	0.0173698157212	1	2	1	1495	1495	0	C	C
N3_Goril	0.0181531555915	2	1	1	971	971	1	T	C
N3_Goril	0.0185444052172	2	1	1	1353	1353	0	G	G
N3_Goril	0.0189865943554	1	2	1	415	415	0	G	G
N2_Orang	9.5108679951e-05	2	1	1	242	242	1	G	A
N2_Orang	0.00011430751698	2	1	1	1627	1627	1	G	A
N2_Orang	0.000497620910588	1	2	1	415	415	0	G	G
N2_Orang	0.000934142816895	1	2	1	279	279	0	C	C
N2_Orang	0.000983054840155	1	2	1	1040	1040	0	A	A
N2_Orang	0.00134516683327	2	1	1	191	191	0	T	T
N2_Orang	0.00231293596347	2	1	1	945	945	0	C	C
N2_Orang	0.00281601364387	1	2	1	412	412	0	A	A
N2_Orang	0.00295045115661	2	1	1	1016	1016	0	A	A
N2_Orang	0.00307433973058	1	2	1	499	499	1	A	G
N2_Orang	0.00335587520736	1	2	1	1259	1259	0	T	T
N2_Orang	0.0046176706336	1	2	1	27	27	1	G	A
N2_Orang	0.00557674870406	2	1	1	108	108	0	T	T
N2_Orang	0.00579039115381	2	1	1	125	125	0	T	T
N2_Orang	0.00643445760563	2	1	1	945	945	0	C	C
N2_Orang	0.00705119411075	1	2	1	1115	1115	0	A	A
N2_Orang	0.00710609833435	1	2	1	830	830	0	G	G
N2_Orang	0.00976721453764	2	1	1	586	586	0	T	T
N2_Orang	0.0106052982692	1	2	1	1077	1077	1	G	A
N2_Orang	0.0112032422547	2	1	1	334	334	0	G	G
N2_Orang	0.0114160831044	1	2	1	1055	1055	0	C	C
N2_Orang	0.0117375698309	1	2	1	994	994	0	T	T
N2_Orang	0.0122317810595	1	2	1	1726	1726	1	T	G
N2_Orang	0.0122584056928	1	2	1	1630	1630	0	G	G
N2_Orang	0.0131194523307	2	1	1	733	733	1	C	A
N2_Orang	0.0138294928721	2	1	1	1296	1296	0	T	T
N2_Orang	0.0139019154111	2	1	1	1539	1539	1	A	C
N2_Orang	0.0142164074129	2	1	1	299	299	0	G	G
N2_Orang	0.0143368291138	2	1	1	219	219	0	G	G
N2_Orang	0.0149329487108	2	1	1	253	253	1	A	G
N2_Orang	0.0149988061447	1	2	1	263	263	0	G	G
N2_Orang	0.0154241142575	1	2	1	1356	1356	1	T	A
N2_Orang	0.0154971283649	2	1	1	1704	1704	1	T	A
N2_Orang	0.0154994314031	2	1	1	1154	1154	0	T	T
N2_Orang	0.0155822610252	2	1	1	49	49	0	A	A
N2_Orang	0.0174554366778	1	2	1	567	567	0	C	C
N2_Orang	0.0179346868277	1	2	1	1701	1701	0	T	T
N1_Macaq	0.00054000996102	2	1	1	562	562	1	C	T
N1_Macaq	0.00111556440057	2	1	1	946	946	0	A	A
N1_Macaq	0.00137868508924	1	2	1	947	947	0	A	A
N1_Macaq	0.0015801528222	1	2	1	821	821	1	A	T
N1_Macaq	0.00193366276959	2	1	1	1336	1336	0	C	C
N1_Macaq	0.00290425113221	1	2	1	1640	1640	1	T	C
N1_Macaq	0.00594043614227	1	2	1	1087	1087	0	C	C
N1_Macaq	0.00595585648501	1	2	1	1691	1691	1	G	A
N1_Macaq	0.00753216019938	1	2	1	277	277	0	A	A
N1_Macaq	0.0109254354422	1	2	1	545	545	1	A	T
N1_Macaq	0.0113428260493	1	2	1	423	423	0	A	A
N1_Macaq	0.0120267913796	1	2	1	1341	1341	1	A	T
N1_Macaq	0.0126379982153	1	2	1	707	707	0	G	G
N1_Macaq	0.0132913590301	1	2	1	1010	1010	0	G	G
N1_Macaq	0.0139233228903	1	2	1	1102	1102	0	G	G
N1_Macaq	0.014088409643	2	1	1	183	183	1	G	T
N1_Macaq	0.0144532630045	1	2	1	127	127	0	C	C
N1_Macaq	0.0150583173348	2	1	1	1447	1447	0	A	A
N1_Macaq	0.0152322358783	2	1	1	264	264	1	T	A
N1_Macaq	0.0157761630613	2	1	1	548	548	0	A	A
N1_Macaq	0.0166899001879	2	1	1	1009	1009	1	A	G
N1_Macaq	0.0168447024928	1	2	1	1265	1265	1	T	C
N1_Macaq	0.0179443608902	1	2	1	1720	1720	1	A	C
N1_Macaq	0.0187989608589	1	2	1	238	238	1	T	C
N1_Macaq	0.021602375528	1	2	1	630	630	1	T	A
N1_Macaq	0.0231466795705	2	1	1	1592	1592	1	A	C
N1_Macaq	0.0238022143894	2	1	1	1389	1389	0	T	T
N1_Macaq	0.0242133671018	1	2	1	1160	1160	1	T	C
N1_Macaq	0.0243779758445	2	1	1	1266	1266	1	T	A
N1_Macaq	0.0253808577748	2	1	1	241	241	1	C	T
N1_Macaq	0.0254169663253	1	2	1	297	297	0	A	A
N1_Macaq	0.0255509215052	2	1	1	1045	1045	0	C	C
N1_Macaq	0.0258079846121	2	1	1	599	599	0	A	A
N1_Macaq	0.0259345256638	2	1	1	54	54	0	C	C
N1_Macaq	0.0272853206448	1	2	1	528	528	0	A	A
N1_Macaq	0.0275234827492	1	2	1	844	844	1	C	T
N1_Macaq	0.0277687515449	1	2	1	123	123	0	T	T
N1_Macaq	0.0292191056301	1	2	1	179	179	1	A	C
N1_Macaq	0.0307229323493	2	1	1	1501	1501	0	T	T
N1_Macaq	0.0320722084777	2	1	1	1231	1231	0	G	G
N1_Macaq	0.0348193456897	2	1	1	265	265	0	A	A
N1_Macaq	0.0349473065421	1	2	1	930	930	0	C	C
N1_Macaq	0.0365900038291	1	2	1	1522	1522	0	G	G
N1_Macaq	0.0374481031152	2	1	1	982	982	1	A	T
N1_Macaq	0.037953578964	2	1	1	864	864	0	C	C
N1_Macaq	0.0379934070598	2	1	1	86	86	0	C	C
N1_Macaq	0.0395230040154	1	2	1	144	144	0	C	C
N1_Macaq	0.0403406446629	2	1	1	1001	1001	0	A	A
N1_Macaq	0.0406274527154	2	1	1	702	702	0	T	T
N1_Macaq	0.0418355088244	2	1	1	373	373	0	T	T
N1_Macaq	0.042682178086	2	1	1	1134	1134	1	A	T
