edge	time	mut_orlg	mut_pos	old_state	new_state
N0_kluyveri	0.000133064845491	0	233	T	C
N0_kluyveri	0.000666939367608	0	14	C	T
N0_kluyveri	0.00117477283523	0	437	T	G
N0_kluyveri	0.00233646066503	0	230	C	T
N0_kluyveri	0.00240918237329	0	68	A	C
N0_kluyveri	0.00285536216639	0	39	T	C
N0_kluyveri	0.00295347655731	0	137	A	G
N0_kluyveri	0.0033159677716	0	101	G	A
N0_kluyveri	0.00508519855761	0	347	T	C
N0_kluyveri	0.00526455043671	0	107	T	C
N0_kluyveri	0.00559435248487	0	278	A	G
N0_kluyveri	0.00612835097184	0	167	A	G
N0_kluyveri	0.00613974672428	0	278	G	A
N0_kluyveri	0.00653677923756	0	110	C	T
N0_kluyveri	0.00675113902603	0	455	A	G
N0_kluyveri	0.00675245702049	0	368	A	G
N0_kluyveri	0.00696848788588	0	59	C	A
N0_kluyveri	0.00714682145296	0	110	T	C
N0_kluyveri	0.00759859996297	0	284	A	G
N0_kluyveri	0.00803631422193	0	53	C	T
N0_kluyveri	0.0080512511461	0	488	G	A
N0_kluyveri	0.00844792287034	0	464	C	T
N0_kluyveri	0.00850162931503	0	464	T	C
N0_kluyveri	0.00884381578121	0	215	C	T
N0_kluyveri	0.00995868016301	0	260	C	T
N0_kluyveri	0.0099664439741	0	152	G	A
N0_kluyveri	0.0102565024747	0	308	T	C
N0_kluyveri	0.0110729718997	0	305	T	A
N0_kluyveri	0.0113501936376	0	35	A	G
N0_kluyveri	0.0117611820246	0	356	T	C
N0_kluyveri	0.0120942568292	0	488	A	G
N0_kluyveri	0.0125960789926	0	290	A	G
N0_kluyveri	0.0133060222581	0	281	C	T
N0_kluyveri	0.0133818806368	0	338	A	G
N0_kluyveri	0.0133899209242	0	446	A	G
N0_D1	6.2069070345e-05	0	329	A	C
N0_D1	0.000867478292444	0	302	T	C
N0_D1	0.00102364103409	0	254	T	C
N0_D1	0.00121390156213	0	350	G	A
N0_D1	0.00143925042019	0	113	A	G
N0_D1	0.001487613404	0	114	A	G
D1_N1	0.000178027209814	1	173	A	T
D1_N1	0.000186953818562	2	206	C	T
D1_N1	0.000216013933576	1	401	T	C
D1_N1	0.000339748552504	2	82	C	T
D1_N1	0.000414144233674	2	410	A	G
D1_N1	0.000588517128262	2	101	G	A
D1_N1	0.000620529742803	1	98	G	A
D1_N1	0.000622363855105	1	179	C	T
D1_N1	0.000905859192907	1	239	C	T
D1_N1	0.00104860678108	2	452	T	C
D1_N1	0.00123101893188	2	23	T	G
D1_N1	0.00124624729991	1	479	C	T
D1_N1	0.0018006533019	1	311	A	G
D1_N1	0.00192567137992	2	468	G	A
D1_N1	0.00241441968028	2	134	C	T
D1_N1	0.00305675754039	1	65	G	A
D1_N1	0.00338695843504	1	17	T	C
N1_castellii	0.000106705199142	2	167	A	G
N1_castellii	0.000475331537891	1	77	C	T
N1_castellii	0.000534354541694	2	143	A	G
N1_castellii	0.000747765463166	1	326	G	A
N1_castellii	0.00103231542692	2	149	T	C
N1_castellii	0.00115480463645	2	200	G	A
N1_castellii	0.00133293598268	2	158	G	T
N1_castellii	0.0015237482678	2	452	C	T
N1_castellii	0.00159354980197	1	53	C	T
N1_castellii	0.00184182590169	2	53	C	T
N1_castellii	0.00203329641909	2	224	C	T
N1_castellii	0.00254524083482	2	257	G	T
N1_castellii	0.00284838767661	1	452	T	C
N1_castellii	0.00289159509816	2	196	T	C
N1_castellii	0.00294509422432	1	365	G	C
N1_castellii	0.00310032947052	2	176	C	T
N1_castellii	0.00344568345438	2	263	A	G
N1_castellii	0.0035711912548	2	170	T	C
N1_castellii	0.00359987282562	2	158	T	C
N1_castellii	0.00366575733513	1	215	C	T
N1_castellii	0.00402812443303	1	320	T	C
N1_castellii	0.0040389445627	1	291	A	G
N1_castellii	0.00424424812053	2	326	G	A
N1_castellii	0.00433611965579	1	164	T	C
N1_castellii	0.00435066125904	2	269	T	G
N1_castellii	0.00444003620362	1	406	T	G
N1_castellii	0.0046977133486	2	401	T	C
N1_castellii	0.00496645987821	1	212	T	A
N1_castellii	0.00531633451013	1	95	T	C
N1_castellii	0.00543853627736	1	443	C	T
N1_castellii	0.00547408997465	1	155	C	T
N1_castellii	0.00588876119761	2	453	C	T
N1_castellii	0.00595531191555	2	437	T	C
N1_castellii	0.00604276104959	1	467	C	T
N1_castellii	0.00615205281766	2	45	T	C
N1_castellii	0.00621615700772	1	305	T	C
N1_castellii	0.00623011984789	1	14	C	G
N1_castellii	0.00625093764221	2	68	A	G
N1_castellii	0.00630464154408	1	59	C	T
N1_castellii	0.00642820418845	2	329	C	T
N1_castellii	0.00662029799412	1	254	C	G
N1_castellii	0.0071084101039	1	176	C	T
N1_castellii	0.00713626262724	2	197	A	C
N1_castellii	0.0073091354406	1	122	C	T
N1_castellii	0.00753453368518	1	410	A	G
N1_castellii	0.00869342419855	1	185	T	C
N1_castellii	0.00897756409392	2	185	T	C
N1_castellii	0.00904583142709	2	455	A	T
N1_castellii	0.00919827293741	2	311	A	C
N1_castellii	0.00965855415032	2	338	A	G
N1_castellii	0.00969553585969	2	44	T	C
N1_castellii	0.00977998436539	2	100	G	A
N1_castellii	0.00981354287036	2	182	T	C
N1_castellii	0.00984401399347	1	332	C	T
N1_castellii	0.00987940784072	1	74	C	T
N1_castellii	0.00996711744224	1	455	A	G
N1_castellii	0.0101464346515	1	363	C	A
N1_castellii	0.0105763577756	2	431	G	A
N1_castellii	0.0109787776424	1	68	A	T
N1_castellii	0.0113392212465	1	50	A	G
N1_castellii	0.0114888161455	1	182	T	C
N1_castellii	0.0116049547256	1	293	G	A
N1_castellii	0.0118451658596	2	449	A	G
N1_castellii	0.0122391061613	2	23	G	A
N1_castellii	0.0126821235264	1	50	G	A
N1_N2	0.000303322025635	1	236	C	T
N1_N2	0.0012333132836	2	403	T	C
N1_N2	0.00128465017855	1	395	T	C
N1_N2	0.00180939069318	2	335	C	T
N1_N2	0.00190629392034	1	479	T	C
N1_N2	0.00195902995475	1	416	A	G
N1_N2	0.0023262262648	2	158	G	A
N1_N2	0.00295659316948	1	143	A	T
N1_N2	0.00321365934638	1	470	T	C
N1_N2	0.00331036514233	2	47	T	C
N1_N2	0.00339700960308	1	206	C	T
N1_N2	0.00402682915915	1	401	C	T
N1_N2	0.00427901705779	2	68	A	G
N1_N2	0.00443740919347	2	2	A	G
N1_N2	0.0045278985702	1	191	A	G
N1_N2	0.00522720502506	2	308	T	C
N1_N2	0.00522843407819	2	257	G	A
N1_N2	0.00550897681532	2	17	T	C
N1_N2	0.00580123342074	2	317	A	G
N1_N2	0.00611737694287	1	224	C	T
N1_N2	0.00613599905939	1	152	G	A
N1_N2	0.00636238227224	2	98	G	A
N1_N2	0.0065465587462	2	383	C	T
N1_N2	0.00661258096668	1	62	T	C
N1_N2	0.00666705703233	1	270	T	C
N1_N2	0.00687017134971	1	164	T	C
N1_N2	0.00808346782055	2	401	T	C
N1_N2	0.00830188652084	1	8	T	A
N1_N2	0.00844334531491	1	413	T	C
N1_N2	0.00873549823477	1	236	T	C
N1_N2	0.00883269149665	1	365	G	A
N1_N2	0.00889845085501	1	446	A	G
N1_N2	0.00899140155222	1	167	A	G
N1_N2	0.00914481740683	1	47	T	C
N1_N2	0.00915907911421	1	80	T	A
N1_N2	0.0093886252789	1	47	C	T
N1_N2	0.00941908607224	1	176	C	T
N1_N2	0.00982801395451	2	482	T	C
N1_N2	0.010588234617	1	47	T	C
N1_N2	0.0107349226254	2	287	C	T
N1_N2	0.0109110641746	2	161	G	A
N1_N2	0.0109158315057	1	386	C	T
N1_N2	0.0112221255011	1	324	C	T
N1_N2	0.0112790540474	1	17	C	T
N1_N2	0.0114344916725	2	294	A	G
N1_N2	0.0115306383579	1	471	C	T
N1_N2	0.0116174789155	2	284	A	G
N1_N2	0.0120402108354	2	223	T	C
N1_N2	0.0120792232041	1	407	A	G
N1_N2	0.0126131694987	2	422	A	G
N1_N2	0.0130378809392	1	311	G	A
N1_N2	0.0136157683716	1	224	T	C
N1_N2	0.0140274396727	2	161	A	G
N1_N2	0.0140828046101	2	155	C	T
N1_N2	0.0142389039752	1	11	T	C
N1_N2	0.0143981134437	1	17	T	C
N1_N2	0.0144000610348	2	56	A	G
N1_N2	0.014467818367	1	194	A	G
N1_N2	0.0145577482437	1	269	T	C
N1_N2	0.014813502194	2	356	T	C
N1_N2	0.0149886541238	1	106	C	A
N1_N2	0.0153418277876	1	329	C	T
N2_bayanus	0.000170551474615	2	425	C	T
N2_bayanus	0.00039794032833	2	14	C	T
N2_bayanus	0.000538224821738	1	388	T	C
N2_bayanus	0.00107716790742	2	233	T	C
N2_bayanus	0.00110418397915	1	17	C	T
N2_bayanus	0.00130637503918	1	485	T	C
N2_bayanus	0.00132336437716	2	290	A	G
N2_bayanus	0.00154270034447	2	386	C	T
N2_bayanus	0.00162613403373	1	44	T	C
N2_bayanus	0.00200699125115	2	335	T	C
N2_bayanus	0.00215586865381	1	118	C	G
N2_N3	6.30597909822e-05	2	434	T	C
N2_N3	0.00015409824729	1	134	C	T
N2_N3	0.000271941724935	2	383	T	C
N2_N3	0.000274572308657	2	167	A	G
N2_N3	0.00107937509511	2	116	T	C
N2_N3	0.00141766022389	1	320	T	C
N2_N3	0.00149476417611	1	270	C	T
N3_kudriavzevii	0.000105596120384	2	413	T	C
N3_kudriavzevii	0.000424253146407	1	332	C	T
N3_kudriavzevii	0.000519734411447	1	38	T	C
N3_kudriavzevii	0.000747050003227	2	311	A	G
N3_kudriavzevii	0.00114315359713	2	443	C	T
N3_kudriavzevii	0.00148675132866	2	116	C	T
N3_kudriavzevii	0.00170643706402	1	100	G	A
N3_kudriavzevii	0.00176384160187	2	233	T	C
N3_kudriavzevii	0.00185156301999	1	251	A	T
N3_kudriavzevii	0.00189781074348	2	146	C	T
N3_kudriavzevii	0.0025494859746	2	365	G	A
N3_kudriavzevii	0.00260999291244	2	311	G	A
N3_kudriavzevii	0.00307378903565	2	20	G	A
N3_kudriavzevii	0.00321084309576	1	215	C	T
N3_kudriavzevii	0.00407233436691	1	284	A	T
N3_kudriavzevii	0.0044243550116	2	194	A	G
N3_kudriavzevii	0.00461787187447	1	116	T	C
N3_kudriavzevii	0.0049033997355	1	314	A	G
N3_kudriavzevii	0.00530908841649	1	428	G	A
N3_kudriavzevii	0.00549606038502	1	377	A	G
N3_kudriavzevii	0.00556872976523	2	224	C	T
N3_kudriavzevii	0.0056743814551	1	249	C	T
N3_N4	0.000156393843145	2	458	T	G
N3_N4	0.000249430747673	2	131	A	G
N3_N4	0.0006455689598	2	419	T	C
N3_N4	0.000759548408066	2	191	A	G
N3_N4	0.000915107695478	2	422	G	T
N3_N4	0.00132373341826	1	173	T	C
N3_N4	0.00147945536101	1	143	T	C
N3_N4	0.00151248696245	2	245	G	A
N3_N4	0.00215692926815	1	338	A	G
N4_mikatae	2.64363507275e-05	1	65	A	G
N4_mikatae	0.000151202891012	1	353	G	A
N4_mikatae	0.00027911265145	2	281	C	T
N4_mikatae	0.000292044751956	2	83	T	C
N4_mikatae	0.000554006167594	1	377	A	G
N4_mikatae	0.000823315912612	2	254	C	T
N4_mikatae	0.000877026099542	2	179	T	C
N4_mikatae	0.000939851257612	2	467	C	T
N4_mikatae	0.00128844272431	2	320	T	C
N4_mikatae	0.0014219808447	2	395	T	A
N4_mikatae	0.00182576360661	1	10	C	T
N4_mikatae	0.00220763499582	1	227	T	C
N4_mikatae	0.0023057157553	1	197	A	G
N4_mikatae	0.00275836019988	1	461	A	G
N4_mikatae	0.00281944299947	2	83	C	T
N4_mikatae	0.00301020138426	2	20	G	A
N4_mikatae	0.00346073539884	1	119	A	G
N4_mikatae	0.00366553902026	2	296	T	C
N4_mikatae	0.00371614021447	2	314	A	G
N4_mikatae	0.00378815680247	1	383	C	G
N4_mikatae	0.00392012857805	1	473	T	C
N4_mikatae	0.0039341787324	2	418	G	A
N4_mikatae	0.00408524558568	2	221	C	G
N4_mikatae	0.00419437174041	1	65	G	C
N4_N5	3.8812523066e-05	1	410	A	G
N4_N5	0.0002752770786	1	308	T	C
N4_N5	0.000447964581593	1	257	G	A
N4_N5	0.000605224501038	2	137	A	G
N4_N5	0.000970695741761	1	320	C	T
N4_N5	0.00130693967996	2	311	A	G
N4_N5	0.00146876973817	2	278	A	G
N4_N5	0.00151445535186	1	317	A	G
N5_paradoxus	0.000553497476931	2	32	T	C
N5_cerevisiae	9.06760192691e-05	1	17	C	G
N5_cerevisiae	0.000332823758734	1	485	T	C
N5_cerevisiae	0.00117688228073	2	179	T	A
N5_cerevisiae	0.00154284400965	1	74	C	T
N5_cerevisiae	0.00166720975431	2	119	A	G
N5_cerevisiae	0.00208256945946	1	192	T	C
N5_cerevisiae	0.00226990361533	2	68	G	C
N5_cerevisiae	0.00241607526873	1	260	C	T
N5_cerevisiae	0.0024424939979	1	378	C	T
N5_cerevisiae	0.00250655686063	1	326	G	A
N5_cerevisiae	0.00256523619456	2	272	G	A
N5_cerevisiae	0.00256876758697	1	434	T	C
N5_cerevisiae	0.00273274278015	2	146	C	T
N5_cerevisiae	0.00300708450234	1	296	T	C
N5_cerevisiae	0.00333899610487	1	78	C	T
N5_cerevisiae	0.0035630887707	1	8	A	G
N5_cerevisiae	0.00372293997893	2	351	C	T
N5_cerevisiae	0.0037717869744	1	188	G	A
N5_cerevisiae	0.00399653664862	1	212	T	C
N5_cerevisiae	0.00414702151966	1	80	A	G
