edge	time	mut_orlg	mut_pos	old_state	new_state
N0_kluyveri	0.000793875210105	0	146	T	A
N0_kluyveri	0.000821669581375	0	32	C	T
N0_kluyveri	0.00135610410496	0	83	T	C
N0_kluyveri	0.00167196131113	0	170	C	T
N0_kluyveri	0.00307816891343	0	248	G	A
N0_kluyveri	0.00343633533736	0	80	A	G
N0_kluyveri	0.00352721164104	0	365	A	T
N0_kluyveri	0.00400796008913	0	416	G	A
N0_kluyveri	0.00421425864405	0	113	G	A
N0_kluyveri	0.00477201664243	0	179	T	C
N0_kluyveri	0.00477880072693	0	191	A	C
N0_kluyveri	0.00558611675438	0	140	G	A
N0_kluyveri	0.00577676542684	0	431	A	G
N0_kluyveri	0.00580272155767	0	62	T	C
N0_kluyveri	0.00723310289134	0	44	T	C
N0_kluyveri	0.00897548738043	0	71	C	T
N0_kluyveri	0.00908570635992	0	333	T	G
N0_kluyveri	0.0091460047426	0	416	A	T
N0_kluyveri	0.0099109829193	0	254	G	A
N0_kluyveri	0.00995477340398	0	245	G	A
N0_kluyveri	0.0105927630286	0	125	C	T
N0_kluyveri	0.0108572715098	0	263	A	G
N0_kluyveri	0.0122575095416	0	53	C	T
N0_D1	0.000395149021693	0	35	G	C
N0_D1	0.000480360288824	0	132	C	T
D1_N1	8.63632276449e-05	2	38	T	C
D1_N1	0.000105395328507	2	242	A	G
D1_N1	0.000214360046499	2	424	A	G
D1_N1	0.00071754821952	2	437	G	A
D1_N1	0.000818808348461	2	62	T	C
D1_N1	0.000878963807988	1	197	T	C
D1_N1	0.0011035330214	1	77	T	C
D1_N1	0.00110427448413	2	287	T	C
D1_N1	0.00120297351359	1	65	T	C
D1_N1	0.00125123347715	2	317	A	G
D1_N1	0.00129159734035	2	440	T	C
D1_N1	0.00174269678899	2	353	C	T
D1_N1	0.00195989405255	1	278	T	C
D1_N1	0.00198996047288	1	380	C	T
D1_N1	0.002392158931	2	227	A	G
D1_N1	0.0024523882194	2	80	A	G
D1_N1	0.00263477039899	2	56	T	C
D1_N1	0.00269731809006	2	347	G	A
D1_N1	0.00300778516648	1	404	C	G
D1_N1	0.00323145053718	1	131	A	G
N1_castellii	0.000267729261592	1	83	T	C
N1_castellii	0.000514112323995	1	116	A	G
N1_castellii	0.000525969677699	2	67	C	T
N1_castellii	0.000684962220032	2	248	G	A
N1_castellii	0.00106258851192	1	98	A	G
N1_castellii	0.00120306156372	2	461	A	T
N1_castellii	0.00144707326267	1	219	C	T
N1_castellii	0.00154933743733	2	272	G	T
N1_castellii	0.00157259903683	2	125	C	T
N1_castellii	0.0016436002961	2	470	G	A
N1_castellii	0.00195151172192	1	422	T	C
N1_castellii	0.00200312244965	1	104	C	A
N1_castellii	0.00213975501168	2	367	T	C
N1_castellii	0.00269323039638	2	113	G	A
N1_castellii	0.00270423268343	2	11	A	G
N1_castellii	0.00282359482569	2	473	C	T
N1_castellii	0.00291789361828	1	251	T	C
N1_castellii	0.00344988736809	2	98	A	G
N1_castellii	0.00347339574005	1	470	G	C
N1_castellii	0.00352165587695	1	95	G	T
N1_castellii	0.00360992173046	1	395	T	G
N1_castellii	0.00366329548757	1	311	T	C
N1_castellii	0.00376143114464	1	185	A	G
N1_castellii	0.00384736944656	2	356	A	G
N1_castellii	0.00411735171648	1	317	A	G
N1_castellii	0.00414334580605	2	458	T	C
N1_castellii	0.00417100676392	1	463	T	C
N1_castellii	0.00435755706734	1	176	T	C
N1_castellii	0.00466655429204	1	8	G	A
N1_castellii	0.00479019089297	2	149	A	G
N1_castellii	0.0051333223105	1	441	G	A
N1_castellii	0.00543622228908	1	374	T	C
N1_castellii	0.00564970000206	2	62	T	C
N1_castellii	0.0063296941029	2	77	T	C
N1_castellii	0.00657044348838	1	56	T	C
N1_castellii	0.00660204867167	2	140	G	A
N1_castellii	0.00665898610395	2	71	C	T
N1_castellii	0.00725235342693	1	94	C	T
N1_castellii	0.0075119010324	2	120	C	T
N1_castellii	0.00809927536791	2	347	A	G
N1_castellii	0.00825848937161	1	108	A	G
N1_castellii	0.00875705674256	1	467	C	T
N1_castellii	0.00932627584433	2	366	G	A
N1_castellii	0.00944344216511	2	68	T	C
N1_castellii	0.00945476867454	2	380	C	T
N1_castellii	0.00980590045833	1	440	T	C
N1_castellii	0.00984430735784	1	291	T	C
N1_castellii	0.00984515407636	1	212	C	T
N1_castellii	0.010522916312	1	359	T	G
N1_castellii	0.01124506014	2	431	A	T
N1_castellii	0.0113371462786	2	173	C	T
N1_castellii	0.0115123376578	2	56	T	C
N1_castellii	0.011614390683	2	80	G	A
N1_castellii	0.0116695534203	2	371	C	T
N1_castellii	0.011723176226	1	15	T	C
N1_castellii	0.0117662220531	1	13	C	T
N1_castellii	0.0118275226526	2	479	A	G
N1_castellii	0.0120102462652	1	251	C	T
N1_castellii	0.0120408559678	2	32	C	A
N1_castellii	0.0124211321566	1	269	C	A
N1_castellii	0.0124364684552	2	397	T	C
N1_N2	0.000296629493802	2	467	C	A
N1_N2	0.000312410733698	1	287	T	C
N1_N2	0.000741184733702	2	260	T	C
N1_N2	0.00081898888612	1	254	G	A
N1_N2	0.00103253004626	1	317	A	G
N1_N2	0.00132039566769	1	488	A	C
N1_N2	0.00136610716807	2	224	A	G
N1_N2	0.00180172277485	2	170	C	T
N1_N2	0.00201046347105	1	434	C	T
N1_N2	0.00220418955518	2	251	T	C
N1_N2	0.00228498785889	1	311	T	C
N1_N2	0.00248370801674	1	199	G	A
N1_N2	0.00257758213381	2	476	T	C
N1_N2	0.00281999378409	1	239	A	G
N1_N2	0.00292648288325	2	44	T	C
N1_N2	0.00296043811131	2	314	T	C
N1_N2	0.00301546084549	2	362	T	C
N1_N2	0.00355084124153	1	332	G	T
N1_N2	0.00396134030308	2	473	C	T
N1_N2	0.00420550293541	1	348	C	T
N1_N2	0.00443304006451	2	410	G	A
N1_N2	0.00492689362007	1	197	C	T
N1_N2	0.00496854257716	2	245	G	T
N1_N2	0.00541207293129	1	215	G	A
N1_N2	0.00553920204845	2	434	C	T
N1_N2	0.00556630979573	1	254	A	G
N1_N2	0.00570411392948	1	314	T	C
N1_N2	0.0060510747822	1	44	T	C
N1_N2	0.00613550815916	1	12	C	T
N1_N2	0.00651334217264	2	227	G	A
N1_N2	0.00655140114423	1	212	C	T
N1_N2	0.00723640629823	2	260	C	T
N1_N2	0.0072468814443	1	343	A	T
N1_N2	0.00729460576229	1	242	A	G
N1_N2	0.00744565027812	1	227	A	G
N1_N2	0.00768747470301	1	173	C	T
N1_N2	0.00808934170485	1	415	G	A
N1_N2	0.00842580631335	1	338	C	T
N1_N2	0.00856858451321	1	128	T	C
N1_N2	0.00879429453406	1	371	C	T
N1_N2	0.00900317172998	1	365	A	G
N1_N2	0.00959237288221	1	384	G	A
N1_N2	0.00962944377695	2	371	C	T
N1_N2	0.00967393765802	1	350	A	T
N1_N2	0.00983523208022	1	164	T	C
N1_N2	0.0102789809401	1	247	G	A
N1_N2	0.0103295541699	1	89	A	C
N1_N2	0.0107368315468	1	182	T	C
N1_N2	0.0107894256438	1	413	T	C
N1_N2	0.0110237338251	1	266	C	T
N1_N2	0.0110450282158	1	452	A	G
N1_N2	0.0113695844036	2	491	A	G
N1_N2	0.0114997510123	1	101	G	A
N1_N2	0.0121236460282	2	488	A	G
N1_N2	0.0125225659887	2	137	T	C
N1_N2	0.0125411579588	2	464	C	T
N1_N2	0.0130481362752	1	317	G	T
N1_N2	0.0131441312474	2	242	G	T
N1_N2	0.013225999463	1	167	C	T
N1_N2	0.0133999577195	2	137	C	T
N1_N2	0.0134889493518	1	209	G	A
N1_N2	0.0144114754127	1	137	T	C
N1_N2	0.0144699314785	2	437	A	G
N1_N2	0.0145194625017	1	233	A	G
N1_N2	0.0146015785386	1	254	G	A
N1_N2	0.0147538574296	2	377	A	G
N1_N2	0.0151068539538	2	440	C	T
N1_N2	0.0151606163531	2	317	G	A
N1_N2	0.0152773993725	2	149	A	G
N1_N2	0.0153477363113	2	137	T	C
N1_N2	0.0154375662662	2	467	A	G
N2_bayanus	0.000439549252107	2	373	C	T
N2_bayanus	0.000461007163074	1	173	T	C
N2_bayanus	0.000511804440142	1	350	T	C
N2_bayanus	0.000718004634405	1	362	T	C
N2_bayanus	0.000789129812311	2	107	T	A
N2_bayanus	0.00104369791805	1	354	T	G
N2_bayanus	0.00113391944639	1	149	A	G
N2_bayanus	0.00122331554345	1	434	T	G
N2_bayanus	0.00130803463361	1	431	A	G
N2_bayanus	0.00140869886999	1	440	T	A
N2_bayanus	0.00197052949215	2	20	T	G
N2_N3	0.000258167662339	2	479	A	G
N2_N3	0.0010057017755	1	317	T	A
N2_N3	0.00100632612774	1	350	T	C
N3_kudriavzevii	0.000126478329336	1	208	A	G
N3_kudriavzevii	0.000298956489003	1	23	C	T
N3_kudriavzevii	0.000356269198786	1	107	T	C
N3_kudriavzevii	0.000938411019163	1	194	C	T
N3_kudriavzevii	0.00111489537506	2	152	C	T
N3_kudriavzevii	0.00181249251147	1	56	T	A
N3_kudriavzevii	0.00231172384406	2	41	T	C
N3_kudriavzevii	0.00289559139273	2	50	G	A
N3_kudriavzevii	0.00324630893465	1	458	T	C
N3_kudriavzevii	0.00343581913338	1	263	A	C
N3_kudriavzevii	0.00360871327761	1	365	G	A
N3_kudriavzevii	0.0037713734503	2	305	T	C
N3_kudriavzevii	0.00390321217696	1	299	C	T
N3_kudriavzevii	0.00493542151411	2	123	G	A
N3_kudriavzevii	0.00498320665301	1	416	G	A
N3_kudriavzevii	0.00505991270347	1	392	A	G
N3_kudriavzevii	0.00517565130776	1	373	C	A
N3_kudriavzevii	0.00522759780379	2	317	A	G
N3_kudriavzevii	0.00592444707707	2	32	C	T
N3_N4	0.000241237744526	2	209	G	A
N3_N4	0.000271945828335	1	182	C	G
N3_N4	0.000407020998249	1	54	T	C
N3_N4	0.000549887268437	1	59	T	C
N3_N4	0.000910331061925	1	404	G	A
N3_N4	0.00120466881832	2	425	A	G
N3_N4	0.00126757351423	2	224	A	G
N3_N4	0.00143699826479	2	146	T	C
N3_N4	0.00173749259041	1	338	T	C
N3_N4	0.00198704627805	1	281	T	C
N3_N4	0.00219618850045	1	284	T	C
N3_N4	0.00235183039513	2	401	G	A
N4_mikatae	1.35530369802e-05	1	203	C	T
N4_mikatae	0.00011191766771	2	275	A	G
N4_mikatae	0.000224124628654	2	425	G	A
N4_mikatae	0.000456556995635	1	341	C	T
N4_mikatae	0.000471280313797	2	431	A	G
N4_mikatae	0.000587781695697	2	338	C	T
N4_mikatae	0.000621299924405	1	38	T	C
N4_mikatae	0.00064349370861	1	458	T	C
N4_mikatae	0.000755126029045	2	491	G	A
N4_mikatae	0.00157643852347	1	173	T	C
N4_mikatae	0.00180345307621	1	149	A	G
N4_mikatae	0.0018873933413	2	311	T	C
N4_mikatae	0.00200497039324	1	482	G	A
N4_mikatae	0.00209280464354	1	152	C	T
N4_mikatae	0.00214482546597	1	170	C	T
N4_mikatae	0.00229237701696	2	131	A	G
N4_mikatae	0.00229907784616	1	305	T	C
N4_mikatae	0.0023023400783	2	212	C	T
N4_mikatae	0.0026499951207	2	416	G	A
N4_mikatae	0.00281065837032	2	26	T	C
N4_mikatae	0.00316742567602	2	230	T	C
N4_N5	0.000175505080493	1	479	A	T
N4_N5	0.000186513356111	2	187	G	A
N4_N5	0.000245952330736	1	437	G	A
N4_N5	0.000596115847371	2	104	C	T
N4_N5	0.000635867504878	2	344	A	C
N4_N5	0.00121293342079	2	209	A	G
N4_N5	0.00130523971487	2	71	C	T
N4_N5	0.00137878030047	2	317	A	T
N4_N5	0.00148732693078	1	167	T	C
N4_N5	0.00154455769787	1	197	T	G
N5_paradoxus	0.000386127505765	1	448	G	A
N5_cerevisiae	8.97048976526e-05	1	158	A	G
N5_cerevisiae	0.000487373674594	2	194	C	T
N5_cerevisiae	0.000744505260047	2	470	G	A
N5_cerevisiae	0.000774820506512	2	38	C	T
N5_cerevisiae	0.000834932483691	2	29	A	G
N5_cerevisiae	0.00101697485728	2	392	A	G
N5_cerevisiae	0.0011916839205	2	431	A	G
N5_cerevisiae	0.0012101588566	1	272	G	A
N5_cerevisiae	0.00145548919105	2	122	G	A
N5_cerevisiae	0.00230043872136	1	398	T	C
N5_cerevisiae	0.00236519909566	1	248	G	A
N5_cerevisiae	0.00251503523252	1	320	A	G
N5_cerevisiae	0.00269865017855	2	86	C	T
N5_cerevisiae	0.00271482238805	2	338	C	T
N5_cerevisiae	0.00292073413173	2	179	T	C
N5_cerevisiae	0.00299011415858	1	9	T	C
N5_cerevisiae	0.0034117742068	2	282	C	A
N5_cerevisiae	0.00382798383851	2	431	G	A
N5_cerevisiae	0.00408627625768	1	164	C	T
