edge	time	orlg_from	orlg_to	tract_length	start_pos	stop_pos	num_diff	template_seq	overide_seq
D1_N1	0.00103287583911	2	1	1	403	403	0	T	T
D1_N1	0.00514699289845	2	1	1	206	206	0	G	G
D1_N1	0.00747789420695	1	2	1	156	156	0	G	G
D1_N1	0.00906180969398	2	1	1	694	694	0	A	A
D1_N1	0.00992584219039	1	2	1	998	998	0	C	C
N1_castellii	0.00195163506565	2	1	1	329	329	0	A	A
N1_castellii	0.00333750917502	2	1	1	985	985	0	A	A
N1_castellii	0.00419984849814	1	2	1	315	315	0	T	T
N1_castellii	0.0071953688698	1	2	1	945	945	0	A	A
N1_castellii	0.00770546626849	1	2	1	0	0	0	T	T
N1_N2	0.00100069716775	2	1	1	154	154	0	C	C
N1_N2	0.00176357488282	2	1	1	8	8	0	A	A
N1_N2	0.00245547374179	2	1	1	905	905	0	A	A
N1_N2	0.00433470044771	1	2	1	531	531	1	A	G
N1_N2	0.00532368054588	1	2	1	621	621	0	T	T
N1_N2	0.00601664087397	1	2	1	483	483	0	G	G
N1_N2	0.00731943383869	1	2	1	476	476	0	C	C
N1_N2	0.00881701540465	1	2	1	319	319	0	G	G
N1_N2	0.00895036913079	2	1	1	901	901	0	G	G
N2_bayanus	0.000589512932392	2	1	1	32	32	0	G	G
N2_bayanus	0.00378886098181	2	1	1	369	369	0	C	C
N2_bayanus	0.00390328809191	1	2	1	514	514	0	A	A
N2_bayanus	0.00799327938595	1	2	1	479	479	0	C	C
N2_N3	0.00127598570944	1	2	1	101	101	0	G	G
N2_N3	0.00224073617526	2	1	1	939	939	0	T	T
N2_N3	0.00233320644156	1	2	1	939	939	0	T	T
N2_N3	0.00271130776921	1	2	1	756	756	0	A	A
N2_N3	0.00527971075435	1	2	1	879	879	0	G	G
N2_N3	0.00692364430347	1	2	1	44	44	0	T	T
N2_N3	0.00702675584098	1	2	1	442	442	0	C	C
N2_N3	0.00751515986765	1	2	1	868	868	0	A	A
N3_kudriavzevii	0.00185628387726	1	2	1	963	963	0	T	T
N3_kudriavzevii	0.00295517679278	2	1	1	676	676	1	G	A
N3_kudriavzevii	0.00640804028307	1	2	1	244	244	0	A	A
N3_N4	0.00118591819339	2	1	1	396	396	0	T	T
N3_N4	0.00166924652599	2	1	1	954	954	0	A	A
N3_N4	0.00184987933494	1	2	1	9	9	0	C	C
N3_N4	0.00189265774372	1	2	1	207	207	0	T	T
N3_N4	0.0059368517746	2	1	1	403	403	0	T	T
N3_N4	0.00955679738571	2	1	1	242	242	0	G	G
N4_mikatae	0.000410659996065	2	1	1	692	692	0	A	A
N4_mikatae	0.00210846120584	2	1	1	290	290	1	A	T
N4_mikatae	0.00518424598591	2	1	1	8	8	0	A	A
N4_mikatae	0.0051984520551	2	1	1	943	943	0	G	G
N4_mikatae	0.00679201283357	2	1	1	874	874	0	G	G
N4_mikatae	0.00792390328721	2	1	1	270	270	1	T	G
N4_mikatae	0.0089881591744	1	2	1	508	508	0	A	A
N4_N5	0.00347234601203	1	2	1	53	53	0	A	A
N4_N5	0.00429348501744	2	1	1	872	872	1	A	G
N4_N5	0.00475351051995	1	2	1	504	504	0	A	A
N4_N5	0.0051276565689	1	2	1	1025	1025	0	G	G
N4_N5	0.00680684958336	1	2	1	860	860	1	A	T
N4_N5	0.00928725456639	1	2	1	593	593	0	G	G
N4_N5	0.00951435836553	2	1	1	554	554	0	G	G
N4_N5	0.00957811425655	1	2	1	461	461	0	T	T
N5_paradoxus	0.000112899309043	2	1	1	211	211	0	C	C
N5_paradoxus	0.00253554974172	1	2	1	82	82	0	C	C
N5_paradoxus	0.00433973799101	1	2	1	948	948	0	A	A
N5_paradoxus	0.00669435333259	2	1	1	394	394	1	G	A
N5_paradoxus	0.00741325240732	1	2	1	167	167	0	T	T
N5_cerevisiae	0.00100884253094	1	2	1	911	911	0	G	G
N5_cerevisiae	0.00163418423066	2	1	1	980	980	0	A	A
N5_cerevisiae	0.00239725143767	2	1	1	367	367	0	T	T
N5_cerevisiae	0.00556023502698	1	2	1	450	450	0	A	A
N5_cerevisiae	0.00871611602378	2	1	1	481	481	0	A	A
