edge	time	mut_orlg	mut_pos	old_state	new_state
N0_D1	0.000547424522199	0	43	A	T
N0_D1	0.000550822487098	0	189	T	C
N0_D1	0.00525382935848	0	42	G	A
N0_D1	0.00876941524577	0	166	T	C
N0_D1	0.0099942545981	0	109	A	T
N0_D1	0.0134504504358	0	128	T	A
N0_D1	0.016140373689	0	66	G	C
N0_D1	0.018357107563	0	92	T	A
N0_D1	0.0226679499906	0	83	G	A
N0_D1	0.0248533304638	0	210	T	G
N0_D1	0.0281400256262	0	54	A	C
N0_D1	0.0465544791872	0	154	A	G
D1_N1	0.00521405923621	1	151	C	T
D1_N1	0.00640891690413	2	53	G	A
D1_N1	0.00691803307875	2	9	G	A
D1_N1	0.00754817015602	1	154	G	A
D1_N1	0.0148804780628	1	177	A	C
D1_N1	0.0181417255025	2	165	T	G
D1_N1	0.0194920105672	2	54	C	T
D1_N1	0.0237747204829	1	191	G	A
D1_N1	0.0342206058853	1	208	A	T
D1_N1	0.035503388124	2	113	T	G
D1_N1	0.0372589930215	1	7	A	G
D1_N1	0.0388207233702	2	58	T	C
D1_N1	0.039538186957	1	6	G	A
D1_N1	0.040282247303	2	53	A	G
D1_N1	0.0464315653506	1	200	A	G
D1_N1	0.0464571711996	2	40	G	A
D1_N1	0.0470079894936	1	106	T	C
D1_N1	0.0502063728136	2	157	T	G
D1_N1	0.0520598014834	1	36	G	A
D1_N1	0.0557282598616	2	61	C	T
D1_N1	0.0564879599822	1	87	T	A
D1_N1	0.0616421413087	1	159	A	G
D1_N1	0.0622609741556	1	138	A	T
D1_N1	0.0625616843141	2	128	A	G
D1_N1	0.0658194179028	1	201	A	G
D1_N1	0.0737708725171	1	128	A	G
D1_N1	0.0738904758214	1	96	C	G
D1_N1	0.0762462557513	1	138	T	A
D1_N1	0.0766502665657	2	47	G	T
D1_N1	0.0778849518816	1	165	T	C
D1_N1	0.0858865831449	1	122	A	G
D1_N1	0.0865221467746	1	219	A	G
D1_N1	0.0888073882056	2	154	G	C
D1_N1	0.0918763555426	1	41	T	G
D1_N1	0.104758007062	1	165	C	T
D1_N1	0.105349558508	1	154	C	T
D1_N1	0.109777405529	1	83	A	T
D1_N1	0.115939111185	2	210	G	A
D1_N1	0.117225655042	1	128	G	C
D1_N1	0.118256838967	2	93	T	C
D1_N1	0.11833814143	2	56	C	T
D1_N1	0.118411133794	1	195	A	G
D1_N1	0.12132383041	2	43	T	A
D1_N1	0.122491717123	2	130	G	T
D1_N1	0.122611878232	2	216	A	T
D1_N1	0.1261665098	1	176	T	C
D1_N1	0.126197462286	2	86	G	C
D1_N1	0.127826299901	1	182	T	G
D1_N1	0.128364294863	2	145	G	A
D1_N1	0.132396610741	1	118	C	T
D1_N1	0.133282368283	1	19	T	A
D1_N1	0.1335948303	1	195	G	A
D1_N1	0.137673186891	2	131	G	C
D1_N1	0.140675702054	2	179	T	C
D1_N1	0.141356394154	1	184	C	T
D1_N1	0.142005550947	1	89	A	G
D1_N1	0.142409211108	1	122	G	T
D1_N1	0.144251195782	2	152	A	C
D1_N1	0.146945555219	2	146	T	C
D1_N1	0.14703020308	2	2	G	T
D1_N1	0.148200682199	1	160	T	C
D1_N1	0.149033887456	2	176	T	C
D1_N1	0.149375026391	1	200	G	A
D1_N1	0.157383376795	1	203	G	A
D1_N1	0.158023840855	1	5	G	T
D1_N1	0.16045240334	2	81	C	G
D1_N1	0.163650670959	1	152	A	G
D1_N1	0.16612368239	1	215	C	A
D1_N1	0.171875703995	1	155	C	T
D1_N1	0.17308400744	1	219	G	A
D1_N1	0.1751957899	2	132	T	G
D1_N1	0.175434595711	1	17	C	G
D1_N1	0.176514057114	1	100	G	T
D1_N1	0.178684589956	2	158	C	A
D1_N1	0.179663327379	1	202	G	A
D1_N1	0.183296716198	1	12	A	C
D1_N1	0.190514931312	1	72	A	G
D1_N1	0.19651684054	1	118	T	C
D1_N1	0.197590709128	1	135	A	T
D1_N1	0.198114208338	1	31	G	A
D1_N1	0.199260231894	1	175	C	A
D1_N1	0.199319252629	1	35	T	A
D1_N1	0.201887846328	2	186	G	A
D1_N1	0.203034314222	1	71	G	A
D1_N1	0.203674055478	1	52	T	G
D1_N1	0.20598567826	2	210	A	T
D1_N1	0.208214024658	2	90	A	G
D1_N1	0.208588808525	1	82	A	T
D1_N1	0.209315882553	2	79	A	T
D1_N1	0.214837570205	2	93	C	A
N1_N2	0.00215278479739	2	16	C	T
N1_N2	0.00536879508526	2	128	G	A
N1_N2	0.00561969329293	1	39	T	G
N1_N2	0.00994741089864	1	36	A	G
N1_N2	0.0112645875624	1	106	C	T
N1_N2	0.0130833896841	1	6	A	G
N1_N2	0.0154214657944	1	93	T	A
N1_N2	0.017022419787	1	101	A	G
N1_N2	0.0170230475082	2	202	G	T
N2_N3	0.00234471802916	1	89	G	T
N3_N4	0.000749387767413	1	71	A	C
N3_N4	0.00319986192906	1	84	G	A
N3_N4	0.00785056597578	1	129	A	G
N3_N4	0.00815222923707	2	110	A	G
N4_Human	0.000184737579772	1	105	T	A
N4_Human	0.000786143432798	2	198	A	C
N4_Human	0.00100948784892	1	65	T	G
N4_Human	0.00177564327255	1	149	T	G
N4_Human	0.00672186338013	2	64	C	G
N4_Chimp	0.00131805598061	2	48	T	C
N4_Chimp	0.00786843585486	2	170	C	A
N4_Chimp	0.00899916232855	1	189	C	G
N4_Chimp	0.0109131419639	2	135	A	G
N3_Goril	0.000776287029652	2	143	A	C
N3_Goril	0.00145545049867	2	56	T	G
N3_Goril	0.00146677211228	2	64	C	A
N3_Goril	0.00176076091545	1	161	G	A
N3_Goril	0.00221625934666	1	208	T	C
N3_Goril	0.00539845585747	1	1	A	G
N3_Goril	0.0205641045517	1	137	T	A
N2_Orang	0.00514312953175	2	220	A	T
N2_Orang	0.0103139339769	1	125	T	A
N2_Orang	0.0109545580408	1	16	C	A
N2_Orang	0.0111582837743	1	157	G	T
N2_Orang	0.0125351158081	2	63	T	G
N1_Macaq	0.000147585199812	2	166	C	T
N1_Macaq	0.00293828792414	2	120	A	G
N1_Macaq	0.00303219271663	2	151	C	T
N1_Macaq	0.011608492142	1	174	A	G
N1_Macaq	0.0151008965851	2	10	A	T
N1_Macaq	0.0157390147047	1	52	G	C
N1_Macaq	0.0188926546325	2	100	G	A
N1_Macaq	0.0288676659236	2	197	A	G
N1_Macaq	0.0320301338432	1	31	A	T
N0_Mouse	0.00673929543705	0	26	G	A
N0_Mouse	0.0142502236402	0	3	C	A
N0_Mouse	0.0190557411801	0	102	A	C
N0_Mouse	0.0262899558218	0	219	A	T
N0_Mouse	0.0382881207453	0	31	G	A
N0_Mouse	0.0439575877609	0	101	A	G
N0_Mouse	0.0534743973672	0	82	A	G
N0_Mouse	0.0550803989539	0	220	A	T
N0_Mouse	0.0613594090935	0	106	T	A
N0_Mouse	0.0616097914188	0	28	T	G
N0_Mouse	0.0631218048933	0	175	C	T
N0_Mouse	0.0650538795428	0	206	A	G
N0_Mouse	0.0742394478114	0	134	G	A
N0_Mouse	0.0756749998118	0	169	A	T
N0_Mouse	0.0782815093803	0	39	T	G
N0_Mouse	0.0812851978891	0	149	T	A
N0_Mouse	0.0825906111666	0	58	T	A
N0_Mouse	0.0860288370717	0	152	A	G
N0_Mouse	0.0905811037896	0	151	C	A
N0_Mouse	0.0922470150517	0	99	T	C
N0_Mouse	0.0934304372582	0	185	C	T
N0_Mouse	0.0958695517414	0	95	A	C
N0_Mouse	0.0963050272849	0	28	G	A
N0_Mouse	0.0990483253208	0	112	A	G
N0_Mouse	0.103587670989	0	103	C	G
N0_Mouse	0.109650559991	0	208	A	G
N0_Mouse	0.11464150099	0	143	A	T
N0_Mouse	0.120646550002	0	154	A	G
N0_Mouse	0.133782934541	0	191	G	T
N0_Mouse	0.134913782189	0	55	G	A
N0_Mouse	0.140259732678	0	82	G	T
N0_Mouse	0.146490230236	0	53	G	C
N0_Mouse	0.156269462268	0	154	G	T
N0_Mouse	0.163632336935	0	191	T	G
N0_Mouse	0.167910739786	0	33	T	C
N0_Mouse	0.172402658252	0	127	G	C
N0_Mouse	0.175587738376	0	137	T	C
N0_Mouse	0.19250146893	0	73	T	A
N0_Mouse	0.196787109642	0	66	G	A
N0_Mouse	0.200546620319	0	201	A	G
N0_Mouse	0.201190609344	0	144	A	C
N0_Mouse	0.207990087669	0	21	A	G
N0_Mouse	0.2196830931	0	95	C	A
N0_Mouse	0.224702404183	0	107	A	G
N0_Mouse	0.228785153293	0	88	C	T
N0_Mouse	0.24543581518	0	45	T	A
N0_Mouse	0.245941264829	0	202	G	A
N0_Mouse	0.251597575695	0	8	A	G
N0_Mouse	0.252561281372	0	123	T	C
N0_Mouse	0.254797286351	0	174	A	T
N0_Mouse	0.258414148343	0	29	T	A
N0_Mouse	0.258734843302	0	164	A	C
N0_Mouse	0.270401573254	0	163	C	T
N0_Mouse	0.279507076325	0	195	A	G
N0_Mouse	0.281162718262	0	188	T	A
N0_Mouse	0.285346621599	0	70	C	A
N0_Mouse	0.2867705096	0	60	A	G
N0_Mouse	0.292031803283	0	169	T	A
N0_Mouse	0.296468966893	0	218	C	T
N0_Mouse	0.301829239585	0	170	C	T
N0_Mouse	0.304454555931	0	206	G	A
N0_Mouse	0.307854879113	0	67	G	A
N0_Mouse	0.31624263412	0	32	G	T
N0_Mouse	0.324649421431	0	170	T	C
N0_Mouse	0.328098206484	0	115	C	A
N0_Mouse	0.331082491492	0	65	T	G
N0_Mouse	0.332893821284	0	175	T	C
N0_Mouse	0.342299443788	0	213	G	T
N0_Mouse	0.343952206784	0	204	T	A
N0_Mouse	0.348571782343	0	212	C	A
N0_Mouse	0.349227645363	0	165	T	A
N0_Mouse	0.377547182096	0	182	T	C
N0_Mouse	0.377920985296	0	68	T	C
N0_Mouse	0.378148249661	0	103	G	A
N0_Mouse	0.386702031485	0	110	A	G
N0_Mouse	0.390804652722	0	14	C	T
N0_Mouse	0.39239818394	0	82	T	A
N0_Mouse	0.396475681449	0	161	G	A
N0_Mouse	0.403295410102	0	156	C	T
N0_Mouse	0.409429586804	0	50	T	A
N0_Mouse	0.409444507493	0	195	G	T
N0_Mouse	0.41124082461	0	151	A	G
N0_Mouse	0.417595450561	0	2	G	A
N0_Mouse	0.424356786594	0	132	T	G
N0_Mouse	0.42957865362	0	45	A	G
N0_Mouse	0.433822591764	0	203	G	A
N0_Mouse	0.441108775377	0	148	G	T
N0_Mouse	0.441797688722	0	204	A	C
N0_Mouse	0.442671058968	0	71	G	C
N0_Mouse	0.442932549652	0	184	C	A
N0_Mouse	0.446111581081	0	121	A	G
N0_Mouse	0.448311622222	0	56	C	T
N0_Mouse	0.4528975586	0	65	G	A
