edge	time	orlg_from	orlg_to	tract_length	start_pos	stop_pos	num_diff	template_seq	overide_seq
D1_N1	0.00207548785836	2	1	1	441	441	0	G	G
D1_N1	0.00325594235461	2	1	9	374	382	0	ACTGGGAAT	ACTGGGAAT
N1_castellii	0.00122422728937	1	2	3	490	491	0	CG	CG
N1_castellii	0.00131608156195	1	2	5	347	351	0	CTTGG	CTTGG
N1_castellii	0.00174836558638	2	1	1	136	136	0	A	A
N1_castellii	0.00177787203619	2	1	2	389	390	0	AT	AT
N1_castellii	0.00190190477351	2	1	5	307	311	1	ACGCG	ACGCA
N1_castellii	0.00201015874571	1	2	5	142	146	0	ACCTC	ACCTC
N1_castellii	0.00239231862042	2	1	3	412	414	1	TCT	TTT
N1_castellii	0.00245497972517	2	1	3	263	265	0	CGT	CGT
N1_castellii	0.00263199452834	2	1	24	370	393	2	AGACACTGGGAATAAGCGCATAAC	AGACACTGGGAATAAGTACATAAC
N1_castellii	0.00288260707063	2	1	6	105	110	0	TACCGT	TACCGT
N1_castellii	0.00385647713105	1	2	11	248	258	0	ACGTAGTCACT	ACGTAGTCACT
N1_castellii	0.00451872476168	2	1	21	439	459	3	CTGACCTCACTCGATCTTGAT	CCGACCTCACTCGGTTTTGAT
N1_castellii	0.0048366115582	1	2	1	26	26	1	A	G
N1_castellii	0.00521862280102	1	2	2	466	467	0	AG	AG
N1_castellii	0.00526394955619	1	2	17	0	16	1	ATGAGTCCTGGTAAGGT	ATAAGTCCTGGTAAGGT
N1_castellii	0.0078789555664	2	1	12	243	254	0	TGACCACGTAGT	TGACCACGTAGT
N1_castellii	0.00852328798187	2	1	5	347	351	0	CTTGG	CTTGG
N1_castellii	0.00904409220896	2	1	9	313	321	0	CGGCCGAGA	CGGCCGAGA
N1_castellii	0.00948006250374	2	1	5	224	228	0	TTTCT	TTTCT
N1_castellii	0.00959622451401	2	1	10	184	193	1	ACTGCACTTT	ACTGCACATT
N1_castellii	0.0116757842368	1	2	2	363	364	0	CA	CA
N1_castellii	0.0117089164759	2	1	1	373	373	0	C	C
N1_N2	0.000511676425706	2	1	6	349	354	0	TGGTCT	TGGTCT
N1_N2	0.00146740374813	2	1	13	265	277	0	TATATGTCGTAGC	TATATGTCGTAGC
N1_N2	0.00275879258243	2	1	4	311	314	0	AACG	AACG
N1_N2	0.00325958873569	1	2	1	458	458	0	A	A
N1_N2	0.00334185114938	1	2	16	187	202	0	GCACATTATACTGGCC	GCACATTATACTGGCC
N1_N2	0.00512030866143	1	2	3	253	255	0	GTC	GTC
N1_N2	0.00621925689612	1	2	5	111	115	0	CGACA	CGACA
N1_N2	0.00652156517395	1	2	10	209	218	1	CGTAGGAGGA	CGTAGGGGGA
N1_N2	0.00670020123828	2	1	1	204	204	0	A	A
N1_N2	0.00742852039857	2	1	3	289	291	0	ACT	ACT
N1_N2	0.00743837761551	1	2	3	341	343	0	CAT	CAT
N1_N2	0.00790286490561	2	1	8	444	451	1	CTTACTCG	CTCACTCG
N1_N2	0.00806627795988	1	2	2	111	112	0	CG	CG
N1_N2	0.00872854459502	1	2	2	407	408	1	CC	GC
N1_N2	0.00885562500982	2	1	26	228	253	4	TATACTACGACTGCCTGACCACGCAG	TACACGACGACTGCTTGACCACGTAG
N1_N2	0.0090451085692	1	2	22	364	385	2	AGGAGGAGATACTGGGAATAAG	AGGAGGAGACATTGGGAATAAG
N1_N2	0.00970490354431	2	1	2	225	226	0	TT	TT
N1_N2	0.00988026966321	2	1	2	291	292	0	TT	TT
N1_N2	0.0100748396499	2	1	24	155	178	3	CGACACGGTCGAAGCTCGCCCCAC	CGACACGGTTGAGGCTCGTCCCAC
N1_N2	0.010147459115	2	1	1	459	459	0	T	T
N1_N2	0.0105537140478	1	2	3	287	289	0	TCA	TCA
N1_N2	0.0110543975223	2	1	4	420	423	1	CACG	CGCG
N1_N2	0.0115817795799	2	1	4	151	154	0	TCGA	TCGA
N1_N2	0.0116124395691	2	1	7	17	23	1	ACGCTGA	ACGATGA
N1_N2	0.0122244709332	2	1	10	224	233	2	TTTCTACACT	TTTTTATACT
N1_N2	0.0125470289313	1	2	5	184	188	1	ACTGT	ACTGC
N2_bayanus	0.000950897849043	1	2	6	486	491	1	ACTTCA	ACTTCG
N2_bayanus	0.00111861072771	1	2	2	373	374	0	TA	TA
N2_N3	4.38214323153e-05	1	2	1	245	245	1	A	G
N2_N3	0.000405009597446	1	2	11	176	186	0	CACATAATACT	CACATAATACT
N2_N3	0.00117098423305	1	2	13	54	66	1	ACGTTAAGCTATA	ACGTTAAGTTATA
N3_kudriavzevii	0.00184697565387	2	1	11	76	86	1	TGGTTAAACAC	TGGTCAAACAC
N3_kudriavzevii	0.00328776143189	1	2	14	477	490	1	GTGGTGTGTACTTC	GTTGTGTGTACTTC
N3_kudriavzevii	0.00404449702052	1	2	1	251	251	1	C	T
N3_kudriavzevii	0.00437270546223	1	2	16	68	83	2	TTGAAACATGGTTAAA	CCGAAACATGGTTAAA
N3_N4	0.00146363610378	2	1	4	45	48	0	TTCA	TTCA
N3_N4	0.00151379207324	2	1	8	27	34	0	CAATTATT	CAATTATT
N3_N4	0.001665747206	1	2	3	68	70	1	TTG	TCG
N4_mikatae	8.02499814987e-05	1	2	3	405	407	1	ATT	ATC
N4_mikatae	8.43313303648e-05	1	2	7	339	345	1	AACATTG	AACATTA
N4_mikatae	0.000327261822986	2	1	2	321	322	0	AC	AC
N4_mikatae	0.00126732989982	1	2	14	397	410	1	TCGTACCTATTCCT	TCGTACCCATTCCT
N4_mikatae	0.00157315750714	1	2	2	224	225	1	CT	TT
N4_mikatae	0.00164401240792	2	1	21	77	97	1	GGTCAAACACGGGGTTATTTT	GGTCAAACACGGAGTTATTTT
N4_mikatae	0.00197796817711	1	2	3	386	388	0	TGC	TGC
N4_mikatae	0.00285602960323	1	2	13	346	358	3	ACTTGGTCTAGTA	GCTTAGTCTAGTG
N4_mikatae	0.00383438822101	2	1	4	204	207	0	ATGT	ATGT
N5_paradoxus	0.000797313180686	1	2	6	337	342	0	GCAACA	GCAACA
N5_paradoxus	0.00107756058306	2	1	1	253	253	0	G	G
N5_paradoxus	0.00151039752169	2	1	33	389	421	7	GTAACAGATCGTACCCATCCCTTTCTTCGCACA	ATAACAAATCGTACCTATTCCTTTTTTTGCGCA
N5_cerevisiae	7.48677023769e-06	2	1	5	12	16	1	AAGGT	AAAGT
N5_cerevisiae	0.000935951108845	1	2	7	291	297	1	TTACAAA	TTACAGA
N5_cerevisiae	0.00133695173329	2	1	5	1	5	1	TTAGT	TAAGT
N5_cerevisiae	0.00175916814947	1	2	12	292	303	1	TACAAAGCCACG	TACAAAGCCATG
N5_cerevisiae	0.00190508699244	2	1	11	201	211	1	CCTATGTCTGT	CCTATGTCCGT
N5_cerevisiae	0.00212972695298	2	1	1	117	117	0	C	C
N5_cerevisiae	0.00341376163287	1	2	1	122	122	1	G	A
N5_cerevisiae	0.00367849616166	1	2	3	293	295	0	ACA	ACA
