edge	time	orlg_from	orlg_to	tract_length	start_pos	stop_pos	num_diff	template_seq	overide_seq
D1_N1	0.000272812282364	1	2	2	321	322	0	AG	AG
D1_N1	0.000516973383874	1	2	4	312	315	0	TAGG	TAGG
D1_N1	0.000622052305876	2	1	4	502	505	0	GACT	GACT
D1_N1	0.000937227797065	2	1	2	543	544	0	AC	AC
D1_N1	0.0009780090055	1	2	1	334	334	0	A	A
D1_N1	0.0029383118704	1	2	3	367	369	0	GCA	GCA
D1_N1	0.00367956439202	2	1	2	549	550	0	AT	AT
D1_N1	0.0037905888075	2	1	6	553	558	0	TGTTAG	TGTTAG
D1_N1	0.00443265909951	1	2	6	25	30	0	AGTACT	AGTACT
D1_N1	0.0046220257441	1	2	2	539	540	0	GA	GA
D1_N1	0.00464637940747	2	1	4	560	563	0	CATA	CATA
D1_N1	0.00496803833705	2	1	1	563	563	0	A	A
D1_N1	0.00569344015808	2	1	2	288	289	0	GA	GA
D1_N1	0.00571584669948	1	2	3	487	489	0	AAG	AAG
N1_castellii	0.00163416065571	1	2	4	133	136	0	GATC	GATC
N1_castellii	0.00163486267018	1	2	3	15	17	0	CGC	CGC
N1_castellii	0.00203858049669	1	2	3	183	185	0	TGC	TGC
N1_castellii	0.00278449617892	2	1	3	451	453	0	CGA	CGA
N1_castellii	0.00296831220224	1	2	2	157	158	0	TG	TG
N1_castellii	0.00359713554703	2	1	6	195	200	1	TCCTAA	TCTTAA
N1_castellii	0.00389898063541	1	2	4	159	162	0	AATG	AATG
N1_castellii	0.00412763561883	1	2	1	134	134	0	A	A
N1_castellii	0.00427569673658	2	1	1	541	541	0	G	G
N1_castellii	0.00436057847868	2	1	6	453	458	0	ACGGAC	ACGGAC
N1_castellii	0.00452881772562	1	2	1	43	43	0	A	A
N1_castellii	0.00464552170515	1	2	5	439	443	1	TATTG	TATTA
N1_castellii	0.00508082098945	2	1	2	174	175	1	CC	AC
N1_castellii	0.00600824349551	1	2	11	179	189	1	GACATGCATGA	GACATGCGTGA
N1_castellii	0.00663921698207	1	2	10	213	222	0	CATGGACTTA	CATGGACTTA
N1_castellii	0.00668887372562	2	1	18	589	606	2	TGTGAATCACTAGAAACA	TGTGGATCACTAGGAACA
N1_castellii	0.0070227879845	2	1	8	296	303	0	TAATAATT	TAATAATT
N1_castellii	0.00710732235979	1	2	2	427	428	0	AT	AT
N1_castellii	0.00731941462401	1	2	4	496	499	0	GCTT	GCTT
N1_castellii	0.00784832326066	2	1	1	549	549	0	A	A
N1_castellii	0.00883137255346	2	1	5	105	109	0	GATCT	GATCT
N1_castellii	0.00949066893225	1	2	4	75	78	1	TTCA	TTCG
N1_castellii	0.010264441637	2	1	1	521	521	0	G	G
N1_castellii	0.0104923069451	2	1	3	340	342	0	ATC	ATC
N1_N2	1.8182473628e-05	2	1	1	425	425	0	C	C
N1_N2	6.18942503798e-05	1	2	4	370	373	0	GCGC	GCGC
N1_N2	0.000706256345309	1	2	5	149	153	1	GACCA	AACCA
N1_N2	0.000831030000266	2	1	3	440	442	0	ATT	ATT
N1_N2	0.00116744180293	1	2	5	282	286	0	GATAA	GATAA
N1_N2	0.00206911504199	1	2	4	387	390	0	TTTG	TTTG
N1_N2	0.00236615162213	1	2	3	2	4	0	TTA	TTA
N1_N2	0.00278181524322	1	2	2	680	681	0	TA	TA
N1_N2	0.00363008045389	1	2	8	253	260	0	TTTAAGTG	TTTAAGTG
N1_N2	0.00369752281681	2	1	1	303	303	0	T	T
N1_N2	0.00512316509639	2	1	4	177	180	0	TTGA	TTGA
N1_N2	0.00515042181097	1	2	3	671	673	0	TTA	TTA
N1_N2	0.00527648006552	1	2	1	48	48	0	G	G
N1_N2	0.00566211056466	2	1	1	456	456	0	G	G
N1_N2	0.0059244883129	1	2	1	113	113	0	T	T
N1_N2	0.00611559065309	2	1	2	51	52	0	TT	TT
N1_N2	0.00631190387185	1	2	1	133	133	0	G	G
N1_N2	0.00646952521115	1	2	5	546	550	0	GCCAT	GCCAT
N1_N2	0.00664639959923	2	1	2	563	564	0	AA	AA
N1_N2	0.00667943083871	2	1	5	209	213	0	CAGGC	CAGGC
N1_N2	0.00669442899266	1	2	3	496	498	0	GCT	GCT
N1_N2	0.00679411730932	2	1	1	105	105	0	G	G
N1_N2	0.00682438670787	2	1	1	513	513	0	T	T
N1_N2	0.00800608025196	2	1	8	298	305	1	ATAATTAG	ATGATTAG
N1_N2	0.00801611069141	1	2	1	264	264	0	T	T
N1_N2	0.00810712258126	2	1	2	381	382	0	GG	GG
N1_N2	0.00846456110567	1	2	1	139	139	0	T	T
N1_N2	0.00847499609492	1	2	1	579	579	0	T	T
N1_N2	0.0092217282554	1	2	4	512	515	1	TTCC	CTCC
N1_N2	0.00945463133594	2	1	4	244	247	0	CAAT	CAAT
N1_N2	0.0101332688668	1	2	4	233	236	2	GATA	AATG
N1_N2	0.0106899598998	2	1	6	74	79	1	ATTCGT	ATTCAT
N1_N2	0.0115929196013	2	1	2	200	201	0	AC	AC
N1_N2	0.0116886954337	1	2	3	466	468	0	ACT	ACT
N1_N2	0.0119834643202	2	1	5	320	324	1	GAGTT	AAGTT
N1_N2	0.0125468443732	2	1	1	664	664	0	A	A
N1_N2	0.0125702635586	1	2	1	90	90	0	C	C
N1_N2	0.0127099460508	1	2	1	265	265	0	C	C
N1_N2	0.0129733179994	2	1	3	261	263	1	AAG	GAG
N1_N2	0.0132511938097	2	1	3	197	199	0	CTA	CTA
N2_bayanus	1.28185544033e-05	1	2	6	214	219	1	ATGGGC	ATGGAC
N2_bayanus	0.000215081938581	1	2	8	664	671	0	AAGCAGGT	AAGCAGGT
N2_bayanus	0.000814900720581	2	1	3	604	606	0	ACA	ACA
N2_bayanus	0.000863007307568	1	2	1	570	570	0	A	A
N2_bayanus	0.0026120839077	1	2	5	456	460	1	GACTA	GATTA
N2_bayanus	0.00308576471632	1	2	2	657	658	0	CG	CG
N2_bayanus	0.00362051416538	2	1	5	156	160	1	TTAAA	TTGAA
N2_bayanus	0.00410423281195	2	1	2	192	193	0	GA	GA
N2_bayanus	0.00413676756222	2	1	14	186	199	3	GTGATAGAGTCCTA	ATAATGGAGTCCTA
N2_bayanus	0.00422902663698	1	2	6	647	652	0	CAATCA	CAATCA
N2_bayanus	0.00496408047668	2	1	3	551	553	1	ACT	GCT
N2_bayanus	0.00497827129365	2	1	1	375	375	0	C	C
N2_bayanus	0.00530144059028	1	2	5	289	293	0	ATCAC	ATCAC
N2_bayanus	0.00534386120274	1	2	4	53	56	1	CAAA	GAAA
N2_bayanus	0.00682738623707	2	1	3	49	51	0	CTT	CTT
N2_bayanus	0.00690967988154	2	1	4	679	682	1	ATAC	ACAC
N2_bayanus	0.00697666279055	1	2	2	567	568	0	CC	CC
N2_bayanus	0.00716978975189	1	2	2	388	389	0	TT	TT
N2_bayanus	0.00762579184616	1	2	4	12	15	1	ATTC	ATCC
N2_bayanus	0.00762652184422	2	1	5	194	198	0	GTCCT	GTCCT
N2_bayanus	0.00794683550749	2	1	8	618	625	0	CTGATCTT	CTGATCTT
N2_bayanus	0.00821142275902	2	1	1	430	430	0	A	A
N2_bayanus	0.00835982065853	1	2	2	599	600	0	TA	TA
N2_bayanus	0.00842552669574	1	2	9	562	570	2	CGAAGCCTA	TAAAGCCTA
N2_N3	0.000621127582178	2	1	1	240	240	0	C	C
N2_N3	0.000689764897944	2	1	2	282	283	0	GA	GA
N2_N3	0.000861859338891	1	2	3	634	636	0	TCA	TCA
N2_N3	0.00102008537834	1	2	4	337	340	0	CCGA	CCGA
N2_N3	0.00107486495257	1	2	11	241	251	0	CTACAATAGAT	CTACAATAGAT
N2_N3	0.00110458494923	2	1	3	82	84	1	ACC	ACT
N2_N3	0.0015171415894	1	2	2	365	366	1	TC	TT
N2_N3	0.00181619356427	2	1	2	30	31	0	TA	TA
N2_N3	0.00206241043475	1	2	1	641	641	0	T	T
N3_kudriavzevii	0.000505035449095	2	1	8	54	61	0	AAAGAGTT	AAAGAGTT
N3_kudriavzevii	0.00088600215038	1	2	3	148	150	0	TGA	TGA
N3_kudriavzevii	0.00106757021436	2	1	3	606	608	0	AAC	AAC
N3_kudriavzevii	0.00125354562664	2	1	8	229	236	1	GGCGAATA	GGCGGATA
N3_kudriavzevii	0.00141038515046	2	1	5	218	222	1	ACTTA	GCTTA
N3_kudriavzevii	0.00145826585634	1	2	5	32	36	0	GATAG	GATAG
N3_kudriavzevii	0.00152442547521	2	1	1	364	364	0	A	A
N3_kudriavzevii	0.00239495792184	2	1	4	643	646	0	TGGA	TGGA
N3_kudriavzevii	0.0035382736452	1	2	11	606	616	2	AACGTCTACGT	AACATTTACGT
N3_kudriavzevii	0.00371026185944	1	2	4	263	266	0	GTCC	GTCC
N3_kudriavzevii	0.00400719024905	2	1	3	35	37	0	AGA	AGA
N3_kudriavzevii	0.00461671627384	1	2	3	606	608	0	AAC	AAC
N3_kudriavzevii	0.00504223458149	1	2	3	661	663	1	CTA	CCA
N3_kudriavzevii	0.00584796887503	2	1	2	138	139	0	CT	CT
N3_N4	0.000164403587313	2	1	1	314	314	1	G	A
N3_N4	0.000457013284656	1	2	5	62	66	1	CCATT	TCATT
N3_N4	0.000649853679148	1	2	1	639	639	0	C	C
N3_N4	0.0013249554483	2	1	5	496	500	0	GCTTT	GCTTT
N3_N4	0.0014737918605	2	1	6	662	667	1	CAAAGC	TAAAGC
N3_N4	0.00152679261388	2	1	3	622	624	0	TCT	TCT
N4_mikatae	0.000273585164019	1	2	1	238	238	0	A	A
N4_mikatae	0.000359067139503	2	1	15	106	120	3	ACCTTTTTCGAGGAT	ACCTCTTTCGTGGGT
N4_mikatae	0.000538953194052	1	2	1	276	276	0	T	T
N4_mikatae	0.000798445905855	2	1	8	546	553	0	GCCATACT	GCCATACT
N4_mikatae	0.00174027547772	2	1	2	343	344	0	AG	AG
N4_mikatae	0.00184394166992	2	1	1	309	309	0	A	A
N4_mikatae	0.00184574984425	1	2	17	590	606	2	GTGAATCACTAGAAACA	GTGAATCACCAGAAATA
N4_mikatae	0.00235434950055	1	2	3	284	286	0	TAA	TAA
N4_mikatae	0.00272794679265	1	2	1	358	358	0	C	C
N4_mikatae	0.00280131148614	2	1	2	26	27	0	GT	GT
N4_mikatae	0.00303908517674	1	2	1	483	483	0	T	T
N4_mikatae	0.00349194853884	2	1	1	231	231	0	C	C
N4_mikatae	0.0035762811346	1	2	4	364	367	0	ATCG	ATCG
N4_mikatae	0.00384079422663	2	1	6	116	121	0	AGGATC	AGGATC
N4_mikatae	0.00396213471828	2	1	5	104	108	0	CGACC	CGACC
N4_mikatae	0.00444916790877	1	2	16	334	349	2	AACCCGATCAGAATTC	AACCTGATCAGAACTC
N4_mikatae	0.00454300540035	1	2	13	291	303	1	CACGATAATAATT	CACGACAATAATT
N4_mikatae	0.00565503332248	1	2	3	267	269	0	GGT	GGT
N4_mikatae	0.00570568036642	1	2	2	617	618	1	CC	TC
N4_mikatae	0.00624624628368	1	2	1	137	137	1	A	G
N4_mikatae	0.0069199726024	1	2	6	167	172	1	CACGTC	TACGTC
N4_mikatae	0.00716970275662	1	2	1	166	166	0	A	A
N4_mikatae	0.00725688099626	1	2	1	513	513	0	T	T
N4_mikatae	0.00880109760422	2	1	2	467	468	1	CT	TT
N4_mikatae	0.00930584182177	1	2	2	230	231	0	GC	GC
N5_paradoxus	6.09352047047e-05	1	2	2	203	204	0	AC	AC
N5_paradoxus	8.57371752487e-05	1	2	2	477	478	0	TT	TT
N5_paradoxus	0.000508760244882	1	2	8	477	484	0	TTATCGTA	TTATCGTA
N5_paradoxus	0.00169856527132	1	2	1	595	595	0	T	T
N5_paradoxus	0.00175291306986	1	2	4	314	317	1	GGCC	GGCT
N5_paradoxus	0.00255051974119	2	1	1	327	327	0	T	T
N5_paradoxus	0.00276318541484	2	1	6	265	270	0	CCGGTT	CCGGTT
N5_paradoxus	0.00308947313125	1	2	2	455	456	1	AG	TG
N5_paradoxus	0.00378853326841	1	2	1	518	518	0	A	A
N5_paradoxus	0.00392008520394	1	2	8	528	535	0	AGCATCAT	AGCATCAT
N5_cerevisiae	5.30503855822e-06	1	2	1	527	527	0	A	A
N5_cerevisiae	0.000110707729761	2	1	1	166	166	0	A	A
N5_cerevisiae	0.000439196835016	1	2	1	334	334	0	A	A
N5_cerevisiae	0.000472181160192	1	2	1	681	681	0	A	A
N5_cerevisiae	0.00066417119113	2	1	6	524	529	0	TAAAAG	TAAAAG
N5_cerevisiae	0.000801873136334	2	1	4	232	235	1	GAAT	GGAT
N5_cerevisiae	0.00135016082179	2	1	3	421	423	0	AAT	AAT
N5_cerevisiae	0.0018844946686	2	1	2	371	372	1	GG	CG
N5_cerevisiae	0.00242658337574	1	2	3	605	607	0	CAA	CAA
N5_cerevisiae	0.00250656339516	2	1	4	562	565	1	TAAA	CAAA
N5_cerevisiae	0.00369005570682	2	1	6	113	118	1	TCGAGG	TCGTGG
