edge	time	mut_orlg	mut_pos	old_state	new_state
N0_kluyveri	0.00501969867058	0	90	AAA	AAG
N0_kluyveri	0.00800242341166	0	42	AGC	AGT
N0_kluyveri	0.0142391225669	0	48	CAG	CAA
N0_kluyveri	0.0145734956816	0	76	TTG	TTA
N0_kluyveri	0.01506779502	0	75	TCT	TCG
N0_kluyveri	0.017117500634	0	135	TGT	TGC
N0_kluyveri	0.0215902233198	0	150	GCC	GCT
D1_N1	0.00032333580297	1	109	TCT	TTT
D1_N1	0.000906381646774	2	53	ATA	ATT
D1_N1	0.00417072220941	1	83	TTG	TTA
D1_N1	0.00851160155381	1	49	ACC	ACG
D1_N1	0.0111879489167	2	132	CAT	CAC
D1_N1	0.0160569929888	2	64	CCC	CCT
D1_N1	0.0173839809675	2	152	GAG	GAA
D1_N1	0.0211618578979	2	65	GTG	GTA
D1_N1	0.0220939632351	2	154	TTC	TTT
D1_N1	0.0236183239799	1	5	CTC	CTT
D1_N1	0.0306924650156	2	161	TTA	CTA
D1_N1	0.0310165617305	1	81	GAC	GTC
D1_N1	0.0419083270056	1	148	GCG	GCC
D1_N1	0.0419440673676	1	139	TTT	TTC
D1_N1	0.04417507419	2	148	GCG	GTG
D1_N1	0.0458914897105	1	72	GCC	GCT
D1_N1	0.0524033927164	1	86	CTG	CTA
D1_N1	0.0531429797078	2	43	GGC	TGC
D1_N1	0.0546581713557	1	38	GCT	GCC
D1_N1	0.0558836781473	2	144	TAC	TAT
D1_N1	0.0569766318513	1	149	CAC	CAT
D1_N1	0.060751255208	1	5	CTT	CTC
D1_N1	0.0613889125886	2	48	CAG	CAA
D1_N1	0.0627049651666	1	127	ATA	ACA
D1_N1	0.062752731452	1	71	GGA	GGT
D1_N1	0.0631834797089	2	28	AGG	AGA
D1_N1	0.065488802769	2	116	CGC	CGT
D1_N1	0.0678113814473	1	74	TCC	TCA
D1_N1	0.0692578952188	2	154	TTT	TTC
D1_N1	0.0694139631085	2	163	GTA	GTC
D1_N1	0.0742624008146	1	131	ATC	ATT
D1_N1	0.0751818061591	1	126	GCA	GCG
D1_N1	0.0769758837337	2	67	GAG	GAA
D1_N1	0.0782195206466	1	153	GCA	GCT
D1_N1	0.0829865356443	1	5	CTC	CTT
D1_N1	0.0872164057302	2	8	CAG	CAA
D1_N1	0.0875654833555	1	109	TTT	TTC
D1_N1	0.0914085840385	1	140	GAT	GAC
D1_N1	0.09291047633	2	120	ACA	ACG
D1_N1	0.0929870092686	1	68	GCG	GCA
D1_N1	0.0954932191574	2	40	TCA	TCG
D1_N1	0.100096201343	2	65	GTA	ATA
D1_N1	0.101288797758	2	12	TCG	TCA
D1_N1	0.102921853381	2	118	CGA	CGG
D1_N1	0.105681945055	2	115	TTA	TTG
D1_N1	0.108878541939	2	40	TCG	TCA
D1_N1	0.112391372652	2	43	TGC	CGC
D1_N1	0.118115972098	2	70	TCC	TCT
D1_N1	0.118148985383	2	138	GCG	GCT
D1_N1	0.124653531518	2	42	AGC	AGT
D1_N1	0.126934357726	1	74	TCA	TCT
D1_N1	0.128476483309	2	98	TCC	TCT
D1_N1	0.128548659547	1	115	TTA	TTG
D1_N1	0.130522062667	1	148	GCC	ACC
D1_N1	0.134741777401	2	59	ACA	ACG
D1_N1	0.136108711545	1	127	ACA	ACG
D1_N1	0.137107087522	2	32	GTT	GTG
D1_N1	0.151840005734	2	2	GCC	GCT
D1_N1	0.153844724068	2	30	ACG	ACA
D1_N1	0.155420851358	2	96	GGG	GGC
D1_N1	0.155475108301	1	78	ATT	ATC
D1_N1	0.156398731896	2	94	ACA	ACT
D1_N1	0.157610750642	1	76	TTG	CTG
D1_N1	0.161650280503	2	4	ACC	ACT
D1_N1	0.163851199088	2	84	GTC	GAC
D1_N1	0.164388475699	2	144	TAT	TAC
D1_N1	0.172670538095	2	106	GCG	GCT
D1_N1	0.175901615857	2	100	TTA	CTA
D1_N1	0.179790974294	1	63	GCC	GCT
D1_N1	0.181079087534	2	104	AAC	AAT
D1_N1	0.184942784155	2	161	CTA	CTT
D1_N1	0.188792936115	2	99	CTA	TTA
D1_N1	0.188855387095	1	129	ATT	ATC
D1_N1	0.191375092137	1	110	ACG	ACT
D1_N1	0.194462415416	1	6	GGT	GGC
D1_N1	0.197453573247	2	58	AGC	AGT
D1_N1	0.206570329375	2	154	TTC	TTT
D1_N1	0.207900369219	2	21	TAT	TAC
D1_N1	0.208449421456	2	8	CAA	CAG
D1_N1	0.212860802303	2	55	AAG	AAA
D1_N1	0.212919318912	2	148	GTG	GTA
N1_castellii	0.000432414866644	1	159	AAG	AAA
N1_castellii	0.00134002617876	1	150	GCC	GTC
N1_castellii	0.00468032950014	2	163	GTC	GTT
N1_castellii	0.00564286088421	1	45	ACT	ACA
N1_castellii	0.00596404349097	2	56	TCT	TCC
N1_castellii	0.00852811738824	2	64	CCT	CCA
N1_castellii	0.0102130533133	1	86	CTA	CTG
N1_castellii	0.0144016976094	2	117	ACT	ACC
N1_castellii	0.0151027484831	2	45	ACT	ACC
N1_castellii	0.0170620863758	2	95	CAT	CAC
N1_castellii	0.022207608637	2	45	ACC	ACG
N1_castellii	0.0270042198433	2	9	GAA	GAG
N1_castellii	0.0285888072006	2	61	GTA	GTG
N1_castellii	0.041393343344	2	10	CAG	CAA
N1_castellii	0.0423965955103	1	150	GTC	GTA
N1_castellii	0.044456612881	1	52	GCC	GCT
N1_castellii	0.0491541085363	2	123	AGG	AGA
N1_castellii	0.0519363816244	1	141	TTT	TTC
N1_castellii	0.0523357157192	2	119	TCA	TCC
N1_castellii	0.0569488870012	2	62	CCA	CCG
N1_castellii	0.0669771851683	2	135	TGT	TGC
N1_castellii	0.0670006046689	2	158	ATA	ATT
N1_castellii	0.0729767769074	2	22	GGG	GGA
N1_castellii	0.0763097745227	1	2	GCC	GCT
N1_castellii	0.077021790016	1	131	ATT	ATC
N1_castellii	0.0845562332254	2	118	CGG	CGA
N1_castellii	0.0933436388973	1	99	CTA	TTA
N1_castellii	0.100173198126	1	127	ACG	ACA
N1_castellii	0.102361779549	1	116	CGC	CGT
N1_castellii	0.108498205131	2	141	TTT	TTC
N1_castellii	0.110042732067	2	135	TGC	CGC
N1_castellii	0.113980534716	1	34	TCT	TCC
N1_castellii	0.114812419767	1	111	AGG	AGA
N1_castellii	0.114916323589	2	23	TAC	TAT
N1_castellii	0.115054000513	2	39	CAT	CAC
N1_castellii	0.117865495113	2	24	CCG	CCA
N1_castellii	0.121212276837	2	38	GCT	GCC
N1_castellii	0.124077453882	1	126	GCG	GCA
N1_castellii	0.125309602998	2	29	TAC	TAT
N1_castellii	0.127960769407	2	122	TTC	TTT
N1_castellii	0.128453780194	2	140	GAT	GAC
N1_castellii	0.128605498188	1	5	CTT	CTC
N1_castellii	0.130914585789	1	17	ACG	ACA
N1_castellii	0.133844815469	2	160	TTA	CTA
N1_castellii	0.133969980538	2	2	GCT	GCC
N1_castellii	0.134547012177	1	55	AAG	AAA
N1_castellii	0.136490380117	2	148	GTA	GCA
N1_castellii	0.138346785934	1	116	CGT	CGC
N1_castellii	0.14718426486	1	9	GAA	GAG
N1_castellii	0.151632894406	1	120	ACA	ACG
N1_castellii	0.155134138377	2	86	CTG	TTG
N1_castellii	0.155563160347	2	78	ATT	ATC
N1_castellii	0.159909069887	1	126	GCA	GTA
N1_castellii	0.166555757097	2	97	GAC	GAT
N1_castellii	0.175264689134	2	59	ACG	ACA
N1_N2	0.0044675375816	1	123	AGG	AGA
N1_N2	0.00449020713341	2	81	GAC	AAC
N1_N2	0.00848989576307	2	27	CGT	CGC
N1_N2	0.0125516049617	2	97	GAC	GAT
N1_N2	0.0129572971428	1	99	CTA	TTA
N1_N2	0.0144312996778	2	16	ACT	ACC
N1_N2	0.0151048380938	2	133	TAT	CAT
N1_N2	0.0166640174737	1	21	TAT	TAC
N1_N2	0.0187530707272	1	76	CTG	CTA
N1_N2	0.0202786032878	2	140	GAT	GAC
N1_N2	0.0262672467753	1	156	GTA	GTG
N1_N2	0.0264941960397	2	152	GAA	GAG
N1_N2	0.0280666072331	1	71	GGT	GGC
N1_N2	0.0384964383341	1	140	GAC	GAT
N1_N2	0.042913683792	1	56	TCT	TCG
N1_N2	0.0455745239719	1	124	TCA	TCG
N1_N2	0.0465896720522	1	90	AAA	AAG
N1_N2	0.0520024090018	2	50	ATC	ATT
N1_N2	0.0520626902768	2	120	ACG	ACA
N1_N2	0.0560560552276	2	56	TCT	TCC
N1_N2	0.0589495970517	1	117	ACT	ACC
N1_N2	0.0593391448373	1	161	TTA	TTG
N1_N2	0.0657342706224	2	123	AGG	AGA
N1_N2	0.0712204279839	2	162	TAT	TAC
N1_N2	0.0716536449088	2	12	TCA	TCT
N1_N2	0.0798505479754	1	36	CTC	CTT
N1_N2	0.0808505356079	2	53	ATT	ATC
N1_N2	0.0814417469814	2	37	CGA	AGA
N1_N2	0.0914591773959	2	86	CTG	CTT
N1_N2	0.0930994775269	1	62	CCA	TCA
N1_N2	0.0932493872577	2	81	AAC	AAT
N1_N2	0.0934649210515	2	107	AGG	AGA
N1_N2	0.0949752067262	1	138	GCG	GCA
N1_N2	0.0953000625425	2	101	AAT	AAC
N1_N2	0.10161249033	1	160	TTA	TTG
N1_N2	0.102977137151	2	26	TGC	TGT
N1_N2	0.103079208759	2	26	TGT	TGC
N1_N2	0.105266325632	2	33	ATT	ATC
N1_N2	0.106306875019	2	44	CAA	CAG
N1_N2	0.109364655837	1	23	TAC	TAT
N1_N2	0.112071707192	1	150	GCC	GCT
N1_N2	0.113406577861	2	83	TTG	TTA
N1_N2	0.116866746914	1	71	GGC	GGA
N1_N2	0.121545586819	1	67	GAG	GAA
N1_N2	0.12253237298	1	111	AGG	AGA
N1_N2	0.123106215738	1	81	GTC	GTG
N1_N2	0.12423831931	1	122	TTC	TTT
N1_N2	0.128218733119	1	107	AGG	AGA
N1_N2	0.130069420792	2	39	CAT	CAC
N1_N2	0.132451467842	2	39	CAC	CAT
N1_N2	0.13336064763	2	42	AGT	AGC
N1_N2	0.138342398166	2	50	ATT	ATC
N1_N2	0.138819772067	1	24	CCG	CCA
N1_N2	0.140710049757	1	124	TCG	TCA
N1_N2	0.142675156321	2	104	AAT	GAT
N1_N2	0.153589227692	2	72	GCC	GCT
N1_N2	0.155585629971	1	99	TTA	TTG
N1_N2	0.160944306275	1	65	GTG	GTA
N1_N2	0.161273511214	1	107	AGA	GGA
N1_N2	0.163829059765	2	111	AGG	AGA
N1_N2	0.165057028561	2	31	TTG	TTA
N1_N2	0.166529251713	2	116	CGT	CGC
N1_N2	0.167326708013	1	67	GAA	GAG
N1_N2	0.17483068728	2	103	ATT	ATC
N1_N2	0.17692035274	1	139	TTC	TTT
N1_N2	0.181719672067	2	133	CAT	CAC
N1_N2	0.184114285878	2	27	CGC	GGC
N1_N2	0.188804752611	2	84	GAC	GAT
N1_N2	0.190659293732	2	14	TCT	ACT
N1_N2	0.198993652635	1	76	CTA	CTT
N1_N2	0.199819018619	2	150	GCC	GCT
N1_N2	0.201742510012	1	107	GGA	GGG
N1_N2	0.2018269944	1	7	CAT	CAC
N1_N2	0.206268607889	2	151	CTA	CTG
N1_N2	0.209434928146	2	38	GCT	GCC
N1_N2	0.213527932624	1	69	AGT	AGC
N2_bayanus	0.00334527626729	1	126	GCG	GCC
N2_bayanus	0.00433091863213	1	97	GAC	GAT
N2_bayanus	0.00521054817367	1	80	AGT	AGC
N2_bayanus	0.00674046849522	2	140	GAC	GAT
N2_bayanus	0.0142194885411	1	137	CCA	CCG
N2_bayanus	0.016956575548	2	96	GGC	GGT
N2_bayanus	0.023901367038	2	162	TAC	TAT
N2_bayanus	0.024614639978	1	125	CAT	CAC
N2_N3	0.00105839111569	1	52	GCC	GCT
N2_N3	0.00206708563755	1	34	TCT	TCA
N2_N3	0.00377066683538	1	43	GGC	GGT
N2_N3	0.00395156606571	2	9	GAA	GAG
N2_N3	0.00400994949258	2	83	TTA	TTG
N2_N3	0.0042524314561	2	98	TCT	TCC
N2_N3	0.00725654398898	1	31	TTG	CTG
N2_N3	0.0133322031309	2	105	TCA	TCT
N2_N3	0.0133940328588	2	132	CAC	CAT
N2_N3	0.0141090123664	1	89	CGA	CGC
N2_N3	0.0145525021035	2	111	AGA	AGG
N2_N3	0.0154088875991	2	122	TTC	TTT
N2_N3	0.0169936847167	1	65	GTA	ATA
N2_N3	0.0190300822315	2	125	CAT	CAC
N3_kudriavzevii	0.00322155032682	1	124	TCA	TCG
N3_kudriavzevii	0.0109308599901	1	45	ACT	ACC
N3_kudriavzevii	0.0123397206394	1	79	TAT	TAC
N3_kudriavzevii	0.0140144554407	2	63	GCC	GCT
N3_kudriavzevii	0.0146276024533	2	27	GGC	GGT
N3_kudriavzevii	0.019332008237	1	163	GTA	GTT
N3_kudriavzevii	0.0208693613658	2	24	CCG	CCA
N3_kudriavzevii	0.0347545346762	2	151	CTG	CTA
N3_kudriavzevii	0.0374088723203	1	96	GGG	GGA
N3_kudriavzevii	0.0374487181081	2	129	ATT	ATC
N3_kudriavzevii	0.0404884829959	2	18	ATT	ATC
N3_kudriavzevii	0.0412787173006	2	100	CTA	TTA
N3_kudriavzevii	0.0438290760816	1	100	TTA	CTA
N3_kudriavzevii	0.0565998505744	2	96	GGC	AGC
N3_kudriavzevii	0.0576374693688	2	57	GCG	GCA
N3_kudriavzevii	0.0654768817946	2	67	GAA	GAG
N3_kudriavzevii	0.070648720064	2	75	TCT	TCC
N3_kudriavzevii	0.0744138877337	2	120	ACA	ACT
N3_kudriavzevii	0.0758811918812	1	126	GCG	GCA
N3_kudriavzevii	0.0764732409108	1	161	TTG	TTA
N3_kudriavzevii	0.0778833012209	2	94	ACT	ATT
N3_kudriavzevii	0.0809159185774	1	31	CTG	TTG
N3_kudriavzevii	0.082019108008	2	7	CAT	CAC
N3_N4	0.00103659691179	1	93	AAC	AAT
N3_N4	0.00352319123866	2	101	AAC	AAT
N3_N4	0.00942809777914	1	52	GCT	GCC
N3_N4	0.0108628584053	2	29	TAC	TAT
N3_N4	0.0128448387454	1	31	CTG	TTG
N3_N4	0.0170614084571	2	17	ACG	ACA
N3_N4	0.0248315507465	2	32	GTG	GTA
N3_N4	0.0292470672455	1	160	TTG	TTA
N3_N4	0.0305079990776	2	157	CAA	CAG
N4_mikatae	0.00740126749242	2	7	CAT	CAC
N4_mikatae	0.0143941354419	1	8	CAG	CAA
N4_mikatae	0.0171034306568	2	67	GAA	GAG
N4_mikatae	0.0171888492262	2	43	CGC	CAC
N4_mikatae	0.0171987788371	1	132	CAT	CAC
N4_mikatae	0.0174430353841	1	125	CAT	CAC
N4_mikatae	0.0177780856706	2	107	AGA	AGG
N4_mikatae	0.0195545891019	2	99	TTA	TTG
N4_mikatae	0.0242835372348	2	53	ATC	ATA
N4_mikatae	0.0247431760746	1	107	GGG	GGT
N4_mikatae	0.0265011311572	2	88	AAC	AAT
N4_mikatae	0.0307915674996	1	79	TAT	TAC
N4_mikatae	0.0313082275356	1	108	CGA	CGG
N4_mikatae	0.0342019886438	1	159	AAG	AAA
N4_mikatae	0.0343701535367	2	148	GTA	GTG
N4_mikatae	0.0365482877611	1	9	GAA	GAG
N4_mikatae	0.0382286404598	1	129	ATC	ATT
N4_mikatae	0.0393077312445	2	142	AAA	AAG
N4_mikatae	0.0454569578158	2	33	ATC	ATT
N4_mikatae	0.0476693964106	1	55	AAG	GAG
N4_mikatae	0.0493964739898	1	9	GAG	GGG
N4_mikatae	0.0507031581007	1	24	CCA	CTA
N4_mikatae	0.0539653231596	1	73	CGT	CAT
N4_mikatae	0.0542489081702	1	107	GGT	GGC
N4_N5	0.000790314472015	1	145	AGA	AGG
N4_N5	0.000801927747696	1	147	GTT	GTA
N4_N5	0.0139670777393	2	83	TTG	CTG
N4_N5	0.0153778990656	2	83	CTG	CTC
N4_N5	0.0157353018825	2	104	GAT	GAC
N4_N5	0.0164381731517	1	8	CAG	CAA
N4_N5	0.0184393730134	1	19	TAT	CAT
N4_N5	0.0218318377061	2	138	GCT	GCC
N5_paradoxus	7.09825754201e-06	1	94	ACA	ACG
N5_paradoxus	0.000450327328026	1	74	TCT	TCC
N5_paradoxus	0.000964453046635	1	47	TTT	TTC
N5_paradoxus	0.0137154679041	2	108	CGA	CGG
N5_paradoxus	0.0172314703091	2	9	GAG	GAA
N5_paradoxus	0.0182500874532	1	104	AAC	AAT
N5_paradoxus	0.0213132846005	1	41	CTA	TTA
N5_cerevisiae	0.00391404030612	1	115	TTG	TTA
N5_cerevisiae	0.00494862725159	2	134	CTT	CTC
N5_cerevisiae	0.0104365749336	2	31	TTA	CTA
N5_cerevisiae	0.0105662025814	1	111	AGA	AAA
N5_cerevisiae	0.0145339238015	1	36	CTT	CTG
N5_cerevisiae	0.01510573561	1	42	AGC	GGC
N5_cerevisiae	0.0215202143295	2	144	TAC	TAT
N5_cerevisiae	0.0223113954467	1	108	CGA	CGT
N5_cerevisiae	0.0226847767223	2	107	AGA	AGG
N5_cerevisiae	0.0229029136924	2	107	AGG	CGG
N5_cerevisiae	0.0257583499992	1	87	AAA	AAG
N5_cerevisiae	0.031667212415	1	136	TGT	TGC
N5_cerevisiae	0.0368784371558	2	92	ATC	GTC
N5_cerevisiae	0.0434053567464	2	133	CAC	CAT
N5_cerevisiae	0.0452363839796	1	110	ACT	ACC
N5_cerevisiae	0.0499922289925	2	105	TCT	TCC
N5_cerevisiae	0.0508161576556	2	26	TGC	TTC
N5_cerevisiae	0.0555308686353	1	160	TTA	TTG
