edge	time	mut_orlg	mut_pos	old_state	new_state
N0_D1	0.000285954537996	0	244	A	T
N0_D1	0.00378372108104	0	317	G	A
N0_D1	0.00531289496415	0	427	T	C
N0_D1	0.00564044257387	0	479	T	G
N0_D1	0.00604568541643	0	250	T	G
N0_D1	0.00620883453939	0	147	G	T
N0_D1	0.00786981379683	0	586	T	A
N0_D1	0.00825929756415	0	329	A	T
N0_D1	0.00835783881977	0	161	G	A
N0_D1	0.00879156721357	0	312	A	T
N0_D1	0.0112394037394	0	436	A	G
N0_D1	0.0138815834102	0	317	A	G
N0_D1	0.0156601780191	0	120	G	T
N0_D1	0.0227876678857	0	329	T	C
N0_D1	0.0236542953912	0	198	A	G
N0_D1	0.0242221969666	0	571	T	G
N0_D1	0.0317010371876	0	267	T	C
N0_D1	0.0319066317907	0	347	G	A
N0_D1	0.0321052409649	0	221	C	T
N0_D1	0.0348010366317	0	327	T	A
N0_D1	0.0363554742208	0	308	G	A
N0_D1	0.0407081507695	0	187	G	A
N0_D1	0.0407504886264	0	23	G	C
N0_D1	0.0410502857648	0	40	A	T
N0_D1	0.0450635990641	0	338	G	A
N0_D1	0.0456225188818	0	293	C	A
N0_D1	0.0461682881257	0	67	C	T
N0_D1	0.0469144783434	0	27	G	T
N0_D1	0.0498451438612	0	649	C	A
N0_D1	0.0499836217423	0	184	G	T
D1_N1	0.00106124432493	1	658	A	T
D1_N1	0.00154321453266	2	633	A	G
D1_N1	0.0026783879688	2	435	G	C
D1_N1	0.00362487084041	2	668	G	T
D1_N1	0.00387157814003	1	383	C	T
D1_N1	0.00473232585692	2	236	T	A
D1_N1	0.00687052487057	1	20	C	A
D1_N1	0.00741940818034	2	247	G	A
D1_N1	0.00882019316465	2	330	C	T
D1_N1	0.0105074979912	1	364	T	C
D1_N1	0.0108808655266	1	213	T	C
D1_N1	0.0130812416272	1	669	A	G
D1_N1	0.0131543184339	2	514	C	T
D1_N1	0.0133465691407	2	222	T	C
D1_N1	0.0143769196135	1	455	A	G
D1_N1	0.0146464039731	1	662	T	G
D1_N1	0.0160846449035	1	515	T	C
D1_N1	0.0167579976532	2	473	A	T
D1_N1	0.0172296625938	1	611	A	C
D1_N1	0.0178839320774	2	49	T	C
D1_N1	0.0190740122915	2	436	G	T
D1_N1	0.0205359803303	2	286	A	G
D1_N1	0.0209260204721	1	364	C	A
D1_N1	0.0214722775501	2	196	T	C
D1_N1	0.0222320976115	2	220	T	C
D1_N1	0.0225696691683	1	466	C	G
D1_N1	0.0228174003368	2	191	A	T
D1_N1	0.0240871032675	1	415	C	G
D1_N1	0.024276310183	2	223	T	A
D1_N1	0.0251354191721	2	417	T	A
D1_N1	0.0257804678655	1	161	A	G
D1_N1	0.0258137480954	2	266	T	A
D1_N1	0.0264562889162	2	305	A	T
D1_N1	0.0269942458454	1	40	T	A
D1_N1	0.0287693956195	2	376	C	G
D1_N1	0.0288034064396	2	385	A	G
D1_N1	0.0289252037378	2	672	A	G
D1_N1	0.0295906958998	1	604	T	C
D1_N1	0.0303874515354	1	537	A	C
D1_N1	0.030714078615	1	252	G	A
D1_N1	0.0318208811495	1	603	A	T
D1_N1	0.0325756304732	1	519	C	T
D1_N1	0.0350593884816	1	602	C	T
D1_N1	0.0351988997742	2	152	T	G
D1_N1	0.0366993491437	2	431	C	T
D1_N1	0.0368086013505	1	283	A	T
D1_N1	0.0370602082369	1	462	T	G
D1_N1	0.0382782598622	1	97	T	C
D1_N1	0.0396174803382	2	656	A	C
D1_N1	0.0399443866123	2	632	A	T
D1_N1	0.0401670152916	2	568	C	T
D1_N1	0.0401904039965	2	621	T	A
D1_N1	0.0415025894429	1	156	C	A
D1_N1	0.042304426115	1	373	G	C
D1_N1	0.04241580922	2	95	G	T
D1_N1	0.0428360309059	2	253	T	C
D1_N1	0.0450283206341	1	76	A	G
D1_N1	0.0452963975654	1	326	T	A
D1_N1	0.0453843726631	2	468	T	C
D1_N1	0.0478643082826	1	91	T	G
D1_N1	0.048123324092	2	281	A	G
D1_N1	0.0489328803566	1	188	C	T
D1_N1	0.0512427338246	1	340	G	T
D1_N1	0.0514576905654	2	486	C	T
D1_N1	0.0529636223125	1	610	G	A
D1_N1	0.053334998533	2	496	G	T
D1_N1	0.0554906149742	2	318	T	G
D1_N1	0.0558719105381	1	451	T	C
D1_N1	0.0572120010046	1	298	G	C
D1_N1	0.0615194301865	1	48	A	T
D1_N1	0.0616518217915	1	581	A	T
D1_N1	0.0623035051321	2	105	G	A
D1_N1	0.062864838658	2	257	A	C
D1_N1	0.06336356702	1	99	T	C
D1_N1	0.064646185311	2	676	A	T
D1_N1	0.0658785687403	1	581	T	A
D1_N1	0.0664762145025	2	462	G	A
D1_N1	0.0664967641941	1	582	A	G
D1_N1	0.0669462399256	2	18	C	T
D1_N1	0.0669484897	1	536	A	G
D1_N1	0.0672241640256	1	638	T	C
D1_N1	0.0680988805021	1	547	G	A
D1_N1	0.0689416777993	2	226	C	T
D1_N1	0.0689829241714	1	606	G	A
D1_N1	0.0696888272773	2	26	T	A
D1_N1	0.0698114520567	1	305	A	T
D1_N1	0.0702708351176	2	308	A	G
D1_N1	0.0715606840439	2	439	C	T
D1_N1	0.0716339191336	1	582	G	T
D1_N1	0.0729443459594	1	401	C	T
D1_N1	0.0749379946097	2	431	C	T
D1_N1	0.0756916444367	1	641	T	C
D1_N1	0.0767959750534	1	470	C	T
D1_N1	0.0769302911191	2	476	T	A
D1_N1	0.0776934907355	2	522	T	C
D1_N1	0.0782890610925	2	612	A	C
D1_N1	0.0786124036382	2	537	C	T
D1_N1	0.0787024016932	1	168	C	G
D1_N1	0.0791249936379	1	23	C	A
D1_N1	0.0809654761865	2	405	A	G
D1_N1	0.0817942445108	1	124	A	G
D1_N1	0.0824466012685	1	578	G	C
D1_N1	0.0828442851038	1	565	C	G
D1_N1	0.0828896114615	2	639	A	C
D1_N1	0.0830081160176	1	66	T	C
D1_N1	0.0831535328144	2	196	T	A
D1_N1	0.084566541897	2	545	C	T
D1_N1	0.084656438924	1	444	G	A
D1_N1	0.0848176748224	1	545	C	T
D1_N1	0.084870792757	1	389	A	T
D1_N1	0.0853408577055	2	215	G	A
D1_N1	0.0854619494062	1	468	T	C
D1_N1	0.0858571954884	1	282	A	C
D1_N1	0.0874767100861	2	207	A	T
D1_N1	0.0902358910507	2	96	C	T
D1_N1	0.0903341913815	1	391	G	C
D1_N1	0.0911057971074	1	534	T	A
D1_N1	0.0922421576583	2	292	T	A
D1_N1	0.0923567738267	2	197	A	G
D1_N1	0.0924089052714	1	315	A	C
D1_N1	0.0947293863507	1	648	A	G
D1_N1	0.0970678294477	2	609	A	C
D1_N1	0.0987853831326	1	579	C	A
D1_N1	0.0999854931261	2	595	C	G
D1_N1	0.100570130545	2	536	A	T
D1_N1	0.100874710363	1	425	T	G
D1_N1	0.100882272991	1	623	G	A
D1_N1	0.101306835308	1	203	T	A
D1_N1	0.102357245121	1	353	G	T
D1_N1	0.102530448881	2	288	T	C
D1_N1	0.10256003493	1	56	A	G
D1_N1	0.104927619484	1	548	C	A
D1_N1	0.106163139292	2	166	T	C
D1_N1	0.106771688776	1	523	G	A
D1_N1	0.107143154242	2	578	G	A
D1_N1	0.108122901952	1	577	C	G
D1_N1	0.108232963183	2	614	T	A
D1_N1	0.108480358078	1	510	C	G
D1_N1	0.110630508442	2	523	G	A
D1_N1	0.111204204923	2	583	T	C
D1_N1	0.111692748056	1	567	A	C
D1_N1	0.112237354013	1	131	A	T
D1_N1	0.112426725037	2	622	T	A
D1_N1	0.113131532827	1	609	A	C
D1_N1	0.113592230533	1	617	T	C
D1_N1	0.115189348498	2	45	T	A
D1_N1	0.115710859732	1	87	T	A
D1_N1	0.115812412293	2	483	T	G
D1_N1	0.116371364464	1	441	A	G
D1_N1	0.116710523437	2	467	C	T
D1_N1	0.117661126891	2	359	G	A
D1_N1	0.118049863301	2	75	A	G
D1_N1	0.121044855018	1	613	C	A
D1_N1	0.12183306637	2	395	A	T
D1_N1	0.121971226673	1	336	A	C
D1_N1	0.122990859768	2	591	T	G
D1_N1	0.123406210278	1	392	G	A
D1_N1	0.123558078201	2	144	G	T
D1_N1	0.12588286274	2	495	T	C
D1_N1	0.126483461507	2	152	T	A
D1_N1	0.126793218588	1	326	A	C
D1_N1	0.127042668848	2	676	T	C
D1_N1	0.128740376815	2	251	T	A
D1_N1	0.129297268541	1	645	C	G
D1_N1	0.130185738596	2	196	A	G
D1_N1	0.130826305687	2	262	G	A
D1_N1	0.131076967772	1	138	T	C
D1_N1	0.131363743641	2	488	T	A
D1_N1	0.13139520547	2	197	G	T
D1_N1	0.132730886358	1	486	C	G
D1_N1	0.133184697509	2	522	C	T
D1_N1	0.13441675879	2	298	G	A
D1_N1	0.134943140727	1	476	T	A
D1_N1	0.135370522766	2	167	C	A
D1_N1	0.136384536314	1	236	T	G
D1_N1	0.136817805153	2	609	C	T
D1_N1	0.136911157004	2	61	A	G
D1_N1	0.142103632016	1	494	G	C
D1_N1	0.142216165979	2	91	T	C
D1_N1	0.142345703233	2	565	C	T
D1_N1	0.142926830787	1	416	G	T
D1_N1	0.143372600172	2	249	A	T
D1_N1	0.146171392121	1	574	G	C
D1_N1	0.147405725451	1	672	A	G
D1_N1	0.147711446224	2	340	G	A
D1_N1	0.150030407597	1	303	T	A
D1_N1	0.15228311288	1	332	T	C
D1_N1	0.152381853531	2	413	T	G
D1_N1	0.152811340355	2	580	C	A
D1_N1	0.153363261461	2	148	A	G
D1_N1	0.154628469823	1	494	C	T
D1_N1	0.155014554085	1	217	T	G
D1_N1	0.155478853539	2	515	C	G
D1_N1	0.158052423987	1	461	A	T
D1_N1	0.159567185403	2	58	A	G
D1_N1	0.160152664706	1	307	A	G
D1_N1	0.161657514893	2	66	T	A
D1_N1	0.161833352956	1	55	G	C
D1_N1	0.161886125257	2	150	C	A
D1_N1	0.162404242424	1	158	C	T
D1_N1	0.162995629254	1	266	T	A
D1_N1	0.165234597496	1	470	T	A
D1_N1	0.165831959647	2	59	G	A
D1_N1	0.168048325446	2	413	G	T
D1_N1	0.168376440501	1	485	A	G
D1_N1	0.168486485994	2	234	T	A
D1_N1	0.169703642415	2	573	G	T
D1_N1	0.171141286016	1	403	A	T
D1_N1	0.171913837997	2	524	A	G
D1_N1	0.172771307171	1	164	G	A
D1_N1	0.172940096066	2	544	T	G
D1_N1	0.173665079233	2	622	A	T
D1_N1	0.173912103422	2	453	A	G
D1_N1	0.173929438015	2	668	G	A
D1_N1	0.174497580686	2	180	T	C
D1_N1	0.175022472966	2	21	T	A
D1_N1	0.175684455036	1	381	A	G
D1_N1	0.175794548595	2	122	T	A
D1_N1	0.176887870118	1	269	A	C
D1_N1	0.179501109117	1	6	A	G
D1_N1	0.180891580072	1	70	A	C
D1_N1	0.181627959353	1	26	T	G
D1_N1	0.184212244926	1	517	C	T
D1_N1	0.186347436626	2	269	A	G
D1_N1	0.187714761979	2	449	T	C
D1_N1	0.189170605813	1	607	G	C
D1_N1	0.19033658026	1	590	T	A
D1_N1	0.190357914116	2	480	C	T
D1_N1	0.191267108094	1	451	C	G
D1_N1	0.191561853195	1	320	A	T
D1_N1	0.191746823326	1	155	A	G
D1_N1	0.192726286446	1	420	C	G
D1_N1	0.19276472179	1	50	T	C
D1_N1	0.193757647647	1	222	T	A
D1_N1	0.19407653208	2	297	G	T
D1_N1	0.19434445474	2	352	T	G
D1_N1	0.195469286464	1	24	A	G
D1_N1	0.195797189526	2	96	T	G
D1_N1	0.196092525981	1	494	T	G
D1_N1	0.197160784084	1	179	T	C
D1_N1	0.198665189698	1	512	A	G
D1_N1	0.198837438822	1	214	T	C
D1_N1	0.201367482721	2	346	A	G
D1_N1	0.201505941466	2	657	G	C
D1_N1	0.201935399445	2	569	C	T
D1_N1	0.202795174091	2	71	C	T
D1_N1	0.203580078479	1	680	T	C
D1_N1	0.204174836154	1	344	G	A
D1_N1	0.205541648557	2	256	T	A
D1_N1	0.205870285374	2	106	A	T
D1_N1	0.2060074213	1	154	G	A
D1_N1	0.206137691291	1	413	T	A
D1_N1	0.206232562705	2	134	G	T
D1_N1	0.206446740231	1	61	A	G
D1_N1	0.206747544286	1	662	G	T
D1_N1	0.207116077335	2	443	C	A
D1_N1	0.207627821854	2	538	A	T
D1_N1	0.207779710111	1	605	A	G
D1_N1	0.210047496937	2	63	A	G
D1_N1	0.210224370587	1	386	T	A
D1_N1	0.210230501619	1	444	A	G
D1_N1	0.210471583468	2	381	A	C
D1_N1	0.211235953058	2	446	G	A
D1_N1	0.211297003738	1	198	G	A
D1_N1	0.211650683572	1	122	T	C
D1_N1	0.212522353773	2	421	T	C
N1_N2	0.00127555221399	2	605	A	G
N1_N2	0.00129903593571	1	679	G	A
N1_N2	0.00423118286091	1	62	C	A
N1_N2	0.00577850080695	2	656	C	T
N1_N2	0.00747574318928	1	575	T	A
N1_N2	0.00872112541952	1	675	T	C
N1_N2	0.00930021575241	1	308	A	G
N1_N2	0.00971157541343	2	277	G	A
N1_N2	0.0102061659304	1	392	A	G
N1_N2	0.011173566997	2	654	G	C
N1_N2	0.0116709344083	1	154	A	G
N1_N2	0.0131939658113	2	571	G	C
N1_N2	0.0132300044801	2	38	G	A
N1_N2	0.01420673953	1	289	C	T
N1_N2	0.0153128534447	2	544	G	A
N1_N2	0.0154895141079	2	31	T	C
N1_N2	0.0155607888439	2	242	A	T
N1_N2	0.0158178689706	2	407	C	A
N1_N2	0.0173351653899	2	355	G	T
N2_N3	4.54923944096e-05	1	584	A	T
N2_N3	0.000113379310946	1	281	A	G
N2_N3	0.000526111503699	2	577	C	A
N2_N3	0.00132295324675	2	575	T	G
N2_N3	0.00290126963416	1	144	G	A
N2_N3	0.00337075208377	2	586	A	G
N2_N3	0.00465597613826	1	270	T	G
N2_N3	0.00492726241858	1	601	T	C
N2_N3	0.00513124443778	2	221	T	C
N3_N4	0.000296053980668	2	407	A	T
N3_N4	0.000376249898783	2	224	G	C
N3_N4	0.00169099472586	2	318	G	T
N3_N4	0.00178344358208	2	559	T	G
N3_N4	0.00198840826401	1	8	T	C
N3_N4	0.00216978504648	2	217	T	G
N3_N4	0.00270896121811	1	37	G	A
N3_N4	0.00307837226941	2	280	A	G
N3_N4	0.003160794093	2	522	T	A
N3_N4	0.00450578108556	1	185	A	G
N3_N4	0.00557417512078	1	113	G	A
N3_N4	0.00577832101975	1	64	A	T
N3_N4	0.00580126761616	2	263	T	G
N3_N4	0.0060736771812	2	89	G	A
N3_N4	0.00693143325979	1	221	T	A
N3_N4	0.00754658346967	1	410	G	A
N3_N4	0.00848005012428	1	377	T	A
N4_Human	0.000550181067987	2	549	T	A
N4_Human	0.000827023987444	1	10	C	T
N4_Human	0.000895944797588	1	137	T	C
N4_Human	0.00102735272768	1	388	G	T
N4_Human	0.00188064767522	1	209	A	C
N4_Human	0.00232119165876	1	162	A	T
N4_Human	0.00311903284395	1	437	A	T
N4_Human	0.00364371807083	2	95	T	A
N4_Human	0.00575777857833	1	599	T	C
N4_Human	0.00653320078588	1	602	T	A
N4_Human	0.00675083863387	1	401	T	G
N4_Human	0.00709511698767	1	12	A	T
N4_Human	0.00721606335958	1	250	G	A
N4_Human	0.00801031694729	2	362	G	A
N4_Human	0.0086789588161	1	100	T	A
N4_Human	0.0106957810108	1	249	A	G
N4_Chimp	0.000145892438987	1	330	C	T
N4_Chimp	0.00081868791663	1	559	T	A
N4_Chimp	0.00139875572506	2	633	A	T
N4_Chimp	0.00173874489067	1	564	A	G
N4_Chimp	0.00260687190518	2	340	A	G
N4_Chimp	0.00273700476743	2	94	C	T
N4_Chimp	0.00274927761578	1	134	G	T
N4_Chimp	0.00397545184012	2	621	A	T
N4_Chimp	0.00485372574566	1	319	C	T
N4_Chimp	0.00828370913563	2	319	C	T
N4_Chimp	0.00933407844249	1	182	T	G
N4_Chimp	0.0100887224139	2	213	C	A
N4_Chimp	0.0106685452418	2	601	T	C
N4_Chimp	0.0107606183181	2	12	A	G
N3_Goril	0.0015791494364	2	535	T	C
N3_Goril	0.00219040463238	2	614	A	G
N3_Goril	0.00250523517018	1	289	T	G
N3_Goril	0.00289296850299	1	512	G	T
N3_Goril	0.00390991923312	2	575	G	T
N3_Goril	0.00498204008198	1	452	G	A
N3_Goril	0.00638110922367	2	77	A	G
N3_Goril	0.00657106085623	2	327	A	T
N3_Goril	0.00804922742901	1	179	C	T
N3_Goril	0.0082605753496	2	542	G	T
N3_Goril	0.00902331647028	1	263	T	C
N3_Goril	0.0105499953468	1	373	C	A
N3_Goril	0.0109367046977	1	442	T	C
N3_Goril	0.012462173454	1	70	C	T
N3_Goril	0.0130250010228	2	351	T	A
N3_Goril	0.0130493347047	2	170	A	G
N3_Goril	0.0135126098797	1	356	C	T
N3_Goril	0.0143930610327	1	277	G	T
N3_Goril	0.0144058052315	1	594	T	A
N3_Goril	0.016011004324	1	627	C	G
N3_Goril	0.0162579764999	1	17	G	T
N3_Goril	0.0205750896126	2	55	G	T
N2_Orang	0.000188104724119	1	161	G	A
N2_Orang	0.000388558052297	2	112	T	C
N2_Orang	0.00147633981855	2	110	T	A
N2_Orang	0.00220107424427	1	265	G	C
N2_Orang	0.00247416496742	1	524	A	C
N2_Orang	0.00274945905576	1	89	G	T
N2_Orang	0.0027768538397	1	585	T	A
N2_Orang	0.00349666845628	2	637	C	A
N2_Orang	0.00535025679271	2	377	T	G
N2_Orang	0.00558062406212	1	662	T	C
N2_Orang	0.00619699561901	2	212	T	A
N2_Orang	0.00645242046449	1	387	A	T
N2_Orang	0.00675592190005	2	219	T	C
N2_Orang	0.00843177795261	1	477	T	A
N2_Orang	0.00871523509863	1	269	C	A
N2_Orang	0.00925950226997	1	599	T	G
N2_Orang	0.0103285984925	1	633	A	G
N2_Orang	0.0107164181374	1	501	T	A
N2_Orang	0.0111309918221	2	543	T	C
N2_Orang	0.0135994669581	1	246	T	G
N2_Orang	0.0142181318634	1	631	G	C
N1_Macaq	0.000218098796573	2	424	A	G
N1_Macaq	0.000330423864892	2	320	A	T
N1_Macaq	0.000414894625954	2	404	T	C
N1_Macaq	0.000771778613245	1	558	A	C
N1_Macaq	0.00100858484338	1	63	A	T
N1_Macaq	0.00161238493351	1	373	C	A
N1_Macaq	0.00209477635822	1	556	G	A
N1_Macaq	0.00248494538414	1	84	T	C
N1_Macaq	0.00253207414556	1	100	T	G
N1_Macaq	0.00308259480158	1	588	A	G
N1_Macaq	0.00344646891288	1	173	T	C
N1_Macaq	0.00744241534883	2	38	G	A
N1_Macaq	0.00832134916061	1	465	G	T
N1_Macaq	0.0106641560342	1	467	C	T
N1_Macaq	0.0123425468309	2	55	G	T
N1_Macaq	0.0133721193302	2	558	A	C
N1_Macaq	0.014203651913	1	467	T	C
N1_Macaq	0.0143141638421	1	22	A	C
N1_Macaq	0.0143680678822	1	631	G	T
N1_Macaq	0.0147216097407	2	557	C	T
N1_Macaq	0.0153725087447	1	427	C	G
N1_Macaq	0.0159335605115	2	166	C	T
N1_Macaq	0.0161282856189	1	139	G	C
N1_Macaq	0.0186228261817	1	295	T	A
N1_Macaq	0.0192990163425	2	268	T	A
N1_Macaq	0.019614886189	1	468	C	G
N1_Macaq	0.0197208218762	2	606	G	T
N1_Macaq	0.0200670358259	2	83	A	C
N1_Macaq	0.0220206150128	1	101	A	G
N1_Macaq	0.0246516344851	2	298	A	G
N1_Macaq	0.0252023152523	1	256	T	G
N1_Macaq	0.0256177529379	2	257	C	T
N1_Macaq	0.025661602273	2	96	G	C
N1_Macaq	0.0259790653646	2	55	T	G
N1_Macaq	0.0271579533064	1	19	C	T
N1_Macaq	0.0302322457827	2	364	A	G
N1_Macaq	0.0302978063156	1	354	A	G
N1_Macaq	0.0312558023894	1	330	C	A
N1_Macaq	0.0314697448901	2	311	T	A
N0_Mouse	0.002904916613	0	80	T	A
N0_Mouse	0.00345990499949	0	354	A	G
N0_Mouse	0.00367005878311	0	289	C	A
N0_Mouse	0.00377047749103	0	354	G	C
N0_Mouse	0.00417292016317	0	510	C	G
N0_Mouse	0.00452250310202	0	453	A	C
N0_Mouse	0.0050255821911	0	493	A	C
N0_Mouse	0.00542684025399	0	512	A	G
N0_Mouse	0.00543752632004	0	238	A	C
N0_Mouse	0.00941247682893	0	619	A	G
N0_Mouse	0.00952172223654	0	153	T	G
N0_Mouse	0.0102630835091	0	514	C	T
N0_Mouse	0.0129995589955	0	329	A	G
N0_Mouse	0.0131400135206	0	477	T	A
N0_Mouse	0.0156142711517	0	569	C	T
N0_Mouse	0.0173340899352	0	189	A	T
N0_Mouse	0.0185792143994	0	404	T	C
N0_Mouse	0.019619901524	0	639	A	G
N0_Mouse	0.02087943107	0	27	G	A
N0_Mouse	0.0218115025828	0	277	G	A
N0_Mouse	0.0250517158366	0	518	T	C
N0_Mouse	0.0271291415517	0	260	G	A
N0_Mouse	0.0286217238695	0	154	G	A
N0_Mouse	0.0298141282205	0	37	G	A
N0_Mouse	0.032742557245	0	69	T	G
N0_Mouse	0.0328703708694	0	135	G	T
N0_Mouse	0.0344520269832	0	272	G	C
N0_Mouse	0.0366528470308	0	244	A	G
N0_Mouse	0.0436881126951	0	37	A	G
N0_Mouse	0.0439639233523	0	142	G	A
N0_Mouse	0.0448235897271	0	207	A	T
N0_Mouse	0.0482748949944	0	419	A	C
N0_Mouse	0.0486714653512	0	554	T	A
N0_Mouse	0.0495703886268	0	258	G	A
N0_Mouse	0.0495830656802	0	380	A	C
N0_Mouse	0.0518768712322	0	575	T	G
N0_Mouse	0.0529808598311	0	482	G	A
N0_Mouse	0.0529895269942	0	26	T	C
N0_Mouse	0.0533888877565	0	319	C	A
N0_Mouse	0.0535613255667	0	418	G	A
N0_Mouse	0.0573724226066	0	432	C	T
N0_Mouse	0.0585769926156	0	158	C	A
N0_Mouse	0.058985865149	0	477	A	C
N0_Mouse	0.0596231148934	0	563	T	C
N0_Mouse	0.0604691304971	0	653	C	A
N0_Mouse	0.0627307107199	0	69	G	A
N0_Mouse	0.0648155101963	0	573	G	T
N0_Mouse	0.0681027021926	0	264	T	G
N0_Mouse	0.0699990209513	0	628	T	A
N0_Mouse	0.0701302006965	0	283	A	G
N0_Mouse	0.0721906809611	0	306	A	G
N0_Mouse	0.0722590799886	0	680	T	C
N0_Mouse	0.0738033810741	0	116	T	G
N0_Mouse	0.0754484102252	0	39	C	G
N0_Mouse	0.0805718340803	0	41	A	T
N0_Mouse	0.0806086223318	0	38	G	A
N0_Mouse	0.0813322136884	0	136	C	T
N0_Mouse	0.0821416507651	0	566	A	G
N0_Mouse	0.0863667673814	0	5	T	C
N0_Mouse	0.0871828059329	0	525	G	A
N0_Mouse	0.087863005134	0	307	A	G
N0_Mouse	0.0918575543604	0	335	A	G
N0_Mouse	0.0923070477098	0	68	T	C
N0_Mouse	0.0924030543862	0	448	A	G
N0_Mouse	0.0925756089577	0	679	G	A
N0_Mouse	0.09287649344	0	649	C	T
N0_Mouse	0.0932949509503	0	152	T	G
N0_Mouse	0.0998523341592	0	677	G	A
N0_Mouse	0.102016696362	0	671	A	G
N0_Mouse	0.10267447724	0	546	T	A
N0_Mouse	0.103401473638	0	267	T	G
N0_Mouse	0.104264113417	0	644	G	T
N0_Mouse	0.108224760179	0	384	C	T
N0_Mouse	0.108236633056	0	419	C	A
N0_Mouse	0.111474329007	0	528	C	G
N0_Mouse	0.111679637511	0	669	A	G
N0_Mouse	0.115471379066	0	388	G	A
N0_Mouse	0.119188047897	0	4	A	G
N0_Mouse	0.121583806774	0	237	T	G
N0_Mouse	0.122431950929	0	551	A	G
N0_Mouse	0.122748380129	0	247	G	A
N0_Mouse	0.125216946704	0	243	A	G
N0_Mouse	0.128579901845	0	262	G	A
N0_Mouse	0.128643324246	0	100	T	A
N0_Mouse	0.130573331292	0	381	A	T
N0_Mouse	0.130996521225	0	121	G	A
N0_Mouse	0.133765349608	0	433	A	C
N0_Mouse	0.133834623408	0	224	G	A
N0_Mouse	0.135995541828	0	11	G	A
N0_Mouse	0.136719667534	0	27	A	T
N0_Mouse	0.137385594829	0	250	T	C
N0_Mouse	0.138079781742	0	366	A	G
N0_Mouse	0.138820801188	0	102	T	G
N0_Mouse	0.140090890548	0	656	A	T
N0_Mouse	0.140673414134	0	548	C	G
N0_Mouse	0.142095478044	0	154	A	C
N0_Mouse	0.142940913914	0	294	G	A
N0_Mouse	0.145120766477	0	596	T	C
N0_Mouse	0.145583284297	0	115	T	A
N0_Mouse	0.146908060124	0	426	T	G
N0_Mouse	0.147075944634	0	275	T	A
N0_Mouse	0.147131425727	0	468	T	C
N0_Mouse	0.147578168873	0	604	T	G
N0_Mouse	0.147995314593	0	409	C	A
N0_Mouse	0.149491012836	0	407	C	A
N0_Mouse	0.150240890793	0	260	A	G
N0_Mouse	0.150931174674	0	376	C	G
N0_Mouse	0.152251208219	0	336	A	T
N0_Mouse	0.15291328426	0	371	A	C
N0_Mouse	0.157939315864	0	180	T	G
N0_Mouse	0.15870186707	0	415	C	A
N0_Mouse	0.161538582718	0	138	T	C
N0_Mouse	0.161627233669	0	609	A	G
N0_Mouse	0.165392690226	0	526	G	A
N0_Mouse	0.168044810069	0	129	G	C
N0_Mouse	0.169929289632	0	568	C	A
N0_Mouse	0.175386692175	0	245	T	C
N0_Mouse	0.175765439136	0	383	C	T
N0_Mouse	0.177881765602	0	31	T	A
N0_Mouse	0.180443557502	0	1	A	C
N0_Mouse	0.182164726182	0	299	C	A
N0_Mouse	0.185364368223	0	212	T	C
N0_Mouse	0.185375145653	0	70	A	G
N0_Mouse	0.188489597863	0	167	C	T
N0_Mouse	0.189272775905	0	575	G	A
N0_Mouse	0.191417084706	0	519	C	G
N0_Mouse	0.19209493446	0	32	G	A
N0_Mouse	0.192158628767	0	423	G	C
N0_Mouse	0.192561636321	0	190	C	G
N0_Mouse	0.193665900131	0	474	C	T
N0_Mouse	0.194602631407	0	262	A	G
N0_Mouse	0.195233002566	0	462	T	C
N0_Mouse	0.195431814905	0	206	C	G
N0_Mouse	0.197258064418	0	621	T	G
N0_Mouse	0.199921912648	0	82	T	C
N0_Mouse	0.200897077715	0	231	T	A
N0_Mouse	0.200975473396	0	23	G	A
N0_Mouse	0.202426474638	0	506	G	T
N0_Mouse	0.204292695231	0	63	A	G
N0_Mouse	0.205019368328	0	9	T	G
N0_Mouse	0.20619222914	0	674	A	T
N0_Mouse	0.207704397656	0	297	G	A
N0_Mouse	0.207973597661	0	454	A	G
N0_Mouse	0.208468093807	0	277	A	C
N0_Mouse	0.209124407198	0	515	T	C
N0_Mouse	0.209740698157	0	152	G	T
N0_Mouse	0.210136997968	0	56	A	C
N0_Mouse	0.21313109563	0	509	A	G
N0_Mouse	0.213991485115	0	86	C	T
N0_Mouse	0.214092033893	0	591	T	G
N0_Mouse	0.216396446099	0	620	C	T
N0_Mouse	0.216611641601	0	136	T	C
N0_Mouse	0.218018922091	0	569	T	A
N0_Mouse	0.220567293547	0	415	A	G
N0_Mouse	0.223485899324	0	459	G	A
N0_Mouse	0.22523396343	0	146	T	G
N0_Mouse	0.22673385449	0	432	T	A
N0_Mouse	0.229037341947	0	269	A	C
N0_Mouse	0.229051650084	0	639	G	A
N0_Mouse	0.229087740172	0	621	G	A
N0_Mouse	0.23178776031	0	83	A	G
N0_Mouse	0.232827343198	0	106	A	G
N0_Mouse	0.23464459335	0	659	A	C
N0_Mouse	0.235891396938	0	100	A	G
N0_Mouse	0.236719466997	0	142	A	C
N0_Mouse	0.237508017182	0	323	C	T
N0_Mouse	0.238675611256	0	44	G	A
N0_Mouse	0.240259673736	0	260	G	A
N0_Mouse	0.240409383158	0	378	G	A
N0_Mouse	0.242778696006	0	334	C	T
N0_Mouse	0.242989919832	0	28	A	C
N0_Mouse	0.244341915969	0	543	T	G
N0_Mouse	0.247702617643	0	414	T	A
N0_Mouse	0.248563159418	0	283	G	A
N0_Mouse	0.24953039214	0	645	C	A
N0_Mouse	0.25108913847	0	46	G	T
N0_Mouse	0.251856259507	0	50	T	C
N0_Mouse	0.253683862768	0	201	G	T
N0_Mouse	0.253880745503	0	67	C	T
N0_Mouse	0.25784212746	0	633	A	G
N0_Mouse	0.259339645709	0	326	T	A
N0_Mouse	0.26007600849	0	640	G	T
N0_Mouse	0.262981712307	0	544	T	C
N0_Mouse	0.264954400004	0	620	T	G
N0_Mouse	0.267108778636	0	435	G	A
N0_Mouse	0.269113561111	0	171	G	T
N0_Mouse	0.271421553557	0	110	T	A
N0_Mouse	0.27171556417	0	468	C	T
N0_Mouse	0.272535437991	0	154	C	T
N0_Mouse	0.273084383902	0	372	T	A
N0_Mouse	0.273884397315	0	637	C	A
N0_Mouse	0.276167494928	0	140	T	C
N0_Mouse	0.276379224484	0	328	A	G
N0_Mouse	0.280189377742	0	359	G	A
N0_Mouse	0.281006429439	0	194	T	G
N0_Mouse	0.283813029463	0	644	T	C
N0_Mouse	0.283854434245	0	205	G	A
N0_Mouse	0.284067087533	0	61	A	T
N0_Mouse	0.284673541145	0	490	C	G
N0_Mouse	0.287541037092	0	481	A	G
N0_Mouse	0.288255102537	0	371	C	T
N0_Mouse	0.288647621052	0	628	A	T
N0_Mouse	0.290063584965	0	121	A	G
N0_Mouse	0.295381344019	0	217	T	A
N0_Mouse	0.302350870581	0	240	T	G
N0_Mouse	0.304415553537	0	362	G	A
N0_Mouse	0.305421876276	0	220	T	C
N0_Mouse	0.306103162367	0	72	A	G
N0_Mouse	0.30701671956	0	608	C	T
N0_Mouse	0.308204068059	0	651	T	G
N0_Mouse	0.310181098314	0	108	C	T
N0_Mouse	0.314098107036	0	475	C	G
N0_Mouse	0.318572368039	0	256	T	A
N0_Mouse	0.320333699129	0	625	A	G
N0_Mouse	0.320933714055	0	513	C	T
N0_Mouse	0.321126055369	0	414	A	G
N0_Mouse	0.3223104259	0	415	G	T
N0_Mouse	0.32266060867	0	610	G	A
N0_Mouse	0.323067685424	0	405	A	T
N0_Mouse	0.323520126052	0	212	C	T
N0_Mouse	0.326678720248	0	464	A	C
N0_Mouse	0.327071141509	0	201	T	G
N0_Mouse	0.328500404032	0	79	T	A
N0_Mouse	0.329338845638	0	296	T	A
N0_Mouse	0.329792977224	0	525	A	G
N0_Mouse	0.330751367419	0	465	G	A
N0_Mouse	0.332883614691	0	398	A	G
N0_Mouse	0.333891669923	0	666	T	G
N0_Mouse	0.335267804004	0	158	A	G
N0_Mouse	0.336310219403	0	486	C	G
N0_Mouse	0.336673675969	0	126	T	A
N0_Mouse	0.33671762559	0	301	G	T
N0_Mouse	0.337171858287	0	0	G	A
N0_Mouse	0.337215491352	0	390	C	T
N0_Mouse	0.337854997583	0	142	C	A
N0_Mouse	0.339236044668	0	269	C	T
N0_Mouse	0.339609163685	0	171	T	C
N0_Mouse	0.34092359524	0	27	T	C
N0_Mouse	0.341578366859	0	533	A	G
N0_Mouse	0.342267366539	0	496	G	A
N0_Mouse	0.342294669757	0	125	G	A
N0_Mouse	0.343800263957	0	507	T	A
N0_Mouse	0.344239396159	0	328	G	T
N0_Mouse	0.344782027298	0	168	C	T
N0_Mouse	0.348612195394	0	507	A	G
N0_Mouse	0.349950392187	0	309	T	A
N0_Mouse	0.355255658883	0	92	G	A
N0_Mouse	0.355369276255	0	574	G	T
N0_Mouse	0.355489104611	0	553	G	T
N0_Mouse	0.358504615105	0	415	T	C
N0_Mouse	0.358652423749	0	265	G	T
N0_Mouse	0.359036179514	0	60	G	T
N0_Mouse	0.359145547481	0	335	G	A
N0_Mouse	0.360878676776	0	231	A	G
N0_Mouse	0.361089825082	0	223	T	C
N0_Mouse	0.363907250831	0	294	A	C
N0_Mouse	0.364383324794	0	494	G	T
N0_Mouse	0.367253782337	0	624	A	G
N0_Mouse	0.368100235155	0	159	T	C
N0_Mouse	0.37109580034	0	369	G	T
N0_Mouse	0.371877181127	0	458	A	C
N0_Mouse	0.372616166958	0	146	G	T
N0_Mouse	0.373002633937	0	142	A	T
N0_Mouse	0.37355813006	0	112	T	C
N0_Mouse	0.374656344228	0	123	T	C
N0_Mouse	0.37541594694	0	367	T	C
N0_Mouse	0.378524098241	0	410	G	A
N0_Mouse	0.378813740436	0	654	G	A
N0_Mouse	0.381581148102	0	348	G	C
N0_Mouse	0.382713267495	0	347	G	A
N0_Mouse	0.383230100015	0	532	T	G
N0_Mouse	0.386415273171	0	663	T	G
N0_Mouse	0.387462078185	0	490	G	A
N0_Mouse	0.388111392338	0	59	G	T
N0_Mouse	0.390288105683	0	128	T	C
N0_Mouse	0.391812656699	0	290	T	A
N0_Mouse	0.392444108924	0	589	A	G
N0_Mouse	0.395051284559	0	509	G	A
N0_Mouse	0.398915634178	0	222	T	A
N0_Mouse	0.399740210458	0	451	T	G
N0_Mouse	0.400032148966	0	570	G	A
N0_Mouse	0.401211998354	0	529	T	A
N0_Mouse	0.402915699627	0	274	C	A
N0_Mouse	0.40535065957	0	483	T	C
N0_Mouse	0.406159496516	0	345	G	A
N0_Mouse	0.407808011076	0	366	G	C
N0_Mouse	0.408170949753	0	258	A	C
N0_Mouse	0.408326892137	0	319	A	C
N0_Mouse	0.408520892291	0	387	A	C
N0_Mouse	0.410144750823	0	72	G	A
N0_Mouse	0.410400656821	0	52	T	C
N0_Mouse	0.412188961234	0	420	C	T
N0_Mouse	0.415483372042	0	573	T	C
N0_Mouse	0.417638209706	0	546	A	T
N0_Mouse	0.417818075488	0	111	T	C
N0_Mouse	0.420789079979	0	613	C	A
N0_Mouse	0.422035380358	0	436	A	G
N0_Mouse	0.422381774015	0	361	G	A
N0_Mouse	0.423529128444	0	127	C	A
N0_Mouse	0.424473431119	0	412	T	A
N0_Mouse	0.425019477976	0	99	T	C
N0_Mouse	0.426487727358	0	571	T	C
N0_Mouse	0.426681426573	0	678	A	C
N0_Mouse	0.427095448093	0	584	A	C
N0_Mouse	0.42838989269	0	20	C	T
N0_Mouse	0.429587747073	0	22	A	G
N0_Mouse	0.432425946133	0	249	A	T
N0_Mouse	0.432442424092	0	179	T	A
N0_Mouse	0.43293534648	0	561	G	A
N0_Mouse	0.433607166308	0	269	T	A
N0_Mouse	0.433749823239	0	82	C	G
N0_Mouse	0.434465399637	0	138	C	T
N0_Mouse	0.436959712658	0	400	C	T
N0_Mouse	0.43719399315	0	68	C	T
N0_Mouse	0.443578090638	0	20	T	C
N0_Mouse	0.443636376264	0	343	A	T
N0_Mouse	0.448538625818	0	619	G	A
N0_Mouse	0.449779980979	0	613	A	T
N0_Mouse	0.453142949108	0	602	C	T
N0_Mouse	0.455886931138	0	223	C	A
