edge	time	mut_orlg	mut_pos	old_state	new_state
N0_D1	0.000761152354368	0	343	C	T
N0_D1	0.00208357974234	0	642	T	A
N0_D1	0.00446342435243	0	739	T	A
N0_D1	0.00543820674294	0	304	A	C
N0_D1	0.00566360633298	0	455	T	C
N0_D1	0.00683648491704	0	500	T	C
N0_D1	0.00845484890646	0	584	G	A
N0_D1	0.0110286205156	0	137	C	G
N0_D1	0.0116577199518	0	408	C	G
N0_D1	0.0129295493161	0	632	A	T
N0_D1	0.0133830338236	0	192	C	T
N0_D1	0.0143032634299	0	177	A	G
N0_D1	0.0144457488507	0	416	A	T
N0_D1	0.0168303529315	0	397	G	T
N0_D1	0.0174926482299	0	650	C	T
N0_D1	0.0174983030945	0	223	A	T
N0_D1	0.018188584333	0	647	C	T
N0_D1	0.0184688134925	0	465	C	A
N0_D1	0.0186397651998	0	102	G	A
N0_D1	0.0192138262551	0	737	A	G
N0_D1	0.019773137711	0	547	T	C
N0_D1	0.0212614616609	0	305	T	A
N0_D1	0.0258912486821	0	212	A	T
N0_D1	0.0273220087582	0	517	T	G
N0_D1	0.0274826022902	0	358	C	T
N0_D1	0.0302636624875	0	259	A	T
N0_D1	0.0329996833849	0	552	C	T
N0_D1	0.0330456559009	0	596	G	A
N0_D1	0.0337648262323	0	169	T	C
N0_D1	0.0344882480264	0	296	G	T
N0_D1	0.0353280392695	0	105	G	C
N0_D1	0.0371682805012	0	469	A	G
N0_D1	0.0392370920109	0	181	A	G
N0_D1	0.0416620123427	0	133	T	A
N0_D1	0.0428229832871	0	505	A	C
N0_D1	0.0447192700762	0	409	C	A
D1_N1	0.000845382856277	1	684	G	A
D1_N1	0.00400479658792	2	389	G	A
D1_N1	0.00452408430035	1	465	A	T
D1_N1	0.00488727807256	2	740	A	T
D1_N1	0.00488773241445	2	97	T	C
D1_N1	0.00496120763867	2	185	T	A
D1_N1	0.0054037630915	1	54	C	T
D1_N1	0.00597945792498	2	165	C	T
D1_N1	0.00657012100547	1	518	T	C
D1_N1	0.0075329053894	2	309	C	T
D1_N1	0.00795313692802	1	626	A	T
D1_N1	0.00854395929216	1	558	A	G
D1_N1	0.0112429600333	2	607	T	C
D1_N1	0.0125602024556	1	691	G	A
D1_N1	0.014235873166	2	272	T	C
D1_N1	0.014431909667	2	211	G	A
D1_N1	0.0151780730218	1	543	T	A
D1_N1	0.0152429470498	2	94	C	T
D1_N1	0.0153564482162	2	385	A	G
D1_N1	0.0154068214795	2	575	C	T
D1_N1	0.0158537938148	1	438	G	A
D1_N1	0.0166598769445	2	51	A	G
D1_N1	0.0176210461662	2	717	C	T
D1_N1	0.0176606245439	1	94	C	A
D1_N1	0.0178636177393	2	182	A	T
D1_N1	0.0181865114723	1	534	T	C
D1_N1	0.0186260246604	2	711	G	C
D1_N1	0.0186490658406	1	244	C	A
D1_N1	0.0187865126466	2	211	A	T
D1_N1	0.019365446438	1	631	C	T
D1_N1	0.0199810131703	2	475	C	T
D1_N1	0.0201022301994	1	675	A	G
D1_N1	0.0209339287191	2	236	T	A
D1_N1	0.0216743438245	2	602	G	C
D1_N1	0.0225143112898	1	357	T	G
D1_N1	0.0227387888708	2	403	A	T
D1_N1	0.0232618001968	2	532	C	A
D1_N1	0.0238533556691	1	422	C	T
D1_N1	0.02389618595	1	489	G	A
D1_N1	0.0248196713704	2	485	G	T
D1_N1	0.0252299258376	1	304	C	G
D1_N1	0.0252628609583	2	562	T	C
D1_N1	0.0253041607534	2	262	A	G
D1_N1	0.0263925651011	1	14	T	C
D1_N1	0.027259221975	2	67	A	G
D1_N1	0.0280607028575	1	517	G	A
D1_N1	0.0280749083722	2	119	C	T
D1_N1	0.0287912919504	1	154	T	G
D1_N1	0.0290768362583	2	200	G	C
D1_N1	0.029480059123	2	719	G	C
D1_N1	0.0295058214589	2	77	A	G
D1_N1	0.0295391843	1	38	C	T
D1_N1	0.0296563984319	1	587	G	A
D1_N1	0.0324197125005	1	451	T	A
D1_N1	0.0331513967032	2	694	C	T
D1_N1	0.033244095423	2	686	T	C
D1_N1	0.0341019363416	1	352	T	C
D1_N1	0.0347282138559	2	491	C	G
D1_N1	0.0350793330344	1	12	A	G
D1_N1	0.0355678315426	1	466	T	C
D1_N1	0.0358777833663	1	674	T	A
D1_N1	0.0366216425696	2	274	T	G
D1_N1	0.0368616394056	2	160	T	C
D1_N1	0.0368802656278	2	187	T	C
D1_N1	0.0370159472297	1	69	T	C
D1_N1	0.0384345749479	1	747	G	T
D1_N1	0.0393426320689	2	335	T	G
D1_N1	0.0394344262047	1	733	C	T
D1_N1	0.0395514258747	2	287	T	C
D1_N1	0.0413566111954	1	392	T	C
D1_N1	0.0415889313334	2	582	T	C
D1_N1	0.0419552508547	2	642	A	T
D1_N1	0.042217822749	2	421	C	T
D1_N1	0.0425923773501	2	328	A	T
D1_N1	0.0436838797832	1	77	A	G
D1_N1	0.0447739266255	2	532	A	C
D1_N1	0.0448287199345	1	450	G	C
D1_N1	0.0450525854554	2	231	G	A
D1_N1	0.0463612584441	1	658	T	A
D1_N1	0.0464644262625	1	580	T	G
D1_N1	0.047283109597	2	653	A	G
D1_N1	0.0473919463448	1	476	G	A
D1_N1	0.0475761181469	1	198	C	T
D1_N1	0.0479629589913	1	387	C	T
D1_N1	0.0492246550789	2	113	A	C
D1_N1	0.0498208040608	2	589	A	T
D1_N1	0.0502341043253	2	142	G	C
D1_N1	0.051573725506	2	212	T	G
D1_N1	0.0533756992619	2	194	T	A
D1_N1	0.053898586171	2	361	T	C
D1_N1	0.0543291517076	1	173	G	A
D1_N1	0.0560313739737	1	753	C	A
D1_N1	0.0565579246046	2	41	G	A
D1_N1	0.0566409465716	1	535	C	T
D1_N1	0.0572821262825	2	134	C	T
D1_N1	0.0577513388052	1	391	G	A
D1_N1	0.057869066114	2	373	T	C
D1_N1	0.0582961043601	2	217	A	G
D1_N1	0.0586299718746	1	297	G	A
D1_N1	0.058651349891	1	420	A	G
D1_N1	0.0589788110605	1	381	C	T
D1_N1	0.0592345871483	1	24	G	A
D1_N1	0.0595233749483	2	510	A	G
D1_N1	0.0596462060433	2	484	G	A
D1_N1	0.0599532883773	1	692	A	C
D1_N1	0.0600506336135	2	752	T	A
D1_N1	0.060523490377	2	570	T	G
D1_N1	0.0606260166142	2	56	C	T
D1_N1	0.0609901686368	1	178	G	T
D1_N1	0.0612609458967	2	11	T	C
D1_N1	0.0615406187068	1	689	C	G
D1_N1	0.0616196242036	2	311	T	G
D1_N1	0.0620610734483	1	310	G	A
D1_N1	0.0637017743167	1	417	G	T
D1_N1	0.0645171956202	2	532	C	T
D1_N1	0.0648309809034	2	250	T	G
D1_N1	0.0649495925848	2	592	G	C
D1_N1	0.0650941399917	2	273	T	C
D1_N1	0.0656741963549	1	703	C	T
D1_N1	0.0659358357095	1	2	A	G
D1_N1	0.0662771878508	2	664	G	A
D1_N1	0.0688586094789	2	436	G	C
D1_N1	0.0701483862546	2	213	G	A
D1_N1	0.0716149319925	1	512	G	A
D1_N1	0.071913645071	1	309	C	G
D1_N1	0.0728512118856	1	680	T	A
D1_N1	0.074727107628	2	540	C	G
D1_N1	0.0755872868198	2	149	A	G
D1_N1	0.0757507834397	1	55	T	C
D1_N1	0.0765132749703	1	569	A	C
D1_N1	0.0780080707068	1	601	C	A
D1_N1	0.0784103133948	1	400	T	C
D1_N1	0.0787495297728	1	41	G	C
D1_N1	0.0789301243593	1	420	G	T
D1_N1	0.0795918793592	2	352	T	A
D1_N1	0.0805716047961	1	616	A	G
D1_N1	0.0824605736225	1	2	G	T
D1_N1	0.0828147017064	1	443	A	T
D1_N1	0.0828547415465	2	9	A	G
D1_N1	0.0834816370576	2	74	A	G
D1_N1	0.0840320522591	2	719	C	T
D1_N1	0.0841771686615	2	442	G	A
D1_N1	0.0862963516872	1	364	G	T
D1_N1	0.0867286544861	1	155	G	T
D1_N1	0.0867674215909	2	646	T	G
D1_N1	0.0871559745347	2	694	T	C
D1_N1	0.087643547253	2	492	T	C
D1_N1	0.0880926960347	1	612	A	T
D1_N1	0.0884065297207	2	169	C	T
D1_N1	0.088941210416	1	251	A	C
D1_N1	0.0896091234808	2	604	C	T
D1_N1	0.090727130792	2	153	G	A
D1_N1	0.09093201682	2	637	T	C
D1_N1	0.091082128346	1	522	T	A
D1_N1	0.092184464766	1	241	T	C
D1_N1	0.0924006113687	1	312	G	A
D1_N1	0.0926847906096	1	598	T	C
D1_N1	0.093003416432	2	598	T	A
D1_N1	0.0933466906392	2	604	T	A
D1_N1	0.0937166868064	2	560	G	A
D1_N1	0.0938294056712	1	581	A	G
D1_N1	0.0938300901987	1	667	A	C
D1_N1	0.0945351657719	2	643	A	T
D1_N1	0.0949459805705	2	325	A	G
D1_N1	0.0949644196859	2	294	A	G
D1_N1	0.0952285342474	2	646	G	T
D1_N1	0.095658150818	2	138	A	G
D1_N1	0.0979052003484	2	32	A	T
D1_N1	0.101058279003	2	556	A	T
D1_N1	0.101146166202	1	711	G	T
D1_N1	0.101203422401	2	294	G	T
D1_N1	0.101303918698	1	617	G	T
D1_N1	0.101707123079	2	242	T	G
D1_N1	0.102577181099	1	341	T	C
D1_N1	0.102608032271	2	606	C	T
D1_N1	0.103626786882	2	545	G	A
D1_N1	0.104993886147	1	407	C	T
D1_N1	0.105244863016	1	499	A	G
D1_N1	0.105750953785	1	21	G	T
D1_N1	0.105952752505	1	336	G	C
D1_N1	0.105976441766	2	624	G	A
D1_N1	0.106297193811	1	109	G	A
D1_N1	0.106668549353	1	635	T	C
D1_N1	0.108250196461	2	636	G	C
D1_N1	0.108474414101	1	290	T	C
D1_N1	0.109908558292	1	425	G	A
D1_N1	0.109979403856	2	292	T	G
D1_N1	0.111296646667	1	408	G	C
D1_N1	0.111378592528	1	0	A	G
D1_N1	0.111396415287	2	174	G	A
D1_N1	0.111536783594	2	445	G	A
D1_N1	0.112260807922	2	430	G	A
D1_N1	0.112657652929	1	373	T	C
D1_N1	0.114428884594	2	3	A	T
D1_N1	0.11522906036	1	309	G	A
D1_N1	0.11544822585	2	31	C	T
D1_N1	0.116548381968	2	402	T	C
D1_N1	0.117066831652	2	690	A	G
D1_N1	0.117454430306	1	67	A	C
D1_N1	0.117550583919	2	542	T	A
D1_N1	0.118276279934	1	583	C	T
D1_N1	0.118533377883	2	344	G	A
D1_N1	0.118659031544	2	226	C	A
D1_N1	0.118905205077	1	412	C	T
D1_N1	0.119529226609	1	488	G	T
D1_N1	0.119664912674	2	698	A	G
D1_N1	0.120906032169	1	532	T	G
D1_N1	0.121146132964	1	155	T	G
D1_N1	0.121432265443	1	312	A	T
D1_N1	0.122747063219	1	167	G	C
D1_N1	0.122965735478	1	311	T	A
D1_N1	0.123323159336	2	691	G	A
D1_N1	0.123328189246	1	261	T	C
D1_N1	0.12418985482	2	664	A	T
D1_N1	0.124275346907	2	606	T	C
D1_N1	0.127098295786	1	78	A	T
D1_N1	0.127234659948	1	653	A	T
D1_N1	0.127755359023	2	16	G	T
D1_N1	0.130339513975	2	462	C	A
D1_N1	0.130812617639	1	647	T	C
D1_N1	0.131056062427	2	9	G	T
D1_N1	0.131726491316	2	723	T	G
D1_N1	0.132150114331	1	703	T	A
D1_N1	0.133472027583	1	38	T	G
D1_N1	0.133806411076	1	232	C	T
D1_N1	0.135490448277	1	519	T	A
D1_N1	0.1354987591	2	513	C	G
D1_N1	0.136687676068	2	716	T	A
D1_N1	0.137816558244	1	99	C	A
D1_N1	0.139243873526	1	693	A	G
D1_N1	0.139337494941	2	420	A	T
D1_N1	0.139843089204	2	275	G	T
D1_N1	0.141295528596	2	106	C	A
D1_N1	0.143862072855	1	232	T	G
D1_N1	0.144437046137	2	355	T	A
D1_N1	0.145067068658	1	437	T	G
D1_N1	0.145359171083	1	572	G	A
D1_N1	0.14587945116	1	575	C	A
D1_N1	0.148042742165	2	26	C	T
D1_N1	0.148441337824	1	730	G	A
D1_N1	0.14884005945	1	200	G	T
D1_N1	0.149919849958	1	548	T	C
D1_N1	0.151039983682	1	326	T	A
D1_N1	0.153190023315	2	375	A	G
D1_N1	0.154219237789	2	301	A	T
D1_N1	0.154389498212	1	334	T	A
D1_N1	0.154564370911	2	79	A	G
D1_N1	0.154605764886	1	743	C	T
D1_N1	0.154736062837	1	744	T	G
D1_N1	0.154905803876	2	57	T	G
D1_N1	0.155962174498	1	338	C	T
D1_N1	0.157039280889	1	665	G	T
D1_N1	0.157764314804	1	521	A	G
D1_N1	0.157912983009	2	512	G	A
D1_N1	0.158414577949	2	32	T	C
D1_N1	0.159532678492	1	409	A	T
D1_N1	0.160104655467	2	532	T	C
D1_N1	0.160108251878	2	554	G	A
D1_N1	0.160348595637	2	254	C	T
D1_N1	0.160971007414	1	422	T	A
D1_N1	0.162479698487	1	573	A	T
D1_N1	0.163694811198	2	383	A	T
D1_N1	0.164205089857	1	522	A	G
D1_N1	0.164299277016	1	128	A	C
D1_N1	0.164656368878	1	407	T	G
D1_N1	0.164952577947	1	328	A	T
D1_N1	0.165394743014	1	414	A	G
D1_N1	0.165755632942	1	32	A	T
D1_N1	0.165963904962	1	708	A	C
D1_N1	0.166695685615	1	494	A	T
D1_N1	0.167302668628	1	182	A	T
D1_N1	0.168204843699	2	212	G	A
D1_N1	0.168608036324	2	16	T	C
D1_N1	0.168746601318	1	684	G	A
D1_N1	0.169015331191	1	673	A	G
D1_N1	0.169182473873	1	656	T	C
D1_N1	0.170969530797	1	571	G	T
D1_N1	0.171333307632	2	490	A	T
D1_N1	0.171738104987	1	748	A	T
D1_N1	0.171920326794	2	598	A	T
D1_N1	0.172199566148	2	301	T	G
D1_N1	0.172400652174	1	244	A	T
D1_N1	0.1725709549	1	15	G	A
D1_N1	0.173701238656	1	351	A	G
D1_N1	0.173776098344	1	469	G	A
D1_N1	0.174160104798	1	270	A	G
D1_N1	0.174460378821	2	256	T	C
D1_N1	0.17585692552	1	277	G	A
D1_N1	0.176320834764	1	646	T	A
D1_N1	0.176621981024	1	51	A	G
D1_N1	0.176852521952	1	313	C	T
D1_N1	0.177011571305	2	108	T	A
D1_N1	0.177084201052	1	196	A	T
D1_N1	0.177635319732	2	628	A	C
D1_N1	0.177709553206	2	558	A	G
D1_N1	0.178080573972	2	313	C	G
D1_N1	0.178881533337	2	432	C	G
D1_N1	0.179371375393	2	162	C	T
D1_N1	0.180029098931	2	32	C	T
D1_N1	0.180314022831	1	750	G	A
D1_N1	0.180331913451	1	680	A	T
D1_N1	0.180577621671	2	494	A	G
D1_N1	0.181054165595	2	651	C	G
D1_N1	0.181655898008	1	364	T	A
D1_N1	0.181888071448	2	171	G	A
D1_N1	0.182223414767	2	425	G	A
D1_N1	0.182509573402	1	213	G	A
D1_N1	0.183622091578	1	494	T	G
D1_N1	0.183665489883	2	258	T	A
D1_N1	0.184079301746	2	661	G	T
D1_N1	0.184210348826	2	232	C	T
D1_N1	0.185795459606	1	370	G	A
D1_N1	0.185963934426	2	662	A	T
D1_N1	0.186395466246	1	386	G	T
D1_N1	0.18716308162	2	570	G	A
D1_N1	0.187743274629	1	303	C	A
D1_N1	0.188151711382	2	78	A	G
D1_N1	0.189105877507	1	648	C	G
D1_N1	0.189282097191	1	574	T	A
D1_N1	0.190193429835	1	339	G	A
D1_N1	0.190240403129	2	268	T	C
D1_N1	0.190829524107	1	266	G	T
D1_N1	0.190978936481	1	707	C	T
D1_N1	0.191464551035	2	733	C	T
D1_N1	0.191906898019	1	376	A	C
D1_N1	0.192079696033	2	126	A	C
D1_N1	0.192317269988	2	50	A	T
D1_N1	0.192659000532	1	527	G	C
D1_N1	0.193273062756	2	272	C	G
D1_N1	0.193536104861	2	451	T	A
D1_N1	0.193790969562	1	359	C	T
D1_N1	0.1955603808	2	380	G	T
D1_N1	0.199392755672	2	431	G	T
D1_N1	0.20069966736	1	427	T	C
D1_N1	0.201333671961	1	247	T	C
D1_N1	0.201939100479	1	360	A	G
D1_N1	0.202572766286	1	189	G	A
D1_N1	0.205005243924	1	451	A	G
D1_N1	0.206658737167	1	581	G	A
D1_N1	0.206734718835	1	176	G	T
D1_N1	0.206803011251	1	49	T	C
D1_N1	0.206836932244	1	35	A	G
D1_N1	0.209269745642	2	580	T	A
D1_N1	0.210041832757	2	129	G	T
D1_N1	0.21009227454	2	121	T	A
D1_N1	0.210804839307	2	577	T	A
D1_N1	0.211620164289	2	759	T	C
D1_N1	0.212624160239	1	376	C	T
D1_N1	0.21283374098	2	134	T	C
D1_N1	0.212875618225	1	757	A	T
D1_N1	0.213374505517	1	336	C	T
D1_N1	0.214039914021	1	149	A	C
D1_N1	0.214117553246	1	688	G	A
D1_N1	0.214386841041	1	102	A	G
D1_N1	0.214446285107	1	177	G	A
D1_N1	0.215519429261	2	541	C	T
D1_N1	0.216337964206	1	30	G	A
D1_N1	0.216543726053	1	488	T	C
D1_N1	0.217144279257	2	130	G	T
D1_N1	0.217162056047	1	622	A	C
D1_N1	0.217491531325	1	321	T	A
D1_N1	0.218872920592	2	420	T	A
D1_N1	0.219937280946	1	201	T	A
D1_N1	0.219944077718	2	168	G	A
D1_N1	0.221695205464	2	97	C	T
D1_N1	0.224578227052	2	237	G	A
D1_N1	0.224841693649	2	84	C	T
D1_N1	0.22496461081	2	126	C	A
D1_N1	0.225703859642	2	135	A	G
D1_N1	0.225770071299	2	685	A	T
D1_N1	0.225827110483	2	112	T	A
D1_N1	0.226178167657	1	31	T	C
D1_N1	0.22786085747	1	151	C	T
D1_N1	0.229276895136	1	760	T	C
D1_N1	0.229617369841	2	378	G	T
D1_N1	0.230295901662	1	300	G	A
D1_N1	0.230312811169	1	754	T	C
D1_N1	0.230563615746	2	180	T	C
D1_N1	0.231016730895	2	173	G	T
D1_N1	0.231020209278	1	619	C	T
D1_N1	0.231203815049	2	134	C	A
D1_N1	0.231578657817	1	703	A	G
D1_N1	0.231805322766	1	247	C	T
D1_N1	0.232500293541	1	568	A	T
D1_N1	0.232988494021	1	82	A	T
D1_N1	0.233408748383	2	287	C	T
N1_N2	0.000793860497922	1	510	A	G
N1_N2	0.000839722493935	2	663	T	C
N1_N2	0.00107838434644	1	31	C	G
N1_N2	0.00169007587272	1	601	A	T
N1_N2	0.00208521886875	2	606	C	G
N1_N2	0.0051819671301	2	660	T	C
N1_N2	0.00538505628533	2	57	G	A
N1_N2	0.00638028479373	2	233	G	A
N1_N2	0.00670160246828	2	15	G	C
N1_N2	0.0074885836306	2	275	T	A
N1_N2	0.007598591658	2	594	T	A
N1_N2	0.00797249018646	1	68	G	T
N1_N2	0.00848766690869	1	180	T	C
N1_N2	0.00932517171297	2	745	C	T
N1_N2	0.0097762716891	2	218	T	C
N1_N2	0.013496539937	2	541	T	A
N1_N2	0.0143914763014	1	142	G	A
N1_N2	0.0145188428505	2	471	T	A
N1_N2	0.015084076564	1	472	A	C
N1_N2	0.0152653698681	2	55	T	C
N1_N2	0.0155280346507	2	110	T	C
N1_N2	0.0157168608297	1	512	A	T
N2_N3	5.47549353439e-05	2	101	A	G
N2_N3	0.000292484581954	1	311	A	G
N2_N3	0.000615778249573	2	521	A	C
N2_N3	0.000695103481895	2	415	A	G
N2_N3	0.000917886874424	2	642	T	G
N2_N3	0.000954377539293	1	466	C	A
N2_N3	0.00142151821567	1	97	T	G
N2_N3	0.00168965643389	1	44	C	G
N2_N3	0.00184237515856	1	122	A	G
N2_N3	0.0022611376165	2	695	T	C
N2_N3	0.0027605230688	2	534	T	A
N2_N3	0.00291882676967	1	372	C	T
N2_N3	0.00399437789939	1	565	A	C
N2_N3	0.00494009840625	1	51	G	T
N2_N3	0.00529416830892	1	650	T	C
N2_N3	0.00552302694479	1	641	A	G
N2_N3	0.00596551373096	1	734	G	C
N2_N3	0.0063403465015	2	734	G	A
N2_N3	0.00647953962431	1	37	C	T
N2_N3	0.00675447088492	1	706	T	C
N2_N3	0.00719763198172	1	652	T	C
N3_N4	0.00105488445827	1	532	G	T
N3_N4	0.00130356143457	2	590	A	T
N3_N4	0.00373225260246	1	544	T	A
N3_N4	0.00379054450421	2	274	G	A
N3_N4	0.00457054218664	2	315	G	C
N3_N4	0.00490712014695	2	3	T	C
N3_N4	0.00594726701865	2	656	T	G
N3_N4	0.00605344724274	2	184	G	T
N3_N4	0.0068068028349	2	380	T	C
N3_N4	0.00704669985431	2	37	C	T
N3_N4	0.00709307532408	2	230	T	C
N3_N4	0.00719774714214	1	183	A	C
N3_N4	0.00792022126896	2	365	G	C
N3_N4	0.00868250591115	1	102	G	T
N4_Human	0.000547475859192	1	549	T	C
N4_Human	0.00137653339385	2	170	C	G
N4_Human	0.00206571785042	2	280	G	C
N4_Human	0.00249512653533	1	352	C	G
N4_Human	0.00256246415431	2	607	C	T
N4_Human	0.00309915292814	2	351	A	T
N4_Human	0.00344225164576	2	106	A	G
N4_Human	0.00749856207538	2	108	A	G
N4_Human	0.0105268166729	1	281	C	T
N4_Chimp	0.000397027319723	1	475	C	A
N4_Chimp	0.000444481568286	2	220	A	T
N4_Chimp	0.000508673667896	1	666	A	G
N4_Chimp	0.000789405311877	2	150	A	G
N4_Chimp	0.000864233490737	2	19	T	C
N4_Chimp	0.00109805300805	1	80	A	G
N4_Chimp	0.00122960124894	1	661	G	C
N4_Chimp	0.00124795309965	2	286	T	C
N4_Chimp	0.00166262350302	1	372	T	C
N4_Chimp	0.00196172189042	1	408	C	A
N4_Chimp	0.00297131837449	1	676	T	G
N4_Chimp	0.00425618315982	2	165	T	C
N4_Chimp	0.0054054886213	1	324	C	G
N4_Chimp	0.00556937881419	1	271	G	T
N4_Chimp	0.00595572625734	1	458	C	T
N4_Chimp	0.00754539445121	1	30	A	C
N4_Chimp	0.0080100549163	2	662	T	C
N4_Chimp	0.00851123276542	1	65	T	C
N4_Chimp	0.00912976717443	1	667	C	T
N4_Chimp	0.00955751668277	1	522	G	A
N4_Chimp	0.0106258193925	1	310	A	G
N4_Chimp	0.0108096935989	1	450	C	T
N3_Goril	0.000186805617387	1	707	T	C
N3_Goril	0.00126160344067	2	752	A	T
N3_Goril	0.00160465329463	2	496	T	A
N3_Goril	0.00187669650865	1	317	G	C
N3_Goril	0.00241525433724	1	655	G	T
N3_Goril	0.0028224693362	2	514	C	G
N3_Goril	0.00293384808931	2	371	A	T
N3_Goril	0.00310063927972	1	491	G	A
N3_Goril	0.00335254462566	1	570	T	C
N3_Goril	0.00361842591208	1	604	C	A
N3_Goril	0.0048218391662	1	351	G	A
N3_Goril	0.00499948791534	1	688	A	T
N3_Goril	0.00566288575958	1	350	C	A
N3_Goril	0.00603599685276	2	207	A	G
N3_Goril	0.00831840397696	1	687	A	G
N3_Goril	0.00851049081023	2	570	A	G
N3_Goril	0.00992014713062	1	740	A	G
N3_Goril	0.0104212485445	1	358	T	C
N3_Goril	0.0106310780329	1	657	A	G
N3_Goril	0.0111353213747	2	227	A	G
N3_Goril	0.0118206642471	1	341	C	G
N3_Goril	0.0122649562192	1	682	T	G
N3_Goril	0.0124195864664	2	254	T	A
N3_Goril	0.0138782311232	1	82	T	C
N3_Goril	0.0142007439114	1	192	T	A
N3_Goril	0.0151215695611	1	327	C	T
N3_Goril	0.0164365556494	1	182	T	C
N3_Goril	0.0169913458538	1	304	G	T
N3_Goril	0.018510369874	2	578	T	C
N3_Goril	0.0185340326999	1	224	A	C
N3_Goril	0.0188062081976	2	50	T	C
N3_Goril	0.019341178905	2	22	C	T
N2_Orang	0.000921523869074	2	442	A	G
N2_Orang	0.00210406061911	1	140	T	A
N2_Orang	0.0024729445575	2	372	C	T
N2_Orang	0.00380615286465	1	122	A	G
N2_Orang	0.00561376077066	1	157	A	T
N2_Orang	0.00707862348329	1	363	G	T
N2_Orang	0.00905037932877	2	105	C	T
N2_Orang	0.00923780460967	2	380	T	G
N2_Orang	0.0101363143496	2	99	C	T
N2_Orang	0.0101483790025	2	339	G	A
N2_Orang	0.0104199164807	2	508	G	C
N2_Orang	0.0112889095456	1	456	C	T
N2_Orang	0.0119409277857	2	451	A	T
N2_Orang	0.0126177958648	2	262	G	T
N2_Orang	0.0134369222393	2	395	A	C
N2_Orang	0.0147752514395	1	641	A	G
N2_Orang	0.0155196688007	1	378	G	A
N2_Orang	0.0160527896892	1	192	T	C
N2_Orang	0.0161546961743	1	113	A	G
N2_Orang	0.0164982698709	1	197	G	A
N2_Orang	0.0168544968808	2	682	T	C
N1_Macaq	0.000167425655787	1	151	T	A
N1_Macaq	0.00190575870365	1	422	A	G
N1_Macaq	0.00275091457558	2	64	C	T
N1_Macaq	0.00342819855326	2	678	C	T
N1_Macaq	0.00427409780422	1	37	C	A
N1_Macaq	0.00447029947744	1	64	C	A
N1_Macaq	0.00477768518367	1	36	A	T
N1_Macaq	0.00504656596313	2	271	G	A
N1_Macaq	0.00520575456246	1	685	A	T
N1_Macaq	0.00529902317471	1	448	A	C
N1_Macaq	0.0055788362292	1	519	A	T
N1_Macaq	0.0063701094044	1	282	A	T
N1_Macaq	0.00694654491986	1	10	T	C
N1_Macaq	0.00829607279843	2	524	A	G
N1_Macaq	0.00872364341943	2	471	T	G
N1_Macaq	0.00897603462741	2	406	T	A
N1_Macaq	0.00903578379902	2	108	A	T
N1_Macaq	0.00975526524613	2	138	G	C
N1_Macaq	0.00984794736685	1	235	G	C
N1_Macaq	0.0102914698325	1	175	T	C
N1_Macaq	0.0106691736352	2	369	T	A
N1_Macaq	0.0107167127475	2	748	A	G
N1_Macaq	0.0111006372372	1	651	C	T
N1_Macaq	0.0117242618499	1	5	T	C
N1_Macaq	0.0118332999395	1	691	A	T
N1_Macaq	0.0122078582625	2	552	T	C
N1_Macaq	0.0127096080975	2	607	C	A
N1_Macaq	0.0136029579253	1	103	T	C
N1_Macaq	0.0142101206499	2	80	A	G
N1_Macaq	0.0153116259105	1	704	A	T
N1_Macaq	0.015390765278	2	246	T	C
N1_Macaq	0.017072746545	2	0	A	G
N1_Macaq	0.0192252668921	1	593	T	A
N1_Macaq	0.0199615464065	1	565	A	T
N1_Macaq	0.0210968771551	1	567	C	G
N1_Macaq	0.0238566465729	1	509	C	T
N1_Macaq	0.0243625652814	1	134	C	T
N1_Macaq	0.0246118856584	2	156	G	T
N1_Macaq	0.0258315438176	1	54	T	C
N1_Macaq	0.0260847887159	2	145	A	T
N1_Macaq	0.0263134191017	1	17	G	A
N1_Macaq	0.0263791053625	1	648	G	T
N1_Macaq	0.0275382698138	1	600	A	G
N1_Macaq	0.0286150901091	2	750	G	A
N1_Macaq	0.0287476989421	1	320	T	C
N1_Macaq	0.0292768341215	2	667	A	T
N1_Macaq	0.0293847300087	2	464	T	A
N1_Macaq	0.0294066548353	2	52	G	A
N1_Macaq	0.0296723449872	1	104	C	A
N1_Macaq	0.0308573608901	1	494	G	A
N1_Macaq	0.0309868287082	2	705	G	A
N1_Macaq	0.031320081983	1	382	T	C
N1_Macaq	0.032711206598	1	510	A	T
N1_Macaq	0.0328456614347	2	569	A	G
N1_Macaq	0.0329113461442	1	323	A	T
N1_Macaq	0.0337927390613	2	512	A	G
N1_Macaq	0.0347804668714	2	182	T	G
N1_Macaq	0.0355915493035	1	686	T	A
N1_Macaq	0.0356332239345	2	289	G	A
N1_Macaq	0.0368691535622	1	154	G	C
N1_Macaq	0.0373822678502	1	566	C	A
N1_Macaq	0.0379159898868	1	385	A	C
N1_Macaq	0.038042022035	2	183	A	G
N1_Macaq	0.0389158432552	1	72	C	T
N1_Macaq	0.0394774041192	2	43	A	T
N1_Macaq	0.0401115107814	2	597	G	A
N1_Macaq	0.0401919108976	2	114	T	C
N1_Macaq	0.0402142214956	1	244	T	C
N1_Macaq	0.0406147615757	2	528	A	C
N1_Macaq	0.0407387790583	1	734	G	C
N1_Macaq	0.0414640352973	2	618	A	C
N1_Macaq	0.0422907329005	2	316	C	A
N1_Macaq	0.0424671434201	2	761	C	T
N1_Macaq	0.042527526504	1	683	G	C
N1_Macaq	0.0429543272736	2	175	T	C
N1_Macaq	0.0437162883325	2	405	T	C
N1_Macaq	0.0437292868522	1	717	C	T
N1_Macaq	0.0437433303686	2	21	G	A
N1_Macaq	0.0437802262095	1	272	C	T
N0_Mouse	0.00297897832112	0	548	T	C
N0_Mouse	0.00405200198901	0	586	G	C
N0_Mouse	0.00755269653262	0	353	T	G
N0_Mouse	0.00798782674696	0	55	T	A
N0_Mouse	0.00836540017876	0	83	A	T
N0_Mouse	0.0118873622546	0	150	A	T
N0_Mouse	0.0136159399329	0	409	C	T
N0_Mouse	0.0139101250474	0	379	G	A
N0_Mouse	0.0150167364443	0	371	A	T
N0_Mouse	0.0157600322135	0	30	G	A
N0_Mouse	0.0161712490642	0	3	A	C
N0_Mouse	0.0163627417159	0	0	A	C
N0_Mouse	0.0167253240889	0	585	G	T
N0_Mouse	0.0182328219554	0	278	A	G
N0_Mouse	0.0214337165396	0	694	C	G
N0_Mouse	0.0221838559534	0	281	C	G
N0_Mouse	0.0241514425669	0	722	A	G
N0_Mouse	0.0265180460183	0	471	T	G
N0_Mouse	0.0269698562943	0	659	T	A
N0_Mouse	0.0278563016353	0	190	A	G
N0_Mouse	0.0317424441716	0	463	T	G
N0_Mouse	0.0328509259851	0	683	G	A
N0_Mouse	0.0332912962435	0	283	T	C
N0_Mouse	0.0334229375768	0	553	T	A
N0_Mouse	0.0334956408765	0	374	G	A
N0_Mouse	0.0348542188513	0	638	A	G
N0_Mouse	0.0378638556064	0	38	C	G
N0_Mouse	0.0385535269543	0	592	G	A
N0_Mouse	0.0391299123571	0	712	T	C
N0_Mouse	0.0419366195203	0	615	T	G
N0_Mouse	0.0436584495295	0	651	C	T
N0_Mouse	0.0437149486845	0	435	C	T
N0_Mouse	0.0497778296108	0	216	C	T
N0_Mouse	0.0499387747495	0	35	A	G
N0_Mouse	0.0514009203662	0	113	A	C
N0_Mouse	0.0544268081141	0	408	C	A
N0_Mouse	0.0547348225116	0	59	T	C
N0_Mouse	0.0552262456997	0	513	C	T
N0_Mouse	0.0576833120188	0	14	T	A
N0_Mouse	0.0582083775997	0	105	G	T
N0_Mouse	0.0617781925873	0	236	T	C
N0_Mouse	0.0624069653065	0	572	G	C
N0_Mouse	0.0632315276695	0	700	G	A
N0_Mouse	0.0646060533916	0	237	G	T
N0_Mouse	0.0653149470776	0	329	A	T
N0_Mouse	0.0690296990274	0	615	G	A
N0_Mouse	0.0691986416769	0	604	C	A
N0_Mouse	0.0695486659429	0	652	T	C
N0_Mouse	0.0704136382729	0	291	C	A
N0_Mouse	0.0740414256821	0	26	C	T
N0_Mouse	0.0741390395962	0	381	C	T
N0_Mouse	0.0745070589258	0	70	T	C
N0_Mouse	0.0751942911392	0	502	T	G
N0_Mouse	0.0759114541978	0	195	T	A
N0_Mouse	0.0799564820592	0	115	A	T
N0_Mouse	0.081597056185	0	48	G	A
N0_Mouse	0.0860774423227	0	4	A	T
N0_Mouse	0.0874155364639	0	199	A	T
N0_Mouse	0.0879463146926	0	217	A	G
N0_Mouse	0.0881498759616	0	745	C	T
N0_Mouse	0.0904578138019	0	245	C	T
N0_Mouse	0.0909067907492	0	132	T	C
N0_Mouse	0.092299383743	0	367	G	A
N0_Mouse	0.0942330418948	0	752	T	C
N0_Mouse	0.0952857221548	0	514	C	A
N0_Mouse	0.0953632502803	0	700	A	G
N0_Mouse	0.095732932485	0	128	A	G
N0_Mouse	0.0961452969058	0	382	T	A
N0_Mouse	0.0970050544258	0	521	A	T
N0_Mouse	0.100946505392	0	632	A	G
N0_Mouse	0.101416318821	0	92	T	C
N0_Mouse	0.102746586774	0	367	A	C
N0_Mouse	0.102831558574	0	113	C	A
N0_Mouse	0.105866341755	0	78	A	T
N0_Mouse	0.105988356293	0	666	A	C
N0_Mouse	0.11395380212	0	529	C	T
N0_Mouse	0.114488628155	0	687	A	T
N0_Mouse	0.115037230829	0	401	C	G
N0_Mouse	0.115404382087	0	559	G	A
N0_Mouse	0.117032167562	0	471	G	C
N0_Mouse	0.117357381103	0	540	C	A
N0_Mouse	0.118772012139	0	79	A	T
N0_Mouse	0.12034306591	0	86	A	G
N0_Mouse	0.121598644715	0	319	A	G
N0_Mouse	0.1216353732	0	263	T	A
N0_Mouse	0.122532589945	0	519	T	C
N0_Mouse	0.123141414436	0	652	C	A
N0_Mouse	0.124692025239	0	708	A	C
N0_Mouse	0.125524470817	0	261	T	C
N0_Mouse	0.126171444548	0	201	T	A
N0_Mouse	0.126366338568	0	556	A	G
N0_Mouse	0.127141688707	0	649	G	A
N0_Mouse	0.127313473734	0	629	A	C
N0_Mouse	0.127536388774	0	372	C	A
N0_Mouse	0.127794176682	0	276	G	A
N0_Mouse	0.131036959415	0	462	C	T
N0_Mouse	0.133085591854	0	5	T	A
N0_Mouse	0.133953946909	0	155	G	A
N0_Mouse	0.133965723189	0	419	T	G
N0_Mouse	0.133974612508	0	451	T	G
N0_Mouse	0.134588888639	0	295	T	C
N0_Mouse	0.135320234132	0	167	G	A
N0_Mouse	0.135754630439	0	237	T	A
N0_Mouse	0.13580485119	0	579	G	A
N0_Mouse	0.136177146379	0	328	A	G
N0_Mouse	0.13679137448	0	200	G	T
N0_Mouse	0.137940787699	0	292	T	A
N0_Mouse	0.140821580524	0	59	C	A
N0_Mouse	0.14744511307	0	492	T	C
N0_Mouse	0.148501354009	0	81	G	T
N0_Mouse	0.14905036828	0	485	G	C
N0_Mouse	0.150427139026	0	121	T	C
N0_Mouse	0.152783407485	0	283	C	T
N0_Mouse	0.153635393595	0	359	C	T
N0_Mouse	0.153800826898	0	395	A	G
N0_Mouse	0.154038586862	0	78	T	C
N0_Mouse	0.154135129575	0	471	C	T
N0_Mouse	0.154775961125	0	197	G	C
N0_Mouse	0.154796768502	0	371	T	G
N0_Mouse	0.155692419794	0	525	A	G
N0_Mouse	0.157179947501	0	680	T	C
N0_Mouse	0.159731582755	0	332	G	T
N0_Mouse	0.16012650042	0	726	A	T
N0_Mouse	0.161165426561	0	528	A	T
N0_Mouse	0.163575949581	0	177	A	C
N0_Mouse	0.169008932094	0	598	T	C
N0_Mouse	0.175811064473	0	640	T	C
N0_Mouse	0.177610562287	0	662	A	T
N0_Mouse	0.177719423461	0	11	T	C
N0_Mouse	0.178164594153	0	528	T	C
N0_Mouse	0.179865049328	0	507	T	C
N0_Mouse	0.180998676045	0	34	A	G
N0_Mouse	0.182488360422	0	386	G	A
N0_Mouse	0.183077170816	0	599	C	T
N0_Mouse	0.183916274394	0	36	A	G
N0_Mouse	0.184605978939	0	371	G	A
N0_Mouse	0.187021240428	0	536	G	T
N0_Mouse	0.188155697356	0	7	T	C
N0_Mouse	0.188430953663	0	390	G	A
N0_Mouse	0.193890695146	0	300	G	A
N0_Mouse	0.194814699555	0	236	C	T
N0_Mouse	0.194845736775	0	186	T	C
N0_Mouse	0.195709702528	0	458	C	T
N0_Mouse	0.197186710458	0	1	G	A
N0_Mouse	0.198200281556	0	448	A	T
N0_Mouse	0.200277580777	0	491	C	T
N0_Mouse	0.200665397074	0	525	G	A
N0_Mouse	0.206994991548	0	341	T	C
N0_Mouse	0.208408043346	0	619	C	G
N0_Mouse	0.208964623165	0	139	T	A
N0_Mouse	0.21040666568	0	401	G	C
N0_Mouse	0.210679974801	0	228	A	G
N0_Mouse	0.215550134751	0	510	A	G
N0_Mouse	0.216179243516	0	176	G	A
N0_Mouse	0.217504436379	0	685	A	G
N0_Mouse	0.220976943621	0	712	C	T
N0_Mouse	0.222171396046	0	385	A	G
N0_Mouse	0.223219745804	0	761	C	T
N0_Mouse	0.224082029258	0	314	C	G
N0_Mouse	0.225154552854	0	138	A	T
N0_Mouse	0.226680202832	0	610	G	A
N0_Mouse	0.227194201229	0	174	G	A
N0_Mouse	0.230347208157	0	713	A	T
N0_Mouse	0.23266752928	0	93	G	C
N0_Mouse	0.232811413803	0	620	G	A
N0_Mouse	0.233032315298	0	469	A	C
N0_Mouse	0.233198155259	0	329	T	C
N0_Mouse	0.233758438725	0	198	C	T
N0_Mouse	0.233925040698	0	452	C	G
N0_Mouse	0.235072052496	0	334	T	A
N0_Mouse	0.238068567644	0	543	T	A
N0_Mouse	0.238098880733	0	244	C	A
N0_Mouse	0.240032750843	0	132	C	T
N0_Mouse	0.242403796514	0	682	T	C
N0_Mouse	0.243669231991	0	417	G	A
N0_Mouse	0.245519856096	0	444	A	G
N0_Mouse	0.246500339803	0	298	A	G
N0_Mouse	0.247004098481	0	268	T	C
N0_Mouse	0.247117892229	0	714	T	C
N0_Mouse	0.24893018826	0	650	C	T
N0_Mouse	0.249977873791	0	32	A	G
N0_Mouse	0.250537129149	0	527	G	A
N0_Mouse	0.251682058377	0	153	G	C
N0_Mouse	0.252599768269	0	709	T	A
N0_Mouse	0.254045834204	0	313	C	T
N0_Mouse	0.254872768935	0	480	T	C
N0_Mouse	0.255155142336	0	52	G	T
N0_Mouse	0.255822116855	0	95	G	A
N0_Mouse	0.257889172458	0	489	G	C
N0_Mouse	0.258963589342	0	593	T	A
N0_Mouse	0.260660056437	0	581	A	T
N0_Mouse	0.262843419713	0	731	A	G
N0_Mouse	0.263211135886	0	173	G	A
N0_Mouse	0.266183385883	0	608	G	T
N0_Mouse	0.26672461038	0	254	C	A
N0_Mouse	0.266956593031	0	591	C	A
N0_Mouse	0.267752981606	0	589	A	G
N0_Mouse	0.268657982606	0	224	A	C
N0_Mouse	0.269162343464	0	2	A	G
N0_Mouse	0.269469484217	0	735	A	T
N0_Mouse	0.269628758353	0	550	A	T
N0_Mouse	0.270800307439	0	386	A	C
N0_Mouse	0.271984662085	0	499	A	G
N0_Mouse	0.272196588725	0	551	C	T
N0_Mouse	0.272969643867	0	490	A	G
N0_Mouse	0.273060631242	0	404	C	G
N0_Mouse	0.273452046474	0	73	A	G
N0_Mouse	0.274857028675	0	618	A	T
N0_Mouse	0.275215477036	0	362	A	G
N0_Mouse	0.277467271161	0	116	G	A
N0_Mouse	0.278086672989	0	536	T	C
N0_Mouse	0.279268533071	0	356	A	T
N0_Mouse	0.280114692486	0	65	T	A
N0_Mouse	0.281092501742	0	513	T	A
N0_Mouse	0.282126549838	0	21	G	A
N0_Mouse	0.282438651177	0	154	T	A
N0_Mouse	0.283264157082	0	32	G	A
N0_Mouse	0.283445697778	0	94	C	T
N0_Mouse	0.28394741578	0	484	G	A
N0_Mouse	0.288030858131	0	565	A	G
N0_Mouse	0.288804274888	0	682	C	T
N0_Mouse	0.289626145026	0	259	A	T
N0_Mouse	0.291580504159	0	430	G	A
N0_Mouse	0.292153069167	0	26	T	A
N0_Mouse	0.297879421625	0	398	C	T
N0_Mouse	0.297986361017	0	544	T	C
N0_Mouse	0.299077421068	0	614	A	G
N0_Mouse	0.299146133382	0	553	A	T
N0_Mouse	0.299580881978	0	181	A	T
N0_Mouse	0.300858455745	0	738	T	C
N0_Mouse	0.308288625066	0	105	T	C
N0_Mouse	0.309349916312	0	151	C	A
N0_Mouse	0.309899308126	0	10	T	G
N0_Mouse	0.311235689868	0	317	G	A
N0_Mouse	0.31162285021	0	574	T	G
N0_Mouse	0.311945586503	0	155	A	T
N0_Mouse	0.312794042941	0	312	G	A
N0_Mouse	0.314831304678	0	525	A	G
N0_Mouse	0.31544649636	0	761	T	C
N0_Mouse	0.315706390961	0	458	T	A
N0_Mouse	0.317511786159	0	75	G	A
N0_Mouse	0.321218091662	0	689	C	T
N0_Mouse	0.321279218352	0	270	A	T
N0_Mouse	0.325898016226	0	144	C	G
N0_Mouse	0.329460294334	0	606	C	T
N0_Mouse	0.331471658163	0	521	T	A
N0_Mouse	0.331712104434	0	488	G	A
N0_Mouse	0.333408212564	0	262	A	C
N0_Mouse	0.33402139991	0	575	C	A
N0_Mouse	0.335298085868	0	115	T	A
N0_Mouse	0.338476116605	0	340	T	C
N0_Mouse	0.339578896205	0	55	A	T
N0_Mouse	0.340065631018	0	610	A	G
N0_Mouse	0.344331661866	0	145	A	T
N0_Mouse	0.348437783957	0	517	T	C
N0_Mouse	0.350713539127	0	228	G	A
N0_Mouse	0.352006678204	0	478	C	T
N0_Mouse	0.352644659736	0	354	C	T
N0_Mouse	0.352875161187	0	500	T	C
N0_Mouse	0.352877436534	0	508	G	C
N0_Mouse	0.353021145598	0	544	C	T
N0_Mouse	0.353550064502	0	303	C	A
N0_Mouse	0.354105975571	0	662	T	G
N0_Mouse	0.354146405496	0	543	A	T
N0_Mouse	0.356624844132	0	128	G	C
N0_Mouse	0.357999759601	0	702	A	G
N0_Mouse	0.358911131861	0	517	C	A
N0_Mouse	0.363600090881	0	525	G	A
N0_Mouse	0.364693603116	0	115	A	T
N0_Mouse	0.365891109033	0	271	G	C
N0_Mouse	0.366131057683	0	18	T	C
N0_Mouse	0.36675213255	0	629	C	T
N0_Mouse	0.368210102266	0	488	A	T
N0_Mouse	0.372028695566	0	405	T	G
N0_Mouse	0.372490127841	0	125	G	T
N0_Mouse	0.373955617116	0	607	T	C
N0_Mouse	0.377209912373	0	54	C	T
N0_Mouse	0.378635846058	0	681	T	G
N0_Mouse	0.380782976049	0	565	G	T
N0_Mouse	0.384153917833	0	333	A	G
N0_Mouse	0.384369572557	0	410	G	T
N0_Mouse	0.387899586805	0	695	T	A
N0_Mouse	0.387956116482	0	752	C	G
N0_Mouse	0.390055528702	0	337	A	G
N0_Mouse	0.39058959218	0	616	A	T
N0_Mouse	0.392164078862	0	523	C	G
N0_Mouse	0.393576552996	0	648	C	T
N0_Mouse	0.394989889499	0	543	T	C
N0_Mouse	0.396394913733	0	205	G	A
N0_Mouse	0.397686414555	0	480	C	T
N0_Mouse	0.398790703208	0	492	C	G
N0_Mouse	0.400382442865	0	45	T	C
N0_Mouse	0.401604061361	0	119	C	G
N0_Mouse	0.402719970838	0	342	A	T
N0_Mouse	0.403477192637	0	316	C	G
N0_Mouse	0.405103322638	0	17	G	C
N0_Mouse	0.406104347963	0	78	C	A
N0_Mouse	0.407834923171	0	542	T	G
N0_Mouse	0.408512013483	0	622	A	G
N0_Mouse	0.408927194117	0	228	A	C
N0_Mouse	0.410397701367	0	704	A	C
N0_Mouse	0.411477230365	0	408	A	T
N0_Mouse	0.413330292624	0	433	G	T
N0_Mouse	0.41334449321	0	679	A	C
N0_Mouse	0.418554150387	0	164	C	G
N0_Mouse	0.419969664393	0	646	T	A
N0_Mouse	0.42007716974	0	617	G	A
N0_Mouse	0.420686103548	0	602	G	C
N0_Mouse	0.421655142433	0	476	G	T
N0_Mouse	0.42341747165	0	691	G	A
N0_Mouse	0.423998794261	0	745	T	A
N0_Mouse	0.425677226991	0	711	G	T
N0_Mouse	0.425840928525	0	123	C	T
N0_Mouse	0.425988228131	0	149	A	C
N0_Mouse	0.428179877514	0	101	A	T
N0_Mouse	0.43143532464	0	407	C	T
N0_Mouse	0.432778719112	0	124	T	C
N0_Mouse	0.433491191417	0	467	C	A
N0_Mouse	0.434316194689	0	388	A	G
N0_Mouse	0.434701238203	0	699	T	A
N0_Mouse	0.435908741112	0	243	G	C
N0_Mouse	0.438499459913	0	37	C	T
N0_Mouse	0.441180471734	0	432	C	T
N0_Mouse	0.441585171708	0	458	A	G
N0_Mouse	0.444607481178	0	497	T	C
N0_Mouse	0.444648656149	0	8	A	T
N0_Mouse	0.446438570213	0	640	C	G
N0_Mouse	0.44652527653	0	62	A	T
