edge	time	mut_orlg	mut_pos	old_state	new_state
N0_kluyveri	0.00815407222222	0	94	GAG	GAA
N0_kluyveri	0.0108748802768	0	29	GTC	GTT
N0_kluyveri	0.0135430604353	0	100	TCT	TCC
N0_kluyveri	0.014538181715	0	54	TTA	TTG
N0_kluyveri	0.0188642732635	0	148	CTA	CCA
N0_kluyveri	0.0248729206246	0	116	TCG	TCA
N0_kluyveri	0.0249433669751	0	146	TTA	CTA
D1_N1	0.000656619322068	2	88	AAA	AAG
D1_N1	0.00546053421112	1	69	ATA	GTA
D1_N1	0.00556527604621	2	56	ATT	ATC
D1_N1	0.0143693983444	2	18	ACA	ACG
D1_N1	0.0156939247569	1	107	CCT	CCC
D1_N1	0.0180269678087	2	123	AAA	AGA
D1_N1	0.0190896940061	1	86	TAC	TAT
D1_N1	0.0233173238443	2	66	GTT	GTC
D1_N1	0.0244935301218	1	3	TAT	TAC
D1_N1	0.0268995638405	1	105	GTA	GCA
D1_N1	0.0281088121141	2	130	GCA	GCG
D1_N1	0.0340502896796	1	70	CTC	CTT
D1_N1	0.0356212588341	1	109	CCT	CCC
D1_N1	0.0366342811709	2	38	TCC	TCG
D1_N1	0.0369434222316	2	12	CGT	CGC
D1_N1	0.0426489394923	1	109	CCC	CCT
D1_N1	0.0494663264552	1	138	CCA	CCG
D1_N1	0.0540097101083	1	65	GTT	GTC
D1_N1	0.0545901835852	2	149	AGG	AGA
D1_N1	0.055094520982	2	22	GGT	GGC
D1_N1	0.0564467896944	1	46	ATC	ATT
D1_N1	0.0571613800504	1	98	ATA	ATC
D1_N1	0.0572258149284	1	64	TTC	TTT
D1_N1	0.0584049599665	1	56	ATT	ATC
D1_N1	0.0613368874924	2	93	TAC	TAT
D1_N1	0.0637323586563	2	74	ACG	ACA
D1_N1	0.0657110731542	1	42	ACT	ACG
D1_N1	0.0657152254003	1	47	CCT	CCC
D1_N1	0.0709774411209	2	59	TTT	TTC
D1_N1	0.0715544490291	1	34	CTA	TTA
D1_N1	0.073585508035	1	108	GGA	GGG
D1_N1	0.0865854389944	2	70	CTC	CTT
D1_N1	0.0879927227534	1	30	ATA	ATC
D1_N1	0.0882749854847	1	46	ATT	ATC
D1_N1	0.0886609994816	1	160	AGT	AGC
D1_N1	0.0887090782855	2	34	CTA	TTA
D1_N1	0.089545671204	1	103	AAA	AAG
D1_N1	0.0917644006215	2	32	AAC	AAT
D1_N1	0.093042044375	2	88	AAG	AAA
D1_N1	0.107961919876	2	92	ATT	ATC
D1_N1	0.110277485135	2	24	GTG	GTA
D1_N1	0.112981325743	1	64	TTT	TCT
D1_N1	0.11309823794	1	129	TGC	TGT
D1_N1	0.115405719758	2	141	TTG	CTG
D1_N1	0.123168223283	2	74	ACA	ACG
D1_N1	0.123632050956	2	157	CAA	CAG
D1_N1	0.124430429477	2	100	TCT	TCC
D1_N1	0.126598011377	1	36	GTT	GTA
D1_N1	0.127060848858	2	50	GCG	GCA
D1_N1	0.128238985325	1	86	TAT	TAC
D1_N1	0.132044265237	2	115	TTT	TTC
D1_N1	0.133176680792	1	65	GTC	GTT
D1_N1	0.134863203615	1	129	TGT	TGC
D1_N1	0.140573614338	1	22	GGT	GGC
D1_N1	0.141433918136	2	139	AGG	AGA
D1_N1	0.147726038666	1	163	GGC	GGT
D1_N1	0.147976947367	1	52	GGT	GGC
D1_N1	0.155713193333	2	71	TCT	TCC
D1_N1	0.15904537347	2	122	AGT	AGC
D1_N1	0.162514402557	1	10	GGT	AGT
D1_N1	0.181495311759	1	1	CTA	TTA
D1_N1	0.183836321949	2	35	AAG	AAA
D1_N1	0.184035905526	2	34	TTA	TTG
D1_N1	0.186536362063	1	91	ACT	ACA
D1_N1	0.187725143611	1	108	GGG	GGA
D1_N1	0.190499587722	2	98	ATA	ATG
D1_N1	0.191397150352	1	136	ACA	ACG
D1_N1	0.19422842807	1	129	TGC	TGT
D1_N1	0.194866988521	1	109	CCT	CCG
D1_N1	0.200056122567	2	1	CTA	CTT
D1_N1	0.203251777324	2	91	ACT	ACC
D1_N1	0.205647036627	1	83	ACA	ACG
D1_N1	0.213337910635	2	45	TCA	TCC
N1_castellii	0.0042324212138	1	105	GCA	GCG
N1_castellii	0.00712593370225	2	99	GTA	GTT
N1_castellii	0.0114697549315	2	151	ATT	ATC
N1_castellii	0.0122843215579	1	100	TCT	TCC
N1_castellii	0.0210937019265	2	15	AAA	AAG
N1_castellii	0.0374411766156	2	161	TTA	CTA
N1_castellii	0.0377379045967	2	77	AAC	GAC
N1_castellii	0.0389216560609	1	54	TTA	TTG
N1_castellii	0.0394253786304	2	3	TAT	TAC
N1_castellii	0.0409585684187	1	118	CTA	ATA
N1_castellii	0.0413697741392	2	17	ACA	AGA
N1_castellii	0.0421894081268	1	105	GCG	GCA
N1_castellii	0.0428348750057	2	128	TTT	TTC
N1_castellii	0.0429224410618	1	138	CCG	CCA
N1_castellii	0.0433515139553	2	97	ATT	ATC
N1_castellii	0.0451278565053	1	150	GCG	GCA
N1_castellii	0.0455562176936	1	148	CTA	TTA
N1_castellii	0.0465656403516	1	84	ATC	ATT
N1_castellii	0.0509667251212	1	24	GTG	GTA
N1_castellii	0.0535192046619	1	95	ACG	ACA
N1_castellii	0.0578719047166	2	120	AGA	CGA
N1_castellii	0.0579507568073	2	161	CTA	TTA
N1_castellii	0.0623612492248	1	74	ACG	ACA
N1_castellii	0.0696408736848	1	99	GTA	GTG
N1_castellii	0.0741557911885	2	150	GCG	GCT
N1_castellii	0.0770334471919	2	57	CCC	CTC
N1_castellii	0.0784616339422	1	17	ACA	ACG
N1_castellii	0.079098915697	2	46	ATC	ATT
N1_castellii	0.0791665308162	1	54	TTG	CTG
N1_castellii	0.0828503861449	2	61	TTA	CTA
N1_castellii	0.0867315045135	2	154	GAA	AAA
N1_castellii	0.0870415806675	1	46	ATC	ATT
N1_castellii	0.0899095820305	1	63	GCC	TCC
N1_castellii	0.0899655971723	2	88	AAA	AAG
N1_castellii	0.0925986869115	1	89	GCA	GCG
N1_castellii	0.0954706447407	2	153	TCA	TCT
N1_castellii	0.0963230100594	2	126	AGG	CGG
N1_castellii	0.103112224075	1	103	AAG	AAA
N1_castellii	0.11313501091	1	68	TTG	CTG
N1_castellii	0.115699572494	2	36	GTT	GTC
N1_castellii	0.116329829935	2	39	CCA	CCG
N1_castellii	0.118199140851	2	145	GTT	GTC
N1_castellii	0.121351389149	2	4	GAG	AAG
N1_castellii	0.123200892651	1	82	GTT	GTC
N1_castellii	0.12533595402	2	148	CTA	TTA
N1_castellii	0.128595548988	1	39	CCA	CCG
N1_castellii	0.130815159329	1	109	CCG	CCA
N1_castellii	0.133007177284	2	113	CTA	CTG
N1_castellii	0.139871907652	1	79	CAG	CAA
N1_castellii	0.14286093328	2	131	ATC	ATT
N1_castellii	0.144228092915	2	25	ATC	ATT
N1_castellii	0.148323864396	1	13	ACT	ACG
N1_castellii	0.148858125125	1	36	GTA	GTG
N1_castellii	0.149149771511	1	54	CTG	TTG
N1_castellii	0.149155251665	2	93	TAT	TAC
N1_castellii	0.152227855668	1	142	AGT	AGC
N1_castellii	0.153371778641	1	125	AAG	AAA
N1_castellii	0.153680705559	2	150	GCT	GTT
N1_castellii	0.153898377964	2	80	CGG	AGG
N1_castellii	0.157262222307	1	21	ACG	ACA
N1_castellii	0.159635742971	2	71	TCC	TTC
N1_castellii	0.163022597973	1	19	CTT	CTC
N1_castellii	0.163768066998	1	83	ACG	ACA
N1_castellii	0.168152652759	2	104	TCC	TCT
N1_N2	0.00304706800623	2	44	CCC	CCT
N1_N2	0.0156103876412	2	154	GAA	GAG
N1_N2	0.0176517828216	2	116	TCG	TCA
N1_N2	0.0182267215111	1	162	TTA	CTA
N1_N2	0.0304475805782	1	26	TCA	TCT
N1_N2	0.0307656158012	1	79	CAG	CAA
N1_N2	0.0361488784367	1	103	AAG	AAA
N1_N2	0.0403902380172	1	163	GGT	GGC
N1_N2	0.0435575519852	2	38	TCC	TCT
N1_N2	0.044784931485	1	130	GCA	GCT
N1_N2	0.0459693682767	2	141	CTG	CTA
N1_N2	0.0461905000788	1	38	TCC	TCT
N1_N2	0.0537670473229	2	43	CCC	CCT
N1_N2	0.0557854573534	1	139	AGG	AGA
N1_N2	0.0639082591629	2	45	TCC	TCT
N1_N2	0.0671612122	2	135	CCG	CCA
N1_N2	0.0694360601297	2	115	TTC	TTT
N1_N2	0.0711125607522	2	62	CCA	CCT
N1_N2	0.0719614492001	1	19	CTT	CTA
N1_N2	0.0720972891903	1	162	CTA	CTG
N1_N2	0.0744502696643	1	105	GCA	GCG
N1_N2	0.0820234416172	1	48	GTA	GTG
N1_N2	0.0820632186624	2	39	CCA	CTA
N1_N2	0.0860564842787	1	15	AAA	AAG
N1_N2	0.0965044306769	1	29	GTC	GTT
N1_N2	0.0973599187876	1	148	CTA	CTG
N1_N2	0.107503958576	2	68	TTG	TTA
N1_N2	0.112751061233	2	95	ACG	ACA
N1_N2	0.115772433072	1	20	AAT	AAC
N1_N2	0.118004642365	2	58	GGT	GGC
N1_N2	0.132742972584	1	116	TCG	TCA
N1_N2	0.135683502132	1	136	ACG	ACA
N1_N2	0.137227547428	2	61	TTA	CTA
N1_N2	0.138903701179	1	27	GCT	GTT
N1_N2	0.13916411298	2	32	AAT	AAC
N1_N2	0.139931262413	2	162	TTA	CTA
N1_N2	0.141773749464	1	3	TAC	TAT
N1_N2	0.143264249533	1	17	ACA	ACG
N1_N2	0.147344374973	1	104	TCC	TCT
N1_N2	0.147554966176	1	38	TCT	TCC
N1_N2	0.149561475617	1	120	AGA	AGG
N1_N2	0.152310239043	1	99	GTA	GTG
N1_N2	0.152415457493	1	131	ATC	ATT
N1_N2	0.159496770607	2	41	ACG	ACA
N1_N2	0.161624418526	1	127	AGT	AGC
N1_N2	0.166027239185	2	29	GTC	GTT
N1_N2	0.166818022319	1	35	AAG	AAA
N1_N2	0.167746557619	1	56	ATC	ATT
N1_N2	0.16803814074	1	139	AGA	AGG
N1_N2	0.168270665134	1	126	AGG	AGA
N1_N2	0.168352113208	2	139	AGA	AGG
N1_N2	0.173271623818	1	15	AAG	AAA
N1_N2	0.174813315944	2	46	ATC	ATA
N1_N2	0.17706888856	2	71	TCC	TCT
N1_N2	0.177268152147	2	129	TGC	TGT
N1_N2	0.180326130381	2	139	AGG	AGA
N1_N2	0.186816606288	1	150	GCG	GCT
N1_N2	0.193933442901	1	160	AGC	AGT
N1_N2	0.2035495573	2	151	ATT	ATA
N1_N2	0.207181912602	1	51	AGA	AGG
N1_N2	0.207904401062	1	104	TCT	CCT
N1_N2	0.210485165422	2	120	AGA	AAA
N2_bayanus	0.0012723992281	2	75	TAT	TAC
N2_bayanus	0.00259817826401	1	85	GGT	GGC
N2_bayanus	0.00668058717171	2	154	GAG	GAA
N2_bayanus	0.00802885056871	1	64	TCT	TTT
N2_bayanus	0.0253588208866	1	48	GTG	GTA
N2_bayanus	0.0257443915768	2	11	TAT	TAC
N2_bayanus	0.0268208858049	2	92	ATC	GTC
N2_N3	0.00110669425774	1	141	TTG	TTA
N2_N3	0.00114124290274	1	95	ACG	ACA
N2_N3	0.00359239468159	1	62	CCA	CCG
N2_N3	0.0104676987292	1	73	ACA	ACC
N2_N3	0.0112699070929	1	44	CCC	CCT
N2_N3	0.013625065145	1	120	AGG	CGG
N2_N3	0.0137180526387	2	58	GGC	GGT
N2_N3	0.0153422301549	2	5	GGA	GGG
N2_N3	0.0212224039873	2	119	TTT	TTC
N3_kudriavzevii	0.00120783873637	1	56	ATT	ATC
N3_kudriavzevii	0.00557600168489	2	97	ATT	ATC
N3_kudriavzevii	0.0103896206518	2	66	GTC	GTT
N3_kudriavzevii	0.0151194717323	2	161	TTA	CTA
N3_kudriavzevii	0.0163583216391	1	162	CTG	CTA
N3_kudriavzevii	0.0164532895202	2	149	AGA	AGG
N3_kudriavzevii	0.0209346220798	2	141	CTA	CTG
N3_kudriavzevii	0.0256487266152	1	35	AAA	AAG
N3_kudriavzevii	0.0270975074714	1	153	TCA	TCT
N3_kudriavzevii	0.0281426052275	1	121	GAA	GAG
N3_kudriavzevii	0.0281599465399	2	89	GCA	GCG
N3_kudriavzevii	0.0292586251355	2	77	AAC	AAT
N3_kudriavzevii	0.0330415091929	1	82	GTT	GTC
N3_kudriavzevii	0.0394757469608	2	143	TCA	TCC
N3_kudriavzevii	0.0446595576524	1	135	CCG	CTG
N3_kudriavzevii	0.048784979133	2	18	ACA	ACT
N3_kudriavzevii	0.0492525683488	2	127	AGT	AGC
N3_kudriavzevii	0.0503415513417	1	20	AAC	AGC
N3_kudriavzevii	0.0506583625932	2	24	GTA	GTG
N3_kudriavzevii	0.0536395489359	2	57	CCC	CCT
N3_kudriavzevii	0.0563363029389	2	152	GGA	GGG
N3_kudriavzevii	0.0563546082898	2	31	ATC	ATT
N3_kudriavzevii	0.0566543940434	1	34	TTA	CTA
N3_kudriavzevii	0.0567162241692	2	54	TTA	CTA
N3_kudriavzevii	0.0606171727018	2	20	AAT	GAT
N3_kudriavzevii	0.0653617431912	1	37	CCT	CTT
N3_kudriavzevii	0.0674592851504	2	28	CTA	CTG
N3_kudriavzevii	0.0702462304734	1	36	GTA	GTG
N3_kudriavzevii	0.0703857615652	2	153	TCA	TCG
N3_kudriavzevii	0.0722932726392	2	88	AAA	AGA
N3_kudriavzevii	0.0725395099417	1	95	ACA	ACC
N3_kudriavzevii	0.0736281527446	1	69	GTA	GTC
N3_kudriavzevii	0.0770050273722	1	99	GTG	GTA
N3_kudriavzevii	0.0793080507693	2	84	ATC	ATT
N3_kudriavzevii	0.080173027414	2	34	TTG	TTA
N3_kudriavzevii	0.0830133398457	1	45	TCA	TCG
N3_N4	0.000290569395539	2	54	TTA	CTA
N3_N4	0.00212248782281	2	25	ATC	ATT
N3_N4	0.00284811738679	1	30	ATC	ACC
N3_N4	0.0062634739033	1	73	ACC	ACT
N3_N4	0.00645581915107	2	156	AAC	AAT
N3_N4	0.014757348042	1	43	CCC	CCT
N3_N4	0.0148687553351	1	157	CAA	CAG
N3_N4	0.0149330706914	2	118	CTA	CTG
N3_N4	0.0178609224422	1	127	AGC	AGT
N3_N4	0.0187536941135	1	51	AGG	AGA
N3_N4	0.019206509024	1	2	CAA	CAG
N3_N4	0.026062654688	1	118	CTA	TTA
N3_N4	0.0288756555212	2	112	TCT	TTT
N3_N4	0.029278705367	1	34	TTA	TTG
N4_mikatae	0.000188731106426	2	63	GCC	GCT
N4_mikatae	0.00557236877032	2	22	GGT	GGA
N4_mikatae	0.00641198900469	2	158	TGT	TGC
N4_mikatae	0.0112807924781	2	54	CTA	TTA
N4_mikatae	0.0243151365325	2	3	TAT	TAC
N4_mikatae	0.0279612650196	2	61	CTA	TTA
N4_mikatae	0.0293913259533	2	80	CGG	CGA
N4_mikatae	0.0304536186977	1	141	TTA	TTG
N4_mikatae	0.0391793047456	1	58	GGT	GGC
N4_mikatae	0.0395298953497	1	84	ATC	ATT
N4_mikatae	0.0405854325577	2	0	ATT	ATC
N4_mikatae	0.0405896640113	1	150	GCT	GCC
N4_mikatae	0.0460256420835	2	19	CTT	CTC
N4_mikatae	0.0504125992385	1	28	CTA	TTA
N4_mikatae	0.0554417631655	1	31	ATC	ATT
N4_mikatae	0.0565039495469	1	3	TAT	TAC
N4_mikatae	0.0571266814637	1	43	CCT	TCT
N4_N5	0.00107782788383	2	87	GAC	GAT
N4_N5	0.00299256914602	2	107	CCT	CCA
N4_N5	0.00309921938386	1	118	TTA	TTG
N4_N5	0.00356319137248	1	41	ACG	ACA
N4_N5	0.00892438188843	2	24	GTA	GTG
N4_N5	0.0107878132071	1	138	CCG	CCC
N4_N5	0.0133042565171	1	15	AAA	AAG
N4_N5	0.0143652775977	1	8	GGT	AGT
N4_N5	0.0183254083039	1	53	ACA	ACG
N5_paradoxus	0.0030150994713	2	49	CAC	CAT
N5_paradoxus	0.00654221236544	1	40	TTT	TTC
N5_paradoxus	0.00840424805021	2	13	ACT	ACC
N5_paradoxus	0.00995356258624	2	137	AAT	AAC
N5_paradoxus	0.0114518121549	1	29	GTT	GTC
N5_paradoxus	0.0140423073994	1	141	TTA	CTA
N5_paradoxus	0.0142174888187	2	21	ACG	ACA
N5_paradoxus	0.0142348246544	2	86	TAC	TAT
N5_paradoxus	0.0144118748181	1	53	ACG	ACA
N5_paradoxus	0.0150641940168	2	154	GAG	GAA
N5_paradoxus	0.0207333903766	1	67	CAT	CAC
N5_cerevisiae	0.000386725785041	2	17	ACA	ACG
N5_cerevisiae	0.00794849783112	2	30	ATC	ATT
N5_cerevisiae	0.00857653394063	2	10	GGT	GGC
N5_cerevisiae	0.0128921256067	1	12	CGT	CGC
N5_cerevisiae	0.0205509226336	1	5	GGA	GAA
N5_cerevisiae	0.0237649653765	1	17	ACG	ACA
N5_cerevisiae	0.0248318252635	2	45	TCT	TCC
N5_cerevisiae	0.0253995351861	2	106	ATC	ATT
N5_cerevisiae	0.0275870496995	2	30	ATT	ATC
N5_cerevisiae	0.0288088781926	2	54	CTA	TTA
N5_cerevisiae	0.0320934429019	1	152	GGA	GGC
N5_cerevisiae	0.0377246418526	2	137	AAT	AAC
N5_cerevisiae	0.0425202454638	1	98	ATC	ATT
N5_cerevisiae	0.0528636385367	2	141	CTA	TTA
