edge	time	mut_orlg	mut_pos	old_state	new_state
N0_D1	0.00297501376463	0	32	G	A
N0_D1	0.00616473567827	0	83	A	C
N0_D1	0.0179181929419	0	13	G	T
N0_D1	0.0202624871025	0	149	A	G
N0_D1	0.0215826837974	0	26	C	T
N0_D1	0.030977862383	0	124	A	C
N0_D1	0.0312588375206	0	192	A	T
N0_D1	0.0313105440492	0	200	C	G
N0_D1	0.034837053499	0	171	A	G
N0_D1	0.0399338370592	0	168	C	T
N0_D1	0.0441908238246	0	134	T	C
N0_D1	0.0446067609437	0	87	T	C
N0_D1	0.04565240097	0	173	G	A
N0_D1	0.0470858540783	0	147	A	G
D1_N1	0.00344673046147	2	195	T	G
D1_N1	0.0203150309416	1	187	C	A
D1_N1	0.0209260116205	1	105	G	T
D1_N1	0.0258729057741	2	37	T	A
D1_N1	0.0259554086053	1	111	C	T
D1_N1	0.030014952625	1	11	T	A
D1_N1	0.0384273948178	2	32	A	T
D1_N1	0.039021429148	2	202	G	A
D1_N1	0.0477339668506	1	191	A	T
D1_N1	0.0505504465026	2	40	T	C
D1_N1	0.0546461848454	1	41	G	A
D1_N1	0.0649118428248	2	34	C	A
D1_N1	0.0664015037052	1	64	G	A
D1_N1	0.070424214441	2	87	C	T
D1_N1	0.0726717942272	2	125	C	T
D1_N1	0.0753840568224	1	13	T	C
D1_N1	0.077461554907	1	113	G	T
D1_N1	0.0786714375887	1	170	T	C
D1_N1	0.0803731857122	2	89	G	A
D1_N1	0.0809925557409	1	188	C	T
D1_N1	0.0829320972999	2	140	C	T
D1_N1	0.0848043688267	1	183	T	C
D1_N1	0.0861904809805	1	202	G	C
D1_N1	0.0913757068598	1	158	G	C
D1_N1	0.101442906215	1	31	A	G
D1_N1	0.10619370592	2	202	A	G
D1_N1	0.108694547291	2	116	A	C
D1_N1	0.109926843653	1	184	T	C
D1_N1	0.114283138682	2	78	A	C
D1_N1	0.118839624439	1	169	T	G
D1_N1	0.119882989164	2	154	C	A
D1_N1	0.121709436431	1	96	A	G
D1_N1	0.123714781393	1	16	G	A
D1_N1	0.125018537876	1	121	T	C
D1_N1	0.125412594703	2	154	A	G
D1_N1	0.12861685754	2	96	A	C
D1_N1	0.130118411621	2	62	C	T
D1_N1	0.137088436965	2	98	A	G
D1_N1	0.141481511358	2	30	A	G
D1_N1	0.141629008183	2	91	A	G
D1_N1	0.144611525187	2	35	G	A
D1_N1	0.144650376976	1	50	A	C
D1_N1	0.146093247721	1	64	A	G
D1_N1	0.147153579362	2	22	A	G
D1_N1	0.150862040935	2	55	G	A
D1_N1	0.154764131544	2	83	C	A
D1_N1	0.158791272311	1	133	C	G
D1_N1	0.159233341071	1	169	G	A
D1_N1	0.164501076612	2	48	C	T
D1_N1	0.167642884487	2	35	A	C
D1_N1	0.169688189018	1	31	G	A
D1_N1	0.173452668809	2	147	G	T
D1_N1	0.173943665244	2	112	G	C
D1_N1	0.18148364487	2	1	G	T
D1_N1	0.183192386133	2	144	T	C
D1_N1	0.186684476612	1	129	T	A
D1_N1	0.187367118486	2	14	C	T
D1_N1	0.188069735932	1	1	G	T
D1_N1	0.193856328855	1	96	G	C
D1_N1	0.194300219968	2	34	C	T
D1_N1	0.195464939092	2	191	A	T
D1_N1	0.19595865614	2	132	C	T
D1_N1	0.19774868325	1	15	A	T
D1_N1	0.200676260225	2	65	A	C
D1_N1	0.209656627137	2	108	T	A
D1_N1	0.212657718738	2	94	A	G
N1_N2	0.00552692041797	1	9	T	A
N1_N2	0.00639055732481	2	180	A	C
N1_N2	0.00842838783279	1	25	T	C
N1_N2	0.010968479841	2	186	T	A
N2_N3	0.000746406306312	2	0	T	G
N2_N3	0.000850858222688	2	191	T	C
N2_N3	0.00409530172194	2	98	G	T
N2_N3	0.00529297339481	2	82	T	C
N3_N4	0.00791434155987	1	143	C	G
N4_Human	0.000892480160063	2	33	T	C
N4_Human	0.00204266619918	2	164	G	A
N4_Human	0.00370009468374	1	170	C	T
N4_Human	0.00436643338087	2	102	T	C
N4_Human	0.00504062650821	1	149	G	C
N4_Human	0.00650080518944	2	89	G	A
N4_Chimp	0.00658152755364	1	83	C	A
N4_Chimp	0.00756315878182	2	90	A	G
N4_Chimp	0.010052198476	1	96	C	T
N3_Goril	3.1673082823e-05	2	106	T	A
N3_Goril	0.000267675599355	2	71	T	G
N3_Goril	0.000368846804023	2	172	G	C
N3_Goril	0.00363890351971	2	155	A	C
N3_Goril	0.00422116371786	2	145	G	C
N3_Goril	0.00698416831282	2	154	G	A
N3_Goril	0.00886775881201	1	202	C	T
N3_Goril	0.0120620212628	1	77	C	G
N2_Orang	0.00338801627365	1	115	C	T
N2_Orang	0.0120633006093	1	197	T	A
N2_Orang	0.0120778776227	1	154	C	A
N2_Orang	0.0143441573353	2	6	C	T
N2_Orang	0.0146245197099	2	154	G	A
N1_Macaq	0.00172056753161	1	125	C	G
N1_Macaq	0.00251276903151	1	183	C	T
N1_Macaq	0.0111654200851	1	34	C	A
N1_Macaq	0.0187421821863	2	80	A	G
N1_Macaq	0.0234672956927	1	63	T	C
N1_Macaq	0.0239274047707	1	85	C	T
N1_Macaq	0.0274659882398	2	132	T	G
N1_Macaq	0.0280424265264	1	83	C	A
N1_Macaq	0.0318763821405	2	164	G	A
N0_Mouse	0.00752086720304	0	81	C	A
N0_Mouse	0.0115311008895	0	169	T	G
N0_Mouse	0.0122543612403	0	1	G	A
N0_Mouse	0.013693108115	0	169	G	A
N0_Mouse	0.0152564332462	0	191	A	G
N0_Mouse	0.0184592042886	0	92	C	T
N0_Mouse	0.0251542171961	0	134	T	G
N0_Mouse	0.0267398711775	0	41	G	A
N0_Mouse	0.0331232755821	0	82	T	C
N0_Mouse	0.0570950954113	0	167	C	G
N0_Mouse	0.0662072792034	0	2	T	C
N0_Mouse	0.067337979868	0	49	T	G
N0_Mouse	0.0674248814381	0	29	T	A
N0_Mouse	0.0725707583997	0	26	C	T
N0_Mouse	0.074439112568	0	105	G	A
N0_Mouse	0.0809924244444	0	94	A	G
N0_Mouse	0.0819418426819	0	154	C	G
N0_Mouse	0.0826102582326	0	144	T	C
N0_Mouse	0.0858100897071	0	128	C	G
N0_Mouse	0.0984982045044	0	66	A	T
N0_Mouse	0.103694574055	0	184	T	G
N0_Mouse	0.104883501647	0	37	T	C
N0_Mouse	0.108054664145	0	156	A	T
N0_Mouse	0.110974730986	0	0	T	C
N0_Mouse	0.113714693731	0	171	A	G
N0_Mouse	0.118163490597	0	37	C	T
N0_Mouse	0.13214874748	0	167	G	A
N0_Mouse	0.142912380492	0	18	A	T
N0_Mouse	0.152239634808	0	95	A	T
N0_Mouse	0.160650861244	0	84	A	C
N0_Mouse	0.16444968264	0	125	C	T
N0_Mouse	0.173404562753	0	140	C	T
N0_Mouse	0.174772561906	0	120	T	A
N0_Mouse	0.184494494195	0	15	A	G
N0_Mouse	0.19093885203	0	80	A	G
N0_Mouse	0.191499520942	0	12	C	T
N0_Mouse	0.201999653296	0	39	T	A
N0_Mouse	0.210798208519	0	184	G	C
N0_Mouse	0.216391672756	0	162	G	A
N0_Mouse	0.218490914852	0	76	C	A
N0_Mouse	0.242027218367	0	89	G	A
N0_Mouse	0.243727535756	0	139	T	A
N0_Mouse	0.259205897415	0	109	T	C
N0_Mouse	0.260273389882	0	14	C	T
N0_Mouse	0.276199367257	0	6	C	T
N0_Mouse	0.27756041682	0	92	T	A
N0_Mouse	0.280720616598	0	113	G	T
N0_Mouse	0.286115169194	0	82	C	T
N0_Mouse	0.300790558135	0	69	T	G
N0_Mouse	0.302826289609	0	80	G	A
N0_Mouse	0.306955552701	0	198	A	G
N0_Mouse	0.312750783291	0	175	T	A
N0_Mouse	0.316800660596	0	131	A	T
N0_Mouse	0.319758231736	0	104	G	A
N0_Mouse	0.323973881102	0	169	A	G
N0_Mouse	0.335972168297	0	155	A	T
N0_Mouse	0.340557863521	0	84	C	G
N0_Mouse	0.343801200895	0	86	A	G
N0_Mouse	0.343829649259	0	14	T	G
N0_Mouse	0.351794010478	0	133	C	T
N0_Mouse	0.367171179511	0	48	C	A
N0_Mouse	0.370923517785	0	112	G	A
N0_Mouse	0.371384895748	0	194	A	G
N0_Mouse	0.374067093386	0	141	A	T
N0_Mouse	0.377701604423	0	79	G	A
N0_Mouse	0.378013363843	0	134	G	A
N0_Mouse	0.379841134301	0	168	C	G
N0_Mouse	0.393484480673	0	203	A	C
N0_Mouse	0.395791606298	0	23	A	G
N0_Mouse	0.401657911238	0	67	A	T
N0_Mouse	0.417912802908	0	164	G	A
N0_Mouse	0.418095169806	0	141	T	C
N0_Mouse	0.427848443204	0	49	G	T
N0_Mouse	0.431888743339	0	9	T	A
N0_Mouse	0.442539736245	0	73	C	T
N0_Mouse	0.443864945981	0	82	T	C
N0_Mouse	0.455745465683	0	50	A	G
N0_Mouse	0.459136855288	0	126	G	C
