edge	time	orlg_from	orlg_to	tract_length	start_pos	stop_pos	num_diff	template_seq	overide_seq
D1_N1	3.22600166045e-05	2	1	4	51	54	0	TCTT	TCTT
D1_N1	0.000212535288943	2	1	4	152	155	0	GTTC	GTTC
D1_N1	0.000512990482528	1	2	1	290	290	1	T	C
D1_N1	0.000734578568188	1	2	2	203	204	0	TT	TT
D1_N1	0.000792909591831	2	1	1	220	220	0	A	A
D1_N1	0.000867376921257	2	1	2	152	153	0	GT	GT
D1_N1	0.00106000009621	1	2	2	352	353	1	CA	TA
D1_N1	0.00113851352013	1	2	4	78	81	0	CGGA	CGGA
D1_N1	0.00122835482082	1	2	2	337	338	0	CG	CG
D1_N1	0.001379434497	2	1	5	360	364	0	CTTTC	CTTTC
D1_N1	0.00143487520436	2	1	5	148	152	0	TTTGG	TTTGG
D1_N1	0.00149696548479	1	2	5	97	101	1	TATTA	TATCA
D1_N1	0.00153057801804	2	1	1	468	468	0	T	T
D1_N1	0.00156270661697	2	1	6	312	317	0	CCTAGC	CCTAGC
D1_N1	0.00161529593982	2	1	1	185	185	0	C	C
D1_N1	0.00173341881627	2	1	2	354	355	0	GT	GT
D1_N1	0.00223547116612	1	2	1	438	438	0	T	T
D1_N1	0.00244924051635	2	1	3	468	470	0	TAC	TAC
D1_N1	0.00250038777643	1	2	1	48	48	0	A	A
D1_N1	0.00256187733759	1	2	2	221	222	0	TT	TT
D1_N1	0.00278460795536	1	2	1	322	322	0	C	C
D1_N1	0.00287441062314	2	1	3	136	138	0	CAG	CAG
D1_N1	0.00289416756379	2	1	2	3	4	0	AA	AA
D1_N1	0.00293299077823	2	1	3	315	317	0	AGC	AGC
D1_N1	0.00295262701792	2	1	3	0	2	0	GGA	GGA
D1_N1	0.00312879972825	1	2	4	287	290	0	CGCT	CGCT
D1_N1	0.00318314440626	2	1	1	264	264	0	T	T
D1_N1	0.00336993938605	1	2	3	137	139	0	AGA	AGA
N1_castellii	0.0001103269489	2	1	2	443	444	1	CA	TA
N1_castellii	0.000185974240735	1	2	1	308	308	0	T	T
N1_castellii	0.000329220086777	2	1	1	18	18	0	A	A
N1_castellii	0.000449406438332	1	2	1	430	430	0	G	G
N1_castellii	0.000453431427216	1	2	1	210	210	0	C	C
N1_castellii	0.000818180419264	1	2	17	242	258	0	CAGCTGATCAAGATCTC	CAGCTGATCAAGATCTC
N1_castellii	0.000952498128065	1	2	2	302	303	0	GC	GC
N1_castellii	0.00134812395514	1	2	3	298	300	0	CAG	CAG
N1_castellii	0.00159493034561	2	1	1	217	217	0	T	T
N1_castellii	0.00163547219999	1	2	8	284	291	1	TATCGCTT	AATCGCTT
N1_castellii	0.00166428993323	1	2	4	148	151	1	TTTG	TTCG
N1_castellii	0.00173137471023	1	2	1	35	35	0	T	T
N1_castellii	0.00191967145889	2	1	4	248	251	0	ATCA	ATCA
N1_castellii	0.00227410461727	1	2	3	282	284	0	ACT	ACT
N1_castellii	0.00235571367239	2	1	1	363	363	0	T	T
N1_castellii	0.00240272164582	1	2	1	293	293	0	G	G
N1_castellii	0.00261355553245	1	2	2	446	447	1	TA	TG
N1_castellii	0.00289694423255	1	2	3	403	405	0	AAT	AAT
N1_castellii	0.0029198189025	2	1	8	5	12	0	GTGGCTTT	GTGGCTTT
N1_castellii	0.0030184816688	1	2	1	31	31	0	A	A
N1_castellii	0.00311553981014	2	1	3	399	401	0	ATC	ATC
N1_castellii	0.00318581212423	2	1	1	459	459	0	T	T
N1_castellii	0.00338587340677	1	2	3	82	84	0	CCC	CCC
N1_castellii	0.00347826113908	1	2	5	439	443	0	TAGAC	TAGAC
N1_castellii	0.00353377296789	2	1	1	322	322	0	C	C
N1_castellii	0.00361248655752	1	2	2	32	33	0	TC	TC
N1_castellii	0.00381559346014	1	2	2	390	391	0	GG	GG
N1_castellii	0.0038466667966	1	2	4	40	43	0	GTTC	GTTC
N1_castellii	0.00417662100646	2	1	2	183	184	0	CA	CA
N1_castellii	0.00429677557902	1	2	10	184	193	0	ACTGAAATCT	ACTGAAATCT
N1_castellii	0.00430771504978	2	1	1	335	335	0	A	A
N1_castellii	0.00434776716937	2	1	2	233	234	1	AC	GC
N1_castellii	0.00453533597475	2	1	1	382	382	0	T	T
N1_castellii	0.00463014864942	2	1	1	338	338	0	G	G
N1_castellii	0.00469844776248	1	2	3	318	320	0	CTA	CTA
N1_castellii	0.00481014588224	1	2	3	414	416	1	CTG	CTA
N1_castellii	0.005000151378	2	1	1	230	230	0	T	T
N1_castellii	0.00504002220108	2	1	1	449	449	0	A	A
N1_castellii	0.00537270207707	2	1	3	126	128	0	CAT	CAT
N1_castellii	0.00544495387914	1	2	2	87	88	0	GG	GG
N1_castellii	0.00548591904584	1	2	3	144	146	1	TCA	CCA
N1_castellii	0.00567232833396	2	1	16	335	350	0	AGCGTGTACAGTGTTT	AGCGTGTACAGTGTTT
N1_castellii	0.0059218673254	1	2	6	81	86	0	ACCCTT	ACCCTT
N1_castellii	0.00596397218473	1	2	1	472	472	0	C	C
N1_castellii	0.00607370659299	1	2	1	96	96	0	A	A
N1_castellii	0.00626228383909	2	1	7	92	98	1	ATTAATA	ATTAACA
N1_castellii	0.00646972685629	2	1	2	87	88	0	GG	GG
N1_castellii	0.00653538404987	1	2	3	111	113	0	ACT	ACT
N1_castellii	0.00661049010422	2	1	3	428	430	0	AAG	AAG
N1_castellii	0.0066304330204	1	2	7	469	475	2	ACGCTTT	ATGCCTT
N1_castellii	0.00664354171746	1	2	1	98	98	0	A	A
N1_castellii	0.00665778144046	1	2	1	34	34	0	C	C
N1_castellii	0.00668472731132	1	2	1	279	279	0	T	T
N1_castellii	0.00679493882052	2	1	1	222	222	0	T	T
N1_castellii	0.00688221715625	1	2	3	117	119	0	TCT	TCT
N1_castellii	0.00698959585362	2	1	3	165	167	0	TAT	TAT
N1_castellii	0.00727897174716	1	2	4	304	307	0	TAAT	TAAT
N1_castellii	0.00739155944705	1	2	1	364	364	0	C	C
N1_castellii	0.00758781304882	1	2	1	217	217	0	T	T
N1_castellii	0.00771556904682	2	1	3	350	352	0	TGC	TGC
N1_castellii	0.00773782438935	2	1	6	167	172	0	TGATAG	TGATAG
N1_castellii	0.00774513017808	1	2	1	67	67	0	A	A
N1_castellii	0.00785621398013	2	1	1	475	475	0	T	T
N1_castellii	0.00785739803271	2	1	4	30	33	0	TATC	TATC
N1_castellii	0.0080648893171	2	1	8	344	351	0	AGTGTTTG	AGTGTTTG
N1_castellii	0.00819224257511	2	1	2	480	481	1	AT	AC
N1_castellii	0.00827562601767	1	2	3	482	484	0	ATA	ATA
N1_castellii	0.00830178744154	2	1	2	168	169	0	GA	GA
N1_castellii	0.00867432158737	1	2	1	132	132	0	T	T
N1_castellii	0.00867553648543	1	2	5	53	57	1	TTTGG	TTTAG
N1_castellii	0.00887000845129	1	2	1	331	331	0	T	T
N1_castellii	0.0089053675171	2	1	4	419	422	0	TAAT	TAAT
N1_castellii	0.00917900438448	2	1	5	242	246	1	CAGCT	GAGCT
N1_castellii	0.00970790495733	2	1	3	192	194	0	CTC	CTC
N1_castellii	0.00987600712614	2	1	12	333	344	1	ACAGCGCGTACA	ACAGCGTGTACA
N1_castellii	0.0100348761366	1	2	10	437	446	0	ATTAGACACT	ATTAGACACT
N1_castellii	0.0102096102622	1	2	10	485	491	0	CATGGTG	CATGGTG
N1_castellii	0.0102523593097	2	1	3	84	86	0	CTT	CTT
N1_castellii	0.0103843220714	1	2	1	409	409	0	A	A
N1_castellii	0.0104349988151	2	1	4	198	201	1	GATT	GACT
N1_castellii	0.0105095105482	2	1	1	151	151	0	G	G
N1_castellii	0.0105743601968	2	1	5	405	409	1	TCTTA	TCCTA
N1_castellii	0.0106408607743	1	2	1	171	171	0	A	A
N1_castellii	0.0111666459253	1	2	2	456	457	0	GA	GA
N1_castellii	0.0112207546663	2	1	2	469	470	0	AC	AC
N1_castellii	0.0112879207911	2	1	1	161	161	0	T	T
N1_castellii	0.0114336759544	1	2	3	10	12	1	TTT	TAT
N1_castellii	0.0115045818284	1	2	5	14	18	0	ATTTA	ATTTA
N1_castellii	0.0117092409362	1	2	3	257	259	0	TCC	TCC
N1_castellii	0.0120326451456	2	1	2	1	2	1	GG	GA
N1_castellii	0.0120736312966	1	2	1	429	429	0	A	A
N1_castellii	0.0121481404315	2	1	3	237	239	0	CCT	CCT
N1_castellii	0.0122458783359	2	1	9	361	369	0	TTTCTTCTC	TTTCTTCTC
N1_castellii	0.0123924056015	2	1	2	70	71	1	CA	CG
N1_castellii	0.0124266007028	1	2	1	407	407	0	T	T
N1_castellii	0.0125930454307	2	1	18	29	46	1	CTATCCTCTATGTTCGGG	TTATCCTCTATGTTCGGG
N1_castellii	0.0128400292462	1	2	2	2	3	0	GA	GA
N1_castellii	0.0128424396074	2	1	7	260	266	0	TTTATTT	TTTATTT
N1_N2	0.00025817891158	1	2	1	82	82	0	C	C
N1_N2	0.000295406930516	2	1	1	84	84	0	C	C
N1_N2	0.000521297739355	1	2	1	134	134	0	G	G
N1_N2	0.000528958326217	1	2	6	444	449	1	ACTAGA	ACTGGA
N1_N2	0.000632337784956	2	1	5	349	353	0	TTGCA	TTGCA
N1_N2	0.00101410949764	2	1	3	355	357	0	TAG	TAG
N1_N2	0.00128692162576	1	2	6	320	325	0	AACATT	AACATT
N1_N2	0.00138156571725	2	1	1	25	25	0	T	T
N1_N2	0.00173224685522	1	2	1	68	68	0	C	C
N1_N2	0.00173757144006	2	1	3	224	226	0	CAC	CAC
N1_N2	0.00179516590949	1	2	5	366	370	0	TCTCG	TCTCG
N1_N2	0.00193573455215	2	1	1	342	342	0	A	A
N1_N2	0.00197929389307	2	1	4	426	429	0	AAAA	AAAA
N1_N2	0.00209993340645	1	2	1	410	410	0	T	T
N1_N2	0.00210199360148	2	1	1	331	331	0	T	T
N1_N2	0.00232778056132	1	2	2	13	14	0	CA	CA
N1_N2	0.00264162368559	1	2	2	265	266	0	TT	TT
N1_N2	0.00266834632939	2	1	5	211	215	1	TCTAC	TATAC
N1_N2	0.00269269316159	2	1	12	313	324	0	CTAGCCTAACAT	CTAGCCTAACAT
N1_N2	0.0031688495892	2	1	5	280	284	0	TTACT	TTACT
N1_N2	0.00317678153883	1	2	4	299	302	0	AGTG	AGTG
N1_N2	0.00361764250622	2	1	3	77	79	1	TCG	CCG
N1_N2	0.00376083534605	2	1	2	444	445	0	AC	AC
N1_N2	0.00377260738307	1	2	1	248	248	1	G	A
N1_N2	0.00430315610928	2	1	2	342	343	0	AC	AC
N1_N2	0.00437481744898	2	1	1	36	36	0	C	C
N1_N2	0.00439710006212	1	2	1	340	340	0	G	G
N1_N2	0.00441232157321	1	2	1	228	228	0	T	T
N1_N2	0.00468082287481	2	1	3	259	261	0	CTT	CTT
N1_N2	0.00472832714103	1	2	1	69	69	0	T	T
N1_N2	0.00479980355954	2	1	1	105	105	0	C	C
N1_N2	0.00481620125454	1	2	1	359	359	0	T	T
N1_N2	0.00499968189746	2	1	5	31	35	0	ATCCT	ATCCT
N1_N2	0.0051729017397	1	2	7	198	204	1	GATTATT	GATTACT
N1_N2	0.00525242046936	1	2	5	203	207	0	TTCTA	TTCTA
N1_N2	0.00528498064863	1	2	3	271	273	0	TTG	TTG
N1_N2	0.00530920595726	2	1	3	464	466	0	GCC	GCC
N1_N2	0.00539125116581	1	2	2	142	143	1	TA	TG
N1_N2	0.00540025496698	2	1	3	111	113	0	ACT	ACT
N1_N2	0.00569741114684	2	1	3	110	112	0	GAC	GAC
N1_N2	0.00581848142214	1	2	4	213	216	0	TACC	TACC
N1_N2	0.00599858864642	2	1	1	422	422	0	T	T
N1_N2	0.00612132716816	1	2	3	118	120	0	CTC	CTC
N1_N2	0.00693782626148	1	2	2	401	402	0	CA	CA
N1_N2	0.00704525274303	1	2	1	72	72	0	A	A
N1_N2	0.00724672703572	1	2	1	405	405	0	T	T
N1_N2	0.0074683527442	2	1	4	153	156	0	TTCG	TTCG
N1_N2	0.00763680725787	2	1	10	405	414	2	TCTTATGAGC	TCTTACGAAC
N1_N2	0.00768233707642	1	2	3	420	422	0	AAT	AAT
N1_N2	0.00774558364284	1	2	2	349	350	0	TT	TT
N1_N2	0.00778631980755	1	2	4	461	464	0	GATG	GATG
N1_N2	0.00786512622509	1	2	1	454	454	0	C	C
N1_N2	0.00787086636324	1	2	1	384	384	0	A	A
N1_N2	0.00792918251683	1	2	6	336	341	0	GCGTGT	GCGTGT
N1_N2	0.00806910203147	1	2	2	266	267	0	TA	TA
N1_N2	0.00807722886051	1	2	1	89	89	0	T	T
N1_N2	0.00817984891809	1	2	4	422	425	0	TTTT	TTTT
N1_N2	0.00823027068867	1	2	4	178	181	0	TTTC	TTTC
N1_N2	0.00852302115232	2	1	2	10	11	0	TT	TT
N1_N2	0.00881199458585	1	2	3	35	37	0	TCT	TCT
N1_N2	0.00898597479084	2	1	12	192	203	0	CTCCAGGATTAT	CTCCAGGATTAT
N1_N2	0.00917190772436	1	2	9	404	412	1	ATCTTATGA	GTCTTATGA
N1_N2	0.00931629020667	1	2	2	150	151	1	TG	CG
N1_N2	0.00934827808588	1	2	2	93	94	0	TT	TT
N1_N2	0.00954254591401	2	1	4	415	418	1	TACT	TTCT
N1_N2	0.00964700360952	2	1	5	368	372	0	TCGTA	TCGTA
N1_N2	0.00991195930989	1	2	1	90	90	0	T	T
N1_N2	0.00993954099668	2	1	1	202	202	0	A	A
N1_N2	0.00994299912303	2	1	6	451	456	1	TTTCGG	TCTCGG
N1_N2	0.0100018661198	2	1	3	460	462	0	TGA	TGA
N1_N2	0.0101938893059	2	1	2	159	160	0	AA	AA
N1_N2	0.0102957283964	2	1	1	44	44	0	G	G
N1_N2	0.0103465431427	1	2	1	48	48	0	A	A
N1_N2	0.0104985168461	1	2	6	209	214	1	GCTCTA	ACTCTA
N1_N2	0.0105238203028	1	2	4	42	45	0	TCGG	TCGG
N1_N2	0.0105764929113	2	1	1	45	45	0	G	G
N1_N2	0.0106376431522	1	2	1	397	397	0	A	A
N1_N2	0.0107851512637	1	2	1	347	347	0	G	G
N1_N2	0.0107921928687	1	2	1	168	168	0	G	G
N1_N2	0.0108718951509	2	1	4	461	464	0	GATG	GATG
N1_N2	0.0108720044182	2	1	3	314	316	0	TAG	TAG
N1_N2	0.0111167784694	2	1	4	483	486	0	TACA	TACA
N1_N2	0.0113472861939	2	1	4	162	165	1	AGCT	AGTT
N1_N2	0.0114072740407	2	1	6	453	458	0	TCGGAG	TCGGAG
N1_N2	0.0114979732694	2	1	2	6	7	0	TG	TG
N1_N2	0.0116303519118	2	1	3	259	261	0	CTT	CTT
N1_N2	0.0116338530754	2	1	2	465	466	0	CC	CC
N1_N2	0.0116881662192	1	2	1	153	153	0	T	T
N1_N2	0.0116902359494	1	2	1	131	131	0	A	A
N1_N2	0.0118142962869	2	1	15	106	120	2	ATGCGACTTGATCCC	ATGCGACTTGGTCTC
N1_N2	0.0118775592522	2	1	1	257	257	0	T	T
N1_N2	0.0120442932455	2	1	4	448	451	0	GAGT	GAGT
N1_N2	0.012102516324	2	1	1	476	476	0	T	T
N1_N2	0.0121605080594	2	1	3	152	154	1	GTT	ATT
N1_N2	0.0124290798995	1	2	3	223	225	0	GCA	GCA
N1_N2	0.0126312652442	2	1	3	484	486	0	ACA	ACA
N1_N2	0.0129256635065	2	1	2	82	83	1	CT	CC
N1_N2	0.0131178871186	2	1	2	173	174	1	AT	GT
N1_N2	0.0132131525966	2	1	6	330	335	1	GTTACA	ATTACA
N1_N2	0.0132232680126	2	1	9	125	133	0	GCATACATT	GCATACATT
N1_N2	0.0133162466006	1	2	3	361	363	1	TCT	TTT
N1_N2	0.0133721199898	2	1	3	361	363	0	TCT	TCT
N1_N2	0.0135885647196	1	2	1	161	161	0	T	T
N1_N2	0.0137734006898	1	2	5	334	338	0	CAGCG	CAGCG
N1_N2	0.0138051924499	2	1	3	445	447	1	CCA	CTA
N1_N2	0.013939710072	2	1	5	216	220	0	CTATA	CTATA
N1_N2	0.0140139447617	2	1	6	437	442	1	ATTAGA	ATTGGA
N1_N2	0.0140769609526	1	2	6	285	290	1	ATCGCT	TTCGCT
N1_N2	0.0145409782028	2	1	1	233	233	0	A	A
N1_N2	0.0145623023135	1	2	1	454	454	0	C	C
N1_N2	0.0146037435947	1	2	3	288	290	1	GCT	GCC
N1_N2	0.014696283226	1	2	1	335	335	0	A	A
N1_N2	0.0147404443294	1	2	1	10	10	0	T	T
N1_N2	0.0148076027369	2	1	7	279	285	1	TTTACTA	TTTACCA
N1_N2	0.0149905905498	1	2	2	39	40	0	TG	TG
N1_N2	0.0150095377944	2	1	2	356	357	1	AG	CG
N1_N2	0.0150868298571	1	2	1	48	48	0	A	A
N1_N2	0.0151934869287	1	2	1	113	113	0	T	T
N1_N2	0.0154096062566	2	1	1	53	53	0	T	T
N1_N2	0.0154719676775	1	2	6	326	331	2	AATTGT	GATCGT
N1_N2	0.015543715237	2	1	4	20	23	2	CTCC	TTCT
N1_N2	0.0158328112164	1	2	3	84	86	0	CTT	CTT
N2_bayanus	0.000131854572126	1	2	1	394	394	0	G	G
N2_bayanus	0.000373855176824	2	1	12	352	363	1	CAGTAGTTCTCT	CGGTAGTTCTCT
N2_bayanus	0.000421513006437	1	2	9	455	463	0	GGAGTTGAT	GGAGTTGAT
N2_bayanus	0.000433267698477	1	2	1	28	28	0	G	G
N2_bayanus	0.000676185711228	1	2	1	162	162	0	A	A
N2_bayanus	0.000768141733464	1	2	1	45	45	0	G	G
N2_bayanus	0.000817825488071	1	2	1	83	83	0	T	T
N2_bayanus	0.00101300777049	2	1	2	71	72	0	AA	AA
N2_bayanus	0.00105265129364	2	1	1	300	300	0	G	G
N2_bayanus	0.00145770711811	2	1	1	336	336	0	G	G
N2_bayanus	0.00164341356547	2	1	3	184	186	1	ACT	ATT
N2_bayanus	0.00168728690555	2	1	1	81	81	0	A	A
N2_bayanus	0.00179081402273	1	2	2	177	178	0	AT	AT
N2_bayanus	0.0019360397952	2	1	3	180	182	0	TCA	TCA
N2_bayanus	0.0020752634041	2	1	3	460	462	1	TAA	TGA
N2_N3	0.000190259872294	1	2	2	223	224	0	GC	GC
N2_N3	0.000430415769271	1	2	3	447	449	1	AGA	AGG
N2_N3	0.0004323856558	2	1	5	362	366	1	CTCGT	CTCTT
N2_N3	0.000681966468447	1	2	1	329	329	0	T	T
N2_N3	0.00069484588929	1	2	3	44	46	0	GGG	GGG
N2_N3	0.00106047398143	1	2	10	394	403	1	GAGAAATCAA	GAGAGATCAA
N2_N3	0.00128738027415	2	1	3	407	409	0	TTA	TTA
N2_N3	0.0014373757659	2	1	3	453	455	0	TCG	TCG
N3_kudriavzevii	0.000153285757368	2	1	7	15	21	0	TTTAGCT	TTTAGCT
N3_kudriavzevii	0.000435127976042	2	1	1	174	174	0	T	T
N3_kudriavzevii	0.000468061635922	1	2	8	27	34	0	AGTTATCC	AGTTATCC
N3_kudriavzevii	0.000775021816393	1	2	3	339	341	0	TGT	TGT
N3_kudriavzevii	0.000868577120665	2	1	1	291	291	0	T	T
N3_kudriavzevii	0.000906081473644	1	2	7	145	151	1	CAGTTTG	CAATTTG
N3_kudriavzevii	0.00114856375986	2	1	3	138	140	1	GAG	GAC
N3_kudriavzevii	0.00115226959395	1	2	5	0	4	0	GGAAA	GGAAA
N3_kudriavzevii	0.00128080137212	1	2	2	478	479	0	AT	AT
N3_kudriavzevii	0.00132648143699	1	2	1	2	2	0	A	A
N3_kudriavzevii	0.00140832895446	2	1	5	71	75	0	AACTG	AACTG
N3_kudriavzevii	0.00160021841309	2	1	1	426	426	0	A	A
N3_kudriavzevii	0.00161447063443	2	1	2	489	490	0	GT	GT
N3_kudriavzevii	0.00203824948053	2	1	2	93	94	0	TT	TT
N3_kudriavzevii	0.00210063522955	1	2	1	154	154	0	T	T
N3_kudriavzevii	0.00222187700108	2	1	1	193	193	0	T	T
N3_kudriavzevii	0.00222218530455	1	2	7	168	174	0	GATAGAT	GATAGAT
N3_kudriavzevii	0.00268106056051	2	1	3	86	88	1	TGG	CGG
N3_kudriavzevii	0.00268627181432	1	2	4	400	403	0	TCAA	TCAA
N3_kudriavzevii	0.00273853561252	2	1	2	445	446	0	CC	CC
N3_kudriavzevii	0.00282813866496	1	2	5	363	367	0	TCGTC	TCGTC
N3_kudriavzevii	0.00315745193384	2	1	1	314	314	0	T	T
N3_kudriavzevii	0.00341548011334	2	1	1	306	306	0	A	A
N3_kudriavzevii	0.00363495660924	2	1	1	92	92	0	A	A
N3_kudriavzevii	0.00369745614181	2	1	1	116	116	0	A	A
N3_kudriavzevii	0.00406003909475	1	2	2	71	72	0	AA	AA
N3_kudriavzevii	0.00436854655283	2	1	1	10	10	0	T	T
N3_kudriavzevii	0.00441467052652	1	2	3	107	109	0	TGC	TGC
N3_kudriavzevii	0.00449617917303	1	2	8	76	83	0	GTCGGACT	GTCGGACT
N3_kudriavzevii	0.0045669811438	2	1	5	485	489	0	CATGG	CATGG
N3_kudriavzevii	0.00457025918493	1	2	7	302	308	0	GCTAATT	GCTAATT
N3_kudriavzevii	0.00470910624678	1	2	5	23	27	2	CTTCA	TTTTA
N3_kudriavzevii	0.00478745017149	1	2	1	265	265	0	T	T
N3_kudriavzevii	0.00514958937493	1	2	2	389	390	1	GG	AG
N3_kudriavzevii	0.00515594304351	1	2	1	151	151	0	G	G
N3_kudriavzevii	0.00529819047301	2	1	7	303	309	0	CTAATTT	CTAATTT
N3_kudriavzevii	0.00532910027466	1	2	1	65	65	1	G	A
N3_kudriavzevii	0.00550259885497	1	2	1	311	311	0	G	G
N3_kudriavzevii	0.00553376488142	2	1	2	296	297	1	AC	GC
N3_kudriavzevii	0.00573844132764	1	2	5	187	191	2	GGAAC	GAAAT
N3_kudriavzevii	0.00577154660637	2	1	1	295	295	0	T	T
N3_kudriavzevii	0.00578919586184	2	1	2	283	284	0	CT	CT
N3_N4	3.51830132733e-05	2	1	8	173	180	1	ATCGATTT	ATCAATTT
N3_N4	3.79395867207e-05	1	2	2	204	205	1	TC	AC
N3_N4	8.61706917744e-05	2	1	3	224	226	0	CAC	CAC
N3_N4	0.000131627918658	1	2	3	89	91	0	TTC	TTC
N3_N4	0.00027163259235	1	2	4	431	434	0	GAAC	GAAC
N3_N4	0.000275273094738	1	2	4	410	413	1	TGAA	TGAG
N3_N4	0.000317862266985	1	2	2	220	221	2	TC	AT
N3_N4	0.000368562796753	2	1	3	487	489	0	TGG	TGG
N3_N4	0.000451453064808	1	2	1	140	140	1	C	G
N3_N4	0.000480563549771	2	1	15	282	296	3	ACTATCGCCTTGGTA	ACTATTGCTTTGGTG
N3_N4	0.000646291473343	1	2	3	263	265	1	GTT	ATT
N3_N4	0.000736509966289	1	2	1	236	236	1	G	A
N3_N4	0.000738506370107	1	2	3	426	428	1	AAA	AAG
N3_N4	0.00108440250776	1	2	1	157	157	0	C	C
N3_N4	0.00131807346518	1	2	1	278	278	0	T	T
N3_N4	0.00176382902518	1	2	2	453	454	0	TC	TC
N4_mikatae	2.90886237991e-05	2	1	7	278	284	0	TTTTACT	TTTTACT
N4_mikatae	6.46475904023e-05	2	1	1	92	92	0	A	A
N4_mikatae	0.000256404070048	2	1	1	423	423	0	T	T
N4_mikatae	0.000311400899032	1	2	1	359	359	0	T	T
N4_mikatae	0.000320964044076	1	2	10	159	168	2	AATAGTTACG	AATAGCTATG
N4_mikatae	0.000408615436371	1	2	6	280	285	0	TTACTA	TTACTA
N4_mikatae	0.000470195793606	2	1	4	331	334	0	TTAC	TTAC
N4_mikatae	0.000816761775268	1	2	1	315	315	0	A	A
N4_mikatae	0.000878320563423	2	1	4	344	347	0	AGTG	AGTG
N4_mikatae	0.00102438338474	2	1	3	358	360	0	TTC	TTC
N4_mikatae	0.0012614851763	1	2	3	107	109	0	TGC	TGC
N4_mikatae	0.00130063348712	1	2	4	196	199	0	AGGA	AGGA
N4_mikatae	0.00144592536701	2	1	1	226	226	0	C	C
N4_mikatae	0.00150216419116	1	2	5	135	139	1	CCAGA	CCGGA
N4_mikatae	0.00151813910461	1	2	2	487	488	0	TG	TG
N4_mikatae	0.00162385219784	2	1	6	322	327	1	CATTAA	CCTTAA
N4_mikatae	0.00168484774266	2	1	5	42	46	0	TCGGG	TCGGG
N4_mikatae	0.00172033100474	2	1	6	188	193	2	AAATCT	GAACCT
N4_mikatae	0.00186571714959	2	1	2	75	76	0	GG	GG
N4_mikatae	0.00195282767732	1	2	2	247	248	0	GG	GG
N4_mikatae	0.00196754740727	1	2	1	240	240	0	A	A
N4_mikatae	0.00209088011724	1	2	2	191	192	0	TC	TC
N4_mikatae	0.00215287743606	1	2	2	235	236	0	GG	GG
N4_mikatae	0.00300662698505	1	2	1	479	479	0	T	T
N4_mikatae	0.00301642894877	2	1	4	139	142	0	ACTT	ACTT
N4_mikatae	0.00305663878765	1	2	1	490	490	0	T	T
N4_mikatae	0.00330405841216	2	1	5	442	446	1	ACACC	ATACC
N4_mikatae	0.00348319277481	2	1	4	140	143	0	CTTA	CTTA
N4_mikatae	0.0035029040507	1	2	5	44	48	0	GGGCA	GGGCA
N4_mikatae	0.00372657575468	1	2	3	108	110	0	GCG	GCG
N4_mikatae	0.00386565058189	1	2	6	148	153	1	TCTGGT	TTTGGT
N4_mikatae	0.00416478968598	1	2	1	485	485	0	C	C
N4_N5	4.68574950017e-05	1	2	3	292	294	0	TGG	TGG
N4_N5	8.98705763041e-05	1	2	3	351	353	1	GCG	GCA
N4_N5	0.000329156990725	2	1	1	169	169	0	A	A
N4_N5	0.000577306123123	1	2	4	137	140	1	AGAC	GGAC
N4_N5	0.000684365844453	2	1	2	232	233	0	CA	CA
N4_N5	0.000751829365365	1	2	1	62	62	0	C	C
N4_N5	0.000898143391713	2	1	2	220	221	0	TC	TC
N4_N5	0.000966643801457	1	2	3	199	201	0	ATT	ATT
N4_N5	0.00109915959603	2	1	3	222	224	0	TGC	TGC
N4_N5	0.0011935610779	1	2	1	419	419	0	T	T
N4_N5	0.00130593958731	1	2	1	249	249	0	T	T
N4_N5	0.00131595698429	2	1	2	435	436	0	CC	CC
N4_N5	0.00131606396716	2	1	1	157	157	0	C	C
N4_N5	0.00142159357879	2	1	1	428	428	0	A	A
N4_N5	0.00143081061441	2	1	1	74	74	0	T	T
N4_N5	0.0014557716274	2	1	3	367	369	1	CCC	CTC
N4_N5	0.00147006117086	2	1	1	173	173	0	A	A
N5_paradoxus	9.04043801697e-06	2	1	1	193	193	0	T	T
N5_paradoxus	0.000268717695441	1	2	4	369	372	0	CGTA	CGTA
N5_paradoxus	0.000301196180421	2	1	1	266	266	0	T	T
N5_paradoxus	0.000301439144413	1	2	1	104	104	0	A	A
N5_paradoxus	0.000505539866072	2	1	3	187	189	1	GAA	GGA
N5_paradoxus	0.000554535180401	2	1	2	238	239	0	CT	CT
N5_paradoxus	0.000585181091456	1	2	1	359	359	0	T	T
N5_paradoxus	0.00058545120108	1	2	3	346	348	0	TGT	TGT
N5_paradoxus	0.000762693299695	1	2	4	330	333	0	GTTA	GTTA
N5_paradoxus	0.000887186322288	2	1	4	255	258	0	TCTC	TCTC
N5_paradoxus	0.00103603491751	2	1	1	426	426	0	A	A
N5_paradoxus	0.00118020470288	1	2	3	108	110	0	GCG	GCG
N5_paradoxus	0.00118659766375	1	2	4	377	380	1	AGAA	CGAA
N5_paradoxus	0.00139223428763	1	2	3	26	28	1	CAG	TAG
N5_paradoxus	0.00145368004154	2	1	1	358	358	0	T	T
N5_cerevisiae	6.9598252401e-05	2	1	1	166	166	0	A	A
N5_cerevisiae	0.000211481986447	1	2	1	58	58	0	G	G
N5_cerevisiae	0.00046864566773	2	1	2	342	343	0	AC	AC
N5_cerevisiae	0.00105983350739	1	2	4	60	63	0	CCCT	CCCT
N5_cerevisiae	0.00109028662837	2	1	2	383	384	1	CA	TA
N5_cerevisiae	0.00112725946146	2	1	1	231	231	0	T	T
N5_cerevisiae	0.00122012508847	1	2	3	212	214	0	CTA	CTA
N5_cerevisiae	0.00133599825439	1	2	2	465	466	1	TC	CC
N5_cerevisiae	0.00176523675463	1	2	2	68	69	0	CT	CT
N5_cerevisiae	0.00195344331713	2	1	3	305	307	0	AAT	AAT
N5_cerevisiae	0.00196721404373	1	2	1	286	286	0	T	T
N5_cerevisiae	0.00197552538419	1	2	3	258	260	0	CCT	CCT
N5_cerevisiae	0.00205176477041	2	1	2	345	346	0	GT	GT
N5_cerevisiae	0.00219751051731	1	2	2	170	171	0	TA	TA
N5_cerevisiae	0.0025439965881	1	2	1	342	342	0	A	A
N5_cerevisiae	0.00259166105042	1	2	1	221	221	1	C	T
N5_cerevisiae	0.00262066257376	1	2	2	100	101	1	TA	TG
N5_cerevisiae	0.00286463149648	1	2	8	368	375	0	CCGTAAGG	CCGTAAGG
N5_cerevisiae	0.00295422142508	2	1	2	313	314	0	CT	CT
N5_cerevisiae	0.00296885343664	2	1	3	465	467	0	TCT	TCT
N5_cerevisiae	0.00306189019643	1	2	2	110	111	0	GA	GA
N5_cerevisiae	0.0032678542375	1	2	1	255	255	0	T	T
N5_cerevisiae	0.00336819448862	1	2	4	33	36	1	CCTC	CCCC
N5_cerevisiae	0.00342529410302	2	1	2	38	39	1	AT	GT
N5_cerevisiae	0.00350609445111	1	2	3	283	285	0	CTA	CTA
N5_cerevisiae	0.00350720090194	2	1	3	475	477	0	TTA	TTA
N5_cerevisiae	0.0035550671202	1	2	2	363	364	0	TC	TC
N5_cerevisiae	0.00368455249493	2	1	2	135	136	0	CC	CC
N5_cerevisiae	0.00381933473833	1	2	2	231	232	0	TC	TC
N5_cerevisiae	0.00392058678753	2	1	1	445	445	0	C	C
N5_cerevisiae	0.00413610856687	1	2	1	477	477	0	A	A
N5_cerevisiae	0.00415217445572	1	2	1	353	353	0	G	G
N5_cerevisiae	0.00422679136752	2	1	2	211	212	0	TC	TC
