edge	time	orlg_from	orlg_to	tract_length	start_pos	stop_pos	num_diff	template_seq	overide_seq
D1_N1	0.000269622981761	1	2	1	585	585	0	G	G
D1_N1	0.000543898052003	2	1	1	443	443	0	G	G
D1_N1	0.000677819729184	1	2	1	735	735	0	A	A
D1_N1	0.00421519329836	1	2	1	1521	1521	0	C	C
D1_N1	0.00467662152607	1	2	1	707	707	0	G	G
D1_N1	0.00490631280688	2	1	1	962	962	0	C	C
D1_N1	0.00499704869855	2	1	1	928	928	0	T	T
D1_N1	0.00501520488375	2	1	1	1201	1201	0	T	T
D1_N1	0.00515637950996	1	2	1	1029	1029	0	A	A
D1_N1	0.00673334174522	2	1	1	1476	1476	0	C	C
D1_N1	0.00828703488886	2	1	1	1040	1040	0	T	T
D1_N1	0.00834826905202	2	1	1	141	141	0	T	T
D1_N1	0.010511832023	2	1	1	1170	1170	0	T	T
D1_N1	0.0106012011051	2	1	1	615	615	0	A	A
D1_N1	0.0111337132732	2	1	1	627	627	0	G	G
D1_N1	0.0113596807579	2	1	1	747	747	0	C	C
D1_N1	0.0119763863895	2	1	1	1286	1286	0	G	G
D1_N1	0.0120480948008	1	2	1	1491	1491	0	G	G
D1_N1	0.0120638371644	1	2	1	1318	1318	0	T	T
D1_N1	0.0126588555484	2	1	1	1264	1264	0	T	T
D1_N1	0.0133347074345	1	2	1	572	572	0	G	G
D1_N1	0.0148448474067	2	1	1	556	556	0	A	A
D1_N1	0.0152913338549	2	1	1	103	103	0	T	T
D1_N1	0.0155006191339	2	1	1	397	397	0	A	A
D1_N1	0.0187571029919	2	1	1	1181	1181	0	A	A
D1_N1	0.0192805592967	1	2	1	1546	1546	0	A	A
D1_N1	0.0202635919017	1	2	1	1186	1186	0	A	A
D1_N1	0.02073866778	1	2	1	275	275	0	T	T
D1_N1	0.0211227281464	1	2	1	1356	1356	0	T	T
D1_N1	0.023313733524	1	2	1	533	533	0	G	G
D1_N1	0.0241538375766	2	1	1	858	858	0	C	C
D1_N1	0.0241665678471	2	1	1	1189	1189	0	A	A
D1_N1	0.0251370011557	2	1	1	972	972	0	G	G
D1_N1	0.0253849231772	2	1	1	690	690	0	A	A
D1_N1	0.025744055306	2	1	1	1315	1315	0	T	T
D1_N1	0.0258878207141	1	2	1	800	800	0	A	A
D1_N1	0.0261943729137	2	1	1	164	164	0	T	T
D1_N1	0.0282412464611	2	1	1	1224	1224	0	T	T
D1_N1	0.0285500949248	1	2	1	603	603	1	T	C
D1_N1	0.0286326061751	2	1	1	1068	1068	0	C	C
D1_N1	0.0297724383773	1	2	1	1519	1519	0	T	T
D1_N1	0.0343402386347	1	2	1	982	982	0	A	A
D1_N1	0.0346697084001	1	2	1	110	110	0	T	T
D1_N1	0.0353469694992	1	2	1	625	625	0	C	C
D1_N1	0.0353963602234	1	2	1	951	951	0	A	A
D1_N1	0.035814832082	1	2	1	54	54	0	A	A
D1_N1	0.0377909509725	2	1	1	1301	1301	0	A	A
D1_N1	0.0384996436811	2	1	1	1560	1560	1	G	A
D1_N1	0.038753184951	2	1	1	1502	1502	0	T	T
D1_N1	0.0388949499498	1	2	1	1015	1015	0	C	C
D1_N1	0.0403804606716	1	2	1	1559	1559	0	C	C
D1_N1	0.0411089660834	1	2	1	907	907	0	T	T
D1_N1	0.0415381476482	1	2	1	810	810	0	A	A
D1_N1	0.0430797870899	2	1	1	1519	1519	0	T	T
D1_N1	0.0437905691284	2	1	1	329	329	0	G	G
D1_N1	0.0440721147002	2	1	1	800	800	0	A	A
D1_N1	0.0443052062002	1	2	1	1256	1256	0	G	G
D1_N1	0.0445085315237	2	1	1	519	519	0	A	A
D1_N1	0.0459505124776	1	2	1	446	446	0	T	T
D1_N1	0.0471749229506	2	1	1	952	952	0	G	G
D1_N1	0.0483171526253	2	1	1	82	82	0	C	C
D1_N1	0.0485702806428	2	1	1	701	701	0	A	A
D1_N1	0.0513057446628	2	1	1	979	979	0	T	T
D1_N1	0.0513421255269	2	1	1	500	500	0	G	G
D1_N1	0.0513818332681	1	2	1	1391	1391	1	T	A
D1_N1	0.0517519881798	2	1	1	1562	1562	0	T	T
D1_N1	0.0535164313643	2	1	1	646	646	1	G	A
D1_N1	0.0536671332979	1	2	1	306	306	0	T	T
D1_N1	0.0537345869577	1	2	1	1147	1147	0	T	T
D1_N1	0.0537656465748	2	1	1	1557	1557	0	A	A
D1_N1	0.0545280759302	1	2	1	1571	1571	0	G	G
D1_N1	0.0551016264509	2	1	1	1397	1397	0	T	T
D1_N1	0.0553682977498	2	1	1	224	224	0	C	C
D1_N1	0.0557852617428	2	1	1	561	561	0	G	G
D1_N1	0.0558199904728	2	1	1	1014	1014	0	C	C
D1_N1	0.0570774777631	1	2	1	662	662	0	A	A
D1_N1	0.0577293747885	1	2	1	1232	1232	0	T	T
D1_N1	0.0584111473311	1	2	1	509	509	0	G	G
D1_N1	0.0591753106065	1	2	1	643	643	0	C	C
D1_N1	0.0592095444084	1	2	1	1176	1176	0	T	T
D1_N1	0.0599272490564	2	1	1	1030	1030	1	G	A
D1_N1	0.060242383206	1	2	1	491	491	0	T	T
D1_N1	0.0624041920679	1	2	1	1460	1460	0	C	C
D1_N1	0.0631062139547	1	2	1	614	614	0	A	A
D1_N1	0.0640480805582	2	1	1	1129	1129	1	C	A
D1_N1	0.0645269427872	1	2	1	604	604	1	G	A
D1_N1	0.0649170738215	1	2	1	186	186	1	C	A
D1_N1	0.0657818350717	2	1	1	895	895	0	T	T
D1_N1	0.066893079845	1	2	1	459	459	0	C	C
D1_N1	0.0672622075525	2	1	1	893	893	0	G	G
D1_N1	0.0684621135036	1	2	1	619	619	0	G	G
D1_N1	0.0687467315483	2	1	1	1079	1079	0	G	G
D1_N1	0.0687718408344	2	1	1	79	79	0	A	A
D1_N1	0.0703000057668	1	2	1	1286	1286	0	G	G
D1_N1	0.0703010956083	2	1	1	583	583	0	A	A
D1_N1	0.0705428713395	2	1	1	338	338	0	C	C
D1_N1	0.0712314485073	1	2	1	474	474	0	T	T
D1_N1	0.0719473415005	1	2	1	711	711	1	A	G
D1_N1	0.0721238207892	1	2	1	260	260	0	A	A
D1_N1	0.0725777972363	1	2	1	975	975	0	T	T
D1_N1	0.0726558946932	2	1	1	825	825	1	A	T
D1_N1	0.0730635166695	2	1	1	1102	1102	0	A	A
D1_N1	0.0738290052487	2	1	1	290	290	0	C	C
D1_N1	0.0741253976512	1	2	1	1165	1165	0	T	T
D1_N1	0.0756643508202	1	2	1	1419	1419	0	A	A
D1_N1	0.075672491392	2	1	1	736	736	0	A	A
D1_N1	0.075761687063	2	1	1	571	571	0	G	G
D1_N1	0.0790485746331	1	2	1	1297	1297	1	T	C
D1_N1	0.0796161272948	2	1	1	238	238	0	T	T
D1_N1	0.0796246922159	2	1	1	1092	1092	0	C	C
D1_N1	0.0815927188744	1	2	1	573	573	0	C	C
D1_N1	0.081882755331	1	2	1	469	469	0	A	A
D1_N1	0.0830415372796	1	2	1	78	78	0	G	G
D1_N1	0.0838184478589	1	2	1	1100	1100	0	T	T
D1_N1	0.0843185821101	1	2	1	81	81	0	C	C
D1_N1	0.0854573740437	1	2	1	130	130	1	G	C
D1_N1	0.086018416032	2	1	1	933	933	0	A	A
D1_N1	0.086101719968	2	1	1	752	752	0	A	A
D1_N1	0.0874692838875	2	1	1	308	308	0	T	T
D1_N1	0.0881635265039	1	2	1	864	864	0	C	C
D1_N1	0.0888803343567	1	2	1	971	971	0	C	C
D1_N1	0.0894006294665	1	2	1	1365	1365	0	A	A
D1_N1	0.0894084040508	1	2	1	1510	1510	0	T	T
D1_N1	0.0894239415872	1	2	1	1429	1429	0	T	T
D1_N1	0.0907712362882	2	1	1	841	841	0	G	G
D1_N1	0.0925817364179	2	1	1	548	548	0	A	A
D1_N1	0.0938500939142	1	2	1	607	607	0	T	T
D1_N1	0.0950320402551	1	2	1	458	458	0	G	G
D1_N1	0.0952135096997	2	1	1	237	237	0	A	A
D1_N1	0.0960921746325	1	2	1	109	109	0	A	A
D1_N1	0.0968131951146	1	2	1	198	198	0	T	T
D1_N1	0.0968215920903	2	1	1	1169	1169	0	A	A
D1_N1	0.096939314482	1	2	1	8	8	1	G	A
D1_N1	0.0971139780124	2	1	1	448	448	1	A	G
D1_N1	0.0984041977917	2	1	1	1434	1434	0	G	G
D1_N1	0.0984081431442	2	1	1	400	400	0	G	G
D1_N1	0.100711338527	2	1	1	194	194	0	T	T
D1_N1	0.101018983291	2	1	1	510	510	0	T	T
D1_N1	0.101620475879	2	1	1	464	464	0	T	T
D1_N1	0.10364691884	2	1	1	624	624	0	G	G
D1_N1	0.104267068821	2	1	1	1202	1202	0	A	A
D1_N1	0.104330335863	2	1	1	200	200	0	A	A
D1_N1	0.104486519429	2	1	1	152	152	0	A	A
D1_N1	0.105199181647	1	2	1	1195	1195	0	A	A
D1_N1	0.107075513704	2	1	1	975	975	0	T	T
D1_N1	0.107124085793	2	1	1	809	809	0	T	T
D1_N1	0.109142711783	2	1	1	1375	1375	0	G	G
D1_N1	0.109642406274	2	1	1	1045	1045	1	G	T
D1_N1	0.11056272783	2	1	1	1351	1351	0	A	A
D1_N1	0.110962075436	2	1	1	1242	1242	0	T	T
D1_N1	0.112061496196	2	1	1	970	970	0	T	T
D1_N1	0.112084155746	1	2	1	1147	1147	0	T	T
D1_N1	0.11223344637	2	1	1	1230	1230	1	G	A
D1_N1	0.113680330494	1	2	1	1420	1420	0	C	C
D1_N1	0.114331272745	1	2	1	381	381	0	A	A
D1_N1	0.114371585046	1	2	1	884	884	0	A	A
D1_N1	0.115037888306	1	2	1	1236	1236	0	T	T
D1_N1	0.11529354535	2	1	1	606	606	0	T	T
D1_N1	0.116395809649	2	1	1	1335	1335	0	C	C
D1_N1	0.11652055369	2	1	1	1438	1438	1	T	C
D1_N1	0.117315739598	2	1	1	683	683	0	T	T
D1_N1	0.117394400584	2	1	1	1449	1449	0	T	T
D1_N1	0.117845697078	2	1	1	99	99	0	G	G
D1_N1	0.119296782615	1	2	1	1258	1258	1	G	A
D1_N1	0.119435674364	2	1	1	295	295	0	G	G
D1_N1	0.121300450638	1	2	1	1558	1558	0	A	A
D1_N1	0.122325026274	2	1	1	1042	1042	0	G	G
D1_N1	0.122653769411	1	2	1	183	183	0	T	T
D1_N1	0.122799918204	2	1	1	1423	1423	0	G	G
D1_N1	0.123510227716	1	2	1	864	864	0	C	C
D1_N1	0.123735713969	2	1	1	452	452	0	C	C
D1_N1	0.12453309415	1	2	1	703	703	1	G	A
D1_N1	0.124578363284	1	2	1	1416	1416	0	T	T
D1_N1	0.124686622211	2	1	1	530	530	0	C	C
D1_N1	0.126586038998	1	2	1	62	62	1	T	C
D1_N1	0.126725174039	2	1	1	404	404	0	G	G
D1_N1	0.126837227095	1	2	1	1479	1479	0	G	G
D1_N1	0.128142672312	2	1	1	610	610	0	T	T
D1_N1	0.129377382384	2	1	1	593	593	0	A	A
D1_N1	0.129616932362	2	1	1	398	398	0	A	A
D1_N1	0.129623734699	2	1	1	327	327	1	T	G
D1_N1	0.129643989741	2	1	1	535	535	0	A	A
D1_N1	0.129818938414	1	2	1	1479	1479	0	G	G
D1_N1	0.13036716834	1	2	1	1550	1550	0	T	T
D1_N1	0.13185781598	1	2	1	189	189	0	T	T
D1_N1	0.132377945219	1	2	1	1391	1391	0	T	T
D1_N1	0.133465877504	1	2	1	534	534	0	T	T
D1_N1	0.133966974437	2	1	1	191	191	1	C	T
D1_N1	0.134579781128	1	2	1	20	20	0	G	G
D1_N1	0.134694345655	2	1	1	1325	1325	1	C	T
D1_N1	0.13861917247	2	1	1	1482	1482	0	T	T
D1_N1	0.13864211548	1	2	1	1346	1346	0	G	G
D1_N1	0.139399221996	2	1	1	1558	1558	0	A	A
D1_N1	0.139685922273	2	1	1	494	494	0	C	C
D1_N1	0.139934942975	2	1	1	1103	1103	0	G	G
D1_N1	0.140358447779	1	2	1	775	775	0	T	T
D1_N1	0.140475096211	2	1	1	235	235	0	A	A
D1_N1	0.140731751302	1	2	1	747	747	0	C	C
D1_N1	0.141430749033	1	2	1	542	542	1	A	G
D1_N1	0.142415131142	2	1	1	1025	1025	1	C	G
D1_N1	0.143824470785	2	1	1	355	355	0	G	G
D1_N1	0.143929804552	2	1	1	1218	1218	0	A	A
D1_N1	0.144336704659	1	2	1	471	471	1	G	T
D1_N1	0.144397684649	2	1	1	914	914	1	C	T
D1_N1	0.146993270472	1	2	1	1453	1453	1	G	T
D1_N1	0.147456230462	2	1	1	209	209	0	T	T
D1_N1	0.14762487891	2	1	1	1203	1203	0	C	C
D1_N1	0.147676855544	1	2	1	885	885	0	C	C
D1_N1	0.148392218366	2	1	1	881	881	0	T	T
D1_N1	0.148847720971	1	2	1	555	555	0	T	T
D1_N1	0.149154604294	1	2	1	239	239	0	A	A
D1_N1	0.149871879101	1	2	1	153	153	1	T	A
D1_N1	0.150416329302	1	2	1	1031	1031	1	A	C
D1_N1	0.150976172369	2	1	1	1379	1379	0	C	C
D1_N1	0.152549598935	2	1	1	407	407	0	G	G
D1_N1	0.152551035922	2	1	1	1268	1268	1	T	C
D1_N1	0.15352873784	1	2	1	248	248	1	G	C
D1_N1	0.154070683364	1	2	1	54	54	0	A	A
D1_N1	0.156250327992	1	2	1	1512	1512	0	C	C
D1_N1	0.158664615309	2	1	1	868	868	0	G	G
D1_N1	0.15871698566	1	2	1	43	43	0	T	T
D1_N1	0.159221074745	2	1	1	991	991	0	C	C
D1_N1	0.159303823601	1	2	1	942	942	0	A	A
D1_N1	0.160052958155	1	2	1	987	987	1	C	A
D1_N1	0.160066915421	2	1	1	965	965	1	T	C
D1_N1	0.160260209248	2	1	1	279	279	0	A	A
D1_N1	0.160353291551	2	1	1	367	367	0	G	G
D1_N1	0.162026468292	1	2	1	389	389	1	A	G
D1_N1	0.162100242373	2	1	1	293	293	1	A	C
D1_N1	0.162152632158	2	1	1	1400	1400	0	T	T
D1_N1	0.16281026417	2	1	1	687	687	0	G	G
D1_N1	0.163931717787	1	2	1	784	784	0	A	A
D1_N1	0.163979948891	2	1	1	993	993	0	G	G
D1_N1	0.165017786517	2	1	1	895	895	0	T	T
D1_N1	0.16536070747	1	2	1	318	318	0	G	G
D1_N1	0.167425092286	1	2	1	18	18	0	G	G
D1_N1	0.169570166963	2	1	1	1001	1001	1	T	G
D1_N1	0.169808047647	1	2	1	164	164	0	T	T
D1_N1	0.170611828411	2	1	1	1434	1434	1	A	G
D1_N1	0.170642331867	1	2	1	1501	1501	0	G	G
D1_N1	0.171313789905	2	1	1	1267	1267	0	A	A
D1_N1	0.172378657963	1	2	1	634	634	0	A	A
D1_N1	0.172811657321	2	1	1	783	783	0	C	C
D1_N1	0.173611253064	1	2	1	39	39	1	C	A
D1_N1	0.173663577302	1	2	1	63	63	0	G	G
D1_N1	0.17375747934	2	1	1	1054	1054	1	T	C
D1_N1	0.173770383788	2	1	1	725	725	0	A	A
D1_N1	0.174198075074	2	1	1	791	791	1	T	G
D1_N1	0.174470167879	2	1	1	1336	1336	1	T	C
D1_N1	0.174483316874	2	1	1	836	836	1	C	T
D1_N1	0.174694723711	2	1	1	1266	1266	0	A	A
D1_N1	0.176041619766	1	2	1	906	906	0	T	T
D1_N1	0.176106747579	1	2	1	967	967	0	T	T
D1_N1	0.176588925353	2	1	1	1132	1132	0	T	T
D1_N1	0.17881829172	1	2	1	669	669	1	C	T
D1_N1	0.179613465978	2	1	1	451	451	0	A	A
D1_N1	0.179871962704	1	2	1	59	59	1	T	C
D1_N1	0.180119108012	1	2	1	591	591	1	T	C
D1_N1	0.180449590267	1	2	1	1575	1575	0	A	A
D1_N1	0.181123963798	2	1	1	765	765	0	T	T
D1_N1	0.181846054918	2	1	1	951	951	0	A	A
D1_N1	0.181996454123	2	1	1	1202	1202	0	A	A
D1_N1	0.182520858423	1	2	1	535	535	0	A	A
D1_N1	0.182764285148	2	1	1	1194	1194	0	G	G
D1_N1	0.183165359169	2	1	1	1483	1483	0	A	A
D1_N1	0.184392436821	2	1	1	944	944	0	G	G
D1_N1	0.18704605168	1	2	1	341	341	0	G	G
D1_N1	0.188409744489	2	1	1	152	152	0	A	A
D1_N1	0.188818892426	2	1	1	358	358	1	A	G
D1_N1	0.189205042367	1	2	1	1352	1352	1	A	G
D1_N1	0.189289885783	1	2	1	392	392	1	G	C
D1_N1	0.189417254059	2	1	1	1020	1020	0	A	A
D1_N1	0.190321592471	2	1	1	1327	1327	0	T	T
D1_N1	0.191040002615	2	1	1	1138	1138	0	G	G
D1_N1	0.191589647857	1	2	1	1006	1006	1	A	T
D1_N1	0.193809806032	2	1	1	1299	1299	0	C	C
D1_N1	0.193828520529	1	2	1	438	438	1	T	A
D1_N1	0.194864339963	2	1	1	427	427	1	A	C
D1_N1	0.195590802648	2	1	1	53	53	0	C	C
D1_N1	0.196384446395	2	1	1	127	127	0	T	T
D1_N1	0.196418071709	2	1	1	1441	1441	0	G	G
D1_N1	0.196511950976	1	2	1	556	556	1	A	G
D1_N1	0.196606025946	2	1	1	344	344	0	C	C
D1_N1	0.197133186595	2	1	1	519	519	0	A	A
D1_N1	0.197482046727	2	1	1	740	740	1	C	T
D1_N1	0.197720400535	2	1	1	1042	1042	0	G	G
D1_N1	0.198496318095	2	1	1	1365	1365	0	A	A
D1_N1	0.199426737909	2	1	1	1523	1523	0	A	A
D1_N1	0.200227827578	1	2	1	1281	1281	0	A	A
D1_N1	0.200978391737	2	1	1	1218	1218	0	A	A
D1_N1	0.201700988633	1	2	1	211	211	0	G	G
D1_N1	0.202763758818	2	1	1	923	923	1	G	T
D1_N1	0.203136129633	2	1	1	471	471	0	G	G
D1_N1	0.204640533779	1	2	1	1197	1197	0	G	G
D1_N1	0.204945513155	1	2	1	927	927	1	A	G
D1_N1	0.208662402112	2	1	1	404	404	0	G	G
D1_N1	0.209070332784	1	2	1	967	967	0	T	T
D1_N1	0.209564247519	2	1	1	506	506	0	A	A
D1_N1	0.212688586091	2	1	1	1536	1536	1	G	T
D1_N1	0.213078000184	2	1	1	279	279	0	A	A
D1_N1	0.213464524576	1	2	1	978	978	0	G	G
D1_N1	0.213766406548	2	1	1	790	790	1	C	G
D1_N1	0.214671815316	1	2	1	1083	1083	0	G	G
D1_N1	0.214906099528	2	1	1	1103	1103	0	G	G
D1_N1	0.21568251109	2	1	1	528	528	0	G	G
D1_N1	0.217132370513	1	2	1	744	744	0	A	A
D1_N1	0.217322901346	2	1	1	410	410	0	T	T
D1_N1	0.218460793098	2	1	1	791	791	0	T	T
D1_N1	0.218655959598	2	1	1	1540	1540	1	G	C
D1_N1	0.21870135844	2	1	1	589	589	0	A	A
D1_N1	0.218814002458	2	1	1	818	818	1	C	A
D1_N1	0.219243339954	2	1	1	1263	1263	0	C	C
D1_N1	0.219598218878	1	2	1	622	622	1	C	T
D1_N1	0.220170446228	2	1	1	78	78	1	G	A
D1_N1	0.222831815425	1	2	1	1298	1298	0	A	A
D1_N1	0.225029484124	2	1	1	1318	1318	1	T	C
D1_N1	0.225981041429	2	1	1	270	270	0	T	T
D1_N1	0.228806618508	2	1	1	277	277	1	A	G
D1_N1	0.230944135015	2	1	1	875	875	1	C	G
D1_N1	0.231018700494	2	1	1	900	900	0	A	A
D1_N1	0.23179757815	2	1	1	1298	1298	0	A	A
D1_N1	0.231921911729	1	2	1	399	399	0	G	G
D1_N1	0.232440632998	2	1	1	1308	1308	0	T	T
N1_N2	0.00406065097422	2	1	1	1536	1536	0	G	G
N1_N2	0.00479107371976	2	1	1	1323	1323	0	T	T
N1_N2	0.00495439616471	1	2	1	737	737	0	A	A
N1_N2	0.00584088356438	1	2	1	1114	1114	1	G	C
N1_N2	0.0060868305367	1	2	1	933	933	0	A	A
N1_N2	0.00659764577303	1	2	1	18	18	1	G	T
N1_N2	0.00683255042902	1	2	1	374	374	1	T	G
N1_N2	0.0069011460896	1	2	1	412	412	1	G	T
N1_N2	0.0096418995195	2	1	1	292	292	0	A	A
N1_N2	0.0116368571378	2	1	1	1021	1021	1	C	T
N1_N2	0.0122973492248	2	1	1	1420	1420	0	C	C
N1_N2	0.0128967832496	1	2	1	685	685	0	C	C
N1_N2	0.0132298212647	2	1	1	24	24	0	C	C
N1_N2	0.0133171977516	2	1	1	780	780	0	T	T
N1_N2	0.0135780988748	2	1	1	401	401	0	C	C
N1_N2	0.0141459909768	1	2	1	354	354	1	T	G
N1_N2	0.0142132384776	1	2	1	1457	1457	0	A	A
N1_N2	0.0142928151178	1	2	1	805	805	0	G	G
N1_N2	0.0155258311728	1	2	1	839	839	0	A	A
N1_N2	0.0156126780477	1	2	1	773	773	0	T	T
N2_N3	0.000189442145804	2	1	1	774	774	1	T	C
N2_N3	0.00093476569212	1	2	1	1191	1191	0	T	T
N2_N3	0.00138370418807	2	1	1	1174	1174	0	C	C
N2_N3	0.00158283891402	2	1	1	122	122	0	A	A
N2_N3	0.00206602457691	1	2	1	1329	1329	0	A	A
N2_N3	0.0024387930664	2	1	1	1464	1464	0	T	T
N2_N3	0.00481730763697	1	2	1	1164	1164	1	T	C
N2_N3	0.00541771119727	2	1	1	379	379	0	T	T
N2_N3	0.00592303825903	1	2	1	1318	1318	0	T	T
N2_N3	0.00630135687284	2	1	1	1012	1012	0	C	C
N3_N4	0.000344777875478	1	2	1	1358	1358	0	T	T
N3_N4	0.00147301369479	1	2	1	1480	1480	1	T	A
N3_N4	0.00183083636441	1	2	1	1498	1498	0	T	T
N3_N4	0.00256154048699	1	2	1	67	67	1	T	A
N3_N4	0.00404780777676	1	2	1	205	205	0	T	T
N3_N4	0.00566316012413	2	1	1	224	224	0	C	C
N3_N4	0.00755235240891	2	1	1	165	165	0	G	G
N3_N4	0.00761247874831	2	1	1	1109	1109	1	G	C
N3_N4	0.00786403599206	2	1	1	1360	1360	1	C	T
N3_N4	0.00801939926325	1	2	1	606	606	0	T	T
N3_N4	0.00820178034016	1	2	1	1296	1296	0	A	A
N3_N4	0.00854856425392	2	1	1	918	918	1	T	A
N4_Human	0.00166839034196	2	1	1	50	50	0	G	G
N4_Human	0.00183671881818	1	2	1	558	558	0	A	A
N4_Human	0.00208780002939	1	2	1	982	982	0	A	A
N4_Human	0.00326581255651	1	2	1	1530	1530	0	C	C
N4_Human	0.00386534739772	1	2	1	952	952	1	A	G
N4_Human	0.0040326762284	1	2	1	111	111	0	C	C
N4_Human	0.0043632758733	1	2	1	107	107	1	T	C
N4_Human	0.00475183202667	2	1	1	1243	1243	0	G	G
N4_Human	0.00518278249099	2	1	1	1119	1119	0	G	G
N4_Human	0.00567939130805	2	1	1	1076	1076	1	T	A
N4_Human	0.00592411934642	2	1	1	1502	1502	0	T	T
N4_Human	0.00709564708432	2	1	1	592	592	1	C	A
N4_Human	0.00709850240174	2	1	1	771	771	0	C	C
N4_Human	0.00855311478895	2	1	1	1414	1414	0	T	T
N4_Chimp	0.000193418918421	1	2	1	1317	1317	0	T	T
N4_Chimp	0.000583489781372	1	2	1	1283	1283	0	T	T
N4_Chimp	0.000834712729249	2	1	1	1487	1487	1	T	C
N4_Chimp	0.00102555295017	1	2	1	139	139	0	C	C
N4_Chimp	0.00149056471182	1	2	1	1234	1234	1	C	T
N4_Chimp	0.00158077249986	1	2	1	711	711	0	A	A
N4_Chimp	0.00166505153993	2	1	1	1469	1469	0	C	C
N4_Chimp	0.00227674415281	1	2	1	69	69	1	T	C
N4_Chimp	0.0029430962486	2	1	1	742	742	1	T	C
N4_Chimp	0.00327764219153	2	1	1	329	329	0	G	G
N4_Chimp	0.00348650542025	1	2	1	794	794	1	A	G
N4_Chimp	0.00443894187973	2	1	1	1301	1301	1	T	A
N4_Chimp	0.00540292674076	1	2	1	563	563	1	T	G
N4_Chimp	0.00636228547017	1	2	1	366	366	0	G	G
N4_Chimp	0.00754359916129	2	1	1	1092	1092	0	C	C
N4_Chimp	0.00813542178992	2	1	1	914	914	0	C	C
N4_Chimp	0.00897518615465	1	2	1	1222	1222	0	C	C
N4_Chimp	0.00918299855592	1	2	1	403	403	1	A	G
N4_Chimp	0.00948856527913	2	1	1	441	441	1	G	T
N4_Chimp	0.0101450430843	1	2	1	704	704	1	T	A
N4_Chimp	0.0104498168102	2	1	1	121	121	1	A	G
N4_Chimp	0.0111932323226	2	1	1	1099	1099	0	A	A
N3_Goril	0.000115351825157	1	2	1	1510	1510	0	T	T
N3_Goril	0.000896789464095	2	1	1	1502	1502	0	T	T
N3_Goril	0.000960257438252	2	1	1	298	298	0	T	T
N3_Goril	0.000972423303144	1	2	1	14	14	1	A	T
N3_Goril	0.00129913467315	1	2	1	712	712	0	T	T
N3_Goril	0.00136493275596	2	1	1	28	28	0	A	A
N3_Goril	0.00196199093649	1	2	1	1378	1378	0	C	C
N3_Goril	0.00290010681354	1	2	1	215	215	1	C	A
N3_Goril	0.00291150935088	1	2	1	1264	1264	0	T	T
N3_Goril	0.0047704058925	2	1	1	276	276	0	T	T
N3_Goril	0.00696701368516	1	2	1	1206	1206	0	G	G
N3_Goril	0.00736193151306	2	1	1	41	41	0	A	A
N3_Goril	0.00825499120686	2	1	1	1052	1052	0	G	G
N3_Goril	0.0094176488554	1	2	1	1346	1346	0	G	G
N3_Goril	0.0106531969059	1	2	1	1376	1376	1	A	C
N3_Goril	0.0110938206697	2	1	1	1502	1502	0	T	T
N3_Goril	0.0114351840781	2	1	1	687	687	0	G	G
N3_Goril	0.01243867113	2	1	1	1576	1576	0	T	T
N3_Goril	0.0127053076784	1	2	1	231	231	0	T	T
N3_Goril	0.0135379991884	1	2	1	1072	1072	0	G	G
N3_Goril	0.0150069578988	2	1	1	795	795	0	C	C
N3_Goril	0.0153934062121	2	1	1	169	169	0	G	G
N3_Goril	0.0159126157208	2	1	1	1505	1505	0	G	G
N3_Goril	0.0162548491624	2	1	1	92	92	1	A	C
N3_Goril	0.0169027859915	2	1	1	554	554	1	T	A
N3_Goril	0.0170781431735	1	2	1	811	811	1	A	C
N3_Goril	0.0191271300617	2	1	1	941	941	1	C	G
N3_Goril	0.0195728077943	2	1	1	733	733	0	A	A
N2_Orang	0.000150573890658	2	1	1	456	456	0	A	A
N2_Orang	0.0010773774224	2	1	1	58	58	0	C	C
N2_Orang	0.00150136085976	2	1	1	162	162	0	T	T
N2_Orang	0.00202397670872	2	1	1	311	311	0	T	T
N2_Orang	0.00330539059611	1	2	1	987	987	0	C	C
N2_Orang	0.00453637979104	2	1	1	1022	1022	0	G	G
N2_Orang	0.00711644128708	1	2	1	1368	1368	1	T	C
N2_Orang	0.00742590478688	2	1	1	533	533	0	G	G
N2_Orang	0.00750523430215	1	2	1	1180	1180	0	G	G
N2_Orang	0.00769944790482	2	1	1	1261	1261	0	G	G
N2_Orang	0.00954844694546	2	1	1	927	927	0	A	A
N2_Orang	0.00989750858535	1	2	1	1286	1286	0	G	G
N2_Orang	0.0104979628232	2	1	1	714	714	0	T	T
N2_Orang	0.0108072938212	1	2	1	1414	1414	0	T	T
N2_Orang	0.0112716618018	2	1	1	126	126	0	T	T
N2_Orang	0.01213574671	2	1	1	975	975	0	T	T
N2_Orang	0.0122925770734	1	2	1	1232	1232	1	T	C
N2_Orang	0.0129204037899	2	1	1	54	54	0	A	A
N2_Orang	0.013637497955	2	1	1	1012	1012	0	C	C
N2_Orang	0.0139181816228	2	1	1	578	578	0	A	A
N2_Orang	0.0140616780722	1	2	1	598	598	0	C	C
N2_Orang	0.0141892357398	2	1	1	928	928	0	T	T
N2_Orang	0.0144695430619	2	1	1	1251	1251	0	A	A
N2_Orang	0.0154304392636	2	1	1	1544	1544	1	C	G
N2_Orang	0.0158595215052	2	1	1	799	799	1	C	A
N2_Orang	0.01592946526	2	1	1	695	695	1	C	G
N2_Orang	0.0168348403415	1	2	1	737	737	0	A	A
N2_Orang	0.0168958787624	1	2	1	389	389	0	A	A
N2_Orang	0.0175400638619	1	2	1	160	160	0	G	G
N1_Macaq	0.00206393497758	2	1	1	874	874	1	T	A
N1_Macaq	0.00274158621035	2	1	1	357	357	0	A	A
N1_Macaq	0.00423498818833	1	2	1	1193	1193	0	A	A
N1_Macaq	0.00519130176073	1	2	1	1309	1309	0	C	C
N1_Macaq	0.00595568007303	1	2	1	1356	1356	0	T	T
N1_Macaq	0.00737627277965	1	2	1	1565	1565	0	T	T
N1_Macaq	0.00760091690957	2	1	1	1267	1267	0	A	A
N1_Macaq	0.00784272202313	1	2	1	140	140	1	T	G
N1_Macaq	0.00864926716887	1	2	1	436	436	0	T	T
N1_Macaq	0.00940122261927	2	1	1	191	191	0	C	C
N1_Macaq	0.0107482540552	1	2	1	61	61	0	T	T
N1_Macaq	0.01077576537	1	2	1	1455	1455	1	T	A
N1_Macaq	0.0109315347621	1	2	1	248	248	0	G	G
N1_Macaq	0.0116231296253	1	2	1	384	384	0	G	G
N1_Macaq	0.0116935261699	2	1	1	681	681	0	C	C
N1_Macaq	0.0117351631676	1	2	1	652	652	1	T	A
N1_Macaq	0.0121434086451	2	1	1	842	842	1	C	A
N1_Macaq	0.0124189422669	1	2	1	211	211	1	A	G
N1_Macaq	0.012561422013	1	2	1	323	323	1	A	G
N1_Macaq	0.0129081663035	2	1	1	320	320	0	T	T
N1_Macaq	0.0134031276729	1	2	1	990	990	0	T	T
N1_Macaq	0.0135268231185	2	1	1	1197	1197	0	G	G
N1_Macaq	0.0153353701517	2	1	1	681	681	0	C	C
N1_Macaq	0.0158823013646	2	1	1	1527	1527	0	T	T
N1_Macaq	0.0159171008456	1	2	1	118	118	1	A	T
N1_Macaq	0.0160279959812	2	1	1	126	126	0	T	T
N1_Macaq	0.0166861688903	2	1	1	1102	1102	0	A	A
N1_Macaq	0.0169216320128	2	1	1	1543	1543	0	A	A
N1_Macaq	0.01712307735	1	2	1	402	402	1	G	T
N1_Macaq	0.017668574186	2	1	1	605	605	1	G	A
N1_Macaq	0.0180721519011	2	1	1	34	34	1	C	T
N1_Macaq	0.0183203810566	1	2	1	364	364	1	A	G
N1_Macaq	0.0183273045451	2	1	1	73	73	1	G	A
N1_Macaq	0.0184174170004	1	2	1	473	473	0	G	G
N1_Macaq	0.020081895203	2	1	1	849	849	0	T	T
N1_Macaq	0.020165611283	1	2	1	1260	1260	1	A	T
N1_Macaq	0.0203830158381	2	1	1	1428	1428	1	A	C
N1_Macaq	0.0214639651605	1	2	1	473	473	0	G	G
N1_Macaq	0.0218211100912	2	1	1	313	313	1	T	A
N1_Macaq	0.0224569426137	1	2	1	566	566	0	G	G
N1_Macaq	0.0225344993044	2	1	1	364	364	0	A	A
N1_Macaq	0.0242629706207	1	2	1	306	306	0	T	T
N1_Macaq	0.0248315658794	2	1	1	51	51	1	T	C
N1_Macaq	0.0252575726016	2	1	1	406	406	0	T	T
N1_Macaq	0.0253310313417	1	2	1	1540	1540	0	G	G
N1_Macaq	0.025393077485	2	1	1	594	594	1	G	C
N1_Macaq	0.0257290194411	2	1	1	353	353	1	G	T
N1_Macaq	0.0260680619487	2	1	1	405	405	1	G	T
N1_Macaq	0.0263844435159	2	1	1	1305	1305	1	A	C
N1_Macaq	0.026443450078	1	2	1	1328	1328	1	T	A
N1_Macaq	0.0274963712359	1	2	1	1006	1006	0	A	A
N1_Macaq	0.0275626835389	1	2	1	1274	1274	1	A	C
N1_Macaq	0.028057284233	2	1	1	88	88	1	A	T
N1_Macaq	0.0285175215686	1	2	1	583	583	0	A	A
N1_Macaq	0.0286290581918	2	1	1	283	283	0	C	C
N1_Macaq	0.0288371768047	2	1	1	317	317	0	T	T
N1_Macaq	0.0297668093809	1	2	1	193	193	0	C	C
N1_Macaq	0.0297914507225	2	1	1	1521	1521	1	A	C
N1_Macaq	0.0299265665899	1	2	1	967	967	0	T	T
N1_Macaq	0.0305123594623	1	2	1	1226	1226	1	A	G
N1_Macaq	0.0307729136916	1	2	1	1437	1437	0	T	T
N1_Macaq	0.0308984197337	2	1	1	1531	1531	0	G	G
N1_Macaq	0.0310616749857	2	1	1	82	82	1	T	G
N1_Macaq	0.0315609924275	2	1	1	941	941	1	C	G
N1_Macaq	0.0317187997253	2	1	1	704	704	1	A	T
N1_Macaq	0.0317856659078	2	1	1	40	40	1	G	A
N1_Macaq	0.0327662759348	1	2	1	368	368	1	T	A
N1_Macaq	0.0340870110612	2	1	1	795	795	1	C	G
N1_Macaq	0.0344914879679	2	1	1	329	329	0	G	G
N1_Macaq	0.0349751201883	2	1	1	1008	1008	1	G	A
N1_Macaq	0.0368264020443	1	2	1	601	601	0	C	C
N1_Macaq	0.0369105658313	1	2	1	1414	1414	0	T	T
N1_Macaq	0.0369472771756	2	1	1	714	714	0	T	T
N1_Macaq	0.0392509515845	1	2	1	700	700	0	A	A
N1_Macaq	0.0399950025102	2	1	1	357	357	0	A	A
N1_Macaq	0.04055932419	2	1	1	1177	1177	0	T	T
N1_Macaq	0.0408885381264	2	1	1	1045	1045	0	G	G
N1_Macaq	0.041386810194	1	2	1	1029	1029	1	A	C
N1_Macaq	0.0424107444855	1	2	1	897	897	0	A	A
N1_Macaq	0.0427826453063	2	1	1	599	599	0	C	C
N1_Macaq	0.0430869981183	2	1	1	864	864	0	C	C
