edge	time	mut_orlg	mut_pos	old_state	new_state
N0_kluyveri	0.000226385365861	0	571	C	T
N0_kluyveri	0.00052931860421	0	392	G	A
N0_kluyveri	0.00136717942174	0	829	G	A
N0_kluyveri	0.00143801722704	0	701	G	A
N0_kluyveri	0.00270710946848	0	724	C	T
N0_kluyveri	0.00295661330642	0	577	T	C
N0_kluyveri	0.00443895419288	0	512	G	A
N0_kluyveri	0.00450185728551	0	601	A	G
N0_kluyveri	0.0046224263012	0	32	C	T
N0_kluyveri	0.00492660417724	0	413	G	A
N0_kluyveri	0.00641290231727	0	820	C	A
N0_kluyveri	0.00673783295586	0	517	G	A
N0_kluyveri	0.00690133232064	0	232	A	G
N0_kluyveri	0.00714268709474	0	766	C	T
N0_kluyveri	0.00879101746881	0	560	C	T
N0_kluyveri	0.00910543209361	0	613	C	T
N0_kluyveri	0.00977277886943	0	700	C	T
N0_kluyveri	0.0101217076036	0	725	T	C
N0_kluyveri	0.0107077136576	0	631	T	A
N0_D1	0.000547753342166	0	551	T	C
N0_D1	0.000697154249724	0	225	A	G
D1_N1	0.000235218319032	2	776	C	T
D1_N1	0.000553514860877	2	722	C	T
D1_N1	0.00175564304192	1	429	T	C
D1_N1	0.00267354906107	1	41	C	T
D1_N1	0.00275100229201	2	156	A	G
D1_N1	0.0028894185529	2	698	C	T
D1_N1	0.00353917751104	2	656	A	G
D1_N1	0.00357112889123	1	684	C	T
D1_N1	0.00387306100867	2	225	G	A
D1_N1	0.00406993656242	1	697	A	C
D1_N1	0.00412449883976	1	526	G	A
D1_N1	0.00428025915652	2	310	G	T
D1_N1	0.00452943681184	2	158	C	T
D1_N1	0.00462135904041	2	348	C	T
D1_N1	0.00485498282282	2	418	T	C
D1_N1	0.00494525849151	2	676	C	T
D1_N1	0.0052984561596	2	32	C	T
D1_N1	0.00556719636706	2	670	T	C
D1_N1	0.00587217229221	1	505	T	C
D1_N1	0.00594381692133	1	580	C	T
D1_N1	0.00595399159332	1	749	T	C
D1_N1	0.00641733945043	2	609	A	G
D1_N1	0.00723950681416	1	343	T	G
D1_N1	0.00728826209904	1	745	G	A
D1_N1	0.00761172409483	2	574	G	A
D1_N1	0.0078459619687	1	559	T	C
D1_N1	0.00791668321787	2	599	G	A
D1_N1	0.00821314366903	2	712	G	A
D1_N1	0.0082134774177	2	150	G	A
D1_N1	0.00857628232657	2	565	G	A
D1_N1	0.00869117704392	1	35	C	T
D1_N1	0.00903282293831	1	634	G	A
D1_N1	0.00913244181345	1	718	A	G
D1_N1	0.00932994199997	1	478	C	T
D1_N1	0.00970368948681	1	541	T	G
D1_N1	0.0101864088419	2	550	G	A
D1_N1	0.0116765732323	2	634	G	A
D1_N1	0.0118387525934	2	637	A	G
D1_N1	0.0119286553489	1	583	T	C
D1_N1	0.0120124027983	1	673	A	C
D1_N1	0.0123597095511	1	799	T	G
N1_castellii	0.000147464424766	1	251	C	T
N1_castellii	0.000191818961408	1	378	A	C
N1_castellii	0.000326225118878	1	368	A	G
N1_castellii	0.000346492739931	1	788	C	A
N1_castellii	0.00052907183149	1	53	T	C
N1_castellii	0.000740002654559	2	487	C	T
N1_castellii	0.000747194189832	2	541	T	C
N1_castellii	0.000915312753441	1	628	C	T
N1_castellii	0.00138899880787	1	553	G	A
N1_castellii	0.00213461369066	2	502	T	C
N1_castellii	0.00291211548667	1	607	A	G
N1_castellii	0.00391216367997	1	781	C	T
N1_castellii	0.00399051523104	1	721	T	C
N1_castellii	0.00435913405773	2	553	G	C
N1_castellii	0.00479318675851	2	613	C	T
N1_castellii	0.00624806813806	2	463	A	G
N1_castellii	0.00631170635874	1	596	C	T
N1_castellii	0.00696474303067	1	760	T	A
N1_castellii	0.00713908618193	2	32	T	C
N1_castellii	0.00755351663835	2	679	T	C
N1_castellii	0.0077445216803	1	41	C	T
N1_castellii	0.00781634861122	1	487	T	C
N1_castellii	0.00795744495131	1	528	A	G
N1_castellii	0.0081301558803	1	574	G	T
N1_castellii	0.00845255382533	2	89	A	G
N1_castellii	0.00845463425236	2	17	G	A
N1_castellii	0.00874022029108	1	2	C	A
N1_castellii	0.00877148892645	1	824	C	A
N1_castellii	0.0089621782182	2	562	C	T
N1_castellii	0.00933048693843	1	232	A	G
N1_castellii	0.00960581050921	2	32	C	G
N1_castellii	0.00965054464846	2	751	C	T
N1_castellii	0.00984632093136	2	790	C	T
N1_castellii	0.0102278336633	2	775	C	T
N1_castellii	0.0106017491473	1	120	T	C
N1_castellii	0.0107559313351	1	382	A	G
N1_castellii	0.0112977306455	2	625	T	C
N1_castellii	0.0114419435296	1	823	G	A
N1_castellii	0.0118082611706	1	805	C	T
N1_castellii	0.0121014063953	2	700	C	T
N1_castellii	0.0127809075494	1	832	T	C
N1_castellii	0.0128065995884	1	628	C	T
N1_castellii	0.0132053739753	2	763	C	T
N1_castellii	0.0132066428751	1	478	C	T
N1_castellii	0.0133034939285	1	829	G	C
N1_castellii	0.0133468237084	2	571	C	A
N1_castellii	0.0134696193956	1	443	C	T
N1_castellii	0.0136185932713	2	49	G	A
N1_castellii	0.0136437827312	1	688	A	G
N1_castellii	0.0136762008334	1	607	G	A
N1_castellii	0.0137241526193	1	482	A	G
N1_castellii	0.0137551463154	1	339	T	C
N1_N2	0.000452933537421	2	12	T	C
N1_N2	0.00075138834295	1	622	G	A
N1_N2	0.000834804799572	2	703	C	T
N1_N2	0.00151812101356	1	275	G	T
N1_N2	0.00213412019982	2	463	A	G
N1_N2	0.00341928284499	1	295	T	C
N1_N2	0.00363337793874	2	670	C	T
N1_N2	0.00386149427726	2	154	T	C
N1_N2	0.00439771014524	2	526	G	A
N1_N2	0.00443693990871	1	700	C	T
N1_N2	0.00478494492338	1	601	A	T
N1_N2	0.00517900418706	2	779	T	C
N1_N2	0.00524267020452	2	526	A	G
N1_N2	0.00531717018986	2	745	G	A
N1_N2	0.00537934167674	1	574	G	A
N1_N2	0.00547787817221	2	538	C	T
N1_N2	0.00596025175936	2	727	C	T
N1_N2	0.00626798961491	1	410	A	G
N1_N2	0.00660753340942	1	676	C	T
N1_N2	0.00680484342427	1	544	G	A
N1_N2	0.00680686270059	2	44	T	A
N1_N2	0.00684176282819	2	41	C	T
N1_N2	0.00686618341777	1	634	G	A
N1_N2	0.00694299830572	2	721	T	C
N1_N2	0.00703682865892	1	517	G	A
N1_N2	0.00714149247952	1	607	A	G
N1_N2	0.00716381051234	2	147	C	G
N1_N2	0.0074366134635	1	790	C	A
N1_N2	0.00753283897337	1	601	T	C
N2_bayanus	0.000315185725827	2	37	A	G
N2_bayanus	0.000397589841164	2	523	G	A
N2_bayanus	0.000878646493441	2	451	T	C
N2_bayanus	0.000951296113646	1	38	C	T
N2_bayanus	0.00177180876562	1	575	A	C
N2_bayanus	0.00192675154157	2	712	A	G
N2_bayanus	0.0020516876236	1	830	G	A
N2_bayanus	0.00215518705379	1	799	G	A
N2_bayanus	0.00234889958343	1	772	T	C
N2_bayanus	0.00314736832957	1	264	A	G
N2_bayanus	0.00355035963076	2	100	C	T
N2_bayanus	0.00373797045247	2	199	G	A
N2_bayanus	0.00374635769061	1	733	A	G
N2_bayanus	0.00377430739904	1	493	C	T
N2_bayanus	0.0038506133219	2	118	A	G
N3_kudriavzevii	9.56473839646e-05	2	511	G	C
N3_kudriavzevii	0.000160096465361	2	424	A	G
N3_kudriavzevii	0.000368584372538	1	505	C	T
N3_kudriavzevii	0.00052545130827	1	724	C	T
N3_kudriavzevii	0.00112888793997	2	631	T	C
N3_kudriavzevii	0.00113826807423	1	511	G	T
N3_kudriavzevii	0.00119012413101	1	538	C	T
N3_kudriavzevii	0.00124352950737	2	468	A	G
N3_kudriavzevii	0.00130569093287	1	26	C	T
N3_kudriavzevii	0.00193676039286	2	718	G	A
N3_kudriavzevii	0.0020019617759	1	832	T	C
N3_kudriavzevii	0.00236592266941	2	595	A	G
N3_kudriavzevii	0.00239294459328	2	323	A	G
N3_kudriavzevii	0.00247344246687	1	823	G	A
N3_kudriavzevii	0.0028338573941	1	505	T	C
N3_kudriavzevii	0.00290929498593	1	680	G	A
N3_kudriavzevii	0.00306918499443	2	284	G	A
N3_kudriavzevii	0.00345344189785	2	223	A	G
N3_kudriavzevii	0.00364774725587	1	460	T	C
N3_kudriavzevii	0.00382890576697	2	478	C	T
N3_kudriavzevii	0.0038950116925	2	817	A	G
N3_kudriavzevii	0.00434932066083	1	448	A	C
N3_kudriavzevii	0.00477627077445	1	526	G	T
N3_kudriavzevii	0.00478342295551	1	238	C	T
N3_kudriavzevii	0.00484012962451	2	775	C	T
N3_kudriavzevii	0.00492460062991	2	29	G	A
N3_kudriavzevii	0.0050561753515	1	220	T	C
N3_kudriavzevii	0.00519499329615	1	580	T	C
N3_kudriavzevii	0.00644725590904	1	640	T	C
N3_kudriavzevii	0.00666979833024	2	565	A	G
N4_mikatae	9.75334515182e-05	1	601	C	T
N4_mikatae	0.000225940622623	2	563	C	T
N4_mikatae	0.000259958743224	2	520	T	C
N4_mikatae	0.00030314298565	2	10	T	C
N4_mikatae	0.000835958962174	1	17	G	A
N4_mikatae	0.00103785572082	2	211	G	A
N4_mikatae	0.00111640461735	1	787	T	C
N4_mikatae	0.00124960627342	2	487	C	T
N4_mikatae	0.0015055062323	1	631	T	C
N4_mikatae	0.00244160792397	1	29	G	A
N4_mikatae	0.0029124588274	2	820	C	T
N4_mikatae	0.00308931121139	2	722	C	T
N4_mikatae	0.00365523989592	1	276	C	T
N4_mikatae	0.00376568251032	1	646	G	A
N4_mikatae	0.00396835442893	2	440	C	T
N4_mikatae	0.00404308072324	1	385	A	G
N4_mikatae	0.00480979876621	1	799	G	C
N4_mikatae	0.0049412724479	1	614	C	T
N4_mikatae	0.00494494032795	1	494	G	A
N4_mikatae	0.00514319266288	2	637	A	G
N4_mikatae	0.00526636004043	1	772	T	C
N4_mikatae	0.00534672312941	1	655	T	C
N4_mikatae	0.00609378081495	2	478	C	T
N4_mikatae	0.00622134321967	2	805	C	A
N4_mikatae	0.00636390070129	1	559	T	G
N4_N5	0.000136486814848	2	766	C	T
N5_paradoxus	3.23622574143e-05	2	643	T	C
N5_paradoxus	3.36318374378e-05	2	793	G	A
N5_paradoxus	0.000492123125896	2	29	G	A
N5_paradoxus	0.00105545152756	2	721	C	T
N5_paradoxus	0.00120846882194	2	535	C	T
N5_paradoxus	0.00168425358571	1	487	C	T
N5_cerevisiae	0.000382091199705	1	133	G	A
N5_cerevisiae	0.000534803586803	2	685	G	A
N5_cerevisiae	0.000884791529481	2	631	T	A
N5_cerevisiae	0.00119903347658	2	706	G	A
N5_cerevisiae	0.00140830011457	1	610	C	T
N5_cerevisiae	0.00157536629863	1	544	A	G
N5_cerevisiae	0.00163246312264	2	625	T	C
N5_cerevisiae	0.00203433501833	2	508	C	T
N5_cerevisiae	0.00235889938056	2	808	A	G
N5_cerevisiae	0.00276393148503	1	511	G	A
N5_cerevisiae	0.00326254797176	2	583	T	C
