edge	time	orlg_from	orlg_to	tract_length	start_pos	stop_pos	num_diff	template_seq	overide_seq
D1_N1	0.00135590760965	1	2	1	540	540	0	C	C
D1_N1	0.00280337376187	2	1	1	1177	1177	0	A	A
D1_N1	0.00352244539695	1	2	1	1053	1053	0	A	A
D1_N1	0.00352789484398	1	2	1	748	748	0	A	A
D1_N1	0.0041900419448	2	1	1	764	764	0	A	A
D1_N1	0.00513461995647	1	2	1	738	738	0	G	G
D1_N1	0.00533248450885	2	1	1	269	269	0	G	G
D1_N1	0.00579264787017	1	2	1	792	792	0	G	G
D1_N1	0.0060295197465	2	1	1	1157	1157	0	A	A
D1_N1	0.00640824313764	1	2	1	263	263	0	C	C
D1_N1	0.00662211666305	2	1	1	1000	1000	0	C	C
D1_N1	0.00680741259152	1	2	1	994	994	0	C	C
D1_N1	0.00789077106357	1	2	1	428	428	0	G	G
D1_N1	0.0079240894891	1	2	1	52	52	0	G	G
D1_N1	0.00877323684043	2	1	1	299	299	0	A	A
D1_N1	0.00962462108296	1	2	1	435	435	0	A	A
D1_N1	0.00984831103005	2	1	1	434	434	0	C	C
D1_N1	0.0112623204586	2	1	1	944	944	0	A	A
D1_N1	0.0115040887359	2	1	1	105	105	0	G	G
D1_N1	0.011709748539	1	2	1	194	194	0	A	A
D1_N1	0.0119514561382	2	1	1	1220	1220	0	A	A
D1_N1	0.0125044018144	1	2	1	888	888	0	G	G
D1_N1	0.0143688076772	1	2	1	702	702	0	A	A
D1_N1	0.0162813524746	2	1	1	1053	1053	0	A	A
D1_N1	0.0175584186022	2	1	1	1228	1228	0	G	G
D1_N1	0.0179683000494	1	2	1	351	351	0	G	G
D1_N1	0.0182976908303	2	1	1	382	382	0	G	G
D1_N1	0.0195778846473	2	1	1	411	411	1	G	C
D1_N1	0.0225801405252	1	2	1	319	319	0	T	T
D1_N1	0.0226689891471	1	2	1	21	21	0	G	G
D1_N1	0.0241730335833	2	1	1	603	603	0	T	T
D1_N1	0.0247227464192	2	1	1	713	713	0	A	A
D1_N1	0.0278935375088	2	1	1	31	31	0	A	A
D1_N1	0.0297053289216	1	2	1	654	654	0	A	A
D1_N1	0.0297294024197	1	2	1	1016	1016	0	A	A
D1_N1	0.031017876705	1	2	1	793	793	0	A	A
D1_N1	0.0311408471078	1	2	1	1149	1149	0	G	G
D1_N1	0.0331911655593	1	2	1	416	416	0	A	A
D1_N1	0.0332482003116	2	1	1	477	477	0	A	A
D1_N1	0.0388092645942	2	1	1	206	206	1	T	G
D1_N1	0.0390411954563	2	1	1	812	812	0	T	T
D1_N1	0.0390472349326	1	2	1	563	563	0	A	A
D1_N1	0.0392581540516	2	1	1	292	292	0	G	G
D1_N1	0.0398781392795	1	2	1	86	86	1	G	T
D1_N1	0.0409863751623	2	1	1	1085	1085	0	T	T
D1_N1	0.0411125905675	1	2	1	864	864	0	A	A
D1_N1	0.0414721272351	2	1	1	976	976	0	G	G
D1_N1	0.0433986582364	2	1	1	942	942	0	A	A
D1_N1	0.0434257038018	2	1	1	402	402	0	A	A
D1_N1	0.0444700844223	2	1	1	1113	1113	1	A	G
D1_N1	0.0452673457858	1	2	1	513	513	0	T	T
D1_N1	0.0456134607549	2	1	1	1001	1001	0	A	A
D1_N1	0.046412309952	1	2	1	781	781	0	C	C
D1_N1	0.0500420472052	2	1	1	190	190	0	T	T
D1_N1	0.0504424920179	1	2	1	521	521	0	C	C
D1_N1	0.0508025482435	2	1	1	439	439	0	A	A
D1_N1	0.0510380321613	1	2	1	659	659	0	T	T
D1_N1	0.0534579214643	1	2	1	257	257	0	T	T
D1_N1	0.0545468334488	1	2	1	386	386	0	T	T
D1_N1	0.0571029434663	1	2	1	1108	1108	0	T	T
D1_N1	0.057940060662	1	2	1	1014	1014	0	T	T
D1_N1	0.057978067364	1	2	1	469	469	0	T	T
D1_N1	0.0580320978664	2	1	1	218	218	0	G	G
D1_N1	0.0586389635393	1	2	1	585	585	0	T	T
D1_N1	0.0592532596387	2	1	1	190	190	0	T	T
D1_N1	0.0616132925314	2	1	1	572	572	0	A	A
D1_N1	0.0617202434725	1	2	1	675	675	0	T	T
D1_N1	0.0617652575197	1	2	1	155	155	0	G	G
D1_N1	0.0634322440953	1	2	1	844	844	0	A	A
D1_N1	0.0650589150518	2	1	1	5	5	0	T	T
D1_N1	0.0652366841449	1	2	1	915	915	0	A	A
D1_N1	0.0656886703665	1	2	1	1142	1142	0	T	T
D1_N1	0.0660974014357	2	1	1	155	155	0	G	G
D1_N1	0.0667556475019	2	1	1	561	561	0	T	T
D1_N1	0.0667796553029	2	1	1	178	178	0	T	T
D1_N1	0.0685481510714	1	2	1	1106	1106	0	G	G
D1_N1	0.0688802962674	2	1	1	117	117	0	C	C
D1_N1	0.0690721802819	1	2	1	631	631	0	G	G
D1_N1	0.0709502698652	1	2	1	981	981	0	T	T
D1_N1	0.0709600491114	2	1	1	1083	1083	1	C	G
D1_N1	0.074298727288	2	1	1	655	655	0	A	A
D1_N1	0.0747153813363	2	1	1	872	872	0	C	C
D1_N1	0.0784188476022	2	1	1	1091	1091	0	G	G
D1_N1	0.0796746191379	2	1	1	467	467	0	G	G
D1_N1	0.079933181485	1	2	1	593	593	0	T	T
D1_N1	0.0803647243417	1	2	1	778	778	0	T	T
D1_N1	0.0804902161897	2	1	1	1043	1043	0	G	G
D1_N1	0.0813253635494	1	2	1	935	935	0	A	A
D1_N1	0.0876468074832	1	2	1	885	885	0	G	G
D1_N1	0.0876971054426	1	2	1	382	382	0	G	G
D1_N1	0.0886040106688	2	1	1	940	940	0	A	A
D1_N1	0.0903551618031	2	1	1	730	730	0	A	A
D1_N1	0.0910783681973	2	1	1	1107	1107	0	C	C
D1_N1	0.0917696515885	2	1	1	1195	1195	1	T	A
D1_N1	0.0918928920107	2	1	1	835	835	0	G	G
D1_N1	0.0922533034155	1	2	1	675	675	0	T	T
D1_N1	0.0929477575454	2	1	1	479	479	0	A	A
D1_N1	0.0933891305212	2	1	1	10	10	0	C	C
D1_N1	0.0934442488504	1	2	1	893	893	0	C	C
D1_N1	0.0936353814152	2	1	1	923	923	0	G	G
D1_N1	0.0947963418457	1	2	1	1062	1062	0	G	G
D1_N1	0.0958214627322	2	1	1	1123	1123	0	T	T
D1_N1	0.0965341825381	2	1	1	1143	1143	0	T	T
D1_N1	0.0977771970547	1	2	1	1083	1083	0	C	C
D1_N1	0.0988016698671	1	2	1	642	642	0	C	C
D1_N1	0.0992857626406	2	1	1	589	589	0	T	T
D1_N1	0.101556667884	2	1	1	251	251	1	T	C
D1_N1	0.102074939316	1	2	1	140	140	0	T	T
D1_N1	0.103852174889	2	1	1	7	7	0	A	A
D1_N1	0.104122408015	2	1	1	529	529	0	C	C
D1_N1	0.1077075665	2	1	1	142	142	0	A	A
D1_N1	0.110060749646	2	1	1	1017	1017	1	T	C
D1_N1	0.110332741141	2	1	1	1121	1121	0	C	C
D1_N1	0.111274953211	1	2	1	119	119	0	G	G
D1_N1	0.111311774916	2	1	1	25	25	0	T	T
D1_N1	0.111799949018	1	2	1	658	658	0	C	C
D1_N1	0.112662124862	1	2	1	571	571	0	G	G
D1_N1	0.113368400645	1	2	1	696	696	0	A	A
D1_N1	0.115088648955	2	1	1	692	692	0	A	A
D1_N1	0.115251915097	1	2	1	399	399	0	A	A
D1_N1	0.115407045429	1	2	1	808	808	0	G	G
D1_N1	0.116156613473	1	2	1	946	946	0	T	T
D1_N1	0.117781712646	1	2	1	57	57	0	G	G
D1_N1	0.119123598701	2	1	1	646	646	0	T	T
D1_N1	0.120615999668	1	2	1	323	323	1	A	G
D1_N1	0.121176081592	2	1	1	414	414	0	C	C
D1_N1	0.121420466634	2	1	1	303	303	1	A	C
D1_N1	0.122308898863	2	1	1	520	520	0	C	C
D1_N1	0.122373835295	1	2	1	261	261	0	A	A
D1_N1	0.122930641711	1	2	1	333	333	1	C	A
D1_N1	0.123743478686	2	1	1	333	333	0	C	C
D1_N1	0.124904729227	1	2	1	459	459	0	G	G
D1_N1	0.125013768742	2	1	1	649	649	1	C	G
D1_N1	0.125699978006	1	2	1	897	897	0	G	G
D1_N1	0.125962115681	2	1	1	28	28	0	A	A
D1_N1	0.126555954507	2	1	1	865	865	0	A	A
D1_N1	0.127122924057	2	1	1	13	13	1	C	T
D1_N1	0.127981279002	2	1	1	398	398	0	C	C
D1_N1	0.128925316109	2	1	1	833	833	1	T	A
D1_N1	0.1307170057	1	2	1	130	130	1	G	A
D1_N1	0.131175297014	1	2	1	424	424	0	A	A
D1_N1	0.133202836498	2	1	1	577	577	1	C	T
D1_N1	0.134175773444	2	1	1	707	707	0	G	G
D1_N1	0.136321870469	1	2	1	1012	1012	1	A	T
D1_N1	0.137200412843	2	1	1	1132	1132	0	T	T
D1_N1	0.138083289214	1	2	1	741	741	0	T	T
D1_N1	0.138487808375	2	1	1	765	765	0	G	G
D1_N1	0.13909909286	1	2	1	403	403	0	A	A
D1_N1	0.139215497163	1	2	1	74	74	1	C	T
D1_N1	0.141240188823	2	1	1	845	845	0	C	C
D1_N1	0.142605751388	2	1	1	432	432	1	G	A
D1_N1	0.143253957901	1	2	1	584	584	0	G	G
D1_N1	0.144170465668	1	2	1	518	518	1	C	A
D1_N1	0.146242188623	2	1	1	562	562	0	T	T
D1_N1	0.148505704187	1	2	1	765	765	0	G	G
D1_N1	0.148901017036	1	2	1	753	753	0	C	C
D1_N1	0.149265547044	2	1	1	551	551	0	T	T
D1_N1	0.149291339998	1	2	1	1141	1141	0	T	T
D1_N1	0.149646995742	2	1	1	347	347	0	G	G
D1_N1	0.15099405763	1	2	1	915	915	0	A	A
D1_N1	0.151020747035	2	1	1	1149	1149	0	G	G
D1_N1	0.153282712577	1	2	1	1143	1143	0	T	T
D1_N1	0.156187924134	1	2	1	63	63	0	G	G
D1_N1	0.157416948058	1	2	1	60	60	0	T	T
D1_N1	0.161900394621	1	2	1	638	638	0	T	T
D1_N1	0.162497087277	1	2	1	715	715	0	G	G
D1_N1	0.164840515327	2	1	1	758	758	1	A	G
D1_N1	0.166061073429	1	2	1	609	609	1	T	C
D1_N1	0.167234790936	1	2	1	660	660	0	A	A
D1_N1	0.16728209161	2	1	1	1178	1178	0	T	T
D1_N1	0.168968039487	2	1	1	1212	1212	0	A	A
D1_N1	0.169296647299	2	1	1	1059	1059	1	T	C
D1_N1	0.169497902011	1	2	1	5	5	0	T	T
D1_N1	0.169704592718	2	1	1	180	180	0	A	A
D1_N1	0.16979401955	1	2	1	584	584	0	G	G
D1_N1	0.169965324526	2	1	1	929	929	0	C	C
D1_N1	0.170247060056	2	1	1	759	759	1	C	A
D1_N1	0.17042059874	1	2	1	540	540	0	C	C
D1_N1	0.170453120244	2	1	1	1228	1228	0	G	G
D1_N1	0.171574167039	1	2	1	1216	1216	0	G	G
D1_N1	0.171590105894	2	1	1	913	913	0	C	C
D1_N1	0.173457492252	2	1	1	542	542	0	G	G
D1_N1	0.179013309366	2	1	1	1218	1218	0	G	G
D1_N1	0.180112420264	1	2	1	1040	1040	0	C	C
D1_N1	0.182434842063	2	1	1	500	500	0	G	G
D1_N1	0.183390423303	2	1	1	1143	1143	0	T	T
D1_N1	0.183742151475	1	2	1	599	599	0	C	C
D1_N1	0.184343027384	2	1	1	1028	1028	1	G	A
D1_N1	0.184380792293	1	2	1	626	626	0	C	C
D1_N1	0.184725409147	2	1	1	805	805	0	T	T
D1_N1	0.187915121072	1	2	1	768	768	0	T	T
D1_N1	0.18846777721	2	1	1	1106	1106	0	G	G
D1_N1	0.188742959756	2	1	1	326	326	1	T	A
D1_N1	0.189068146068	2	1	1	945	945	1	C	T
D1_N1	0.189568730809	1	2	1	199	199	0	T	T
D1_N1	0.189739344195	1	2	1	1164	1164	0	C	C
D1_N1	0.189759472111	1	2	1	1158	1158	1	A	G
D1_N1	0.190042261321	1	2	1	976	976	1	C	G
D1_N1	0.192576147932	2	1	1	893	893	0	C	C
D1_N1	0.192734757293	1	2	1	963	963	0	T	T
D1_N1	0.192770181834	2	1	1	1101	1101	0	A	A
D1_N1	0.194966709692	2	1	1	1084	1084	0	C	C
D1_N1	0.195174585651	1	2	1	225	225	0	G	G
D1_N1	0.195287122054	2	1	1	763	763	0	G	G
D1_N1	0.195985156757	2	1	1	866	866	0	T	T
D1_N1	0.196743607006	1	2	1	690	690	0	G	G
D1_N1	0.197142591463	1	2	1	958	958	1	T	C
D1_N1	0.197568513519	1	2	1	375	375	1	C	T
D1_N1	0.199158172083	1	2	1	774	774	0	C	C
D1_N1	0.200081765479	1	2	1	78	78	0	A	A
D1_N1	0.200635425422	1	2	1	623	623	1	T	C
D1_N1	0.200937602614	1	2	1	891	891	1	C	T
D1_N1	0.201618076694	2	1	1	557	557	0	A	A
D1_N1	0.204881359484	1	2	1	1047	1047	1	C	T
D1_N1	0.205226108388	1	2	1	281	281	1	T	C
D1_N1	0.205506148458	2	1	1	1112	1112	0	T	T
D1_N1	0.206552915761	1	2	1	578	578	1	A	T
D1_N1	0.206839080783	1	2	1	1119	1119	0	A	A
D1_N1	0.209202778159	2	1	1	95	95	0	A	A
D1_N1	0.211655688898	2	1	1	442	442	0	G	G
D1_N1	0.211839518434	2	1	1	744	744	0	A	A
D1_N1	0.212212467269	2	1	1	449	449	0	G	G
D1_N1	0.21327579707	1	2	1	454	454	0	A	A
D1_N1	0.213785092482	2	1	1	786	786	0	T	T
D1_N1	0.214239044213	1	2	1	40	40	1	G	A
D1_N1	0.214452761772	2	1	1	84	84	0	T	T
D1_N1	0.215078823048	2	1	1	835	835	1	A	G
D1_N1	0.215186976327	1	2	1	1092	1092	0	A	A
D1_N1	0.216190689574	1	2	1	1175	1175	0	G	G
D1_N1	0.216365739438	1	2	1	817	817	0	A	A
D1_N1	0.216871375998	2	1	1	606	606	1	G	T
D1_N1	0.217079318901	2	1	1	658	658	0	C	C
D1_N1	0.218615381504	1	2	1	1016	1016	1	G	T
D1_N1	0.219526728696	2	1	1	292	292	0	G	G
D1_N1	0.219845074507	1	2	1	1176	1176	1	G	T
D1_N1	0.221466239484	2	1	1	1178	1178	0	T	T
D1_N1	0.221613849172	1	2	1	830	830	1	C	T
D1_N1	0.222359718138	2	1	1	1186	1186	1	T	C
D1_N1	0.22243382709	2	1	1	472	472	0	C	C
D1_N1	0.22264842521	2	1	1	655	655	0	A	A
D1_N1	0.22284956532	2	1	1	839	839	0	G	G
D1_N1	0.225161448133	1	2	1	699	699	0	T	T
D1_N1	0.226678776587	1	2	1	928	928	0	A	A
D1_N1	0.226824796136	1	2	1	1046	1046	0	G	G
D1_N1	0.229142560699	1	2	1	34	34	1	G	T
D1_N1	0.229947508616	2	1	1	968	968	1	G	A
D1_N1	0.231841967393	1	2	1	1008	1008	0	A	A
N1_N2	0.000320707085951	2	1	1	1059	1059	0	T	T
N1_N2	0.00130776706744	1	2	1	1067	1067	0	T	T
N1_N2	0.00244907341689	1	2	1	133	133	0	A	A
N1_N2	0.0033433759243	2	1	1	896	896	1	G	A
N1_N2	0.00442792827449	2	1	1	478	478	0	G	G
N1_N2	0.00616609532785	1	2	1	451	451	1	G	C
N1_N2	0.00757278793109	2	1	1	480	480	0	G	G
N1_N2	0.00861911200132	2	1	1	452	452	0	C	C
N1_N2	0.0108265172655	2	1	1	158	158	0	G	G
N1_N2	0.0111278007833	2	1	1	601	601	0	A	A
N1_N2	0.011680839476	2	1	1	674	674	1	C	T
N1_N2	0.0118259544718	2	1	1	623	623	0	T	T
N1_N2	0.0126437743816	1	2	1	207	207	0	T	T
N1_N2	0.0132171142275	2	1	1	280	280	0	T	T
N1_N2	0.0133505140142	2	1	1	1019	1019	0	T	T
N1_N2	0.0138410472961	2	1	1	440	440	0	T	T
N1_N2	0.0140407442256	1	2	1	651	651	1	G	C
N1_N2	0.0145011921525	2	1	1	1134	1134	0	T	T
N1_N2	0.0152059749803	2	1	1	475	475	1	A	G
N2_N3	0.000414867946819	2	1	1	139	139	0	T	T
N2_N3	0.000452623264315	2	1	1	837	837	0	A	A
N2_N3	0.00164053406224	2	1	1	14	14	0	C	C
N2_N3	0.00263523615324	1	2	1	1076	1076	0	C	C
N2_N3	0.00314240554505	2	1	1	1194	1194	0	T	T
N2_N3	0.00695301263574	1	2	1	359	359	0	A	A
N3_N4	0.000422052908464	1	2	1	336	336	0	T	T
N3_N4	0.00133727081614	2	1	1	298	298	0	A	A
N3_N4	0.00257443535212	2	1	1	333	333	0	C	C
N3_N4	0.00300856586047	1	2	1	872	872	0	C	C
N3_N4	0.00328133442815	2	1	1	47	47	0	G	G
N3_N4	0.00353107018135	2	1	1	536	536	0	A	A
N3_N4	0.00438388481459	2	1	1	261	261	1	A	T
N3_N4	0.00439931675783	2	1	1	959	959	0	C	C
N3_N4	0.00526419891237	2	1	1	378	378	0	G	G
N3_N4	0.00562765421038	2	1	1	255	255	0	C	C
N3_N4	0.00617768804275	2	1	1	418	418	0	G	G
N3_N4	0.00672288569348	2	1	1	1137	1137	0	G	G
N3_N4	0.00729682521623	2	1	1	439	439	1	A	G
N3_N4	0.00768215920681	2	1	1	494	494	1	C	A
N3_N4	0.00777165602039	1	2	1	12	12	0	A	A
N3_N4	0.00807291463155	1	2	1	1145	1145	0	G	G
N3_N4	0.00862235132429	2	1	1	776	776	0	A	A
N3_N4	0.00872205847211	1	2	1	267	267	1	A	C
N3_N4	0.0087895866704	2	1	1	465	465	0	C	C
N4_Human	0.00204938009126	2	1	1	634	634	1	G	A
N4_Human	0.00209496585671	1	2	1	193	193	0	A	A
N4_Human	0.00322678952177	1	2	1	43	43	1	G	A
N4_Human	0.00361204535009	1	2	1	336	336	0	T	T
N4_Human	0.00373086195055	2	1	1	484	484	0	T	T
N4_Human	0.003898765498	1	2	1	1050	1050	1	G	T
N4_Human	0.00678382572911	1	2	1	15	15	0	C	C
N4_Human	0.00730279378947	2	1	1	1081	1081	0	C	C
N4_Human	0.00780544770456	2	1	1	408	408	1	C	T
N4_Human	0.00810419936301	1	2	1	809	809	0	A	A
N4_Human	0.00829006865474	1	2	1	873	873	1	G	C
N4_Human	0.0086219551063	2	1	1	1129	1129	1	T	C
N4_Human	0.00906910237016	1	2	1	219	219	0	A	A
N4_Human	0.0100228175308	2	1	1	398	398	1	C	A
N4_Chimp	0.000148574700103	1	2	1	58	58	0	C	C
N4_Chimp	0.00107644520016	1	2	1	417	417	0	T	T
N4_Chimp	0.00277726856766	2	1	1	484	484	0	T	T
N4_Chimp	0.00383749638931	1	2	1	398	398	1	A	C
N4_Chimp	0.00436330150249	2	1	1	1001	1001	0	A	A
N4_Chimp	0.0050037625584	1	2	1	130	130	0	G	G
N4_Chimp	0.00560342915839	2	1	1	619	619	0	A	A
N4_Chimp	0.00569664770011	2	1	1	185	185	0	G	G
N4_Chimp	0.00579780072671	1	2	1	728	728	0	T	T
N4_Chimp	0.0073542764838	2	1	1	298	298	0	A	A
N4_Chimp	0.00899520529922	2	1	1	1149	1149	0	G	G
N3_Goril	0.000123469220869	2	1	1	798	798	1	T	C
N3_Goril	0.000628585596498	1	2	1	24	24	1	A	G
N3_Goril	0.000795932553117	2	1	1	276	276	1	C	A
N3_Goril	0.000963630148274	1	2	1	383	383	1	T	A
N3_Goril	0.00293955038434	1	2	1	457	457	0	A	A
N3_Goril	0.00300795275853	2	1	1	1163	1163	0	A	A
N3_Goril	0.00379351217233	2	1	1	1067	1067	0	T	T
N3_Goril	0.00415879059087	2	1	1	757	757	1	G	A
N3_Goril	0.00500856941142	2	1	1	388	388	0	T	T
N3_Goril	0.00589850776076	2	1	1	334	334	0	T	T
N3_Goril	0.00650229282683	2	1	1	635	635	0	A	A
N3_Goril	0.00740147899488	1	2	1	294	294	1	T	A
N3_Goril	0.00839951573606	2	1	1	725	725	1	C	A
N3_Goril	0.00864360219861	1	2	1	734	734	0	T	T
N3_Goril	0.00872664727696	1	2	1	412	412	0	G	G
N3_Goril	0.00899321639005	1	2	1	76	76	1	T	G
N3_Goril	0.00909441293003	2	1	1	718	718	1	G	T
N3_Goril	0.0102544527415	1	2	1	1044	1044	0	T	T
N3_Goril	0.0111165825629	2	1	1	55	55	0	T	T
N3_Goril	0.0121262811064	2	1	1	1158	1158	0	A	A
N3_Goril	0.0144142314932	2	1	1	460	460	1	G	T
N3_Goril	0.015273572513	1	2	1	527	527	1	A	T
N3_Goril	0.0158229327987	2	1	1	225	225	0	G	G
N3_Goril	0.0168676926767	1	2	1	533	533	0	A	A
N3_Goril	0.0175736692048	1	2	1	1157	1157	0	A	A
N3_Goril	0.0196891403534	2	1	1	280	280	0	T	T
N2_Orang	0.000706062511934	2	1	1	93	93	0	G	G
N2_Orang	0.000773603004487	1	2	1	727	727	1	T	G
N2_Orang	0.00224540974278	1	2	1	910	910	0	A	A
N2_Orang	0.0023203873373	1	2	1	1087	1087	0	G	G
N2_Orang	0.00268313032884	1	2	1	1121	1121	0	C	C
N2_Orang	0.00279758946507	2	1	1	678	678	1	T	C
N2_Orang	0.00340040197375	1	2	1	1142	1142	0	T	T
N2_Orang	0.00809141040766	2	1	1	203	203	0	G	G
N2_Orang	0.00941480394613	1	2	1	717	717	1	T	A
N2_Orang	0.00976538055105	2	1	1	584	584	1	T	G
N2_Orang	0.00986321230198	2	1	1	60	60	0	T	T
N2_Orang	0.0109135777925	1	2	1	437	437	0	C	C
N2_Orang	0.0115491571069	1	2	1	1103	1103	0	T	T
N2_Orang	0.0130999822771	1	2	1	690	690	0	G	G
N2_Orang	0.0132096018942	2	1	1	215	215	0	C	C
N2_Orang	0.0145809497817	1	2	1	1058	1058	1	A	T
N2_Orang	0.0147067442324	2	1	1	17	17	0	A	A
N2_Orang	0.015951532983	2	1	1	1153	1153	0	A	A
N2_Orang	0.0178110506945	2	1	1	1162	1162	1	C	T
N1_Macaq	0.000693724641684	1	2	1	794	794	0	T	T
N1_Macaq	0.00109988092548	1	2	1	706	706	1	T	C
N1_Macaq	0.00334817278112	2	1	1	429	429	1	C	T
N1_Macaq	0.00368863439999	1	2	1	154	154	0	C	C
N1_Macaq	0.00429516204972	1	2	1	758	758	0	A	A
N1_Macaq	0.00437886645204	2	1	1	1114	1114	0	T	T
N1_Macaq	0.0045836405063	2	1	1	738	738	0	G	G
N1_Macaq	0.00482656546273	1	2	1	1131	1131	1	T	C
N1_Macaq	0.00577273409295	2	1	1	626	626	0	C	C
N1_Macaq	0.00579430762584	2	1	1	991	991	0	C	C
N1_Macaq	0.00617417198528	1	2	1	676	676	1	T	A
N1_Macaq	0.00740703991834	1	2	1	798	798	1	C	T
N1_Macaq	0.00806425764089	1	2	1	1016	1016	0	G	G
N1_Macaq	0.00812031932333	2	1	1	975	975	0	T	T
N1_Macaq	0.00950497291519	1	2	1	232	232	0	G	G
N1_Macaq	0.00965556056232	2	1	1	465	465	0	C	C
N1_Macaq	0.0109142727307	1	2	1	1012	1012	0	A	A
N1_Macaq	0.011780854586	1	2	1	982	982	0	A	A
N1_Macaq	0.0126053168411	1	2	1	566	566	0	T	T
N1_Macaq	0.013188203826	1	2	1	703	703	1	C	G
N1_Macaq	0.0138228895852	1	2	1	640	640	0	C	C
N1_Macaq	0.0155796186261	2	1	1	361	361	1	G	A
N1_Macaq	0.0159464228919	2	1	1	475	475	1	A	G
N1_Macaq	0.0162996813794	2	1	1	651	651	1	C	G
N1_Macaq	0.0163112033044	2	1	1	293	293	0	T	T
N1_Macaq	0.0167595286325	2	1	1	1188	1188	0	A	A
N1_Macaq	0.0167746034319	2	1	1	950	950	0	A	A
N1_Macaq	0.0190939166582	1	2	1	1112	1112	0	T	T
N1_Macaq	0.0210764152175	1	2	1	1193	1193	0	G	G
N1_Macaq	0.0210956681013	1	2	1	1045	1045	0	G	G
N1_Macaq	0.0214310198199	1	2	1	557	557	1	G	A
N1_Macaq	0.0223822153351	1	2	1	187	187	1	A	G
N1_Macaq	0.0231780749372	2	1	1	534	534	1	A	T
N1_Macaq	0.0244275519078	2	1	1	1073	1073	0	A	A
N1_Macaq	0.0246934706313	2	1	1	1203	1203	0	T	T
N1_Macaq	0.0261796970231	2	1	1	240	240	0	T	T
N1_Macaq	0.0261891356361	2	1	1	576	576	0	A	A
N1_Macaq	0.0264820531175	1	2	1	42	42	0	C	C
N1_Macaq	0.0268715372683	2	1	1	133	133	0	A	A
N1_Macaq	0.0269947249142	2	1	1	1215	1215	0	T	T
N1_Macaq	0.0272652059947	1	2	1	62	62	0	A	A
N1_Macaq	0.0281255851539	1	2	1	952	952	1	G	C
N1_Macaq	0.0299556103521	1	2	1	362	362	0	G	G
N1_Macaq	0.0302150069234	1	2	1	750	750	1	C	T
N1_Macaq	0.0305598710594	2	1	1	518	518	0	C	C
N1_Macaq	0.0314216541022	2	1	1	727	727	1	G	T
N1_Macaq	0.0320869571325	2	1	1	79	79	0	T	T
N1_Macaq	0.0324616704565	2	1	1	360	360	1	G	A
N1_Macaq	0.0327364419693	2	1	1	694	694	0	C	C
N1_Macaq	0.0328342243083	1	2	1	655	655	0	A	A
N1_Macaq	0.0331062766067	2	1	1	112	112	1	A	C
N1_Macaq	0.0341674042605	2	1	1	1152	1152	0	C	C
N1_Macaq	0.0342321275174	1	2	1	596	596	1	C	G
N1_Macaq	0.0351085400746	1	2	1	1186	1186	0	T	T
N1_Macaq	0.0356314737745	1	2	1	1052	1052	0	T	T
N1_Macaq	0.0373607094082	2	1	1	890	890	1	C	A
N1_Macaq	0.0385929503855	2	1	1	564	564	0	G	G
N1_Macaq	0.0416951817543	1	2	1	32	32	0	T	T
N1_Macaq	0.0418405548933	1	2	1	257	257	0	T	T
N1_Macaq	0.0434538352631	2	1	1	850	850	1	C	T
