edge	time	mut_orlg	mut_pos	old_state	new_state
N0_kluyveri	0.00074058273495	0	182	A	G
N0_kluyveri	0.00094856117056	0	368	A	G
N0_kluyveri	0.00098249638182	0	473	A	G
N0_kluyveri	0.00352633601495	0	413	T	G
N0_kluyveri	0.00366389331578	0	155	T	C
N0_kluyveri	0.00421558876898	0	74	C	T
N0_kluyveri	0.00582450007915	0	314	C	T
N0_kluyveri	0.00592127567602	0	173	C	T
N0_kluyveri	0.00688501208312	0	281	A	G
N0_kluyveri	0.00739188906344	0	245	G	A
N0_kluyveri	0.00812960315813	0	20	T	C
N0_kluyveri	0.00922043920018	0	167	T	C
N0_kluyveri	0.0100218985181	0	320	A	G
N0_kluyveri	0.0106133670908	0	431	A	G
N0_kluyveri	0.0108810781178	0	323	C	T
N0_kluyveri	0.0111466828268	0	230	T	C
N0_kluyveri	0.0113216195227	0	428	C	T
N0_kluyveri	0.0127038489739	0	467	A	G
N0_kluyveri	0.0130122768966	0	29	A	T
N0_kluyveri	0.0136349630772	0	423	C	T
N0_D1	8.0508511524e-05	0	173	C	T
D1_N1	0.000116825404516	2	56	A	G
D1_N1	0.000735689694682	1	469	A	G
D1_N1	0.00100936997356	1	482	T	C
D1_N1	0.00122984843046	1	318	T	C
D1_N1	0.00126668690103	2	464	G	A
D1_N1	0.00131821119347	2	329	A	T
D1_N1	0.00204650754926	2	374	C	T
D1_N1	0.00206192901987	1	245	G	A
D1_N1	0.00221624377733	2	104	T	A
D1_N1	0.00237784777004	2	248	T	C
D1_N1	0.0024213400968	1	7	G	A
D1_N1	0.0024275377182	1	47	G	A
D1_N1	0.00251178364158	2	29	A	G
D1_N1	0.00293117651565	2	187	A	G
D1_N1	0.0029838652483	2	440	G	A
D1_N1	0.00305816793485	1	104	T	C
D1_N1	0.0031869542916	2	200	C	T
D1_N1	0.00325808576232	1	242	A	G
D1_N1	0.00338263377953	1	138	T	C
N1_castellii	0.00039863051003	1	164	A	T
N1_castellii	0.000577688187281	1	362	A	G
N1_castellii	0.000933841599228	1	203	A	G
N1_castellii	0.00136152523962	2	17	T	C
N1_castellii	0.00143864642388	1	6	A	G
N1_castellii	0.00170426056027	2	224	G	A
N1_castellii	0.00189529488148	2	383	G	A
N1_castellii	0.00236117398891	1	266	A	G
N1_castellii	0.00290468922151	1	387	G	A
N1_castellii	0.00327080615645	2	167	T	G
N1_castellii	0.00332417765877	2	428	C	T
N1_castellii	0.00332474978973	1	314	C	T
N1_castellii	0.00377314913469	1	356	C	T
N1_castellii	0.00394621040483	1	265	A	G
N1_castellii	0.00395851797708	1	263	C	T
N1_castellii	0.00425575907492	2	317	T	C
N1_castellii	0.00426136359644	2	95	C	T
N1_castellii	0.00438163658189	2	223	G	A
N1_castellii	0.00483571569942	2	263	C	A
N1_castellii	0.004915208602	2	212	C	T
N1_castellii	0.00517810710828	2	392	A	G
N1_castellii	0.00564483041573	2	14	A	G
N1_castellii	0.00570583925776	2	20	T	C
N1_castellii	0.00584936974516	1	158	C	T
N1_castellii	0.0059233331753	1	353	C	T
N1_castellii	0.00629343752277	1	83	A	C
N1_castellii	0.00633951322593	2	455	T	A
N1_castellii	0.00634724681491	2	269	A	C
N1_castellii	0.00721480547219	2	485	T	C
N1_castellii	0.00723013576149	1	128	T	C
N1_castellii	0.00763886330412	2	489	G	A
N1_castellii	0.00764353943674	1	425	C	T
N1_castellii	0.00774112605971	2	89	G	T
N1_castellii	0.0083445444247	1	341	A	G
N1_castellii	0.00858603901256	1	128	C	T
N1_castellii	0.00901219110934	1	407	T	C
N1_castellii	0.00916049778257	1	416	C	T
N1_castellii	0.00916681260137	1	350	T	C
N1_castellii	0.00948230269298	2	20	C	T
N1_castellii	0.00948279575773	1	143	G	A
N1_castellii	0.00957392431099	2	212	T	C
N1_castellii	0.00981401106035	2	305	G	A
N1_castellii	0.00984509839825	1	236	A	G
N1_castellii	0.0101075415463	1	188	G	A
N1_castellii	0.010596382596	2	314	C	T
N1_castellii	0.0109221047368	1	386	T	C
N1_castellii	0.0110529664067	2	141	C	T
N1_castellii	0.0113653478281	1	59	C	T
N1_castellii	0.0113819545992	2	218	C	T
N1_castellii	0.0119300361295	1	275	T	C
N1_castellii	0.0119667329925	2	260	G	A
N1_castellii	0.012046680044	1	65	T	A
N1_castellii	0.0122132502599	1	149	A	G
N1_castellii	0.0126701933222	1	431	A	G
N1_castellii	0.0126777468343	1	53	A	T
N1_castellii	0.0129487972282	1	8	C	T
N1_N2	6.60768234555e-05	2	242	A	G
N1_N2	8.9189126176e-05	1	464	G	A
N1_N2	0.000190457428335	2	133	T	C
N1_N2	0.000342561178164	2	299	C	T
N1_N2	0.000777221032275	2	410	G	A
N1_N2	0.0010348603001	1	56	A	G
N1_N2	0.00122245781713	1	278	G	A
N1_N2	0.00131967074872	1	23	G	A
N1_N2	0.00136590253181	2	188	G	A
N1_N2	0.00140830571249	2	341	A	G
N1_N2	0.0014786877359	1	455	T	C
N1_N2	0.00197040896191	1	410	G	A
N1_N2	0.00281993169803	1	413	T	C
N1_N2	0.00290825651873	1	41	G	A
N1_N2	0.00325825979379	2	1	A	C
N1_N2	0.00343809826673	1	329	A	G
N1_N2	0.00344220653246	1	359	T	C
N1_N2	0.00355252217255	1	185	A	G
N1_N2	0.00373459060002	2	377	C	T
N1_N2	0.00396360356051	2	353	C	T
N1_N2	0.00447139132342	1	71	G	A
N1_N2	0.0048496549011	1	11	T	A
N1_N2	0.00533515651807	1	470	A	G
N1_N2	0.00536937743876	1	386	T	C
N1_N2	0.00639510104881	1	305	G	A
N1_N2	0.00646900232062	1	206	G	A
N1_N2	0.00665546971857	2	8	C	T
N1_N2	0.00666507948712	1	134	A	G
N1_N2	0.00681676529972	1	236	A	G
N1_N2	0.00694719873716	1	123	C	G
N1_N2	0.00728118590858	2	416	C	T
N1_N2	0.00737365428149	2	228	G	A
N1_N2	0.00750576514331	1	134	G	A
N1_N2	0.00757569193817	1	251	C	T
N1_N2	0.00769377849088	2	455	T	C
N1_N2	0.00798040535751	1	402	C	T
N1_N2	0.00802071115206	2	296	C	T
N1_N2	0.00809165682428	2	445	G	A
N1_N2	0.00845304011841	1	38	C	T
N1_N2	0.00853758919761	2	89	G	T
N1_N2	0.00872845919792	1	251	T	C
N1_N2	0.00915383322509	2	467	A	G
N1_N2	0.00918359516438	2	50	C	T
N1_N2	0.00927596156065	2	488	T	C
N1_N2	0.00927904514963	1	182	A	G
N1_N2	0.00932747019038	1	170	C	T
N1_N2	0.00932902290202	2	338	T	G
N1_N2	0.00934863167721	1	425	C	T
N1_N2	0.00942712314817	2	242	G	T
N1_N2	0.00953973828336	1	47	A	G
N1_N2	0.00987010310365	1	340	T	A
N1_N2	0.0101160119923	2	395	A	G
N1_N2	0.0101165194348	1	194	A	C
N1_N2	0.0108292839956	2	114	A	G
N1_N2	0.0109783951833	1	227	C	T
N1_N2	0.0111934183217	2	293	C	T
N1_N2	0.0112715066087	1	311	C	T
N1_N2	0.0113060351719	2	87	C	T
N1_N2	0.0116490402762	2	167	T	C
N1_N2	0.011653581656	2	189	T	C
N1_N2	0.0126772886661	1	212	C	T
N1_N2	0.0127731145153	1	353	C	T
N1_N2	0.0134204736868	2	485	T	C
N1_N2	0.0134904349313	1	218	C	T
N1_N2	0.0144687135411	1	236	G	A
N1_N2	0.014703726966	1	258	C	T
N1_N2	0.0147268482814	1	452	A	G
N1_N2	0.0147671153213	2	38	C	T
N1_N2	0.0153660111452	2	269	A	G
N2_bayanus	9.92751141235e-05	2	8	T	C
N2_bayanus	0.00022705153261	2	479	A	C
N2_bayanus	0.000480219939087	2	99	A	G
N2_bayanus	0.000498185755421	1	29	A	G
N2_bayanus	0.00054542142784	1	338	T	C
N2_bayanus	0.000642877646553	1	203	A	G
N2_bayanus	0.000698782307228	1	308	C	T
N2_bayanus	0.00104881652399	1	236	A	G
N2_bayanus	0.00124542925856	2	149	A	G
N2_bayanus	0.00153650889866	2	143	G	A
N2_bayanus	0.00176302059256	2	128	T	C
N2_bayanus	0.00194156647589	2	68	C	T
N2_bayanus	0.00220652460847	2	419	T	C
N2_N3	5.9018097638e-05	2	416	T	C
N2_N3	8.34161932883e-05	2	413	T	C
N2_N3	0.00018725676128	1	239	A	G
N2_N3	0.000200523749081	1	170	T	C
N2_N3	0.00105306474572	1	239	G	T
N2_N3	0.00127973313965	2	153	A	C
N3_kudriavzevii	0.000479438673536	1	404	G	A
N3_kudriavzevii	0.000793267726703	2	59	C	T
N3_kudriavzevii	0.000841439725238	2	137	C	T
N3_kudriavzevii	0.00180215251742	2	47	G	A
N3_kudriavzevii	0.00182221832601	1	441	G	A
N3_kudriavzevii	0.00209414340319	2	50	C	T
N3_kudriavzevii	0.00215149862507	1	260	G	A
N3_kudriavzevii	0.00238046361283	2	182	G	C
N3_kudriavzevii	0.00292405510304	2	138	C	T
N3_kudriavzevii	0.00298257322713	2	152	A	C
N3_kudriavzevii	0.00324797569959	1	476	G	A
N3_kudriavzevii	0.00334342127521	1	191	T	C
N3_kudriavzevii	0.0035930895056	1	29	A	G
N3_kudriavzevii	0.00417526683477	2	362	A	G
N3_kudriavzevii	0.00455710291246	2	374	C	G
N3_kudriavzevii	0.00472861314845	1	116	T	G
N3_kudriavzevii	0.00507060285121	2	476	G	A
N3_kudriavzevii	0.00527172279818	1	239	T	G
N3_kudriavzevii	0.00529367230054	1	131	A	C
N3_kudriavzevii	0.00572755601053	1	326	A	G
N3_kudriavzevii	0.00580677629243	2	377	C	T
N3_kudriavzevii	0.00593742106435	1	482	C	T
N3_N4	0.00024137469345	1	209	T	G
N3_N4	0.000319988669934	1	80	T	C
N3_N4	0.000327337354031	2	419	T	C
N3_N4	0.00104761507367	1	365	T	C
N3_N4	0.00108117662417	1	218	T	C
N3_N4	0.00146763729664	2	341	G	A
N3_N4	0.00159294932939	2	383	G	A
N3_N4	0.001621169734	2	28	C	T
N3_N4	0.00220197063918	1	317	T	G
N3_N4	0.00223149346654	2	53	A	C
N4_mikatae	0.000100727482878	1	113	C	A
N4_mikatae	0.000152798039049	1	77	T	C
N4_mikatae	0.000456716529973	1	371	T	C
N4_mikatae	0.000788418675841	2	167	C	T
N4_mikatae	0.000973379752319	2	38	T	C
N4_mikatae	0.00134688465012	1	249	C	T
N4_mikatae	0.00138436020434	1	71	A	T
N4_mikatae	0.00151641982358	1	332	A	T
N4_mikatae	0.00155683846511	1	131	A	G
N4_mikatae	0.00172620066792	2	50	T	C
N4_mikatae	0.00186019677358	1	296	C	T
N4_mikatae	0.00222449301802	2	284	G	A
N4_mikatae	0.00234984018697	1	50	C	T
N4_mikatae	0.00235909727607	2	338	G	A
N4_mikatae	0.00252000785867	2	349	G	A
N4_mikatae	0.00279016594444	2	344	T	C
N4_mikatae	0.00320011613582	2	332	A	C
N4_mikatae	0.00326184289271	2	455	C	T
N4_mikatae	0.0035369376299	2	398	C	T
N4_mikatae	0.00399454529636	1	74	C	T
N4_mikatae	0.00410511545934	2	380	C	T
N4_mikatae	0.00411151554921	2	416	C	T
N4_N5	2.62537134159e-05	2	188	A	G
N4_N5	0.000120553029472	1	308	C	T
N4_N5	0.000605151778009	1	437	C	T
N4_N5	0.000890285488187	2	215	A	G
N4_N5	0.00115955786933	1	206	A	G
N4_N5	0.00128213477473	2	188	G	A
N4_N5	0.00145749121493	1	68	C	T
N4_N5	0.0015619543383	2	242	T	C
N5_paradoxus	0.000238275340217	2	167	C	T
N5_paradoxus	0.000537837683412	2	356	C	T
N5_paradoxus	0.000553874402716	1	416	C	T
N5_paradoxus	0.00109067088479	2	467	G	T
N5_paradoxus	0.0012709130771	2	200	T	C
N5_paradoxus	0.00149771031249	1	296	C	T
N5_paradoxus	0.00151399317088	1	254	C	T
N5_cerevisiae	0.000159077249547	2	491	C	T
N5_cerevisiae	0.000393363996723	1	418	A	G
N5_cerevisiae	0.000682490511602	2	476	G	A
N5_cerevisiae	0.000773327994295	1	470	G	A
N5_cerevisiae	0.00112527836905	2	303	G	T
N5_cerevisiae	0.00179281038792	2	74	C	T
N5_cerevisiae	0.00183712629429	2	131	A	G
N5_cerevisiae	0.00184532547601	2	413	C	T
N5_cerevisiae	0.00186414239309	1	461	G	A
N5_cerevisiae	0.00203307552108	1	440	G	A
N5_cerevisiae	0.00231710313781	2	428	C	T
N5_cerevisiae	0.00300943351331	1	398	C	T
N5_cerevisiae	0.00312596591797	2	413	T	C
N5_cerevisiae	0.00343776179654	1	440	A	G
N5_cerevisiae	0.00348548265575	1	341	A	G
N5_cerevisiae	0.0036719897177	1	110	A	T
N5_cerevisiae	0.00370509834969	2	275	T	C
N5_cerevisiae	0.00399715947534	1	407	T	C
N5_cerevisiae	0.00408097274289	2	305	G	T
