edge	time	mut_orlg	mut_pos	old_state	new_state
N0_kluyveri	0.000793875116387	0	146	T	A
N0_kluyveri	0.000821669488397	0	32	C	T
N0_kluyveri	0.00135610403306	0	83	T	C
N0_kluyveri	0.00167196124765	0	170	C	T
N0_kluyveri	0.00307816890542	0	248	G	A
N0_kluyveri	0.0034363353378	0	80	A	G
N0_kluyveri	0.00352721164506	0	365	A	T
N0_kluyveri	0.00400796004246	0	416	G	A
N0_kluyveri	0.00421425857229	0	113	G	A
N0_kluyveri	0.00477201649381	0	179	T	C
N0_kluyveri	0.00477880057729	0	191	A	C
N0_kluyveri	0.00558611635626	0	140	G	A
N0_kluyveri	0.00577676496688	0	431	A	G
N0_kluyveri	0.00580272108973	0	62	T	C
N0_kluyveri	0.00723310196551	0	44	T	C
N0_kluyveri	0.00897548587542	0	71	C	T
N0_kluyveri	0.00908570481963	0	333	T	G
N0_kluyveri	0.00914600318385	0	416	A	T
N0_kluyveri	0.00991098101586	0	254	G	A
N0_kluyveri	0.00995477148007	0	245	G	A
N0_kluyveri	0.0105927607958	0	125	C	T
N0_kluyveri	0.0108572691521	0	263	A	G
N0_kluyveri	0.0122575065464	0	53	C	T
N0_D1	0.000395148975045	0	35	G	C
N0_D1	0.000480360217352	0	132	C	T
D1_N1	0.00012029614995	2	38	T	C
D1_N1	0.000146800987011	2	242	A	G
D1_N1	0.000298508787864	2	424	A	G
D1_N1	0.000999071509269	2	437	G	A
D1_N1	0.0011400885058	2	62	T	C
D1_N1	0.00122384600165	1	197	T	C
D1_N1	0.00153646445104	1	77	T	C
D1_N1	0.00153749642696	2	287	T	C
D1_N1	0.00167484023025	1	65	T	C
D1_N1	0.00174198299594	2	317	A	G
D1_N1	0.00179812517468	2	440	T	C
D1_N1	0.00193135018381	1	410	G	T
D1_N1	0.00202533309296	1	41	T	C
D1_N1	0.0022764096565	2	140	G	A
D1_N1	0.00231056425955	1	464	C	T
D1_N1	0.00313973845479	2	479	A	G
N1_castellii	0.000549187806092	1	374	T	C
N1_castellii	0.000813396518532	1	248	G	A
N1_castellii	0.00122902651678	1	281	T	C
N1_castellii	0.00131363399017	2	54	T	C
N1_castellii	0.00132072194927	2	365	A	G
N1_castellii	0.00150811019639	2	20	T	A
N1_castellii	0.00163145574327	2	47	C	T
N1_castellii	0.00175631966002	2	266	C	T
N1_castellii	0.00199660887134	2	239	A	G
N1_castellii	0.00234498423353	1	257	T	C
N1_castellii	0.00260340468306	2	353	C	T
N1_castellii	0.00262996507664	1	38	T	C
N1_castellii	0.00286275141156	1	275	A	G
N1_castellii	0.00291283827692	1	278	T	C
N1_castellii	0.00355795532121	2	166	C	G
N1_castellii	0.00368047451256	1	32	C	T
N1_castellii	0.00395802305984	1	386	T	C
N1_castellii	0.00411371667124	1	38	C	T
N1_castellii	0.00426787451309	2	350	A	G
N1_castellii	0.00442181814809	2	50	G	A
N1_castellii	0.00474787720655	1	353	C	T
N1_castellii	0.00503793336252	1	50	G	A
N1_castellii	0.00517471399636	1	350	A	G
N1_castellii	0.00520039925854	2	428	T	C
N1_castellii	0.0057056468947	1	152	C	T
N1_castellii	0.00593889168504	1	224	A	G
N1_castellii	0.00608120419642	2	278	T	G
N1_castellii	0.00611354111951	2	131	A	T
N1_castellii	0.00621216207041	2	470	G	A
N1_castellii	0.00627257595971	2	5	A	G
N1_castellii	0.00636750231148	1	401	G	A
N1_castellii	0.00666101070277	1	471	A	G
N1_castellii	0.00666312440651	1	281	C	T
N1_castellii	0.00681060528554	1	98	A	G
N1_castellii	0.00706292539572	1	368	T	C
N1_castellii	0.00715529809419	1	284	T	G
N1_castellii	0.00735139556771	1	47	C	T
N1_castellii	0.00758654951191	2	470	A	C
N1_castellii	0.00818374706704	2	158	A	T
N1_castellii	0.00824985482049	1	224	G	A
N1_castellii	0.00831170105833	2	251	T	C
N1_castellii	0.00831267865612	2	407	C	T
N1_castellii	0.00852167189673	2	482	G	A
N1_castellii	0.00863403375294	2	455	T	C
N1_castellii	0.00869777201007	2	209	G	A
N1_castellii	0.00878142413455	1	71	C	T
N1_castellii	0.00878773511634	2	326	G	A
N1_castellii	0.00959364910553	2	107	T	C
N1_castellii	0.00970040336386	1	320	A	G
N1_castellii	0.00973662188722	2	461	A	G
N1_castellii	0.00977515312105	1	467	C	T
N1_castellii	0.00984329334509	1	398	T	C
N1_castellii	0.0100116748864	2	182	T	C
N1_castellii	0.0103589233585	2	272	G	A
N1_castellii	0.0114508706221	2	203	C	T
N1_castellii	0.0117982870454	2	122	G	A
N1_castellii	0.0119065568086	1	439	T	C
N1_castellii	0.0120094168953	2	262	C	T
N1_castellii	0.0121942419455	1	470	G	A
N1_castellii	0.0126173920738	1	128	T	C
N1_castellii	0.0126594569403	1	230	T	C
N1_castellii	0.0127202469294	1	395	T	C
N1_N2	1.99652842502e-05	1	332	G	A
N1_N2	0.000986203069126	2	167	C	T
N1_N2	0.00103372683837	2	450	G	A
N1_N2	0.00117549668248	1	149	A	G
N1_N2	0.00145790031869	1	89	A	T
N1_N2	0.00154136162788	2	410	G	A
N1_N2	0.0023664941032	1	380	C	T
N1_N2	0.00254689715707	1	53	C	T
N1_N2	0.00259130512983	2	146	T	C
N1_N2	0.00267119801669	2	76	T	C
N1_N2	0.00340537554979	2	11	A	G
N1_N2	0.00340637320102	1	167	C	G
N1_N2	0.00344582632622	2	414	C	T
N1_N2	0.00344729031652	1	452	A	G
N1_N2	0.0036776280714	2	101	G	C
N1_N2	0.00379677054864	2	260	T	A
N1_N2	0.00436647405796	2	197	T	C
N1_N2	0.00455351190118	1	485	T	A
N1_N2	0.00485472268129	2	71	C	T
N1_N2	0.00502465251745	1	203	C	T
N1_N2	0.00512405623816	2	176	T	C
N1_N2	0.00514862709034	2	401	G	A
N1_N2	0.00517292423296	2	311	T	C
N1_N2	0.00565705753783	2	8	G	A
N1_N2	0.00585469008318	1	65	C	T
N1_N2	0.00636621697881	2	371	C	T
N1_N2	0.00650669973662	1	200	G	A
N1_N2	0.00658983112975	1	5	A	G
N1_N2	0.00664804365252	2	452	A	T
N1_N2	0.00674551832998	2	308	T	C
N1_N2	0.00709025642723	1	35	C	T
N1_N2	0.00710626237045	1	363	A	T
N1_N2	0.00712977553965	2	120	C	T
N1_N2	0.00752116979441	1	20	T	C
N1_N2	0.00825121969297	1	209	G	A
N1_N2	0.0082997785392	2	110	G	A
N1_N2	0.00837494464875	2	104	C	T
N1_N2	0.00846763469782	1	2	A	G
N1_N2	0.00887307594335	1	389	T	A
N1_N2	0.00915293174408	1	153	C	A
N1_N2	0.0097826999975	1	239	A	T
N1_N2	0.00982764113899	2	203	C	T
N1_N2	0.0100980835258	1	401	G	A
N1_N2	0.0101063426758	1	32	C	T
N1_N2	0.0101066792721	1	280	C	T
N1_N2	0.0104352354253	1	350	A	G
N1_N2	0.0107129401815	2	194	C	T
N1_N2	0.0107160051635	1	8	G	A
N1_N2	0.0107628821726	2	165	A	G
N1_N2	0.0111414578816	2	137	T	C
N1_N2	0.0111475797689	1	94	C	T
N1_N2	0.0116872580593	1	140	G	A
N1_N2	0.0117695575652	2	128	T	C
N1_N2	0.0119212004596	2	77	T	C
N1_N2	0.0119755830039	1	425	A	G
N1_N2	0.011991229609	1	311	T	C
N1_N2	0.0122518123232	1	86	C	T
N1_N2	0.0123483159336	1	224	A	G
N1_N2	0.0126437855903	1	302	G	A
N1_N2	0.0128190578782	1	425	G	A
N1_N2	0.0128714735903	1	383	C	T
N1_N2	0.0130141745449	1	391	C	T
N1_N2	0.0131885928421	1	227	A	G
N1_N2	0.0132125516123	1	281	T	C
N1_N2	0.0132412235046	1	68	T	C
N1_N2	0.0132710723488	1	362	T	C
N1_N2	0.0137297483185	2	86	C	T
N1_N2	0.0149662306867	1	380	T	G
N1_N2	0.0155896034635	1	77	C	T
N1_N2	0.0156238890361	1	338	C	T
N2_bayanus	0.000693514827227	1	197	C	T
N2_bayanus	0.000752013767537	2	248	G	T
N2_bayanus	0.000759710770045	2	195	T	C
N2_bayanus	0.000766882974283	2	491	A	G
N2_bayanus	0.000839699194218	2	321	C	T
N2_bayanus	0.000958718939409	1	275	A	G
N2_bayanus	0.00116453732868	1	199	G	A
N2_bayanus	0.00132865578736	2	323	A	G
N2_bayanus	0.00138720254714	1	260	T	C
N2_bayanus	0.00140967917854	1	474	C	T
N2_bayanus	0.0018811963871	1	140	A	C
N2_bayanus	0.002216478252	1	44	T	C
N2_N3	5.9103393429e-05	2	101	C	T
N2_N3	7.3583835368e-05	2	304	C	T
N2_N3	0.000243176059914	2	305	T	C
N2_N3	0.000603393659364	2	110	A	G
N2_N3	0.00119487683001	2	266	C	T
N2_N3	0.00120955205861	1	347	G	T
N2_N3	0.00127645409389	1	242	A	G
N2_N3	0.00148813714537	1	227	G	A
N3_kudriavzevii	2.32496080448e-05	2	134	C	T
N3_kudriavzevii	0.000125010165427	1	162	C	T
N3_kudriavzevii	0.000519372427116	1	350	G	A
N3_kudriavzevii	0.000896054293739	1	341	C	T
N3_kudriavzevii	0.00109665696365	1	128	T	C
N3_kudriavzevii	0.0013747302543	1	158	A	G
N3_kudriavzevii	0.00149064269567	1	48	G	A
N3_kudriavzevii	0.00185807838243	2	202	A	G
N3_kudriavzevii	0.00195032973138	2	395	T	C
N3_kudriavzevii	0.00215375368737	2	227	A	G
N3_kudriavzevii	0.00287053015883	1	164	T	C
N3_kudriavzevii	0.00335306060536	1	128	C	T
N3_kudriavzevii	0.00359380371261	1	388	T	C
N3_kudriavzevii	0.00364574971948	2	374	T	C
N3_kudriavzevii	0.00370802365568	1	356	A	T
N3_kudriavzevii	0.00375031443335	1	380	G	A
N3_kudriavzevii	0.00429723518378	2	366	G	A
N3_kudriavzevii	0.0046487405044	1	449	A	G
N3_kudriavzevii	0.00469175225237	2	77	C	T
N3_kudriavzevii	0.00486116877559	2	389	T	C
N3_kudriavzevii	0.00534475789342	2	5	A	G
N3_kudriavzevii	0.00560812624497	2	50	G	A
N3_kudriavzevii	0.00572787910072	2	29	A	G
N3_kudriavzevii	0.00590173899956	1	5	G	A
N3_kudriavzevii	0.00591803189921	1	77	T	C
N3_N4	3.66127630423e-05	1	176	T	C
N3_N4	0.00017814454681	1	245	G	A
N3_N4	0.000212056840642	2	317	G	A
N3_N4	0.000543953589095	1	272	G	A
N3_N4	0.000618729009198	1	116	A	C
N3_N4	0.000763699111167	1	74	T	C
N3_N4	0.00106210439284	2	213	C	T
N3_N4	0.00165782949352	2	467	C	T
N3_N4	0.00167310166534	2	491	A	G
N3_N4	0.00168728409793	1	377	A	G
N3_N4	0.00188287719298	2	246	C	T
N4_mikatae	0.000126283379201	2	140	A	G
N4_mikatae	0.00042958295613	2	443	A	G
N4_mikatae	0.000674661643667	2	411	G	C
N4_mikatae	0.000858163169158	2	299	C	T
N4_mikatae	0.00114533723593	1	104	C	T
N4_mikatae	0.00196238911146	1	308	T	C
N4_mikatae	0.0021282293311	1	173	C	T
N4_mikatae	0.00251259265564	2	242	G	A
N4_mikatae	0.00254613406675	2	359	T	C
N4_mikatae	0.00275662731799	2	65	T	C
N4_mikatae	0.00366570369917	1	212	C	T
N4_N5	3.98690521887e-05	2	314	T	C
N4_N5	0.000490430277681	2	32	C	T
N4_N5	0.000653941962838	1	409	C	T
N4_N5	0.000959944676161	2	32	T	C
N4_N5	0.00113222390314	2	419	A	G
N4_N5	0.00119528281776	2	473	C	T
N4_N5	0.00123321442975	1	59	T	C
N4_N5	0.00133834817774	1	170	C	T
N4_N5	0.00149852904465	1	389	A	G
N4_N5	0.00150341430201	1	380	G	A
N4_N5	0.00157658335204	1	350	G	A
N5_paradoxus	0.00050765041542	2	374	T	C
N5_paradoxus	0.00120633460876	1	269	C	T
N5_cerevisiae	0.000183900257527	1	377	G	A
N5_cerevisiae	0.000440515380482	1	416	G	A
N5_cerevisiae	0.000489342604716	2	28	A	T
N5_cerevisiae	0.000561057888153	2	422	T	C
N5_cerevisiae	0.00105788748895	1	116	C	T
N5_cerevisiae	0.00110383511596	1	257	T	A
N5_cerevisiae	0.00120730443242	2	209	G	A
N5_cerevisiae	0.00131541321991	1	341	C	T
N5_cerevisiae	0.0015371375754	2	281	T	C
N5_cerevisiae	0.00164297363549	1	413	T	A
N5_cerevisiae	0.00168214132636	1	410	T	C
N5_cerevisiae	0.00181906119243	1	395	T	C
N5_cerevisiae	0.00195518401977	1	425	A	G
N5_cerevisiae	0.00197775463333	2	194	T	A
N5_cerevisiae	0.00198564380256	1	32	T	C
N5_cerevisiae	0.0023227884808	2	113	G	A
N5_cerevisiae	0.00286737122235	2	23	C	T
N5_cerevisiae	0.00364170072631	2	113	A	T
N5_cerevisiae	0.00373082730478	2	296	G	A
N5_cerevisiae	0.00375471889937	1	35	T	C
N5_cerevisiae	0.003846589386	1	4	C	T
N5_cerevisiae	0.003950261457	2	464	C	T
