edge	time	orlg_from	orlg_to	tract_length	start_pos	stop_pos	num_diff	template_seq	overide_seq
D1_N1	0.000950505896256	1	2	1	143	143	0	G	G
D1_N1	0.00355701743228	2	1	1	86	86	0	A	A
D1_N1	0.00724049105551	2	1	1	360	360	0	A	A
D1_N1	0.00769552586854	1	2	1	356	356	0	A	A
D1_N1	0.00788086921717	2	1	1	175	175	0	C	C
D1_N1	0.00832817972793	2	1	1	725	725	0	C	C
D1_N1	0.0106624532605	1	2	1	602	602	0	A	A
D1_N1	0.0121728723704	2	1	1	192	192	0	C	C
D1_N1	0.0154631814613	2	1	1	487	487	0	T	T
D1_N1	0.0185818298917	1	2	1	710	710	0	A	A
D1_N1	0.0198830967924	1	2	1	187	187	0	T	T
D1_N1	0.0209341918343	1	2	1	394	394	0	C	C
D1_N1	0.0214442200838	1	2	1	385	385	1	C	T
D1_N1	0.0222445524334	1	2	1	98	98	0	G	G
D1_N1	0.0223988942913	1	2	1	359	359	0	T	T
D1_N1	0.0262968196527	1	2	1	225	225	0	C	C
D1_N1	0.0264513501254	2	1	1	354	354	0	T	T
D1_N1	0.0310993370459	1	2	1	326	326	1	G	A
D1_N1	0.0321680559827	2	1	1	100	100	0	T	T
D1_N1	0.0348285542684	2	1	1	102	102	0	A	A
D1_N1	0.0354767802992	1	2	1	46	46	0	A	A
D1_N1	0.037361629975	1	2	1	423	423	0	A	A
D1_N1	0.0387377461846	2	1	1	328	328	1	T	A
D1_N1	0.0418913789079	1	2	1	287	287	0	C	C
D1_N1	0.0419695647808	2	1	1	621	621	0	G	G
D1_N1	0.0430603908896	2	1	1	477	477	0	C	C
D1_N1	0.0444110771236	2	1	1	346	346	0	C	C
D1_N1	0.0451625165315	1	2	1	358	358	0	T	T
D1_N1	0.0460634452093	1	2	1	226	226	0	T	T
D1_N1	0.0462433785737	2	1	1	685	685	0	A	A
D1_N1	0.0471800180007	2	1	1	581	581	0	A	A
D1_N1	0.0472719429098	2	1	1	507	507	0	T	T
D1_N1	0.0473661602384	1	2	1	108	108	1	C	A
D1_N1	0.0477937971879	2	1	1	93	93	0	A	A
D1_N1	0.0495394886916	1	2	1	283	283	0	A	A
D1_N1	0.0520103073612	1	2	1	594	594	0	T	T
D1_N1	0.0539553473657	2	1	1	167	167	0	G	G
D1_N1	0.0557191771423	1	2	1	723	723	0	T	T
D1_N1	0.0573669006433	1	2	1	512	512	0	C	C
D1_N1	0.059975951153	1	2	1	18	18	0	C	C
D1_N1	0.0623108237064	1	2	1	463	463	0	T	T
D1_N1	0.0623328780949	2	1	1	422	422	0	C	C
D1_N1	0.0624879946163	1	2	1	91	91	0	A	A
D1_N1	0.0634851819816	2	1	1	268	268	0	A	A
D1_N1	0.0649140549636	1	2	1	760	760	0	C	C
D1_N1	0.065225933273	2	1	1	79	79	1	A	T
D1_N1	0.0659639835692	1	2	1	6	6	0	G	G
D1_N1	0.0673117904389	2	1	1	747	747	0	C	C
D1_N1	0.0673567944129	1	2	1	148	148	0	T	T
D1_N1	0.0690739949276	2	1	1	443	443	0	T	T
D1_N1	0.0718829007574	1	2	1	542	542	0	T	T
D1_N1	0.0719703980794	2	1	1	320	320	0	A	A
D1_N1	0.0739040490884	2	1	1	708	708	0	T	T
D1_N1	0.0740947260164	1	2	1	490	490	0	A	A
D1_N1	0.0777188974786	2	1	1	505	505	0	G	G
D1_N1	0.0787828397947	2	1	1	629	629	0	A	A
D1_N1	0.0811267021202	1	2	1	544	544	1	C	G
D1_N1	0.0812410494666	1	2	1	439	439	0	T	T
D1_N1	0.0830764786033	2	1	1	634	634	0	A	A
D1_N1	0.0857184270043	1	2	1	109	109	0	T	T
D1_N1	0.0868571025499	1	2	1	462	462	0	A	A
D1_N1	0.0868646675477	2	1	1	447	447	0	A	A
D1_N1	0.0871048937257	2	1	1	63	63	0	T	T
D1_N1	0.0878003455322	2	1	1	479	479	0	C	C
D1_N1	0.0882647996048	2	1	1	758	758	1	T	A
D1_N1	0.0908647399188	2	1	1	591	591	0	A	A
D1_N1	0.0918214929769	1	2	1	275	275	1	T	A
D1_N1	0.0930806658708	2	1	1	518	518	0	A	A
D1_N1	0.0931017740292	2	1	1	503	503	0	G	G
D1_N1	0.0941859930804	1	2	1	333	333	0	T	T
D1_N1	0.0954140059268	1	2	1	218	218	0	T	T
D1_N1	0.0955002326259	2	1	1	413	413	1	C	T
D1_N1	0.0963454668781	1	2	1	253	253	0	C	C
D1_N1	0.0973454026356	2	1	1	305	305	0	T	T
D1_N1	0.0978941862083	2	1	1	715	715	0	G	G
D1_N1	0.0979645505949	2	1	1	418	418	0	A	A
D1_N1	0.100863591271	1	2	1	161	161	0	G	G
D1_N1	0.101410542252	2	1	1	544	544	0	C	C
D1_N1	0.104449824544	2	1	1	187	187	0	T	T
D1_N1	0.104521774937	2	1	1	27	27	0	A	A
D1_N1	0.104889213812	1	2	1	443	443	0	T	T
D1_N1	0.106608116442	1	2	1	675	675	0	G	G
D1_N1	0.107612380207	2	1	1	527	527	0	C	C
D1_N1	0.110346988771	2	1	1	602	602	0	A	A
D1_N1	0.110959908942	2	1	1	175	175	0	C	C
D1_N1	0.111599437326	2	1	1	513	513	0	G	G
D1_N1	0.115334904667	2	1	1	28	28	1	C	A
D1_N1	0.118005948627	1	2	1	620	620	0	T	T
D1_N1	0.122043625602	2	1	1	168	168	1	G	C
D1_N1	0.123624979499	1	2	1	391	391	0	A	A
D1_N1	0.124338718872	2	1	1	587	587	0	T	T
D1_N1	0.125775354564	2	1	1	637	637	0	G	G
D1_N1	0.126013519229	1	2	1	358	358	0	T	T
D1_N1	0.133025573177	2	1	1	628	628	0	A	A
D1_N1	0.135190917009	1	2	1	152	152	0	G	G
D1_N1	0.135247289538	1	2	1	66	66	0	T	T
D1_N1	0.135758290066	1	2	1	416	416	0	C	C
D1_N1	0.137155696105	1	2	1	706	706	1	C	T
D1_N1	0.138400744931	1	2	1	731	731	0	A	A
D1_N1	0.141274701009	2	1	1	428	428	0	T	T
D1_N1	0.141697761856	1	2	1	643	643	0	C	C
D1_N1	0.142394882529	2	1	1	739	739	0	T	T
D1_N1	0.142624547087	2	1	1	497	497	1	A	T
D1_N1	0.142699770489	2	1	1	396	396	0	A	A
D1_N1	0.14525975238	1	2	1	399	399	0	G	G
D1_N1	0.145770159951	1	2	1	171	171	0	T	T
D1_N1	0.145842394721	2	1	1	481	481	0	G	G
D1_N1	0.146639617085	2	1	1	326	326	0	G	G
D1_N1	0.148107388239	1	2	1	437	437	1	G	T
D1_N1	0.152689856664	2	1	1	743	743	1	G	A
D1_N1	0.153834463438	2	1	1	619	619	1	C	T
D1_N1	0.158345463825	1	2	1	562	562	0	G	G
D1_N1	0.160564867381	1	2	1	501	501	0	T	T
D1_N1	0.16235659255	1	2	1	127	127	0	T	T
D1_N1	0.162621857507	1	2	1	193	193	0	C	C
D1_N1	0.162993460164	2	1	1	30	30	0	C	C
D1_N1	0.164751450754	2	1	1	426	426	0	G	G
D1_N1	0.166295525474	1	2	1	428	428	0	T	T
D1_N1	0.167157600022	2	1	1	670	670	1	A	G
D1_N1	0.167308772936	2	1	1	696	696	0	G	G
D1_N1	0.168042202793	1	2	1	176	176	0	G	G
D1_N1	0.169268397175	1	2	1	565	565	0	A	A
D1_N1	0.169660379069	2	1	1	571	571	0	A	A
D1_N1	0.171439634953	2	1	1	667	667	0	T	T
D1_N1	0.173418584197	1	2	1	287	287	0	C	C
D1_N1	0.175235440117	2	1	1	365	365	0	A	A
D1_N1	0.177279541735	1	2	1	318	318	0	T	T
D1_N1	0.178778698988	1	2	1	70	70	1	A	T
D1_N1	0.179223464316	2	1	1	526	526	0	A	A
D1_N1	0.18334940013	1	2	1	69	69	0	A	A
D1_N1	0.188132164895	1	2	1	628	628	0	A	A
D1_N1	0.18822908473	1	2	1	632	632	0	G	G
D1_N1	0.191585503339	2	1	1	466	466	0	G	G
D1_N1	0.193263173919	2	1	1	422	422	0	C	C
D1_N1	0.193288802082	1	2	1	185	185	0	G	G
D1_N1	0.19559238573	1	2	1	699	699	0	A	A
D1_N1	0.196049599391	1	2	1	7	7	0	G	G
D1_N1	0.19689086419	1	2	1	122	122	0	G	G
D1_N1	0.197526557612	2	1	1	41	41	0	A	A
D1_N1	0.199338461674	2	1	1	671	671	0	G	G
D1_N1	0.200166023731	2	1	1	431	431	0	A	A
D1_N1	0.200731911948	2	1	1	238	238	0	T	T
D1_N1	0.201344721091	1	2	1	583	583	1	T	C
D1_N1	0.204433596476	2	1	1	132	132	0	G	G
D1_N1	0.205247821012	2	1	1	66	66	0	T	T
D1_N1	0.207479214162	2	1	1	493	493	1	G	T
D1_N1	0.209841946404	1	2	1	666	666	0	C	C
D1_N1	0.212358200104	2	1	1	80	80	1	A	T
D1_N1	0.215782381492	2	1	1	714	714	0	G	G
D1_N1	0.218268078317	1	2	1	645	645	1	G	A
D1_N1	0.218889541623	1	2	1	536	536	1	T	A
D1_N1	0.219202103595	1	2	1	145	145	1	T	A
D1_N1	0.22073580095	2	1	1	646	646	0	G	G
D1_N1	0.221208902749	2	1	1	180	180	0	T	T
D1_N1	0.222289129545	2	1	1	490	490	1	G	A
D1_N1	0.223765061274	1	2	1	552	552	0	T	T
D1_N1	0.223897226156	1	2	1	434	434	1	C	A
D1_N1	0.224549015494	1	2	1	37	37	0	T	T
D1_N1	0.225244391956	2	1	1	671	671	0	G	G
D1_N1	0.226367124429	1	2	1	227	227	1	G	A
D1_N1	0.229193919677	2	1	1	737	737	0	C	C
D1_N1	0.233092401605	1	2	1	280	280	0	A	A
N1_N2	0.00481958093007	1	2	1	751	751	1	A	G
N1_N2	0.00909375597985	2	1	1	292	292	0	T	T
N1_N2	0.00959470315618	1	2	1	274	274	0	G	G
N1_N2	0.0103749141693	1	2	1	334	334	0	C	C
N1_N2	0.01066100648	1	2	1	752	752	0	G	G
N1_N2	0.01118701994	2	1	1	166	166	0	C	C
N1_N2	0.012474917137	1	2	1	86	86	0	A	A
N1_N2	0.0154872162745	1	2	1	577	577	0	C	C
N2_N3	0.000626284224479	1	2	1	15	15	0	C	C
N2_N3	0.00221282978867	1	2	1	489	489	0	G	G
N2_N3	0.00313360101086	1	2	1	459	459	1	C	T
N2_N3	0.00331999747788	2	1	1	98	98	1	A	G
N2_N3	0.00609433085848	1	2	1	376	376	1	C	T
N3_N4	0.00169549633448	2	1	1	133	133	0	A	A
N3_N4	0.00255245331476	2	1	1	164	164	0	G	G
N3_N4	0.00337696386219	2	1	1	731	731	0	A	A
N3_N4	0.00807460839889	2	1	1	346	346	1	T	G
N3_N4	0.00888689721023	1	2	1	454	454	1	A	C
N4_Human	0.000475898785011	2	1	1	427	427	1	A	G
N4_Human	0.000585731957258	1	2	1	229	229	0	A	A
N4_Human	0.00248954489396	2	1	1	347	347	0	G	G
N4_Human	0.00259105440574	2	1	1	492	492	0	G	G
N4_Human	0.00316870504216	2	1	1	82	82	0	C	C
N4_Human	0.00420784762367	1	2	1	520	520	1	T	G
N4_Human	0.0046101581904	2	1	1	5	5	1	T	A
N4_Human	0.00601641761424	2	1	1	1	1	0	T	T
N4_Human	0.00695064664985	2	1	1	433	433	1	G	C
N4_Human	0.00723259679025	1	2	1	491	491	1	C	T
N4_Human	0.00769540644661	2	1	1	359	359	0	T	T
N4_Human	0.0092888887801	2	1	1	85	85	0	T	T
N4_Chimp	0.00420979690542	1	2	1	393	393	0	A	A
N4_Chimp	0.00445334299689	2	1	1	713	713	1	A	G
N4_Chimp	0.00844253929471	2	1	1	661	661	1	G	A
N4_Chimp	0.0101771349024	2	1	1	65	65	0	T	T
N4_Chimp	0.0111249350134	1	2	1	687	687	1	T	C
N4_Chimp	0.01116442196	2	1	1	627	627	1	C	G
N3_Goril	0.00173541532978	2	1	1	402	402	0	A	A
N3_Goril	0.00206495195442	1	2	1	116	116	0	A	A
N3_Goril	0.00385848939509	2	1	1	217	217	0	T	T
N3_Goril	0.0146635702113	2	1	1	649	649	0	C	C
N3_Goril	0.0155386733247	2	1	1	552	552	0	T	T
N3_Goril	0.0170161420042	2	1	1	756	756	1	C	A
N3_Goril	0.0173752662846	1	2	1	487	487	1	T	C
N3_Goril	0.0175113110634	1	2	1	697	697	1	T	A
N3_Goril	0.0197829435474	1	2	1	172	172	1	A	C
N2_Orang	0.000326928009256	1	2	1	421	421	0	A	A
N2_Orang	0.00249470958013	1	2	1	507	507	0	T	T
N2_Orang	0.0036976720255	2	1	1	495	495	1	T	G
N2_Orang	0.00590245817457	2	1	1	487	487	1	C	T
N2_Orang	0.00860598361368	2	1	1	276	276	1	A	C
N2_Orang	0.00919264536814	2	1	1	627	627	1	C	G
N2_Orang	0.00969590288596	1	2	1	423	423	1	A	T
N2_Orang	0.0108592904911	2	1	1	720	720	1	A	G
N2_Orang	0.0144441358563	1	2	1	113	113	0	T	T
N2_Orang	0.018097907751	1	2	1	678	678	0	C	C
N1_Macaq	0.00276904895466	2	1	1	53	53	1	G	A
N1_Macaq	0.00564646553746	1	2	1	295	295	0	A	A
N1_Macaq	0.00913437269386	2	1	1	737	737	0	C	C
N1_Macaq	0.0101581404473	1	2	1	3	3	1	T	G
N1_Macaq	0.0117894833055	2	1	1	673	673	1	G	A
N1_Macaq	0.0140592345873	1	2	1	67	67	0	C	C
N1_Macaq	0.017065219825	1	2	1	734	734	0	T	T
N1_Macaq	0.0173622928699	1	2	1	431	431	0	A	A
N1_Macaq	0.0191875595743	1	2	1	663	663	0	G	G
N1_Macaq	0.0218739753678	2	1	1	112	112	0	G	G
N1_Macaq	0.0242667765688	2	1	1	298	298	0	T	T
N1_Macaq	0.0291749100474	2	1	1	474	474	0	T	T
N1_Macaq	0.0292556143951	1	2	1	283	283	0	A	A
N1_Macaq	0.0293225972879	1	2	1	537	537	1	T	C
N1_Macaq	0.030428793801	2	1	1	183	183	0	T	T
N1_Macaq	0.0326962258301	2	1	1	124	124	0	T	T
N1_Macaq	0.0349992300443	1	2	1	338	338	0	G	G
N1_Macaq	0.038758707995	2	1	1	731	731	0	A	A
N1_Macaq	0.039398919744	1	2	1	409	409	1	C	T
N1_Macaq	0.0409199089657	1	2	1	606	606	1	A	T
N1_Macaq	0.0413054791627	2	1	1	187	187	0	T	T
N1_Macaq	0.0419905173496	2	1	1	497	497	0	A	A
N1_Macaq	0.0436378922504	1	2	1	669	669	0	G	G
