edge	time	orlg_from	orlg_to	tract_length	start_pos	stop_pos	num_diff	template_seq	overide_seq
D1_N1	0.000932868958154	1	2	1	875	875	0	A	A
D1_N1	0.00211750754274	1	2	1	56	56	0	A	A
D1_N1	0.00325955757793	1	2	1	689	689	0	T	T
D1_N1	0.00326729848878	2	1	1	637	637	0	C	C
D1_N1	0.00456012379545	1	2	1	200	200	0	G	G
D1_N1	0.00464067713724	1	2	1	1095	1095	0	G	G
D1_N1	0.00528563297763	1	2	1	67	67	0	G	G
D1_N1	0.00542546439535	1	2	1	1104	1104	0	T	T
D1_N1	0.00623126767585	2	1	1	768	768	0	A	A
D1_N1	0.00688374698009	2	1	1	824	824	0	A	A
D1_N1	0.00716023785446	2	1	1	485	485	0	T	T
D1_N1	0.00870313256716	2	1	1	69	69	0	G	G
D1_N1	0.00996321871861	2	1	1	147	147	0	A	A
D1_N1	0.0106345992372	1	2	1	487	487	0	C	C
D1_N1	0.0106523534394	2	1	1	709	709	0	C	C
D1_N1	0.0126152721352	2	1	1	1179	1179	0	T	T
D1_N1	0.0142245403669	2	1	1	561	561	0	T	T
D1_N1	0.0144543408245	2	1	1	256	256	0	T	T
D1_N1	0.0164458117576	1	2	1	477	477	0	G	G
D1_N1	0.0170145289704	1	2	1	601	601	0	G	G
D1_N1	0.017290063543	2	1	1	820	820	0	G	G
D1_N1	0.0175310463618	2	1	1	1095	1095	0	G	G
D1_N1	0.0183579193496	2	1	1	28	28	0	A	A
D1_N1	0.0184208000268	1	2	1	638	638	0	A	A
D1_N1	0.0187652929495	2	1	1	861	861	0	C	C
D1_N1	0.019552561574	1	2	1	1223	1223	0	T	T
D1_N1	0.0198362630388	1	2	1	1008	1008	0	A	A
D1_N1	0.019847032756	1	2	1	176	176	0	G	G
D1_N1	0.0205741267602	2	1	1	390	390	0	T	T
D1_N1	0.0210692789639	1	2	1	925	925	0	A	A
D1_N1	0.0219622761725	2	1	1	260	260	0	T	T
D1_N1	0.0221602934204	2	1	1	15	15	0	C	C
D1_N1	0.0241191054631	1	2	1	984	984	0	G	G
D1_N1	0.0249943799645	1	2	1	958	958	0	C	C
D1_N1	0.0267013958306	1	2	1	289	289	0	A	A
D1_N1	0.0275536546473	2	1	1	1191	1191	0	A	A
D1_N1	0.0282658491084	1	2	1	723	723	0	T	T
D1_N1	0.0291053249809	2	1	1	420	420	0	T	T
D1_N1	0.0291611138274	1	2	1	539	539	0	C	C
D1_N1	0.029514148249	2	1	1	1029	1029	0	A	A
D1_N1	0.0305209160601	1	2	1	62	62	0	A	A
D1_N1	0.0308020778781	2	1	1	1158	1158	0	A	A
D1_N1	0.0313804897213	2	1	1	336	336	0	C	C
D1_N1	0.0330442435068	2	1	1	366	366	0	A	A
D1_N1	0.0340470274378	1	2	1	1010	1010	0	C	C
D1_N1	0.0346415736851	2	1	1	212	212	0	G	G
D1_N1	0.0354056724659	1	2	1	912	912	0	T	T
D1_N1	0.0380718154767	2	1	1	502	502	0	A	A
D1_N1	0.0384388158604	1	2	1	65	65	0	C	C
D1_N1	0.0397343803731	1	2	1	300	300	0	C	C
D1_N1	0.0412983140579	2	1	1	914	914	0	G	G
D1_N1	0.0413192444842	1	2	1	1213	1213	0	G	G
D1_N1	0.0419586574609	2	1	1	548	548	0	G	G
D1_N1	0.0420020612736	2	1	1	1018	1018	0	A	A
D1_N1	0.0422083571567	1	2	1	1172	1172	0	A	A
D1_N1	0.0423596266875	1	2	1	23	23	0	A	A
D1_N1	0.0431293227386	1	2	1	365	365	0	G	G
D1_N1	0.0440318901222	1	2	1	355	355	0	T	T
D1_N1	0.0441799089277	1	2	1	259	259	0	T	T
D1_N1	0.0443925981858	1	2	1	850	850	0	A	A
D1_N1	0.0445428003643	2	1	1	701	701	0	G	G
D1_N1	0.0476858866292	2	1	1	513	513	0	T	T
D1_N1	0.0480224165927	1	2	1	95	95	1	A	T
D1_N1	0.0484092727534	2	1	1	876	876	0	G	G
D1_N1	0.0490994782139	2	1	1	337	337	0	T	T
D1_N1	0.0491612000329	2	1	1	1235	1235	0	G	G
D1_N1	0.0499354218989	1	2	1	383	383	0	A	A
D1_N1	0.0502308474255	2	1	1	582	582	0	T	T
D1_N1	0.0513624074148	2	1	1	144	144	0	C	C
D1_N1	0.0529808905066	2	1	1	509	509	1	T	C
D1_N1	0.0537319327296	1	2	1	140	140	0	G	G
D1_N1	0.0551932408453	1	2	1	393	393	0	A	A
D1_N1	0.0569800008098	2	1	1	410	410	0	G	G
D1_N1	0.0575367113646	1	2	1	721	721	0	T	T
D1_N1	0.0578972266802	2	1	1	741	741	0	T	T
D1_N1	0.0597077407263	2	1	1	455	455	1	A	C
D1_N1	0.0606803772895	1	2	1	290	290	0	A	A
D1_N1	0.0610004335645	2	1	1	440	440	0	T	T
D1_N1	0.0612814746727	2	1	1	512	512	0	G	G
D1_N1	0.0617280535567	2	1	1	66	66	0	A	A
D1_N1	0.0619993958479	2	1	1	1207	1207	0	G	G
D1_N1	0.0651162082801	1	2	1	385	385	0	A	A
D1_N1	0.0652098739421	2	1	1	395	395	0	A	A
D1_N1	0.0665769987572	2	1	1	838	838	0	T	T
D1_N1	0.0678356297889	2	1	1	866	866	0	C	C
D1_N1	0.0681705719267	2	1	1	273	273	1	G	A
D1_N1	0.0687861899332	2	1	1	898	898	0	T	T
D1_N1	0.0691973901237	2	1	1	691	691	0	G	G
D1_N1	0.0696058120888	1	2	1	74	74	0	G	G
D1_N1	0.0705215578775	2	1	1	1132	1132	0	T	T
D1_N1	0.0709470182335	2	1	1	934	934	0	C	C
D1_N1	0.0712489359927	2	1	1	1081	1081	0	G	G
D1_N1	0.0730883251125	1	2	1	726	726	1	G	A
D1_N1	0.0747463801366	2	1	1	100	100	0	A	A
D1_N1	0.0749804383697	2	1	1	314	314	0	G	G
D1_N1	0.0761930229896	1	2	1	400	400	0	A	A
D1_N1	0.0797316350265	2	1	1	308	308	1	G	A
D1_N1	0.0847299134524	2	1	1	464	464	0	C	C
D1_N1	0.0849023848697	1	2	1	108	108	0	T	T
D1_N1	0.0854696673563	2	1	1	623	623	0	C	C
D1_N1	0.0866454947101	2	1	1	1011	1011	0	T	T
D1_N1	0.086778055798	1	2	1	554	554	0	A	A
D1_N1	0.0885249361837	1	2	1	732	732	0	C	C
D1_N1	0.0886039591826	1	2	1	732	732	0	C	C
D1_N1	0.0891921201233	1	2	1	104	104	0	C	C
D1_N1	0.0906589244161	2	1	1	1209	1209	0	C	C
D1_N1	0.0924120579682	2	1	1	641	641	1	C	T
D1_N1	0.0924827717214	2	1	1	241	241	1	T	C
D1_N1	0.092801111991	2	1	1	182	182	1	T	A
D1_N1	0.0934513935741	2	1	1	448	448	0	A	A
D1_N1	0.0942750257696	2	1	1	168	168	0	T	T
D1_N1	0.0953262531337	1	2	1	38	38	0	G	G
D1_N1	0.0976040737083	2	1	1	237	237	0	A	A
D1_N1	0.0983674530056	2	1	1	922	922	0	G	G
D1_N1	0.0987492681193	1	2	1	551	551	0	G	G
D1_N1	0.0993264652956	2	1	1	1038	1038	0	T	T
D1_N1	0.0996244580074	1	2	1	651	651	1	T	G
D1_N1	0.0999583550306	2	1	1	813	813	0	G	G
D1_N1	0.10170169102	1	2	1	751	751	1	T	C
D1_N1	0.101999444726	1	2	1	772	772	1	T	A
D1_N1	0.102080525543	1	2	1	142	142	0	A	A
D1_N1	0.103718391462	2	1	1	481	481	0	A	A
D1_N1	0.105135458324	1	2	1	1129	1129	0	C	C
D1_N1	0.109478549521	1	2	1	499	499	1	A	G
D1_N1	0.11040661994	1	2	1	960	960	0	A	A
D1_N1	0.111179318108	1	2	1	648	648	0	G	G
D1_N1	0.117445972345	1	2	1	679	679	0	A	A
D1_N1	0.118471038788	2	1	1	295	295	0	A	A
D1_N1	0.118509834686	2	1	1	887	887	0	A	A
D1_N1	0.11988248747	1	2	1	733	733	1	T	A
D1_N1	0.121421803229	2	1	1	1018	1018	0	A	A
D1_N1	0.121894621882	1	2	1	130	130	0	C	C
D1_N1	0.124814638889	2	1	1	813	813	0	G	G
D1_N1	0.12567993993	1	2	1	672	672	0	A	A
D1_N1	0.126880319921	1	2	1	1192	1192	0	G	G
D1_N1	0.128515942789	2	1	1	787	787	0	T	T
D1_N1	0.13014117344	1	2	1	188	188	0	C	C
D1_N1	0.1304915193	1	2	1	184	184	1	C	T
D1_N1	0.130940515691	1	2	1	250	250	0	T	T
D1_N1	0.131487139846	2	1	1	416	416	0	G	G
D1_N1	0.133109333283	2	1	1	1030	1030	0	G	G
D1_N1	0.133328875221	1	2	1	403	403	1	G	T
D1_N1	0.133977944536	1	2	1	380	380	0	C	C
D1_N1	0.137121260639	1	2	1	1235	1235	0	G	G
D1_N1	0.138868395946	1	2	1	1230	1230	0	C	C
D1_N1	0.140361659334	2	1	1	390	390	0	T	T
D1_N1	0.140874011109	2	1	1	896	896	0	T	T
D1_N1	0.140891567805	1	2	1	989	989	1	T	C
D1_N1	0.14099110323	2	1	1	482	482	0	A	A
D1_N1	0.141284436716	1	2	1	140	140	0	G	G
D1_N1	0.142910584149	2	1	1	840	840	1	C	G
D1_N1	0.142912581336	1	2	1	24	24	0	T	T
D1_N1	0.144621359552	2	1	1	396	396	1	T	A
D1_N1	0.145189167281	1	2	1	1056	1056	0	T	T
D1_N1	0.145256049095	1	2	1	389	389	0	A	A
D1_N1	0.145441323676	2	1	1	495	495	0	A	A
D1_N1	0.145509032253	2	1	1	501	501	1	T	A
D1_N1	0.145539228317	2	1	1	609	609	0	G	G
D1_N1	0.145668642958	2	1	1	1074	1074	0	G	G
D1_N1	0.146082443267	1	2	1	855	855	1	T	A
D1_N1	0.146161629844	1	2	1	384	384	0	A	A
D1_N1	0.148358657539	1	2	1	671	671	0	C	C
D1_N1	0.150647611147	2	1	1	1173	1173	0	A	A
D1_N1	0.151046078344	2	1	1	389	389	0	A	A
D1_N1	0.151109477406	1	2	1	2	2	0	T	T
D1_N1	0.153201118486	1	2	1	75	75	0	A	A
D1_N1	0.158058493653	1	2	1	268	268	1	A	C
D1_N1	0.158990244258	1	2	1	288	288	0	T	T
D1_N1	0.15902197987	2	1	1	610	610	1	C	A
D1_N1	0.16078774611	2	1	1	1054	1054	0	A	A
D1_N1	0.161483664567	2	1	1	1043	1043	1	T	A
D1_N1	0.163889615602	1	2	1	607	607	0	A	A
D1_N1	0.16438992645	1	2	1	16	16	1	G	A
D1_N1	0.164606232092	1	2	1	601	601	1	A	T
D1_N1	0.164782079684	1	2	1	423	423	1	T	A
D1_N1	0.165637300131	2	1	1	679	679	0	A	A
D1_N1	0.165752035403	1	2	1	328	328	0	C	C
D1_N1	0.170005394535	2	1	1	906	906	0	G	G
D1_N1	0.170482422132	1	2	1	404	404	0	T	T
D1_N1	0.170860304742	1	2	1	920	920	0	A	A
D1_N1	0.171836397615	2	1	1	1210	1210	0	T	T
D1_N1	0.17281048244	1	2	1	726	726	1	T	G
D1_N1	0.172929446866	2	1	1	381	381	0	A	A
D1_N1	0.175363746218	2	1	1	401	401	0	A	A
D1_N1	0.175799418588	2	1	1	205	205	0	T	T
D1_N1	0.176883770604	1	2	1	176	176	0	G	G
D1_N1	0.177437365272	1	2	1	375	375	0	A	A
D1_N1	0.178712982043	1	2	1	594	594	0	A	A
D1_N1	0.179892832334	2	1	1	1220	1220	1	C	A
D1_N1	0.180893029264	2	1	1	204	204	0	A	A
D1_N1	0.182061723927	2	1	1	605	605	0	G	G
D1_N1	0.183892427259	1	2	1	1068	1068	1	A	T
D1_N1	0.184432398631	1	2	1	247	247	0	T	T
D1_N1	0.185083976222	1	2	1	565	565	1	A	G
D1_N1	0.185992097568	1	2	1	456	456	0	A	A
D1_N1	0.186840325355	2	1	1	1210	1210	0	T	T
D1_N1	0.186841878772	1	2	1	130	130	0	C	C
D1_N1	0.187687984234	2	1	1	335	335	1	T	A
D1_N1	0.19052227577	2	1	1	214	214	1	C	T
D1_N1	0.192086836816	1	2	1	541	541	1	T	A
D1_N1	0.19244177405	1	2	1	183	183	1	G	T
D1_N1	0.193897168733	2	1	1	940	940	0	A	A
D1_N1	0.194862051049	1	2	1	570	570	0	C	C
D1_N1	0.195475282084	2	1	1	719	719	0	G	G
D1_N1	0.197444582795	2	1	1	368	368	1	G	T
D1_N1	0.199389580661	2	1	1	15	15	0	C	C
D1_N1	0.199727982127	2	1	1	640	640	0	T	T
D1_N1	0.200072344555	2	1	1	810	810	1	G	A
D1_N1	0.200378638838	2	1	1	139	139	0	T	T
D1_N1	0.200446981181	2	1	1	435	435	0	T	T
D1_N1	0.200977245087	1	2	1	174	174	0	G	G
D1_N1	0.201263730133	1	2	1	509	509	0	T	T
D1_N1	0.201573867393	1	2	1	333	333	1	G	A
D1_N1	0.202290105253	2	1	1	284	284	1	T	C
D1_N1	0.204585414162	1	2	1	750	750	1	C	G
D1_N1	0.205122495203	1	2	1	961	961	1	A	G
D1_N1	0.205491676367	2	1	1	95	95	1	T	A
D1_N1	0.205623670617	2	1	1	1122	1122	0	A	A
D1_N1	0.206594355896	2	1	1	751	751	0	T	T
D1_N1	0.208188875177	2	1	1	501	501	0	T	T
D1_N1	0.208308467144	2	1	1	191	191	0	G	G
D1_N1	0.208637636505	1	2	1	1107	1107	1	T	G
D1_N1	0.209484945662	2	1	1	575	575	1	A	T
D1_N1	0.210929137242	1	2	1	164	164	0	T	T
D1_N1	0.210951312023	2	1	1	970	970	0	G	G
D1_N1	0.21299796787	2	1	1	915	915	1	T	C
D1_N1	0.214002250831	1	2	1	448	448	1	G	A
D1_N1	0.214938905152	2	1	1	1159	1159	0	C	C
D1_N1	0.217195225236	1	2	1	220	220	1	A	G
D1_N1	0.217202655638	2	1	1	1084	1084	0	G	G
D1_N1	0.218976706048	1	2	1	876	876	0	G	G
D1_N1	0.21933853979	1	2	1	564	564	1	T	A
D1_N1	0.220018624344	2	1	1	329	329	0	T	T
D1_N1	0.220331942246	1	2	1	146	146	1	G	T
D1_N1	0.225095793297	1	2	1	1047	1047	1	C	G
D1_N1	0.225098959697	2	1	1	1068	1068	0	A	A
D1_N1	0.225694205668	1	2	1	93	93	0	T	T
D1_N1	0.226409724008	2	1	1	878	878	0	A	A
D1_N1	0.227852036813	2	1	1	1200	1200	1	T	A
D1_N1	0.229243543077	2	1	1	126	126	0	C	C
D1_N1	0.231093543812	2	1	1	507	507	0	A	A
D1_N1	0.231647817307	1	2	1	237	237	1	C	A
D1_N1	0.233564326646	2	1	1	45	45	0	C	C
D1_N1	0.233607853823	2	1	1	1190	1190	0	A	A
N1_N2	6.60570294441e-05	1	2	1	1104	1104	1	C	T
N1_N2	0.000629237845423	1	2	1	935	935	0	C	C
N1_N2	0.000734190580982	1	2	1	631	631	0	T	T
N1_N2	0.00076417703327	1	2	1	43	43	0	T	T
N1_N2	0.000994896937612	1	2	1	486	486	0	A	A
N1_N2	0.00133523941017	2	1	1	221	221	0	A	A
N1_N2	0.00154980157676	1	2	1	582	582	1	T	C
N1_N2	0.00214653245179	1	2	1	253	253	0	T	T
N1_N2	0.0046883392878	1	2	1	491	491	0	A	A
N1_N2	0.00616815907573	1	2	1	257	257	1	T	C
N1_N2	0.00655106922348	1	2	1	26	26	1	C	T
N1_N2	0.00807969809222	1	2	1	314	314	0	G	G
N1_N2	0.00835682595724	2	1	1	1222	1222	1	G	A
N1_N2	0.00870777304026	2	1	1	415	415	0	A	A
N1_N2	0.00896654417808	2	1	1	987	987	0	T	T
N1_N2	0.0105160100633	1	2	1	62	62	0	A	A
N1_N2	0.0105301628545	2	1	1	847	847	1	A	T
N1_N2	0.0125527233705	2	1	1	586	586	1	A	C
N1_N2	0.0130917972054	1	2	1	110	110	0	T	T
N1_N2	0.0135581797151	1	2	1	17	17	1	T	C
N1_N2	0.0140478855938	2	1	1	418	418	1	A	T
N1_N2	0.0143250900695	2	1	1	382	382	0	A	A
N1_N2	0.0154711504201	1	2	1	887	887	0	A	A
N2_N3	0.00128531189181	1	2	1	658	658	0	A	A
N2_N3	0.00222779873248	2	1	1	605	605	0	G	G
N2_N3	0.00234868355068	2	1	1	1039	1039	0	C	C
N2_N3	0.00408698749315	2	1	1	572	572	0	A	A
N2_N3	0.00453123722956	2	1	1	310	310	0	C	C
N2_N3	0.0061674513095	2	1	1	870	870	1	A	T
N2_N3	0.00683653774063	1	2	1	379	379	0	T	T
N2_N3	0.00702562232506	2	1	1	362	362	1	C	G
N3_N4	0.000111807818817	2	1	1	413	413	0	C	C
N3_N4	0.000116743806265	1	2	1	1231	1231	1	G	A
N3_N4	0.00111165975604	2	1	1	454	454	0	G	G
N3_N4	0.00127548440568	2	1	1	656	656	0	G	G
N3_N4	0.00162528423019	2	1	1	869	869	0	T	T
N3_N4	0.00181888873225	2	1	1	533	533	0	T	T
N3_N4	0.00552161699823	2	1	1	14	14	0	T	T
N3_N4	0.00573871864677	2	1	1	998	998	0	T	T
N3_N4	0.00817236673343	2	1	1	926	926	0	G	G
N4_Human	0.000868878907401	2	1	1	722	722	0	T	T
N4_Human	0.00211252055703	2	1	1	257	257	0	T	T
N4_Human	0.00603973839483	1	2	1	1103	1103	1	T	C
N4_Human	0.00728173193625	2	1	1	957	957	0	T	T
N4_Human	0.00995580716686	1	2	1	106	106	0	A	A
N4_Human	0.0100891775817	1	2	1	878	878	0	A	A
N4_Chimp	0.00117023863232	2	1	1	621	621	0	A	A
N4_Chimp	0.00283279914574	2	1	1	470	470	0	A	A
N4_Chimp	0.00397623247507	1	2	1	1015	1015	0	C	C
N4_Chimp	0.00530602726832	2	1	1	202	202	0	A	A
N4_Chimp	0.00533978382699	1	2	1	703	703	0	T	T
N4_Chimp	0.00569759241203	2	1	1	644	644	1	A	G
N4_Chimp	0.00786052045727	1	2	1	1149	1149	0	G	G
N4_Chimp	0.00898505163981	1	2	1	244	244	0	G	G
N4_Chimp	0.00998967843483	2	1	1	687	687	1	T	C
N3_Goril	0.00423508083714	2	1	1	136	136	1	C	T
N3_Goril	0.00458209116471	1	2	1	199	199	0	C	C
N3_Goril	0.00530298618622	1	2	1	1218	1218	0	A	A
N3_Goril	0.00557416269431	1	2	1	757	757	0	T	T
N3_Goril	0.00706186848141	2	1	1	4	4	0	C	C
N3_Goril	0.0073615621578	2	1	1	954	954	0	T	T
N3_Goril	0.0098908556882	1	2	1	1208	1208	0	C	C
N3_Goril	0.0110892964251	1	2	1	1073	1073	0	C	C
N3_Goril	0.011101098684	2	1	1	601	601	0	A	A
N3_Goril	0.0113742974625	2	1	1	989	989	1	T	A
N3_Goril	0.0144676968935	2	1	1	382	382	0	A	A
N3_Goril	0.0151556851697	1	2	1	1008	1008	1	A	T
N3_Goril	0.0158434791846	2	1	1	642	642	1	G	T
N3_Goril	0.0167822636292	1	2	1	598	598	1	G	A
N3_Goril	0.0169931836101	2	1	1	1226	1226	1	G	T
N3_Goril	0.0182489670722	1	2	1	188	188	0	C	C
N3_Goril	0.0183737133502	1	2	1	223	223	0	T	T
N2_Orang	0.00223266448831	1	2	1	60	60	0	T	T
N2_Orang	0.00307746817652	1	2	1	673	673	0	A	A
N2_Orang	0.00346195441385	2	1	1	433	433	0	C	C
N2_Orang	0.0034762513032	2	1	1	896	896	0	T	T
N2_Orang	0.00349146714286	1	2	1	252	252	0	G	G
N2_Orang	0.00446832201074	2	1	1	409	409	0	T	T
N2_Orang	0.00663520468548	2	1	1	245	245	0	A	A
N2_Orang	0.00722055317439	2	1	1	460	460	0	G	G
N2_Orang	0.00728518486068	2	1	1	432	432	0	G	G
N2_Orang	0.00935111509381	1	2	1	181	181	0	C	C
N2_Orang	0.0139597412905	1	2	1	146	146	0	G	G
N2_Orang	0.0140420773336	1	2	1	88	88	0	T	T
N2_Orang	0.0141404994945	1	2	1	521	521	0	A	A
N2_Orang	0.0143682775597	1	2	1	332	332	0	C	C
N2_Orang	0.016061867456	2	1	1	56	56	1	G	A
N2_Orang	0.0170189540914	1	2	1	168	168	0	T	T
N2_Orang	0.0177811672317	1	2	1	683	683	0	G	G
N1_Macaq	0.00031568896686	1	2	1	448	448	0	G	G
N1_Macaq	0.000391904682396	2	1	1	382	382	0	A	A
N1_Macaq	0.00051766957888	1	2	1	817	817	0	C	C
N1_Macaq	0.00126420323129	2	1	1	436	436	1	G	A
N1_Macaq	0.00219472140645	2	1	1	810	810	0	G	G
N1_Macaq	0.00256979488069	1	2	1	698	698	0	G	G
N1_Macaq	0.00334928366528	2	1	1	823	823	0	A	A
N1_Macaq	0.00339095665119	2	1	1	328	328	1	T	C
N1_Macaq	0.00426881883279	1	2	1	1031	1031	0	G	G
N1_Macaq	0.00495237852165	2	1	1	212	212	1	G	A
N1_Macaq	0.00533590039747	2	1	1	626	626	0	T	T
N1_Macaq	0.00855658719742	1	2	1	1140	1140	0	T	T
N1_Macaq	0.00858703276811	2	1	1	210	210	0	A	A
N1_Macaq	0.0101017702035	2	1	1	1098	1098	0	A	A
N1_Macaq	0.0111660737203	2	1	1	546	546	0	T	T
N1_Macaq	0.0114777458705	1	2	1	459	459	0	C	C
N1_Macaq	0.0120480287912	1	2	1	467	467	0	T	T
N1_Macaq	0.0128080307205	1	2	1	842	842	1	A	T
N1_Macaq	0.0147502445866	1	2	1	715	715	0	C	C
N1_Macaq	0.0154725362409	2	1	1	976	976	0	T	T
N1_Macaq	0.0170237212476	1	2	1	100	100	1	G	A
N1_Macaq	0.0170656144197	2	1	1	361	361	0	G	G
N1_Macaq	0.0177329836308	2	1	1	656	656	0	G	G
N1_Macaq	0.0182347505427	2	1	1	690	690	0	A	A
N1_Macaq	0.0191648005775	2	1	1	1155	1155	1	T	C
N1_Macaq	0.0202133661237	2	1	1	113	113	0	G	G
N1_Macaq	0.0203690013076	2	1	1	1062	1062	0	T	T
N1_Macaq	0.020610149933	2	1	1	1207	1207	1	G	T
N1_Macaq	0.0258558428379	2	1	1	485	485	0	T	T
N1_Macaq	0.0262371327775	1	2	1	231	231	1	C	T
N1_Macaq	0.0282847327371	2	1	1	388	388	0	T	T
N1_Macaq	0.0297187845594	2	1	1	1125	1125	1	T	A
N1_Macaq	0.0300047314516	1	2	1	268	268	0	A	A
N1_Macaq	0.0300285342751	2	1	1	802	802	1	C	T
N1_Macaq	0.0324691243458	2	1	1	444	444	0	G	G
N1_Macaq	0.0330335417506	2	1	1	288	288	0	T	T
N1_Macaq	0.033634044722	1	2	1	323	323	0	A	A
N1_Macaq	0.0346111988975	1	2	1	1204	1204	0	T	T
N1_Macaq	0.0352791093705	1	2	1	219	219	1	T	G
N1_Macaq	0.0353478749221	1	2	1	985	985	0	A	A
N1_Macaq	0.0365207437895	2	1	1	1210	1210	0	T	T
N1_Macaq	0.0389617365169	1	2	1	235	235	0	C	C
N1_Macaq	0.0393843867269	1	2	1	1048	1048	0	A	A
N1_Macaq	0.039409960438	2	1	1	215	215	0	T	T
N1_Macaq	0.0395469075221	1	2	1	491	491	0	A	A
N1_Macaq	0.0401862279496	2	1	1	951	951	0	A	A
N1_Macaq	0.0402801496339	1	2	1	556	556	0	A	A
N1_Macaq	0.0405111343673	1	2	1	123	123	1	G	T
N1_Macaq	0.0406265737053	2	1	1	831	831	1	T	C
N1_Macaq	0.0415778882414	2	1	1	314	314	0	G	G
N1_Macaq	0.0423116568815	1	2	1	447	447	0	A	A
N1_Macaq	0.0427228141839	2	1	1	1088	1088	0	T	T
N1_Macaq	0.0427977841937	1	2	1	1223	1223	0	T	T
N1_Macaq	0.0437589093802	1	2	1	78	78	0	A	A
N1_Macaq	0.0438200479096	1	2	1	1227	1227	0	A	A
