edge	time	mut_orlg	mut_pos	old_state	new_state
N0_kluyveri	0.000793872387821	0	146	T	A
N0_kluyveri	0.000821666665758	0	32	C	T
N0_kluyveri	0.00135609939214	0	83	T	C
N0_kluyveri	0.00167195553768	0	170	C	T
N0_kluyveri	0.00307815841115	0	248	G	A
N0_kluyveri	0.00343632365318	0	80	A	G
N0_kluyveri	0.00352719965126	0	365	A	T
N0_kluyveri	0.00400794638778	0	416	G	A
N0_kluyveri	0.00421424422113	0	113	G	A
N0_kluyveri	0.00477200030366	0	179	T	C
N0_kluyveri	0.00477878436489	0	191	A	C
N0_kluyveri	0.00558609746793	0	140	G	A
N0_kluyveri	0.00577674546168	0	431	A	G
N0_kluyveri	0.00580270149849	0	62	T	C
N0_kluyveri	0.00723307765824	0	44	T	C
N0_kluyveri	0.00897545585392	0	71	C	T
N0_kluyveri	0.00908567443473	0	333	T	G
N0_kluyveri	0.00914597260002	0	416	A	T
N0_kluyveri	0.00991094786817	0	254	G	A
N0_kluyveri	0.00995473818906	0	245	G	A
N0_kluyveri	0.0105927254671	0	125	C	T
N0_kluyveri	0.010857232974	0	263	A	G
N0_kluyveri	0.0122574657612	0	53	C	T
N0_D1	0.000395147616909	0	35	G	C
N0_D1	0.000480358570072	0	132	C	T
D1_N1	0.0001029232065	2	38	T	C
D1_N1	0.000125602522755	2	242	A	G
D1_N1	0.000255431698187	2	424	A	G
D1_N1	0.000854966199221	2	437	G	A
D1_N1	0.000975630570514	2	62	T	C
D1_N1	0.00104730668559	1	197	T	C
D1_N1	0.00131485887105	1	77	T	C
D1_N1	0.00131574216758	2	287	T	C
D1_N1	0.00143331014636	1	65	T	C
D1_N1	0.00149079086226	2	317	A	G
D1_N1	0.00153886055966	2	440	T	C
D1_N1	0.00165294087526	1	410	G	T
D1_N1	0.00199206810889	1	278	T	C
D1_N1	0.00202787039312	1	380	C	T
D1_N1	0.00250684257767	2	227	A	G
D1_N1	0.00257855942657	2	80	A	G
D1_N1	0.00279569927378	2	56	T	C
D1_N1	0.00287016006558	2	348	C	A
D1_N1	0.00323953645876	1	405	G	A
D1_N1	0.00339626292905	1	408	T	C
N1_castellii	0.000109378235636	1	131	A	G
N1_castellii	0.000178921458744	2	29	A	G
N1_castellii	0.000195923273688	1	65	C	T
N1_castellii	0.000284446595018	2	245	G	A
N1_castellii	0.000695321417499	1	221	A	G
N1_castellii	0.000992312600772	1	83	T	C
N1_castellii	0.00128530643546	1	116	A	G
N1_castellii	0.00129940515317	2	68	T	C
N1_castellii	0.00148833679359	2	248	G	A
N1_castellii	0.00157685689763	2	206	A	G
N1_castellii	0.0015868533935	1	437	G	A
N1_castellii	0.00167468207466	1	104	C	T
N1_castellii	0.00222233336449	2	380	C	T
N1_castellii	0.0022557797165	2	128	T	C
N1_castellii	0.0023074523294	1	452	A	C
N1_castellii	0.00352964165571	1	344	A	T
N1_castellii	0.00372544611634	2	266	C	T
N1_castellii	0.00382476357212	2	287	C	T
N1_castellii	0.0039377239068	1	260	T	C
N1_castellii	0.00396042867618	2	56	C	T
N1_castellii	0.00437189226846	2	455	T	C
N1_castellii	0.00456328002966	1	64	C	T
N1_castellii	0.00470615766268	2	11	A	G
N1_castellii	0.00548548102109	1	422	T	A
N1_castellii	0.00554493316846	2	254	G	T
N1_castellii	0.00560722865606	1	221	G	A
N1_castellii	0.00566020928502	2	245	A	G
N1_castellii	0.00566104664063	2	404	C	T
N1_castellii	0.00584004101172	2	482	G	A
N1_castellii	0.00593626141923	2	455	C	T
N1_castellii	0.00599091266057	2	203	C	T
N1_castellii	0.00606261304384	1	71	C	T
N1_castellii	0.00634585056998	2	216	C	T
N1_castellii	0.00639501904171	1	269	C	A
N1_castellii	0.00783066661403	2	269	C	T
N1_castellii	0.00785219260168	2	461	A	G
N1_castellii	0.0078852802478	1	467	C	T
N1_castellii	0.00810856536147	1	176	T	C
N1_castellii	0.00819059207039	1	248	G	T
N1_castellii	0.0082344827414	2	248	A	G
N1_castellii	0.00863196583147	1	191	A	G
N1_castellii	0.0086336208942	2	26	T	C
N1_castellii	0.00884612294388	2	365	A	G
N1_castellii	0.00896604782089	1	383	C	T
N1_castellii	0.00906658735724	2	278	T	C
N1_castellii	0.00936610544599	1	323	A	G
N1_castellii	0.00959288526126	1	375	T	C
N1_castellii	0.0098476014588	2	65	T	C
N1_castellii	0.0106588712237	2	79	T	C
N1_castellii	0.0109463552007	1	55	G	A
N1_castellii	0.010984129748	2	143	A	G
N1_castellii	0.0110520805288	2	75	T	C
N1_castellii	0.0116765042577	2	14	A	G
N1_castellii	0.0116773528881	1	167	C	G
N1_castellii	0.0117109124946	2	413	T	C
N1_castellii	0.0117121569925	1	455	T	C
N1_castellii	0.0121113290866	1	26	T	C
N1_castellii	0.0121289997383	1	389	T	C
N1_castellii	0.0125485582502	1	20	T	C
N1_castellii	0.0129000710538	2	347	G	A
N1_N2	4.7067049058e-05	1	341	C	T
N1_N2	0.000273138966186	1	98	A	G
N1_N2	0.000751288235742	1	98	G	A
N1_N2	0.00109172894325	2	368	T	C
N1_N2	0.00123176594632	2	71	C	T
N1_N2	0.00124531795982	2	380	C	T
N1_N2	0.00166548283314	1	446	A	G
N1_N2	0.0017114259132	1	293	A	G
N1_N2	0.00171243799787	1	215	G	A
N1_N2	0.0025091885681	2	407	C	A
N1_N2	0.00265659434507	1	8	G	A
N1_N2	0.00329413795861	2	485	T	C
N1_N2	0.00374426188431	2	478	A	C
N1_N2	0.00435092179932	2	109	G	A
N1_N2	0.00441496053247	2	104	C	T
N1_N2	0.00449392094874	1	2	A	G
N1_N2	0.00483935521085	1	389	T	A
N1_N2	0.00507777955252	1	158	A	C
N1_N2	0.00561380056835	1	242	A	T
N1_N2	0.00565205365427	2	200	G	A
N1_N2	0.00588227707456	1	401	G	A
N1_N2	0.0059076410687	2	395	T	C
N1_N2	0.00658694904656	2	269	C	T
N1_N2	0.00701678585328	2	231	A	C
N1_N2	0.00774738389401	1	89	A	G
N1_N2	0.00781687006899	2	14	A	G
N1_N2	0.00807269402389	1	254	G	A
N1_N2	0.00887554172424	2	428	T	C
N1_N2	0.00923804706327	2	266	C	T
N1_N2	0.00933079970297	1	254	A	G
N1_N2	0.00958498951734	1	314	T	C
N1_N2	0.00992768387043	1	488	A	C
N1_N2	0.0099820943315	2	225	A	G
N1_N2	0.0105009240817	2	170	C	T
N1_N2	0.0107495631564	1	437	G	A
N1_N2	0.0109803909207	2	254	G	A
N1_N2	0.0110767888164	1	309	G	A
N1_N2	0.0113140087635	1	197	C	T
N1_N2	0.0114261322013	2	476	T	C
N1_N2	0.0117156415134	1	239	A	G
N1_N2	0.0118428034101	2	41	T	C
N1_N2	0.0118833465249	2	320	A	G
N1_N2	0.0119490237142	2	365	A	G
N1_N2	0.0125878708718	1	332	G	T
N1_N2	0.0130777441713	2	473	C	T
N1_N2	0.0133691458311	1	347	G	A
N1_N2	0.0136409136315	2	413	T	C
N1_N2	0.014230021756	1	197	T	C
N1_N2	0.0142796504867	2	248	G	T
N1_N2	0.0142861797745	2	194	C	T
N1_N2	0.0142922678113	2	491	A	G
N1_N2	0.0143540858558	2	323	A	G
N1_N2	0.0145045084527	2	35	C	T
N1_N2	0.0150768383754	1	146	T	C
N1_N2	0.0151359651847	2	62	C	G
N1_N2	0.0152126356688	1	470	G	A
N1_N2	0.0153560508547	1	2	G	A
N1_N2	0.0154990106192	2	87	C	T
N1_N2	0.0155492187039	2	101	G	C
N1_N2	0.0155615105826	2	308	T	C
N1_N2	0.0157053818349	2	310	A	G
N2_bayanus	0.000118145674816	1	196	T	C
N2_bayanus	0.000124448243801	1	482	G	A
N2_bayanus	0.000180354290896	2	455	T	C
N2_bayanus	0.00025154686204	1	321	C	T
N2_bayanus	0.000417110451822	2	203	C	T
N2_bayanus	0.000436856137176	2	134	C	T
N2_bayanus	0.000523271479541	1	161	A	G
N2_bayanus	0.000857874181911	1	347	A	G
N2_bayanus	0.00117691302348	1	338	C	T
N2_bayanus	0.00134679980238	1	128	T	C
N2_bayanus	0.00161533916004	1	371	C	T
N2_bayanus	0.00186387481911	1	367	T	C
N2_bayanus	0.00228145772692	2	447	A	G
N2_bayanus	0.00231816366874	2	368	C	T
N2_N3	3.28927825642e-05	1	74	T	C
N2_N3	0.000166603362937	1	239	G	A
N2_N3	0.000681437473725	2	113	G	A
N3_kudriavzevii	0.00019211239252	1	164	T	C
N3_kudriavzevii	0.000716619962543	2	50	G	A
N3_kudriavzevii	0.000818607604484	2	28	A	G
N3_kudriavzevii	0.000966810747644	1	8	A	G
N3_kudriavzevii	0.00101177299396	1	173	C	T
N3_kudriavzevii	0.00113214070007	1	242	T	C
N3_kudriavzevii	0.00116093755003	2	320	G	A
N3_kudriavzevii	0.00144272935811	1	272	G	A
N3_kudriavzevii	0.00150620712883	1	116	A	C
N3_kudriavzevii	0.00162929302374	1	74	C	T
N3_kudriavzevii	0.00188297587711	2	215	G	A
N3_kudriavzevii	0.00238979918937	2	467	C	T
N3_kudriavzevii	0.00240279091098	2	491	G	A
N3_kudriavzevii	0.00241487692348	1	375	T	C
N3_kudriavzevii	0.00258170814172	2	248	T	C
N3_kudriavzevii	0.00303694427547	1	413	T	C
N3_kudriavzevii	0.00305859524494	1	122	G	T
N3_kudriavzevii	0.00314718743201	2	467	T	C
N3_kudriavzevii	0.00363147531576	1	323	A	G
N3_kudriavzevii	0.00385248046794	2	487	A	G
N3_kudriavzevii	0.00433012419268	2	140	G	A
N3_kudriavzevii	0.00435241411566	2	464	C	T
N3_kudriavzevii	0.0044275480327	2	8	G	A
N3_kudriavzevii	0.00446643552996	2	303	A	G
N3_kudriavzevii	0.0047399970196	1	128	T	C
N3_kudriavzevii	0.00514479160826	2	89	A	G
N3_kudriavzevii	0.00531193966726	2	473	T	C
N3_kudriavzevii	0.00536072525956	2	476	C	T
N3_kudriavzevii	0.00591947105854	2	206	A	G
N3_kudriavzevii	0.0059834599596	1	167	C	T
N3_N4	0.000107154707324	2	227	G	A
N3_N4	0.000256987594855	2	23	C	T
N3_N4	0.000777769310632	1	230	T	C
N3_N4	0.00155453654866	1	146	C	T
N3_N4	0.00156708940899	1	353	C	T
N3_N4	0.00160572118269	1	491	A	T
N3_N4	0.00170621478664	1	23	C	T
N3_N4	0.00180375774329	1	263	A	G
N3_N4	0.00189160177299	2	44	T	C
N3_N4	0.00204182775098	2	323	G	A
N3_N4	0.00218147662501	2	152	C	T
N3_N4	0.00226569183499	2	140	G	A
N3_N4	0.00237338636739	2	467	C	T
N4_mikatae	0.000527629861287	2	374	T	C
N4_mikatae	0.000553371957035	1	173	C	T
N4_mikatae	0.00061437691922	1	347	A	G
N4_mikatae	0.000861933211628	1	362	T	C
N4_mikatae	0.000947315076463	2	107	T	A
N4_mikatae	0.00125292447152	1	353	T	G
N4_mikatae	0.00136118233203	1	150	A	G
N4_mikatae	0.00146851470917	1	434	C	T
N4_mikatae	0.00157033635448	1	432	A	G
N4_mikatae	0.00169138818022	1	446	G	A
N4_mikatae	0.0019036697666	1	257	T	C
N4_mikatae	0.00276662596836	2	110	G	T
N4_mikatae	0.00326011725072	1	236	T	C
N4_mikatae	0.00326385018451	1	230	C	T
N4_mikatae	0.0039230216424	1	285	T	C
N4_mikatae	0.0039709821679	2	140	A	T
N4_mikatae	0.00406432186373	1	212	C	A
N4_N5	4.06288250755e-06	1	281	T	C
N4_N5	0.000406868226198	1	29	A	T
N4_N5	0.000612561566052	2	344	A	G
N4_N5	0.000787796971522	2	308	C	T
N4_N5	0.000907377268235	2	50	G	A
N4_N5	0.00134683444025	1	437	A	G
N5_paradoxus	5.8594674846e-05	1	35	C	T
N5_paradoxus	0.000509783229084	1	250	T	C
N5_paradoxus	0.000953627996764	2	41	C	T
N5_cerevisiae	9.22419573297e-05	1	377	A	G
N5_cerevisiae	0.000479972178824	1	89	G	A
N5_cerevisiae	0.00072953904107	1	455	T	C
N5_cerevisiae	0.000956654745924	1	263	G	A
N5_cerevisiae	0.00116417560132	1	368	T	C
N5_cerevisiae	0.00135916625542	2	311	T	C
N5_cerevisiae	0.00151719397913	1	296	G	T
N5_cerevisiae	0.00152871905797	2	251	T	C
N5_cerevisiae	0.00166143969751	1	416	G	A
N5_cerevisiae	0.00172421656586	1	116	A	G
N5_cerevisiae	0.00178923414649	1	275	A	G
N5_cerevisiae	0.00194335847385	2	356	A	G
N5_cerevisiae	0.002286286565	1	347	A	T
N5_cerevisiae	0.00247623759297	1	125	C	T
N5_cerevisiae	0.00255114000585	1	11	A	G
N5_cerevisiae	0.00270841973964	2	380	T	C
N5_cerevisiae	0.00302199329405	1	437	G	A
N5_cerevisiae	0.00309023582062	2	89	A	G
N5_cerevisiae	0.00341836845227	2	338	C	T
N5_cerevisiae	0.00388288462432	2	386	T	C
N5_cerevisiae	0.00411329248663	1	164	T	C
