edge	time	orlg_from	orlg_to	tract_length	start_pos	stop_pos	num_diff	template_seq	overide_seq
D1_N1	6.33596009237e-05	1	2	4	51	54	0	TCTT	TCTT
D1_N1	0.000722951230769	1	2	3	127	129	0	ATA	ATA
D1_N1	0.000886805131509	1	2	4	272	275	0	TGCG	TGCG
D1_N1	0.000895619655431	1	2	2	203	204	0	TT	TT
D1_N1	0.00115246491877	1	2	1	163	163	0	G	G
D1_N1	0.00216950489061	1	2	1	415	415	0	T	T
D1_N1	0.00220703929997	1	2	5	487	491	0	TGGTG	TGGTG
D1_N1	0.00296814988087	1	2	1	0	0	0	G	G
D1_N1	0.00319528944953	1	2	1	213	213	0	T	T
D1_N1	0.00326931449312	1	2	3	490	491	0	TG	TG
D1_N1	0.00327622762516	1	2	2	451	452	0	TC	TC
N1_castellii	0.00220647957337	1	2	1	288	288	0	G	G
N1_castellii	0.00230324252706	1	2	1	293	293	0	G	G
N1_castellii	0.00234801707927	1	2	12	419	430	0	TAATTTTAAAAG	TAATTTTAAAAG
N1_castellii	0.00295428660609	1	2	3	137	139	1	AGA	CGA
N1_castellii	0.0032634598019	1	2	6	293	298	0	GGTGCC	GGTGCC
N1_castellii	0.0036609992429	1	2	1	175	175	0	C	C
N1_castellii	0.00368857240171	1	2	3	20	22	0	TTC	TTC
N1_castellii	0.00374760768026	1	2	4	439	442	0	TAGA	TAGA
N1_castellii	0.00475177303508	1	2	3	298	300	0	CAG	CAG
N1_castellii	0.0054008637277	1	2	2	211	212	0	TC	TC
N1_castellii	0.00546153680969	1	2	1	216	216	0	C	C
N1_castellii	0.006472736717	1	2	1	363	363	0	T	T
N1_castellii	0.00658448165846	1	2	2	113	114	0	TT	TT
N1_castellii	0.00686290412174	1	2	2	149	150	0	TT	TT
N1_castellii	0.00703517941016	1	2	3	403	405	1	AGT	AAT
N1_castellii	0.00768741649114	1	2	3	60	62	0	CCC	CCC
N1_castellii	0.00831771997533	1	2	1	368	368	0	T	T
N1_castellii	0.00931441819468	1	2	2	148	149	0	TT	TT
N1_castellii	0.0111266976559	1	2	1	159	159	0	A	A
N1_castellii	0.0113151991511	1	2	2	118	119	0	CT	CT
N1_castellii	0.012055707413	1	2	2	475	476	0	TT	TT
N1_N2	0.000900123041145	1	2	16	335	350	1	AGCGTGTACGGTGTTT	AGCGTGTACAGTGTTT
N1_N2	0.00239602914797	1	2	2	452	453	0	CT	CT
N1_N2	0.00259170691857	1	2	2	253	254	0	GA	GA
N1_N2	0.00365979049563	1	2	2	482	483	0	AT	AT
N1_N2	0.00448133195731	1	2	1	222	222	0	T	T
N1_N2	0.004652274358	1	2	3	117	119	0	TCT	TCT
N1_N2	0.00505580940864	1	2	3	126	128	0	CAT	CAT
N1_N2	0.0052728052195	1	2	4	76	79	1	GCCG	GTCG
N1_N2	0.00527684101114	1	2	2	84	85	0	CT	CT
N1_N2	0.00631574395286	1	2	1	475	475	0	T	T
N1_N2	0.00655779494347	1	2	3	393	395	0	AGA	AGA
N1_N2	0.00706251676816	1	2	10	448	457	0	GAGTCTCGGA	GAGTCTCGGA
N1_N2	0.00826115310964	1	2	1	401	401	0	C	C
N1_N2	0.00949957783888	1	2	2	142	143	0	TG	TG
N1_N2	0.0096140793715	1	2	2	290	291	0	TT	TT
N1_N2	0.0099257389133	1	2	2	299	300	0	AG	AG
N1_N2	0.0102687074256	1	2	3	192	194	0	CTC	CTC
N1_N2	0.0113508741128	1	2	1	98	98	0	A	A
N1_N2	0.0122214311645	1	2	11	174	184	3	TCCATTTCGCA	TCGATCTCACA
N1_N2	0.0130121856321	1	2	2	381	382	0	TT	TT
N1_N2	0.0140093723874	1	2	5	405	409	2	TCCTA	TGTTA
N1_N2	0.0141389272855	1	2	1	171	171	0	A	A
N2_bayanus	0.00109871675835	1	2	1	488	488	0	G	G
N2_bayanus	0.00128743136314	1	2	2	1	2	0	GA	GA
N2_bayanus	0.00169456298133	1	2	1	383	383	1	T	C
N2_N3	0.000114610400824	1	2	2	421	422	0	AT	AT
N2_N3	0.00109918460995	1	2	1	165	165	0	T	T
N3_kudriavzevii	0.000396369462364	1	2	5	349	353	0	TTGCA	TTGCA
N3_kudriavzevii	0.00131836329222	1	2	1	295	295	0	T	T
N3_kudriavzevii	0.00199084872273	1	2	4	69	72	1	TCGA	TCAA
N3_kudriavzevii	0.00267441063107	1	2	1	342	342	0	A	A
N3_kudriavzevii	0.00275892649043	1	2	4	426	429	1	AAAA	AAGA
N3_kudriavzevii	0.00332076874631	1	2	1	330	330	0	G	G
N3_kudriavzevii	0.00355628660186	1	2	1	415	415	0	T	T
N3_kudriavzevii	0.00406055039313	1	2	1	486	486	0	A	A
N3_kudriavzevii	0.00455349793154	1	2	1	406	406	0	C	C
N3_kudriavzevii	0.00565861310872	1	2	6	411	416	1	GAACTA	GAGCTA
N3_kudriavzevii	0.0058960103505	1	2	7	221	227	1	TTGCACG	ATGCACG
N3_N4	0.00095542104911	1	2	3	259	261	0	CTT	CTT
N3_N4	0.00104822477518	1	2	1	69	69	0	T	T
N3_N4	0.00118785571618	1	2	1	105	105	0	C	C
N3_N4	0.00123050911765	1	2	1	360	360	0	C	C
N3_N4	0.00154832642808	1	2	2	63	64	0	TG	TG
N3_N4	0.00214234772787	1	2	6	140	145	1	TTTGTC	CTTGTC
N4_mikatae	0.000706507094647	1	2	9	317	325	1	CCTAACCTT	CCTAACATT
N4_mikatae	0.00137271532227	1	2	5	310	314	1	CGCCT	CACCT
N4_mikatae	0.00202156467537	1	2	2	9	10	0	CT	CT
N4_mikatae	0.00246490215819	1	2	4	447	450	0	AGAG	AGAG
N4_mikatae	0.00338754807544	1	2	2	401	402	1	TA	CA
N4_mikatae	0.00359798995065	1	2	1	72	72	0	A	A
N4_N5	0.000326588235271	1	2	4	153	156	0	TTCG	TTCG
N4_N5	0.000655958385175	1	2	10	405	414	1	TCCTATGAAC	TCCTATGAGC
N4_N5	0.00118799726083	1	2	1	152	152	1	T	G
N4_N5	0.00130925614781	1	2	4	30	33	0	TATC	TATC
N4_N5	0.00132144932947	1	2	1	154	154	0	T	T
N4_N5	0.00160204033911	1	2	2	52	53	0	CT	CT
N5_paradoxus	0.000442832654038	1	2	3	187	189	1	GAG	GAA
N5_paradoxus	0.000519704519288	1	2	5	218	222	1	ATATT	ATAAT
N5_paradoxus	0.000581541510771	1	2	15	368	382	2	TCGTAACGTTGAGTT	TCGTAAAATTGAGTT
N5_cerevisiae	0.000969412574406	1	2	1	239	239	0	T	T
N5_cerevisiae	0.00138395791879	1	2	2	346	347	1	TA	TG
N5_cerevisiae	0.00176586711777	1	2	1	82	82	0	C	C
N5_cerevisiae	0.00367641584087	1	2	2	27	28	0	AG	AG
N5_cerevisiae	0.00411005837053	1	2	1	115	115	0	G	G
