edge	time	mut_orlg	mut_pos	old_state	new_state
N0_D1	0.00251162602203	0	12	G	C
N0_D1	0.00428186292037	0	237	G	A
N0_D1	0.0048614164755	0	273	A	G
N0_D1	0.0100067688678	0	367	G	C
N0_D1	0.0100136011097	0	156	G	A
N0_D1	0.012883865051	0	79	A	G
N0_D1	0.0175770004044	0	214	T	A
N0_D1	0.017650460408	0	16	G	C
N0_D1	0.01802200812	0	53	C	T
N0_D1	0.021593021184	0	257	C	T
N0_D1	0.0241223308575	0	57	A	T
N0_D1	0.0258113544336	0	310	C	A
N0_D1	0.0278813889629	0	20	A	G
N0_D1	0.0283273152541	0	244	G	C
N0_D1	0.0287264601571	0	147	A	T
N0_D1	0.0329128009954	0	331	G	A
N0_D1	0.0333307610502	0	173	G	A
N0_D1	0.0336650049421	0	198	C	T
N0_D1	0.0340758605249	0	317	A	C
N0_D1	0.0345662059067	0	313	A	T
N0_D1	0.0345974967434	0	7	A	G
N0_D1	0.0364363061857	0	281	T	G
N0_D1	0.0456369197727	0	165	A	G
N0_D1	0.0462450509847	0	294	C	A
N0_D1	0.0469959813677	0	334	T	G
N0_D1	0.0470506693436	0	399	C	T
N0_D1	0.0477313819266	0	280	G	T
N0_D1	0.0480364505261	0	343	A	C
N0_D1	0.048381825379	0	127	C	A
D1_N1	0.00193243055804	2	278	G	C
D1_N1	0.00261024652374	2	140	G	A
D1_N1	0.00341370579013	2	363	T	A
D1_N1	0.00598668877344	2	240	C	T
D1_N1	0.00640224953528	2	335	T	G
D1_N1	0.00743292423737	2	282	C	T
D1_N1	0.0074434180013	2	241	T	G
D1_N1	0.00861546405618	1	347	A	C
D1_N1	0.00898069528578	2	222	A	G
D1_N1	0.00932479028318	2	332	C	T
D1_N1	0.00979327502956	1	168	T	A
D1_N1	0.0102864619509	2	134	A	G
D1_N1	0.0103178065238	1	344	G	A
D1_N1	0.0124210046926	1	312	C	G
D1_N1	0.0137103235272	2	62	A	T
D1_N1	0.014326770198	2	295	A	G
D1_N1	0.0154002226485	2	138	C	T
D1_N1	0.016769509407	1	353	G	A
D1_N1	0.0220579378337	1	260	T	A
D1_N1	0.0221844420622	2	10	A	T
D1_N1	0.0233456414092	2	107	G	A
D1_N1	0.0233478430649	2	122	C	T
D1_N1	0.0238531109253	2	67	G	A
D1_N1	0.0243969515636	2	22	T	G
D1_N1	0.0253200030252	1	96	G	A
D1_N1	0.0259700397332	2	252	G	T
D1_N1	0.0283853965438	2	98	T	G
D1_N1	0.0311846736438	2	42	T	A
D1_N1	0.0315298568936	1	387	A	C
D1_N1	0.0317125279874	2	258	G	A
D1_N1	0.0363367834065	2	3	A	G
D1_N1	0.0370547533912	2	315	A	G
D1_N1	0.0375522433968	2	114	C	T
D1_N1	0.0396230792067	1	45	C	A
D1_N1	0.0399530742936	1	157	T	C
D1_N1	0.0415900437169	1	116	G	A
D1_N1	0.042116277075	1	50	G	A
D1_N1	0.0426395787751	1	157	C	T
D1_N1	0.0435957597958	2	47	C	A
D1_N1	0.043673634579	1	134	A	G
D1_N1	0.0438516220326	2	188	C	A
D1_N1	0.0442772924844	2	197	T	A
D1_N1	0.0452509735736	1	255	G	A
D1_N1	0.046146509844	2	201	G	C
D1_N1	0.0474415071189	2	19	C	T
D1_N1	0.0491614991991	2	124	C	T
D1_N1	0.0541780625682	1	291	G	T
D1_N1	0.054997864207	1	381	A	G
D1_N1	0.0557900641291	1	220	A	G
D1_N1	0.0566326076527	2	204	A	T
D1_N1	0.0582986008756	1	15	C	A
D1_N1	0.058711014396	2	266	T	A
D1_N1	0.0605430744618	2	238	T	C
D1_N1	0.0632065071589	2	350	T	C
D1_N1	0.0642195428434	2	313	T	G
D1_N1	0.0646461133847	2	223	G	C
D1_N1	0.0674563613648	2	312	C	T
D1_N1	0.0678956656254	2	15	C	T
D1_N1	0.0694187120825	1	179	A	C
D1_N1	0.07044895405	2	341	A	G
D1_N1	0.0712689035163	2	176	G	T
D1_N1	0.0719554237979	1	46	T	A
D1_N1	0.0725813073637	2	356	A	C
D1_N1	0.0734199067012	1	212	G	A
D1_N1	0.0754660078852	1	389	A	G
D1_N1	0.0766688074006	2	245	A	G
D1_N1	0.0783978293547	1	403	G	A
D1_N1	0.0787600513254	1	31	T	C
D1_N1	0.0806601238645	1	393	A	G
D1_N1	0.0824647857993	1	291	T	G
D1_N1	0.0836617485171	2	328	C	T
D1_N1	0.084324131832	2	263	G	A
D1_N1	0.0844958350626	2	133	A	T
D1_N1	0.0859411059804	1	286	T	G
D1_N1	0.091046898064	1	314	G	A
D1_N1	0.0911114105851	1	52	A	C
D1_N1	0.0920081917097	2	383	A	G
D1_N1	0.0940083195945	1	94	T	A
D1_N1	0.0945727945036	2	177	A	T
D1_N1	0.0946998707002	1	110	T	A
D1_N1	0.0957102669653	2	223	C	G
D1_N1	0.0960959819241	1	95	T	A
D1_N1	0.100932115026	2	321	C	G
D1_N1	0.101030946465	1	59	G	C
D1_N1	0.101150212383	1	332	C	T
D1_N1	0.101784110678	1	125	G	A
D1_N1	0.102785397297	2	309	C	A
D1_N1	0.104138139702	2	356	C	G
D1_N1	0.10436610627	2	351	C	A
D1_N1	0.104611730054	2	302	G	A
D1_N1	0.107082097545	2	219	G	A
D1_N1	0.107363040497	2	32	C	T
D1_N1	0.107782208916	2	358	C	T
D1_N1	0.109035064262	2	35	T	G
D1_N1	0.109073252382	2	104	C	T
D1_N1	0.109254505459	2	49	T	C
D1_N1	0.110670814607	1	48	C	G
D1_N1	0.110696370426	2	19	T	C
D1_N1	0.111133798332	2	63	A	T
D1_N1	0.111292948067	1	161	G	C
D1_N1	0.113499993246	1	31	C	T
D1_N1	0.114102737074	1	340	T	C
D1_N1	0.114963307193	1	103	G	A
D1_N1	0.115534996162	2	281	G	A
D1_N1	0.116324082013	1	159	A	G
D1_N1	0.118360208402	1	332	T	C
D1_N1	0.12313314581	2	343	C	G
D1_N1	0.123319995453	2	109	G	C
D1_N1	0.125459706849	2	243	C	G
D1_N1	0.126602037983	1	229	T	G
D1_N1	0.127429508478	2	239	T	A
D1_N1	0.127565587744	2	312	T	C
D1_N1	0.127735996664	2	96	G	A
D1_N1	0.13113500458	1	183	G	C
D1_N1	0.131266259941	1	221	A	T
D1_N1	0.131924548146	1	161	C	T
D1_N1	0.133772893022	1	366	A	G
D1_N1	0.134124790155	1	165	G	T
D1_N1	0.135434258146	2	101	A	T
D1_N1	0.139133604049	1	87	C	A
D1_N1	0.139509629996	2	115	C	A
D1_N1	0.139613198186	1	89	A	G
D1_N1	0.141490396111	2	52	A	G
D1_N1	0.141991828412	1	97	T	A
D1_N1	0.142399492077	2	391	T	C
D1_N1	0.145058874852	2	121	G	T
D1_N1	0.147730118073	1	64	T	C
D1_N1	0.14913636105	2	6	G	C
D1_N1	0.150832542162	2	250	T	G
D1_N1	0.151458603561	2	34	T	C
D1_N1	0.151654626656	1	151	G	A
D1_N1	0.152472237036	1	393	G	A
D1_N1	0.156139170129	2	136	T	A
D1_N1	0.157928193533	2	283	G	A
D1_N1	0.159962091267	1	180	A	T
D1_N1	0.159965262751	2	382	A	T
D1_N1	0.160256858805	2	206	A	G
D1_N1	0.160314734197	1	351	C	T
D1_N1	0.160622262277	1	124	C	T
D1_N1	0.160947226205	1	167	A	T
D1_N1	0.163052838958	2	189	T	G
D1_N1	0.164593656048	1	153	T	A
D1_N1	0.165477209514	1	177	A	G
D1_N1	0.16683184114	1	387	C	A
D1_N1	0.169018638308	1	73	G	C
D1_N1	0.169583627973	1	13	G	T
D1_N1	0.170640172598	1	210	A	T
D1_N1	0.173292739837	2	314	G	C
D1_N1	0.175819875026	1	343	C	A
D1_N1	0.178336386393	1	219	G	A
D1_N1	0.178493395812	1	65	C	G
D1_N1	0.181527102013	1	242	G	A
D1_N1	0.182751096077	1	222	A	T
D1_N1	0.187440894002	2	312	C	T
D1_N1	0.18870409408	1	272	T	C
D1_N1	0.189362980102	2	33	C	A
D1_N1	0.189692413056	2	32	T	C
D1_N1	0.190893492325	1	126	C	T
D1_N1	0.191343518648	2	317	C	A
D1_N1	0.191883342009	2	83	A	G
D1_N1	0.19197599616	1	272	C	T
D1_N1	0.192361922904	1	254	T	C
D1_N1	0.192655393846	1	158	C	T
D1_N1	0.193649960951	2	329	T	A
D1_N1	0.196073274778	1	282	C	A
D1_N1	0.197176917094	1	274	G	A
D1_N1	0.198122346298	2	278	C	A
D1_N1	0.198157016619	1	140	G	A
D1_N1	0.198455661388	1	332	C	A
D1_N1	0.202187599963	1	129	T	C
D1_N1	0.205390626645	1	96	A	G
D1_N1	0.20655206242	1	369	C	T
D1_N1	0.20736070649	2	134	G	A
D1_N1	0.208278471237	1	95	A	C
D1_N1	0.209865659961	2	373	A	G
D1_N1	0.213832727181	1	313	T	C
D1_N1	0.213895632781	1	199	C	G
D1_N1	0.214074920929	2	125	G	C
D1_N1	0.214906154136	1	175	T	A
N1_N2	0.00150395561175	1	309	C	G
N1_N2	0.00179724078164	2	32	C	T
N1_N2	0.00236778701761	2	343	G	A
N1_N2	0.00318536983569	1	297	A	G
N1_N2	0.00375117156839	1	115	C	T
N1_N2	0.00432744487837	1	387	A	G
N1_N2	0.00457199682067	1	99	C	T
N1_N2	0.00547876896231	2	149	G	C
N1_N2	0.00709513875392	2	380	C	G
N1_N2	0.00744779779698	1	240	C	G
N1_N2	0.00757879110875	2	154	G	T
N1_N2	0.00776782139115	2	84	T	C
N1_N2	0.0101218766291	2	64	T	C
N1_N2	0.0104733610855	2	45	C	T
N1_N2	0.0114426775441	1	324	T	C
N1_N2	0.0153864402666	1	96	G	A
N1_N2	0.0162586496673	1	219	A	C
N1_N2	0.0175274185413	1	133	A	C
N2_N3	0.000199179510014	1	113	G	C
N2_N3	0.00179029685517	1	247	T	A
N2_N3	0.00230462436433	2	362	C	T
N2_N3	0.00521184840349	2	303	C	A
N2_N3	0.00596157030744	2	355	T	C
N3_N4	8.06824271672e-05	2	2	T	C
N3_N4	0.00199870092513	1	168	A	C
N3_N4	0.00371292401423	2	10	T	A
N3_N4	0.00578840066816	2	150	A	G
N3_N4	0.00633628502106	1	197	T	C
N3_N4	0.00649934285034	1	315	A	G
N4_Human	9.94414631704e-05	2	303	A	C
N4_Human	0.000346698765067	1	253	T	G
N4_Human	0.000367599988073	2	93	T	A
N4_Human	0.000909342901539	2	241	G	A
N4_Human	0.000926536126414	1	261	T	C
N4_Human	0.0014881824491	2	363	A	G
N4_Human	0.00391628298665	2	313	G	T
N4_Human	0.00428322850628	2	245	G	T
N4_Human	0.00629664356705	2	162	G	A
N4_Human	0.0106555620589	2	170	A	G
N4_Chimp	0.00113004067128	2	115	A	G
N4_Chimp	0.00444852751161	1	215	T	A
N4_Chimp	0.0049336704927	2	290	A	G
N4_Chimp	0.00817604778436	1	388	A	G
N3_Goril	0.00213866722079	1	266	T	C
N3_Goril	0.00372460485619	2	364	T	G
N3_Goril	0.00547780935412	1	93	T	A
N3_Goril	0.00554707527912	2	360	C	A
N3_Goril	0.00775065490106	2	356	G	A
N3_Goril	0.0101765327954	1	297	G	C
N3_Goril	0.010565135897	2	304	G	A
N3_Goril	0.0111285472182	2	326	G	A
N3_Goril	0.011926995967	1	157	T	A
N3_Goril	0.0124019872667	1	366	G	A
N3_Goril	0.0127983608543	2	301	T	A
N3_Goril	0.0142254869868	2	54	A	G
N3_Goril	0.0147413825216	1	270	T	G
N3_Goril	0.0169876731324	2	174	G	C
N3_Goril	0.0194853174608	1	114	C	T
N3_Goril	0.0202593289868	2	399	T	C
N2_Orang	0.000941265080595	1	209	C	A
N2_Orang	0.00131973006923	2	102	C	A
N2_Orang	0.00532936860089	1	118	A	G
N2_Orang	0.00760408370536	2	309	A	C
N2_Orang	0.00766193650641	1	363	T	C
N2_Orang	0.00785799924855	1	9	G	A
N2_Orang	0.00797848036438	2	183	G	A
N2_Orang	0.00840150750826	2	87	C	G
N2_Orang	0.00840771948316	2	164	T	G
N2_Orang	0.00900587232029	1	274	A	C
N1_Macaq	0.00149575611114	1	381	G	T
N1_Macaq	0.00156866726677	2	160	A	G
N1_Macaq	0.00177524243642	1	142	A	G
N1_Macaq	0.00397022985192	1	131	T	A
N1_Macaq	0.00416049268381	2	222	G	T
N1_Macaq	0.00432283253217	1	269	A	T
N1_Macaq	0.00652367789867	1	395	A	G
N1_Macaq	0.00694106075241	2	303	C	A
N1_Macaq	0.00701009440321	1	316	C	T
N1_Macaq	0.00769373802798	1	72	C	G
N1_Macaq	0.00796110986083	2	198	T	G
N1_Macaq	0.00808972232411	2	63	T	C
N1_Macaq	0.0151866069894	2	98	G	A
N1_Macaq	0.0172784559601	2	317	A	T
N1_Macaq	0.0180432430299	2	246	T	C
N1_Macaq	0.0186718579879	2	49	C	T
N1_Macaq	0.0188562629815	2	163	A	T
N1_Macaq	0.0194713698753	2	124	T	A
N1_Macaq	0.0257844677634	2	95	T	A
N1_Macaq	0.0264821241346	2	379	T	G
N1_Macaq	0.0288393073047	2	136	A	C
N1_Macaq	0.0300115465047	2	349	T	G
N1_Macaq	0.0309181228835	2	88	T	G
N1_Macaq	0.0309414117904	2	355	T	C
N0_Mouse	0.00331230647897	0	252	G	T
N0_Mouse	0.00996293293474	0	160	A	G
N0_Mouse	0.0101178193321	0	388	A	G
N0_Mouse	0.0118548863586	0	243	C	T
N0_Mouse	0.0157417905949	0	125	G	A
N0_Mouse	0.0182835125046	0	150	A	G
N0_Mouse	0.0191684087309	0	302	G	A
N0_Mouse	0.0267015426138	0	232	C	A
N0_Mouse	0.0272396647447	0	283	G	A
N0_Mouse	0.0317561278293	0	335	T	C
N0_Mouse	0.0329966739107	0	344	G	T
N0_Mouse	0.0351898901584	0	396	A	G
N0_Mouse	0.0400997413295	0	84	T	G
N0_Mouse	0.0431520855739	0	204	A	G
N0_Mouse	0.0463426901532	0	390	T	A
N0_Mouse	0.0534403548756	0	73	G	A
N0_Mouse	0.0542239810337	0	311	G	A
N0_Mouse	0.0565826557956	0	358	C	T
N0_Mouse	0.0574770312684	0	194	C	G
N0_Mouse	0.0593136852591	0	15	C	A
N0_Mouse	0.0624112252921	0	364	T	A
N0_Mouse	0.06404978452	0	180	A	G
N0_Mouse	0.0664941473781	0	130	C	T
N0_Mouse	0.0714372699238	0	362	C	T
N0_Mouse	0.0752027609427	0	358	T	A
N0_Mouse	0.0773552200636	0	399	C	T
N0_Mouse	0.0824365771862	0	357	T	A
N0_Mouse	0.0849698281097	0	291	G	A
N0_Mouse	0.0867597910497	0	286	T	C
N0_Mouse	0.0945094014219	0	217	C	A
N0_Mouse	0.0951164049293	0	395	A	C
N0_Mouse	0.0958729197048	0	184	C	T
N0_Mouse	0.0964070182756	0	391	T	C
N0_Mouse	0.103014200856	0	401	A	G
N0_Mouse	0.105495059997	0	65	C	T
N0_Mouse	0.105680067419	0	317	A	G
N0_Mouse	0.106059475304	0	374	T	C
N0_Mouse	0.111729892857	0	248	T	G
N0_Mouse	0.113510473721	0	0	T	A
N0_Mouse	0.120772827174	0	304	G	A
N0_Mouse	0.124777697354	0	82	C	A
N0_Mouse	0.12765741646	0	192	T	G
N0_Mouse	0.128578007985	0	368	G	A
N0_Mouse	0.128604156866	0	353	G	T
N0_Mouse	0.128635139049	0	1	A	C
N0_Mouse	0.129078281518	0	311	A	G
N0_Mouse	0.140974728936	0	193	T	C
N0_Mouse	0.140996919335	0	387	A	G
N0_Mouse	0.141855674919	0	280	G	A
N0_Mouse	0.14428894559	0	185	C	T
N0_Mouse	0.144370859214	0	77	C	T
N0_Mouse	0.147456105261	0	314	G	A
N0_Mouse	0.153135444346	0	84	G	T
N0_Mouse	0.155323336541	0	378	T	G
N0_Mouse	0.158029860544	0	350	T	G
N0_Mouse	0.162388286401	0	177	A	G
N0_Mouse	0.163842370166	0	108	T	G
N0_Mouse	0.168935083263	0	31	T	G
N0_Mouse	0.170197787692	0	119	A	C
N0_Mouse	0.170408788491	0	86	A	G
N0_Mouse	0.173315876558	0	339	C	T
N0_Mouse	0.181451555363	0	234	A	C
N0_Mouse	0.184912747833	0	234	C	T
N0_Mouse	0.187290938964	0	204	G	A
N0_Mouse	0.187544068383	0	38	G	T
N0_Mouse	0.188433919295	0	206	A	T
N0_Mouse	0.188862964223	0	230	T	C
N0_Mouse	0.193551966208	0	138	C	G
N0_Mouse	0.194039226443	0	105	C	G
N0_Mouse	0.19633127281	0	191	G	A
N0_Mouse	0.199094661289	0	335	C	T
N0_Mouse	0.20348676501	0	232	A	G
N0_Mouse	0.204077390968	0	185	T	A
N0_Mouse	0.207625437843	0	75	A	G
N0_Mouse	0.207643506294	0	306	C	G
N0_Mouse	0.208559367751	0	19	C	G
N0_Mouse	0.212087275868	0	149	G	T
N0_Mouse	0.212382280266	0	388	G	C
N0_Mouse	0.219013953546	0	380	C	A
N0_Mouse	0.22407213857	0	286	C	G
N0_Mouse	0.227095946167	0	251	G	T
N0_Mouse	0.232234355511	0	225	A	C
N0_Mouse	0.238363367564	0	146	G	C
N0_Mouse	0.239463473144	0	33	C	T
N0_Mouse	0.240279116768	0	66	A	G
N0_Mouse	0.242814281079	0	91	T	C
N0_Mouse	0.247661185001	0	331	G	C
N0_Mouse	0.248526217069	0	370	T	A
N0_Mouse	0.248555043272	0	86	G	A
N0_Mouse	0.260791019021	0	151	G	A
N0_Mouse	0.263016845536	0	72	C	G
N0_Mouse	0.263997880006	0	76	T	G
N0_Mouse	0.265518275743	0	377	T	C
N0_Mouse	0.265865833723	0	304	A	G
N0_Mouse	0.267121980136	0	232	G	A
N0_Mouse	0.267914626517	0	70	G	C
N0_Mouse	0.27292973831	0	70	C	A
N0_Mouse	0.274902865594	0	227	C	T
N0_Mouse	0.27961333812	0	140	G	C
N0_Mouse	0.281791684154	0	111	G	A
N0_Mouse	0.293584415521	0	231	T	G
N0_Mouse	0.30208910928	0	89	A	T
N0_Mouse	0.306794992454	0	274	G	A
N0_Mouse	0.309624846278	0	42	T	A
N0_Mouse	0.309712869503	0	324	T	C
N0_Mouse	0.310995186027	0	253	T	C
N0_Mouse	0.314380499394	0	114	C	T
N0_Mouse	0.31595463124	0	123	G	A
N0_Mouse	0.3165493407	0	174	G	C
N0_Mouse	0.317025072339	0	111	A	T
N0_Mouse	0.317393777122	0	194	G	A
N0_Mouse	0.317514650922	0	219	G	A
N0_Mouse	0.321811454297	0	100	A	T
N0_Mouse	0.32407857764	0	285	T	C
N0_Mouse	0.326976149489	0	226	G	A
N0_Mouse	0.327119647031	0	268	C	T
N0_Mouse	0.33160708908	0	131	T	C
N0_Mouse	0.335333471437	0	217	A	C
N0_Mouse	0.335400920411	0	104	C	A
N0_Mouse	0.335510854648	0	263	G	C
N0_Mouse	0.337199626949	0	306	G	A
N0_Mouse	0.346938706545	0	72	G	A
N0_Mouse	0.364356680487	0	354	G	T
N0_Mouse	0.367516592585	0	13	G	A
N0_Mouse	0.374404231274	0	333	A	T
N0_Mouse	0.375093301697	0	187	T	C
N0_Mouse	0.375244742297	0	319	A	G
N0_Mouse	0.375794615176	0	230	C	T
N0_Mouse	0.376213804901	0	135	A	T
N0_Mouse	0.378793413607	0	383	A	G
N0_Mouse	0.378840550392	0	379	T	G
N0_Mouse	0.379667231852	0	359	T	C
N0_Mouse	0.37992016267	0	35	T	G
N0_Mouse	0.380492067783	0	294	C	A
N0_Mouse	0.386592277839	0	117	A	T
N0_Mouse	0.387540483531	0	147	A	T
N0_Mouse	0.387888753265	0	109	G	A
N0_Mouse	0.387927811322	0	288	T	A
N0_Mouse	0.390801589299	0	102	C	G
N0_Mouse	0.393182182345	0	90	T	G
N0_Mouse	0.396288179876	0	162	G	T
N0_Mouse	0.398003392773	0	304	G	T
N0_Mouse	0.399508618159	0	192	G	A
N0_Mouse	0.401343553001	0	232	A	T
N0_Mouse	0.401474583953	0	274	A	T
N0_Mouse	0.403411615064	0	182	T	A
N0_Mouse	0.407108950619	0	169	C	G
N0_Mouse	0.409782105166	0	398	C	T
N0_Mouse	0.410061766427	0	55	T	A
N0_Mouse	0.412698160625	0	389	A	T
N0_Mouse	0.41574743537	0	367	G	A
N0_Mouse	0.416414951348	0	38	T	G
N0_Mouse	0.418503046562	0	30	A	G
N0_Mouse	0.42261572356	0	405	G	T
N0_Mouse	0.422917125985	0	268	T	G
N0_Mouse	0.425077565677	0	265	T	C
N0_Mouse	0.429406425161	0	10	A	G
N0_Mouse	0.431572936599	0	323	A	T
N0_Mouse	0.433145804404	0	182	A	C
N0_Mouse	0.437673324019	0	392	A	T
N0_Mouse	0.441505553408	0	190	A	G
N0_Mouse	0.442319559079	0	404	T	G
N0_Mouse	0.444198085611	0	176	G	T
N0_Mouse	0.449125881308	0	168	T	A
N0_Mouse	0.454010561163	0	296	T	C
N0_Mouse	0.454061803745	0	188	C	G
N0_Mouse	0.455700669903	0	118	A	C
N0_Mouse	0.455710927432	0	228	A	G
N0_Mouse	0.455783648615	0	257	C	A
