edge	time	orlg_from	orlg_to	tract_length	start_pos	stop_pos	num_diff	template_seq	overide_seq
D1_N1	0.000459435034591	1	2	1	982	982	0	T	T
D1_N1	0.00123396819239	2	1	1	136	136	0	C	C
D1_N1	0.00125803776884	1	2	1	255	255	0	G	G
D1_N1	0.00164391394122	1	2	1	799	799	0	A	A
D1_N1	0.00172931725668	1	2	1	1104	1104	0	G	G
D1_N1	0.00278119582926	1	2	1	565	565	0	T	T
D1_N1	0.00303574470467	1	2	1	1615	1615	0	T	T
D1_N1	0.00314112689665	2	1	1	890	890	0	G	G
D1_N1	0.00324726098693	1	2	1	369	369	0	A	A
D1_N1	0.00399390661618	1	2	1	442	442	0	T	T
D1_N1	0.0048026073061	2	1	1	374	374	0	A	A
D1_N1	0.00561719632443	2	1	1	63	63	0	A	A
D1_N1	0.00748597268151	2	1	1	1372	1372	0	T	T
D1_N1	0.00765079235942	2	1	1	105	105	0	T	T
D1_N1	0.00772734660261	2	1	1	1189	1189	0	A	A
D1_N1	0.008484130265	2	1	1	542	542	0	T	T
D1_N1	0.00877249991992	1	2	1	450	450	0	C	C
D1_N1	0.00918332674606	1	2	1	911	911	0	G	G
D1_N1	0.00975934415142	1	2	1	1619	1619	0	G	G
D1_N1	0.0110650167858	1	2	1	1294	1294	0	T	T
D1_N1	0.011200551781	1	2	1	968	968	0	C	C
D1_N1	0.0118551880616	2	1	1	494	494	1	G	A
D1_N1	0.0126217142582	2	1	1	351	351	0	T	T
D1_N1	0.0146673990475	2	1	1	65	65	0	A	A
D1_N1	0.0148408580098	1	2	1	1665	1665	0	T	T
D1_N1	0.0157913023129	1	2	1	644	644	0	C	C
D1_N1	0.0165912615522	2	1	1	1182	1182	0	C	C
D1_N1	0.0168873513975	2	1	1	136	136	0	C	C
D1_N1	0.0180094646926	1	2	1	340	340	0	A	A
D1_N1	0.0189769733621	2	1	1	1535	1535	0	A	A
D1_N1	0.0194160152773	2	1	1	599	599	0	T	T
D1_N1	0.0194631469035	2	1	1	1042	1042	0	G	G
D1_N1	0.0197110488737	1	2	1	1332	1332	0	C	C
D1_N1	0.0212873168857	1	2	1	184	184	0	A	A
D1_N1	0.0218632663833	1	2	1	773	773	0	A	A
D1_N1	0.0221294493625	2	1	1	1047	1047	0	G	G
D1_N1	0.0222218395691	1	2	1	545	545	0	T	T
D1_N1	0.0238933127242	2	1	1	285	285	0	T	T
D1_N1	0.0242515799324	1	2	1	151	151	0	T	T
D1_N1	0.0269785644312	1	2	1	249	249	0	G	G
D1_N1	0.0284776377674	1	2	1	1344	1344	0	G	G
D1_N1	0.0287056139535	1	2	1	881	881	0	G	G
D1_N1	0.0288030785174	1	2	1	454	454	0	C	C
D1_N1	0.0288080648616	2	1	1	1147	1147	0	C	C
D1_N1	0.0288576720077	2	1	1	391	391	0	C	C
D1_N1	0.0290301123696	1	2	1	1515	1515	0	A	A
D1_N1	0.0301952742132	1	2	1	122	122	0	T	T
D1_N1	0.0304156952539	2	1	1	341	341	0	A	A
D1_N1	0.0304785512947	1	2	1	1397	1397	0	G	G
D1_N1	0.0307397423306	1	2	1	19	19	0	T	T
D1_N1	0.0328940316895	1	2	1	1006	1006	0	T	T
D1_N1	0.0329057239812	1	2	1	616	616	0	T	T
D1_N1	0.0333196343567	2	1	1	1629	1629	0	C	C
D1_N1	0.0343087941539	2	1	1	726	726	0	T	T
D1_N1	0.0355073609465	2	1	1	227	227	0	G	G
D1_N1	0.0356623813969	2	1	1	24	24	0	C	C
D1_N1	0.0365765899857	1	2	1	1562	1562	0	A	A
D1_N1	0.0367933396354	2	1	1	666	666	0	C	C
D1_N1	0.0371531295161	2	1	1	1159	1159	0	G	G
D1_N1	0.0373247623409	2	1	1	439	439	0	G	G
D1_N1	0.0374026361277	1	2	1	726	726	0	T	T
D1_N1	0.0384001564142	1	2	1	256	256	0	A	A
D1_N1	0.0387430909762	1	2	1	1100	1100	0	T	T
D1_N1	0.0398537683916	1	2	1	1605	1605	0	C	C
D1_N1	0.0408724422263	2	1	1	154	154	0	G	G
D1_N1	0.0413093575206	1	2	1	1005	1005	0	C	C
D1_N1	0.0414768181199	1	2	1	542	542	0	T	T
D1_N1	0.0416030928981	1	2	1	1230	1230	0	A	A
D1_N1	0.0419896060612	2	1	1	984	984	0	G	G
D1_N1	0.0420892949393	1	2	1	853	853	1	G	A
D1_N1	0.0423041366853	1	2	1	313	313	0	C	C
D1_N1	0.0425055249765	2	1	1	385	385	0	G	G
D1_N1	0.0434960320053	1	2	1	1109	1109	0	G	G
D1_N1	0.0436883785608	1	2	1	209	209	0	T	T
D1_N1	0.045648744928	1	2	1	1143	1143	0	A	A
D1_N1	0.0459915071125	1	2	1	1376	1376	0	A	A
D1_N1	0.0462719143786	2	1	1	1572	1572	0	A	A
D1_N1	0.0463846983467	1	2	1	556	556	0	C	C
D1_N1	0.046681494963	1	2	1	1419	1419	1	T	C
D1_N1	0.0476991314565	2	1	1	1240	1240	0	G	G
D1_N1	0.047798233396	1	2	1	1488	1488	0	T	T
D1_N1	0.0478234514173	2	1	1	352	352	0	T	T
D1_N1	0.0500532437856	1	2	1	458	458	0	A	A
D1_N1	0.050313247325	2	1	1	975	975	1	T	G
D1_N1	0.0506712622761	1	2	1	1410	1410	0	G	G
D1_N1	0.0508240804638	2	1	1	250	250	0	C	C
D1_N1	0.0511066324453	2	1	1	1721	1721	0	G	G
D1_N1	0.0514221253128	1	2	1	956	956	0	A	A
D1_N1	0.0515286438343	2	1	1	1177	1177	0	A	A
D1_N1	0.0520007131295	2	1	1	1550	1550	0	T	T
D1_N1	0.054453570276	2	1	1	1371	1371	0	C	C
D1_N1	0.0554221495681	1	2	1	1376	1376	0	A	A
D1_N1	0.0558720172101	2	1	1	1146	1146	1	G	A
D1_N1	0.0569163640564	1	2	1	36	36	0	T	T
D1_N1	0.0573729540685	2	1	1	315	315	1	T	C
D1_N1	0.0576596213815	2	1	1	973	973	0	A	A
D1_N1	0.0579629835696	1	2	1	1653	1653	0	A	A
D1_N1	0.0585885303078	1	2	1	430	430	0	C	C
D1_N1	0.0587310027286	1	2	1	346	346	0	A	A
D1_N1	0.060359345793	2	1	1	73	73	0	C	C
D1_N1	0.0621770063572	2	1	1	1298	1298	1	A	T
D1_N1	0.0625726735034	1	2	1	771	771	0	T	T
D1_N1	0.0629908584307	1	2	1	969	969	0	T	T
D1_N1	0.0633877591413	2	1	1	503	503	0	C	C
D1_N1	0.0634254804776	1	2	1	944	944	0	A	A
D1_N1	0.0644783234044	1	2	1	64	64	0	G	G
D1_N1	0.0646588277791	2	1	1	492	492	0	G	G
D1_N1	0.0649721821903	2	1	1	483	483	0	G	G
D1_N1	0.0655652825059	1	2	1	182	182	0	T	T
D1_N1	0.0663503865542	1	2	1	1466	1466	0	T	T
D1_N1	0.06664816246	1	2	1	708	708	1	G	A
D1_N1	0.0699246667836	2	1	1	217	217	1	T	G
D1_N1	0.0702665879826	1	2	1	390	390	0	T	T
D1_N1	0.0709004762137	1	2	1	1211	1211	0	T	T
D1_N1	0.0709916632772	1	2	1	1356	1356	0	T	T
D1_N1	0.0736545642552	2	1	1	1555	1555	0	T	T
D1_N1	0.07410359588	2	1	1	1702	1702	0	C	C
D1_N1	0.0745630676201	2	1	1	964	964	1	T	A
D1_N1	0.0746257722174	1	2	1	1320	1320	0	T	T
D1_N1	0.0775070856485	1	2	1	1651	1651	0	T	T
D1_N1	0.0775988019286	1	2	1	1306	1306	1	G	A
D1_N1	0.0782175952045	2	1	1	997	997	0	C	C
D1_N1	0.0782637357712	1	2	1	884	884	0	C	C
D1_N1	0.0784906524194	2	1	1	1506	1506	0	G	G
D1_N1	0.0787277897141	2	1	1	1027	1027	0	T	T
D1_N1	0.0805424581052	1	2	1	1167	1167	0	T	T
D1_N1	0.0806375139611	1	2	1	50	50	0	T	T
D1_N1	0.0810155262034	2	1	1	290	290	0	T	T
D1_N1	0.0810366144776	2	1	1	679	679	0	T	T
D1_N1	0.081161307143	2	1	1	1426	1426	0	C	C
D1_N1	0.0821588913034	1	2	1	625	625	0	C	C
D1_N1	0.0822641159831	2	1	1	512	512	0	A	A
D1_N1	0.0829051292432	1	2	1	813	813	0	T	T
D1_N1	0.0830921466453	1	2	1	1085	1085	0	A	A
D1_N1	0.0842353835321	1	2	1	866	866	0	G	G
D1_N1	0.0850924224236	2	1	1	230	230	1	A	T
D1_N1	0.0855520873074	1	2	1	62	62	0	G	G
D1_N1	0.0867319393258	1	2	1	410	410	0	A	A
D1_N1	0.0878877567533	1	2	1	927	927	0	A	A
D1_N1	0.0881585857508	1	2	1	370	370	0	T	T
D1_N1	0.0883694004205	2	1	1	1485	1485	0	G	G
D1_N1	0.0886570736166	1	2	1	335	335	0	C	C
D1_N1	0.0905970959843	1	2	1	815	815	0	G	G
D1_N1	0.0917701840176	2	1	1	22	22	0	C	C
D1_N1	0.0920859290712	2	1	1	1202	1202	0	T	T
D1_N1	0.0923806010197	2	1	1	300	300	0	A	A
D1_N1	0.0927843505585	2	1	1	1273	1273	1	G	T
D1_N1	0.0928341195064	2	1	1	1242	1242	0	G	G
D1_N1	0.0931318734355	1	2	1	1100	1100	0	T	T
D1_N1	0.0932028426019	2	1	1	816	816	1	A	G
D1_N1	0.0932986163004	1	2	1	1121	1121	0	G	G
D1_N1	0.0938038058893	1	2	1	1196	1196	0	G	G
D1_N1	0.0941487721454	1	2	1	1218	1218	0	C	C
D1_N1	0.0949631654873	2	1	1	792	792	0	G	G
D1_N1	0.0962381764828	2	1	1	1021	1021	0	A	A
D1_N1	0.0964088735074	2	1	1	1099	1099	0	A	A
D1_N1	0.0966007857139	2	1	1	680	680	0	G	G
D1_N1	0.0966854692585	2	1	1	351	351	0	T	T
D1_N1	0.0976678517403	2	1	1	684	684	1	T	C
D1_N1	0.0978340908162	2	1	1	1684	1684	1	A	G
D1_N1	0.0991009618515	1	2	1	1707	1707	1	A	T
D1_N1	0.0996946668909	1	2	1	335	335	0	C	C
D1_N1	0.10101697735	2	1	1	1242	1242	0	G	G
D1_N1	0.101075217829	1	2	1	1273	1273	0	G	G
D1_N1	0.102139386115	1	2	1	652	652	0	T	T
D1_N1	0.103109012429	2	1	1	586	586	1	T	G
D1_N1	0.103518619728	2	1	1	1452	1452	0	A	A
D1_N1	0.103559877037	2	1	1	989	989	0	T	T
D1_N1	0.103884011979	1	2	1	1122	1122	0	T	T
D1_N1	0.105706176142	1	2	1	145	145	0	T	T
D1_N1	0.106135182543	2	1	1	1716	1716	0	A	A
D1_N1	0.106470817713	1	2	1	1618	1618	0	A	A
D1_N1	0.106673908193	1	2	1	1076	1076	0	A	A
D1_N1	0.107387274671	2	1	1	718	718	0	T	T
D1_N1	0.107524773435	2	1	1	791	791	0	T	T
D1_N1	0.107804490885	2	1	1	353	353	1	A	C
D1_N1	0.108275084775	2	1	1	224	224	0	A	A
D1_N1	0.10996520406	1	2	1	1564	1564	1	T	A
D1_N1	0.11044167489	2	1	1	715	715	1	A	G
D1_N1	0.11089943927	1	2	1	962	962	0	A	A
D1_N1	0.111298506086	1	2	1	1650	1650	0	G	G
D1_N1	0.111472487521	2	1	1	370	370	0	T	T
D1_N1	0.112388384795	2	1	1	754	754	0	G	G
D1_N1	0.11241099981	1	2	1	924	924	1	A	C
D1_N1	0.113183985706	1	2	1	990	990	0	C	C
D1_N1	0.113231968761	2	1	1	370	370	0	T	T
D1_N1	0.113598476639	2	1	1	737	737	0	T	T
D1_N1	0.113607948253	2	1	1	1605	1605	0	C	C
D1_N1	0.114715057464	1	2	1	276	276	1	T	C
D1_N1	0.116931216726	2	1	1	1622	1622	1	T	G
D1_N1	0.117661270583	1	2	1	486	486	0	T	T
D1_N1	0.117740612628	2	1	1	566	566	0	T	T
D1_N1	0.117982485115	2	1	1	1191	1191	1	A	C
D1_N1	0.118327184412	1	2	1	375	375	0	C	C
D1_N1	0.119181707948	1	2	1	1001	1001	0	T	T
D1_N1	0.119253920293	1	2	1	1433	1433	0	A	A
D1_N1	0.119595556988	2	1	1	59	59	0	C	C
D1_N1	0.119920143219	1	2	1	188	188	0	T	T
D1_N1	0.120136478136	2	1	1	1073	1073	0	G	G
D1_N1	0.120398692493	2	1	1	217	217	0	T	T
D1_N1	0.120644788361	2	1	1	355	355	0	C	C
D1_N1	0.12192854793	2	1	1	1328	1328	0	G	G
D1_N1	0.122232340129	1	2	1	951	951	1	A	G
D1_N1	0.122602575554	1	2	1	342	342	1	T	G
D1_N1	0.123495710097	2	1	1	269	269	1	T	C
D1_N1	0.124034038964	1	2	1	244	244	0	G	G
D1_N1	0.125318767323	1	2	1	689	689	1	C	T
D1_N1	0.125686664654	2	1	1	1357	1357	0	G	G
D1_N1	0.128086016562	1	2	1	346	346	0	A	A
D1_N1	0.128120708449	1	2	1	399	399	1	G	T
D1_N1	0.129067225179	1	2	1	608	608	0	A	A
D1_N1	0.129571725661	2	1	1	1645	1645	1	G	A
D1_N1	0.129856676741	2	1	1	580	580	1	G	C
D1_N1	0.132550438707	2	1	1	549	549	0	T	T
D1_N1	0.133048595382	1	2	1	251	251	0	T	T
D1_N1	0.135395159635	1	2	1	864	864	1	T	A
D1_N1	0.135552633395	2	1	1	620	620	0	G	G
D1_N1	0.137490133675	1	2	1	356	356	0	G	G
D1_N1	0.138027435744	2	1	1	578	578	0	A	A
D1_N1	0.138349941401	1	2	1	862	862	0	C	C
D1_N1	0.138741614285	2	1	1	875	875	1	G	T
D1_N1	0.139015053468	2	1	1	1527	1527	0	G	G
D1_N1	0.140683913016	2	1	1	163	163	1	A	T
D1_N1	0.143094571591	1	2	1	1275	1275	0	T	T
D1_N1	0.143255708273	1	2	1	294	294	0	G	G
D1_N1	0.143541949727	1	2	1	184	184	1	A	G
D1_N1	0.143709168638	1	2	1	780	780	0	G	G
D1_N1	0.144553843157	1	2	1	196	196	1	A	C
D1_N1	0.145052406428	1	2	1	405	405	0	T	T
D1_N1	0.145056814708	2	1	1	192	192	1	T	C
D1_N1	0.145783351374	1	2	1	930	930	0	C	C
D1_N1	0.146181205294	1	2	1	1301	1301	0	A	A
D1_N1	0.14778017204	1	2	1	710	710	0	G	G
D1_N1	0.148396633524	1	2	1	800	800	1	C	T
D1_N1	0.149235756447	1	2	1	1125	1125	0	C	C
D1_N1	0.149239243464	2	1	1	110	110	0	A	A
D1_N1	0.149318154083	1	2	1	1272	1272	0	G	G
D1_N1	0.154103369759	2	1	1	1505	1505	0	C	C
D1_N1	0.155054511558	2	1	1	554	554	0	T	T
D1_N1	0.155251727036	1	2	1	1249	1249	0	A	A
D1_N1	0.15537488976	1	2	1	748	748	0	T	T
D1_N1	0.15567946163	1	2	1	1200	1200	1	T	C
D1_N1	0.156725118173	2	1	1	648	648	0	T	T
D1_N1	0.156741861562	1	2	1	428	428	0	A	A
D1_N1	0.157429495729	1	2	1	1	1	1	G	A
D1_N1	0.161237162742	2	1	1	1137	1137	1	C	T
D1_N1	0.162206965459	2	1	1	1652	1652	1	G	T
D1_N1	0.162219223004	1	2	1	1542	1542	0	C	C
D1_N1	0.162453715783	2	1	1	1619	1619	1	T	G
D1_N1	0.162649601222	1	2	1	1311	1311	0	A	A
D1_N1	0.162878267582	2	1	1	848	848	0	A	A
D1_N1	0.164614769695	1	2	1	1050	1050	1	T	A
D1_N1	0.165109521791	2	1	1	727	727	0	G	G
D1_N1	0.167163840392	1	2	1	1109	1109	0	G	G
D1_N1	0.167690994939	2	1	1	220	220	0	G	G
D1_N1	0.16777937573	1	2	1	952	952	1	G	C
D1_N1	0.168121748627	2	1	1	1158	1158	1	A	G
D1_N1	0.168832975746	1	2	1	1660	1660	1	T	C
D1_N1	0.16999590307	2	1	1	1417	1417	1	T	A
D1_N1	0.170171919471	2	1	1	987	987	0	G	G
D1_N1	0.170340494465	1	2	1	1628	1628	0	C	C
D1_N1	0.170575299257	2	1	1	550	550	0	G	G
D1_N1	0.171686779448	2	1	1	1477	1477	0	A	A
D1_N1	0.171906126085	2	1	1	173	173	0	G	G
D1_N1	0.173574581476	2	1	1	1415	1415	1	G	C
D1_N1	0.173613909415	2	1	1	92	92	0	T	T
D1_N1	0.174111160078	1	2	1	960	960	1	C	A
D1_N1	0.175176735001	2	1	1	1069	1069	1	A	C
D1_N1	0.175706353421	2	1	1	1619	1619	0	T	T
D1_N1	0.176449565696	2	1	1	194	194	1	A	T
D1_N1	0.176488244193	2	1	1	297	297	0	A	A
D1_N1	0.177316005782	2	1	1	1423	1423	0	A	A
D1_N1	0.177687187086	2	1	1	1242	1242	0	G	G
D1_N1	0.177829356922	1	2	1	1380	1380	0	A	A
D1_N1	0.17937977341	1	2	1	212	212	0	T	T
D1_N1	0.179805851588	1	2	1	1486	1486	0	T	T
D1_N1	0.180991352823	2	1	1	991	991	1	G	A
D1_N1	0.181062719199	1	2	1	1173	1173	0	A	A
D1_N1	0.181631190279	1	2	1	797	797	0	G	G
D1_N1	0.181910092118	2	1	1	806	806	0	T	T
D1_N1	0.182309234348	1	2	1	1370	1370	0	T	T
D1_N1	0.182709972313	2	1	1	782	782	0	T	T
D1_N1	0.182901941234	2	1	1	1553	1553	1	G	A
D1_N1	0.184463127072	2	1	1	719	719	0	G	G
D1_N1	0.184542842254	2	1	1	1664	1664	0	T	T
D1_N1	0.184791903908	1	2	1	741	741	0	A	A
D1_N1	0.185048820471	1	2	1	493	493	0	T	T
D1_N1	0.185712163261	2	1	1	639	639	0	A	A
D1_N1	0.186854792484	1	2	1	424	424	0	A	A
D1_N1	0.188537210126	2	1	1	1066	1066	0	T	T
D1_N1	0.188601210949	1	2	1	618	618	0	G	G
D1_N1	0.188862278492	2	1	1	1318	1318	0	T	T
D1_N1	0.189033614534	1	2	1	948	948	0	T	T
D1_N1	0.190313137508	2	1	1	579	579	1	T	G
D1_N1	0.190954934471	1	2	1	363	363	0	A	A
D1_N1	0.191494744231	1	2	1	1182	1182	0	C	C
D1_N1	0.191758162068	1	2	1	622	622	0	A	A
D1_N1	0.192397064933	2	1	1	991	991	0	G	G
D1_N1	0.192828959385	2	1	1	987	987	0	G	G
D1_N1	0.19293411195	2	1	1	1328	1328	0	G	G
D1_N1	0.193038690585	1	2	1	1005	1005	1	C	A
D1_N1	0.194416083741	1	2	1	541	541	1	T	A
D1_N1	0.194685323175	2	1	1	549	549	0	T	T
D1_N1	0.194973849043	1	2	1	358	358	1	A	T
D1_N1	0.197656600404	1	2	1	1568	1568	0	T	T
D1_N1	0.198449642523	2	1	1	1097	1097	1	G	T
D1_N1	0.198686720912	1	2	1	656	656	1	A	G
D1_N1	0.199309080292	2	1	1	255	255	1	C	G
D1_N1	0.199976423944	1	2	1	1496	1496	0	C	C
D1_N1	0.200079270012	1	2	1	964	964	0	T	T
D1_N1	0.200089787033	2	1	1	555	555	1	A	T
D1_N1	0.200571255048	1	2	1	1200	1200	0	T	T
D1_N1	0.200799628132	2	1	1	1634	1634	0	T	T
D1_N1	0.20092344752	1	2	1	390	390	0	T	T
D1_N1	0.202401596894	1	2	1	1327	1327	1	T	G
D1_N1	0.202500317057	1	2	1	1324	1324	0	T	T
D1_N1	0.202520409447	1	2	1	1342	1342	0	T	T
D1_N1	0.202546433311	1	2	1	1018	1018	0	T	T
D1_N1	0.203246358677	1	2	1	452	452	0	T	T
D1_N1	0.203310382324	1	2	1	1315	1315	0	T	T
D1_N1	0.203359324444	2	1	1	1604	1604	0	A	A
D1_N1	0.203953446687	2	1	1	1483	1483	1	A	C
D1_N1	0.203960061567	1	2	1	1531	1531	1	A	G
D1_N1	0.204005010857	1	2	1	18	18	0	C	C
D1_N1	0.204656289984	2	1	1	1536	1536	0	T	T
D1_N1	0.205525839813	1	2	1	6	6	0	A	A
D1_N1	0.205711236019	2	1	1	103	103	0	G	G
D1_N1	0.207295327714	2	1	1	116	116	1	A	G
D1_N1	0.208163821529	2	1	1	661	661	1	C	T
D1_N1	0.208332249233	2	1	1	551	551	0	T	T
D1_N1	0.208860021886	1	2	1	1029	1029	0	T	T
D1_N1	0.209608933628	2	1	1	51	51	0	T	T
D1_N1	0.209922166129	2	1	1	1331	1331	0	T	T
D1_N1	0.211288496094	1	2	1	1138	1138	0	G	G
D1_N1	0.21134593094	2	1	1	298	298	0	C	C
D1_N1	0.211744843919	1	2	1	904	904	0	T	T
D1_N1	0.212010514887	1	2	1	1047	1047	0	G	G
D1_N1	0.214125989077	2	1	1	371	371	0	C	C
D1_N1	0.214128519826	1	2	1	450	450	0	C	C
D1_N1	0.214206118971	2	1	1	1325	1325	1	G	A
D1_N1	0.214461132009	1	2	1	1064	1064	0	C	C
D1_N1	0.215929201502	2	1	1	408	408	0	T	T
D1_N1	0.216321657858	2	1	1	585	585	0	G	G
D1_N1	0.216912820511	1	2	1	633	633	1	C	T
D1_N1	0.218948495559	2	1	1	103	103	0	G	G
D1_N1	0.218956927579	1	2	1	923	923	0	G	G
D1_N1	0.220576886494	2	1	1	729	729	1	G	T
D1_N1	0.221231786855	2	1	1	119	119	0	T	T
D1_N1	0.221381156761	1	2	1	1407	1407	0	T	T
D1_N1	0.222108381713	2	1	1	543	543	0	C	C
D1_N1	0.22299903328	2	1	1	882	882	1	T	G
D1_N1	0.223957786079	2	1	1	984	984	1	G	A
D1_N1	0.225240585874	1	2	1	728	728	0	C	C
D1_N1	0.225596106351	1	2	1	675	675	1	G	T
D1_N1	0.225942312245	2	1	1	994	994	0	C	C
D1_N1	0.226226867754	2	1	1	1347	1347	0	G	G
D1_N1	0.227071340564	2	1	1	434	434	0	G	G
D1_N1	0.227071989419	1	2	1	3	3	0	G	G
D1_N1	0.227266039654	2	1	1	1648	1648	0	G	G
D1_N1	0.227681359537	1	2	1	630	630	1	C	G
D1_N1	0.228100744719	1	2	1	991	991	0	G	G
D1_N1	0.2295505478	1	2	1	1439	1439	0	G	G
D1_N1	0.230185093381	2	1	1	1616	1616	1	G	T
D1_N1	0.23130519818	1	2	1	1264	1264	1	C	T
D1_N1	0.231317917994	2	1	1	413	413	0	C	C
D1_N1	0.231571957981	2	1	1	135	135	1	C	A
D1_N1	0.232219600029	2	1	1	1594	1594	1	C	T
D1_N1	0.232385027977	1	2	1	719	719	0	G	G
D1_N1	0.232980542047	1	2	1	641	641	0	T	T
D1_N1	0.233428746625	1	2	1	1671	1671	0	T	T
N1_N2	0.0010339773661	2	1	1	14	14	0	G	G
N1_N2	0.00206907262047	1	2	1	782	782	0	T	T
N1_N2	0.00327989283915	1	2	1	460	460	0	A	A
N1_N2	0.0042118950035	2	1	1	1247	1247	1	A	G
N1_N2	0.00521474486857	1	2	1	1369	1369	0	C	C
N1_N2	0.00564222805641	2	1	1	521	521	1	G	A
N1_N2	0.00571122245056	2	1	1	634	634	0	A	A
N1_N2	0.00581076537239	2	1	1	774	774	0	T	T
N1_N2	0.00645388753423	2	1	1	203	203	1	C	T
N1_N2	0.00684975155729	2	1	1	366	366	0	A	A
N1_N2	0.00711643062116	1	2	1	734	734	1	C	T
N1_N2	0.0096661052882	1	2	1	1494	1494	1	A	T
N1_N2	0.00970600117464	1	2	1	607	607	1	C	T
N1_N2	0.00977872124091	2	1	1	242	242	0	G	G
N1_N2	0.00990956053711	1	2	1	793	793	0	C	C
N1_N2	0.0102929596407	1	2	1	322	322	0	A	A
N1_N2	0.010571757382	2	1	1	480	480	0	C	C
N1_N2	0.0118159910916	1	2	1	234	234	0	A	A
N1_N2	0.0130349300159	2	1	1	563	563	1	T	C
N1_N2	0.0146340924027	2	1	1	73	73	1	C	T
N1_N2	0.0147758100449	1	2	1	867	867	0	A	A
N2_N3	1.83455847278e-05	1	2	1	614	614	0	C	C
N2_N3	0.00113143135501	1	2	1	1684	1684	1	T	A
N2_N3	0.00138195068193	2	1	1	102	102	1	G	T
N2_N3	0.00176310425172	1	2	1	1072	1072	0	T	T
N2_N3	0.00405398324606	1	2	1	482	482	0	G	G
N2_N3	0.00512007116186	1	2	1	525	525	1	T	C
N2_N3	0.00518475746873	1	2	1	1338	1338	0	A	A
N2_N3	0.00526758011277	1	2	1	22	22	1	C	T
N2_N3	0.00539551977882	2	1	1	644	644	1	C	T
N2_N3	0.00543138278489	2	1	1	237	237	0	T	T
N2_N3	0.00555958202498	1	2	1	1266	1266	0	G	G
N2_N3	0.00576210896844	2	1	1	747	747	1	A	T
N2_N3	0.00587119503404	2	1	1	1110	1110	1	C	T
N2_N3	0.00654356425404	1	2	1	564	564	1	A	G
N3_N4	0.00105819822944	2	1	1	1405	1405	1	C	T
N3_N4	0.00139998855082	2	1	1	256	256	0	A	A
N3_N4	0.00147653827709	2	1	1	1624	1624	0	C	C
N3_N4	0.00157577388187	1	2	1	259	259	0	A	A
N3_N4	0.00204791586952	1	2	1	618	618	0	G	G
N3_N4	0.00311971630239	2	1	1	920	920	0	G	G
N3_N4	0.00314233696411	2	1	1	451	451	1	G	T
N3_N4	0.00529990794059	2	1	1	549	549	0	T	T
N3_N4	0.00588448050729	1	2	1	561	561	0	C	C
N3_N4	0.0060632966431	2	1	1	373	373	0	A	A
N3_N4	0.00608588262521	2	1	1	358	358	1	C	A
N3_N4	0.00676861103323	2	1	1	241	241	1	G	A
N3_N4	0.0071310626466	2	1	1	236	236	1	A	T
N3_N4	0.00734742537355	1	2	1	389	389	1	T	A
N3_N4	0.00771358137365	1	2	1	1200	1200	0	T	T
N3_N4	0.00838508685687	1	2	1	1265	1265	0	A	A
N3_N4	0.00874452284326	2	1	1	811	811	1	G	C
N4_Human	0.000812998701206	2	1	1	172	172	0	T	T
N4_Human	0.00157982010362	2	1	1	1419	1419	0	T	T
N4_Human	0.00158346672436	2	1	1	187	187	0	A	A
N4_Human	0.00167095666947	2	1	1	1007	1007	0	G	G
N4_Human	0.00209448873562	2	1	1	514	514	0	A	A
N4_Human	0.00236700773535	1	2	1	945	945	0	A	A
N4_Human	0.0030608732849	2	1	1	9	9	0	T	T
N4_Human	0.00323370674901	2	1	1	465	465	0	C	C
N4_Human	0.00406194860876	2	1	1	1205	1205	1	T	G
N4_Human	0.00417551124162	2	1	1	69	69	0	T	T
N4_Human	0.00434407330984	1	2	1	315	315	0	T	T
N4_Human	0.00529136061811	2	1	1	484	484	0	T	T
N4_Human	0.00584863180841	2	1	1	1675	1675	1	T	C
N4_Human	0.00598687207685	2	1	1	31	31	0	T	T
N4_Human	0.00619949994542	2	1	1	1304	1304	1	G	T
N4_Human	0.00655070267364	2	1	1	432	432	0	C	C
N4_Human	0.00693782579724	1	2	1	1448	1448	1	C	T
N4_Human	0.0076998351903	2	1	1	32	32	0	G	G
N4_Human	0.00813175761783	1	2	1	1508	1508	1	T	C
N4_Human	0.00870301219264	2	1	1	1351	1351	0	T	T
N4_Human	0.00871298720622	1	2	1	969	969	0	T	T
N4_Human	0.00947558850453	1	2	1	1143	1143	1	C	A
N4_Human	0.0102952796623	2	1	1	1678	1678	0	G	G
N4_Chimp	0.000562511097755	2	1	1	601	601	0	C	C
N4_Chimp	0.00313066463235	1	2	1	1636	1636	1	G	T
N4_Chimp	0.00372305761243	1	2	1	1357	1357	0	G	G
N4_Chimp	0.00399117343621	1	2	1	751	751	0	T	T
N4_Chimp	0.00408571213224	2	1	1	659	659	1	T	A
N4_Chimp	0.0049720878312	1	2	1	538	538	0	A	A
N4_Chimp	0.00549486562496	2	1	1	816	816	0	A	A
N4_Chimp	0.00562829168597	1	2	1	905	905	0	T	T
N4_Chimp	0.00628565386469	2	1	1	1137	1137	0	C	C
N4_Chimp	0.00689450921977	2	1	1	1290	1290	1	G	C
N4_Chimp	0.00746147608157	1	2	1	717	717	0	T	T
N4_Chimp	0.00871624228075	2	1	1	63	63	0	A	A
N4_Chimp	0.00915212109944	1	2	1	339	339	1	T	C
N4_Chimp	0.00921823639807	1	2	1	998	998	1	C	T
N4_Chimp	0.0100703569035	2	1	1	893	893	1	C	A
N4_Chimp	0.0100762451623	2	1	1	41	41	0	T	T
N4_Chimp	0.0101407755633	2	1	1	926	926	0	T	T
N4_Chimp	0.0105276157417	2	1	1	866	866	0	G	G
N4_Chimp	0.0108288160279	1	2	1	1698	1698	1	G	T
N4_Chimp	0.0108393536657	2	1	1	985	985	0	C	C
N3_Goril	0.00126997728965	2	1	1	1029	1029	0	T	T
N3_Goril	0.00183991164926	2	1	1	639	639	0	A	A
N3_Goril	0.00235214799051	2	1	1	1586	1586	1	G	A
N3_Goril	0.00414587763817	1	2	1	492	492	0	G	G
N3_Goril	0.00435648914691	2	1	1	1424	1424	1	A	G
N3_Goril	0.00480126915036	2	1	1	155	155	1	A	T
N3_Goril	0.00486517125846	1	2	1	1122	1122	0	T	T
N3_Goril	0.00550645076337	1	2	1	362	362	1	C	G
N3_Goril	0.00563030496245	1	2	1	839	839	0	T	T
N3_Goril	0.0067169245866	1	2	1	1523	1523	0	T	T
N3_Goril	0.00936402095604	2	1	1	1065	1065	1	G	A
N3_Goril	0.00938001832116	1	2	1	701	701	0	A	A
N3_Goril	0.0107740588889	2	1	1	116	116	0	A	A
N3_Goril	0.0111980956285	2	1	1	849	849	0	G	G
N3_Goril	0.0122557480562	1	2	1	1069	1069	0	A	A
N3_Goril	0.0131124083339	1	2	1	1254	1254	0	C	C
N3_Goril	0.0146773283128	2	1	1	56	56	1	A	G
N3_Goril	0.0149968857043	2	1	1	1523	1523	0	T	T
N3_Goril	0.0151012767829	2	1	1	1014	1014	1	T	C
N3_Goril	0.0157238772989	1	2	1	1472	1472	0	C	C
N3_Goril	0.0162240465544	1	2	1	221	221	1	A	C
N3_Goril	0.0169108070247	1	2	1	1505	1505	0	C	C
N3_Goril	0.0184952867339	1	2	1	459	459	0	C	C
N3_Goril	0.0192388551334	1	2	1	67	67	1	T	A
N3_Goril	0.0193918264452	2	1	1	894	894	0	T	T
N3_Goril	0.0197904286838	2	1	1	901	901	1	C	T
N3_Goril	0.0199505290583	1	2	1	299	299	1	A	G
N2_Orang	1.15802530158e-05	1	2	1	1365	1365	1	T	A
N2_Orang	0.000573372672682	2	1	1	1722	1722	1	G	A
N2_Orang	0.0019020134678	1	2	1	1088	1088	1	T	G
N2_Orang	0.00219643038553	2	1	1	879	879	0	G	G
N2_Orang	0.00252647433002	1	2	1	974	974	0	C	C
N2_Orang	0.00266144685294	1	2	1	850	850	0	T	T
N2_Orang	0.00267497801552	2	1	1	1652	1652	0	G	G
N2_Orang	0.00323346488997	2	1	1	287	287	1	A	G
N2_Orang	0.00350614980237	1	2	1	1459	1459	0	T	T
N2_Orang	0.0041965897905	2	1	1	708	708	0	G	G
N2_Orang	0.00483764757798	2	1	1	420	420	1	T	G
N2_Orang	0.00622099921944	1	2	1	1700	1700	1	A	G
N2_Orang	0.00641932929932	1	2	1	264	264	0	A	A
N2_Orang	0.00659254915804	2	1	1	677	677	0	A	A
N2_Orang	0.00717260879412	1	2	1	1691	1691	0	G	G
N2_Orang	0.00741010912987	2	1	1	313	313	1	G	C
N2_Orang	0.00797287328233	1	2	1	359	359	1	G	A
N2_Orang	0.00870736294603	1	2	1	1030	1030	1	T	A
N2_Orang	0.00907401951263	1	2	1	1691	1691	0	G	G
N2_Orang	0.00917199190816	2	1	1	1103	1103	0	A	A
N2_Orang	0.00939981284364	1	2	1	1259	1259	1	G	T
N2_Orang	0.00970771634663	2	1	1	837	837	0	A	A
N2_Orang	0.0101524216852	2	1	1	375	375	0	C	C
N2_Orang	0.0106779867938	2	1	1	1574	1574	1	A	T
N2_Orang	0.0120121944866	2	1	1	1011	1011	0	A	A
N2_Orang	0.0121890883378	2	1	1	1523	1523	0	T	T
N2_Orang	0.0130903291845	1	2	1	1367	1367	0	A	A
N2_Orang	0.0132843140919	1	2	1	1612	1612	0	T	T
N2_Orang	0.0140599184591	1	2	1	1717	1717	0	T	T
N2_Orang	0.0146205962201	2	1	1	870	870	1	T	C
N2_Orang	0.0150042119328	2	1	1	989	989	0	T	T
N2_Orang	0.0161994952039	1	2	1	614	614	0	C	C
N2_Orang	0.016864681371	1	2	1	1678	1678	1	G	A
N2_Orang	0.0170258784223	2	1	1	30	30	0	T	T
N2_Orang	0.0175457215831	2	1	1	532	532	1	T	C
N2_Orang	0.0175737702773	2	1	1	903	903	1	A	C
N2_Orang	0.0175755854429	2	1	1	1469	1469	0	A	A
N1_Macaq	0.000413883341586	1	2	1	1432	1432	0	C	C
N1_Macaq	0.00190314225573	1	2	1	1090	1090	0	A	A
N1_Macaq	0.00281269156894	1	2	1	141	141	0	C	C
N1_Macaq	0.00282868426219	2	1	1	1216	1216	0	T	T
N1_Macaq	0.00341618052527	2	1	1	1109	1109	1	A	G
N1_Macaq	0.00352964286269	2	1	1	178	178	1	G	A
N1_Macaq	0.00372065943501	2	1	1	563	563	1	T	C
N1_Macaq	0.00436580798044	1	2	1	1305	1305	0	T	T
N1_Macaq	0.00536067272969	2	1	1	1718	1718	0	A	A
N1_Macaq	0.00536792459972	1	2	1	1023	1023	0	C	C
N1_Macaq	0.00696025934898	2	1	1	1583	1583	0	A	A
N1_Macaq	0.00744073903375	1	2	1	756	756	1	G	T
N1_Macaq	0.00766756637005	2	1	1	1125	1125	0	C	C
N1_Macaq	0.00869809306841	2	1	1	445	445	1	G	C
N1_Macaq	0.00883860293669	1	2	1	143	143	0	A	A
N1_Macaq	0.00987890048592	1	2	1	147	147	1	T	A
N1_Macaq	0.0106517781038	1	2	1	1519	1519	0	G	G
N1_Macaq	0.0107166490373	2	1	1	218	218	0	G	G
N1_Macaq	0.0110017397894	2	1	1	885	885	0	T	T
N1_Macaq	0.0112549968774	2	1	1	545	545	1	G	A
N1_Macaq	0.011711140946	2	1	1	1355	1355	0	A	A
N1_Macaq	0.0118001602975	2	1	1	1389	1389	0	T	T
N1_Macaq	0.0134288662106	1	2	1	899	899	0	A	A
N1_Macaq	0.0135873417802	1	2	1	1650	1650	0	G	G
N1_Macaq	0.0143238472772	2	1	1	1354	1354	1	T	C
N1_Macaq	0.014440655717	1	2	1	937	937	0	G	G
N1_Macaq	0.0151340733103	2	1	1	245	245	0	C	C
N1_Macaq	0.0161089466393	1	2	1	1482	1482	1	C	A
N1_Macaq	0.0176397648904	2	1	1	727	727	0	G	G
N1_Macaq	0.0183761994851	2	1	1	142	142	1	C	T
N1_Macaq	0.0193487620681	1	2	1	806	806	0	T	T
N1_Macaq	0.0204247929096	1	2	1	371	371	0	C	C
N1_Macaq	0.0209812942012	1	2	1	928	928	1	A	G
N1_Macaq	0.0212302460497	1	2	1	355	355	0	C	C
N1_Macaq	0.0219375109334	1	2	1	232	232	0	A	A
N1_Macaq	0.0220776874424	1	2	1	1214	1214	1	A	G
N1_Macaq	0.0222739479107	2	1	1	1357	1357	0	G	G
N1_Macaq	0.0228713896019	1	2	1	118	118	0	T	T
N1_Macaq	0.0231237065685	1	2	1	948	948	0	T	T
N1_Macaq	0.0236782158691	1	2	1	417	417	0	A	A
N1_Macaq	0.0252481913501	1	2	1	342	342	0	T	T
N1_Macaq	0.0253608803649	1	2	1	174	174	0	A	A
N1_Macaq	0.0253994163007	2	1	1	670	670	1	A	T
N1_Macaq	0.0260015535075	1	2	1	1492	1492	0	A	A
N1_Macaq	0.0266953585802	1	2	1	636	636	0	G	G
N1_Macaq	0.0268402246763	2	1	1	1316	1316	0	T	T
N1_Macaq	0.027063462762	2	1	1	204	204	1	T	G
N1_Macaq	0.0275113761945	2	1	1	1591	1591	0	G	G
N1_Macaq	0.0276461753226	1	2	1	526	526	0	C	C
N1_Macaq	0.0277400879405	1	2	1	243	243	1	A	C
N1_Macaq	0.0279104247822	1	2	1	9	9	0	T	T
N1_Macaq	0.0283041630573	1	2	1	1636	1636	1	G	T
N1_Macaq	0.0283217481951	1	2	1	356	356	0	G	G
N1_Macaq	0.0289072407063	1	2	1	1637	1637	1	C	T
N1_Macaq	0.0295701985785	2	1	1	1697	1697	0	A	A
N1_Macaq	0.0300890090883	2	1	1	587	587	0	T	T
N1_Macaq	0.0304211035142	1	2	1	3	3	0	G	G
N1_Macaq	0.030673219461	1	2	1	1558	1558	0	A	A
N1_Macaq	0.0308936286386	2	1	1	89	89	1	C	G
N1_Macaq	0.0313588035797	1	2	1	1071	1071	1	G	A
N1_Macaq	0.0316019818958	1	2	1	451	451	1	T	G
N1_Macaq	0.0322308105878	2	1	1	30	30	0	T	T
N1_Macaq	0.0322328974412	2	1	1	124	124	0	C	C
N1_Macaq	0.0323469119913	2	1	1	549	549	0	T	T
N1_Macaq	0.0325254111646	2	1	1	934	934	0	A	A
N1_Macaq	0.0334258708217	1	2	1	946	946	1	T	G
N1_Macaq	0.0341309691847	2	1	1	1040	1040	1	A	G
N1_Macaq	0.034182226928	1	2	1	790	790	0	C	C
N1_Macaq	0.0348030112321	2	1	1	1459	1459	0	T	T
N1_Macaq	0.0363084700654	1	2	1	55	55	0	A	A
N1_Macaq	0.0364302184871	1	2	1	75	75	0	C	C
N1_Macaq	0.0367401453699	1	2	1	1599	1599	1	G	C
N1_Macaq	0.0371771298291	1	2	1	209	209	0	T	T
N1_Macaq	0.0374926624367	1	2	1	1361	1361	0	T	T
N1_Macaq	0.0395078785319	2	1	1	1649	1649	0	C	C
N1_Macaq	0.0395760798306	2	1	1	822	822	1	T	G
N1_Macaq	0.0407799010544	1	2	1	1314	1314	0	G	G
N1_Macaq	0.0409782974449	1	2	1	1063	1063	0	T	T
N1_Macaq	0.04127665655	2	1	1	1139	1139	1	T	C
N1_Macaq	0.0414173373148	1	2	1	78	78	1	A	G
