edge	time	orlg_from	orlg_to	tract_length	start_pos	stop_pos	num_diff	template_seq	overide_seq
D1_N1	6.98812160345e-06	1	2	5	431	435	0	TTGCG	TTGCG
D1_N1	0.00049352351859	1	2	35	706	740	0	TAACTTACCATTATGATTAACATACGTCATAGATT	TAACTTACCATTATGATTAACATACGTCATAGATT
D1_N1	0.00258703258676	1	2	2	714	715	0	CA	CA
D1_N1	0.00282352610605	1	2	9	88	96	0	TTTTCTATA	TTTTCTATA
N1_castellii	2.94876459806e-05	1	2	1	638	638	0	G	G
N1_castellii	0.00114608716464	2	1	21	757	777	1	TTTTACACAACTCCAATCCTC	TTTTACAGAACTCCAATCCTC
N1_castellii	0.00120907989767	2	1	6	551	556	1	CAATCG	AAATCG
N1_castellii	0.00148903018957	1	2	6	732	737	0	TCATAG	TCATAG
N1_castellii	0.00160684440952	1	2	9	17	25	0	TCAGGTTAC	TCAGGTTAC
N1_castellii	0.00226886832237	2	1	4	450	453	0	TCGG	TCGG
N1_castellii	0.00333267457511	2	1	2	159	160	0	CA	CA
N1_castellii	0.00338811452136	1	2	3	847	849	0	TGT	TGT
N1_castellii	0.00360691684496	1	2	15	514	528	0	ACAACACTGTCCAAA	ACAACACTGTCCAAA
N1_castellii	0.0037730325112	1	2	2	823	824	0	CT	CT
N1_castellii	0.00393311297783	2	1	8	454	461	0	ATATGACA	ATATGACA
N1_castellii	0.00624116124942	1	2	2	447	448	0	CC	CC
N1_castellii	0.00671201496205	1	2	11	85	95	1	AGCTTTTCTAT	AGCTATTCTAT
N1_castellii	0.00678759281406	2	1	15	7	21	0	ATTTTGGCGTTCAGG	ATTTTGGCGTTCAGG
N1_castellii	0.00680406934262	2	1	1	605	605	1	A	G
N1_castellii	0.00681285817655	1	2	4	267	270	2	CTAA	CTGG
N1_castellii	0.00713123975315	2	1	2	709	710	1	CT	CC
N1_castellii	0.00745741246935	1	2	1	160	160	0	A	A
N1_castellii	0.00752772064405	2	1	2	432	433	0	TG	TG
N1_castellii	0.00756574047228	2	1	16	687	702	0	CGTAATTGGCACAATA	CGTAATTGGCACAATA
N1_castellii	0.00801493383904	2	1	2	395	396	1	AG	AA
N1_castellii	0.00824832130031	2	1	12	522	533	1	GTCCAAACACAC	GTCCAAACACAT
N1_castellii	0.00830232025072	2	1	2	685	686	0	AC	AC
N1_castellii	0.00897991018583	2	1	16	641	656	0	GACCAAGACTCCCATT	GACCAAGACTCCCATT
N1_castellii	0.0092415458657	2	1	8	199	206	1	ACGCAATA	ACGCAACA
N1_castellii	0.00931251176168	2	1	9	447	455	0	CCCTCGGAT	CCCTCGGAT
N1_castellii	0.0102472732532	2	1	9	283	291	0	ACCAACCCT	ACCAACCCT
N1_castellii	0.010337846766	2	1	11	854	864	2	CAGTTGTATCC	AAGATGTATCC
N1_castellii	0.0107028802233	1	2	30	399	428	4	TTTATCATTAGTTCAGAGTTACTCGCCAAG	TTTATAATCAGTTCAGAATTGCTCGCCAAG
N1_castellii	0.0120637677019	2	1	12	491	502	1	CAAATCTGATTA	TAAATCTGATTA
N1_castellii	0.012439214969	2	1	2	833	834	0	GG	GG
N1_castellii	0.012454060296	2	1	15	127	141	0	TAAGAATAGCCATAC	TAAGAATAGCCATAC
N1_castellii	0.013375518723	1	2	12	306	317	0	CGGCAATGTCTG	CGGCAATGTCTG
N1_castellii	0.0136256581222	1	2	7	263	269	0	CAGACTA	CAGACTA
N1_castellii	0.0138180230697	1	2	26	523	548	1	TCCAAACACACGTTGTGTCGTCCACA	TCCAAACACACGTTGTATCGTCCACA
N1_castellii	0.0138508252828	2	1	6	14	19	0	CGTTCA	CGTTCA
N1_castellii	0.0153756087608	2	1	14	576	589	1	ACAAATAAAATGTA	ACAAATAAAATATA
N1_castellii	0.0157180975087	2	1	4	26	29	0	TTAC	TTAC
N1_castellii	0.0169419346435	2	1	16	830	845	0	TCCGGGCGCGCCAAAA	TCCGGGCGCGCCAAAA
N1_castellii	0.0170029873055	1	2	3	527	529	0	AAC	AAC
N1_castellii	0.0172165649304	1	2	8	479	486	1	GAACAATC	TAACAATC
N1_N2	0.00101329497526	2	1	4	725	728	1	ACAC	ACAT
N1_N2	0.0011344032026	2	1	4	67	70	0	TCAG	TCAG
N1_N2	0.00344920472582	1	2	16	222	237	0	AATCTTTCACTCTCAT	AATCTTTCACTCTCAT
N1_N2	0.00402967674591	1	2	6	546	551	2	ACAGTA	ACGGTT
N1_N2	0.00527738143566	2	1	18	172	189	1	TACGATTAATTTTTCCGC	TACGATTAATCTTTCCGC
N1_N2	0.0054983428962	1	2	7	126	132	0	TTAAGAA	TTAAGAA
N1_N2	0.00578654906143	2	1	12	764	775	1	CAACTCCAATCC	GAACTCCAATCC
N1_N2	0.00590508659535	1	2	21	295	315	2	CTCTATATAACCGGCAATGCC	CTCTATATAAACGGCAATGTC
N1_N2	0.00600319348413	2	1	1	297	297	0	C	C
N1_N2	0.00620729949874	1	2	14	300	313	0	TATAACCGGCAATG	TATAACCGGCAATG
N1_N2	0.00708728667572	1	2	10	675	684	1	GCACATCCTT	GCACATCCTC
N1_N2	0.00724940199018	2	1	14	2	15	0	CATCTATTTTGGCG	CATCTATTTTGGCG
N1_N2	0.00825926704187	2	1	9	559	567	0	AATAACCAA	AATAACCAA
N1_N2	0.00830562686441	2	1	11	678	688	0	CATCCTTACCG	CATCCTTACCG
N1_N2	0.00835278576423	2	1	12	524	535	0	CCAAACACACGT	CCAAACACACGT
N1_N2	0.00898893854187	1	2	3	732	734	0	TCA	TCA
N1_N2	0.00989387222605	1	2	2	224	225	0	TC	TC
N1_N2	0.0101995851027	1	2	21	112	132	1	ATCATAACTCTCGATTAAGAA	AACATAACTCTCGATTAAGAA
N1_N2	0.0103957753842	2	1	1	549	549	0	G	G
N1_N2	0.0107399360795	2	1	8	19	26	0	AGGTTACT	AGGTTACT
N1_N2	0.0107597216734	2	1	2	626	627	0	AG	AG
N1_N2	0.0116198389038	2	1	11	157	167	2	AGCAAATTTAT	AACATATTTAT
N1_N2	0.0142604148208	1	2	5	314	318	0	CCTGC	CCTGC
N1_N2	0.0143677246451	2	1	1	461	461	0	A	A
N1_N2	0.0144422929613	2	1	25	308	332	1	GCAATGCCTGCAACAGACGCCACTT	GCAATGCCTGCAACAAACGCCACTT
N1_N2	0.0148661980202	2	1	2	476	477	1	GT	AT
N1_N2	0.015045530486	2	1	2	80	81	0	AT	AT
N1_N2	0.0153494288952	1	2	3	242	244	0	AAC	AAC
N2_bayanus	0.00028169097467	2	1	16	805	820	0	GACTTTCGTCCAGACA	GACTTTCGTCCAGACA
N2_bayanus	0.000476796207189	2	1	12	266	277	3	ACTGAACGCGTC	ACTAAATACGTC
N2_bayanus	0.00223158963955	2	1	7	465	471	1	CACCAGT	CATCAGT
N2_bayanus	0.00226929255511	1	2	7	859	865	0	GTATCCC	GTATCCC
N2_N3	2.22135246566e-05	1	2	6	670	675	1	AGAGCG	AAAGCG
N2_N3	0.000231496501236	1	2	3	173	175	0	ACG	ACG
N2_N3	0.000482624592414	2	1	4	508	511	0	AAAC	AAAC
N2_N3	0.000569649676702	2	1	9	444	452	1	TCTCCTTCG	TCTCCCTCG
N2_N3	0.0017786148156	2	1	7	301	307	1	ATAACCG	ATAAACG
N3_kudriavzevii	0.000403775003531	1	2	9	123	131	1	CGATTAAGA	CGATTAAGT
N3_kudriavzevii	0.000625803544061	1	2	13	69	81	1	AGTCGGCGCTAAT	AGTCGGCGATAAT
N3_kudriavzevii	0.00115885030229	1	2	5	40	44	1	CCATA	CCATG
N3_kudriavzevii	0.00127944636108	2	1	1	828	828	1	A	C
N3_kudriavzevii	0.00132518507585	2	1	23	160	182	1	AAATTTATACTGTACGATTAATT	AAATTTATACCGTACGATTAATT
N3_kudriavzevii	0.00141636652988	1	2	7	315	321	0	CTGCAAC	CTGCAAC
N3_kudriavzevii	0.00151327052441	2	1	12	132	143	0	ATAGCCATACAC	ATAGCCATACAC
N3_kudriavzevii	0.00194175139586	2	1	30	0	29	3	CGCATCTATTTTGGCGTCCAGGTTACTTAC	CGCATTTATTTTGGCGTTCAGGTCACTTAC
N3_kudriavzevii	0.00211120786503	2	1	4	454	457	1	ATGT	ATAT
N3_kudriavzevii	0.00213716119976	1	2	16	231	246	0	CTCTCATTACCAACGC	CTCTCATTACCAACGC
N3_kudriavzevii	0.00220110218771	1	2	8	737	744	1	GATTTTAC	GATTTTGC
N3_kudriavzevii	0.00229294139485	2	1	4	838	841	0	CGCC	CGCC
N3_kudriavzevii	0.00281246007455	2	1	2	625	626	0	CA	CA
N3_kudriavzevii	0.00304448431949	1	2	24	137	160	1	CATACACATGAGCAAGTTTAAGCA	CATACACATAAGCAAGTTTAAGCA
N3_kudriavzevii	0.00304856439187	2	1	1	847	847	0	T	T
N3_kudriavzevii	0.00397825965584	2	1	12	865	865	0	C	C
N3_kudriavzevii	0.0040358617717	2	1	4	498	501	0	GATT	GATT
N3_kudriavzevii	0.00443024345786	2	1	9	36	44	1	CTTACCATA	TTTACCATA
N3_N4	0.000309231511509	1	2	7	763	769	1	ACAATTC	ACAACTC
N3_N4	0.000552937904367	1	2	8	802	809	1	TGCGACTT	TACGACTT
N4_mikatae	0.00267390232239	1	2	4	405	408	0	ATTA	ATTA
N4_mikatae	0.00321396693777	1	2	14	559	572	3	AATAACCGATGTGC	AATATCCAATGTGT
N4_mikatae	0.00328339130392	2	1	6	755	760	1	CATTTT	CAATTT
N4_mikatae	0.00334173926426	1	2	16	828	843	3	CATCCAGGTGCGCCAA	AACCCGGGTGCGCCAA
N4_N5	6.39750759392e-05	1	2	8	694	701	1	GGCACAAT	GGCACAAC
N4_N5	0.000121158992765	2	1	10	352	361	1	AGCTTTTGCA	AACTTTTGCA
N4_N5	0.000148579945113	1	2	24	767	790	3	TTCCAATCCTCGAAGTGAATATCG	TTCCAATCCTCGAAGCGAATACCA
N4_N5	0.000203662325359	2	1	3	218	220	0	AAA	AAA
N4_N5	0.000817572581755	1	2	17	312	328	0	TGCCTGCAACAGACGCC	TGCCTGCAACAGACGCC
N5_paradoxus	0.000511859351343	2	1	3	835	837	0	GTG	GTG
N5_paradoxus	0.00126462818825	2	1	2	626	627	0	AG	AG
N5_paradoxus	0.00185866755396	2	1	3	212	214	0	CAA	CAA
N5_paradoxus	0.00252782596726	2	1	3	148	150	0	GCA	GCA
N5_cerevisiae	5.78570464743e-05	2	1	4	540	543	0	TCGT	TCGT
N5_cerevisiae	0.000424808186493	2	1	10	350	359	0	AAAGCTTTTG	AAAGCTTTTG
N5_cerevisiae	0.000591809895684	2	1	4	113	116	1	TCAT	CCAT
N5_cerevisiae	0.00113161846747	1	2	4	488	491	1	AGTT	AGTC
N5_cerevisiae	0.00127504756236	2	1	2	464	465	0	CC	CC
N5_cerevisiae	0.00130417108835	2	1	24	701	724	4	TACACTGACTTACCATTATGATTA	TACACTAACCTACCATTACGATCA
N5_cerevisiae	0.00141665911036	2	1	6	862	865	0	TCCC	TCCC
