edge	time	mut_orlg	mut_pos	old_state	new_state
N0_D1	0.00115020517819	0	166	A	G
N0_D1	0.00154378568036	0	357	C	T
N0_D1	0.00275151036619	0	18	C	T
N0_D1	0.00333903625256	0	360	A	T
N0_D1	0.00389068153587	0	175	A	G
N0_D1	0.00654342430484	0	139	C	A
N0_D1	0.00782840632591	0	132	G	C
N0_D1	0.0116658332736	0	100	C	T
N0_D1	0.018285390635	0	217	C	T
N0_D1	0.0191280224432	0	64	G	C
N0_D1	0.0272041866996	0	274	C	A
N0_D1	0.0276331974019	0	63	T	G
N0_D1	0.0305234109459	0	31	A	G
N0_D1	0.0335396889712	0	398	C	T
N0_D1	0.0400158792727	0	138	G	C
N0_D1	0.0452082192826	0	98	C	T
N0_D1	0.0454546819782	0	285	T	C
N0_D1	0.0482723134765	0	396	G	A
D1_N1	0.00191977344387	1	311	C	T
D1_N1	0.00318781217837	2	377	C	A
D1_N1	0.00387339943368	2	158	C	A
D1_N1	0.00529186574723	2	272	G	C
D1_N1	0.00628636958084	2	243	G	T
D1_N1	0.00767627285058	2	76	C	T
D1_N1	0.00948740138913	2	175	G	T
D1_N1	0.00962368395172	1	26	G	A
D1_N1	0.0116532066695	2	163	G	A
D1_N1	0.0126378059145	2	305	G	C
D1_N1	0.0152049410025	2	395	A	T
D1_N1	0.0153922497248	1	142	A	C
D1_N1	0.015984252879	2	339	G	A
D1_N1	0.0170647382427	1	31	G	A
D1_N1	0.0195194391699	2	389	T	A
D1_N1	0.023498128652	2	264	G	T
D1_N1	0.0235121736946	2	24	A	G
D1_N1	0.0237588135201	1	272	G	A
D1_N1	0.0247224308038	2	235	C	A
D1_N1	0.0251243930982	1	26	A	G
D1_N1	0.0262577549045	2	290	T	G
D1_N1	0.0268259294413	1	238	T	C
D1_N1	0.0319630538327	2	137	A	G
D1_N1	0.0338209508396	2	266	G	C
D1_N1	0.0342214703793	2	343	A	T
D1_N1	0.0344136515902	2	349	A	G
D1_N1	0.0352012272589	2	238	T	A
D1_N1	0.0361205702864	1	41	A	G
D1_N1	0.0368531553265	1	143	T	C
D1_N1	0.0391462406171	1	242	C	T
D1_N1	0.0392683641728	2	250	T	A
D1_N1	0.0398439188829	1	27	A	G
D1_N1	0.0406937788447	2	128	A	T
D1_N1	0.0440829006918	2	141	G	A
D1_N1	0.0441736277805	1	380	T	C
D1_N1	0.0454398372961	2	356	A	G
D1_N1	0.047352714022	1	57	G	A
D1_N1	0.0487569489189	1	387	T	G
D1_N1	0.0498823569126	2	305	C	G
D1_N1	0.0509015364416	2	393	C	A
D1_N1	0.052738386199	2	230	A	T
D1_N1	0.0527994198998	1	359	C	T
D1_N1	0.0532649311047	1	69	G	A
D1_N1	0.0537394128876	1	266	G	A
D1_N1	0.0578595787135	2	308	G	A
D1_N1	0.0603778711074	2	325	A	T
D1_N1	0.060886962185	2	391	T	A
D1_N1	0.0610037437388	2	131	A	G
D1_N1	0.0635342948609	1	64	C	A
D1_N1	0.0671935624255	1	117	C	G
D1_N1	0.0680160788024	2	142	A	T
D1_N1	0.0698002606388	2	159	T	C
D1_N1	0.0713706585504	1	257	T	A
D1_N1	0.0714784444988	2	135	T	C
D1_N1	0.0721126247734	2	95	T	A
D1_N1	0.0752335008205	1	317	G	A
D1_N1	0.076477274238	2	184	C	A
D1_N1	0.077199074872	2	222	G	A
D1_N1	0.0789907532927	2	157	C	T
D1_N1	0.080069622377	2	222	A	G
D1_N1	0.0831453965527	2	162	G	A
D1_N1	0.0853738675535	2	40	A	G
D1_N1	0.0861051610433	2	110	G	A
D1_N1	0.0880481062204	2	322	C	A
D1_N1	0.0885383840026	2	98	T	G
D1_N1	0.0913367496086	2	166	G	C
D1_N1	0.093309675939	1	228	G	A
D1_N1	0.0938261976265	2	142	T	A
D1_N1	0.0956915201981	2	362	G	A
D1_N1	0.0971595209738	1	235	C	T
D1_N1	0.0979979437307	1	232	A	G
D1_N1	0.100830434836	2	73	T	C
D1_N1	0.104207391635	1	290	T	C
D1_N1	0.107324550707	2	385	T	G
D1_N1	0.109184288156	1	101	T	C
D1_N1	0.110882347448	1	19	G	A
D1_N1	0.111086789773	2	141	A	T
D1_N1	0.111259923025	1	7	G	T
D1_N1	0.111347893518	1	233	A	C
D1_N1	0.111582203099	1	389	T	A
D1_N1	0.111592062795	1	67	A	T
D1_N1	0.112240823121	1	162	G	C
D1_N1	0.112477595473	2	257	T	G
D1_N1	0.11303104366	1	26	G	C
D1_N1	0.113596728462	1	94	T	A
D1_N1	0.113855775606	1	354	T	G
D1_N1	0.114020733083	1	380	C	A
D1_N1	0.114146329139	2	319	C	A
D1_N1	0.114681189546	2	342	T	A
D1_N1	0.115175524041	2	148	C	T
D1_N1	0.115978747314	1	193	A	T
D1_N1	0.116567729516	2	283	G	A
D1_N1	0.116738301227	1	194	A	G
D1_N1	0.118901165916	1	268	G	A
D1_N1	0.119892977456	1	350	C	T
D1_N1	0.120158676908	1	392	G	C
D1_N1	0.120518418696	1	44	T	C
D1_N1	0.120988490773	2	261	T	C
D1_N1	0.122593587528	2	89	A	G
D1_N1	0.123216621454	2	65	G	C
D1_N1	0.123263205529	1	144	A	C
D1_N1	0.123678403995	2	243	T	G
D1_N1	0.12570949934	1	383	A	T
D1_N1	0.126978715369	2	339	A	T
D1_N1	0.12722536455	1	295	A	G
D1_N1	0.128954468893	2	137	G	C
D1_N1	0.12968493389	2	283	A	G
D1_N1	0.130742937466	1	82	C	T
D1_N1	0.13352726076	1	180	T	A
D1_N1	0.134110644622	1	84	G	C
D1_N1	0.134223186716	1	262	G	T
D1_N1	0.137154471462	1	194	G	A
D1_N1	0.139015473066	2	261	C	T
D1_N1	0.139531966615	1	233	C	T
D1_N1	0.13978945457	2	8	C	A
D1_N1	0.140716990572	1	119	C	T
D1_N1	0.141405377403	1	162	C	A
D1_N1	0.143498696512	2	255	C	T
D1_N1	0.144800455705	1	306	G	A
D1_N1	0.145109394115	1	245	G	A
D1_N1	0.145525942104	2	306	G	T
D1_N1	0.146444897317	2	366	C	T
D1_N1	0.146449143823	2	362	A	T
D1_N1	0.147436765207	2	10	A	G
D1_N1	0.149473647093	2	18	T	A
D1_N1	0.153650811073	2	342	A	T
D1_N1	0.154521433646	1	80	G	C
D1_N1	0.15746657022	1	179	T	A
D1_N1	0.159183685986	2	321	G	C
D1_N1	0.159470340268	1	12	A	G
D1_N1	0.159660320335	2	323	C	A
D1_N1	0.160865235746	2	398	T	G
D1_N1	0.163870582755	2	75	A	C
D1_N1	0.164534970171	2	189	T	C
D1_N1	0.164677446204	1	314	A	T
D1_N1	0.165136232322	2	385	G	A
D1_N1	0.166632606218	1	71	C	A
D1_N1	0.168728114845	2	384	G	T
D1_N1	0.169582633627	1	181	A	G
D1_N1	0.169732209495	2	275	C	G
D1_N1	0.169776626836	1	374	C	G
D1_N1	0.171651716005	2	70	A	T
D1_N1	0.171740997967	2	214	C	T
D1_N1	0.172615589381	2	246	G	A
D1_N1	0.173884736298	1	121	T	C
D1_N1	0.174207604434	1	383	T	C
D1_N1	0.175219931675	1	281	C	G
D1_N1	0.177650700157	1	128	A	T
D1_N1	0.17765823872	2	309	A	C
D1_N1	0.178137842275	1	216	G	A
D1_N1	0.180558041775	1	179	A	G
D1_N1	0.180752052357	1	323	C	T
D1_N1	0.181671430066	1	393	C	T
D1_N1	0.182059713298	2	107	G	T
D1_N1	0.183086860927	1	213	A	G
D1_N1	0.183907557697	1	194	A	T
D1_N1	0.184326027091	1	178	C	A
D1_N1	0.184632074458	2	360	T	C
D1_N1	0.185240401516	2	256	C	A
D1_N1	0.186659924975	1	231	G	A
D1_N1	0.187689954255	1	90	C	A
D1_N1	0.187822838548	2	383	A	C
D1_N1	0.187829449723	2	195	G	T
D1_N1	0.188223739225	2	217	T	C
D1_N1	0.188484124513	2	281	C	A
D1_N1	0.191559767476	2	189	C	G
D1_N1	0.192425123398	1	102	G	A
D1_N1	0.192488414571	2	9	A	G
D1_N1	0.193187528663	1	365	T	C
D1_N1	0.193662707185	1	172	A	C
D1_N1	0.194746246181	2	219	A	G
D1_N1	0.195518348376	2	84	G	A
D1_N1	0.196210250345	1	19	A	G
D1_N1	0.19635234241	1	375	T	C
D1_N1	0.196865432624	1	159	T	C
D1_N1	0.196971987401	1	289	C	A
D1_N1	0.197054812185	2	356	G	A
D1_N1	0.201966235235	1	99	G	A
D1_N1	0.202185944456	2	392	G	A
D1_N1	0.203310967312	1	95	T	C
D1_N1	0.2049037189	1	77	G	T
D1_N1	0.206725792636	1	147	C	A
D1_N1	0.207063293625	2	270	T	G
D1_N1	0.207374096976	1	44	C	A
D1_N1	0.209190857901	2	161	T	G
D1_N1	0.209867820458	2	7	G	A
D1_N1	0.209895625375	2	202	G	T
D1_N1	0.210473486891	1	69	A	T
D1_N1	0.213757475134	2	140	T	C
N1_N2	0.00501610829378	2	8	A	G
N1_N2	0.00783096259528	2	8	G	T
N1_N2	0.00849505094149	1	160	T	A
N1_N2	0.0115624631711	2	310	G	T
N1_N2	0.0138723725904	2	310	T	C
N1_N2	0.0139221089206	2	166	C	A
N1_N2	0.014023570017	1	229	T	G
N1_N2	0.0151261414474	1	177	T	C
N1_N2	0.016478433366	2	342	T	C
N1_N2	0.0180646284708	1	274	A	G
N2_N3	0.00191172520431	1	225	T	G
N2_N3	0.00249036576856	2	73	C	T
N3_N4	0.00146192618639	2	241	G	A
N3_N4	0.00259758201223	1	291	A	G
N3_N4	0.0039176456976	1	135	T	A
N3_N4	0.00646720349303	2	154	G	C
N3_N4	0.00648168907406	2	9	G	C
N3_N4	0.00695839488745	2	106	G	C
N4_Human	0.000744517532348	1	81	A	G
N4_Human	0.000924647974436	1	229	G	C
N4_Human	0.00162963041649	1	405	G	C
N4_Human	0.00242910785145	2	244	T	C
N4_Human	0.00475774812167	2	243	G	A
N4_Human	0.00509553292159	1	88	C	T
N4_Human	0.00831386012478	2	190	C	T
N4_Human	0.00950684429506	1	31	A	G
N4_Chimp	5.19382611263e-06	1	240	A	G
N4_Chimp	0.000753010448638	1	331	T	A
N4_Chimp	0.00318505610757	2	365	T	G
N4_Chimp	0.00368344597922	1	286	T	C
N4_Chimp	0.00484257723221	2	222	G	T
N4_Chimp	0.00490927875189	2	43	C	T
N4_Chimp	0.00533076658913	2	388	A	G
N4_Chimp	0.00549009467162	2	170	T	C
N4_Chimp	0.00555729936417	1	218	G	C
N4_Chimp	0.00574726408578	2	333	C	G
N4_Chimp	0.0060401088946	1	317	A	G
N4_Chimp	0.00642773391235	2	283	G	T
N4_Chimp	0.00649060416635	1	218	C	T
N4_Chimp	0.00751181584665	2	225	T	G
N4_Chimp	0.00794156540084	2	318	G	C
N4_Chimp	0.00870747422696	1	241	G	A
N4_Chimp	0.00907380677514	2	356	A	G
N4_Chimp	0.0104087635174	2	373	T	G
N3_Goril	0.000379171867313	2	155	T	G
N3_Goril	0.00102613563431	1	198	C	A
N3_Goril	0.00190751735752	1	127	G	T
N3_Goril	0.00323474743708	1	5	G	A
N3_Goril	0.00397397874832	2	199	C	T
N3_Goril	0.00474956070547	2	81	A	G
N3_Goril	0.00511738559428	1	318	G	A
N3_Goril	0.00728545384409	2	141	T	A
N3_Goril	0.00993600246016	2	394	T	G
N3_Goril	0.0121720862369	2	22	G	A
N3_Goril	0.0130136283897	2	83	T	C
N3_Goril	0.0171572533315	2	309	C	T
N3_Goril	0.0181621651336	2	238	A	G
N3_Goril	0.0184170281653	1	95	C	T
N3_Goril	0.0198827368399	1	100	T	C
N3_Goril	0.0199585560998	2	77	G	A
N3_Goril	0.0204491067061	2	378	A	T
N2_Orang	0.00133094195463	2	207	T	C
N2_Orang	0.00342990498395	2	316	C	T
N2_Orang	0.00558721844706	1	205	A	G
N2_Orang	0.00878088082983	1	250	T	G
N2_Orang	0.00879402140997	2	282	A	T
N2_Orang	0.00886306983269	1	293	G	T
N2_Orang	0.0109576055466	2	183	T	A
N2_Orang	0.0143094422727	1	247	A	C
N1_Macaq	0.00546918883576	1	72	T	C
N1_Macaq	0.0063171545862	1	119	T	A
N1_Macaq	0.00843607653444	1	180	A	G
N1_Macaq	0.00895621677216	1	112	A	G
N1_Macaq	0.00976909140586	2	178	C	A
N1_Macaq	0.0100598055742	2	275	G	T
N1_Macaq	0.0118188957671	1	86	G	A
N1_Macaq	0.0127996911268	1	329	C	G
N1_Macaq	0.0130072198062	1	380	A	G
N1_Macaq	0.0134557812073	1	120	A	T
N1_Macaq	0.0164407282543	2	112	A	G
N1_Macaq	0.0169888901357	1	360	T	C
N1_Macaq	0.0170446486434	2	297	A	T
N1_Macaq	0.0205452312228	1	144	C	A
N1_Macaq	0.0223665291929	1	197	G	T
N1_Macaq	0.0257683576567	2	316	C	A
N1_Macaq	0.0260538222853	2	390	T	C
N1_Macaq	0.0269123466044	1	165	G	A
N1_Macaq	0.0270218939827	2	262	G	C
N1_Macaq	0.027607229049	1	153	A	G
N1_Macaq	0.0285941002973	2	329	C	G
N1_Macaq	0.028723405739	1	335	G	A
N1_Macaq	0.0288532642485	2	127	G	A
N1_Macaq	0.0293645132839	2	227	T	G
N1_Macaq	0.0297611143677	2	218	G	A
N1_Macaq	0.0309525761453	2	77	G	T
N1_Macaq	0.0325955084212	2	226	C	A
N0_Mouse	0.00124626542984	0	227	T	A
N0_Mouse	0.00165308500144	0	303	C	A
N0_Mouse	0.00275151740764	0	27	A	G
N0_Mouse	0.0100484138384	0	70	A	G
N0_Mouse	0.0106148463636	0	347	G	A
N0_Mouse	0.0146579607506	0	65	G	A
N0_Mouse	0.0193790645133	0	274	C	A
N0_Mouse	0.0195069912602	0	318	G	T
N0_Mouse	0.0214273022344	0	75	A	G
N0_Mouse	0.022015529771	0	222	G	A
N0_Mouse	0.0235125790151	0	220	T	C
N0_Mouse	0.0294324886431	0	273	T	A
N0_Mouse	0.0351619391966	0	171	C	A
N0_Mouse	0.0354863308116	0	235	C	T
N0_Mouse	0.0364132612072	0	279	G	A
N0_Mouse	0.0431153431508	0	73	T	G
N0_Mouse	0.0450030440546	0	103	A	T
N0_Mouse	0.0478213091031	0	371	T	A
N0_Mouse	0.0478673218917	0	95	T	G
N0_Mouse	0.0529145488709	0	303	A	G
N0_Mouse	0.0533263031683	0	355	T	A
N0_Mouse	0.0539182070141	0	359	C	T
N0_Mouse	0.0558676809927	0	27	G	A
N0_Mouse	0.0582922259237	0	28	A	C
N0_Mouse	0.061258481182	0	17	A	T
N0_Mouse	0.0616898329304	0	290	T	C
N0_Mouse	0.0659626300575	0	299	G	A
N0_Mouse	0.0668620847492	0	268	G	A
N0_Mouse	0.0676432696674	0	350	C	T
N0_Mouse	0.0694659905433	0	350	T	C
N0_Mouse	0.0699258049722	0	303	G	A
N0_Mouse	0.070314070566	0	356	A	G
N0_Mouse	0.0813467215958	0	121	T	C
N0_Mouse	0.08353175726	0	299	A	T
N0_Mouse	0.0844284286959	0	92	G	T
N0_Mouse	0.0852101823213	0	349	A	C
N0_Mouse	0.0854749464077	0	375	T	C
N0_Mouse	0.0869052507126	0	147	C	T
N0_Mouse	0.0881380447945	0	89	A	C
N0_Mouse	0.0900476588742	0	43	C	T
N0_Mouse	0.0949011513161	0	228	G	A
N0_Mouse	0.0951966752526	0	208	T	C
N0_Mouse	0.0986718487803	0	18	C	A
N0_Mouse	0.103057992074	0	259	G	A
N0_Mouse	0.105103533487	0	271	T	C
N0_Mouse	0.110778517816	0	211	T	G
N0_Mouse	0.112568746636	0	252	A	T
N0_Mouse	0.114125877093	0	248	A	T
N0_Mouse	0.11448175097	0	285	T	C
N0_Mouse	0.117434996731	0	50	G	T
N0_Mouse	0.119988646686	0	82	C	T
N0_Mouse	0.123193656182	0	170	T	A
N0_Mouse	0.124917370656	0	56	T	C
N0_Mouse	0.128390430872	0	151	A	C
N0_Mouse	0.130825111057	0	250	T	C
N0_Mouse	0.131706198799	0	224	T	G
N0_Mouse	0.132014204347	0	18	A	G
N0_Mouse	0.133199702497	0	279	A	G
N0_Mouse	0.133431130686	0	242	C	G
N0_Mouse	0.133776666647	0	379	A	T
N0_Mouse	0.133811370189	0	355	A	G
N0_Mouse	0.1348059718	0	336	T	G
N0_Mouse	0.135020630499	0	178	C	A
N0_Mouse	0.135087424542	0	104	A	G
N0_Mouse	0.136519064715	0	64	G	T
N0_Mouse	0.138608123013	0	133	A	G
N0_Mouse	0.139743353905	0	238	T	A
N0_Mouse	0.144781023443	0	135	T	C
N0_Mouse	0.147721600213	0	82	T	C
N0_Mouse	0.148378310291	0	243	G	C
N0_Mouse	0.14986668511	0	278	A	G
N0_Mouse	0.151899560877	0	311	C	T
N0_Mouse	0.153317363945	0	296	A	G
N0_Mouse	0.154215737026	0	317	G	A
N0_Mouse	0.154233245767	0	71	C	A
N0_Mouse	0.155716542619	0	376	T	C
N0_Mouse	0.159388882698	0	394	T	A
N0_Mouse	0.163044431515	0	249	G	T
N0_Mouse	0.171995119707	0	109	T	C
N0_Mouse	0.17287137677	0	13	A	T
N0_Mouse	0.172967569256	0	150	T	A
N0_Mouse	0.173044813066	0	211	G	A
N0_Mouse	0.177156732056	0	129	T	A
N0_Mouse	0.179180046953	0	142	A	G
N0_Mouse	0.17942107841	0	74	T	C
N0_Mouse	0.180434483287	0	296	G	A
N0_Mouse	0.184032744931	0	279	G	A
N0_Mouse	0.184937592011	0	242	G	C
N0_Mouse	0.187059414809	0	132	G	T
N0_Mouse	0.191692228479	0	63	T	A
N0_Mouse	0.194353409583	0	136	A	T
N0_Mouse	0.194784713492	0	202	G	A
N0_Mouse	0.198734810941	0	46	T	C
N0_Mouse	0.20186608998	0	164	A	C
N0_Mouse	0.204019236115	0	144	A	G
N0_Mouse	0.205535208777	0	98	C	A
N0_Mouse	0.206222798609	0	288	A	G
N0_Mouse	0.208828196655	0	144	G	T
N0_Mouse	0.212250236296	0	40	A	G
N0_Mouse	0.213921175277	0	27	A	T
N0_Mouse	0.214086212124	0	28	C	T
N0_Mouse	0.216319177739	0	290	C	T
N0_Mouse	0.223862449322	0	379	T	A
N0_Mouse	0.225129496573	0	403	A	C
N0_Mouse	0.225994098803	0	141	G	C
N0_Mouse	0.226479768239	0	102	G	A
N0_Mouse	0.226843333512	0	51	G	A
N0_Mouse	0.230926020459	0	297	A	T
N0_Mouse	0.241551822029	0	77	G	C
N0_Mouse	0.242853433347	0	65	A	G
N0_Mouse	0.249153260149	0	147	T	C
N0_Mouse	0.249600888561	0	188	T	G
N0_Mouse	0.250132401055	0	230	A	T
N0_Mouse	0.250192064569	0	86	G	C
N0_Mouse	0.250368785675	0	114	T	G
N0_Mouse	0.251684403624	0	356	G	A
N0_Mouse	0.257055906151	0	267	C	T
N0_Mouse	0.257223723729	0	176	C	T
N0_Mouse	0.261322803509	0	154	G	C
N0_Mouse	0.26587494372	0	71	A	T
N0_Mouse	0.268879446802	0	314	A	G
N0_Mouse	0.270462052904	0	355	G	A
N0_Mouse	0.277525255596	0	264	G	A
N0_Mouse	0.280703881167	0	380	T	A
N0_Mouse	0.280810272066	0	89	C	T
N0_Mouse	0.281983157928	0	267	T	G
N0_Mouse	0.282642049378	0	387	T	A
N0_Mouse	0.28289263705	0	78	A	G
N0_Mouse	0.283163790385	0	201	C	G
N0_Mouse	0.283515294599	0	164	C	T
N0_Mouse	0.283666410234	0	23	A	G
N0_Mouse	0.284657594118	0	188	G	C
N0_Mouse	0.28912481115	0	332	T	G
N0_Mouse	0.291914438482	0	134	G	A
N0_Mouse	0.292173295648	0	269	C	G
N0_Mouse	0.294044822357	0	34	T	A
N0_Mouse	0.297824859549	0	242	C	T
N0_Mouse	0.299545192699	0	388	A	G
N0_Mouse	0.302408202843	0	196	C	T
N0_Mouse	0.304421682235	0	120	A	G
N0_Mouse	0.306794956524	0	213	A	G
N0_Mouse	0.309558592361	0	127	G	C
N0_Mouse	0.31858587292	0	162	G	T
N0_Mouse	0.321520841536	0	159	T	C
N0_Mouse	0.321853272359	0	257	T	G
N0_Mouse	0.324652637259	0	196	T	C
N0_Mouse	0.326325122317	0	82	C	G
N0_Mouse	0.327368496809	0	94	T	A
N0_Mouse	0.329816314605	0	148	C	T
N0_Mouse	0.344441453182	0	315	T	A
N0_Mouse	0.345796320214	0	305	G	T
N0_Mouse	0.362582279291	0	260	C	T
N0_Mouse	0.364458931778	0	180	T	G
N0_Mouse	0.367510731395	0	155	T	A
N0_Mouse	0.369028426948	0	2	A	G
N0_Mouse	0.372436020619	0	338	G	C
N0_Mouse	0.373608136615	0	180	G	T
N0_Mouse	0.381023309594	0	362	G	A
N0_Mouse	0.385213644965	0	357	C	T
N0_Mouse	0.389141600699	0	370	A	G
N0_Mouse	0.390563991682	0	187	T	C
N0_Mouse	0.391346656299	0	369	C	T
N0_Mouse	0.39935583554	0	371	A	G
N0_Mouse	0.401627258178	0	348	A	G
N0_Mouse	0.402445818407	0	390	T	G
N0_Mouse	0.403851962885	0	280	T	A
N0_Mouse	0.407380886079	0	285	C	T
N0_Mouse	0.409598730932	0	57	G	A
N0_Mouse	0.40960302017	0	239	G	A
N0_Mouse	0.410694471012	0	388	G	C
N0_Mouse	0.42193513266	0	46	C	A
N0_Mouse	0.423244931658	0	38	T	C
N0_Mouse	0.43187886904	0	312	A	G
N0_Mouse	0.432276829693	0	183	T	A
N0_Mouse	0.43496598616	0	341	T	C
N0_Mouse	0.436114491593	0	213	G	A
N0_Mouse	0.437694068965	0	110	G	A
N0_Mouse	0.439442452455	0	335	G	C
N0_Mouse	0.441016802947	0	321	G	A
N0_Mouse	0.443045729746	0	141	C	T
N0_Mouse	0.44503102216	0	396	G	A
N0_Mouse	0.445695593928	0	73	G	T
N0_Mouse	0.449728265544	0	333	C	T
N0_Mouse	0.451301905669	0	231	G	A
