edge	time	mut_orlg	mut_pos	old_state	new_state
N0_D1	0.00270061221333	0	219	G	T
N0_D1	0.00358158661835	0	1188	A	C
N0_D1	0.00379676277017	0	393	C	G
N0_D1	0.00381139644042	0	300	C	G
N0_D1	0.00385233975918	0	124	G	A
N0_D1	0.00392244811833	0	564	A	G
N0_D1	0.0061512739701	0	420	G	T
N0_D1	0.00621850326855	0	926	G	A
N0_D1	0.00676421302438	0	316	C	G
N0_D1	0.00797634783905	0	522	T	A
N0_D1	0.00816996001104	0	506	A	T
N0_D1	0.00904802598763	0	499	G	A
N0_D1	0.00964532093317	0	675	G	T
N0_D1	0.0105979458909	0	1147	A	C
N0_D1	0.0108091808827	0	1093	A	G
N0_D1	0.0111695464016	0	80	C	G
N0_D1	0.0114226571994	0	687	T	C
N0_D1	0.011688581431	0	1122	T	A
N0_D1	0.0126447731892	0	771	A	G
N0_D1	0.0130544537466	0	882	G	A
N0_D1	0.0139306791414	0	1	T	C
N0_D1	0.0139771389969	0	79	T	C
N0_D1	0.0151867760693	0	451	G	T
N0_D1	0.0161184053247	0	831	T	C
N0_D1	0.0173183227162	0	292	T	A
N0_D1	0.0195553452487	0	929	G	A
N0_D1	0.0204425325723	0	178	C	T
N0_D1	0.0206654910513	0	792	A	C
N0_D1	0.0208826078996	0	1070	A	G
N0_D1	0.0213918078477	0	832	T	G
N0_D1	0.0215234732914	0	1174	T	C
N0_D1	0.0215321185917	0	743	A	T
N0_D1	0.0224951970097	0	1100	G	T
N0_D1	0.0227986020916	0	1148	A	C
N0_D1	0.0272698669883	0	576	G	A
N0_D1	0.0274051264286	0	1176	G	A
N0_D1	0.0274241196972	0	158	G	C
N0_D1	0.0280403286694	0	462	A	T
N0_D1	0.0280967508488	0	1114	A	G
N0_D1	0.0282944820064	0	1191	A	T
N0_D1	0.0286098821458	0	430	C	T
N0_D1	0.0292895753432	0	61	G	C
N0_D1	0.0294558787725	0	174	C	A
N0_D1	0.0302023765861	0	952	T	C
N0_D1	0.0321349173585	0	731	G	A
N0_D1	0.0342250059485	0	660	A	G
N0_D1	0.0344952554987	0	697	C	T
N0_D1	0.0349371412512	0	809	T	G
N0_D1	0.0360104540276	0	980	A	T
N0_D1	0.0363163458637	0	204	A	T
N0_D1	0.0374999057468	0	762	T	A
N0_D1	0.037537634594	0	395	G	A
N0_D1	0.0375515020442	0	605	A	T
N0_D1	0.0385708693863	0	627	A	G
N0_D1	0.0388643112515	0	87	G	A
N0_D1	0.0388922915937	0	554	G	A
N0_D1	0.0402199446611	0	574	T	C
N0_D1	0.0408058606958	0	650	C	G
N0_D1	0.0409932864504	0	57	T	C
N0_D1	0.041332937145	0	577	G	A
N0_D1	0.0414413730043	0	504	T	A
N0_D1	0.0415335942896	0	273	G	C
N0_D1	0.0417408371942	0	369	G	A
N0_D1	0.0422753254306	0	122	A	C
N0_D1	0.0424653135355	0	239	T	C
N0_D1	0.0446875390293	0	276	G	A
N0_D1	0.0452635501156	0	823	T	A
N0_D1	0.0459936279324	0	818	G	A
N0_D1	0.0464437413338	0	476	C	A
N0_D1	0.0467276808567	0	922	G	A
N0_D1	0.0467340028333	0	105	T	G
N0_D1	0.0468230589637	0	717	G	A
N0_D1	0.0479728895543	0	751	G	T
N0_D1	0.049029691002	0	330	G	A
N0_D1	0.0492843712324	0	379	G	A
N0_D1	0.0502931328562	0	167	G	A
N0_D1	0.0509714657054	0	1005	C	T
D1_N1	4.68594725956e-06	2	53	G	T
D1_N1	0.000454764146224	1	1039	G	T
D1_N1	0.000735095314636	2	833	A	G
D1_N1	0.00252190659454	2	310	C	T
D1_N1	0.00278796936129	1	566	C	A
D1_N1	0.00291822949535	2	135	T	A
D1_N1	0.00337199844723	1	994	C	T
D1_N1	0.00339077326161	1	771	G	T
D1_N1	0.0035004411627	2	24	G	T
D1_N1	0.0035198849935	1	1204	G	T
D1_N1	0.00362288651473	1	548	T	C
D1_N1	0.00362762611078	2	1018	A	C
D1_N1	0.00381008859042	1	1083	T	A
D1_N1	0.00386364132057	2	975	A	C
D1_N1	0.00390573362758	2	253	G	A
D1_N1	0.00446352118918	2	89	G	T
D1_N1	0.0045317263343	2	848	A	G
D1_N1	0.00454908907766	2	968	T	C
D1_N1	0.00471895480419	2	465	G	C
D1_N1	0.00487838099811	2	447	A	C
D1_N1	0.00498077192144	2	857	T	C
D1_N1	0.0053264581673	2	1152	G	A
D1_N1	0.00580979207808	1	379	A	C
D1_N1	0.00609582005866	2	332	G	A
D1_N1	0.00659190856444	2	249	A	T
D1_N1	0.0066339549098	2	158	C	A
D1_N1	0.00701258625649	2	32	A	G
D1_N1	0.00739961681058	1	131	C	T
D1_N1	0.00811406072912	1	1182	G	T
D1_N1	0.00905487679138	2	901	G	A
D1_N1	0.00967276669959	1	64	A	C
D1_N1	0.0106763791661	1	1042	A	G
D1_N1	0.0114888156412	1	884	T	G
D1_N1	0.0133880871606	1	1115	C	A
D1_N1	0.0134073599657	1	985	C	T
D1_N1	0.0144171053674	1	1198	G	A
D1_N1	0.0176093146199	2	480	G	C
D1_N1	0.0177439129603	1	471	G	A
D1_N1	0.0177927270355	1	100	G	A
D1_N1	0.0184513083779	1	108	C	T
D1_N1	0.0191093895543	2	706	C	A
D1_N1	0.0205305031745	2	260	C	A
D1_N1	0.0207461414897	2	843	T	C
D1_N1	0.0210713872343	1	443	A	G
D1_N1	0.021487254429	2	677	G	T
D1_N1	0.0215056323123	1	153	G	T
D1_N1	0.0220846187724	1	372	A	T
D1_N1	0.0221306569918	2	1057	C	T
D1_N1	0.0229510835221	2	213	G	A
D1_N1	0.0229947336761	2	1109	T	G
D1_N1	0.0244133981056	1	490	C	A
D1_N1	0.0247702424881	1	1098	G	A
D1_N1	0.0248941944548	1	314	G	T
D1_N1	0.0261958260167	2	243	T	G
D1_N1	0.0265398026681	2	522	A	G
D1_N1	0.0266029452548	1	402	A	C
D1_N1	0.0272673057213	1	983	C	T
D1_N1	0.0276950432222	1	86	C	A
D1_N1	0.0281889485097	2	948	T	C
D1_N1	0.0282327577554	1	632	G	T
D1_N1	0.0286761428493	2	394	A	C
D1_N1	0.0291547262924	2	168	G	A
D1_N1	0.0296604592928	2	12	A	C
D1_N1	0.0303921069796	1	369	A	G
D1_N1	0.0304767925267	1	598	C	T
D1_N1	0.030911535553	2	1099	T	A
D1_N1	0.0319831990811	2	114	C	T
D1_N1	0.0321894972	2	1170	A	G
D1_N1	0.0328887157862	1	58	T	G
D1_N1	0.0329207591502	2	247	C	T
D1_N1	0.0338833647952	2	394	C	A
D1_N1	0.0341268198515	1	1113	G	T
D1_N1	0.0341983095143	2	271	T	A
D1_N1	0.0348309802743	2	1103	G	T
D1_N1	0.0350638816378	2	1110	C	G
D1_N1	0.0352732583993	1	328	A	G
D1_N1	0.0353280110503	1	406	T	C
D1_N1	0.0356649948752	1	255	C	T
D1_N1	0.0358111016172	2	178	T	C
D1_N1	0.0360952852305	1	1010	C	T
D1_N1	0.0368715639303	1	326	A	G
D1_N1	0.0371201101996	2	1232	T	A
D1_N1	0.0373690722385	1	843	T	G
D1_N1	0.0378955182489	2	1109	G	T
D1_N1	0.0385142750545	2	716	C	G
D1_N1	0.0394139121194	1	812	C	A
D1_N1	0.0400644390671	1	326	G	T
D1_N1	0.0401901901294	1	902	C	T
D1_N1	0.0405837747848	1	1029	G	C
D1_N1	0.0412872145401	1	259	G	A
D1_N1	0.0417051886788	1	345	G	T
D1_N1	0.0420184105049	2	457	G	T
D1_N1	0.0421456032352	1	1218	A	C
D1_N1	0.0421738801686	2	829	T	C
D1_N1	0.0423938246634	2	63	T	A
D1_N1	0.0429242411922	2	1212	C	T
D1_N1	0.0429459675278	2	1210	A	T
D1_N1	0.0432681384527	1	794	G	A
D1_N1	0.0437583097005	1	570	G	A
D1_N1	0.0438202312626	2	546	A	C
D1_N1	0.0438974695539	1	92	T	C
D1_N1	0.043974862196	2	516	G	A
D1_N1	0.0442876450872	1	705	A	T
D1_N1	0.0444515100172	1	1178	G	T
D1_N1	0.0453920056415	1	343	T	C
D1_N1	0.0455325868853	2	703	C	G
D1_N1	0.0457185544667	2	570	G	A
D1_N1	0.0463276986757	1	739	C	T
D1_N1	0.0466574380776	2	90	G	T
D1_N1	0.047449482985	1	165	G	T
D1_N1	0.0475119212012	2	719	G	T
D1_N1	0.0478076079987	1	445	T	C
D1_N1	0.0480591720917	1	592	C	T
D1_N1	0.0483741694127	2	927	G	T
D1_N1	0.0491235748217	2	1211	T	G
D1_N1	0.049141209597	2	1098	G	A
D1_N1	0.0493888446927	1	100	A	C
D1_N1	0.0494497115858	1	34	T	A
D1_N1	0.0495294040446	1	862	A	G
D1_N1	0.0500996962445	2	314	G	A
D1_N1	0.0501249388916	2	601	G	C
D1_N1	0.0501772907029	2	771	G	A
D1_N1	0.0505416803983	2	772	A	C
D1_N1	0.0518088619427	1	19	G	A
D1_N1	0.0528860513174	1	70	G	C
D1_N1	0.0541940929257	1	136	A	G
D1_N1	0.0546069360596	1	226	T	A
D1_N1	0.05468473309	1	433	C	T
D1_N1	0.0551763845334	1	654	T	G
D1_N1	0.0558489608556	1	1185	G	A
D1_N1	0.0560156120728	2	1101	C	T
D1_N1	0.0563189818391	1	892	G	A
D1_N1	0.0564070994358	2	526	A	G
D1_N1	0.0572926483371	2	247	T	G
D1_N1	0.057635958792	2	492	T	C
D1_N1	0.0582177018733	1	1049	A	G
D1_N1	0.0583913965186	1	709	T	G
D1_N1	0.0584786372531	2	837	T	G
D1_N1	0.0585936988636	1	724	A	C
D1_N1	0.0587040072989	2	803	G	A
D1_N1	0.0590621617608	1	239	C	T
D1_N1	0.0591923322507	2	165	G	A
D1_N1	0.0592841786347	2	656	T	C
D1_N1	0.0597242224718	1	624	C	G
D1_N1	0.0603094121054	2	952	C	G
D1_N1	0.0604597372776	1	1168	C	T
D1_N1	0.0605083877295	1	210	G	A
D1_N1	0.0606129394132	1	767	G	A
D1_N1	0.0607144613245	1	31	T	A
D1_N1	0.060800173196	2	240	G	A
D1_N1	0.0615381601609	2	254	T	A
D1_N1	0.0621149434303	2	1075	A	G
D1_N1	0.0632869932935	2	882	A	T
D1_N1	0.0635331236098	2	289	A	T
D1_N1	0.0654833167414	1	132	C	G
D1_N1	0.0661617632215	1	680	G	A
D1_N1	0.0663415866789	1	963	A	T
D1_N1	0.0665374505153	1	450	A	G
D1_N1	0.0672556838272	1	581	C	A
D1_N1	0.0675566195732	1	612	C	A
D1_N1	0.0692618798885	1	114	C	T
D1_N1	0.0695768449335	2	767	G	A
D1_N1	0.0703470161912	1	793	C	A
D1_N1	0.0705309990479	1	632	T	A
D1_N1	0.070583097184	2	1225	A	C
D1_N1	0.0707050542752	1	130	G	T
D1_N1	0.0713657599326	1	942	T	G
D1_N1	0.0714700221116	1	644	T	C
D1_N1	0.0722509250019	1	189	A	G
D1_N1	0.0723403849617	1	462	T	C
D1_N1	0.072366692849	1	562	C	T
D1_N1	0.072537305222	2	33	T	C
D1_N1	0.0741170411639	2	674	C	A
D1_N1	0.0742754768583	2	738	G	A
D1_N1	0.0745538978466	2	569	T	G
D1_N1	0.0749730770019	1	1067	T	C
D1_N1	0.0756776807997	2	975	C	A
D1_N1	0.0759533762619	2	1001	A	T
D1_N1	0.0765238903144	2	355	A	G
D1_N1	0.0765240113995	2	705	A	G
D1_N1	0.0766411311399	2	206	G	C
D1_N1	0.0768756927499	1	1071	G	A
D1_N1	0.0774019151319	1	745	T	G
D1_N1	0.0774774553362	1	1059	A	G
D1_N1	0.0776388126443	1	437	C	A
D1_N1	0.0777043452427	2	470	T	A
D1_N1	0.0784860990442	2	102	T	C
D1_N1	0.0789127627577	2	543	A	G
D1_N1	0.0789144116915	2	1011	T	A
D1_N1	0.0799674168888	1	654	G	A
D1_N1	0.0801474399703	1	334	A	G
D1_N1	0.0809053277125	1	540	G	C
D1_N1	0.0810759565407	2	229	A	G
D1_N1	0.0815967309281	1	19	A	G
D1_N1	0.0821924072863	1	545	C	A
D1_N1	0.0823079633934	1	570	A	G
D1_N1	0.0823773566884	2	684	A	G
D1_N1	0.0825404458533	2	61	C	G
D1_N1	0.082551720093	2	212	A	T
D1_N1	0.0828979314707	1	1092	G	C
D1_N1	0.0831396090233	2	158	A	G
D1_N1	0.0833568649119	2	145	T	G
D1_N1	0.0835049865339	2	792	C	T
D1_N1	0.0835838159189	1	800	G	A
D1_N1	0.0836375800691	1	92	C	A
D1_N1	0.0839139969037	2	174	A	C
D1_N1	0.0842392844177	1	167	A	T
D1_N1	0.0844513357419	2	1082	T	A
D1_N1	0.0851355549914	1	998	T	C
D1_N1	0.0854939595689	1	1123	G	A
D1_N1	0.0855726694665	1	764	C	T
D1_N1	0.0860745077387	2	827	C	G
D1_N1	0.0862415969434	2	13	A	G
D1_N1	0.0872363852882	1	1145	A	G
D1_N1	0.0875569318362	2	1206	A	C
D1_N1	0.0875706539367	1	1091	T	C
D1_N1	0.0885029574462	2	827	G	T
D1_N1	0.089967922596	2	912	G	T
D1_N1	0.0900667125894	1	505	G	A
D1_N1	0.0902748050246	2	1189	T	A
D1_N1	0.0905226283648	1	533	A	G
D1_N1	0.0905659184841	2	70	G	A
D1_N1	0.0905920024984	1	816	C	T
D1_N1	0.091337569393	1	1115	A	T
D1_N1	0.0913707264772	1	46	T	A
D1_N1	0.0917536291202	2	241	C	T
D1_N1	0.0919607743851	1	554	A	G
D1_N1	0.092367492213	1	1036	A	G
D1_N1	0.0925872847254	1	1150	C	T
D1_N1	0.0932756505747	1	1036	G	A
D1_N1	0.0937447507269	2	673	A	C
D1_N1	0.0938496480702	2	750	G	A
D1_N1	0.0939337203212	1	891	T	C
D1_N1	0.0940212141294	1	538	T	C
D1_N1	0.0944603178468	1	319	A	T
D1_N1	0.0944696275483	1	57	C	T
D1_N1	0.0948621395656	2	804	C	A
D1_N1	0.0956023932754	2	1114	G	C
D1_N1	0.0957791411565	2	128	G	A
D1_N1	0.0960806207486	1	232	A	C
D1_N1	0.0966290883366	2	742	T	C
D1_N1	0.0969499347574	1	297	A	G
D1_N1	0.0981154510136	2	248	A	G
D1_N1	0.0982074984786	1	707	T	C
D1_N1	0.0984047488082	2	35	T	A
D1_N1	0.098669565752	2	537	G	A
D1_N1	0.0994338723231	1	641	T	C
D1_N1	0.100147434176	1	753	T	G
D1_N1	0.100315381747	2	669	A	C
D1_N1	0.101344889642	1	155	C	T
D1_N1	0.101963620286	2	545	C	T
D1_N1	0.102584134998	2	724	A	T
D1_N1	0.102605155245	1	538	C	T
D1_N1	0.102980038515	1	1101	C	T
D1_N1	0.103196721209	2	201	C	A
D1_N1	0.103234310977	1	992	T	A
D1_N1	0.103674675397	1	1043	G	T
D1_N1	0.103904714751	1	1094	C	G
D1_N1	0.104346799379	2	1093	G	A
D1_N1	0.10523998025	2	404	C	A
D1_N1	0.105240880424	2	209	T	C
D1_N1	0.10647706025	2	1194	C	T
D1_N1	0.107337341661	2	168	A	G
D1_N1	0.10788614819	2	387	G	T
D1_N1	0.10835844938	2	1114	C	A
D1_N1	0.109055248178	1	1123	A	T
D1_N1	0.109087139259	1	641	C	G
D1_N1	0.109100652839	1	409	C	G
D1_N1	0.10917517044	2	1182	G	T
D1_N1	0.110082865463	1	1193	C	T
D1_N1	0.110760403179	2	105	G	T
D1_N1	0.110835404289	1	624	G	A
D1_N1	0.110989573943	1	806	G	A
D1_N1	0.111600289636	1	974	G	A
D1_N1	0.11296873746	1	124	A	T
D1_N1	0.113119984083	1	559	T	A
D1_N1	0.113137354801	1	242	G	T
D1_N1	0.113874677402	2	187	G	C
D1_N1	0.114158243196	1	293	A	G
D1_N1	0.11436452847	2	24	T	C
D1_N1	0.114592221553	1	934	G	A
D1_N1	0.114633078531	1	187	G	A
D1_N1	0.114676914148	1	585	A	T
D1_N1	0.11499599004	2	1215	A	G
D1_N1	0.115412777877	1	225	T	C
D1_N1	0.115499639937	1	813	A	G
D1_N1	0.115918351108	2	161	G	C
D1_N1	0.116015126158	1	90	G	A
D1_N1	0.11675252926	1	1032	C	T
D1_N1	0.11726569472	2	1107	G	A
D1_N1	0.118359580468	1	1179	C	A
D1_N1	0.1184830423	2	386	T	A
D1_N1	0.11866943185	1	806	A	T
D1_N1	0.11907827262	2	490	C	T
D1_N1	0.119403285396	2	43	T	A
D1_N1	0.119506462398	2	976	G	T
D1_N1	0.119607741097	1	271	T	A
D1_N1	0.11968909353	1	350	G	A
D1_N1	0.119952144719	1	741	C	T
D1_N1	0.119987332628	1	1019	T	C
D1_N1	0.120074927793	1	470	T	C
D1_N1	0.120502945087	2	346	G	T
D1_N1	0.120874710002	2	671	T	G
D1_N1	0.120962649072	2	485	T	G
D1_N1	0.121552080485	1	468	G	A
D1_N1	0.122063296425	1	119	A	G
D1_N1	0.122646090864	2	1078	C	G
D1_N1	0.122822194328	2	949	A	G
D1_N1	0.12320642282	2	906	G	A
D1_N1	0.123876184202	1	574	C	G
D1_N1	0.124285616181	2	189	A	G
D1_N1	0.124304738446	1	178	T	A
D1_N1	0.124330805037	2	380	A	T
D1_N1	0.124875516992	1	477	G	T
D1_N1	0.125017746129	2	751	T	G
D1_N1	0.125162494165	1	128	G	A
D1_N1	0.12557102054	2	727	T	G
D1_N1	0.125637207112	1	729	G	A
D1_N1	0.125721256473	1	710	C	G
D1_N1	0.125830773653	2	794	G	C
D1_N1	0.12607247629	2	788	A	C
D1_N1	0.126143798876	1	273	C	T
D1_N1	0.126393832207	1	603	A	T
D1_N1	0.126542545658	1	654	A	C
D1_N1	0.127585027873	1	906	G	C
D1_N1	0.127753676642	2	1235	C	A
D1_N1	0.127963487559	1	29	A	T
D1_N1	0.128609596627	1	185	C	G
D1_N1	0.128834198458	2	47	C	T
D1_N1	0.129317366973	1	1013	G	A
D1_N1	0.12949902996	2	44	T	C
D1_N1	0.129895689589	1	1093	G	C
D1_N1	0.130025201734	1	1018	A	G
D1_N1	0.130784438326	1	210	A	C
D1_N1	0.130935432642	1	260	C	T
D1_N1	0.131118768978	2	324	T	G
D1_N1	0.131535165384	2	1094	C	T
D1_N1	0.132329704643	1	347	A	G
D1_N1	0.132934986864	2	343	T	G
D1_N1	0.135444454982	2	1048	C	T
D1_N1	0.1357610495	2	1069	T	C
D1_N1	0.135853382706	2	977	A	C
D1_N1	0.13630921768	2	580	G	T
D1_N1	0.136552230041	2	657	G	T
D1_N1	0.137055411583	1	1178	T	G
D1_N1	0.137533633921	2	850	T	C
D1_N1	0.137663109833	1	882	A	T
D1_N1	0.137929082105	2	476	A	G
D1_N1	0.138036047964	2	833	G	A
D1_N1	0.138437473297	2	1008	G	C
D1_N1	0.138946829624	2	879	T	A
D1_N1	0.139271938402	1	906	C	G
D1_N1	0.13934949201	1	117	C	A
D1_N1	0.139507936732	1	229	A	T
D1_N1	0.140778597854	1	14	G	C
D1_N1	0.140910259039	1	709	G	A
D1_N1	0.141212715181	1	9	G	A
D1_N1	0.141949880942	1	587	A	G
D1_N1	0.142578236917	2	997	T	C
D1_N1	0.14260006946	1	706	C	A
D1_N1	0.142629017488	2	1204	G	C
D1_N1	0.142715819311	2	160	C	T
D1_N1	0.143448460301	1	996	G	A
D1_N1	0.143988078535	1	1016	T	C
D1_N1	0.144415015372	1	643	T	A
D1_N1	0.144749039069	2	675	T	C
D1_N1	0.14500951337	2	890	A	C
D1_N1	0.146796864014	2	748	T	G
D1_N1	0.14699848144	1	1118	G	A
D1_N1	0.147182291432	2	733	C	T
D1_N1	0.147220874838	1	1224	G	T
D1_N1	0.147353255456	1	1063	A	G
D1_N1	0.147363509841	1	367	A	C
D1_N1	0.147772685514	2	71	A	G
D1_N1	0.147954222542	1	907	T	A
D1_N1	0.148161786181	2	597	C	T
D1_N1	0.14818573958	1	500	T	G
D1_N1	0.148436955182	1	234	A	C
D1_N1	0.148446456557	1	548	C	T
D1_N1	0.149091527346	1	330	A	G
D1_N1	0.149298035284	2	82	A	C
D1_N1	0.149400072776	2	233	T	G
D1_N1	0.149460196885	1	796	G	A
D1_N1	0.149833582619	2	767	A	C
D1_N1	0.150799369513	1	1054	G	A
D1_N1	0.151020087278	1	395	A	G
D1_N1	0.151410348604	2	389	A	C
D1_N1	0.151744443359	2	849	A	T
D1_N1	0.151949225791	1	699	T	A
D1_N1	0.15229825036	1	905	C	T
D1_N1	0.152329237192	2	349	T	C
D1_N1	0.152640376495	2	997	C	T
D1_N1	0.154000491646	1	1181	A	G
D1_N1	0.154425008615	1	1070	G	C
D1_N1	0.154859691994	2	952	G	A
D1_N1	0.155289190634	2	190	C	T
D1_N1	0.155316233845	1	427	A	T
D1_N1	0.156439205593	1	443	G	C
D1_N1	0.156806252097	1	335	C	A
D1_N1	0.156830329366	2	153	G	C
D1_N1	0.156912677002	2	249	T	G
D1_N1	0.157272913476	1	953	C	A
D1_N1	0.157348162818	1	76	T	A
D1_N1	0.157426437241	2	26	G	A
D1_N1	0.157987003956	2	878	G	A
D1_N1	0.158003695563	2	536	T	G
D1_N1	0.158474120636	1	892	A	C
D1_N1	0.161518739599	1	545	A	C
D1_N1	0.161750187098	2	559	T	A
D1_N1	0.1626742244	1	1059	G	C
D1_N1	0.16295313253	1	912	G	A
D1_N1	0.162968433362	2	654	T	G
D1_N1	0.163060088793	2	1134	T	C
D1_N1	0.163277486236	1	267	T	G
D1_N1	0.165107486124	2	446	A	T
D1_N1	0.166310250441	1	859	A	G
D1_N1	0.166424588094	1	0	A	T
D1_N1	0.16704557905	2	926	A	G
D1_N1	0.167370649916	2	883	A	G
D1_N1	0.167670283161	1	174	A	T
D1_N1	0.167827149506	2	348	T	G
D1_N1	0.167954019835	1	445	C	G
D1_N1	0.168632731216	2	420	T	C
D1_N1	0.168973656481	2	1076	C	G
D1_N1	0.169535046847	1	632	A	T
D1_N1	0.169792177011	2	1089	C	T
D1_N1	0.170075209107	2	50	G	T
D1_N1	0.171074329491	2	1	C	T
D1_N1	0.17131302152	2	725	T	C
D1_N1	0.172063662559	1	557	A	T
D1_N1	0.172096322828	2	549	A	T
D1_N1	0.172544445185	2	1019	T	C
D1_N1	0.172887230458	2	1226	G	A
D1_N1	0.173005835443	2	1104	C	G
D1_N1	0.173386100472	2	701	A	G
D1_N1	0.174144225832	1	321	A	G
D1_N1	0.174487125998	2	114	T	A
D1_N1	0.174852587342	1	134	T	C
D1_N1	0.175244199131	2	1064	C	T
D1_N1	0.175540288322	1	776	C	T
D1_N1	0.175645540818	1	27	C	G
D1_N1	0.176033285401	1	306	T	G
D1_N1	0.176390727499	1	904	A	T
D1_N1	0.177720709092	1	118	A	T
D1_N1	0.177810164393	2	684	G	C
D1_N1	0.17787769178	2	513	C	T
D1_N1	0.17813230418	1	377	G	A
D1_N1	0.178133976829	2	806	G	A
D1_N1	0.178202306611	2	748	G	A
D1_N1	0.179981230702	1	388	C	G
D1_N1	0.180164494728	2	659	G	A
D1_N1	0.181155567649	2	1188	C	A
D1_N1	0.181297699371	1	1073	C	A
D1_N1	0.181757695527	1	384	A	G
D1_N1	0.181950156842	2	18	C	A
D1_N1	0.182355051111	1	1131	C	T
D1_N1	0.182388032049	1	632	T	G
D1_N1	0.182407877825	1	238	A	G
D1_N1	0.183788775954	1	121	A	G
D1_N1	0.183954490803	1	1184	A	T
D1_N1	0.184116074249	2	663	A	T
D1_N1	0.184131995073	2	49	T	A
D1_N1	0.184300992145	1	581	A	G
D1_N1	0.184381689452	1	43	T	A
D1_N1	0.184789551017	2	133	T	C
D1_N1	0.184807840103	2	115	A	G
D1_N1	0.18508338355	2	970	T	A
D1_N1	0.185436544248	2	264	G	A
D1_N1	0.185953322813	2	1025	C	G
D1_N1	0.185968896006	1	697	T	C
D1_N1	0.186770278592	1	868	C	T
D1_N1	0.187006578955	2	421	G	A
D1_N1	0.18797209728	2	416	T	G
D1_N1	0.188242560066	1	1027	C	G
D1_N1	0.188311595595	1	650	G	A
D1_N1	0.18896196205	2	817	A	T
D1_N1	0.188994768083	1	872	T	A
D1_N1	0.189314537236	1	781	A	T
D1_N1	0.189495818791	2	642	G	T
D1_N1	0.189496516219	2	858	A	G
D1_N1	0.1898483001	2	721	G	C
D1_N1	0.190288915071	1	1118	A	G
D1_N1	0.190875851191	1	584	C	T
D1_N1	0.190986869841	2	941	C	G
D1_N1	0.190990971844	2	1159	G	A
D1_N1	0.191093400991	2	484	G	A
D1_N1	0.191400182099	2	45	T	C
D1_N1	0.191823848852	1	898	T	A
D1_N1	0.192218271689	1	1080	A	G
D1_N1	0.192231575632	2	600	A	G
D1_N1	0.192244745209	2	518	A	T
D1_N1	0.193148851683	1	209	T	C
D1_N1	0.193304151929	2	242	G	A
D1_N1	0.193782123282	2	1021	T	C
D1_N1	0.194074444191	2	292	A	G
D1_N1	0.194262383507	2	607	G	C
D1_N1	0.194697365269	1	164	C	T
D1_N1	0.194707460251	1	854	T	A
D1_N1	0.195520051996	2	1050	C	T
D1_N1	0.195551276296	2	1187	C	A
D1_N1	0.195703345698	2	568	G	A
D1_N1	0.195762559668	1	529	A	C
D1_N1	0.197281278408	1	75	A	G
D1_N1	0.198679246447	2	474	G	A
D1_N1	0.199051144161	1	1012	C	T
D1_N1	0.19916076461	2	382	T	G
D1_N1	0.199230270943	1	718	G	A
D1_N1	0.199583498967	2	717	A	G
D1_N1	0.200240112241	1	736	C	G
D1_N1	0.200312853598	1	1195	A	T
D1_N1	0.200620529498	1	1013	A	G
D1_N1	0.20063617336	1	446	A	C
D1_N1	0.201612135744	1	497	G	A
D1_N1	0.202561772895	2	597	T	C
D1_N1	0.202602506125	1	110	T	A
D1_N1	0.203764744871	1	263	G	A
D1_N1	0.203825575933	2	1180	C	A
D1_N1	0.20407008894	2	1048	T	C
D1_N1	0.204076662276	2	480	C	T
D1_N1	0.204157456945	2	988	G	T
D1_N1	0.204309651935	2	1010	C	T
D1_N1	0.204488482181	1	7	C	T
D1_N1	0.204991663187	1	528	A	C
D1_N1	0.205018668532	2	810	C	G
D1_N1	0.205250153952	1	407	G	A
D1_N1	0.205712368138	2	895	G	T
D1_N1	0.206103784312	2	19	G	T
D1_N1	0.206321672975	2	834	C	T
D1_N1	0.206679145387	1	1203	C	T
D1_N1	0.20669331663	1	403	C	T
D1_N1	0.206968939123	2	894	G	A
D1_N1	0.208206779857	2	1004	A	G
D1_N1	0.208349173541	2	823	A	G
D1_N1	0.208370175462	1	386	T	C
D1_N1	0.208573367083	1	812	A	G
D1_N1	0.208595623084	1	558	G	A
D1_N1	0.208633131025	1	23	A	G
D1_N1	0.208953219811	1	19	G	A
D1_N1	0.208998814123	1	960	A	G
D1_N1	0.209320990765	2	945	C	T
D1_N1	0.209463788546	2	580	T	A
D1_N1	0.209569619553	1	1056	G	A
D1_N1	0.210335912128	2	734	C	T
D1_N1	0.21037149257	2	396	A	C
D1_N1	0.210511036056	1	22	G	A
D1_N1	0.210633042142	1	393	G	C
D1_N1	0.210847273089	1	1086	T	A
D1_N1	0.211220202436	2	645	T	G
D1_N1	0.211245646166	1	304	A	G
D1_N1	0.211457186863	1	527	A	T
D1_N1	0.211573287574	1	690	G	A
D1_N1	0.211575276998	1	933	A	T
D1_N1	0.21162107223	1	1111	C	A
D1_N1	0.212345279582	2	749	A	G
D1_N1	0.212813509765	1	326	T	A
D1_N1	0.213638853377	1	1019	C	A
D1_N1	0.2139244123	2	1138	C	T
D1_N1	0.214506789857	2	1016	T	C
N1_N2	0.000145293148632	2	594	A	G
N1_N2	0.000546004828668	2	909	A	T
N1_N2	0.000632864642253	1	400	T	G
N1_N2	0.000800119137848	1	182	A	G
N1_N2	0.000949088113726	1	505	A	C
N1_N2	0.00176682776925	2	57	C	T
N1_N2	0.00247442253127	2	932	A	C
N1_N2	0.00282714598041	1	123	A	G
N1_N2	0.00307549514211	2	126	G	A
N1_N2	0.0031696523384	2	404	A	C
N1_N2	0.00340347826932	2	696	G	A
N1_N2	0.00346819548635	2	1236	G	T
N1_N2	0.00396520477788	1	16	T	G
N1_N2	0.00465816129697	1	318	G	T
N1_N2	0.00604717076063	1	1141	T	C
N1_N2	0.00604952697209	2	508	T	C
N1_N2	0.0064895331867	2	514	A	C
N1_N2	0.00690373413932	1	1229	C	G
N1_N2	0.00747114375089	1	867	T	G
N1_N2	0.00840716283848	1	326	A	G
N1_N2	0.00895916780649	1	602	T	A
N1_N2	0.00979913735229	1	30	T	G
N1_N2	0.0102421411132	2	1027	C	T
N1_N2	0.0104541075996	2	873	C	T
N1_N2	0.0106811810407	1	1033	A	T
N1_N2	0.011377823331	2	1144	A	G
N1_N2	0.011394823283	2	206	C	A
N1_N2	0.0117628151754	1	787	A	G
N1_N2	0.0119047412136	1	1236	G	T
N1_N2	0.012086548194	2	483	T	C
N1_N2	0.0121638594893	1	850	T	A
N1_N2	0.0122945471077	1	631	C	T
N1_N2	0.0138888534759	1	1035	G	A
N1_N2	0.0140077916458	1	32	A	G
N1_N2	0.014100629424	2	806	A	C
N1_N2	0.0141354216307	1	258	T	A
N1_N2	0.0143114824377	2	768	T	C
N1_N2	0.0143376707278	2	446	T	G
N1_N2	0.0145827182654	2	811	A	C
N1_N2	0.0146120342327	1	353	C	T
N1_N2	0.0146589598129	1	595	A	G
N1_N2	0.0147221906393	2	1034	G	A
N1_N2	0.0155995794814	2	271	A	G
N1_N2	0.0157910220671	1	109	G	A
N2_N3	0.000128749127353	1	332	G	T
N2_N3	0.000311498483977	1	99	A	G
N2_N3	0.000563938256129	1	808	G	A
N2_N3	0.000688157646896	1	1155	C	T
N2_N3	0.000823941550062	2	753	T	C
N2_N3	0.00261942108601	2	650	G	A
N2_N3	0.00277491930767	2	125	G	C
N2_N3	0.00423700710431	2	509	G	A
N2_N3	0.00473652232015	1	740	C	A
N2_N3	0.00517659202733	1	399	G	A
N2_N3	0.00553148552167	1	376	T	A
N2_N3	0.00584076625484	2	980	T	A
N3_N4	0.000359227220609	2	613	C	T
N3_N4	0.000933715642472	2	983	C	T
N3_N4	0.00139193004529	2	581	C	G
N3_N4	0.00185271346374	1	1144	A	G
N3_N4	0.00195950801503	1	498	T	C
N3_N4	0.00211558457279	2	199	G	T
N3_N4	0.00252026180184	1	151	T	C
N3_N4	0.00265846495809	2	676	A	G
N3_N4	0.00315554834785	2	1073	C	T
N3_N4	0.00389716421237	1	1137	G	T
N3_N4	0.00430205150962	2	859	A	T
N3_N4	0.00438075055556	2	1109	T	C
N3_N4	0.00456377841335	1	426	G	A
N3_N4	0.00488639687014	2	442	A	T
N3_N4	0.0049023128165	1	625	C	T
N3_N4	0.00526889926573	2	834	T	C
N3_N4	0.00555424231234	2	728	A	T
N3_N4	0.0060079752272	1	591	A	C
N3_N4	0.00622826941318	2	1092	G	T
N3_N4	0.00625769821498	2	821	C	T
N3_N4	0.00630272858782	1	365	G	C
N3_N4	0.00737399585394	2	827	T	C
N3_N4	0.00756320626207	1	343	C	A
N3_N4	0.00773491669959	2	583	C	G
N4_Human	0.000604668129174	1	734	C	T
N4_Human	0.000658573216309	2	543	G	A
N4_Human	0.00126493763436	1	1199	T	A
N4_Human	0.00232527242268	2	608	G	A
N4_Human	0.002512893538	1	872	A	G
N4_Human	0.00316180824191	1	1049	G	A
N4_Human	0.00342498924815	2	1192	T	A
N4_Human	0.00429729436504	1	118	A	G
N4_Human	0.00448161182747	1	1074	C	A
N4_Human	0.0055387620832	2	946	G	A
N4_Human	0.00597098781619	1	1160	T	C
N4_Human	0.00601225017014	1	385	G	T
N4_Human	0.00717626443331	2	703	G	A
N4_Human	0.0085431305224	1	334	G	A
N4_Human	0.00857204197049	1	990	T	A
N4_Human	0.00879721002958	1	483	T	G
N4_Human	0.00990598211646	1	482	G	A
N4_Human	0.0105075016442	1	707	C	T
N4_Human	0.0107518529169	1	1212	C	T
N4_Human	0.0109122939112	1	934	A	T
N4_Human	0.0109751858178	2	593	T	C
N4_Human	0.010986686013	2	954	A	C
N4_Chimp	0.000388616718462	2	932	C	T
N4_Chimp	0.00138691730536	1	285	G	C
N4_Chimp	0.00273439115968	2	529	A	T
N4_Chimp	0.00309208835779	2	499	A	G
N4_Chimp	0.00319492091015	1	932	A	C
N4_Chimp	0.00322028702053	2	1034	A	G
N4_Chimp	0.0040705159261	1	179	A	G
N4_Chimp	0.00423975490104	1	1039	T	A
N4_Chimp	0.00476613252843	2	1232	A	T
N4_Chimp	0.00476615278873	2	725	C	A
N4_Chimp	0.00498804688363	2	1221	A	T
N4_Chimp	0.00594289983886	2	1232	T	C
N4_Chimp	0.00673332747603	1	722	A	G
N4_Chimp	0.00692141983211	2	357	T	A
N4_Chimp	0.00701376296086	1	456	T	C
N4_Chimp	0.0078646121213	2	1148	C	T
N4_Chimp	0.00811812925667	2	723	A	C
N4_Chimp	0.00840051448251	1	155	C	T
N4_Chimp	0.0094070010926	1	424	C	A
N4_Chimp	0.0104434367234	2	248	G	T
N4_Chimp	0.0104922112149	2	1046	G	A
N4_Chimp	0.0105009904488	1	1232	T	C
N3_Goril	0.000325893922667	1	1062	A	G
N3_Goril	0.000647057213431	2	1084	G	A
N3_Goril	0.000688650459535	2	718	G	A
N3_Goril	0.000854310885741	2	149	A	T
N3_Goril	0.0012594836247	2	13	G	A
N3_Goril	0.00148260151368	2	757	T	A
N3_Goril	0.00183816043188	1	836	A	C
N3_Goril	0.00203816911917	2	899	G	T
N3_Goril	0.00227892300074	1	632	G	A
N3_Goril	0.00228491985112	1	717	A	G
N3_Goril	0.00231014728383	1	708	A	C
N3_Goril	0.00236931505141	2	873	T	A
N3_Goril	0.00310078634946	1	473	C	G
N3_Goril	0.00347218866066	1	50	G	A
N3_Goril	0.00415696314965	1	343	C	T
N3_Goril	0.00567349097965	1	1044	A	T
N3_Goril	0.00646306192134	1	784	T	G
N3_Goril	0.00768211043317	2	649	C	G
N3_Goril	0.00782593917493	1	1172	T	G
N3_Goril	0.00797599853901	2	1025	G	A
N3_Goril	0.00876005454107	2	906	A	T
N3_Goril	0.00895114125111	2	52	G	A
N3_Goril	0.00987349591462	1	1156	G	A
N3_Goril	0.00999520775002	2	288	C	T
N3_Goril	0.0100008642253	1	286	T	G
N3_Goril	0.0100894629705	2	769	C	G
N3_Goril	0.0102046710808	1	476	A	C
N3_Goril	0.0109006968947	2	1114	A	G
N3_Goril	0.0110596974016	2	729	G	A
N3_Goril	0.0119622831958	2	674	A	T
N3_Goril	0.0129192267102	1	153	T	C
N3_Goril	0.013955884853	2	326	A	T
N3_Goril	0.0144504140482	2	449	T	G
N3_Goril	0.0147331511938	1	49	T	C
N3_Goril	0.0151037613237	1	451	T	C
N3_Goril	0.0156157915775	2	1148	C	A
N3_Goril	0.0156549260189	1	927	G	A
N3_Goril	0.0158516753823	1	1221	A	G
N3_Goril	0.0168086504114	1	299	C	A
N3_Goril	0.0172164927359	2	375	C	A
N3_Goril	0.0178415814587	2	1069	C	T
N3_Goril	0.0183010717838	2	1066	A	G
N3_Goril	0.0191040736522	2	1177	C	T
N3_Goril	0.0191722018968	1	32	G	C
N3_Goril	0.0192056780246	2	169	A	G
N3_Goril	0.0193711364908	1	1005	T	C
N3_Goril	0.0195457402085	1	89	G	A
N3_Goril	0.0196314444358	2	311	A	T
N3_Goril	0.0198656475156	1	1178	G	A
N3_Goril	0.0202159436388	1	337	G	A
N3_Goril	0.0202602959886	2	394	A	C
N3_Goril	0.0210215537786	1	841	A	T
N2_Orang	0.000756893010789	1	220	A	C
N2_Orang	0.000840007597754	2	1027	T	G
N2_Orang	0.000895933466202	1	510	T	G
N2_Orang	0.000944240510941	2	484	A	G
N2_Orang	0.00123279791165	2	954	A	G
N2_Orang	0.00130188134021	2	5	T	G
N2_Orang	0.0014280751032	2	255	C	G
N2_Orang	0.00143536836469	1	210	C	T
N2_Orang	0.00192232066146	2	557	A	G
N2_Orang	0.00198967861312	1	971	A	G
N2_Orang	0.00207840533241	1	1231	A	T
N2_Orang	0.00274715849454	2	460	T	A
N2_Orang	0.00300298107568	1	382	T	C
N2_Orang	0.00336488191816	1	1020	C	T
N2_Orang	0.00512155608621	1	502	A	G
N2_Orang	0.00523847665481	2	950	A	G
N2_Orang	0.00566063116807	2	683	A	G
N2_Orang	0.00659935382462	1	406	C	G
N2_Orang	0.00675461250045	2	27	C	A
N2_Orang	0.00755016936021	2	477	G	A
N2_Orang	0.00773193995295	1	903	T	C
N2_Orang	0.0082108153329	2	59	A	G
N2_Orang	0.00836584663593	1	1135	T	G
N2_Orang	0.00865116538427	2	1171	C	G
N2_Orang	0.00920016680111	1	57	T	C
N2_Orang	0.00950003848889	1	1095	A	T
N2_Orang	0.0103056073455	1	896	A	T
N2_Orang	0.0107308639827	2	209	C	A
N2_Orang	0.0121565213043	1	1069	T	A
N2_Orang	0.0125474996274	2	629	A	G
N2_Orang	0.0126880671933	2	755	C	T
N2_Orang	0.0131001902575	1	94	T	G
N2_Orang	0.0131401916452	1	1216	A	T
N2_Orang	0.0139972179876	1	267	G	A
N1_Macaq	8.46908576337e-05	2	1139	A	T
N1_Macaq	0.000626640205294	1	601	G	A
N1_Macaq	0.000648623709426	2	675	C	T
N1_Macaq	0.00081344616839	1	1155	C	T
N1_Macaq	0.00106998915398	2	340	A	G
N1_Macaq	0.0013311622347	2	546	C	A
N1_Macaq	0.00206168681808	1	383	A	C
N1_Macaq	0.00330201732647	1	661	A	T
N1_Macaq	0.00384305138269	2	351	G	A
N1_Macaq	0.00392430743213	2	35	A	G
N1_Macaq	0.00410001947058	2	367	A	G
N1_Macaq	0.00440281194911	1	364	A	G
N1_Macaq	0.00445119229333	2	198	T	G
N1_Macaq	0.00451444601405	1	710	G	A
N1_Macaq	0.00477126784062	2	539	T	A
N1_Macaq	0.00553836028937	1	1194	C	T
N1_Macaq	0.00586250171087	2	825	G	A
N1_Macaq	0.00704411259024	2	503	A	G
N1_Macaq	0.00706207043841	2	258	T	A
N1_Macaq	0.0082035013484	2	96	T	A
N1_Macaq	0.00899372337293	2	1095	A	T
N1_Macaq	0.00971458811219	2	1090	A	G
N1_Macaq	0.00985167211636	1	52	G	T
N1_Macaq	0.0101265319679	2	459	T	G
N1_Macaq	0.0115766431451	2	1059	A	C
N1_Macaq	0.0115894818843	1	346	G	T
N1_Macaq	0.0119249787589	1	1028	G	C
N1_Macaq	0.0119717021282	1	1188	C	T
N1_Macaq	0.012049602859	2	1168	C	G
N1_Macaq	0.012362208382	2	981	A	T
N1_Macaq	0.0132194499857	2	574	C	T
N1_Macaq	0.013361830089	2	752	A	T
N1_Macaq	0.0139110349772	2	356	G	A
N1_Macaq	0.0140595141254	1	821	C	A
N1_Macaq	0.0146829710102	2	281	G	A
N1_Macaq	0.0149043871881	1	136	G	A
N1_Macaq	0.0154032205029	2	27	C	A
N1_Macaq	0.0168094473174	2	840	A	G
N1_Macaq	0.016979754644	1	1086	A	T
N1_Macaq	0.0171391419419	2	444	C	T
N1_Macaq	0.0177355176527	2	659	A	C
N1_Macaq	0.0177947085565	1	1174	C	T
N1_Macaq	0.0179783482569	1	208	C	A
N1_Macaq	0.0181796308581	1	447	A	G
N1_Macaq	0.0183045789594	1	561	G	T
N1_Macaq	0.0189792938735	1	956	C	G
N1_Macaq	0.0194372452496	1	537	G	T
N1_Macaq	0.0198226306924	2	508	T	C
N1_Macaq	0.0199059596365	2	588	T	G
N1_Macaq	0.0200657071258	1	639	G	A
N1_Macaq	0.0202590401488	2	660	G	A
N1_Macaq	0.0204469313561	1	843	G	C
N1_Macaq	0.0205738551077	1	140	T	G
N1_Macaq	0.0207928942053	2	20	C	T
N1_Macaq	0.0208602782396	2	483	T	A
N1_Macaq	0.0218730427241	1	670	A	T
N1_Macaq	0.0219423879591	2	84	C	T
N1_Macaq	0.0221302026196	1	22	A	G
N1_Macaq	0.0225259337786	1	927	G	A
N1_Macaq	0.022719969433	2	214	G	A
N1_Macaq	0.0229146587522	1	281	G	A
N1_Macaq	0.0230590869679	2	423	G	T
N1_Macaq	0.0231038567227	2	254	A	G
N1_Macaq	0.0232237970755	1	605	T	C
N1_Macaq	0.0233617016157	2	523	A	G
N1_Macaq	0.0234855999279	2	739	C	A
N1_Macaq	0.0236086495755	1	340	A	T
N1_Macaq	0.0236413667174	1	258	T	C
N1_Macaq	0.023970969289	1	1132	C	T
N1_Macaq	0.0240433417791	2	208	C	T
N1_Macaq	0.0247088640518	2	282	C	G
N1_Macaq	0.0249835669917	1	150	G	C
N1_Macaq	0.0254827236785	1	921	A	C
N1_Macaq	0.025534300122	1	288	C	G
N1_Macaq	0.0268242220014	2	561	G	T
N1_Macaq	0.026869010102	2	960	A	T
N1_Macaq	0.0269912848849	2	1118	G	T
N1_Macaq	0.0272039270588	1	1206	A	T
N1_Macaq	0.0277850754419	1	717	A	C
N1_Macaq	0.0278599731722	2	82	C	A
N1_Macaq	0.0293364389176	1	1148	C	G
N1_Macaq	0.0299200188673	2	1	T	A
N1_Macaq	0.0301209007961	2	904	A	T
N1_Macaq	0.0303643968557	1	707	C	T
N1_Macaq	0.0305034573679	1	766	G	A
N1_Macaq	0.0312298579007	1	732	G	A
N1_Macaq	0.0325190804036	1	741	T	A
N1_Macaq	0.0325487569099	1	491	G	A
N0_Mouse	0.000477927076124	0	1064	C	T
N0_Mouse	0.00254175939676	0	1118	G	A
N0_Mouse	0.00466388563462	0	1115	C	G
N0_Mouse	0.00585549911451	0	820	T	A
N0_Mouse	0.00614313475826	0	188	C	G
N0_Mouse	0.00674277672504	0	524	T	G
N0_Mouse	0.00677420909524	0	1018	A	G
N0_Mouse	0.0076685796187	0	1058	T	C
N0_Mouse	0.00806279395521	0	245	A	G
N0_Mouse	0.00842805808885	0	1021	T	A
N0_Mouse	0.0114789190669	0	642	G	T
N0_Mouse	0.0122435429963	0	181	A	G
N0_Mouse	0.0124248436947	0	35	T	G
N0_Mouse	0.0124528351585	0	634	A	C
N0_Mouse	0.0136685228998	0	1206	A	T
N0_Mouse	0.0141762852406	0	625	C	T
N0_Mouse	0.0148914338206	0	1216	A	T
N0_Mouse	0.015608936506	0	752	A	G
N0_Mouse	0.0170592040632	0	223	C	T
N0_Mouse	0.0181260986859	0	826	G	A
N0_Mouse	0.0181330510003	0	390	T	A
N0_Mouse	0.019399237302	0	23	A	T
N0_Mouse	0.0207820091108	0	537	G	A
N0_Mouse	0.0215612151044	0	482	G	C
N0_Mouse	0.021969158012	0	1212	C	T
N0_Mouse	0.0237503978379	0	828	T	C
N0_Mouse	0.0239193916211	0	1129	T	G
N0_Mouse	0.0248166107626	0	865	G	A
N0_Mouse	0.0248630788872	0	722	A	G
N0_Mouse	0.0256442190057	0	1193	C	G
N0_Mouse	0.0269652382304	0	580	G	A
N0_Mouse	0.0272484093984	0	983	C	G
N0_Mouse	0.0286953250736	0	464	G	A
N0_Mouse	0.0296239989013	0	172	G	T
N0_Mouse	0.030553459072	0	89	G	T
N0_Mouse	0.032080814951	0	369	G	C
N0_Mouse	0.0323501188927	0	733	C	T
N0_Mouse	0.0327034644406	0	470	T	A
N0_Mouse	0.0363289120427	0	780	T	C
N0_Mouse	0.0380420259576	0	429	T	C
N0_Mouse	0.0401162285641	0	239	T	A
N0_Mouse	0.0402198518761	0	775	G	T
N0_Mouse	0.040417123276	0	512	C	T
N0_Mouse	0.0407574246347	0	906	G	A
N0_Mouse	0.0412328066997	0	294	G	A
N0_Mouse	0.0415829569357	0	323	C	T
N0_Mouse	0.0418986939117	0	1199	T	G
N0_Mouse	0.042155225479	0	69	C	A
N0_Mouse	0.042357641862	0	516	G	A
N0_Mouse	0.042619226218	0	511	T	C
N0_Mouse	0.0427745107814	0	1060	T	A
N0_Mouse	0.043117568477	0	738	G	C
N0_Mouse	0.0451734608149	0	1191	A	T
N0_Mouse	0.0461043457432	0	144	C	T
N0_Mouse	0.0469804287568	0	418	C	A
N0_Mouse	0.0475945372317	0	1019	T	A
N0_Mouse	0.0490340488845	0	1046	G	T
N0_Mouse	0.0492195016294	0	1149	C	A
N0_Mouse	0.049257904652	0	71	A	T
N0_Mouse	0.0508957761057	0	386	T	G
N0_Mouse	0.051372586998	0	528	A	G
N0_Mouse	0.0531568924514	0	634	C	G
N0_Mouse	0.0551972559397	0	423	G	A
N0_Mouse	0.05527359421	0	157	A	G
N0_Mouse	0.0558477086359	0	582	T	C
N0_Mouse	0.0572916182747	0	1155	C	T
N0_Mouse	0.0580218311584	0	1122	T	A
N0_Mouse	0.0596627345667	0	379	G	C
N0_Mouse	0.0602070181084	0	946	G	A
N0_Mouse	0.0607474345574	0	579	C	G
N0_Mouse	0.0615793466314	0	1026	C	T
N0_Mouse	0.0616637320637	0	1218	A	C
N0_Mouse	0.0631533213959	0	64	A	C
N0_Mouse	0.0656905657129	0	1000	T	C
N0_Mouse	0.0677846361283	0	1109	T	C
N0_Mouse	0.0682244537802	0	290	C	T
N0_Mouse	0.0684488627594	0	455	T	C
N0_Mouse	0.0691336760109	0	1183	T	C
N0_Mouse	0.0699624310996	0	648	C	A
N0_Mouse	0.0729269648076	0	135	T	C
N0_Mouse	0.0736005678729	0	1071	G	A
N0_Mouse	0.074399632405	0	54	A	T
N0_Mouse	0.0748873390051	0	245	G	T
N0_Mouse	0.0755100151707	0	1049	A	T
N0_Mouse	0.0764609416405	0	507	T	A
N0_Mouse	0.0773929552757	0	613	C	G
N0_Mouse	0.077423255159	0	1218	C	G
N0_Mouse	0.0779401087784	0	181	G	T
N0_Mouse	0.0780026087755	0	348	T	C
N0_Mouse	0.0784215829373	0	222	A	G
N0_Mouse	0.0790084068429	0	432	T	C
N0_Mouse	0.0790682403141	0	525	G	A
N0_Mouse	0.079105524522	0	1202	C	T
N0_Mouse	0.0791383818093	0	58	T	G
N0_Mouse	0.0800691226824	0	178	C	G
N0_Mouse	0.0824969078668	0	977	A	C
N0_Mouse	0.082572930555	0	646	A	G
N0_Mouse	0.0833349457364	0	407	G	A
N0_Mouse	0.0837688046715	0	174	C	A
N0_Mouse	0.0838490400176	0	642	T	G
N0_Mouse	0.0839386645952	0	64	C	A
N0_Mouse	0.0840737705338	0	326	A	T
N0_Mouse	0.08487520216	0	632	G	T
N0_Mouse	0.0850433790849	0	867	T	C
N0_Mouse	0.0858470218767	0	566	C	T
N0_Mouse	0.0859040738025	0	139	T	C
N0_Mouse	0.086190049487	0	766	G	C
N0_Mouse	0.0874319464843	0	883	A	G
N0_Mouse	0.0880858396845	0	321	A	C
N0_Mouse	0.0882985768674	0	575	C	T
N0_Mouse	0.089378811141	0	22	G	A
N0_Mouse	0.0907404708631	0	761	T	A
N0_Mouse	0.0923786761637	0	977	C	T
N0_Mouse	0.0934329390302	0	516	A	G
N0_Mouse	0.0935907536214	0	1151	C	T
N0_Mouse	0.0952547003998	0	94	T	G
N0_Mouse	0.0963118512826	0	332	G	T
N0_Mouse	0.097185623924	0	804	C	T
N0_Mouse	0.0988802539028	0	1093	A	T
N0_Mouse	0.0996270621104	0	253	G	A
N0_Mouse	0.100174002219	0	870	A	G
N0_Mouse	0.101274658065	0	1227	C	A
N0_Mouse	0.101427189174	0	545	C	T
N0_Mouse	0.101897984291	0	451	G	A
N0_Mouse	0.102451106384	0	37	T	C
N0_Mouse	0.103456652806	0	1126	T	A
N0_Mouse	0.103651591709	0	642	G	A
N0_Mouse	0.104681199345	0	1148	A	G
N0_Mouse	0.104839186292	0	1156	G	A
N0_Mouse	0.107163148955	0	1086	T	C
N0_Mouse	0.108855810795	0	25	G	T
N0_Mouse	0.110555299041	0	631	C	G
N0_Mouse	0.112912499741	0	158	G	T
N0_Mouse	0.113234733612	0	722	G	A
N0_Mouse	0.113308347909	0	125	G	T
N0_Mouse	0.113647728258	0	437	C	T
N0_Mouse	0.113797925243	0	988	G	T
N0_Mouse	0.116486330798	0	186	T	C
N0_Mouse	0.117273798331	0	695	A	T
N0_Mouse	0.117533401901	0	233	T	C
N0_Mouse	0.117692909842	0	799	T	A
N0_Mouse	0.11821745106	0	762	T	C
N0_Mouse	0.118576002023	0	449	T	G
N0_Mouse	0.120137229201	0	545	T	G
N0_Mouse	0.120578649463	0	973	T	G
N0_Mouse	0.126582637101	0	845	A	C
N0_Mouse	0.126753978856	0	371	G	A
N0_Mouse	0.126770180229	0	570	G	A
N0_Mouse	0.127422813554	0	242	G	A
N0_Mouse	0.128798832477	0	395	G	T
N0_Mouse	0.12948330628	0	407	A	G
N0_Mouse	0.129701254355	0	235	C	A
N0_Mouse	0.130376714393	0	372	A	T
N0_Mouse	0.130494798134	0	72	A	G
N0_Mouse	0.1318662968	0	824	T	C
N0_Mouse	0.132300316763	0	1198	G	T
N0_Mouse	0.132467437004	0	1002	T	G
N0_Mouse	0.132556077785	0	887	A	T
N0_Mouse	0.132847627537	0	143	C	A
N0_Mouse	0.133950165927	0	679	T	A
N0_Mouse	0.134943280586	0	609	T	A
N0_Mouse	0.135725862231	0	1216	T	A
N0_Mouse	0.135844175364	0	1068	T	G
N0_Mouse	0.137012356632	0	171	A	C
N0_Mouse	0.137412129938	0	109	G	C
N0_Mouse	0.137506946969	0	745	T	C
N0_Mouse	0.139139071435	0	708	A	T
N0_Mouse	0.139178775391	0	67	G	A
N0_Mouse	0.139447752794	0	815	T	A
N0_Mouse	0.139760074708	0	302	G	A
N0_Mouse	0.139954164434	0	589	A	G
N0_Mouse	0.140585359319	0	346	G	A
N0_Mouse	0.140929253483	0	602	T	C
N0_Mouse	0.141371468547	0	537	A	G
N0_Mouse	0.142689612179	0	661	A	G
N0_Mouse	0.143094763165	0	1236	G	A
N0_Mouse	0.14363947845	0	615	G	A
N0_Mouse	0.144027197919	0	52	G	A
N0_Mouse	0.144276196112	0	991	G	A
N0_Mouse	0.144489669422	0	978	T	C
N0_Mouse	0.144546753178	0	631	G	A
N0_Mouse	0.144949331589	0	542	A	G
N0_Mouse	0.145887134764	0	456	T	C
N0_Mouse	0.14671984903	0	918	G	A
N0_Mouse	0.147479208775	0	888	T	G
N0_Mouse	0.14796896146	0	244	G	T
N0_Mouse	0.14805167402	0	508	T	G
N0_Mouse	0.148373191123	0	102	T	C
N0_Mouse	0.148407628482	0	20	C	T
N0_Mouse	0.148565506185	0	721	G	A
N0_Mouse	0.149291045149	0	513	C	T
N0_Mouse	0.149353859693	0	380	A	T
N0_Mouse	0.15000978888	0	246	C	G
N0_Mouse	0.15048207319	0	250	G	C
N0_Mouse	0.15131522819	0	54	T	G
N0_Mouse	0.1517272345	0	949	A	G
N0_Mouse	0.15383834401	0	1009	A	G
N0_Mouse	0.15639375403	0	942	T	A
N0_Mouse	0.156432753765	0	467	G	A
N0_Mouse	0.156447566503	0	485	T	A
N0_Mouse	0.156568095719	0	760	A	C
N0_Mouse	0.15703163985	0	747	A	T
N0_Mouse	0.157440940831	0	885	C	A
N0_Mouse	0.158118944432	0	638	T	A
N0_Mouse	0.159722921879	0	730	T	C
N0_Mouse	0.159883705497	0	634	G	A
N0_Mouse	0.160868761636	0	273	G	T
N0_Mouse	0.162175189634	0	917	C	G
N0_Mouse	0.162390297774	0	1215	A	G
N0_Mouse	0.162528116269	0	283	T	C
N0_Mouse	0.162866378269	0	578	A	G
N0_Mouse	0.168230595581	0	443	A	C
N0_Mouse	0.168648610838	0	594	A	C
N0_Mouse	0.169259808917	0	299	C	A
N0_Mouse	0.173649161619	0	262	T	A
N0_Mouse	0.173937034959	0	597	C	A
N0_Mouse	0.175012594043	0	297	A	G
N0_Mouse	0.175194846604	0	1181	A	G
N0_Mouse	0.175387874502	0	742	T	A
N0_Mouse	0.176352104564	0	608	G	T
N0_Mouse	0.177346760198	0	578	G	A
N0_Mouse	0.178030937579	0	1001	A	T
N0_Mouse	0.178093305488	0	783	G	A
N0_Mouse	0.17833711886	0	19	G	C
N0_Mouse	0.178431533272	0	873	C	G
N0_Mouse	0.178892557197	0	911	C	T
N0_Mouse	0.18046385504	0	807	A	T
N0_Mouse	0.180501054156	0	845	C	T
N0_Mouse	0.180830936666	0	538	T	A
N0_Mouse	0.181004122592	0	685	T	G
N0_Mouse	0.181606950273	0	405	A	G
N0_Mouse	0.181896391617	0	36	C	T
N0_Mouse	0.183952818157	0	755	C	T
N0_Mouse	0.184132849012	0	26	G	A
N0_Mouse	0.185952108059	0	23	T	C
N0_Mouse	0.186953100787	0	58	G	T
N0_Mouse	0.187644146685	0	683	A	T
N0_Mouse	0.187731197475	0	74	C	A
N0_Mouse	0.187796816075	0	1117	C	G
N0_Mouse	0.188707795425	0	292	T	A
N0_Mouse	0.189084182175	0	19	C	T
N0_Mouse	0.18963174812	0	600	A	G
N0_Mouse	0.191357071164	0	127	G	T
N0_Mouse	0.191773394089	0	89	T	C
N0_Mouse	0.192232265494	0	649	C	T
N0_Mouse	0.193152662461	0	790	C	T
N0_Mouse	0.193195544184	0	1080	A	G
N0_Mouse	0.194262091156	0	1058	C	T
N0_Mouse	0.194752652431	0	1221	A	G
N0_Mouse	0.194798152862	0	870	G	A
N0_Mouse	0.195348013243	0	959	A	G
N0_Mouse	0.195736136697	0	580	A	T
N0_Mouse	0.196043291766	0	571	G	A
N0_Mouse	0.196997633671	0	86	C	T
N0_Mouse	0.197534086017	0	126	G	C
N0_Mouse	0.198116987533	0	253	A	G
N0_Mouse	0.199192232997	0	812	C	A
N0_Mouse	0.199202342697	0	1124	G	T
N0_Mouse	0.199491641697	0	1126	A	T
N0_Mouse	0.199732963191	0	394	A	G
N0_Mouse	0.20279955262	0	1003	A	T
N0_Mouse	0.202917110468	0	352	T	C
N0_Mouse	0.204597495928	0	551	A	C
N0_Mouse	0.205472011772	0	1026	T	A
N0_Mouse	0.208020075867	0	973	G	C
N0_Mouse	0.20820563995	0	241	C	T
N0_Mouse	0.212086086691	0	1007	T	A
N0_Mouse	0.212138458021	0	941	C	T
N0_Mouse	0.212650249123	0	563	T	C
N0_Mouse	0.215070497932	0	959	G	A
N0_Mouse	0.215491583892	0	471	G	C
N0_Mouse	0.216479668804	0	233	C	G
N0_Mouse	0.216720173257	0	45	T	G
N0_Mouse	0.217414979474	0	929	G	A
N0_Mouse	0.219240808561	0	156	G	C
N0_Mouse	0.219427366709	0	716	C	T
N0_Mouse	0.220023521687	0	984	A	G
N0_Mouse	0.220122311542	0	574	T	C
N0_Mouse	0.220315240989	0	870	A	G
N0_Mouse	0.220500074301	0	383	A	T
N0_Mouse	0.22200936273	0	332	T	A
N0_Mouse	0.22311941229	0	415	T	A
N0_Mouse	0.223173326458	0	1091	T	A
N0_Mouse	0.22336432249	0	1016	T	A
N0_Mouse	0.223616265397	0	969	G	C
N0_Mouse	0.224552164849	0	426	G	C
N0_Mouse	0.224844822697	0	636	T	A
N0_Mouse	0.225062213495	0	420	G	C
N0_Mouse	0.226507657925	0	403	C	T
N0_Mouse	0.227465629187	0	776	C	T
N0_Mouse	0.227595862097	0	450	A	G
N0_Mouse	0.227813705631	0	202	C	T
N0_Mouse	0.227849157876	0	976	G	A
N0_Mouse	0.228155983572	0	999	C	T
N0_Mouse	0.228860124025	0	544	T	G
N0_Mouse	0.229186611216	0	1172	T	G
N0_Mouse	0.229577479432	0	813	A	G
N0_Mouse	0.230499208923	0	482	C	T
N0_Mouse	0.231413200559	0	962	A	T
N0_Mouse	0.231920474047	0	415	A	G
N0_Mouse	0.232414668883	0	155	C	G
N0_Mouse	0.235681045936	0	1160	T	C
N0_Mouse	0.235762706293	0	6	G	C
N0_Mouse	0.236197452378	0	1082	T	A
N0_Mouse	0.236928111126	0	137	A	T
N0_Mouse	0.238177686477	0	289	A	G
N0_Mouse	0.238524979343	0	285	G	A
N0_Mouse	0.239603710846	0	507	A	T
N0_Mouse	0.239705952165	0	231	A	C
N0_Mouse	0.240483323256	0	562	C	T
N0_Mouse	0.240791515521	0	723	A	G
N0_Mouse	0.243727044646	0	24	G	T
N0_Mouse	0.243806443613	0	354	T	A
N0_Mouse	0.243984533465	0	473	C	T
N0_Mouse	0.244346926809	0	1160	C	A
N0_Mouse	0.244689830953	0	352	C	T
N0_Mouse	0.244709975005	0	973	C	G
N0_Mouse	0.245094170369	0	1107	G	T
N0_Mouse	0.245669955653	0	4	G	A
N0_Mouse	0.248980485693	0	645	T	A
N0_Mouse	0.249806976043	0	1100	G	A
N0_Mouse	0.249811606304	0	897	G	A
N0_Mouse	0.249932546378	0	477	G	T
N0_Mouse	0.251240750115	0	324	T	G
N0_Mouse	0.25263850971	0	1037	G	A
N0_Mouse	0.253071442655	0	303	G	T
N0_Mouse	0.253981928019	0	997	T	C
N0_Mouse	0.255336416946	0	824	C	A
N0_Mouse	0.25559068878	0	419	G	T
N0_Mouse	0.255606059481	0	693	A	C
N0_Mouse	0.25674179193	0	967	T	A
N0_Mouse	0.257172747011	0	282	C	T
N0_Mouse	0.257317467575	0	257	C	T
N0_Mouse	0.25812310201	0	1064	T	A
N0_Mouse	0.259026425178	0	185	C	G
N0_Mouse	0.262064158615	0	455	C	A
N0_Mouse	0.26219704852	0	1215	G	A
N0_Mouse	0.262499205011	0	534	T	G
N0_Mouse	0.263247644554	0	1185	G	A
N0_Mouse	0.26443727026	0	665	C	G
N0_Mouse	0.264890736313	0	1098	G	A
N0_Mouse	0.26533751767	0	241	T	C
N0_Mouse	0.265631255803	0	911	T	A
N0_Mouse	0.26613764318	0	862	A	G
N0_Mouse	0.26659608944	0	1001	T	C
N0_Mouse	0.267614486422	0	1187	C	T
N0_Mouse	0.268033073376	0	520	C	A
N0_Mouse	0.268149029559	0	1152	G	A
N0_Mouse	0.268228107116	0	611	A	G
N0_Mouse	0.26842429095	0	0	A	G
N0_Mouse	0.269305200428	0	805	T	C
N0_Mouse	0.269384215547	0	400	T	A
N0_Mouse	0.270213853614	0	77	G	T
N0_Mouse	0.270695172698	0	1220	T	C
N0_Mouse	0.27237752133	0	1204	G	T
N0_Mouse	0.272840894591	0	746	G	T
N0_Mouse	0.273238889028	0	379	C	T
N0_Mouse	0.274413368529	0	903	T	A
N0_Mouse	0.275289040627	0	363	A	C
N0_Mouse	0.275814438951	0	637	G	A
N0_Mouse	0.275997841954	0	608	T	A
N0_Mouse	0.27720720814	0	551	C	T
N0_Mouse	0.278746360943	0	500	T	G
N0_Mouse	0.2797004078	0	1033	A	G
N0_Mouse	0.281176439631	0	881	C	T
N0_Mouse	0.282330092889	0	1073	C	G
N0_Mouse	0.283459564719	0	144	T	G
N0_Mouse	0.283489467721	0	1088	A	G
N0_Mouse	0.284755136324	0	621	C	G
N0_Mouse	0.285429121647	0	1036	A	G
N0_Mouse	0.285788354558	0	158	T	A
N0_Mouse	0.285815250304	0	115	A	G
N0_Mouse	0.286130817167	0	846	C	T
N0_Mouse	0.287999252222	0	569	T	A
N0_Mouse	0.289153490886	0	53	G	A
N0_Mouse	0.289182263867	0	162	G	C
N0_Mouse	0.28947403642	0	694	T	C
N0_Mouse	0.290229531044	0	591	A	G
N0_Mouse	0.292502820641	0	1021	A	G
N0_Mouse	0.292584508711	0	1146	G	A
N0_Mouse	0.292711441637	0	562	T	G
N0_Mouse	0.293394933199	0	816	C	A
N0_Mouse	0.293636897899	0	1079	C	T
N0_Mouse	0.293734982882	0	465	G	T
N0_Mouse	0.294300981616	0	165	G	A
N0_Mouse	0.294380822828	0	46	T	A
N0_Mouse	0.295087973362	0	470	A	T
N0_Mouse	0.296012954626	0	783	A	T
N0_Mouse	0.296607216475	0	851	A	G
N0_Mouse	0.298432891124	0	205	T	C
N0_Mouse	0.300634541883	0	695	T	A
N0_Mouse	0.300758506636	0	1222	T	C
N0_Mouse	0.30142617846	0	501	C	T
N0_Mouse	0.301723083615	0	333	T	A
N0_Mouse	0.302382250579	0	861	T	G
N0_Mouse	0.302753604569	0	610	G	A
N0_Mouse	0.303320939118	0	189	A	T
N0_Mouse	0.304511946695	0	243	T	C
N0_Mouse	0.305582710019	0	0	G	T
N0_Mouse	0.305648882565	0	315	G	A
N0_Mouse	0.306621345477	0	776	T	A
N0_Mouse	0.306641488491	0	695	A	G
N0_Mouse	0.308860715853	0	280	C	T
N0_Mouse	0.310061229025	0	558	G	A
N0_Mouse	0.312745355931	0	1188	A	T
N0_Mouse	0.312994020333	0	785	T	A
N0_Mouse	0.313671963624	0	89	C	T
N0_Mouse	0.314468820212	0	1129	G	A
N0_Mouse	0.314804568184	0	623	G	A
N0_Mouse	0.315194049034	0	1236	A	G
N0_Mouse	0.316110451688	0	348	C	A
N0_Mouse	0.316375694499	0	699	T	C
N0_Mouse	0.317294971259	0	868	C	T
N0_Mouse	0.317887221003	0	309	G	A
N0_Mouse	0.318752794645	0	1175	A	T
N0_Mouse	0.319310811904	0	182	A	T
N0_Mouse	0.322225781365	0	390	A	G
N0_Mouse	0.322522151043	0	844	C	G
N0_Mouse	0.324080800026	0	837	T	C
N0_Mouse	0.324316111085	0	719	G	C
N0_Mouse	0.324689489225	0	176	C	T
N0_Mouse	0.325622910499	0	632	T	A
N0_Mouse	0.327237320646	0	905	C	A
N0_Mouse	0.328941259119	0	336	T	A
N0_Mouse	0.329945229455	0	949	G	T
N0_Mouse	0.330939173105	0	1103	G	T
N0_Mouse	0.331262317592	0	83	A	G
N0_Mouse	0.331779115885	0	712	C	T
N0_Mouse	0.332049011109	0	410	T	A
N0_Mouse	0.333208308748	0	865	A	T
N0_Mouse	0.333388548799	0	436	A	G
N0_Mouse	0.333784713165	0	199	G	A
N0_Mouse	0.33455104447	0	281	G	A
N0_Mouse	0.334773297428	0	404	C	A
N0_Mouse	0.335107862248	0	1234	T	C
N0_Mouse	0.335217442006	0	629	A	T
N0_Mouse	0.336722007901	0	521	G	T
N0_Mouse	0.338192622251	0	961	A	G
N0_Mouse	0.338244895108	0	1022	A	T
N0_Mouse	0.338254345816	0	537	G	C
N0_Mouse	0.340764525257	0	744	G	A
N0_Mouse	0.341467624895	0	779	A	G
N0_Mouse	0.342723486856	0	1164	A	G
N0_Mouse	0.343390912282	0	736	C	T
N0_Mouse	0.345023625226	0	277	G	A
N0_Mouse	0.345315560451	0	637	A	G
N0_Mouse	0.34662265425	0	14	G	A
N0_Mouse	0.346895525257	0	782	T	C
N0_Mouse	0.346967044247	0	818	G	A
N0_Mouse	0.347391945231	0	475	T	C
N0_Mouse	0.347446179838	0	832	T	C
N0_Mouse	0.347691260834	0	461	G	T
N0_Mouse	0.348055174134	0	576	G	T
N0_Mouse	0.348067163646	0	385	G	A
N0_Mouse	0.348814616178	0	264	G	A
N0_Mouse	0.349391907542	0	7	C	A
N0_Mouse	0.350798524329	0	8	T	A
N0_Mouse	0.35142815364	0	678	C	G
N0_Mouse	0.351441294619	0	1164	G	C
N0_Mouse	0.351650155858	0	447	A	C
N0_Mouse	0.351978850053	0	112	G	C
N0_Mouse	0.353418720473	0	1122	A	T
N0_Mouse	0.354597785018	0	704	T	A
N0_Mouse	0.354855848764	0	36	T	A
N0_Mouse	0.355632604208	0	367	A	T
N0_Mouse	0.356296168685	0	836	A	T
N0_Mouse	0.356584390266	0	557	A	G
N0_Mouse	0.357315672817	0	1217	G	A
N0_Mouse	0.357671139028	0	810	C	T
N0_Mouse	0.361645223932	0	77	T	C
N0_Mouse	0.362266171104	0	136	A	T
N0_Mouse	0.363132651709	0	1186	A	G
N0_Mouse	0.363978377093	0	660	A	C
N0_Mouse	0.3649193419	0	456	C	T
N0_Mouse	0.3652160026	0	606	A	C
N0_Mouse	0.365374388993	0	1134	T	C
N0_Mouse	0.366393107058	0	943	T	C
N0_Mouse	0.366655053063	0	1070	A	G
N0_Mouse	0.371808234432	0	1173	G	C
N0_Mouse	0.37197490793	0	1209	A	G
N0_Mouse	0.372468400723	0	106	A	T
N0_Mouse	0.373368803281	0	864	A	T
N0_Mouse	0.3747149668	0	903	A	T
N0_Mouse	0.374950663986	0	1194	C	T
N0_Mouse	0.376141424361	0	1051	A	G
N0_Mouse	0.376290393811	0	104	C	T
N0_Mouse	0.376478114183	0	549	A	C
N0_Mouse	0.377292401636	0	17	A	C
N0_Mouse	0.378754201226	0	987	C	T
N0_Mouse	0.379124953601	0	23	C	G
N0_Mouse	0.38348718659	0	824	A	T
N0_Mouse	0.386025193393	0	756	T	A
N0_Mouse	0.386475630633	0	451	A	C
N0_Mouse	0.387829544043	0	690	G	T
N0_Mouse	0.387925947641	0	260	C	T
N0_Mouse	0.388059253339	0	97	T	C
N0_Mouse	0.388435412593	0	623	A	G
N0_Mouse	0.388588769818	0	418	A	C
N0_Mouse	0.389100609913	0	1150	C	T
N0_Mouse	0.389251737793	0	275	A	G
N0_Mouse	0.389513995701	0	400	A	T
N0_Mouse	0.389942471005	0	222	G	T
N0_Mouse	0.39028265801	0	42	A	T
N0_Mouse	0.391223183468	0	615	A	C
N0_Mouse	0.392083158595	0	51	G	T
N0_Mouse	0.39274206406	0	358	G	T
N0_Mouse	0.39311986068	0	793	C	G
N0_Mouse	0.393192805148	0	447	C	T
N0_Mouse	0.394013325194	0	762	C	A
N0_Mouse	0.394345700263	0	867	C	A
N0_Mouse	0.39520840602	0	949	T	C
N0_Mouse	0.396142444227	0	1178	G	A
N0_Mouse	0.396559299467	0	501	T	A
N0_Mouse	0.396896576415	0	644	T	A
N0_Mouse	0.397080485364	0	625	T	C
N0_Mouse	0.39951103654	0	1121	G	A
N0_Mouse	0.399650982451	0	718	G	A
N0_Mouse	0.40080550343	0	259	G	A
N0_Mouse	0.402220487442	0	705	A	T
N0_Mouse	0.40299237475	0	66	A	G
N0_Mouse	0.4044579943	0	1067	T	G
N0_Mouse	0.404777289525	0	394	G	T
N0_Mouse	0.40514714009	0	959	A	G
N0_Mouse	0.407004899976	0	1156	A	G
N0_Mouse	0.407104151689	0	353	C	G
N0_Mouse	0.407676652167	0	272	C	G
N0_Mouse	0.408437673473	0	309	A	C
N0_Mouse	0.408739437434	0	328	A	T
N0_Mouse	0.408864102379	0	1046	T	A
N0_Mouse	0.411839322077	0	80	C	A
N0_Mouse	0.412489738834	0	812	A	C
N0_Mouse	0.412540228621	0	250	C	T
N0_Mouse	0.414731512526	0	46	A	G
N0_Mouse	0.41564856739	0	545	G	T
N0_Mouse	0.417375141347	0	564	A	G
N0_Mouse	0.417943617788	0	1056	G	A
N0_Mouse	0.418021189019	0	667	T	A
N0_Mouse	0.418181114194	0	299	A	T
N0_Mouse	0.419774599958	0	913	G	T
N0_Mouse	0.423288131081	0	830	T	A
N0_Mouse	0.423359154439	0	596	C	G
N0_Mouse	0.42354638669	0	959	G	T
N0_Mouse	0.425527057736	0	11	T	A
N0_Mouse	0.426001654806	0	782	C	A
N0_Mouse	0.42685902453	0	813	G	C
N0_Mouse	0.42740704349	0	912	G	T
N0_Mouse	0.428350441899	0	663	A	G
N0_Mouse	0.428473926311	0	706	C	G
N0_Mouse	0.429221076846	0	458	A	T
N0_Mouse	0.429329458444	0	312	A	C
N0_Mouse	0.429595101271	0	612	C	G
N0_Mouse	0.430489823684	0	52	A	G
N0_Mouse	0.431386921623	0	936	C	G
N0_Mouse	0.431617460258	0	1180	C	T
N0_Mouse	0.431716549423	0	350	G	A
N0_Mouse	0.432477188963	0	979	A	G
N0_Mouse	0.434606340081	0	908	T	C
N0_Mouse	0.434686201698	0	1079	T	A
N0_Mouse	0.434761971548	0	1070	G	C
N0_Mouse	0.434884722298	0	456	T	A
N0_Mouse	0.435364203131	0	465	T	C
N0_Mouse	0.436040595314	0	175	C	A
N0_Mouse	0.436337888374	0	734	C	A
N0_Mouse	0.437296101659	0	723	G	A
N0_Mouse	0.437716785616	0	751	G	C
N0_Mouse	0.440018691722	0	208	C	T
N0_Mouse	0.441656664676	0	405	G	T
N0_Mouse	0.441836925571	0	234	A	T
N0_Mouse	0.442004968342	0	224	T	G
N0_Mouse	0.444127406493	0	623	G	C
N0_Mouse	0.445245343174	0	900	A	C
N0_Mouse	0.446163467025	0	959	T	C
N0_Mouse	0.44740400431	0	366	G	A
N0_Mouse	0.447785816343	0	857	T	C
N0_Mouse	0.449786199167	0	314	G	T
N0_Mouse	0.452638387447	0	1037	A	G
N0_Mouse	0.45274934834	0	729	G	T
N0_Mouse	0.452792916689	0	109	C	G
N0_Mouse	0.452973354281	0	652	G	A
N0_Mouse	0.453878287778	0	391	A	T
N0_Mouse	0.454184107221	0	47	C	A
N0_Mouse	0.454661623212	0	709	T	G
N0_Mouse	0.455710812061	0	513	T	C
N0_Mouse	0.459042726743	0	302	A	C
