edge	time	mut_orlg	mut_pos	old_state	new_state
N0_kluyveri	0.000590758967838	0	107	T	C
N0_kluyveri	0.000838803097077	0	455	C	T
N0_kluyveri	0.00111230882273	0	360	A	G
N0_kluyveri	0.00177533225788	0	392	A	G
N0_kluyveri	0.00197915301099	0	86	A	G
N0_kluyveri	0.00210986857615	0	92	G	A
N0_kluyveri	0.00348792093957	0	386	C	T
N0_kluyveri	0.00363186044247	0	329	T	A
N0_kluyveri	0.00407723869767	0	381	C	T
N0_kluyveri	0.00461115639151	0	128	C	G
N0_kluyveri	0.00663450901422	0	23	G	A
N0_kluyveri	0.00772432213549	0	122	T	C
N0_kluyveri	0.00777697825328	0	386	T	C
N0_kluyveri	0.00805596643373	0	167	C	T
N0_kluyveri	0.00904745428164	0	419	T	C
N0_kluyveri	0.0098767914267	0	107	C	T
N0_kluyveri	0.0104728361643	0	365	C	T
N0_kluyveri	0.0105038069525	0	170	C	T
N0_kluyveri	0.0123731693381	0	413	G	A
N0_kluyveri	0.0124906587297	0	203	A	G
N0_kluyveri	0.0125357256426	0	65	G	A
N0_kluyveri	0.0129985689026	0	308	A	T
N0_kluyveri	0.0131175021842	0	260	C	T
N0_kluyveri	0.0132606479073	0	152	C	T
N0_kluyveri	0.0138188466234	0	425	C	A
N0_D1	0.000814207897928	0	485	T	C
D1_N1	2.68594557786e-05	2	71	C	T
D1_N1	4.80002177978e-05	1	122	T	C
D1_N1	0.000103230671783	2	326	C	T
D1_N1	0.000173552211372	1	26	T	C
D1_N1	0.000319851817422	1	119	T	C
D1_N1	0.000378875742969	1	89	A	G
D1_N1	0.000484867251303	2	227	T	C
D1_N1	0.0006957209211	1	50	T	C
D1_N1	0.000716789737413	2	14	C	T
D1_N1	0.000810035284656	1	314	T	C
D1_N1	0.00139248827052	2	194	G	A
D1_N1	0.00152134247455	2	194	A	G
D1_N1	0.00157845627495	2	230	G	A
D1_N1	0.00177660194621	1	488	C	A
D1_N1	0.00219795946837	1	2	C	A
D1_N1	0.00239843522808	1	251	A	G
D1_N1	0.0024867150257	2	143	A	G
D1_N1	0.00252462471221	2	239	T	C
D1_N1	0.00254291197633	2	293	G	A
D1_N1	0.00269533271116	2	248	T	C
D1_N1	0.00308849986409	2	32	C	T
D1_N1	0.00317221634138	1	218	A	G
N1_castellii	0.00142099445603	1	338	T	A
N1_castellii	0.00201437677968	1	377	C	T
N1_castellii	0.00258139316355	2	101	A	T
N1_castellii	0.00283155546891	1	281	A	G
N1_castellii	0.00298777412294	1	182	A	G
N1_castellii	0.00302871207998	1	437	A	G
N1_castellii	0.00327485761122	2	32	T	C
N1_castellii	0.00344144962264	2	131	C	T
N1_castellii	0.00351751505557	1	353	T	C
N1_castellii	0.00373366567305	1	302	G	A
N1_castellii	0.00467762306388	1	5	T	C
N1_castellii	0.0047514534516	1	341	T	C
N1_castellii	0.00486901989169	2	59	A	T
N1_castellii	0.00493089856215	2	160	A	G
N1_castellii	0.00497060198481	1	333	A	G
N1_castellii	0.00508400535867	2	38	T	G
N1_castellii	0.00512571874705	1	452	C	T
N1_castellii	0.00569014152271	1	473	A	T
N1_castellii	0.00596997083343	1	80	A	T
N1_castellii	0.00598554228794	2	362	C	T
N1_castellii	0.00600594801646	1	116	A	G
N1_castellii	0.00602762073503	2	218	A	G
N1_castellii	0.00685333807642	2	112	T	C
N1_castellii	0.00690837335732	1	260	C	T
N1_castellii	0.00727564148358	1	374	G	T
N1_castellii	0.00832934725346	2	161	C	T
N1_castellii	0.00836363332811	1	185	G	A
N1_castellii	0.00838177553931	1	320	T	C
N1_castellii	0.0084647630484	1	392	A	T
N1_castellii	0.00872541337589	2	407	C	A
N1_castellii	0.00884632586158	2	158	G	A
N1_castellii	0.008943432113	2	416	C	T
N1_castellii	0.00899946057279	2	44	T	C
N1_castellii	0.00912056590209	2	242	T	C
N1_castellii	0.0093156401126	1	122	C	T
N1_castellii	0.00952022473219	2	171	T	A
N1_castellii	0.0095816794108	1	359	T	C
N1_castellii	0.0097271358669	1	404	G	A
N1_castellii	0.00995434502508	1	98	C	T
N1_castellii	0.011001928989	2	113	T	C
N1_castellii	0.0110798406023	1	350	G	A
N1_castellii	0.0119108741416	1	0	C	T
N1_castellii	0.0120147136577	1	440	A	G
N1_castellii	0.012070406043	1	227	T	C
N1_castellii	0.0122128630795	1	14	C	T
N1_castellii	0.0122883252256	2	422	A	T
N1_castellii	0.0128882174812	1	332	C	T
N1_castellii	0.0129700766275	1	71	C	T
N1_N2	0.000335924784988	1	107	T	G
N1_N2	0.00106952184996	1	341	T	C
N1_N2	0.00126692175763	2	227	T	C
N1_N2	0.00183735943255	1	29	T	C
N1_N2	0.00186714571724	1	362	C	T
N1_N2	0.0021836734503	2	149	A	G
N1_N2	0.00238679498164	1	50	C	T
N1_N2	0.00249777421219	2	35	C	T
N1_N2	0.00263163055635	2	290	G	A
N1_N2	0.00274875796238	1	260	C	T
N1_N2	0.00280843639803	1	137	C	T
N1_N2	0.00283772566057	2	215	C	T
N1_N2	0.00291487813864	2	149	G	A
N1_N2	0.00322511623591	2	341	T	C
N1_N2	0.00366961207212	1	188	A	G
N1_N2	0.00374364564737	2	104	T	C
N1_N2	0.00388070828442	1	242	T	C
N1_N2	0.00427789421976	1	116	A	G
N1_N2	0.00432435135806	1	209	T	C
N1_N2	0.00437069442	2	416	C	T
N1_N2	0.00438699564448	2	468	A	G
N1_N2	0.0046376993832	1	92	G	C
N1_N2	0.00471780706318	1	170	C	T
N1_N2	0.00475841611448	2	296	T	C
N1_N2	0.0049900806791	2	407	C	T
N1_N2	0.0050272735897	2	341	C	T
N1_N2	0.00523349940979	1	68	C	G
N1_N2	0.00524602896959	1	418	T	C
N1_N2	0.00600303011291	1	35	C	T
N1_N2	0.00635873942455	2	38	T	A
N1_N2	0.00651220591952	2	444	T	C
N1_N2	0.00669026560925	1	323	C	A
N1_N2	0.00687622269464	2	377	C	G
N1_N2	0.00696698539275	1	161	C	T
N1_N2	0.0071557662583	2	227	C	T
N1_N2	0.00720171193839	1	71	C	T
N1_N2	0.00751349982233	2	371	G	A
N1_N2	0.00823075876233	1	488	A	G
N1_N2	0.00834570349503	1	329	T	C
N1_N2	0.00872871365997	1	221	T	C
N1_N2	0.00882550952854	2	308	A	G
N1_N2	0.00951237664668	2	230	G	A
N1_N2	0.00968604821354	1	203	A	G
N1_N2	0.00988274687714	2	470	G	A
N1_N2	0.00999457120794	1	272	G	A
N1_N2	0.0100213885372	1	230	G	A
N1_N2	0.010176401395	1	215	C	T
N1_N2	0.010658991424	1	238	A	G
N1_N2	0.0106771438338	1	74	T	C
N1_N2	0.0111250208919	1	197	A	T
N1_N2	0.0113336126986	1	134	C	T
N1_N2	0.0115283737923	2	53	A	G
N1_N2	0.0122345490495	2	269	T	C
N1_N2	0.0125737686329	2	110	G	A
N1_N2	0.012587545007	2	310	G	A
N1_N2	0.0126343675924	2	113	T	C
N1_N2	0.012690569397	1	491	T	C
N1_N2	0.0129859729538	1	419	T	C
N1_N2	0.0129932321365	1	408	T	A
N1_N2	0.0130452750566	1	308	A	G
N1_N2	0.0131660597217	2	257	A	G
N1_N2	0.0134516019088	1	398	A	G
N1_N2	0.0139144189467	2	329	T	C
N1_N2	0.0141964538912	1	74	C	G
N1_N2	0.0142049671027	2	62	T	C
N1_N2	0.0145980627457	2	86	A	G
N1_N2	0.0146429545842	2	467	C	T
N1_N2	0.0147844842844	2	362	C	A
N1_N2	0.014878965672	1	119	C	T
N1_N2	0.0148911789674	1	164	T	C
N1_N2	0.0149008956123	2	92	G	A
N1_N2	0.015556327984	1	401	A	C
N1_N2	0.0157507285123	2	485	C	T
N1_N2	0.0158020573671	2	280	A	G
N2_bayanus	0.000370087221167	1	68	G	A
N2_bayanus	0.000421491962005	2	230	A	G
N2_bayanus	0.00100076368658	2	170	T	C
N2_bayanus	0.00109740645731	1	485	C	A
N2_bayanus	0.00114628961705	2	356	G	A
N2_bayanus	0.00151173346345	1	338	T	C
N2_bayanus	0.00175955672018	2	62	T	C
N2_bayanus	0.00192227228088	1	221	C	T
N2_bayanus	0.00196623461729	1	162	G	A
N2_bayanus	0.00217479080909	2	407	T	C
N2_bayanus	0.00225991837673	2	81	C	T
N2_N3	0.000374141094144	1	452	C	T
N2_N3	0.000399220563703	2	68	G	A
N2_N3	0.00105099221977	1	167	C	T
N2_N3	0.00105519020263	2	431	T	C
N3_kudriavzevii	0.000543668918115	1	188	G	A
N3_kudriavzevii	0.000693021139488	1	242	C	G
N3_kudriavzevii	0.000942918143876	1	362	T	C
N3_kudriavzevii	0.00125182356219	2	374	G	A
N3_kudriavzevii	0.00142792081061	2	314	C	T
N3_kudriavzevii	0.00160177699684	2	68	A	G
N3_kudriavzevii	0.00176576111252	2	413	G	A
N3_kudriavzevii	0.00191019880612	1	164	C	T
N3_kudriavzevii	0.00207702854545	1	233	G	A
N3_kudriavzevii	0.00264125983425	1	254	G	A
N3_kudriavzevii	0.0028701859654	2	362	A	T
N3_kudriavzevii	0.00302265767675	2	236	T	C
N3_kudriavzevii	0.00310990473299	1	404	G	A
N3_kudriavzevii	0.00319301549593	2	137	T	C
N3_kudriavzevii	0.00325352684692	1	267	A	G
N3_kudriavzevii	0.00448096963789	1	86	A	C
N3_kudriavzevii	0.00453528859923	1	374	G	A
N3_kudriavzevii	0.0047273951242	2	175	C	T
N3_kudriavzevii	0.00487293606945	1	130	T	C
N3_kudriavzevii	0.00498924699183	2	191	C	T
N3_kudriavzevii	0.00505189734143	1	413	G	A
N3_kudriavzevii	0.00586747812862	2	98	C	T
N3_N4	3.56718728724e-05	2	464	A	G
N3_N4	0.000155570389806	1	74	G	A
N3_N4	0.000250406461661	2	191	C	T
N3_N4	0.000267239084011	2	77	G	T
N3_N4	0.000782425828947	2	416	T	C
N3_N4	0.00102909515544	1	251	G	A
N3_N4	0.0012448893874	1	374	G	A
N3_N4	0.00130656488657	1	272	A	G
N3_N4	0.00144786115907	2	413	G	A
N3_N4	0.00202144426379	2	260	T	C
N3_N4	0.00203726012291	2	356	G	A
N4_mikatae	4.3412151558e-05	2	85	C	A
N4_mikatae	0.000302549539603	1	470	G	A
N4_mikatae	0.000599894652615	2	75	C	G
N4_mikatae	0.000865757801974	1	65	G	A
N4_mikatae	0.000866288062297	2	232	C	T
N4_mikatae	0.00182562699063	2	233	G	A
N4_mikatae	0.00246446146203	2	41	T	G
N4_mikatae	0.00272597180062	1	156	G	A
N4_mikatae	0.00313896066632	2	476	T	A
N4_mikatae	0.0031639529499	1	126	A	T
N4_mikatae	0.00326615704681	1	410	G	A
N4_mikatae	0.00374153517675	2	416	C	T
N4_mikatae	0.00395290601352	1	287	G	A
N4_N5	0.000360676400884	2	470	G	A
N4_N5	0.000427923920899	2	161	T	C
N4_N5	0.000566304987502	1	416	C	T
N4_N5	0.00060976337964	2	128	C	T
N4_N5	0.000668198745737	1	242	C	T
N4_N5	0.000948478296331	1	116	G	A
N4_N5	0.000948938830221	2	453	C	T
N4_N5	0.00142851041353	1	119	T	C
N5_paradoxus	0.000332146621915	2	5	T	C
N5_paradoxus	0.000375840177946	1	179	A	G
N5_paradoxus	0.000635788155441	2	398	G	A
N5_paradoxus	0.0010243369779	2	220	G	A
N5_paradoxus	0.00111656701819	2	65	G	A
N5_paradoxus	0.0012162254627	1	22	A	G
N5_cerevisiae	6.67978769743e-05	2	347	A	G
N5_cerevisiae	0.00042955743507	1	239	T	C
N5_cerevisiae	0.000451471546627	2	299	A	T
N5_cerevisiae	0.00095098615143	2	488	G	A
N5_cerevisiae	0.00147614551606	2	311	G	A
N5_cerevisiae	0.00234761179783	2	80	A	T
N5_cerevisiae	0.0024614711717	1	407	C	T
N5_cerevisiae	0.00251333737622	2	320	T	G
N5_cerevisiae	0.00286047660031	1	264	G	A
N5_cerevisiae	0.00300429280076	1	90	C	T
N5_cerevisiae	0.00304588776239	1	23	G	A
N5_cerevisiae	0.00341410322346	2	221	C	T
N5_cerevisiae	0.00377743961513	1	485	C	T
N5_cerevisiae	0.00380725833975	1	420	A	G
N5_cerevisiae	0.00406236748483	2	203	G	A
