edge	time	mut_orlg	mut_pos	old_state	new_state
N0_kluyveri	0.00093195384989	0	234	T	C
N0_kluyveri	0.00136861383129	0	344	A	G
N0_kluyveri	0.00162380481931	0	374	G	A
N0_kluyveri	0.00179539409752	0	17	T	C
N0_kluyveri	0.00201814816487	0	2	G	A
N0_kluyveri	0.00274802441558	0	23	C	T
N0_kluyveri	0.00284454213106	0	293	A	G
N0_kluyveri	0.00320589506248	0	158	A	C
N0_kluyveri	0.00374648507096	0	464	G	A
N0_kluyveri	0.00392612056823	0	44	G	A
N0_kluyveri	0.00419653726047	0	419	C	T
N0_kluyveri	0.00477519946812	0	440	A	G
N0_kluyveri	0.00537711944647	0	8	G	A
N0_kluyveri	0.0061275444907	0	429	T	C
N0_kluyveri	0.00654032931037	0	269	C	T
N0_kluyveri	0.00824913023127	0	68	T	C
N0_kluyveri	0.0084590363343	0	398	T	G
N0_kluyveri	0.00873235389349	0	485	T	C
N0_kluyveri	0.00925924210112	0	62	A	G
N0_kluyveri	0.00983954045878	0	476	C	T
N0_kluyveri	0.00987738616549	0	361	C	T
N0_kluyveri	0.0104670667193	0	260	T	C
N0_kluyveri	0.0105330145761	0	248	A	G
N0_kluyveri	0.0111433945371	0	341	A	C
N0_kluyveri	0.0113257802433	0	77	T	C
N0_kluyveri	0.0118445847602	0	368	G	A
N0_kluyveri	0.0125199980929	0	338	T	A
N0_kluyveri	0.0127227085504	0	348	T	C
N0_kluyveri	0.0136439476808	0	446	T	C
N0_kluyveri	0.0136722566487	0	384	G	A
N0_D1	0.000314938532519	0	323	T	C
N0_D1	0.0010457989568	0	230	C	T
N0_D1	0.00120863853995	0	467	C	T
N0_D1	0.00123093059696	0	53	C	T
N0_D1	0.00145757346377	0	290	C	T
N0_D1	0.0014728124342	0	275	T	C
D1_N1	7.46198211931e-05	2	185	C	T
D1_N1	0.000146650095776	2	215	T	C
D1_N1	0.000166768553264	2	11	T	C
D1_N1	0.000181800985515	2	353	A	T
D1_N1	0.00025134815059	1	329	T	C
D1_N1	0.000308195598806	1	263	C	T
D1_N1	0.000889890125624	1	95	G	A
D1_N1	0.0013664168357	2	470	A	G
D1_N1	0.00144573886031	1	326	C	T
D1_N1	0.0014906209386	2	428	A	G
D1_N1	0.00211223981984	2	163	G	A
D1_N1	0.00294933071099	2	443	A	G
N1_castellii	0.000493920692426	2	254	A	G
N1_castellii	0.000719754990992	1	41	T	A
N1_castellii	0.000812535949686	2	443	G	A
N1_castellii	0.000987638948517	1	404	T	C
N1_castellii	0.000995335782161	1	92	A	G
N1_castellii	0.00110523497319	2	395	G	A
N1_castellii	0.00140167323367	2	326	C	T
N1_castellii	0.00142546471228	1	416	T	C
N1_castellii	0.0019087309565	2	56	C	T
N1_castellii	0.00203028789368	2	149	C	T
N1_castellii	0.00247555725047	2	290	T	C
N1_castellii	0.00263859687883	2	197	A	G
N1_castellii	0.00321910683246	2	263	C	T
N1_castellii	0.00327896964606	1	131	T	A
N1_castellii	0.00334257390995	1	455	T	A
N1_castellii	0.00342186994312	2	188	G	A
N1_castellii	0.00378061419375	2	491	G	A
N1_castellii	0.00384174890899	1	344	A	G
N1_castellii	0.00384323127129	1	371	T	C
N1_castellii	0.00389347403418	2	323	C	T
N1_castellii	0.00420658273613	2	173	T	C
N1_castellii	0.00437472597046	2	221	T	C
N1_castellii	0.00456707080536	2	374	G	A
N1_castellii	0.0046392425478	1	467	T	C
N1_castellii	0.00482572730963	1	368	G	T
N1_castellii	0.00558254998291	2	155	T	C
N1_castellii	0.00559732434552	1	293	A	G
N1_castellii	0.00591966814797	2	296	C	T
N1_castellii	0.00612961561363	1	344	G	A
N1_castellii	0.00645124152185	1	260	T	G
N1_castellii	0.00667961283747	1	386	A	G
N1_castellii	0.0070719287944	2	278	C	T
N1_castellii	0.00710760497764	2	35	G	A
N1_castellii	0.00719526072152	2	449	C	G
N1_castellii	0.00722741882797	2	287	A	G
N1_castellii	0.0075877844449	2	308	A	G
N1_castellii	0.00770241210541	2	275	C	T
N1_castellii	0.00797126655018	2	305	T	C
N1_castellii	0.00800493414612	2	50	T	C
N1_castellii	0.00820752713389	1	125	A	C
N1_castellii	0.00835636696457	2	245	A	G
N1_castellii	0.00862811931997	1	314	T	C
N1_castellii	0.00879374524277	2	467	T	C
N1_castellii	0.00913668194863	1	180	T	C
N1_castellii	0.00914687051046	2	290	C	T
N1_castellii	0.00918857051769	2	179	C	T
N1_castellii	0.00948438900411	1	203	T	C
N1_castellii	0.00958828314858	2	473	C	T
N1_castellii	0.0097813820033	1	236	T	G
N1_castellii	0.00978170876435	1	485	T	C
N1_castellii	0.00978264458672	1	302	A	G
N1_castellii	0.00984952248599	2	188	A	G
N1_castellii	0.010172909977	2	11	C	T
N1_castellii	0.010206571455	1	170	A	G
N1_castellii	0.0103112517377	1	347	C	G
N1_castellii	0.0103452098895	2	38	A	G
N1_castellii	0.0103474229007	2	462	G	A
N1_castellii	0.0106700660413	2	377	G	A
N1_castellii	0.0108097662495	1	68	T	C
N1_castellii	0.0109479895222	1	134	G	A
N1_castellii	0.0109623917951	2	455	A	T
N1_castellii	0.0114426479746	2	338	T	C
N1_castellii	0.0114668313742	2	14	C	T
N1_castellii	0.0116926211543	1	404	C	T
N1_castellii	0.0118987556988	2	413	T	C
N1_castellii	0.0124606571872	2	233	A	G
N1_castellii	0.0128614947178	2	152	C	T
N1_N2	0.000126315335728	2	413	T	C
N1_N2	0.000543361038209	2	398	T	C
N1_N2	0.000714127301803	1	230	T	C
N1_N2	0.000804028625225	1	470	A	G
N1_N2	0.00091991293891	1	113	G	A
N1_N2	0.000972444269989	2	215	C	T
N1_N2	0.00117943743083	2	89	C	T
N1_N2	0.00131391175511	1	17	T	C
N1_N2	0.00155070876013	1	101	G	A
N1_N2	0.00159051024668	2	182	T	C
N1_N2	0.00173768467394	1	78	T	C
N1_N2	0.00196781840834	1	167	A	G
N1_N2	0.00199366002979	1	149	C	T
N1_N2	0.00252757171414	1	461	A	G
N1_N2	0.00259235863015	1	473	C	T
N1_N2	0.00276566933697	1	455	T	C
N1_N2	0.0028004883395	1	95	A	G
N1_N2	0.00334882378657	1	168	G	A
N1_N2	0.00390070518697	2	359	C	T
N1_N2	0.00391232603905	1	323	C	G
N1_N2	0.00420508436018	1	221	T	C
N1_N2	0.00422547752818	1	14	C	T
N1_N2	0.00448599773747	1	349	G	A
N1_N2	0.00489960281926	2	116	A	C
N1_N2	0.00493705062351	1	41	T	C
N1_N2	0.00493961785645	2	278	C	A
N1_N2	0.00498373943949	2	485	T	C
N1_N2	0.00504611010072	2	77	T	C
N1_N2	0.00523343964614	1	71	T	C
N1_N2	0.00536233454103	2	86	C	T
N1_N2	0.0054028544802	2	473	C	T
N1_N2	0.00574552450858	2	164	A	G
N1_N2	0.00583492296358	1	353	A	C
N1_N2	0.00625317368477	1	302	A	G
N1_N2	0.00631359332533	1	338	T	A
N1_N2	0.0066049389094	2	324	A	C
N1_N2	0.00758372531132	1	140	G	A
N1_N2	0.00766603429354	1	83	C	T
N1_N2	0.00778136349442	2	425	C	T
N1_N2	0.00824891415498	2	89	T	C
N1_N2	0.00955863670391	2	111	T	C
N1_N2	0.00968060326085	2	98	C	T
N1_N2	0.00968314555714	1	323	G	A
N1_N2	0.00970336783286	2	206	A	T
N1_N2	0.00976794897052	1	65	T	C
N1_N2	0.00990449873472	1	30	T	C
N1_N2	0.01008129042	2	436	T	C
N1_N2	0.0111056456247	2	290	T	C
N1_N2	0.0118734181832	1	491	G	A
N1_N2	0.0122825185957	1	365	C	T
N1_N2	0.0122926322058	1	200	G	A
N1_N2	0.0124635670681	1	296	C	T
N1_N2	0.0127370816845	2	11	C	T
N1_N2	0.013095736522	2	329	T	C
N1_N2	0.0132776022692	2	401	G	A
N1_N2	0.01409235558	2	407	A	G
N1_N2	0.0144799603873	1	212	G	A
N1_N2	0.0147302953471	2	206	T	C
N1_N2	0.0148023385597	1	197	A	G
N1_N2	0.014825991024	1	119	T	C
N1_N2	0.0154382687827	1	350	T	C
N1_N2	0.0155840155317	2	131	T	A
N1_N2	0.0158397363266	2	215	T	C
N2_bayanus	2.89883215612e-05	1	110	G	A
N2_bayanus	0.000237163800765	1	41	C	T
N2_bayanus	0.000275364529262	2	285	A	G
N2_bayanus	0.000676850777789	1	452	A	G
N2_bayanus	0.000914040612087	2	158	A	G
N2_bayanus	0.00106063502852	2	437	A	G
N2_bayanus	0.00126567985751	2	29	C	T
N2_bayanus	0.00145387046273	1	302	G	A
N2_bayanus	0.00153975745515	2	158	G	A
N2_bayanus	0.00194754201464	1	251	A	C
N2_bayanus	0.00225232935512	1	227	T	C
N2_N3	0.000149455410172	1	395	G	A
N2_N3	0.000417513663342	2	464	G	A
N2_N3	0.000763237294394	1	47	A	G
N2_N3	0.000850357968792	2	305	T	C
N2_N3	0.00104656819062	2	131	A	G
N3_kudriavzevii	2.21129395077e-05	2	260	T	C
N3_kudriavzevii	0.000833628116933	1	176	C	T
N3_kudriavzevii	0.00106703245561	1	20	T	C
N3_kudriavzevii	0.00118644253345	1	208	T	C
N3_kudriavzevii	0.00131873252993	1	140	A	G
N3_kudriavzevii	0.00136789553766	1	26	A	G
N3_kudriavzevii	0.00147820133263	2	436	C	T
N3_kudriavzevii	0.00150958176433	2	239	T	C
N3_kudriavzevii	0.00172185626933	2	305	C	T
N3_kudriavzevii	0.0021275211597	2	362	T	C
N3_kudriavzevii	0.00283090305782	1	251	A	C
N3_kudriavzevii	0.00305830560877	1	254	A	G
N3_kudriavzevii	0.00334064823768	1	488	G	A
N3_kudriavzevii	0.00334974761134	1	398	T	C
N3_kudriavzevii	0.00338981631356	2	150	C	T
N3_kudriavzevii	0.0042025300906	2	401	A	G
N3_kudriavzevii	0.00425598835652	1	84	T	C
N3_kudriavzevii	0.00443880952993	1	134	G	A
N3_kudriavzevii	0.00453467141392	2	26	A	G
N3_kudriavzevii	0.00458890130576	2	95	G	A
N3_kudriavzevii	0.00468247680388	2	35	G	A
N3_kudriavzevii	0.00475037064371	1	200	A	C
N3_kudriavzevii	0.00591368982044	2	473	T	C
N3_kudriavzevii	0.00596574326112	1	200	C	T
N3_N4	0.000169303122911	1	203	T	C
N3_N4	0.00022082510395	1	482	T	C
N3_N4	0.00040351117313	1	98	C	T
N3_N4	0.000563920432574	2	215	C	T
N3_N4	0.000567679158758	2	38	A	G
N3_N4	0.000763651836977	2	389	A	G
N3_N4	0.0008701406533	1	131	T	C
N3_N4	0.00101935863426	2	407	G	A
N3_N4	0.00119570226347	1	254	A	C
N3_N4	0.00177443757412	2	134	G	A
N3_N4	0.0022678725272	2	23	C	T
N4_mikatae	0.000135498850674	1	50	T	C
N4_mikatae	0.000282494472951	1	5	C	T
N4_mikatae	0.000430013055775	2	104	T	A
N4_mikatae	0.000748187749261	2	8	G	A
N4_mikatae	0.000773606748371	1	2	G	A
N4_mikatae	0.00109472345493	1	362	T	C
N4_mikatae	0.00140944783249	1	422	T	G
N4_mikatae	0.0019288269087	1	122	C	T
N4_mikatae	0.002188208225	2	149	T	A
N4_mikatae	0.00241116101335	2	147	G	A
N4_mikatae	0.00269920934846	1	398	T	C
N4_mikatae	0.00283855341388	2	2	G	A
N4_mikatae	0.00285554644428	1	86	C	T
N4_mikatae	0.00288803982495	2	263	C	A
N4_mikatae	0.00306842173057	1	368	G	A
N4_mikatae	0.00390018745973	1	74	T	C
N4_mikatae	0.00411172802928	1	95	G	C
N4_mikatae	0.00416887605084	2	449	C	T
N4_N5	0.000166624879663	2	41	T	G
N4_N5	0.000277934121766	2	437	A	G
N4_N5	0.000400085026446	2	408	T	C
N4_N5	0.000671496281251	2	119	T	C
N4_N5	0.000837755867388	1	393	A	G
N4_N5	0.00113467988499	1	83	T	C
N4_N5	0.00139888198048	1	71	C	G
N4_N5	0.00141091832835	1	35	G	A
N4_N5	0.00152244229818	1	347	C	T
N5_paradoxus	0.000126796659369	2	281	T	C
N5_paradoxus	0.00020177119869	1	233	A	G
N5_paradoxus	0.000349547713577	1	227	T	C
N5_paradoxus	0.000372751984214	1	426	G	A
N5_paradoxus	0.000474976017687	2	212	G	A
N5_paradoxus	0.000480773322435	1	488	G	A
N5_paradoxus	0.000497526310402	1	200	A	G
N5_paradoxus	0.00154122185862	1	182	T	C
N5_cerevisiae	4.87353327769e-05	1	23	C	T
N5_cerevisiae	6.63509078509e-05	1	425	C	T
N5_cerevisiae	0.00031410485745	1	320	C	T
N5_cerevisiae	0.000538419718077	2	443	G	A
N5_cerevisiae	0.000549648650144	2	212	G	A
N5_cerevisiae	0.000680179593096	1	188	G	A
N5_cerevisiae	0.000754585400375	1	83	C	T
N5_cerevisiae	0.000944033276917	1	398	T	C
N5_cerevisiae	0.00115236889109	2	296	C	T
N5_cerevisiae	0.00154756884864	1	266	C	T
N5_cerevisiae	0.00159642255881	1	479	G	A
N5_cerevisiae	0.00188495396245	1	329	C	T
N5_cerevisiae	0.00193197480625	1	326	T	C
N5_cerevisiae	0.00217982717747	2	359	T	C
N5_cerevisiae	0.00243633670778	1	362	T	C
N5_cerevisiae	0.00351250993998	1	50	T	C
N5_cerevisiae	0.00392735035176	1	193	C	T
N5_cerevisiae	0.00407749017743	2	269	C	T
