edge	time	mut_orlg	mut_pos	old_state	new_state
N0_D1	0.00352119166878	0	136	C	G
N0_D1	0.00485082752758	0	77	G	A
N0_D1	0.0050516849345	0	165	G	T
N0_D1	0.00750421749987	0	191	G	C
N0_D1	0.0118743856083	0	62	A	C
N0_D1	0.0131839178754	0	198	G	A
N0_D1	0.0171141731883	0	92	C	T
N0_D1	0.0257011713395	0	52	C	A
N0_D1	0.0306122247184	0	116	A	C
N0_D1	0.0306307985895	0	148	C	T
N0_D1	0.0381761000389	0	53	C	T
N0_D1	0.0505390266186	0	52	A	G
D1_N1	0.000269489530466	1	178	G	A
D1_N1	0.000571450121887	2	122	C	A
D1_N1	0.00109151079572	2	191	C	T
D1_N1	0.00212211775538	2	186	G	A
D1_N1	0.004561481408	1	32	C	T
D1_N1	0.00481901688461	1	58	A	T
D1_N1	0.00573963949589	1	85	G	C
D1_N1	0.00977413746937	1	117	A	G
D1_N1	0.0114517958073	1	12	T	A
D1_N1	0.0154050678107	2	150	G	T
D1_N1	0.0175184697245	1	106	A	C
D1_N1	0.0177274893358	1	110	A	G
D1_N1	0.0179066411721	1	73	T	C
D1_N1	0.020093055562	1	24	G	A
D1_N1	0.0215372124908	1	98	C	T
D1_N1	0.0242742050782	1	13	A	T
D1_N1	0.0246572492346	2	161	A	G
D1_N1	0.0324290480263	2	138	T	C
D1_N1	0.0353079232987	2	27	T	C
D1_N1	0.0380124237734	1	57	G	T
D1_N1	0.0387693026325	1	25	A	T
D1_N1	0.0399780145757	1	145	T	G
D1_N1	0.0411026795223	2	152	T	C
D1_N1	0.0522932733006	2	74	C	A
D1_N1	0.0546922867872	1	98	T	G
D1_N1	0.0627298988089	1	130	A	G
D1_N1	0.0649155781111	1	134	T	A
D1_N1	0.0714868140731	1	145	G	T
D1_N1	0.0715142654622	1	53	T	C
D1_N1	0.0731330218573	1	181	A	G
D1_N1	0.0733682158219	1	17	T	C
D1_N1	0.0739427387163	2	40	A	G
D1_N1	0.0744109643094	1	32	T	C
D1_N1	0.0749446713964	1	69	T	A
D1_N1	0.0752886734451	1	202	G	A
D1_N1	0.0816382309741	2	192	T	A
D1_N1	0.0846650726257	1	63	G	T
D1_N1	0.0861818619062	1	197	T	A
D1_N1	0.0863463492208	1	26	G	A
D1_N1	0.0878608734113	2	70	T	A
D1_N1	0.0889646782849	1	107	G	A
D1_N1	0.0935451227401	1	48	C	A
D1_N1	0.094296418316	1	75	A	C
D1_N1	0.0954138717071	2	70	A	G
D1_N1	0.095726555622	1	156	A	G
D1_N1	0.0966956900994	1	211	A	T
D1_N1	0.0983785385876	1	70	T	G
D1_N1	0.100422306059	1	183	A	G
D1_N1	0.101624465258	2	32	C	A
D1_N1	0.102758410244	2	66	A	G
D1_N1	0.103748585319	2	63	G	T
D1_N1	0.104438482031	1	102	C	T
D1_N1	0.107263793428	2	86	T	A
D1_N1	0.107409488146	1	170	G	A
D1_N1	0.108970903079	2	28	T	A
D1_N1	0.112585942049	2	68	T	C
D1_N1	0.112917848535	1	36	T	C
D1_N1	0.11568335374	1	3	A	T
D1_N1	0.118167949636	1	185	A	G
D1_N1	0.123782813707	1	59	A	C
D1_N1	0.124546055804	2	123	T	C
D1_N1	0.126383383483	1	17	C	T
D1_N1	0.129044856617	1	164	A	G
D1_N1	0.130394884174	2	16	A	G
D1_N1	0.131490326667	2	101	G	A
D1_N1	0.132851466505	2	165	T	C
D1_N1	0.132988064133	1	35	A	T
D1_N1	0.136135970079	2	186	A	G
D1_N1	0.140625244628	2	148	T	C
D1_N1	0.142057100833	2	169	T	G
D1_N1	0.143111181645	1	195	A	C
D1_N1	0.147396660047	1	49	A	G
D1_N1	0.147974717209	2	70	G	A
D1_N1	0.149215148939	1	23	G	T
D1_N1	0.155678777758	2	14	C	T
D1_N1	0.163949258629	2	19	C	T
D1_N1	0.165307260251	1	43	C	T
D1_N1	0.165734865749	1	148	T	C
D1_N1	0.165921458237	2	49	A	C
D1_N1	0.170639500157	2	1	A	G
D1_N1	0.174128317141	2	132	A	C
D1_N1	0.176776470965	1	206	T	A
D1_N1	0.181854347525	1	164	G	A
D1_N1	0.184053406933	1	177	T	C
D1_N1	0.188515055001	2	84	C	T
D1_N1	0.191291958713	2	210	A	C
D1_N1	0.19194323734	2	61	A	T
D1_N1	0.195398003685	2	158	G	T
D1_N1	0.195513415741	2	67	C	T
D1_N1	0.196695514523	1	201	T	G
D1_N1	0.199172094481	1	137	T	A
D1_N1	0.200891608927	1	118	T	A
D1_N1	0.2038998966	1	113	A	G
D1_N1	0.204432911508	2	162	G	A
D1_N1	0.209713692021	1	142	A	G
D1_N1	0.212743581221	2	165	C	T
N1_N2	0.000866938967619	2	31	T	C
N1_N2	0.00249233667713	2	129	G	A
N1_N2	0.00252702399171	1	155	A	C
N1_N2	0.00272184139108	1	87	T	A
N1_N2	0.00664998971672	1	131	C	G
N1_N2	0.00958539808581	1	180	A	G
N1_N2	0.0175585286634	1	11	A	G
N1_N2	0.0179770706145	1	163	T	A
N2_N3	0.00177810207434	2	98	C	T
N2_N3	0.00328255212266	1	167	A	T
N3_N4	0.000777309886313	1	133	C	T
N3_N4	0.00364685936346	1	111	T	G
N3_N4	0.00388098120346	2	115	G	T
N3_N4	0.0062298381614	1	130	G	A
N4_Human	0.00460927695788	1	113	G	T
N4_Human	0.00771726287808	2	37	G	A
N4_Human	0.0105800053653	1	100	T	A
N4_Human	0.0109114885398	2	74	A	T
N4_Chimp	0.00176769131946	1	75	C	A
N4_Chimp	0.00262796969659	2	115	T	A
N4_Chimp	0.00282601133005	2	170	G	C
N4_Chimp	0.00895691975887	1	188	C	T
N4_Chimp	0.0107107454611	1	172	G	A
N4_Chimp	0.0108574803811	1	112	T	C
N3_Goril	0.0065928892941	1	44	A	G
N3_Goril	0.0084132295792	2	139	G	T
N2_Orang	0.0119084824579	2	74	A	G
N2_Orang	0.0126056536414	2	167	A	C
N1_Macaq	0.0021450105748	1	161	A	G
N1_Macaq	0.00292158866892	2	127	C	A
N1_Macaq	0.00478151423416	2	85	G	A
N1_Macaq	0.00501611542363	2	81	G	A
N1_Macaq	0.0076910346427	2	58	A	G
N1_Macaq	0.0138549925534	1	111	T	A
N1_Macaq	0.0167653673641	2	54	T	G
N1_Macaq	0.0178558635665	1	126	G	A
N1_Macaq	0.0228213734029	2	130	A	G
N1_Macaq	0.0242785263328	1	129	G	A
N1_Macaq	0.0296766432048	2	1	G	A
N1_Macaq	0.0307012059635	2	199	G	A
N1_Macaq	0.0315825128388	2	121	A	G
N0_Mouse	0.00139525457761	0	145	T	A
N0_Mouse	0.00536406046174	0	102	C	A
N0_Mouse	0.0093502632781	0	189	A	T
N0_Mouse	0.0116126920546	0	33	G	A
N0_Mouse	0.0275932355224	0	186	G	A
N0_Mouse	0.0300887260122	0	196	C	T
N0_Mouse	0.0340340352626	0	163	T	C
N0_Mouse	0.0370201084237	0	20	T	A
N0_Mouse	0.0398573915532	0	158	G	T
N0_Mouse	0.0465623901909	0	29	T	C
N0_Mouse	0.0493083358622	0	26	G	C
N0_Mouse	0.057652583397	0	24	G	T
N0_Mouse	0.0647016698945	0	40	A	T
N0_Mouse	0.0774482122217	0	140	A	G
N0_Mouse	0.0775086937768	0	130	A	T
N0_Mouse	0.0798642326925	0	7	C	T
N0_Mouse	0.0800558043377	0	206	T	G
N0_Mouse	0.0856806890358	0	180	A	T
N0_Mouse	0.0859762891638	0	92	C	G
N0_Mouse	0.0865986182584	0	79	T	C
N0_Mouse	0.0904580083239	0	16	A	C
N0_Mouse	0.0906278528731	0	152	T	C
N0_Mouse	0.0918417134509	0	2	G	A
N0_Mouse	0.0979493259757	0	131	C	A
N0_Mouse	0.108057907573	0	156	A	G
N0_Mouse	0.110137782021	0	35	A	G
N0_Mouse	0.114009125644	0	165	G	A
N0_Mouse	0.115896989298	0	110	A	G
N0_Mouse	0.116167473586	0	94	T	C
N0_Mouse	0.125566907971	0	107	G	C
N0_Mouse	0.139324664455	0	84	C	T
N0_Mouse	0.147053351466	0	103	C	T
N0_Mouse	0.148600154286	0	71	A	T
N0_Mouse	0.156967241837	0	36	T	C
N0_Mouse	0.174100154971	0	183	A	T
N0_Mouse	0.176665416442	0	2	A	G
N0_Mouse	0.188689690503	0	110	G	A
N0_Mouse	0.195939632634	0	117	A	T
N0_Mouse	0.199415352952	0	67	C	G
N0_Mouse	0.228088208999	0	165	A	G
N0_Mouse	0.24013491452	0	9	T	A
N0_Mouse	0.241614896296	0	74	C	T
N0_Mouse	0.249761779753	0	146	T	C
N0_Mouse	0.250701823818	0	20	A	G
N0_Mouse	0.251664352108	0	174	C	T
N0_Mouse	0.25238399535	0	84	T	A
N0_Mouse	0.259041675877	0	68	T	A
N0_Mouse	0.260664940197	0	208	T	G
N0_Mouse	0.266031076105	0	182	G	A
N0_Mouse	0.268421809645	0	54	T	C
N0_Mouse	0.277157116962	0	101	G	A
N0_Mouse	0.277398591552	0	70	T	C
N0_Mouse	0.280140415212	0	96	C	T
N0_Mouse	0.296653741925	0	121	A	G
N0_Mouse	0.303071959675	0	33	A	C
N0_Mouse	0.306274099514	0	24	T	C
N0_Mouse	0.316204952696	0	49	A	G
N0_Mouse	0.328080549748	0	203	T	G
N0_Mouse	0.330296578026	0	22	C	T
N0_Mouse	0.345196053568	0	172	G	T
N0_Mouse	0.348951790987	0	3	A	T
N0_Mouse	0.351373341398	0	116	A	G
N0_Mouse	0.357710063884	0	33	C	T
N0_Mouse	0.358697585064	0	176	A	T
N0_Mouse	0.362120956439	0	91	A	T
N0_Mouse	0.363922101367	0	164	A	G
N0_Mouse	0.366089650485	0	30	T	C
N0_Mouse	0.368475368586	0	18	T	C
N0_Mouse	0.369276947472	0	53	C	T
N0_Mouse	0.374883442901	0	60	A	G
N0_Mouse	0.37965013432	0	113	A	G
N0_Mouse	0.382146183998	0	97	T	C
N0_Mouse	0.383352934291	0	108	T	G
N0_Mouse	0.386321191	0	82	T	A
N0_Mouse	0.38714406976	0	185	A	G
N0_Mouse	0.395490701365	0	158	T	A
N0_Mouse	0.39630912337	0	186	A	C
N0_Mouse	0.396392822362	0	99	A	G
N0_Mouse	0.397258648798	0	119	T	G
N0_Mouse	0.401278099696	0	60	G	A
N0_Mouse	0.407463756232	0	159	G	C
N0_Mouse	0.413499559753	0	21	G	A
N0_Mouse	0.413717023686	0	118	T	C
N0_Mouse	0.41656035014	0	47	G	T
N0_Mouse	0.416784206385	0	191	G	C
N0_Mouse	0.420198024379	0	199	G	C
N0_Mouse	0.425286535552	0	43	C	T
N0_Mouse	0.426837869939	0	209	A	G
N0_Mouse	0.427129479223	0	58	A	G
N0_Mouse	0.427477499575	0	156	G	A
N0_Mouse	0.431293085203	0	188	C	T
N0_Mouse	0.440897161406	0	118	C	T
N0_Mouse	0.445993945134	0	61	A	T
N0_Mouse	0.446283609683	0	26	C	A
N0_Mouse	0.447187264829	0	126	G	T
N0_Mouse	0.447615312023	0	69	T	G
N0_Mouse	0.452320770344	0	74	T	A
N0_Mouse	0.45338546326	0	49	G	A
N0_Mouse	0.454722544867	0	207	C	T
