edge	time	orlg_from	orlg_to	tract_length	start_pos	stop_pos	num_diff	template_seq	overide_seq
D1_N1	0.000273633965677	1	2	1	137	137	0	G	G
D1_N1	0.0147744185958	2	1	1	57	57	0	G	G
D1_N1	0.0182191584258	2	1	1	2	2	0	T	T
D1_N1	0.0241845901722	1	2	1	49	49	0	A	A
D1_N1	0.026279567236	2	1	1	175	175	0	T	T
D1_N1	0.0270117201967	2	1	1	27	27	0	C	C
D1_N1	0.0385401531879	1	2	1	56	56	0	T	T
D1_N1	0.0416666477097	1	2	1	69	69	0	C	C
D1_N1	0.0431533889221	1	2	1	207	207	0	A	A
D1_N1	0.0483160704907	2	1	1	195	195	0	A	A
D1_N1	0.0495734318361	2	1	1	153	153	0	T	T
D1_N1	0.062345216772	2	1	1	89	89	0	A	A
D1_N1	0.0672223376101	1	2	1	159	159	0	T	T
D1_N1	0.0699786865663	2	1	1	22	22	0	A	A
D1_N1	0.0718091227092	1	2	1	100	100	0	A	A
D1_N1	0.0732951470538	1	2	1	207	207	0	A	A
D1_N1	0.0736099619028	2	1	1	111	111	0	A	A
D1_N1	0.0793140663714	1	2	1	37	37	0	A	A
D1_N1	0.0807472745797	2	1	1	120	120	0	C	C
D1_N1	0.0812959092751	1	2	1	91	91	0	A	A
D1_N1	0.0819513184575	2	1	1	151	151	0	A	A
D1_N1	0.0944619275789	2	1	1	142	142	0	T	T
D1_N1	0.115494092296	2	1	1	49	49	0	A	A
D1_N1	0.118301606196	1	2	1	189	189	1	C	T
D1_N1	0.124997988174	1	2	1	198	198	1	T	A
D1_N1	0.126559968858	2	1	1	73	73	1	G	T
D1_N1	0.131902155676	2	1	1	102	102	0	T	T
D1_N1	0.137178330866	2	1	1	194	194	0	C	C
D1_N1	0.14063787763	2	1	1	27	27	0	C	C
D1_N1	0.141143891866	1	2	1	69	69	0	C	C
D1_N1	0.14298061967	2	1	1	69	69	0	C	C
D1_N1	0.145045134495	2	1	1	163	163	0	A	A
D1_N1	0.147404497062	2	1	1	139	139	0	A	A
D1_N1	0.149125742727	2	1	1	175	175	0	T	T
D1_N1	0.159349010904	2	1	1	211	211	0	C	C
D1_N1	0.169736792567	2	1	1	31	31	0	G	G
D1_N1	0.179731046414	2	1	1	23	23	1	C	T
D1_N1	0.188912370245	2	1	1	156	156	0	T	T
D1_N1	0.192300070966	1	2	1	132	132	0	A	A
D1_N1	0.193654981404	1	2	1	161	161	0	C	C
D1_N1	0.209706276386	2	1	1	152	152	0	C	C
D1_N1	0.212052256033	2	1	1	96	96	1	A	C
D1_N1	0.215171331598	1	2	1	144	144	1	A	T
D1_N1	0.217063468394	2	1	1	183	183	0	A	A
D1_N1	0.223424752349	1	2	1	61	61	1	T	A
D1_N1	0.229826801459	2	1	1	194	194	0	C	C
D1_N1	0.231945754481	1	2	1	59	59	0	T	T
N1_N2	0.00169089171524	1	2	1	172	172	0	T	T
N1_N2	0.00222939773545	2	1	1	119	119	1	C	A
N1_N2	0.00778355846059	2	1	1	99	99	0	G	G
N4_Human	0.000842388974927	2	1	1	195	195	0	A	A
N4_Human	0.00412776865793	2	1	1	164	164	0	A	A
N4_Chimp	0.00287910127535	2	1	1	2	2	1	T	A
N4_Chimp	0.00600132184735	2	1	1	144	144	0	A	A
N3_Goril	0.00409424259566	1	2	1	122	122	0	T	T
N3_Goril	0.0102668770364	1	2	1	98	98	1	T	C
N3_Goril	0.0102872225527	2	1	1	198	198	1	C	T
N3_Goril	0.0146134532023	2	1	1	41	41	0	A	A
N3_Goril	0.0177621518213	2	1	1	175	175	0	T	T
N2_Orang	0.000823875714815	2	1	1	18	18	0	C	C
N2_Orang	0.0089129049014	2	1	1	22	22	0	A	A
N2_Orang	0.0107040235967	2	1	1	109	109	0	A	A
N1_Macaq	0.0068975574323	2	1	1	0	0	0	T	T
N1_Macaq	0.0140799886539	1	2	1	70	70	1	T	C
N1_Macaq	0.0191783464571	2	1	1	109	109	0	A	A
N1_Macaq	0.0200242293275	2	1	1	15	15	0	C	C
N1_Macaq	0.0230371002985	1	2	1	208	208	1	T	G
N1_Macaq	0.0273268083613	1	2	1	166	166	1	C	T
N1_Macaq	0.0414604617521	1	2	1	162	162	0	T	T
