edge	time	orlg_from	orlg_to	tract_length	start_pos	stop_pos	num_diff	template_seq	overide_seq
D1_N1	0.00205064226977	2	1	1	788	788	0	T	T
D1_N1	0.00209567241815	2	1	1	247	247	0	C	C
D1_N1	0.00523565093543	2	1	1	138	138	0	T	T
D1_N1	0.00912413016854	1	2	1	322	322	0	T	T
N1_castellii	0.00148310620894	1	2	1	792	792	0	T	T
N1_castellii	0.00450538662923	2	1	1	429	429	0	T	T
N1_N2	0.000558199286547	1	2	1	923	923	0	C	C
N1_N2	0.000832593526116	1	2	1	492	492	0	G	G
N1_N2	0.00217404361356	2	1	1	543	543	0	A	A
N1_N2	0.0030471495264	1	2	1	51	51	0	A	A
N1_N2	0.00326369892504	1	2	1	496	496	0	T	T
N1_N2	0.0039585623966	2	1	1	157	157	0	C	C
N1_N2	0.0073982761571	1	2	1	20	20	0	A	A
N1_N2	0.00794124649039	1	2	1	119	119	0	C	C
N2_bayanus	0.000929801165231	2	1	1	424	424	0	G	G
N2_bayanus	0.00358554926612	1	2	1	22	22	0	T	T
N2_bayanus	0.00423097485702	1	2	1	435	435	1	T	A
N2_bayanus	0.0074198503657	2	1	1	982	982	0	A	A
N2_bayanus	0.00890921596614	1	2	1	573	573	0	G	G
N2_N3	0.000581253533447	2	1	1	141	141	0	G	G
N2_N3	0.000701310400296	1	2	1	859	859	0	C	C
N2_N3	0.00431832372193	2	1	1	97	97	0	G	G
N2_N3	0.00516675587221	1	2	1	981	981	0	C	C
N2_N3	0.00549688021646	1	2	1	722	722	0	C	C
N2_N3	0.00597810298089	2	1	1	858	858	0	A	A
N2_N3	0.00669892562604	1	2	1	593	593	1	A	G
N2_N3	0.00671147203773	2	1	1	960	960	0	T	T
N2_N3	0.00778052814327	2	1	1	349	349	0	T	T
N2_N3	0.00781081612533	2	1	1	947	947	0	C	C
N3_kudriavzevii	0.00258366640551	1	2	1	909	909	0	A	A
N3_kudriavzevii	0.00283177679187	1	2	1	228	228	0	C	C
N3_kudriavzevii	0.00292296662953	1	2	1	645	645	0	C	C
N3_kudriavzevii	0.00294756974428	2	1	1	202	202	0	T	T
N3_kudriavzevii	0.00700274940748	1	2	1	177	177	0	T	T
N3_N4	0.000425248166442	1	2	1	578	578	0	C	C
N3_N4	0.00398143132616	1	2	1	955	955	0	A	A
N3_N4	0.00498994086225	2	1	1	467	467	0	T	T
N3_N4	0.00502706565921	1	2	1	683	683	0	A	A
N3_N4	0.0057064472042	1	2	1	283	283	0	A	A
N3_N4	0.00942244961023	1	2	1	273	273	0	A	A
N4_mikatae	0.00349861383447	1	2	1	405	405	1	A	C
N4_mikatae	0.00374667463144	2	1	1	437	437	0	T	T
N4_mikatae	0.00599321060003	1	2	1	794	794	0	T	T
N4_mikatae	0.00945843133853	1	2	1	534	534	0	C	C
N4_N5	0.000711246417034	2	1	1	106	106	0	C	C
N5_paradoxus	0.00226951465044	1	2	1	622	622	1	C	T
N5_paradoxus	0.00561098200963	1	2	1	871	871	0	T	T
N5_paradoxus	0.00668534521099	1	2	1	394	394	0	T	T
N5_paradoxus	0.00769037450868	2	1	1	963	963	0	A	A
N5_cerevisiae	0.00432546230097	1	2	1	104	104	0	T	T
N5_cerevisiae	0.00435607852578	1	2	1	354	354	0	G	G
N5_cerevisiae	0.00478310060617	1	2	1	875	875	0	C	C
N5_cerevisiae	0.00564313447382	1	2	1	378	378	0	A	A
N5_cerevisiae	0.00632872888393	1	2	1	260	260	0	A	A
N5_cerevisiae	0.00853300411017	1	2	1	863	863	1	C	T
