edge	time	mut_orlg	mut_pos	old_state	new_state
N0_D1	0.00159815194974	0	37	C	T
N0_D1	0.00473266493694	0	1	G	A
N0_D1	0.00776001051418	0	127	C	G
N0_D1	0.0105581446967	0	128	A	G
N0_D1	0.0125877629038	0	144	C	T
N0_D1	0.0145934067496	0	101	C	G
N0_D1	0.02132469134	0	70	A	G
N0_D1	0.0322070591722	0	195	T	C
N0_D1	0.0399212799026	0	78	C	T
N0_D1	0.0400074379285	0	43	C	A
N0_D1	0.0425949536299	0	9	C	T
N0_D1	0.042748033282	0	129	C	T
N0_D1	0.0435857332511	0	108	T	A
N0_D1	0.044860489625	0	32	G	T
N0_D1	0.0506670405737	0	96	A	T
D1_N1	0.000665308617577	2	32	T	A
D1_N1	0.00354361246957	1	101	G	A
D1_N1	0.00759199345345	1	4	G	A
D1_N1	0.00783288952492	1	140	A	T
D1_N1	0.00828716603479	1	83	A	G
D1_N1	0.0100565402956	1	64	A	G
D1_N1	0.0117706895144	1	143	A	C
D1_N1	0.0126540632419	1	19	C	A
D1_N1	0.0133632706781	2	70	G	T
D1_N1	0.0139223680721	2	122	A	G
D1_N1	0.022075767414	1	24	G	C
D1_N1	0.0222957490585	2	143	A	G
D1_N1	0.02264237974	1	124	A	G
D1_N1	0.0227670039327	2	108	A	G
D1_N1	0.0257073579299	2	62	G	T
D1_N1	0.0291895038543	2	151	A	G
D1_N1	0.0314243259439	1	43	A	G
D1_N1	0.0348024288561	1	134	C	A
D1_N1	0.0353626235645	1	35	T	G
D1_N1	0.0359382831479	2	78	T	C
D1_N1	0.0362827519388	1	99	T	C
D1_N1	0.0428334695689	2	12	C	A
D1_N1	0.0572541402255	1	0	C	A
D1_N1	0.0572977773083	2	150	G	A
D1_N1	0.0579454815267	1	81	T	A
D1_N1	0.0581403424566	2	39	A	G
D1_N1	0.0628401818467	2	191	T	C
D1_N1	0.0691896245979	2	103	G	A
D1_N1	0.0704548724636	1	147	C	G
D1_N1	0.0718470901192	1	199	A	C
D1_N1	0.0744005113537	2	56	C	A
D1_N1	0.0780914509002	2	122	G	T
D1_N1	0.082988921979	2	73	A	G
D1_N1	0.0859080065471	1	46	C	A
D1_N1	0.0902201411189	1	70	G	A
D1_N1	0.0902236869911	2	127	G	A
D1_N1	0.0926711140049	1	159	A	G
D1_N1	0.0949160304282	2	2	G	A
D1_N1	0.0959615799897	1	187	G	A
D1_N1	0.0983957156755	1	109	C	G
D1_N1	0.099431223935	2	77	C	T
D1_N1	0.099468462506	2	146	A	T
D1_N1	0.100141955407	1	19	A	G
D1_N1	0.103021394328	1	51	A	G
D1_N1	0.103286664598	1	14	A	T
D1_N1	0.103974665088	1	137	T	C
D1_N1	0.107094168914	1	180	G	C
D1_N1	0.10804460086	2	29	T	G
D1_N1	0.112442861415	1	114	G	T
D1_N1	0.115475381857	1	64	G	T
D1_N1	0.116437243882	2	21	G	A
D1_N1	0.116746317188	2	90	T	C
D1_N1	0.12035140447	2	64	A	G
D1_N1	0.121902475152	2	81	T	G
D1_N1	0.125612291399	1	124	G	A
D1_N1	0.125798884499	1	109	G	A
D1_N1	0.127090791547	1	84	T	C
D1_N1	0.130114034992	1	185	T	G
D1_N1	0.133663243796	2	27	G	A
D1_N1	0.141166621731	2	12	A	G
D1_N1	0.141893424442	2	108	G	T
D1_N1	0.144663555149	1	100	T	A
D1_N1	0.147638177984	2	47	C	A
D1_N1	0.150500179017	1	180	C	T
D1_N1	0.150778869714	1	181	A	C
D1_N1	0.152387129076	2	47	A	C
D1_N1	0.154691823996	1	81	A	G
D1_N1	0.155135676167	2	145	A	G
D1_N1	0.155612158107	2	90	C	A
D1_N1	0.157763508591	2	74	A	G
D1_N1	0.158231909255	2	65	C	T
D1_N1	0.161881971461	1	126	T	C
D1_N1	0.166761532795	1	5	A	T
D1_N1	0.175006154521	2	75	T	A
D1_N1	0.177301273427	1	26	T	G
D1_N1	0.177969663179	2	198	C	T
D1_N1	0.178030630164	1	184	T	A
D1_N1	0.182087525787	2	80	T	G
D1_N1	0.184650566261	2	25	A	G
D1_N1	0.184990826792	1	150	G	T
D1_N1	0.185497762061	1	196	G	A
D1_N1	0.186858653063	2	148	C	T
D1_N1	0.191919463492	2	153	A	G
D1_N1	0.192978965723	1	75	T	G
D1_N1	0.196718051375	2	118	G	A
D1_N1	0.1978646468	1	118	G	A
D1_N1	0.202782807165	2	181	A	G
D1_N1	0.206166796091	2	79	T	A
D1_N1	0.209756679882	1	134	A	G
N1_N2	0.00146642859827	2	149	A	G
N1_N2	0.00198844009467	1	80	T	C
N1_N2	0.00205656183082	1	23	A	T
N1_N2	0.0028917990813	1	174	A	G
N1_N2	0.00910589685655	2	46	C	T
N1_N2	0.0098763702022	2	168	T	G
N1_N2	0.011224652162	2	120	C	T
N2_N3	0.000258575944393	1	86	C	T
N2_N3	0.00234023499685	2	139	C	T
N2_N3	0.00450444861002	2	194	A	T
N3_N4	0.00106851164025	2	65	T	G
N3_N4	0.00321482542756	1	51	G	A
N4_Human	0.000930911300721	2	34	A	G
N4_Human	0.00204000564297	1	122	A	G
N4_Human	0.00230396460191	2	118	A	G
N4_Human	0.00310315141681	2	42	G	C
N4_Human	0.00604285732618	2	130	G	A
N4_Chimp	0.00309639644031	2	40	T	C
N4_Chimp	0.00355155579607	1	59	C	A
N3_Goril	0.00321327184963	2	44	A	G
N3_Goril	0.00525133023567	1	156	A	T
N3_Goril	0.00572690649866	1	201	T	G
N3_Goril	0.0146136052555	2	179	T	A
N3_Goril	0.019321752542	1	17	T	A
N2_Orang	0.00208478750196	2	55	C	T
N2_Orang	0.00215478799201	2	60	A	T
N2_Orang	0.00254951536344	2	0	C	T
N2_Orang	0.00298773898622	2	117	C	G
N2_Orang	0.00309042721719	1	192	G	A
N2_Orang	0.00747494437577	1	157	G	C
N1_Macaq	0.000903903047732	1	105	T	G
N1_Macaq	0.00191630495025	1	155	T	G
N1_Macaq	0.00432157017888	1	81	G	A
N1_Macaq	0.00608308629836	2	196	G	T
N1_Macaq	0.00625592957628	2	151	G	A
N1_Macaq	0.00738825790503	2	119	A	C
N1_Macaq	0.012087360744	2	184	T	C
N1_Macaq	0.0121032598817	2	7	C	T
N1_Macaq	0.0130992593642	2	56	A	G
N1_Macaq	0.0136725002943	1	27	G	T
N1_Macaq	0.0180555585789	1	105	G	A
N1_Macaq	0.0181984051429	2	94	T	C
N1_Macaq	0.0203959192865	2	24	G	A
N1_Macaq	0.0207532872688	1	159	G	C
N1_Macaq	0.0215138487996	2	6	G	T
N1_Macaq	0.0267029644925	2	81	G	A
N1_Macaq	0.0268906322048	2	104	A	G
N1_Macaq	0.0321875587842	1	85	A	T
N0_Mouse	0.00629160245935	0	70	A	G
N0_Mouse	0.0209675621844	0	11	G	T
N0_Mouse	0.0260981673145	0	63	A	T
N0_Mouse	0.0266660050465	0	182	G	A
N0_Mouse	0.0270606561951	0	52	C	A
N0_Mouse	0.0351323896295	0	71	T	A
N0_Mouse	0.0356808408011	0	92	T	C
N0_Mouse	0.0364526413221	0	21	G	C
N0_Mouse	0.0475534511263	0	6	G	T
N0_Mouse	0.0520810932462	0	190	A	T
N0_Mouse	0.0530640621889	0	97	T	C
N0_Mouse	0.0624292848084	0	187	G	A
N0_Mouse	0.0657890584246	0	197	T	C
N0_Mouse	0.0677746548054	0	194	A	C
N0_Mouse	0.0790031876532	0	192	G	C
N0_Mouse	0.0890552861218	0	93	T	C
N0_Mouse	0.0915434383191	0	182	A	C
N0_Mouse	0.0937574757	0	65	C	A
N0_Mouse	0.098886511187	0	6	T	A
N0_Mouse	0.0991343900192	0	97	C	T
N0_Mouse	0.109183148228	0	104	A	C
N0_Mouse	0.112081570423	0	90	T	A
N0_Mouse	0.114471414656	0	147	C	A
N0_Mouse	0.121630539306	0	163	T	A
N0_Mouse	0.122157888471	0	107	T	G
N0_Mouse	0.127874331384	0	159	A	C
N0_Mouse	0.135834517714	0	173	T	A
N0_Mouse	0.138638474467	0	182	C	T
N0_Mouse	0.147611423925	0	96	A	G
N0_Mouse	0.14930256832	0	2	G	C
N0_Mouse	0.149682715741	0	9	C	G
N0_Mouse	0.150344972912	0	3	T	A
N0_Mouse	0.152694699636	0	6	A	T
N0_Mouse	0.153344910356	0	38	C	T
N0_Mouse	0.159648121423	0	51	A	T
N0_Mouse	0.173801173727	0	203	T	A
N0_Mouse	0.176490593319	0	63	T	A
N0_Mouse	0.177618990995	0	73	A	C
N0_Mouse	0.190511457811	0	97	T	C
N0_Mouse	0.193066470263	0	171	A	G
N0_Mouse	0.200681073088	0	194	C	T
N0_Mouse	0.20694919221	0	133	C	T
N0_Mouse	0.208473462457	0	91	T	A
N0_Mouse	0.228502336858	0	83	A	G
N0_Mouse	0.235337397545	0	193	A	C
N0_Mouse	0.250599640592	0	104	C	T
N0_Mouse	0.252222938914	0	159	C	A
N0_Mouse	0.255990776428	0	178	T	A
N0_Mouse	0.262350988968	0	2	C	T
N0_Mouse	0.26412000434	0	71	A	G
N0_Mouse	0.264726627409	0	133	T	G
N0_Mouse	0.279986301084	0	103	G	T
N0_Mouse	0.282997696304	0	203	A	G
N0_Mouse	0.283426619236	0	27	G	A
N0_Mouse	0.298008221911	0	19	C	T
N0_Mouse	0.305773098107	0	192	C	G
N0_Mouse	0.344067445255	0	28	A	T
N0_Mouse	0.350485023814	0	80	T	G
N0_Mouse	0.3526583776	0	5	A	T
N0_Mouse	0.355713722887	0	84	T	C
N0_Mouse	0.356909719523	0	2	T	G
N0_Mouse	0.366088185291	0	199	A	T
N0_Mouse	0.367254843456	0	99	T	C
N0_Mouse	0.370913260754	0	164	T	C
N0_Mouse	0.372236839395	0	194	T	A
N0_Mouse	0.376138669745	0	152	G	A
N0_Mouse	0.384095716345	0	191	T	C
N0_Mouse	0.38966935668	0	83	G	A
N0_Mouse	0.396643220004	0	62	G	C
N0_Mouse	0.398681962382	0	71	G	C
N0_Mouse	0.404579014797	0	82	A	T
N0_Mouse	0.409559193375	0	75	T	G
N0_Mouse	0.418147849199	0	163	A	T
N0_Mouse	0.418818121461	0	12	C	T
N0_Mouse	0.422294155669	0	118	G	T
N0_Mouse	0.422646473013	0	5	T	G
N0_Mouse	0.428983087343	0	82	T	C
N0_Mouse	0.436455844666	0	84	C	T
N0_Mouse	0.439679986521	0	196	G	C
N0_Mouse	0.450120632305	0	141	G	A
N0_Mouse	0.453340814004	0	56	C	T
N0_Mouse	0.453404608202	0	18	A	G
