edge	time	orlg_from	orlg_to	tract_length	start_pos	stop_pos	num_diff	template_seq	overide_seq
D1_N1	0.000727230421354	2	1	1	463	463	0	T	T
D1_N1	0.000857586787479	1	2	3	623	625	0	AGA	AGA
D1_N1	0.00139091948686	1	2	2	628	629	0	TG	TG
D1_N1	0.00314612191201	2	1	2	83	84	0	GT	GT
D1_N1	0.00336428959173	1	2	3	441	443	0	GAA	GAA
D1_N1	0.00343333033471	2	1	3	656	658	0	CTC	CTC
D1_N1	0.00397270870886	1	2	2	136	137	0	GG	GG
D1_N1	0.00421000068576	2	1	3	574	576	0	TCT	TCT
D1_N1	0.00460746151983	1	2	2	162	163	0	CT	CT
D1_N1	0.00481804180639	1	2	1	322	322	0	A	A
D1_N1	0.00497580831444	1	2	2	50	51	0	AG	AG
D1_N1	0.00499572639677	1	2	13	238	250	1	TACTTCAGTCTTT	TACTTCAATCTTT
D1_N1	0.00557317898393	2	1	1	674	674	0	C	C
D1_N1	0.00593878320367	1	2	5	37	41	0	ACCTG	ACCTG
N1_castellii	2.79351313094e-05	2	1	2	69	70	0	CT	CT
N1_castellii	0.000196900066264	2	1	6	370	375	0	AAGTAT	AAGTAT
N1_castellii	0.000321574789286	1	2	9	200	208	1	AGAGGGTAT	GGAGGGTAT
N1_castellii	0.000354475339714	1	2	6	625	630	0	ATTTGT	ATTTGT
N1_castellii	0.000905272400102	1	2	2	572	573	0	GA	GA
N1_castellii	0.000974839172735	2	1	3	105	107	0	GCC	GCC
N1_castellii	0.00163835881376	1	2	5	0	4	0	ACGCA	ACGCA
N1_castellii	0.00199384303874	2	1	2	504	505	0	AA	AA
N1_castellii	0.00253480909878	2	1	2	681	682	0	TA	TA
N1_castellii	0.00327536381321	2	1	7	187	193	0	AGCCGTA	AGCCGTA
N1_castellii	0.00338567851743	2	1	2	23	24	1	TC	TA
N1_castellii	0.00356714079263	2	1	2	80	81	0	CC	CC
N1_castellii	0.00385789251567	2	1	7	524	530	0	GAATTAC	GAATTAC
N1_castellii	0.0041158129402	1	2	10	349	358	1	ATAGAATAGC	ACAGAATAGC
N1_castellii	0.00449239343686	2	1	3	256	258	0	TAT	TAT
N1_castellii	0.00455633640043	1	2	3	310	312	0	GCA	GCA
N1_castellii	0.00467749846671	2	1	2	415	416	0	GC	GC
N1_castellii	0.00491737880811	2	1	2	562	563	0	GT	GT
N1_castellii	0.00537901663795	1	2	3	554	556	1	CAA	AAA
N1_castellii	0.00645593273627	2	1	2	225	226	0	TT	TT
N1_castellii	0.00647621987839	1	2	12	579	590	1	AGATATGCCGGG	AAATATGCCGGG
N1_castellii	0.00674336011594	1	2	14	410	423	1	TATTTGCTAGTCTT	TATTTGCTAATCTT
N1_castellii	0.00708815873348	1	2	7	148	154	1	ACTAAAT	ATTAAAT
N1_castellii	0.00750876141535	2	1	10	593	602	2	TTCGGTCATA	TTCAGTCATG
N1_castellii	0.00765641887888	2	1	1	136	136	0	G	G
N1_castellii	0.00810311227573	2	1	6	349	354	0	ATAGAA	ATAGAA
N1_castellii	0.00812919957602	1	2	7	271	277	0	TCAAAAG	TCAAAAG
N1_castellii	0.00840629417151	2	1	4	266	269	0	TATC	TATC
N1_castellii	0.00845493485323	2	1	14	386	399	0	CTCGGATCCTGTTG	CTCGGATCCTGTTG
N1_castellii	0.00874497863847	1	2	2	106	107	0	CC	CC
N1_castellii	0.00897953945903	2	1	8	487	494	0	GAGTGGTT	GAGTGGTT
N1_castellii	0.00911095803005	2	1	15	305	319	0	CTAGTGCACTGCCTG	CTAGTGCACTGCCTG
N1_castellii	0.00920872393361	2	1	1	146	146	0	T	T
N1_castellii	0.00949860641484	1	2	2	606	607	0	TA	TA
N1_castellii	0.00971552628382	2	1	11	219	229	0	CGGCCATTACC	CGGCCATTACC
N1_castellii	0.0103371773779	2	1	2	343	344	0	AT	AT
N1_castellii	0.01044687301	1	2	4	609	612	0	TTCC	TTCC
N1_castellii	0.0106261924037	2	1	1	22	22	0	C	C
N1_N2	0.001843362282	2	1	8	281	288	0	AGACATTC	AGACATTC
N1_N2	0.001987635259	2	1	2	526	527	0	AT	AT
N1_N2	0.00204127400453	1	2	11	408	418	0	AGTATTTGCTA	AGTATTTGCTA
N1_N2	0.00210961461162	2	1	1	192	192	0	T	T
N1_N2	0.00237404416085	2	1	10	217	226	0	GTCGGCCATT	GTCGGCCATT
N1_N2	0.0029530038941	2	1	5	682	684	1	AGA	AAA
N1_N2	0.00317156074731	2	1	1	521	521	0	A	A
N1_N2	0.00333016354215	2	1	4	292	295	0	GGTT	GGTT
N1_N2	0.00343933995173	1	2	2	527	528	0	TT	TT
N1_N2	0.00391625187983	2	1	3	606	608	0	TAA	TAA
N1_N2	0.00431236087436	1	2	5	21	25	0	TCTCT	TCTCT
N1_N2	0.00451217238458	2	1	3	443	445	1	GTG	ATG
N1_N2	0.00462044024719	1	2	2	650	651	0	AA	AA
N1_N2	0.00494671502964	1	2	3	451	453	0	CAC	CAC
N1_N2	0.00594076192113	1	2	2	245	246	0	GT	GT
N1_N2	0.00648163852073	1	2	5	602	606	0	ATGTT	ATGTT
N1_N2	0.00702445738993	2	1	1	93	93	0	G	G
N1_N2	0.00789553575227	1	2	8	285	292	0	ATTCATAG	ATTCATAG
N1_N2	0.00792403958257	1	2	16	674	684	0	CTATTAGTAGA	CTATTAGTAGA
N1_N2	0.00884387923468	1	2	2	281	282	0	AG	AG
N1_N2	0.00892468908141	2	1	4	175	178	1	TAGG	TTGG
N1_N2	0.00900220403174	2	1	2	624	625	0	GA	GA
N1_N2	0.00915495945988	1	2	3	639	641	1	CTG	CTA
N1_N2	0.00944357027031	2	1	2	331	332	0	AC	AC
N1_N2	0.00960821215581	2	1	3	325	327	1	CTC	CGC
N1_N2	0.00973592373566	2	1	2	462	463	1	AT	GT
N1_N2	0.0100736512544	1	2	4	524	527	0	GAAT	GAAT
N1_N2	0.0102706565332	2	1	3	399	401	0	GGA	GGA
N1_N2	0.0103417576341	2	1	6	2	7	1	GCATTC	ACATTC
N1_N2	0.0108834037527	2	1	2	360	361	0	TA	TA
N1_N2	0.0109466203682	2	1	1	603	603	0	T	T
N1_N2	0.0114556947187	1	2	15	340	354	2	CCCATGCTAACAGAA	CTCATGCTAATAGAA
N1_N2	0.0121353115493	1	2	1	535	535	0	C	C
N1_N2	0.012144378791	1	2	5	247	251	0	CTTTA	CTTTA
N1_N2	0.0123835186348	1	2	1	417	417	0	T	T
N1_N2	0.0129599382375	1	2	5	116	120	0	GGTGC	GGTGC
N1_N2	0.0129702955659	1	2	1	150	150	0	T	T
N1_N2	0.0137536060541	1	2	3	628	630	0	TGT	TGT
N1_N2	0.013816908372	2	1	2	493	494	0	TT	TT
N2_bayanus	0.000161809067402	1	2	2	283	284	0	AC	AC
N2_bayanus	0.000604858078369	1	2	3	102	104	2	AGT	AAC
N2_bayanus	0.00105505229707	2	1	1	452	452	0	A	A
N2_bayanus	0.0011148353232	2	1	2	355	356	0	TA	TA
N2_bayanus	0.00116564612767	1	2	5	380	384	0	AGTGT	AGTGT
N2_bayanus	0.00131965225081	1	2	1	495	495	0	T	T
N2_bayanus	0.00159350142889	2	1	4	92	95	1	GGTT	AGTT
N2_bayanus	0.0016726076334	2	1	6	680	684	1	GTAAA	GTAGA
N2_bayanus	0.00265581217249	2	1	5	336	340	0	TTTGC	TTTGC
N2_bayanus	0.00286009727739	2	1	10	171	180	0	ACTCTAGGAC	ACTCTAGGAC
N2_bayanus	0.00299585742915	1	2	8	479	486	1	TTTCATTA	TTTGATTA
N2_bayanus	0.00320504333905	1	2	1	101	101	1	G	A
N2_bayanus	0.00391705814142	1	2	10	346	355	0	CTAACAGAAT	CTAACAGAAT
N2_bayanus	0.00396070503922	2	1	4	435	438	1	GTGT	GTAT
N2_bayanus	0.00419522096566	2	1	1	539	539	0	A	A
N2_bayanus	0.00438156177259	1	2	9	536	544	2	ATTATCACA	TTTATCGCA
N2_bayanus	0.00489612466338	2	1	6	53	58	0	CCAACG	CCAACG
N2_bayanus	0.00518422889056	2	1	1	362	362	0	C	C
N2_bayanus	0.00568501524156	1	2	1	542	542	0	A	A
N2_bayanus	0.00569931202808	1	2	5	261	265	0	AATCA	AATCA
N2_bayanus	0.00593777876454	2	1	2	684	684	0	A	A
N2_bayanus	0.00645631585076	1	2	18	235	252	2	CGGTGCTCCAGTCTTTAG	CGGTGCTTCACTCTTTAG
N2_bayanus	0.00692163917974	1	2	1	388	388	0	C	C
N2_bayanus	0.0069843023297	1	2	10	105	114	4	GCTTAATAAC	TCCTAGTCAC
N2_bayanus	0.00770266969584	1	2	6	555	560	1	AATCAA	AATCGA
N2_bayanus	0.00807692839045	2	1	9	412	420	1	TTTGCTAAT	TTTGCTAGT
N2_bayanus	0.00815798700851	2	1	2	155	156	0	AG	AG
N2_bayanus	0.00839658605601	1	2	1	475	475	0	A	A
N2_N3	5.41710173087e-05	1	2	9	457	465	2	CGATCATTG	CGATTATCG
N2_N3	0.00128702664594	1	2	9	104	112	4	TGCTTAATC	CTCCTAGTC
N2_N3	0.00175763298596	2	1	1	230	230	0	C	C
N2_N3	0.0022079398511	2	1	6	288	293	0	CATAGG	CATAGG
N3_kudriavzevii	4.92644524651e-05	1	2	3	532	534	0	CTG	CTG
N3_kudriavzevii	0.000188758382602	2	1	2	410	411	0	TA	TA
N3_kudriavzevii	0.000273767898645	2	1	7	583	589	0	ATGCCGG	ATGCCGG
N3_kudriavzevii	0.00047327384439	2	1	2	411	412	0	AT	AT
N3_kudriavzevii	0.000984433962249	2	1	2	592	593	0	AT	AT
N3_kudriavzevii	0.00134892947747	1	2	1	54	54	0	C	C
N3_kudriavzevii	0.00211798360872	1	2	8	445	452	0	GTCATCCA	GTCATCCA
N3_kudriavzevii	0.00306893638879	1	2	8	429	436	1	ATTAGGGT	ATTGGGGT
N3_kudriavzevii	0.00400510524573	1	2	3	129	131	1	GCT	GCC
N3_kudriavzevii	0.00402130607794	2	1	2	68	69	0	GC	GC
N3_kudriavzevii	0.00460730112107	1	2	5	555	559	1	AATCA	AATCG
N3_kudriavzevii	0.005039696931	1	2	1	252	252	0	G	G
N3_kudriavzevii	0.00509420467505	2	1	4	49	52	1	TAGA	TCGA
N3_kudriavzevii	0.00626535940762	1	2	4	65	68	0	CACG	CACG
N3_kudriavzevii	0.00633097755342	1	2	2	582	583	1	TA	TG
N3_kudriavzevii	0.00644726307387	2	1	6	15	20	0	TCAGAG	TCAGAG
N3_N4	0.000202270465701	1	2	4	195	198	1	ATAA	ATGA
N3_N4	0.000721075651877	1	2	7	334	340	2	TATTTGC	TGTTCGC
N3_N4	0.000820701721046	2	1	2	179	180	0	AC	AC
N3_N4	0.00162667067059	2	1	3	197	199	0	AAT	AAT
N3_N4	0.00164628916214	2	1	2	269	270	0	CA	CA
N4_mikatae	0.00078414687598	1	2	9	427	435	0	AAATTAGGG	AAATTAGGG
N4_mikatae	0.00108279470757	2	1	9	251	259	2	AGACGTATA	AGATATATA
N4_mikatae	0.00115839768463	1	2	9	259	267	1	AAAATCATA	ATAATCATA
N4_mikatae	0.001224790037	2	1	4	571	574	1	AAAT	AGAT
N4_mikatae	0.00130538839974	1	2	1	174	174	1	T	C
N4_mikatae	0.0017018584952	1	2	2	399	400	0	GG	GG
N4_mikatae	0.00173382882231	2	1	1	473	473	0	T	T
N4_mikatae	0.00173689809575	1	2	5	394	398	0	CTGTT	CTGTT
N4_mikatae	0.00187816030199	2	1	3	128	130	0	TGC	TGC
N4_mikatae	0.0029460862323	2	1	8	564	571	1	TTTGTATA	TTCGTATA
N4_mikatae	0.00364888938583	1	2	10	9	18	1	GAAAACTCAG	GAAAATTCAG
N4_mikatae	0.0046492356041	1	2	1	264	264	0	C	C
N4_mikatae	0.00483836191115	1	2	2	153	154	0	AT	AT
N4_mikatae	0.00509725174903	1	2	6	473	478	3	CGACGG	TGATAG
N4_mikatae	0.00524973713561	2	1	3	587	589	0	CGG	CGG
N4_mikatae	0.00536665580455	1	2	2	405	406	0	TC	TC
N4_mikatae	0.00548541781001	1	2	1	147	147	0	A	A
N4_mikatae	0.00581147499237	1	2	2	573	574	0	AT	AT
N4_mikatae	0.00663901848807	1	2	18	37	54	2	ACCTAATTACAATCGACC	ACCTGATTACAATAGACC
N4_mikatae	0.00663958000197	1	2	3	679	681	1	AAT	AGT
N4_mikatae	0.00756158862146	2	1	2	351	352	0	AG	AG
N4_mikatae	0.00764380980621	1	2	3	499	501	0	CCG	CCG
N4_mikatae	0.00829693990153	1	2	1	447	447	0	C	C
N4_N5	9.79029540336e-05	2	1	1	152	152	1	G	A
N5_paradoxus	0.000816497586713	2	1	6	181	186	0	CCTAAT	CCTAAT
N5_paradoxus	0.00103212707822	1	2	3	332	334	0	CTT	CTT
N5_paradoxus	0.00105454935414	2	1	1	442	442	0	A	A
N5_paradoxus	0.0026791372525	2	1	2	644	645	0	TA	TA
N5_paradoxus	0.00305377024068	2	1	3	492	494	1	ATT	GTT
N5_paradoxus	0.00320018109084	2	1	10	340	349	0	CCCATGCTAA	CCCATGCTAA
N5_paradoxus	0.00327869968306	2	1	3	468	470	1	TCA	TCG
N5_paradoxus	0.00331907118289	1	2	3	400	402	0	GGT	GGT
N5_paradoxus	0.00349609736402	2	1	7	224	230	1	ATTACCC	ATTGCCC
N5_cerevisiae	0.000495883776808	2	1	2	16	17	0	CA	CA
N5_cerevisiae	0.000532804975449	1	2	10	396	405	0	GTTGGATAAT	GTTGGATAAT
N5_cerevisiae	0.000907971482986	2	1	4	285	288	0	ATTC	ATTC
N5_cerevisiae	0.00120688243492	2	1	5	558	562	1	CGATG	CAATG
N5_cerevisiae	0.00185712021708	2	1	2	74	75	0	TA	TA
N5_cerevisiae	0.00198396971383	2	1	5	622	626	0	GAGAT	GAGAT
N5_cerevisiae	0.00210488548354	2	1	7	387	393	0	TCGGATC	TCGGATC
N5_cerevisiae	0.00255224323241	2	1	2	150	151	0	TA	TA
N5_cerevisiae	0.00284635040195	1	2	2	606	607	0	TA	TA
N5_cerevisiae	0.00371184763618	1	2	1	523	523	0	T	T
N5_cerevisiae	0.00398056968988	1	2	2	100	101	1	TG	TA
N5_cerevisiae	0.00425959719997	1	2	2	237	238	0	GT	GT
