edge	time	orlg_from	orlg_to	tract_length	start_pos	stop_pos	num_diff	template_seq	overide_seq
D1_N1	0.00102051180045	2	1	6	277	282	0	CTAACA	CTAACA
D1_N1	0.00163013428727	2	1	7	653	659	0	GCTTTTT	GCTTTTT
D1_N1	0.00166961684846	2	1	5	678	682	0	GCTGC	GCTGC
D1_N1	0.00227273114449	2	1	7	593	599	0	CACTGCT	CACTGCT
D1_N1	0.00302730745735	1	2	14	108	121	0	TAGACACCTAACTC	TAGACACCTAACTC
D1_N1	0.00405268313974	2	1	5	286	290	0	AACCC	AACCC
D1_N1	0.00424967183173	1	2	6	134	139	0	AGCGAT	AGCGAT
D1_N1	0.00446762349306	1	2	21	670	690	1	AAAGCGCAGCTGCTCACCGTA	AAAGCGCAGCTGCTCATCGTA
D1_N1	0.00575623469926	1	2	7	24	30	0	ACTTACA	ACTTACA
D1_N1	0.00605416613018	1	2	22	631	652	1	TAACTTTTATGACCAAAACTCC	TAACTTTTATGACCAAGACTCC
D1_N1	0.00616788940955	1	2	12	479	490	2	GAACAACCGAGT	GAATAACCGAAT
D1_N1	0.00685481674968	1	2	5	784	788	0	AGTAC	AGTAC
D1_N1	0.0070633460042	2	1	9	826	834	1	TCAATGCTG	TCAATGCGG
D1_N1	0.0074081443469	2	1	3	118	120	0	ACT	ACT
D1_N1	0.00749735212334	2	1	1	423	423	0	G	G
D1_N1	0.0082927187766	1	2	8	727	734	0	ATACGTCA	ATACGTCA
D1_N1	0.00902554054405	1	2	10	87	96	2	CTTTTGTATA	CTCCTGTATA
D1_N1	0.00985604822608	2	1	7	514	520	0	ACAACAC	ACAACAC
D1_N1	0.00986101113691	1	2	2	307	308	0	GG	GG
D1_N1	0.0103240822064	2	1	22	756	777	1	ATTTTACACAACTCCAATCCGC	ATTTTACAGAACTCCAATCCGC
D1_N1	0.0103927962232	2	1	6	551	556	0	CAATCG	CAATCG
D1_N1	0.0106983278289	1	2	6	731	736	0	GTCATA	GTCATA
D1_N1	0.0108269354768	1	2	9	17	25	0	TCAGGTTAC	TCAGGTTAC
D1_N1	0.0115493616387	2	1	5	450	454	0	TCGGA	TCGGA
D1_N1	0.0127095217118	2	1	2	159	160	0	CC	CC
D1_N1	0.0127699677098	1	2	3	846	848	1	TTA	TTG
D1_N1	0.0127814285242	2	1	5	300	304	0	TATAA	TATAA
D1_N1	0.0132762955576	1	2	2	822	823	0	GC	GC
D1_N1	0.0134509543942	2	1	9	453	461	0	GATATGAGA	GATATGAGA
D1_N1	0.0159708618601	1	2	2	446	447	0	TC	TC
D1_N1	0.0162091410938	2	1	19	254	272	2	CCATAAAGAAAGACTAAAC	CCATAAAGAGAGACTAAAT
D1_N1	0.0164672656096	2	1	16	6	21	0	TATTTTTGCTTTCAGG	TATTTTTGCTTTCAGG
D1_N1	0.016485266948	2	1	2	604	605	1	AA	GA
D1_N1	0.0164948649143	1	2	4	266	269	0	ACTA	ACTA
D1_N1	0.0165533434001	2	1	19	0	18	0	CGGATCTATTTTTGCTTTC	CGGATCTATTTTTGCTTTC
D1_N1	0.0167269021125	2	1	9	139	147	2	TGCACATAA	TACACATGA
D1_N1	0.0169248672031	2	1	19	133	151	1	TAGCGATGCATATAAGCAA	TAGCGATGCACATAAGCAA
D1_N1	0.0171955727013	2	1	3	159	161	0	CCT	CCT
D1_N1	0.0174268399895	2	1	33	736	768	2	AGATTTTGCCAGGTATATTTATCTTACACAACT	AGATCTTGCCAGGTATATTTATTTTACACAACT
D1_N1	0.017654196081	1	2	2	166	167	1	AT	AC
D1_N1	0.0178980931544	1	2	20	633	652	0	ACTTTTATGACCAAAACTCC	ACTTTTATGACCAAAACTCC
D1_N1	0.0180251298159	2	1	13	308	320	1	GCAATGTCTGCAA	GCAATGTCTGCAC
D1_N1	0.0181380165528	1	2	3	642	644	0	ACC	ACC
D1_N1	0.0181609253188	2	1	12	323	334	0	TACGCCACTTCA	TACGCCACTTCA
D1_N1	0.0184469064727	1	2	2	203	204	0	AA	AA
D1_N1	0.0186299213507	2	1	17	641	657	0	GACCAAAACTCCGCTTT	GACCAAAACTCCGCTTT
D1_N1	0.0189157357334	2	1	9	198	206	1	CACGCAACG	CACGCAACA
D1_N1	0.0189932383987	2	1	9	446	454	1	TCCCTCGGA	TCCTTCGGA
D1_N1	0.0200139412497	2	1	10	282	291	0	AACCAACCCT	AACCAACCCT
D1_N1	0.0201128519134	2	1	12	853	864	3	TGAGTTGTATCT	TAAGTTGCATCC
D1_N1	0.0205116589722	1	2	32	398	429	4	CTTTATTATTAGTTGAGAGTTGCTCGCCAAGC	CTTCATCATTAGTTGGGAGTTCCTCGCCAAGC
D1_N1	0.0212140749456	1	2	16	627	642	0	GCGTTAACTTTTATGA	GCGTTAACTTTTATGA
D1_N1	0.0214671262481	2	1	3	655	657	0	TTT	TTT
D1_N1	0.0219640876159	2	1	2	135	136	0	GC	GC
D1_N1	0.0223116337144	1	2	3	730	732	0	CGT	CGT
D1_N1	0.0223345547013	2	1	8	861	864	0	ATCT	ATCT
D1_N1	0.0226882555109	2	1	5	692	696	1	TTGGC	CTGGC
D1_N1	0.0227467774211	1	2	11	87	97	1	CTTTTGTATAT	CTTTTATATAT
N1_castellii	5.22347848435e-05	2	1	4	675	678	0	GCAG	GCAG
N1_castellii	0.000505023960144	1	2	28	523	550	6	TTCAGACATACTTTGTGTCGTGCACCGT	TCCAAACACACGTTGTATCGTGCACAGT
N1_castellii	0.000540847780391	2	1	6	14	19	0	CTTTCA	CTTTCA
N1_castellii	0.00167120257351	2	1	1	509	509	0	A	A
N1_castellii	0.0017479571294	1	2	17	833	849	1	TGGCGCGCCAAAATTAT	TGGTGCGCCAAAATTAT
N1_castellii	0.00205797158205	2	1	4	129	132	0	AGAA	AGAA
N1_castellii	0.0024840395664	1	2	4	377	380	1	TTAA	TTAG
N1_castellii	0.00261586793897	1	2	1	249	249	0	A	A
N1_castellii	0.0027198064851	2	1	4	25	28	0	CTTA	CTTA
N1_castellii	0.00283179624836	1	2	23	51	73	3	AGGCAAAAAGGGCATGTAAGTCG	AGGCAAAAAGGACATATGAGTCG
N1_castellii	0.00322632051038	2	1	5	742	746	0	TGCCA	TGCCA
N1_castellii	0.00376169587527	2	1	2	704	705	0	AC	AC
N1_castellii	0.00431324463255	2	1	4	573	576	0	GTAA	GTAA
N1_castellii	0.00479204634282	1	2	32	769	800	2	CCAATCCGCTAAGATAGTACCGCTACCACCGA	CCAATCCGCTAAGGTAGTACCGTTACCACCGA
N1_castellii	0.00513755533393	2	1	8	279	286	1	AATAACCA	AACAACCA
N1_castellii	0.00515231775147	2	1	13	90	102	2	TTGTATATTCTTG	TTGTATATCCTAG
N1_castellii	0.00579362056604	2	1	8	536	543	0	TGTGTCGT	TGTGTCGT
N1_castellii	0.00633235490769	2	1	9	112	120	0	CACCTAACT	CACCTAACT
N1_castellii	0.00652090844771	1	2	1	687	687	0	C	C
N1_castellii	0.00657989579713	2	1	27	4	30	1	TCTATTTTTGCTTTCAGGTTACTTACA	TCTATTTTTGCTTTCAGGTTACTTATA
N1_castellii	0.00674539261981	1	2	12	102	113	1	GGGCGGTAGACA	GGGCGATAGACA
N1_castellii	0.00696713002491	1	2	2	773	774	0	TC	TC
N1_castellii	0.00722417479331	2	1	5	786	790	0	TACCG	TACCG
N1_castellii	0.00952465517793	2	1	12	763	774	0	ACAACTCCAATC	ACAACTCCAATC
N1_castellii	0.00965438343731	1	2	22	294	315	2	TCTCTATATAACCGGCAATGCC	TCTCTATATAACTGGCAATGTC
N1_castellii	0.00976181933725	2	1	1	296	296	0	T	T
N1_castellii	0.00976506073148	2	1	2	161	162	0	TA	TA
N1_castellii	0.00989762116782	1	2	1	91	91	0	T	T
N1_castellii	0.00993148714587	2	1	4	479	482	0	GAAC	GAAC
N1_castellii	0.0101394619631	2	1	6	588	593	2	TAACCT	TAGCCC
N1_castellii	0.0101987651955	1	2	24	408	431	1	AGTTGAGAGTTGCTCGCCAAGCGT	AGTTGAGAATTGCTCGCCAAGCGT
N1_castellii	0.0106135293611	1	2	11	674	684	0	TGCAGCTGCTC	TGCAGCTGCTC
N1_castellii	0.010791296847	2	1	15	1	15	0	GGATCTATTTTTGCT	GGATCTATTTTTGCT
N1_castellii	0.0111284469365	2	1	12	537	548	1	GTGTCGTGCACC	GTGTCGTGCACT
N1_castellii	0.0113398841452	2	1	12	682	693	0	CTCACCGTAATT	CTCACCGTAATT
N1_castellii	0.0117230242065	2	1	18	271	288	1	ACGGTTCTAATAACCAAC	ACGGGTCTAATAACCAAC
N1_castellii	0.0120725972725	2	1	16	275	290	0	TTCTAATAACCAACCC	TTCTAATAACCAACCC
N1_castellii	0.0122689316042	2	1	2	115	116	0	CT	CT
N1_N2	0.000609166851435	2	1	17	121	137	0	CTCGATTAAGAATAGCG	CTCGATTAAGAATAGCG
N1_N2	0.000644258574909	1	2	3	265	267	0	GAC	GAC
N1_N2	0.000907152009852	1	2	22	864	864	0	T	T
N1_N2	0.00147111110981	1	2	23	111	133	0	ACACCTAACTCTCGATTAAGAAT	ACACCTAACTCTCGATTAAGAAT
N1_N2	0.00168571697493	2	1	1	548	548	1	A	C
N1_N2	0.00206221999711	2	1	9	18	26	0	CAGGTTACT	CAGGTTACT
N1_N2	0.00208386349326	2	1	2	625	626	0	CA	CA
N1_N2	0.00279328766762	1	2	16	512	527	2	AAACAACACTGTTCAG	AAACAACACTGTCCAA
N1_N2	0.00331358878782	1	2	3	630	632	0	TTA	TTA
N1_N2	0.00331837467117	1	2	3	736	738	0	AGA	AGA
N1_N2	0.0037463996596	1	2	2	50	51	1	TA	CA
N1_N2	0.0038522630901	1	2	3	403	405	0	TTA	TTA
N1_N2	0.00620514278577	1	2	5	313	317	0	GTCTG	GTCTG
N1_N2	0.0063226489376	2	1	1	460	460	0	G	G
N1_N2	0.00640434638216	2	1	27	307	333	0	GGCAATGTCTGCAACATACGCCACTTC	GGCAATGTCTGCAACATACGCCACTTC
N1_N2	0.00686899688083	2	1	2	475	476	1	AA	AG
N1_N2	0.00706577654183	2	1	2	80	81	0	AT	AT
N1_N2	0.00720465799422	2	1	4	255	258	0	CATA	CATA
N1_N2	0.00728860978133	2	1	10	144	153	1	ATAAGCAAGC	ATAAGCAAGT
N1_N2	0.00761378804902	1	2	5	710	714	0	TTCCC	TTCCC
N1_N2	0.00765983677631	1	2	6	84	89	0	CAGCTT	CAGCTT
N1_N2	0.00772782070945	2	1	1	407	407	0	T	T
N1_N2	0.00802334157927	2	1	23	430	452	3	GTTGCGTCACGAATTCTCCTTCG	GTTGTGTCACGAATTCTCCCTCA
N1_N2	0.00828338322667	1	2	4	654	657	0	CTTT	CTTT
N1_N2	0.00837022401666	2	1	12	265	276	2	GACTGAACGGTT	GACTAAACGGGT
N1_N2	0.0102999134193	2	1	8	464	471	0	CGATCAGT	CGATCAGT
N1_N2	0.0103413851474	1	2	7	858	864	0	TGTATCT	TGTATCT
N1_N2	0.0111501062513	2	1	10	99	108	3	CTTGGACGAT	CTAGGGCGGT
N1_N2	0.0111745299032	1	2	6	670	675	0	AAAGTG	AAAGTG
N1_N2	0.0114047295676	1	2	3	172	174	0	TAC	TAC
N1_N2	0.0116809745446	2	1	5	507	511	0	TAAAG	TAAAG
N1_N2	0.0117767047247	2	1	10	443	452	0	TTCTCCTTCG	TTCTCCTTCG
N1_N2	0.013106679018	2	1	8	300	307	2	TATAACTG	TATAAGCG
N2_bayanus	0.000509105873069	1	2	9	123	131	1	CGATTAAGA	CGATTTAGA
N2_bayanus	0.000753331847479	1	2	14	69	82	1	AGTCGCCGCTAATA	AGTCGACGCTAATA
N2_bayanus	0.00107570181815	1	2	5	389	393	3	CTGCA	TCGAA
N2_bayanus	0.00119261372807	1	2	14	187	200	2	CCCACAATAGCCAC	CTCACAAGAGCCAC
N2_bayanus	0.00172452657203	2	1	4	20	23	0	GGTT	GGTT
N2_bayanus	0.00205001739045	1	2	8	315	322	0	CTGCAACA	CTGCAACA
N2_bayanus	0.00215642195568	2	1	13	132	144	0	ATAGCGATGCATA	ATAGCGATGCATA
N2_bayanus	0.00216379820077	1	2	1	630	630	0	T	T
N2_bayanus	0.00225799361316	2	1	4	814	817	0	CCAG	CCAG
N2_bayanus	0.00252805665158	2	1	9	564	572	1	CCCATGTGC	TCCATGTGC
N2_N3	8.77251090896e-05	1	2	5	587	591	1	GTAGC	GTAAC
N2_N3	0.000180778945894	1	2	3	722	724	1	CTA	TTA
N2_N3	0.000432456889684	1	2	3	67	69	0	TAA	TAA
N2_N3	0.00132173708956	1	2	7	60	66	1	GGGCATG	GGGCATA
N2_N3	0.00192067031105	2	1	10	89	98	1	TTTGTATATT	TTTGTATATC
N2_N3	0.00207955014594	1	2	1	540	540	0	T	T
N2_N3	0.0021384634356	2	1	36	547	582	5	CAGTCAATCGAAAACAACCCATGTGCATAACAAATA	CAGTCAATCGAAAATAATCCATGTGCGTAACGAACA
N2_N3	0.00216346226747	1	2	1	207	207	0	T	T
N2_N3	0.00232804174437	2	1	13	864	864	0	T	T
N3_kudriavzevii	0.000227848211235	2	1	1	326	326	0	G	G
N3_kudriavzevii	0.00023731594584	2	1	4	742	745	0	TGCC	TGCC
N3_kudriavzevii	0.00129482795546	1	2	8	762	769	1	TACAACTC	CACAACTC
N3_kudriavzevii	0.00156263444495	1	2	8	801	808	0	CTACGAGT	CTACGAGT
N3_kudriavzevii	0.00194120236231	1	2	2	344	345	1	AT	CT
N3_kudriavzevii	0.00208394487193	2	1	3	834	836	1	GGT	GGC
N3_kudriavzevii	0.0025497919523	1	2	2	0	1	0	CG	CG
N3_kudriavzevii	0.00266644234316	2	1	3	472	474	0	CAC	CAC
N3_kudriavzevii	0.0029288327502	1	2	28	133	160	1	TAGCGATGCATATAAGTAAGCTTAAGCC	TAGCGATGCATATAAGCAAGCTTAAGCC
N3_kudriavzevii	0.00526546556651	1	2	5	404	408	0	TATTA	TATTA
N3_kudriavzevii	0.00585893746663	1	2	15	558	572	0	AAACAACCCATGTGC	AAACAACCCATGTGC
N3_kudriavzevii	0.00593524184949	2	1	6	754	759	1	TTATTT	TTATCT
N3_kudriavzevii	0.00599938368121	1	2	17	827	843	3	AAATGCTGGTGCGCCAA	CGATGCTGGTGCGCCGA
N3_kudriavzevii	0.00600872110099	1	2	30	259	288	3	AAGAAAGACTGAACGGTTCTAACAATCAAC	AAGAAAGACTAAACGGTTCTAATAACCAAC
N3_kudriavzevii	0.00602987706208	1	2	5	723	727	0	TAAGA	TAAGA
N3_kudriavzevii	0.00635208696642	2	1	11	351	361	3	GAGCTTTTCCA	AAACTTTTACA
N3_kudriavzevii	0.00638222268423	1	2	25	766	790	4	ATTCCAATCCGCTAAGATAGTACCG	ACTCCAATCCGCTGCGGTAGTACCG
N3_kudriavzevii	0.00644279097211	2	1	3	217	219	0	AAA	AAA
N3_kudriavzevii	0.00659022967482	2	1	27	403	429	3	TTATTAGTTGAGAGTTGCTCGCCAAGC	TTATTAGTTGGGAATTGCTCGCCAAAC
N3_kudriavzevii	0.00659741814568	1	2	16	527	542	3	GACATACTTTGTGTCG	GACACACGTTGTATCG
N3_kudriavzevii	0.00672976370508	1	2	6	830	835	0	TGCTGG	TGCTGG
N3_kudriavzevii	0.00698206330397	2	1	19	748	766	1	GTATGTTTATTTTATACAA	GTATCTTTATTTTATACAA
N3_kudriavzevii	0.00707502681177	1	2	5	99	103	0	CTTGG	CTTGG
N3_kudriavzevii	0.00726412549057	1	2	1	583	583	0	A	A
N3_kudriavzevii	0.0072832900674	2	1	12	859	864	0	GTATCT	GTATCT
N3_kudriavzevii	0.00730602718888	2	1	10	854	863	1	GAGTTGTATC	AAGTTGTATC
N3_kudriavzevii	0.00773304328452	1	2	5	713	717	1	CCATT	CCACT
N3_kudriavzevii	0.00828095342365	1	2	20	208	227	1	CGGGTAAAGAAAAAAATCTT	CGGGCAAAGAAAAAAATCTT
N3_kudriavzevii	0.00837134214656	2	1	2	112	113	0	CA	CA
N3_N4	5.79503880193e-05	1	2	9	214	222	0	AAGAAAAAA	AAGAAAAAA
N3_N4	0.000193778865999	2	1	3	148	150	0	GCA	GCA
N3_N4	0.0021790537386	1	2	8	293	300	0	ATCTCTAT	ATCTCTAT
N3_N4	0.00231754232913	2	1	1	704	704	0	A	A
N4_mikatae	0.000104812551285	1	2	10	797	806	1	TCGACTACGA	CCGACTACGA
N4_mikatae	0.000118901862951	1	2	4	487	490	0	GAGT	GAGT
N4_mikatae	0.000176839358625	2	1	1	318	318	0	C	C
N4_mikatae	0.000676796940734	2	1	3	174	176	0	CGA	CGA
N4_mikatae	0.000890984591863	2	1	5	820	824	0	ACGCT	ACGCT
N4_mikatae	0.00137786707291	2	1	12	424	435	1	CCAAGCGTTGCG	CCAAACGTTGCG
N4_mikatae	0.00156397784314	2	1	2	770	771	0	CA	CA
N4_mikatae	0.00180389960858	1	2	10	510	519	0	AGAAACAACA	AGAAACAACA
N4_mikatae	0.00194461942174	1	2	2	729	730	0	AC	AC
N4_mikatae	0.0023564919302	1	2	5	756	760	0	ATCTT	ATCTT
N4_mikatae	0.00274672357478	1	2	11	440	450	1	AAATTCTCCTT	AAATCCTCCTT
N4_mikatae	0.00279921501979	2	1	18	458	475	1	GAGATGCGATCAGTCACA	GGGATGCGATCAGTCACA
N4_mikatae	0.00357251997241	2	1	10	767	776	1	CTCTAATCCG	CTCCAATCCG
N4_mikatae	0.00410188702423	2	1	4	69	72	0	AGTC	AGTC
N4_mikatae	0.00444961087684	2	1	7	393	399	1	ACAAGCT	ATAAGCT
N4_mikatae	0.0045312077062	2	1	3	235	237	0	CAT	CAT
N4_mikatae	0.00477171744804	1	2	13	780	792	5	AGATAGTACCGCT	CGGTATTATCGTT
N4_mikatae	0.00527080404545	2	1	5	17	21	0	TCAGG	TCAGG
N4_mikatae	0.0053787961032	1	2	25	178	202	4	TTATGATCGCCCACAATAGCCACGC	TAATGTTCGCTCACAAGAGCCACGC
N4_mikatae	0.00685222132248	1	2	2	661	662	0	GC	GC
N4_N5	3.59088712706e-05	1	2	14	612	625	2	TCTTCGGCCTCTAC	TCTTCAGCTTCTAC
N4_N5	0.000862795291354	1	2	4	80	83	0	ATAA	ATAA
N4_N5	0.00115946822113	2	1	29	734	762	3	ATAGATTTTGCCAGGTATGTTTATCTTAC	ATAGATCTTGCCAGGTATCTTTATCTTAT
N4_N5	0.00129523815032	2	1	11	434	444	1	CGTCACAAATC	CGTCACAAATT
N4_N5	0.00131822550692	1	2	2	508	509	0	AA	AA
N5_paradoxus	0.000127644932481	2	1	2	592	593	1	CT	CC
N5_paradoxus	0.000180532387238	1	2	3	397	399	0	GCT	GCT
N5_paradoxus	0.000232026137909	1	2	2	172	173	0	TA	TA
N5_paradoxus	0.000414297768358	1	2	8	143	150	0	TATAAGCA	TATAAGCA
N5_paradoxus	0.000541890321792	1	2	25	719	743	0	TGACTAAGATACGTCATAGATTTTG	TGACTAAGATACGTCATAGATTTTG
N5_paradoxus	0.00117312182019	2	1	1	419	419	0	G	G
N5_paradoxus	0.00155935697757	1	2	15	794	808	2	CCATCGACTACGAGT	TCACCGACTACGAGT
N5_paradoxus	0.00201850162688	1	2	18	293	310	0	ATCTCTATATAACTGGCA	ATCTCTATATAACTGGCA
N5_paradoxus	0.002137618419	1	2	12	158	169	1	GCCTATTTATAC	GCCTATCTATAC
N5_paradoxus	0.00214644472828	1	2	6	406	411	0	TTAGTT	TTAGTT
N5_cerevisiae	2.82557044761e-05	2	1	2	274	275	0	GT	GT
N5_cerevisiae	0.000371156685083	2	1	8	477	484	1	TCGAACAT	TCGAACAA
