edge	time	orlg_from	orlg_to	tract_length	start_pos	stop_pos	num_diff	template_seq	overide_seq
D1_N1	4.82010889068e-05	1	2	3	337	339	0	GAA	GAA
D1_N1	0.000364152714999	1	2	1	88	88	0	A	A
N1_castellii	7.0765888745e-06	2	1	7	130	136	0	ACACGAC	ACACGAC
N1_castellii	0.000957940174666	1	2	12	299	310	2	TTGTAAAAAGAT	CTGTAAAAAAAT
N1_castellii	0.00112989549922	1	2	24	8	31	1	CTAATACAATTCTTCGGAGTTTTT	CTAATACAATTCTCCGGAGTTTTT
N1_castellii	0.00380394651107	1	2	30	76	105	6	AGTTAGGTCGTTACAACTTACTTAGGCCGG	AGTTAGGCCGTTACAAATTGCTCAGACCAG
N1_castellii	0.00430616323946	1	2	14	170	183	3	AAGCCCCTCCAAGA	GAGTCCATCCAAGA
N1_castellii	0.00500614512294	2	1	14	110	123	1	AGTAACAATTAACT	AGTAACAATCAACT
N1_castellii	0.00521505768038	2	1	22	233	254	1	TTACCCTTCAAGACAATGTTCA	TTACCCTTCAAGACAGTGTTCA
N1_castellii	0.00694301859431	2	1	4	121	124	0	ACTG	ACTG
N1_castellii	0.00753532492056	2	1	4	310	313	0	TAGG	TAGG
N1_N2	0.000215873816528	2	1	16	188	203	0	CAAGGTGACTCCGTGT	CAAGGTGACTCCGTGT
N1_N2	0.00176641283641	1	2	22	251	272	0	TTCATTGAATATCAATTAACTT	TTCATTGAATATCAATTAACTT
N1_N2	0.00366245149843	2	1	3	235	237	0	ACC	ACC
N1_N2	0.0043223537758	1	2	5	83	87	0	TCGTT	TCGTT
N2_bayanus	0.000538385517786	1	2	18	101	118	2	GCCGGAATCAGTAACAAT	GCCAGAGTCAGTAACAAT
N2_bayanus	0.0012454971508	2	1	14	126	139	4	GCAAACACGACCTG	GCGGACGCGACTTG
N2_N3	0.00203104686172	2	1	12	230	241	1	GAATTACCCTTC	AAATTACCCTTC
N3_kudriavzevii	4.36455704558e-05	2	1	4	241	244	0	CAAG	CAAG
N3_N4	0.000684009907789	1	2	20	305	324	3	AAAGATGGGAACTCACGAAT	AAAAATAGGAACTCATGAAT
N3_N4	0.0011821194072	2	1	20	144	163	3	CTTCCTGACCTAAACGGAGT	CTTCCCGATCTGAACGGAGT
N4_mikatae	0.000129888391269	2	1	5	337	341	0	GGATA	GGATA
N4_mikatae	0.000181960957878	1	2	14	273	286	3	CCTCGAATATACAC	CCTCGGATGTATAC
N4_mikatae	0.000645913035943	1	2	22	337	353	2	GGATAAATCACTCCTCC	GGATAAATCATTCCTCT
N4_mikatae	0.00144655613511	2	1	17	236	252	1	CCCTTCAAGCCAATGTT	CCCTTCAAGACAATGTT
N4_N5	0.000440695045965	2	1	21	287	307	3	AGTTACCCACTTCTGTAAAAA	GGTTACCCACTTTTGCAAAAA
N5_paradoxus	0.000613249075977	2	1	30	176	205	2	ATCCAAGAAAGTCAAAGTGACTCCGTGTAA	CTCCAAGAAAGTCAAGGTGACTCCGTGTAA
N5_paradoxus	0.000705309780897	1	2	20	143	162	0	TCTTCCTGACCTAAACGGAG	TCTTCCTGACCTAAACGGAG
N5_cerevisiae	0.000422259808051	2	1	23	82	104	3	GTCGTTACAATTTGCTCAGGCCA	GTCGTTACAACTTACTCAGGCCG
N5_cerevisiae	0.000969462971966	1	2	1	0	0	0	G	G
N5_cerevisiae	0.00120449795697	2	1	5	339	343	0	ATAAA	ATAAA
