edge	time	mut_orlg	mut_pos	old_state	new_state
N0_kluyveri	0.00269813601673	0	339	C	T
N0_kluyveri	0.002838750652	0	520	C	T
N0_kluyveri	0.00294373664428	0	35	A	G
N0_kluyveri	0.00351001417692	0	685	A	G
N0_kluyveri	0.00440813375088	0	454	C	T
N0_kluyveri	0.00451434358814	0	380	G	A
N0_kluyveri	0.00468470065372	0	577	T	C
N0_kluyveri	0.00826847560909	0	387	A	C
N0_kluyveri	0.0086460481704	0	589	C	T
N0_kluyveri	0.00876361780812	0	218	A	G
N0_kluyveri	0.00893909838932	0	814	A	G
N0_D1	2.77155930208e-06	0	105	T	C
N0_D1	0.000527958518139	0	362	A	G
D1_N1	8.06098069871e-05	1	81	A	C
D1_N1	0.000680878706215	2	745	T	C
D1_N1	0.00081969566752	2	730	A	G
D1_N1	0.00122352369988	1	204	G	T
D1_N1	0.00145106660116	1	799	T	G
D1_N1	0.00151630269725	1	229	C	T
D1_N1	0.00170855609859	2	814	A	G
D1_N1	0.00174445013235	1	769	G	A
D1_N1	0.00179233037621	2	688	A	G
D1_N1	0.00232456671901	2	402	C	T
D1_N1	0.0032130959618	2	595	T	C
D1_N1	0.00339389016188	1	496	C	T
D1_N1	0.0039769389385	1	158	A	G
D1_N1	0.00430675181274	1	631	C	T
D1_N1	0.00540081880871	2	553	G	C
D1_N1	0.00563212875679	1	824	C	T
D1_N1	0.00579440029477	1	574	G	A
D1_N1	0.00580254397754	1	170	A	G
D1_N1	0.00612532776338	2	628	C	T
D1_N1	0.00645116718426	1	701	A	G
D1_N1	0.00667016939992	1	688	A	G
D1_N1	0.00698896295345	1	454	C	T
D1_N1	0.00743441316584	1	718	T	C
D1_N1	0.00745553242123	1	320	C	T
D1_N1	0.0075392552987	2	36	A	T
D1_N1	0.0076100064668	1	549	A	C
D1_N1	0.00815658360553	2	733	G	A
D1_N1	0.00841411957556	2	621	G	A
D1_N1	0.00936320496359	1	129	C	T
N1_castellii	9.76444787538e-05	2	670	T	C
N1_castellii	0.00114364325417	1	457	G	A
N1_castellii	0.00162514719081	2	137	C	T
N1_castellii	0.00163784984203	2	230	T	A
N1_castellii	0.00196763742473	2	472	A	G
N1_castellii	0.00257482374255	1	208	A	G
N1_castellii	0.00292022078813	2	817	G	T
N1_castellii	0.00341558811652	1	760	C	G
N1_castellii	0.00378050320033	2	437	G	A
N1_castellii	0.00397701232173	1	29	T	G
N1_castellii	0.00462558048133	2	680	G	A
N1_castellii	0.00542093514426	1	637	G	C
N1_castellii	0.00564759136366	2	26	T	G
N1_castellii	0.00588077162764	1	228	A	G
N1_castellii	0.00589811422529	2	577	T	A
N1_castellii	0.00600114790386	2	120	A	G
N1_castellii	0.00602742592541	2	254	G	A
N1_castellii	0.00632020808741	1	192	C	G
N1_castellii	0.00686265545661	2	586	A	C
N1_castellii	0.00701789693777	1	686	C	T
N1_castellii	0.00851423673202	2	153	A	G
N1_castellii	0.00853627253627	2	811	A	G
N1_castellii	0.00884925051767	1	746	C	T
N1_castellii	0.00887189082614	2	377	A	C
N1_castellii	0.00891840707198	1	118	A	G
N1_castellii	0.00903672890908	1	694	T	C
N1_castellii	0.00932178713481	2	733	A	G
N1_castellii	0.00965947664995	2	604	C	T
N1_N2	0.000172104077146	1	553	G	T
N1_N2	0.00057069590591	1	595	T	C
N1_N2	0.00068098506977	1	590	A	T
N1_N2	0.000756560777772	2	472	A	G
N1_N2	0.00106145495724	2	211	G	T
N1_N2	0.00137984193342	2	628	T	G
N1_N2	0.00198298141353	1	90	C	A
N1_N2	0.00267732884639	1	748	T	C
N1_N2	0.00311608435638	2	353	A	G
N1_N2	0.00326941984524	2	510	C	A
N1_N2	0.00330494944842	2	79	G	A
N1_N2	0.00402190568688	1	799	G	A
N1_N2	0.0041451852276	1	656	T	C
N1_N2	0.00467985050169	1	514	A	G
N1_N2	0.00471510618749	1	469	G	A
N1_N2	0.00473225632205	1	83	A	G
N1_N2	0.00488770416007	2	313	A	T
N1_N2	0.00574988808036	2	784	G	A
N1_N2	0.00579487893892	2	543	A	G
N1_N2	0.00602356010719	1	545	A	T
N1_N2	0.00697924198292	2	823	C	T
N1_N2	0.0072808929495	1	481	C	G
N1_N2	0.00770311975212	2	588	A	C
N1_N2	0.00819610712646	1	222	C	T
N1_N2	0.00821205141193	1	446	C	T
N1_N2	0.00849896239902	2	718	T	A
N1_N2	0.00872487781297	1	574	A	G
N1_N2	0.00904597935548	1	506	T	C
N1_N2	0.00912464554222	2	671	A	T
N1_N2	0.00954724962584	2	568	C	T
N1_N2	0.00972147620188	2	760	C	T
N2_bayanus	0.000270416965079	1	535	C	T
N2_bayanus	0.00041933840439	1	370	A	G
N2_bayanus	0.000599906765851	1	691	A	G
N2_bayanus	0.00121740493771	2	435	G	A
N2_bayanus	0.00171370517678	1	56	C	T
N2_bayanus	0.00175892299191	2	730	G	A
N2_bayanus	0.00227154300912	2	570	C	T
N2_bayanus	0.00239453554523	2	385	C	T
N2_bayanus	0.00282414500623	1	42	A	G
N2_bayanus	0.00324344722674	2	481	C	T
N2_bayanus	0.00331107406345	1	469	A	T
N2_bayanus	0.00362191994722	1	201	C	T
N2_bayanus	0.00397153671806	1	499	C	A
N2_bayanus	0.00431088645397	1	769	A	T
N2_bayanus	0.00443421763571	1	505	A	T
N2_bayanus	0.00482537612501	2	754	A	G
N2_bayanus	0.00495068890241	2	103	C	G
N2_bayanus	0.00496619901915	1	101	C	T
N2_bayanus	0.00603208582499	2	808	T	A
N2_bayanus	0.0066426145114	2	601	G	C
N2_bayanus	0.00708454086679	2	229	C	G
N2_bayanus	0.00845438395453	2	685	A	G
N2_bayanus	0.00920164186574	1	685	A	G
N2_bayanus	0.00933988046543	1	121	G	A
N2_bayanus	0.00987360065197	1	527	C	T
N2_N3	0.000475697999309	1	631	T	C
N2_N3	0.0005024391961	1	742	G	T
N2_N3	0.000666018525616	1	26	T	C
N2_N3	0.00102468811291	2	266	G	A
N2_N3	0.00125038827435	2	532	A	T
N2_N3	0.00160792734372	2	468	G	C
N2_N3	0.00222138531129	2	625	G	A
N2_N3	0.00237412880288	1	601	G	A
N2_N3	0.00357762873519	1	772	T	A
N2_N3	0.0042609853672	1	329	T	C
N2_N3	0.00465285180474	1	67	G	A
N2_N3	0.00500273841864	1	712	C	G
N2_N3	0.00548667554083	2	805	T	C
N2_N3	0.00555852886718	1	201	C	T
N2_N3	0.00567700395378	1	105	C	A
N2_N3	0.00688168023244	1	55	A	G
N2_N3	0.00708495067613	2	766	C	G
N2_N3	0.00729842048108	2	652	T	C
N2_N3	0.00764158256544	1	580	T	G
N2_N3	0.00783541380604	2	426	T	C
N2_N3	0.00878909116994	2	472	G	A
N2_N3	0.00891412066713	2	317	C	G
N2_N3	0.00925804756578	1	26	C	T
N2_N3	0.00941439036954	2	198	G	A
N2_N3	0.00953612611775	1	163	C	G
N2_N3	0.00965617257711	1	592	A	G
N3_kudriavzevii	0.000309258680468	1	256	T	C
N3_kudriavzevii	0.00047204728249	2	673	C	T
N3_kudriavzevii	0.00104356722694	1	766	C	T
N3_kudriavzevii	0.00109214672171	2	331	G	A
N3_kudriavzevii	0.00120453496014	2	521	A	G
N3_kudriavzevii	0.00180765015471	2	529	C	T
N3_kudriavzevii	0.00198658285546	2	643	T	A
N3_kudriavzevii	0.00250658673814	2	157	T	C
N3_kudriavzevii	0.00253097142857	1	527	C	T
N3_kudriavzevii	0.00260114988582	1	562	A	G
N3_kudriavzevii	0.0030598831805	2	595	C	G
N3_kudriavzevii	0.00517363649447	1	441	G	T
N3_kudriavzevii	0.00526426305074	1	409	A	G
N3_kudriavzevii	0.00555818421586	2	53	A	T
N3_kudriavzevii	0.00687642619758	1	243	A	T
N3_kudriavzevii	0.00747305465391	2	466	A	G
N3_kudriavzevii	0.00814709366575	2	460	T	C
N3_kudriavzevii	0.00887720852853	1	820	A	G
N3_kudriavzevii	0.00909221551288	1	679	G	A
N3_kudriavzevii	0.00909922555638	2	559	A	C
N3_kudriavzevii	0.00921633235223	2	808	T	C
N3_kudriavzevii	0.00980283830105	1	584	C	T
N3_kudriavzevii	0.0098941471929	2	466	G	A
N3_N4	0.000176138709076	1	344	T	G
N3_N4	0.000300216957558	2	398	A	C
N3_N4	0.000438342288132	1	300	A	T
N3_N4	0.000605544474803	1	107	G	A
N3_N4	0.000711458498251	1	826	T	A
N3_N4	0.00128707658435	2	685	A	C
N3_N4	0.00134280112901	2	83	A	T
N3_N4	0.00174350779499	2	742	G	T
N3_N4	0.00179268088358	2	25	T	C
N3_N4	0.00222847940661	1	386	T	C
N3_N4	0.00264817080004	1	580	G	A
N3_N4	0.0026697531622	1	190	C	A
N3_N4	0.00420485074053	1	375	G	T
N3_N4	0.00435951644975	2	528	T	C
N3_N4	0.00441593214038	2	424	A	G
N3_N4	0.00452926368107	2	217	A	G
N3_N4	0.00461230730147	1	619	A	G
N3_N4	0.00472916777317	2	671	T	A
N3_N4	0.00493918049509	1	523	T	A
N3_N4	0.00503501312007	2	775	A	G
N3_N4	0.00504490774283	2	709	A	G
N3_N4	0.00610162888122	1	685	A	G
N3_N4	0.00761693800669	2	310	A	G
N3_N4	0.00770549490417	2	611	T	C
N3_N4	0.00790221240488	2	172	G	A
N3_N4	0.00832479349799	2	454	C	G
N3_N4	0.00891776139661	2	553	C	T
N3_N4	0.00903460351657	2	496	C	G
N3_N4	0.00934442411352	2	649	A	G
N3_N4	0.0095525321067	2	267	A	G
N3_N4	0.00967172909033	2	472	A	T
N3_N4	0.00981132850415	1	487	G	A
N4_mikatae	7.15155986712e-05	1	21	A	G
N4_mikatae	7.70747660271e-05	2	342	G	A
N4_mikatae	0.000109579685755	1	533	T	C
N4_mikatae	0.000701220098358	1	754	A	G
N4_mikatae	0.00096391963049	2	616	C	G
N4_mikatae	0.00103216682736	1	724	C	T
N4_mikatae	0.0012983051717	1	703	C	T
N4_mikatae	0.00147213141879	1	814	A	C
N4_mikatae	0.00185685163483	2	643	T	C
N4_mikatae	0.0025700262952	2	563	A	G
N4_mikatae	0.00278479859805	1	447	C	A
N4_mikatae	0.00327937402813	1	122	G	A
N4_mikatae	0.00355416041171	2	824	C	G
N4_mikatae	0.00389501181086	2	569	C	T
N4_mikatae	0.00413305382681	1	451	C	T
N4_mikatae	0.00424485242792	1	64	T	C
N4_mikatae	0.00427633953867	1	733	G	A
N4_mikatae	0.00486092870162	1	535	C	T
N4_mikatae	0.00522822616423	1	721	G	A
N4_mikatae	0.00615866493431	1	256	T	A
N4_mikatae	0.00695406876742	1	620	T	A
N4_mikatae	0.00709878622588	1	239	G	C
N4_mikatae	0.00737384130433	1	448	G	C
N4_mikatae	0.00745431461277	1	802	C	T
N4_mikatae	0.00756356964685	2	361	T	C
N4_mikatae	0.00801255769572	1	829	A	G
N4_mikatae	0.00805178533497	1	21	G	C
N4_mikatae	0.0082064504704	1	619	G	C
N4_mikatae	0.0089781221584	2	829	A	C
N4_mikatae	0.00915505647672	1	55	G	A
N4_mikatae	0.00968948340304	1	115	A	G
N4_mikatae	0.00995962027974	1	757	T	A
N4_N5	0.000222057823522	2	296	A	G
N4_N5	0.000780071294215	2	571	C	T
N4_N5	0.00094257870472	2	32	T	C
N4_N5	0.00103374720058	1	499	C	T
N4_N5	0.00126051856379	1	460	T	C
N4_N5	0.0013325694467	2	719	G	A
N4_N5	0.00151220375131	1	574	G	A
N4_N5	0.00184077775986	1	275	G	A
N4_N5	0.00197251550547	2	553	T	C
N4_N5	0.00211625110321	1	221	A	G
N4_N5	0.0021186781669	2	652	C	A
N4_N5	0.0025378366103	2	787	G	A
N4_N5	0.00261720071277	2	547	G	A
N4_N5	0.00270905590945	1	502	T	C
N4_N5	0.00278827811135	2	571	T	C
N4_N5	0.00313004911703	2	496	G	C
N4_N5	0.00384298635848	2	472	T	G
N4_N5	0.00418012501496	1	790	G	A
N4_N5	0.00419143407258	2	614	C	A
N4_N5	0.00420309756839	2	350	G	A
N4_N5	0.00546108950802	1	730	A	G
N4_N5	0.0056887351996	2	634	A	G
N4_N5	0.00569369338713	1	322	A	G
N4_N5	0.00604310042334	2	289	T	G
N4_N5	0.00636998532692	2	508	G	T
N4_N5	0.00760519927768	1	631	C	T
N4_N5	0.00809306179901	2	706	A	C
N4_N5	0.00829195140999	2	714	T	A
N4_N5	0.00845802807801	2	625	A	G
N4_N5	0.00860777206859	1	362	G	T
N4_N5	0.00882387301406	1	93	A	G
N4_N5	0.00898138972564	1	592	G	A
N4_N5	0.00930432243115	1	295	A	T
N5_paradoxus	8.02720995552e-05	2	453	G	A
N5_paradoxus	0.000432232102	1	661	A	G
N5_paradoxus	0.000932852261407	1	457	G	A
N5_paradoxus	0.00129388412741	1	709	A	G
N5_paradoxus	0.00144521439882	2	415	T	C
N5_paradoxus	0.0017991840249	2	652	A	C
N5_paradoxus	0.00208606317979	2	51	G	T
N5_paradoxus	0.00236968549572	1	541	G	A
N5_paradoxus	0.00342914047359	1	544	C	T
N5_paradoxus	0.00349711337726	1	817	G	A
N5_paradoxus	0.00378529618646	2	418	C	T
N5_paradoxus	0.00380059803547	1	484	T	C
N5_paradoxus	0.00397358970659	2	778	G	A
N5_paradoxus	0.00400400486752	2	758	G	A
N5_paradoxus	0.00453551251399	1	730	G	A
N5_paradoxus	0.00497366943942	1	728	A	C
N5_paradoxus	0.00503902098175	1	301	A	G
N5_paradoxus	0.00521558784503	2	781	G	A
N5_paradoxus	0.00605399746882	2	718	A	G
N5_paradoxus	0.00619412182712	1	758	G	C
N5_paradoxus	0.00661808158799	2	362	G	T
N5_paradoxus	0.00866475993331	1	802	C	A
N5_paradoxus	0.00869911721629	2	583	A	G
N5_paradoxus	0.00895422893605	1	204	T	C
N5_paradoxus	0.00970361681554	2	233	A	G
N5_cerevisiae	0.000170035966236	2	158	A	C
N5_cerevisiae	0.000382117939651	1	565	A	C
N5_cerevisiae	0.000740734169792	1	550	G	C
N5_cerevisiae	0.000874043408691	1	212	A	G
N5_cerevisiae	0.00112512420855	2	677	T	C
N5_cerevisiae	0.00117601676034	2	286	T	C
N5_cerevisiae	0.00175280040984	1	78	A	G
N5_cerevisiae	0.00188014143397	1	727	C	A
N5_cerevisiae	0.0024893619681	1	715	C	G
N5_cerevisiae	0.00298560962786	2	271	C	T
N5_cerevisiae	0.00298667069194	2	743	A	G
N5_cerevisiae	0.00309093569893	1	787	G	A
N5_cerevisiae	0.0035580633912	1	481	G	A
N5_cerevisiae	0.00445760172587	2	323	T	C
N5_cerevisiae	0.00463232053616	1	81	C	T
N5_cerevisiae	0.00488181747614	1	754	A	G
N5_cerevisiae	0.00559547221827	1	679	G	T
N5_cerevisiae	0.00585238772724	2	406	A	C
N5_cerevisiae	0.00595297028219	1	179	C	T
N5_cerevisiae	0.00605518404401	2	592	A	G
N5_cerevisiae	0.00607479026917	2	285	A	G
N5_cerevisiae	0.00615370520966	1	597	A	C
N5_cerevisiae	0.00623920498347	1	655	A	G
N5_cerevisiae	0.00705142147012	2	394	A	T
N5_cerevisiae	0.00713353089543	1	487	A	T
N5_cerevisiae	0.0072216792603	2	778	G	A
N5_cerevisiae	0.00748075411715	2	457	G	A
N5_cerevisiae	0.00794987616014	2	691	A	G
N5_cerevisiae	0.00825814940087	2	209	C	T
N5_cerevisiae	0.00926512614371	2	215	A	G
N5_cerevisiae	0.00959730313631	2	35	A	G
