edge	time	mut_orlg	mut_pos	old_state	new_state
D1_N1	0.000336742984109	2	575	T	C
D1_N1	0.00090123650407	2	311	G	T
D1_N1	0.00136217995728	2	301	C	T
D1_N1	0.00211513133863	1	467	C	T
D1_N1	0.00243114136173	1	551	A	C
D1_N1	0.00258272119439	2	177	T	C
D1_N1	0.00259910735078	2	137	G	A
D1_N1	0.00308620756915	2	500	G	A
D1_N1	0.00314056902819	2	545	T	C
D1_N1	0.00322637438352	1	446	T	G
D1_N1	0.00337514345959	2	362	C	T
D1_N1	0.00360302594282	2	83	A	G
D1_N1	0.00392911834088	2	203	A	T
D1_N1	0.00405922797259	1	294	T	C
D1_N1	0.00436527348708	1	533	G	C
D1_N1	0.0044957788149	2	554	A	G
D1_N1	0.00454732077645	1	371	G	A
D1_N1	0.00457132169178	1	407	A	G
D1_N1	0.00504002945686	2	398	T	C
D1_N1	0.00533238231348	2	590	T	C
D1_N1	0.00554323673465	1	83	A	G
D1_N1	0.00594136678256	2	454	A	C
D1_N1	0.00595105448138	2	373	T	C
D1_N1	0.00637718486175	2	494	T	C
D1_N1	0.00644126353847	2	338	C	T
D1_N1	0.00707956371478	1	94	C	T
D1_N1	0.00730874211968	2	26	T	C
D1_N1	0.00781095837577	2	563	C	T
D1_N1	0.00813576341244	2	458	T	C
D1_N1	0.00837025310242	1	398	T	C
D1_N1	0.00868465032192	2	268	C	T
D1_N1	0.00872868899361	1	315	A	G
D1_N1	0.0098018465691	2	458	C	T
D1_N1	0.0102442460132	2	266	G	A
D1_N1	0.0104438012472	1	539	G	T
D1_N1	0.0105503254889	2	200	C	T
D1_N1	0.0108946894611	1	349	A	C
D1_N1	0.0115302966783	2	551	C	T
D1_N1	0.011790521889	1	233	C	T
D1_N1	0.011905557155	2	118	G	A
D1_N1	0.0119720401612	1	560	C	T
D1_N1	0.0121127081932	1	11	A	C
D1_N1	0.0125618539507	2	201	C	T
D1_N1	0.0127234189907	2	506	C	T
D1_N1	0.0131360797856	2	335	T	C
D1_N1	0.0133472990767	1	233	T	C
D1_N1	0.0134709554504	1	191	T	C
D1_N1	0.0136158731936	2	266	A	C
D1_N1	0.0142088867945	1	362	C	G
D1_N1	0.0145002812016	1	461	A	T
D1_N1	0.0145434299316	2	588	T	A
D1_N1	0.0151114314029	2	296	G	A
D1_N1	0.0152795764601	2	399	A	G
D1_N1	0.0166150904818	2	392	C	T
D1_N1	0.0167596799321	1	128	A	G
D1_N1	0.0168137057908	1	272	T	C
D1_N1	0.0177221654325	1	478	C	T
D1_N1	0.018135539448	2	392	T	C
D1_N1	0.0186365923741	1	140	G	A
D1_N1	0.0188673992232	2	272	T	C
D1_N1	0.0199327512171	2	476	A	G
D1_N1	0.0209092081472	1	59	C	T
D1_N1	0.0214840097287	2	363	C	T
D1_N1	0.0216284922306	2	200	T	C
D1_N1	0.021658164622	1	440	T	C
D1_N1	0.0220582614022	2	392	C	T
D1_N1	0.0222016176624	1	317	A	G
D1_N1	0.0222463313819	2	155	G	A
D1_N1	0.0223336463901	2	155	A	T
D1_N1	0.0228470023018	2	40	C	T
D1_N1	0.0229341820655	2	428	C	T
D1_N1	0.0231690382659	2	449	A	T
D1_N1	0.0232935690144	1	164	C	T
D1_N1	0.0235105396564	1	565	C	T
D1_N1	0.0237358963961	2	350	A	G
D1_N1	0.0237946621818	2	437	T	G
D1_N1	0.0242335908596	1	524	G	A
D1_N1	0.0246169065067	2	515	T	C
D1_N1	0.0248088488698	2	574	G	A
D1_N1	0.025026944514	1	575	T	C
D1_N1	0.0254170732381	2	596	G	A
D1_N1	0.0264512744521	1	431	G	A
D1_N1	0.026704831838	2	53	T	C
D1_N1	0.0272543901457	2	308	C	A
D1_N1	0.0273973364175	1	593	A	G
D1_N1	0.027449196655	2	497	T	C
D1_N1	0.027469110759	1	377	C	T
D1_N1	0.0278280997322	2	479	A	G
D1_N1	0.028157394357	2	446	T	C
D1_N1	0.029102434844	1	1	C	T
D1_N1	0.0291843000559	1	268	C	T
D1_N1	0.0292833583868	1	336	A	G
D1_N1	0.0295031431968	2	327	C	T
D1_N1	0.0295817539673	1	569	G	A
D1_N1	0.0311194229969	2	468	T	C
D1_N1	0.0314686587629	1	525	A	G
D1_N1	0.0316291826076	2	518	G	A
N1_castellii	9.05141080756e-05	2	95	T	C
N1_castellii	0.00220268446723	2	500	G	A
N1_castellii	0.00226543374564	2	239	C	T
N1_castellii	0.00233209452087	2	155	G	T
N1_castellii	0.00248621997586	1	397	C	T
N1_castellii	0.00283014891461	1	434	G	T
N1_castellii	0.00300877115168	1	573	G	A
N1_castellii	0.00449609464366	1	542	A	G
N1_castellii	0.00460541597441	2	119	T	C
N1_castellii	0.00495356067139	1	158	C	G
N1_castellii	0.00520137270191	1	350	A	G
N1_castellii	0.0064297660476	1	380	G	A
N1_castellii	0.00655594173022	1	2	G	A
N1_castellii	0.00664549404391	1	56	A	G
N1_castellii	0.00685826699379	2	293	A	G
N1_castellii	0.00695207699925	1	275	T	C
N1_castellii	0.00706145513178	1	464	G	A
N1_castellii	0.00733705275855	2	155	T	C
N1_castellii	0.00738269926027	2	421	G	A
N1_castellii	0.00740164218564	2	200	C	T
N1_castellii	0.00744818622456	2	65	G	A
N1_castellii	0.00755623553905	1	242	G	A
N1_castellii	0.00783266717591	1	5	T	C
N1_castellii	0.00828642933805	2	173	G	A
N1_castellii	0.00833794788019	1	47	C	T
N1_castellii	0.00844001519022	2	155	C	T
N1_castellii	0.00866449132527	2	443	G	A
N1_castellii	0.00915462725281	2	101	G	A
N1_castellii	0.00963883590377	2	470	T	C
N1_castellii	0.00973891365667	1	398	C	T
N1_castellii	0.00996254394544	1	293	A	G
N1_castellii	0.00999277474842	2	410	T	C
N1_castellii	0.0102312207363	2	296	A	G
N1_castellii	0.010748484917	2	341	T	C
N1_castellii	0.0108319267961	1	113	C	T
N1_castellii	0.0108632081223	2	392	T	C
N1_castellii	0.0112009177721	2	167	A	G
N1_castellii	0.0112941885457	1	155	G	A
N1_castellii	0.0118341360925	1	7	T	C
N1_castellii	0.0123462270482	2	431	A	G
N1_castellii	0.0124731982412	2	441	G	A
N1_castellii	0.01272074507	1	49	C	T
N1_castellii	0.0128770410419	2	503	T	A
N1_castellii	0.0135324698371	2	376	A	G
N1_castellii	0.0137425469919	1	293	G	A
N1_castellii	0.0138073508478	2	7	T	C
N1_castellii	0.0138989182813	1	497	T	C
N1_castellii	0.0144035872274	1	305	T	C
N1_castellii	0.0144563501979	2	365	T	C
N1_castellii	0.0144747467572	2	535	G	C
N1_castellii	0.0146084765587	1	530	G	A
N1_castellii	0.0150112656027	2	212	T	C
N1_castellii	0.0153242160738	2	32	C	T
N1_castellii	0.0154416715665	2	320	C	T
N1_castellii	0.0154760594978	1	479	G	A
N1_castellii	0.0158552298446	1	264	A	G
N1_castellii	0.0160058022557	1	461	T	C
N1_castellii	0.0166406885937	1	48	G	A
N1_castellii	0.0173940140138	1	274	G	A
N1_castellii	0.0174804423499	2	161	T	C
N1_castellii	0.0175645893371	2	439	C	T
N1_castellii	0.0180773237771	2	506	C	T
N1_castellii	0.0186459328207	2	563	T	C
N1_castellii	0.0187880178139	1	596	A	G
N1_castellii	0.0190336545385	1	260	A	G
N1_castellii	0.0190944544576	2	270	G	A
N1_castellii	0.0193118417454	2	221	A	G
N1_castellii	0.0193447811803	1	365	T	C
N1_castellii	0.019595572673	2	491	C	T
N1_castellii	0.0196383992307	2	257	T	C
N1_castellii	0.019794485396	1	434	T	C
N1_N2	0.000470544014297	2	96	C	T
N1_N2	0.000923035928842	2	35	T	C
N1_N2	0.000987992083865	2	155	G	A
N1_N2	0.00138522244802	1	255	A	G
N1_N2	0.00140161912547	1	149	C	T
N1_N2	0.00185647547074	2	96	T	C
N1_N2	0.00213565605772	1	563	T	C
N1_N2	0.0021579228627	2	92	G	A
N1_N2	0.0027740186018	2	539	T	C
N1_N2	0.0028455120932	2	556	T	C
N1_N2	0.00292827037479	1	275	T	C
N1_N2	0.00296696621143	1	362	G	A
N1_N2	0.00321127553495	1	33	C	T
N1_N2	0.00375585875421	2	17	T	G
N1_N2	0.00393192513822	2	305	T	C
N1_N2	0.00411348954814	2	11	A	G
N1_N2	0.00412393451201	2	8	C	T
N1_N2	0.00435613537446	2	68	A	G
N1_N2	0.00450090547403	2	452	A	G
N1_N2	0.00455900648924	1	510	A	G
N1_N2	0.00504746454114	1	551	T	G
N1_N2	0.00533723295098	1	506	C	T
N1_N2	0.00535986106633	1	572	G	A
N1_N2	0.00633126159759	2	470	T	C
N1_N2	0.00658072219646	2	467	C	T
N1_N2	0.00742220740903	2	167	A	G
N1_N2	0.00793851838216	2	188	A	G
N1_N2	0.00859700664248	1	365	T	C
N2_bayanus	1.91210340544e-05	2	593	G	A
N2_bayanus	0.000210064831624	1	179	T	C
N2_bayanus	0.000212890641185	2	262	G	A
N2_bayanus	0.000865954157232	1	152	A	G
N2_bayanus	0.000890061456728	2	488	T	A
N2_bayanus	0.000945587395731	1	230	T	G
N2_bayanus	0.00131668964012	1	575	T	C
N2_bayanus	0.001325439721	1	146	T	C
N2_bayanus	0.00193804664069	2	557	A	G
N2_bayanus	0.00274115586298	1	66	C	G
N2_bayanus	0.003097570186	1	206	G	A
N2_bayanus	0.00312315729637	1	470	T	C
N2_bayanus	0.00365527781578	2	12	G	A
N2_bayanus	0.00392460597788	1	2	G	C
N2_bayanus	0.0039967031852	1	339	A	G
N2_bayanus	0.0040730686762	2	254	G	A
N2_bayanus	0.00421155431072	2	446	T	C
N2_bayanus	0.0048902141356	2	16	C	T
N2_bayanus	0.00500515128501	1	590	C	T
N2_bayanus	0.00503110744589	1	270	G	A
N2_bayanus	0.00509872324967	1	317	A	G
N2_bayanus	0.00560908374821	1	446	T	C
N2_bayanus	0.00605732157863	1	236	T	C
N2_bayanus	0.00614115140208	1	320	C	T
N2_bayanus	0.00619702811698	2	560	C	T
N2_bayanus	0.00638854803978	2	121	G	A
N2_bayanus	0.00643051491714	1	130	A	T
N2_bayanus	0.00673266472345	2	535	G	A
N2_bayanus	0.00685424381825	1	434	G	A
N2_bayanus	0.00694208973911	2	84	T	G
N2_bayanus	0.00723164661668	2	587	G	A
N2_bayanus	0.00753926679237	1	443	G	A
N2_bayanus	0.00789474470396	2	331	G	A
N2_bayanus	0.00792506992315	2	317	A	G
N2_bayanus	0.00848804415953	2	17	G	A
N2_bayanus	0.0087438536199	1	565	C	T
N2_bayanus	0.00883859132162	1	65	G	A
N2_bayanus	0.00897685185616	1	225	C	T
N2_bayanus	0.0091488525722	2	563	T	C
N2_N3	0.000111176749715	2	515	C	T
N2_N3	0.000284566495595	2	302	G	A
N2_N3	0.000539957457492	1	546	A	G
N2_N3	0.000904378217342	2	536	A	G
N2_N3	0.00121856844486	1	431	A	G
N2_N3	0.00132976776031	2	20	C	T
N2_N3	0.00136509716336	1	82	C	G
N2_N3	0.00158918391843	2	65	G	A
N2_N3	0.00159848396806	1	140	G	A
N2_N3	0.00203995780849	2	200	C	T
N2_N3	0.00216425185262	2	377	T	C
N2_N3	0.0024234151179	2	392	T	C
N2_N3	0.0025672450419	1	482	T	A
N3_kudriavzevii	0.000320155840006	2	206	G	C
N3_kudriavzevii	0.000726451488985	2	359	C	T
N3_kudriavzevii	0.000823001264531	1	137	A	T
N3_kudriavzevii	0.00104922378495	1	133	C	T
N3_kudriavzevii	0.0013032524355	1	2	G	A
N3_kudriavzevii	0.00133504754698	1	87	T	C
N3_kudriavzevii	0.00210320439226	2	253	T	C
N3_kudriavzevii	0.00283038084422	1	356	T	C
N3_kudriavzevii	0.00377458420254	1	3	T	C
N3_kudriavzevii	0.0040405664305	2	128	A	C
N3_kudriavzevii	0.00407501264114	1	98	A	G
N3_kudriavzevii	0.00418386293418	2	587	G	A
N3_kudriavzevii	0.00446619581591	1	191	C	T
N3_kudriavzevii	0.00486217743326	1	245	A	G
N3_kudriavzevii	0.00513214408503	2	12	G	A
N3_kudriavzevii	0.00529253111324	2	380	G	A
N3_kudriavzevii	0.00552520536757	1	345	G	A
N3_kudriavzevii	0.0059413618172	2	455	T	C
N3_kudriavzevii	0.00640781052972	2	194	T	C
N3_kudriavzevii	0.00661708656499	2	554	A	G
N3_kudriavzevii	0.00684180870472	2	47	C	T
N3_kudriavzevii	0.00692950295051	2	169	A	G
N3_kudriavzevii	0.00717545875546	2	244	T	C
N3_kudriavzevii	0.00733500387863	1	362	A	G
N3_kudriavzevii	0.00746752662809	1	361	T	C
N3_kudriavzevii	0.00751877332709	1	482	A	G
N3_kudriavzevii	0.00758026173367	2	317	A	G
N3_kudriavzevii	0.00772957144629	1	212	T	G
N3_kudriavzevii	0.00780407784798	2	8	T	C
N3_kudriavzevii	0.00845108173642	1	245	G	A
N3_kudriavzevii	0.00960647772851	1	565	C	T
N3_N4	0.000270950666579	1	33	T	C
N3_N4	0.000272989802459	1	473	G	A
N3_N4	0.000783615640751	1	245	A	C
N3_N4	0.000847973206339	2	473	G	T
N3_N4	0.00119211416412	1	149	T	C
N3_N4	0.00128303197566	2	410	T	C
N3_N4	0.00137330313798	1	494	T	G
N3_N4	0.00175143808921	2	566	C	A
N3_N4	0.0019232002448	2	458	T	A
N4_mikatae	0.000140179288973	2	314	C	T
N4_mikatae	0.000211383359807	2	356	T	A
N4_mikatae	0.000601984564039	2	500	G	C
N4_mikatae	0.000994983217207	1	458	T	C
N4_mikatae	0.00130303008801	1	431	A	G
N4_mikatae	0.00147492582078	2	596	A	G
N4_mikatae	0.00171727239016	1	470	C	T
N4_mikatae	0.00189015598223	2	377	C	T
N4_mikatae	0.00205660555467	2	339	A	G
N4_mikatae	0.00340931646517	2	271	G	A
N4_mikatae	0.00347198888988	1	209	C	T
N4_N5	0.00102563738307	1	459	A	G
N4_N5	0.00141638451176	2	385	G	A
N4_N5	0.00156999090899	1	273	T	G
N4_N5	0.00199125196444	2	14	T	C
N4_N5	0.00273532411936	1	289	A	G
N4_N5	0.00282489076102	2	125	C	T
N4_N5	0.00344197757496	1	183	T	C
N4_N5	0.00348304576352	1	56	A	G
N4_N5	0.00355002494455	2	350	G	A
N4_N5	0.00431862064041	2	371	A	G
N5_paradoxus	2.99693568001e-05	1	53	T	C
N5_paradoxus	0.0002286629755	1	581	G	A
N5_paradoxus	0.000590681601487	2	125	T	C
N5_paradoxus	0.000888262040414	2	245	C	A
N5_paradoxus	0.00199738205486	2	191	C	T
N5_paradoxus	0.00250559827834	1	356	T	A
N5_paradoxus	0.00255448466708	1	368	C	T
N5_paradoxus	0.00318153161548	2	212	T	G
N5_paradoxus	0.00321271703916	2	422	A	G
N5_cerevisiae	0.000695245816007	1	588	A	G
N5_cerevisiae	0.00102534057733	2	440	C	T
N5_cerevisiae	0.00105969796558	2	176	A	G
