edge	time	mut_orlg	mut_pos	old_state	new_state
N0_D1	0.000393387530166	0	1269	A	G
N0_D1	0.000716791535093	0	886	C	T
N0_D1	0.000811647822055	0	1105	A	T
N0_D1	0.00112804864675	0	1029	A	G
N0_D1	0.00437517801055	0	974	C	A
N0_D1	0.00473406812699	0	1528	G	T
N0_D1	0.00594711577904	0	1051	T	A
N0_D1	0.0065505148614	0	1469	T	C
N0_D1	0.00701722924214	0	960	A	T
N0_D1	0.00702922195249	0	1482	G	T
N0_D1	0.00820562160636	0	186	T	C
N0_D1	0.00971748547855	0	719	G	A
N0_D1	0.0102817151361	0	1192	G	T
N0_D1	0.0108222122771	0	1523	T	C
N0_D1	0.0118746888029	0	642	C	G
N0_D1	0.0122534891501	0	1224	G	A
N0_D1	0.0124741588529	0	1260	C	T
N0_D1	0.0129586829145	0	881	T	C
N0_D1	0.013090753779	0	799	T	C
N0_D1	0.013560538947	0	722	T	G
N0_D1	0.0141862841054	0	393	A	T
N0_D1	0.0155777461523	0	716	A	T
N0_D1	0.0160952161019	0	1333	G	A
N0_D1	0.0173409535948	0	538	G	A
N0_D1	0.0176201246979	0	639	A	T
N0_D1	0.017678595026	0	506	A	C
N0_D1	0.0178333836002	0	1015	C	T
N0_D1	0.0178556043221	0	255	G	T
N0_D1	0.0184230194551	0	1346	T	C
N0_D1	0.0187324505847	0	1268	G	A
N0_D1	0.0187368364821	0	510	A	T
N0_D1	0.0187938334133	0	31	T	C
N0_D1	0.0194555372101	0	1489	A	G
N0_D1	0.0207811898272	0	1045	A	T
N0_D1	0.0213238307669	0	845	T	G
N0_D1	0.0215756867408	0	23	A	T
N0_D1	0.0225109206089	0	1249	A	T
N0_D1	0.0225256621867	0	314	G	C
N0_D1	0.0227322954762	0	35	T	C
N0_D1	0.0235397358898	0	1098	A	G
N0_D1	0.0236388754324	0	521	A	T
N0_D1	0.0236911431931	0	34	T	C
N0_D1	0.0249458091163	0	1461	G	T
N0_D1	0.025311671491	0	518	A	T
N0_D1	0.0255942814395	0	1435	T	A
N0_D1	0.0266655489099	0	58	A	T
N0_D1	0.0268673396688	0	1470	G	T
N0_D1	0.0276922994814	0	498	A	G
N0_D1	0.0287768630515	0	1363	A	C
N0_D1	0.0288069227178	0	366	A	T
N0_D1	0.0292174325161	0	856	A	C
N0_D1	0.0292923263952	0	613	G	A
N0_D1	0.0331718308631	0	1418	A	T
N0_D1	0.0333218199424	0	796	A	T
N0_D1	0.0354524717311	0	455	C	A
N0_D1	0.0355261951725	0	169	C	T
N0_D1	0.0362261854407	0	615	C	T
N0_D1	0.0369266011297	0	1365	C	T
N0_D1	0.0373886525464	0	77	C	T
N0_D1	0.0374924183741	0	1339	T	C
N0_D1	0.0396423304067	0	1256	C	A
N0_D1	0.0416135989017	0	560	G	T
N0_D1	0.0417515068824	0	1071	A	C
N0_D1	0.0428935643979	0	803	G	T
N0_D1	0.0455563109898	0	273	A	T
N0_D1	0.0480778754089	0	1105	T	C
N0_D1	0.0482467269509	0	817	C	G
N0_D1	0.0493118683229	0	863	C	A
D1_N1	0.000113332591878	1	917	G	A
D1_N1	0.000132281000033	1	659	A	G
D1_N1	0.000393457882761	2	1065	T	G
D1_N1	0.00112393479654	2	246	T	A
D1_N1	0.00143486046084	2	240	C	T
D1_N1	0.00164838640886	2	19	C	T
D1_N1	0.00167110404512	1	298	C	T
D1_N1	0.00175092706425	2	29	A	T
D1_N1	0.00178941191865	2	215	T	C
D1_N1	0.00289104229455	1	1375	A	G
D1_N1	0.00290018106431	1	1054	A	G
D1_N1	0.0033557410509	1	674	T	A
D1_N1	0.00349128027268	2	831	T	G
D1_N1	0.00353600852262	1	22	T	C
D1_N1	0.00384525000699	1	980	T	A
D1_N1	0.0038559007717	2	825	A	G
D1_N1	0.00472823406685	2	800	C	T
D1_N1	0.00503483816955	1	81	A	T
D1_N1	0.00517350459366	2	343	A	G
D1_N1	0.00554415959369	2	1156	T	A
D1_N1	0.00558401694902	1	794	G	C
D1_N1	0.00586617512279	2	515	T	G
D1_N1	0.00647628856822	1	36	G	A
D1_N1	0.00652861558091	2	1556	A	C
D1_N1	0.00663186476105	2	299	T	C
D1_N1	0.0066749579711	1	1036	T	A
D1_N1	0.00691023069471	2	218	A	T
D1_N1	0.00697147882428	2	230	T	C
D1_N1	0.00698135334417	2	1137	T	A
D1_N1	0.00736338863847	2	194	C	T
D1_N1	0.00816597117348	1	987	T	G
D1_N1	0.00856166698028	2	1315	A	T
D1_N1	0.00924802672537	2	1288	T	G
D1_N1	0.00975800682618	1	649	T	C
D1_N1	0.00980562274755	1	762	G	A
D1_N1	0.0100900412944	2	780	G	A
D1_N1	0.0103222976458	2	932	T	C
D1_N1	0.010525691157	2	65	C	G
D1_N1	0.011015219299	2	1215	G	A
D1_N1	0.0111191267676	2	265	T	C
D1_N1	0.0113801892691	2	637	C	T
D1_N1	0.0116395522612	2	175	T	C
D1_N1	0.011652390192	2	506	C	T
D1_N1	0.0120536462117	1	1018	A	G
D1_N1	0.0123870285932	2	110	T	A
D1_N1	0.0123930659859	1	802	T	A
D1_N1	0.0124625466802	2	1576	A	G
D1_N1	0.0130158579642	1	1459	T	C
D1_N1	0.0130293866607	2	903	A	G
D1_N1	0.0130785300184	2	203	C	T
D1_N1	0.0140283063918	1	1495	T	A
D1_N1	0.0144972438788	2	1151	G	C
D1_N1	0.0146296272346	1	1139	G	T
D1_N1	0.0148904270485	2	373	A	G
D1_N1	0.0155261565193	1	1500	C	T
D1_N1	0.0158366099987	1	756	T	C
D1_N1	0.0158388442	2	1362	A	G
D1_N1	0.0166033950264	1	429	C	T
D1_N1	0.0173356102836	1	122	C	T
D1_N1	0.0176465593625	2	1517	T	C
D1_N1	0.0184937862258	1	747	T	A
D1_N1	0.0185908707363	2	511	A	T
D1_N1	0.0187838195644	2	485	T	C
D1_N1	0.0195341587545	2	1074	G	T
D1_N1	0.02035429871	1	216	T	G
D1_N1	0.020683459797	1	1009	A	G
D1_N1	0.0219939518619	2	719	A	G
D1_N1	0.0219985393929	1	1468	T	C
D1_N1	0.0223232119774	2	521	T	A
D1_N1	0.0229116876419	1	368	G	T
D1_N1	0.0230049630084	1	430	T	G
D1_N1	0.0240537096385	1	306	C	G
D1_N1	0.024137473596	2	275	A	G
D1_N1	0.0245231784969	1	390	T	C
D1_N1	0.0246213021432	1	328	C	T
D1_N1	0.0246535843817	2	581	G	A
D1_N1	0.0247389403247	2	566	A	G
D1_N1	0.024800574685	2	415	A	C
D1_N1	0.0252933169659	2	470	A	T
D1_N1	0.0254381572494	1	946	G	A
D1_N1	0.0254839533542	2	1471	T	A
D1_N1	0.0261927444953	1	644	A	C
D1_N1	0.0263672086432	1	327	T	A
D1_N1	0.0267567852874	1	763	C	T
D1_N1	0.0274186599974	1	744	T	A
D1_N1	0.0281022985977	1	395	A	G
D1_N1	0.0284836284733	1	639	T	C
D1_N1	0.0287390899218	2	985	A	C
D1_N1	0.0289004972151	1	1211	C	G
D1_N1	0.0294801845892	2	299	C	T
D1_N1	0.0298906460713	1	394	T	C
D1_N1	0.0304333179474	2	873	T	A
D1_N1	0.0307138261244	2	817	G	A
D1_N1	0.0307405533287	2	939	C	T
D1_N1	0.031007806432	1	660	C	T
D1_N1	0.0312506229178	2	1236	T	G
D1_N1	0.0319176865185	2	962	T	C
D1_N1	0.0327055504995	2	16	G	A
D1_N1	0.0327324547065	2	689	T	A
D1_N1	0.0329484236132	1	33	C	T
D1_N1	0.0334493551306	2	491	A	T
D1_N1	0.0336287245596	2	764	C	T
D1_N1	0.0338252190516	1	1025	G	T
D1_N1	0.0338447933806	1	1409	A	G
D1_N1	0.0343545689556	2	1563	A	G
D1_N1	0.0347006416121	1	1353	C	T
D1_N1	0.0349478834275	1	1063	A	G
D1_N1	0.0350614759904	1	428	A	G
D1_N1	0.0363239416223	2	493	T	C
D1_N1	0.0366812505845	2	1426	T	G
D1_N1	0.0367275431061	2	1487	G	T
D1_N1	0.0367689190305	1	819	T	A
D1_N1	0.0370846462887	2	788	T	C
D1_N1	0.0373834116012	2	1336	G	A
D1_N1	0.0379157875922	2	289	A	G
D1_N1	0.0385945425618	1	1161	G	C
D1_N1	0.0387520738063	2	1407	A	G
D1_N1	0.038850761477	2	947	T	A
D1_N1	0.0391310827177	1	439	C	T
D1_N1	0.0392830728307	2	728	A	C
D1_N1	0.0392992366702	1	1131	G	T
D1_N1	0.0398092340012	2	71	A	G
D1_N1	0.0406950192485	2	1102	T	G
D1_N1	0.0408785394094	1	997	G	T
D1_N1	0.0416209089642	2	897	G	A
D1_N1	0.0418822547879	2	330	G	A
D1_N1	0.0420965554905	2	66	A	G
D1_N1	0.0421619559088	1	159	A	T
D1_N1	0.042163690146	1	760	G	C
D1_N1	0.0433081075776	1	564	T	A
D1_N1	0.0434739406953	2	1379	C	T
D1_N1	0.0435970989194	1	233	C	A
D1_N1	0.0436001961465	1	1226	G	A
D1_N1	0.0448419596083	1	1104	T	A
D1_N1	0.0451130856036	2	814	T	C
D1_N1	0.0454166680078	1	139	T	A
D1_N1	0.0455045977276	2	1149	G	A
D1_N1	0.0461944315076	1	196	T	C
D1_N1	0.0463981720857	2	624	C	A
D1_N1	0.0464436073083	2	1270	G	C
D1_N1	0.0470634853013	2	28	A	G
D1_N1	0.0482802551712	1	371	A	T
D1_N1	0.0484751157386	1	609	G	A
D1_N1	0.0486904058033	1	538	A	G
D1_N1	0.0487138658115	2	154	G	T
D1_N1	0.048764963802	2	1025	G	C
D1_N1	0.0491329234027	1	1248	C	T
D1_N1	0.0499496491586	1	766	T	C
D1_N1	0.0501022377885	1	640	T	A
D1_N1	0.0503312286565	1	809	T	C
D1_N1	0.0506269908047	1	550	T	A
D1_N1	0.0507247374707	1	1398	C	T
D1_N1	0.0511308799962	2	1489	G	A
D1_N1	0.0513016664989	2	313	A	G
D1_N1	0.0513020435563	2	1337	T	C
D1_N1	0.0515990427199	2	660	C	G
D1_N1	0.0517860515754	1	985	A	G
D1_N1	0.051928805888	1	112	T	A
D1_N1	0.0519947704276	2	1332	G	T
D1_N1	0.0521037370045	2	1454	A	T
D1_N1	0.0522662353304	1	759	G	A
D1_N1	0.0523710011658	2	64	T	A
D1_N1	0.0534254046454	2	1510	C	T
D1_N1	0.0545162274913	2	143	A	G
D1_N1	0.0545721347609	2	747	T	C
D1_N1	0.0549646886472	1	143	A	G
D1_N1	0.0550053619564	1	1243	C	G
D1_N1	0.0556667463175	2	840	G	T
D1_N1	0.0559872260644	2	362	C	T
D1_N1	0.0563870118625	1	610	T	A
D1_N1	0.0564706147241	2	1501	C	G
D1_N1	0.0564974515545	2	930	C	G
D1_N1	0.0571506701889	1	1429	A	C
D1_N1	0.0571971087142	1	1180	A	T
D1_N1	0.0572189820289	1	1064	T	C
D1_N1	0.0574810470076	1	654	T	A
D1_N1	0.057920292861	2	1413	C	T
D1_N1	0.0580715466322	2	1071	C	T
D1_N1	0.0583191848094	2	1174	T	A
D1_N1	0.0587141428876	2	726	A	G
D1_N1	0.0587460198369	2	1353	C	G
D1_N1	0.0591243572435	2	667	C	T
D1_N1	0.0592900153689	2	121	G	A
D1_N1	0.0596047256705	1	956	A	T
D1_N1	0.0599137613393	2	861	C	T
D1_N1	0.0599324286586	2	935	C	A
D1_N1	0.0601025344261	1	212	G	T
D1_N1	0.0603897372468	2	894	T	A
D1_N1	0.0604278811211	1	1470	T	C
D1_N1	0.061258617944	1	387	A	T
D1_N1	0.0616728116234	1	991	A	G
D1_N1	0.0622457913114	1	271	T	G
D1_N1	0.0622983752451	1	1459	C	A
D1_N1	0.0625396526743	1	572	A	C
D1_N1	0.0627567864532	1	21	G	A
D1_N1	0.0630676686028	1	1127	T	C
D1_N1	0.0632479949562	2	965	T	G
D1_N1	0.0635517602031	1	1110	T	A
D1_N1	0.0643358598963	2	1364	A	T
D1_N1	0.0647746210702	1	607	A	C
D1_N1	0.0651705257484	2	1458	C	A
D1_N1	0.065269074949	1	1556	A	G
D1_N1	0.0654559408951	2	343	G	A
D1_N1	0.0655360508519	2	817	A	T
D1_N1	0.0664192069474	1	356	A	C
D1_N1	0.066589732451	2	454	G	T
D1_N1	0.0666212108029	1	817	G	T
D1_N1	0.0670375215213	1	1178	A	C
D1_N1	0.0671635263868	1	831	T	A
D1_N1	0.0674897910343	1	830	G	A
D1_N1	0.0682945299265	2	233	C	T
D1_N1	0.0682992667323	1	964	G	T
D1_N1	0.0692285011522	2	271	T	C
D1_N1	0.0697908100608	1	955	T	C
D1_N1	0.0699168414348	2	774	A	T
D1_N1	0.0699273607653	2	95	T	C
D1_N1	0.0705176723022	2	1127	T	G
D1_N1	0.0707839616655	1	925	A	T
D1_N1	0.0708351935993	2	1434	T	A
D1_N1	0.0710519584387	2	1229	A	G
D1_N1	0.0714739548806	2	1075	A	T
D1_N1	0.0719915352428	1	761	T	C
D1_N1	0.0720975287242	2	1368	G	C
D1_N1	0.0724546184859	2	1195	A	T
D1_N1	0.0725177989031	1	1257	G	C
D1_N1	0.0728704790714	2	43	T	G
D1_N1	0.0729173363811	2	1125	A	C
D1_N1	0.0731924572054	2	839	A	C
D1_N1	0.0733785500559	2	1460	A	G
D1_N1	0.0739984235135	2	992	G	T
D1_N1	0.0740369274543	2	1539	A	G
D1_N1	0.0741003829965	1	1235	G	C
D1_N1	0.0743156245449	2	1073	C	T
D1_N1	0.0745161483199	1	1492	A	C
D1_N1	0.0747189095922	1	104	C	A
D1_N1	0.0755834375083	1	257	C	A
D1_N1	0.0769621824332	2	1430	T	C
D1_N1	0.0776080762495	1	874	C	T
D1_N1	0.0788789757881	1	974	A	C
D1_N1	0.0790684666727	1	304	T	A
D1_N1	0.0794545581236	1	1262	C	T
D1_N1	0.0796928377606	1	962	T	C
D1_N1	0.0798158096524	2	1405	C	G
D1_N1	0.0803214083738	1	1300	T	C
D1_N1	0.0803717510983	1	1088	T	G
D1_N1	0.0806951377517	1	652	G	C
D1_N1	0.0809119232473	1	821	C	T
D1_N1	0.0812320183881	2	1556	C	T
D1_N1	0.0812940175547	1	485	T	A
D1_N1	0.0814511193916	1	473	C	T
D1_N1	0.0814874090921	2	1562	C	G
D1_N1	0.0818006835437	1	785	T	A
D1_N1	0.0819279690178	2	802	T	C
D1_N1	0.0820420592824	2	993	A	G
D1_N1	0.082465137546	2	446	G	A
D1_N1	0.0827010993259	1	371	T	G
D1_N1	0.0831424622072	1	1509	C	A
D1_N1	0.0831455297276	2	661	A	G
D1_N1	0.0833782142142	1	146	G	A
D1_N1	0.0840540025423	2	637	C	G
D1_N1	0.0845408569677	2	509	T	C
D1_N1	0.0847861280953	1	1209	C	T
D1_N1	0.0856684834515	1	776	A	C
D1_N1	0.0857113642038	1	1511	A	T
D1_N1	0.0859276936182	2	731	T	C
D1_N1	0.086308426351	1	174	G	A
D1_N1	0.0869658663425	1	1320	A	T
D1_N1	0.0874748911071	1	656	G	A
D1_N1	0.0880216404713	1	1281	T	C
D1_N1	0.0880608549094	1	61	C	T
D1_N1	0.0881702986755	2	846	C	T
D1_N1	0.0886061440885	2	146	G	A
D1_N1	0.0888631402598	2	298	C	T
D1_N1	0.0890181249812	1	853	T	C
D1_N1	0.089168502454	2	647	C	T
D1_N1	0.0894376479201	2	818	T	C
D1_N1	0.0906781024855	2	540	A	C
D1_N1	0.0907797141329	2	1232	C	A
D1_N1	0.0910861073583	2	459	C	G
D1_N1	0.0912454816467	2	1303	G	A
D1_N1	0.0915779640216	2	1080	T	G
D1_N1	0.091578999191	2	180	A	G
D1_N1	0.0922884609565	2	515	T	C
D1_N1	0.0923199947266	2	132	T	C
D1_N1	0.0924100719234	2	113	G	A
D1_N1	0.0925752049198	1	1363	C	T
D1_N1	0.0938659390903	2	380	C	G
D1_N1	0.0945612603988	1	743	C	T
D1_N1	0.0952188148808	2	1083	T	C
D1_N1	0.0954495947286	1	73	G	A
D1_N1	0.095624917006	2	1506	A	G
D1_N1	0.0957800997288	1	273	T	A
D1_N1	0.0960679332429	2	670	A	C
D1_N1	0.0963085008025	1	1002	A	G
D1_N1	0.096494498568	2	56	A	G
D1_N1	0.096596969325	1	1021	T	A
D1_N1	0.096620263743	1	1538	A	T
D1_N1	0.0967494115481	1	1139	T	A
D1_N1	0.0970919476767	1	431	T	C
D1_N1	0.0973375829127	1	1343	G	A
D1_N1	0.0973978912743	2	515	C	T
D1_N1	0.0974009176943	1	1528	T	A
D1_N1	0.0975570397223	2	50	G	T
D1_N1	0.0976109375713	1	1293	C	A
D1_N1	0.09822749918	1	1323	T	C
D1_N1	0.0982520922116	2	217	C	A
D1_N1	0.0982836460381	1	916	T	A
D1_N1	0.0984854782234	2	39	A	G
D1_N1	0.0985331837245	2	978	G	A
D1_N1	0.098542409743	1	407	A	G
D1_N1	0.0990953975008	2	903	G	A
D1_N1	0.0997222028242	2	230	C	T
D1_N1	0.0998756896636	1	344	G	A
D1_N1	0.0999622958625	2	519	C	A
D1_N1	0.100562206978	1	1132	T	C
D1_N1	0.100620813358	1	1154	G	T
D1_N1	0.101052465285	1	615	T	C
D1_N1	0.101108425219	2	856	C	A
D1_N1	0.101571165905	1	998	T	A
D1_N1	0.102139116315	2	1518	C	A
D1_N1	0.102167082493	1	833	A	T
D1_N1	0.102407804215	1	834	A	C
D1_N1	0.102924545856	2	187	T	C
D1_N1	0.102931126951	1	664	G	A
D1_N1	0.102970494711	2	105	C	T
D1_N1	0.103056404894	1	800	C	A
D1_N1	0.103104027612	1	1488	G	T
D1_N1	0.103293089284	2	1322	C	A
D1_N1	0.103654457871	2	1168	A	T
D1_N1	0.104620370677	1	948	G	A
D1_N1	0.104760546244	2	153	T	G
D1_N1	0.104789118686	2	1304	G	A
D1_N1	0.104797455012	1	937	T	C
D1_N1	0.105295658849	2	1572	T	G
D1_N1	0.105514103321	1	947	T	G
D1_N1	0.105575285682	2	106	A	G
D1_N1	0.105583665039	2	1129	C	T
D1_N1	0.105642032982	2	1274	T	G
D1_N1	0.105791807901	2	357	T	C
D1_N1	0.105981642917	1	1454	A	G
D1_N1	0.106138718862	2	300	C	T
D1_N1	0.106343961212	2	764	T	G
D1_N1	0.106436099722	2	762	G	C
D1_N1	0.107603829451	1	1100	T	C
D1_N1	0.107797705612	1	1445	C	T
D1_N1	0.108256773785	2	1034	G	T
D1_N1	0.108269427121	2	359	T	C
D1_N1	0.108312657168	1	361	G	A
D1_N1	0.108377070223	2	274	G	A
D1_N1	0.108704554654	1	128	C	T
D1_N1	0.109223939417	2	388	A	T
D1_N1	0.109302951053	1	1410	T	G
D1_N1	0.109524852115	2	709	C	G
D1_N1	0.109606604371	2	572	A	T
D1_N1	0.109617567325	2	86	A	T
D1_N1	0.109928860275	1	830	A	G
D1_N1	0.109963807573	2	1481	T	C
D1_N1	0.110016948641	1	1518	C	G
D1_N1	0.110322114878	1	161	G	T
D1_N1	0.11042959878	2	40	G	T
D1_N1	0.110625324321	2	453	A	G
D1_N1	0.110890575765	1	1404	T	C
D1_N1	0.11113631386	1	1014	A	T
D1_N1	0.111644311047	1	819	A	G
D1_N1	0.111668522066	1	1039	C	T
D1_N1	0.111694300683	2	1314	A	G
D1_N1	0.111780411139	1	173	G	A
D1_N1	0.112347682141	2	1378	C	A
D1_N1	0.114086123383	1	786	G	A
D1_N1	0.114311219601	1	1468	C	A
D1_N1	0.114804836922	1	1444	G	T
D1_N1	0.114934299339	2	796	T	A
D1_N1	0.115194527676	2	50	T	G
D1_N1	0.115208667623	2	279	A	G
D1_N1	0.115338696965	1	355	T	G
D1_N1	0.115495068119	1	598	A	T
D1_N1	0.115776819286	1	1568	C	A
D1_N1	0.116147078559	2	372	G	A
D1_N1	0.117148548811	1	1486	A	G
D1_N1	0.117330703931	2	829	T	A
D1_N1	0.117725066404	1	676	T	C
D1_N1	0.117727386137	1	713	C	G
D1_N1	0.118161663868	2	1437	T	G
D1_N1	0.118188447487	1	972	G	A
D1_N1	0.118745068214	2	867	G	T
D1_N1	0.118745518084	2	995	G	A
D1_N1	0.119303308405	1	1421	T	C
D1_N1	0.119810240384	2	336	C	G
D1_N1	0.120553088605	2	1474	T	C
D1_N1	0.120740734616	1	1108	G	T
D1_N1	0.121185129854	2	717	A	G
D1_N1	0.123008858751	2	1164	T	C
D1_N1	0.12330401904	2	1207	G	T
D1_N1	0.123795709104	2	277	C	A
D1_N1	0.123806807692	1	509	T	C
D1_N1	0.12414305973	2	172	C	T
D1_N1	0.12434895317	2	452	T	C
D1_N1	0.124459176296	2	25	C	T
D1_N1	0.124714190588	1	238	T	A
D1_N1	0.124880565763	2	158	C	A
D1_N1	0.125104415137	1	1577	T	A
D1_N1	0.125359031801	2	1529	G	A
D1_N1	0.12576228465	1	598	T	C
D1_N1	0.12577972235	1	328	T	C
D1_N1	0.125975238932	1	1170	G	C
D1_N1	0.125991307522	2	132	C	T
D1_N1	0.126231124897	2	447	A	G
D1_N1	0.126366608802	1	575	T	C
D1_N1	0.126439218247	1	781	C	T
D1_N1	0.127058920775	2	681	A	G
D1_N1	0.127629472385	2	1180	A	C
D1_N1	0.128058961957	1	619	G	A
D1_N1	0.128373497667	1	1011	T	G
D1_N1	0.128776505883	1	392	A	T
D1_N1	0.129302050572	2	1010	C	A
D1_N1	0.130319795922	1	123	G	A
D1_N1	0.130379032959	1	529	G	A
D1_N1	0.130686964834	1	1350	C	T
D1_N1	0.130844183899	2	1472	T	G
D1_N1	0.130926577473	2	731	C	A
D1_N1	0.131184310171	2	598	A	T
D1_N1	0.131420086761	1	1229	A	G
D1_N1	0.131457660327	1	1127	C	T
D1_N1	0.131513118967	1	378	T	A
D1_N1	0.132321645332	1	1065	T	A
D1_N1	0.132612756016	2	757	A	G
D1_N1	0.132648545256	2	1114	T	C
D1_N1	0.132783618384	1	1138	T	G
D1_N1	0.133656685426	2	116	G	C
D1_N1	0.133748123854	1	243	C	T
D1_N1	0.13381444922	1	516	T	C
D1_N1	0.135300829077	2	388	T	C
D1_N1	0.13542604869	1	830	G	A
D1_N1	0.135540435839	2	783	G	A
D1_N1	0.135836969146	2	781	C	T
D1_N1	0.136261136317	2	1471	A	G
D1_N1	0.137259778371	1	1525	C	T
D1_N1	0.137260951175	2	106	G	T
D1_N1	0.137486669882	2	295	A	C
D1_N1	0.137799881293	1	1358	T	G
D1_N1	0.138396848857	1	180	A	G
D1_N1	0.139080431178	2	594	A	C
D1_N1	0.139535530027	1	725	A	G
D1_N1	0.139690766546	1	1216	A	T
D1_N1	0.139768547554	2	245	A	G
D1_N1	0.139861780384	1	1029	G	C
D1_N1	0.140199761552	1	1027	T	G
D1_N1	0.140209198099	2	1190	A	T
D1_N1	0.14025215474	2	557	T	C
D1_N1	0.14043053779	2	740	G	A
D1_N1	0.14107659283	1	1213	G	A
D1_N1	0.141351950288	1	122	T	C
D1_N1	0.141514977738	1	1332	T	A
D1_N1	0.142323163278	1	376	T	G
D1_N1	0.142364846128	2	934	C	T
D1_N1	0.145156234183	1	1111	T	C
D1_N1	0.145411656915	1	663	T	G
D1_N1	0.145640596848	2	183	G	T
D1_N1	0.145766005059	1	271	G	A
D1_N1	0.145946394986	1	1117	C	T
D1_N1	0.146011933919	2	463	A	G
D1_N1	0.146153776861	1	853	C	T
D1_N1	0.146480100842	1	402	T	C
D1_N1	0.146571005223	1	540	A	T
D1_N1	0.146716965553	2	1457	A	G
D1_N1	0.146784333518	1	1495	A	T
D1_N1	0.14759552239	1	903	A	G
D1_N1	0.147917155252	1	178	C	T
D1_N1	0.147958032704	2	1362	G	A
D1_N1	0.147966686412	2	846	T	A
D1_N1	0.148441840277	2	452	C	A
D1_N1	0.148492227423	2	1100	T	C
D1_N1	0.149296034756	2	285	T	C
D1_N1	0.149429132769	1	36	A	T
D1_N1	0.149634230993	2	417	G	C
D1_N1	0.149654826043	1	610	A	G
D1_N1	0.15055286545	1	653	G	A
D1_N1	0.151013967775	1	948	A	G
D1_N1	0.152003726281	2	1400	G	A
D1_N1	0.152300308741	1	171	G	C
D1_N1	0.152419570254	2	449	T	G
D1_N1	0.152437639789	1	1462	T	C
D1_N1	0.15358710908	1	1076	A	C
D1_N1	0.153664836934	1	1562	C	T
D1_N1	0.153679829507	1	1263	C	T
D1_N1	0.154753804933	2	1009	A	G
D1_N1	0.154755324709	1	820	G	C
D1_N1	0.156389865738	2	745	T	A
D1_N1	0.156732725882	2	606	C	T
D1_N1	0.156790523379	2	1402	G	T
D1_N1	0.157289716069	2	1215	A	G
D1_N1	0.15758165785	2	744	T	A
D1_N1	0.157603379778	2	1528	T	A
D1_N1	0.157623885295	2	396	A	T
D1_N1	0.157839524433	1	1271	T	A
D1_N1	0.158034153682	1	1356	C	T
D1_N1	0.158093984353	2	1181	C	T
D1_N1	0.158196882997	1	521	T	G
D1_N1	0.158562653276	2	1093	A	C
D1_N1	0.158963151928	2	1204	T	A
D1_N1	0.159357446666	1	85	G	A
D1_N1	0.159393595987	2	1498	A	G
D1_N1	0.159394320217	2	361	G	A
D1_N1	0.15939980312	2	874	C	T
D1_N1	0.160219622204	2	496	C	A
D1_N1	0.160492665146	1	1079	A	T
D1_N1	0.160626234899	2	1407	G	C
D1_N1	0.160826165812	1	1248	T	C
D1_N1	0.160864845223	2	653	G	C
D1_N1	0.161055744612	2	397	A	G
D1_N1	0.16116453199	2	469	A	T
D1_N1	0.162192204757	2	605	G	A
D1_N1	0.162384532142	2	733	T	C
D1_N1	0.162384831212	2	341	A	G
D1_N1	0.162510642066	2	51	T	G
D1_N1	0.163455949431	2	855	A	G
D1_N1	0.163948942017	2	1144	A	C
D1_N1	0.164653611976	1	320	T	G
D1_N1	0.164688606471	1	1133	A	C
D1_N1	0.164872052924	1	1577	A	C
D1_N1	0.165046476457	1	413	C	T
D1_N1	0.165941536275	1	1242	C	T
D1_N1	0.166502992401	2	613	A	T
D1_N1	0.16671492893	1	139	A	G
D1_N1	0.166830171039	2	170	A	T
D1_N1	0.166871757357	2	1372	T	G
D1_N1	0.167177760159	2	305	A	C
D1_N1	0.167415070745	1	11	C	T
D1_N1	0.167871856771	2	317	A	G
D1_N1	0.167880671929	1	28	A	T
D1_N1	0.168315569102	2	720	A	C
D1_N1	0.16906398046	1	412	G	A
D1_N1	0.16934290683	1	1009	G	A
D1_N1	0.169760534865	1	1448	C	G
D1_N1	0.169818167666	1	619	A	C
D1_N1	0.169947812131	2	1076	A	G
D1_N1	0.17004948142	2	559	A	G
D1_N1	0.170432872178	1	525	T	C
D1_N1	0.170679355286	2	1245	G	A
D1_N1	0.171079547846	2	1148	A	T
D1_N1	0.171149294252	1	481	A	G
D1_N1	0.171237360172	1	682	G	C
D1_N1	0.171840066338	1	776	C	A
D1_N1	0.172167516646	2	515	T	C
D1_N1	0.172392388794	2	200	G	T
D1_N1	0.172428057283	2	703	T	C
D1_N1	0.172600546455	1	1372	T	G
D1_N1	0.173321297391	1	150	A	T
D1_N1	0.173358514611	1	1443	T	C
D1_N1	0.173967051641	2	1191	A	G
D1_N1	0.174220943508	2	148	A	T
D1_N1	0.174347863989	1	128	T	C
D1_N1	0.174535707026	2	531	C	T
D1_N1	0.174765347507	2	1130	A	T
D1_N1	0.175151570241	1	306	G	C
D1_N1	0.175202365359	1	1176	G	T
D1_N1	0.175300299556	2	788	C	G
D1_N1	0.175493399424	2	276	A	G
D1_N1	0.175750931839	1	1003	A	G
D1_N1	0.176107921797	2	742	T	C
D1_N1	0.176596459102	1	127	C	T
D1_N1	0.177042272337	2	358	C	T
D1_N1	0.177692648841	2	509	C	G
D1_N1	0.177725293655	1	1377	C	T
D1_N1	0.17864724239	2	1295	T	G
D1_N1	0.178887578985	2	34	C	A
D1_N1	0.17911278003	1	360	C	T
D1_N1	0.179173559606	1	503	C	G
D1_N1	0.179216069849	2	736	C	T
D1_N1	0.179675601982	1	711	C	A
D1_N1	0.179695138802	2	321	C	A
D1_N1	0.179820621217	2	974	A	G
D1_N1	0.180370063738	2	1010	A	C
D1_N1	0.180511691384	2	1208	C	T
D1_N1	0.182285942595	1	1073	T	A
D1_N1	0.182386400544	1	845	G	T
D1_N1	0.182413076974	1	8	A	T
D1_N1	0.182459280546	2	1553	T	G
D1_N1	0.183064053784	1	1290	G	A
D1_N1	0.183312270122	2	1125	C	T
D1_N1	0.18558244296	2	45	C	G
D1_N1	0.185617812049	1	1352	A	G
D1_N1	0.185973956785	2	180	G	T
D1_N1	0.186629247689	1	981	A	G
D1_N1	0.186704887067	1	449	T	A
D1_N1	0.186763548768	2	1241	C	T
D1_N1	0.186864523516	1	855	A	C
D1_N1	0.187287991657	1	737	T	C
D1_N1	0.187757793418	1	824	A	G
D1_N1	0.1879647425	1	242	G	A
D1_N1	0.188631336769	1	1362	A	G
D1_N1	0.188664861948	1	510	T	C
D1_N1	0.188857513937	1	891	C	T
D1_N1	0.189020578655	2	855	G	A
D1_N1	0.189278924066	2	797	C	G
D1_N1	0.189552354328	2	713	C	T
D1_N1	0.1899204055	1	763	T	C
D1_N1	0.19015106135	1	1215	G	A
D1_N1	0.190456635907	2	1297	C	A
D1_N1	0.190733692227	1	320	G	A
D1_N1	0.190760001945	2	999	T	A
D1_N1	0.190780964108	1	1455	C	G
D1_N1	0.190913655154	2	1070	C	A
D1_N1	0.190923424559	1	114	C	T
D1_N1	0.191309872952	2	938	A	T
D1_N1	0.191346742029	2	326	G	T
D1_N1	0.191403182796	1	213	T	C
D1_N1	0.191599104822	1	287	T	A
D1_N1	0.192368685515	1	751	C	A
D1_N1	0.192385254701	1	947	G	A
D1_N1	0.192548175301	1	162	G	A
D1_N1	0.192688025633	1	481	G	T
D1_N1	0.193227239995	2	1338	T	A
D1_N1	0.193927422431	1	1441	A	T
D1_N1	0.194963442464	1	1415	C	A
D1_N1	0.195460057601	1	1507	G	C
D1_N1	0.195553094749	2	403	G	A
D1_N1	0.195748349961	1	1387	A	T
D1_N1	0.195751955945	1	422	A	T
D1_N1	0.196000725869	1	721	T	A
D1_N1	0.197303619366	1	519	C	A
D1_N1	0.197456313227	1	1250	T	C
D1_N1	0.197464965727	1	704	T	C
D1_N1	0.197769045641	2	320	T	C
D1_N1	0.198304929042	2	1262	T	A
D1_N1	0.198749651641	2	312	C	G
D1_N1	0.198894841107	1	738	C	G
D1_N1	0.1989604856	1	1282	G	C
D1_N1	0.199295977682	1	789	G	A
D1_N1	0.200721015028	2	477	G	T
D1_N1	0.201527740348	2	883	T	A
D1_N1	0.201958224353	2	1346	C	T
D1_N1	0.202245264958	1	1400	G	A
D1_N1	0.202555441366	1	164	T	A
D1_N1	0.202575802433	2	68	A	C
D1_N1	0.202648177096	2	319	A	T
D1_N1	0.202954455303	1	730	C	T
D1_N1	0.203247008712	1	321	C	T
D1_N1	0.203491786463	1	966	A	C
D1_N1	0.203547655919	2	1049	C	G
D1_N1	0.203607073631	1	830	A	G
D1_N1	0.203920516636	2	260	T	C
D1_N1	0.20406311356	2	867	T	C
D1_N1	0.204520976238	1	21	A	G
D1_N1	0.204562835812	1	720	A	T
D1_N1	0.204628937897	1	401	A	G
D1_N1	0.204729088144	1	992	G	A
D1_N1	0.204778617779	2	490	G	C
D1_N1	0.204913606041	2	1476	T	A
D1_N1	0.205351232791	1	1449	C	T
D1_N1	0.206426868832	1	1433	T	C
D1_N1	0.20660700806	1	1351	T	C
D1_N1	0.206834867939	2	1169	C	A
D1_N1	0.207790048101	2	644	A	G
D1_N1	0.207881584888	1	540	T	G
D1_N1	0.208039002224	2	597	C	T
D1_N1	0.208121656534	2	1004	A	C
D1_N1	0.208154227626	2	667	T	C
D1_N1	0.208309569921	1	114	T	C
D1_N1	0.208623262379	1	200	G	T
D1_N1	0.209402900046	2	1315	T	A
D1_N1	0.209847177403	2	905	G	C
D1_N1	0.21009322255	2	298	T	C
D1_N1	0.210398248871	2	61	C	T
D1_N1	0.210734238419	2	663	T	G
D1_N1	0.210743564484	2	630	T	A
D1_N1	0.210774998518	1	135	A	T
D1_N1	0.210939716255	1	870	A	T
D1_N1	0.211351122469	2	1143	C	G
D1_N1	0.211537003424	1	1302	A	G
D1_N1	0.211894358312	2	1240	T	C
D1_N1	0.212727877556	1	1150	C	G
D1_N1	0.213437943197	1	1384	T	A
D1_N1	0.213608150325	2	1219	T	C
D1_N1	0.214485406367	1	971	A	G
D1_N1	0.215453526881	1	805	T	G
D1_N1	0.215745147488	1	1044	A	G
D1_N1	0.215763112367	2	424	C	T
D1_N1	0.215921478033	2	1352	A	C
D1_N1	0.216361991952	1	464	C	A
D1_N1	0.216524269113	1	723	T	A
D1_N1	0.216950427414	2	871	G	A
D1_N1	0.218487692549	1	797	C	T
D1_N1	0.218652123923	2	327	T	A
D1_N1	0.219556487354	2	845	G	C
D1_N1	0.219915173259	2	1435	A	C
D1_N1	0.220080262575	1	1297	C	T
D1_N1	0.220214851981	2	245	G	T
D1_N1	0.220374642157	1	937	C	A
D1_N1	0.220636657074	1	916	A	C
D1_N1	0.220719442396	2	719	G	A
D1_N1	0.220866018913	1	1403	C	G
D1_N1	0.221284099477	2	1277	T	C
D1_N1	0.221799279873	2	926	G	T
D1_N1	0.221971288088	2	1516	T	C
D1_N1	0.221990294679	2	242	G	T
D1_N1	0.222528935847	2	893	T	C
D1_N1	0.222815906046	2	188	C	G
D1_N1	0.223207075469	1	1143	C	A
D1_N1	0.223268592537	2	182	T	C
D1_N1	0.223932507126	2	1309	G	A
D1_N1	0.224023957505	2	904	C	T
D1_N1	0.224343550911	1	649	C	G
D1_N1	0.225005917717	1	65	C	T
D1_N1	0.225703555069	1	259	T	A
D1_N1	0.225742149292	1	1162	A	C
D1_N1	0.225916787446	1	22	C	T
D1_N1	0.226208403067	1	1164	T	C
D1_N1	0.226221753404	2	114	C	T
D1_N1	0.226249261543	2	608	G	A
D1_N1	0.226525483642	1	778	C	A
D1_N1	0.226745019232	1	234	C	A
D1_N1	0.227085991149	1	680	G	T
D1_N1	0.227460110549	2	217	A	G
D1_N1	0.227488093464	1	146	A	T
D1_N1	0.227606410742	2	1137	A	C
D1_N1	0.227615356142	1	734	C	T
D1_N1	0.227677059379	2	1307	A	T
D1_N1	0.228138266532	2	496	A	G
D1_N1	0.228483980612	2	1195	T	A
D1_N1	0.228701697602	1	835	C	T
D1_N1	0.22905863843	1	96	G	T
D1_N1	0.22913599597	2	1562	G	T
D1_N1	0.229152135278	2	506	T	C
D1_N1	0.229285140167	2	263	G	A
D1_N1	0.229929827619	1	1003	G	T
D1_N1	0.230309765333	2	1246	G	A
D1_N1	0.230642110966	1	1120	T	C
D1_N1	0.231862186946	2	149	G	A
D1_N1	0.232351015383	2	50	G	A
D1_N1	0.232955475739	2	934	T	C
N1_N2	2.9333786415e-05	2	1551	C	T
N1_N2	6.77000332336e-05	2	319	T	C
N1_N2	0.000291049229267	1	608	G	A
N1_N2	0.000762976729414	1	466	T	G
N1_N2	0.000979367551732	2	1038	T	A
N1_N2	0.00105536052886	2	1398	C	A
N1_N2	0.00120244298164	1	1020	A	G
N1_N2	0.00155265633271	2	836	C	A
N1_N2	0.00172763953216	1	987	G	C
N1_N2	0.0020499786813	2	909	A	C
N1_N2	0.00212377603761	1	1168	T	A
N1_N2	0.00229148698011	1	107	G	A
N1_N2	0.00240479384661	1	1266	A	G
N1_N2	0.0024470191261	2	1177	T	C
N1_N2	0.00266040907244	2	284	C	T
N1_N2	0.00278574401609	1	954	T	C
N1_N2	0.00286731185618	1	1286	G	T
N1_N2	0.00312734456115	1	26	T	A
N1_N2	0.00322280678562	1	1000	C	A
N1_N2	0.00353250307539	1	490	G	A
N1_N2	0.00395275823959	1	1229	G	A
N1_N2	0.00435373525963	2	272	T	C
N1_N2	0.00441654891294	2	50	A	G
N1_N2	0.00472059824711	2	596	G	A
N1_N2	0.00497911592141	2	464	C	T
N1_N2	0.00508523191668	1	737	C	T
N1_N2	0.00520776372467	2	635	A	G
N1_N2	0.00523914263308	1	1023	T	C
N1_N2	0.00585569755951	1	1212	A	C
N1_N2	0.00603147788824	2	1172	A	T
N1_N2	0.00683188091324	1	706	G	T
N1_N2	0.00691223982325	2	1249	T	C
N1_N2	0.00710529010218	2	461	G	A
N1_N2	0.00730599818315	1	253	T	A
N1_N2	0.00758229175616	2	448	A	G
N1_N2	0.00795356254105	2	1040	G	A
N1_N2	0.00820840401746	2	1327	T	C
N1_N2	0.00830788522298	1	750	G	T
N1_N2	0.00856665066985	2	1019	A	C
N1_N2	0.00876413137602	2	357	C	G
N1_N2	0.00928028613926	2	509	G	T
N1_N2	0.00940824491455	2	279	G	T
N1_N2	0.00945066538133	2	1511	A	T
N1_N2	0.00954183226753	1	1384	A	T
N1_N2	0.0100335758289	2	104	C	T
N1_N2	0.0100583095792	2	1117	C	G
N1_N2	0.0102242882914	2	1196	C	T
N1_N2	0.0102546595639	1	1162	C	A
N1_N2	0.0104657421061	1	303	C	G
N1_N2	0.010646727127	1	323	A	C
N1_N2	0.0107792250915	1	1274	G	C
N1_N2	0.0111958427692	1	1144	C	T
N1_N2	0.0114556400264	1	300	C	T
N1_N2	0.0115186886706	2	885	T	C
N1_N2	0.0116119456352	1	1060	G	C
N1_N2	0.0122579901017	2	982	T	C
N1_N2	0.012621635824	2	1222	A	T
N1_N2	0.0131242319047	1	1164	C	T
N1_N2	0.0136056488836	2	682	G	A
N1_N2	0.0141816452129	2	1339	C	G
N1_N2	0.0148387146151	1	909	A	G
N1_N2	0.0149215992753	1	125	G	T
N1_N2	0.0156446434039	2	108	T	G
N2_N3	1.68907096127e-06	2	1187	G	A
N2_N3	0.000113638066923	2	1098	G	A
N2_N3	0.000253027943337	2	873	A	G
N2_N3	0.000436052481836	1	314	C	T
N2_N3	0.00140796557721	2	630	A	T
N2_N3	0.00153841639923	2	1386	T	A
N2_N3	0.00169495779275	2	1417	T	A
N2_N3	0.00190721324403	1	1023	C	G
N2_N3	0.00233356824702	2	848	T	A
N2_N3	0.00258572211325	2	545	T	A
N2_N3	0.00277597663868	1	718	G	A
N2_N3	0.00291364975082	1	337	T	A
N2_N3	0.00303687245351	1	784	T	G
N2_N3	0.00314040844725	2	222	A	T
N2_N3	0.00375213034784	1	1325	T	A
N2_N3	0.0038426704306	2	1153	A	T
N2_N3	0.00540680529576	2	1259	G	A
N2_N3	0.00558037589045	2	1146	A	T
N2_N3	0.00600785797135	1	242	A	G
N2_N3	0.00651358813099	1	917	A	C
N2_N3	0.00676129273062	2	1108	G	A
N3_N4	4.63733975209e-05	1	1327	T	A
N3_N4	0.000385826418377	2	736	T	C
N3_N4	0.000905275088169	2	1135	T	C
N3_N4	0.000960286435102	1	1238	A	T
N3_N4	0.00108432001875	2	1074	T	C
N3_N4	0.00191820531125	1	700	T	C
N3_N4	0.00209594580608	2	1211	C	T
N3_N4	0.0024204239863	2	1131	G	T
N3_N4	0.00292378434112	1	627	T	G
N3_N4	0.00353696027941	1	1076	C	A
N3_N4	0.00458171521772	1	692	C	A
N3_N4	0.00507956342767	1	988	G	A
N3_N4	0.00527342868094	1	89	A	T
N3_N4	0.00645821477556	1	832	A	C
N3_N4	0.0067481499724	1	525	C	A
N3_N4	0.00701372759551	2	1163	A	T
N3_N4	0.00793812882786	2	744	A	T
N4_Human	0.00071133851758	1	975	T	A
N4_Human	0.000863554592195	1	1473	T	C
N4_Human	0.000936076238016	2	732	C	G
N4_Human	0.000955484496921	1	1481	T	C
N4_Human	0.0013198549295	1	739	G	A
N4_Human	0.00145931956475	2	1513	C	G
N4_Human	0.00152858334663	2	264	G	A
N4_Human	0.00158925908454	1	1492	C	T
N4_Human	0.00197961662415	1	675	G	A
N4_Human	0.00206459056044	2	676	T	A
N4_Human	0.00235648640529	2	504	T	C
N4_Human	0.00264161926296	2	1495	T	C
N4_Human	0.00264194969546	1	643	T	A
N4_Human	0.00293457661689	1	640	T	C
N4_Human	0.00317430096387	1	419	A	T
N4_Human	0.0035631461756	2	657	A	G
N4_Human	0.00408739357188	2	1265	C	T
N4_Human	0.00418752073394	2	1204	A	C
N4_Human	0.00497789481659	1	263	G	A
N4_Human	0.00510797631297	1	545	T	G
N4_Human	0.00513116733324	2	675	G	A
N4_Human	0.00561915341522	1	1234	G	A
N4_Human	0.00594380625653	1	145	T	G
N4_Human	0.00640028356978	2	463	G	C
N4_Human	0.00725514171129	2	578	C	A
N4_Human	0.00737608599319	2	1001	A	T
N4_Human	0.0075103573461	2	53	C	T
N4_Human	0.00807017983305	1	199	C	T
N4_Human	0.00839543254929	1	1302	G	T
N4_Human	0.00916183434556	1	1048	A	G
N4_Human	0.00936102385878	1	1021	A	T
N4_Human	0.00943734239194	1	648	G	A
N4_Human	0.00954789119171	2	968	A	T
N4_Human	0.00964784533649	2	1190	T	G
N4_Human	0.00981129827816	1	128	C	T
N4_Human	0.0100503296686	1	666	A	T
N4_Chimp	0.000374056764659	2	1356	C	G
N4_Chimp	0.00039364339727	2	648	G	A
N4_Chimp	0.000505826421736	1	234	A	G
N4_Chimp	0.000722252509107	2	101	A	T
N4_Chimp	0.000859300363447	2	338	C	T
N4_Chimp	0.000927253389264	2	1173	A	G
N4_Chimp	0.000943060184391	1	524	G	T
N4_Chimp	0.00148416240472	1	409	T	A
N4_Chimp	0.00266447621617	1	330	G	T
N4_Chimp	0.00316561230971	1	1453	C	T
N4_Chimp	0.00317493078759	1	1018	G	A
N4_Chimp	0.0034321267164	2	1089	A	G
N4_Chimp	0.00347894480389	2	1212	A	G
N4_Chimp	0.00377656605346	2	836	A	T
N4_Chimp	0.00396029766077	2	1346	T	C
N4_Chimp	0.00422742571889	2	526	T	G
N4_Chimp	0.00454222130553	2	264	G	A
N4_Chimp	0.00513185670017	1	1334	A	G
N4_Chimp	0.00564439801212	1	129	T	G
N4_Chimp	0.0058383193746	1	1061	A	G
N4_Chimp	0.00594142649095	2	23	T	G
N4_Chimp	0.00624473380755	2	1141	C	T
N4_Chimp	0.00657441484958	2	779	T	A
N4_Chimp	0.00675022719657	1	1149	G	A
N4_Chimp	0.0067819657985	1	576	T	A
N4_Chimp	0.00845201131722	1	1352	G	A
N4_Chimp	0.00887904688247	2	63	A	T
N4_Chimp	0.00905865197149	2	502	A	T
N4_Chimp	0.00945092995569	2	706	G	A
N4_Chimp	0.00951413190534	1	1408	C	T
N4_Chimp	0.00981905763338	2	1346	C	A
N4_Chimp	0.00986011257539	2	1554	A	G
N4_Chimp	0.0101458797415	2	1100	C	T
N4_Chimp	0.0104113948762	2	507	A	T
N4_Chimp	0.0111854947746	2	1243	C	T
N4_Chimp	0.0111907776776	1	414	A	T
N3_Goril	0.000284249579292	2	308	G	A
N3_Goril	0.00039801590241	1	1280	A	G
N3_Goril	0.000421971393968	1	1169	C	T
N3_Goril	0.00115066981719	2	424	T	C
N3_Goril	0.0016506986581	2	636	T	C
N3_Goril	0.00218288846888	2	306	C	G
N3_Goril	0.00237216906443	1	668	T	G
N3_Goril	0.00246103852486	2	474	A	G
N3_Goril	0.00280564186007	2	341	G	T
N3_Goril	0.00289440121786	2	872	T	G
N3_Goril	0.00296231814754	1	919	A	T
N3_Goril	0.0032017637907	1	479	A	T
N3_Goril	0.00331246492693	2	763	C	A
N3_Goril	0.00408916540801	1	1161	C	G
N3_Goril	0.00440636630749	1	519	A	G
N3_Goril	0.00508766350467	2	1344	G	A
N3_Goril	0.00511037323622	1	736	C	T
N3_Goril	0.00555285021353	2	106	T	G
N3_Goril	0.00605241809293	1	548	G	T
N3_Goril	0.00708350459034	1	308	G	A
N3_Goril	0.00725371235706	2	359	C	G
N3_Goril	0.00742073057559	1	926	G	T
N3_Goril	0.00750665841507	1	635	A	C
N3_Goril	0.00762014117091	2	1105	C	T
N3_Goril	0.00769874798122	1	1101	A	G
N3_Goril	0.00815686792075	2	313	A	T
N3_Goril	0.0091481192319	1	1119	T	A
N3_Goril	0.00925574388755	1	608	A	T
N3_Goril	0.00954201817114	1	566	A	G
N3_Goril	0.00966142728727	2	1192	T	A
N3_Goril	0.0105328526364	1	1098	G	A
N3_Goril	0.0105937608708	1	524	G	C
N3_Goril	0.0112295096889	1	989	C	A
N3_Goril	0.0119785958981	1	1009	A	G
N3_Goril	0.0120840430599	2	1222	T	C
N3_Goril	0.0125192556912	2	1213	G	T
N3_Goril	0.01285830409	2	236	G	A
N3_Goril	0.0138014580131	2	958	C	T
N3_Goril	0.0138073572263	1	198	C	G
N3_Goril	0.013886628789	1	414	A	G
N3_Goril	0.014101196397	1	1496	T	A
N3_Goril	0.0142084461674	2	832	A	G
N3_Goril	0.0143483958751	2	362	T	G
N3_Goril	0.0144212706609	2	96	G	A
N3_Goril	0.0146436777412	2	161	G	A
N3_Goril	0.0151400434927	1	800	A	G
N3_Goril	0.0151756538074	1	482	A	G
N3_Goril	0.0151822175497	2	157	T	C
N3_Goril	0.015609861917	1	298	T	C
N3_Goril	0.0164724525565	1	363	T	A
N3_Goril	0.0166397588353	1	1073	A	T
N3_Goril	0.0169499366703	1	268	C	A
N3_Goril	0.017133602078	1	907	G	A
N3_Goril	0.0174686118423	1	446	G	A
N3_Goril	0.0180558278134	2	1302	A	T
N3_Goril	0.0185926325502	1	58	T	C
N3_Goril	0.0186538679128	2	1202	G	A
N2_Orang	4.77771019076e-05	2	889	G	A
N2_Orang	0.000451941579402	2	172	T	C
N2_Orang	0.000537416915604	2	118	A	C
N2_Orang	0.000858626273301	2	689	A	G
N2_Orang	0.000895255178776	2	330	A	G
N2_Orang	0.00205881545632	2	500	T	G
N2_Orang	0.00264917091007	2	255	T	A
N2_Orang	0.00269301022416	2	856	A	G
N2_Orang	0.00337701388846	2	1035	T	A
N2_Orang	0.00345350703152	1	1415	A	G
N2_Orang	0.00356843392758	2	485	A	G
N2_Orang	0.00390620394014	2	799	C	A
N2_Orang	0.00397929676618	1	1570	C	A
N2_Orang	0.00426384120439	2	944	C	G
N2_Orang	0.00454965949219	2	438	A	T
N2_Orang	0.00459660003511	2	1236	G	T
N2_Orang	0.00482685688594	2	406	G	A
N2_Orang	0.00504446273765	1	427	A	G
N2_Orang	0.00519468319855	2	813	G	C
N2_Orang	0.00549835295457	2	1535	T	C
N2_Orang	0.00578379640308	1	931	G	T
N2_Orang	0.00598596989224	2	1508	T	G
N2_Orang	0.00612484923148	2	362	T	C
N2_Orang	0.00619348732898	1	99	C	G
N2_Orang	0.00651403245245	2	636	T	C
N2_Orang	0.00723552343873	2	25	T	G
N2_Orang	0.00724184314799	2	452	A	T
N2_Orang	0.00724996228751	1	1031	G	A
N2_Orang	0.00742482948632	2	904	T	G
N2_Orang	0.00742748640935	2	1573	G	A
N2_Orang	0.00764489150858	1	1006	A	G
N2_Orang	0.00851044841716	1	1465	C	T
N2_Orang	0.0102293163116	2	1553	G	A
N2_Orang	0.0109346310645	2	1546	T	C
N2_Orang	0.0109805155669	1	601	G	T
N2_Orang	0.0110210406499	2	838	T	C
N2_Orang	0.011049757485	1	911	A	C
N2_Orang	0.0112171169596	2	144	C	T
N2_Orang	0.0115980138075	2	898	T	C
N2_Orang	0.0117849073642	1	101	A	G
N2_Orang	0.0119224901854	1	452	T	C
N2_Orang	0.0120034683194	2	1267	C	T
N2_Orang	0.0120718317293	2	914	G	A
N2_Orang	0.0123898685135	1	342	G	T
N2_Orang	0.0128592580168	2	1474	C	A
N2_Orang	0.0130265567812	2	1123	A	C
N2_Orang	0.013310647783	2	692	C	A
N2_Orang	0.0133631477289	2	707	T	A
N2_Orang	0.0138711385287	1	893	T	G
N2_Orang	0.0144934800949	1	1508	T	C
N2_Orang	0.014703635399	2	834	A	T
N2_Orang	0.0153721665399	2	349	T	C
N2_Orang	0.0157429201075	2	1323	T	G
N2_Orang	0.015982356319	1	968	A	T
N2_Orang	0.0160593321398	2	926	T	G
N2_Orang	0.0163236795934	1	409	T	C
N2_Orang	0.0165779456198	1	1578	T	A
N2_Orang	0.017401442551	1	764	C	T
N2_Orang	0.0179001817289	2	22	C	A
N2_Orang	0.0182407688619	1	289	A	G
N2_Orang	0.0184159974961	1	938	A	C
N1_Macaq	7.37637423116e-05	1	962	C	T
N1_Macaq	7.89957422894e-05	1	548	G	C
N1_Macaq	0.000534840839183	1	1501	C	T
N1_Macaq	0.000553480524162	2	176	G	C
N1_Macaq	0.00140320050372	1	525	C	T
N1_Macaq	0.00169056652723	1	1299	G	C
N1_Macaq	0.00170464701133	2	675	G	C
N1_Macaq	0.00187380152953	1	1323	C	T
N1_Macaq	0.00203410765401	2	565	A	C
N1_Macaq	0.0023580213638	1	1377	T	G
N1_Macaq	0.00279396723936	2	1114	C	A
N1_Macaq	0.00299388651603	2	623	C	T
N1_Macaq	0.00313018731387	1	1304	G	C
N1_Macaq	0.0034592711191	2	735	T	A
N1_Macaq	0.00354686667709	2	733	C	A
N1_Macaq	0.00360009200981	1	913	G	T
N1_Macaq	0.00374840812449	1	60	T	A
N1_Macaq	0.00396609279257	2	628	G	A
N1_Macaq	0.00398000124473	1	1387	T	A
N1_Macaq	0.00445495670615	2	805	T	C
N1_Macaq	0.00493069234106	2	928	G	A
N1_Macaq	0.00513287078609	2	72	C	T
N1_Macaq	0.00527046284904	2	175	C	A
N1_Macaq	0.00550109965785	2	909	A	T
N1_Macaq	0.00617982572444	1	1075	A	T
N1_Macaq	0.00677209652467	2	990	G	A
N1_Macaq	0.00686602373937	2	220	A	T
N1_Macaq	0.00735962885319	1	313	A	T
N1_Macaq	0.00736780864275	1	1283	T	A
N1_Macaq	0.00767996933908	1	995	G	C
N1_Macaq	0.00771559944356	2	618	T	A
N1_Macaq	0.00822716708384	1	1477	C	G
N1_Macaq	0.00881177035275	2	667	C	T
N1_Macaq	0.0089589450203	2	153	G	T
N1_Macaq	0.00983387258345	2	1437	G	C
N1_Macaq	0.0104792977859	1	81	T	A
N1_Macaq	0.0105470590638	2	176	C	T
N1_Macaq	0.010953065555	2	520	C	T
N1_Macaq	0.0111708309984	1	1311	A	G
N1_Macaq	0.0111773237505	1	1289	T	C
N1_Macaq	0.0114623644343	1	444	G	A
N1_Macaq	0.0118620199948	2	1574	A	C
N1_Macaq	0.0120159692285	2	607	A	T
N1_Macaq	0.0126663964458	2	320	C	A
N1_Macaq	0.012817261993	2	942	C	A
N1_Macaq	0.0134221510306	2	402	T	A
N1_Macaq	0.0135457833442	1	107	G	C
N1_Macaq	0.0138466755041	1	243	T	G
N1_Macaq	0.0140379826431	2	1098	G	A
N1_Macaq	0.0148641242848	2	588	A	G
N1_Macaq	0.0161491383343	2	1400	A	G
N1_Macaq	0.0163518739014	1	58	T	A
N1_Macaq	0.0164980780299	1	718	G	T
N1_Macaq	0.0170014322409	2	1576	G	A
N1_Macaq	0.017097023779	2	1280	A	C
N1_Macaq	0.0172510739881	1	1216	T	G
N1_Macaq	0.0173394936683	2	787	T	C
N1_Macaq	0.0174064814445	1	335	T	G
N1_Macaq	0.0175082932556	1	1154	T	C
N1_Macaq	0.0186963873003	1	640	T	A
N1_Macaq	0.0187480001095	2	1288	G	C
N1_Macaq	0.0189918676138	1	452	T	C
N1_Macaq	0.0190604374077	2	43	G	T
N1_Macaq	0.0191678292569	1	780	G	A
N1_Macaq	0.0197386378835	2	1042	C	T
N1_Macaq	0.0197660939112	2	1160	T	C
N1_Macaq	0.0199612640355	1	661	A	G
N1_Macaq	0.0201140732033	2	142	A	G
N1_Macaq	0.0201199848104	2	1101	A	C
N1_Macaq	0.020462032208	1	1269	G	A
N1_Macaq	0.0215978307823	1	19	T	C
N1_Macaq	0.0224255354087	1	1506	A	T
N1_Macaq	0.0224545399074	2	803	T	G
N1_Macaq	0.0224654035052	2	39	G	A
N1_Macaq	0.0227580487507	1	132	T	A
N1_Macaq	0.0231899190534	2	1431	T	C
N1_Macaq	0.0235952157564	2	326	T	G
N1_Macaq	0.0239795172031	2	1273	T	A
N1_Macaq	0.0242029769146	2	578	C	T
N1_Macaq	0.0243059400025	1	404	T	A
N1_Macaq	0.0243800490987	2	101	A	T
N1_Macaq	0.0249239519123	2	737	T	C
N1_Macaq	0.0251139249601	2	89	A	C
N1_Macaq	0.0257380541496	2	859	A	T
N1_Macaq	0.0260326802839	2	1170	G	T
N1_Macaq	0.0264236348845	1	1057	T	C
N1_Macaq	0.0267519651664	1	296	T	G
N1_Macaq	0.0267605190789	1	1180	T	C
N1_Macaq	0.0269405850647	1	1132	C	T
N1_Macaq	0.0272314128165	2	1523	C	A
N1_Macaq	0.027478546214	2	1336	A	T
N1_Macaq	0.0275362170705	2	259	T	C
N1_Macaq	0.0278353188784	2	572	T	A
N1_Macaq	0.0286611879629	1	1370	A	G
N1_Macaq	0.0287402469658	2	639	T	A
N1_Macaq	0.0293459272263	1	1328	A	C
N1_Macaq	0.0299354216597	2	1195	A	C
N1_Macaq	0.031010143969	1	1003	T	C
N1_Macaq	0.0314031332851	1	1105	C	A
N1_Macaq	0.0314344697927	1	835	T	G
N1_Macaq	0.0322806832172	2	713	T	C
N1_Macaq	0.0324791926858	1	1300	C	T
N1_Macaq	0.0328418047581	1	771	C	T
N1_Macaq	0.0332455897209	1	866	C	T
N1_Macaq	0.0338329273632	2	999	A	T
N1_Macaq	0.0339219007633	2	1438	G	T
N1_Macaq	0.0343668979057	2	1508	T	C
N1_Macaq	0.0347453650931	2	1397	T	G
N1_Macaq	0.0350119247203	2	1374	C	T
N1_Macaq	0.0353436049194	2	963	G	A
N1_Macaq	0.0353891918811	1	68	A	T
N1_Macaq	0.0358916492904	2	1209	C	T
N1_Macaq	0.0361589626756	2	1236	G	C
N1_Macaq	0.0362001965322	2	1066	T	A
N1_Macaq	0.0367700456529	2	310	C	G
N1_Macaq	0.0369920322537	2	958	C	A
N1_Macaq	0.0372944061973	1	443	G	T
N1_Macaq	0.0374452197931	2	490	C	A
N1_Macaq	0.0375503117789	1	243	G	C
N1_Macaq	0.0375920858113	2	738	C	T
N1_Macaq	0.0376827854121	2	1476	A	G
N1_Macaq	0.0381367230449	2	1153	A	G
N1_Macaq	0.038643237561	1	29	A	C
N1_Macaq	0.0387146540234	1	1401	G	A
N1_Macaq	0.0387303169919	1	119	A	G
N1_Macaq	0.0398590200216	2	1552	C	G
N1_Macaq	0.0398763532029	2	169	T	A
N1_Macaq	0.0403769744333	2	886	T	C
N1_Macaq	0.0403858794589	1	44	G	T
N1_Macaq	0.040612679235	2	1104	T	C
N1_Macaq	0.0407623389444	1	964	T	A
N1_Macaq	0.0407787619552	1	125	G	A
N1_Macaq	0.0408664045862	1	425	G	T
N1_Macaq	0.0410040259345	1	11	T	A
N1_Macaq	0.0412252334253	2	179	A	T
N1_Macaq	0.041396009082	1	1124	G	C
N1_Macaq	0.0417394413935	1	186	C	T
N1_Macaq	0.0420672326741	1	717	A	C
N1_Macaq	0.0422367880513	2	506	C	A
N1_Macaq	0.0423183764503	1	1279	C	T
N1_Macaq	0.0428578406201	1	878	A	T
N1_Macaq	0.0429587635456	1	1396	A	C
N1_Macaq	0.0432749633227	1	332	C	T
N1_Macaq	0.0432945721035	1	1412	T	A
N1_Macaq	0.0434000228139	1	1403	G	A
N1_Macaq	0.0436292748605	1	332	T	C
N1_Macaq	0.0437609744395	1	181	C	T
N0_Mouse	0.0018134111402	0	1377	C	T
N0_Mouse	0.00184631878063	0	29	A	G
N0_Mouse	0.00358565567395	0	188	C	A
N0_Mouse	0.0042688199043	0	199	C	T
N0_Mouse	0.00572032678067	0	1408	C	A
N0_Mouse	0.00577526118677	0	802	T	C
N0_Mouse	0.00661066608113	0	279	A	G
N0_Mouse	0.00669641385449	0	1179	T	C
N0_Mouse	0.00699744630611	0	717	A	T
N0_Mouse	0.00716290824435	0	1378	C	T
N0_Mouse	0.00743339333786	0	1445	C	A
N0_Mouse	0.00897324006379	0	352	G	T
N0_Mouse	0.00967195794571	0	1356	C	T
N0_Mouse	0.00969023556136	0	720	A	G
N0_Mouse	0.0110103588571	0	1085	T	C
N0_Mouse	0.012202575331	0	661	A	C
N0_Mouse	0.0146612036715	0	1345	A	G
N0_Mouse	0.0154010579438	0	910	C	T
N0_Mouse	0.0156952903294	0	285	T	C
N0_Mouse	0.0157651191811	0	567	C	G
N0_Mouse	0.0158213202622	0	878	A	C
N0_Mouse	0.0163522037114	0	531	C	G
N0_Mouse	0.0167945116376	0	765	T	C
N0_Mouse	0.0176697795523	0	145	T	C
N0_Mouse	0.017934142518	0	1511	A	T
N0_Mouse	0.0193716454761	0	232	C	G
N0_Mouse	0.0206249539607	0	640	T	G
N0_Mouse	0.020856974333	0	510	A	G
N0_Mouse	0.0211072683352	0	124	C	T
N0_Mouse	0.0220589137721	0	1520	C	T
N0_Mouse	0.022675369107	0	415	A	T
N0_Mouse	0.0237693167607	0	763	C	T
N0_Mouse	0.0264423715002	0	876	G	A
N0_Mouse	0.0273872903779	0	14	T	C
N0_Mouse	0.0280483080757	0	247	T	G
N0_Mouse	0.0297657355284	0	1541	T	C
N0_Mouse	0.0309213504383	0	1467	C	T
N0_Mouse	0.032342295413	0	113	G	C
N0_Mouse	0.0328943319008	0	1065	T	C
N0_Mouse	0.0331059915013	0	1173	A	G
N0_Mouse	0.0349925909557	0	375	T	G
N0_Mouse	0.0353282401035	0	270	T	A
N0_Mouse	0.0355838911361	0	1440	T	C
N0_Mouse	0.0366504819946	0	1490	T	A
N0_Mouse	0.036837415283	0	471	A	T
N0_Mouse	0.0379009865302	0	1287	C	T
N0_Mouse	0.0387742743363	0	637	C	A
N0_Mouse	0.0394436477122	0	1016	C	G
N0_Mouse	0.0400951162192	0	400	T	A
N0_Mouse	0.0407769122967	0	999	T	A
N0_Mouse	0.0410211397527	0	816	C	A
N0_Mouse	0.0417863489831	0	1227	A	C
N0_Mouse	0.0422595163568	0	859	A	G
N0_Mouse	0.0424647682182	0	28	A	C
N0_Mouse	0.0436066315078	0	24	T	C
N0_Mouse	0.0436826517425	0	979	A	T
N0_Mouse	0.0439406815008	0	1245	G	T
N0_Mouse	0.0449485496293	0	508	T	A
N0_Mouse	0.045671801594	0	632	A	T
N0_Mouse	0.0459084469517	0	1147	A	G
N0_Mouse	0.04707696123	0	356	A	G
N0_Mouse	0.0476213081018	0	1468	T	A
N0_Mouse	0.0477727098008	0	1094	A	T
N0_Mouse	0.0482906774098	0	920	A	G
N0_Mouse	0.0492987189654	0	1473	T	C
N0_Mouse	0.0498466482316	0	989	C	G
N0_Mouse	0.0501984752301	0	790	C	G
N0_Mouse	0.0506811310453	0	1090	A	T
N0_Mouse	0.0510263775095	0	1308	G	T
N0_Mouse	0.0519575863771	0	789	G	C
N0_Mouse	0.0522723084609	0	483	T	G
N0_Mouse	0.0524278589937	0	1451	A	G
N0_Mouse	0.0528782484631	0	608	G	A
N0_Mouse	0.0534847287258	0	1480	C	A
N0_Mouse	0.0535174362425	0	219	T	C
N0_Mouse	0.0542220295376	0	296	T	C
N0_Mouse	0.0544861207188	0	655	T	C
N0_Mouse	0.0549791167231	0	464	C	T
N0_Mouse	0.0550461762144	0	976	A	C
N0_Mouse	0.055068966675	0	630	T	C
N0_Mouse	0.0551140381576	0	67	G	T
N0_Mouse	0.0566815909515	0	861	C	T
N0_Mouse	0.0569704235586	0	588	A	G
N0_Mouse	0.0581097039654	0	216	T	C
N0_Mouse	0.0581665578181	0	252	G	A
N0_Mouse	0.0597763527016	0	1087	T	A
N0_Mouse	0.0600656470626	0	1012	T	G
N0_Mouse	0.0602928067495	0	388	A	T
N0_Mouse	0.0605191193391	0	716	A	G
N0_Mouse	0.0615138060479	0	673	A	T
N0_Mouse	0.063163972638	0	278	G	A
N0_Mouse	0.0634444549176	0	1141	C	T
N0_Mouse	0.0637071363094	0	1473	C	T
N0_Mouse	0.0650885679391	0	207	T	C
N0_Mouse	0.0666281735309	0	1273	T	C
N0_Mouse	0.0666521092233	0	1571	T	A
N0_Mouse	0.0682345973964	0	79	A	G
N0_Mouse	0.068691757264	0	542	T	C
N0_Mouse	0.0689290500674	0	1487	G	A
N0_Mouse	0.0692555182137	0	804	G	A
N0_Mouse	0.0703435484906	0	64	T	A
N0_Mouse	0.0751443715319	0	930	C	T
N0_Mouse	0.076102104506	0	1429	A	G
N0_Mouse	0.0761335947576	0	133	C	T
N0_Mouse	0.0776210017766	0	1452	A	G
N0_Mouse	0.0776773836137	0	881	T	C
N0_Mouse	0.0780812482773	0	376	T	C
N0_Mouse	0.0786572096515	0	551	G	T
N0_Mouse	0.078907977897	0	778	C	G
N0_Mouse	0.0793399542764	0	1575	T	C
N0_Mouse	0.0796243496956	0	124	T	G
N0_Mouse	0.0796269465825	0	1473	T	G
N0_Mouse	0.0800634670494	0	40	G	A
N0_Mouse	0.0818172623702	0	311	G	T
N0_Mouse	0.0820126765588	0	998	T	C
N0_Mouse	0.0828621377287	0	1318	A	T
N0_Mouse	0.0834382201565	0	883	T	C
N0_Mouse	0.086248943436	0	1127	T	C
N0_Mouse	0.0870547860341	0	307	C	T
N0_Mouse	0.0874894579217	0	1079	A	G
N0_Mouse	0.0877080913507	0	1052	G	T
N0_Mouse	0.0888739077943	0	458	A	T
N0_Mouse	0.0891843932503	0	746	G	A
N0_Mouse	0.0894193575499	0	334	T	G
N0_Mouse	0.0894691964218	0	624	C	T
N0_Mouse	0.0901604450989	0	108	T	C
N0_Mouse	0.0915008901692	0	577	C	T
N0_Mouse	0.0915757010064	0	705	G	A
N0_Mouse	0.0916112552474	0	1395	T	C
N0_Mouse	0.0917196630695	0	86	A	C
N0_Mouse	0.0923903789561	0	888	T	A
N0_Mouse	0.0928739236777	0	900	G	T
N0_Mouse	0.0931156442806	0	290	A	G
N0_Mouse	0.0950465929489	0	619	G	C
N0_Mouse	0.0957718444562	0	1419	C	G
N0_Mouse	0.0968835422254	0	597	C	T
N0_Mouse	0.0972692422093	0	899	A	C
N0_Mouse	0.0980208450175	0	14	C	T
N0_Mouse	0.0982518570821	0	704	T	A
N0_Mouse	0.0984129022198	0	537	T	C
N0_Mouse	0.0996506000435	0	1523	T	A
N0_Mouse	0.099684058737	0	592	G	C
N0_Mouse	0.100101732191	0	1540	C	T
N0_Mouse	0.100659485931	0	642	C	T
N0_Mouse	0.100978902945	0	1246	G	C
N0_Mouse	0.101040580128	0	992	G	C
N0_Mouse	0.103005241063	0	644	A	C
N0_Mouse	0.103100218673	0	1140	T	A
N0_Mouse	0.104061059482	0	833	A	T
N0_Mouse	0.104208009516	0	726	A	T
N0_Mouse	0.104986060139	0	521	A	C
N0_Mouse	0.105640748505	0	430	T	A
N0_Mouse	0.105674791304	0	796	A	T
N0_Mouse	0.107791144129	0	763	T	C
N0_Mouse	0.107810692411	0	248	T	C
N0_Mouse	0.107878285979	0	591	G	A
N0_Mouse	0.107893333196	0	318	T	G
N0_Mouse	0.108313227558	0	1045	A	T
N0_Mouse	0.108751421185	0	939	C	T
N0_Mouse	0.109701771079	0	1459	T	G
N0_Mouse	0.110295359357	0	413	C	G
N0_Mouse	0.110326882691	0	591	A	G
N0_Mouse	0.111942352058	0	1185	C	A
N0_Mouse	0.112865933702	0	1177	T	G
N0_Mouse	0.112943038269	0	34	T	C
N0_Mouse	0.11359143609	0	219	C	T
N0_Mouse	0.114797076328	0	1525	C	T
N0_Mouse	0.115297947267	0	26	T	A
N0_Mouse	0.115810987403	0	885	T	C
N0_Mouse	0.116166594349	0	1177	G	A
N0_Mouse	0.116365649737	0	257	C	T
N0_Mouse	0.116586275273	0	124	G	T
N0_Mouse	0.117446564724	0	223	T	A
N0_Mouse	0.117721726995	0	772	G	T
N0_Mouse	0.117751432324	0	1313	A	G
N0_Mouse	0.118180777329	0	9	G	T
N0_Mouse	0.118429373782	0	991	A	G
N0_Mouse	0.119105836375	0	438	A	G
N0_Mouse	0.120852813596	0	1328	A	G
N0_Mouse	0.121400208162	0	536	C	A
N0_Mouse	0.121715885042	0	1154	G	T
N0_Mouse	0.122124010382	0	1223	T	A
N0_Mouse	0.122139133726	0	1027	T	A
N0_Mouse	0.122232730825	0	21	G	A
N0_Mouse	0.122864475951	0	1123	A	G
N0_Mouse	0.123067353642	0	1171	A	G
N0_Mouse	0.123111413936	0	890	C	G
N0_Mouse	0.123547579183	0	1386	T	A
N0_Mouse	0.124054867227	0	935	C	A
N0_Mouse	0.124971646519	0	112	T	G
N0_Mouse	0.124997992639	0	128	C	A
N0_Mouse	0.125296875498	0	558	A	G
N0_Mouse	0.12580017072	0	203	C	T
N0_Mouse	0.126021682084	0	253	T	A
N0_Mouse	0.126206150564	0	87	C	T
N0_Mouse	0.126847376087	0	568	T	G
N0_Mouse	0.127076232639	0	836	C	A
N0_Mouse	0.127326202663	0	329	T	G
N0_Mouse	0.128466773168	0	1467	T	A
N0_Mouse	0.129104162467	0	1296	G	A
N0_Mouse	0.130691236902	0	1461	G	T
N0_Mouse	0.131046546565	0	209	C	T
N0_Mouse	0.13125652122	0	1557	C	A
N0_Mouse	0.131428778118	0	971	A	G
N0_Mouse	0.131436085198	0	163	A	G
N0_Mouse	0.131969058778	0	1556	A	C
N0_Mouse	0.13232974959	0	597	T	C
N0_Mouse	0.134792697324	0	1007	A	G
N0_Mouse	0.135489250257	0	22	T	A
N0_Mouse	0.138497487727	0	269	A	G
N0_Mouse	0.138730183943	0	838	T	C
N0_Mouse	0.139224674056	0	910	T	A
N0_Mouse	0.140900784373	0	683	A	T
N0_Mouse	0.141141354833	0	1378	T	G
N0_Mouse	0.141315083378	0	1022	T	G
N0_Mouse	0.141661072152	0	49	T	G
N0_Mouse	0.142294165498	0	876	A	G
N0_Mouse	0.14264509384	0	721	T	G
N0_Mouse	0.144889013887	0	795	T	C
N0_Mouse	0.145968547405	0	71	A	G
N0_Mouse	0.14605125951	0	801	C	T
N0_Mouse	0.147540839232	0	160	A	G
N0_Mouse	0.149436081695	0	901	G	A
N0_Mouse	0.150168930631	0	1093	A	C
N0_Mouse	0.15078391581	0	308	G	C
N0_Mouse	0.151150108198	0	917	G	A
N0_Mouse	0.15272053103	0	33	C	G
N0_Mouse	0.152900142179	0	245	A	G
N0_Mouse	0.153179854856	0	218	A	T
N0_Mouse	0.153246932723	0	1242	C	G
N0_Mouse	0.153712668076	0	840	G	A
N0_Mouse	0.154152777112	0	1398	C	T
N0_Mouse	0.154505748685	0	596	G	A
N0_Mouse	0.156349479428	0	647	C	T
N0_Mouse	0.15655633215	0	1444	G	T
N0_Mouse	0.157358705475	0	89	A	C
N0_Mouse	0.157542245066	0	916	T	A
N0_Mouse	0.158525045384	0	456	A	C
N0_Mouse	0.158644833257	0	682	G	A
N0_Mouse	0.160130449911	0	360	C	A
N0_Mouse	0.161255487075	0	791	A	C
N0_Mouse	0.162294156048	0	965	T	C
N0_Mouse	0.162773550621	0	1394	A	C
N0_Mouse	0.162799678104	0	461	G	T
N0_Mouse	0.163087109082	0	233	C	G
N0_Mouse	0.163490495657	0	722	T	G
N0_Mouse	0.163506979096	0	726	T	C
N0_Mouse	0.16389450047	0	699	G	A
N0_Mouse	0.164299390611	0	262	C	T
N0_Mouse	0.164635934325	0	709	C	G
N0_Mouse	0.165055277911	0	288	T	G
N0_Mouse	0.165785080986	0	845	T	C
N0_Mouse	0.167163625091	0	220	A	G
N0_Mouse	0.168103067511	0	691	G	T
N0_Mouse	0.168745341445	0	707	T	A
N0_Mouse	0.168745688466	0	1562	C	T
N0_Mouse	0.169981633571	0	574	A	T
N0_Mouse	0.170438381757	0	403	G	A
N0_Mouse	0.170569966295	0	1008	G	A
N0_Mouse	0.17059516097	0	1025	G	C
N0_Mouse	0.171362256687	0	712	A	C
N0_Mouse	0.172702998285	0	126	C	T
N0_Mouse	0.172745624572	0	817	C	T
N0_Mouse	0.173167360114	0	649	T	G
N0_Mouse	0.173377148615	0	1122	A	T
N0_Mouse	0.174588166166	0	622	A	G
N0_Mouse	0.174661908614	0	1137	T	C
N0_Mouse	0.174724411226	0	1040	G	C
N0_Mouse	0.174966384152	0	48	C	A
N0_Mouse	0.175224589714	0	185	C	T
N0_Mouse	0.175577685624	0	326	G	T
N0_Mouse	0.176142068008	0	1226	G	T
N0_Mouse	0.177433871764	0	1472	T	C
N0_Mouse	0.177480993473	0	1436	C	A
N0_Mouse	0.178041590086	0	1464	G	C
N0_Mouse	0.178700755399	0	412	G	A
N0_Mouse	0.179418841751	0	1170	G	T
N0_Mouse	0.18094912624	0	1007	G	C
N0_Mouse	0.181028976968	0	219	T	A
N0_Mouse	0.181249827328	0	302	G	A
N0_Mouse	0.181292590153	0	405	G	A
N0_Mouse	0.181441442797	0	1138	T	A
N0_Mouse	0.1820817281	0	982	T	G
N0_Mouse	0.183043636843	0	746	A	G
N0_Mouse	0.18333985747	0	709	G	C
N0_Mouse	0.183452571231	0	84	T	G
N0_Mouse	0.183460489344	0	563	C	T
N0_Mouse	0.183567968898	0	1564	A	G
N0_Mouse	0.184810479434	0	705	A	C
N0_Mouse	0.185192800261	0	748	G	T
N0_Mouse	0.185273730171	0	1390	T	C
N0_Mouse	0.18694279748	0	1427	A	G
N0_Mouse	0.187060652474	0	753	G	A
N0_Mouse	0.187239804997	0	642	T	C
N0_Mouse	0.187552719415	0	197	T	C
N0_Mouse	0.187957443536	0	735	T	C
N0_Mouse	0.188651566057	0	322	G	A
N0_Mouse	0.189307598808	0	831	T	G
N0_Mouse	0.189565584042	0	1	A	T
N0_Mouse	0.190356168638	0	1061	A	C
N0_Mouse	0.190587428107	0	1377	T	A
N0_Mouse	0.191422424752	0	1250	T	C
N0_Mouse	0.191632967813	0	1478	T	A
N0_Mouse	0.191927425635	0	1417	T	A
N0_Mouse	0.192292626822	0	1454	A	T
N0_Mouse	0.192927438943	0	160	G	A
N0_Mouse	0.194188300934	0	1101	A	G
N0_Mouse	0.194551209301	0	729	T	C
N0_Mouse	0.196789452374	0	711	C	T
N0_Mouse	0.19713522805	0	468	T	C
N0_Mouse	0.198340276846	0	479	A	T
N0_Mouse	0.198628606072	0	1258	A	C
N0_Mouse	0.199675019417	0	591	G	A
N0_Mouse	0.200030941181	0	423	T	G
N0_Mouse	0.200225295002	0	366	A	C
N0_Mouse	0.200571501521	0	1014	A	G
N0_Mouse	0.202342511986	0	1076	A	G
N0_Mouse	0.202598201294	0	1456	A	C
N0_Mouse	0.203209033512	0	1196	C	T
N0_Mouse	0.20422512596	0	1336	G	T
N0_Mouse	0.205228601699	0	1133	A	T
N0_Mouse	0.205813924252	0	26	A	G
N0_Mouse	0.206247062302	0	1197	C	T
N0_Mouse	0.206787586126	0	1035	T	G
N0_Mouse	0.207770328821	0	1258	C	T
N0_Mouse	0.209302948444	0	906	G	T
N0_Mouse	0.209346639211	0	484	T	C
N0_Mouse	0.21066284792	0	62	A	G
N0_Mouse	0.212114298037	0	852	A	G
N0_Mouse	0.212713489905	0	1336	T	C
N0_Mouse	0.212921631147	0	1196	T	G
N0_Mouse	0.21321153175	0	266	T	G
N0_Mouse	0.21321828447	0	878	C	A
N0_Mouse	0.215605373573	0	980	T	C
N0_Mouse	0.215741671625	0	1480	A	C
N0_Mouse	0.216552938012	0	1521	A	G
N0_Mouse	0.216559664944	0	1533	A	G
N0_Mouse	0.21771021951	0	980	C	T
N0_Mouse	0.217791281515	0	1424	T	A
N0_Mouse	0.218160273304	0	1407	A	G
N0_Mouse	0.218286806074	0	1062	T	C
N0_Mouse	0.219261565683	0	23	A	T
N0_Mouse	0.219278896531	0	626	T	C
N0_Mouse	0.219870851128	0	444	G	T
N0_Mouse	0.220711968292	0	1518	C	T
N0_Mouse	0.220723398807	0	766	T	G
N0_Mouse	0.220862368822	0	1295	T	C
N0_Mouse	0.22149159801	0	1445	A	G
N0_Mouse	0.221831732553	0	445	T	G
N0_Mouse	0.22207400106	0	269	G	C
N0_Mouse	0.222710019294	0	391	T	G
N0_Mouse	0.222788572154	0	878	A	G
N0_Mouse	0.22291403224	0	870	A	T
N0_Mouse	0.222919390272	0	420	T	G
N0_Mouse	0.223219931835	0	1044	A	G
N0_Mouse	0.224012490805	0	1317	T	A
N0_Mouse	0.225659003508	0	1411	G	A
N0_Mouse	0.225951049191	0	298	C	A
N0_Mouse	0.226201293345	0	1396	A	T
N0_Mouse	0.226442926719	0	1360	A	G
N0_Mouse	0.22698255915	0	861	T	C
N0_Mouse	0.227325347591	0	1088	T	G
N0_Mouse	0.227554091793	0	200	G	C
N0_Mouse	0.22818217088	0	1323	T	A
N0_Mouse	0.228248648207	0	952	A	T
N0_Mouse	0.228559706176	0	371	A	G
N0_Mouse	0.228648261627	0	123	G	C
N0_Mouse	0.229034302381	0	578	C	A
N0_Mouse	0.232254454265	0	1137	C	A
N0_Mouse	0.232433055857	0	1341	A	G
N0_Mouse	0.232450750136	0	170	A	T
N0_Mouse	0.232970593146	0	1062	C	G
N0_Mouse	0.233592536142	0	1549	C	A
N0_Mouse	0.233712537066	0	692	C	G
N0_Mouse	0.235398936307	0	238	T	G
N0_Mouse	0.235995732516	0	904	C	A
N0_Mouse	0.236344360237	0	431	T	A
N0_Mouse	0.236440422612	0	1020	A	T
N0_Mouse	0.236946937526	0	1571	A	G
N0_Mouse	0.237109729006	0	1372	T	A
N0_Mouse	0.237851630177	0	1303	G	A
N0_Mouse	0.238028562278	0	712	C	A
N0_Mouse	0.238591485738	0	445	G	A
N0_Mouse	0.238958228761	0	1262	C	A
N0_Mouse	0.239842224512	0	672	A	T
N0_Mouse	0.239941542568	0	551	T	C
N0_Mouse	0.240773658187	0	910	A	C
N0_Mouse	0.241119824137	0	745	T	G
N0_Mouse	0.241135097327	0	730	C	A
N0_Mouse	0.241711703799	0	1353	C	T
N0_Mouse	0.242016991979	0	215	T	C
N0_Mouse	0.242463540156	0	747	T	A
N0_Mouse	0.24251671646	0	1316	G	T
N0_Mouse	0.242895501249	0	363	T	G
N0_Mouse	0.243036738126	0	945	C	A
N0_Mouse	0.243157998999	0	1491	G	A
N0_Mouse	0.243311317483	0	1158	A	G
N0_Mouse	0.244250107925	0	979	T	A
N0_Mouse	0.244772292068	0	730	A	G
N0_Mouse	0.245154860992	0	241	T	A
N0_Mouse	0.246314305511	0	1528	G	A
N0_Mouse	0.246651396991	0	65	C	A
N0_Mouse	0.246875298527	0	1366	T	A
N0_Mouse	0.246959441239	0	820	G	A
N0_Mouse	0.247234752782	0	996	A	C
N0_Mouse	0.24735929325	0	1107	G	C
N0_Mouse	0.247979815894	0	466	T	G
N0_Mouse	0.248163207499	0	217	C	T
N0_Mouse	0.249626853616	0	23	T	C
N0_Mouse	0.250629819696	0	428	A	G
N0_Mouse	0.250711491565	0	202	A	T
N0_Mouse	0.252396456391	0	1431	T	A
N0_Mouse	0.253599517275	0	1416	T	G
N0_Mouse	0.25444379135	0	1040	C	T
N0_Mouse	0.254643080497	0	1319	C	A
N0_Mouse	0.256761670569	0	439	C	G
N0_Mouse	0.258070031094	0	834	A	C
N0_Mouse	0.259361474431	0	1067	A	T
N0_Mouse	0.260733412032	0	526	T	C
N0_Mouse	0.261209721311	0	212	G	T
N0_Mouse	0.26143601789	0	1006	A	G
N0_Mouse	0.261893372016	0	939	T	C
N0_Mouse	0.262012128131	0	866	C	T
N0_Mouse	0.262380099676	0	422	A	C
N0_Mouse	0.264062496833	0	638	A	G
N0_Mouse	0.264207583383	0	1158	G	A
N0_Mouse	0.264562493208	0	869	T	A
N0_Mouse	0.268055986142	0	676	T	G
N0_Mouse	0.268310174319	0	974	C	A
N0_Mouse	0.269211768216	0	459	C	T
N0_Mouse	0.270376950248	0	1234	G	T
N0_Mouse	0.271431011054	0	1419	G	A
N0_Mouse	0.271969151139	0	1187	G	C
N0_Mouse	0.272772704495	0	347	A	T
N0_Mouse	0.273172430326	0	789	C	T
N0_Mouse	0.273834418782	0	1187	C	T
N0_Mouse	0.273983361184	0	1479	T	A
N0_Mouse	0.27412144888	0	886	C	T
N0_Mouse	0.274442601407	0	154	G	A
N0_Mouse	0.274638341945	0	709	C	T
N0_Mouse	0.275560441099	0	1548	T	C
N0_Mouse	0.276440964823	0	1402	G	T
N0_Mouse	0.276636804228	0	370	T	C
N0_Mouse	0.277381434372	0	1225	C	T
N0_Mouse	0.278664951619	0	748	T	A
N0_Mouse	0.278854545166	0	875	A	T
N0_Mouse	0.280566786578	0	809	T	C
N0_Mouse	0.281097199424	0	1267	C	T
N0_Mouse	0.281239460579	0	1506	A	C
N0_Mouse	0.282542723421	0	972	G	A
N0_Mouse	0.282923196565	0	1471	T	A
N0_Mouse	0.283167290097	0	1276	A	T
N0_Mouse	0.284133814119	0	1284	A	G
N0_Mouse	0.285000550017	0	1183	G	C
N0_Mouse	0.285351257881	0	472	C	T
N0_Mouse	0.285795910836	0	1535	T	G
N0_Mouse	0.286107220216	0	979	A	G
N0_Mouse	0.286164704617	0	266	G	C
N0_Mouse	0.287043402307	0	320	T	C
N0_Mouse	0.287331015402	0	496	C	T
N0_Mouse	0.287916192654	0	956	A	C
N0_Mouse	0.288068911038	0	107	G	A
N0_Mouse	0.28857686799	0	219	A	T
N0_Mouse	0.288767187528	0	840	A	T
N0_Mouse	0.290317918582	0	244	G	T
N0_Mouse	0.291050667237	0	780	G	A
N0_Mouse	0.291438479417	0	973	G	A
N0_Mouse	0.291680822931	0	442	T	G
N0_Mouse	0.293098118035	0	870	T	A
N0_Mouse	0.293345006448	0	1368	G	A
N0_Mouse	0.294110157725	0	90	T	G
N0_Mouse	0.294181697561	0	1480	C	A
N0_Mouse	0.294532297265	0	1512	G	T
N0_Mouse	0.295165218193	0	1165	C	A
N0_Mouse	0.295328124705	0	667	C	T
N0_Mouse	0.295459595339	0	61	C	T
N0_Mouse	0.296435585782	0	1067	T	C
N0_Mouse	0.296511871778	0	1196	G	A
N0_Mouse	0.297370445823	0	743	C	T
N0_Mouse	0.298778686244	0	649	G	A
N0_Mouse	0.299374682532	0	147	A	G
N0_Mouse	0.301014020107	0	1327	T	A
N0_Mouse	0.302821212771	0	330	G	C
N0_Mouse	0.303368012827	0	1401	G	T
N0_Mouse	0.304017816102	0	258	G	A
N0_Mouse	0.304309882006	0	1165	A	T
N0_Mouse	0.304837415908	0	1003	A	G
N0_Mouse	0.304986768525	0	1258	T	C
N0_Mouse	0.305402564281	0	1272	T	C
N0_Mouse	0.305788489369	0	1246	C	T
N0_Mouse	0.306044182924	0	1073	C	T
N0_Mouse	0.306124457557	0	1255	G	T
N0_Mouse	0.307626181872	0	284	C	G
N0_Mouse	0.308084067601	0	982	G	A
N0_Mouse	0.308586789876	0	378	T	C
N0_Mouse	0.308598394602	0	36	G	A
N0_Mouse	0.310891880316	0	1183	C	T
N0_Mouse	0.311548680996	0	887	A	T
N0_Mouse	0.311654020741	0	1083	T	G
N0_Mouse	0.313981611077	0	1199	T	G
N0_Mouse	0.314746130628	0	1437	T	G
N0_Mouse	0.315628582831	0	1126	C	A
N0_Mouse	0.316517229306	0	1042	C	A
N0_Mouse	0.317478784175	0	629	G	A
N0_Mouse	0.317725161359	0	747	A	G
N0_Mouse	0.318352853378	0	1413	C	T
N0_Mouse	0.318724022494	0	1480	A	G
N0_Mouse	0.318729789827	0	300	C	T
N0_Mouse	0.318805352207	0	867	G	C
N0_Mouse	0.318980555142	0	681	A	G
N0_Mouse	0.319082417373	0	89	C	A
N0_Mouse	0.319109452981	0	1458	C	A
N0_Mouse	0.319769109256	0	952	T	G
N0_Mouse	0.321768977297	0	965	C	A
N0_Mouse	0.321981329503	0	61	T	A
N0_Mouse	0.322841108057	0	635	A	T
N0_Mouse	0.324241652313	0	588	G	A
N0_Mouse	0.325362629115	0	1434	T	C
N0_Mouse	0.325524048957	0	1376	A	T
N0_Mouse	0.325692312793	0	1252	C	A
N0_Mouse	0.325977154537	0	1187	T	A
N0_Mouse	0.326495397194	0	11	C	T
N0_Mouse	0.326545444645	0	486	A	T
N0_Mouse	0.32660064229	0	861	C	A
N0_Mouse	0.327077378694	0	1372	A	C
N0_Mouse	0.327448226922	0	928	G	T
N0_Mouse	0.327675906728	0	1403	C	A
N0_Mouse	0.32809014124	0	494	T	A
N0_Mouse	0.329261901678	0	946	G	T
N0_Mouse	0.329733462912	0	153	T	C
N0_Mouse	0.330410123963	0	1303	A	T
N0_Mouse	0.330757102122	0	484	C	G
N0_Mouse	0.330783604857	0	174	G	A
N0_Mouse	0.330918231453	0	750	G	A
N0_Mouse	0.331322587938	0	405	A	G
N0_Mouse	0.33211962008	0	1258	C	A
N0_Mouse	0.33248248468	0	1169	C	G
N0_Mouse	0.33310823605	0	816	A	T
N0_Mouse	0.335090037123	0	107	A	G
N0_Mouse	0.335452204172	0	21	A	C
N0_Mouse	0.336049279411	0	1320	A	T
N0_Mouse	0.336396892628	0	148	A	C
N0_Mouse	0.336672413246	0	176	G	A
N0_Mouse	0.340364234628	0	509	T	G
N0_Mouse	0.340378912006	0	1265	C	A
N0_Mouse	0.340621014878	0	201	G	T
N0_Mouse	0.34062338778	0	7	A	C
N0_Mouse	0.343011788912	0	1097	C	G
N0_Mouse	0.343231231258	0	918	T	C
N0_Mouse	0.343289686278	0	137	T	A
N0_Mouse	0.344868951415	0	1109	A	G
N0_Mouse	0.345127590761	0	1261	A	G
N0_Mouse	0.346335368084	0	720	G	A
N0_Mouse	0.348025838862	0	1468	A	C
N0_Mouse	0.348611596699	0	413	G	A
N0_Mouse	0.348770902859	0	358	C	G
N0_Mouse	0.348932525414	0	931	G	A
N0_Mouse	0.349697821163	0	1438	G	A
N0_Mouse	0.349942894948	0	740	G	A
N0_Mouse	0.35001545977	0	540	A	T
N0_Mouse	0.350537387656	0	1153	A	T
N0_Mouse	0.351674560861	0	1564	G	A
N0_Mouse	0.352298660304	0	499	A	G
N0_Mouse	0.352392805717	0	908	T	A
N0_Mouse	0.35306952061	0	348	T	C
N0_Mouse	0.353367135271	0	15	C	A
N0_Mouse	0.353372061834	0	1481	T	G
N0_Mouse	0.35383515349	0	457	C	A
N0_Mouse	0.353970575081	0	798	A	G
N0_Mouse	0.356075298656	0	814	T	C
N0_Mouse	0.356838447836	0	1325	T	C
N0_Mouse	0.3571086753	0	146	G	A
N0_Mouse	0.357187685508	0	1513	C	T
N0_Mouse	0.357194073234	0	1147	G	A
N0_Mouse	0.357797777897	0	479	T	C
N0_Mouse	0.357992503324	0	806	T	C
N0_Mouse	0.358556257218	0	282	C	T
N0_Mouse	0.358682120204	0	1295	C	G
N0_Mouse	0.359646329263	0	51	T	C
N0_Mouse	0.359899937495	0	1490	A	T
N0_Mouse	0.360069479374	0	205	T	A
N0_Mouse	0.360232468952	0	1524	G	A
N0_Mouse	0.360797760264	0	1060	G	A
N0_Mouse	0.361183556143	0	762	G	T
N0_Mouse	0.363663940541	0	71	G	T
N0_Mouse	0.3636683514	0	1391	T	C
N0_Mouse	0.363996433808	0	1396	T	A
N0_Mouse	0.365479511058	0	198	C	T
N0_Mouse	0.366941204065	0	142	A	G
N0_Mouse	0.367068739661	0	153	C	T
N0_Mouse	0.368651599358	0	1189	T	A
N0_Mouse	0.368816509834	0	281	T	C
N0_Mouse	0.368953825246	0	201	T	G
N0_Mouse	0.369635881882	0	39	A	G
N0_Mouse	0.370080339591	0	79	G	T
N0_Mouse	0.370815019872	0	469	A	G
N0_Mouse	0.371360162371	0	1578	T	A
N0_Mouse	0.371543409309	0	249	T	C
N0_Mouse	0.37171698819	0	1444	T	C
N0_Mouse	0.372031208909	0	538	G	A
N0_Mouse	0.37255653492	0	1066	T	G
N0_Mouse	0.372739617021	0	414	A	T
N0_Mouse	0.373545227726	0	1436	A	G
N0_Mouse	0.37374120168	0	223	A	G
N0_Mouse	0.376043233682	0	701	G	A
N0_Mouse	0.376453852179	0	1232	C	G
N0_Mouse	0.376811813946	0	1536	A	G
N0_Mouse	0.377831409042	0	975	T	C
N0_Mouse	0.378110279791	0	819	T	A
N0_Mouse	0.378545245525	0	401	A	G
N0_Mouse	0.378581202115	0	1185	A	C
N0_Mouse	0.378875892029	0	1092	T	C
N0_Mouse	0.378911731113	0	855	A	G
N0_Mouse	0.379434631897	0	867	C	T
N0_Mouse	0.379890626613	0	385	A	C
N0_Mouse	0.380048777845	0	868	T	A
N0_Mouse	0.38067986172	0	1073	T	C
N0_Mouse	0.380910539746	0	1507	G	T
N0_Mouse	0.381218402675	0	385	C	A
N0_Mouse	0.381388554362	0	22	A	T
N0_Mouse	0.381409001004	0	936	G	T
N0_Mouse	0.381962676378	0	1245	T	A
N0_Mouse	0.38258970868	0	731	T	A
N0_Mouse	0.383965980748	0	1425	T	C
N0_Mouse	0.384234220009	0	1038	T	A
N0_Mouse	0.38510417814	0	470	A	C
N0_Mouse	0.385453627228	0	814	C	T
N0_Mouse	0.385742424281	0	379	T	C
N0_Mouse	0.38576765573	0	1552	C	A
N0_Mouse	0.386084230247	0	1291	G	A
N0_Mouse	0.386179396756	0	1452	G	T
N0_Mouse	0.386809488936	0	1105	A	G
N0_Mouse	0.387243354529	0	518	A	G
N0_Mouse	0.387850112556	0	458	T	A
N0_Mouse	0.387940513419	0	221	A	G
N0_Mouse	0.388626475837	0	53	C	G
N0_Mouse	0.388921693348	0	1547	T	C
N0_Mouse	0.389101648263	0	483	G	T
N0_Mouse	0.389944404745	0	1113	T	C
N0_Mouse	0.390194740681	0	859	G	A
N0_Mouse	0.390558889237	0	469	G	A
N0_Mouse	0.390947626875	0	1242	G	C
N0_Mouse	0.391877910606	0	181	C	T
N0_Mouse	0.391899452242	0	1527	A	G
N0_Mouse	0.391944846067	0	1081	A	G
N0_Mouse	0.392561677506	0	474	A	T
N0_Mouse	0.393441449033	0	524	G	C
N0_Mouse	0.394069081324	0	1252	A	T
N0_Mouse	0.394744805621	0	38	G	T
N0_Mouse	0.394964576452	0	1227	C	G
N0_Mouse	0.395254176377	0	429	C	G
N0_Mouse	0.395495112102	0	311	T	A
N0_Mouse	0.397642979314	0	1501	C	T
N0_Mouse	0.398531547105	0	271	T	G
N0_Mouse	0.401182058059	0	521	C	T
N0_Mouse	0.401383875845	0	429	G	T
N0_Mouse	0.402218966683	0	124	T	G
N0_Mouse	0.402754441462	0	1321	C	T
N0_Mouse	0.402933179149	0	686	A	C
N0_Mouse	0.403607551853	0	100	A	C
N0_Mouse	0.403743188054	0	1044	G	A
N0_Mouse	0.404830310882	0	301	T	G
N0_Mouse	0.405832131076	0	1110	T	C
N0_Mouse	0.405919388629	0	380	C	T
N0_Mouse	0.40930064625	0	1018	A	G
N0_Mouse	0.409758095669	0	48	A	G
N0_Mouse	0.411556138091	0	1127	C	A
N0_Mouse	0.412105399023	0	543	G	A
N0_Mouse	0.412580141427	0	31	T	C
N0_Mouse	0.413206791844	0	580	A	T
N0_Mouse	0.413516803916	0	1334	A	T
N0_Mouse	0.414479940271	0	218	T	A
N0_Mouse	0.41478286878	0	919	A	G
N0_Mouse	0.414927875134	0	717	T	C
N0_Mouse	0.415214014841	0	1405	C	G
N0_Mouse	0.415686787087	0	1175	G	A
N0_Mouse	0.416377453861	0	906	T	C
N0_Mouse	0.416657825799	0	457	A	G
N0_Mouse	0.416830551096	0	1010	C	A
N0_Mouse	0.417069054234	0	691	T	C
N0_Mouse	0.417669316103	0	1463	G	T
N0_Mouse	0.41834782432	0	895	G	C
N0_Mouse	0.418818481767	0	532	G	A
N0_Mouse	0.419439658881	0	565	A	G
N0_Mouse	0.420011465184	0	383	A	G
N0_Mouse	0.42024724185	0	1310	A	G
N0_Mouse	0.420547268654	0	42	T	A
N0_Mouse	0.420998507053	0	141	G	C
N0_Mouse	0.421414887071	0	719	G	A
N0_Mouse	0.422858066679	0	834	C	G
N0_Mouse	0.423317781165	0	712	A	T
N0_Mouse	0.424146081377	0	304	T	C
N0_Mouse	0.424382557342	0	873	T	C
N0_Mouse	0.425513155935	0	1460	A	T
N0_Mouse	0.425672288772	0	1084	G	A
N0_Mouse	0.426280540631	0	158	C	A
N0_Mouse	0.426300738861	0	1491	A	G
N0_Mouse	0.42663353751	0	49	G	A
N0_Mouse	0.426680627268	0	256	T	A
N0_Mouse	0.427281531288	0	341	A	C
N0_Mouse	0.427954106935	0	864	C	T
N0_Mouse	0.429076734672	0	612	T	G
N0_Mouse	0.429496083574	0	1151	G	T
N0_Mouse	0.429971428666	0	818	T	C
N0_Mouse	0.430206517727	0	970	G	T
N0_Mouse	0.430292049207	0	1098	A	G
N0_Mouse	0.43041121591	0	577	T	C
N0_Mouse	0.431435634999	0	1166	G	T
N0_Mouse	0.433130504514	0	1553	T	A
N0_Mouse	0.433448267205	0	22	T	C
N0_Mouse	0.434172316216	0	1524	A	C
N0_Mouse	0.43648148772	0	841	A	C
N0_Mouse	0.437382534974	0	1101	G	A
N0_Mouse	0.437656620439	0	538	A	G
N0_Mouse	0.438816480495	0	1121	A	T
N0_Mouse	0.439604308007	0	634	C	G
N0_Mouse	0.43988634328	0	1514	A	G
N0_Mouse	0.439916654523	0	92	T	A
N0_Mouse	0.440337158584	0	1335	C	T
N0_Mouse	0.441245207223	0	878	G	A
N0_Mouse	0.441279360219	0	424	C	G
N0_Mouse	0.444502744313	0	820	A	T
N0_Mouse	0.445431448632	0	1015	C	T
N0_Mouse	0.445581550906	0	1288	T	G
N0_Mouse	0.446890127671	0	864	T	C
N0_Mouse	0.448150266181	0	1166	T	C
