edge	time	mut_orlg	mut_pos	old_state	new_state
D1_N1	0.000128580064417	2	359	C	T
D1_N1	0.000133007719442	1	287	T	C
D1_N1	0.000208431237298	2	348	C	T
D1_N1	0.0003074256024	1	281	G	T
D1_N1	0.000702176683927	2	592	C	T
D1_N1	0.00114569974245	2	194	G	A
D1_N1	0.00159633803895	2	545	G	A
D1_N1	0.00198696048908	2	473	A	T
D1_N1	0.00218898260589	2	128	A	G
D1_N1	0.00226319711818	2	513	C	T
D1_N1	0.00238259867885	2	203	C	T
D1_N1	0.0024149183371	1	5	A	C
D1_N1	0.00249610876805	2	74	A	G
D1_N1	0.00300445921846	2	233	T	C
D1_N1	0.00309915921992	2	51	T	A
D1_N1	0.0034701926859	2	284	G	A
D1_N1	0.00350893018495	1	86	G	A
D1_N1	0.00368313404374	2	326	A	G
D1_N1	0.00408818769588	2	230	G	A
D1_N1	0.00468156209247	2	104	T	C
D1_N1	0.00476937042431	1	337	G	A
D1_N1	0.00495951397052	2	323	T	C
D1_N1	0.00553415492862	2	41	T	C
D1_N1	0.00566332049256	2	230	A	G
D1_N1	0.00670776651583	2	43	T	C
D1_N1	0.00740071802279	1	263	C	T
D1_N1	0.00763863865658	1	152	C	T
D1_N1	0.00815827100478	2	343	A	G
D1_N1	0.00852982532504	1	234	A	T
D1_N1	0.00881043391936	1	5	C	T
D1_N1	0.00886851449343	1	494	G	A
D1_N1	0.00948392792786	2	449	A	G
D1_N1	0.0102005470017	1	377	G	A
D1_N1	0.0107568515461	1	485	C	T
D1_N1	0.0109349821496	1	443	C	T
D1_N1	0.0114650237795	1	290	T	C
D1_N1	0.011570088939	1	41	T	C
D1_N1	0.0117755822836	1	56	T	C
D1_N1	0.0120099026885	2	134	G	A
D1_N1	0.0122163974881	2	209	G	A
D1_N1	0.0124488254712	2	142	C	A
D1_N1	0.0125724032074	1	404	A	G
D1_N1	0.0127869068313	2	107	C	T
D1_N1	0.0133134516433	1	182	C	T
D1_N1	0.0139652863007	1	59	G	A
D1_N1	0.0139688808887	2	47	T	C
D1_N1	0.0139822976941	2	149	C	T
D1_N1	0.0150890412608	1	50	A	G
D1_N1	0.0152603295655	1	210	G	A
D1_N1	0.0153064295661	1	572	C	T
D1_N1	0.0169079683159	1	230	G	A
D1_N1	0.0171032374721	1	498	A	G
D1_N1	0.0174822061874	1	101	G	C
D1_N1	0.0181554397107	2	461	A	G
D1_N1	0.0183183523777	1	369	C	A
D1_N1	0.0184352531856	1	23	C	T
D1_N1	0.0184753243183	1	323	T	C
D1_N1	0.0187100523584	1	467	G	A
D1_N1	0.0189065525487	1	242	C	A
D1_N1	0.0196735923074	2	313	C	T
D1_N1	0.0199379280342	1	107	C	T
D1_N1	0.0201801044346	2	560	A	G
D1_N1	0.0203081024296	1	264	A	G
D1_N1	0.0211578631236	1	524	C	T
D1_N1	0.0215175101115	1	212	C	T
D1_N1	0.0217343995823	1	473	A	G
D1_N1	0.0221695154177	1	293	C	A
D1_N1	0.0227516205864	2	149	T	C
D1_N1	0.022865770069	1	149	C	T
D1_N1	0.0230345298381	2	461	G	A
D1_N1	0.0235704398512	2	410	A	G
D1_N1	0.0248933349075	1	164	G	A
D1_N1	0.0250829795057	2	523	G	A
D1_N1	0.0251125822606	1	344	A	T
D1_N1	0.0253840156031	1	218	G	C
D1_N1	0.0257871344498	2	284	G	A
D1_N1	0.0257912718584	2	155	C	T
D1_N1	0.0261485325115	2	29	A	G
D1_N1	0.0262385115875	1	260	T	C
D1_N1	0.0272044077321	1	369	A	G
D1_N1	0.027611044613	2	114	G	A
D1_N1	0.0276193349097	2	113	A	G
D1_N1	0.027992438872	1	386	G	A
D1_N1	0.028031867649	1	78	C	T
D1_N1	0.0280808944484	2	95	T	C
D1_N1	0.028178737678	1	500	A	G
D1_N1	0.0285222264846	2	461	A	G
D1_N1	0.0285460387072	2	457	C	T
D1_N1	0.0287843697268	1	323	C	T
D1_N1	0.0289607580916	2	509	C	T
D1_N1	0.0290901739454	1	419	G	A
D1_N1	0.0295264898805	2	170	T	C
D1_N1	0.0296420111762	2	479	A	G
D1_N1	0.0299091966697	1	167	G	A
D1_N1	0.030184271599	1	514	G	A
D1_N1	0.0302309405013	1	380	G	A
D1_N1	0.0305825805113	1	299	A	G
D1_N1	0.0308275901436	2	530	A	G
D1_N1	0.0315945372799	1	584	A	G
N1_castellii	0.000533410671067	1	467	A	C
N1_castellii	0.00102057709962	1	281	T	C
N1_castellii	0.00107746139912	2	500	A	G
N1_castellii	0.00150286669194	2	5	A	G
N1_castellii	0.00164067493891	2	358	A	G
N1_castellii	0.00223075209394	2	62	A	G
N1_castellii	0.00297713987299	2	399	C	T
N1_castellii	0.00455057163297	2	377	G	A
N1_castellii	0.00498499774988	2	44	T	C
N1_castellii	0.00546248875878	2	293	C	T
N1_castellii	0.00564443950372	1	338	C	T
N1_castellii	0.00573257471349	1	305	A	G
N1_castellii	0.0058010428313	1	482	A	G
N1_castellii	0.00645010842441	2	500	G	A
N1_castellii	0.00703076772479	1	201	C	T
N1_castellii	0.00711204586167	1	131	A	G
N1_castellii	0.00737204310373	2	245	T	A
N1_castellii	0.00774338890767	1	257	G	A
N1_castellii	0.00785827971843	1	290	C	T
N1_castellii	0.00791807693299	1	432	A	G
N1_castellii	0.00798861296888	1	194	G	C
N1_castellii	0.00841368788002	1	80	G	C
N1_castellii	0.00853029223737	2	440	G	A
N1_castellii	0.00854610298552	1	572	C	T
N1_castellii	0.00965193326506	1	290	T	C
N1_castellii	0.0097876849535	2	245	A	G
N1_castellii	0.00983731986781	2	110	G	A
N1_castellii	0.0102179319004	2	8	C	G
N1_castellii	0.0105254955655	1	17	T	C
N1_castellii	0.0110921196443	2	164	G	A
N1_castellii	0.0112919298218	1	279	A	T
N1_castellii	0.01170078384	2	87	T	C
N1_castellii	0.0118001207447	2	101	C	T
N1_castellii	0.0125361217835	2	287	C	T
N1_castellii	0.0128407240432	2	458	T	C
N1_castellii	0.0131892994658	1	554	C	T
N1_castellii	0.0136653323433	1	371	T	C
N1_castellii	0.0139286331276	2	77	T	C
N1_castellii	0.0143407427802	2	434	A	G
N1_castellii	0.014384927041	1	458	T	C
N1_castellii	0.0146048593601	1	581	G	A
N1_castellii	0.0146305439845	2	305	A	T
N1_castellii	0.0148278499439	2	509	T	C
N1_castellii	0.0152244439145	2	179	C	T
N1_castellii	0.0153071875317	2	497	C	T
N1_castellii	0.0154867549663	2	482	A	G
N1_castellii	0.0154932532531	2	113	A	G
N1_castellii	0.0158094483992	1	593	C	T
N1_castellii	0.0160594840832	1	527	T	C
N1_castellii	0.0162046691033	2	431	A	G
N1_castellii	0.0164394495916	1	548	T	C
N1_castellii	0.0165949282562	1	407	T	C
N1_castellii	0.0167360680597	2	326	G	A
N1_castellii	0.0170803349391	1	290	C	T
N1_castellii	0.0171218424526	1	411	T	C
N1_castellii	0.017354594996	1	585	C	T
N1_castellii	0.0173681070783	2	536	T	C
N1_castellii	0.0175432612679	1	34	T	C
N1_castellii	0.0176785258233	1	488	T	A
N1_castellii	0.0177653140972	2	519	A	G
N1_castellii	0.0182603760121	2	131	A	G
N1_castellii	0.0184382579213	1	209	G	T
N1_castellii	0.0186814178678	1	74	A	G
N1_castellii	0.0190783735749	1	106	A	G
N1_castellii	0.0191193829949	2	182	C	T
N1_castellii	0.0191828062829	1	530	A	T
N1_castellii	0.0191837392001	1	538	C	T
N1_N2	0.000190108092237	2	236	T	C
N1_N2	0.000384499515561	2	41	C	G
N1_N2	0.000885174620319	1	584	G	A
N1_N2	0.00112279672422	1	2	T	C
N1_N2	0.00120630216118	1	164	A	C
N1_N2	0.00126920629219	1	189	C	T
N1_N2	0.00130825538272	2	581	G	A
N1_N2	0.00174928280182	2	227	T	C
N1_N2	0.00193146649438	1	345	C	T
N1_N2	0.00202763011408	2	167	G	A
N1_N2	0.00206037053166	1	458	T	C
N1_N2	0.00256083812107	1	47	T	C
N1_N2	0.00289148337985	1	50	G	A
N1_N2	0.00299582547494	2	278	A	G
N1_N2	0.00409712016826	1	413	C	G
N1_N2	0.00412724014796	2	401	T	C
N1_N2	0.00414485124769	2	401	C	A
N1_N2	0.0044175608344	1	197	C	T
N1_N2	0.00500241889188	1	548	T	C
N1_N2	0.00510649615812	2	356	G	A
N1_N2	0.00553398183492	1	86	G	T
N1_N2	0.00613430309128	2	352	G	A
N1_N2	0.00629866184048	2	359	T	C
N1_N2	0.00666470329112	1	290	C	T
N1_N2	0.00676196189046	1	20	A	C
N1_N2	0.00686533467223	1	572	T	G
N1_N2	0.0072407611337	1	502	G	A
N1_N2	0.0075389987191	1	323	T	C
N1_N2	0.00808950464971	2	206	T	C
N1_N2	0.00819045270525	1	128	G	A
N1_N2	0.0083784283224	2	95	T	C
N1_N2	0.00854071994153	2	86	G	A
N1_N2	0.0088754987112	2	356	A	G
N2_bayanus	0.00146031466681	2	514	G	A
N2_bayanus	0.00155531382397	1	185	A	T
N2_bayanus	0.0016410247513	2	149	C	T
N2_bayanus	0.00263219782795	2	361	A	T
N2_bayanus	0.00279172812298	2	253	C	T
N2_bayanus	0.00282119041483	1	433	G	A
N2_bayanus	0.00296577735405	1	287	C	T
N2_bayanus	0.00341679931901	2	183	A	G
N2_bayanus	0.00358518634849	1	431	A	G
N2_bayanus	0.00427104735116	1	101	C	T
N2_bayanus	0.00459922125119	2	422	A	G
N2_bayanus	0.004659254753	2	438	G	A
N2_bayanus	0.00549525246086	2	95	C	T
N2_bayanus	0.00609845892378	1	23	T	G
N2_bayanus	0.00610513007572	2	6	C	T
N2_bayanus	0.0061322253304	2	41	G	A
N2_bayanus	0.00663651967699	2	520	T	C
N2_bayanus	0.0067128458284	2	329	A	T
N2_bayanus	0.00676629722913	1	335	C	T
N2_bayanus	0.00731372447799	2	586	T	G
N2_bayanus	0.00738382534608	2	95	T	G
N2_bayanus	0.0077843078615	1	320	T	C
N2_bayanus	0.00822494202173	2	532	C	T
N2_bayanus	0.00844351525901	1	8	C	T
N2_bayanus	0.00878534792904	1	41	C	T
N2_bayanus	0.00886538723411	1	386	G	A
N2_bayanus	0.00901921858568	2	515	C	T
N2_bayanus	0.00912198449069	2	57	G	A
N2_bayanus	0.0091345903081	2	572	T	C
N2_bayanus	0.00942066552471	2	515	T	C
N2_bayanus	0.00960028521667	1	194	G	A
N2_bayanus	0.00972101164167	1	8	T	C
N2_N3	0.000180624271166	1	406	C	T
N2_N3	0.000371900585501	1	431	A	G
N2_N3	0.000920259997831	2	119	G	T
N2_N3	0.00102281403733	2	115	T	C
N2_N3	0.00136348557417	1	14	C	T
N2_N3	0.00137652265448	1	278	A	G
N2_N3	0.00156850467902	1	266	T	G
N2_N3	0.00228436898964	2	125	C	T
N2_N3	0.00231984301556	2	29	G	A
N2_N3	0.00248016995645	1	551	T	C
N3_kudriavzevii	0.000348757131473	1	299	G	A
N3_kudriavzevii	0.000392448825655	2	150	A	C
N3_kudriavzevii	0.000521586446189	2	272	C	T
N3_kudriavzevii	0.00110109183984	2	437	A	C
N3_kudriavzevii	0.00133647085701	2	98	G	A
N3_kudriavzevii	0.00174744491378	2	347	T	C
N3_kudriavzevii	0.00175017709623	1	364	G	A
N3_kudriavzevii	0.00175998746803	2	209	G	A
N3_kudriavzevii	0.00195957785193	2	524	C	T
N3_kudriavzevii	0.00330913806607	1	295	G	A
N3_kudriavzevii	0.00384135463262	2	473	T	C
N3_kudriavzevii	0.00441752993892	1	550	T	C
N3_kudriavzevii	0.00463513603618	1	173	T	C
N3_kudriavzevii	0.00476713982122	2	176	A	G
N3_kudriavzevii	0.00520914381663	2	491	C	T
N3_kudriavzevii	0.00588740980595	1	480	T	C
N3_kudriavzevii	0.00609149241954	2	251	G	A
N3_kudriavzevii	0.00610863055416	2	168	G	A
N3_kudriavzevii	0.00637242015049	1	80	G	A
N3_kudriavzevii	0.00655293456706	2	450	C	A
N3_kudriavzevii	0.00659412287617	1	161	T	A
N3_kudriavzevii	0.00663419815192	2	521	A	T
N3_kudriavzevii	0.00678035274575	2	23	C	A
N3_kudriavzevii	0.00681538141	2	89	T	C
N3_kudriavzevii	0.00691765876631	1	95	T	C
N3_kudriavzevii	0.00707694972027	2	314	T	C
N3_kudriavzevii	0.00711207621263	1	54	A	G
N3_kudriavzevii	0.00724132286116	2	512	G	A
N3_kudriavzevii	0.00744613023024	2	80	G	A
N3_kudriavzevii	0.00767452317204	2	475	C	T
N3_kudriavzevii	0.0080815148322	1	36	G	A
N3_kudriavzevii	0.00808256253387	1	566	A	C
N3_kudriavzevii	0.00808850896437	2	354	T	C
N3_kudriavzevii	0.00817147747051	1	284	G	A
N3_kudriavzevii	0.00861613611737	2	74	A	G
N3_kudriavzevii	0.00861939788969	1	428	C	A
N3_kudriavzevii	0.00875709501416	2	1	A	G
N3_N4	0.000279289834175	1	575	C	T
N3_N4	0.00103998092966	2	191	C	T
N3_N4	0.0011751933435	1	191	C	G
N3_N4	0.00130856000962	1	227	T	C
N3_N4	0.00169458375317	1	314	T	G
N3_N4	0.00181179800911	1	179	C	A
N3_N4	0.00198703462732	1	78	T	A
N4_mikatae	0.000495073637598	2	581	G	A
N4_mikatae	0.000667315908707	2	71	A	G
N4_mikatae	0.000795031040742	2	524	C	T
N4_mikatae	0.00155529757535	1	245	T	C
N4_mikatae	0.0018131143008	2	152	C	G
N4_mikatae	0.00182343595192	1	64	T	A
N4_mikatae	0.00206351042604	2	590	T	C
N4_mikatae	0.00234220378162	1	341	T	C
N4_mikatae	0.0026553399673	2	399	C	A
N4_mikatae	0.00266520780475	1	479	G	A
N4_mikatae	0.00286524977503	1	439	C	T
N4_mikatae	0.00311662537158	1	507	A	G
N4_mikatae	0.0033877671791	2	131	A	G
N4_N5	4.85888340407e-05	2	515	C	T
N4_N5	8.35912026162e-05	2	509	T	C
N4_N5	0.000388683532485	1	467	A	G
N4_N5	0.000421993868662	2	150	A	T
N4_N5	0.000428400690397	1	141	A	G
N4_N5	0.00215773390395	2	410	G	T
N4_N5	0.00385361572015	1	560	A	G
N4_N5	0.00387638227408	1	509	T	C
N5_paradoxus	0.000350652888498	1	581	G	C
N5_paradoxus	0.000522563048206	1	125	C	A
N5_paradoxus	0.00106774685553	2	578	A	G
N5_paradoxus	0.00131943010808	2	362	A	G
N5_paradoxus	0.00154416912769	1	216	T	C
N5_paradoxus	0.00228232168877	2	539	G	C
N5_paradoxus	0.00272453320128	2	163	G	A
N5_paradoxus	0.00299162383976	1	275	T	C
N5_paradoxus	0.00307348562299	2	330	G	A
N5_cerevisiae	7.54135203391e-05	1	173	T	C
N5_cerevisiae	0.000140843652752	2	80	G	A
N5_cerevisiae	0.000176374884242	2	17	T	C
N5_cerevisiae	0.000358859475484	1	74	A	G
N5_cerevisiae	0.00138419107282	1	467	G	A
N5_cerevisiae	0.00143049688761	1	326	G	A
