edge	time	mut_orlg	mut_pos	old_state	new_state
N0_D1	7.62404393082e-05	0	15	A	G
N0_D1	0.00207451470716	0	31	C	A
N0_D1	0.00671994909769	0	53	A	T
N0_D1	0.0129552382219	0	79	A	C
N0_D1	0.0189293964709	0	108	G	A
N0_D1	0.0206832916552	0	194	A	G
N0_D1	0.0222903278007	0	111	A	T
N0_D1	0.02981564437	0	159	A	T
N0_D1	0.0322181720172	0	161	C	T
N0_D1	0.0388971150288	0	59	A	T
N0_D1	0.0408075874231	0	196	A	G
N0_D1	0.0443871153252	0	86	A	T
D1_N1	0.00317082142436	2	29	A	G
D1_N1	0.00326839320299	1	29	A	T
D1_N1	0.0101829401438	2	1	A	T
D1_N1	0.01172929555	1	60	A	G
D1_N1	0.0183305644308	2	21	T	G
D1_N1	0.0187359635208	2	141	T	A
D1_N1	0.0210851871307	1	69	T	A
D1_N1	0.0247767072458	2	138	G	A
D1_N1	0.0249589342811	2	130	G	T
D1_N1	0.0284220194761	2	197	C	T
D1_N1	0.0344112316905	1	62	T	C
D1_N1	0.0354426508104	2	61	C	T
D1_N1	0.0368781045413	1	23	G	T
D1_N1	0.0393855027036	1	163	A	T
D1_N1	0.0450532560435	1	40	T	C
D1_N1	0.0583568293283	1	191	G	A
D1_N1	0.0709107333243	1	113	A	T
D1_N1	0.071659655861	1	69	A	G
D1_N1	0.0717914057707	2	191	G	T
D1_N1	0.0769614757389	2	68	A	C
D1_N1	0.0783440328541	2	76	C	G
D1_N1	0.0806996623004	2	60	A	T
D1_N1	0.0825321328222	2	179	T	C
D1_N1	0.0831088805103	1	6	C	T
D1_N1	0.09154791443	1	76	C	T
D1_N1	0.0983187663992	2	164	T	C
D1_N1	0.101817220891	1	133	G	A
D1_N1	0.104853198424	1	88	G	T
D1_N1	0.105314272509	1	118	C	T
D1_N1	0.108559081976	1	45	G	A
D1_N1	0.110821244008	1	85	A	G
D1_N1	0.113181771283	2	5	T	C
D1_N1	0.115469112877	1	160	C	T
D1_N1	0.117896673718	1	36	G	A
D1_N1	0.122587458738	1	8	G	A
D1_N1	0.124193017126	1	156	T	C
D1_N1	0.124635428203	2	152	T	A
D1_N1	0.124975246851	1	97	C	A
D1_N1	0.127915513237	1	179	T	C
D1_N1	0.131677519586	1	163	T	A
D1_N1	0.132631735953	2	7	T	C
D1_N1	0.132924408452	2	54	G	T
D1_N1	0.134920308927	2	161	T	A
D1_N1	0.137124372754	1	187	A	G
D1_N1	0.137859194018	1	62	C	A
D1_N1	0.140064876236	1	3	A	G
D1_N1	0.140483515824	2	129	G	A
D1_N1	0.146052706571	1	76	T	C
D1_N1	0.146421304879	1	96	G	A
D1_N1	0.148754424279	1	99	T	A
D1_N1	0.151283841217	1	74	T	A
D1_N1	0.152698080732	2	192	G	A
D1_N1	0.153674238968	1	56	T	C
D1_N1	0.15567920701	2	122	A	T
D1_N1	0.158738082151	1	164	T	C
D1_N1	0.15960162771	1	30	G	A
D1_N1	0.161524183346	2	87	T	G
D1_N1	0.165601970903	2	33	G	A
D1_N1	0.171201751365	1	195	A	G
D1_N1	0.172419060517	2	70	T	C
D1_N1	0.176287738885	1	133	A	G
D1_N1	0.176962468701	1	181	C	G
D1_N1	0.177270274163	2	17	G	C
D1_N1	0.17979806025	1	113	T	C
D1_N1	0.181790020071	1	3	G	C
D1_N1	0.182132449202	2	154	C	T
D1_N1	0.18300236804	2	154	T	C
D1_N1	0.185385708401	1	125	G	A
D1_N1	0.188521199487	1	76	C	G
D1_N1	0.188939444989	1	19	A	G
D1_N1	0.19109763076	1	100	T	A
D1_N1	0.192190122788	2	199	G	T
D1_N1	0.193427801903	2	200	G	A
D1_N1	0.19499599087	1	179	C	T
D1_N1	0.199842369367	1	165	G	A
D1_N1	0.201960113113	1	116	T	A
D1_N1	0.204123774637	1	86	T	C
D1_N1	0.204452054123	1	15	G	C
D1_N1	0.206498622106	1	200	G	A
D1_N1	0.208018998217	2	82	C	A
D1_N1	0.20906066517	2	46	A	T
D1_N1	0.209643981355	1	2	G	A
N1_N2	0.00382548471441	1	31	A	T
N1_N2	0.0040711266685	2	8	G	A
N1_N2	0.00763886627912	2	50	T	C
N1_N2	0.00849586120811	2	122	T	G
N1_N2	0.0112138242634	1	48	A	T
N1_N2	0.0143775745172	2	8	A	G
N1_N2	0.0168508228917	2	45	G	T
N2_N3	0.000676169929812	2	116	T	G
N2_N3	0.00117104159129	2	60	T	C
N3_N4	5.99154564166e-05	1	113	C	T
N3_N4	0.000500635103888	1	120	C	G
N3_N4	0.00358181193461	1	68	A	G
N3_N4	0.0058825416725	1	38	A	G
N3_N4	0.00694598167855	1	101	T	C
N4_Human	0.00323697659343	1	136	G	C
N4_Human	0.0114104326887	1	18	G	A
N4_Chimp	0.00127028389716	1	201	A	C
N4_Chimp	0.004785012141	1	189	G	T
N4_Chimp	0.00527269040028	2	92	T	G
N4_Chimp	0.00653669414285	1	4	T	C
N4_Chimp	0.00669690326665	2	25	T	C
N4_Chimp	0.0102916573019	1	18	G	A
N3_Goril	0.00113836068159	1	49	C	A
N3_Goril	0.00165609413515	1	84	A	G
N3_Goril	0.00341013987544	1	130	G	A
N3_Goril	0.00712249133219	1	42	T	G
N3_Goril	0.0138752529189	2	99	T	C
N3_Goril	0.0170157892622	1	162	A	G
N2_Orang	0.000550005435673	2	19	A	G
N2_Orang	0.0022883656499	1	82	C	G
N2_Orang	0.00313187832792	2	43	G	C
N2_Orang	0.00393658448098	1	60	G	C
N2_Orang	0.00600916307456	1	60	C	T
N2_Orang	0.00620501116454	2	173	T	C
N2_Orang	0.0105288654232	1	72	C	T
N2_Orang	0.0119823701871	2	1	T	C
N2_Orang	0.0129343791717	2	39	C	G
N1_Macaq	0.000184983661929	2	90	C	A
N1_Macaq	0.000736264830647	2	178	A	C
N1_Macaq	0.00175500222416	2	62	T	G
N1_Macaq	0.00319057892552	2	82	A	G
N1_Macaq	0.0084074835848	1	93	C	A
N1_Macaq	0.0085804907518	1	32	G	A
N1_Macaq	0.0121689612428	2	153	A	G
N1_Macaq	0.0123622200511	1	189	G	A
N1_Macaq	0.0175726529841	2	11	G	C
N1_Macaq	0.0200486923354	1	179	T	A
N1_Macaq	0.0259416422117	1	59	T	G
N1_Macaq	0.0277403633047	2	191	T	A
N0_Mouse	0.0034585334301	0	71	A	C
N0_Mouse	0.0328620172184	0	45	G	T
N0_Mouse	0.0335596324496	0	9	T	G
N0_Mouse	0.0345187068551	0	30	G	A
N0_Mouse	0.0351456091533	0	167	G	T
N0_Mouse	0.0394232847317	0	139	T	A
N0_Mouse	0.0714131836707	0	30	A	G
N0_Mouse	0.0720264796685	0	127	A	G
N0_Mouse	0.0776066186601	0	147	G	T
N0_Mouse	0.0971528059086	0	177	A	G
N0_Mouse	0.0975141813372	0	110	A	G
N0_Mouse	0.0983866422858	0	3	A	T
N0_Mouse	0.10542716219	0	118	C	T
N0_Mouse	0.125258726438	0	22	G	A
N0_Mouse	0.127426968229	0	181	C	A
N0_Mouse	0.132956449664	0	162	A	G
N0_Mouse	0.136380726284	0	110	G	T
N0_Mouse	0.13731772897	0	79	A	T
N0_Mouse	0.138223168025	0	0	G	C
N0_Mouse	0.141533582437	0	141	T	G
N0_Mouse	0.141655801238	0	4	T	C
N0_Mouse	0.141726489083	0	17	G	T
N0_Mouse	0.144740790738	0	104	T	A
N0_Mouse	0.147891076208	0	17	T	C
N0_Mouse	0.15187809106	0	176	T	A
N0_Mouse	0.153502585009	0	99	T	A
N0_Mouse	0.155363733929	0	113	A	C
N0_Mouse	0.157723466315	0	102	A	T
N0_Mouse	0.158505710649	0	89	T	C
N0_Mouse	0.164972352155	0	77	G	A
N0_Mouse	0.174788339696	0	110	T	A
N0_Mouse	0.180677709754	0	72	C	T
N0_Mouse	0.181093943427	0	159	A	G
N0_Mouse	0.182608717822	0	61	C	T
N0_Mouse	0.190789675424	0	0	C	T
N0_Mouse	0.196097608941	0	40	T	C
N0_Mouse	0.213817905934	0	60	A	C
N0_Mouse	0.217602526786	0	82	C	A
N0_Mouse	0.2212704152	0	79	T	G
N0_Mouse	0.226059087732	0	88	G	C
N0_Mouse	0.226639521467	0	171	A	T
N0_Mouse	0.229034044277	0	116	T	A
N0_Mouse	0.232977369485	0	154	C	A
N0_Mouse	0.234127205651	0	195	A	G
N0_Mouse	0.246692591952	0	40	C	A
N0_Mouse	0.252270027744	0	161	C	G
N0_Mouse	0.258739703006	0	1	A	G
N0_Mouse	0.259192419394	0	44	A	C
N0_Mouse	0.263585698956	0	65	T	C
N0_Mouse	0.274185629311	0	190	G	A
N0_Mouse	0.276361874015	0	170	T	A
N0_Mouse	0.277145133575	0	145	A	T
N0_Mouse	0.279920291838	0	182	A	G
N0_Mouse	0.280600920859	0	80	T	C
N0_Mouse	0.282602184135	0	193	T	A
N0_Mouse	0.293264391145	0	120	C	A
N0_Mouse	0.298299156041	0	52	G	T
N0_Mouse	0.312595745381	0	99	A	G
N0_Mouse	0.32738152266	0	70	T	A
N0_Mouse	0.332804231611	0	186	C	T
N0_Mouse	0.346369499507	0	6	C	T
N0_Mouse	0.351408505797	0	99	G	T
N0_Mouse	0.355302848457	0	7	T	A
N0_Mouse	0.355678923002	0	69	T	C
N0_Mouse	0.356855307373	0	73	C	T
N0_Mouse	0.359297110377	0	58	C	T
N0_Mouse	0.364208744032	0	7	A	G
N0_Mouse	0.380678297863	0	88	C	G
N0_Mouse	0.380775337616	0	118	T	A
N0_Mouse	0.382411589221	0	83	A	T
N0_Mouse	0.38255311547	0	44	C	T
N0_Mouse	0.383058316295	0	183	A	T
N0_Mouse	0.392388200744	0	53	A	G
N0_Mouse	0.401173390854	0	181	A	C
N0_Mouse	0.40170768549	0	96	G	A
N0_Mouse	0.40248975661	0	136	G	T
N0_Mouse	0.413904469033	0	24	T	C
N0_Mouse	0.414935986177	0	185	T	C
N0_Mouse	0.420908572593	0	158	A	C
N0_Mouse	0.427904084177	0	97	C	T
N0_Mouse	0.433863677418	0	64	A	T
N0_Mouse	0.442501890471	0	73	T	A
N0_Mouse	0.444601760702	0	132	C	T
N0_Mouse	0.450196912363	0	93	C	T
N0_Mouse	0.454953380955	0	171	T	A
