edge	time	mut_orlg	mut_pos	old_state	new_state
N0_kluyveri	7.94640989357e-05	0	302	G	A
N0_kluyveri	0.000538452845843	0	383	T	C
N0_kluyveri	0.00141164787271	0	230	C	T
N0_kluyveri	0.00172784927667	0	489	A	G
N0_kluyveri	0.00237579744179	0	350	C	A
N0_kluyveri	0.00250125710893	0	134	C	T
N0_kluyveri	0.00283864887167	0	206	C	T
N0_kluyveri	0.00302221043773	0	149	T	C
N0_kluyveri	0.00368170477209	0	92	C	T
N0_kluyveri	0.00390075104804	0	38	T	C
N0_kluyveri	0.00426865395629	0	242	C	T
N0_kluyveri	0.00468240778332	0	346	C	T
N0_kluyveri	0.00488871387664	0	329	C	T
N0_kluyveri	0.0049227907224	0	32	T	C
N0_kluyveri	0.00580416035611	0	107	C	T
N0_kluyveri	0.00580518201261	0	347	A	G
N0_kluyveri	0.0060132687199	0	173	C	T
N0_kluyveri	0.00620088346867	0	302	A	G
N0_kluyveri	0.00663811707392	0	371	C	T
N0_kluyveri	0.00727044718938	0	39	G	A
N0_kluyveri	0.00753568033723	0	50	A	G
N0_kluyveri	0.00864454023466	0	35	A	G
N0_kluyveri	0.00868028827369	0	173	T	C
N0_kluyveri	0.00890764859716	0	158	C	T
N0_kluyveri	0.00895185628029	0	400	G	C
N0_kluyveri	0.00934095717116	0	359	A	G
N0_kluyveri	0.00941531199099	0	104	C	T
N0_kluyveri	0.00994382796427	0	197	C	G
N0_kluyveri	0.0108259684847	0	254	C	T
N0_kluyveri	0.0111987668596	0	41	A	G
N0_kluyveri	0.0114820554272	0	236	A	G
N0_kluyveri	0.0123074312346	0	230	T	C
N0_kluyveri	0.0126122133081	0	140	G	A
N0_kluyveri	0.0126485642213	0	290	T	C
N0_kluyveri	0.0132003157258	0	431	T	C
N0_kluyveri	0.0135642721127	0	434	C	T
N0_kluyveri	0.0138819242621	0	34	A	G
N0_D1	0.000586944172993	0	401	A	G
N0_D1	0.00105731843958	0	80	A	G
D1_N1	0.000418466530152	1	197	C	T
D1_N1	0.000578178986208	1	104	C	T
D1_N1	0.000702277645043	2	77	T	C
D1_N1	0.00132705880532	2	185	G	A
D1_N1	0.00162326198279	2	248	C	T
D1_N1	0.0022400993817	1	29	G	A
D1_N1	0.00252317117227	1	365	T	G
D1_N1	0.00252948595805	2	392	T	C
D1_N1	0.00281595741087	2	209	A	G
D1_N1	0.0030177299334	1	308	G	A
D1_N1	0.00317310463221	1	269	T	C
D1_N1	0.00317721539569	1	203	A	T
D1_N1	0.00330790805036	2	479	C	T
D1_N1	0.00342714811528	2	230	C	T
N1_castellii	0.000300633188345	1	68	A	G
N1_castellii	0.000445400589039	2	335	C	T
N1_castellii	0.00059608982093	1	32	T	A
N1_castellii	0.00120037879593	1	185	G	A
N1_castellii	0.00126419123311	2	68	A	G
N1_castellii	0.00167271515589	1	5	G	A
N1_castellii	0.00169903472899	1	251	A	G
N1_castellii	0.0017891459734	1	473	A	G
N1_castellii	0.00186885753189	2	5	G	A
N1_castellii	0.00196959929589	2	458	A	G
N1_castellii	0.00201442534215	2	167	T	C
N1_castellii	0.00275950827739	1	236	A	G
N1_castellii	0.00284724949926	1	20	C	A
N1_castellii	0.00291097274165	1	53	C	T
N1_castellii	0.00293510603519	1	87	C	T
N1_castellii	0.00307461670291	2	431	T	C
N1_castellii	0.00316997171645	1	83	C	T
N1_castellii	0.00348624388766	1	488	A	G
N1_castellii	0.00355408669643	2	275	G	A
N1_castellii	0.00368027597965	1	218	C	T
N1_castellii	0.00380148704368	2	165	G	A
N1_castellii	0.00392044388427	2	26	A	G
N1_castellii	0.00410190267861	2	194	C	T
N1_castellii	0.00470453154708	1	234	T	C
N1_castellii	0.00519657255365	1	362	T	C
N1_castellii	0.00521183507039	1	269	C	T
N1_castellii	0.00539791682295	1	281	A	C
N1_castellii	0.00594325184365	2	194	T	C
N1_castellii	0.00616703466981	1	398	A	G
N1_castellii	0.00645201182987	2	164	T	C
N1_castellii	0.0064521923441	1	62	G	A
N1_castellii	0.00646726416219	2	275	A	G
N1_castellii	0.00657131316842	2	188	G	C
N1_castellii	0.00682673838769	2	272	C	T
N1_castellii	0.00688840366218	2	432	T	A
N1_castellii	0.00720577987747	2	167	C	T
N1_castellii	0.00724160229885	1	245	C	A
N1_castellii	0.00747607585734	1	240	G	A
N1_castellii	0.00793494893987	1	466	G	T
N1_castellii	0.00819121471483	1	158	C	T
N1_castellii	0.00887747417753	1	11	A	G
N1_castellii	0.00908785684453	2	197	C	T
N1_castellii	0.00959212763803	1	315	A	G
N1_castellii	0.0101953830491	2	488	A	G
N1_castellii	0.0103387567049	1	161	G	A
N1_castellii	0.01103147753	1	23	G	A
N1_castellii	0.0110628291281	2	39	G	A
N1_castellii	0.0111702950725	1	74	C	T
N1_castellii	0.0117001164628	1	225	G	A
N1_castellii	0.0124598116401	1	326	G	T
N1_castellii	0.0125582080909	2	77	C	T
N1_castellii	0.0125697932866	1	194	C	T
N1_castellii	0.0126047913603	2	108	C	T
N1_castellii	0.0129420339665	2	407	G	A
N1_N2	8.89887321727e-05	1	50	A	G
N1_N2	0.000179845336229	2	347	A	G
N1_N2	0.000625678737626	2	227	G	A
N1_N2	0.00105887821655	2	329	C	T
N1_N2	0.00137972763916	1	347	A	G
N1_N2	0.00173363662256	1	50	G	A
N1_N2	0.00173693238863	1	176	A	G
N1_N2	0.00187137863646	1	220	C	T
N1_N2	0.00222616610012	2	242	C	T
N1_N2	0.00247338836534	2	347	G	A
N1_N2	0.00249042261528	1	422	T	C
N1_N2	0.00256074085618	2	434	C	T
N1_N2	0.00286747976749	1	179	T	C
N1_N2	0.00298920965436	1	305	A	C
N1_N2	0.00315413375129	2	221	T	C
N1_N2	0.00332335300199	2	152	T	C
N1_N2	0.00338592420566	2	104	C	T
N1_N2	0.00359883585706	2	476	T	C
N1_N2	0.00370968189317	1	371	C	G
N1_N2	0.0037128132867	2	65	A	G
N1_N2	0.0040023563396	1	401	G	A
N1_N2	0.00408005309913	2	284	C	T
N1_N2	0.00411071198918	2	65	G	A
N1_N2	0.0041867828298	2	2	G	A
N1_N2	0.00419448565866	2	215	T	C
N1_N2	0.00425753315888	2	113	A	G
N1_N2	0.00489252427754	2	74	C	T
N1_N2	0.00497031887247	2	398	A	G
N1_N2	0.00564781939548	2	65	A	G
N1_N2	0.00578881641912	2	437	C	T
N1_N2	0.0059270865119	2	491	C	T
N1_N2	0.006060506191	1	119	A	G
N1_N2	0.00635859801258	1	11	A	G
N1_N2	0.00652733558929	2	173	C	T
N1_N2	0.0066518979253	2	2	A	G
N1_N2	0.00706636722724	2	479	T	C
N1_N2	0.00729099315055	1	476	T	C
N1_N2	0.00735025530831	1	272	C	T
N1_N2	0.00753523915811	2	175	T	C
N1_N2	0.00765244223144	1	47	T	C
N1_N2	0.00773776477976	1	236	A	G
N1_N2	0.00790049501402	1	47	C	T
N1_N2	0.00805295357567	1	224	C	T
N1_N2	0.00811012248522	1	11	G	A
N1_N2	0.00866266555474	1	359	A	G
N1_N2	0.0087941279959	1	125	C	T
N1_N2	0.0093052152268	1	101	T	A
N1_N2	0.00951608880349	2	245	C	T
N1_N2	0.00969188441409	1	158	C	T
N1_N2	0.0101152258587	1	44	T	C
N1_N2	0.0106210518511	1	338	T	C
N1_N2	0.0108873075448	1	323	T	C
N1_N2	0.0111482720154	1	224	T	C
N1_N2	0.0115757207662	2	77	C	T
N1_N2	0.012348948277	2	197	C	T
N1_N2	0.0123872276169	2	5	G	A
N1_N2	0.0126175282633	2	206	C	T
N1_N2	0.0128278868817	1	101	A	G
N1_N2	0.01301779926	2	107	C	T
N1_N2	0.0131826222401	2	116	G	A
N1_N2	0.0131951517169	2	326	G	A
N1_N2	0.0133442957177	2	398	G	A
N1_N2	0.0138018153739	2	278	C	T
N1_N2	0.0138078867569	2	413	C	T
N1_N2	0.0139335455762	2	363	G	A
N1_N2	0.0140350251828	2	482	C	T
N1_N2	0.0141730358164	1	47	T	C
N1_N2	0.0142896298234	2	413	T	C
N1_N2	0.0144419490462	2	491	T	C
N1_N2	0.0147137126481	1	278	C	T
N1_N2	0.0147623059127	1	115	G	A
N1_N2	0.0147717993354	2	300	A	G
N1_N2	0.0147820442266	2	299	C	T
N1_N2	0.0151355823799	2	464	C	T
N1_N2	0.0153493702549	1	405	G	T
N1_N2	0.0157714950102	2	50	A	G
N1_N2	0.0158170402437	2	138	T	C
N2_bayanus	0.000363870275265	2	11	A	C
N2_bayanus	0.000807025938016	1	131	G	A
N2_bayanus	0.00129927134932	1	338	C	T
N2_bayanus	0.00172555048864	1	401	A	G
N2_bayanus	0.00175414872029	1	224	C	T
N2_bayanus	0.00216558332228	1	452	T	C
N2_bayanus	0.00220216267476	1	23	G	A
N2_bayanus	0.00231223071279	1	442	G	A
N2_N3	0.000748017887597	2	89	C	T
N2_N3	0.000945844407772	2	203	A	G
N2_N3	0.00098212753864	1	161	G	A
N2_N3	0.00136427261667	1	386	G	A
N3_kudriavzevii	0.000711100995855	1	212	T	C
N3_kudriavzevii	0.00169665128475	2	209	G	A
N3_kudriavzevii	0.00180590504574	2	437	T	C
N3_kudriavzevii	0.00182201004888	1	44	C	T
N3_kudriavzevii	0.00194272170202	2	5	A	G
N3_kudriavzevii	0.00205142966133	1	123	G	A
N3_kudriavzevii	0.00212749032246	1	281	A	G
N3_kudriavzevii	0.0023220715357	1	476	C	T
N3_kudriavzevii	0.00246636984086	1	315	A	T
N3_kudriavzevii	0.00246637687281	2	248	T	C
N3_kudriavzevii	0.00257487544334	1	296	A	G
N3_kudriavzevii	0.00264424255184	2	386	G	A
N3_kudriavzevii	0.00291641330748	2	251	A	T
N3_kudriavzevii	0.00311593103804	1	200	A	G
N3_kudriavzevii	0.00316396752202	2	431	T	C
N3_kudriavzevii	0.0034672346399	1	140	G	A
N3_kudriavzevii	0.00349160562449	2	395	A	G
N3_kudriavzevii	0.00359045795027	1	269	C	T
N3_kudriavzevii	0.00369079925696	1	236	G	A
N3_kudriavzevii	0.00369687585472	2	229	G	A
N3_kudriavzevii	0.00371870850885	2	97	A	G
N3_kudriavzevii	0.0038009668733	1	371	G	A
N3_kudriavzevii	0.00433572614706	2	305	A	G
N3_kudriavzevii	0.00474238604882	1	236	A	G
N3_kudriavzevii	0.00484428785688	2	224	C	T
N3_kudriavzevii	0.00552146685093	2	278	T	A
N3_kudriavzevii	0.00587813177221	2	389	C	T
N3_kudriavzevii	0.00596943930021	2	296	A	G
N3_kudriavzevii	0.00600196517658	1	263	C	T
N3_N4	0.000355167676187	2	393	C	T
N3_N4	0.00063962699736	2	425	C	T
N3_N4	0.000723253935354	1	266	T	C
N3_N4	0.001071987634	1	302	G	A
N3_N4	0.00171398370443	2	86	A	G
N3_N4	0.00174246010077	2	254	C	T
N3_N4	0.00199593621353	1	407	G	A
N3_N4	0.00208208233685	2	189	T	G
N3_N4	0.00223368520927	2	302	G	T
N4_mikatae	0.000185787713462	1	312	C	T
N4_mikatae	0.000468451988701	1	227	G	A
N4_mikatae	0.000504190777568	2	212	T	A
N4_mikatae	0.000548788031957	1	38	T	C
N4_mikatae	0.000593448127766	2	200	A	G
N4_mikatae	0.000773759096566	1	275	G	A
N4_mikatae	0.000868310651856	1	464	C	T
N4_mikatae	0.00141130808932	1	135	A	G
N4_mikatae	0.00149247393289	2	275	G	A
N4_mikatae	0.00159994429157	2	218	C	T
N4_mikatae	0.00195218100997	1	290	T	C
N4_mikatae	0.00214270473197	2	29	G	C
N4_mikatae	0.00260027889496	1	67	T	C
N4_mikatae	0.00263634598171	2	281	A	G
N4_mikatae	0.00280697261922	1	179	C	T
N4_mikatae	0.00295225051765	1	233	T	C
N4_mikatae	0.00313402033	2	368	T	C
N4_mikatae	0.00356613476982	2	482	T	C
N4_mikatae	0.00357629711204	2	437	T	A
N4_mikatae	0.00371903670211	1	41	A	G
N4_mikatae	0.00375409104098	1	14	A	G
N4_mikatae	0.00379994480292	1	335	C	T
N4_mikatae	0.0041283297197	2	122	G	A
N4_mikatae	0.00414287744275	2	233	T	C
N4_mikatae	0.00417302828668	2	305	A	G
N4_N5	0.000214459324577	1	42	T	G
N4_N5	0.00046192661749	1	218	C	T
N4_N5	0.000577957098549	2	173	T	G
N4_N5	0.00125869779859	1	482	C	T
N4_N5	0.00138359138518	1	150	G	A
N5_paradoxus	4.46642701612e-05	2	198	G	A
N5_paradoxus	0.000115776971565	2	305	A	C
N5_paradoxus	0.000266386417834	1	330	C	T
N5_paradoxus	0.000934661454517	2	26	A	G
N5_paradoxus	0.00103774806277	1	194	C	T
N5_paradoxus	0.00132506313678	2	383	T	A
N5_paradoxus	0.00153626873428	2	71	T	C
N5_cerevisiae	0.000125187562353	1	98	A	G
N5_cerevisiae	0.0002458248395	1	491	C	T
N5_cerevisiae	0.000690589693762	1	389	C	T
N5_cerevisiae	0.00108994258843	1	86	A	G
N5_cerevisiae	0.00113519001633	1	287	A	G
N5_cerevisiae	0.00116805333625	2	257	A	G
N5_cerevisiae	0.00132981963351	1	44	C	T
N5_cerevisiae	0.00138713520413	1	303	T	C
N5_cerevisiae	0.00154656030126	2	8	T	C
N5_cerevisiae	0.00168895931452	1	83	C	T
N5_cerevisiae	0.0017899806443	2	70	C	T
N5_cerevisiae	0.00253220101815	1	251	A	G
N5_cerevisiae	0.00262808253857	1	326	G	A
N5_cerevisiae	0.00275586597343	1	476	C	A
N5_cerevisiae	0.00283654095905	1	173	C	T
N5_cerevisiae	0.00289150813733	1	257	A	G
N5_cerevisiae	0.00297157673318	2	170	A	T
N5_cerevisiae	0.0030724561937	2	56	T	C
N5_cerevisiae	0.00422127481995	2	335	C	T
