edge	time	mut_orlg	mut_pos	old_state	new_state
N0_D1	0.000744512405587	0	1274	G	C
N0_D1	0.000852239771687	0	1557	T	C
N0_D1	0.00133748047124	0	887	A	C
N0_D1	0.00155998458799	0	801	G	T
N0_D1	0.00184823262879	0	1051	G	A
N0_D1	0.00303056919795	0	717	T	C
N0_D1	0.00427187723103	0	721	T	C
N0_D1	0.00433437231639	0	1308	A	T
N0_D1	0.00694743368779	0	42	T	C
N0_D1	0.00722034602202	0	1544	A	G
N0_D1	0.00755505730792	0	89	C	A
N0_D1	0.00766343785208	0	1079	T	G
N0_D1	0.00767286597335	0	1547	C	T
N0_D1	0.00999665933485	0	415	T	A
N0_D1	0.0106205449877	0	1027	G	A
N0_D1	0.0113467622233	0	1379	C	A
N0_D1	0.0115659111837	0	957	T	C
N0_D1	0.0124887848381	0	514	T	A
N0_D1	0.0128834158662	0	137	A	C
N0_D1	0.0134380954983	0	156	A	G
N0_D1	0.01412155807	0	472	C	T
N0_D1	0.0155618188974	0	872	A	G
N0_D1	0.0167348500035	0	864	C	G
N0_D1	0.0193336094837	0	1184	A	G
N0_D1	0.0196277241765	0	94	A	G
N0_D1	0.0205833321234	0	297	A	C
N0_D1	0.0223713039189	0	1409	A	T
N0_D1	0.0224359308752	0	569	C	T
N0_D1	0.0229640286481	0	340	C	A
N0_D1	0.0230524023109	0	617	G	T
N0_D1	0.0237691803607	0	1073	C	G
N0_D1	0.0248476783409	0	1287	A	G
N0_D1	0.0249842472441	0	61	T	A
N0_D1	0.0252634015613	0	956	G	C
N0_D1	0.0262364853314	0	1386	A	C
N0_D1	0.0264649219147	0	392	T	G
N0_D1	0.0274328329797	0	532	G	T
N0_D1	0.0275396628708	0	256	T	G
N0_D1	0.027669382659	0	250	T	A
N0_D1	0.028036550729	0	796	T	C
N0_D1	0.028154103832	0	411	T	C
N0_D1	0.0282546392064	0	1264	C	T
N0_D1	0.0290069506039	0	776	A	G
N0_D1	0.0301789440111	0	701	A	G
N0_D1	0.031548978914	0	22	A	T
N0_D1	0.0315511042764	0	1088	A	C
N0_D1	0.0316251347276	0	8	C	T
N0_D1	0.0321173116505	0	1011	C	A
N0_D1	0.0329314973396	0	1394	C	T
N0_D1	0.0341891714649	0	50	T	C
N0_D1	0.0342361486802	0	741	T	G
N0_D1	0.0357249574963	0	723	C	A
N0_D1	0.0359629878218	0	1365	T	G
N0_D1	0.0364440340875	0	900	A	G
N0_D1	0.0368510833218	0	854	C	A
N0_D1	0.0369076816904	0	1427	T	A
N0_D1	0.0385492277561	0	1085	C	G
N0_D1	0.0401767845788	0	715	A	C
N0_D1	0.0418158150545	0	97	A	C
N0_D1	0.0420087039487	0	656	A	G
N0_D1	0.0435333182185	0	1467	T	C
N0_D1	0.0440114061833	0	1475	A	C
N0_D1	0.0443775916521	0	132	C	T
N0_D1	0.0453186319904	0	768	C	A
N0_D1	0.0455491413237	0	870	A	G
N0_D1	0.046054707306	0	656	G	A
N0_D1	0.0460768583317	0	865	A	C
N0_D1	0.0466591333553	0	1258	T	C
N0_D1	0.0468612246985	0	398	G	A
N0_D1	0.046907189753	0	836	G	A
N0_D1	0.0477720592504	0	547	T	A
N0_D1	0.0486179563614	0	591	A	C
N0_D1	0.0492821122615	0	1035	G	A
N0_D1	0.0497426430018	0	1372	G	T
D1_N1	0.000117103290744	1	1107	G	A
D1_N1	0.000383315643596	2	89	A	C
D1_N1	0.000675282275248	2	1444	T	A
D1_N1	0.000721830959832	1	570	A	C
D1_N1	0.00116838631828	1	1421	G	A
D1_N1	0.0016058691983	1	993	T	C
D1_N1	0.00162025767006	2	824	G	A
D1_N1	0.00171641428507	1	22	T	A
D1_N1	0.00178370179593	1	1145	G	A
D1_N1	0.00202914609749	2	111	G	T
D1_N1	0.00209771973432	1	279	T	C
D1_N1	0.00254832560951	2	694	G	A
D1_N1	0.00307247628239	1	1458	C	T
D1_N1	0.00316411947877	2	1323	G	A
D1_N1	0.00328029706952	2	295	A	G
D1_N1	0.00346380908997	1	511	G	T
D1_N1	0.00369328863179	2	95	A	G
D1_N1	0.00412266227939	1	955	G	T
D1_N1	0.00442710903385	1	1162	T	A
D1_N1	0.00473111437246	1	1338	T	C
D1_N1	0.00568808920521	1	1331	C	T
D1_N1	0.00592206787892	1	1196	T	G
D1_N1	0.00632590668184	1	962	A	C
D1_N1	0.00717453290089	2	676	T	G
D1_N1	0.00743868757946	2	1489	T	C
D1_N1	0.00776382567639	1	379	T	G
D1_N1	0.00793870879495	2	472	T	A
D1_N1	0.00801579449139	1	435	T	A
D1_N1	0.0080541521998	2	17	C	T
D1_N1	0.0081084274531	1	948	G	A
D1_N1	0.00821618982938	2	1548	T	G
D1_N1	0.00832699424596	2	363	T	G
D1_N1	0.00834047877715	1	50	C	T
D1_N1	0.0083847885852	2	1351	A	C
D1_N1	0.00860041192857	2	1171	A	G
D1_N1	0.00894333222194	2	1535	A	T
D1_N1	0.00931353146121	1	264	G	A
D1_N1	0.00998067461439	1	1077	G	A
D1_N1	0.00998516197973	2	9	A	T
D1_N1	0.0100131850774	2	985	G	A
D1_N1	0.0106041401642	2	466	A	G
D1_N1	0.010803715153	1	531	G	C
D1_N1	0.0113933627026	2	607	A	T
D1_N1	0.0115750195735	2	173	T	C
D1_N1	0.0117014536045	1	951	C	T
D1_N1	0.0117796712588	1	1015	A	G
D1_N1	0.0119732304263	2	1451	G	A
D1_N1	0.012012560514	1	497	A	G
D1_N1	0.0122301676348	2	731	T	G
D1_N1	0.0124716694918	2	677	C	A
D1_N1	0.0127543548362	1	101	A	T
D1_N1	0.0130555250377	2	1173	T	G
D1_N1	0.0130968951538	2	1292	T	C
D1_N1	0.0131941918122	1	1390	T	G
D1_N1	0.0147415781331	1	725	T	A
D1_N1	0.0147802836899	2	1077	G	A
D1_N1	0.0147989377652	2	1510	C	A
D1_N1	0.0148500887541	2	114	G	C
D1_N1	0.0151685732657	1	1536	T	C
D1_N1	0.0152095904674	2	578	T	A
D1_N1	0.015378868413	1	1512	A	G
D1_N1	0.016316771606	1	885	T	C
D1_N1	0.0164084117755	1	1447	G	A
D1_N1	0.0174095172171	2	492	A	G
D1_N1	0.0184270262879	2	1302	G	T
D1_N1	0.0188821149288	2	1167	T	G
D1_N1	0.0188841977061	2	1056	C	T
D1_N1	0.0189146991063	2	687	A	G
D1_N1	0.0189588529329	2	599	C	G
D1_N1	0.0195896804043	1	582	C	T
D1_N1	0.0195907366175	1	612	C	T
D1_N1	0.0199455864985	2	508	T	C
D1_N1	0.0200629982463	2	445	T	A
D1_N1	0.0204714909312	1	1277	G	A
D1_N1	0.0206146349789	2	279	T	A
D1_N1	0.021021772107	2	709	A	T
D1_N1	0.0211205618734	2	647	T	C
D1_N1	0.022084135598	2	848	A	G
D1_N1	0.0221553570471	2	1045	A	T
D1_N1	0.0228774214183	1	457	A	G
D1_N1	0.0229743619886	1	1098	G	A
D1_N1	0.0230039255708	2	1329	T	C
D1_N1	0.0232810515409	2	261	C	G
D1_N1	0.0233438861905	2	65	C	T
D1_N1	0.0235686912834	2	476	G	A
D1_N1	0.0240418017058	2	552	T	A
D1_N1	0.0249870737351	2	178	G	A
D1_N1	0.0251603684939	2	1260	A	T
D1_N1	0.0254535979481	1	902	C	T
D1_N1	0.0254671723128	2	904	A	C
D1_N1	0.0256268885571	2	1390	T	C
D1_N1	0.0260932306481	2	104	A	G
D1_N1	0.0261524349201	2	630	G	A
D1_N1	0.0262096746924	2	1209	A	T
D1_N1	0.0262707509205	2	338	A	G
D1_N1	0.0269142683254	2	813	A	G
D1_N1	0.0272978420636	2	372	A	C
D1_N1	0.0275788585476	1	941	G	A
D1_N1	0.0285264907665	2	1404	G	C
D1_N1	0.0288873245239	1	831	G	A
D1_N1	0.0290302461483	2	149	A	G
D1_N1	0.0293743133932	1	576	A	T
D1_N1	0.0296891203661	1	1506	A	G
D1_N1	0.029731208274	1	1358	C	T
D1_N1	0.0306819060619	2	891	G	T
D1_N1	0.0315497159568	1	1180	A	G
D1_N1	0.0321732425447	1	1015	G	T
D1_N1	0.0322342498189	2	939	G	T
D1_N1	0.0322494397439	1	1332	C	G
D1_N1	0.0322709518254	2	645	C	A
D1_N1	0.0325275976414	1	1455	G	T
D1_N1	0.0329165310395	2	1101	G	A
D1_N1	0.0333692387072	1	1001	T	A
D1_N1	0.0339022532528	2	1387	A	G
D1_N1	0.0340608753041	2	603	C	A
D1_N1	0.0342072342843	2	941	G	A
D1_N1	0.0344827488473	2	77	T	C
D1_N1	0.0346188145698	2	866	T	C
D1_N1	0.0355694573586	1	805	C	A
D1_N1	0.035799980712	1	43	G	T
D1_N1	0.0360128102145	2	568	G	T
D1_N1	0.0362450121401	1	144	T	G
D1_N1	0.0368134309592	1	954	A	T
D1_N1	0.0374411071609	2	305	A	G
D1_N1	0.0385612429573	2	593	C	A
D1_N1	0.0389772014955	2	264	G	T
D1_N1	0.0391898617775	2	305	G	A
D1_N1	0.0392191598334	2	617	T	G
D1_N1	0.0392381931586	2	663	T	G
D1_N1	0.0395674685914	2	225	T	C
D1_N1	0.0398332743314	2	110	T	A
D1_N1	0.0404639114948	1	14	A	T
D1_N1	0.040471950658	2	498	T	G
D1_N1	0.040686656228	2	454	T	C
D1_N1	0.0411599641018	2	1461	A	G
D1_N1	0.0417821721482	2	56	C	T
D1_N1	0.0421901436739	2	1258	C	A
D1_N1	0.0434920124471	1	1519	G	T
D1_N1	0.0438668800915	2	1007	A	G
D1_N1	0.0446215923429	2	567	G	C
D1_N1	0.0447928418123	2	1076	A	C
D1_N1	0.0448215009107	1	512	A	G
D1_N1	0.0456781614088	2	422	C	A
D1_N1	0.0467804050646	2	379	T	C
D1_N1	0.0468489871473	2	143	T	C
D1_N1	0.0472434119457	1	623	G	A
D1_N1	0.0475930334512	1	709	A	T
D1_N1	0.0481587312148	2	1173	G	A
D1_N1	0.0482070915877	2	390	A	T
D1_N1	0.0483004332371	1	1201	C	T
D1_N1	0.050028559056	2	1170	T	A
D1_N1	0.0506421899849	1	1295	G	T
D1_N1	0.0506807066194	2	626	G	A
D1_N1	0.0510978341271	2	463	G	T
D1_N1	0.0517593465327	1	660	C	T
D1_N1	0.0518452474965	1	1390	G	T
D1_N1	0.0525584528411	1	442	C	A
D1_N1	0.0526650217712	1	1170	T	C
D1_N1	0.0530977765667	1	1219	G	A
D1_N1	0.0532014032424	1	659	G	T
D1_N1	0.0538348743933	2	728	A	G
D1_N1	0.0538803167222	1	1493	T	C
D1_N1	0.055292307687	2	431	G	A
D1_N1	0.0554192772209	2	1418	C	T
D1_N1	0.0554234473865	2	212	A	G
D1_N1	0.055553479036	1	1122	G	A
D1_N1	0.0556284398743	2	990	A	G
D1_N1	0.0559926911183	2	117	A	T
D1_N1	0.0560210847341	1	1220	C	T
D1_N1	0.0561515414144	1	339	T	C
D1_N1	0.0561754564768	1	336	G	T
D1_N1	0.0563448150921	1	854	A	T
D1_N1	0.056399925856	1	722	C	T
D1_N1	0.0568720457579	1	75	T	A
D1_N1	0.0574234138964	1	1038	T	G
D1_N1	0.0574638155614	1	1485	C	T
D1_N1	0.0576939827981	1	317	T	C
D1_N1	0.0577820326328	2	659	G	A
D1_N1	0.0578866486409	1	292	A	C
D1_N1	0.0582194103334	1	925	C	T
D1_N1	0.0582287362816	2	331	T	C
D1_N1	0.0584667972294	2	496	C	T
D1_N1	0.0591845118591	1	752	A	G
D1_N1	0.0592755363922	1	130	A	G
D1_N1	0.0598087093046	1	374	G	T
D1_N1	0.0602725555271	1	1325	A	T
D1_N1	0.0604130931946	2	240	C	G
D1_N1	0.0605232380464	1	805	A	C
D1_N1	0.060542692015	2	921	A	T
D1_N1	0.0607492766112	1	1529	A	C
D1_N1	0.0610954862949	2	359	A	T
D1_N1	0.0618801266049	1	1216	T	C
D1_N1	0.062399897938	2	130	A	T
D1_N1	0.0626623862772	1	1229	A	G
D1_N1	0.0633118865908	1	784	C	A
D1_N1	0.063541168868	1	1204	T	C
D1_N1	0.0635417417027	2	1361	G	A
D1_N1	0.0635812150482	2	1491	T	G
D1_N1	0.0646769919598	1	295	A	T
D1_N1	0.065186486627	1	1373	T	C
D1_N1	0.0656769509237	1	881	G	A
D1_N1	0.065739293447	1	1228	A	G
D1_N1	0.0661118277028	1	335	C	T
D1_N1	0.0665301500006	1	382	C	G
D1_N1	0.0665882749839	1	57	T	C
D1_N1	0.0666768978334	2	1318	A	T
D1_N1	0.0672053688409	2	641	G	A
D1_N1	0.0677888222608	1	431	G	T
D1_N1	0.0696308420519	1	285	T	C
D1_N1	0.0702934314831	2	881	G	A
D1_N1	0.0707098941875	2	116	C	A
D1_N1	0.0714882880275	2	793	C	A
D1_N1	0.0714940341823	2	1399	T	A
D1_N1	0.0714964918678	1	248	T	G
D1_N1	0.0717881447738	1	557	G	T
D1_N1	0.0719909148195	1	1545	C	A
D1_N1	0.072070403855	1	95	A	T
D1_N1	0.0732637777029	2	1036	A	C
D1_N1	0.0733122220117	2	8	T	C
D1_N1	0.075295191536	2	1509	C	G
D1_N1	0.0755346513612	2	327	A	C
D1_N1	0.0756522761147	2	1249	G	C
D1_N1	0.0757408211221	1	1162	A	G
D1_N1	0.0759816109112	2	934	A	T
D1_N1	0.0773535835396	1	160	C	A
D1_N1	0.0774612053475	2	1211	C	T
D1_N1	0.0775413717179	2	270	G	T
D1_N1	0.0779055157969	1	1453	T	C
D1_N1	0.0781125981431	1	378	C	T
D1_N1	0.078154504452	2	302	A	T
D1_N1	0.0785402769407	2	438	T	A
D1_N1	0.0787377925632	2	466	G	A
D1_N1	0.0796160984115	2	268	C	T
D1_N1	0.0801888108796	2	395	C	G
D1_N1	0.0803554387567	2	845	T	G
D1_N1	0.0812724518771	2	363	G	C
D1_N1	0.081440657681	1	649	A	T
D1_N1	0.0817229235881	1	338	A	G
D1_N1	0.0827050776519	1	1571	A	G
D1_N1	0.0830402611058	2	531	G	A
D1_N1	0.0833146470934	1	1343	A	T
D1_N1	0.0834187215019	1	286	T	C
D1_N1	0.0835372113939	1	1430	G	A
D1_N1	0.0840669302812	2	455	T	G
D1_N1	0.0851132670501	2	948	G	A
D1_N1	0.0862808723147	2	726	T	G
D1_N1	0.0864062337836	2	1418	T	G
D1_N1	0.0865272283383	1	390	A	T
D1_N1	0.0880566949406	2	1558	C	A
D1_N1	0.0883587869293	1	1284	T	G
D1_N1	0.0885916679385	2	1377	T	C
D1_N1	0.088881539501	1	584	A	G
D1_N1	0.0897544356179	1	1080	A	T
D1_N1	0.0900920812488	2	1381	C	T
D1_N1	0.0901260803906	1	755	A	G
D1_N1	0.0905815954208	1	1220	T	C
D1_N1	0.0909281903426	1	749	C	A
D1_N1	0.091369428917	1	548	G	T
D1_N1	0.0913824099057	2	1126	T	C
D1_N1	0.0917547818441	2	306	A	T
D1_N1	0.0920199058625	2	1147	G	A
D1_N1	0.0925492643432	1	296	C	T
D1_N1	0.0926808686554	2	429	T	C
D1_N1	0.0930608320849	1	1506	G	A
D1_N1	0.093216600447	1	534	G	A
D1_N1	0.0933207373892	1	450	A	T
D1_N1	0.0939616293037	2	9	T	G
D1_N1	0.0944615571103	2	513	C	A
D1_N1	0.0952867470469	1	859	G	A
D1_N1	0.0953422639707	2	819	T	C
D1_N1	0.0960596183529	2	793	A	C
D1_N1	0.0962900801405	1	991	T	C
D1_N1	0.0964911884202	1	12	C	A
D1_N1	0.0965824867581	1	664	C	A
D1_N1	0.0969374447132	1	1084	A	G
D1_N1	0.0969647999909	2	1218	A	T
D1_N1	0.0981063706952	1	281	A	G
D1_N1	0.0984493382302	2	314	C	T
D1_N1	0.0985911235883	2	469	A	G
D1_N1	0.0987102786969	1	1263	G	A
D1_N1	0.0988332096218	2	829	C	T
D1_N1	0.0995436357876	2	564	C	T
D1_N1	0.0996866272664	1	93	G	C
D1_N1	0.099796857515	2	255	C	G
D1_N1	0.0999804398514	1	580	A	T
D1_N1	0.0999977708245	2	576	A	C
D1_N1	0.101020129152	2	857	G	A
D1_N1	0.101352202007	1	1469	G	A
D1_N1	0.101424394608	1	664	A	G
D1_N1	0.101796878354	1	988	A	G
D1_N1	0.102271634905	2	680	C	A
D1_N1	0.102934616541	1	8	T	A
D1_N1	0.103219409316	1	608	G	A
D1_N1	0.103234309452	2	1040	C	T
D1_N1	0.10333341706	1	1247	T	C
D1_N1	0.103635613009	1	1015	T	G
D1_N1	0.103813110605	1	611	C	T
D1_N1	0.104215321371	2	390	T	C
D1_N1	0.104487884023	1	611	T	G
D1_N1	0.104886602743	1	776	G	C
D1_N1	0.105081494106	2	911	A	C
D1_N1	0.105120085179	2	74	G	A
D1_N1	0.10532797711	2	512	A	G
D1_N1	0.105587115943	1	431	T	A
D1_N1	0.107215502208	2	951	C	T
D1_N1	0.107452484655	2	875	T	A
D1_N1	0.107666835654	1	1406	G	T
D1_N1	0.10773690158	1	966	T	C
D1_N1	0.107837964877	2	599	G	A
D1_N1	0.107976029595	1	345	A	T
D1_N1	0.108084478209	2	1509	G	T
D1_N1	0.108491688043	1	839	C	A
D1_N1	0.108602719063	2	1164	C	A
D1_N1	0.108676791551	1	1417	A	T
D1_N1	0.108725603795	1	1306	T	A
D1_N1	0.108848731506	1	1043	A	T
D1_N1	0.108858494929	2	1225	T	C
D1_N1	0.108918276021	1	41	T	C
D1_N1	0.108958070223	1	665	T	A
D1_N1	0.10941904657	2	1178	A	C
D1_N1	0.109966195311	2	548	G	T
D1_N1	0.111196606908	2	618	G	A
D1_N1	0.111518992512	1	836	A	T
D1_N1	0.112052508215	2	647	C	T
D1_N1	0.112213471988	2	429	C	T
D1_N1	0.112316100492	1	1073	G	A
D1_N1	0.113748340945	2	949	T	G
D1_N1	0.114750710505	1	166	T	C
D1_N1	0.115248935936	1	220	G	A
D1_N1	0.115260055197	2	549	T	G
D1_N1	0.115332613649	1	1135	C	T
D1_N1	0.115416133897	1	1118	T	A
D1_N1	0.115664841585	2	211	C	G
D1_N1	0.115698782966	1	1036	A	G
D1_N1	0.116024257865	2	222	A	G
D1_N1	0.116502643141	1	374	T	G
D1_N1	0.116639777026	2	138	A	G
D1_N1	0.116817720497	2	593	A	C
D1_N1	0.117085411196	1	573	T	G
D1_N1	0.117499552084	2	1258	A	G
D1_N1	0.118356396042	2	503	C	G
D1_N1	0.11861612129	1	727	G	T
D1_N1	0.118845296267	2	1142	G	A
D1_N1	0.118870188112	1	568	G	T
D1_N1	0.119024351011	2	339	T	C
D1_N1	0.119288956724	1	68	C	T
D1_N1	0.119438216198	1	1372	T	C
D1_N1	0.121446252449	1	872	G	T
D1_N1	0.121625322498	2	395	G	A
D1_N1	0.121649536526	2	665	T	A
D1_N1	0.121745486313	1	896	A	G
D1_N1	0.121755477447	2	56	T	C
D1_N1	0.121788799312	2	190	C	A
D1_N1	0.122286031295	1	1463	G	C
D1_N1	0.122357222236	1	472	T	C
D1_N1	0.12271804616	2	448	C	A
D1_N1	0.123415347814	1	677	C	T
D1_N1	0.124424966456	2	1435	G	T
D1_N1	0.125014139479	2	602	A	G
D1_N1	0.125025510678	2	37	G	A
D1_N1	0.12505659043	1	999	A	T
D1_N1	0.125066311977	1	1216	C	A
D1_N1	0.125887152464	1	1348	G	A
D1_N1	0.126240441627	1	977	T	G
D1_N1	0.126619919125	2	1491	T	G
D1_N1	0.126758641938	1	494	T	C
D1_N1	0.127937533425	2	1259	T	A
D1_N1	0.1287590383	1	993	C	T
D1_N1	0.128877014257	2	679	G	T
D1_N1	0.129156442494	1	1441	A	C
D1_N1	0.129175444269	1	864	G	A
D1_N1	0.12921208229	1	1324	T	A
D1_N1	0.129445682085	1	235	T	A
D1_N1	0.129736197388	2	555	C	T
D1_N1	0.129859240672	2	1177	G	A
D1_N1	0.130159210845	2	309	A	G
D1_N1	0.130170706789	1	808	A	G
D1_N1	0.130535334205	1	1461	A	T
D1_N1	0.130630674572	1	1060	T	A
D1_N1	0.130650323981	1	638	T	A
D1_N1	0.130778043282	2	1506	A	G
D1_N1	0.130987682165	2	1363	C	A
D1_N1	0.131027090705	2	1073	G	A
D1_N1	0.131467711624	2	1270	A	C
D1_N1	0.131764350068	1	1197	C	A
D1_N1	0.132379425061	2	1558	A	G
D1_N1	0.132450258162	1	126	C	T
D1_N1	0.133138216055	2	31	G	C
D1_N1	0.133164084546	2	1481	A	T
D1_N1	0.13342345503	2	141	C	T
D1_N1	0.133522583879	2	1148	A	G
D1_N1	0.13379063906	1	11	C	T
D1_N1	0.133889750273	1	392	G	A
D1_N1	0.134040443979	2	915	A	T
D1_N1	0.134214827074	1	45	A	C
D1_N1	0.134820374722	1	1496	T	G
D1_N1	0.134979691579	2	1474	T	G
D1_N1	0.134997234945	1	1170	C	T
D1_N1	0.135092177183	2	465	A	G
D1_N1	0.136184199152	1	1311	G	A
D1_N1	0.136548409551	1	475	G	A
D1_N1	0.136559115571	2	1059	T	C
D1_N1	0.137066310828	2	1061	G	A
D1_N1	0.137122005756	1	929	A	C
D1_N1	0.137278544691	2	1291	T	C
D1_N1	0.137941600145	2	1242	C	A
D1_N1	0.138050755691	2	1499	C	T
D1_N1	0.138157289793	1	1175	A	T
D1_N1	0.138338523624	1	887	C	A
D1_N1	0.139162728364	1	288	G	T
D1_N1	0.139323663565	2	1249	C	G
D1_N1	0.139564187701	2	252	C	G
D1_N1	0.139603972049	2	306	T	C
D1_N1	0.139791532868	2	862	C	T
D1_N1	0.139931509873	2	261	G	A
D1_N1	0.140155166527	2	445	A	T
D1_N1	0.140170379117	2	352	T	C
D1_N1	0.140747886487	1	255	C	T
D1_N1	0.141219310924	2	1237	C	T
D1_N1	0.141338350397	2	1271	C	T
D1_N1	0.141353841687	2	79	T	G
D1_N1	0.141452645859	2	293	A	T
D1_N1	0.142017302325	1	1450	C	T
D1_N1	0.142046961487	1	832	A	G
D1_N1	0.142541976445	1	1056	C	T
D1_N1	0.142742147584	2	428	A	T
D1_N1	0.14275556955	2	688	G	A
D1_N1	0.143322340736	1	960	A	G
D1_N1	0.143365424469	2	90	A	C
D1_N1	0.143468410928	2	477	A	C
D1_N1	0.143505205113	1	1096	A	T
D1_N1	0.14368020332	1	223	G	A
D1_N1	0.143861728418	2	125	G	A
D1_N1	0.144101830397	1	111	G	A
D1_N1	0.144110147456	1	345	T	C
D1_N1	0.144140451105	2	1369	G	C
D1_N1	0.14422807132	2	99	G	A
D1_N1	0.144435366635	2	271	C	A
D1_N1	0.145070113501	1	36	A	G
D1_N1	0.14548626137	1	3	A	G
D1_N1	0.145854085378	1	404	G	A
D1_N1	0.14587276602	1	245	G	C
D1_N1	0.1461982501	1	848	A	T
D1_N1	0.146566829642	1	658	T	C
D1_N1	0.146833969417	1	581	A	G
D1_N1	0.147066093532	1	162	T	C
D1_N1	0.147368377479	2	830	C	T
D1_N1	0.148374671057	1	10	T	A
D1_N1	0.149041831253	1	343	T	A
D1_N1	0.149520906719	2	1401	A	T
D1_N1	0.149719402705	2	1200	G	C
D1_N1	0.150004696452	2	85	G	A
D1_N1	0.150024415638	1	59	T	A
D1_N1	0.150583034082	1	545	T	C
D1_N1	0.150611927788	2	111	T	C
D1_N1	0.150634860878	1	1520	C	T
D1_N1	0.151060190691	1	459	G	A
D1_N1	0.151082220197	1	1043	T	C
D1_N1	0.151154745199	1	1438	A	T
D1_N1	0.151155596147	2	467	T	G
D1_N1	0.151774428501	1	942	C	T
D1_N1	0.152043775836	2	890	C	A
D1_N1	0.152284202853	2	1349	C	G
D1_N1	0.152407499191	1	727	T	A
D1_N1	0.152527695613	1	1467	C	T
D1_N1	0.152528644845	2	567	C	G
D1_N1	0.152623322355	1	26	G	A
D1_N1	0.152675429688	1	66	T	G
D1_N1	0.152982333336	1	576	T	A
D1_N1	0.153058947531	2	1151	T	G
D1_N1	0.153348458912	1	388	A	T
D1_N1	0.153387580357	2	1177	A	G
D1_N1	0.153595299721	1	470	T	A
D1_N1	0.153689631142	1	686	T	G
D1_N1	0.153865889406	2	1437	A	G
D1_N1	0.154284389255	2	1215	C	G
D1_N1	0.155196131132	1	328	C	A
D1_N1	0.155234464244	2	355	A	G
D1_N1	0.156039077328	2	1327	C	T
D1_N1	0.156462669725	1	848	T	C
D1_N1	0.156989890824	2	1038	T	C
D1_N1	0.157089797509	1	1003	T	G
D1_N1	0.157133309718	2	1364	G	A
D1_N1	0.157189071373	1	397	T	C
D1_N1	0.157503969495	2	1281	C	T
D1_N1	0.157517006628	1	32	T	C
D1_N1	0.157794224684	1	1370	A	G
D1_N1	0.158225801108	2	65	T	G
D1_N1	0.158392154066	2	32	T	C
D1_N1	0.158394118459	2	1362	A	T
D1_N1	0.158406871815	2	1481	T	G
D1_N1	0.160023600619	2	1079	G	A
D1_N1	0.16050791927	2	787	A	C
D1_N1	0.160844635199	2	217	T	A
D1_N1	0.161245517482	2	771	A	G
D1_N1	0.161552322035	2	1421	G	T
D1_N1	0.162865881873	2	895	T	A
D1_N1	0.162923200705	2	454	C	T
D1_N1	0.163141786532	2	766	A	G
D1_N1	0.163396635048	2	956	C	T
D1_N1	0.163414317743	2	273	A	T
D1_N1	0.16357712851	1	1568	A	G
D1_N1	0.163769330607	1	992	G	A
D1_N1	0.16411330059	1	441	G	A
D1_N1	0.164291858212	1	811	C	T
D1_N1	0.164307685205	2	1138	C	T
D1_N1	0.164871868634	2	119	G	A
D1_N1	0.165218318375	2	726	G	C
D1_N1	0.165312219319	1	1383	A	G
D1_N1	0.165980059471	1	1486	T	A
D1_N1	0.16627457214	1	1135	T	C
D1_N1	0.166669173388	1	475	A	G
D1_N1	0.167083085779	1	883	A	G
D1_N1	0.167293196965	2	929	A	T
D1_N1	0.167795959414	1	963	T	C
D1_N1	0.168004557343	1	589	T	G
D1_N1	0.168296947973	1	1070	G	T
D1_N1	0.168518226831	2	777	A	G
D1_N1	0.168627192801	2	1147	A	G
D1_N1	0.168952610035	1	1395	T	C
D1_N1	0.169151249777	2	455	G	A
D1_N1	0.169371348241	1	1447	G	T
D1_N1	0.169377889811	1	1471	G	C
D1_N1	0.169561384181	2	218	G	A
D1_N1	0.170436641745	2	1189	T	C
D1_N1	0.170511868598	1	926	T	A
D1_N1	0.170571987859	1	174	C	G
D1_N1	0.170842028084	2	922	G	A
D1_N1	0.170863354533	1	126	T	A
D1_N1	0.17201529389	2	1255	A	T
D1_N1	0.172328340787	1	78	A	C
D1_N1	0.172736319964	1	994	C	T
D1_N1	0.172746244652	2	1141	A	C
D1_N1	0.172792940365	2	353	C	A
D1_N1	0.173000167555	1	771	A	G
D1_N1	0.173358178287	1	152	T	A
D1_N1	0.173707524634	1	1137	G	A
D1_N1	0.174072600592	1	395	C	T
D1_N1	0.174661948792	2	1499	T	C
D1_N1	0.175077096312	2	949	G	A
D1_N1	0.175771130712	1	1044	T	A
D1_N1	0.176240267263	2	255	G	A
D1_N1	0.176583166908	2	475	G	A
D1_N1	0.177784319789	1	563	C	G
D1_N1	0.178854759436	1	868	G	T
D1_N1	0.178883836405	2	848	G	A
D1_N1	0.1792578931	2	1284	T	C
D1_N1	0.180948169646	1	1475	C	T
D1_N1	0.181276139664	1	1445	A	G
D1_N1	0.181488532599	1	708	C	T
D1_N1	0.182292740335	2	956	T	A
D1_N1	0.182341524499	1	404	A	T
D1_N1	0.182477077904	2	666	A	G
D1_N1	0.182506892437	1	8	A	G
D1_N1	0.18263588093	2	683	T	G
D1_N1	0.18263772312	1	1147	G	A
D1_N1	0.183400412571	2	531	A	G
D1_N1	0.183876521138	1	608	A	G
D1_N1	0.183929203345	1	1041	C	G
D1_N1	0.184238995844	2	140	C	T
D1_N1	0.184459446103	2	309	G	A
D1_N1	0.184524368729	1	344	C	T
D1_N1	0.185215641167	1	40	G	C
D1_N1	0.185338080518	1	1264	T	C
D1_N1	0.186032906455	1	79	T	C
D1_N1	0.186652079425	1	210	T	C
D1_N1	0.186786432509	2	880	T	C
D1_N1	0.186885211401	1	692	G	C
D1_N1	0.187205685538	1	1402	A	G
D1_N1	0.187717689047	2	1281	T	C
D1_N1	0.187914974367	2	898	A	C
D1_N1	0.187968909655	2	951	T	G
D1_N1	0.187986165253	1	337	A	G
D1_N1	0.188257046137	2	517	T	C
D1_N1	0.188568935557	1	231	C	T
D1_N1	0.188643650396	2	1217	A	G
D1_N1	0.188845255603	2	333	G	C
D1_N1	0.18941540159	2	530	G	T
D1_N1	0.189872396521	1	292	C	T
D1_N1	0.190443121638	2	703	C	T
D1_N1	0.190454261584	2	277	C	A
D1_N1	0.19121526743	2	1577	A	C
D1_N1	0.191754858182	1	1483	G	A
D1_N1	0.191860907435	1	46	G	T
D1_N1	0.192031600453	1	1508	G	A
D1_N1	0.192118600489	2	29	C	T
D1_N1	0.192956006169	2	542	A	C
D1_N1	0.193238048428	1	1485	T	A
D1_N1	0.193406919693	1	824	G	C
D1_N1	0.193856566965	2	1296	T	A
D1_N1	0.19441626368	1	91	C	T
D1_N1	0.194492713491	2	210	T	A
D1_N1	0.194760102927	1	862	C	T
D1_N1	0.194814179965	1	1205	A	T
D1_N1	0.195411315252	1	96	A	C
D1_N1	0.195449959126	2	400	C	G
D1_N1	0.196011630102	1	118	A	C
D1_N1	0.196116630362	1	699	T	G
D1_N1	0.196297403331	1	138	A	T
D1_N1	0.197445429512	2	18	A	G
D1_N1	0.197750876908	1	765	G	T
D1_N1	0.197770654237	1	1369	G	A
D1_N1	0.198891939571	1	285	C	G
D1_N1	0.19915312352	2	1130	G	A
D1_N1	0.199576134303	2	771	G	A
D1_N1	0.200146687687	1	1027	A	C
D1_N1	0.201002412719	1	691	T	A
D1_N1	0.20136723553	2	1381	T	A
D1_N1	0.201428496882	1	858	C	T
D1_N1	0.20178885109	1	1078	A	G
D1_N1	0.202041101672	2	1574	A	C
D1_N1	0.202103768692	1	709	T	C
D1_N1	0.202303523101	1	542	A	C
D1_N1	0.202431622438	2	513	A	C
D1_N1	0.202941589781	2	931	C	T
D1_N1	0.203278927672	2	24	T	A
D1_N1	0.203309659528	2	660	C	T
D1_N1	0.203401476953	2	1067	T	C
D1_N1	0.203525730145	1	24	T	A
D1_N1	0.203765767769	1	1402	G	C
D1_N1	0.203924855263	2	321	G	C
D1_N1	0.204717349761	2	654	A	G
D1_N1	0.205268228844	1	533	G	A
D1_N1	0.20588204202	1	978	T	C
D1_N1	0.206200766888	1	1129	C	T
D1_N1	0.206202782624	1	50	T	G
D1_N1	0.206660336372	2	687	G	A
D1_N1	0.207117112544	1	168	C	T
D1_N1	0.207447729919	1	1336	A	G
D1_N1	0.207648154185	2	1449	G	T
D1_N1	0.207901101903	1	1380	T	A
D1_N1	0.207972588174	2	1346	T	A
D1_N1	0.207984787225	1	218	G	A
D1_N1	0.208208778844	1	436	G	C
D1_N1	0.208226459244	1	210	C	A
D1_N1	0.208467792041	2	1553	T	G
D1_N1	0.209149347859	2	972	G	A
D1_N1	0.209293669175	1	488	A	T
D1_N1	0.209345308759	2	762	C	T
D1_N1	0.209601430805	2	319	C	T
D1_N1	0.209727568382	1	133	G	A
D1_N1	0.210021065672	1	599	C	T
D1_N1	0.210311721488	1	1280	G	A
D1_N1	0.21082911814	2	1082	A	T
D1_N1	0.210919561487	2	1204	T	A
D1_N1	0.211157426169	1	529	C	T
D1_N1	0.211208657138	1	265	C	T
D1_N1	0.211479292417	1	472	C	T
D1_N1	0.211558912659	2	399	T	C
D1_N1	0.212109571241	2	1537	G	T
D1_N1	0.212553235439	1	826	A	T
D1_N1	0.212622702007	2	299	T	C
D1_N1	0.212760493437	2	846	C	G
D1_N1	0.213513784019	2	847	T	C
D1_N1	0.213891349544	2	694	G	A
D1_N1	0.214168129768	1	183	G	T
D1_N1	0.214210617077	1	215	A	G
D1_N1	0.214382580333	2	807	T	C
D1_N1	0.214578061501	1	768	A	C
D1_N1	0.215314851221	1	13	A	C
D1_N1	0.215747379235	1	870	G	A
D1_N1	0.215792537865	2	493	G	T
D1_N1	0.216654370486	1	405	G	T
D1_N1	0.21685290095	1	1448	A	T
D1_N1	0.217133987352	1	906	G	C
D1_N1	0.217257188407	2	658	T	C
D1_N1	0.217406072358	1	1100	T	C
D1_N1	0.217791153663	2	1491	G	T
D1_N1	0.218018704649	2	1444	A	G
D1_N1	0.218019759005	1	914	G	A
D1_N1	0.218062582538	1	121	T	G
D1_N1	0.218100252528	1	275	T	A
D1_N1	0.219040339905	2	609	T	C
D1_N1	0.219043430431	1	1353	G	A
D1_N1	0.219253803298	2	1265	T	C
D1_N1	0.219422653944	2	478	C	T
D1_N1	0.219588777753	1	1252	T	C
D1_N1	0.219747283646	2	777	G	A
D1_N1	0.220017055503	2	609	C	T
D1_N1	0.220584831268	1	775	G	T
D1_N1	0.22160471735	2	250	A	T
D1_N1	0.222204249919	2	1499	C	A
D1_N1	0.222303311605	1	1434	T	A
D1_N1	0.222860777282	1	1269	T	C
D1_N1	0.223082021617	2	356	T	G
D1_N1	0.22316801277	1	908	T	A
D1_N1	0.22403957126	1	1142	G	T
D1_N1	0.224287960538	2	994	C	T
D1_N1	0.224526862007	1	118	C	T
D1_N1	0.225268400906	1	1450	T	A
D1_N1	0.225342980268	2	286	T	G
D1_N1	0.225778395245	2	144	T	C
D1_N1	0.226515215095	2	387	G	T
D1_N1	0.226839597929	1	474	G	A
D1_N1	0.228092900096	2	200	T	C
D1_N1	0.228736117991	2	308	A	T
D1_N1	0.22888976057	2	1278	G	T
D1_N1	0.229939771262	1	1320	A	G
D1_N1	0.230495283048	2	992	G	A
D1_N1	0.230564821488	1	227	A	G
D1_N1	0.230651657798	1	467	T	G
D1_N1	0.230878416293	2	165	G	T
D1_N1	0.231058838729	2	1427	A	G
D1_N1	0.231207980702	2	581	A	T
D1_N1	0.231609135792	2	727	G	C
D1_N1	0.231611094871	1	427	A	T
D1_N1	0.231850696472	1	128	C	T
D1_N1	0.231870128053	1	1361	G	A
D1_N1	0.232869810032	1	314	T	C
D1_N1	0.23301377943	2	1181	G	C
D1_N1	0.233025166472	1	1018	G	C
D1_N1	0.233415051479	1	687	A	T
N1_N2	0.000587640660952	2	600	T	G
N1_N2	0.00187424808104	1	1163	T	C
N1_N2	0.00206321593889	1	404	T	A
N1_N2	0.00243290958528	1	940	A	G
N1_N2	0.00265027433563	2	107	A	G
N1_N2	0.00287568096164	1	522	G	T
N1_N2	0.00396115848632	2	1295	G	T
N1_N2	0.00434688102091	2	884	G	T
N1_N2	0.00458592942382	2	1340	T	C
N1_N2	0.00464905259728	2	700	A	T
N1_N2	0.00482946552156	1	422	C	A
N1_N2	0.00506391551418	1	1549	T	A
N1_N2	0.00506609911126	2	635	A	G
N1_N2	0.00538639696667	2	95	G	T
N1_N2	0.00556992788357	2	753	C	T
N1_N2	0.0058496476098	2	1270	C	T
N1_N2	0.00593030197425	2	882	C	A
N1_N2	0.00594504070642	2	1377	C	A
N1_N2	0.00705864241063	2	1298	C	T
N1_N2	0.00722478514591	2	1314	T	C
N1_N2	0.00757368046723	1	261	C	T
N1_N2	0.00864171880411	1	319	C	G
N1_N2	0.00868102700768	2	1437	G	A
N1_N2	0.00931688614174	2	380	T	G
N1_N2	0.00942308719411	1	836	T	A
N1_N2	0.00989519651778	1	821	A	C
N1_N2	0.00991736930384	2	543	A	G
N1_N2	0.00999804724026	2	1465	G	A
N1_N2	0.0102582706656	1	698	A	G
N1_N2	0.0102654243068	1	13	C	T
N1_N2	0.0103227588872	2	1272	A	G
N1_N2	0.0104388882984	2	617	G	T
N1_N2	0.0107349181221	2	1519	G	T
N1_N2	0.0115978059412	2	986	C	T
N1_N2	0.0118052380532	1	752	G	A
N1_N2	0.0120242323603	1	221	A	G
N1_N2	0.013233522505	2	400	G	A
N1_N2	0.0132802785949	1	1465	G	A
N1_N2	0.0136181706218	2	543	G	T
N1_N2	0.014135128397	2	1369	C	T
N1_N2	0.0142550395966	1	116	C	T
N1_N2	0.0144019726551	1	726	T	C
N1_N2	0.014432232562	2	1433	A	C
N1_N2	0.0152324996133	2	1348	G	A
N1_N2	0.0152445919296	2	641	A	G
N1_N2	0.0156689384555	2	125	A	G
N2_N3	0.000132036547697	1	974	T	G
N2_N3	0.000166757503432	2	72	C	T
N2_N3	0.000256493044425	2	1156	G	A
N2_N3	0.000754047501374	1	943	T	A
N2_N3	0.000963693390161	2	602	G	C
N2_N3	0.00112681832481	2	45	A	G
N2_N3	0.00128685391774	1	1315	C	G
N2_N3	0.0014959532538	1	546	T	C
N2_N3	0.00162622302192	1	818	A	G
N2_N3	0.00178468472371	1	154	G	A
N2_N3	0.00271405642396	1	1415	C	T
N2_N3	0.00298813828413	1	10	A	C
N2_N3	0.00359786810947	2	522	G	A
N2_N3	0.00367566955185	1	225	T	C
N2_N3	0.00399266779169	1	1123	A	T
N2_N3	0.00416766100898	1	894	A	G
N2_N3	0.00426269993268	2	1289	C	T
N2_N3	0.00439647372361	1	1017	G	T
N2_N3	0.0044642513387	1	1033	G	A
N2_N3	0.00485587951581	2	747	T	C
N2_N3	0.00492433563984	2	1037	C	T
N2_N3	0.00514243310017	1	623	A	G
N2_N3	0.00518261879192	2	795	T	A
N2_N3	0.00519388215261	2	160	A	T
N2_N3	0.00528405261006	2	458	G	T
N2_N3	0.00530247329853	2	1505	G	A
N2_N3	0.0058233464297	2	1030	G	A
N2_N3	0.00595956048154	2	1119	A	G
N2_N3	0.00601359251311	2	596	A	G
N2_N3	0.00635954004465	1	531	C	T
N2_N3	0.00673008393912	1	520	A	T
N2_N3	0.00677284879037	1	1132	G	A
N3_N4	0.000432249736183	2	931	T	C
N3_N4	0.00056769380894	1	1231	A	G
N3_N4	0.000903341427757	1	117	A	T
N3_N4	0.00133144184352	1	364	T	C
N3_N4	0.00208623365587	1	333	G	A
N3_N4	0.00223329363654	1	957	C	A
N3_N4	0.00297999115214	1	857	G	C
N3_N4	0.00303469854887	2	1529	A	G
N3_N4	0.00329575172763	1	1428	C	A
N3_N4	0.00331170599937	1	130	G	A
N3_N4	0.00354242710516	1	945	T	C
N3_N4	0.00356306992553	2	1115	G	A
N3_N4	0.00368495222635	2	163	T	C
N3_N4	0.00385279266747	2	490	T	C
N3_N4	0.00466769906171	2	304	T	G
N3_N4	0.00475480527345	2	550	G	C
N3_N4	0.00480655311008	1	1294	A	T
N3_N4	0.00486553838843	2	1047	A	G
N3_N4	0.0049866805158	2	364	T	G
N3_N4	0.00512312590238	1	398	A	G
N3_N4	0.00602981251366	2	1073	A	G
N3_N4	0.0060769779104	2	891	T	G
N3_N4	0.00626079248971	1	911	A	C
N3_N4	0.00651994252249	1	1497	T	C
N3_N4	0.00687420794524	1	462	G	C
N3_N4	0.00692284501613	1	857	C	T
N3_N4	0.00699775782855	2	45	G	C
N3_N4	0.00702025521467	2	754	C	G
N3_N4	0.00716288636385	1	1278	G	T
N3_N4	0.0072818442991	2	723	A	T
N3_N4	0.00758942673184	2	1093	C	G
N3_N4	0.00773054432444	1	1384	C	G
N3_N4	0.00788626765928	1	1384	G	A
N3_N4	0.00839244860042	2	373	T	C
N3_N4	0.00855586735217	1	1196	T	G
N3_N4	0.00857335336631	1	162	C	G
N3_N4	0.00860116427108	1	987	T	C
N3_N4	0.00868886877174	2	613	C	A
N3_N4	0.0087472138748	2	323	G	C
N3_N4	0.00883535309151	2	629	C	T
N4_Human	0.000131040081962	1	190	C	T
N4_Human	0.000705459856719	2	562	C	A
N4_Human	0.00213944499102	2	1283	T	A
N4_Human	0.00222664989121	2	733	A	T
N4_Human	0.0026078986947	1	187	G	A
N4_Human	0.00323781805801	1	991	C	T
N4_Human	0.0039114399479	2	511	G	A
N4_Human	0.00409576294224	2	1074	G	T
N4_Human	0.00413165105384	2	986	T	A
N4_Human	0.00413905616107	2	695	T	C
N4_Human	0.00424887333386	1	1424	T	C
N4_Human	0.00431804393445	2	1546	A	C
N4_Human	0.00456503290984	1	490	T	C
N4_Human	0.00487549878939	2	1150	C	T
N4_Human	0.00495649818395	2	1307	A	T
N4_Human	0.00502555138861	2	793	C	T
N4_Human	0.00525272547062	2	251	C	G
N4_Human	0.00529234115953	1	107	A	T
N4_Human	0.00545893752211	1	306	A	C
N4_Human	0.00624020075434	2	1281	C	A
N4_Human	0.00708151573856	2	751	T	C
N4_Human	0.00714483359536	1	1347	C	G
N4_Human	0.00743642399654	1	907	C	T
N4_Human	0.00750196058631	1	1005	T	C
N4_Human	0.00763042540835	1	1214	T	A
N4_Human	0.00764347977593	2	143	C	T
N4_Human	0.00822977435306	2	1143	C	G
N4_Human	0.00864588176151	1	1186	C	T
N4_Human	0.00882167497841	2	680	A	G
N4_Human	0.00900998887216	2	1133	T	C
N4_Human	0.00927685789641	2	1219	G	A
N4_Human	0.00956351834383	1	1136	A	G
N4_Human	0.00974490584855	2	1375	T	C
N4_Human	0.00975800029112	2	607	A	G
N4_Human	0.0103052760417	2	1406	G	T
N4_Human	0.0103458601297	2	374	G	T
N4_Human	0.0104235932277	2	235	T	A
N4_Chimp	0.000244644467949	2	456	G	T
N4_Chimp	0.000593849654855	1	1350	G	A
N4_Chimp	0.000680737453908	2	378	C	T
N4_Chimp	0.000909700326209	1	276	T	C
N4_Chimp	0.000916647477151	2	575	T	C
N4_Chimp	0.00113639269925	2	263	T	A
N4_Chimp	0.00121803318515	2	1310	T	A
N4_Chimp	0.00181828571918	1	1386	C	A
N4_Chimp	0.00211200705375	2	238	A	C
N4_Chimp	0.00273950898193	2	116	A	G
N4_Chimp	0.00279199125506	1	1117	C	A
N4_Chimp	0.00287106758021	2	1137	G	A
N4_Chimp	0.00324801793853	2	951	G	A
N4_Chimp	0.00325631218181	1	10	C	A
N4_Chimp	0.00404875931373	1	1223	C	T
N4_Chimp	0.0044802439593	1	1170	T	A
N4_Chimp	0.00496921471807	1	1293	T	G
N4_Chimp	0.00512388345623	1	1516	T	C
N4_Chimp	0.00516919022469	1	1334	C	A
N4_Chimp	0.00537497084401	2	1316	A	G
N4_Chimp	0.00584215360707	2	989	T	C
N4_Chimp	0.00724290276661	2	959	A	G
N4_Chimp	0.00740989987	1	1013	C	T
N4_Chimp	0.00750922773518	2	124	C	T
N4_Chimp	0.00771502563705	2	667	T	C
N4_Chimp	0.00777787151198	1	311	T	G
N4_Chimp	0.00811934578884	1	526	T	G
N4_Chimp	0.00831291171235	1	269	A	T
N4_Chimp	0.00853585653549	2	676	G	A
N4_Chimp	0.00892930925488	1	1558	C	T
N4_Chimp	0.00923861547786	1	37	G	A
N4_Chimp	0.0101891865987	2	797	A	G
N4_Chimp	0.0102316725033	1	1258	C	T
N4_Chimp	0.0104249097792	2	532	T	C
N4_Chimp	0.0106130820135	2	1257	T	A
N4_Chimp	0.0109919981515	2	739	T	G
N4_Chimp	0.0110267966868	1	1063	T	A
N4_Chimp	0.0111050689183	2	1140	A	G
N4_Chimp	0.0111227903103	2	824	A	G
N3_Goril	0.00036720533137	2	1368	T	A
N3_Goril	0.00135503974407	2	860	A	G
N3_Goril	0.00143246721936	2	392	G	A
N3_Goril	0.0014978549726	2	1391	C	A
N3_Goril	0.00187440933772	1	290	T	C
N3_Goril	0.00226304041535	1	12	A	G
N3_Goril	0.00248466994316	1	16	T	A
N3_Goril	0.00258357800798	2	406	C	G
N3_Goril	0.00278471680427	1	768	C	T
N3_Goril	0.0038667751071	1	430	C	G
N3_Goril	0.00391569781312	1	758	A	G
N3_Goril	0.00470854236455	2	709	T	C
N3_Goril	0.00537711532612	1	834	A	G
N3_Goril	0.00555357700075	2	495	A	T
N3_Goril	0.00826336403202	1	1050	C	T
N3_Goril	0.00859468422324	2	680	A	C
N3_Goril	0.00862615508703	2	1260	T	A
N3_Goril	0.00862790823181	1	1473	C	G
N3_Goril	0.009054022284	2	1449	T	C
N3_Goril	0.00911801004238	2	333	C	T
N3_Goril	0.00982558056424	1	1171	A	G
N3_Goril	0.00985517261382	2	573	T	C
N3_Goril	0.0100005830333	2	999	A	T
N3_Goril	0.0100423601693	1	1562	T	C
N3_Goril	0.0103577576061	1	1142	T	C
N3_Goril	0.0103608916482	2	394	A	T
N3_Goril	0.0106045600489	1	339	C	T
N3_Goril	0.0107008111746	2	1286	T	C
N3_Goril	0.0107338897546	2	615	C	T
N3_Goril	0.0110061776375	2	850	T	G
N3_Goril	0.0110743467982	2	946	C	T
N3_Goril	0.0118812062444	1	1060	A	G
N3_Goril	0.011942614149	1	1178	A	G
N3_Goril	0.0121996682654	1	1196	T	C
N3_Goril	0.0123711747997	2	103	G	T
N3_Goril	0.012667464519	1	1265	T	C
N3_Goril	0.013392209617	2	1425	C	T
N3_Goril	0.0133948527109	1	694	G	T
N3_Goril	0.0140917692189	1	513	C	T
N3_Goril	0.0149454036365	2	15	A	G
N3_Goril	0.0149462877005	1	888	T	G
N3_Goril	0.0149594563768	1	244	C	T
N3_Goril	0.0149952744706	1	857	G	T
N3_Goril	0.0158101162557	2	1129	C	T
N3_Goril	0.0167727763231	1	756	C	A
N3_Goril	0.0168229961415	1	1263	A	T
N3_Goril	0.0169310909347	2	1293	T	C
N3_Goril	0.0174603087887	2	1147	G	A
N3_Goril	0.0175147563188	2	1286	C	G
N3_Goril	0.0176084185204	2	1087	A	T
N3_Goril	0.0178077976289	1	876	C	T
N3_Goril	0.0180730686343	2	965	A	G
N3_Goril	0.0181870627571	1	778	C	A
N3_Goril	0.0181914423725	2	594	G	A
N3_Goril	0.0183191175046	1	1529	C	A
N3_Goril	0.0189268933117	1	554	C	T
N3_Goril	0.0191685872391	2	1487	A	C
N3_Goril	0.0193368362369	2	1513	C	G
N3_Goril	0.0197531672643	1	1113	T	C
N3_Goril	0.019931550742	2	1503	A	G
N2_Orang	0.000823922462186	1	1299	T	G
N2_Orang	0.000850272310506	1	425	T	C
N2_Orang	0.00087403691969	2	62	G	A
N2_Orang	0.00088265828814	1	1540	G	A
N2_Orang	0.000967432883809	2	1330	G	C
N2_Orang	0.00138364683077	1	1016	T	C
N2_Orang	0.00145265349054	1	1453	C	T
N2_Orang	0.00151720773743	2	1512	A	G
N2_Orang	0.00181178099061	2	1369	T	C
N2_Orang	0.00199814926812	2	275	T	C
N2_Orang	0.00319684428045	2	1521	C	T
N2_Orang	0.00345399628355	1	1465	A	T
N2_Orang	0.00389667433402	1	445	T	A
N2_Orang	0.00392874680047	2	579	A	G
N2_Orang	0.00397658546761	1	838	G	T
N2_Orang	0.00404904025313	1	587	G	C
N2_Orang	0.00405799951357	2	71	T	C
N2_Orang	0.0042313314646	2	1197	C	T
N2_Orang	0.00489195403173	2	1293	T	G
N2_Orang	0.00499565367213	2	1502	T	G
N2_Orang	0.00528744694199	2	263	T	A
N2_Orang	0.00575090185294	2	383	A	C
N2_Orang	0.00581263431752	1	48	G	A
N2_Orang	0.00590045428934	1	247	G	A
N2_Orang	0.00597943883139	1	1154	C	T
N2_Orang	0.00599411922731	1	483	G	C
N2_Orang	0.00601523945797	1	231	T	A
N2_Orang	0.00616060327503	1	628	T	A
N2_Orang	0.00625224288692	2	497	A	C
N2_Orang	0.00725837634906	1	1508	A	G
N2_Orang	0.00734170337124	2	1564	T	A
N2_Orang	0.00765074766822	1	8	G	T
N2_Orang	0.00791803307341	1	1393	G	T
N2_Orang	0.00853915584015	2	327	C	T
N2_Orang	0.00906797567097	2	254	G	A
N2_Orang	0.00949702204253	2	637	C	T
N2_Orang	0.00962911609885	2	570	A	C
N2_Orang	0.0104081242939	2	21	G	T
N2_Orang	0.0105109193988	1	936	C	T
N2_Orang	0.0111687501805	2	848	C	T
N2_Orang	0.0115410247348	2	414	G	A
N2_Orang	0.0116489506298	1	1275	T	C
N2_Orang	0.0119783798841	1	610	G	A
N2_Orang	0.0123176497851	2	20	G	A
N2_Orang	0.012396090044	2	505	C	T
N2_Orang	0.0124583681244	1	868	T	G
N2_Orang	0.0124906348306	2	346	T	C
N2_Orang	0.012778109922	1	1050	C	G
N2_Orang	0.0137159315764	2	265	C	T
N2_Orang	0.0139195417112	1	68	T	C
N2_Orang	0.0145962030776	2	41	T	A
N2_Orang	0.0148768880377	1	1460	A	C
N2_Orang	0.0150453357104	1	1499	C	T
N2_Orang	0.0152529978473	2	670	T	A
N2_Orang	0.0158945567893	1	975	T	A
N2_Orang	0.015935347221	2	1234	G	T
N2_Orang	0.0163430826227	2	1145	G	A
N2_Orang	0.0165590546799	1	122	T	A
N2_Orang	0.0168170627988	2	768	A	G
N2_Orang	0.0168452459238	2	697	A	T
N2_Orang	0.0169379971128	1	1538	G	A
N2_Orang	0.0170845814815	2	11	C	T
N2_Orang	0.017146246147	2	1465	A	G
N2_Orang	0.017428376622	1	1024	T	C
N2_Orang	0.0175012156714	2	1278	T	A
N2_Orang	0.0177007070655	1	418	T	C
N2_Orang	0.0177483959554	2	756	C	A
N2_Orang	0.0185100358858	1	693	A	T
N2_Orang	0.018637875801	2	803	G	A
N2_Orang	0.0187469806421	1	730	A	C
N1_Macaq	0.000298597712173	2	738	A	G
N1_Macaq	0.000390691036914	2	464	G	C
N1_Macaq	0.000895420361365	2	1459	G	A
N1_Macaq	0.00199712001821	2	246	T	A
N1_Macaq	0.00204969143018	2	1045	T	A
N1_Macaq	0.00238482024335	1	1355	A	C
N1_Macaq	0.00246087559189	2	897	A	G
N1_Macaq	0.0026888739014	1	1139	G	A
N1_Macaq	0.00273530367226	1	840	G	T
N1_Macaq	0.00360704037374	1	275	A	T
N1_Macaq	0.00383401618398	1	814	C	T
N1_Macaq	0.0038841104908	2	685	T	A
N1_Macaq	0.0042236029066	2	419	T	C
N1_Macaq	0.00424743627537	2	3	A	G
N1_Macaq	0.00530446592192	1	933	A	T
N1_Macaq	0.00539507913202	2	1099	T	C
N1_Macaq	0.00544876583741	1	414	G	C
N1_Macaq	0.00548599662106	2	313	T	C
N1_Macaq	0.00554338471054	1	405	T	C
N1_Macaq	0.00611584132842	2	483	G	A
N1_Macaq	0.00622112019936	2	1144	C	A
N1_Macaq	0.00708977415535	1	1460	A	T
N1_Macaq	0.00719774551461	2	188	A	G
N1_Macaq	0.00726154170682	1	1411	G	A
N1_Macaq	0.00759950068271	1	1137	A	C
N1_Macaq	0.00811206958704	1	370	T	A
N1_Macaq	0.00842839460001	2	1355	A	G
N1_Macaq	0.00850542586945	1	1304	T	C
N1_Macaq	0.00856132902103	2	822	T	A
N1_Macaq	0.0089183440393	1	1574	A	G
N1_Macaq	0.00918850957534	2	110	A	C
N1_Macaq	0.00997059905046	2	1146	G	A
N1_Macaq	0.0108087621525	2	1468	C	A
N1_Macaq	0.0110543519465	1	707	T	C
N1_Macaq	0.0113055345768	2	56	C	T
N1_Macaq	0.0113968504885	2	66	T	A
N1_Macaq	0.0120111723728	2	437	G	T
N1_Macaq	0.0131685882216	1	590	A	G
N1_Macaq	0.0133325794205	1	149	A	T
N1_Macaq	0.0134045041605	2	792	A	C
N1_Macaq	0.0136311508223	2	1124	G	A
N1_Macaq	0.0138965350057	1	1274	C	G
N1_Macaq	0.0140294617223	2	877	C	T
N1_Macaq	0.014086327075	2	1262	G	A
N1_Macaq	0.0141423602007	1	341	C	A
N1_Macaq	0.0141596927083	2	1572	A	T
N1_Macaq	0.0146455474266	1	1352	A	C
N1_Macaq	0.0151376455724	1	415	A	T
N1_Macaq	0.0155933194797	1	1295	T	A
N1_Macaq	0.0158741633823	2	1121	A	G
N1_Macaq	0.0159317739831	1	22	A	G
N1_Macaq	0.0159690755906	2	623	G	A
N1_Macaq	0.0166415233962	2	598	G	A
N1_Macaq	0.0167632902832	1	1327	C	A
N1_Macaq	0.0167768114706	2	480	A	G
N1_Macaq	0.0169532327013	2	1013	C	G
N1_Macaq	0.0170191068273	2	609	T	C
N1_Macaq	0.0172522876094	1	1252	C	A
N1_Macaq	0.0176665998058	1	237	G	T
N1_Macaq	0.017682802038	1	67	G	A
N1_Macaq	0.0182419282948	1	636	A	G
N1_Macaq	0.0182681625421	1	703	T	G
N1_Macaq	0.0183488756067	2	736	C	T
N1_Macaq	0.0184676528805	2	1137	G	A
N1_Macaq	0.0187158257504	1	369	T	G
N1_Macaq	0.0189272105188	2	873	A	G
N1_Macaq	0.0191081589318	2	356	G	A
N1_Macaq	0.0193566116953	2	1349	G	A
N1_Macaq	0.0194859363489	1	757	C	G
N1_Macaq	0.0202950126108	1	495	A	T
N1_Macaq	0.0208856904103	1	1461	T	G
N1_Macaq	0.0209735088094	2	1	T	G
N1_Macaq	0.0213572034239	1	1395	C	T
N1_Macaq	0.0216112599611	2	745	T	C
N1_Macaq	0.0218130099663	2	238	A	G
N1_Macaq	0.0218639303332	2	63	A	T
N1_Macaq	0.0222299931316	2	1197	C	G
N1_Macaq	0.0230271823516	1	461	G	A
N1_Macaq	0.023118640902	1	1197	A	G
N1_Macaq	0.0235029557268	2	1546	A	T
N1_Macaq	0.0239103127187	1	408	C	T
N1_Macaq	0.0246636584581	2	1353	G	A
N1_Macaq	0.0254181330093	2	227	A	G
N1_Macaq	0.0255623032629	2	557	G	T
N1_Macaq	0.025670437472	2	1183	T	A
N1_Macaq	0.0262330762858	1	1447	T	G
N1_Macaq	0.0263261971233	2	1302	G	A
N1_Macaq	0.0265072769048	2	1343	A	G
N1_Macaq	0.0265264593542	2	267	A	C
N1_Macaq	0.0265827613357	1	1088	C	T
N1_Macaq	0.0266824972816	2	1114	C	A
N1_Macaq	0.0269150537772	1	618	G	C
N1_Macaq	0.0269407718097	1	964	A	G
N1_Macaq	0.0271189198096	1	1229	G	A
N1_Macaq	0.0272990161417	1	16	T	C
N1_Macaq	0.0278226566853	2	1563	C	G
N1_Macaq	0.0279471854438	2	168	C	G
N1_Macaq	0.0288268040849	2	1189	C	T
N1_Macaq	0.0288577207873	1	712	A	G
N1_Macaq	0.0300101938132	2	651	C	T
N1_Macaq	0.0308788143643	2	364	T	C
N1_Macaq	0.0319159222814	2	357	A	C
N1_Macaq	0.0324394942645	2	271	C	G
N1_Macaq	0.0335393171049	1	952	A	G
N1_Macaq	0.034141471564	2	721	C	T
N1_Macaq	0.0341925789651	2	150	T	C
N1_Macaq	0.0342705579823	1	1352	C	T
N1_Macaq	0.0344322127943	1	188	A	G
N1_Macaq	0.0345626227773	2	68	C	T
N1_Macaq	0.0346279739647	2	142	A	G
N1_Macaq	0.034818580282	2	821	A	T
N1_Macaq	0.0348598080802	1	786	G	C
N1_Macaq	0.0351750013346	1	1425	C	T
N1_Macaq	0.0357786635041	1	955	T	C
N1_Macaq	0.0363839031391	2	1009	G	A
N1_Macaq	0.0366049811751	1	1077	A	C
N1_Macaq	0.037146443793	2	1061	A	G
N1_Macaq	0.0373727305671	2	1261	G	C
N1_Macaq	0.0377052041701	2	1410	T	G
N1_Macaq	0.0406370319684	1	410	C	T
N1_Macaq	0.0409514150343	2	1382	G	A
N1_Macaq	0.0412329752258	1	1114	C	T
N1_Macaq	0.0413177027075	2	817	A	T
N1_Macaq	0.0417546356302	1	321	G	A
N1_Macaq	0.0420980401237	1	1368	T	A
N1_Macaq	0.0423573348522	1	579	A	G
N1_Macaq	0.0433173932371	1	858	T	G
N1_Macaq	0.0435007472214	1	289	A	G
N0_Mouse	0.00203522683846	0	1017	G	A
N0_Mouse	0.00244937140652	0	1021	T	A
N0_Mouse	0.00245103431099	0	67	G	C
N0_Mouse	0.0030089399966	0	68	C	T
N0_Mouse	0.00401654734878	0	892	G	T
N0_Mouse	0.0041984350038	0	1316	A	T
N0_Mouse	0.00427803249719	0	414	G	A
N0_Mouse	0.00429727835997	0	1564	T	C
N0_Mouse	0.00578740149007	0	228	G	A
N0_Mouse	0.00618963776495	0	308	A	T
N0_Mouse	0.00627839436931	0	1309	A	C
N0_Mouse	0.00631548063816	0	261	C	T
N0_Mouse	0.00642898554768	0	1159	T	A
N0_Mouse	0.0074860233015	0	769	A	T
N0_Mouse	0.00843074996716	0	517	T	A
N0_Mouse	0.00902343543071	0	1343	A	C
N0_Mouse	0.0113365128551	0	541	C	T
N0_Mouse	0.014108163485	0	730	A	C
N0_Mouse	0.0143655084178	0	1148	A	T
N0_Mouse	0.014891321782	0	1512	A	C
N0_Mouse	0.0153671883444	0	398	G	T
N0_Mouse	0.015555659819	0	1110	A	C
N0_Mouse	0.0158766135869	0	354	C	A
N0_Mouse	0.016289658788	0	154	G	A
N0_Mouse	0.0163840058475	0	1567	A	T
N0_Mouse	0.0169575404826	0	1264	C	A
N0_Mouse	0.0170385974656	0	83	T	A
N0_Mouse	0.0171712825161	0	1399	T	A
N0_Mouse	0.0185361923379	0	57	T	G
N0_Mouse	0.0201149334195	0	673	C	A
N0_Mouse	0.0206825829183	0	666	A	G
N0_Mouse	0.0215805967328	0	248	T	C
N0_Mouse	0.0219848569976	0	1366	A	G
N0_Mouse	0.0227394618448	0	656	A	T
N0_Mouse	0.0242115129639	0	611	C	G
N0_Mouse	0.0259942772908	0	575	T	C
N0_Mouse	0.0274648626285	0	79	T	C
N0_Mouse	0.0276685452982	0	1107	G	A
N0_Mouse	0.0282086963289	0	238	A	C
N0_Mouse	0.028604302311	0	743	A	G
N0_Mouse	0.0296462828429	0	1548	T	C
N0_Mouse	0.0302228437687	0	1141	A	C
N0_Mouse	0.0307442215335	0	1121	A	G
N0_Mouse	0.030987063724	0	1044	T	G
N0_Mouse	0.0322889814262	0	221	A	T
N0_Mouse	0.0330250860829	0	1128	A	G
N0_Mouse	0.0345471013364	0	274	C	T
N0_Mouse	0.0351737138623	0	692	G	A
N0_Mouse	0.0354256925877	0	1081	T	A
N0_Mouse	0.035568837194	0	566	A	C
N0_Mouse	0.0360632650843	0	54	C	T
N0_Mouse	0.0375454980362	0	1218	A	C
N0_Mouse	0.038217003144	0	146	G	A
N0_Mouse	0.0391415760914	0	1418	C	T
N0_Mouse	0.0407333475457	0	1321	A	G
N0_Mouse	0.0420500826148	0	1303	C	T
N0_Mouse	0.0442408837677	0	90	A	T
N0_Mouse	0.0445992796852	0	774	T	C
N0_Mouse	0.0448857883487	0	1078	A	G
N0_Mouse	0.0454495440876	0	814	C	A
N0_Mouse	0.0459101432597	0	494	T	A
N0_Mouse	0.0462065602257	0	846	C	T
N0_Mouse	0.0465608731691	0	1384	C	T
N0_Mouse	0.0476628295559	0	790	C	A
N0_Mouse	0.0500597894663	0	1193	T	G
N0_Mouse	0.0508571153167	0	382	C	T
N0_Mouse	0.0511529915276	0	1308	A	G
N0_Mouse	0.0523490631898	0	1426	T	G
N0_Mouse	0.0536601126793	0	551	T	A
N0_Mouse	0.05366747654	0	156	A	G
N0_Mouse	0.054092547662	0	1480	A	G
N0_Mouse	0.0556930069973	0	451	C	T
N0_Mouse	0.0564425127142	0	827	C	A
N0_Mouse	0.0567691694632	0	177	A	C
N0_Mouse	0.0577870541642	0	688	G	A
N0_Mouse	0.058086897076	0	729	T	G
N0_Mouse	0.0585442913289	0	1048	T	A
N0_Mouse	0.0587190401604	0	1526	G	A
N0_Mouse	0.0592681989543	0	1001	T	C
N0_Mouse	0.0602170863716	0	442	C	T
N0_Mouse	0.0610310839992	0	1183	T	A
N0_Mouse	0.0611212978838	0	1006	T	C
N0_Mouse	0.0622315366863	0	868	G	T
N0_Mouse	0.0622854596939	0	1558	C	G
N0_Mouse	0.0629465618014	0	757	C	A
N0_Mouse	0.0632875610316	0	1247	T	C
N0_Mouse	0.0634209561744	0	397	T	C
N0_Mouse	0.0660806218	0	583	G	T
N0_Mouse	0.0671087290597	0	326	A	C
N0_Mouse	0.0688118013955	0	1002	T	C
N0_Mouse	0.0696728813115	0	1243	A	T
N0_Mouse	0.0698830935657	0	1338	T	A
N0_Mouse	0.0714485349115	0	1167	T	C
N0_Mouse	0.0722260169492	0	390	A	T
N0_Mouse	0.0728276196964	0	806	A	C
N0_Mouse	0.0737586811824	0	859	G	T
N0_Mouse	0.0741502837147	0	725	T	A
N0_Mouse	0.0755480603924	0	788	A	G
N0_Mouse	0.0758840475186	0	154	A	T
N0_Mouse	0.077203244947	0	1007	A	G
N0_Mouse	0.077775188493	0	669	G	T
N0_Mouse	0.0783885376969	0	566	C	G
N0_Mouse	0.0788340116656	0	1079	T	A
N0_Mouse	0.0801851140686	0	413	G	C
N0_Mouse	0.0808447712878	0	1269	T	A
N0_Mouse	0.0809066452735	0	654	A	C
N0_Mouse	0.0816508939994	0	792	A	G
N0_Mouse	0.0818330402274	0	38	C	T
N0_Mouse	0.08264759717	0	1407	C	T
N0_Mouse	0.0828665110386	0	58	T	C
N0_Mouse	0.0838862331567	0	179	G	A
N0_Mouse	0.0842439101564	0	142	A	T
N0_Mouse	0.0843779435259	0	256	T	C
N0_Mouse	0.0844797383553	0	1524	G	A
N0_Mouse	0.0847891385612	0	199	C	T
N0_Mouse	0.0850579907846	0	861	T	A
N0_Mouse	0.0851601328639	0	1273	G	A
N0_Mouse	0.0858525598168	0	1058	C	T
N0_Mouse	0.086574573824	0	1503	A	T
N0_Mouse	0.0867580754329	0	1252	T	C
N0_Mouse	0.0872521959313	0	216	A	G
N0_Mouse	0.0876215762638	0	157	T	A
N0_Mouse	0.0881286748034	0	986	C	T
N0_Mouse	0.0887989493581	0	977	T	A
N0_Mouse	0.0891392960422	0	1026	G	C
N0_Mouse	0.0916584547894	0	843	T	A
N0_Mouse	0.0917095910177	0	1077	G	T
N0_Mouse	0.0919348008188	0	623	G	A
N0_Mouse	0.0922194048869	0	686	T	C
N0_Mouse	0.0931569986415	0	1281	C	T
N0_Mouse	0.0931921814177	0	634	T	A
N0_Mouse	0.0937773666102	0	1346	T	G
N0_Mouse	0.0941168848879	0	915	A	T
N0_Mouse	0.0943629779915	0	159	A	G
N0_Mouse	0.0945782359715	0	16	T	A
N0_Mouse	0.0950154883384	0	423	A	T
N0_Mouse	0.0954352135189	0	331	T	C
N0_Mouse	0.0961794874732	0	1280	G	A
N0_Mouse	0.0965442740025	0	681	C	G
N0_Mouse	0.0980453001254	0	1236	T	C
N0_Mouse	0.099129636044	0	47	A	T
N0_Mouse	0.10069490301	0	76	G	C
N0_Mouse	0.102217029488	0	1259	T	A
N0_Mouse	0.102535087933	0	416	G	A
N0_Mouse	0.102631554018	0	1342	G	T
N0_Mouse	0.102947352243	0	77	T	C
N0_Mouse	0.102975092906	0	1092	A	G
N0_Mouse	0.103618737211	0	1414	G	C
N0_Mouse	0.104220539941	0	1297	T	A
N0_Mouse	0.104751040373	0	422	C	A
N0_Mouse	0.105780603544	0	354	A	G
N0_Mouse	0.105937422405	0	374	G	A
N0_Mouse	0.105955401897	0	1292	T	A
N0_Mouse	0.106032821619	0	67	C	T
N0_Mouse	0.107198588119	0	657	A	T
N0_Mouse	0.10781753965	0	1000	T	A
N0_Mouse	0.108057933071	0	316	A	C
N0_Mouse	0.108362772521	0	1468	C	G
N0_Mouse	0.108605054875	0	1338	A	C
N0_Mouse	0.109203657136	0	1170	T	C
N0_Mouse	0.109379723532	0	904	A	C
N0_Mouse	0.109640845367	0	191	C	G
N0_Mouse	0.109951630205	0	1224	G	C
N0_Mouse	0.110169836203	0	1039	C	A
N0_Mouse	0.110222999968	0	76	C	G
N0_Mouse	0.111329125457	0	1148	T	G
N0_Mouse	0.111394028198	0	266	T	A
N0_Mouse	0.111725521735	0	1216	T	C
N0_Mouse	0.11257650443	0	1237	C	T
N0_Mouse	0.113501531555	0	213	G	A
N0_Mouse	0.115812170891	0	237	G	A
N0_Mouse	0.118220366725	0	2	T	G
N0_Mouse	0.118752259495	0	183	G	A
N0_Mouse	0.118847862556	0	698	A	C
N0_Mouse	0.119942981689	0	633	T	A
N0_Mouse	0.121959645579	0	224	A	G
N0_Mouse	0.121969452748	0	257	T	C
N0_Mouse	0.123305823881	0	1012	C	T
N0_Mouse	0.123586955519	0	353	C	G
N0_Mouse	0.123773761906	0	337	A	T
N0_Mouse	0.124780913778	0	1076	A	C
N0_Mouse	0.125407314684	0	347	G	A
N0_Mouse	0.125492349435	0	690	T	C
N0_Mouse	0.125847638865	0	1142	G	A
N0_Mouse	0.127946665718	0	1337	T	A
N0_Mouse	0.128372886011	0	339	T	A
N0_Mouse	0.128882487018	0	186	G	A
N0_Mouse	0.130914624521	0	555	C	A
N0_Mouse	0.130962794415	0	1213	A	T
N0_Mouse	0.131147400634	0	462	G	T
N0_Mouse	0.131235394166	0	630	G	T
N0_Mouse	0.131422822087	0	150	T	A
N0_Mouse	0.13155614502	0	84	C	G
N0_Mouse	0.131876525538	0	1343	C	G
N0_Mouse	0.132077057208	0	859	T	C
N0_Mouse	0.132198821683	0	1406	G	A
N0_Mouse	0.132396996939	0	1159	A	G
N0_Mouse	0.134014952239	0	1162	T	A
N0_Mouse	0.134500838201	0	75	T	C
N0_Mouse	0.135093605739	0	473	G	A
N0_Mouse	0.135563328609	0	680	C	A
N0_Mouse	0.135624239103	0	917	G	A
N0_Mouse	0.135685114756	0	424	T	C
N0_Mouse	0.135888637927	0	1121	G	A
N0_Mouse	0.136732569195	0	432	A	C
N0_Mouse	0.138260074816	0	21	G	T
N0_Mouse	0.13847786303	0	163	T	A
N0_Mouse	0.138538642136	0	550	G	T
N0_Mouse	0.140156530926	0	866	T	A
N0_Mouse	0.140620697929	0	204	C	T
N0_Mouse	0.14122429751	0	421	C	T
N0_Mouse	0.141349534784	0	1141	C	T
N0_Mouse	0.142399093325	0	1363	C	G
N0_Mouse	0.14332978494	0	777	A	T
N0_Mouse	0.143601945579	0	1395	T	A
N0_Mouse	0.14442046241	0	1476	T	A
N0_Mouse	0.144535912055	0	646	T	A
N0_Mouse	0.144717246066	0	1370	A	C
N0_Mouse	0.145300043634	0	1368	T	G
N0_Mouse	0.145461376582	0	1250	C	T
N0_Mouse	0.14606169728	0	933	A	T
N0_Mouse	0.146310776207	0	1063	T	G
N0_Mouse	0.146927931501	0	492	A	G
N0_Mouse	0.147208237578	0	841	G	C
N0_Mouse	0.147527257976	0	39	G	A
N0_Mouse	0.148034680333	0	1008	A	T
N0_Mouse	0.149208059861	0	1415	C	A
N0_Mouse	0.149813124861	0	17	C	T
N0_Mouse	0.151191284188	0	380	T	A
N0_Mouse	0.151482500805	0	1348	G	A
N0_Mouse	0.152711200197	0	871	T	A
N0_Mouse	0.153956347658	0	469	A	G
N0_Mouse	0.153977349311	0	17	T	G
N0_Mouse	0.154378845586	0	307	A	G
N0_Mouse	0.15480678342	0	671	A	T
N0_Mouse	0.155984038592	0	73	G	A
N0_Mouse	0.156201152296	0	575	C	T
N0_Mouse	0.156230805595	0	603	C	T
N0_Mouse	0.158285304419	0	1303	T	C
N0_Mouse	0.158552312182	0	1377	T	A
N0_Mouse	0.159418267787	0	1130	G	T
N0_Mouse	0.159906381356	0	1343	G	T
N0_Mouse	0.160394149722	0	82	T	C
N0_Mouse	0.160429337279	0	694	G	A
N0_Mouse	0.161480010008	0	157	A	T
N0_Mouse	0.161519673067	0	471	A	G
N0_Mouse	0.162784486965	0	1565	T	G
N0_Mouse	0.163082822206	0	527	G	T
N0_Mouse	0.163629224372	0	1444	T	G
N0_Mouse	0.164506963032	0	447	C	T
N0_Mouse	0.164524858314	0	1526	A	G
N0_Mouse	0.16489599725	0	1465	G	A
N0_Mouse	0.165020026622	0	493	G	T
N0_Mouse	0.165107977791	0	1430	G	A
N0_Mouse	0.166144376703	0	1145	G	A
N0_Mouse	0.167286283383	0	353	G	T
N0_Mouse	0.167355660993	0	245	G	A
N0_Mouse	0.16827069754	0	1443	G	T
N0_Mouse	0.168334223326	0	593	C	T
N0_Mouse	0.168366565296	0	1170	C	T
N0_Mouse	0.168538903267	0	906	G	A
N0_Mouse	0.17035287886	0	501	A	G
N0_Mouse	0.170558264165	0	111	G	C
N0_Mouse	0.170702476921	0	717	T	C
N0_Mouse	0.171348958796	0	764	T	C
N0_Mouse	0.172674663523	0	1017	A	C
N0_Mouse	0.174362510719	0	941	G	C
N0_Mouse	0.175202842441	0	215	A	G
N0_Mouse	0.176090515586	0	700	A	G
N0_Mouse	0.17620903972	0	408	C	A
N0_Mouse	0.176246174317	0	1305	A	C
N0_Mouse	0.176449294239	0	810	T	C
N0_Mouse	0.176720488642	0	443	C	T
N0_Mouse	0.176908364253	0	20	G	A
N0_Mouse	0.176990411161	0	98	T	C
N0_Mouse	0.17720117315	0	574	A	G
N0_Mouse	0.177271774207	0	249	C	G
N0_Mouse	0.177611606466	0	835	C	G
N0_Mouse	0.178129564779	0	1052	G	T
N0_Mouse	0.178307801738	0	1466	G	T
N0_Mouse	0.178337526497	0	942	C	T
N0_Mouse	0.179249807648	0	1038	T	C
N0_Mouse	0.1812801513	0	239	T	C
N0_Mouse	0.181621183879	0	368	C	T
N0_Mouse	0.182518717781	0	28	C	T
N0_Mouse	0.1835376246	0	576	A	C
N0_Mouse	0.184443887855	0	843	A	C
N0_Mouse	0.18457701099	0	249	G	A
N0_Mouse	0.185744652359	0	876	C	T
N0_Mouse	0.186183615518	0	705	T	A
N0_Mouse	0.186636527347	0	382	T	C
N0_Mouse	0.186639181821	0	23	T	C
N0_Mouse	0.187338443206	0	792	G	C
N0_Mouse	0.187628430659	0	938	A	T
N0_Mouse	0.187993388119	0	509	A	G
N0_Mouse	0.188286698335	0	298	C	T
N0_Mouse	0.188551150416	0	92	T	A
N0_Mouse	0.189489728326	0	1240	T	G
N0_Mouse	0.191575412775	0	1204	T	A
N0_Mouse	0.191658303915	0	637	C	G
N0_Mouse	0.192287472857	0	28	T	G
N0_Mouse	0.192567433607	0	880	T	G
N0_Mouse	0.193281396268	0	693	A	T
N0_Mouse	0.194097160189	0	1317	G	T
N0_Mouse	0.194247977109	0	1448	A	T
N0_Mouse	0.194443630413	0	1293	T	A
N0_Mouse	0.195719693751	0	319	C	A
N0_Mouse	0.19709879941	0	838	G	A
N0_Mouse	0.197833094273	0	582	C	T
N0_Mouse	0.197850183617	0	1030	G	T
N0_Mouse	0.198146890822	0	547	T	A
N0_Mouse	0.198172703301	0	1297	A	G
N0_Mouse	0.199804137213	0	1132	G	T
N0_Mouse	0.199843766551	0	484	T	C
N0_Mouse	0.200896344697	0	1012	T	C
N0_Mouse	0.202964056794	0	107	A	C
N0_Mouse	0.203133558724	0	1200	G	T
N0_Mouse	0.203606601433	0	44	A	T
N0_Mouse	0.204425878034	0	225	T	G
N0_Mouse	0.206728957423	0	206	A	C
N0_Mouse	0.207050777666	0	646	A	C
N0_Mouse	0.207561211465	0	1274	G	T
N0_Mouse	0.2079215558	0	620	T	C
N0_Mouse	0.208392784596	0	966	T	A
N0_Mouse	0.208789224574	0	1458	C	G
N0_Mouse	0.210451575909	0	1253	A	T
N0_Mouse	0.210909933625	0	1337	A	T
N0_Mouse	0.211758608766	0	37	G	A
N0_Mouse	0.212258630522	0	1105	A	T
N0_Mouse	0.216106073304	0	960	A	G
N0_Mouse	0.216286279106	0	1286	T	A
N0_Mouse	0.21634086861	0	349	C	T
N0_Mouse	0.216783708442	0	926	T	G
N0_Mouse	0.217228642094	0	1246	T	C
N0_Mouse	0.21861960638	0	154	T	C
N0_Mouse	0.218883121602	0	551	A	T
N0_Mouse	0.219232282159	0	1530	A	G
N0_Mouse	0.219806693076	0	944	A	C
N0_Mouse	0.220048236899	0	1091	T	C
N0_Mouse	0.220471402302	0	384	T	C
N0_Mouse	0.220513830665	0	588	A	G
N0_Mouse	0.220658132577	0	1015	A	C
N0_Mouse	0.221423809016	0	656	T	C
N0_Mouse	0.221652230808	0	123	A	T
N0_Mouse	0.222427042007	0	1398	T	G
N0_Mouse	0.223309065919	0	606	T	C
N0_Mouse	0.223814500631	0	68	T	G
N0_Mouse	0.224190753495	0	269	A	G
N0_Mouse	0.224288272514	0	529	C	T
N0_Mouse	0.226996017299	0	296	C	T
N0_Mouse	0.227723094668	0	421	T	C
N0_Mouse	0.228932138923	0	900	A	C
N0_Mouse	0.229856006151	0	659	G	C
N0_Mouse	0.230469903705	0	1553	T	A
N0_Mouse	0.230558685321	0	1013	C	T
N0_Mouse	0.231578808544	0	780	A	T
N0_Mouse	0.232285496345	0	1226	A	T
N0_Mouse	0.232412150822	0	1558	G	A
N0_Mouse	0.233503522783	0	894	A	G
N0_Mouse	0.233526038205	0	142	T	G
N0_Mouse	0.235874977471	0	1536	T	C
N0_Mouse	0.235898779992	0	1526	G	T
N0_Mouse	0.236943007087	0	344	C	A
N0_Mouse	0.237224834892	0	1305	C	G
N0_Mouse	0.237519310193	0	140	C	T
N0_Mouse	0.23763941959	0	1432	C	A
N0_Mouse	0.238354770795	0	1232	A	G
N0_Mouse	0.238846370373	0	548	G	A
N0_Mouse	0.238884404994	0	180	A	G
N0_Mouse	0.239020038484	0	201	C	A
N0_Mouse	0.23981744681	0	664	C	T
N0_Mouse	0.239858949002	0	9	A	C
N0_Mouse	0.24116580673	0	1551	G	A
N0_Mouse	0.241458315892	0	589	T	C
N0_Mouse	0.242751219918	0	1274	T	C
N0_Mouse	0.243021862789	0	964	A	G
N0_Mouse	0.243170277704	0	971	G	C
N0_Mouse	0.243242307723	0	1321	G	A
N0_Mouse	0.24327939888	0	134	G	C
N0_Mouse	0.243581946378	0	1062	G	C
N0_Mouse	0.243838926284	0	1476	A	T
N0_Mouse	0.243938457506	0	606	C	T
N0_Mouse	0.244720037672	0	1202	T	G
N0_Mouse	0.245096895573	0	949	T	A
N0_Mouse	0.245844489175	0	770	G	A
N0_Mouse	0.24603882802	0	694	A	T
N0_Mouse	0.246055651055	0	1349	C	A
N0_Mouse	0.248508153338	0	953	A	G
N0_Mouse	0.250531106868	0	168	C	T
N0_Mouse	0.25159315311	0	35	A	C
N0_Mouse	0.252700827128	0	1238	C	T
N0_Mouse	0.252777908719	0	404	G	T
N0_Mouse	0.253152621693	0	802	A	G
N0_Mouse	0.25316474667	0	1052	T	C
N0_Mouse	0.253734443095	0	1414	C	T
N0_Mouse	0.255426264777	0	275	T	A
N0_Mouse	0.255758201317	0	650	G	A
N0_Mouse	0.256106972712	0	1530	G	A
N0_Mouse	0.256680920367	0	1144	C	A
N0_Mouse	0.256761055794	0	1212	T	G
N0_Mouse	0.257724591999	0	1518	A	T
N0_Mouse	0.257944909633	0	654	C	T
N0_Mouse	0.258153112519	0	167	C	T
N0_Mouse	0.25825274281	0	1358	C	A
N0_Mouse	0.258449604655	0	476	G	A
N0_Mouse	0.259217725929	0	1345	G	A
N0_Mouse	0.259756721617	0	527	T	C
N0_Mouse	0.260175032676	0	1278	G	A
N0_Mouse	0.260618220191	0	763	T	C
N0_Mouse	0.263468856434	0	525	T	A
N0_Mouse	0.267175923064	0	409	C	T
N0_Mouse	0.267833339644	0	1569	A	T
N0_Mouse	0.269960601179	0	272	G	T
N0_Mouse	0.270058129228	0	256	C	G
N0_Mouse	0.270347903574	0	1152	T	C
N0_Mouse	0.271366553151	0	267	A	G
N0_Mouse	0.272027264843	0	1179	T	A
N0_Mouse	0.27251042902	0	1030	T	G
N0_Mouse	0.273506592631	0	1552	T	C
N0_Mouse	0.273853949968	0	366	T	C
N0_Mouse	0.274571158727	0	1122	G	C
N0_Mouse	0.275022162051	0	330	T	C
N0_Mouse	0.278213135658	0	741	T	C
N0_Mouse	0.279141974317	0	94	A	G
N0_Mouse	0.279855155604	0	62	G	A
N0_Mouse	0.280019982022	0	1290	G	C
N0_Mouse	0.281024905609	0	1322	T	A
N0_Mouse	0.28150541692	0	243	A	G
N0_Mouse	0.282018592723	0	588	G	A
N0_Mouse	0.282416927495	0	1027	G	A
N0_Mouse	0.284087133213	0	724	C	T
N0_Mouse	0.284935704663	0	102	T	G
N0_Mouse	0.285853786081	0	590	A	G
N0_Mouse	0.286135260899	0	220	G	T
N0_Mouse	0.286207045474	0	633	A	G
N0_Mouse	0.286242130518	0	196	A	G
N0_Mouse	0.286734515957	0	200	T	G
N0_Mouse	0.286976224849	0	1267	A	G
N0_Mouse	0.287157494325	0	123	T	C
N0_Mouse	0.288590852851	0	153	T	C
N0_Mouse	0.288810796571	0	1185	A	G
N0_Mouse	0.288879534431	0	1436	G	T
N0_Mouse	0.289428646982	0	1515	C	T
N0_Mouse	0.289970786181	0	690	C	T
N0_Mouse	0.290334113748	0	471	G	C
N0_Mouse	0.290753581385	0	1300	T	G
N0_Mouse	0.291504594567	0	1431	T	A
N0_Mouse	0.295466224492	0	760	T	C
N0_Mouse	0.295884582402	0	251	C	A
N0_Mouse	0.296971415521	0	528	C	A
N0_Mouse	0.297034856904	0	1078	G	C
N0_Mouse	0.297218814148	0	522	G	A
N0_Mouse	0.297846572117	0	473	A	G
N0_Mouse	0.29804205254	0	1162	A	G
N0_Mouse	0.298408383919	0	489	G	A
N0_Mouse	0.300943577902	0	210	T	C
N0_Mouse	0.302147264763	0	181	A	G
N0_Mouse	0.302310270136	0	1482	A	C
N0_Mouse	0.302673464823	0	1505	G	A
N0_Mouse	0.303342144497	0	1332	C	G
N0_Mouse	0.303787001903	0	705	A	T
N0_Mouse	0.30531034977	0	23	C	T
N0_Mouse	0.305614642323	0	1183	A	G
N0_Mouse	0.307733040889	0	924	G	A
N0_Mouse	0.3081533382	0	1032	C	G
N0_Mouse	0.30938814743	0	934	A	T
N0_Mouse	0.309618160875	0	1061	G	A
N0_Mouse	0.309845702791	0	377	C	T
N0_Mouse	0.31032111336	0	442	T	C
N0_Mouse	0.311393457672	0	1327	C	T
N0_Mouse	0.311460612832	0	851	A	G
N0_Mouse	0.311784580259	0	540	T	A
N0_Mouse	0.312066814328	0	1360	C	G
N0_Mouse	0.31219256782	0	1094	T	A
N0_Mouse	0.312359307385	0	1121	A	T
N0_Mouse	0.312833689862	0	266	A	T
N0_Mouse	0.315142399625	0	965	A	C
N0_Mouse	0.316533554385	0	191	G	A
N0_Mouse	0.317016081441	0	487	T	G
N0_Mouse	0.317222829615	0	175	T	C
N0_Mouse	0.317256481516	0	1422	A	G
N0_Mouse	0.319279258784	0	798	T	C
N0_Mouse	0.320022200981	0	966	A	C
N0_Mouse	0.320659623143	0	789	T	C
N0_Mouse	0.321297271462	0	791	A	T
N0_Mouse	0.321325301098	0	295	A	G
N0_Mouse	0.321545483852	0	1054	T	G
N0_Mouse	0.322535500971	0	1180	A	G
N0_Mouse	0.322789204339	0	217	T	C
N0_Mouse	0.324481572633	0	885	T	G
N0_Mouse	0.324629025931	0	1387	A	C
N0_Mouse	0.326072184256	0	424	C	T
N0_Mouse	0.327299877729	0	42	T	A
N0_Mouse	0.331500831582	0	610	G	A
N0_Mouse	0.331553925605	0	285	T	C
N0_Mouse	0.333534547126	0	1195	C	G
N0_Mouse	0.333656045914	0	1017	C	T
N0_Mouse	0.335727037391	0	396	A	T
N0_Mouse	0.335916948398	0	1152	C	A
N0_Mouse	0.336375699849	0	792	C	G
N0_Mouse	0.337146775885	0	79	C	T
N0_Mouse	0.337400633207	0	891	G	A
N0_Mouse	0.338063808651	0	1007	G	T
N0_Mouse	0.339035172306	0	252	C	T
N0_Mouse	0.339606828351	0	537	A	G
N0_Mouse	0.340129400954	0	995	G	C
N0_Mouse	0.341306205823	0	483	G	T
N0_Mouse	0.342681158153	0	1511	A	G
N0_Mouse	0.342896205078	0	498	T	A
N0_Mouse	0.342903509994	0	938	T	A
N0_Mouse	0.343040802708	0	262	T	C
N0_Mouse	0.343998353682	0	1022	C	T
N0_Mouse	0.345014789672	0	313	T	A
N0_Mouse	0.345950132278	0	857	G	A
N0_Mouse	0.346407179541	0	405	G	A
N0_Mouse	0.346868461403	0	848	A	C
N0_Mouse	0.347427313941	0	1225	T	G
N0_Mouse	0.347570121818	0	1324	T	G
N0_Mouse	0.347702757234	0	412	T	A
N0_Mouse	0.348452791155	0	437	G	C
N0_Mouse	0.348765026178	0	463	G	T
N0_Mouse	0.348970740269	0	971	C	T
N0_Mouse	0.349027218852	0	1568	A	T
N0_Mouse	0.350677449775	0	750	A	T
N0_Mouse	0.351809419382	0	664	T	C
N0_Mouse	0.352285019623	0	79	T	A
N0_Mouse	0.35255964494	0	1303	C	T
N0_Mouse	0.352850283969	0	509	G	T
N0_Mouse	0.35287205916	0	1500	G	T
N0_Mouse	0.35445302444	0	1405	T	A
N0_Mouse	0.354746976812	0	1126	T	C
N0_Mouse	0.355154261674	0	1113	T	C
N0_Mouse	0.356661552203	0	94	G	A
N0_Mouse	0.357230143254	0	1572	A	C
N0_Mouse	0.357701446699	0	76	G	A
N0_Mouse	0.357767496085	0	249	A	G
N0_Mouse	0.358640309612	0	226	T	A
N0_Mouse	0.358671116402	0	649	A	G
N0_Mouse	0.358694374111	0	535	T	C
N0_Mouse	0.35954227386	0	65	C	T
N0_Mouse	0.361874191011	0	763	C	T
N0_Mouse	0.362184977872	0	1211	C	T
N0_Mouse	0.36290680182	0	33	C	T
N0_Mouse	0.362957003542	0	395	C	T
N0_Mouse	0.363133471773	0	1294	A	G
N0_Mouse	0.363870343543	0	413	C	A
N0_Mouse	0.364204272804	0	1359	C	G
N0_Mouse	0.364273087479	0	800	A	G
N0_Mouse	0.365382116497	0	322	T	C
N0_Mouse	0.365669337278	0	189	A	C
N0_Mouse	0.366066809976	0	382	C	T
N0_Mouse	0.367866050509	0	1224	C	T
N0_Mouse	0.368065327102	0	1207	C	G
N0_Mouse	0.368565731993	0	378	C	T
N0_Mouse	0.36904860354	0	1440	A	G
N0_Mouse	0.369097418705	0	477	A	C
N0_Mouse	0.37006173215	0	1207	G	T
N0_Mouse	0.370388398924	0	313	A	C
N0_Mouse	0.370513788849	0	1278	A	G
N0_Mouse	0.371431666476	0	262	C	G
N0_Mouse	0.371542755899	0	1012	C	T
N0_Mouse	0.372439781062	0	929	A	C
N0_Mouse	0.373623785251	0	1151	T	C
N0_Mouse	0.37379926747	0	1088	A	G
N0_Mouse	0.374309066493	0	1366	G	T
N0_Mouse	0.374933556449	0	1047	A	T
N0_Mouse	0.374961802767	0	914	G	T
N0_Mouse	0.375422599134	0	2	G	C
N0_Mouse	0.375448546672	0	1275	T	G
N0_Mouse	0.375593082421	0	32	T	C
N0_Mouse	0.375682198532	0	1401	A	T
N0_Mouse	0.378289241275	0	538	C	T
N0_Mouse	0.379402742286	0	255	C	A
N0_Mouse	0.379572895465	0	959	A	G
N0_Mouse	0.380868432542	0	630	T	A
N0_Mouse	0.381154918748	0	1102	G	A
N0_Mouse	0.381170395881	0	176	A	G
N0_Mouse	0.382498737505	0	495	A	T
N0_Mouse	0.382899151005	0	672	A	T
N0_Mouse	0.38339963103	0	464	G	T
N0_Mouse	0.384207331958	0	1140	A	G
N0_Mouse	0.38428883861	0	261	T	C
N0_Mouse	0.384369056889	0	649	G	T
N0_Mouse	0.386044029739	0	908	T	C
N0_Mouse	0.386416607853	0	971	T	A
N0_Mouse	0.386835099293	0	1013	T	A
N0_Mouse	0.387904763743	0	491	G	A
N0_Mouse	0.388715899064	0	1121	T	A
N0_Mouse	0.389332167691	0	1526	T	A
N0_Mouse	0.390661624233	0	417	G	A
N0_Mouse	0.391025565728	0	930	A	T
N0_Mouse	0.391946307645	0	81	T	C
N0_Mouse	0.392706384854	0	625	C	T
N0_Mouse	0.392960387341	0	227	A	T
N0_Mouse	0.393276371311	0	1541	A	G
N0_Mouse	0.393860718523	0	459	G	T
N0_Mouse	0.393882057108	0	550	T	C
N0_Mouse	0.394403792006	0	271	C	T
N0_Mouse	0.394443368914	0	958	A	T
N0_Mouse	0.394471100199	0	1472	T	A
N0_Mouse	0.395402758435	0	494	A	C
N0_Mouse	0.395559666354	0	1376	G	T
N0_Mouse	0.395746812421	0	82	C	A
N0_Mouse	0.397519251105	0	1525	A	G
N0_Mouse	0.397716962838	0	1449	G	T
N0_Mouse	0.397726077192	0	353	T	A
N0_Mouse	0.399318317849	0	1146	G	A
N0_Mouse	0.399727471528	0	231	C	T
N0_Mouse	0.400175240081	0	1115	G	T
N0_Mouse	0.400549361032	0	1506	A	G
N0_Mouse	0.400738958593	0	673	A	T
N0_Mouse	0.401556690375	0	1200	T	A
N0_Mouse	0.401939871056	0	1501	A	C
N0_Mouse	0.401982546664	0	1405	A	C
N0_Mouse	0.402805800742	0	177	C	T
N0_Mouse	0.403567400994	0	621	T	C
N0_Mouse	0.403592552969	0	8	C	T
N0_Mouse	0.404469442016	0	714	T	C
N0_Mouse	0.405038798076	0	994	C	A
N0_Mouse	0.405196118814	0	1333	T	C
N0_Mouse	0.405723679049	0	948	G	A
N0_Mouse	0.406058645223	0	1554	C	T
N0_Mouse	0.406584073077	0	76	A	T
N0_Mouse	0.407835044332	0	22	A	G
N0_Mouse	0.408366596503	0	1005	T	A
N0_Mouse	0.408917881298	0	984	A	G
N0_Mouse	0.409399780901	0	934	T	A
N0_Mouse	0.409964388626	0	818	A	G
N0_Mouse	0.410516817853	0	32	C	A
N0_Mouse	0.411229454558	0	431	G	T
N0_Mouse	0.412709351625	0	331	C	T
N0_Mouse	0.412952024689	0	475	G	A
N0_Mouse	0.413031472521	0	1124	G	A
N0_Mouse	0.413519670083	0	156	G	A
N0_Mouse	0.414299012132	0	1028	T	A
N0_Mouse	0.414491093874	0	997	A	C
N0_Mouse	0.41453764738	0	947	A	C
N0_Mouse	0.414637202986	0	729	G	C
N0_Mouse	0.415027279264	0	1020	T	C
N0_Mouse	0.416179761337	0	44	T	C
N0_Mouse	0.417022299455	0	49	C	T
N0_Mouse	0.417101549868	0	895	T	C
N0_Mouse	0.41788696626	0	760	C	T
N0_Mouse	0.418026203468	0	1142	A	G
N0_Mouse	0.419223326568	0	915	T	G
N0_Mouse	0.420095983434	0	713	A	T
N0_Mouse	0.42049116812	0	1501	C	T
N0_Mouse	0.420830404902	0	404	T	A
N0_Mouse	0.421889576272	0	1134	T	A
N0_Mouse	0.424678148069	0	558	C	T
N0_Mouse	0.425114145389	0	1104	T	C
N0_Mouse	0.425802332068	0	1241	T	C
N0_Mouse	0.426493132467	0	1446	G	A
N0_Mouse	0.426739673773	0	1521	C	A
N0_Mouse	0.427668444819	0	327	A	G
N0_Mouse	0.427799568154	0	848	C	T
N0_Mouse	0.428187019528	0	24	T	A
N0_Mouse	0.428514785621	0	993	T	G
N0_Mouse	0.428817222779	0	201	A	C
N0_Mouse	0.429739308825	0	155	A	C
N0_Mouse	0.430105319332	0	1521	A	C
N0_Mouse	0.430235723699	0	151	T	C
N0_Mouse	0.430429242679	0	1513	C	T
N0_Mouse	0.430863751549	0	63	A	G
N0_Mouse	0.431274106927	0	506	A	T
N0_Mouse	0.431290278394	0	1416	C	A
N0_Mouse	0.431594647164	0	217	C	T
N0_Mouse	0.431802525876	0	1247	C	A
N0_Mouse	0.431854800026	0	478	C	T
N0_Mouse	0.432372148089	0	1357	T	C
N0_Mouse	0.432465339493	0	426	C	T
N0_Mouse	0.432614849296	0	1541	G	C
N0_Mouse	0.432689284685	0	341	C	T
N0_Mouse	0.433408288077	0	227	T	A
N0_Mouse	0.433912020486	0	1391	C	T
N0_Mouse	0.434258202344	0	249	G	A
N0_Mouse	0.434421237021	0	99	G	A
N0_Mouse	0.434555097052	0	264	G	A
N0_Mouse	0.434841717039	0	863	T	A
N0_Mouse	0.435175893848	0	1143	C	G
N0_Mouse	0.436076743926	0	63	G	T
N0_Mouse	0.436120574893	0	629	C	A
N0_Mouse	0.437474326455	0	1102	A	G
N0_Mouse	0.437646192184	0	217	T	G
N0_Mouse	0.437872529125	0	944	C	T
N0_Mouse	0.43789381384	0	616	G	A
N0_Mouse	0.438261239719	0	870	A	T
N0_Mouse	0.440065756416	0	1206	T	A
N0_Mouse	0.44126570592	0	271	T	G
N0_Mouse	0.441890752194	0	1475	A	C
N0_Mouse	0.442130353767	0	510	C	G
N0_Mouse	0.442387991216	0	204	T	G
N0_Mouse	0.443066489513	0	953	G	T
N0_Mouse	0.443712329763	0	1507	C	G
N0_Mouse	0.444641008796	0	646	C	G
N0_Mouse	0.445451038013	0	1519	G	C
N0_Mouse	0.44656199959	0	443	T	G
N0_Mouse	0.447776759368	0	118	A	C
