edge	time	mut_orlg	mut_pos	old_state	new_state
N0_D1	0.000134554591854	0	709	A	G
N0_D1	0.00219737061749	0	379	G	A
N0_D1	0.0024445332169	0	314	C	T
N0_D1	0.0030548134524	0	493	T	C
N0_D1	0.00340390779831	0	53	C	T
N0_D1	0.00852083721846	0	391	C	T
N0_D1	0.00873405133515	0	628	G	T
N0_D1	0.00935889469839	0	149	C	G
N0_D1	0.00967885440719	0	332	A	G
N0_D1	0.00983813322464	0	732	A	C
N0_D1	0.0103797944234	0	618	T	C
N0_D1	0.0109055883507	0	191	C	T
N0_D1	0.0118246711942	0	158	G	A
N0_D1	0.0118959288403	0	364	T	C
N0_D1	0.0150433528102	0	477	C	T
N0_D1	0.0152514347447	0	502	G	T
N0_D1	0.0154153233333	0	736	G	T
N0_D1	0.0154769878032	0	566	A	G
N0_D1	0.016095314994	0	310	A	G
N0_D1	0.0175519638048	0	495	C	A
N0_D1	0.0182694199867	0	108	T	C
N0_D1	0.0202623129075	0	432	A	T
N0_D1	0.0212476159224	0	481	T	A
N0_D1	0.0218400001993	0	301	A	G
N0_D1	0.0227841716444	0	57	T	C
N0_D1	0.0236788732427	0	643	T	C
N0_D1	0.0250798429394	0	197	A	C
N0_D1	0.0270438542235	0	673	T	A
N0_D1	0.0284565351511	0	626	C	G
N0_D1	0.0305535652479	0	301	G	T
N0_D1	0.0322324675359	0	551	T	C
N0_D1	0.0331324953884	0	468	G	A
N0_D1	0.0332945135512	0	289	T	C
N0_D1	0.033936819255	0	312	A	T
N0_D1	0.0340966577655	0	143	T	A
N0_D1	0.0342964558842	0	460	G	A
N0_D1	0.0373611714044	0	680	A	G
N0_D1	0.0385540874596	0	659	G	A
N0_D1	0.0393036632969	0	451	A	G
N0_D1	0.0417327079299	0	54	C	G
N0_D1	0.0437562474843	0	245	G	C
N0_D1	0.0439124477351	0	338	G	T
N0_D1	0.0450419075667	0	495	A	T
N0_D1	0.0453850383135	0	267	G	A
N0_D1	0.0504745865002	0	474	A	C
D1_N1	0.000342455368839	2	12	G	A
D1_N1	0.000786081215248	2	250	G	C
D1_N1	0.00101241905053	2	26	T	C
D1_N1	0.00116494939113	2	567	T	G
D1_N1	0.00118733600112	2	574	T	C
D1_N1	0.00198245857332	1	292	C	T
D1_N1	0.00208938336889	2	333	T	G
D1_N1	0.00262383111993	2	493	C	T
D1_N1	0.00337681512089	1	693	T	C
D1_N1	0.00338154565194	1	165	C	A
D1_N1	0.00387812657831	1	229	G	A
D1_N1	0.00417795296965	2	177	A	T
D1_N1	0.00521502691275	2	27	C	T
D1_N1	0.00582278251478	1	110	A	G
D1_N1	0.00733189511147	2	171	T	A
D1_N1	0.00796624694551	2	731	A	T
D1_N1	0.0090933677006	1	332	G	A
D1_N1	0.00981099715064	2	98	T	G
D1_N1	0.0105855416991	1	34	T	C
D1_N1	0.0122851783776	1	527	C	T
D1_N1	0.0127663034613	2	540	T	C
D1_N1	0.0136715176603	2	586	T	A
D1_N1	0.0152675689595	1	478	A	G
D1_N1	0.0154337666541	2	234	A	T
D1_N1	0.0163816885989	1	665	G	A
D1_N1	0.0169479526672	2	651	T	C
D1_N1	0.0171471823608	1	723	G	A
D1_N1	0.0176493564151	2	505	C	T
D1_N1	0.0179955655397	2	157	T	G
D1_N1	0.0180864673049	2	672	A	T
D1_N1	0.0187749465865	2	588	A	G
D1_N1	0.0191959491628	1	46	C	A
D1_N1	0.019501572531	1	674	T	G
D1_N1	0.0195533395828	1	727	T	C
D1_N1	0.0198510037015	1	400	A	T
D1_N1	0.0201949348885	2	534	C	T
D1_N1	0.0205455655587	1	209	G	A
D1_N1	0.0211519799823	2	102	A	C
D1_N1	0.0222600558046	2	696	T	G
D1_N1	0.0247917801963	2	485	T	A
D1_N1	0.025219345827	1	633	G	C
D1_N1	0.0252818061705	1	550	C	T
D1_N1	0.0265331667848	1	574	T	A
D1_N1	0.0275262718239	2	719	A	T
D1_N1	0.0284430737206	1	616	A	G
D1_N1	0.0291934645358	1	469	C	A
D1_N1	0.0298338976361	1	44	A	T
D1_N1	0.0299445678024	2	697	T	A
D1_N1	0.0305063569654	1	489	T	G
D1_N1	0.031595232493	1	448	G	A
D1_N1	0.0321142102549	1	420	A	T
D1_N1	0.0332235861264	2	436	T	C
D1_N1	0.0387320338828	2	608	G	T
D1_N1	0.0390491696126	2	368	T	A
D1_N1	0.04013421872	2	259	G	A
D1_N1	0.040861133934	1	559	G	A
D1_N1	0.0414105474267	2	412	T	A
D1_N1	0.0415087326696	2	90	C	G
D1_N1	0.0433452341652	1	572	G	C
D1_N1	0.0447566713382	2	633	G	C
D1_N1	0.045759990409	1	544	C	T
D1_N1	0.0467468964733	1	135	T	A
D1_N1	0.0472956993104	2	509	T	A
D1_N1	0.0476929680334	2	641	C	T
D1_N1	0.0487349420409	1	320	C	T
D1_N1	0.0489144593543	2	397	A	T
D1_N1	0.048927961425	2	28	C	T
D1_N1	0.0499926692591	2	221	C	A
D1_N1	0.0504112782471	1	485	T	C
D1_N1	0.0506384234121	2	94	G	A
D1_N1	0.0506671136324	1	687	C	A
D1_N1	0.0511380191568	1	226	T	C
D1_N1	0.0516816546725	2	464	C	T
D1_N1	0.0522740600666	2	264	G	A
D1_N1	0.0532664325188	1	663	A	G
D1_N1	0.0534361531808	2	154	T	G
D1_N1	0.0534795823649	1	24	C	A
D1_N1	0.0547803417979	2	109	A	T
D1_N1	0.0551148772791	1	52	A	G
D1_N1	0.0562537330416	2	637	G	A
D1_N1	0.056896574023	2	549	G	A
D1_N1	0.0574810133876	2	520	G	A
D1_N1	0.0575213960703	2	275	T	C
D1_N1	0.0582155023966	2	381	T	G
D1_N1	0.0585612319013	1	487	A	T
D1_N1	0.0595623240792	1	167	A	T
D1_N1	0.0597385476544	1	285	C	A
D1_N1	0.0603294265173	1	390	A	T
D1_N1	0.0606756517076	2	99	T	G
D1_N1	0.0626984279888	2	470	G	T
D1_N1	0.0640032689582	1	502	T	C
D1_N1	0.0641959983641	2	718	G	T
D1_N1	0.0649380484465	2	149	G	T
D1_N1	0.0655935689035	1	658	C	T
D1_N1	0.0659462448309	1	134	G	A
D1_N1	0.0668694205241	1	401	C	G
D1_N1	0.0674171950361	2	663	A	T
D1_N1	0.0688862390395	2	184	G	A
D1_N1	0.0692061914264	2	133	A	G
D1_N1	0.0697986981737	2	617	T	C
D1_N1	0.0700275125364	1	324	T	C
D1_N1	0.0704788039603	2	27	T	A
D1_N1	0.0724690801802	1	735	C	T
D1_N1	0.0726332613311	1	266	C	T
D1_N1	0.0735434590455	1	755	A	T
D1_N1	0.0739689738915	1	580	A	C
D1_N1	0.0750110649285	1	261	T	C
D1_N1	0.0750594193919	2	453	A	C
D1_N1	0.0755191544279	2	761	A	T
D1_N1	0.0762320533606	1	75	G	A
D1_N1	0.0768764839466	2	119	T	C
D1_N1	0.0789519611166	2	411	C	T
D1_N1	0.0804216521642	1	187	G	A
D1_N1	0.0805433562881	2	742	A	T
D1_N1	0.0811455085704	1	131	A	G
D1_N1	0.0819516839143	2	759	G	A
D1_N1	0.0820759595079	2	73	A	T
D1_N1	0.0820989510599	2	146	T	A
D1_N1	0.0824358212337	1	486	T	G
D1_N1	0.0838223343264	2	148	C	A
D1_N1	0.0847040770169	2	679	C	A
D1_N1	0.0857835475064	2	471	T	C
D1_N1	0.0878403523454	1	174	A	G
D1_N1	0.0878571945107	2	619	A	T
D1_N1	0.087899990992	1	559	A	G
D1_N1	0.0881031673684	2	19	T	C
D1_N1	0.0885112901179	1	8	G	A
D1_N1	0.0890088854885	2	528	T	C
D1_N1	0.0892039968571	1	509	T	G
D1_N1	0.0894743515369	2	194	T	A
D1_N1	0.0899898270179	2	525	C	T
D1_N1	0.0903403024531	1	205	G	T
D1_N1	0.090883671918	2	631	T	A
D1_N1	0.091922891784	1	81	G	C
D1_N1	0.093443291199	1	401	G	A
D1_N1	0.0936622096257	2	708	G	A
D1_N1	0.0948545914884	2	717	A	C
D1_N1	0.094876259218	2	91	T	C
D1_N1	0.0952244318368	1	687	A	G
D1_N1	0.0955929342357	1	302	C	T
D1_N1	0.0956606960703	2	512	G	T
D1_N1	0.0965615736891	1	188	A	C
D1_N1	0.097403884158	2	137	G	T
D1_N1	0.097441225506	1	82	T	A
D1_N1	0.0974699265346	2	225	A	T
D1_N1	0.0993986526629	1	656	G	T
D1_N1	0.10331682738	1	144	T	C
D1_N1	0.104523692063	1	647	C	T
D1_N1	0.105807214426	2	737	A	T
D1_N1	0.106972733785	2	563	C	G
D1_N1	0.10767295025	1	360	G	A
D1_N1	0.108194621023	2	484	A	T
D1_N1	0.109611444371	2	450	G	T
D1_N1	0.109702209555	1	641	C	A
D1_N1	0.110171768178	2	303	G	A
D1_N1	0.111555082893	2	51	A	G
D1_N1	0.111811829877	2	222	T	A
D1_N1	0.112428443107	1	278	T	G
D1_N1	0.112577468805	2	67	C	T
D1_N1	0.112953499115	2	520	A	T
D1_N1	0.115084968419	2	210	C	T
D1_N1	0.115766789302	1	604	A	C
D1_N1	0.116588050834	2	667	A	G
D1_N1	0.11664826037	2	612	A	G
D1_N1	0.11683433231	2	197	C	T
D1_N1	0.117500162454	2	586	A	T
D1_N1	0.117668502935	1	705	A	T
D1_N1	0.117977833963	1	76	T	C
D1_N1	0.11820145773	1	734	T	C
D1_N1	0.118533885443	1	687	G	A
D1_N1	0.118808569265	2	28	T	C
D1_N1	0.118808687894	1	46	A	G
D1_N1	0.11883395608	1	689	T	A
D1_N1	0.119065020719	1	427	C	A
D1_N1	0.12142660114	2	656	G	A
D1_N1	0.122595389117	2	610	T	G
D1_N1	0.1239089788	1	57	C	T
D1_N1	0.124401473477	1	625	C	A
D1_N1	0.124428192501	2	160	A	G
D1_N1	0.125310088141	1	113	G	A
D1_N1	0.126894341646	2	518	C	G
D1_N1	0.127174732575	2	106	T	C
D1_N1	0.127659524174	1	538	A	G
D1_N1	0.128426584999	1	164	A	G
D1_N1	0.128612699006	1	31	A	G
D1_N1	0.129254798589	1	383	C	A
D1_N1	0.129345512953	1	273	G	A
D1_N1	0.129457332616	1	219	T	C
D1_N1	0.130422371639	2	317	T	A
D1_N1	0.131205310097	1	755	T	G
D1_N1	0.132750695668	1	389	G	A
D1_N1	0.13351149185	1	678	G	C
D1_N1	0.135201787955	1	703	T	G
D1_N1	0.136063273004	1	580	C	T
D1_N1	0.136533243127	2	365	A	G
D1_N1	0.137236515881	2	124	G	A
D1_N1	0.137348158478	1	622	A	G
D1_N1	0.138203229666	2	17	G	T
D1_N1	0.139222033263	1	102	A	G
D1_N1	0.140003043426	1	521	G	C
D1_N1	0.140580076236	1	122	A	G
D1_N1	0.140676805728	2	67	T	C
D1_N1	0.142147989317	1	544	T	C
D1_N1	0.14244502662	2	591	G	T
D1_N1	0.142561228545	1	692	A	G
D1_N1	0.142714670218	1	42	A	G
D1_N1	0.144136308526	1	391	T	A
D1_N1	0.144629189723	1	422	G	C
D1_N1	0.14539904344	2	623	C	T
D1_N1	0.145521776922	2	148	A	G
D1_N1	0.145836899489	1	373	T	A
D1_N1	0.146386453603	1	324	C	A
D1_N1	0.147629173495	1	271	C	G
D1_N1	0.148143950565	2	261	T	C
D1_N1	0.148225919857	2	475	C	A
D1_N1	0.148710541005	1	697	T	C
D1_N1	0.150738027776	2	609	C	G
D1_N1	0.151128662009	2	631	A	T
D1_N1	0.151554608959	1	592	A	C
D1_N1	0.152749707336	1	605	A	T
D1_N1	0.152858490964	2	720	G	A
D1_N1	0.153112750424	2	459	G	A
D1_N1	0.153383921917	2	702	T	G
D1_N1	0.153850126279	2	38	A	G
D1_N1	0.154480191294	2	274	C	A
D1_N1	0.154583148934	2	351	C	G
D1_N1	0.154695164531	1	619	A	T
D1_N1	0.157537758096	2	452	G	A
D1_N1	0.157565236095	2	462	T	A
D1_N1	0.158044934395	2	570	C	G
D1_N1	0.158203586198	1	228	A	G
D1_N1	0.15937392242	1	511	G	T
D1_N1	0.159412202113	2	596	G	T
D1_N1	0.160894094244	2	254	G	A
D1_N1	0.160913498575	2	399	A	G
D1_N1	0.161534379459	1	279	A	C
D1_N1	0.164494090115	2	599	A	T
D1_N1	0.16478053937	1	422	C	T
D1_N1	0.166477856126	2	603	A	T
D1_N1	0.166677978945	1	230	T	C
D1_N1	0.167487224435	1	633	C	T
D1_N1	0.168401932092	2	610	G	T
D1_N1	0.170019924412	1	237	A	G
D1_N1	0.170197655397	2	239	T	C
D1_N1	0.170317334339	2	9	A	T
D1_N1	0.170345682371	2	748	A	G
D1_N1	0.170588493701	2	409	A	C
D1_N1	0.170756288028	2	112	T	A
D1_N1	0.172460557611	2	333	G	A
D1_N1	0.173458907055	1	508	G	A
D1_N1	0.173481246125	1	748	A	G
D1_N1	0.173846138819	2	424	T	C
D1_N1	0.174291771573	2	416	T	C
D1_N1	0.17532864158	1	643	C	T
D1_N1	0.176108388023	1	476	A	T
D1_N1	0.176376367739	2	683	A	G
D1_N1	0.176899742669	2	481	A	G
D1_N1	0.177244894296	2	303	A	G
D1_N1	0.177267603299	2	667	G	C
D1_N1	0.178281271609	1	575	A	C
D1_N1	0.179488835099	1	176	A	G
D1_N1	0.17962817659	1	441	C	A
D1_N1	0.180247100933	2	520	T	G
D1_N1	0.180884914073	1	487	T	C
D1_N1	0.180972383712	2	95	G	C
D1_N1	0.181042856999	1	214	T	C
D1_N1	0.18220617889	2	567	G	A
D1_N1	0.182933014161	2	600	A	G
D1_N1	0.183350928504	2	182	T	C
D1_N1	0.1834097956	1	582	C	G
D1_N1	0.183999220891	1	362	A	C
D1_N1	0.185234953948	2	570	G	A
D1_N1	0.185450607423	2	301	T	C
D1_N1	0.18548083983	1	577	A	T
D1_N1	0.185554008265	2	346	G	A
D1_N1	0.186583601449	2	724	G	A
D1_N1	0.187037420722	2	255	G	A
D1_N1	0.187123518363	2	669	T	A
D1_N1	0.187382106301	2	82	T	G
D1_N1	0.188620278879	1	584	T	G
D1_N1	0.1887572248	2	45	G	C
D1_N1	0.188768849804	2	656	A	G
D1_N1	0.188786309298	2	423	G	A
D1_N1	0.189396155065	2	56	C	G
D1_N1	0.189799152387	1	230	C	T
D1_N1	0.190318621314	1	681	G	A
D1_N1	0.190403735575	2	332	G	A
D1_N1	0.192339140515	2	718	T	C
D1_N1	0.193685850948	1	605	T	C
D1_N1	0.194925079437	2	314	T	G
D1_N1	0.195531466083	1	467	G	A
D1_N1	0.19631334215	2	603	T	C
D1_N1	0.197633705687	1	63	G	A
D1_N1	0.198667283846	1	364	C	T
D1_N1	0.199251302451	1	55	A	G
D1_N1	0.199634153274	1	131	G	A
D1_N1	0.19977261929	1	34	C	A
D1_N1	0.200037546135	1	160	A	G
D1_N1	0.200371601565	1	419	C	T
D1_N1	0.201082840031	2	757	C	T
D1_N1	0.201159010231	2	622	A	T
D1_N1	0.2025848276	2	579	A	G
D1_N1	0.202761124741	2	276	G	A
D1_N1	0.203281413568	1	244	G	A
D1_N1	0.203682229659	1	172	T	G
D1_N1	0.204239940997	1	170	A	T
D1_N1	0.204545135754	2	142	A	G
D1_N1	0.205430384468	2	230	T	G
D1_N1	0.205538008957	1	423	G	A
D1_N1	0.206078106371	2	97	T	C
D1_N1	0.206457177214	1	77	C	T
D1_N1	0.207939568544	2	584	T	A
D1_N1	0.209257724623	1	713	T	A
D1_N1	0.209449315001	1	87	G	A
D1_N1	0.213117505632	1	168	T	C
N1_N2	0.000643272544371	2	328	A	T
N1_N2	0.00104451105654	2	721	A	T
N1_N2	0.00127188864179	1	276	G	T
N1_N2	0.00263322108619	1	91	T	C
N1_N2	0.0028043275552	1	627	A	C
N1_N2	0.00282989731243	2	135	T	C
N1_N2	0.00325090113108	2	192	A	T
N1_N2	0.00359487724264	2	134	G	A
N1_N2	0.00456742985302	1	208	C	A
N1_N2	0.00477542686868	2	448	G	A
N1_N2	0.00477933873217	1	316	C	T
N1_N2	0.00488988390117	2	84	T	A
N1_N2	0.00504991234496	1	640	T	C
N1_N2	0.0059256199533	1	24	A	G
N1_N2	0.00610616052237	2	277	G	T
N1_N2	0.00652071267481	1	512	G	A
N1_N2	0.00703929530992	1	582	G	A
N1_N2	0.00773619161719	1	3	G	A
N1_N2	0.00849183725914	1	419	T	C
N1_N2	0.00931646009731	2	309	A	G
N1_N2	0.00991604112682	2	113	G	T
N1_N2	0.0103672811194	2	118	C	A
N1_N2	0.0104826343313	2	573	T	C
N1_N2	0.0109080004838	2	756	T	G
N1_N2	0.0112017470415	2	263	G	T
N1_N2	0.0125028519408	1	476	T	C
N1_N2	0.0126071242499	1	592	C	G
N1_N2	0.0140935852847	1	490	C	T
N1_N2	0.0141487806711	2	286	T	C
N1_N2	0.0142616508631	2	235	C	T
N1_N2	0.014599181119	1	682	G	C
N1_N2	0.0171108598732	2	410	A	C
N1_N2	0.0177622924648	1	708	G	A
N1_N2	0.0179441235792	1	611	C	G
N1_N2	0.0181073285267	2	700	T	A
N2_N3	8.17390665556e-05	2	398	A	G
N2_N3	0.00165746834296	2	147	A	G
N2_N3	0.00207674134971	2	59	G	T
N2_N3	0.00238452339651	1	232	C	A
N2_N3	0.00345890766966	1	76	C	T
N2_N3	0.00375312915995	2	159	A	G
N2_N3	0.00390664206553	2	3	G	A
N2_N3	0.00475565305276	2	599	T	C
N3_N4	0.000224659105543	1	369	T	A
N3_N4	0.000934560912844	1	257	A	G
N3_N4	0.00131937113174	2	98	G	A
N3_N4	0.00162311971902	2	383	C	T
N3_N4	0.00195260415475	2	385	A	C
N3_N4	0.00219346311995	2	694	T	A
N3_N4	0.00224343479063	2	227	T	A
N3_N4	0.00288177737519	1	698	C	T
N3_N4	0.00332253603638	1	275	T	C
N3_N4	0.00333082471022	2	587	G	T
N3_N4	0.00361057065364	2	100	C	T
N3_N4	0.00387435113355	1	117	C	G
N3_N4	0.00412550730903	2	578	A	T
N3_N4	0.00467558193614	1	610	T	G
N3_N4	0.00492972146546	1	511	T	C
N3_N4	0.00645391387089	2	582	C	G
N3_N4	0.00792014646903	1	192	A	C
N3_N4	0.00866872085643	2	298	C	T
N4_Human	0.00132702758875	1	359	T	C
N4_Human	0.00207329725181	1	518	C	G
N4_Human	0.00468334979333	1	612	A	C
N4_Human	0.00472571184204	2	317	A	G
N4_Human	0.00512233028114	2	131	A	G
N4_Human	0.00562934414323	1	659	A	T
N4_Human	0.00627723058379	1	323	G	T
N4_Human	0.00652678819834	2	573	C	A
N4_Human	0.0065448793448	2	475	A	C
N4_Human	0.00669344212683	1	195	T	G
N4_Human	0.00707638427323	2	240	T	C
N4_Human	0.00734525400578	1	511	C	T
N4_Human	0.00760097383362	2	649	A	G
N4_Human	0.00848331110969	1	185	T	A
N4_Human	0.00943674547194	2	626	G	A
N4_Human	0.00946891889144	1	213	T	C
N4_Chimp	0.00242798480845	1	227	T	G
N4_Chimp	0.00264480475056	1	271	G	A
N4_Chimp	0.00280795385951	1	732	C	T
N4_Chimp	0.00297170760477	2	479	G	C
N4_Chimp	0.00346203863511	2	273	G	A
N4_Chimp	0.00419669177027	2	187	G	C
N4_Chimp	0.00494657893111	2	235	T	C
N4_Chimp	0.00702283177692	2	21	A	T
N4_Chimp	0.00872923476381	2	695	G	A
N4_Chimp	0.01005393586	2	186	T	G
N4_Chimp	0.0102392530604	1	162	T	C
N4_Chimp	0.0105926589433	2	85	C	G
N3_Goril	7.44391110561e-05	2	668	T	C
N3_Goril	0.000564197057896	2	384	C	T
N3_Goril	0.00186621252715	2	647	C	T
N3_Goril	0.00190013420697	1	73	A	C
N3_Goril	0.00266298176289	1	567	T	C
N3_Goril	0.0028280239901	2	72	T	A
N3_Goril	0.00397228040602	1	664	A	T
N3_Goril	0.00557755969099	2	442	C	G
N3_Goril	0.00602476738647	1	653	G	A
N3_Goril	0.0065649436691	2	524	G	A
N3_Goril	0.00661448726366	1	26	T	C
N3_Goril	0.00755223589237	1	68	A	G
N3_Goril	0.00796492020545	2	697	A	T
N3_Goril	0.00868026436157	2	400	A	G
N3_Goril	0.0099798410016	1	35	G	T
N3_Goril	0.0106231664159	2	91	C	A
N3_Goril	0.0113348103319	2	545	T	A
N3_Goril	0.011784315713	1	111	G	A
N3_Goril	0.0131814863423	2	754	T	A
N3_Goril	0.0132824787642	1	531	A	T
N3_Goril	0.0137942600363	1	551	C	T
N3_Goril	0.0146379000472	1	647	T	C
N3_Goril	0.0157190307749	1	195	T	A
N3_Goril	0.0158554598564	2	345	T	A
N3_Goril	0.016011021876	2	313	C	T
N3_Goril	0.0169369175399	2	727	T	C
N3_Goril	0.0170762740318	1	441	A	G
N3_Goril	0.017461616842	1	757	C	G
N3_Goril	0.0175934335529	1	16	G	A
N3_Goril	0.0177140813474	1	10	T	A
N3_Goril	0.017753510872	1	515	T	G
N3_Goril	0.0178637504241	2	653	G	T
N3_Goril	0.0181470187162	2	146	A	G
N3_Goril	0.0187572252136	1	257	A	G
N3_Goril	0.0193691509813	1	487	C	T
N3_Goril	0.0196906092777	2	734	T	C
N3_Goril	0.020416784487	1	73	C	T
N3_Goril	0.021068355104	1	416	T	C
N2_Orang	0.000431178799639	1	513	C	T
N2_Orang	0.000529603401927	1	555	C	G
N2_Orang	0.00101489491702	2	56	G	A
N2_Orang	0.00116457689798	1	316	T	C
N2_Orang	0.00145483241596	1	242	T	C
N2_Orang	0.0020057922055	1	452	G	A
N2_Orang	0.002376813611	1	463	A	G
N2_Orang	0.00442463092772	2	733	A	T
N2_Orang	0.00654914983461	1	534	C	T
N2_Orang	0.0092471647882	1	92	G	A
N2_Orang	0.00952130052057	1	607	T	G
N2_Orang	0.00998477958596	1	101	G	A
N2_Orang	0.0107382236146	2	641	T	G
N2_Orang	0.0107879240493	2	175	A	T
N2_Orang	0.0120078241507	1	344	A	C
N2_Orang	0.0136929106215	1	603	A	C
N2_Orang	0.014037724905	1	151	T	G
N1_Macaq	0.000137171884476	1	399	A	T
N1_Macaq	0.000355174758612	2	653	G	A
N1_Macaq	0.00037161375715	1	707	T	C
N1_Macaq	0.000446878060621	2	107	A	T
N1_Macaq	0.00059696201977	1	228	G	A
N1_Macaq	0.00256830968369	2	102	C	T
N1_Macaq	0.00365313546866	2	420	A	T
N1_Macaq	0.00369740404867	2	728	T	A
N1_Macaq	0.00444240964609	2	717	C	G
N1_Macaq	0.00449341690504	1	310	G	A
N1_Macaq	0.00701745026147	1	165	A	T
N1_Macaq	0.00791392133114	2	700	T	C
N1_Macaq	0.00794673924963	1	84	T	A
N1_Macaq	0.00803574512161	1	45	G	T
N1_Macaq	0.00854678893817	1	435	A	G
N1_Macaq	0.00857273393995	2	536	C	A
N1_Macaq	0.00947367276191	1	356	C	T
N1_Macaq	0.00963502722186	1	495	T	G
N1_Macaq	0.0103382296123	1	261	C	T
N1_Macaq	0.0111810075715	2	235	C	T
N1_Macaq	0.0120438799868	1	673	A	G
N1_Macaq	0.0121114993796	1	8	A	C
N1_Macaq	0.0123347073018	1	303	G	A
N1_Macaq	0.0130816439421	1	363	T	C
N1_Macaq	0.0131252275022	2	30	A	C
N1_Macaq	0.0134892110292	2	445	T	A
N1_Macaq	0.0135020305318	2	471	C	A
N1_Macaq	0.0138480336504	1	170	T	A
N1_Macaq	0.0142504135404	2	338	T	A
N1_Macaq	0.0161165147045	2	76	T	C
N1_Macaq	0.0163416720431	1	81	C	T
N1_Macaq	0.0174708428975	2	194	A	G
N1_Macaq	0.017562330155	1	42	G	A
N1_Macaq	0.017644668353	2	502	T	A
N1_Macaq	0.0185559675408	2	240	T	G
N1_Macaq	0.0197846818857	2	490	C	T
N1_Macaq	0.0211815321002	1	52	G	C
N1_Macaq	0.0218924741213	1	316	C	T
N1_Macaq	0.0222473157456	1	380	G	A
N1_Macaq	0.0229497882847	1	154	T	G
N1_Macaq	0.0239488201116	1	604	C	A
N1_Macaq	0.0242774108107	2	351	G	A
N1_Macaq	0.0247227480904	2	189	A	T
N1_Macaq	0.0247830617856	1	294	T	A
N1_Macaq	0.0254384875445	1	350	C	G
N1_Macaq	0.0265083172755	1	225	A	G
N1_Macaq	0.0273427183989	1	181	G	C
N1_Macaq	0.0284210440427	1	744	A	G
N1_Macaq	0.0289169724478	2	694	T	G
N1_Macaq	0.0297746236012	2	714	C	T
N1_Macaq	0.0298126966569	1	351	C	T
N1_Macaq	0.029981858443	1	626	G	A
N1_Macaq	0.0323127870688	1	454	A	G
N1_Macaq	0.0323361769439	2	680	G	A
N1_Macaq	0.0325757949881	1	609	C	T
N0_Mouse	0.00358879656601	0	712	A	C
N0_Mouse	0.00446693124467	0	159	A	T
N0_Mouse	0.00489225333261	0	669	T	C
N0_Mouse	0.00575020452368	0	656	G	A
N0_Mouse	0.00754216927855	0	725	C	A
N0_Mouse	0.0090450328789	0	321	G	A
N0_Mouse	0.0102987210808	0	131	A	G
N0_Mouse	0.0103588024893	0	704	A	G
N0_Mouse	0.0163863991583	0	287	A	T
N0_Mouse	0.0177754584531	0	634	T	A
N0_Mouse	0.019006332373	0	564	T	A
N0_Mouse	0.0194818198984	0	265	T	C
N0_Mouse	0.02496406302	0	332	A	C
N0_Mouse	0.0276302828805	0	551	T	C
N0_Mouse	0.0304107427729	0	20	T	A
N0_Mouse	0.0306999377315	0	441	C	A
N0_Mouse	0.0321837339005	0	67	C	G
N0_Mouse	0.0335122070703	0	307	T	C
N0_Mouse	0.0339319842724	0	648	G	A
N0_Mouse	0.0343165527128	0	385	A	T
N0_Mouse	0.0372290195071	0	323	G	A
N0_Mouse	0.0374294077035	0	221	C	T
N0_Mouse	0.0386302225816	0	666	A	T
N0_Mouse	0.0416267826669	0	616	A	G
N0_Mouse	0.042688485395	0	422	G	A
N0_Mouse	0.0445089320966	0	390	A	C
N0_Mouse	0.0446536565365	0	104	G	T
N0_Mouse	0.0487119780264	0	715	C	T
N0_Mouse	0.048968580743	0	277	G	A
N0_Mouse	0.0511606698382	0	232	C	T
N0_Mouse	0.0518654441757	0	629	A	T
N0_Mouse	0.0552715650321	0	31	A	C
N0_Mouse	0.0568487530371	0	655	C	G
N0_Mouse	0.0578311719679	0	135	T	C
N0_Mouse	0.0579577996921	0	663	A	G
N0_Mouse	0.0579689551143	0	336	A	G
N0_Mouse	0.0582500800173	0	127	T	C
N0_Mouse	0.0587343761868	0	324	T	A
N0_Mouse	0.0587576770133	0	75	G	A
N0_Mouse	0.0594552238579	0	414	G	A
N0_Mouse	0.0601099316575	0	486	T	G
N0_Mouse	0.0630739186809	0	508	G	A
N0_Mouse	0.0650603514352	0	213	T	C
N0_Mouse	0.0653492591249	0	57	T	G
N0_Mouse	0.0668706851577	0	420	A	G
N0_Mouse	0.0669828960598	0	360	G	A
N0_Mouse	0.0671114356639	0	233	C	T
N0_Mouse	0.0680202013544	0	643	T	C
N0_Mouse	0.0683597233522	0	118	C	T
N0_Mouse	0.068513688712	0	255	G	C
N0_Mouse	0.0689532683338	0	129	T	C
N0_Mouse	0.0690743093766	0	367	T	A
N0_Mouse	0.0692889489493	0	587	G	T
N0_Mouse	0.0695291850001	0	618	T	C
N0_Mouse	0.0697891443183	0	530	A	G
N0_Mouse	0.0706356211242	0	316	C	T
N0_Mouse	0.0710494401184	0	551	C	T
N0_Mouse	0.0727766290915	0	446	T	C
N0_Mouse	0.0732370860776	0	73	A	G
N0_Mouse	0.0733106490531	0	529	C	T
N0_Mouse	0.0734041196048	0	422	A	G
N0_Mouse	0.0788090270552	0	447	A	T
N0_Mouse	0.0816838933609	0	591	G	T
N0_Mouse	0.0827544851945	0	141	C	G
N0_Mouse	0.0842983999451	0	646	T	A
N0_Mouse	0.0855707028533	0	30	A	T
N0_Mouse	0.086453018658	0	378	T	C
N0_Mouse	0.0872490494545	0	322	G	T
N0_Mouse	0.088442146187	0	293	T	A
N0_Mouse	0.0885431497356	0	443	A	C
N0_Mouse	0.0891194840305	0	252	A	G
N0_Mouse	0.0895223167605	0	504	T	C
N0_Mouse	0.0903363169369	0	683	A	T
N0_Mouse	0.0928803239347	0	99	T	C
N0_Mouse	0.0936031095582	0	539	C	T
N0_Mouse	0.0948613286933	0	336	G	C
N0_Mouse	0.0958101363	0	642	A	G
N0_Mouse	0.0960642755961	0	169	T	C
N0_Mouse	0.0963505697219	0	706	G	A
N0_Mouse	0.0967677589232	0	741	A	T
N0_Mouse	0.098274413048	0	552	A	G
N0_Mouse	0.098622894108	0	721	A	T
N0_Mouse	0.100550722266	0	183	T	A
N0_Mouse	0.101946212613	0	552	G	A
N0_Mouse	0.103695158434	0	334	A	G
N0_Mouse	0.107299367873	0	173	C	T
N0_Mouse	0.108883457209	0	663	G	A
N0_Mouse	0.111267238535	0	406	A	G
N0_Mouse	0.114112353294	0	718	G	C
N0_Mouse	0.114894065095	0	490	C	T
N0_Mouse	0.115131265328	0	198	A	G
N0_Mouse	0.118775069353	0	648	A	T
N0_Mouse	0.120570125418	0	52	A	G
N0_Mouse	0.12150583467	0	228	A	G
N0_Mouse	0.124397880988	0	576	G	A
N0_Mouse	0.124474397191	0	616	G	A
N0_Mouse	0.126059938664	0	706	A	G
N0_Mouse	0.126164191752	0	483	G	A
N0_Mouse	0.127277340398	0	739	C	T
N0_Mouse	0.127689679698	0	292	C	T
N0_Mouse	0.129905352217	0	699	T	A
N0_Mouse	0.131682616147	0	664	A	G
N0_Mouse	0.131859992513	0	280	T	C
N0_Mouse	0.134397708671	0	98	T	A
N0_Mouse	0.136007335311	0	334	G	C
N0_Mouse	0.136349679499	0	426	T	G
N0_Mouse	0.136430228763	0	225	A	T
N0_Mouse	0.138954010154	0	619	A	T
N0_Mouse	0.139148656719	0	88	C	A
N0_Mouse	0.140492817952	0	470	G	C
N0_Mouse	0.14251022515	0	401	C	A
N0_Mouse	0.143354127894	0	319	T	G
N0_Mouse	0.14579542749	0	503	T	C
N0_Mouse	0.145899814324	0	276	G	A
N0_Mouse	0.14648834461	0	181	G	A
N0_Mouse	0.148105002439	0	676	T	A
N0_Mouse	0.148235830102	0	96	A	G
N0_Mouse	0.148434079146	0	267	G	A
N0_Mouse	0.149000016145	0	136	G	A
N0_Mouse	0.149219848701	0	385	T	A
N0_Mouse	0.149866898094	0	49	G	C
N0_Mouse	0.153564841757	0	339	A	T
N0_Mouse	0.15373727229	0	678	G	A
N0_Mouse	0.154234047129	0	394	A	G
N0_Mouse	0.154926548557	0	470	C	A
N0_Mouse	0.155099508418	0	448	G	T
N0_Mouse	0.155823103407	0	470	A	G
N0_Mouse	0.158452646117	0	478	A	G
N0_Mouse	0.158556712538	0	486	G	C
N0_Mouse	0.159843126364	0	334	C	T
N0_Mouse	0.160235849981	0	576	A	G
N0_Mouse	0.161097404319	0	532	G	A
N0_Mouse	0.16286287655	0	378	C	A
N0_Mouse	0.16347909725	0	422	G	A
N0_Mouse	0.164058607829	0	741	T	A
N0_Mouse	0.170524062086	0	634	A	T
N0_Mouse	0.173701300809	0	568	T	C
N0_Mouse	0.173780671954	0	386	G	A
N0_Mouse	0.174995350526	0	218	A	T
N0_Mouse	0.175845941801	0	571	A	G
N0_Mouse	0.177106735314	0	153	A	G
N0_Mouse	0.178740081369	0	8	G	A
N0_Mouse	0.17990533048	0	578	A	T
N0_Mouse	0.179914204802	0	519	T	G
N0_Mouse	0.181761596721	0	408	A	G
N0_Mouse	0.183235270047	0	135	C	T
N0_Mouse	0.183980862387	0	555	C	G
N0_Mouse	0.184296268123	0	695	G	C
N0_Mouse	0.184355611994	0	65	A	T
N0_Mouse	0.186182927272	0	411	C	T
N0_Mouse	0.188895689896	0	700	T	A
N0_Mouse	0.189696816127	0	124	G	T
N0_Mouse	0.190642730304	0	82	T	G
N0_Mouse	0.190990868698	0	626	C	A
N0_Mouse	0.191410250988	0	213	C	T
N0_Mouse	0.191983264253	0	101	G	A
N0_Mouse	0.192279810399	0	627	A	T
N0_Mouse	0.194040003741	0	392	T	A
N0_Mouse	0.194165893617	0	256	A	G
N0_Mouse	0.194464924555	0	270	T	C
N0_Mouse	0.194595230971	0	182	T	G
N0_Mouse	0.195153494394	0	69	G	A
N0_Mouse	0.195411092393	0	410	A	C
N0_Mouse	0.198589090184	0	701	C	T
N0_Mouse	0.199118633817	0	277	A	T
N0_Mouse	0.202287252049	0	757	C	T
N0_Mouse	0.20426692097	0	47	C	A
N0_Mouse	0.204286614041	0	89	C	A
N0_Mouse	0.20639145639	0	545	T	C
N0_Mouse	0.207864211684	0	330	G	A
N0_Mouse	0.208391199099	0	441	A	G
N0_Mouse	0.209994194821	0	240	T	C
N0_Mouse	0.210541639142	0	539	T	C
N0_Mouse	0.211289485082	0	394	G	T
N0_Mouse	0.211451277864	0	589	T	G
N0_Mouse	0.212786203819	0	545	C	T
N0_Mouse	0.213342766369	0	319	G	C
N0_Mouse	0.21384394202	0	488	T	G
N0_Mouse	0.214890593187	0	461	T	C
N0_Mouse	0.215925831911	0	38	A	T
N0_Mouse	0.216082309161	0	273	G	A
N0_Mouse	0.216417578483	0	445	T	G
N0_Mouse	0.218011576113	0	488	G	T
N0_Mouse	0.219448768298	0	100	C	A
N0_Mouse	0.21964047085	0	475	C	T
N0_Mouse	0.220537424219	0	252	G	A
N0_Mouse	0.220719977777	0	655	G	T
N0_Mouse	0.221774334028	0	730	G	T
N0_Mouse	0.22396535476	0	472	A	G
N0_Mouse	0.22457499702	0	707	T	G
N0_Mouse	0.233138871016	0	130	C	T
N0_Mouse	0.233561799674	0	89	A	T
N0_Mouse	0.234880372599	0	548	T	A
N0_Mouse	0.235678189807	0	542	C	T
N0_Mouse	0.235814308598	0	156	A	G
N0_Mouse	0.236040799834	0	551	T	A
N0_Mouse	0.237208893046	0	449	G	C
N0_Mouse	0.240919682787	0	637	G	A
N0_Mouse	0.251300971585	0	746	A	G
N0_Mouse	0.252009912487	0	359	T	G
N0_Mouse	0.252695151612	0	478	G	A
N0_Mouse	0.25412961961	0	636	G	A
N0_Mouse	0.254319406885	0	429	T	G
N0_Mouse	0.254777447867	0	428	G	A
N0_Mouse	0.256353809434	0	29	G	A
N0_Mouse	0.257327064307	0	649	A	T
N0_Mouse	0.258830357742	0	390	C	T
N0_Mouse	0.258942264395	0	342	A	G
N0_Mouse	0.259605139328	0	595	A	C
N0_Mouse	0.26054291923	0	514	C	T
N0_Mouse	0.26081987857	0	565	A	C
N0_Mouse	0.261465202339	0	59	G	T
N0_Mouse	0.261589327133	0	405	A	C
N0_Mouse	0.262731604391	0	148	C	G
N0_Mouse	0.263164851253	0	538	A	T
N0_Mouse	0.263535604575	0	385	A	T
N0_Mouse	0.26665687496	0	418	A	C
N0_Mouse	0.268150852386	0	490	T	C
N0_Mouse	0.268426122321	0	761	A	G
N0_Mouse	0.268824218066	0	562	A	C
N0_Mouse	0.269414414934	0	500	G	A
N0_Mouse	0.269793758077	0	652	C	T
N0_Mouse	0.27030534178	0	635	T	C
N0_Mouse	0.271335037834	0	298	C	A
N0_Mouse	0.271484279472	0	685	A	G
N0_Mouse	0.272125741485	0	98	A	T
N0_Mouse	0.273908688357	0	39	G	C
N0_Mouse	0.27663460001	0	360	A	C
N0_Mouse	0.279968081695	0	146	T	A
N0_Mouse	0.280940805714	0	525	C	T
N0_Mouse	0.281100338746	0	171	T	A
N0_Mouse	0.283200431253	0	383	C	T
N0_Mouse	0.283911384194	0	137	G	C
N0_Mouse	0.286781564802	0	55	A	T
N0_Mouse	0.287769481148	0	372	A	T
N0_Mouse	0.28806488984	0	332	C	G
N0_Mouse	0.289725709156	0	230	T	A
N0_Mouse	0.29050949564	0	10	T	C
N0_Mouse	0.290857128447	0	131	G	T
N0_Mouse	0.291142633701	0	739	T	A
N0_Mouse	0.292158290185	0	151	T	C
N0_Mouse	0.295198703285	0	41	C	T
N0_Mouse	0.298066545411	0	111	G	A
N0_Mouse	0.300141758656	0	361	T	A
N0_Mouse	0.3015382769	0	262	G	C
N0_Mouse	0.302830470592	0	679	C	A
N0_Mouse	0.303118509494	0	370	A	T
N0_Mouse	0.304077193862	0	467	G	A
N0_Mouse	0.305787912578	0	550	C	T
N0_Mouse	0.306835015981	0	197	A	T
N0_Mouse	0.308119648768	0	177	A	G
N0_Mouse	0.312911892787	0	760	A	T
N0_Mouse	0.312950905716	0	630	A	T
N0_Mouse	0.316241490086	0	15	T	G
N0_Mouse	0.318028047914	0	65	T	A
N0_Mouse	0.319306129034	0	462	T	G
N0_Mouse	0.320191944463	0	628	G	T
N0_Mouse	0.320939882451	0	567	T	A
N0_Mouse	0.320989243566	0	162	T	G
N0_Mouse	0.323026118703	0	514	T	C
N0_Mouse	0.325182246908	0	408	G	A
N0_Mouse	0.326657085725	0	599	A	C
N0_Mouse	0.327534490867	0	60	C	G
N0_Mouse	0.327982455338	0	554	T	C
N0_Mouse	0.332308743739	0	692	A	G
N0_Mouse	0.332945384411	0	353	C	T
N0_Mouse	0.335307482332	0	27	C	T
N0_Mouse	0.340765118706	0	271	C	A
N0_Mouse	0.34080834274	0	377	A	T
N0_Mouse	0.340932511059	0	325	C	T
N0_Mouse	0.341278082503	0	286	T	C
N0_Mouse	0.342672383591	0	411	T	A
N0_Mouse	0.343037330089	0	34	T	G
N0_Mouse	0.34451932969	0	166	C	T
N0_Mouse	0.346945583185	0	638	G	A
N0_Mouse	0.347144955596	0	192	A	G
N0_Mouse	0.348315586821	0	475	T	A
N0_Mouse	0.349648024102	0	210	C	G
N0_Mouse	0.351732863171	0	128	C	T
N0_Mouse	0.352121003717	0	252	A	G
N0_Mouse	0.352645809802	0	73	G	T
N0_Mouse	0.354336839748	0	572	G	A
N0_Mouse	0.356842483279	0	744	A	C
N0_Mouse	0.362950556842	0	348	A	C
N0_Mouse	0.363906140201	0	652	T	G
N0_Mouse	0.365429075446	0	140	T	C
N0_Mouse	0.365847926922	0	474	A	C
N0_Mouse	0.365860846489	0	399	A	G
N0_Mouse	0.367881424076	0	397	A	G
N0_Mouse	0.368027130208	0	401	A	G
N0_Mouse	0.371115455701	0	366	A	G
N0_Mouse	0.371323544817	0	119	T	G
N0_Mouse	0.372902627546	0	279	A	G
N0_Mouse	0.374189876878	0	521	G	A
N0_Mouse	0.378272129484	0	636	A	G
N0_Mouse	0.379474673315	0	712	C	T
N0_Mouse	0.38085249942	0	680	A	G
N0_Mouse	0.381472886715	0	338	G	C
N0_Mouse	0.383102264191	0	609	C	G
N0_Mouse	0.383432476357	0	108	T	C
N0_Mouse	0.385900873969	0	235	C	A
N0_Mouse	0.386052460419	0	170	A	T
N0_Mouse	0.387660831188	0	754	T	A
N0_Mouse	0.388175201324	0	13	C	T
N0_Mouse	0.389301738382	0	392	A	C
N0_Mouse	0.390419134862	0	578	T	A
N0_Mouse	0.39069558658	0	294	T	C
N0_Mouse	0.391509393053	0	216	G	T
N0_Mouse	0.393466700625	0	618	C	A
N0_Mouse	0.396362044555	0	285	C	T
N0_Mouse	0.397100449912	0	413	T	A
N0_Mouse	0.39713945436	0	207	G	C
N0_Mouse	0.398843215149	0	19	T	A
N0_Mouse	0.39918130031	0	310	A	G
N0_Mouse	0.400396617092	0	656	A	G
N0_Mouse	0.400890342969	0	35	G	A
N0_Mouse	0.402475740269	0	262	C	G
N0_Mouse	0.403266149129	0	173	T	A
N0_Mouse	0.403558898348	0	250	G	A
N0_Mouse	0.40439372566	0	80	A	G
N0_Mouse	0.406528081849	0	248	G	A
N0_Mouse	0.407071113966	0	538	T	A
N0_Mouse	0.40785502046	0	555	G	C
N0_Mouse	0.409089874657	0	391	C	A
N0_Mouse	0.409745583032	0	752	A	G
N0_Mouse	0.410178964511	0	720	G	A
N0_Mouse	0.415916308905	0	705	A	G
N0_Mouse	0.417805117762	0	299	A	T
N0_Mouse	0.421557943622	0	419	C	T
N0_Mouse	0.422386775804	0	111	A	G
N0_Mouse	0.42376308415	0	518	C	A
N0_Mouse	0.425128700175	0	47	A	G
N0_Mouse	0.425560793908	0	30	T	C
N0_Mouse	0.42610844164	0	193	A	T
N0_Mouse	0.429058628921	0	225	T	C
N0_Mouse	0.429880585393	0	58	G	T
N0_Mouse	0.432100352925	0	154	T	A
N0_Mouse	0.432901104083	0	554	C	T
N0_Mouse	0.433585381635	0	469	C	T
N0_Mouse	0.436947041959	0	383	T	C
N0_Mouse	0.436957803596	0	524	G	T
N0_Mouse	0.437082838561	0	66	T	C
N0_Mouse	0.439433224935	0	224	C	T
N0_Mouse	0.441914110731	0	518	A	C
N0_Mouse	0.442159238999	0	270	C	A
N0_Mouse	0.442174156359	0	502	G	A
N0_Mouse	0.443225085391	0	640	T	A
N0_Mouse	0.44357585689	0	147	A	T
N0_Mouse	0.444014254574	0	315	C	T
N0_Mouse	0.445511291684	0	27	T	G
N0_Mouse	0.445581792471	0	151	C	T
N0_Mouse	0.44564051878	0	491	T	C
N0_Mouse	0.446163648098	0	437	T	G
N0_Mouse	0.448703739473	0	646	A	G
N0_Mouse	0.44937535242	0	522	G	A
N0_Mouse	0.455548867529	0	574	T	G
N0_Mouse	0.458373828718	0	328	A	T
N0_Mouse	0.458747682746	0	119	G	T
