edge	time	mut_orlg	mut_pos	old_state	new_state
N0_D1	0.000102407250349	0	75	G	A
N0_D1	0.00159281643498	0	267	A	G
N0_D1	0.00221329027087	0	278	T	A
N0_D1	0.00724201978555	0	233	T	C
N0_D1	0.00952406835313	0	405	G	A
N0_D1	0.0113216842404	0	275	T	A
N0_D1	0.0133486208008	0	132	C	G
N0_D1	0.0137602442556	0	188	A	T
N0_D1	0.014275820141	0	144	T	A
N0_D1	0.0153680896504	0	119	G	T
N0_D1	0.0155300798578	0	317	T	A
N0_D1	0.016530654635	0	64	G	A
N0_D1	0.0217036063643	0	390	A	C
N0_D1	0.0238911663272	0	457	A	G
N0_D1	0.0271823093929	0	253	C	G
N0_D1	0.0285020155355	0	305	A	G
N0_D1	0.0302471031773	0	446	G	C
N0_D1	0.0307324773486	0	336	C	T
N0_D1	0.0320246462684	0	11	C	T
N0_D1	0.0364042244553	0	400	C	T
N0_D1	0.0452430626249	0	431	G	T
N0_D1	0.0484148702723	0	216	A	T
N0_D1	0.0508757282545	0	296	C	G
D1_N1	0.000430527426805	1	349	C	A
D1_N1	0.000498552750319	2	156	A	G
D1_N1	0.000620126359977	1	222	A	T
D1_N1	0.000648625722408	1	261	C	A
D1_N1	0.00224154528718	1	184	T	A
D1_N1	0.00262879699173	1	168	C	A
D1_N1	0.00387841263298	1	167	C	T
D1_N1	0.00414028707252	1	291	T	C
D1_N1	0.00491968078347	1	44	A	T
D1_N1	0.00594748723614	2	334	A	T
D1_N1	0.00601509766095	1	21	G	T
D1_N1	0.00790195133909	2	130	A	T
D1_N1	0.00915997725214	1	444	T	A
D1_N1	0.0102875127099	1	465	A	G
D1_N1	0.011371201129	2	250	T	G
D1_N1	0.0129483506071	1	17	C	G
D1_N1	0.0141104227914	2	380	T	C
D1_N1	0.0153069607862	1	149	A	T
D1_N1	0.0176922966082	1	36	A	G
D1_N1	0.019731442274	1	52	G	C
D1_N1	0.0204454138891	1	42	T	A
D1_N1	0.0237376721991	1	12	C	A
D1_N1	0.0249869466692	2	430	C	A
D1_N1	0.0251196810056	1	245	G	A
D1_N1	0.0283789412371	1	347	G	A
D1_N1	0.0298230600026	1	283	A	T
D1_N1	0.0299920837213	1	404	G	C
D1_N1	0.0316367022513	1	251	A	G
D1_N1	0.0335928906499	2	310	T	C
D1_N1	0.0353050254815	1	313	T	C
D1_N1	0.0358797793329	2	374	G	T
D1_N1	0.0372406179511	2	136	A	T
D1_N1	0.0426869091172	2	84	C	A
D1_N1	0.0434855827846	2	463	G	A
D1_N1	0.0437011017946	1	42	A	C
D1_N1	0.0481399662594	2	309	A	T
D1_N1	0.0486999174308	1	435	T	A
D1_N1	0.0498121829989	1	257	T	A
D1_N1	0.0517596661971	1	125	G	T
D1_N1	0.0531397652197	2	17	C	T
D1_N1	0.0537369301617	1	411	T	G
D1_N1	0.0558136994281	1	224	A	T
D1_N1	0.0560348369913	1	421	C	A
D1_N1	0.0562005330415	1	360	G	A
D1_N1	0.0564540923098	2	8	C	T
D1_N1	0.057190375683	2	463	A	T
D1_N1	0.0579962371423	2	257	T	C
D1_N1	0.0580366406041	1	234	C	G
D1_N1	0.0587372751048	1	405	A	G
D1_N1	0.0588062660385	2	349	C	T
D1_N1	0.0593608704905	2	361	C	T
D1_N1	0.0593685543514	1	386	T	A
D1_N1	0.0604529103388	1	228	G	T
D1_N1	0.061895929696	1	68	C	A
D1_N1	0.0624491072981	1	237	G	T
D1_N1	0.0634533841057	1	415	T	A
D1_N1	0.0642105086671	1	118	A	T
D1_N1	0.0648694782453	1	40	G	A
D1_N1	0.0673559843609	2	244	C	A
D1_N1	0.069333124067	1	43	G	A
D1_N1	0.0695303719543	1	59	T	C
D1_N1	0.069630972096	1	212	A	G
D1_N1	0.0719993782817	2	391	G	A
D1_N1	0.0725154401041	1	244	C	A
D1_N1	0.0726741667236	1	64	A	C
D1_N1	0.0764655389049	2	47	A	T
D1_N1	0.076781805971	2	325	C	G
D1_N1	0.0773760752725	1	89	C	A
D1_N1	0.0775461085734	2	2	T	C
D1_N1	0.078775599534	2	92	T	C
D1_N1	0.0801503199676	1	105	C	T
D1_N1	0.0808225516317	1	140	C	T
D1_N1	0.082361689499	2	257	C	T
D1_N1	0.082991427601	1	69	C	T
D1_N1	0.0834707003292	1	123	A	T
D1_N1	0.083909397105	1	377	C	A
D1_N1	0.0864225488317	1	467	T	A
D1_N1	0.0864415558808	1	16	T	A
D1_N1	0.0866331105937	1	417	G	A
D1_N1	0.0884722877882	2	240	C	T
D1_N1	0.089007740097	2	73	G	C
D1_N1	0.0906100859212	2	311	T	A
D1_N1	0.0909874802657	2	50	T	G
D1_N1	0.0910197950073	1	89	A	C
D1_N1	0.0911261736838	1	241	G	C
D1_N1	0.0918374477502	1	141	A	T
D1_N1	0.0927377058612	2	437	G	C
D1_N1	0.0927775646042	2	389	T	C
D1_N1	0.0937570387148	2	260	G	A
D1_N1	0.0954253416148	1	251	G	A
D1_N1	0.0963943346309	2	18	A	G
D1_N1	0.104439947058	1	93	G	A
D1_N1	0.10445263601	1	375	T	A
D1_N1	0.104521381882	1	336	T	G
D1_N1	0.104577428112	1	34	A	T
D1_N1	0.105025994428	1	84	C	T
D1_N1	0.105521529892	2	170	T	G
D1_N1	0.106065858134	1	85	G	A
D1_N1	0.106371587485	2	135	T	G
D1_N1	0.1063879644	1	200	T	C
D1_N1	0.106605744486	1	200	C	A
D1_N1	0.108217319573	2	130	T	A
D1_N1	0.110885915136	2	0	A	T
D1_N1	0.113683831105	1	171	A	T
D1_N1	0.116832769444	1	53	T	A
D1_N1	0.116912463502	1	62	G	A
D1_N1	0.117484404991	1	156	A	T
D1_N1	0.117784828826	2	110	T	G
D1_N1	0.118208280102	2	457	G	A
D1_N1	0.118922227379	2	335	C	T
D1_N1	0.120921330978	1	197	T	G
D1_N1	0.122254704592	1	145	T	C
D1_N1	0.123857789587	1	376	A	G
D1_N1	0.12401777777	2	295	A	G
D1_N1	0.124916235747	2	248	T	C
D1_N1	0.125342895438	2	195	A	T
D1_N1	0.126466214024	2	428	A	T
D1_N1	0.127330580777	1	340	C	T
D1_N1	0.128776358481	1	188	T	C
D1_N1	0.131044484912	1	344	C	G
D1_N1	0.131498504939	2	373	T	A
D1_N1	0.133059484837	2	259	T	C
D1_N1	0.133696203352	2	57	T	A
D1_N1	0.135679108637	1	371	A	C
D1_N1	0.136243529436	2	377	C	T
D1_N1	0.137516047891	1	9	A	T
D1_N1	0.138837978283	2	57	A	C
D1_N1	0.139675498144	1	8	C	G
D1_N1	0.140782718293	1	20	G	C
D1_N1	0.14096659168	1	45	A	T
D1_N1	0.141044885994	1	18	A	G
D1_N1	0.142683208131	1	160	C	A
D1_N1	0.14496802987	1	170	T	C
D1_N1	0.147271287498	2	174	C	T
D1_N1	0.148814484904	1	119	T	G
D1_N1	0.150040802009	2	303	G	A
D1_N1	0.151505410434	2	249	C	T
D1_N1	0.152714630178	1	395	C	T
D1_N1	0.152876567467	1	154	C	T
D1_N1	0.153059508152	1	46	G	T
D1_N1	0.154248120695	1	453	C	T
D1_N1	0.155121919053	2	424	T	G
D1_N1	0.155505082655	2	53	A	G
D1_N1	0.156409347241	1	224	T	C
D1_N1	0.156993914826	2	78	A	G
D1_N1	0.157782692628	2	312	C	G
D1_N1	0.159685649408	2	64	C	G
D1_N1	0.160237821481	2	373	T	C
D1_N1	0.162616600017	2	280	A	T
D1_N1	0.169257303832	2	277	C	G
D1_N1	0.172061214011	2	17	G	T
D1_N1	0.172141899075	2	317	A	G
D1_N1	0.172161706511	2	130	A	C
D1_N1	0.173720958733	2	189	A	T
D1_N1	0.175372716071	1	173	T	A
D1_N1	0.177038483706	2	433	T	A
D1_N1	0.177136736553	2	296	G	A
D1_N1	0.17774405981	1	268	C	A
D1_N1	0.182820727917	1	380	T	C
D1_N1	0.182897961688	1	183	G	T
D1_N1	0.183582787189	1	215	A	T
D1_N1	0.184169090868	1	167	T	G
D1_N1	0.184758511608	1	1	T	A
D1_N1	0.185825429649	2	137	A	T
D1_N1	0.186529300668	2	229	G	A
D1_N1	0.187399026218	1	94	A	G
D1_N1	0.18741439261	1	120	T	C
D1_N1	0.18751037581	1	380	C	G
D1_N1	0.188006617437	2	359	A	G
D1_N1	0.188061738351	1	445	T	G
D1_N1	0.18964870009	2	119	T	C
D1_N1	0.190055005994	1	227	A	C
D1_N1	0.19012414571	2	415	A	T
D1_N1	0.191545784614	2	83	G	A
D1_N1	0.192404961552	2	422	C	G
D1_N1	0.192739588499	2	195	A	C
D1_N1	0.19343927666	2	20	C	T
D1_N1	0.195708451969	1	464	G	C
D1_N1	0.196395676162	1	327	A	T
D1_N1	0.198203168606	1	141	T	C
D1_N1	0.198506973109	1	417	A	G
D1_N1	0.200464954441	2	401	A	G
D1_N1	0.20126764256	2	289	A	G
D1_N1	0.202853525476	1	74	G	C
D1_N1	0.203291738668	1	247	G	T
D1_N1	0.20352845843	1	31	G	T
D1_N1	0.204343887669	2	19	T	G
D1_N1	0.204737460324	2	42	C	A
D1_N1	0.205483971407	1	256	T	G
D1_N1	0.206583371691	1	246	T	G
D1_N1	0.207042478068	2	442	C	T
D1_N1	0.207537705741	2	402	C	G
D1_N1	0.209095992062	2	364	T	G
D1_N1	0.209123959353	1	20	C	T
D1_N1	0.20922385436	2	68	A	T
D1_N1	0.209730766523	1	336	G	C
D1_N1	0.20978895629	2	40	A	T
D1_N1	0.210044573126	2	270	G	A
D1_N1	0.21062343931	2	8	G	A
D1_N1	0.211162554212	2	204	C	A
D1_N1	0.212695720581	2	63	A	C
D1_N1	0.213769494336	2	424	G	C
N1_N2	0.00107478318852	1	69	T	C
N1_N2	0.00358079420737	2	98	T	A
N1_N2	0.00420743534211	1	142	A	C
N1_N2	0.00496430626983	2	211	C	T
N1_N2	0.0050567929532	1	380	G	T
N1_N2	0.00581055582021	2	363	T	G
N1_N2	0.00639651492384	1	151	T	A
N1_N2	0.00723431348457	2	160	A	G
N1_N2	0.00791559346776	2	296	A	G
N1_N2	0.00843072455014	2	154	C	G
N1_N2	0.00885905852121	1	447	C	T
N1_N2	0.0100754359121	1	35	A	T
N1_N2	0.0116579311747	2	351	A	T
N1_N2	0.0121053084624	2	126	C	T
N1_N2	0.0124871518536	2	405	G	C
N1_N2	0.0137099877488	1	260	G	C
N1_N2	0.0137402252848	1	13	A	G
N1_N2	0.0168846244464	2	183	G	A
N1_N2	0.0169943754206	1	340	T	C
N2_N3	0.00139695539231	2	157	T	G
N2_N3	0.00240947977081	2	111	G	A
N2_N3	0.00244172156653	2	37	G	A
N2_N3	0.00352962478328	2	377	A	G
N2_N3	0.00472974514817	2	67	G	T
N2_N3	0.00527433700417	1	91	C	T
N2_N3	0.00530274363592	1	361	C	A
N2_N3	0.00566155251692	2	113	T	C
N2_N3	0.00608928538842	1	262	T	A
N3_N4	0.00140771172455	2	351	T	G
N3_N4	0.00233939943304	2	401	G	T
N3_N4	0.00415626207185	2	175	T	A
N3_N4	0.00692294891265	1	139	T	C
N3_N4	0.00699539434351	2	85	A	G
N3_N4	0.00743035076592	1	53	A	G
N4_Human	0.000659686781132	2	336	G	A
N4_Human	0.00171936332177	1	333	G	T
N4_Human	0.0017680865449	1	44	T	C
N4_Human	0.0068182216112	1	164	C	A
N4_Human	0.00874304880158	1	121	T	C
N4_Human	0.00888281150113	2	174	T	C
N4_Human	0.00898528515314	1	120	C	G
N4_Human	0.00911299124559	1	418	T	A
N4_Human	0.00967323326753	2	340	T	C
N4_Human	0.0106868435919	2	227	A	G
N4_Human	0.0112954005264	2	394	A	G
N4_Chimp	0.000336624984938	2	456	G	A
N4_Chimp	0.00196285346659	1	462	G	A
N4_Chimp	0.00201025468061	2	308	A	C
N4_Chimp	0.002086366226	1	116	C	A
N4_Chimp	0.00362016219388	1	57	T	C
N4_Chimp	0.00495208244222	2	189	T	A
N4_Chimp	0.00854521844863	1	439	A	G
N4_Chimp	0.00925970736678	1	12	A	G
N4_Chimp	0.0100232041329	2	338	A	G
N3_Goril	0.00117209336728	2	325	C	A
N3_Goril	0.00182259587127	2	337	A	G
N3_Goril	0.00247799669436	1	88	G	A
N3_Goril	0.00436128091746	2	454	T	A
N3_Goril	0.00439016187097	1	327	T	A
N3_Goril	0.00850981442447	1	385	A	C
N3_Goril	0.00857309195541	1	147	A	C
N3_Goril	0.0098023355148	1	14	A	G
N3_Goril	0.014002053648	2	446	C	A
N3_Goril	0.0143297323586	2	118	T	C
N3_Goril	0.0154515821346	2	170	T	C
N3_Goril	0.0176574452516	1	272	G	A
N3_Goril	0.0186560584926	2	250	T	G
N3_Goril	0.0190797196598	1	435	A	T
N3_Goril	0.0191778086946	2	78	G	A
N3_Goril	0.0192898907134	2	150	T	A
N3_Goril	0.0196710476632	2	373	C	T
N3_Goril	0.0205331779862	2	322	T	C
N2_Orang	0.000347721970729	1	371	C	T
N2_Orang	0.00116876986011	2	352	T	A
N2_Orang	0.00148039532209	1	181	A	C
N2_Orang	0.00164167304081	1	170	C	T
N2_Orang	0.00349270818169	1	229	G	A
N2_Orang	0.00502582461095	2	204	A	G
N2_Orang	0.00514284342808	1	449	T	C
N2_Orang	0.00665330024401	1	432	A	G
N2_Orang	0.00700813647878	1	343	T	G
N2_Orang	0.00744406873525	2	315	T	A
N2_Orang	0.00767373764662	1	147	A	G
N2_Orang	0.0088907046813	1	337	A	T
N2_Orang	0.00891888944189	1	149	T	A
N2_Orang	0.0105844995717	1	340	C	G
N2_Orang	0.0124055501698	1	66	T	A
N2_Orang	0.0145707978103	1	47	A	C
N2_Orang	0.0145833322894	1	249	C	T
N1_Macaq	0.000198177509763	1	245	A	G
N1_Macaq	0.000367653172633	2	282	G	T
N1_Macaq	0.00163597441753	1	462	G	A
N1_Macaq	0.00361243470265	1	417	G	A
N1_Macaq	0.00592357263758	1	13	A	T
N1_Macaq	0.0059271579907	2	179	G	A
N1_Macaq	0.00605208242022	1	4	T	C
N1_Macaq	0.00688230496987	2	130	C	A
N1_Macaq	0.00825585006101	2	361	C	T
N1_Macaq	0.0103778163293	1	30	G	A
N1_Macaq	0.0104571034017	1	442	C	T
N1_Macaq	0.0129707898507	1	431	T	A
N1_Macaq	0.0133726207614	2	343	T	G
N1_Macaq	0.0141846054943	2	66	T	C
N1_Macaq	0.0148715847871	2	39	G	A
N1_Macaq	0.0149671146621	2	381	G	A
N1_Macaq	0.0177384137013	2	176	A	G
N1_Macaq	0.0204854942983	1	426	C	A
N1_Macaq	0.0232528692302	1	58	T	A
N1_Macaq	0.0235785758353	1	391	G	A
N1_Macaq	0.0261537743333	2	405	G	A
N1_Macaq	0.0269615733534	2	409	C	A
N1_Macaq	0.0275805045661	1	79	T	C
N1_Macaq	0.0291704627925	1	457	G	A
N1_Macaq	0.0295599602849	2	49	C	T
N1_Macaq	0.0304145239994	1	391	A	C
N1_Macaq	0.0304519541324	2	46	G	A
N1_Macaq	0.0314361778911	2	277	G	C
N1_Macaq	0.0317778127198	1	236	A	G
N1_Macaq	0.031855492999	2	28	C	T
N0_Mouse	0.0016911080594	0	94	A	T
N0_Mouse	0.0024174914016	0	8	C	T
N0_Mouse	0.00357857464383	0	113	T	C
N0_Mouse	0.00553800832549	0	443	C	T
N0_Mouse	0.00667048481912	0	163	T	C
N0_Mouse	0.00924360111143	0	246	T	A
N0_Mouse	0.0120656146272	0	449	T	A
N0_Mouse	0.0125155114795	0	84	C	A
N0_Mouse	0.0168335786215	0	209	A	G
N0_Mouse	0.0210620572903	0	146	G	A
N0_Mouse	0.0212011913352	0	357	A	G
N0_Mouse	0.0221306004016	0	3	A	C
N0_Mouse	0.0227806902132	0	169	G	A
N0_Mouse	0.0232365174846	0	254	G	A
N0_Mouse	0.0237356324509	0	10	T	C
N0_Mouse	0.0278391882663	0	215	A	C
N0_Mouse	0.0300026113232	0	198	A	T
N0_Mouse	0.0317197176527	0	199	C	G
N0_Mouse	0.0336512914821	0	72	C	T
N0_Mouse	0.0342820273094	0	12	C	T
N0_Mouse	0.0358045575072	0	227	A	C
N0_Mouse	0.0414734599044	0	99	G	A
N0_Mouse	0.0419818383251	0	81	G	A
N0_Mouse	0.0462636384457	0	246	A	G
N0_Mouse	0.0465699054111	0	82	T	C
N0_Mouse	0.0474485390113	0	382	A	G
N0_Mouse	0.0496299109772	0	410	C	A
N0_Mouse	0.0507958561751	0	306	A	C
N0_Mouse	0.0518108633955	0	386	T	G
N0_Mouse	0.0549544013771	0	463	G	A
N0_Mouse	0.0549793412601	0	28	C	T
N0_Mouse	0.055480323702	0	369	T	C
N0_Mouse	0.0557477454393	0	228	G	C
N0_Mouse	0.06226094127	0	460	A	C
N0_Mouse	0.0630051277485	0	56	C	T
N0_Mouse	0.0646948032728	0	304	T	A
N0_Mouse	0.0654395505206	0	65	C	A
N0_Mouse	0.0658103005767	0	236	A	T
N0_Mouse	0.0663349068175	0	140	C	G
N0_Mouse	0.0673765020587	0	464	G	T
N0_Mouse	0.0681910307092	0	173	T	C
N0_Mouse	0.0698918314177	0	208	C	T
N0_Mouse	0.0740755625635	0	130	A	C
N0_Mouse	0.0762521820747	0	261	C	T
N0_Mouse	0.0763100055561	0	246	G	T
N0_Mouse	0.0768833886023	0	169	A	T
N0_Mouse	0.0838859192685	0	164	C	A
N0_Mouse	0.0839404165479	0	154	C	G
N0_Mouse	0.0840541991309	0	178	G	A
N0_Mouse	0.0866878134506	0	133	G	T
N0_Mouse	0.0881807309917	0	122	T	C
N0_Mouse	0.089224392068	0	387	G	A
N0_Mouse	0.0897892641167	0	67	G	A
N0_Mouse	0.0901850691223	0	433	T	G
N0_Mouse	0.0904078462268	0	170	T	A
N0_Mouse	0.0937563197801	0	93	G	C
N0_Mouse	0.0938915794641	0	325	C	T
N0_Mouse	0.094575695653	0	244	C	G
N0_Mouse	0.0965377422383	0	293	A	G
N0_Mouse	0.0995213632741	0	302	A	G
N0_Mouse	0.101350531581	0	20	G	A
N0_Mouse	0.102364825647	0	386	G	C
N0_Mouse	0.105958715217	0	148	G	A
N0_Mouse	0.112823326054	0	76	G	A
N0_Mouse	0.113192036871	0	294	A	G
N0_Mouse	0.116009772931	0	217	T	C
N0_Mouse	0.116455639701	0	283	A	G
N0_Mouse	0.116924663423	0	10	C	T
N0_Mouse	0.118968965507	0	392	T	C
N0_Mouse	0.119148348835	0	374	G	A
N0_Mouse	0.121448991387	0	173	C	G
N0_Mouse	0.123421422476	0	422	C	G
N0_Mouse	0.126769245026	0	61	T	C
N0_Mouse	0.126946157909	0	360	G	A
N0_Mouse	0.127238279686	0	457	A	G
N0_Mouse	0.127755720633	0	443	T	A
N0_Mouse	0.128315488047	0	75	G	A
N0_Mouse	0.132243860089	0	38	C	G
N0_Mouse	0.140440413147	0	47	A	T
N0_Mouse	0.140458080626	0	464	T	A
N0_Mouse	0.140889002116	0	299	T	A
N0_Mouse	0.143927383245	0	264	G	C
N0_Mouse	0.146782210614	0	228	C	T
N0_Mouse	0.147179728928	0	321	G	A
N0_Mouse	0.148820962122	0	224	A	G
N0_Mouse	0.157911015054	0	131	G	A
N0_Mouse	0.158799582469	0	215	C	A
N0_Mouse	0.167124034798	0	112	A	T
N0_Mouse	0.168097309774	0	255	C	T
N0_Mouse	0.168863839024	0	404	G	A
N0_Mouse	0.170199469442	0	43	G	C
N0_Mouse	0.172303587401	0	299	A	G
N0_Mouse	0.176891292681	0	221	A	G
N0_Mouse	0.180239680378	0	428	A	T
N0_Mouse	0.183050691797	0	123	A	C
N0_Mouse	0.183664186561	0	115	G	T
N0_Mouse	0.188534937185	0	108	C	T
N0_Mouse	0.18991328187	0	60	A	T
N0_Mouse	0.191212338542	0	26	G	C
N0_Mouse	0.192308356377	0	401	A	G
N0_Mouse	0.19620636901	0	315	T	A
N0_Mouse	0.196644094092	0	2	T	A
N0_Mouse	0.19710726396	0	376	A	G
N0_Mouse	0.199425367196	0	194	T	C
N0_Mouse	0.201617370085	0	72	T	C
N0_Mouse	0.205643785365	0	215	A	T
N0_Mouse	0.206582362299	0	232	T	C
N0_Mouse	0.208374580606	0	17	C	T
N0_Mouse	0.216313034008	0	420	T	A
N0_Mouse	0.217882610458	0	341	C	T
N0_Mouse	0.218140910032	0	206	A	T
N0_Mouse	0.218305427376	0	231	C	T
N0_Mouse	0.220304718154	0	364	T	A
N0_Mouse	0.223478026062	0	399	T	A
N0_Mouse	0.226612028458	0	129	G	A
N0_Mouse	0.230414604295	0	451	C	T
N0_Mouse	0.230751037336	0	168	C	A
N0_Mouse	0.231665017807	0	30	G	T
N0_Mouse	0.235682693389	0	114	G	A
N0_Mouse	0.23769462345	0	179	G	C
N0_Mouse	0.23774119626	0	119	G	A
N0_Mouse	0.238105704145	0	228	T	A
N0_Mouse	0.243719732474	0	279	T	C
N0_Mouse	0.244593278502	0	273	A	G
N0_Mouse	0.245562719649	0	260	G	C
N0_Mouse	0.246157680473	0	22	A	G
N0_Mouse	0.24632158501	0	453	C	T
N0_Mouse	0.248081233823	0	360	A	T
N0_Mouse	0.248241859571	0	89	C	T
N0_Mouse	0.249172776991	0	168	A	G
N0_Mouse	0.250174244403	0	405	G	C
N0_Mouse	0.250873299693	0	360	T	A
N0_Mouse	0.253279378655	0	55	C	T
N0_Mouse	0.254196973472	0	147	A	T
N0_Mouse	0.256316369604	0	303	G	A
N0_Mouse	0.257621041644	0	41	T	A
N0_Mouse	0.25825704842	0	436	G	A
N0_Mouse	0.260216503233	0	313	T	G
N0_Mouse	0.260675226437	0	252	A	T
N0_Mouse	0.261729630447	0	92	T	C
N0_Mouse	0.264167869399	0	240	C	T
N0_Mouse	0.266105880465	0	292	A	G
N0_Mouse	0.272159307217	0	320	T	A
N0_Mouse	0.27432130218	0	124	C	G
N0_Mouse	0.275710487701	0	257	T	A
N0_Mouse	0.277950420777	0	73	G	A
N0_Mouse	0.279699045959	0	195	A	C
N0_Mouse	0.28247990835	0	37	G	A
N0_Mouse	0.283342692454	0	285	T	C
N0_Mouse	0.299539470638	0	426	C	T
N0_Mouse	0.299688579208	0	353	A	G
N0_Mouse	0.302959919913	0	212	A	T
N0_Mouse	0.304135442399	0	293	G	T
N0_Mouse	0.309613575207	0	4	T	G
N0_Mouse	0.31327416682	0	177	A	G
N0_Mouse	0.317906905987	0	355	A	C
N0_Mouse	0.327491966186	0	124	G	A
N0_Mouse	0.33424768371	0	22	G	T
N0_Mouse	0.337232674691	0	138	A	G
N0_Mouse	0.337964642759	0	212	T	C
N0_Mouse	0.338204658269	0	29	C	G
N0_Mouse	0.34174212959	0	263	T	G
N0_Mouse	0.341814547005	0	315	A	G
N0_Mouse	0.342506186874	0	317	T	G
N0_Mouse	0.343351473675	0	233	T	C
N0_Mouse	0.343795043901	0	169	T	G
N0_Mouse	0.344202468828	0	72	C	T
N0_Mouse	0.346876568618	0	200	T	G
N0_Mouse	0.348988888527	0	390	A	G
N0_Mouse	0.353529773432	0	441	G	T
N0_Mouse	0.36384513172	0	334	A	G
N0_Mouse	0.364171110911	0	65	A	G
N0_Mouse	0.364737792498	0	353	G	A
N0_Mouse	0.368940064219	0	62	G	T
N0_Mouse	0.36946852253	0	319	A	T
N0_Mouse	0.371718237137	0	22	T	G
N0_Mouse	0.377223122525	0	143	T	G
N0_Mouse	0.382131297438	0	134	G	A
N0_Mouse	0.382676540781	0	20	A	G
N0_Mouse	0.383441786812	0	333	G	A
N0_Mouse	0.384787046272	0	285	C	A
N0_Mouse	0.387278824647	0	328	C	T
N0_Mouse	0.387611418053	0	169	G	A
N0_Mouse	0.388250027076	0	442	C	A
N0_Mouse	0.392157030794	0	419	T	C
N0_Mouse	0.39276365157	0	195	C	G
N0_Mouse	0.394246585589	0	365	G	A
N0_Mouse	0.398919443427	0	3	C	T
N0_Mouse	0.400864036018	0	59	T	C
N0_Mouse	0.403413543653	0	39	G	A
N0_Mouse	0.406066734437	0	101	A	T
N0_Mouse	0.415002542463	0	296	C	T
N0_Mouse	0.415213633413	0	329	A	T
N0_Mouse	0.415420944273	0	32	T	G
N0_Mouse	0.419481502768	0	293	T	C
N0_Mouse	0.419670548638	0	314	C	T
N0_Mouse	0.421759116499	0	131	A	C
N0_Mouse	0.425699356197	0	227	C	T
N0_Mouse	0.430986539487	0	267	A	G
N0_Mouse	0.432623647193	0	431	G	A
N0_Mouse	0.433216550446	0	407	C	A
N0_Mouse	0.440265337298	0	116	C	T
N0_Mouse	0.445235831586	0	87	T	G
N0_Mouse	0.445393421331	0	212	C	T
N0_Mouse	0.445587688224	0	85	G	T
N0_Mouse	0.449075799171	0	132	C	A
N0_Mouse	0.454148281331	0	400	C	G
N0_Mouse	0.454313711964	0	239	T	C
N0_Mouse	0.457713591236	0	222	A	T
