edge	time	orlg_from	orlg_to	tract_length	start_pos	stop_pos	num_diff	template_seq	overide_seq
D1_N1	0.000499719371458	2	1	1	967	967	0	T	T
D1_N1	0.00353818270399	1	2	1	273	273	0	A	A
D1_N1	0.00471407243882	1	2	1	1256	1256	0	T	T
D1_N1	0.00601438110842	2	1	1	665	665	0	T	T
D1_N1	0.00678386231196	2	1	1	598	598	0	A	A
D1_N1	0.0072071854064	1	2	1	233	233	0	T	T
D1_N1	0.00821620054977	2	1	1	260	260	0	T	T
D1_N1	0.00838230935684	1	2	1	98	98	0	A	A
D1_N1	0.00867554534737	2	1	1	730	730	0	A	A
D1_N1	0.0107155467939	1	2	1	438	438	0	T	T
D1_N1	0.0113027780021	2	1	1	118	118	0	G	G
D1_N1	0.011866637955	2	1	1	1091	1091	0	G	G
D1_N1	0.0134718481746	1	2	1	950	950	0	A	A
D1_N1	0.0135640804548	2	1	1	335	335	0	C	C
D1_N1	0.0140304670511	2	1	1	96	96	0	A	A
D1_N1	0.0142528257548	2	1	1	1331	1331	0	A	A
D1_N1	0.0148788441701	2	1	1	1258	1258	0	A	A
D1_N1	0.0157289020259	2	1	1	1044	1044	0	T	T
D1_N1	0.0157465616273	2	1	1	731	731	0	T	T
D1_N1	0.0157949894159	2	1	1	8	8	0	G	G
D1_N1	0.0164280886669	2	1	1	1344	1344	0	C	C
D1_N1	0.0169679566755	1	2	1	1361	1361	0	A	A
D1_N1	0.0186222258861	1	2	1	417	417	0	A	A
D1_N1	0.0188721303792	2	1	1	1262	1262	0	T	T
D1_N1	0.019106906099	1	2	1	231	231	1	G	T
D1_N1	0.0195092137133	2	1	1	581	581	0	A	A
D1_N1	0.0214390029794	2	1	1	1195	1195	1	C	T
D1_N1	0.0220171010976	1	2	1	1114	1114	0	C	C
D1_N1	0.0223465949968	1	2	1	188	188	0	A	A
D1_N1	0.0226477015342	1	2	1	756	756	0	G	G
D1_N1	0.0226808504975	2	1	1	331	331	0	C	C
D1_N1	0.0249436914448	1	2	1	271	271	0	C	C
D1_N1	0.0249959825519	2	1	1	1064	1064	0	A	A
D1_N1	0.0251043410847	2	1	1	1348	1348	0	T	T
D1_N1	0.0255609416036	1	2	1	148	148	0	A	A
D1_N1	0.0258419984129	2	1	1	670	670	0	G	G
D1_N1	0.0264086401225	2	1	1	408	408	0	C	C
D1_N1	0.0265268843703	1	2	1	837	837	0	G	G
D1_N1	0.0275452773225	1	2	1	1342	1342	0	G	G
D1_N1	0.0287971292716	2	1	1	861	861	0	C	C
D1_N1	0.0289012924977	1	2	1	500	500	0	A	A
D1_N1	0.0293369032346	1	2	1	752	752	0	G	G
D1_N1	0.0317454735525	2	1	1	1015	1015	0	A	A
D1_N1	0.0319859949361	2	1	1	1282	1282	0	C	C
D1_N1	0.0333817024868	2	1	1	66	66	0	A	A
D1_N1	0.0349514647006	1	2	1	892	892	0	T	T
D1_N1	0.0364164826859	1	2	1	1308	1308	0	C	C
D1_N1	0.0371521339192	2	1	1	673	673	0	A	A
D1_N1	0.0373620530246	2	1	1	153	153	0	C	C
D1_N1	0.0375965387818	2	1	1	1048	1048	0	T	T
D1_N1	0.04026024683	2	1	1	1068	1068	0	G	G
D1_N1	0.0417774311623	1	2	1	1011	1011	0	C	C
D1_N1	0.0418178480509	1	2	1	702	702	0	G	G
D1_N1	0.0425380197508	1	2	1	1278	1278	0	A	A
D1_N1	0.0437092835779	1	2	1	1284	1284	0	T	T
D1_N1	0.0441838286404	1	2	1	59	59	0	T	T
D1_N1	0.0445333497293	2	1	1	643	643	0	T	T
D1_N1	0.0446249204627	1	2	1	731	731	0	T	T
D1_N1	0.0448709023835	1	2	1	32	32	0	T	T
D1_N1	0.044976053195	2	1	1	476	476	0	A	A
D1_N1	0.0451902106357	2	1	1	1159	1159	1	C	T
D1_N1	0.0455431883739	2	1	1	319	319	0	G	G
D1_N1	0.0467579509141	2	1	1	987	987	0	G	G
D1_N1	0.0472187300862	2	1	1	669	669	0	T	T
D1_N1	0.0482742372277	2	1	1	1025	1025	0	C	C
D1_N1	0.0483515725589	1	2	1	341	341	0	T	T
D1_N1	0.0484755937335	2	1	1	732	732	1	T	G
D1_N1	0.0488001484993	2	1	1	1250	1250	0	C	C
D1_N1	0.0490650086944	2	1	1	1014	1014	1	G	A
D1_N1	0.0493718856311	1	2	1	1183	1183	0	T	T
D1_N1	0.0494356713516	2	1	1	905	905	0	G	G
D1_N1	0.0501681020827	1	2	1	1084	1084	0	T	T
D1_N1	0.0502232952416	1	2	1	632	632	0	A	A
D1_N1	0.0503215009964	2	1	1	45	45	0	G	G
D1_N1	0.0513460405754	1	2	1	33	33	0	A	A
D1_N1	0.0533486703461	1	2	1	228	228	0	T	T
D1_N1	0.0587305998239	1	2	1	140	140	0	A	A
D1_N1	0.0617001506667	2	1	1	617	617	0	T	T
D1_N1	0.0619151322003	1	2	1	1245	1245	0	T	T
D1_N1	0.062867852113	2	1	1	1057	1057	0	T	T
D1_N1	0.0636668917752	1	2	1	90	90	0	T	T
D1_N1	0.0637002231922	2	1	1	112	112	0	A	A
D1_N1	0.0638900748789	2	1	1	1219	1219	0	T	T
D1_N1	0.0647680169935	2	1	1	688	688	0	A	A
D1_N1	0.0653349868864	1	2	1	476	476	0	A	A
D1_N1	0.0663485452077	2	1	1	83	83	0	A	A
D1_N1	0.0689986727871	1	2	1	1063	1063	0	G	G
D1_N1	0.0697997851284	2	1	1	123	123	0	T	T
D1_N1	0.0746842424768	2	1	1	249	249	0	A	A
D1_N1	0.0747783697092	1	2	1	1196	1196	0	G	G
D1_N1	0.0755056506371	1	2	1	250	250	0	A	A
D1_N1	0.0764654005392	1	2	1	131	131	0	G	G
D1_N1	0.082069423517	2	1	1	1187	1187	0	A	A
D1_N1	0.0825248231515	1	2	1	417	417	0	A	A
D1_N1	0.0836452195568	2	1	1	1355	1355	0	G	G
D1_N1	0.0848779113324	1	2	1	608	608	0	A	A
D1_N1	0.0853052813432	2	1	1	1336	1336	1	T	G
D1_N1	0.0853417525207	2	1	1	1110	1110	0	G	G
D1_N1	0.0857278898867	2	1	1	1170	1170	1	A	G
D1_N1	0.0858538551897	2	1	1	149	149	0	T	T
D1_N1	0.0874864753292	1	2	1	931	931	0	A	A
D1_N1	0.0923617836444	2	1	1	985	985	0	A	A
D1_N1	0.0927381524187	2	1	1	241	241	0	A	A
D1_N1	0.0931619917897	1	2	1	160	160	0	C	C
D1_N1	0.0939459896162	1	2	1	456	456	0	T	T
D1_N1	0.0946678769266	2	1	1	428	428	0	G	G
D1_N1	0.0973957344955	1	2	1	948	948	0	T	T
D1_N1	0.0988325428548	2	1	1	853	853	0	A	A
D1_N1	0.0995765453177	2	1	1	1125	1125	0	T	T
D1_N1	0.0997273847294	1	2	1	1362	1362	0	A	A
D1_N1	0.100454717007	2	1	1	348	348	1	G	T
D1_N1	0.100583316283	2	1	1	1082	1082	0	T	T
D1_N1	0.101402095206	2	1	1	393	393	0	G	G
D1_N1	0.101784126689	1	2	1	414	414	1	T	G
D1_N1	0.102411185892	2	1	1	245	245	0	T	T
D1_N1	0.102465059325	1	2	1	1034	1034	0	T	T
D1_N1	0.102506039423	2	1	1	428	428	0	G	G
D1_N1	0.104065419733	1	2	1	1116	1116	0	T	T
D1_N1	0.105169934371	2	1	1	95	95	1	C	G
D1_N1	0.107649891047	2	1	1	29	29	0	T	T
D1_N1	0.10856502091	1	2	1	877	877	1	G	A
D1_N1	0.109044504338	2	1	1	652	652	0	T	T
D1_N1	0.109792052871	2	1	1	1337	1337	0	A	A
D1_N1	0.110116369587	1	2	1	490	490	0	T	T
D1_N1	0.110256726676	2	1	1	1187	1187	0	A	A
D1_N1	0.111068824659	2	1	1	1267	1267	0	C	C
D1_N1	0.111428739884	1	2	1	464	464	0	A	A
D1_N1	0.111539389148	1	2	1	1239	1239	0	T	T
D1_N1	0.111588379005	2	1	1	552	552	0	C	C
D1_N1	0.112624631862	1	2	1	325	325	1	C	T
D1_N1	0.112885360446	1	2	1	28	28	0	A	A
D1_N1	0.11385962238	1	2	1	750	750	0	A	A
D1_N1	0.11493497315	2	1	1	591	591	0	A	A
D1_N1	0.115649447824	2	1	1	919	919	0	C	C
D1_N1	0.116598592185	2	1	1	272	272	0	T	T
D1_N1	0.118970792286	2	1	1	1185	1185	1	A	G
D1_N1	0.119293748125	2	1	1	879	879	0	C	C
D1_N1	0.119775725027	2	1	1	960	960	0	A	A
D1_N1	0.119909263327	2	1	1	972	972	0	C	C
D1_N1	0.120371391503	2	1	1	340	340	1	A	G
D1_N1	0.121423017228	2	1	1	341	341	0	T	T
D1_N1	0.124497797776	1	2	1	1160	1160	1	C	G
D1_N1	0.12475340318	2	1	1	1352	1352	0	C	C
D1_N1	0.124981950823	1	2	1	295	295	1	C	T
D1_N1	0.12770087508	2	1	1	8	8	0	G	G
D1_N1	0.127972037938	1	2	1	102	102	0	T	T
D1_N1	0.128099564543	2	1	1	846	846	0	T	T
D1_N1	0.128125299611	2	1	1	1237	1237	0	T	T
D1_N1	0.129244908904	1	2	1	951	951	0	C	C
D1_N1	0.130699853917	2	1	1	995	995	0	G	G
D1_N1	0.131478597818	2	1	1	546	546	1	T	G
D1_N1	0.131650158637	2	1	1	138	138	1	T	A
D1_N1	0.133045823553	2	1	1	365	365	1	T	A
D1_N1	0.133725874804	1	2	1	406	406	0	A	A
D1_N1	0.136244912416	2	1	1	1086	1086	0	C	C
D1_N1	0.137056568626	1	2	1	987	987	0	G	G
D1_N1	0.137998126465	2	1	1	211	211	0	C	C
D1_N1	0.138185445309	2	1	1	991	991	1	C	A
D1_N1	0.138525034143	1	2	1	893	893	0	A	A
D1_N1	0.138576188887	1	2	1	650	650	0	G	G
D1_N1	0.138617833212	2	1	1	920	920	0	A	A
D1_N1	0.138653054155	2	1	1	362	362	0	T	T
D1_N1	0.139801339853	1	2	1	580	580	0	A	A
D1_N1	0.139951316482	2	1	1	156	156	0	C	C
D1_N1	0.141309619768	1	2	1	237	237	0	C	C
D1_N1	0.142188594792	1	2	1	544	544	0	T	T
D1_N1	0.142936714181	1	2	1	634	634	0	A	A
D1_N1	0.144338039195	1	2	1	499	499	0	A	A
D1_N1	0.144463919337	1	2	1	626	626	0	C	C
D1_N1	0.146475393203	1	2	1	187	187	0	G	G
D1_N1	0.146810541218	2	1	1	302	302	0	G	G
D1_N1	0.146896853311	2	1	1	236	236	0	T	T
D1_N1	0.147709708558	1	2	1	791	791	1	C	A
D1_N1	0.149882158159	1	2	1	1053	1053	0	C	C
D1_N1	0.150136475227	1	2	1	200	200	0	T	T
D1_N1	0.151180532973	2	1	1	1216	1216	0	A	A
D1_N1	0.15292916815	2	1	1	1114	1114	0	C	C
D1_N1	0.153402721594	1	2	1	612	612	1	C	A
D1_N1	0.154513185271	2	1	1	46	46	0	T	T
D1_N1	0.154683068646	1	2	1	1028	1028	1	T	C
D1_N1	0.154924531896	1	2	1	914	914	0	A	A
D1_N1	0.155955094417	1	2	1	1272	1272	1	C	T
D1_N1	0.156773438384	1	2	1	1160	1160	0	C	C
D1_N1	0.15808490349	2	1	1	1008	1008	0	T	T
D1_N1	0.158282124003	1	2	1	825	825	0	A	A
D1_N1	0.158853955699	1	2	1	1083	1083	1	G	A
D1_N1	0.158883160828	1	2	1	321	321	0	T	T
D1_N1	0.158943729139	1	2	1	1075	1075	0	C	C
D1_N1	0.159025226361	1	2	1	531	531	0	A	A
D1_N1	0.159462536514	1	2	1	331	331	0	C	C
D1_N1	0.159875817591	2	1	1	96	96	0	A	A
D1_N1	0.160322681718	2	1	1	238	238	0	C	C
D1_N1	0.160576191213	1	2	1	308	308	0	A	A
D1_N1	0.161564052981	2	1	1	900	900	0	T	T
D1_N1	0.161918299529	2	1	1	872	872	1	A	G
D1_N1	0.16401009583	1	2	1	177	177	1	G	A
D1_N1	0.165791076216	1	2	1	1185	1185	0	A	A
D1_N1	0.165888783243	1	2	1	627	627	0	G	G
D1_N1	0.166209049642	2	1	1	1137	1137	0	C	C
D1_N1	0.166270632749	1	2	1	657	657	0	G	G
D1_N1	0.169904119697	1	2	1	1188	1188	1	T	A
D1_N1	0.170061609596	2	1	1	446	446	1	T	A
D1_N1	0.170790844426	2	1	1	464	464	0	A	A
D1_N1	0.171196844922	2	1	1	357	357	0	C	C
D1_N1	0.171324021915	1	2	1	293	293	0	T	T
D1_N1	0.171831845816	1	2	1	753	753	0	T	T
D1_N1	0.173180941461	1	2	1	23	23	0	G	G
D1_N1	0.173963118527	2	1	1	1254	1254	0	C	C
D1_N1	0.17450682636	2	1	1	93	93	0	A	A
D1_N1	0.174678916919	1	2	1	1214	1214	0	A	A
D1_N1	0.175386007971	1	2	1	103	103	0	C	C
D1_N1	0.175573550717	2	1	1	312	312	0	C	C
D1_N1	0.175948788875	2	1	1	627	627	0	G	G
D1_N1	0.177325960765	1	2	1	121	121	0	C	C
D1_N1	0.17808119454	2	1	1	1350	1350	1	A	T
D1_N1	0.179309889029	2	1	1	1298	1298	0	C	C
D1_N1	0.179581107546	2	1	1	710	710	0	A	A
D1_N1	0.179756409257	2	1	1	941	941	0	A	A
D1_N1	0.180608926466	2	1	1	1160	1160	0	C	C
D1_N1	0.181236430374	2	1	1	716	716	0	T	T
D1_N1	0.181917863549	2	1	1	1139	1139	0	T	T
D1_N1	0.181956900021	2	1	1	168	168	0	A	A
D1_N1	0.182725760554	2	1	1	896	896	0	G	G
D1_N1	0.182921054092	2	1	1	1037	1037	0	A	A
D1_N1	0.183656305121	2	1	1	253	253	0	A	A
D1_N1	0.185294736282	2	1	1	429	429	0	A	A
D1_N1	0.185329266729	2	1	1	523	523	0	G	G
D1_N1	0.186920794969	1	2	1	695	695	0	A	A
D1_N1	0.187705779446	1	2	1	1033	1033	0	A	A
D1_N1	0.188755479761	2	1	1	711	711	0	G	G
D1_N1	0.188839840763	2	1	1	409	409	1	A	G
D1_N1	0.189208832834	2	1	1	276	276	0	C	C
D1_N1	0.189777391961	1	2	1	960	960	0	A	A
D1_N1	0.190982481305	1	2	1	984	984	0	T	T
D1_N1	0.191173424844	1	2	1	1328	1328	0	A	A
D1_N1	0.193566562244	2	1	1	399	399	0	G	G
D1_N1	0.193670138169	2	1	1	217	217	0	T	T
D1_N1	0.19387920238	1	2	1	736	736	1	A	G
D1_N1	0.198637281546	2	1	1	1134	1134	0	C	C
D1_N1	0.199230261248	2	1	1	927	927	0	C	C
D1_N1	0.203375332638	1	2	1	15	15	1	G	T
D1_N1	0.205960917035	2	1	1	1311	1311	0	G	G
D1_N1	0.206632435003	1	2	1	312	312	0	C	C
D1_N1	0.208060387053	2	1	1	1107	1107	1	G	A
D1_N1	0.209968779454	1	2	1	130	130	0	G	G
D1_N1	0.211000458873	1	2	1	814	814	1	A	G
D1_N1	0.213068884795	2	1	1	910	910	0	T	T
D1_N1	0.213377279273	1	2	1	450	450	0	G	G
D1_N1	0.213812244686	2	1	1	418	418	0	T	T
D1_N1	0.216381151704	2	1	1	914	914	0	A	A
D1_N1	0.21759600793	1	2	1	603	603	0	T	T
D1_N1	0.219851965231	1	2	1	862	862	0	C	C
D1_N1	0.22315337167	2	1	1	778	778	0	C	C
D1_N1	0.223233031993	1	2	1	258	258	0	A	A
D1_N1	0.225482118507	1	2	1	977	977	0	T	T
D1_N1	0.226996004878	1	2	1	1089	1089	0	T	T
D1_N1	0.227264268858	2	1	1	283	283	0	T	T
D1_N1	0.227729013962	2	1	1	1109	1109	0	T	T
D1_N1	0.229738304217	2	1	1	1079	1079	0	C	C
D1_N1	0.231775455994	1	2	1	176	176	1	A	C
D1_N1	0.233365217286	2	1	1	614	614	1	T	A
D1_N1	0.233706572691	2	1	1	344	344	1	C	A
N1_N2	0.0027323977077	1	2	1	977	977	0	T	T
N1_N2	0.00289497288991	2	1	1	1352	1352	1	C	T
N1_N2	0.00301149737182	1	2	1	581	581	1	T	A
N1_N2	0.00314959750165	2	1	1	1310	1310	1	T	A
N1_N2	0.00342522871674	2	1	1	1040	1040	1	A	G
N1_N2	0.00459969511706	2	1	1	332	332	0	A	A
N1_N2	0.00542174031228	1	2	1	156	156	0	C	C
N1_N2	0.00593686182441	1	2	1	306	306	0	C	C
N1_N2	0.00886230774794	1	2	1	197	197	0	C	C
N1_N2	0.00899120598823	1	2	1	314	314	0	T	T
N1_N2	0.00914831878683	2	1	1	873	873	0	A	A
N1_N2	0.00940260342751	1	2	1	418	418	0	T	T
N1_N2	0.00953807182877	2	1	1	114	114	0	T	T
N1_N2	0.00971015469315	2	1	1	905	905	0	G	G
N1_N2	0.00988342449343	1	2	1	289	289	0	C	C
N1_N2	0.0101616392755	2	1	1	692	692	0	A	A
N1_N2	0.0106050873459	1	2	1	1002	1002	0	A	A
N1_N2	0.0109142207071	2	1	1	1222	1222	0	C	C
N1_N2	0.0130666939382	1	2	1	702	702	0	G	G
N1_N2	0.0135554850263	1	2	1	579	579	0	G	G
N1_N2	0.0138357595955	2	1	1	779	779	1	C	G
N1_N2	0.0148902374566	1	2	1	1104	1104	1	T	A
N1_N2	0.0155175207853	2	1	1	1245	1245	0	T	T
N2_N3	0.00262127746985	2	1	1	774	774	0	C	C
N2_N3	0.00276365501987	1	2	1	151	151	0	G	G
N2_N3	0.00323437327208	2	1	1	1250	1250	0	C	C
N2_N3	0.0038758949372	2	1	1	119	119	0	C	C
N2_N3	0.00631680371882	1	2	1	735	735	0	C	C
N2_N3	0.00661123723822	1	2	1	647	647	0	T	T
N2_N3	0.00692488478216	2	1	1	606	606	0	T	T
N3_N4	0.00039320784954	2	1	1	325	325	0	C	C
N3_N4	0.000652457526204	2	1	1	35	35	1	T	C
N3_N4	0.00148100574151	2	1	1	1107	1107	0	G	G
N3_N4	0.00167983766593	1	2	1	605	605	0	T	T
N3_N4	0.00213854393442	2	1	1	89	89	0	G	G
N3_N4	0.00383071520545	1	2	1	1101	1101	0	T	T
N3_N4	0.00611972155301	1	2	1	1178	1178	0	T	T
N3_N4	0.00674742162806	2	1	1	497	497	1	T	C
N3_N4	0.00686013118615	2	1	1	1153	1153	1	G	A
N3_N4	0.0071868175342	1	2	1	32	32	0	T	T
N3_N4	0.00746042876196	2	1	1	58	58	0	T	T
N3_N4	0.00865576682224	1	2	1	437	437	1	C	A
N3_N4	0.00877300983919	1	2	1	1165	1165	1	T	A
N4_Human	0.000252713337655	2	1	1	522	522	0	T	T
N4_Human	0.000447175948639	1	2	1	162	162	0	T	T
N4_Human	0.000559929524265	1	2	1	424	424	1	G	A
N4_Human	0.00105291156036	2	1	1	10	10	0	G	G
N4_Human	0.00143720153063	2	1	1	1313	1313	1	G	T
N4_Human	0.0015738726008	2	1	1	405	405	0	A	A
N4_Human	0.00166206466216	2	1	1	301	301	0	A	A
N4_Human	0.00236425995653	2	1	1	421	421	1	C	G
N4_Human	0.0028767412238	1	2	1	161	161	0	A	A
N4_Human	0.00292218365534	1	2	1	131	131	1	G	A
N4_Human	0.00346399421887	1	2	1	21	21	0	C	C
N4_Human	0.00370178590601	2	1	1	267	267	0	G	G
N4_Human	0.00378768669114	2	1	1	1193	1193	0	G	G
N4_Human	0.0048589070055	1	2	1	163	163	0	T	T
N4_Human	0.00523739586105	2	1	1	32	32	0	T	T
N4_Human	0.00591827239827	1	2	1	965	965	0	A	A
N4_Human	0.0061573058391	2	1	1	92	92	0	T	T
N4_Human	0.00624050463354	1	2	1	1075	1075	0	C	C
N4_Human	0.00653332030744	1	2	1	83	83	0	A	A
N4_Human	0.00675220963048	1	2	1	1066	1066	0	A	A
N4_Human	0.00688095319867	1	2	1	517	517	0	A	A
N4_Human	0.00694683114305	1	2	1	1066	1066	0	A	A
N4_Human	0.00760825708339	2	1	1	508	508	0	T	T
N4_Human	0.0078092273556	2	1	1	380	380	0	T	T
N4_Human	0.00805911264898	1	2	1	1235	1235	0	T	T
N4_Human	0.00815458847164	2	1	1	120	120	1	A	G
N4_Human	0.00819114675011	2	1	1	316	316	0	T	T
N4_Human	0.00974092316125	1	2	1	1283	1283	0	T	T
N4_Human	0.0104654994001	1	2	1	1096	1096	0	A	A
N4_Chimp	0.00149702158958	2	1	1	601	601	0	T	T
N4_Chimp	0.00155679751638	1	2	1	483	483	0	G	G
N4_Chimp	0.00254219549027	1	2	1	672	672	0	T	T
N4_Chimp	0.00274760246626	2	1	1	799	799	0	A	A
N4_Chimp	0.00283918661178	2	1	1	1302	1302	0	T	T
N4_Chimp	0.00342658861585	2	1	1	908	908	1	T	A
N4_Chimp	0.00355567404181	1	2	1	1211	1211	1	C	T
N4_Chimp	0.00393581195249	2	1	1	603	603	0	T	T
N4_Chimp	0.00523723500254	1	2	1	652	652	1	T	C
N4_Chimp	0.00599721290889	1	2	1	192	192	1	C	T
N4_Chimp	0.0062721868502	1	2	1	906	906	0	A	A
N4_Chimp	0.00638991986651	2	1	1	62	62	0	T	T
N4_Chimp	0.0084020960431	2	1	1	588	588	0	A	A
N4_Chimp	0.00870993956982	2	1	1	30	30	0	C	C
N4_Chimp	0.0093865139222	2	1	1	484	484	0	G	G
N4_Chimp	0.00957813277602	2	1	1	529	529	1	C	A
N4_Chimp	0.00972789948649	2	1	1	330	330	0	A	A
N4_Chimp	0.00975635988633	2	1	1	162	162	0	T	T
N4_Chimp	0.0102218562398	1	2	1	6	6	1	A	G
N4_Chimp	0.0107266705118	2	1	1	503	503	0	A	A
N3_Goril	0.0010366030952	2	1	1	824	824	1	G	C
N3_Goril	0.00129866370545	2	1	1	161	161	0	A	A
N3_Goril	0.00168607442078	1	2	1	902	902	0	G	G
N3_Goril	0.0031586807729	2	1	1	43	43	0	T	T
N3_Goril	0.00321409256897	2	1	1	1204	1204	1	A	G
N3_Goril	0.00362373570612	2	1	1	957	957	0	G	G
N3_Goril	0.00768113778008	2	1	1	1138	1138	0	A	A
N3_Goril	0.00768701643227	2	1	1	611	611	1	G	T
N3_Goril	0.00821294481603	2	1	1	968	968	1	T	G
N3_Goril	0.00854464577266	2	1	1	1154	1154	0	A	A
N3_Goril	0.00880680065931	2	1	1	975	975	1	T	G
N3_Goril	0.0097881184781	2	1	1	289	289	1	A	C
N3_Goril	0.0106149690454	1	2	1	371	371	0	G	G
N3_Goril	0.0110813975201	2	1	1	1280	1280	0	T	T
N3_Goril	0.0112417613387	2	1	1	565	565	0	T	T
N3_Goril	0.0115418522631	2	1	1	692	692	0	A	A
N3_Goril	0.0116005338867	1	2	1	86	86	1	G	A
N3_Goril	0.0123293502417	1	2	1	254	254	0	G	G
N3_Goril	0.0130427511219	1	2	1	813	813	1	T	C
N3_Goril	0.0131824563037	2	1	1	315	315	0	G	G
N3_Goril	0.0137137107249	2	1	1	117	117	1	G	A
N3_Goril	0.0145665604456	1	2	1	318	318	0	A	A
N3_Goril	0.0148574589006	1	2	1	593	593	1	T	A
N3_Goril	0.0173265344975	1	2	1	1074	1074	1	T	G
N3_Goril	0.018830185134	2	1	1	45	45	0	G	G
N3_Goril	0.0193607078113	2	1	1	475	475	0	T	T
N3_Goril	0.0193668838585	1	2	1	1145	1145	1	C	A
N3_Goril	0.0195045343506	2	1	1	460	460	1	A	C
N2_Orang	0.00125630743334	1	2	1	1217	1217	0	G	G
N2_Orang	0.00169712306574	2	1	1	249	249	1	G	A
N2_Orang	0.00404132013109	1	2	1	1331	1331	1	T	A
N2_Orang	0.00439293331687	2	1	1	1121	1121	0	G	G
N2_Orang	0.00592702132639	1	2	1	1179	1179	1	T	C
N2_Orang	0.00603129770877	1	2	1	595	595	1	G	T
N2_Orang	0.00617890780409	2	1	1	269	269	0	C	C
N2_Orang	0.00639345979448	1	2	1	674	674	0	A	A
N2_Orang	0.00655767281612	2	1	1	821	821	0	T	T
N2_Orang	0.00673793457887	1	2	1	987	987	0	G	G
N2_Orang	0.0077592668279	1	2	1	1068	1068	0	G	G
N2_Orang	0.00855443222577	1	2	1	133	133	0	A	A
N2_Orang	0.00921115509511	1	2	1	236	236	0	T	T
N2_Orang	0.00982144964129	2	1	1	218	218	1	G	A
N2_Orang	0.00993911933622	2	1	1	537	537	0	A	A
N2_Orang	0.0107510178228	1	2	1	696	696	1	T	G
N2_Orang	0.0117897598818	1	2	1	1141	1141	1	G	A
N2_Orang	0.0128559248064	2	1	1	31	31	1	T	A
N2_Orang	0.0136857462908	1	2	1	952	952	0	T	T
N2_Orang	0.014129416827	2	1	1	1235	1235	0	T	T
N2_Orang	0.0150378474792	1	2	1	181	181	0	A	A
N2_Orang	0.0163658661464	2	1	1	1216	1216	0	A	A
N2_Orang	0.0173484689139	1	2	1	144	144	1	G	A
N1_Macaq	0.000279863108167	2	1	1	752	752	0	G	G
N1_Macaq	0.000742667533751	2	1	1	859	859	1	A	C
N1_Macaq	0.0038383849568	2	1	1	1250	1250	0	C	C
N1_Macaq	0.00427446100672	2	1	1	875	875	0	T	T
N1_Macaq	0.00547608015271	2	1	1	952	952	0	T	T
N1_Macaq	0.00584020342077	2	1	1	179	179	0	G	G
N1_Macaq	0.0061393648159	2	1	1	331	331	1	G	C
N1_Macaq	0.00623807855788	2	1	1	1192	1192	1	C	T
N1_Macaq	0.00678602577437	2	1	1	706	706	0	A	A
N1_Macaq	0.00824400101298	2	1	1	1207	1207	1	C	G
N1_Macaq	0.0107776135478	2	1	1	588	588	0	A	A
N1_Macaq	0.011466693259	1	2	1	477	477	0	T	T
N1_Macaq	0.0117735014668	1	2	1	808	808	0	C	C
N1_Macaq	0.0119359261117	1	2	1	595	595	1	G	T
N1_Macaq	0.0127736714073	1	2	1	942	942	1	C	T
N1_Macaq	0.0133820669383	1	2	1	806	806	0	T	T
N1_Macaq	0.0154359453025	1	2	1	900	900	0	T	T
N1_Macaq	0.0155899311287	1	2	1	815	815	0	C	C
N1_Macaq	0.0161181109482	1	2	1	107	107	0	G	G
N1_Macaq	0.0163514876074	2	1	1	975	975	1	T	G
N1_Macaq	0.0171214620309	2	1	1	1043	1043	0	A	A
N1_Macaq	0.0177646504126	1	2	1	314	314	1	A	T
N1_Macaq	0.0194763864097	1	2	1	1251	1251	1	A	T
N1_Macaq	0.0198996871393	2	1	1	1350	1350	0	A	A
N1_Macaq	0.0204471351202	1	2	1	355	355	1	A	G
N1_Macaq	0.02061602368	2	1	1	854	854	0	C	C
N1_Macaq	0.0223483792199	2	1	1	1246	1246	1	T	G
N1_Macaq	0.0228867857313	1	2	1	762	762	0	A	A
N1_Macaq	0.0229277508043	2	1	1	700	700	0	G	G
N1_Macaq	0.0232668611699	2	1	1	1103	1103	0	T	T
N1_Macaq	0.0242115423662	2	1	1	645	645	1	A	G
N1_Macaq	0.0281449586688	1	2	1	572	572	0	A	A
N1_Macaq	0.0285943407562	1	2	1	652	652	1	T	C
N1_Macaq	0.0293285339992	1	2	1	612	612	0	C	C
N1_Macaq	0.0293831400947	1	2	1	153	153	0	C	C
N1_Macaq	0.0303623702672	1	2	1	302	302	0	G	G
N1_Macaq	0.0317744106582	1	2	1	877	877	1	G	A
N1_Macaq	0.032285641731	2	1	1	19	19	0	G	G
N1_Macaq	0.0324636592375	1	2	1	153	153	0	C	C
N1_Macaq	0.03271091824	1	2	1	500	500	0	A	A
N1_Macaq	0.0331023522584	2	1	1	446	446	0	T	T
N1_Macaq	0.033430347828	2	1	1	347	347	0	A	A
N1_Macaq	0.033889884377	2	1	1	341	341	1	T	A
N1_Macaq	0.035919980464	1	2	1	540	540	1	A	T
N1_Macaq	0.0360213031845	1	2	1	1334	1334	0	T	T
N1_Macaq	0.0370754468447	1	2	1	510	510	0	A	A
N1_Macaq	0.0377260180288	2	1	1	863	863	0	G	G
N1_Macaq	0.038073470172	1	2	1	9	9	1	T	G
N1_Macaq	0.0401097138709	1	2	1	475	475	0	T	T
N1_Macaq	0.0408505588467	2	1	1	434	434	0	G	G
N1_Macaq	0.0410869768938	1	2	1	1180	1180	1	G	A
N1_Macaq	0.0426270217641	1	2	1	1176	1176	1	C	A
