edge	time	mut_orlg	mut_pos	old_state	new_state
N0_D1	0.00201997496505	0	436	T	A
N0_D1	0.00280325259172	0	338	T	C
N0_D1	0.0038106981103	0	129	C	T
N0_D1	0.00427813674054	0	482	C	A
N0_D1	0.00502420466516	0	657	A	G
N0_D1	0.00622728810412	0	1154	G	A
N0_D1	0.00806551682506	0	913	C	T
N0_D1	0.00810788677778	0	757	A	G
N0_D1	0.00835156308541	0	466	T	C
N0_D1	0.00836907488808	0	246	G	A
N0_D1	0.00923158276284	0	227	T	C
N0_D1	0.0106275831242	0	356	C	A
N0_D1	0.0110827032709	0	1200	C	T
N0_D1	0.0114793348289	0	1330	C	A
N0_D1	0.0118794658837	0	431	C	T
N0_D1	0.0119098145811	0	1060	T	C
N0_D1	0.0124187246297	0	736	A	T
N0_D1	0.0127169192988	0	23	C	T
N0_D1	0.0130509797366	0	516	A	G
N0_D1	0.0132015428077	0	743	C	A
N0_D1	0.0148041121249	0	854	A	G
N0_D1	0.0162578484812	0	1211	A	T
N0_D1	0.0163119757088	0	1095	G	T
N0_D1	0.0163209743838	0	1195	T	C
N0_D1	0.0167978988167	0	187	C	T
N0_D1	0.0171643420969	0	1349	T	A
N0_D1	0.0174338550708	0	371	C	G
N0_D1	0.0176040650131	0	753	T	A
N0_D1	0.0181268781338	0	55	C	T
N0_D1	0.0182340998534	0	654	T	G
N0_D1	0.0184342298578	0	586	A	T
N0_D1	0.0185331576322	0	1039	G	A
N0_D1	0.0204336108545	0	447	G	A
N0_D1	0.0214079238931	0	592	C	T
N0_D1	0.021516183728	0	354	T	C
N0_D1	0.0217310478236	0	542	C	T
N0_D1	0.0241543370938	0	965	A	T
N0_D1	0.0245402871809	0	218	A	T
N0_D1	0.0257403837492	0	358	T	C
N0_D1	0.0279993777198	0	1074	T	C
N0_D1	0.0280274671501	0	414	T	A
N0_D1	0.0286906219161	0	763	C	G
N0_D1	0.0289054587487	0	1143	G	A
N0_D1	0.0316106007492	0	164	A	G
N0_D1	0.0322037661545	0	446	G	A
N0_D1	0.0361966348283	0	16	G	T
N0_D1	0.0363434228547	0	257	C	T
N0_D1	0.0364810640718	0	8	A	G
N0_D1	0.0378593565085	0	110	A	G
N0_D1	0.0382757158886	0	390	A	T
N0_D1	0.0392819385946	0	523	G	C
N0_D1	0.0393165019561	0	1033	T	G
N0_D1	0.039627588706	0	889	G	A
N0_D1	0.0413294455368	0	3	G	A
N0_D1	0.0414888474836	0	1301	G	A
N0_D1	0.0422010689915	0	647	T	C
N0_D1	0.0423943255971	0	823	C	G
N0_D1	0.0435747238194	0	389	C	T
N0_D1	0.0438549932814	0	189	A	C
N0_D1	0.0445143151423	0	1051	T	C
N0_D1	0.0453346802676	0	26	A	T
N0_D1	0.0462024076245	0	1349	A	T
N0_D1	0.046378554675	0	460	G	C
N0_D1	0.0467032283412	0	1280	A	G
D1_N1	0.000114000048005	2	394	A	G
D1_N1	0.000490170178869	1	710	C	G
D1_N1	0.000515513237225	1	1247	T	A
D1_N1	0.000559691093223	2	103	A	T
D1_N1	0.00121630648513	2	746	C	T
D1_N1	0.00189481685145	2	907	A	G
D1_N1	0.00194059322479	2	54	T	G
D1_N1	0.00195758507262	2	1080	G	C
D1_N1	0.00222841147482	2	1051	C	A
D1_N1	0.00268063954804	1	1183	T	C
D1_N1	0.00331644251337	2	549	A	C
D1_N1	0.00361350150971	2	477	C	G
D1_N1	0.00459189609639	2	414	A	G
D1_N1	0.00491306826215	2	396	C	G
D1_N1	0.00516276372902	2	360	C	T
D1_N1	0.00535972860498	2	190	G	T
D1_N1	0.00565183430021	2	1157	A	G
D1_N1	0.00579039347158	1	1203	A	T
D1_N1	0.00602308488639	1	886	G	T
D1_N1	0.00655889010041	2	612	G	A
D1_N1	0.00659492968615	2	18	A	C
D1_N1	0.00748996937578	1	1110	A	C
D1_N1	0.00783487441171	2	161	C	G
D1_N1	0.00788778059722	2	381	G	A
D1_N1	0.00894216817647	2	125	T	G
D1_N1	0.00896416632094	1	1223	C	T
D1_N1	0.00926226898481	2	129	T	G
D1_N1	0.00944049146477	2	1127	A	T
D1_N1	0.00956930309347	1	478	A	G
D1_N1	0.0103447802774	1	151	T	C
D1_N1	0.010731225873	1	104	A	G
D1_N1	0.0107499219053	2	1128	T	C
D1_N1	0.0109988290487	2	671	T	G
D1_N1	0.0122531455286	2	59	A	G
D1_N1	0.0124811740477	2	97	G	A
D1_N1	0.0133363531893	2	851	T	A
D1_N1	0.0134216359451	2	1238	G	A
D1_N1	0.0139494523715	1	386	T	G
D1_N1	0.0143531621868	1	801	C	T
D1_N1	0.0144706969741	2	399	C	T
D1_N1	0.0146129725262	1	675	C	T
D1_N1	0.014739505626	1	600	C	T
D1_N1	0.0151660511848	2	947	T	A
D1_N1	0.0153042300335	2	1053	A	G
D1_N1	0.0153353175248	2	78	T	G
D1_N1	0.0159750757882	1	875	G	T
D1_N1	0.016118754797	1	313	C	A
D1_N1	0.0161761516465	1	212	A	T
D1_N1	0.0165113885863	1	1022	G	A
D1_N1	0.0171654987235	2	1156	A	T
D1_N1	0.0174852731365	1	836	T	A
D1_N1	0.0175876624747	2	1340	A	G
D1_N1	0.0176725145725	2	1172	T	A
D1_N1	0.0178812779133	2	983	C	T
D1_N1	0.0184236033952	1	904	G	A
D1_N1	0.0184534165366	1	555	A	T
D1_N1	0.0187908560116	1	107	C	T
D1_N1	0.0192655346202	2	3	A	T
D1_N1	0.019757777581	2	515	G	A
D1_N1	0.0202435302751	2	899	T	C
D1_N1	0.0207081249686	1	640	A	G
D1_N1	0.0218369852746	2	621	G	A
D1_N1	0.0221883923736	2	417	A	T
D1_N1	0.0222769440747	1	1212	C	T
D1_N1	0.0226769166655	1	1122	T	C
D1_N1	0.0234222514065	1	1232	T	C
D1_N1	0.024055990944	1	1155	T	G
D1_N1	0.0246474200719	2	1292	A	T
D1_N1	0.024905962406	1	371	G	A
D1_N1	0.0252370248122	2	1058	A	G
D1_N1	0.0254126522325	2	1357	A	T
D1_N1	0.0256711392209	1	1158	G	A
D1_N1	0.0262092722514	2	773	A	T
D1_N1	0.0265250788993	1	474	T	C
D1_N1	0.0267827412481	1	95	G	T
D1_N1	0.0274235676598	1	213	A	G
D1_N1	0.027585388829	2	46	T	G
D1_N1	0.0277379069417	2	560	C	T
D1_N1	0.0286164639676	1	1155	G	T
D1_N1	0.0288067704915	1	945	T	C
D1_N1	0.0290119179187	1	307	A	T
D1_N1	0.0290483477276	2	768	G	C
D1_N1	0.0302046692445	2	0	T	G
D1_N1	0.0317030405597	2	1048	C	T
D1_N1	0.0326228014475	2	110	G	A
D1_N1	0.0326964462235	1	1060	C	G
D1_N1	0.0331985807827	2	410	G	A
D1_N1	0.0333617453061	2	157	A	G
D1_N1	0.0336217010149	1	766	A	C
D1_N1	0.0346230998888	2	37	A	G
D1_N1	0.0349692346337	1	213	G	C
D1_N1	0.0352310132203	2	652	A	G
D1_N1	0.0355721884965	2	1223	C	T
D1_N1	0.0359489965305	2	319	T	A
D1_N1	0.0365309739312	2	565	A	T
D1_N1	0.0365745289981	1	81	G	C
D1_N1	0.0370852971836	2	1123	T	C
D1_N1	0.0373211889309	2	120	T	G
D1_N1	0.0375453898385	2	856	T	C
D1_N1	0.0376799661962	2	1103	G	T
D1_N1	0.0380884158967	1	226	T	C
D1_N1	0.0383494289566	2	942	T	C
D1_N1	0.0387194275571	1	1039	A	G
D1_N1	0.0392705236713	1	922	T	A
D1_N1	0.0393438660021	2	1141	G	A
D1_N1	0.0393441336205	2	267	G	T
D1_N1	0.0393526868887	1	131	T	C
D1_N1	0.0401253790422	2	800	C	A
D1_N1	0.0409497017725	2	532	T	C
D1_N1	0.0409512095793	2	267	T	A
D1_N1	0.0416119105074	1	956	G	A
D1_N1	0.0416687205062	1	1125	C	T
D1_N1	0.0420909892687	1	882	T	A
D1_N1	0.0422234072452	1	1120	G	T
D1_N1	0.0422272419037	2	1216	A	T
D1_N1	0.0423293295041	2	1297	C	A
D1_N1	0.0425562499176	1	550	G	A
D1_N1	0.0428430499061	1	346	G	A
D1_N1	0.0432982815788	2	87	C	T
D1_N1	0.0436755756929	2	891	T	A
D1_N1	0.0438536844131	2	265	C	T
D1_N1	0.0450377959972	2	316	T	C
D1_N1	0.0459140269044	1	1332	A	C
D1_N1	0.0460030362302	2	1264	G	A
D1_N1	0.0476427902205	1	368	G	C
D1_N1	0.0480834686897	1	1042	G	A
D1_N1	0.0485385553601	1	720	G	C
D1_N1	0.04857657789	2	261	G	A
D1_N1	0.0486320460044	2	1045	T	A
D1_N1	0.0490537476202	2	625	T	C
D1_N1	0.0491644376015	1	13	C	T
D1_N1	0.0496667812865	1	1150	T	G
D1_N1	0.0500990776477	1	967	C	A
D1_N1	0.0509325209021	2	1054	T	C
D1_N1	0.050973543631	1	652	A	C
D1_N1	0.0515657947063	1	138	C	T
D1_N1	0.0521804542334	2	1281	C	T
D1_N1	0.0526885299216	2	459	T	G
D1_N1	0.0527933284676	1	94	C	T
D1_N1	0.0534480357786	2	11	C	T
D1_N1	0.0542943721512	1	528	A	G
D1_N1	0.0543617528251	2	755	C	G
D1_N1	0.0552947781901	1	1106	G	A
D1_N1	0.0558663189917	1	1020	G	T
D1_N1	0.0560522129978	2	290	G	T
D1_N1	0.0560919590033	1	927	C	T
D1_N1	0.0567388473248	1	173	T	C
D1_N1	0.0571859900467	2	1342	G	T
D1_N1	0.0579139767859	1	1083	G	T
D1_N1	0.0580465093369	2	740	T	C
D1_N1	0.0583454353342	1	941	T	C
D1_N1	0.0587834859652	2	282	C	T
D1_N1	0.0592662024873	2	255	A	T
D1_N1	0.0593266623739	1	968	G	A
D1_N1	0.0596281351907	1	787	T	C
D1_N1	0.0600699829157	1	1329	C	T
D1_N1	0.0602840221416	1	235	T	G
D1_N1	0.0606770190568	1	380	G	T
D1_N1	0.0606774445278	1	1276	C	T
D1_N1	0.0609257372874	1	770	G	T
D1_N1	0.06128075384	1	1318	C	T
D1_N1	0.0615064733991	1	85	A	T
D1_N1	0.0617091574522	2	806	C	T
D1_N1	0.0620495318768	1	965	T	G
D1_N1	0.0624571038364	1	917	C	G
D1_N1	0.0628284134025	1	825	A	G
D1_N1	0.0633315927117	2	1062	T	C
D1_N1	0.0636333210406	2	404	C	A
D1_N1	0.0636478919613	2	1028	T	G
D1_N1	0.0638862336339	2	340	C	T
D1_N1	0.063944606621	2	1048	T	G
D1_N1	0.0640375043589	2	990	T	A
D1_N1	0.0640918313909	2	91	G	C
D1_N1	0.0644509114589	2	133	T	A
D1_N1	0.064857478744	1	339	C	T
D1_N1	0.0649373132377	1	935	T	C
D1_N1	0.0650920210827	1	1316	T	A
D1_N1	0.065629534905	1	963	T	C
D1_N1	0.0656684790344	2	345	T	G
D1_N1	0.0658991995518	2	545	A	C
D1_N1	0.0683419432904	2	1342	T	A
D1_N1	0.0683531211022	1	718	G	T
D1_N1	0.0684000967136	1	1289	C	A
D1_N1	0.068407332508	1	904	A	G
D1_N1	0.0685130850207	2	505	A	G
D1_N1	0.069415248991	1	1075	A	G
D1_N1	0.0694231444973	2	991	G	A
D1_N1	0.0694774516309	1	469	G	A
D1_N1	0.0697484948437	2	167	G	C
D1_N1	0.0697870191601	2	726	T	G
D1_N1	0.0700663147427	2	1342	A	G
D1_N1	0.0703864796163	2	563	G	A
D1_N1	0.0710661052115	2	248	T	G
D1_N1	0.0714724595325	1	637	A	G
D1_N1	0.0724868257469	2	637	A	G
D1_N1	0.0730256268401	1	163	C	T
D1_N1	0.0731583396157	1	975	T	C
D1_N1	0.0736732226011	2	375	G	T
D1_N1	0.0738741229309	2	948	A	T
D1_N1	0.0740358068691	2	658	T	G
D1_N1	0.0741734772422	2	577	A	G
D1_N1	0.0747003335242	2	787	T	C
D1_N1	0.0747479408674	2	699	C	G
D1_N1	0.0754965528056	2	519	C	T
D1_N1	0.0763113377057	2	1079	T	A
D1_N1	0.0763198553074	2	790	C	T
D1_N1	0.0766929633127	1	836	A	G
D1_N1	0.0770114622761	1	1021	G	A
D1_N1	0.0770331883236	2	536	C	T
D1_N1	0.0771160564015	2	1183	T	C
D1_N1	0.0777726302192	2	813	A	T
D1_N1	0.0780899079189	2	1108	T	C
D1_N1	0.0782730971605	1	791	C	T
D1_N1	0.0807350148058	2	434	T	C
D1_N1	0.0810018032331	1	907	A	C
D1_N1	0.0817640115367	2	958	A	G
D1_N1	0.0819659051788	1	965	G	T
D1_N1	0.0820565095285	1	426	G	A
D1_N1	0.0820726760211	1	1329	T	G
D1_N1	0.0821119646109	1	310	T	C
D1_N1	0.0826966476479	2	1188	G	A
D1_N1	0.0830192833766	2	633	C	T
D1_N1	0.0837224414074	2	854	G	A
D1_N1	0.0840191760776	2	926	G	T
D1_N1	0.0856203570723	1	1337	A	T
D1_N1	0.0859877273709	1	531	A	C
D1_N1	0.0863970547668	1	713	T	G
D1_N1	0.0864859889343	2	307	A	C
D1_N1	0.0867128991514	2	432	T	G
D1_N1	0.0868020196291	1	967	A	C
D1_N1	0.087641721128	2	699	G	A
D1_N1	0.0877809901997	1	474	C	T
D1_N1	0.088141257709	1	910	A	G
D1_N1	0.0891226100856	1	1113	A	C
D1_N1	0.0898034364102	1	483	A	G
D1_N1	0.0898850262502	2	825	A	G
D1_N1	0.0899557094249	2	274	T	C
D1_N1	0.0899703427779	1	381	G	T
D1_N1	0.0907856006432	2	550	G	A
D1_N1	0.0909736675335	2	343	G	A
D1_N1	0.0910462302079	1	10	G	A
D1_N1	0.0910915653442	1	956	A	T
D1_N1	0.0912293945412	2	62	A	G
D1_N1	0.0921472009178	1	555	T	A
D1_N1	0.0925661581339	2	1225	T	C
D1_N1	0.0925794027495	2	814	G	T
D1_N1	0.0925879253092	2	821	A	C
D1_N1	0.0930814334716	2	988	C	T
D1_N1	0.0937868955891	2	657	G	A
D1_N1	0.0944779590489	1	191	T	G
D1_N1	0.0945626754359	1	1044	C	T
D1_N1	0.0946080047095	1	911	T	A
D1_N1	0.094734396192	2	509	T	C
D1_N1	0.0948521258896	1	86	A	G
D1_N1	0.0956415627242	2	1355	G	T
D1_N1	0.0962467546866	2	602	A	G
D1_N1	0.0964921349514	2	705	G	T
D1_N1	0.0972251014143	2	989	T	A
D1_N1	0.0974667461805	2	1049	T	C
D1_N1	0.0975347067527	1	556	T	C
D1_N1	0.0978834796314	2	1135	T	A
D1_N1	0.0981143236813	1	674	A	G
D1_N1	0.0981902237865	2	111	C	G
D1_N1	0.0983014382333	2	762	C	A
D1_N1	0.0990405210744	1	341	T	G
D1_N1	0.0995408678545	1	597	A	C
D1_N1	0.0997243734765	1	33	T	A
D1_N1	0.100176887886	2	923	A	T
D1_N1	0.100251111495	1	1160	G	A
D1_N1	0.100369553441	1	740	T	G
D1_N1	0.101011824904	2	809	T	C
D1_N1	0.101128928332	2	1009	C	T
D1_N1	0.101245740156	1	549	A	G
D1_N1	0.101459126755	2	431	T	C
D1_N1	0.101604525995	2	645	A	G
D1_N1	0.101850421946	1	1229	T	G
D1_N1	0.1021518153	1	1104	G	C
D1_N1	0.102270364289	2	375	T	A
D1_N1	0.102434824573	2	414	G	A
D1_N1	0.102541391788	2	629	C	T
D1_N1	0.103123762629	1	1026	A	T
D1_N1	0.104725242291	1	652	C	T
D1_N1	0.104812812325	1	237	C	T
D1_N1	0.104923139569	2	1108	C	A
D1_N1	0.105069410518	2	1157	G	A
D1_N1	0.105267316894	2	1012	A	G
D1_N1	0.105797041593	2	926	T	A
D1_N1	0.106052317436	1	938	A	G
D1_N1	0.106161974442	2	395	G	A
D1_N1	0.106302050523	1	602	A	G
D1_N1	0.106814277662	2	167	C	G
D1_N1	0.107258347753	1	234	G	A
D1_N1	0.107355105168	1	822	C	A
D1_N1	0.107580547753	1	688	A	C
D1_N1	0.10825488884	1	1324	A	T
D1_N1	0.108308805039	1	106	G	C
D1_N1	0.109640624949	2	9	A	T
D1_N1	0.10977797063	2	849	T	C
D1_N1	0.109794299069	1	127	A	T
D1_N1	0.110381009111	1	147	A	C
D1_N1	0.110639448989	1	1284	A	T
D1_N1	0.111186193024	1	266	A	C
D1_N1	0.111293937423	2	1229	T	G
D1_N1	0.111394680301	1	1047	G	A
D1_N1	0.11168329709	1	499	G	A
D1_N1	0.111937207606	1	478	G	A
D1_N1	0.11258833291	2	1335	T	C
D1_N1	0.1126996615	1	1023	G	C
D1_N1	0.113846656772	2	160	A	C
D1_N1	0.114280517759	2	1164	T	C
D1_N1	0.114483435672	1	250	C	G
D1_N1	0.115577274265	1	1010	G	C
D1_N1	0.11611648672	2	863	T	A
D1_N1	0.116357160683	2	665	C	T
D1_N1	0.116632837435	1	466	C	T
D1_N1	0.117122288549	2	348	A	T
D1_N1	0.117447568554	1	720	C	A
D1_N1	0.117782662775	1	817	T	C
D1_N1	0.118586808256	2	1099	G	T
D1_N1	0.11999831258	1	696	T	C
D1_N1	0.120708478478	2	215	A	G
D1_N1	0.121023476803	2	1168	T	G
D1_N1	0.121420646795	2	964	C	G
D1_N1	0.121615350568	1	52	G	C
D1_N1	0.122839006966	2	1084	C	G
D1_N1	0.123533715345	2	347	A	G
D1_N1	0.123656410624	1	354	C	T
D1_N1	0.123830596238	1	1348	G	C
D1_N1	0.124014127623	1	375	G	A
D1_N1	0.124210872142	1	487	G	A
D1_N1	0.124218650759	1	998	T	C
D1_N1	0.124390849549	2	1015	A	T
D1_N1	0.124787793012	2	782	C	T
D1_N1	0.124884262825	2	860	A	G
D1_N1	0.125051767754	1	924	T	A
D1_N1	0.125372037284	1	370	A	G
D1_N1	0.125561811045	2	805	G	A
D1_N1	0.125996094447	2	1303	A	G
D1_N1	0.126154407979	2	647	C	G
D1_N1	0.127920047254	2	11	T	A
D1_N1	0.127956072157	1	768	G	C
D1_N1	0.128568731338	2	1056	G	A
D1_N1	0.128721745676	1	1249	A	T
D1_N1	0.129305611629	1	283	C	A
D1_N1	0.129375653627	2	1297	C	T
D1_N1	0.129836162315	2	357	C	T
D1_N1	0.130148117872	2	335	A	T
D1_N1	0.130156189454	1	1078	G	A
D1_N1	0.131028842705	1	704	G	A
D1_N1	0.131420866034	1	1029	A	T
D1_N1	0.131893810809	2	105	T	C
D1_N1	0.132545111003	1	457	T	G
D1_N1	0.132805618819	1	926	G	A
D1_N1	0.133396021944	2	1123	C	G
D1_N1	0.133472379993	1	834	G	C
D1_N1	0.133488518314	2	858	G	A
D1_N1	0.135062085443	2	552	G	A
D1_N1	0.135795888005	2	426	G	A
D1_N1	0.136308539703	1	709	G	T
D1_N1	0.136499756963	2	1152	T	A
D1_N1	0.136797952902	1	1076	C	A
D1_N1	0.13690541592	1	363	A	T
D1_N1	0.137377258942	2	284	T	A
D1_N1	0.137387399044	1	547	G	A
D1_N1	0.137498212754	2	43	C	A
D1_N1	0.13752852861	2	387	A	G
D1_N1	0.137550059393	2	752	G	T
D1_N1	0.137936391499	2	530	C	A
D1_N1	0.138055086832	2	563	A	C
D1_N1	0.138382796867	1	649	T	A
D1_N1	0.138606106514	2	980	T	G
D1_N1	0.13871846524	1	213	C	G
D1_N1	0.138759510957	2	536	T	A
D1_N1	0.139060674066	1	566	C	G
D1_N1	0.139269023979	2	1213	G	C
D1_N1	0.13975933961	1	608	T	G
D1_N1	0.140283534006	2	557	T	A
D1_N1	0.140633330021	1	464	G	A
D1_N1	0.140669014173	2	1334	G	C
D1_N1	0.141415415801	2	1199	G	A
D1_N1	0.141959534592	2	1233	G	C
D1_N1	0.142006094819	2	1146	T	G
D1_N1	0.142108373458	2	103	A	C
D1_N1	0.142360985411	1	693	T	G
D1_N1	0.143113936409	1	1229	G	C
D1_N1	0.143148732017	2	610	G	C
D1_N1	0.143578592779	1	563	G	A
D1_N1	0.144247940464	2	828	A	T
D1_N1	0.144996855631	2	818	A	C
D1_N1	0.145038233648	2	566	C	A
D1_N1	0.145395187827	2	198	G	T
D1_N1	0.14561771175	2	430	A	C
D1_N1	0.145737595198	2	252	T	A
D1_N1	0.146436808682	2	151	T	A
D1_N1	0.147646893265	2	772	G	A
D1_N1	0.148029483268	2	939	G	A
D1_N1	0.148063959085	1	1140	A	G
D1_N1	0.148183401739	1	281	T	G
D1_N1	0.149519858063	1	1162	T	C
D1_N1	0.149639675494	1	628	T	G
D1_N1	0.149678654644	1	395	G	A
D1_N1	0.149861077247	1	929	G	A
D1_N1	0.151226079396	1	97	G	A
D1_N1	0.151331992495	2	829	G	A
D1_N1	0.151412996352	1	663	A	T
D1_N1	0.151433743579	1	337	T	A
D1_N1	0.15165833593	2	28	A	C
D1_N1	0.151761069365	1	1009	C	A
D1_N1	0.151777056957	2	481	G	C
D1_N1	0.152043546664	2	893	A	T
D1_N1	0.152372441146	2	1360	C	T
D1_N1	0.152599132064	2	624	G	T
D1_N1	0.15273446593	1	816	A	G
D1_N1	0.152778490666	1	790	C	T
D1_N1	0.153114671509	2	1124	G	A
D1_N1	0.153435827424	1	758	A	G
D1_N1	0.153634601821	2	305	T	A
D1_N1	0.153893022224	2	56	G	A
D1_N1	0.153897645647	2	1168	G	C
D1_N1	0.154133615384	1	1282	A	G
D1_N1	0.154766031219	1	1288	G	A
D1_N1	0.154816635638	1	576	T	G
D1_N1	0.155215725606	1	566	G	C
D1_N1	0.15546770459	2	367	A	T
D1_N1	0.15555643668	1	868	A	C
D1_N1	0.156046178153	2	1129	T	C
D1_N1	0.156658698129	2	1067	C	T
D1_N1	0.156815303286	1	621	G	A
D1_N1	0.157093665881	1	618	T	A
D1_N1	0.157132065602	1	789	C	T
D1_N1	0.157319484906	1	423	A	G
D1_N1	0.157546839715	1	1270	C	T
D1_N1	0.157731943358	2	213	A	T
D1_N1	0.157947100717	2	322	A	C
D1_N1	0.158430735391	2	986	C	T
D1_N1	0.158777859228	1	769	A	G
D1_N1	0.159029386421	2	1180	A	G
D1_N1	0.159957196498	2	274	C	A
D1_N1	0.16091230021	1	138	T	C
D1_N1	0.1611244855	1	247	T	C
D1_N1	0.161505491895	2	175	C	T
D1_N1	0.161834561985	2	194	G	T
D1_N1	0.161959328404	2	842	T	A
D1_N1	0.162079173719	2	693	T	C
D1_N1	0.162174437977	1	1153	C	T
D1_N1	0.162203204099	1	1202	C	A
D1_N1	0.162281861446	1	1127	A	C
D1_N1	0.162410477577	1	475	C	T
D1_N1	0.162666708659	2	870	A	T
D1_N1	0.162688069189	1	917	G	C
D1_N1	0.163005176132	1	464	A	G
D1_N1	0.16579643499	2	276	A	G
D1_N1	0.166466622358	1	1010	C	T
D1_N1	0.166632123009	1	644	A	T
D1_N1	0.166896083088	1	794	A	T
D1_N1	0.16699246586	1	1081	G	T
D1_N1	0.167406464448	2	1112	A	C
D1_N1	0.168012433292	2	1262	T	C
D1_N1	0.168019054669	2	1343	T	G
D1_N1	0.1680620668	2	986	T	C
D1_N1	0.168186847972	1	543	T	C
D1_N1	0.168682935417	1	630	T	C
D1_N1	0.168901953526	1	1304	A	T
D1_N1	0.16897913709	2	761	A	T
D1_N1	0.169035044851	2	230	G	A
D1_N1	0.16913828216	2	47	T	A
D1_N1	0.169572490158	1	836	G	A
D1_N1	0.170030952368	1	42	T	G
D1_N1	0.170108161628	1	652	T	C
D1_N1	0.171035845544	2	157	G	A
D1_N1	0.172480988074	1	1270	T	A
D1_N1	0.172532041292	2	152	T	C
D1_N1	0.173645526848	1	81	C	G
D1_N1	0.174211359711	1	1011	C	A
D1_N1	0.17424764973	2	488	T	G
D1_N1	0.174474877969	1	1275	C	A
D1_N1	0.174477593844	1	99	T	A
D1_N1	0.174480820526	2	849	C	T
D1_N1	0.174634697478	1	285	A	G
D1_N1	0.174963499951	1	770	T	A
D1_N1	0.175108618154	2	419	A	G
D1_N1	0.175483831458	2	397	A	G
D1_N1	0.175891485354	1	320	T	A
D1_N1	0.176819953857	2	978	G	C
D1_N1	0.177091130957	2	329	A	T
D1_N1	0.177331339612	2	261	A	G
D1_N1	0.177863487981	2	444	T	C
D1_N1	0.178562354952	2	582	T	A
D1_N1	0.178987754414	2	1146	G	C
D1_N1	0.179108488827	2	793	G	A
D1_N1	0.179217360827	2	704	G	C
D1_N1	0.179424803652	1	57	T	C
D1_N1	0.180984510955	1	727	A	G
D1_N1	0.181173252354	1	502	G	A
D1_N1	0.181323704863	1	51	A	T
D1_N1	0.181368164061	1	73	A	G
D1_N1	0.181667157476	1	1298	A	C
D1_N1	0.18186074808	2	904	G	C
D1_N1	0.182415394433	1	118	G	A
D1_N1	0.182683948079	1	633	C	G
D1_N1	0.183022129956	1	970	T	C
D1_N1	0.183121474933	1	359	T	C
D1_N1	0.183752462618	1	1179	T	C
D1_N1	0.18396011493	1	504	T	G
D1_N1	0.184477467368	1	952	T	C
D1_N1	0.185683051056	1	1273	C	A
D1_N1	0.185906814181	2	181	G	A
D1_N1	0.186142996326	1	887	A	G
D1_N1	0.186274658695	1	612	G	T
D1_N1	0.186654598038	1	329	A	C
D1_N1	0.186835154439	1	202	A	C
D1_N1	0.186962047321	1	1124	G	A
D1_N1	0.187053120404	2	75	T	C
D1_N1	0.187107976934	2	209	C	G
D1_N1	0.187612567848	1	72	C	T
D1_N1	0.187780182181	2	415	T	C
D1_N1	0.188506716811	2	309	T	A
D1_N1	0.188773463237	1	220	T	A
D1_N1	0.189230807648	1	982	G	T
D1_N1	0.190311322076	2	250	C	A
D1_N1	0.190433739936	2	1317	A	C
D1_N1	0.190963216299	1	795	G	A
D1_N1	0.191066250404	1	1212	T	A
D1_N1	0.191125145383	2	432	G	A
D1_N1	0.191231302215	2	1012	G	C
D1_N1	0.191526401852	1	173	C	T
D1_N1	0.191714206196	2	1011	C	G
D1_N1	0.191942000528	2	548	A	C
D1_N1	0.19196263329	1	496	G	A
D1_N1	0.192516708245	1	1056	G	A
D1_N1	0.193173257061	2	431	C	T
D1_N1	0.193285602838	2	909	A	G
D1_N1	0.193424991227	2	1008	T	C
D1_N1	0.193661171005	1	396	C	T
D1_N1	0.194113726456	2	580	A	G
D1_N1	0.194956304776	1	754	G	A
D1_N1	0.195377801178	2	744	C	G
D1_N1	0.1959512111	2	254	A	G
D1_N1	0.196053583992	2	544	T	A
D1_N1	0.196342339784	1	937	G	C
D1_N1	0.196486195821	1	294	C	T
D1_N1	0.196735715049	1	1091	G	A
D1_N1	0.196981003208	1	535	T	G
D1_N1	0.197221258256	1	782	C	G
D1_N1	0.197415955796	1	842	T	C
D1_N1	0.197587791821	2	285	A	G
D1_N1	0.19763870739	2	370	G	T
D1_N1	0.198053267586	1	11	C	G
D1_N1	0.198282833487	1	967	C	T
D1_N1	0.198463563838	1	304	G	A
D1_N1	0.198945177275	2	1041	A	C
D1_N1	0.199817244068	2	843	G	T
D1_N1	0.201574708348	1	1348	C	T
D1_N1	0.201814168267	1	1180	A	C
D1_N1	0.201825446522	2	932	G	A
D1_N1	0.202000682871	2	464	G	C
D1_N1	0.202001282582	1	1024	T	G
D1_N1	0.202523740835	1	755	G	A
D1_N1	0.202680814356	2	1066	C	T
D1_N1	0.202811765889	1	1153	T	A
D1_N1	0.203010940266	1	1250	A	G
D1_N1	0.205247685655	2	421	G	A
D1_N1	0.206062792074	1	115	G	T
D1_N1	0.20776976672	1	1064	G	A
D1_N1	0.208196570042	2	642	G	A
D1_N1	0.20918911744	1	783	G	C
D1_N1	0.209826610336	2	455	T	G
D1_N1	0.209982849602	1	930	G	A
D1_N1	0.210291877116	2	526	T	G
D1_N1	0.210437001442	2	880	G	A
D1_N1	0.210500650679	1	597	C	G
D1_N1	0.210665465698	2	733	A	T
D1_N1	0.21134098475	2	1125	C	A
D1_N1	0.211584759614	2	389	T	C
D1_N1	0.211723623253	2	535	T	C
D1_N1	0.21205963345	2	358	C	T
D1_N1	0.212292626372	1	959	A	C
D1_N1	0.212530572615	2	99	T	G
D1_N1	0.212674382912	1	180	A	C
D1_N1	0.213657937509	1	1135	T	G
D1_N1	0.213756503871	1	996	T	C
D1_N1	0.213980618253	2	1163	A	C
D1_N1	0.214039898532	2	1363	A	G
D1_N1	0.214782538314	2	1235	A	C
D1_N1	0.215118043928	1	765	C	T
D1_N1	0.216011871077	2	838	A	C
D1_N1	0.216697814209	2	451	G	A
D1_N1	0.216703150848	2	804	A	T
D1_N1	0.216988255213	1	333	G	A
D1_N1	0.217009555155	1	1313	T	C
D1_N1	0.217069888886	1	744	C	T
D1_N1	0.21716443866	1	846	G	A
D1_N1	0.217386320443	2	1044	C	T
D1_N1	0.217438080944	2	1027	T	C
D1_N1	0.21793989309	1	1316	A	G
D1_N1	0.218155383301	2	11	A	T
D1_N1	0.218305629578	2	151	A	C
D1_N1	0.218641831098	1	786	A	G
D1_N1	0.219514414195	1	607	G	T
D1_N1	0.219759791349	1	608	G	A
D1_N1	0.219842351418	1	544	T	A
D1_N1	0.220055029128	2	660	T	C
D1_N1	0.22031097082	1	1047	A	T
D1_N1	0.220639424902	1	1065	A	G
D1_N1	0.220925807069	2	720	G	T
D1_N1	0.221836393028	2	430	C	A
D1_N1	0.222277382247	1	401	T	G
D1_N1	0.222354480471	1	976	T	C
D1_N1	0.222631539387	1	680	G	T
D1_N1	0.222632273215	1	481	C	T
D1_N1	0.222880911396	1	962	A	G
D1_N1	0.222897789647	1	662	C	T
D1_N1	0.223143479086	2	742	A	G
D1_N1	0.224547528754	2	878	T	C
D1_N1	0.224707582121	2	292	T	C
D1_N1	0.225025012813	1	506	A	G
D1_N1	0.225189337183	2	476	C	T
D1_N1	0.225210339929	1	175	C	T
D1_N1	0.225494051977	1	819	T	C
D1_N1	0.225627253859	1	1269	T	A
D1_N1	0.225953483163	1	462	A	C
D1_N1	0.226460044168	2	27	A	T
D1_N1	0.227218851699	2	671	G	C
D1_N1	0.227222920716	1	767	T	A
D1_N1	0.227361978028	2	824	A	T
D1_N1	0.227708684565	2	870	T	A
D1_N1	0.228243520992	1	277	G	C
D1_N1	0.228246745254	2	935	T	C
D1_N1	0.228566228207	2	904	C	T
D1_N1	0.228798417839	1	101	A	T
D1_N1	0.22909889901	1	932	G	A
D1_N1	0.229399174696	1	931	T	A
D1_N1	0.229674332023	2	499	G	T
D1_N1	0.230070330493	1	754	A	T
D1_N1	0.230208937518	1	862	A	T
D1_N1	0.231336952025	1	1251	A	G
D1_N1	0.231588118593	1	198	G	C
D1_N1	0.232745442928	1	908	C	T
D1_N1	0.233046151481	2	156	T	C
D1_N1	0.233124983149	1	525	T	A
D1_N1	0.233266691391	1	986	C	T
N1_N2	6.81860043703e-05	2	1080	C	A
N1_N2	0.000163256916151	1	1292	A	G
N1_N2	0.000265568319851	1	112	A	T
N1_N2	0.000477879509151	2	471	A	G
N1_N2	0.000775879833552	1	309	T	C
N1_N2	0.00103577154425	2	855	C	T
N1_N2	0.00159708807786	2	256	C	A
N1_N2	0.00181467615536	1	66	T	A
N1_N2	0.00195984250794	2	1146	C	T
N1_N2	0.00255958373326	1	1139	T	C
N1_N2	0.0026016309405	2	960	T	C
N1_N2	0.00311668374777	1	1322	G	A
N1_N2	0.00425286538145	2	950	T	C
N1_N2	0.00457718299853	2	996	T	C
N1_N2	0.00460020102657	1	708	G	A
N1_N2	0.00585612451273	2	165	A	T
N1_N2	0.00598220131058	1	260	A	C
N1_N2	0.0067025570376	2	878	C	T
N1_N2	0.00756231793958	2	463	G	A
N1_N2	0.00763511196921	2	1291	C	T
N1_N2	0.00778907873171	1	587	C	T
N1_N2	0.00785675897293	1	190	G	A
N1_N2	0.0078965732385	1	1183	C	A
N1_N2	0.00800040418742	1	677	A	T
N1_N2	0.00958275943853	2	862	A	G
N1_N2	0.00995029153309	1	141	T	G
N1_N2	0.010102722661	2	862	G	T
N1_N2	0.0101916326154	2	645	G	T
N1_N2	0.0114850318288	1	1074	C	G
N1_N2	0.0118448997621	2	1197	C	T
N1_N2	0.0123458332829	2	950	C	T
N1_N2	0.0123986258753	1	1338	T	C
N1_N2	0.0132579678865	1	129	G	C
N1_N2	0.0133691610804	2	1353	A	T
N1_N2	0.0136444348749	2	1082	G	A
N1_N2	0.013783461081	1	520	G	A
N1_N2	0.0145101723729	1	1046	C	T
N1_N2	0.0145868060094	1	1053	A	C
N1_N2	0.0147018083209	2	368	G	A
N1_N2	0.0149673275195	1	707	A	C
N1_N2	0.0155026127853	2	696	T	A
N2_N3	0.00246871247174	2	1216	T	A
N2_N3	0.00250277236709	1	232	G	C
N2_N3	0.00309463203793	2	1041	C	T
N2_N3	0.00316209910445	1	415	T	A
N2_N3	0.00334623677783	1	1123	T	C
N2_N3	0.00399283893433	2	99	G	T
N2_N3	0.00404654104244	1	552	G	T
N2_N3	0.00421503431931	2	1020	G	A
N2_N3	0.00448707597218	1	702	G	A
N2_N3	0.00466242027797	1	892	T	G
N2_N3	0.00478639380603	1	166	A	G
N2_N3	0.00499265602231	1	590	C	T
N2_N3	0.00515088220297	2	1329	C	T
N2_N3	0.00527451907505	1	742	A	C
N2_N3	0.00533234092652	1	343	A	G
N2_N3	0.00538238748366	2	26	T	A
N2_N3	0.00547355307905	2	854	A	G
N2_N3	0.00557749338214	1	633	G	A
N2_N3	0.00576158084263	1	1278	T	C
N2_N3	0.00611415426102	1	90	A	G
N2_N3	0.00645649383263	2	1324	A	G
N2_N3	0.00666528715151	2	1180	G	A
N3_N4	9.20343206794e-05	1	770	G	A
N3_N4	0.000489949081975	2	330	A	G
N3_N4	0.000649595345576	1	406	A	G
N3_N4	0.000701804932127	1	683	T	A
N3_N4	0.000812103185686	1	519	C	A
N3_N4	0.001615138245	1	1032	T	C
N3_N4	0.00168909761278	1	731	A	G
N3_N4	0.00233534197052	2	825	G	A
N3_N4	0.00493058231124	2	1186	T	C
N3_N4	0.00549212617819	1	1149	A	G
N3_N4	0.00568097574504	2	1167	G	A
N3_N4	0.00581697130598	1	94	T	C
N3_N4	0.00616765766167	1	938	G	A
N3_N4	0.00645151494947	1	880	G	A
N3_N4	0.0066565219238	2	795	G	C
N3_N4	0.00734763571952	2	271	A	G
N3_N4	0.007411208797	1	12	C	T
N3_N4	0.00766755549234	2	253	T	G
N3_N4	0.00770886237113	1	284	T	G
N3_N4	0.00824137840143	1	1170	A	G
N4_Human	0.000267448102722	1	787	C	T
N4_Human	0.000611706778039	2	583	A	T
N4_Human	0.00157875378121	1	1114	A	C
N4_Human	0.00335695792216	1	1249	T	G
N4_Human	0.0037462653648	1	19	A	C
N4_Human	0.00384256782046	1	975	C	T
N4_Human	0.0044147084499	2	1183	C	G
N4_Human	0.00484773658051	1	1266	C	G
N4_Human	0.00489168033295	2	186	A	T
N4_Human	0.00499679085898	2	382	C	T
N4_Human	0.00528507284605	1	1106	A	T
N4_Human	0.00540759903154	2	871	C	T
N4_Human	0.00545236050579	1	635	G	T
N4_Human	0.0055562044349	1	1328	T	C
N4_Human	0.00564206449	1	418	A	T
N4_Human	0.00627682883076	2	487	G	A
N4_Human	0.00661096795633	1	701	T	G
N4_Human	0.0082956360153	2	188	T	C
N4_Human	0.00868816568864	1	414	A	T
N4_Human	0.00880349336135	1	424	G	T
N4_Human	0.0092204411826	1	1362	T	A
N4_Human	0.00960025364463	1	1257	T	C
N4_Human	0.00982748019501	1	839	A	C
N4_Human	0.00982781594237	1	22	T	A
N4_Human	0.0100390258734	1	594	A	T
N4_Human	0.0102386178057	1	529	A	G
N4_Human	0.0104031825448	2	586	T	A
N4_Human	0.0104509156481	1	1033	G	A
N4_Chimp	0.000197430443759	1	56	G	A
N4_Chimp	0.000603515966608	1	487	A	C
N4_Chimp	0.000791764237838	2	481	C	G
N4_Chimp	0.00218342500125	2	394	G	A
N4_Chimp	0.00273237447471	2	987	C	G
N4_Chimp	0.00307483939086	1	123	T	C
N4_Chimp	0.00308925525717	2	1098	A	G
N4_Chimp	0.00311228533054	2	781	A	C
N4_Chimp	0.00314274542868	1	410	G	A
N4_Chimp	0.0031633582936	2	1121	T	A
N4_Chimp	0.00325297765779	2	974	T	A
N4_Chimp	0.00355468046742	2	560	T	A
N4_Chimp	0.00387022525138	1	873	A	T
N4_Chimp	0.00393939982632	2	277	G	T
N4_Chimp	0.00418712778039	1	1258	A	C
N4_Chimp	0.00436765076143	2	602	G	A
N4_Chimp	0.00459708646246	2	356	A	T
N4_Chimp	0.00603930910752	2	1004	G	A
N4_Chimp	0.00610764147808	2	236	G	A
N4_Chimp	0.00633387318813	1	1280	G	C
N4_Chimp	0.00656048361685	2	160	C	T
N4_Chimp	0.00660589666469	2	300	A	G
N4_Chimp	0.00750493942776	2	997	T	C
N4_Chimp	0.00780992224413	2	983	T	C
N4_Chimp	0.0088483174894	2	1359	T	A
N4_Chimp	0.00899896922491	2	527	C	T
N4_Chimp	0.00924888915998	2	428	A	G
N4_Chimp	0.00944563537737	2	1069	T	C
N4_Chimp	0.00945099434466	1	433	C	G
N4_Chimp	0.00991582928793	1	845	C	A
N4_Chimp	0.0100350131218	2	805	A	G
N4_Chimp	0.0101691968551	2	1030	C	T
N3_Goril	4.32245786815e-05	1	476	C	T
N3_Goril	0.000241953996373	1	1274	T	G
N3_Goril	0.000568535538789	2	935	C	G
N3_Goril	0.000580588472812	2	466	C	T
N3_Goril	0.00067443220115	2	919	C	T
N3_Goril	0.000752102252803	1	814	G	A
N3_Goril	0.000898674817568	1	894	C	T
N3_Goril	0.00134881785764	1	217	G	A
N3_Goril	0.00194243686612	2	1269	T	C
N3_Goril	0.00212403784324	2	628	T	G
N3_Goril	0.00232211058674	2	710	C	G
N3_Goril	0.0024063222643	1	242	G	A
N3_Goril	0.0024740881637	1	496	A	G
N3_Goril	0.00324248472795	1	1269	A	G
N3_Goril	0.00382195460201	1	116	T	C
N3_Goril	0.00387509228018	1	123	T	C
N3_Goril	0.00387650759665	1	955	A	T
N3_Goril	0.00439402146519	2	8	G	C
N3_Goril	0.00499861697476	1	433	C	A
N3_Goril	0.00536993545961	2	1346	G	C
N3_Goril	0.00562924712934	2	812	A	G
N3_Goril	0.00579310785348	2	954	C	T
N3_Goril	0.00581771384321	1	1257	T	G
N3_Goril	0.00596875431134	1	864	T	A
N3_Goril	0.00597329552111	2	954	T	C
N3_Goril	0.00623670021341	2	138	C	G
N3_Goril	0.00670498780578	2	912	G	T
N3_Goril	0.00689580154186	2	569	T	C
N3_Goril	0.00699163641711	1	1291	C	T
N3_Goril	0.00704048182619	2	768	C	T
N3_Goril	0.00740743724118	1	476	T	C
N3_Goril	0.00774388613295	1	1280	G	T
N3_Goril	0.0079134656291	2	584	C	G
N3_Goril	0.00804521937378	2	1146	T	C
N3_Goril	0.00840323432258	2	694	G	C
N3_Goril	0.00845882304943	2	290	T	A
N3_Goril	0.00872811268932	1	958	A	T
N3_Goril	0.00890923505364	1	252	T	G
N3_Goril	0.00892897585968	1	158	A	T
N3_Goril	0.00929357217049	1	902	G	T
N3_Goril	0.00947241363249	1	1046	T	A
N3_Goril	0.0096467096545	1	1124	A	T
N3_Goril	0.00988968472619	2	103	C	A
N3_Goril	0.0109030178191	1	488	T	A
N3_Goril	0.0112681078631	1	1125	T	C
N3_Goril	0.0119328392755	2	452	G	C
N3_Goril	0.011942037129	1	264	C	T
N3_Goril	0.012133904888	2	972	T	C
N3_Goril	0.0123656285065	1	1088	T	A
N3_Goril	0.0129125715006	1	252	G	C
N3_Goril	0.0134680866352	2	303	G	A
N3_Goril	0.0136117812091	2	1033	G	T
N3_Goril	0.0136485657371	1	562	G	C
N3_Goril	0.013734087258	1	611	T	A
N3_Goril	0.0141353136605	1	107	T	A
N3_Goril	0.0146588067319	2	919	T	C
N3_Goril	0.0151492912671	2	623	A	G
N3_Goril	0.0155723556931	2	1195	C	A
N3_Goril	0.0156310022633	2	937	G	A
N3_Goril	0.0168760077875	2	280	C	T
N3_Goril	0.0179160507277	2	834	G	A
N3_Goril	0.0179458011301	1	49	T	C
N3_Goril	0.018186857978	2	262	C	T
N3_Goril	0.0188646151209	1	1124	T	A
N3_Goril	0.0194949041489	1	1148	T	G
N3_Goril	0.0195495768405	2	402	T	C
N3_Goril	0.0195623328624	1	54	T	A
N2_Orang	9.11874329e-05	2	903	C	G
N2_Orang	0.000585174987544	1	741	G	C
N2_Orang	0.000846965763249	1	465	C	G
N2_Orang	0.000879804929084	2	658	G	A
N2_Orang	0.00169269900956	1	74	C	T
N2_Orang	0.00173952031767	1	735	A	T
N2_Orang	0.00219393762335	2	500	G	T
N2_Orang	0.0028253058698	1	1113	C	T
N2_Orang	0.0032555062237	1	523	C	T
N2_Orang	0.0034547564825	1	1064	A	C
N2_Orang	0.0036908463652	1	567	C	G
N2_Orang	0.00371056422305	1	587	T	C
N2_Orang	0.00420310610234	2	1254	A	G
N2_Orang	0.00487820374271	1	50	T	A
N2_Orang	0.00526278223049	1	1126	A	G
N2_Orang	0.00564577678811	1	346	A	G
N2_Orang	0.00567047574718	2	277	G	A
N2_Orang	0.00587491661363	2	1181	C	T
N2_Orang	0.0059504107543	2	734	A	G
N2_Orang	0.00597085957214	1	1001	T	C
N2_Orang	0.00600633735929	2	994	T	A
N2_Orang	0.00612237795902	1	880	G	A
N2_Orang	0.00616075277914	1	312	G	A
N2_Orang	0.00647665272551	2	1029	A	G
N2_Orang	0.00668690471699	1	108	G	A
N2_Orang	0.00684695043775	2	1142	C	T
N2_Orang	0.00702897200126	2	1327	T	C
N2_Orang	0.00715979522878	2	1267	T	A
N2_Orang	0.00740025732607	2	950	T	C
N2_Orang	0.00748087149127	2	1009	T	A
N2_Orang	0.00780320112044	2	320	T	C
N2_Orang	0.00781639618193	1	971	A	G
N2_Orang	0.00785339087991	1	978	G	C
N2_Orang	0.00788741344726	2	694	G	A
N2_Orang	0.00793119966901	2	12	C	G
N2_Orang	0.00793440057234	1	1365	A	C
N2_Orang	0.00823907631408	1	884	A	C
N2_Orang	0.00875771768369	2	601	T	A
N2_Orang	0.00975466587406	2	200	A	T
N2_Orang	0.0104452404684	1	567	G	A
N2_Orang	0.0113836631709	2	1151	G	A
N2_Orang	0.0116393333365	1	2	G	A
N2_Orang	0.0120159520227	1	976	C	T
N2_Orang	0.0121707747758	1	1345	A	T
N2_Orang	0.0124807326605	2	660	C	A
N2_Orang	0.0126878279509	1	655	A	G
N2_Orang	0.0126923626435	1	637	G	A
N2_Orang	0.0139822315566	1	902	G	C
N2_Orang	0.0142329588353	1	56	G	T
N2_Orang	0.0142657532898	2	171	T	A
N2_Orang	0.0152773731717	1	815	C	T
N2_Orang	0.0159392647903	1	218	T	C
N2_Orang	0.0161056481383	1	1293	C	T
N2_Orang	0.0163461396837	1	914	A	T
N2_Orang	0.0175217171762	1	131	C	A
N2_Orang	0.0176179092856	1	175	T	C
N2_Orang	0.0176501357299	2	12	G	T
N2_Orang	0.0182338440819	1	9	A	T
N2_Orang	0.0184553255032	2	73	A	G
N2_Orang	0.0185683236005	1	185	T	A
N1_Macaq	5.06135183606e-05	2	153	C	T
N1_Macaq	0.00064733527457	2	392	G	A
N1_Macaq	0.00070547452412	2	750	C	A
N1_Macaq	0.00131878151596	2	606	A	C
N1_Macaq	0.00271856658705	1	135	G	C
N1_Macaq	0.00296313596417	2	830	T	C
N1_Macaq	0.00341862372042	2	300	A	G
N1_Macaq	0.00372804702649	2	893	T	C
N1_Macaq	0.00396226725144	2	920	C	A
N1_Macaq	0.00406209414284	2	745	T	G
N1_Macaq	0.00434038793755	1	715	G	A
N1_Macaq	0.00446874998804	1	823	G	C
N1_Macaq	0.00477373517556	1	1074	C	T
N1_Macaq	0.00510807384218	2	554	T	C
N1_Macaq	0.00577350027363	2	1221	T	A
N1_Macaq	0.00581494136424	2	513	T	C
N1_Macaq	0.00634503730914	1	628	G	C
N1_Macaq	0.00680263927598	2	910	A	G
N1_Macaq	0.00683354019631	1	755	A	G
N1_Macaq	0.00693480113535	1	1027	T	A
N1_Macaq	0.00746335371947	1	1089	C	G
N1_Macaq	0.0083682971808	2	1009	T	G
N1_Macaq	0.00871516156347	1	820	A	C
N1_Macaq	0.00873795315284	1	1197	C	T
N1_Macaq	0.00932675717363	2	956	G	C
N1_Macaq	0.0101989898071	2	15	A	C
N1_Macaq	0.0105838344109	1	634	A	T
N1_Macaq	0.0107104873417	1	1066	C	G
N1_Macaq	0.0111680488086	1	84	A	C
N1_Macaq	0.011447108082	1	951	A	T
N1_Macaq	0.0114755421959	2	655	A	G
N1_Macaq	0.0115950936145	1	896	G	C
N1_Macaq	0.011853516073	2	750	A	C
N1_Macaq	0.0123343605565	2	20	A	T
N1_Macaq	0.0132006828214	1	230	G	A
N1_Macaq	0.0143814500082	1	1053	A	C
N1_Macaq	0.014450192955	1	975	C	T
N1_Macaq	0.0147605816795	2	41	T	A
N1_Macaq	0.014985317944	2	20	T	C
N1_Macaq	0.0154356415058	2	613	G	A
N1_Macaq	0.0156144320397	2	352	C	A
N1_Macaq	0.0158644389807	1	1081	T	C
N1_Macaq	0.0169386440884	1	1261	T	G
N1_Macaq	0.0169497749697	2	466	C	A
N1_Macaq	0.0169573740453	1	808	T	A
N1_Macaq	0.0169711915917	1	1158	A	G
N1_Macaq	0.0171539557056	1	115	T	C
N1_Macaq	0.017828030674	1	198	C	A
N1_Macaq	0.0187558641664	1	584	C	T
N1_Macaq	0.018827341839	2	275	G	A
N1_Macaq	0.0197754155107	2	153	T	G
N1_Macaq	0.0205556714422	1	1349	T	G
N1_Macaq	0.0223316091982	2	1363	G	A
N1_Macaq	0.0223735675479	1	680	T	C
N1_Macaq	0.0226298223001	2	703	C	T
N1_Macaq	0.0226362349112	1	804	A	T
N1_Macaq	0.0240983436283	1	1110	C	T
N1_Macaq	0.0242655667188	2	108	G	A
N1_Macaq	0.0250556928963	2	710	C	A
N1_Macaq	0.0257780038753	2	1029	A	C
N1_Macaq	0.0259595789313	2	1159	T	A
N1_Macaq	0.0261827563161	2	800	C	G
N1_Macaq	0.026390719033	1	1029	T	A
N1_Macaq	0.0264363450916	1	1158	G	A
N1_Macaq	0.0266306506088	2	864	T	A
N1_Macaq	0.0272551842719	1	1201	A	T
N1_Macaq	0.0277002576945	1	290	G	A
N1_Macaq	0.0289098084689	1	1110	T	G
N1_Macaq	0.0289427696685	1	799	C	A
N1_Macaq	0.0291318647217	1	5	C	T
N1_Macaq	0.0300139137695	2	834	G	A
N1_Macaq	0.0301781276242	1	537	G	C
N1_Macaq	0.0301931959066	2	63	A	T
N1_Macaq	0.0315282660373	1	749	A	G
N1_Macaq	0.0315534034033	2	333	G	A
N1_Macaq	0.0318089898094	2	466	A	T
N1_Macaq	0.0318399578941	1	1365	A	C
N1_Macaq	0.0321846485846	1	831	A	C
N1_Macaq	0.0325266726387	1	651	C	T
N1_Macaq	0.0333445575365	1	135	C	A
N1_Macaq	0.0335984857524	1	1209	T	A
N1_Macaq	0.0347339164542	1	495	T	C
N1_Macaq	0.0351422829443	2	524	A	G
N1_Macaq	0.0351540091345	1	967	C	T
N1_Macaq	0.0355695907285	2	1306	G	A
N1_Macaq	0.0361339264457	1	572	T	G
N1_Macaq	0.0368997728257	1	701	T	C
N1_Macaq	0.037151970547	1	603	T	G
N1_Macaq	0.0373182872466	1	667	T	G
N1_Macaq	0.0377755347158	1	408	A	G
N1_Macaq	0.0384895523649	1	889	A	T
N1_Macaq	0.0392699544913	2	1264	A	G
N1_Macaq	0.0392899459348	2	678	T	C
N1_Macaq	0.040159703048	1	773	T	C
N1_Macaq	0.0406902993073	1	1271	A	T
N1_Macaq	0.040700170089	1	1074	T	C
N1_Macaq	0.0409846908753	1	475	T	C
N1_Macaq	0.0411769620419	1	365	C	T
N1_Macaq	0.0412306993863	1	618	A	G
N1_Macaq	0.0414160056008	1	705	G	A
N1_Macaq	0.041621714483	2	935	C	T
N1_Macaq	0.041824651016	2	1286	T	A
N1_Macaq	0.0418975652092	1	1312	T	C
N1_Macaq	0.0420506803488	2	1063	T	G
N1_Macaq	0.0437860251823	1	859	T	C
N0_Mouse	0.000310440881415	0	84	A	G
N0_Mouse	0.00109944946232	0	584	C	G
N0_Mouse	0.00126693011299	0	1258	A	G
N0_Mouse	0.00142060706219	0	573	G	A
N0_Mouse	0.00187166201889	0	575	A	T
N0_Mouse	0.00229802904662	0	437	T	C
N0_Mouse	0.00363809020331	0	582	T	C
N0_Mouse	0.0054058094093	0	946	T	C
N0_Mouse	0.00573863355635	0	1281	C	T
N0_Mouse	0.00696504041787	0	1082	G	A
N0_Mouse	0.00699098038348	0	991	G	C
N0_Mouse	0.00757183894989	0	1045	T	G
N0_Mouse	0.00772909759495	0	283	C	A
N0_Mouse	0.00849808143598	0	143	G	A
N0_Mouse	0.00852496704287	0	605	C	T
N0_Mouse	0.00870809417961	0	86	A	T
N0_Mouse	0.0089747351098	0	483	A	T
N0_Mouse	0.00934959403341	0	1279	T	A
N0_Mouse	0.00950166080665	0	579	C	T
N0_Mouse	0.0100602866918	0	1150	T	C
N0_Mouse	0.0105334750081	0	566	C	G
N0_Mouse	0.0111073484821	0	1278	T	C
N0_Mouse	0.0114558010251	0	157	A	G
N0_Mouse	0.0122024550282	0	282	C	T
N0_Mouse	0.0123163591892	0	678	T	A
N0_Mouse	0.0124455033291	0	1071	T	C
N0_Mouse	0.014261136307	0	1243	A	G
N0_Mouse	0.0152003011717	0	1001	T	C
N0_Mouse	0.0178065754489	0	9	A	C
N0_Mouse	0.0197628931968	0	584	G	A
N0_Mouse	0.01982742862	0	852	C	A
N0_Mouse	0.0200355848161	0	542	C	T
N0_Mouse	0.0205456651245	0	225	C	A
N0_Mouse	0.020991433174	0	930	G	T
N0_Mouse	0.02150641905	0	810	T	C
N0_Mouse	0.0217924183093	0	751	C	G
N0_Mouse	0.0217952673778	0	679	A	G
N0_Mouse	0.0219051299491	0	369	C	A
N0_Mouse	0.0225376632508	0	142	C	T
N0_Mouse	0.0226445291605	0	1196	C	A
N0_Mouse	0.0228189499586	0	515	G	T
N0_Mouse	0.0231727991153	0	849	T	A
N0_Mouse	0.0239325756645	0	310	T	G
N0_Mouse	0.0253579151769	0	97	G	A
N0_Mouse	0.02593951748	0	835	A	G
N0_Mouse	0.0266690681237	0	1002	C	G
N0_Mouse	0.0267257814751	0	105	T	A
N0_Mouse	0.0271817915534	0	1084	C	G
N0_Mouse	0.0273168538071	0	611	T	G
N0_Mouse	0.0284741687535	0	59	A	T
N0_Mouse	0.0313014420682	0	1260	A	C
N0_Mouse	0.0329539935335	0	1353	A	G
N0_Mouse	0.0337114802899	0	426	G	A
N0_Mouse	0.0344960476892	0	267	G	A
N0_Mouse	0.0357138450915	0	375	G	T
N0_Mouse	0.0358564440164	0	984	T	G
N0_Mouse	0.0362677765845	0	580	A	G
N0_Mouse	0.036660315046	0	240	C	A
N0_Mouse	0.0366639298609	0	1330	C	T
N0_Mouse	0.0368790503946	0	1003	C	T
N0_Mouse	0.0370745434793	0	1344	G	A
N0_Mouse	0.0374834372767	0	1059	T	A
N0_Mouse	0.038266751033	0	836	T	C
N0_Mouse	0.0405088155324	0	1302	A	C
N0_Mouse	0.0409983310535	0	1267	T	C
N0_Mouse	0.0418098468033	0	563	G	T
N0_Mouse	0.0422255173378	0	139	A	T
N0_Mouse	0.0422970534649	0	1006	A	G
N0_Mouse	0.0426518903507	0	570	G	T
N0_Mouse	0.0435693831402	0	23	C	T
N0_Mouse	0.0440929394725	0	1080	G	A
N0_Mouse	0.0442557392698	0	395	G	C
N0_Mouse	0.0443891446721	0	755	C	A
N0_Mouse	0.0453609947094	0	1100	A	G
N0_Mouse	0.0455689548051	0	324	T	G
N0_Mouse	0.0462999144345	0	511	A	C
N0_Mouse	0.0480687786299	0	1192	T	C
N0_Mouse	0.0481030776646	0	964	C	T
N0_Mouse	0.0482497769764	0	1145	T	C
N0_Mouse	0.0493895280099	0	134	A	G
N0_Mouse	0.0494721625764	0	1335	T	A
N0_Mouse	0.0495086349039	0	633	C	T
N0_Mouse	0.049998403944	0	406	A	T
N0_Mouse	0.0505326771313	0	1023	G	A
N0_Mouse	0.0509625334671	0	1168	T	G
N0_Mouse	0.0510621278822	0	1300	A	G
N0_Mouse	0.0510848463664	0	439	G	A
N0_Mouse	0.0511698939741	0	123	T	G
N0_Mouse	0.0513862487614	0	867	A	T
N0_Mouse	0.0514243486882	0	1209	T	A
N0_Mouse	0.052150474082	0	190	G	A
N0_Mouse	0.0522021940227	0	567	C	G
N0_Mouse	0.0523326129969	0	1134	C	G
N0_Mouse	0.0531291906681	0	1158	G	A
N0_Mouse	0.053604304673	0	1070	C	T
N0_Mouse	0.0543941374417	0	353	G	C
N0_Mouse	0.0544477468522	0	1207	T	C
N0_Mouse	0.0546371985081	0	194	G	A
N0_Mouse	0.0547911699799	0	1263	A	T
N0_Mouse	0.0549311194013	0	283	A	G
N0_Mouse	0.0574817103974	0	1133	A	G
N0_Mouse	0.0583114386266	0	1146	T	C
N0_Mouse	0.0589892400992	0	9	C	T
N0_Mouse	0.0594877535568	0	507	A	T
N0_Mouse	0.0596278998149	0	1349	T	C
N0_Mouse	0.059650964254	0	1189	T	C
N0_Mouse	0.0597276796387	0	311	T	A
N0_Mouse	0.0600582286456	0	673	T	A
N0_Mouse	0.0601306814061	0	884	A	C
N0_Mouse	0.0608447358908	0	637	A	G
N0_Mouse	0.0608901232845	0	701	T	A
N0_Mouse	0.0611528245362	0	967	C	A
N0_Mouse	0.0623079619676	0	448	A	G
N0_Mouse	0.062436819832	0	536	C	A
N0_Mouse	0.0637945317177	0	1120	G	T
N0_Mouse	0.0638445750262	0	703	C	T
N0_Mouse	0.0638870791872	0	1221	T	G
N0_Mouse	0.0646830070639	0	948	A	C
N0_Mouse	0.0665222753822	0	62	A	G
N0_Mouse	0.067924859028	0	871	C	T
N0_Mouse	0.0690886962397	0	1171	G	A
N0_Mouse	0.0711464194991	0	1269	T	C
N0_Mouse	0.0715268415556	0	933	G	A
N0_Mouse	0.0715988569704	0	471	A	G
N0_Mouse	0.0725848765296	0	917	C	T
N0_Mouse	0.0726401902992	0	109	T	C
N0_Mouse	0.0734265870524	0	1010	G	A
N0_Mouse	0.0740263786603	0	138	C	T
N0_Mouse	0.0750778454229	0	665	C	A
N0_Mouse	0.0755069647096	0	1241	A	C
N0_Mouse	0.0763822182797	0	997	T	C
N0_Mouse	0.0770780507966	0	98	C	T
N0_Mouse	0.0774799610947	0	816	A	T
N0_Mouse	0.0776119378631	0	277	G	A
N0_Mouse	0.0796034432941	0	6	C	A
N0_Mouse	0.0796309707028	0	698	G	T
N0_Mouse	0.0810751202126	0	781	A	C
N0_Mouse	0.0814599305418	0	926	G	C
N0_Mouse	0.0834554192463	0	931	T	A
N0_Mouse	0.0841143223168	0	237	C	T
N0_Mouse	0.0850914162201	0	483	T	C
N0_Mouse	0.0860147778135	0	1333	G	T
N0_Mouse	0.0878888606298	0	48	T	A
N0_Mouse	0.0879324164058	0	127	A	G
N0_Mouse	0.0907305410031	0	1250	A	C
N0_Mouse	0.0909853603731	0	792	C	T
N0_Mouse	0.0921267508022	0	687	G	T
N0_Mouse	0.0936580177504	0	875	G	T
N0_Mouse	0.0938016270054	0	1254	A	T
N0_Mouse	0.0941105652445	0	627	A	T
N0_Mouse	0.0955581766957	0	787	T	C
N0_Mouse	0.0959913788191	0	944	A	G
N0_Mouse	0.0960629153133	0	51	A	G
N0_Mouse	0.0968770719802	0	829	G	C
N0_Mouse	0.0973955660543	0	533	G	A
N0_Mouse	0.0977751346635	0	216	C	G
N0_Mouse	0.0986220888308	0	324	G	A
N0_Mouse	0.0990064440173	0	180	A	C
N0_Mouse	0.0996952449092	0	1087	C	T
N0_Mouse	0.0997079118256	0	968	G	A
N0_Mouse	0.0997866833068	0	263	C	T
N0_Mouse	0.10133132951	0	277	A	T
N0_Mouse	0.101791273449	0	296	T	A
N0_Mouse	0.101853252212	0	1160	G	T
N0_Mouse	0.103407771108	0	1246	G	A
N0_Mouse	0.104195518529	0	900	T	A
N0_Mouse	0.104359487456	0	35	A	G
N0_Mouse	0.104966221383	0	756	T	A
N0_Mouse	0.105386486267	0	611	G	A
N0_Mouse	0.105940246736	0	72	C	A
N0_Mouse	0.107135438305	0	626	A	C
N0_Mouse	0.10716742822	0	162	G	A
N0_Mouse	0.107568212281	0	1335	A	G
N0_Mouse	0.10844098523	0	1288	G	A
N0_Mouse	0.108508849934	0	722	T	A
N0_Mouse	0.108651323539	0	877	A	G
N0_Mouse	0.109347578303	0	372	C	G
N0_Mouse	0.109440860831	0	582	C	G
N0_Mouse	0.109552376973	0	283	G	A
N0_Mouse	0.109953330907	0	487	G	T
N0_Mouse	0.110060003223	0	497	T	G
N0_Mouse	0.111120222367	0	538	T	C
N0_Mouse	0.111416361024	0	1175	T	C
N0_Mouse	0.113890487044	0	1220	A	G
N0_Mouse	0.113988550681	0	1207	C	T
N0_Mouse	0.114044985237	0	1352	T	C
N0_Mouse	0.114085890632	0	758	A	G
N0_Mouse	0.114180850375	0	1067	C	T
N0_Mouse	0.115214493292	0	746	C	G
N0_Mouse	0.115226459441	0	58	T	C
N0_Mouse	0.115330230444	0	59	T	C
N0_Mouse	0.115770848887	0	1012	A	C
N0_Mouse	0.116334674349	0	759	G	C
N0_Mouse	0.116448676849	0	12	C	T
N0_Mouse	0.116895492303	0	692	C	T
N0_Mouse	0.117362654975	0	861	C	A
N0_Mouse	0.119393927903	0	614	G	T
N0_Mouse	0.119409192827	0	600	C	T
N0_Mouse	0.120737276889	0	164	A	C
N0_Mouse	0.120807948651	0	649	T	A
N0_Mouse	0.121834029341	0	1088	T	A
N0_Mouse	0.124312676026	0	1145	C	T
N0_Mouse	0.12751149655	0	400	G	A
N0_Mouse	0.128214649298	0	767	T	C
N0_Mouse	0.13009106382	0	1018	G	A
N0_Mouse	0.130777013079	0	1150	C	T
N0_Mouse	0.131591547532	0	1195	T	G
N0_Mouse	0.132165576718	0	894	C	T
N0_Mouse	0.133433483449	0	344	A	T
N0_Mouse	0.134237177233	0	1190	A	T
N0_Mouse	0.134665232033	0	303	G	T
N0_Mouse	0.135699963568	0	1364	C	T
N0_Mouse	0.135990464472	0	1049	T	C
N0_Mouse	0.136273195228	0	1322	G	T
N0_Mouse	0.136689263982	0	1106	G	T
N0_Mouse	0.136713903588	0	1235	A	T
N0_Mouse	0.138790064263	0	79	G	A
N0_Mouse	0.139172396768	0	1240	A	C
N0_Mouse	0.139560540355	0	33	T	C
N0_Mouse	0.140125190765	0	1208	A	C
N0_Mouse	0.141533822387	0	1186	T	G
N0_Mouse	0.142078872506	0	1096	T	C
N0_Mouse	0.142726640645	0	829	C	G
N0_Mouse	0.143315185239	0	485	T	C
N0_Mouse	0.144598364318	0	447	G	T
N0_Mouse	0.146193469154	0	729	T	C
N0_Mouse	0.146381941394	0	214	A	T
N0_Mouse	0.146837878584	0	729	C	T
N0_Mouse	0.147781284714	0	1148	T	G
N0_Mouse	0.148138796412	0	1114	A	G
N0_Mouse	0.149109636411	0	571	T	C
N0_Mouse	0.149312564478	0	247	T	A
N0_Mouse	0.151249248915	0	1111	G	A
N0_Mouse	0.15142488984	0	437	C	T
N0_Mouse	0.152591917766	0	775	T	C
N0_Mouse	0.152944059399	0	904	G	A
N0_Mouse	0.153343903261	0	562	G	A
N0_Mouse	0.153959152933	0	952	T	G
N0_Mouse	0.15472970806	0	785	C	T
N0_Mouse	0.154799962942	0	14	C	T
N0_Mouse	0.156008995222	0	568	T	G
N0_Mouse	0.156807117767	0	237	T	A
N0_Mouse	0.15758985317	0	1350	T	C
N0_Mouse	0.157607681491	0	1361	C	T
N0_Mouse	0.157760366829	0	244	T	G
N0_Mouse	0.15845493486	0	1289	C	T
N0_Mouse	0.159113284621	0	1350	C	T
N0_Mouse	0.160759947738	0	10	G	A
N0_Mouse	0.161434444164	0	799	C	T
N0_Mouse	0.162279159381	0	414	T	A
N0_Mouse	0.162503767064	0	334	T	A
N0_Mouse	0.162944357239	0	835	G	A
N0_Mouse	0.164169213853	0	1127	A	G
N0_Mouse	0.164384982032	0	181	G	A
N0_Mouse	0.164560940119	0	662	C	T
N0_Mouse	0.164736544402	0	742	A	C
N0_Mouse	0.165624892747	0	451	G	A
N0_Mouse	0.165766075808	0	151	T	G
N0_Mouse	0.167203166431	0	1089	C	G
N0_Mouse	0.167659369038	0	677	A	G
N0_Mouse	0.167872128317	0	897	C	T
N0_Mouse	0.16790990557	0	771	T	C
N0_Mouse	0.168729379302	0	63	A	T
N0_Mouse	0.168738509499	0	135	G	C
N0_Mouse	0.169777057637	0	671	T	G
N0_Mouse	0.17032611955	0	738	T	C
N0_Mouse	0.171252406837	0	828	A	G
N0_Mouse	0.171718059511	0	381	G	T
N0_Mouse	0.172455970602	0	1284	A	C
N0_Mouse	0.173629630147	0	1210	T	C
N0_Mouse	0.174819004027	0	290	G	C
N0_Mouse	0.175638352482	0	815	C	A
N0_Mouse	0.177533310211	0	727	A	C
N0_Mouse	0.177557339247	0	818	A	T
N0_Mouse	0.178192714986	0	1257	T	A
N0_Mouse	0.178580707407	0	1224	C	T
N0_Mouse	0.179125745721	0	966	T	G
N0_Mouse	0.179419423699	0	752	G	T
N0_Mouse	0.179965242212	0	20	A	T
N0_Mouse	0.180901651627	0	1142	C	T
N0_Mouse	0.180966027357	0	1049	C	T
N0_Mouse	0.181328751544	0	116	T	C
N0_Mouse	0.181523018576	0	621	G	A
N0_Mouse	0.181813630913	0	1305	A	C
N0_Mouse	0.182608787761	0	404	C	T
N0_Mouse	0.184903871862	0	152	T	C
N0_Mouse	0.187972906796	0	445	G	A
N0_Mouse	0.1886786643	0	1169	T	A
N0_Mouse	0.189474194324	0	661	G	T
N0_Mouse	0.191552503313	0	899	T	A
N0_Mouse	0.191996717389	0	921	A	T
N0_Mouse	0.192857068776	0	1252	A	C
N0_Mouse	0.192896239654	0	836	C	T
N0_Mouse	0.193231258382	0	199	A	C
N0_Mouse	0.193429065876	0	444	T	C
N0_Mouse	0.193941549716	0	464	G	A
N0_Mouse	0.194288387079	0	1358	T	A
N0_Mouse	0.195962537594	0	109	C	T
N0_Mouse	0.197419467281	0	122	G	A
N0_Mouse	0.198556367127	0	892	T	G
N0_Mouse	0.198804144207	0	1044	C	T
N0_Mouse	0.199496843312	0	735	A	T
N0_Mouse	0.199914040649	0	945	T	A
N0_Mouse	0.200487444681	0	405	T	A
N0_Mouse	0.200671849882	0	1147	T	C
N0_Mouse	0.20162498808	0	932	G	A
N0_Mouse	0.201677801899	0	421	G	T
N0_Mouse	0.202141668111	0	1321	A	C
N0_Mouse	0.202843854542	0	605	T	A
N0_Mouse	0.202911807448	0	1065	A	G
N0_Mouse	0.203545126785	0	154	G	C
N0_Mouse	0.204835451822	0	1144	A	T
N0_Mouse	0.205006564622	0	1044	T	A
N0_Mouse	0.20518783763	0	1154	G	A
N0_Mouse	0.206065107692	0	1363	A	G
N0_Mouse	0.206173330771	0	1002	G	T
N0_Mouse	0.206966309749	0	943	G	T
N0_Mouse	0.207355035523	0	897	T	C
N0_Mouse	0.208492875336	0	286	A	G
N0_Mouse	0.20993554801	0	748	A	C
N0_Mouse	0.210533285685	0	963	T	A
N0_Mouse	0.212952297448	0	1208	C	T
N0_Mouse	0.213332721165	0	382	C	T
N0_Mouse	0.213879800963	0	984	G	C
N0_Mouse	0.214059146438	0	679	G	A
N0_Mouse	0.214173172499	0	772	G	T
N0_Mouse	0.214360583934	0	246	G	T
N0_Mouse	0.215914535872	0	1233	G	A
N0_Mouse	0.2165659618	0	221	G	A
N0_Mouse	0.216741619308	0	1306	G	A
N0_Mouse	0.217172170837	0	465	C	T
N0_Mouse	0.217715085102	0	1309	T	G
N0_Mouse	0.218846096712	0	842	T	C
N0_Mouse	0.220295093117	0	699	C	G
N0_Mouse	0.220600510903	0	303	T	C
N0_Mouse	0.220826913206	0	842	C	T
N0_Mouse	0.221112990291	0	90	A	G
N0_Mouse	0.221267282099	0	842	T	C
N0_Mouse	0.221429948665	0	525	T	A
N0_Mouse	0.22243247604	0	716	G	A
N0_Mouse	0.22247902849	0	1052	T	C
N0_Mouse	0.223253941074	0	1264	G	C
N0_Mouse	0.223270166908	0	823	C	T
N0_Mouse	0.223723059396	0	166	A	G
N0_Mouse	0.22383121815	0	553	T	G
N0_Mouse	0.224293271251	0	629	C	T
N0_Mouse	0.225898929591	0	1273	C	T
N0_Mouse	0.228547279725	0	565	A	C
N0_Mouse	0.229036809316	0	802	C	T
N0_Mouse	0.229996386785	0	445	A	C
N0_Mouse	0.230418794928	0	798	T	A
N0_Mouse	0.230715323682	0	198	G	A
N0_Mouse	0.231226014987	0	347	A	C
N0_Mouse	0.232876824879	0	809	T	C
N0_Mouse	0.233033659257	0	326	T	A
N0_Mouse	0.233162244331	0	930	T	A
N0_Mouse	0.233926667199	0	1350	T	C
N0_Mouse	0.234045257193	0	1051	T	G
N0_Mouse	0.234158843548	0	1347	A	T
N0_Mouse	0.234889344179	0	1100	G	C
N0_Mouse	0.235613094555	0	791	C	T
N0_Mouse	0.236120089793	0	1196	A	C
N0_Mouse	0.236159264232	0	847	G	A
N0_Mouse	0.236444184227	0	352	C	T
N0_Mouse	0.237923256271	0	184	C	T
N0_Mouse	0.23810016109	0	647	T	A
N0_Mouse	0.238440007057	0	138	T	C
N0_Mouse	0.239778974916	0	539	G	A
N0_Mouse	0.240023285073	0	391	G	T
N0_Mouse	0.243510415765	0	1099	G	C
N0_Mouse	0.243968424404	0	257	C	T
N0_Mouse	0.244279861976	0	1020	G	A
N0_Mouse	0.244758405987	0	896	G	A
N0_Mouse	0.245533350673	0	487	T	C
N0_Mouse	0.246112474769	0	123	G	A
N0_Mouse	0.247168803584	0	1329	C	T
N0_Mouse	0.247591600282	0	1211	A	G
N0_Mouse	0.248883756516	0	136	C	A
N0_Mouse	0.249624928709	0	855	C	T
N0_Mouse	0.250284612787	0	308	G	A
N0_Mouse	0.250516421824	0	356	C	T
N0_Mouse	0.254179788204	0	443	G	C
N0_Mouse	0.254585334537	0	500	G	T
N0_Mouse	0.254990156624	0	107	C	T
N0_Mouse	0.255675221744	0	710	C	T
N0_Mouse	0.257475527083	0	991	C	T
N0_Mouse	0.25825796571	0	805	G	A
N0_Mouse	0.258657189043	0	1192	C	T
N0_Mouse	0.260020042877	0	1266	C	A
N0_Mouse	0.260939410981	0	867	T	C
N0_Mouse	0.262855673768	0	759	C	G
N0_Mouse	0.26298632693	0	1244	A	G
N0_Mouse	0.263049375576	0	377	T	G
N0_Mouse	0.263733783734	0	910	A	G
N0_Mouse	0.264971310396	0	34	T	C
N0_Mouse	0.26513616762	0	786	A	T
N0_Mouse	0.265776074212	0	1276	C	T
N0_Mouse	0.265815821313	0	613	G	C
N0_Mouse	0.266062650301	0	168	C	A
N0_Mouse	0.266541960545	0	1141	G	A
N0_Mouse	0.26662041917	0	542	T	C
N0_Mouse	0.267449381218	0	41	T	C
N0_Mouse	0.269042052456	0	896	A	T
N0_Mouse	0.269086173853	0	356	T	C
N0_Mouse	0.27097899163	0	226	T	G
N0_Mouse	0.271898960291	0	1353	G	A
N0_Mouse	0.272982058178	0	953	G	T
N0_Mouse	0.273859869259	0	1008	T	A
N0_Mouse	0.274819320386	0	1032	T	A
N0_Mouse	0.275361806581	0	860	A	G
N0_Mouse	0.275487651539	0	367	A	T
N0_Mouse	0.275517029753	0	969	T	C
N0_Mouse	0.275980924497	0	424	G	A
N0_Mouse	0.276348155183	0	888	T	G
N0_Mouse	0.276744901495	0	205	A	G
N0_Mouse	0.27795771163	0	1348	G	A
N0_Mouse	0.278054256191	0	104	A	T
N0_Mouse	0.279205847273	0	60	T	A
N0_Mouse	0.279499465748	0	902	G	A
N0_Mouse	0.279770738073	0	454	A	T
N0_Mouse	0.282033433246	0	104	T	G
N0_Mouse	0.282086306013	0	785	T	G
N0_Mouse	0.283589151718	0	798	A	G
N0_Mouse	0.283731046513	0	196	C	T
N0_Mouse	0.285001383634	0	1347	T	A
N0_Mouse	0.285646625883	0	627	T	A
N0_Mouse	0.285781332469	0	1047	G	A
N0_Mouse	0.286696590163	0	279	A	T
N0_Mouse	0.286810063002	0	988	C	G
N0_Mouse	0.288073263024	0	731	A	T
N0_Mouse	0.288776026752	0	786	T	A
N0_Mouse	0.291095645731	0	485	C	T
N0_Mouse	0.291746865254	0	31	A	T
N0_Mouse	0.291821302691	0	171	T	A
N0_Mouse	0.292254177191	0	63	T	C
N0_Mouse	0.29232910142	0	920	C	T
N0_Mouse	0.292344616547	0	903	C	A
N0_Mouse	0.292773411043	0	1257	A	G
N0_Mouse	0.293254279781	0	1187	A	G
N0_Mouse	0.294349458903	0	838	A	G
N0_Mouse	0.294981303137	0	129	C	A
N0_Mouse	0.295745368735	0	197	T	C
N0_Mouse	0.295829411857	0	881	T	C
N0_Mouse	0.297466395434	0	943	T	C
N0_Mouse	0.297475514026	0	371	C	G
N0_Mouse	0.297858028031	0	286	G	T
N0_Mouse	0.298222899222	0	1176	T	C
N0_Mouse	0.29916413034	0	432	T	C
N0_Mouse	0.301372347608	0	258	G	T
N0_Mouse	0.301663799508	0	311	A	T
N0_Mouse	0.301859791892	0	195	G	A
N0_Mouse	0.301957817685	0	918	C	T
N0_Mouse	0.302993797753	0	1351	C	T
N0_Mouse	0.304145046297	0	1156	A	G
N0_Mouse	0.304552425531	0	466	T	G
N0_Mouse	0.30499204011	0	1256	T	C
N0_Mouse	0.305046394816	0	1355	G	A
N0_Mouse	0.305051301148	0	287	C	T
N0_Mouse	0.305111959666	0	832	T	C
N0_Mouse	0.306926425416	0	554	T	C
N0_Mouse	0.307363418274	0	358	T	C
N0_Mouse	0.30815865731	0	1189	C	T
N0_Mouse	0.308604709008	0	1198	T	C
N0_Mouse	0.308684791889	0	1210	C	T
N0_Mouse	0.308738329031	0	977	T	C
N0_Mouse	0.309139281377	0	458	A	T
N0_Mouse	0.309504701329	0	470	C	A
N0_Mouse	0.309921912749	0	302	T	C
N0_Mouse	0.31069420852	0	1085	A	T
N0_Mouse	0.311823251094	0	332	T	C
N0_Mouse	0.311944717591	0	350	T	A
N0_Mouse	0.312511194013	0	1244	G	A
N0_Mouse	0.312602306903	0	1182	A	C
N0_Mouse	0.312663827905	0	218	A	G
N0_Mouse	0.313391044984	0	413	A	T
N0_Mouse	0.313646369199	0	555	A	G
N0_Mouse	0.314640972996	0	311	T	C
N0_Mouse	0.314702997459	0	941	T	A
N0_Mouse	0.315050384318	0	875	T	A
N0_Mouse	0.316661108988	0	796	C	A
N0_Mouse	0.318142620274	0	797	G	T
N0_Mouse	0.31919642378	0	364	C	G
N0_Mouse	0.319286839375	0	922	T	C
N0_Mouse	0.32070038678	0	1103	G	A
N0_Mouse	0.321267318444	0	1224	T	C
N0_Mouse	0.322338409522	0	566	G	T
N0_Mouse	0.323297473186	0	1036	T	G
N0_Mouse	0.323458839121	0	848	C	T
N0_Mouse	0.326353229915	0	492	C	T
N0_Mouse	0.326593185238	0	100	T	G
N0_Mouse	0.32689588858	0	88	G	T
N0_Mouse	0.32988923381	0	1045	G	T
N0_Mouse	0.331737522314	0	1252	C	T
N0_Mouse	0.332178365888	0	88	T	G
N0_Mouse	0.333166500794	0	661	T	C
N0_Mouse	0.333924364434	0	7	C	T
N0_Mouse	0.334017464986	0	521	A	G
N0_Mouse	0.334538307747	0	1361	T	C
N0_Mouse	0.334628493558	0	208	C	T
N0_Mouse	0.335750662699	0	81	G	T
N0_Mouse	0.335971434521	0	40	T	A
N0_Mouse	0.337187858643	0	801	C	T
N0_Mouse	0.337372128878	0	530	C	T
N0_Mouse	0.337744236172	0	927	C	G
N0_Mouse	0.34087003265	0	648	G	A
N0_Mouse	0.341239436082	0	372	G	A
N0_Mouse	0.341826586047	0	1038	T	C
N0_Mouse	0.343364567537	0	117	C	G
N0_Mouse	0.343596520342	0	224	C	T
N0_Mouse	0.344002624723	0	983	C	G
N0_Mouse	0.344518047904	0	258	T	G
N0_Mouse	0.344535705879	0	738	C	A
N0_Mouse	0.344662772257	0	377	G	A
N0_Mouse	0.347037766596	0	528	A	G
N0_Mouse	0.350026269891	0	1065	G	T
N0_Mouse	0.350479527049	0	1335	G	C
N0_Mouse	0.350682234652	0	34	C	A
N0_Mouse	0.351142084077	0	562	A	G
N0_Mouse	0.351468793198	0	1232	T	C
N0_Mouse	0.351645562593	0	208	T	G
N0_Mouse	0.352488020926	0	308	A	G
N0_Mouse	0.354144729628	0	327	C	A
N0_Mouse	0.355502842825	0	812	A	T
N0_Mouse	0.356370714593	0	77	T	C
N0_Mouse	0.356817373366	0	57	T	A
N0_Mouse	0.357236803052	0	857	T	C
N0_Mouse	0.358192888895	0	649	A	T
N0_Mouse	0.358456947939	0	1251	A	T
N0_Mouse	0.35921961648	0	1115	C	T
N0_Mouse	0.360152296031	0	11	C	T
N0_Mouse	0.360548820144	0	258	G	C
N0_Mouse	0.361268591681	0	765	C	T
N0_Mouse	0.362255761473	0	178	T	G
N0_Mouse	0.365064857886	0	1066	C	T
N0_Mouse	0.365388498816	0	383	A	G
N0_Mouse	0.365888058585	0	972	T	G
N0_Mouse	0.366022059998	0	1001	C	A
N0_Mouse	0.366321231173	0	234	G	A
N0_Mouse	0.367494998846	0	1168	G	C
N0_Mouse	0.368298096274	0	556	T	G
N0_Mouse	0.371355998744	0	829	G	C
N0_Mouse	0.372245761206	0	250	C	G
N0_Mouse	0.372539269006	0	988	G	A
N0_Mouse	0.372813571136	0	609	C	T
N0_Mouse	0.372869320708	0	1175	C	A
N0_Mouse	0.37433105793	0	1294	A	G
N0_Mouse	0.37699500166	0	866	C	T
N0_Mouse	0.377225715361	0	926	C	A
N0_Mouse	0.377542502209	0	845	C	T
N0_Mouse	0.37835425793	0	952	G	A
N0_Mouse	0.382653883967	0	1037	T	A
N0_Mouse	0.382747194966	0	653	A	T
N0_Mouse	0.383562110872	0	511	C	T
N0_Mouse	0.383727093224	0	376	T	A
N0_Mouse	0.38456346196	0	649	T	C
N0_Mouse	0.384785170143	0	1340	A	G
N0_Mouse	0.387328045424	0	882	T	G
N0_Mouse	0.388564885142	0	1326	A	C
N0_Mouse	0.389469868714	0	380	G	A
N0_Mouse	0.390014318731	0	1088	A	T
N0_Mouse	0.391018866407	0	1352	C	T
N0_Mouse	0.391567278915	0	70	G	A
N0_Mouse	0.391682312327	0	535	T	C
N0_Mouse	0.391846394326	0	472	T	C
N0_Mouse	0.392212846439	0	934	A	G
N0_Mouse	0.393919478282	0	353	C	T
N0_Mouse	0.394511797934	0	1283	G	A
N0_Mouse	0.395705425115	0	1146	C	A
N0_Mouse	0.396609175689	0	358	C	T
N0_Mouse	0.398164862243	0	645	A	C
N0_Mouse	0.398655293411	0	121	G	A
N0_Mouse	0.399800887894	0	1267	C	G
N0_Mouse	0.400146658411	0	1235	T	C
N0_Mouse	0.400933374215	0	420	G	C
N0_Mouse	0.401174783361	0	1362	T	C
N0_Mouse	0.404291764127	0	147	A	G
N0_Mouse	0.404328207536	0	1290	A	G
N0_Mouse	0.404579444501	0	818	T	C
N0_Mouse	0.404754060065	0	533	A	C
N0_Mouse	0.405153876029	0	71	A	C
N0_Mouse	0.405615255688	0	816	T	A
N0_Mouse	0.407075249046	0	1154	A	G
N0_Mouse	0.40799447227	0	957	G	T
N0_Mouse	0.408690078823	0	673	A	G
N0_Mouse	0.408784683303	0	636	G	T
N0_Mouse	0.409286349214	0	317	T	G
N0_Mouse	0.411612098898	0	510	A	T
N0_Mouse	0.411716863361	0	904	A	G
N0_Mouse	0.41459303818	0	784	T	A
N0_Mouse	0.415238577033	0	934	G	A
N0_Mouse	0.415527595381	0	378	T	C
N0_Mouse	0.416145107791	0	718	G	A
N0_Mouse	0.417110656641	0	1257	G	A
N0_Mouse	0.418809751459	0	818	C	A
N0_Mouse	0.419716220795	0	287	T	C
N0_Mouse	0.419809845859	0	469	G	C
N0_Mouse	0.420367082264	0	789	C	T
N0_Mouse	0.420524560542	0	389	C	T
N0_Mouse	0.42137187056	0	800	C	A
N0_Mouse	0.422465072045	0	855	T	C
N0_Mouse	0.423340552901	0	1267	G	T
N0_Mouse	0.423462178473	0	123	A	G
N0_Mouse	0.427193020208	0	1016	T	C
N0_Mouse	0.427759584218	0	1067	T	C
N0_Mouse	0.428547942697	0	99	T	A
N0_Mouse	0.428623142123	0	426	A	T
N0_Mouse	0.42904531628	0	1093	T	C
N0_Mouse	0.430381921362	0	443	C	T
N0_Mouse	0.431046727496	0	1103	A	T
N0_Mouse	0.431329259855	0	600	T	C
N0_Mouse	0.431401664364	0	637	G	A
N0_Mouse	0.432310742927	0	214	T	C
N0_Mouse	0.432604081393	0	448	G	A
N0_Mouse	0.433853456331	0	594	A	G
N0_Mouse	0.437058211859	0	133	T	G
N0_Mouse	0.437426838088	0	912	G	T
N0_Mouse	0.437735698874	0	523	G	T
N0_Mouse	0.439500584568	0	1058	A	C
N0_Mouse	0.44024401427	0	284	T	C
N0_Mouse	0.440500413802	0	829	C	T
N0_Mouse	0.440743817071	0	511	T	A
N0_Mouse	0.44131781457	0	1056	G	T
N0_Mouse	0.442001176469	0	481	G	A
N0_Mouse	0.443187243737	0	61	T	C
N0_Mouse	0.445852469663	0	418	A	T
N0_Mouse	0.445985366037	0	1111	A	T
N0_Mouse	0.446432217933	0	1052	C	T
N0_Mouse	0.447623998322	0	1109	C	A
