edge	time	orlg_from	orlg_to	tract_length	start_pos	stop_pos	num_diff	template_seq	overide_seq
D1_N1	1.50422019999e-05	2	1	4	214	217	0	TGAT	TGAT
D1_N1	4.4317004961e-05	2	1	4	262	265	0	CTAT	CTAT
D1_N1	0.000187122005913	2	1	2	148	149	0	AA	AA
D1_N1	0.00084589982077	1	2	2	421	422	0	AA	AA
D1_N1	0.00102939315702	2	1	8	21	28	0	AGAGCCTT	AGAGCCTT
D1_N1	0.00226464545054	2	1	2	520	521	0	GT	GT
D1_N1	0.0026336529632	1	2	1	251	251	0	C	C
D1_N1	0.00295662830726	1	2	1	66	66	0	G	G
D1_N1	0.0029962360031	1	2	7	13	19	2	CCTCCTG	CTTCTTG
D1_N1	0.00366638027129	1	2	11	17	27	0	CTGCAGAGCCT	CTGCAGAGCCT
D1_N1	0.00408772652833	2	1	1	158	158	0	A	A
D1_N1	0.00423896318909	1	2	5	420	424	0	CAAAG	CAAAG
D1_N1	0.00426821011801	2	1	3	154	156	0	ATC	ATC
D1_N1	0.00429885440164	2	1	1	450	450	0	A	A
D1_N1	0.00448484917988	1	2	1	550	550	0	C	C
D1_N1	0.00501875227389	1	2	1	361	361	0	T	T
D1_N1	0.00506439859693	1	2	6	444	449	0	AGTTTC	AGTTTC
D1_N1	0.00579699281888	1	2	2	664	665	0	TG	TG
D1_N1	0.00586402573794	2	1	2	182	183	0	TA	TA
D1_N1	0.00616225260849	2	1	3	338	340	0	ACC	ACC
D1_N1	0.0062009572648	1	2	1	555	555	0	G	G
N1_castellii	0.000256799882942	1	2	2	239	240	0	CA	CA
N1_castellii	0.00071987962265	1	2	4	682	684	0	CAT	CAT
N1_castellii	0.000883666390157	1	2	10	385	394	0	CATATAAGTT	CATATAAGTT
N1_castellii	0.00112615287898	1	2	3	615	617	0	ATC	ATC
N1_castellii	0.00265192103196	2	1	2	517	518	0	TA	TA
N1_castellii	0.00337112523411	1	2	1	79	79	0	A	A
N1_castellii	0.00380046107964	1	2	17	592	608	0	ATCGACTGCAGTTGATC	ATCGACTGCAGTTGATC
N1_castellii	0.00381247733195	2	1	2	442	443	0	GT	GT
N1_castellii	0.00399710434832	1	2	4	535	538	0	ACGG	ACGG
N1_castellii	0.00402414554565	2	1	1	445	445	0	G	G
N1_castellii	0.00419860332263	1	2	1	445	445	0	G	G
N1_castellii	0.00422181936685	1	2	1	582	582	0	A	A
N1_castellii	0.00427685303887	2	1	3	422	424	0	AAG	AAG
N1_castellii	0.00433361969765	1	2	11	599	609	1	GCAATTGATCC	GCAGTTGATCC
N1_castellii	0.00584555170302	2	1	5	303	307	1	GCAAC	GCATC
N1_castellii	0.00591818887154	2	1	2	463	464	1	AC	AT
N1_castellii	0.00625991555292	2	1	7	668	674	1	CTTAATC	CTTAATT
N1_castellii	0.00684952718905	2	1	6	453	458	0	ATCGGG	ATCGGG
N1_castellii	0.00708117848483	2	1	3	659	661	1	TTT	CTT
N1_castellii	0.00836453196074	1	2	2	500	501	1	TC	AC
N1_castellii	0.00900561518451	2	1	2	683	684	0	AT	AT
N1_castellii	0.0092397584025	2	1	4	293	296	0	TTAA	TTAA
N1_castellii	0.010239372063	1	2	7	67	73	1	CCTCTCC	CTTCTCC
N1_castellii	0.0102892040389	1	2	5	293	297	0	TTAAG	TTAAG
N1_castellii	0.0106772404652	2	1	3	191	193	0	CCG	CCG
N1_N2	0.0010621764176	2	1	3	290	292	0	TCT	TCT
N1_N2	0.0010679841964	2	1	2	448	449	0	TC	TC
N1_N2	0.00115514768515	1	2	7	317	323	0	TTTGTCG	TTTGTCG
N1_N2	0.00128175751375	2	1	3	270	272	0	CGA	CGA
N1_N2	0.00139876097289	2	1	1	0	0	0	A	A
N1_N2	0.00282850483343	1	2	6	319	324	0	TGTCGG	TGTCGG
N1_N2	0.00290150407736	1	2	2	472	473	0	AT	AT
N1_N2	0.00317331706474	1	2	2	446	447	0	TT	TT
N1_N2	0.00377853728958	2	1	3	613	615	0	TAA	TAA
N1_N2	0.00391064093306	2	1	4	8	11	1	ATTG	ATTA
N1_N2	0.00421668818542	1	2	2	462	463	0	CA	CA
N1_N2	0.00428995549732	2	1	3	269	271	0	ACG	ACG
N1_N2	0.00461409952011	1	2	4	204	207	0	CAAT	CAAT
N1_N2	0.00562042158019	2	1	2	272	273	0	AA	AA
N1_N2	0.00620832394091	2	1	1	317	317	0	T	T
N1_N2	0.0065407687074	1	2	2	392	393	0	GT	GT
N1_N2	0.00704447184486	2	1	5	470	474	0	AGATA	AGATA
N1_N2	0.00773160260084	1	2	3	672	674	1	ATT	ATC
N1_N2	0.00781739065504	2	1	3	649	651	0	TGA	TGA
N1_N2	0.00784545708559	2	1	7	230	236	1	AAATAAA	AAACAAA
N1_N2	0.00795620767637	1	2	11	253	263	0	TAAGGAGAGCT	TAAGGAGAGCT
N1_N2	0.0082007559367	2	1	11	658	668	1	CCTTTCTGTGC	CTTTTCTGTGC
N1_N2	0.00823165938463	1	2	16	395	410	0	AAAACTATAATTCGTG	AAAACTATAATTCGTG
N1_N2	0.00843272063012	1	2	6	197	202	0	TCTAGA	TCTAGA
N1_N2	0.00886428682926	2	1	5	93	97	0	TGCGC	TGCGC
N1_N2	0.00899862753499	2	1	5	351	355	0	TAAGG	TAAGG
N1_N2	0.00938668898082	1	2	3	0	2	0	AGT	AGT
N1_N2	0.00953768062415	1	2	5	464	468	0	CGTAT	CGTAT
N1_N2	0.00982150668756	2	1	1	473	473	0	T	T
N1_N2	0.0100332129151	1	2	5	89	93	0	TCATT	TCATT
N1_N2	0.0103011640683	1	2	1	678	678	0	A	A
N1_N2	0.011000069919	1	2	5	642	646	0	GTATA	GTATA
N1_N2	0.0113893922097	2	1	1	453	453	0	A	A
N1_N2	0.0115700286527	1	2	1	279	279	0	C	C
N1_N2	0.0116395449397	2	1	8	238	245	2	CCAGAGAA	CCAGTGAG
N1_N2	0.0117727049947	2	1	5	9	13	0	TTGAC	TTGAC
N1_N2	0.0117951725518	2	1	6	681	684	1	ACCT	ACAT
N1_N2	0.0120172693931	2	1	5	74	78	1	ACGTG	GCGTG
N1_N2	0.0125382463275	1	2	3	638	640	1	GTT	ATT
N1_N2	0.012893940295	2	1	11	232	242	0	ATAAACCCAGA	ATAAACCCAGA
N1_N2	0.0136867586298	2	1	18	456	473	1	GGGCGTTACGTATCAGAT	GGGCGTCACGTATCAGAT
N2_bayanus	0.00140404156908	2	1	3	599	601	0	GCA	GCA
N2_bayanus	0.0015521056162	1	2	6	624	629	0	GTCATC	GTCATC
N2_bayanus	0.00163499645795	1	2	3	213	215	1	TTG	TTA
N2_bayanus	0.00181123280017	2	1	1	323	323	0	G	G
N2_bayanus	0.00274056115342	2	1	2	277	278	0	GT	GT
N2_bayanus	0.0029955735652	2	1	3	422	424	0	AAG	AAG
N2_bayanus	0.00366129017321	2	1	8	613	620	0	TAATCGCT	TAATCGCT
N2_bayanus	0.00394383062786	1	2	1	0	0	0	A	A
N2_bayanus	0.0041433954324	2	1	1	76	76	0	G	G
N2_bayanus	0.00456548592884	1	2	2	580	581	0	CT	CT
N2_bayanus	0.00468548819735	2	1	1	440	440	0	T	T
N2_bayanus	0.00569431934203	2	1	8	126	133	0	GTAAGTTC	GTAAGTTC
N2_bayanus	0.00571069103163	2	1	2	595	596	0	GA	GA
N2_bayanus	0.00584564540369	2	1	4	581	584	0	TACG	TACG
N2_bayanus	0.00584634792533	2	1	7	279	285	2	CCTTGCC	CCCTGTC
N2_bayanus	0.00604083802103	2	1	9	551	559	1	TCAGGACGC	TCAGGACGT
N2_bayanus	0.00607290541585	2	1	14	234	247	0	AAACCCAGAGAATG	AAACCCAGAGAATG
N2_bayanus	0.0073313503731	2	1	4	287	290	0	ATAT	ATAT
N2_bayanus	0.00755336879226	1	2	2	344	345	1	TC	GC
N2_bayanus	0.00787743546707	2	1	4	352	355	0	AAGG	AAGG
N2_bayanus	0.00801979798165	1	2	3	338	340	1	ACC	GCC
N2_bayanus	0.0080869673156	2	1	4	74	77	0	ACGT	ACGT
N2_N3	3.09883747809e-05	2	1	1	676	676	0	T	T
N2_N3	0.000309134285832	1	2	1	250	250	0	T	T
N2_N3	0.000479022738916	2	1	8	381	388	1	GCAACATA	GCAACGTA
N2_N3	0.000560998386743	2	1	4	427	430	0	TATC	TATC
N2_N3	0.000915939800042	1	2	6	516	521	2	CTCAGT	CTAAAT
N2_N3	0.00103338531821	1	2	7	285	291	0	CAATATC	CAATATC
N2_N3	0.00143394198245	2	1	5	29	33	0	GTGCA	GTGCA
N2_N3	0.0014697901933	2	1	5	127	131	0	TAAGT	TAAGT
N2_N3	0.00192040279358	1	2	8	532	539	0	GGCACGGT	GGCACGGT
N3_kudriavzevii	0.000935592821321	2	1	9	669	677	2	TTGATTGTG	TTAATTGTA
N3_kudriavzevii	0.00113259829531	2	1	1	506	506	0	T	T
N3_kudriavzevii	0.00209285945416	2	1	8	298	305	2	CGGACGCA	CGGACACG
N3_kudriavzevii	0.00280742521914	1	2	13	189	201	1	TCCCGGAATCTAG	TCCCGAAATCTAG
N3_kudriavzevii	0.0031413911102	1	2	4	653	656	0	AATT	AATT
N3_kudriavzevii	0.00317929785503	2	1	1	642	642	0	G	G
N3_kudriavzevii	0.00346752637157	1	2	1	195	195	0	A	A
N3_kudriavzevii	0.00366154325071	2	1	2	598	599	0	TG	TG
N3_kudriavzevii	0.00444086463992	2	1	2	430	431	1	CC	CT
N3_kudriavzevii	0.00444334996052	2	1	5	61	65	2	TCCTG	CCCTA
N3_kudriavzevii	0.00468026300976	2	1	10	114	123	1	AGTCCGACAA	AGTCCGACGA
N3_kudriavzevii	0.00517865148241	2	1	4	21	24	0	AGAG	AGAG
N3_kudriavzevii	0.00577265533182	1	2	5	194	198	1	GAATC	GAACC
N3_kudriavzevii	0.00587377171443	1	2	7	314	320	0	AGCTTTG	AGCTTTG
N3_kudriavzevii	0.00591668477383	2	1	1	587	587	1	T	G
N3_kudriavzevii	0.00641811025487	1	2	1	655	655	0	T	T
N3_kudriavzevii	0.00648307063477	2	1	7	37	43	2	TGACAAC	TAACAGC
N3_N4	0.000327180848079	2	1	2	208	209	0	CA	CA
N3_N4	0.00138991417144	1	2	1	671	671	1	A	G
N3_N4	0.00173443941437	1	2	1	226	226	0	A	A
N3_N4	0.00184015563096	2	1	9	267	275	0	TAGCGAAAA	TAGCGAAAA
N4_mikatae	0.000614565607708	1	2	1	289	289	0	A	A
N4_mikatae	0.000701919946898	1	2	3	458	460	1	GCG	ACG
N4_mikatae	0.000710535175339	1	2	1	673	673	0	T	T
N4_mikatae	0.001037986519	2	1	2	321	322	0	TC	TC
N4_mikatae	0.00115344660817	1	2	2	106	107	0	GG	GG
N4_mikatae	0.00301889272381	1	2	1	271	271	0	G	G
N4_mikatae	0.00332700717417	1	2	5	53	57	1	CCTGC	CCTTC
N4_mikatae	0.00364244816784	1	2	8	530	537	0	TCGGCACG	TCGGCACG
N4_mikatae	0.00365587846631	2	1	3	148	150	0	AAA	AAA
N4_mikatae	0.00365673639255	1	2	2	517	518	0	TC	TC
N4_mikatae	0.00402867700208	1	2	2	416	417	0	TC	TC
N4_mikatae	0.00402952283347	2	1	6	15	20	2	TCCTGT	TCATGC
N4_mikatae	0.00420957015863	2	1	3	643	645	0	TAT	TAT
N4_mikatae	0.00478496369036	1	2	2	188	189	0	TT	TT
N4_mikatae	0.00480495720714	2	1	10	665	674	0	GTGTTTAATT	GTGTTTAATT
N4_mikatae	0.00489878939254	2	1	7	240	246	0	AGAGAAT	AGAGAAT
N4_mikatae	0.00490937674945	1	2	3	554	556	0	GGA	GGA
N4_mikatae	0.00506637551178	1	2	5	572	576	1	GGTTC	AGTTC
N4_mikatae	0.00550663181177	1	2	4	486	489	0	TATC	TATC
N4_mikatae	0.0056913787984	1	2	2	495	496	0	GT	GT
N4_mikatae	0.0058544682903	2	1	1	497	497	0	C	C
N4_mikatae	0.00699106260001	1	2	6	271	276	0	GAAAAA	GAAAAA
N4_mikatae	0.00720288501308	1	2	7	515	521	2	CCTCAGT	GCTCAGC
N4_mikatae	0.00740577450126	1	2	1	9	9	0	T	T
N4_mikatae	0.00743380381914	1	2	4	286	289	0	AATA	AATA
N4_mikatae	0.00814653626045	2	1	3	131	133	0	TTC	TTC
N4_mikatae	0.00856439064527	1	2	9	282	290	1	TGTCAATAT	TGCCAATAT
N4_mikatae	0.00882955312538	2	1	6	48	53	0	TAACAC	TAACAC
N4_mikatae	0.0088344813966	1	2	1	181	181	0	T	T
N4_mikatae	0.00888916063375	1	2	3	589	591	0	TAT	TAT
N4_mikatae	0.00892108448761	2	1	4	481	484	0	AACC	AACC
N4_mikatae	0.00903808355992	1	2	14	43	56	1	CTGTCTAACACCTG	CTGTTTAACACCTG
N4_N5	3.92872975483e-05	1	2	6	548	553	0	TCCTCA	TCCTCA
N4_N5	0.000313180967499	2	1	4	419	422	0	TCAA	TCAA
N5_paradoxus	0.00119906107623	2	1	1	490	490	0	C	C
N5_paradoxus	0.00151934210781	1	2	5	281	285	1	CTGTC	CTGCC
N5_paradoxus	0.00230435947376	2	1	6	633	638	1	ACTCAG	ACCCAG
N5_paradoxus	0.00239260064591	1	2	1	593	593	1	A	T
N5_paradoxus	0.00256617737719	2	1	1	543	543	0	T	T
N5_paradoxus	0.0028911671348	2	1	3	347	349	1	ATC	ATT
N5_paradoxus	0.00318434275284	1	2	5	420	424	0	CAAAG	CAAAG
N5_cerevisiae	0.000243691252032	2	1	6	615	620	0	ATCGCT	ATCGCT
N5_cerevisiae	0.00094170562064	2	1	3	108	110	0	TGC	TGC
N5_cerevisiae	0.000943467076886	2	1	1	330	330	0	T	T
N5_cerevisiae	0.00119660434404	2	1	8	504	511	0	AGTTATCT	AGTTATCT
N5_cerevisiae	0.00250136046341	1	2	10	237	246	0	CCCAGAGAAT	CCCAGAGAAT
N5_cerevisiae	0.00317521395862	1	2	2	159	160	0	GA	GA
N5_cerevisiae	0.00388644703314	1	2	2	139	140	0	GC	GC
N5_cerevisiae	0.00393383420503	1	2	2	301	302	0	AC	AC
N5_cerevisiae	0.00414757690174	1	2	3	467	469	0	ATC	ATC
