edge	time	mut_orlg	mut_pos	old_state	new_state
N0_kluyveri	0.00188427893112	0	89	A	G
N0_kluyveri	0.00254079806397	0	11	C	T
N0_kluyveri	0.00257054906365	0	212	G	A
N0_kluyveri	0.00310245386823	0	408	A	G
N0_kluyveri	0.00322679491421	0	116	T	C
N0_kluyveri	0.00358902036076	0	5	T	C
N0_kluyveri	0.00426699910614	0	79	T	C
N0_kluyveri	0.00480401536363	0	125	G	A
N0_kluyveri	0.00496176602568	0	207	G	A
N0_kluyveri	0.00553560692491	0	131	C	T
N0_kluyveri	0.00654131771019	0	113	C	T
N0_kluyveri	0.00685280681674	0	8	C	T
N0_kluyveri	0.00758524779762	0	491	C	G
N0_kluyveri	0.00782975131121	0	122	A	C
N0_kluyveri	0.00784871538157	0	332	C	T
N0_kluyveri	0.00830859612081	0	353	T	C
N0_kluyveri	0.0101004961868	0	56	G	A
N0_kluyveri	0.0103165021234	0	371	C	T
N0_kluyveri	0.0103526049547	0	395	C	T
N0_kluyveri	0.011168201422	0	392	T	C
N0_kluyveri	0.0119139721049	0	152	T	G
N0_kluyveri	0.0124219596543	0	35	C	T
N0_kluyveri	0.0134096145192	0	194	C	T
N0_D1	0.000973726860308	0	149	T	C
N0_D1	0.00147518640297	0	194	C	T
N0_D1	0.00149778040264	0	5	T	C
D1_N1	4.94705740271e-05	1	251	G	A
D1_N1	0.000200793703832	2	83	G	A
D1_N1	0.00048096416041	1	272	T	C
D1_N1	0.000509591919361	2	326	T	C
D1_N1	0.00064303700174	1	110	T	C
D1_N1	0.000822127709767	1	317	G	A
D1_N1	0.000845434377641	2	158	A	G
D1_N1	0.00123618682937	1	17	C	T
D1_N1	0.00128939370376	1	296	A	C
D1_N1	0.00144060251958	2	254	C	T
D1_N1	0.00186123901475	1	26	T	A
D1_N1	0.00194596183433	2	356	C	T
D1_N1	0.00195295465014	2	374	T	C
D1_N1	0.0020678455281	1	344	T	C
D1_N1	0.0024244202218	1	362	A	G
D1_N1	0.00260570067615	2	374	T	C
D1_N1	0.00287683628283	1	362	G	A
D1_N1	0.00300531785988	1	179	A	T
D1_N1	0.00305201756234	1	245	C	T
D1_N1	0.00315885542302	2	320	C	T
D1_N1	0.00315971472101	1	2	G	A
D1_N1	0.00339424831149	2	59	T	C
N1_castellii	0.000446527127622	1	386	A	G
N1_castellii	0.000512378014527	2	209	T	C
N1_castellii	0.000556845749788	2	476	C	T
N1_castellii	0.00088870134895	2	464	T	C
N1_castellii	0.00098465087169	1	41	T	C
N1_castellii	0.00123462871266	2	221	G	A
N1_castellii	0.00178807520767	1	305	A	G
N1_castellii	0.00234148905482	2	74	A	T
N1_castellii	0.00269507632314	2	341	T	C
N1_castellii	0.00270132100384	2	230	C	T
N1_castellii	0.00296949401045	2	491	C	T
N1_castellii	0.00318648803107	1	335	T	G
N1_castellii	0.00347506183142	2	128	T	C
N1_castellii	0.00350480465597	1	122	A	C
N1_castellii	0.00369667912329	2	461	T	C
N1_castellii	0.00559526429765	1	86	T	C
N1_castellii	0.00566515548245	1	146	A	G
N1_castellii	0.00643629538106	1	392	T	C
N1_castellii	0.00645836315198	2	320	C	T
N1_castellii	0.00713409622187	2	227	A	G
N1_castellii	0.0072438816588	2	428	A	G
N1_castellii	0.00731392577799	2	317	A	G
N1_castellii	0.00760913920624	2	239	T	C
N1_castellii	0.00764395931933	2	481	C	T
N1_castellii	0.00854791344841	2	164	T	C
N1_castellii	0.00861024302862	2	98	A	G
N1_castellii	0.00871437668661	1	377	C	T
N1_castellii	0.00880782306404	2	389	C	T
N1_castellii	0.00939219042574	1	134	C	T
N1_castellii	0.00944556513973	1	140	C	T
N1_castellii	0.0101678900948	1	469	C	T
N1_castellii	0.0102378901042	2	371	C	T
N1_castellii	0.0106678761698	2	317	G	A
N1_castellii	0.0111087969588	2	281	G	C
N1_castellii	0.0113312444372	2	263	T	G
N1_castellii	0.0115463035066	2	332	C	T
N1_castellii	0.0119177902517	1	251	A	T
N1_castellii	0.0121611801142	2	119	A	G
N1_N2	0.000366943965027	1	452	G	A
N1_N2	0.000500371900415	2	377	C	T
N1_N2	0.000717632127765	2	236	G	A
N1_N2	0.00157123238036	2	53	C	T
N1_N2	0.00166590047008	1	197	G	A
N1_N2	0.00197047125508	2	488	C	T
N1_N2	0.00254762229767	1	53	C	T
N1_N2	0.00259162766204	1	443	G	A
N1_N2	0.00259585309534	2	201	C	T
N1_N2	0.00280267445129	2	185	A	G
N1_N2	0.00280534260934	1	236	G	C
N1_N2	0.00288654854937	2	461	T	C
N1_N2	0.00326284366961	1	225	T	C
N1_N2	0.00351598961997	1	146	A	G
N1_N2	0.00353775022647	2	98	A	G
N1_N2	0.00360661458244	2	116	T	C
N1_N2	0.00382211330687	2	35	C	T
N1_N2	0.00423543421519	1	98	A	G
N1_N2	0.00456418596501	2	434	T	C
N1_N2	0.00500830607275	2	113	C	T
N1_N2	0.00506236930473	1	9	G	A
N1_N2	0.0051616944164	2	44	A	G
N1_N2	0.00529490721738	1	144	G	A
N1_N2	0.00530594858832	1	360	A	G
N1_N2	0.00556884197287	2	71	G	A
N1_N2	0.00601419339929	2	293	A	G
N1_N2	0.00648239479129	1	446	C	T
N1_N2	0.00685219124562	1	221	G	A
N1_N2	0.00686425446505	1	320	C	T
N1_N2	0.00686603927039	1	392	T	C
N1_N2	0.00730341794331	1	350	G	A
N1_N2	0.00735163208821	2	287	A	G
N1_N2	0.00756108541572	2	302	A	G
N1_N2	0.0075778743023	1	347	C	T
N1_N2	0.00760822696727	2	254	T	C
N1_N2	0.00820336220948	2	119	A	T
N1_N2	0.00855123668229	1	455	T	C
N1_N2	0.00857827348374	1	473	A	G
N1_N2	0.00864258081462	1	245	T	C
N1_N2	0.00941081586337	2	320	T	C
N1_N2	0.00968725648832	2	272	T	C
N1_N2	0.00969436911019	1	407	T	C
N1_N2	0.0101409732901	2	116	C	T
N1_N2	0.0105055999269	1	389	C	T
N1_N2	0.0106100691023	1	74	A	G
N1_N2	0.0107866607768	1	425	T	C
N1_N2	0.0107985498305	1	17	T	C
N1_N2	0.0109022030535	2	119	T	C
N1_N2	0.0112575029473	2	236	A	G
N1_N2	0.0113544828713	1	473	G	T
N1_N2	0.0114179044547	1	35	C	T
N1_N2	0.0114358064416	2	347	C	T
N1_N2	0.0120471770248	1	398	C	T
N1_N2	0.012420943242	1	186	A	G
N1_N2	0.012683828802	1	320	T	C
N1_N2	0.0131547721153	2	206	G	A
N1_N2	0.0133455388878	1	470	T	C
N1_N2	0.0134195890644	1	227	A	C
N1_N2	0.0138159904815	1	101	T	C
N1_N2	0.0141741276873	2	200	A	G
N1_N2	0.0142346106344	1	21	C	T
N1_N2	0.0144122712568	1	173	T	C
N1_N2	0.0148012534933	1	470	C	T
N1_N2	0.0151568749099	1	416	C	T
N1_N2	0.0152504184904	2	482	C	T
N1_N2	0.0153070306576	2	113	T	C
N1_N2	0.0154736695172	2	185	A	C
N2_bayanus	0.00010581803059	2	59	C	T
N2_bayanus	0.000255426228149	2	422	C	T
N2_bayanus	0.000474499165757	2	326	T	C
N2_bayanus	0.000899066935764	1	467	A	G
N2_bayanus	0.00155959806384	1	132	G	A
N2_bayanus	0.00192025201694	2	386	A	G
N2_bayanus	0.00211051007814	2	110	T	C
N2_bayanus	0.00231263262013	1	362	A	C
N2_N3	0.000178817600184	2	374	C	T
N2_N3	0.000279367601795	2	27	C	T
N2_N3	0.000418745101661	1	84	T	C
N2_N3	0.00042665765713	1	35	T	C
N2_N3	0.000804060530304	2	275	C	T
N2_N3	0.00140450286263	2	341	T	C
N3_kudriavzevii	8.05961709864e-05	1	245	C	T
N3_kudriavzevii	0.000877102575047	1	347	T	C
N3_kudriavzevii	0.000908814302069	2	272	C	T
N3_kudriavzevii	0.000937355181461	1	435	C	A
N3_kudriavzevii	0.00105660295119	1	68	T	C
N3_kudriavzevii	0.00109709482495	1	191	T	A
N3_kudriavzevii	0.0014529394842	1	68	C	T
N3_kudriavzevii	0.00149516844973	2	20	T	C
N3_kudriavzevii	0.00163431111333	2	149	C	T
N3_kudriavzevii	0.003058823166	1	467	A	T
N3_kudriavzevii	0.00334721746853	1	305	A	G
N3_kudriavzevii	0.00375748696804	1	233	A	G
N3_kudriavzevii	0.00385924255286	2	476	C	T
N3_kudriavzevii	0.00416760933652	2	233	A	G
N3_kudriavzevii	0.00432662044459	2	185	A	G
N3_kudriavzevii	0.0047587126213	2	272	T	C
N3_kudriavzevii	0.00515833915801	1	371	C	A
N3_kudriavzevii	0.00533235222069	1	62	T	C
N3_kudriavzevii	0.0058296361071	2	140	C	T
N3_kudriavzevii	0.00592240584736	1	282	G	A
N3_kudriavzevii	0.00597206681978	1	191	A	G
N3_N4	0.00169730290571	2	299	C	G
N3_N4	0.00170940231488	2	59	C	T
N3_N4	0.00208961442468	1	68	T	C
N3_N4	0.00213907202444	2	452	A	T
N3_N4	0.00227110768203	1	23	A	C
N3_N4	0.00231695618281	1	457	T	C
N3_N4	0.00234121173591	2	305	A	G
N4_mikatae	0.000638748644328	1	291	C	T
N4_mikatae	0.000747913145026	1	461	T	C
N4_mikatae	0.00174930906184	1	329	T	C
N4_mikatae	0.00206878716102	2	191	T	C
N4_mikatae	0.00215647575536	2	455	C	T
N4_mikatae	0.0026158045601	1	273	T	C
N4_mikatae	0.00274922756044	2	131	C	T
N4_mikatae	0.00300159523456	1	374	T	C
N4_mikatae	0.00337143478377	1	308	T	C
N4_mikatae	0.00337350775607	1	236	C	T
N4_mikatae	0.00337947882671	2	2	A	G
N4_mikatae	0.00350205672759	1	83	G	A
N4_mikatae	0.00354187954636	1	161	C	T
N4_mikatae	0.00360079174777	1	416	T	C
N4_mikatae	0.00376054818384	1	47	T	C
N4_mikatae	0.00383769543835	2	71	G	A
N4_mikatae	0.0039030091051	2	203	C	T
N4_N5	0.000246823636235	2	158	G	A
N4_N5	0.000320330052852	2	170	A	G
N4_N5	0.000563231348486	2	437	C	T
N4_N5	0.000605507058212	1	248	T	C
N4_N5	0.00061648511201	1	455	C	A
N4_N5	0.000852040224835	1	284	T	C
N4_N5	0.00118077660201	2	473	T	C
N4_N5	0.00124108648711	1	77	G	A
N5_paradoxus	0.0002301306517	2	278	G	T
N5_paradoxus	0.000251219303496	2	172	C	T
N5_paradoxus	0.000506480330179	2	470	T	C
N5_paradoxus	0.00051999637767	1	362	A	G
N5_paradoxus	0.000707756910222	1	170	A	G
N5_paradoxus	0.000872466048351	1	392	C	T
N5_paradoxus	0.000997178509212	1	257	C	T
N5_paradoxus	0.00101089603453	1	395	C	T
N5_paradoxus	0.00121992352492	2	123	G	A
N5_paradoxus	0.00125126999512	1	491	C	T
N5_paradoxus	0.00137420382974	1	290	T	C
N5_cerevisiae	2.54750619658e-05	1	20	T	C
N5_cerevisiae	0.000342841872732	2	362	A	G
N5_cerevisiae	0.00074118240365	2	134	C	T
N5_cerevisiae	0.00104491072168	1	365	T	C
N5_cerevisiae	0.00107517596195	1	66	C	T
N5_cerevisiae	0.00117147081563	2	134	T	C
N5_cerevisiae	0.00118491798184	2	398	T	C
N5_cerevisiae	0.00153372527882	2	17	C	T
N5_cerevisiae	0.00154879329825	2	362	G	A
N5_cerevisiae	0.00205888842962	2	36	G	A
N5_cerevisiae	0.00223466916728	1	209	T	G
N5_cerevisiae	0.00245542350943	1	98	G	A
N5_cerevisiae	0.00252301690084	1	185	A	G
N5_cerevisiae	0.00270055871218	1	53	T	C
N5_cerevisiae	0.00273675795676	2	416	C	T
N5_cerevisiae	0.00292076808814	1	2	A	G
N5_cerevisiae	0.00296763708176	1	50	C	T
N5_cerevisiae	0.00301427360319	1	491	C	T
