edge	time	orlg_from	orlg_to	tract_length	start_pos	stop_pos	num_diff	template_seq	overide_seq
N1_castellii	0.00252699627822	2	1	1	143	143	0	T	T
N1_castellii	0.00303201742571	2	1	1	28	28	0	G	G
N1_castellii	0.00495379434566	1	2	1	217	217	0	T	T
N1_N2	0.000477696240748	2	1	1	303	303	0	T	T
N1_N2	0.00965209662737	2	1	1	31	31	0	A	A
N2_bayanus	0.00478191475604	1	2	1	282	282	0	G	G
N2_bayanus	0.00885066486006	2	1	1	234	234	0	A	A
N2_N3	0.000591001414365	2	1	1	88	88	0	C	C
N2_N3	0.00803172621423	2	1	1	195	195	0	C	C
N3_kudriavzevii	0.00384539512157	1	2	1	279	279	0	A	A
N3_kudriavzevii	0.00673170375361	2	1	1	231	231	0	G	G
N3_kudriavzevii	0.00901653896179	1	2	1	80	80	0	C	C
N3_N4	0.001540151015	1	2	1	6	6	0	A	A
N4_mikatae	0.00207480256623	1	2	1	241	241	0	G	G
N4_N5	0.00203687771833	1	2	1	43	43	0	C	C
N4_N5	0.0086990339026	2	1	1	40	40	0	C	C
N5_paradoxus	0.0073539443478	2	1	1	138	138	0	C	C
N5_paradoxus	0.00827858837884	2	1	1	215	215	1	G	A
N5_cerevisiae	0.000419081044832	1	2	1	116	116	0	A	A
N5_cerevisiae	0.00207157567136	1	2	1	156	156	0	C	C
N5_cerevisiae	0.00606086969396	1	2	1	178	178	0	C	C
N5_cerevisiae	0.00843499041186	2	1	1	97	97	0	T	T
