edge	time	orlg_from	orlg_to	tract_length	start_pos	stop_pos	num_diff	template_seq	overide_seq
D1_N1	0.000125383946947	2	1	1	639	639	0	C	C
D1_N1	0.002308769321	1	2	1	341	341	0	T	T
D1_N1	0.00305421676327	1	2	1	310	310	0	C	C
D1_N1	0.00570776987352	2	1	1	383	383	0	A	A
D1_N1	0.00862249836852	2	1	1	713	713	0	T	T
N1_castellii	0.00458530356973	1	2	1	91	91	0	T	T
N1_castellii	0.00554570939134	2	1	1	516	516	0	A	A
N1_castellii	0.00642744738029	2	1	1	626	626	0	T	T
N1_castellii	0.00796075755262	1	2	1	201	201	0	G	G
N1_N2	0.00301383951578	2	1	1	797	797	0	G	G
N1_N2	0.00333777402616	1	2	1	411	411	0	G	G
N1_N2	0.00370213124825	1	2	1	500	500	0	T	T
N1_N2	0.00624453069518	2	1	1	413	413	1	T	A
N1_N2	0.00736414300233	2	1	1	911	911	0	A	A
N1_N2	0.00934147099352	2	1	1	481	481	0	C	C
N1_N2	0.00940860882426	2	1	1	716	716	1	C	T
N2_bayanus	0.00689039854682	1	2	1	646	646	0	G	G
N2_bayanus	0.00749514935933	1	2	1	276	276	0	T	T
N2_bayanus	0.00970739078681	1	2	1	761	761	0	G	G
N2_N3	0.00393382746927	2	1	1	477	477	0	C	C
N2_N3	0.00407875520614	2	1	1	379	379	0	A	A
N2_N3	0.00718685963294	2	1	1	9	9	0	A	A
N2_N3	0.0082421392338	2	1	1	387	387	0	A	A
N3_kudriavzevii	0.000658318947598	1	2	1	167	167	0	T	T
N3_kudriavzevii	0.000813003947206	1	2	1	586	586	0	C	C
N3_kudriavzevii	0.00115999046461	2	1	1	314	314	0	A	A
N3_kudriavzevii	0.00348864600703	1	2	1	897	897	0	C	C
N3_kudriavzevii	0.00517927221763	2	1	1	839	839	0	T	T
N3_kudriavzevii	0.00564032017445	1	2	1	49	49	1	G	A
N3_kudriavzevii	0.00746988641254	2	1	1	191	191	0	G	G
N3_kudriavzevii	0.00762247074902	1	2	1	176	176	0	A	A
N3_N4	0.000917038214631	2	1	1	712	712	0	T	T
N3_N4	0.00180308281947	1	2	1	879	879	0	C	C
N3_N4	0.00698509017207	1	2	1	187	187	0	T	T
N3_N4	0.00738956721398	2	1	1	280	280	0	T	T
N3_N4	0.00766883488977	1	2	1	839	839	1	T	C
N4_mikatae	0.00124669395798	1	2	1	559	559	0	G	G
N4_mikatae	0.00576622412291	1	2	1	357	357	0	T	T
N4_mikatae	0.00980462496232	2	1	1	541	541	0	T	T
N4_N5	0.00336017999453	1	2	1	389	389	0	C	C
N4_N5	0.00503897409918	2	1	1	459	459	0	T	T
N4_N5	0.00778606440153	1	2	1	325	325	0	T	T
N5_paradoxus	0.00116890297431	2	1	1	0	0	0	A	A
N5_paradoxus	0.00259071421631	2	1	1	349	349	0	T	T
N5_paradoxus	0.00269164495477	1	2	1	222	222	0	G	G
N5_paradoxus	0.00483560258386	1	2	1	474	474	0	A	A
N5_paradoxus	0.00592453071045	2	1	1	450	450	0	T	T
N5_paradoxus	0.00612886300024	1	2	1	80	80	0	T	T
N5_paradoxus	0.00664875838637	1	2	1	110	110	0	C	C
N5_paradoxus	0.00782201329513	1	2	1	525	525	0	G	G
N5_cerevisiae	0.00222347036581	2	1	1	77	77	0	A	A
N5_cerevisiae	0.0027968760005	2	1	1	495	495	0	C	C
N5_cerevisiae	0.00371671347996	2	1	1	49	49	1	A	G
N5_cerevisiae	0.00575004609054	1	2	1	296	296	0	G	G
N5_cerevisiae	0.00598289555779	1	2	1	593	593	0	G	G
N5_cerevisiae	0.00644891810183	1	2	1	852	852	0	A	A
N5_cerevisiae	0.00646830294517	2	1	1	689	689	0	T	T
N5_cerevisiae	0.0082492742766	1	2	1	514	514	0	C	C
N5_cerevisiae	0.00904213194457	1	2	1	623	623	1	T	C
N5_cerevisiae	0.00966710558378	1	2	1	139	139	0	G	G
