edge	time	mut_orlg	mut_pos	old_state	new_state
N0_D1	0.000255508458367	0	1395	C	G
N0_D1	0.00122522647477	0	839	T	G
N0_D1	0.00130177783821	0	347	C	A
N0_D1	0.00191180300283	0	72	T	A
N0_D1	0.00240403918686	0	1180	C	A
N0_D1	0.00279985790137	0	435	G	A
N0_D1	0.00322101769227	0	1357	G	T
N0_D1	0.00342332504183	0	200	G	A
N0_D1	0.00344001145192	0	838	C	T
N0_D1	0.003604688446	0	1287	A	C
N0_D1	0.00448951223875	0	697	A	T
N0_D1	0.00459644497541	0	966	C	G
N0_D1	0.0048062242439	0	1505	G	A
N0_D1	0.00497155760487	0	1333	C	T
N0_D1	0.00502436320404	0	1345	C	T
N0_D1	0.00539600296249	0	785	G	A
N0_D1	0.00557226078878	0	158	C	G
N0_D1	0.0060654037325	0	1452	G	A
N0_D1	0.00870923893822	0	400	T	C
N0_D1	0.00915615544075	0	1477	C	A
N0_D1	0.0102190491943	0	242	T	G
N0_D1	0.0103933976484	0	510	A	G
N0_D1	0.0108777133176	0	1004	C	T
N0_D1	0.0116496148808	0	916	C	T
N0_D1	0.0120202233221	0	1112	T	C
N0_D1	0.013226509521	0	1523	G	A
N0_D1	0.0138378295935	0	587	A	G
N0_D1	0.0138525286545	0	742	G	A
N0_D1	0.0149523522122	0	1495	T	G
N0_D1	0.0151169069619	0	526	A	G
N0_D1	0.0154530275212	0	237	A	T
N0_D1	0.0154763598784	0	795	C	T
N0_D1	0.0173630249127	0	752	C	G
N0_D1	0.017374308012	0	930	T	A
N0_D1	0.0173956100142	0	1003	G	A
N0_D1	0.0182582395006	0	1012	T	G
N0_D1	0.018365295466	0	1576	G	C
N0_D1	0.0191674265184	0	1271	C	T
N0_D1	0.0196234210503	0	187	T	C
N0_D1	0.0196834083355	0	775	T	A
N0_D1	0.0213538509517	0	881	T	A
N0_D1	0.023969480471	0	1283	A	G
N0_D1	0.0242848524846	0	139	G	T
N0_D1	0.0245374720797	0	1135	G	T
N0_D1	0.0253610377946	0	285	C	T
N0_D1	0.025474246197	0	1536	T	A
N0_D1	0.0255456337083	0	1302	A	T
N0_D1	0.0258738921036	0	714	G	C
N0_D1	0.0272247093254	0	954	T	A
N0_D1	0.027441886395	0	925	G	A
N0_D1	0.02994307956	0	717	G	A
N0_D1	0.0302647347486	0	640	C	T
N0_D1	0.0319482241451	0	592	G	C
N0_D1	0.0324621676598	0	386	A	T
N0_D1	0.0338776829506	0	1462	C	A
N0_D1	0.0339553815634	0	1121	T	C
N0_D1	0.0341515365092	0	116	C	G
N0_D1	0.0342886583581	0	1107	T	A
N0_D1	0.0345621375314	0	427	A	C
N0_D1	0.0354851535891	0	1428	C	T
N0_D1	0.0373376291936	0	1350	A	G
N0_D1	0.0410686108146	0	1211	G	T
N0_D1	0.0424911586786	0	626	C	T
N0_D1	0.0427031902752	0	1415	T	C
N0_D1	0.0427355824041	0	1568	T	A
N0_D1	0.0435434867752	0	1041	A	T
N0_D1	0.0437393824346	0	1105	G	C
N0_D1	0.0439989321703	0	565	T	G
N0_D1	0.0457817762745	0	852	C	A
N0_D1	0.0463504285362	0	1530	G	T
N0_D1	0.0465139072997	0	889	C	T
N0_D1	0.0480027835674	0	361	A	G
D1_N1	0.000264051359372	1	1486	A	G
D1_N1	0.000385416161878	1	111	A	T
D1_N1	0.00106619928225	1	597	T	A
D1_N1	0.00113583041171	2	970	A	G
D1_N1	0.00141902627365	1	1233	C	T
D1_N1	0.00147120298848	1	1063	G	A
D1_N1	0.00166077978382	1	1512	C	A
D1_N1	0.00172820703374	1	690	A	G
D1_N1	0.00184410941095	2	700	T	G
D1_N1	0.00213409648985	1	1207	G	A
D1_N1	0.00221570234281	2	208	A	G
D1_N1	0.00270661153546	2	413	G	T
D1_N1	0.00283304894852	1	1310	C	A
D1_N1	0.00317725845078	2	1111	T	C
D1_N1	0.00320990867701	1	1022	G	A
D1_N1	0.00325627631023	2	1469	A	T
D1_N1	0.00329390419901	1	876	C	A
D1_N1	0.00336024625469	1	900	C	T
D1_N1	0.00364189336581	2	257	G	A
D1_N1	0.00367684868445	2	24	T	G
D1_N1	0.00423927770263	2	1237	G	C
D1_N1	0.00452673816981	1	840	A	G
D1_N1	0.00475230347218	1	99	A	G
D1_N1	0.00504735228043	2	374	C	A
D1_N1	0.00604669232049	2	209	G	T
D1_N1	0.00630686963238	1	154	G	C
D1_N1	0.00650911771632	2	1200	T	C
D1_N1	0.00674154550136	1	459	C	A
D1_N1	0.00683382120685	1	870	A	G
D1_N1	0.0075004438793	1	242	G	T
D1_N1	0.00764376602817	2	635	C	T
D1_N1	0.00767377912328	2	448	A	G
D1_N1	0.00772490917004	1	859	A	G
D1_N1	0.00786902362685	1	773	T	C
D1_N1	0.00939612095553	2	15	T	G
D1_N1	0.00983261977075	1	633	A	G
D1_N1	0.00995981011104	2	338	A	G
D1_N1	0.0103147743186	1	1294	G	A
D1_N1	0.0105545981829	1	154	C	G
D1_N1	0.0106559792191	1	691	G	A
D1_N1	0.0109825397118	1	174	C	T
D1_N1	0.010985751215	1	1075	C	A
D1_N1	0.0110257573455	2	479	C	G
D1_N1	0.011377038756	1	611	T	G
D1_N1	0.0115062103835	1	1149	T	C
D1_N1	0.0119356301109	2	1183	C	A
D1_N1	0.0129556806661	1	929	T	G
D1_N1	0.0133288638925	2	485	G	C
D1_N1	0.0133581356049	2	962	A	T
D1_N1	0.0135605990937	1	731	A	T
D1_N1	0.0136607455811	1	25	C	T
D1_N1	0.0136625087721	2	520	G	C
D1_N1	0.0136735270796	1	458	A	G
D1_N1	0.014302801771	2	560	A	G
D1_N1	0.0153487523375	1	424	T	G
D1_N1	0.0153750159374	2	1004	T	A
D1_N1	0.0153953974404	2	1432	A	T
D1_N1	0.0174563295477	2	1350	G	T
D1_N1	0.0175943658657	1	1113	T	A
D1_N1	0.0176471227088	2	532	G	A
D1_N1	0.0177168720545	2	876	C	T
D1_N1	0.0180795567151	2	1444	T	A
D1_N1	0.0183986764886	2	703	A	G
D1_N1	0.0184084760618	1	790	T	G
D1_N1	0.0196517069693	2	519	C	T
D1_N1	0.0201612282328	2	763	T	C
D1_N1	0.0206163542557	2	756	A	C
D1_N1	0.0214796196401	1	1502	G	A
D1_N1	0.021928463564	2	718	T	G
D1_N1	0.02231278116	1	117	C	T
D1_N1	0.0223478205665	2	449	A	G
D1_N1	0.0225623298391	2	557	A	G
D1_N1	0.0227826960303	2	232	G	T
D1_N1	0.0231395146004	1	175	C	G
D1_N1	0.0231798119244	1	1537	T	C
D1_N1	0.0235995066604	2	266	T	A
D1_N1	0.0241688843682	1	489	C	A
D1_N1	0.0242170547749	2	1576	C	T
D1_N1	0.0242929789439	1	428	A	G
D1_N1	0.0244062733649	1	991	T	G
D1_N1	0.0245204143487	2	1351	A	G
D1_N1	0.024853345259	2	625	A	T
D1_N1	0.0252613135456	2	173	C	G
D1_N1	0.0252820892668	2	869	G	C
D1_N1	0.0253315783717	2	37	G	C
D1_N1	0.0257711571069	1	169	A	T
D1_N1	0.0266365204003	2	866	C	G
D1_N1	0.0269553000924	2	1529	C	T
D1_N1	0.0274045300747	2	1483	G	A
D1_N1	0.028047709553	2	923	T	C
D1_N1	0.0280772150932	2	668	A	G
D1_N1	0.0291700860786	2	1005	G	A
D1_N1	0.0294852195913	1	412	A	T
D1_N1	0.0298403396125	2	595	G	A
D1_N1	0.0304822585008	2	657	T	G
D1_N1	0.0305320318824	1	847	G	C
D1_N1	0.0307171778307	2	752	G	A
D1_N1	0.0312908201912	2	986	T	C
D1_N1	0.0318218187338	1	1488	A	T
D1_N1	0.0329696573778	1	1130	A	G
D1_N1	0.0335661300964	2	1388	C	T
D1_N1	0.0338972016562	2	1464	G	C
D1_N1	0.0340253051333	2	536	T	A
D1_N1	0.0349064944552	1	1158	G	C
D1_N1	0.0357797289687	1	1308	T	A
D1_N1	0.036837213876	2	1577	A	C
D1_N1	0.0374241012385	1	1146	A	C
D1_N1	0.0374689439251	2	552	G	A
D1_N1	0.0376340791806	1	78	G	C
D1_N1	0.0378171711725	2	1036	A	T
D1_N1	0.0378775387964	1	1036	A	G
D1_N1	0.038248472277	1	570	G	C
D1_N1	0.0386365298982	1	34	T	C
D1_N1	0.0387644526815	2	1457	G	C
D1_N1	0.0388823925864	1	942	T	G
D1_N1	0.0389127369234	2	1171	T	C
D1_N1	0.0390435261656	2	994	T	A
D1_N1	0.0391158814601	1	1015	A	C
D1_N1	0.039181541234	1	474	G	A
D1_N1	0.0393745959498	2	1372	T	C
D1_N1	0.0407155610942	1	46	A	G
D1_N1	0.0410668823714	1	594	A	G
D1_N1	0.0410738985899	1	426	A	G
D1_N1	0.0413399116611	2	342	A	G
D1_N1	0.0414316733079	1	1564	A	T
D1_N1	0.0414389251012	2	1277	C	T
D1_N1	0.041508762138	2	501	T	C
D1_N1	0.0416944171396	2	659	G	C
D1_N1	0.0418285997534	2	1473	T	G
D1_N1	0.0428400999189	1	1328	G	A
D1_N1	0.0432464496074	2	730	G	A
D1_N1	0.0440144548616	1	859	G	C
D1_N1	0.0447516969942	1	1054	G	A
D1_N1	0.0450680054339	2	173	G	A
D1_N1	0.0455908591584	1	530	A	C
D1_N1	0.0457478173756	2	566	T	A
D1_N1	0.0464191746994	1	1221	G	C
D1_N1	0.0466581458032	1	1375	C	A
D1_N1	0.0466830390012	1	1301	C	T
D1_N1	0.0468008116305	1	1473	T	A
D1_N1	0.0470551574562	1	989	A	G
D1_N1	0.047193550715	2	978	C	T
D1_N1	0.0475679380695	1	805	A	T
D1_N1	0.0476139719709	1	1233	T	C
D1_N1	0.0489541742298	2	1437	G	T
D1_N1	0.0491308811519	2	1288	T	A
D1_N1	0.0492230851595	1	422	T	A
D1_N1	0.0499833815758	2	1574	C	T
D1_N1	0.0505509559814	1	1403	G	T
D1_N1	0.0505811366558	1	50	A	G
D1_N1	0.0506593581894	1	1180	A	T
D1_N1	0.050832832305	1	1450	T	C
D1_N1	0.0510097568403	1	946	A	G
D1_N1	0.0512483242414	1	986	T	C
D1_N1	0.0518852309653	2	1194	C	A
D1_N1	0.0524732789706	2	629	G	A
D1_N1	0.052743554809	1	983	G	T
D1_N1	0.0532485299426	2	541	T	C
D1_N1	0.053719336332	1	1228	A	G
D1_N1	0.0537439831247	2	579	G	A
D1_N1	0.0542036701994	2	438	G	C
D1_N1	0.0543939977524	1	1237	G	C
D1_N1	0.0545267556567	2	1170	A	G
D1_N1	0.0545314752697	2	265	G	C
D1_N1	0.0549189707582	1	169	T	C
D1_N1	0.0553142733263	1	204	A	T
D1_N1	0.0553145493853	2	65	G	A
D1_N1	0.0555307018531	2	1415	C	T
D1_N1	0.0561617843549	1	1343	G	A
D1_N1	0.0562515704827	1	611	G	A
D1_N1	0.056498123047	2	806	C	G
D1_N1	0.0566495383108	2	96	A	T
D1_N1	0.0566909581098	2	1397	T	A
D1_N1	0.0569989397836	2	1514	C	A
D1_N1	0.0572642855941	2	655	T	C
D1_N1	0.057667258549	2	1416	A	G
D1_N1	0.0583344786937	2	689	G	A
D1_N1	0.0584263002166	1	1011	A	C
D1_N1	0.0584453383845	1	1553	G	T
D1_N1	0.0589951841291	2	847	G	A
D1_N1	0.0601343175945	2	1232	A	G
D1_N1	0.0602012610786	1	139	T	A
D1_N1	0.0603337795973	2	1179	G	T
D1_N1	0.0606204191637	2	231	A	G
D1_N1	0.0608901508819	2	839	G	A
D1_N1	0.0612734386287	1	33	G	A
D1_N1	0.0614772859608	1	523	T	A
D1_N1	0.0616102435797	2	961	T	A
D1_N1	0.0616393042173	2	388	C	T
D1_N1	0.061662476767	2	3	T	C
D1_N1	0.0618117507053	1	1206	T	C
D1_N1	0.0620319036298	2	387	T	C
D1_N1	0.0627036779053	1	919	T	G
D1_N1	0.0629799619421	2	489	C	T
D1_N1	0.0633045064062	2	259	C	T
D1_N1	0.0634520885199	1	251	G	A
D1_N1	0.0634554925091	1	423	G	A
D1_N1	0.0637338026233	2	1156	T	G
D1_N1	0.0640386543646	2	237	T	A
D1_N1	0.0642066491887	1	209	G	A
D1_N1	0.0643112041673	2	84	T	G
D1_N1	0.0643295789815	1	788	G	C
D1_N1	0.0645852499265	1	599	A	C
D1_N1	0.0646537110284	1	124	G	A
D1_N1	0.0653928634794	1	580	C	T
D1_N1	0.0655093537706	1	813	A	G
D1_N1	0.0657188361246	1	716	T	C
D1_N1	0.0659205375236	2	827	T	G
D1_N1	0.066008718991	1	866	C	T
D1_N1	0.0661893206641	2	920	G	C
D1_N1	0.0661902201539	1	922	C	T
D1_N1	0.0663327333	1	302	C	T
D1_N1	0.066609977972	2	1005	A	G
D1_N1	0.0677395210145	1	1551	T	A
D1_N1	0.0678246750388	2	546	T	G
D1_N1	0.0687366050926	1	1323	G	C
D1_N1	0.0689254681321	1	328	G	T
D1_N1	0.0689797797567	2	294	G	C
D1_N1	0.0700271431212	2	615	A	G
D1_N1	0.0704903487222	1	896	C	G
D1_N1	0.0710681903255	2	968	G	A
D1_N1	0.0712717361135	1	526	G	T
D1_N1	0.0714202076474	2	612	C	T
D1_N1	0.0717857979901	2	62	T	A
D1_N1	0.0723611964059	1	1468	T	C
D1_N1	0.0723631501335	1	1409	T	C
D1_N1	0.072451465488	1	1284	A	C
D1_N1	0.0729814806166	2	1256	C	T
D1_N1	0.0731576575584	1	844	T	C
D1_N1	0.0733140981435	2	852	A	G
D1_N1	0.0733443480538	2	486	A	T
D1_N1	0.0741744044063	1	531	C	G
D1_N1	0.0742715974573	2	1259	A	G
D1_N1	0.0743264714479	1	839	G	A
D1_N1	0.0747020858144	1	462	T	A
D1_N1	0.075508272636	2	1	A	G
D1_N1	0.0761222688754	2	511	G	A
D1_N1	0.0762940312465	1	756	A	T
D1_N1	0.0766822707298	2	499	G	C
D1_N1	0.0767871097607	1	1400	C	T
D1_N1	0.0778659431059	1	188	A	G
D1_N1	0.0780588726155	1	1201	A	G
D1_N1	0.078073063086	1	1134	C	T
D1_N1	0.0782977298295	1	185	C	G
D1_N1	0.078937877132	2	1426	T	A
D1_N1	0.0791431040401	1	178	T	A
D1_N1	0.0805717246971	2	206	T	G
D1_N1	0.0807051107325	2	302	C	G
D1_N1	0.0812756441395	1	1497	T	C
D1_N1	0.081582695511	1	747	C	T
D1_N1	0.0815933460532	1	1206	C	A
D1_N1	0.0820580119816	2	183	T	A
D1_N1	0.0824625709925	2	1479	T	G
D1_N1	0.0825147212461	2	343	T	A
D1_N1	0.0825787060717	2	1388	T	A
D1_N1	0.0830489730683	1	421	G	A
D1_N1	0.0832719866298	2	678	T	A
D1_N1	0.0840424287774	2	382	G	A
D1_N1	0.0844861073996	2	986	C	A
D1_N1	0.0854201488177	2	916	T	G
D1_N1	0.0858435692079	2	923	C	A
D1_N1	0.0867465626474	1	749	T	C
D1_N1	0.0870685950374	1	1054	A	G
D1_N1	0.0884865854064	2	1009	G	C
D1_N1	0.0886436117659	1	3	T	A
D1_N1	0.0894037373896	1	465	A	T
D1_N1	0.0896676427584	1	563	T	C
D1_N1	0.0899102027258	1	1042	A	G
D1_N1	0.089991808217	2	971	T	G
D1_N1	0.0899995043811	2	1255	A	T
D1_N1	0.0904294293525	1	355	A	G
D1_N1	0.090621253743	1	1088	T	C
D1_N1	0.0907133812481	2	347	A	T
D1_N1	0.0912446957101	1	416	G	C
D1_N1	0.0916233365023	2	1511	G	A
D1_N1	0.0916761909634	1	809	T	A
D1_N1	0.0919722068816	2	665	C	A
D1_N1	0.092538326618	1	872	G	A
D1_N1	0.0934446280358	1	558	G	C
D1_N1	0.0940789455182	1	1276	G	A
D1_N1	0.0940941131118	1	1388	C	T
D1_N1	0.0941599702535	2	1527	G	A
D1_N1	0.094600688582	2	1550	G	A
D1_N1	0.0949228778525	2	560	G	A
D1_N1	0.0966348415642	1	966	G	T
D1_N1	0.0967316489779	1	771	T	C
D1_N1	0.0967738229452	1	313	T	C
D1_N1	0.0970000466933	1	605	C	T
D1_N1	0.0970926073525	2	507	T	C
D1_N1	0.097657907888	2	564	G	T
D1_N1	0.0976633752484	1	1251	A	T
D1_N1	0.0976782869993	2	1372	C	A
D1_N1	0.0978651157607	1	448	A	G
D1_N1	0.0984662710514	1	650	G	C
D1_N1	0.0987769090125	2	638	G	T
D1_N1	0.0988279666009	1	683	G	A
D1_N1	0.0989229731899	1	257	G	C
D1_N1	0.0992220918755	2	1134	C	A
D1_N1	0.0997738390126	2	1403	G	C
D1_N1	0.100009511534	2	588	A	T
D1_N1	0.100225477858	1	844	C	T
D1_N1	0.100617665959	2	496	T	C
D1_N1	0.100835025102	2	500	T	G
D1_N1	0.100845565054	1	80	T	G
D1_N1	0.101113948274	1	517	A	G
D1_N1	0.101600525234	1	55	A	G
D1_N1	0.101630550149	1	1477	A	G
D1_N1	0.102455695627	2	1209	C	T
D1_N1	0.102471563483	2	1369	A	T
D1_N1	0.102584930582	2	908	T	G
D1_N1	0.102661560901	2	1200	C	T
D1_N1	0.103417280491	1	1441	G	A
D1_N1	0.103542396209	2	630	A	C
D1_N1	0.104541171898	2	1345	T	A
D1_N1	0.104712645901	1	1438	T	G
D1_N1	0.104829547399	2	1518	T	A
D1_N1	0.105095353832	1	1178	T	C
D1_N1	0.105127301594	2	1528	A	C
D1_N1	0.105176787108	2	1017	C	G
D1_N1	0.105791186639	2	1182	C	T
D1_N1	0.106139897522	1	428	G	A
D1_N1	0.106210222763	2	1425	A	G
D1_N1	0.106416712846	2	291	A	G
D1_N1	0.106482556248	2	1040	T	C
D1_N1	0.1065096319	1	26	A	T
D1_N1	0.106635441993	1	1518	T	C
D1_N1	0.106636877287	2	1502	G	A
D1_N1	0.107054971741	2	479	G	C
D1_N1	0.107950082315	2	1272	A	T
D1_N1	0.108010090226	2	1198	G	A
D1_N1	0.108086502478	1	1481	T	A
D1_N1	0.108233935292	2	1343	G	C
D1_N1	0.108255209853	2	1546	T	C
D1_N1	0.108622421176	2	235	C	T
D1_N1	0.108761347851	1	949	A	T
D1_N1	0.109137093068	1	1074	G	A
D1_N1	0.109209986472	1	1360	T	C
D1_N1	0.109254987947	1	44	G	C
D1_N1	0.109541364697	2	1345	A	G
D1_N1	0.109591883781	1	842	A	T
D1_N1	0.10989047108	2	1092	G	A
D1_N1	0.109900699926	1	1246	A	G
D1_N1	0.110184208643	2	1511	A	G
D1_N1	0.11102996744	2	799	T	C
D1_N1	0.111142215661	1	1305	C	T
D1_N1	0.112044679474	2	1159	C	A
D1_N1	0.112424885356	1	166	C	A
D1_N1	0.112615594328	1	593	A	T
D1_N1	0.113086553133	1	631	C	A
D1_N1	0.113123922231	2	860	A	T
D1_N1	0.113179982603	2	879	T	A
D1_N1	0.114008201294	2	113	A	T
D1_N1	0.114810297256	2	854	A	C
D1_N1	0.11481639731	2	745	T	C
D1_N1	0.115130208294	2	1360	T	C
D1_N1	0.115486866528	2	337	A	G
D1_N1	0.115584872064	2	1027	T	C
D1_N1	0.116779349667	1	135	C	T
D1_N1	0.117043034544	2	1263	A	C
D1_N1	0.117228818348	1	752	G	A
D1_N1	0.117382801129	1	1203	C	T
D1_N1	0.117650100783	1	1010	G	A
D1_N1	0.117677955858	1	1492	A	G
D1_N1	0.117897602414	2	359	G	A
D1_N1	0.118490905249	2	1137	T	C
D1_N1	0.119112587411	1	1411	A	G
D1_N1	0.119754512804	1	682	T	C
D1_N1	0.120056461547	1	975	T	G
D1_N1	0.120086655089	2	841	G	T
D1_N1	0.120326198059	2	312	T	C
D1_N1	0.120659414544	2	515	T	C
D1_N1	0.120898940716	1	1305	T	C
D1_N1	0.121067762379	2	1266	T	A
D1_N1	0.121165572171	1	912	C	T
D1_N1	0.121189771738	1	1120	T	A
D1_N1	0.121705380661	1	155	G	C
D1_N1	0.121760285814	1	309	G	T
D1_N1	0.121876479788	2	194	A	G
D1_N1	0.122492202595	2	1482	A	C
D1_N1	0.122576136969	2	151	C	T
D1_N1	0.122974610384	1	282	T	C
D1_N1	0.123167344876	2	563	T	C
D1_N1	0.123193361994	1	966	T	A
D1_N1	0.123493305976	2	278	A	G
D1_N1	0.123573383204	1	403	C	A
D1_N1	0.123872748445	1	505	G	T
D1_N1	0.12397856657	2	531	C	G
D1_N1	0.124251263714	1	690	G	A
D1_N1	0.12451852256	1	472	C	T
D1_N1	0.124594139732	2	211	A	C
D1_N1	0.124639037339	1	1271	T	C
D1_N1	0.126011720001	1	719	A	G
D1_N1	0.126120544616	1	1193	C	T
D1_N1	0.126806432595	1	124	A	G
D1_N1	0.127677939731	1	537	T	A
D1_N1	0.129109919331	2	1559	G	A
D1_N1	0.129230688435	1	728	A	T
D1_N1	0.130372526412	1	711	G	A
D1_N1	0.130475963593	2	295	T	G
D1_N1	0.130499394654	2	73	A	T
D1_N1	0.130751822743	1	1376	A	T
D1_N1	0.130857753653	2	273	C	A
D1_N1	0.131240779646	2	224	A	T
D1_N1	0.131288019758	1	1201	G	A
D1_N1	0.13139452481	1	796	T	A
D1_N1	0.132153639678	2	46	A	G
D1_N1	0.132226309674	1	629	G	C
D1_N1	0.132228814543	1	475	C	A
D1_N1	0.132296024408	1	582	T	C
D1_N1	0.132302354777	2	169	A	T
D1_N1	0.133743375966	1	468	C	T
D1_N1	0.134443550195	1	1090	T	A
D1_N1	0.134473551531	2	422	T	A
D1_N1	0.134550989908	1	1179	G	T
D1_N1	0.134750322419	1	935	C	T
D1_N1	0.135007748319	2	1426	A	T
D1_N1	0.135038703837	1	771	C	T
D1_N1	0.135046151422	2	404	G	A
D1_N1	0.1359251311	1	294	G	A
D1_N1	0.136017840999	1	993	T	C
D1_N1	0.136106665718	1	516	A	C
D1_N1	0.136193321239	1	580	T	C
D1_N1	0.136229294312	2	1417	T	C
D1_N1	0.136481179849	1	1320	T	C
D1_N1	0.136583601938	1	1578	T	C
D1_N1	0.136645776585	2	1560	T	A
D1_N1	0.136661912024	2	682	T	A
D1_N1	0.136729355485	2	53	A	G
D1_N1	0.136945941735	1	96	A	T
D1_N1	0.137037027402	2	87	A	G
D1_N1	0.138154167484	2	1532	G	T
D1_N1	0.138233780947	1	818	T	A
D1_N1	0.138428453134	1	808	C	G
D1_N1	0.138469223647	1	919	G	C
D1_N1	0.138875520156	1	1555	T	G
D1_N1	0.1392259348	2	843	T	A
D1_N1	0.139707638455	1	1429	C	T
D1_N1	0.140734000337	1	188	G	A
D1_N1	0.14075463281	1	863	T	G
D1_N1	0.141736808005	1	714	C	A
D1_N1	0.141800832127	2	1351	G	A
D1_N1	0.141955157697	1	1067	A	T
D1_N1	0.142017181715	2	328	G	C
D1_N1	0.142156768	2	1049	C	T
D1_N1	0.142261184321	1	1016	A	T
D1_N1	0.142278519139	1	191	C	A
D1_N1	0.142365312794	1	764	C	T
D1_N1	0.142952863567	2	1466	T	C
D1_N1	0.143113105923	1	2	T	G
D1_N1	0.143198957967	2	546	G	C
D1_N1	0.143694075308	2	1556	G	A
D1_N1	0.144034431717	1	544	T	C
D1_N1	0.1442256705	1	925	A	C
D1_N1	0.144461927483	1	746	C	T
D1_N1	0.144621789815	2	520	C	T
D1_N1	0.145379316334	1	806	C	T
D1_N1	0.145389852476	2	334	T	C
D1_N1	0.14606127382	1	1321	A	G
D1_N1	0.147023126485	1	396	T	A
D1_N1	0.147635960586	2	350	C	T
D1_N1	0.147668541683	1	78	C	T
D1_N1	0.14819425155	2	210	A	T
D1_N1	0.148394206148	2	555	A	G
D1_N1	0.148479901021	1	1028	A	T
D1_N1	0.148711398208	1	1239	T	C
D1_N1	0.148864508054	2	1383	A	G
D1_N1	0.148888566768	1	870	G	C
D1_N1	0.149261529522	1	888	G	A
D1_N1	0.149708428057	1	955	G	A
D1_N1	0.15024359136	1	206	G	A
D1_N1	0.151045782265	1	1540	C	G
D1_N1	0.151145409082	2	1475	G	A
D1_N1	0.152886686386	1	909	A	T
D1_N1	0.153972433948	2	1500	A	G
D1_N1	0.155496420187	1	304	A	T
D1_N1	0.155601052764	1	61	C	G
D1_N1	0.156141087003	2	956	T	C
D1_N1	0.156352812819	2	399	C	T
D1_N1	0.156640081062	1	1352	A	T
D1_N1	0.156789241704	1	627	A	G
D1_N1	0.156905640516	2	1349	A	G
D1_N1	0.156927445062	1	1184	C	A
D1_N1	0.157227313077	1	1070	T	A
D1_N1	0.157330798044	1	1407	T	G
D1_N1	0.157658310994	1	1486	G	T
D1_N1	0.157988066354	2	422	A	T
D1_N1	0.158176694376	2	351	T	A
D1_N1	0.158204020263	1	543	C	T
D1_N1	0.158263520895	1	97	G	C
D1_N1	0.158464147001	1	1354	A	T
D1_N1	0.158588123574	1	272	G	T
D1_N1	0.158635922127	1	372	A	T
D1_N1	0.158787425953	1	776	T	C
D1_N1	0.159009904772	1	1119	G	T
D1_N1	0.159020040095	2	511	A	G
D1_N1	0.159042572859	2	964	C	T
D1_N1	0.15999725051	2	32	T	G
D1_N1	0.160101136396	1	935	T	G
D1_N1	0.160335705802	2	234	A	G
D1_N1	0.160505691981	2	465	A	G
D1_N1	0.162285522574	2	249	A	T
D1_N1	0.162511551501	2	993	T	A
D1_N1	0.162711363229	2	1271	T	C
D1_N1	0.162856365308	2	1216	G	A
D1_N1	0.163190150487	1	122	A	G
D1_N1	0.163383774762	1	1451	T	C
D1_N1	0.163506908389	2	1026	A	G
D1_N1	0.163516564174	1	841	G	A
D1_N1	0.163872739713	1	153	C	T
D1_N1	0.164386166276	1	924	T	C
D1_N1	0.165512800078	1	203	A	G
D1_N1	0.16578008699	2	375	T	C
D1_N1	0.16613189878	2	1256	T	C
D1_N1	0.166470636494	2	57	A	G
D1_N1	0.166745502887	1	1392	A	T
D1_N1	0.166961263148	2	630	C	T
D1_N1	0.167048524686	1	965	A	G
D1_N1	0.167260697394	1	665	A	G
D1_N1	0.167498040354	1	1465	C	A
D1_N1	0.167499415949	2	711	G	A
D1_N1	0.167512705063	2	1204	T	G
D1_N1	0.167690966318	2	773	T	A
D1_N1	0.167737525213	1	700	T	A
D1_N1	0.168200734188	1	1490	C	A
D1_N1	0.169059887207	1	233	T	A
D1_N1	0.169130880838	2	1010	G	C
D1_N1	0.169376280279	2	608	A	T
D1_N1	0.169504302018	1	930	A	G
D1_N1	0.170874005467	2	704	C	T
D1_N1	0.171227695851	2	1460	T	C
D1_N1	0.171775630425	1	1018	T	A
D1_N1	0.171889697232	1	1231	G	A
D1_N1	0.172443353157	1	1574	C	G
D1_N1	0.172919771871	2	852	G	C
D1_N1	0.17314636312	2	939	C	T
D1_N1	0.173711905508	1	1399	G	A
D1_N1	0.173820715417	2	1563	A	G
D1_N1	0.17403880393	2	648	G	A
D1_N1	0.174064034137	1	734	C	T
D1_N1	0.174593387725	2	1263	C	A
D1_N1	0.175009878225	2	208	G	C
D1_N1	0.175377680511	1	981	T	A
D1_N1	0.17539300038	1	1172	T	C
D1_N1	0.176126534589	1	1115	C	T
D1_N1	0.176195179954	1	879	T	C
D1_N1	0.176322026877	2	1436	G	C
D1_N1	0.176696696825	2	542	A	C
D1_N1	0.176854480315	1	878	C	T
D1_N1	0.177610405169	1	969	T	G
D1_N1	0.177747793195	2	1339	A	C
D1_N1	0.178207239144	1	34	C	G
D1_N1	0.179221856414	2	57	G	A
D1_N1	0.17926171117	2	1100	G	A
D1_N1	0.17929163684	2	465	G	T
D1_N1	0.179346631995	2	1010	C	T
D1_N1	0.179424098671	2	559	C	A
D1_N1	0.179816739823	2	561	C	T
D1_N1	0.180102310973	1	30	G	T
D1_N1	0.180999141398	2	301	A	G
D1_N1	0.181655580864	2	1051	C	T
D1_N1	0.181780832325	1	518	C	T
D1_N1	0.181791058365	2	1128	G	A
D1_N1	0.181859124774	1	794	T	A
D1_N1	0.182104437721	1	1182	C	A
D1_N1	0.182251388542	2	771	T	A
D1_N1	0.182321682269	2	378	G	A
D1_N1	0.183107156919	1	146	G	T
D1_N1	0.183272621987	2	395	G	C
D1_N1	0.183680621673	1	802	A	T
D1_N1	0.184227726521	2	1533	C	T
D1_N1	0.184276475185	2	809	T	A
D1_N1	0.185270001355	1	1100	G	A
D1_N1	0.185295080805	1	287	T	A
D1_N1	0.185449245136	1	1328	A	G
D1_N1	0.18582017846	2	445	G	A
D1_N1	0.185853640796	1	1053	C	G
D1_N1	0.186160202166	2	586	G	A
D1_N1	0.186319965531	1	1089	A	G
D1_N1	0.186620892501	1	764	T	A
D1_N1	0.186728220067	1	997	G	C
D1_N1	0.187108951841	1	304	T	A
D1_N1	0.187252276364	1	1551	A	T
D1_N1	0.187277062015	2	615	G	A
D1_N1	0.187350862421	1	1044	T	C
D1_N1	0.187648776867	2	1185	C	G
D1_N1	0.18833829989	2	1092	A	T
D1_N1	0.188541915967	1	1357	T	C
D1_N1	0.188604693469	2	580	C	G
D1_N1	0.189221632405	2	921	G	T
D1_N1	0.189231873677	2	412	A	T
D1_N1	0.189556452331	1	684	A	T
D1_N1	0.190834877542	2	928	C	A
D1_N1	0.19083853215	1	1093	C	A
D1_N1	0.191776226678	2	955	G	C
D1_N1	0.191916736903	2	258	C	T
D1_N1	0.192218380634	1	324	C	T
D1_N1	0.192239110561	1	793	A	T
D1_N1	0.192242545535	2	547	A	T
D1_N1	0.19312146207	2	445	A	T
D1_N1	0.193327259748	2	1074	G	A
D1_N1	0.193447682504	2	1448	G	C
D1_N1	0.193666701055	2	1136	T	C
D1_N1	0.194061064464	1	1031	A	G
D1_N1	0.194349647958	1	707	C	T
D1_N1	0.194359759208	2	888	G	C
D1_N1	0.194416269965	2	685	G	A
D1_N1	0.194894585861	1	507	C	G
D1_N1	0.195131368612	1	657	G	C
D1_N1	0.195342501593	2	676	T	A
D1_N1	0.195865681073	1	1402	C	T
D1_N1	0.196021451283	1	1031	G	A
D1_N1	0.19604182568	1	1200	T	G
D1_N1	0.196117386994	2	54	T	A
D1_N1	0.196267984662	1	689	G	A
D1_N1	0.196603097642	1	155	C	T
D1_N1	0.19669864497	1	1206	A	G
D1_N1	0.196864560768	2	117	C	A
D1_N1	0.197268957125	2	263	T	A
D1_N1	0.197564033219	1	1019	T	C
D1_N1	0.198297599087	2	427	C	G
D1_N1	0.198599742004	2	715	T	A
D1_N1	0.198816465807	1	1028	T	C
D1_N1	0.199650765238	2	1460	C	T
D1_N1	0.199855194389	2	556	A	G
D1_N1	0.199909817253	2	244	G	A
D1_N1	0.200229982727	1	471	T	A
D1_N1	0.200370215638	2	202	C	A
D1_N1	0.200415452294	2	1517	A	T
D1_N1	0.200992179598	1	1465	A	T
D1_N1	0.201480129011	2	672	G	A
D1_N1	0.201889562076	2	538	T	G
D1_N1	0.202400593905	1	1274	C	T
D1_N1	0.202452031482	1	278	G	A
D1_N1	0.202554801451	1	1095	A	G
D1_N1	0.20298325093	1	1323	C	T
D1_N1	0.203534081567	1	933	G	T
D1_N1	0.20361036758	1	128	A	G
D1_N1	0.203899274918	1	316	A	G
D1_N1	0.204411538588	2	547	T	C
D1_N1	0.204739196447	1	896	G	C
D1_N1	0.2049456851	2	1434	G	A
D1_N1	0.205565090117	1	70	C	A
D1_N1	0.206335756811	2	1079	A	G
D1_N1	0.206413993892	1	888	A	C
D1_N1	0.206420011551	1	988	T	C
D1_N1	0.206507320716	2	1091	A	G
D1_N1	0.206718359251	1	546	C	A
D1_N1	0.207245068758	2	1143	A	G
D1_N1	0.207318149854	2	1366	T	A
D1_N1	0.207709815883	1	1010	A	G
D1_N1	0.208136278537	1	897	A	T
D1_N1	0.208279389919	1	949	T	G
D1_N1	0.208357354904	2	1461	G	A
D1_N1	0.208450086648	2	81	A	G
D1_N1	0.208545388089	1	64	C	T
D1_N1	0.209417822945	2	991	T	C
D1_N1	0.209743855292	1	378	G	T
D1_N1	0.209838354843	2	1282	C	T
D1_N1	0.21004066327	2	510	G	A
D1_N1	0.210136829668	1	376	A	T
D1_N1	0.210218922803	2	268	C	T
D1_N1	0.210732336295	1	1042	G	T
D1_N1	0.210940999509	1	1237	C	G
D1_N1	0.211109836795	2	46	G	T
D1_N1	0.211113280512	2	422	T	A
D1_N1	0.211251669502	1	338	G	T
D1_N1	0.211297484036	1	583	G	T
D1_N1	0.211528896278	1	1199	G	T
D1_N1	0.211582496625	1	1458	T	A
D1_N1	0.212374703491	2	1184	C	T
D1_N1	0.212861987774	1	1183	C	G
D1_N1	0.21291756444	2	1227	T	C
D1_N1	0.212979498732	1	653	T	C
D1_N1	0.213261857591	2	609	A	T
D1_N1	0.213405890922	2	131	A	T
D1_N1	0.213517052205	1	1518	C	T
D1_N1	0.213842494181	2	715	A	G
D1_N1	0.214035845622	1	1264	G	A
D1_N1	0.214045721367	2	1509	T	G
D1_N1	0.214143285454	2	1273	T	A
D1_N1	0.214245326409	1	155	T	C
D1_N1	0.214696690412	1	487	C	G
N1_N2	0.000459457140837	2	128	A	T
N1_N2	0.000728270620929	1	653	C	T
N1_N2	0.000936620170962	2	774	A	G
N1_N2	0.000965807125954	1	1578	C	T
N1_N2	0.00100997179191	2	646	G	A
N1_N2	0.00112921101022	1	443	A	T
N1_N2	0.00160731684337	1	228	A	T
N1_N2	0.00200629408005	1	473	C	T
N1_N2	0.00206255152664	2	577	A	G
N1_N2	0.00283968432141	2	616	T	C
N1_N2	0.00301905209913	1	334	T	G
N1_N2	0.00320817774288	2	420	A	G
N1_N2	0.00328475207765	1	896	C	G
N1_N2	0.00410201071761	2	387	C	A
N1_N2	0.00453096985283	2	1022	G	A
N1_N2	0.00504367671207	1	1261	T	A
N1_N2	0.00547022228017	2	546	C	T
N1_N2	0.00610960459284	1	663	A	G
N1_N2	0.00640078856804	2	332	T	G
N1_N2	0.00673321995009	2	340	C	A
N1_N2	0.00724394337878	1	868	G	T
N1_N2	0.00726936069018	2	755	C	T
N1_N2	0.00761526280782	2	1146	A	G
N1_N2	0.00771743741416	2	200	A	T
N1_N2	0.00772520333525	1	1438	G	A
N1_N2	0.00811170917421	2	1038	A	G
N1_N2	0.00835287126029	2	52	T	G
N1_N2	0.00843026884077	2	157	T	G
N1_N2	0.00873971256024	1	108	T	A
N1_N2	0.00915272439917	2	808	C	G
N1_N2	0.00944866041171	1	435	A	T
N1_N2	0.00951617727981	2	601	G	A
N1_N2	0.0102658006035	1	12	A	G
N1_N2	0.0102986303866	2	217	T	A
N1_N2	0.010976004105	2	1361	A	G
N1_N2	0.0111460639952	1	981	A	G
N1_N2	0.0112026668127	2	1334	T	A
N1_N2	0.0117212643029	2	1427	A	G
N1_N2	0.0118709311242	1	570	G	A
N1_N2	0.0118851090702	1	449	G	A
N1_N2	0.0122366037932	2	789	C	T
N1_N2	0.0123103350943	2	740	A	T
N1_N2	0.0124936775173	1	372	T	G
N1_N2	0.0126186858819	2	90	G	T
N1_N2	0.0127299712375	2	1535	T	G
N1_N2	0.0129707410827	2	304	A	G
N1_N2	0.0130607947103	1	103	G	A
N1_N2	0.0132004224719	2	855	C	T
N1_N2	0.0136826389663	2	152	C	T
N1_N2	0.0138288157422	1	284	T	A
N1_N2	0.014026525548	2	766	T	C
N1_N2	0.0143075883796	1	446	G	A
N1_N2	0.0146839988383	2	1109	G	A
N1_N2	0.0147700125386	1	498	C	T
N1_N2	0.0151404332266	2	1195	A	G
N1_N2	0.0157760145598	2	685	A	G
N1_N2	0.0164707212918	2	957	T	C
N1_N2	0.016515738332	1	1334	T	C
N1_N2	0.0173075868556	2	1334	A	T
N1_N2	0.0174813049042	1	1423	T	C
N1_N2	0.0179204446032	1	506	T	C
N1_N2	0.0181026398071	2	1167	G	T
N2_N3	0.000243984507775	2	882	C	T
N2_N3	0.0012391613612	1	1289	T	A
N2_N3	0.00188750456518	1	19	C	T
N2_N3	0.00194327668603	1	294	C	T
N2_N3	0.00215643688912	2	682	A	C
N2_N3	0.00237348018625	2	792	C	T
N2_N3	0.00240268199062	2	839	A	C
N2_N3	0.00378750918363	2	646	A	C
N2_N3	0.0039166641247	2	231	G	A
N2_N3	0.00392228241511	2	880	G	A
N2_N3	0.0040017978679	1	1259	A	G
N2_N3	0.00402621077795	2	596	G	T
N2_N3	0.00405339972329	2	270	G	A
N2_N3	0.0044487728706	1	792	C	G
N2_N3	0.00485981631693	2	167	T	G
N2_N3	0.00530273396805	2	1253	C	T
N2_N3	0.00574621430038	2	1367	G	A
N2_N3	0.00580862724576	1	799	T	G
N2_N3	0.00592059453241	1	663	G	T
N2_N3	0.00592850472248	2	1327	T	G
N2_N3	0.00638667289007	1	915	T	G
N2_N3	0.00657308867675	1	1159	C	A
N3_N4	2.03393486058e-05	2	1374	T	A
N3_N4	0.00053419002042	2	550	G	C
N3_N4	0.00056284761298	1	131	A	T
N3_N4	0.000613586938061	2	229	T	C
N3_N4	0.000824494768179	2	1206	T	G
N3_N4	0.000908754613734	2	452	C	T
N3_N4	0.0019476719238	2	114	T	G
N3_N4	0.00300502938184	2	1077	A	G
N3_N4	0.00340963443826	2	599	A	G
N3_N4	0.00352620888748	1	1118	A	G
N3_N4	0.00396372545474	2	1485	G	A
N3_N4	0.0042923154477	1	1065	T	C
N3_N4	0.0043950142194	2	1171	C	A
N3_N4	0.00455043966828	2	815	T	A
N3_N4	0.00461293150006	2	25	C	T
N3_N4	0.00483063350404	2	945	C	A
N3_N4	0.00586824341918	2	1048	C	G
N3_N4	0.00590363456736	1	661	T	C
N3_N4	0.00640003411155	1	49	G	A
N3_N4	0.00657123694052	2	244	A	T
N3_N4	0.00666398506881	2	1251	A	C
N3_N4	0.00710247572881	2	340	A	G
N3_N4	0.00758215956834	2	1004	A	G
N3_N4	0.00784445540849	2	57	A	G
N3_N4	0.00786795689835	2	99	A	C
N3_N4	0.00823203325861	2	765	G	A
N3_N4	0.0086858383954	2	1373	T	C
N4_Human	0.000694933527588	1	670	C	T
N4_Human	0.00102460830445	2	613	A	T
N4_Human	0.00117936618526	1	260	A	T
N4_Human	0.00167328836412	2	440	C	T
N4_Human	0.00184504862965	2	1115	C	T
N4_Human	0.00198772399769	1	917	A	G
N4_Human	0.00200648352156	2	1150	G	A
N4_Human	0.00218559993808	1	784	T	C
N4_Human	0.00247240849664	1	805	T	C
N4_Human	0.00260189908281	1	1429	T	C
N4_Human	0.00269847119544	1	922	T	C
N4_Human	0.00323662557554	1	1576	C	T
N4_Human	0.00347563594467	2	656	A	G
N4_Human	0.00444750983624	1	1259	G	T
N4_Human	0.00454431364579	2	1473	G	A
N4_Human	0.00489569272719	1	702	C	G
N4_Human	0.0049994052877	1	1301	T	A
N4_Human	0.00540429666191	1	1293	A	T
N4_Human	0.00547816325362	2	1436	C	G
N4_Human	0.00630858802739	2	877	A	T
N4_Human	0.00677758960779	2	1261	T	C
N4_Human	0.00735746312491	1	1162	T	C
N4_Human	0.00915904993132	2	130	A	C
N4_Human	0.00937564367948	1	525	A	G
N4_Human	0.00938219357243	1	1329	A	G
N4_Human	0.0108066734712	2	1137	C	T
N4_Human	0.0110588879611	2	1499	T	C
N4_Human	0.0111930148968	1	1307	A	C
N4_Human	0.0113310326511	2	1427	G	T
N4_Chimp	0.000304298236238	2	850	T	A
N4_Chimp	0.000516277813018	1	586	G	A
N4_Chimp	0.000599321155639	2	217	A	G
N4_Chimp	0.000847338068565	1	560	A	G
N4_Chimp	0.000932469570885	2	972	C	G
N4_Chimp	0.00113781533597	2	1287	C	G
N4_Chimp	0.00169438978948	2	1273	A	G
N4_Chimp	0.00193467396107	2	507	C	T
N4_Chimp	0.00236882680809	2	372	A	C
N4_Chimp	0.00280092991043	1	1286	T	G
N4_Chimp	0.00296480451465	1	698	T	A
N4_Chimp	0.00323361807781	1	696	T	A
N4_Chimp	0.00343734643801	2	690	A	G
N4_Chimp	0.0034910548464	1	220	C	G
N4_Chimp	0.00439971668139	2	81	G	A
N4_Chimp	0.0044573973975	2	1029	C	G
N4_Chimp	0.00454915368811	1	1281	G	C
N4_Chimp	0.00460148157675	2	528	G	A
N4_Chimp	0.00520551856615	1	1198	G	A
N4_Chimp	0.0055929943223	2	412	T	A
N4_Chimp	0.00609157280431	1	1381	A	G
N4_Chimp	0.00630724319471	2	122	A	C
N4_Chimp	0.00644130979544	2	448	G	T
N4_Chimp	0.00656668002752	1	552	A	G
N4_Chimp	0.00709134199771	1	1497	C	T
N4_Chimp	0.00727395131866	1	1137	T	A
N4_Chimp	0.00778705201709	2	1484	C	T
N4_Chimp	0.00825001502564	2	734	C	A
N4_Chimp	0.00842881090955	2	1365	C	A
N4_Chimp	0.00850740286113	2	600	G	A
N4_Chimp	0.0086681377711	1	214	A	C
N4_Chimp	0.00893913508536	2	44	G	C
N4_Chimp	0.00946877478934	1	334	G	A
N4_Chimp	0.00972736804672	1	928	C	A
N4_Chimp	0.00975540414899	1	442	C	T
N4_Chimp	0.00980039989498	2	681	A	T
N4_Chimp	0.0100326991092	2	782	T	G
N4_Chimp	0.010122882666	1	509	T	A
N4_Chimp	0.0101263484014	2	346	T	G
N4_Chimp	0.010223066725	2	604	A	G
N4_Chimp	0.01028321697	2	1391	A	G
N4_Chimp	0.0104776048225	1	1149	C	T
N3_Goril	6.52202260554e-05	2	832	T	A
N3_Goril	0.000229808958389	2	1214	T	C
N3_Goril	0.000731498140622	2	1464	C	T
N3_Goril	0.000757565119924	1	211	C	T
N3_Goril	0.000825051148922	1	540	T	G
N3_Goril	0.000983820650274	2	801	C	T
N3_Goril	0.00107984583558	2	1491	T	C
N3_Goril	0.00112231595201	1	724	G	T
N3_Goril	0.00115860141476	1	1088	C	T
N3_Goril	0.00126656798313	2	920	C	T
N3_Goril	0.00149771376335	2	487	C	T
N3_Goril	0.0019866060918	2	265	C	G
N3_Goril	0.00257966006416	1	1418	T	C
N3_Goril	0.00271587390676	1	1428	T	G
N3_Goril	0.00282730150368	1	1368	G	A
N3_Goril	0.00381661345436	2	21	G	A
N3_Goril	0.00385573589685	1	1481	A	G
N3_Goril	0.00442946480522	2	47	A	T
N3_Goril	0.00463164180847	2	1135	T	G
N3_Goril	0.00535016006695	1	921	G	A
N3_Goril	0.00587166894102	1	483	T	G
N3_Goril	0.00653623726733	2	202	A	G
N3_Goril	0.00653727841703	1	1278	C	G
N3_Goril	0.00683829452838	2	727	A	G
N3_Goril	0.00689833074579	1	932	G	C
N3_Goril	0.00700768972499	1	583	T	A
N3_Goril	0.00730419890107	1	1254	A	T
N3_Goril	0.00733285215481	1	27	C	T
N3_Goril	0.00763891766471	1	1442	G	C
N3_Goril	0.00792582859739	2	848	A	T
N3_Goril	0.0079644612582	1	1537	C	A
N3_Goril	0.00838188435747	2	811	A	T
N3_Goril	0.00862145295129	2	1418	T	G
N3_Goril	0.00896719959536	1	1566	T	G
N3_Goril	0.00902757133834	2	1360	C	T
N3_Goril	0.00939451765272	1	1540	G	A
N3_Goril	0.0104479265861	1	316	G	C
N3_Goril	0.0105919730573	1	1130	G	A
N3_Goril	0.0110242517824	1	810	C	A
N3_Goril	0.0118743949226	2	1393	A	T
N3_Goril	0.0119725994087	2	146	G	T
N3_Goril	0.0120176775995	1	285	T	C
N3_Goril	0.0120463682022	1	1322	A	T
N3_Goril	0.0122598971041	1	1036	G	C
N3_Goril	0.0123786116916	2	334	C	T
N3_Goril	0.0125511934	2	866	G	A
N3_Goril	0.0130089879327	2	1547	T	C
N3_Goril	0.0130541340942	2	120	A	C
N3_Goril	0.013414251864	1	408	C	A
N3_Goril	0.0139497977529	2	289	A	G
N3_Goril	0.0143928443544	2	362	A	T
N3_Goril	0.0145118350157	2	1129	C	T
N3_Goril	0.0149124048905	1	186	G	A
N3_Goril	0.0157921704043	1	1476	T	C
N3_Goril	0.0162627497703	2	1493	G	A
N3_Goril	0.0164541581633	2	566	A	T
N3_Goril	0.0165618002254	1	1361	A	T
N3_Goril	0.017550561521	1	904	A	G
N3_Goril	0.0175806907457	1	1142	G	C
N3_Goril	0.0179545558966	2	1021	C	G
N3_Goril	0.0181251365358	2	1484	C	T
N3_Goril	0.0181659647565	2	668	G	T
N3_Goril	0.0182429454102	1	1493	G	T
N3_Goril	0.0187041791704	1	1403	T	A
N3_Goril	0.0189596544073	1	413	T	C
N3_Goril	0.0190306983064	1	422	A	C
N3_Goril	0.0190619048472	2	1180	A	T
N3_Goril	0.0195355226353	2	221	G	A
N3_Goril	0.0196447097576	1	1038	A	T
N3_Goril	0.0211870272395	1	16	G	T
N3_Goril	0.0212387631557	2	1122	A	G
N2_Orang	0.000157954922371	1	1514	C	T
N2_Orang	0.00028470658202	1	196	A	G
N2_Orang	0.000321077573991	1	35	G	A
N2_Orang	0.000539415824211	1	1247	G	T
N2_Orang	0.000655625970652	1	271	G	A
N2_Orang	0.000893258513125	2	1021	C	G
N2_Orang	0.00104175014913	1	1462	A	G
N2_Orang	0.00113531482433	2	415	A	C
N2_Orang	0.0012982043169	1	1479	T	C
N2_Orang	0.00136168084823	2	301	G	A
N2_Orang	0.00139710051959	1	1226	T	C
N2_Orang	0.00180543947058	2	370	T	C
N2_Orang	0.00255183927359	2	1211	T	G
N2_Orang	0.00382839300917	1	255	C	T
N2_Orang	0.00408046427268	1	56	T	G
N2_Orang	0.00419938963451	1	460	T	A
N2_Orang	0.00422486576597	1	1398	A	G
N2_Orang	0.0043467200288	1	756	T	A
N2_Orang	0.00443507000711	1	859	C	T
N2_Orang	0.00465105100147	1	484	C	T
N2_Orang	0.00490058200233	2	152	T	C
N2_Orang	0.00507595386681	2	684	A	G
N2_Orang	0.00521168471757	1	541	C	G
N2_Orang	0.00596152735569	1	541	G	A
N2_Orang	0.00604861147681	2	85	A	G
N2_Orang	0.00628240087128	1	1228	G	A
N2_Orang	0.00692269895564	1	472	C	T
N2_Orang	0.00709458474422	1	19	C	A
N2_Orang	0.00774530985076	2	403	C	T
N2_Orang	0.00775189288943	2	1124	T	A
N2_Orang	0.00794932589385	2	1569	A	T
N2_Orang	0.00828387497527	2	381	G	C
N2_Orang	0.00872177411902	1	242	G	A
N2_Orang	0.00889393376077	1	251	G	A
N2_Orang	0.00897173400694	1	1477	G	C
N2_Orang	0.00967863856467	2	1299	T	A
N2_Orang	0.00969234669795	2	420	G	T
N2_Orang	0.00986491622772	1	538	T	C
N2_Orang	0.0100953031385	1	169	C	G
N2_Orang	0.0106795512788	2	1074	A	T
N2_Orang	0.0107621893437	1	1104	A	T
N2_Orang	0.0108846840027	1	1527	G	C
N2_Orang	0.0110524320424	1	1400	T	A
N2_Orang	0.011219864206	2	1564	A	G
N2_Orang	0.0112966446687	2	710	T	G
N2_Orang	0.0117496528357	1	1481	A	G
N2_Orang	0.0117850353618	1	78	T	C
N2_Orang	0.0118551746776	2	507	C	T
N2_Orang	0.0119640298564	1	1249	G	A
N2_Orang	0.012325809359	2	142	A	T
N2_Orang	0.0139008347758	1	1246	G	C
N2_Orang	0.0141227798381	2	890	T	A
N2_Orang	0.0144042753486	2	1502	A	T
N1_Macaq	6.27360765696e-05	2	438	C	A
N1_Macaq	0.000443524394632	1	773	C	T
N1_Macaq	0.000492728685193	2	975	T	G
N1_Macaq	0.000890824588888	1	1257	A	G
N1_Macaq	0.000932981908719	1	694	T	A
N1_Macaq	0.0009586420248	2	189	C	G
N1_Macaq	0.00101760684616	2	451	A	G
N1_Macaq	0.00122318003457	1	1302	T	C
N1_Macaq	0.00131739864911	2	691	G	T
N1_Macaq	0.00251205442524	1	381	G	T
N1_Macaq	0.00303871648669	2	54	A	C
N1_Macaq	0.00305337999869	1	685	G	A
N1_Macaq	0.00353563587238	1	1268	A	G
N1_Macaq	0.0041601239145	2	388	T	C
N1_Macaq	0.00514332060761	2	1533	T	G
N1_Macaq	0.00536948658468	2	826	G	A
N1_Macaq	0.00540375436152	1	1001	T	A
N1_Macaq	0.00567769253015	1	689	A	T
N1_Macaq	0.00594504184081	1	1294	A	T
N1_Macaq	0.00617686140313	2	291	G	T
N1_Macaq	0.00670110109334	2	865	T	G
N1_Macaq	0.00709394290181	2	631	C	A
N1_Macaq	0.00709558638046	1	490	T	C
N1_Macaq	0.00735015475841	2	1020	T	G
N1_Macaq	0.00744294901868	1	221	G	A
N1_Macaq	0.00788219199283	2	690	A	T
N1_Macaq	0.00808768882693	1	1519	T	C
N1_Macaq	0.00809599608054	1	902	A	C
N1_Macaq	0.00849135786514	1	1252	C	A
N1_Macaq	0.00868772126829	1	472	C	T
N1_Macaq	0.00872462824712	1	1348	T	C
N1_Macaq	0.00895715204827	1	191	A	G
N1_Macaq	0.00897121774607	2	35	G	A
N1_Macaq	0.00907607033069	2	1403	C	A
N1_Macaq	0.00967974387409	2	254	A	G
N1_Macaq	0.00973006828159	1	663	A	G
N1_Macaq	0.0100288704569	1	389	C	G
N1_Macaq	0.0103171891739	2	168	A	G
N1_Macaq	0.010402005343	1	327	G	T
N1_Macaq	0.0104181893246	1	536	A	C
N1_Macaq	0.0108041172966	2	406	A	C
N1_Macaq	0.0115387231262	2	982	T	A
N1_Macaq	0.0120895677428	2	356	A	T
N1_Macaq	0.0124117551016	1	371	A	C
N1_Macaq	0.012511281768	2	209	T	G
N1_Macaq	0.0125710066187	2	64	C	T
N1_Macaq	0.0128945380633	2	320	T	C
N1_Macaq	0.0134512017045	2	1481	T	C
N1_Macaq	0.0137284950988	2	44	G	T
N1_Macaq	0.0139593259685	2	1484	C	T
N1_Macaq	0.0141542051596	1	667	A	T
N1_Macaq	0.0142042928336	1	1139	A	C
N1_Macaq	0.0145736756428	1	1282	C	T
N1_Macaq	0.0148458185994	1	1243	C	T
N1_Macaq	0.0151921374518	1	260	A	C
N1_Macaq	0.0152516961534	1	473	C	T
N1_Macaq	0.0155897933999	1	1281	G	A
N1_Macaq	0.016610717438	2	1240	G	A
N1_Macaq	0.0174383347082	1	849	G	C
N1_Macaq	0.0179685479088	2	1233	C	T
N1_Macaq	0.0180152868456	1	679	A	G
N1_Macaq	0.0180586018846	2	699	C	G
N1_Macaq	0.0181671069123	1	1112	C	T
N1_Macaq	0.0183701724836	1	364	A	G
N1_Macaq	0.018570949071	2	271	G	T
N1_Macaq	0.0185901123434	1	653	C	G
N1_Macaq	0.0188887572776	1	571	T	C
N1_Macaq	0.0193306308052	2	390	T	C
N1_Macaq	0.0196335910862	1	615	G	T
N1_Macaq	0.0196735025997	2	199	G	A
N1_Macaq	0.0197548483324	2	272	G	A
N1_Macaq	0.0199392069383	1	1405	A	G
N1_Macaq	0.0201981276263	2	715	G	A
N1_Macaq	0.0203821047106	2	58	T	G
N1_Macaq	0.0205056802462	1	1461	G	T
N1_Macaq	0.0207386793924	1	995	T	A
N1_Macaq	0.0208703721492	2	1322	A	T
N1_Macaq	0.0211837120422	2	1358	A	T
N1_Macaq	0.0216745303409	1	918	A	G
N1_Macaq	0.0217394580885	1	1539	C	T
N1_Macaq	0.0220858076454	2	1514	A	G
N1_Macaq	0.0228572380412	1	1164	G	C
N1_Macaq	0.0246305432561	2	693	G	A
N1_Macaq	0.0246704325579	2	843	A	G
N1_Macaq	0.0250551720245	2	38	A	G
N1_Macaq	0.0250561888629	1	400	C	A
N1_Macaq	0.0253151040314	1	443	A	G
N1_Macaq	0.0253491100356	1	1073	G	C
N1_Macaq	0.0253869563019	1	1149	C	T
N1_Macaq	0.0255561053678	1	109	A	G
N1_Macaq	0.0255743382427	1	1062	A	T
N1_Macaq	0.0257706165151	2	812	C	T
N1_Macaq	0.026165232515	2	851	G	T
N1_Macaq	0.0261955309395	2	1257	A	G
N1_Macaq	0.0262962113177	1	1408	G	T
N1_Macaq	0.0263201356678	1	1292	A	T
N1_Macaq	0.0263329741803	1	1354	T	A
N1_Macaq	0.0265254235208	1	573	C	T
N1_Macaq	0.0268552132636	2	1328	G	A
N1_Macaq	0.0269712525829	1	194	A	G
N1_Macaq	0.0272783862484	2	900	C	T
N1_Macaq	0.0275337529368	1	258	C	T
N1_Macaq	0.0275999516906	1	886	G	A
N1_Macaq	0.0276627770503	1	1428	T	G
N1_Macaq	0.0284485608848	2	1329	A	G
N1_Macaq	0.0285821352304	1	1399	A	T
N1_Macaq	0.0285910560164	2	1296	A	G
N1_Macaq	0.0286843699297	1	550	G	A
N1_Macaq	0.0290470977803	2	168	G	C
N1_Macaq	0.0296305414545	2	218	C	A
N1_Macaq	0.030232287542	2	602	A	T
N1_Macaq	0.0305987544711	2	1153	T	C
N1_Macaq	0.0306880236045	2	252	C	T
N1_Macaq	0.0307789395862	2	925	A	G
N1_Macaq	0.0310170567961	1	935	G	C
N1_Macaq	0.0310191325353	1	925	C	G
N1_Macaq	0.0313542356166	1	1150	G	T
N1_Macaq	0.0322538071982	1	41	G	A
N1_Macaq	0.0322933580465	2	1243	C	A
N1_Macaq	0.0323889844714	1	328	C	T
N0_Mouse	0.000858859362116	0	122	A	C
N0_Mouse	0.00106715731292	0	1495	T	C
N0_Mouse	0.00108941029352	0	1050	C	T
N0_Mouse	0.00121811703382	0	935	C	G
N0_Mouse	0.00498340466228	0	1400	C	A
N0_Mouse	0.00549198124027	0	1166	A	T
N0_Mouse	0.00588292490219	0	348	A	G
N0_Mouse	0.00607615770909	0	1342	G	T
N0_Mouse	0.00721465969826	0	304	A	G
N0_Mouse	0.00780817417486	0	1209	C	T
N0_Mouse	0.00794224234078	0	1511	G	A
N0_Mouse	0.00810946073638	0	1071	T	C
N0_Mouse	0.0085539523266	0	1356	A	G
N0_Mouse	0.00920376545997	0	360	G	A
N0_Mouse	0.0107319975949	0	1351	A	T
N0_Mouse	0.0115993996518	0	393	T	C
N0_Mouse	0.0119921416853	0	1540	C	T
N0_Mouse	0.0136452247841	0	1335	G	T
N0_Mouse	0.0136512305626	0	1456	A	C
N0_Mouse	0.0140764077616	0	80	T	C
N0_Mouse	0.0142188638689	0	857	G	A
N0_Mouse	0.0153384339991	0	575	C	T
N0_Mouse	0.0165444286732	0	533	T	C
N0_Mouse	0.0175817596657	0	143	A	G
N0_Mouse	0.0187068965882	0	931	G	A
N0_Mouse	0.0228918586085	0	1564	A	T
N0_Mouse	0.022935594905	0	225	G	C
N0_Mouse	0.0237496334517	0	753	G	T
N0_Mouse	0.0239983646103	0	988	T	A
N0_Mouse	0.0268452334698	0	886	G	T
N0_Mouse	0.0272700248407	0	161	G	A
N0_Mouse	0.0273101737654	0	661	T	C
N0_Mouse	0.0275848953354	0	800	A	G
N0_Mouse	0.0282928052007	0	1079	A	G
N0_Mouse	0.032522462043	0	1229	G	T
N0_Mouse	0.0335105921995	0	99	A	G
N0_Mouse	0.0338455502788	0	1278	C	T
N0_Mouse	0.033862288794	0	83	A	G
N0_Mouse	0.0344004960212	0	1335	T	G
N0_Mouse	0.0351130970609	0	1560	T	C
N0_Mouse	0.0355850876222	0	1525	G	C
N0_Mouse	0.0367759496981	0	1020	T	C
N0_Mouse	0.0374030745609	0	259	C	A
N0_Mouse	0.0375501976036	0	505	G	A
N0_Mouse	0.0377651040341	0	536	T	A
N0_Mouse	0.0379227375019	0	308	G	T
N0_Mouse	0.0384393542273	0	325	T	C
N0_Mouse	0.0392421867152	0	609	A	T
N0_Mouse	0.0403335887144	0	1250	A	T
N0_Mouse	0.0407290220784	0	306	A	G
N0_Mouse	0.0409401888055	0	768	T	G
N0_Mouse	0.0411791146331	0	223	T	C
N0_Mouse	0.0412468449048	0	1269	A	G
N0_Mouse	0.041332253136	0	827	T	C
N0_Mouse	0.0429842444995	0	289	A	G
N0_Mouse	0.0431004939744	0	1138	T	C
N0_Mouse	0.0447301043532	0	718	T	C
N0_Mouse	0.0452275562658	0	990	A	C
N0_Mouse	0.0457689616356	0	562	A	G
N0_Mouse	0.047004874704	0	1141	A	C
N0_Mouse	0.047945266389	0	277	T	C
N0_Mouse	0.048694611809	0	890	T	C
N0_Mouse	0.0492844671213	0	822	T	G
N0_Mouse	0.0499669359765	0	1489	A	C
N0_Mouse	0.050047613116	0	1011	A	T
N0_Mouse	0.0500639983892	0	1562	G	T
N0_Mouse	0.0500857941969	0	183	T	C
N0_Mouse	0.0506500831156	0	1016	A	G
N0_Mouse	0.051056384694	0	880	G	A
N0_Mouse	0.0511956478553	0	610	T	C
N0_Mouse	0.0519387085507	0	868	G	A
N0_Mouse	0.0522755554322	0	1102	G	A
N0_Mouse	0.0523538499049	0	465	A	T
N0_Mouse	0.0557287697862	0	1160	G	A
N0_Mouse	0.0558633531661	0	134	A	C
N0_Mouse	0.0559882731112	0	1463	T	A
N0_Mouse	0.0567635269095	0	160	G	A
N0_Mouse	0.0584909914999	0	526	A	G
N0_Mouse	0.0585710027753	0	192	T	A
N0_Mouse	0.0586616589195	0	1417	T	G
N0_Mouse	0.059678006296	0	1182	C	T
N0_Mouse	0.0598526247485	0	384	T	C
N0_Mouse	0.0602505938355	0	1390	C	T
N0_Mouse	0.0604630341664	0	744	A	T
N0_Mouse	0.0610177979419	0	916	C	G
N0_Mouse	0.0615121859858	0	1051	C	A
N0_Mouse	0.061591254648	0	1163	A	T
N0_Mouse	0.0623469599118	0	1440	A	C
N0_Mouse	0.0635385504698	0	1066	G	A
N0_Mouse	0.0642240519206	0	1510	T	C
N0_Mouse	0.0652015203755	0	402	A	G
N0_Mouse	0.0676230458875	0	614	A	G
N0_Mouse	0.0690537143907	0	21	G	T
N0_Mouse	0.0710752943707	0	932	G	A
N0_Mouse	0.0743067828827	0	398	G	T
N0_Mouse	0.0745576967924	0	873	T	C
N0_Mouse	0.0745631550116	0	264	G	A
N0_Mouse	0.0750055266666	0	1495	C	T
N0_Mouse	0.0754191958014	0	1484	C	T
N0_Mouse	0.0756052235994	0	1441	G	A
N0_Mouse	0.0765366684913	0	283	C	T
N0_Mouse	0.077927484011	0	1554	A	G
N0_Mouse	0.078084716241	0	1036	A	G
N0_Mouse	0.0783531625856	0	953	G	A
N0_Mouse	0.0787483796565	0	768	G	A
N0_Mouse	0.0791496755577	0	211	A	T
N0_Mouse	0.0797219463406	0	248	C	A
N0_Mouse	0.0800995809606	0	368	A	G
N0_Mouse	0.0806829210763	0	95	G	C
N0_Mouse	0.0807200837406	0	1563	A	G
N0_Mouse	0.0810097462889	0	552	G	C
N0_Mouse	0.0826896976745	0	1562	T	C
N0_Mouse	0.0827246197908	0	1429	C	T
N0_Mouse	0.0828799291485	0	338	A	T
N0_Mouse	0.0839767090313	0	648	G	A
N0_Mouse	0.0854752100345	0	1168	C	A
N0_Mouse	0.0855134714944	0	431	T	A
N0_Mouse	0.0861190207881	0	590	T	G
N0_Mouse	0.0865640037934	0	612	C	T
N0_Mouse	0.08722823317	0	762	T	G
N0_Mouse	0.0874520838912	0	1363	A	G
N0_Mouse	0.0875847923834	0	495	T	G
N0_Mouse	0.0876645682007	0	1516	T	G
N0_Mouse	0.087757145492	0	1214	T	C
N0_Mouse	0.0879611893507	0	1203	C	T
N0_Mouse	0.0880453329916	0	1211	G	A
N0_Mouse	0.08866929195	0	1488	A	T
N0_Mouse	0.0888622672056	0	1038	A	G
N0_Mouse	0.0900904097125	0	165	C	T
N0_Mouse	0.0905899867251	0	1007	A	T
N0_Mouse	0.091109112465	0	146	G	A
N0_Mouse	0.091378038243	0	372	A	C
N0_Mouse	0.0915467230663	0	1403	G	A
N0_Mouse	0.091664652346	0	1159	C	T
N0_Mouse	0.0917822990581	0	547	A	T
N0_Mouse	0.0919993947437	0	438	G	C
N0_Mouse	0.0923311128123	0	1502	G	C
N0_Mouse	0.0923776612946	0	1194	C	T
N0_Mouse	0.0923813904259	0	659	G	C
N0_Mouse	0.0929322079873	0	953	A	C
N0_Mouse	0.0930888245896	0	426	A	T
N0_Mouse	0.0932210241975	0	1290	T	G
N0_Mouse	0.0935111235998	0	339	A	T
N0_Mouse	0.0938774318111	0	1039	C	T
N0_Mouse	0.0954648115979	0	1042	A	G
N0_Mouse	0.0957486406001	0	357	A	G
N0_Mouse	0.0964700671118	0	144	C	T
N0_Mouse	0.0980154652789	0	610	C	G
N0_Mouse	0.0982472737499	0	440	C	T
N0_Mouse	0.098389108022	0	1052	A	G
N0_Mouse	0.0993590857556	0	15	T	C
N0_Mouse	0.0993885507068	0	868	A	G
N0_Mouse	0.0999196382499	0	459	C	A
N0_Mouse	0.100036073234	0	779	G	A
N0_Mouse	0.100121840912	0	847	G	A
N0_Mouse	0.103472812964	0	842	A	G
N0_Mouse	0.106269068146	0	171	A	G
N0_Mouse	0.106538322052	0	259	A	G
N0_Mouse	0.106550177224	0	1528	A	G
N0_Mouse	0.106601906433	0	497	A	G
N0_Mouse	0.10905047962	0	912	C	T
N0_Mouse	0.109270630197	0	768	A	C
N0_Mouse	0.109737849518	0	439	T	G
N0_Mouse	0.109741049649	0	1129	C	T
N0_Mouse	0.111569880526	0	973	G	A
N0_Mouse	0.111818243921	0	82	G	A
N0_Mouse	0.112942405685	0	362	A	G
N0_Mouse	0.113621141472	0	527	A	G
N0_Mouse	0.114015421848	0	1185	C	A
N0_Mouse	0.114307323916	0	388	C	A
N0_Mouse	0.114660317778	0	342	A	T
N0_Mouse	0.114960298018	0	328	G	A
N0_Mouse	0.115442887139	0	557	A	T
N0_Mouse	0.11562568882	0	978	C	T
N0_Mouse	0.115694517752	0	1364	C	T
N0_Mouse	0.115722851358	0	661	C	G
N0_Mouse	0.115864087607	0	352	T	A
N0_Mouse	0.116204232861	0	883	G	T
N0_Mouse	0.1163158303	0	431	A	G
N0_Mouse	0.116686389966	0	614	G	A
N0_Mouse	0.116866616411	0	96	A	G
N0_Mouse	0.117974150813	0	82	A	G
N0_Mouse	0.11869651823	0	1224	T	A
N0_Mouse	0.119042213007	0	330	T	C
N0_Mouse	0.120132807158	0	62	T	C
N0_Mouse	0.120224932573	0	743	G	A
N0_Mouse	0.12103236473	0	70	C	A
N0_Mouse	0.121527141734	0	1447	A	G
N0_Mouse	0.122313434119	0	377	C	G
N0_Mouse	0.122632329156	0	541	T	G
N0_Mouse	0.123349891303	0	280	G	T
N0_Mouse	0.123824719128	0	1377	C	A
N0_Mouse	0.124513459284	0	1522	A	G
N0_Mouse	0.124679138062	0	488	A	T
N0_Mouse	0.124968233898	0	941	T	C
N0_Mouse	0.126798849916	0	110	A	G
N0_Mouse	0.127076166861	0	287	T	A
N0_Mouse	0.130664558858	0	285	C	A
N0_Mouse	0.131029314466	0	1468	T	C
N0_Mouse	0.131192102863	0	692	C	T
N0_Mouse	0.132988686248	0	1500	A	G
N0_Mouse	0.133241299699	0	1133	T	A
N0_Mouse	0.135634769894	0	798	C	G
N0_Mouse	0.137214906506	0	564	G	T
N0_Mouse	0.137470295979	0	1553	G	A
N0_Mouse	0.138056441081	0	348	G	T
N0_Mouse	0.138127296118	0	1406	T	A
N0_Mouse	0.138183163116	0	1233	C	T
N0_Mouse	0.138342261299	0	708	A	G
N0_Mouse	0.138714843713	0	1457	G	T
N0_Mouse	0.139921099146	0	623	C	G
N0_Mouse	0.140345813222	0	576	C	T
N0_Mouse	0.140635724574	0	131	A	C
N0_Mouse	0.141548072746	0	106	G	A
N0_Mouse	0.14215919266	0	754	T	G
N0_Mouse	0.143128908745	0	1174	C	T
N0_Mouse	0.143726093361	0	562	G	A
N0_Mouse	0.144499043023	0	98	T	C
N0_Mouse	0.144675354991	0	87	A	G
N0_Mouse	0.144978730749	0	917	A	T
N0_Mouse	0.145542751372	0	1122	A	C
N0_Mouse	0.146052908004	0	498	C	T
N0_Mouse	0.147113669254	0	1516	G	C
N0_Mouse	0.147331750254	0	1297	T	C
N0_Mouse	0.147405249348	0	233	T	C
N0_Mouse	0.147665288597	0	1076	T	G
N0_Mouse	0.147743934013	0	1239	T	C
N0_Mouse	0.147801038243	0	297	C	G
N0_Mouse	0.148720834699	0	1444	T	A
N0_Mouse	0.150052176988	0	895	A	T
N0_Mouse	0.151443965854	0	157	T	C
N0_Mouse	0.152120308378	0	1458	T	A
N0_Mouse	0.15292890098	0	1037	T	C
N0_Mouse	0.153597315347	0	1329	A	G
N0_Mouse	0.153948417838	0	1003	G	A
N0_Mouse	0.155515909903	0	58	T	C
N0_Mouse	0.155926425872	0	1124	T	C
N0_Mouse	0.156254208951	0	1406	A	G
N0_Mouse	0.15629919288	0	232	G	A
N0_Mouse	0.157162415108	0	632	A	G
N0_Mouse	0.157990733313	0	1094	G	C
N0_Mouse	0.158202745551	0	1508	C	T
N0_Mouse	0.158276243851	0	280	T	A
N0_Mouse	0.158931826123	0	748	C	T
N0_Mouse	0.159582385162	0	678	T	G
N0_Mouse	0.160338969681	0	114	T	C
N0_Mouse	0.160695106617	0	1453	G	C
N0_Mouse	0.162472425202	0	1332	A	T
N0_Mouse	0.16253415437	0	533	C	T
N0_Mouse	0.162955507578	0	1572	A	T
N0_Mouse	0.16357726653	0	871	C	T
N0_Mouse	0.16429722585	0	1127	T	G
N0_Mouse	0.16573232983	0	592	G	T
N0_Mouse	0.166747677905	0	868	G	A
N0_Mouse	0.167448041956	0	1350	A	G
N0_Mouse	0.167546353824	0	1505	G	A
N0_Mouse	0.167695357351	0	888	G	A
N0_Mouse	0.167932506623	0	842	G	T
N0_Mouse	0.168647938438	0	781	G	A
N0_Mouse	0.168692233952	0	325	C	A
N0_Mouse	0.169086312654	0	13	T	C
N0_Mouse	0.17016727273	0	145	G	T
N0_Mouse	0.171745574301	0	126	A	G
N0_Mouse	0.172369152755	0	685	G	T
N0_Mouse	0.172774433153	0	157	C	T
N0_Mouse	0.172892475014	0	1165	C	T
N0_Mouse	0.17314226015	0	1525	C	A
N0_Mouse	0.174650182177	0	19	C	A
N0_Mouse	0.175718535863	0	219	T	A
N0_Mouse	0.176630951631	0	1029	C	T
N0_Mouse	0.178308298237	0	275	G	A
N0_Mouse	0.178580182731	0	104	A	T
N0_Mouse	0.178677556989	0	774	A	G
N0_Mouse	0.178714351517	0	96	G	T
N0_Mouse	0.179250666743	0	272	G	C
N0_Mouse	0.179645027389	0	391	T	A
N0_Mouse	0.180621107763	0	1043	G	C
N0_Mouse	0.180980488407	0	912	T	G
N0_Mouse	0.182288081507	0	1375	C	T
N0_Mouse	0.182428906026	0	368	G	A
N0_Mouse	0.183548317888	0	118	G	A
N0_Mouse	0.184447158994	0	576	T	A
N0_Mouse	0.184869211425	0	1217	T	A
N0_Mouse	0.185081349612	0	841	G	A
N0_Mouse	0.186283295208	0	846	A	T
N0_Mouse	0.1869179502	0	594	A	C
N0_Mouse	0.187015175479	0	328	A	T
N0_Mouse	0.1878024867	0	915	T	A
N0_Mouse	0.188849287829	0	1108	A	C
N0_Mouse	0.190367092998	0	1445	T	A
N0_Mouse	0.190384881215	0	850	T	A
N0_Mouse	0.190860301029	0	676	T	C
N0_Mouse	0.190861275045	0	487	C	G
N0_Mouse	0.192268483494	0	328	T	A
N0_Mouse	0.192345829758	0	3	T	G
N0_Mouse	0.192396475264	0	200	G	C
N0_Mouse	0.194224615614	0	1446	A	G
N0_Mouse	0.19488013184	0	831	T	A
N0_Mouse	0.195150980236	0	1556	G	A
N0_Mouse	0.195266111037	0	1431	T	A
N0_Mouse	0.195800299372	0	421	G	A
N0_Mouse	0.19833044339	0	512	T	C
N0_Mouse	0.198780762163	0	1088	T	A
N0_Mouse	0.198927181727	0	1560	C	A
N0_Mouse	0.199052079681	0	1395	C	A
N0_Mouse	0.199802996013	0	503	T	C
N0_Mouse	0.201560957509	0	855	C	T
N0_Mouse	0.202531814987	0	880	A	T
N0_Mouse	0.203603631802	0	352	A	G
N0_Mouse	0.203795827204	0	667	A	G
N0_Mouse	0.204464447918	0	848	A	T
N0_Mouse	0.205237799387	0	1008	A	G
N0_Mouse	0.205631372535	0	1268	A	C
N0_Mouse	0.205723928836	0	1404	G	A
N0_Mouse	0.206356207349	0	11	T	G
N0_Mouse	0.206467903235	0	900	C	G
N0_Mouse	0.206710362974	0	1058	T	C
N0_Mouse	0.206811245072	0	1006	A	G
N0_Mouse	0.208266925376	0	157	T	C
N0_Mouse	0.209577761952	0	1429	T	C
N0_Mouse	0.209659295999	0	388	A	C
N0_Mouse	0.210340870091	0	458	A	G
N0_Mouse	0.210407091127	0	637	A	G
N0_Mouse	0.210650906998	0	1266	T	A
N0_Mouse	0.213975296759	0	336	G	T
N0_Mouse	0.215331434819	0	707	C	T
N0_Mouse	0.215607990093	0	384	C	G
N0_Mouse	0.216432527127	0	429	C	G
N0_Mouse	0.216540408893	0	1022	G	A
N0_Mouse	0.218975531285	0	1153	T	C
N0_Mouse	0.219499806733	0	1248	T	C
N0_Mouse	0.220544327693	0	979	G	A
N0_Mouse	0.221585325822	0	1332	T	G
N0_Mouse	0.221918067732	0	610	G	T
N0_Mouse	0.222389959272	0	729	T	C
N0_Mouse	0.223016157585	0	580	C	A
N0_Mouse	0.224311248502	0	598	G	T
N0_Mouse	0.22578552671	0	218	C	A
N0_Mouse	0.226299210674	0	875	T	G
N0_Mouse	0.226603619072	0	1407	T	C
N0_Mouse	0.227527952983	0	575	T	C
N0_Mouse	0.227664942183	0	161	A	G
N0_Mouse	0.228728988468	0	1359	G	A
N0_Mouse	0.229648611171	0	399	C	T
N0_Mouse	0.229782798111	0	1369	A	T
N0_Mouse	0.229955516712	0	91	A	T
N0_Mouse	0.230215498327	0	893	C	G
N0_Mouse	0.230884966463	0	75	C	T
N0_Mouse	0.232350854604	0	315	T	G
N0_Mouse	0.233471396373	0	730	G	T
N0_Mouse	0.233476358743	0	84	T	C
N0_Mouse	0.234411340739	0	1233	T	A
N0_Mouse	0.234468270309	0	1162	T	C
N0_Mouse	0.234841891386	0	1034	A	C
N0_Mouse	0.235863258488	0	1508	T	G
N0_Mouse	0.236092251598	0	524	G	A
N0_Mouse	0.237485288707	0	702	C	T
N0_Mouse	0.238850120726	0	901	T	A
N0_Mouse	0.239272954396	0	750	A	T
N0_Mouse	0.239355952342	0	1471	T	A
N0_Mouse	0.240598586325	0	1010	G	A
N0_Mouse	0.24083252523	0	1348	T	A
N0_Mouse	0.243048123391	0	420	A	T
N0_Mouse	0.243087970056	0	173	C	T
N0_Mouse	0.243142208	0	1157	T	A
N0_Mouse	0.244285627493	0	1567	A	G
N0_Mouse	0.244422453663	0	1329	G	T
N0_Mouse	0.244683413544	0	1518	T	C
N0_Mouse	0.245409357224	0	494	A	G
N0_Mouse	0.245429627461	0	827	C	A
N0_Mouse	0.246088385608	0	1292	A	G
N0_Mouse	0.24640973017	0	300	G	A
N0_Mouse	0.247550995685	0	798	G	T
N0_Mouse	0.248142837228	0	311	A	G
N0_Mouse	0.248434774887	0	1314	T	A
N0_Mouse	0.248627947213	0	819	G	A
N0_Mouse	0.248973882301	0	745	T	A
N0_Mouse	0.250136191769	0	312	T	C
N0_Mouse	0.250895555616	0	831	A	G
N0_Mouse	0.251028845544	0	769	T	G
N0_Mouse	0.253408801192	0	945	C	T
N0_Mouse	0.254881362752	0	522	A	G
N0_Mouse	0.254990110207	0	463	C	T
N0_Mouse	0.255524200059	0	131	C	T
N0_Mouse	0.255547221523	0	896	C	G
N0_Mouse	0.256737342161	0	1070	T	G
N0_Mouse	0.258007980899	0	951	A	G
N0_Mouse	0.258318438265	0	522	G	A
N0_Mouse	0.258448275758	0	1009	G	A
N0_Mouse	0.258727759643	0	177	T	A
N0_Mouse	0.260730684209	0	333	A	G
N0_Mouse	0.261235974067	0	497	G	A
N0_Mouse	0.261864166431	0	857	A	G
N0_Mouse	0.261961545731	0	1378	T	C
N0_Mouse	0.262155412989	0	1060	T	A
N0_Mouse	0.26298827502	0	1292	G	A
N0_Mouse	0.263128626751	0	395	G	A
N0_Mouse	0.263760739292	0	701	A	G
N0_Mouse	0.263944190044	0	963	G	A
N0_Mouse	0.264134841693	0	463	T	C
N0_Mouse	0.264767843835	0	335	T	C
N0_Mouse	0.265517935576	0	229	T	C
N0_Mouse	0.266221634977	0	156	C	T
N0_Mouse	0.266324500124	0	625	A	T
N0_Mouse	0.266949665413	0	213	G	A
N0_Mouse	0.26834378823	0	87	G	A
N0_Mouse	0.268386745869	0	902	A	C
N0_Mouse	0.268785850617	0	373	G	A
N0_Mouse	0.268926229011	0	75	T	C
N0_Mouse	0.270049168968	0	559	C	T
N0_Mouse	0.271376102931	0	799	T	C
N0_Mouse	0.271585755098	0	13	C	A
N0_Mouse	0.271619170122	0	64	C	T
N0_Mouse	0.272220016783	0	798	T	C
N0_Mouse	0.273993343726	0	796	T	G
N0_Mouse	0.277537670879	0	44	G	A
N0_Mouse	0.277857074659	0	1	A	G
N0_Mouse	0.27926132776	0	1418	T	A
N0_Mouse	0.279618896707	0	1295	T	C
N0_Mouse	0.279941224148	0	432	G	T
N0_Mouse	0.280096741736	0	500	T	C
N0_Mouse	0.280432915654	0	826	G	A
N0_Mouse	0.280953587638	0	499	G	A
N0_Mouse	0.28137496033	0	129	T	A
N0_Mouse	0.28299702881	0	961	T	A
N0_Mouse	0.283192436424	0	1348	A	G
N0_Mouse	0.283386594336	0	769	G	A
N0_Mouse	0.283775079904	0	1259	A	G
N0_Mouse	0.284018078273	0	280	A	T
N0_Mouse	0.284298563634	0	74	C	A
N0_Mouse	0.285701586697	0	23	A	G
N0_Mouse	0.285735073914	0	897	A	T
N0_Mouse	0.285876155276	0	869	G	A
N0_Mouse	0.286231471233	0	257	G	C
N0_Mouse	0.289081197799	0	1438	T	A
N0_Mouse	0.289699669281	0	33	G	A
N0_Mouse	0.289764525239	0	487	G	T
N0_Mouse	0.289807096245	0	541	G	A
N0_Mouse	0.290601804555	0	353	A	T
N0_Mouse	0.291150777795	0	1367	G	A
N0_Mouse	0.29140934036	0	1153	C	T
N0_Mouse	0.291953979498	0	884	A	G
N0_Mouse	0.292405385084	0	1128	G	A
N0_Mouse	0.292601206618	0	760	T	C
N0_Mouse	0.29341915062	0	505	A	G
N0_Mouse	0.293939807541	0	686	G	T
N0_Mouse	0.294911075024	0	1264	G	T
N0_Mouse	0.295034658841	0	1480	A	C
N0_Mouse	0.295260094282	0	1244	G	A
N0_Mouse	0.296019081365	0	1578	T	C
N0_Mouse	0.297094661665	0	1211	A	G
N0_Mouse	0.299664009162	0	1159	T	C
N0_Mouse	0.300882718525	0	629	G	A
N0_Mouse	0.301490071444	0	1326	T	C
N0_Mouse	0.303094127596	0	1526	A	T
N0_Mouse	0.30433428089	0	290	A	G
N0_Mouse	0.304668980611	0	1199	G	A
N0_Mouse	0.30508656413	0	1255	A	T
N0_Mouse	0.305327155702	0	1573	T	A
N0_Mouse	0.306660451263	0	850	A	T
N0_Mouse	0.309097422022	0	197	A	T
N0_Mouse	0.309672130153	0	1089	A	T
N0_Mouse	0.310084845416	0	974	A	T
N0_Mouse	0.310298914285	0	192	A	T
N0_Mouse	0.312506901845	0	984	C	A
N0_Mouse	0.31522905941	0	532	G	T
N0_Mouse	0.315412407165	0	1209	T	A
N0_Mouse	0.315765016422	0	677	A	C
N0_Mouse	0.316297385646	0	248	A	G
N0_Mouse	0.317626490936	0	1108	C	T
N0_Mouse	0.317666808873	0	1350	G	T
N0_Mouse	0.318896016901	0	1399	G	A
N0_Mouse	0.319817517605	0	624	T	C
N0_Mouse	0.320516067202	0	1301	C	T
N0_Mouse	0.321148460483	0	11	G	A
N0_Mouse	0.321283935681	0	917	T	C
N0_Mouse	0.321830887448	0	1466	T	A
N0_Mouse	0.32284442625	0	935	G	A
N0_Mouse	0.323146915108	0	1127	G	A
N0_Mouse	0.323691130132	0	915	A	C
N0_Mouse	0.324617336536	0	1092	G	A
N0_Mouse	0.32510119081	0	248	G	T
N0_Mouse	0.325821450551	0	89	A	T
N0_Mouse	0.326672712419	0	1494	G	A
N0_Mouse	0.326873270191	0	265	G	T
N0_Mouse	0.327032476706	0	1478	C	T
N0_Mouse	0.327115659493	0	926	A	C
N0_Mouse	0.327688702791	0	1561	A	T
N0_Mouse	0.329833500926	0	641	A	G
N0_Mouse	0.330169040366	0	678	G	A
N0_Mouse	0.331484976473	0	75	C	A
N0_Mouse	0.331542931639	0	1460	T	C
N0_Mouse	0.331935622491	0	1323	G	A
N0_Mouse	0.332460130757	0	210	A	G
N0_Mouse	0.332827550202	0	753	T	A
N0_Mouse	0.333317996727	0	126	G	A
N0_Mouse	0.334044858307	0	1060	A	G
N0_Mouse	0.334564053826	0	1368	G	T
N0_Mouse	0.334607661355	0	1236	C	G
N0_Mouse	0.334628089936	0	314	T	G
N0_Mouse	0.335739974981	0	930	T	A
N0_Mouse	0.335776973339	0	893	G	T
N0_Mouse	0.335848326619	0	269	G	A
N0_Mouse	0.336395117882	0	442	C	T
N0_Mouse	0.336753353588	0	1554	G	A
N0_Mouse	0.338697479778	0	1157	A	T
N0_Mouse	0.338808282804	0	1137	T	A
N0_Mouse	0.339147003212	0	1020	C	G
N0_Mouse	0.339585285534	0	1456	C	G
N0_Mouse	0.344870512609	0	778	G	C
N0_Mouse	0.345051615849	0	1482	A	G
N0_Mouse	0.345645044316	0	507	T	A
N0_Mouse	0.346180461946	0	609	T	G
N0_Mouse	0.346982650625	0	1306	T	A
N0_Mouse	0.347475774625	0	1086	A	G
N0_Mouse	0.348990220432	0	624	C	T
N0_Mouse	0.349634160687	0	1271	C	T
N0_Mouse	0.350425325681	0	922	C	A
N0_Mouse	0.351655908221	0	1487	G	C
N0_Mouse	0.352140508083	0	909	A	C
N0_Mouse	0.354163898769	0	1252	C	G
N0_Mouse	0.35448139067	0	444	A	C
N0_Mouse	0.354722723516	0	169	A	T
N0_Mouse	0.355065984068	0	1232	A	C
N0_Mouse	0.3560598191	0	421	A	T
N0_Mouse	0.356203907556	0	1345	C	T
N0_Mouse	0.35945003188	0	725	G	T
N0_Mouse	0.360449063047	0	1246	A	G
N0_Mouse	0.36099726122	0	1055	C	A
N0_Mouse	0.363470098813	0	874	A	T
N0_Mouse	0.363895933618	0	1355	A	G
N0_Mouse	0.364020256257	0	354	C	A
N0_Mouse	0.364874420898	0	1020	G	A
N0_Mouse	0.365278947189	0	1198	G	A
N0_Mouse	0.366285235136	0	167	T	G
N0_Mouse	0.3667540419	0	404	G	A
N0_Mouse	0.366875330748	0	746	C	T
N0_Mouse	0.36715587832	0	1528	G	A
N0_Mouse	0.368800065512	0	813	A	T
N0_Mouse	0.368873529645	0	1370	A	T
N0_Mouse	0.36987624216	0	1448	G	C
N0_Mouse	0.369905493931	0	955	G	A
N0_Mouse	0.37039645032	0	1448	C	A
N0_Mouse	0.370559131138	0	726	T	A
N0_Mouse	0.37117551981	0	1507	T	G
N0_Mouse	0.371538769732	0	1456	G	A
N0_Mouse	0.372920589927	0	1156	T	A
N0_Mouse	0.373786888584	0	719	A	G
N0_Mouse	0.374018769537	0	1152	T	G
N0_Mouse	0.375766915924	0	1175	C	A
N0_Mouse	0.37583847018	0	98	C	G
N0_Mouse	0.375869048662	0	94	C	T
N0_Mouse	0.376282969628	0	4	A	T
N0_Mouse	0.376555315999	0	836	G	A
N0_Mouse	0.377084694042	0	1543	T	C
N0_Mouse	0.377603373489	0	996	A	G
N0_Mouse	0.377772636313	0	141	G	T
N0_Mouse	0.379094098722	0	288	A	C
N0_Mouse	0.38003744776	0	1397	T	C
N0_Mouse	0.380233018156	0	324	C	A
N0_Mouse	0.380680273968	0	142	A	G
N0_Mouse	0.380777469425	0	234	A	G
N0_Mouse	0.381007070332	0	44	A	G
N0_Mouse	0.382729357904	0	20	C	T
N0_Mouse	0.382894359095	0	649	A	C
N0_Mouse	0.382938662811	0	958	G	A
N0_Mouse	0.38300896591	0	1290	G	A
N0_Mouse	0.383742732081	0	1091	A	T
N0_Mouse	0.384226232508	0	28	A	G
N0_Mouse	0.38447062501	0	1414	T	A
N0_Mouse	0.385575758637	0	41	G	A
N0_Mouse	0.385642113835	0	569	A	T
N0_Mouse	0.386545877192	0	359	G	T
N0_Mouse	0.387447958712	0	1392	A	G
N0_Mouse	0.388200355753	0	196	A	G
N0_Mouse	0.388372268337	0	726	A	T
N0_Mouse	0.388378850307	0	575	C	G
N0_Mouse	0.388934552956	0	687	C	A
N0_Mouse	0.389058303152	0	374	C	T
N0_Mouse	0.389628707135	0	1344	T	C
N0_Mouse	0.389737489263	0	334	T	C
N0_Mouse	0.389878029068	0	31	C	A
N0_Mouse	0.390122769838	0	375	T	A
N0_Mouse	0.390756342885	0	1422	T	C
N0_Mouse	0.391381899232	0	128	A	G
N0_Mouse	0.391575746709	0	553	C	T
N0_Mouse	0.391644803557	0	1049	C	T
N0_Mouse	0.39281446436	0	274	T	C
N0_Mouse	0.393148619757	0	749	T	G
N0_Mouse	0.393326946239	0	551	A	T
N0_Mouse	0.393726467221	0	9	T	A
N0_Mouse	0.395380861541	0	9	A	G
N0_Mouse	0.39602618187	0	204	A	G
N0_Mouse	0.396998372385	0	800	G	A
N0_Mouse	0.397224765177	0	1206	T	A
N0_Mouse	0.399010326024	0	520	G	T
N0_Mouse	0.401105797226	0	676	C	G
N0_Mouse	0.401117317585	0	515	T	C
N0_Mouse	0.402168237928	0	266	T	A
N0_Mouse	0.402461635641	0	294	G	A
N0_Mouse	0.402523492137	0	53	A	T
N0_Mouse	0.402592917678	0	563	T	G
N0_Mouse	0.402891800523	0	144	T	G
N0_Mouse	0.403392712561	0	432	T	G
N0_Mouse	0.404799342609	0	975	T	C
N0_Mouse	0.40539023965	0	494	G	A
N0_Mouse	0.406122549831	0	1280	A	G
N0_Mouse	0.406207913521	0	607	G	A
N0_Mouse	0.406540369248	0	202	C	A
N0_Mouse	0.406853044968	0	27	C	T
N0_Mouse	0.407230998728	0	1294	G	T
N0_Mouse	0.407736848634	0	1534	T	G
N0_Mouse	0.407770464219	0	1432	A	G
N0_Mouse	0.408227727242	0	299	C	A
N0_Mouse	0.410172942225	0	1310	C	G
N0_Mouse	0.41180885965	0	588	A	T
N0_Mouse	0.41203548015	0	272	C	A
N0_Mouse	0.412999581942	0	160	A	T
N0_Mouse	0.413241086404	0	1548	A	G
N0_Mouse	0.41342279584	0	944	C	A
N0_Mouse	0.413495780778	0	1306	A	T
N0_Mouse	0.415448095123	0	863	T	C
N0_Mouse	0.416204933336	0	941	C	G
N0_Mouse	0.416833705651	0	389	C	G
N0_Mouse	0.416836164929	0	620	T	G
N0_Mouse	0.417254259656	0	1251	A	G
N0_Mouse	0.417996615637	0	645	C	A
N0_Mouse	0.418931058465	0	871	T	A
N0_Mouse	0.419538393914	0	760	C	G
N0_Mouse	0.419964877145	0	1475	G	T
N0_Mouse	0.420705079553	0	66	T	C
N0_Mouse	0.421156245791	0	157	C	A
N0_Mouse	0.421417212006	0	850	T	C
N0_Mouse	0.423629331151	0	170	A	G
N0_Mouse	0.423691201216	0	1249	G	C
N0_Mouse	0.423724015877	0	353	T	C
N0_Mouse	0.424045587144	0	1348	G	C
N0_Mouse	0.424137094731	0	1315	G	C
N0_Mouse	0.425239801155	0	157	A	T
N0_Mouse	0.426993673043	0	1313	A	T
N0_Mouse	0.427486948234	0	579	G	A
N0_Mouse	0.427614348681	0	496	T	C
N0_Mouse	0.427661733039	0	317	T	C
N0_Mouse	0.428155653862	0	868	A	C
N0_Mouse	0.429120307586	0	238	A	G
N0_Mouse	0.429537172371	0	1251	G	C
N0_Mouse	0.429644152502	0	321	G	A
N0_Mouse	0.430825657288	0	553	T	C
N0_Mouse	0.431004582482	0	652	A	C
N0_Mouse	0.431705485718	0	1166	T	C
N0_Mouse	0.432991186687	0	423	G	C
N0_Mouse	0.433104205691	0	184	A	G
N0_Mouse	0.436380837818	0	203	A	T
N0_Mouse	0.4369530284	0	446	G	A
N0_Mouse	0.437549266182	0	1278	T	A
N0_Mouse	0.438784186732	0	1183	C	T
N0_Mouse	0.438996941135	0	0	G	A
N0_Mouse	0.439930486518	0	217	T	G
N0_Mouse	0.440246440029	0	914	A	G
N0_Mouse	0.443008878166	0	122	C	A
N0_Mouse	0.44302132767	0	786	A	G
N0_Mouse	0.443222529223	0	967	A	C
N0_Mouse	0.44327926578	0	673	T	C
N0_Mouse	0.444406112734	0	707	T	C
N0_Mouse	0.444583490305	0	709	T	G
N0_Mouse	0.444709344274	0	1377	A	T
N0_Mouse	0.446712157093	0	1003	A	G
N0_Mouse	0.446765457193	0	499	A	C
N0_Mouse	0.448802626529	0	1538	A	G
N0_Mouse	0.449103328765	0	441	C	T
N0_Mouse	0.449477497558	0	1464	G	C
N0_Mouse	0.450660151867	0	687	A	G
N0_Mouse	0.45262652508	0	1365	C	G
N0_Mouse	0.452910188843	0	340	C	A
N0_Mouse	0.453742847754	0	774	G	A
N0_Mouse	0.454185875352	0	277	C	T
N0_Mouse	0.454418648288	0	1479	T	A
N0_Mouse	0.454710008016	0	81	A	G
N0_Mouse	0.455096755722	0	1460	C	A
N0_Mouse	0.455143238013	0	1162	C	T
N0_Mouse	0.455846856753	0	60	A	T
N0_Mouse	0.455936416919	0	629	A	C
N0_Mouse	0.456148839444	0	845	T	A
N0_Mouse	0.456313765916	0	147	A	T
N0_Mouse	0.457479127357	0	690	A	T
