edge	time	mut_orlg	mut_pos	old_state	new_state
N0_kluyveri	0.0023555879377	0	209	A	G
N0_kluyveri	0.00274867588068	0	83	C	T
N0_kluyveri	0.00297716582383	0	104	C	T
N0_kluyveri	0.00336251892973	0	443	T	C
N0_kluyveri	0.00413338505785	0	92	C	T
N0_kluyveri	0.00465188711425	0	239	C	T
N0_kluyveri	0.00520136228936	0	203	G	A
N0_kluyveri	0.00838154201254	0	245	C	T
N0_kluyveri	0.00894967359542	0	368	C	T
N0_kluyveri	0.0091578065027	0	101	A	C
N0_kluyveri	0.0102114576932	0	236	C	G
N0_kluyveri	0.0104895683096	0	377	C	T
N0_kluyveri	0.0117769431193	0	5	G	A
N0_kluyveri	0.0118243906464	0	293	G	A
N0_kluyveri	0.0120531482782	0	462	G	A
N0_kluyveri	0.0125618020473	0	287	T	C
N0_kluyveri	0.0128189802794	0	2	G	A
N0_kluyveri	0.0133563324007	0	378	G	A
N0_kluyveri	0.0136672702238	0	53	C	T
N0_D1	3.79605638807e-05	0	203	G	A
N0_D1	0.000490795070462	0	5	G	A
N0_D1	0.000579803333845	0	251	G	A
N0_D1	0.00122701404597	0	362	A	T
N0_D1	0.00137951971696	0	94	A	G
D1_N1	0.000448781183477	2	347	T	C
D1_N1	0.000798421639429	1	376	C	T
D1_N1	0.00130001874555	1	467	T	C
D1_N1	0.00137712432627	2	119	G	A
D1_N1	0.00139840482873	2	140	C	T
D1_N1	0.00155872867188	2	362	T	C
D1_N1	0.00160880638291	1	38	A	G
D1_N1	0.00177570107414	1	389	T	C
D1_N1	0.00177915365515	2	341	A	G
D1_N1	0.00195285994145	1	422	A	G
D1_N1	0.00199193729496	1	344	A	G
D1_N1	0.00231561250237	1	473	A	G
D1_N1	0.00233800520236	2	299	G	T
D1_N1	0.00242538371146	2	254	T	C
D1_N1	0.00303605734964	2	131	A	G
N1_castellii	0.000105538819861	1	407	A	C
N1_castellii	0.000162287054641	2	344	A	G
N1_castellii	0.000559740163155	2	275	A	G
N1_castellii	0.00115410200985	2	35	A	G
N1_castellii	0.00164981178909	1	371	A	C
N1_castellii	0.00184719632481	2	263	A	G
N1_castellii	0.00190876832519	1	308	G	A
N1_castellii	0.00198565286701	1	35	A	G
N1_castellii	0.00210093639936	2	197	T	G
N1_castellii	0.00225976842456	2	176	T	C
N1_castellii	0.00243051522689	1	485	G	A
N1_castellii	0.00293201768212	2	131	G	T
N1_castellii	0.00295871785784	1	20	A	G
N1_castellii	0.00299402368176	1	410	T	C
N1_castellii	0.00316657597561	2	53	C	T
N1_castellii	0.00440196630054	2	409	T	C
N1_castellii	0.00440464784455	2	398	T	A
N1_castellii	0.00566284357337	1	14	C	T
N1_castellii	0.00592369429315	1	122	T	C
N1_castellii	0.00609654699856	2	395	T	C
N1_castellii	0.00646157622922	1	89	A	G
N1_castellii	0.00681949455509	1	245	C	T
N1_castellii	0.00739261350217	2	125	G	A
N1_castellii	0.00754660155645	1	194	A	G
N1_castellii	0.00758365046544	1	398	T	C
N1_castellii	0.00767088213716	2	200	T	C
N1_castellii	0.00776423167418	1	422	G	A
N1_castellii	0.00778255458633	1	428	C	T
N1_castellii	0.00828272345855	2	377	C	T
N1_castellii	0.00832734591029	2	11	T	C
N1_castellii	0.00847219158099	1	365	A	G
N1_castellii	0.00848994592732	2	35	G	A
N1_castellii	0.00888883421291	2	269	G	A
N1_castellii	0.00899234914879	2	164	C	T
N1_castellii	0.00942693875739	1	107	T	C
N1_castellii	0.00967517088818	2	314	T	C
N1_castellii	0.0101498495762	1	131	A	G
N1_castellii	0.0109381054962	2	284	C	T
N1_castellii	0.011202382641	1	467	C	T
N1_castellii	0.0117260331785	2	218	A	G
N1_castellii	0.0117456064657	1	28	T	C
N1_castellii	0.0117560591319	1	401	T	C
N1_castellii	0.011764588219	1	308	A	G
N1_castellii	0.0119856877714	1	206	C	T
N1_castellii	0.0124130850483	1	416	A	G
N1_castellii	0.0128152397107	2	476	T	C
N1_castellii	0.0128988865128	1	407	C	T
N1_N2	0.000152549624724	2	41	C	T
N1_N2	0.000154477002722	2	398	T	C
N1_N2	0.000161219631822	1	167	C	T
N1_N2	0.000192356039633	1	224	A	G
N1_N2	0.000351313987369	2	248	T	C
N1_N2	0.000589161493161	2	358	T	C
N1_N2	0.000763991151967	2	20	A	G
N1_N2	0.000783789691748	2	113	A	G
N1_N2	0.00116938296512	2	152	G	A
N1_N2	0.00159001177713	1	191	A	G
N1_N2	0.00188077723738	1	464	A	G
N1_N2	0.00198415871571	2	451	G	A
N1_N2	0.0020004566804	2	14	C	T
N1_N2	0.00200904649157	2	437	A	T
N1_N2	0.00234747095365	2	161	G	A
N1_N2	0.00251483134541	2	227	T	G
N1_N2	0.00291287938781	2	50	A	G
N1_N2	0.00352744836225	2	176	T	C
N1_N2	0.00372159054906	1	372	C	T
N1_N2	0.00407578358473	2	41	T	C
N1_N2	0.00429319961514	1	89	A	G
N1_N2	0.00491301316182	2	47	G	A
N1_N2	0.00503351555144	2	455	T	C
N1_N2	0.00520261744679	1	35	A	T
N1_N2	0.00560519850778	1	173	T	C
N1_N2	0.0058735723432	2	392	C	T
N1_N2	0.00591290461617	2	179	C	T
N1_N2	0.00601040377921	1	191	G	A
N1_N2	0.00609676105988	2	173	T	C
N1_N2	0.00655623683345	2	419	A	T
N1_N2	0.00662067220382	1	308	G	A
N1_N2	0.00742814359316	1	155	G	A
N1_N2	0.00760720981386	2	269	G	C
N1_N2	0.00784870189567	2	410	T	C
N1_N2	0.00786524198714	2	68	T	C
N1_N2	0.00792217580492	1	383	T	C
N1_N2	0.00793391124796	1	323	T	C
N1_N2	0.00829904890371	1	329	G	A
N1_N2	0.00907689351584	2	308	G	T
N1_N2	0.009082699836	1	306	G	A
N1_N2	0.00917727499608	1	68	T	C
N1_N2	0.00984065857725	2	147	A	G
N1_N2	0.0101765298234	2	341	G	A
N1_N2	0.0102270745853	2	485	G	A
N1_N2	0.0104248698987	1	92	C	T
N1_N2	0.0107583724406	1	42	C	T
N1_N2	0.0107840074185	1	251	A	G
N1_N2	0.0108041226668	1	155	A	G
N1_N2	0.0110127471648	2	104	C	T
N1_N2	0.0112499355533	1	206	C	T
N1_N2	0.0116509971721	1	68	C	T
N1_N2	0.011808269854	1	95	A	G
N1_N2	0.0118122886682	2	278	C	T
N1_N2	0.0124652358002	2	215	T	C
N1_N2	0.0137076854363	2	482	T	C
N1_N2	0.0137920646484	2	347	C	T
N1_N2	0.0140208597833	1	485	G	T
N1_N2	0.0143998340503	2	197	T	C
N1_N2	0.0144398949518	1	443	T	C
N1_N2	0.0146613152571	1	176	T	C
N1_N2	0.0152402150507	2	476	T	C
N1_N2	0.0153727772504	1	110	T	A
N1_N2	0.0154823852099	1	434	T	C
N1_N2	0.0156112555019	2	44	A	G
N1_N2	0.0158271121923	1	129	C	T
N2_bayanus	0.000340318718363	2	332	A	G
N2_bayanus	0.000660401930585	2	26	T	C
N2_bayanus	0.000693934191194	1	419	A	G
N2_bayanus	0.000718402027665	1	56	C	T
N2_bayanus	0.000904055952239	1	401	T	C
N2_bayanus	0.00135498314178	1	458	A	G
N2_bayanus	0.00137104733244	2	227	G	A
N2_bayanus	0.00164869560716	1	170	G	T
N2_bayanus	0.00196741275699	2	323	T	C
N2_N3	4.4489545957e-05	1	329	A	G
N2_N3	0.000195031918188	1	131	A	G
N2_N3	0.00117620329319	1	167	T	C
N3_kudriavzevii	0.0014532307178	1	368	C	T
N3_kudriavzevii	0.00154555464132	2	68	C	T
N3_kudriavzevii	0.00174060522877	1	209	A	G
N3_kudriavzevii	0.00174142045641	1	191	A	G
N3_kudriavzevii	0.00177003316995	1	53	C	T
N3_kudriavzevii	0.00183908499604	2	245	C	T
N3_kudriavzevii	0.00197783129087	1	59	T	C
N3_kudriavzevii	0.00204511522466	1	224	G	A
N3_kudriavzevii	0.0021933917952	2	305	C	T
N3_kudriavzevii	0.00265270832264	1	0	T	G
N3_kudriavzevii	0.00276390049811	1	392	C	T
N3_kudriavzevii	0.00284644031832	1	260	A	G
N3_kudriavzevii	0.00361873916222	1	236	C	T
N3_kudriavzevii	0.00400682658119	2	179	T	C
N3_kudriavzevii	0.00412977215271	2	377	C	T
N3_kudriavzevii	0.00414270678801	2	379	A	G
N3_kudriavzevii	0.00417507124729	2	401	T	C
N3_kudriavzevii	0.00420010064099	2	347	T	A
N3_kudriavzevii	0.00439112838505	1	449	T	C
N3_kudriavzevii	0.00471017696966	1	14	C	A
N3_kudriavzevii	0.00476296729151	1	95	G	A
N3_kudriavzevii	0.00478803155732	1	419	A	G
N3_kudriavzevii	0.00488774198787	1	35	T	C
N3_kudriavzevii	0.00490465432618	1	53	T	C
N3_kudriavzevii	0.00493446865625	1	44	A	G
N3_kudriavzevii	0.00540070173061	2	17	T	C
N3_kudriavzevii	0.00544590960719	1	245	C	T
N3_kudriavzevii	0.00546260298956	1	455	T	C
N3_kudriavzevii	0.0058394512342	2	308	T	C
N3_kudriavzevii	0.00586752473306	1	377	C	T
N3_kudriavzevii	0.00587738260086	2	302	T	C
N3_kudriavzevii	0.00592101910639	1	209	G	A
N3_N4	0.000275742248566	1	389	C	T
N3_N4	0.000318410946813	1	470	C	T
N3_N4	0.000589263983824	1	14	C	T
N3_N4	0.000827036794743	2	167	C	T
N3_N4	0.000836244114457	2	44	G	A
N3_N4	0.00097042290336	1	206	T	C
N3_N4	0.000987063019483	1	32	A	G
N3_N4	0.00109725404263	2	239	C	T
N3_N4	0.00215926777844	1	2	G	A
N3_N4	0.00218901311617	1	116	A	G
N3_N4	0.00220524290055	1	14	T	C
N4_mikatae	9.1006236001e-05	1	335	C	T
N4_mikatae	0.00049117139549	1	458	A	C
N4_mikatae	0.000878281008034	2	329	G	A
N4_mikatae	0.00169902534427	1	386	G	A
N4_mikatae	0.00209735049958	1	94	G	A
N4_mikatae	0.00214150305678	1	311	T	C
N4_mikatae	0.00220617878551	1	86	G	A
N4_mikatae	0.00220954504976	2	308	T	C
N4_mikatae	0.0022170261449	2	233	T	C
N4_mikatae	0.00313884125555	1	230	T	C
N4_mikatae	0.00318169309113	2	212	C	T
N4_mikatae	0.00365083126547	1	41	C	T
N4_mikatae	0.00383572022189	1	432	G	A
N4_N5	9.54805670852e-05	1	479	T	C
N4_N5	0.000237608171001	2	119	A	G
N4_N5	0.000395177652692	2	260	A	G
N4_N5	0.000573605137728	1	140	C	T
N4_N5	0.0006014150984	1	212	C	T
N4_N5	0.000913561590764	1	122	T	G
N4_N5	0.00111561227277	1	182	T	C
N4_N5	0.00132582958088	1	41	C	T
N5_paradoxus	0.000139105355938	1	71	G	A
N5_paradoxus	0.000161697755871	2	290	C	T
N5_paradoxus	0.000313595096119	2	215	C	T
N5_paradoxus	0.000665153839787	1	212	T	C
N5_paradoxus	0.000852521592259	2	365	A	T
N5_paradoxus	0.000852707775768	1	116	G	A
N5_paradoxus	0.000855527458839	1	455	T	C
N5_paradoxus	0.000890920638297	2	272	T	C
N5_paradoxus	0.0010820875305	2	470	C	T
N5_paradoxus	0.00153433944573	1	89	G	A
N5_cerevisiae	0.000217758319077	1	329	G	A
N5_cerevisiae	0.000232158765857	2	380	A	G
N5_cerevisiae	0.000457643814045	2	224	A	T
N5_cerevisiae	0.000573125231602	1	83	C	T
N5_cerevisiae	0.000679503381457	1	78	T	C
N5_cerevisiae	0.000779779520595	2	110	T	C
N5_cerevisiae	0.00112030664117	1	224	G	A
N5_cerevisiae	0.00115291478667	1	353	A	G
N5_cerevisiae	0.00132897187053	2	476	C	T
N5_cerevisiae	0.00135347452793	2	380	G	A
N5_cerevisiae	0.00169989193575	1	359	G	A
N5_cerevisiae	0.00172775531873	1	158	C	T
N5_cerevisiae	0.00179628567045	2	101	A	C
N5_cerevisiae	0.00200312460137	2	98	T	C
N5_cerevisiae	0.00202121200727	1	240	A	T
N5_cerevisiae	0.00227523444242	1	261	C	T
N5_cerevisiae	0.00236210585284	2	416	A	G
N5_cerevisiae	0.00238035871416	1	137	A	G
N5_cerevisiae	0.0023851794667	2	98	C	T
N5_cerevisiae	0.00305830584158	1	320	T	C
N5_cerevisiae	0.00327942399769	2	176	C	T
N5_cerevisiae	0.00384183525543	1	110	A	G
N5_cerevisiae	0.00421314605539	2	53	C	T
