edge	time	mut_orlg	mut_pos	old_state	new_state
N0_D1	0.00146638864345	0	1256	G	A
N0_D1	0.00160516125742	0	368	T	G
N0_D1	0.00173126112073	0	691	G	C
N0_D1	0.00177107869204	0	191	G	A
N0_D1	0.00239495651447	0	1649	G	A
N0_D1	0.00315926770314	0	231	G	C
N0_D1	0.00399569272338	0	191	A	T
N0_D1	0.00452282840903	0	777	C	T
N0_D1	0.00455704740734	0	914	C	T
N0_D1	0.00596944989683	0	364	G	T
N0_D1	0.00626247057968	0	321	C	A
N0_D1	0.00643341250009	0	778	G	T
N0_D1	0.00765404198057	0	60	T	C
N0_D1	0.00788722622045	0	1093	T	A
N0_D1	0.00801372624845	0	1036	A	C
N0_D1	0.0091507044109	0	720	C	A
N0_D1	0.0107879536324	0	1369	C	T
N0_D1	0.0113201198655	0	1345	C	T
N0_D1	0.0125951066715	0	79	G	A
N0_D1	0.0129160449063	0	1518	A	G
N0_D1	0.0133844515818	0	1063	T	G
N0_D1	0.0138753217246	0	943	C	A
N0_D1	0.0140178925413	0	503	C	T
N0_D1	0.0140205330617	0	475	A	G
N0_D1	0.0142656173733	0	1331	A	G
N0_D1	0.0142943660178	0	48	T	A
N0_D1	0.0161808570811	0	1671	C	G
N0_D1	0.0166044154021	0	469	A	T
N0_D1	0.0168176792862	0	1456	G	A
N0_D1	0.016823143813	0	1069	C	T
N0_D1	0.0168290799265	0	157	T	C
N0_D1	0.0186429374725	0	841	C	T
N0_D1	0.0187402686219	0	1105	T	G
N0_D1	0.0206010813626	0	923	C	T
N0_D1	0.0209676424405	0	1087	G	T
N0_D1	0.0217813858689	0	1598	A	C
N0_D1	0.0220826656971	0	1286	A	T
N0_D1	0.0226979147455	0	105	T	C
N0_D1	0.0229762488601	0	1059	T	A
N0_D1	0.0237514687569	0	1349	G	C
N0_D1	0.024027442466	0	1345	T	C
N0_D1	0.0240920747273	0	796	A	G
N0_D1	0.0244138824966	0	541	T	C
N0_D1	0.0248311568338	0	477	C	A
N0_D1	0.025136770137	0	1633	T	A
N0_D1	0.0255142376775	0	685	T	A
N0_D1	0.0261356851009	0	439	C	A
N0_D1	0.026806755728	0	405	G	C
N0_D1	0.0277979071025	0	1512	C	T
N0_D1	0.0280106241947	0	1048	T	G
N0_D1	0.0281395783383	0	489	T	G
N0_D1	0.0288622105948	0	1459	G	T
N0_D1	0.0292785426716	0	135	T	A
N0_D1	0.0299002305334	0	703	T	G
N0_D1	0.03039016275	0	687	A	T
N0_D1	0.0305598616128	0	477	A	T
N0_D1	0.0308421011032	0	1645	G	A
N0_D1	0.0318159192782	0	270	C	A
N0_D1	0.0321186192356	0	874	G	A
N0_D1	0.0321220659216	0	181	G	C
N0_D1	0.0322783069265	0	3	C	A
N0_D1	0.0327849575881	0	114	A	G
N0_D1	0.0329209831168	0	86	C	A
N0_D1	0.0332236520234	0	1205	G	A
N0_D1	0.0337530331439	0	878	A	T
N0_D1	0.0338364325235	0	1428	A	C
N0_D1	0.0342125057912	0	1306	T	G
N0_D1	0.0351049938202	0	1214	A	G
N0_D1	0.0351366031451	0	1209	G	A
N0_D1	0.035267286762	0	100	T	A
N0_D1	0.035334804428	0	394	C	T
N0_D1	0.0367080235253	0	487	T	A
N0_D1	0.0368475530429	0	837	A	T
N0_D1	0.0376625424362	0	243	G	T
N0_D1	0.0386513574742	0	910	T	C
N0_D1	0.0388380527721	0	1657	G	A
N0_D1	0.0391261305865	0	112	T	C
N0_D1	0.0393690959515	0	117	A	C
N0_D1	0.0395425976455	0	745	T	A
N0_D1	0.0398376232676	0	190	T	G
N0_D1	0.0401429110452	0	1398	A	C
N0_D1	0.0406569952216	0	254	G	A
N0_D1	0.0412803411459	0	1144	G	A
N0_D1	0.0412877036095	0	580	T	C
N0_D1	0.0415538785795	0	1694	A	G
N0_D1	0.0416955478217	0	951	C	T
N0_D1	0.0420475559315	0	993	T	C
N0_D1	0.0421733111331	0	645	T	G
N0_D1	0.0424070082386	0	124	T	A
N0_D1	0.0429104850731	0	593	G	A
N0_D1	0.042946519781	0	647	T	C
N0_D1	0.0432924585963	0	1424	A	G
N0_D1	0.0445034580601	0	848	C	T
N0_D1	0.0453301754719	0	1532	A	T
N0_D1	0.0453611234217	0	1655	T	G
N0_D1	0.0470460603197	0	570	T	G
N0_D1	0.0492408830831	0	1416	A	G
D1_N1	0.000114809693829	2	284	T	A
D1_N1	0.00046779365527	1	1007	G	T
D1_N1	0.00113072020348	1	1478	A	C
D1_N1	0.0013360816559	1	438	T	A
D1_N1	0.0013439826254	1	1147	T	C
D1_N1	0.00157394565789	2	85	A	G
D1_N1	0.00169154800073	1	1566	A	G
D1_N1	0.00185002306869	1	1193	A	G
D1_N1	0.00289338361311	2	12	C	A
D1_N1	0.00337665439127	2	1557	T	A
D1_N1	0.00346555030044	2	1680	A	C
D1_N1	0.00379014870889	1	1038	G	A
D1_N1	0.00425716864184	2	936	C	A
D1_N1	0.00487173938691	1	1178	G	C
D1_N1	0.00594393847617	1	275	A	C
D1_N1	0.00600601776582	1	1303	C	A
D1_N1	0.0064158947233	1	843	T	G
D1_N1	0.00658797808234	2	1054	A	T
D1_N1	0.00659777951142	1	1695	A	G
D1_N1	0.0071431967205	1	897	C	T
D1_N1	0.00826892592384	1	360	G	C
D1_N1	0.00841609561009	1	852	A	T
D1_N1	0.00841806700117	2	867	C	A
D1_N1	0.00844703162365	2	1415	C	G
D1_N1	0.00859489429902	1	240	A	T
D1_N1	0.00868735359783	1	970	A	G
D1_N1	0.00936662222305	2	1405	G	A
D1_N1	0.00952845360541	2	244	C	T
D1_N1	0.00958702566576	1	34	G	T
D1_N1	0.00982413527005	1	591	T	C
D1_N1	0.0112175047134	1	306	C	T
D1_N1	0.0115771615976	2	1038	G	A
D1_N1	0.0116182851666	2	489	G	T
D1_N1	0.0119299455246	2	315	C	A
D1_N1	0.012225963528	2	1160	A	G
D1_N1	0.0123393425005	2	433	T	C
D1_N1	0.0125248220109	1	1059	A	G
D1_N1	0.0130027345621	1	1668	T	C
D1_N1	0.013077280752	1	1074	A	G
D1_N1	0.0131739399502	1	1713	T	C
D1_N1	0.0133032477603	1	119	G	C
D1_N1	0.0134315670217	1	839	T	A
D1_N1	0.0136135596808	2	629	A	T
D1_N1	0.0136942520486	1	1321	T	C
D1_N1	0.0141609928286	2	913	C	A
D1_N1	0.0152790572146	2	1557	A	G
D1_N1	0.015382617868	1	356	G	A
D1_N1	0.0163517750588	1	1499	A	C
D1_N1	0.0168353563575	1	359	T	C
D1_N1	0.0170389895836	1	1266	G	A
D1_N1	0.017052984057	1	614	G	A
D1_N1	0.0173502781797	1	795	C	G
D1_N1	0.0175024326954	2	235	A	C
D1_N1	0.0178925914497	1	61	T	A
D1_N1	0.0180712465848	2	301	T	C
D1_N1	0.0180832348501	2	404	T	G
D1_N1	0.0182026314141	1	507	T	A
D1_N1	0.0182412702801	1	421	C	T
D1_N1	0.0185183699181	1	402	A	C
D1_N1	0.0189707538916	2	521	G	T
D1_N1	0.0196545969382	2	683	T	C
D1_N1	0.0205263717909	2	919	T	C
D1_N1	0.020952473323	2	1496	T	C
D1_N1	0.0211194678689	2	580	C	A
D1_N1	0.0211406520417	1	933	T	A
D1_N1	0.0211782412138	2	709	A	T
D1_N1	0.021215016457	1	283	A	T
D1_N1	0.0215187518052	2	282	C	G
D1_N1	0.0219268235377	1	530	C	T
D1_N1	0.0221339976735	2	829	G	A
D1_N1	0.0224168417779	2	250	G	A
D1_N1	0.0225230056107	1	277	G	A
D1_N1	0.0227389950132	1	52	A	G
D1_N1	0.0234254537945	2	756	T	C
D1_N1	0.0238795184872	2	477	T	A
D1_N1	0.0240583818959	2	1642	T	C
D1_N1	0.0243894239246	1	1133	A	T
D1_N1	0.024410570135	2	659	A	G
D1_N1	0.0250094914792	2	694	C	A
D1_N1	0.0250742560419	2	1226	A	G
D1_N1	0.0258461158726	1	1240	G	C
D1_N1	0.026300343227	1	287	G	A
D1_N1	0.0263651221533	2	576	C	G
D1_N1	0.0266251595194	2	1078	A	G
D1_N1	0.0270042748252	2	1424	G	A
D1_N1	0.0275431705566	1	322	G	A
D1_N1	0.0280680251778	2	79	A	C
D1_N1	0.0281292702353	2	1216	A	T
D1_N1	0.0282267436607	1	753	G	A
D1_N1	0.0282749025525	2	1276	G	T
D1_N1	0.0293055181131	1	973	T	G
D1_N1	0.0293405869817	2	1164	A	G
D1_N1	0.0295204629842	1	1386	T	C
D1_N1	0.0300162787638	1	328	G	C
D1_N1	0.0306671155555	1	807	G	A
D1_N1	0.0307904630941	2	1179	A	C
D1_N1	0.0309168945138	1	1491	G	A
D1_N1	0.0309835432484	1	1143	T	A
D1_N1	0.0317154162978	1	111	T	A
D1_N1	0.0321561289909	2	965	C	A
D1_N1	0.032265487088	2	760	G	A
D1_N1	0.0322802294798	1	37	G	C
D1_N1	0.0325711360415	2	1376	G	A
D1_N1	0.0330213918918	2	1634	T	A
D1_N1	0.0331504422028	1	1540	G	T
D1_N1	0.0331863315376	2	881	A	G
D1_N1	0.0335152339492	2	1218	T	C
D1_N1	0.0336425884913	1	1301	A	C
D1_N1	0.0339247451546	2	1152	G	T
D1_N1	0.0343621406498	2	1100	C	A
D1_N1	0.0343728983402	2	756	C	T
D1_N1	0.0344305452381	1	677	A	T
D1_N1	0.0367116452751	2	1111	G	A
D1_N1	0.0367698746868	1	588	T	A
D1_N1	0.0369363326445	2	379	A	C
D1_N1	0.0370070656775	2	50	A	G
D1_N1	0.0372857148649	2	208	G	T
D1_N1	0.0372867597084	1	921	T	A
D1_N1	0.0376550862945	2	1517	A	T
D1_N1	0.0376926609266	2	80	T	A
D1_N1	0.0378633535679	2	1141	C	A
D1_N1	0.0380693465174	2	264	G	C
D1_N1	0.0383126340544	1	669	G	A
D1_N1	0.0384919232864	1	71	T	G
D1_N1	0.0394806310331	1	1645	A	G
D1_N1	0.0398301169147	2	318	A	G
D1_N1	0.040082247436	2	570	G	T
D1_N1	0.0401284197621	1	871	A	T
D1_N1	0.04025873929	2	346	G	C
D1_N1	0.0403102664785	2	984	G	A
D1_N1	0.0403988868175	1	1313	C	G
D1_N1	0.0405970933019	1	1100	C	T
D1_N1	0.0407393601893	1	641	A	G
D1_N1	0.0408505564969	2	1075	G	A
D1_N1	0.0411155566413	1	279	G	T
D1_N1	0.0416744409715	2	1075	A	T
D1_N1	0.0420355927223	2	1416	G	C
D1_N1	0.0424652231112	1	797	G	C
D1_N1	0.0425711224972	2	1632	G	A
D1_N1	0.0429965871541	1	959	T	A
D1_N1	0.0435536686174	2	1653	T	G
D1_N1	0.0441153800971	1	1508	A	T
D1_N1	0.044399467468	1	1638	A	T
D1_N1	0.0446735676683	2	413	A	T
D1_N1	0.0449953652466	2	818	C	A
D1_N1	0.0465000204422	1	1596	A	T
D1_N1	0.047152530765	2	1531	C	T
D1_N1	0.0473589800773	1	993	C	T
D1_N1	0.0478421211673	1	1704	A	G
D1_N1	0.0481135325216	2	1502	G	T
D1_N1	0.0482537960788	2	380	G	A
D1_N1	0.048258692315	1	1283	T	C
D1_N1	0.0483238785611	2	934	T	C
D1_N1	0.0488304545164	2	1465	C	T
D1_N1	0.0493011785123	1	209	T	C
D1_N1	0.0494909949931	1	960	G	A
D1_N1	0.0498485698889	2	1113	T	C
D1_N1	0.050498349301	2	964	C	T
D1_N1	0.0506634422788	2	1589	T	G
D1_N1	0.0510825203578	1	460	G	T
D1_N1	0.0512170796491	2	1278	C	A
D1_N1	0.0515153596505	2	950	T	A
D1_N1	0.051563129751	1	183	C	T
D1_N1	0.0516707317369	2	491	A	C
D1_N1	0.051999791446	1	150	T	A
D1_N1	0.0528470518066	2	1079	C	A
D1_N1	0.0531248486241	2	583	A	G
D1_N1	0.0531695285447	1	987	A	G
D1_N1	0.053188100716	2	986	A	T
D1_N1	0.0537984236081	1	118	G	A
D1_N1	0.0538751293545	1	1329	T	C
D1_N1	0.0539462094635	1	367	A	G
D1_N1	0.0541377888886	1	1566	G	A
D1_N1	0.0547871327892	1	1496	T	C
D1_N1	0.0549767028386	1	915	A	G
D1_N1	0.0551158031065	2	779	A	G
D1_N1	0.0552192402757	1	78	G	A
D1_N1	0.0552203424271	1	1502	G	C
D1_N1	0.0554319121054	1	355	A	T
D1_N1	0.0557464322059	2	272	C	A
D1_N1	0.0563000579991	2	815	T	G
D1_N1	0.056362214031	2	703	G	A
D1_N1	0.0572664630586	1	1196	G	T
D1_N1	0.0573687112282	2	744	A	G
D1_N1	0.0578671703847	1	312	T	C
D1_N1	0.0589597732568	1	1565	T	C
D1_N1	0.0595740159651	1	1014	A	C
D1_N1	0.0596430262857	2	852	A	T
D1_N1	0.0596588371359	1	1261	C	A
D1_N1	0.0597502369724	2	530	C	T
D1_N1	0.0599115041572	2	281	C	T
D1_N1	0.060257808628	1	1153	G	A
D1_N1	0.0607443794746	2	1134	C	G
D1_N1	0.061057398426	2	1122	C	T
D1_N1	0.0612607366598	1	1057	G	T
D1_N1	0.0612743797273	2	1169	G	A
D1_N1	0.0615019309539	2	424	C	T
D1_N1	0.0628398690302	2	1429	A	G
D1_N1	0.0630132949402	1	1232	A	G
D1_N1	0.0633702581552	1	301	T	C
D1_N1	0.0635422427704	2	380	A	G
D1_N1	0.0638256052719	2	1320	T	C
D1_N1	0.063934878419	1	1525	T	C
D1_N1	0.0642771571902	2	874	A	T
D1_N1	0.0646455220348	2	1567	A	G
D1_N1	0.065049421921	2	883	T	C
D1_N1	0.0652907345176	1	275	C	T
D1_N1	0.0654829198052	2	1180	C	T
D1_N1	0.0655814255156	2	346	C	T
D1_N1	0.0660429643423	2	667	G	T
D1_N1	0.0662466277061	1	1660	C	T
D1_N1	0.0668199868862	2	1673	A	G
D1_N1	0.0671493652135	2	523	C	A
D1_N1	0.0671913285228	1	737	C	T
D1_N1	0.0672989032009	1	889	C	A
D1_N1	0.0675809797793	2	79	C	A
D1_N1	0.0677668026904	1	1204	T	C
D1_N1	0.0678103553949	1	5	G	A
D1_N1	0.0678310388427	2	968	T	G
D1_N1	0.0679228354555	1	1136	G	T
D1_N1	0.0683512029306	2	1411	T	C
D1_N1	0.0684477809511	1	571	A	T
D1_N1	0.068638167523	1	1208	C	G
D1_N1	0.0687593842834	1	1290	G	A
D1_N1	0.069532112957	2	1489	G	C
D1_N1	0.0701139502472	2	1182	A	C
D1_N1	0.0703138239791	1	1111	G	T
D1_N1	0.070631526481	1	158	A	G
D1_N1	0.0708488746996	1	295	T	A
D1_N1	0.0712729294553	1	673	T	C
D1_N1	0.0714189044925	1	1567	A	G
D1_N1	0.0715541093827	1	1372	A	C
D1_N1	0.0719508943138	2	962	A	T
D1_N1	0.0726460535286	1	145	A	C
D1_N1	0.07276544873	1	59	T	G
D1_N1	0.0732925193479	2	286	G	A
D1_N1	0.0734185120728	1	1578	G	A
D1_N1	0.0735715589967	2	1654	T	A
D1_N1	0.0742270215622	2	1107	C	A
D1_N1	0.074594816985	1	355	T	G
D1_N1	0.0751102653321	1	1722	T	C
D1_N1	0.075265255859	2	1324	T	C
D1_N1	0.0756548647432	2	1219	G	A
D1_N1	0.0759646456302	1	614	A	T
D1_N1	0.0760281029343	2	1264	A	T
D1_N1	0.0763006920132	1	673	C	A
D1_N1	0.0764929379875	1	202	C	T
D1_N1	0.0774286939035	1	150	A	T
D1_N1	0.0775449594564	1	1569	G	A
D1_N1	0.0776497280061	1	1090	A	T
D1_N1	0.077968558647	2	1415	G	A
D1_N1	0.0787075067424	2	306	C	T
D1_N1	0.0788934214681	1	1410	T	C
D1_N1	0.0790669353041	2	232	G	A
D1_N1	0.0791928980788	2	1086	C	T
D1_N1	0.0793178850696	1	703	G	C
D1_N1	0.0796417588781	2	1155	C	T
D1_N1	0.0801791632894	2	969	G	T
D1_N1	0.0804268252207	1	325	T	C
D1_N1	0.0806871949281	2	541	C	G
D1_N1	0.0806914897556	2	258	A	C
D1_N1	0.0809181026181	2	814	A	C
D1_N1	0.0809299346394	1	1178	C	T
D1_N1	0.0812925568004	1	698	T	G
D1_N1	0.0816156802978	1	879	C	T
D1_N1	0.0820203473514	2	837	T	G
D1_N1	0.082034524634	2	174	C	A
D1_N1	0.0820586927891	2	702	C	T
D1_N1	0.0820837557278	2	545	C	T
D1_N1	0.0822751017505	2	1725	A	T
D1_N1	0.0823140567954	2	635	T	C
D1_N1	0.0823325025157	1	1704	G	A
D1_N1	0.0824251360355	1	1034	T	C
D1_N1	0.0827489498279	1	1168	T	C
D1_N1	0.0830458327076	2	1203	T	C
D1_N1	0.0833275977434	1	671	C	A
D1_N1	0.08374868364	2	791	A	T
D1_N1	0.0838416919634	1	1268	C	T
D1_N1	0.0839768015324	2	70	T	G
D1_N1	0.0846905480228	2	445	A	T
D1_N1	0.0847647126378	1	78	A	T
D1_N1	0.0847882676131	2	1127	G	A
D1_N1	0.0849021292512	2	961	T	A
D1_N1	0.0851527221143	1	131	C	A
D1_N1	0.0860837620645	1	1164	A	G
D1_N1	0.0861745846869	1	264	G	A
D1_N1	0.0863281827516	1	49	A	T
D1_N1	0.0863594627798	2	1640	T	C
D1_N1	0.0864168568283	1	932	A	G
D1_N1	0.0871150266711	2	224	A	T
D1_N1	0.0876193596528	2	56	C	T
D1_N1	0.0878276715018	2	1214	G	T
D1_N1	0.088722549856	2	1606	A	T
D1_N1	0.0888807502752	1	482	A	T
D1_N1	0.0899287560663	1	692	G	A
D1_N1	0.0900296535478	1	480	A	T
D1_N1	0.0904425125174	2	1340	A	G
D1_N1	0.0907906206785	1	1092	T	A
D1_N1	0.0908259106829	2	557	T	A
D1_N1	0.0913289895562	2	965	A	T
D1_N1	0.0914323081919	1	1403	G	A
D1_N1	0.0916719499411	2	396	A	T
D1_N1	0.0924493799464	1	1144	A	G
D1_N1	0.0928401270764	1	1000	C	T
D1_N1	0.0930674442691	1	209	C	T
D1_N1	0.0930916277024	2	485	G	A
D1_N1	0.0933263539975	2	119	G	C
D1_N1	0.0935235580696	2	356	G	A
D1_N1	0.0936829866766	1	72	A	T
D1_N1	0.0937789102738	1	18	T	C
D1_N1	0.0942921484671	1	217	A	C
D1_N1	0.0943816270668	1	1242	T	C
D1_N1	0.0943838362958	2	1411	C	A
D1_N1	0.094439723119	1	1562	C	T
D1_N1	0.0945134982978	2	1269	A	T
D1_N1	0.095622844965	1	796	G	A
D1_N1	0.0956559675126	2	220	C	T
D1_N1	0.0956997910107	2	1409	C	T
D1_N1	0.0962613762214	1	1059	A	G
D1_N1	0.0965172366095	1	1257	C	T
D1_N1	0.0971535998532	2	1562	C	A
D1_N1	0.0972247194376	1	356	A	C
D1_N1	0.0975030370373	2	1414	G	A
D1_N1	0.09797429568	1	652	C	A
D1_N1	0.0981074872685	2	317	T	G
D1_N1	0.098502106029	1	662	A	G
D1_N1	0.0991357089427	2	515	A	T
D1_N1	0.0993519974371	1	357	T	C
D1_N1	0.0993608437075	1	392	G	T
D1_N1	0.0995813521776	1	1456	A	G
D1_N1	0.0996767067579	2	754	C	A
D1_N1	0.100027396564	1	489	G	A
D1_N1	0.100268193952	1	1498	G	T
D1_N1	0.100350794404	2	1131	A	C
D1_N1	0.100789494731	1	981	G	T
D1_N1	0.100943568481	2	1362	T	G
D1_N1	0.101156077745	1	1565	C	T
D1_N1	0.101499984096	1	1663	A	G
D1_N1	0.101603494384	1	361	C	T
D1_N1	0.101767619809	1	694	C	T
D1_N1	0.101812165055	1	1191	T	G
D1_N1	0.102445427062	1	1640	T	C
D1_N1	0.102600597471	1	23	C	T
D1_N1	0.103110686821	1	1634	T	G
D1_N1	0.103378215764	2	266	C	T
D1_N1	0.103691252174	1	1189	T	C
D1_N1	0.104253135583	1	751	C	T
D1_N1	0.104477624772	2	802	T	C
D1_N1	0.104890613198	2	1396	T	C
D1_N1	0.104895481861	1	1036	C	G
D1_N1	0.105126716521	2	683	C	T
D1_N1	0.105467719705	1	653	T	G
D1_N1	0.10550424547	2	1083	A	T
D1_N1	0.105531744348	2	1709	A	G
D1_N1	0.105905989065	2	1612	T	C
D1_N1	0.106023851831	2	976	C	T
D1_N1	0.106110157912	1	704	A	G
D1_N1	0.106262005989	1	1149	G	A
D1_N1	0.106360091998	2	790	T	C
D1_N1	0.106452579194	2	384	C	T
D1_N1	0.106850837364	2	304	A	C
D1_N1	0.107030880195	1	1447	A	T
D1_N1	0.107418886397	1	1714	T	A
D1_N1	0.107982376335	1	1620	G	C
D1_N1	0.108728732331	2	259	C	T
D1_N1	0.108823466104	2	871	A	C
D1_N1	0.110459387677	1	55	A	T
D1_N1	0.111065602044	1	498	A	G
D1_N1	0.1118305568	2	736	T	A
D1_N1	0.11418680976	2	1018	C	T
D1_N1	0.114337323542	1	1644	C	A
D1_N1	0.114375284494	2	1032	G	A
D1_N1	0.114474091917	1	734	T	C
D1_N1	0.114956213015	1	735	A	G
D1_N1	0.115085289429	2	502	G	A
D1_N1	0.115712084973	1	80	T	A
D1_N1	0.115859009296	1	1620	C	T
D1_N1	0.116349816061	2	1349	C	A
D1_N1	0.116530421064	1	226	T	C
D1_N1	0.116705747386	1	1119	G	A
D1_N1	0.116809636288	2	249	G	A
D1_N1	0.117566450593	1	929	T	C
D1_N1	0.118083296522	2	957	A	C
D1_N1	0.118255820095	2	555	C	T
D1_N1	0.118269320649	2	1215	T	A
D1_N1	0.118449957076	2	649	A	T
D1_N1	0.118561931029	2	647	C	T
D1_N1	0.118767182123	2	661	C	A
D1_N1	0.118781765391	1	1622	A	G
D1_N1	0.11882503288	1	209	T	C
D1_N1	0.118863040954	1	119	C	T
D1_N1	0.118908780012	2	214	A	C
D1_N1	0.119225505523	1	582	G	A
D1_N1	0.119728196187	2	332	T	C
D1_N1	0.120255803186	1	783	T	C
D1_N1	0.120404820722	1	1170	G	T
D1_N1	0.120413794018	1	1152	G	A
D1_N1	0.120556097021	2	1469	T	C
D1_N1	0.121148033683	1	1164	G	T
D1_N1	0.121523411625	1	169	A	T
D1_N1	0.12156834696	1	910	C	T
D1_N1	0.121783540319	2	471	G	T
D1_N1	0.122056347708	2	515	T	C
D1_N1	0.122159003959	2	1458	A	G
D1_N1	0.122355466842	1	1078	A	T
D1_N1	0.122881713547	1	365	G	C
D1_N1	0.122931938375	2	220	T	A
D1_N1	0.122979895172	2	1595	T	C
D1_N1	0.123069449141	1	528	C	A
D1_N1	0.123130492589	2	608	T	G
D1_N1	0.123171715729	1	875	A	G
D1_N1	0.123785024305	2	695	A	C
D1_N1	0.123877152128	1	1434	G	A
D1_N1	0.124168101604	1	291	C	T
D1_N1	0.124285479933	1	305	A	G
D1_N1	0.124899009797	1	115	A	T
D1_N1	0.125100598768	1	1489	G	T
D1_N1	0.125590353481	1	1057	T	C
D1_N1	0.1262191745	1	1453	T	G
D1_N1	0.126471554492	2	621	C	T
D1_N1	0.12726486206	2	1081	T	G
D1_N1	0.128077857485	2	1181	T	A
D1_N1	0.128200829155	2	762	A	G
D1_N1	0.128638499125	1	1350	G	A
D1_N1	0.128884779522	2	680	A	G
D1_N1	0.129032304149	1	785	C	T
D1_N1	0.129115068664	1	1367	T	A
D1_N1	0.12946175039	2	539	C	A
D1_N1	0.129817066343	2	385	G	A
D1_N1	0.129838150377	2	236	T	A
D1_N1	0.130011974858	1	461	C	T
D1_N1	0.130378181236	1	430	A	T
D1_N1	0.13038611264	1	1624	T	C
D1_N1	0.130946892913	1	1722	C	T
D1_N1	0.132667123588	1	1384	T	C
D1_N1	0.133036375203	1	1673	A	G
D1_N1	0.133053497407	2	461	C	A
D1_N1	0.133530815202	1	744	A	G
D1_N1	0.133645901198	2	25	A	G
D1_N1	0.134621121787	1	691	C	T
D1_N1	0.134775070408	2	481	C	T
D1_N1	0.135361319609	1	1267	C	T
D1_N1	0.135408869304	2	1412	T	G
D1_N1	0.135543127605	1	508	A	C
D1_N1	0.135553790871	1	1243	A	G
D1_N1	0.136201077907	2	1465	T	A
D1_N1	0.136524226125	1	551	T	C
D1_N1	0.136733865857	2	495	C	T
D1_N1	0.137052769448	2	469	T	C
D1_N1	0.137117228714	2	873	A	G
D1_N1	0.137817947067	2	1250	C	A
D1_N1	0.137939431835	2	119	C	A
D1_N1	0.137958710213	1	16	C	A
D1_N1	0.138034184499	1	873	A	T
D1_N1	0.138171952471	1	241	T	C
D1_N1	0.138228352913	1	1029	C	G
D1_N1	0.138305458464	1	829	G	A
D1_N1	0.13911010493	1	354	G	T
D1_N1	0.139176105465	1	672	G	A
D1_N1	0.139339312251	1	1433	G	T
D1_N1	0.139651047393	1	1200	C	A
D1_N1	0.140266988383	2	567	A	T
D1_N1	0.140885328973	2	806	C	A
D1_N1	0.141065720241	2	352	A	T
D1_N1	0.141416957947	2	1236	T	C
D1_N1	0.141524703705	1	422	C	T
D1_N1	0.141662774458	2	1689	C	A
D1_N1	0.141719454609	2	1058	C	T
D1_N1	0.141867541376	1	1188	A	G
D1_N1	0.142294856279	1	1316	T	A
D1_N1	0.142509676099	1	1655	G	A
D1_N1	0.142610669415	2	1671	G	A
D1_N1	0.142648723901	2	308	G	A
D1_N1	0.143864852183	1	987	G	T
D1_N1	0.143925876746	2	1140	A	G
D1_N1	0.14417368209	2	1640	C	T
D1_N1	0.144354488223	1	940	C	T
D1_N1	0.144473864262	2	1224	T	G
D1_N1	0.144821995253	1	1069	T	C
D1_N1	0.145543012269	2	1167	T	C
D1_N1	0.145561638456	1	278	T	C
D1_N1	0.145607473029	2	974	A	T
D1_N1	0.14610818641	2	1271	C	A
D1_N1	0.14641537976	2	0	A	G
D1_N1	0.147286098461	1	1259	G	C
D1_N1	0.1475560166	1	1149	A	G
D1_N1	0.148635752963	1	1661	A	G
D1_N1	0.148759399001	2	312	T	A
D1_N1	0.148868671879	2	324	T	A
D1_N1	0.148963101237	2	1376	A	T
D1_N1	0.149632910206	2	1051	C	G
D1_N1	0.149830795529	2	1112	T	C
D1_N1	0.1499143105	1	900	A	T
D1_N1	0.150797841338	2	456	G	A
D1_N1	0.151130859989	1	323	C	T
D1_N1	0.151135420156	1	697	G	T
D1_N1	0.151562114093	1	971	C	G
D1_N1	0.151582237232	1	804	A	T
D1_N1	0.151759219857	2	1461	T	C
D1_N1	0.151833022858	2	1608	A	G
D1_N1	0.152121625935	1	882	C	G
D1_N1	0.152273480381	2	533	G	A
D1_N1	0.153026134821	1	1703	A	G
D1_N1	0.153077731166	1	333	C	T
D1_N1	0.154520069928	1	1202	G	T
D1_N1	0.154808743687	2	219	G	A
D1_N1	0.15547801227	1	576	C	A
D1_N1	0.15681938511	1	514	C	T
D1_N1	0.157453506641	1	1018	C	A
D1_N1	0.158355213888	2	637	T	C
D1_N1	0.158416528567	2	1596	T	A
D1_N1	0.158795033085	2	1467	G	A
D1_N1	0.158910566984	1	1623	G	C
D1_N1	0.159008697264	2	1447	A	G
D1_N1	0.159098974149	1	831	A	G
D1_N1	0.159112442901	1	45	C	T
D1_N1	0.159406732575	1	1062	T	G
D1_N1	0.159750722698	1	526	T	A
D1_N1	0.160200678512	2	543	C	T
D1_N1	0.160405899394	2	745	A	C
D1_N1	0.160518899905	2	860	G	T
D1_N1	0.160958002884	2	463	T	A
D1_N1	0.161104174133	1	755	T	G
D1_N1	0.161284747769	1	1558	C	T
D1_N1	0.161853850348	1	129	C	T
D1_N1	0.162182771163	2	1243	A	T
D1_N1	0.162207956674	1	393	A	T
D1_N1	0.16231855681	1	431	C	A
D1_N1	0.162356613858	2	1405	A	T
D1_N1	0.162365070288	1	965	C	T
D1_N1	0.162576397817	1	1583	G	T
D1_N1	0.162803616204	2	167	T	A
D1_N1	0.162893618565	1	1252	C	T
D1_N1	0.163460731259	2	1220	G	T
D1_N1	0.163553969713	2	1518	G	A
D1_N1	0.163633058497	2	1548	C	T
D1_N1	0.164168158308	1	721	A	C
D1_N1	0.164305306312	1	1595	T	C
D1_N1	0.164391751173	1	365	C	A
D1_N1	0.164467023447	2	598	C	G
D1_N1	0.164606631762	1	1040	A	G
D1_N1	0.164687949693	1	1633	A	G
D1_N1	0.164741795755	1	265	T	C
D1_N1	0.165231213581	1	762	A	G
D1_N1	0.165629351671	2	123	A	G
D1_N1	0.165933098187	2	1145	C	G
D1_N1	0.165985437994	1	439	A	C
D1_N1	0.166503006461	1	264	A	G
D1_N1	0.166709806819	2	46	C	G
D1_N1	0.167450678943	1	1355	A	G
D1_N1	0.167577939638	2	359	T	G
D1_N1	0.167581885468	2	1405	T	A
D1_N1	0.1680555512	1	367	G	A
D1_N1	0.16806543858	1	429	T	C
D1_N1	0.168294676409	1	1547	C	T
D1_N1	0.168611911788	1	515	A	C
D1_N1	0.168655168933	1	94	A	T
D1_N1	0.168714330909	1	1481	C	A
D1_N1	0.169186453923	2	1553	T	C
D1_N1	0.169353053415	1	229	C	T
D1_N1	0.169534108895	2	501	C	T
D1_N1	0.169601980058	1	367	A	G
D1_N1	0.169775491369	1	1225	T	A
D1_N1	0.169814736324	1	628	T	C
D1_N1	0.169826613832	1	476	G	T
D1_N1	0.169946271113	2	1330	A	T
D1_N1	0.170068599585	2	938	C	A
D1_N1	0.170181286239	2	1519	G	A
D1_N1	0.170296997738	1	407	A	C
D1_N1	0.170365520419	2	1167	C	T
D1_N1	0.17123208606	2	1048	G	A
D1_N1	0.171270827956	2	283	A	G
D1_N1	0.171443552975	2	1400	T	G
D1_N1	0.171896427966	2	521	G	A
D1_N1	0.172555456518	1	861	T	G
D1_N1	0.173321126774	1	695	A	T
D1_N1	0.174002452887	1	1078	T	C
D1_N1	0.174300909608	2	543	T	A
D1_N1	0.17434539808	2	381	T	C
D1_N1	0.174787048419	2	1431	T	C
D1_N1	0.176002639229	2	862	T	C
D1_N1	0.176523890659	2	1125	G	A
D1_N1	0.176548261724	1	165	A	G
D1_N1	0.176950013157	1	6	A	G
D1_N1	0.178318193153	1	189	C	A
D1_N1	0.178663694233	2	1217	A	G
D1_N1	0.179089188623	1	1006	C	T
D1_N1	0.179137903402	2	1358	A	G
D1_N1	0.179432600185	2	433	C	A
D1_N1	0.180385906162	2	799	G	A
D1_N1	0.180506899558	2	1093	A	C
D1_N1	0.181231417225	2	1658	C	T
D1_N1	0.182240461282	2	787	G	C
D1_N1	0.182411534394	1	1147	C	T
D1_N1	0.182671825309	1	822	G	A
D1_N1	0.18276358591	1	1094	C	A
D1_N1	0.183887621824	2	397	A	G
D1_N1	0.184835903652	1	1054	A	C
D1_N1	0.185000451107	1	376	T	G
D1_N1	0.185186783547	1	726	C	A
D1_N1	0.185555197663	2	516	A	G
D1_N1	0.185801766111	1	579	A	C
D1_N1	0.185917860429	2	128	T	C
D1_N1	0.186008295823	2	1484	C	T
D1_N1	0.186303198541	1	494	C	T
D1_N1	0.186434479603	1	538	G	A
D1_N1	0.186737750951	1	792	C	A
D1_N1	0.187316628791	2	204	A	T
D1_N1	0.187489291656	1	1310	C	A
D1_N1	0.187552075293	1	1190	T	A
D1_N1	0.187951127313	1	1440	C	G
D1_N1	0.188399307992	2	482	A	T
D1_N1	0.188834271503	1	771	A	T
D1_N1	0.189141671402	2	619	G	A
D1_N1	0.189438588867	1	788	T	C
D1_N1	0.189503101218	1	160	A	G
D1_N1	0.189606552221	2	877	A	G
D1_N1	0.190311874542	2	858	C	G
D1_N1	0.190408546156	1	1375	G	A
D1_N1	0.190436294926	1	1386	C	A
D1_N1	0.191192362957	1	226	C	A
D1_N1	0.191279472709	1	21	C	T
D1_N1	0.191936559297	1	867	C	T
D1_N1	0.192024548012	2	286	A	G
D1_N1	0.192166393014	1	717	T	C
D1_N1	0.192599410456	2	1246	T	G
D1_N1	0.192934356804	1	959	A	G
D1_N1	0.19366239728	2	672	G	C
D1_N1	0.193776361066	2	1038	A	G
D1_N1	0.194221824266	1	894	A	G
D1_N1	0.19494309818	2	1064	C	G
D1_N1	0.195862236226	1	1510	G	C
D1_N1	0.195911406893	1	1453	G	A
D1_N1	0.196537491527	2	879	C	T
D1_N1	0.19657852627	2	781	A	G
D1_N1	0.196660647964	2	1289	C	G
D1_N1	0.198062547144	1	1439	T	C
D1_N1	0.198098869773	1	591	C	T
D1_N1	0.198186395635	2	182	C	G
D1_N1	0.198186699673	2	1534	A	G
D1_N1	0.198515493282	2	749	C	A
D1_N1	0.19896242516	1	1514	T	C
D1_N1	0.199030345438	1	1075	G	A
D1_N1	0.199049783736	2	1457	G	T
D1_N1	0.199211339887	2	50	G	C
D1_N1	0.199326592932	2	804	A	G
D1_N1	0.199724774519	1	1581	T	A
D1_N1	0.200107226808	2	18	T	C
D1_N1	0.200279258929	1	421	T	C
D1_N1	0.200373718522	1	135	A	C
D1_N1	0.200719870077	1	888	A	G
D1_N1	0.200776048961	1	1414	G	A
D1_N1	0.200818339563	2	1435	A	C
D1_N1	0.201258414251	2	427	T	C
D1_N1	0.201336185362	1	591	T	C
D1_N1	0.201443476267	2	1454	A	G
D1_N1	0.20148109491	1	294	A	G
D1_N1	0.201748640904	2	899	T	C
D1_N1	0.201803850907	2	434	T	C
D1_N1	0.202151268332	1	54	G	T
D1_N1	0.202588318958	2	806	C	T
D1_N1	0.203334319455	1	770	A	G
D1_N1	0.203637727643	2	201	G	T
D1_N1	0.204553076021	1	1682	G	A
D1_N1	0.204604984772	2	1519	A	G
D1_N1	0.20486155571	1	1558	T	C
D1_N1	0.204975404483	1	412	T	C
D1_N1	0.20498376339	2	797	G	A
D1_N1	0.205052437952	2	398	T	G
D1_N1	0.205491051331	2	630	A	G
D1_N1	0.205713804215	2	1246	G	A
D1_N1	0.205806547375	1	285	T	A
D1_N1	0.205947106697	2	531	C	T
D1_N1	0.206654386844	2	303	A	T
D1_N1	0.206901531137	1	823	G	C
D1_N1	0.207426691228	1	816	T	C
D1_N1	0.207459226824	1	1408	C	T
D1_N1	0.207688812108	2	704	A	C
D1_N1	0.208004018824	2	78	G	C
D1_N1	0.208128632355	2	496	A	G
D1_N1	0.208162141803	1	1618	A	G
D1_N1	0.20821639623	1	1254	A	G
D1_N1	0.209413272091	1	93	A	T
D1_N1	0.209421147975	1	506	C	T
D1_N1	0.209622431758	1	320	C	G
D1_N1	0.209684603865	2	726	C	A
D1_N1	0.209719664418	2	95	C	T
D1_N1	0.210318182169	2	1195	G	C
D1_N1	0.210329678251	2	1253	C	A
D1_N1	0.210681611726	2	1359	A	T
D1_N1	0.211023908612	1	20	T	C
D1_N1	0.211749150279	2	878	T	G
D1_N1	0.211924319275	2	861	T	G
D1_N1	0.212988281945	2	419	G	A
D1_N1	0.213292670964	1	1690	G	A
D1_N1	0.213479083602	1	966	C	T
D1_N1	0.21397553299	1	1181	T	A
D1_N1	0.214181473475	2	1212	G	T
D1_N1	0.214257132143	1	1641	C	T
D1_N1	0.214281943703	1	131	A	G
D1_N1	0.214473936937	1	1646	A	C
D1_N1	0.214625662171	1	518	G	A
D1_N1	0.214848109025	2	581	G	C
D1_N1	0.215178812837	2	192	T	C
D1_N1	0.215238641414	2	39	A	G
D1_N1	0.215422541761	2	557	A	T
D1_N1	0.215590171269	2	201	T	A
D1_N1	0.215934751117	1	439	C	A
D1_N1	0.216017513281	1	940	T	A
D1_N1	0.216338350454	1	1566	A	T
D1_N1	0.216800131269	2	189	C	T
D1_N1	0.217584535064	1	1693	T	C
D1_N1	0.217947259377	1	1713	C	T
D1_N1	0.218089886013	1	554	G	C
D1_N1	0.218753356662	1	941	G	T
D1_N1	0.218774196667	2	45	C	G
D1_N1	0.219070955448	1	607	G	A
D1_N1	0.219841638463	1	1074	G	A
D1_N1	0.219988788424	1	892	A	G
D1_N1	0.219990564343	1	338	A	T
D1_N1	0.2201559893	1	1544	T	C
D1_N1	0.220811948719	1	1222	G	C
D1_N1	0.220917615818	2	1027	C	T
D1_N1	0.221153273515	2	1150	G	A
D1_N1	0.221189603141	1	865	T	C
D1_N1	0.221698795995	1	965	T	C
D1_N1	0.22182777945	1	220	C	T
D1_N1	0.222231221784	1	455	C	T
D1_N1	0.222828790439	1	1538	A	G
D1_N1	0.222949588236	2	682	T	A
D1_N1	0.22298175865	1	973	G	T
D1_N1	0.223019743658	1	883	T	C
D1_N1	0.223130063508	2	0	G	A
D1_N1	0.223262993442	1	881	A	G
D1_N1	0.223292369943	2	68	C	T
D1_N1	0.223655210137	2	1692	G	T
D1_N1	0.223721571867	1	1112	T	G
D1_N1	0.223736534622	1	1705	C	T
D1_N1	0.224127773725	2	735	A	G
D1_N1	0.225746131401	2	12	A	T
D1_N1	0.226102681293	2	1390	G	A
D1_N1	0.226381553037	2	361	C	A
D1_N1	0.226397968594	1	1496	C	T
D1_N1	0.227126663606	1	644	T	C
D1_N1	0.227199298667	2	942	T	G
D1_N1	0.22739927211	1	1242	T	C
D1_N1	0.227569848893	2	49	A	G
D1_N1	0.227679058889	2	1356	C	T
D1_N1	0.227836249476	2	186	G	C
D1_N1	0.228364017379	1	1118	T	A
D1_N1	0.228498726797	2	1451	T	C
D1_N1	0.229121808822	1	127	G	A
D1_N1	0.229178733397	1	1521	A	T
D1_N1	0.229489090513	1	315	C	A
D1_N1	0.229971780583	2	1729	T	G
D1_N1	0.230222114875	1	1343	G	C
D1_N1	0.23025011063	1	1407	A	C
D1_N1	0.230943397432	2	1654	A	C
D1_N1	0.231245136072	1	360	C	T
D1_N1	0.231320436768	2	1031	G	A
D1_N1	0.231390090744	1	837	T	G
D1_N1	0.231518918044	1	599	C	T
D1_N1	0.231568617008	1	1199	G	T
D1_N1	0.231572849132	1	953	A	T
D1_N1	0.231961718879	2	357	T	G
D1_N1	0.232226186856	2	513	T	G
D1_N1	0.232351513396	2	1399	A	G
D1_N1	0.232482533679	2	48	A	C
D1_N1	0.232483599473	2	1019	A	C
D1_N1	0.232542552595	2	298	C	T
D1_N1	0.232558194974	1	1148	T	C
D1_N1	0.232716420648	1	231	C	T
D1_N1	0.232734573193	1	699	T	C
D1_N1	0.23296658495	2	904	G	A
D1_N1	0.232998809215	1	1096	A	G
D1_N1	0.23315534465	1	1410	C	G
D1_N1	0.233166280752	1	1647	G	A
D1_N1	0.233170209562	1	1124	T	C
D1_N1	0.233303057475	2	733	A	G
D1_N1	0.233401754231	1	847	C	A
D1_N1	0.233496203443	1	1485	G	T
N1_N2	0.000305104288984	2	835	T	G
N1_N2	0.000360299181758	1	1700	A	T
N1_N2	0.000751964876364	1	33	A	G
N1_N2	0.000930697367426	2	186	C	G
N1_N2	0.000974709491401	2	129	C	T
N1_N2	0.00105189239483	2	1299	G	C
N1_N2	0.00131954664196	2	1029	G	T
N1_N2	0.00183529783448	1	442	A	G
N1_N2	0.00202163971304	1	405	C	T
N1_N2	0.00241950241669	2	1527	C	G
N1_N2	0.00283784675746	1	1533	C	T
N1_N2	0.00284444119182	1	1669	C	T
N1_N2	0.00289974063353	2	1196	G	A
N1_N2	0.00293851566572	1	1720	G	A
N1_N2	0.00361664330816	1	1689	C	A
N1_N2	0.00381592377457	1	1351	C	G
N1_N2	0.00433966926077	2	401	T	A
N1_N2	0.00461790151828	2	191	T	G
N1_N2	0.00495393996605	2	596	A	G
N1_N2	0.00510062049898	2	1573	G	A
N1_N2	0.00510302827459	1	1186	G	A
N1_N2	0.00560340701541	1	89	A	C
N1_N2	0.00587002569209	2	584	C	T
N1_N2	0.0059234243967	1	1352	A	G
N1_N2	0.00687797432335	1	1543	C	A
N1_N2	0.00689920853206	2	366	T	G
N1_N2	0.00774383132806	1	719	T	G
N1_N2	0.00800913108145	2	1720	G	T
N1_N2	0.00811020583152	1	590	T	A
N1_N2	0.00843584474867	1	1362	T	C
N1_N2	0.00845588398528	1	1297	A	G
N1_N2	0.00849953664817	1	1689	A	C
N1_N2	0.00853002014291	1	51	A	G
N1_N2	0.00878536116023	2	450	T	A
N1_N2	0.00879652851277	2	1079	A	G
N1_N2	0.0089537104234	1	1012	G	T
N1_N2	0.00932203562893	1	856	A	T
N1_N2	0.00970866991428	1	357	C	A
N1_N2	0.00974958409369	1	197	G	C
N1_N2	0.0101663370075	1	991	A	T
N1_N2	0.0101667461688	2	613	T	C
N1_N2	0.0102732867677	1	1174	T	C
N1_N2	0.0103099804687	2	244	T	A
N1_N2	0.0105715447567	2	203	T	C
N1_N2	0.0108205850416	1	220	T	C
N1_N2	0.010830155742	2	181	C	T
N1_N2	0.0110740880443	1	436	A	C
N1_N2	0.011148630466	1	1597	G	C
N1_N2	0.0116648517912	1	774	C	T
N1_N2	0.0118132185361	1	837	G	A
N1_N2	0.011925510629	1	534	T	G
N1_N2	0.01231231783	1	1346	G	A
N1_N2	0.0123651279841	2	114	G	T
N1_N2	0.0135318499182	1	1232	G	A
N1_N2	0.0141293960569	2	544	A	T
N1_N2	0.0145553045925	1	1043	A	G
N1_N2	0.0146183847976	1	660	A	T
N1_N2	0.014792466641	1	1217	A	G
N1_N2	0.0150166665868	1	1423	A	G
N1_N2	0.0155336430905	2	1706	A	G
N1_N2	0.0156989286883	1	981	T	G
N2_N3	0.000762867175664	1	1463	A	T
N2_N3	0.000812030512748	2	152	A	G
N2_N3	0.000882641384095	2	890	G	A
N2_N3	0.000936299728323	2	460	G	A
N2_N3	0.00114744111161	2	1241	T	C
N2_N3	0.00123493867211	1	1452	A	T
N2_N3	0.00132220894305	2	1142	T	C
N2_N3	0.00136781454988	1	45	T	C
N2_N3	0.00211072042541	1	176	A	G
N2_N3	0.00219895397002	1	558	C	T
N2_N3	0.00245091333397	2	524	C	T
N2_N3	0.00250216661614	2	1065	A	G
N2_N3	0.00254319431945	2	764	T	C
N2_N3	0.00289846466621	2	1521	A	G
N2_N3	0.00315737905923	2	1219	A	C
N2_N3	0.00373829640405	1	1336	C	T
N2_N3	0.00375778435552	1	793	A	G
N2_N3	0.00428523162555	2	899	C	A
N2_N3	0.00437470990891	1	1099	C	T
N2_N3	0.00469755468035	1	342	G	C
N2_N3	0.00473223111735	1	639	G	T
N2_N3	0.0054978100038	1	1535	T	G
N2_N3	0.00566587656637	2	2	C	T
N2_N3	0.00596755585958	1	752	C	A
N2_N3	0.00601604575858	2	1101	G	T
N2_N3	0.00612242897308	1	1049	A	T
N2_N3	0.00614002371231	1	716	C	T
N2_N3	0.00628864325695	1	836	A	G
N2_N3	0.0064850031375	1	569	G	T
N2_N3	0.00707486764907	1	298	C	T
N3_N4	0.000395302057541	1	340	A	T
N3_N4	0.00047535089943	1	949	T	G
N3_N4	0.000548438248371	1	1143	A	G
N3_N4	0.00137963574051	1	250	G	T
N3_N4	0.00184381892907	2	0	A	C
N3_N4	0.00223073865909	1	778	T	C
N3_N4	0.00251130436836	2	1644	C	G
N3_N4	0.00300154612623	1	174	C	A
N3_N4	0.00327352685403	1	579	C	A
N3_N4	0.00338357438457	1	1355	G	A
N3_N4	0.00373530265394	1	1534	G	A
N3_N4	0.00461317138694	1	538	A	G
N3_N4	0.00464691410925	1	1084	G	A
N3_N4	0.00464711597149	1	1323	G	T
N3_N4	0.00471556793917	2	582	A	C
N3_N4	0.00493136615772	1	541	C	G
N3_N4	0.00501112986556	2	1394	C	G
N3_N4	0.00515245543818	1	1121	T	C
N3_N4	0.00538476227667	2	1349	A	T
N3_N4	0.00562414966862	2	579	A	T
N3_N4	0.00607923793483	1	1676	G	C
N3_N4	0.00696625911164	2	518	G	A
N3_N4	0.00716242250018	2	1060	T	C
N3_N4	0.00732648869754	1	1726	C	G
N3_N4	0.00747568121744	1	769	A	T
N3_N4	0.00752694394337	1	1543	A	G
N3_N4	0.00797683363032	2	318	G	A
N4_Human	0.000299849448328	1	737	T	C
N4_Human	0.000742568704541	1	413	A	G
N4_Human	0.0016012217903	1	1542	T	C
N4_Human	0.00164803917352	1	176	G	A
N4_Human	0.00182052931834	2	1318	C	G
N4_Human	0.00194634658814	1	1341	G	C
N4_Human	0.00207540438991	2	1267	C	T
N4_Human	0.002132584482	2	342	G	A
N4_Human	0.00216511029981	1	1123	C	T
N4_Human	0.00224507129827	1	702	C	T
N4_Human	0.002625269006	2	149	T	C
N4_Human	0.00263362791786	2	1396	C	G
N4_Human	0.00265971566088	1	809	A	G
N4_Human	0.00282197386826	1	569	T	A
N4_Human	0.00331487811242	1	763	T	G
N4_Human	0.00334627893129	1	1284	T	C
N4_Human	0.00341258329827	2	1512	T	C
N4_Human	0.00386208687404	1	1217	G	C
N4_Human	0.00400933551294	1	990	G	T
N4_Human	0.00409275977052	2	341	T	A
N4_Human	0.00412135350482	1	1041	A	T
N4_Human	0.00452768075045	2	715	G	A
N4_Human	0.00458005051298	1	1323	T	C
N4_Human	0.00521277851373	1	1193	G	C
N4_Human	0.00529031008162	2	1119	G	T
N4_Human	0.00599890895427	2	1578	G	A
N4_Human	0.00625309920638	2	1207	C	A
N4_Human	0.0063560407127	1	508	C	G
N4_Human	0.00653656000336	1	99	T	A
N4_Human	0.00662936809893	2	663	T	A
N4_Human	0.00703382937543	1	914	T	C
N4_Human	0.0072222566018	2	590	T	C
N4_Human	0.00723097178808	1	1050	T	G
N4_Human	0.00799827806681	1	1428	C	T
N4_Human	0.00814106877404	2	960	G	A
N4_Human	0.00835175263877	1	1008	T	C
N4_Human	0.0089427307088	1	54	T	G
N4_Human	0.00902557066928	1	130	T	C
N4_Human	0.0095749052594	1	1197	G	A
N4_Human	0.0100222449887	2	217	A	T
N4_Human	0.0101552001739	2	1343	G	A
N4_Chimp	1.67451888562e-05	1	1373	G	A
N4_Chimp	0.000426235052704	2	1602	C	G
N4_Chimp	0.000484623605735	1	175	T	C
N4_Chimp	0.000923175816903	2	446	T	A
N4_Chimp	0.00111565735196	1	984	G	T
N4_Chimp	0.00138070688887	1	1004	C	G
N4_Chimp	0.00139122346745	2	1268	C	T
N4_Chimp	0.00178152151166	1	1017	A	C
N4_Chimp	0.00238472355289	2	720	A	T
N4_Chimp	0.00252851889614	1	401	T	G
N4_Chimp	0.00274062677355	2	106	A	T
N4_Chimp	0.00299319299385	2	1317	A	C
N4_Chimp	0.0035368428516	2	1316	T	A
N4_Chimp	0.00366780820472	1	1588	C	T
N4_Chimp	0.00430130202763	1	1538	G	A
N4_Chimp	0.00431962636149	1	383	A	C
N4_Chimp	0.00438951959691	2	443	G	A
N4_Chimp	0.00471635049332	1	29	C	A
N4_Chimp	0.00473533697564	1	493	T	A
N4_Chimp	0.00474031913081	1	1205	A	T
N4_Chimp	0.00488536993433	2	25	G	T
N4_Chimp	0.00508904679717	2	1003	G	A
N4_Chimp	0.00553974322264	1	420	G	C
N4_Chimp	0.0056493129404	1	1266	A	C
N4_Chimp	0.00572518353998	2	755	T	C
N4_Chimp	0.00574700599177	2	884	C	T
N4_Chimp	0.00597253006016	1	112	C	A
N4_Chimp	0.00603423534852	1	609	A	G
N4_Chimp	0.00617948876532	1	515	C	G
N4_Chimp	0.00697583452142	1	1240	C	T
N4_Chimp	0.00698605322632	1	578	A	T
N4_Chimp	0.00703092027848	2	836	A	G
N4_Chimp	0.00728172485734	1	1178	T	A
N4_Chimp	0.00850124965927	2	79	A	G
N4_Chimp	0.00852365103187	2	564	A	T
N4_Chimp	0.00878870461011	2	632	A	G
N4_Chimp	0.0088106466492	1	375	T	G
N4_Chimp	0.00927417068209	2	974	T	A
N4_Chimp	0.00942540741069	2	1112	C	A
N4_Chimp	0.00979790203627	2	1048	A	G
N4_Chimp	0.0104074833963	2	962	T	A
N4_Chimp	0.0110671192916	2	619	A	G
N3_Goril	2.73331343531e-05	1	1528	T	C
N3_Goril	0.000145656349584	2	1329	T	C
N3_Goril	0.000162130661687	1	256	T	C
N3_Goril	0.000227991134537	1	154	A	T
N3_Goril	0.000453131720479	2	418	T	A
N3_Goril	0.000840373371129	2	975	A	T
N3_Goril	0.000974203593785	1	1411	T	G
N3_Goril	0.00122921506019	1	838	G	T
N3_Goril	0.00132692780658	2	1025	T	G
N3_Goril	0.0017770553739	2	12	T	A
N3_Goril	0.00240511381182	2	777	T	C
N3_Goril	0.00310390738796	1	430	T	C
N3_Goril	0.00319866412661	1	81	A	T
N3_Goril	0.00344538815404	2	1160	G	A
N3_Goril	0.00359576615982	1	213	G	A
N3_Goril	0.00377753619069	1	1686	G	C
N3_Goril	0.00388738487404	2	736	A	G
N3_Goril	0.0039357187335	1	650	C	T
N3_Goril	0.00402230956663	2	566	A	T
N3_Goril	0.00409925571332	2	1320	C	A
N3_Goril	0.00464237598474	2	1646	A	G
N3_Goril	0.00480436696961	2	1285	C	A
N3_Goril	0.00495272649722	1	1673	G	A
N3_Goril	0.00502049321467	2	817	C	G
N3_Goril	0.00533154903506	1	1685	T	C
N3_Goril	0.00579543720673	2	1314	G	A
N3_Goril	0.0063351920162	2	295	T	A
N3_Goril	0.00687011365272	2	454	T	G
N3_Goril	0.00782108530297	2	1332	G	A
N3_Goril	0.00782287658223	2	431	C	T
N3_Goril	0.00807126231716	2	44	C	T
N3_Goril	0.00820124674123	2	999	A	C
N3_Goril	0.0091349582067	1	1676	G	A
N3_Goril	0.00926443016335	1	605	C	A
N3_Goril	0.00927212939335	2	1379	A	G
N3_Goril	0.00933931872202	2	1029	T	C
N3_Goril	0.00946293317816	2	494	C	T
N3_Goril	0.0101406042714	1	980	C	T
N3_Goril	0.0105116681745	1	863	G	T
N3_Goril	0.0108475514992	2	1589	G	A
N3_Goril	0.0109826596489	2	1463	A	T
N3_Goril	0.0118804250653	1	44	C	T
N3_Goril	0.012307581818	1	1237	A	G
N3_Goril	0.0125453950388	2	289	G	A
N3_Goril	0.0126308014572	2	461	T	C
N3_Goril	0.012821924869	2	499	G	C
N3_Goril	0.0130553363182	1	30	A	G
N3_Goril	0.0136773578546	2	1517	T	C
N3_Goril	0.0137143138653	1	232	G	A
N3_Goril	0.0143120830559	2	1210	T	A
N3_Goril	0.0144588224046	2	70	G	A
N3_Goril	0.0144964332507	2	674	C	T
N3_Goril	0.0149032844867	1	209	C	A
N3_Goril	0.0153999499387	2	612	T	C
N3_Goril	0.0154472678506	2	462	A	G
N3_Goril	0.0155546181868	2	264	C	G
N3_Goril	0.015951679995	2	1016	T	C
N3_Goril	0.0160735944279	1	1318	C	A
N3_Goril	0.0162965291443	1	1028	T	C
N3_Goril	0.016572935003	2	1360	C	A
N3_Goril	0.0166815843844	1	188	A	T
N3_Goril	0.0173629174856	1	250	G	A
N3_Goril	0.0174866979292	2	890	A	T
N3_Goril	0.0180803851214	1	1307	G	A
N3_Goril	0.0186300559982	1	1732	T	C
N3_Goril	0.0186794350314	2	600	C	T
N3_Goril	0.0186831344089	1	407	C	T
N3_Goril	0.018689276051	2	917	C	T
N3_Goril	0.0188004922193	1	1621	C	A
N3_Goril	0.0188511539439	2	582	A	T
N3_Goril	0.0189815167328	1	1604	T	A
N3_Goril	0.0191459924898	1	231	T	C
N3_Goril	0.0195407360795	2	502	A	C
N3_Goril	0.0198219050991	1	1220	T	G
N3_Goril	0.0200096012921	2	320	C	T
N2_Orang	7.65074530025e-05	2	1622	A	C
N2_Orang	0.000375480918916	1	68	C	T
N2_Orang	0.000749787132759	1	1005	G	A
N2_Orang	0.000895694539402	1	376	G	T
N2_Orang	0.000907386095132	2	70	G	A
N2_Orang	0.00210892575896	1	728	G	A
N2_Orang	0.00220155088092	2	628	T	C
N2_Orang	0.00254244250326	2	969	T	A
N2_Orang	0.00258349800795	1	1601	A	C
N2_Orang	0.00290728039238	1	941	T	A
N2_Orang	0.00305032089168	2	1178	G	T
N2_Orang	0.00333686013008	1	762	G	T
N2_Orang	0.00355553501791	1	33	G	C
N2_Orang	0.00358026129457	2	74	T	C
N2_Orang	0.00362346223374	2	225	C	T
N2_Orang	0.00373057833885	1	172	G	A
N2_Orang	0.00394391765313	2	252	G	A
N2_Orang	0.0040470302201	2	383	A	G
N2_Orang	0.0040679458373	1	1657	A	C
N2_Orang	0.00417444273997	2	1394	C	A
N2_Orang	0.00463357719572	2	1246	A	G
N2_Orang	0.00491782094984	2	1549	G	A
N2_Orang	0.00571230947811	2	974	T	G
N2_Orang	0.00575045781365	2	1422	C	T
N2_Orang	0.00611720945536	2	185	A	G
N2_Orang	0.00617485203414	1	351	A	T
N2_Orang	0.00625244616582	2	163	A	G
N2_Orang	0.00631232434365	2	783	T	G
N2_Orang	0.00645285052887	1	1486	T	C
N2_Orang	0.0064529308042	2	1472	T	A
N2_Orang	0.00684034621466	2	866	G	C
N2_Orang	0.00724410345784	1	434	T	C
N2_Orang	0.00768423913629	2	1143	T	C
N2_Orang	0.00769083642171	2	1600	G	A
N2_Orang	0.00770432879407	1	788	C	T
N2_Orang	0.0080977677337	2	557	T	C
N2_Orang	0.00824317631168	2	1357	A	G
N2_Orang	0.00825821932451	2	845	A	C
N2_Orang	0.00875340880268	1	428	A	G
N2_Orang	0.00889483402102	1	351	T	C
N2_Orang	0.00937515465363	2	760	A	T
N2_Orang	0.00941619061562	1	725	G	C
N2_Orang	0.00944901562139	2	464	G	A
N2_Orang	0.00963926027021	1	1118	A	T
N2_Orang	0.009878057508	2	841	T	A
N2_Orang	0.0101046428925	1	552	T	C
N2_Orang	0.0101239311874	1	546	T	C
N2_Orang	0.0110857495879	1	327	T	G
N2_Orang	0.0110932319221	2	1340	G	T
N2_Orang	0.0111250928473	1	1726	C	T
N2_Orang	0.0113154673123	2	1147	T	G
N2_Orang	0.0115124939301	2	816	T	A
N2_Orang	0.0116107741309	1	1049	A	T
N2_Orang	0.0116745721221	1	1147	T	C
N2_Orang	0.0117555797971	1	1625	T	C
N2_Orang	0.0118745985251	2	1381	T	C
N2_Orang	0.0123673206272	2	1619	A	T
N2_Orang	0.0125180533697	2	1196	A	G
N2_Orang	0.0127518443874	2	193	T	C
N2_Orang	0.0128273555504	1	1193	G	A
N2_Orang	0.0132598661242	2	421	C	T
N2_Orang	0.013308454507	1	701	C	G
N2_Orang	0.0136460140746	1	880	T	A
N2_Orang	0.013746396463	2	1097	G	A
N2_Orang	0.0142159127382	2	1187	G	T
N2_Orang	0.014222937398	1	727	G	A
N2_Orang	0.0144117089843	2	625	T	C
N2_Orang	0.0144587214248	1	169	T	C
N2_Orang	0.0144673155276	2	1405	A	G
N2_Orang	0.0145885107717	2	1199	G	A
N2_Orang	0.0146895834077	2	1669	C	T
N2_Orang	0.0147737605361	2	122	A	T
N2_Orang	0.0150282765108	2	572	T	C
N2_Orang	0.0151786368214	1	111	A	G
N2_Orang	0.0152624501985	1	1698	G	T
N2_Orang	0.0154897262291	2	907	C	A
N2_Orang	0.0155397860856	1	796	A	T
N2_Orang	0.01603319695	2	1493	C	G
N2_Orang	0.0163384738626	2	102	C	T
N2_Orang	0.0163566534824	1	1306	G	T
N2_Orang	0.0164230318519	2	1033	A	C
N2_Orang	0.0164887986518	1	69	A	G
N2_Orang	0.0171340035786	1	1491	G	A
N2_Orang	0.0172820009618	1	783	C	A
N2_Orang	0.0176513170232	1	1697	A	T
N2_Orang	0.0177923713736	1	1602	C	G
N2_Orang	0.0180277293299	2	214	A	T
N2_Orang	0.0184137281797	1	643	C	T
N1_Macaq	0.000548191054913	1	257	A	C
N1_Macaq	0.000762532841385	1	768	A	G
N1_Macaq	0.0012027632898	2	1681	T	G
N1_Macaq	0.0013397391335	2	932	A	G
N1_Macaq	0.00154345458447	1	256	T	G
N1_Macaq	0.0016710466165	2	1140	G	A
N1_Macaq	0.00172651785135	2	811	A	G
N1_Macaq	0.00232380296258	1	1324	T	A
N1_Macaq	0.00317942767484	1	211	G	A
N1_Macaq	0.00335698546926	2	1572	G	C
N1_Macaq	0.00381670532113	1	822	A	T
N1_Macaq	0.00434512855083	1	847	A	G
N1_Macaq	0.00451516516115	2	44	C	T
N1_Macaq	0.00456048202087	1	11	G	C
N1_Macaq	0.00462861780804	2	1496	C	T
N1_Macaq	0.00476544674441	2	1392	A	T
N1_Macaq	0.00491454001121	2	62	T	C
N1_Macaq	0.00510863652642	2	1127	A	G
N1_Macaq	0.00521297007499	1	1701	T	A
N1_Macaq	0.00608497830053	1	1319	C	T
N1_Macaq	0.0065106377903	1	629	A	C
N1_Macaq	0.00678122727036	1	698	G	A
N1_Macaq	0.00690593288542	2	549	C	G
N1_Macaq	0.00717872375664	2	857	G	A
N1_Macaq	0.00721755272556	1	975	A	T
N1_Macaq	0.00737820985379	1	1293	T	A
N1_Macaq	0.00752708047307	2	491	A	C
N1_Macaq	0.00796287123439	2	918	A	C
N1_Macaq	0.00813939932426	1	558	C	A
N1_Macaq	0.0087644880413	1	1706	A	T
N1_Macaq	0.00886065053332	1	1430	C	T
N1_Macaq	0.00919630996906	1	1309	A	G
N1_Macaq	0.00950066260767	2	100	A	C
N1_Macaq	0.00956591873986	2	1423	A	G
N1_Macaq	0.00983560835294	2	1351	C	A
N1_Macaq	0.00990328053816	2	1163	T	A
N1_Macaq	0.0101608239831	2	77	A	G
N1_Macaq	0.0105914290185	2	255	T	C
N1_Macaq	0.0106401451735	2	750	C	A
N1_Macaq	0.0111543853356	1	951	T	A
N1_Macaq	0.011166625333	2	471	T	A
N1_Macaq	0.011241298366	1	1273	A	C
N1_Macaq	0.0122290996364	1	1069	C	A
N1_Macaq	0.013014068649	1	1454	A	T
N1_Macaq	0.0130853380286	2	1421	T	C
N1_Macaq	0.013381368952	2	1292	T	A
N1_Macaq	0.0134573818588	2	620	T	C
N1_Macaq	0.0138457761646	1	1224	T	A
N1_Macaq	0.0144337540005	2	175	T	A
N1_Macaq	0.0144437337187	1	1231	A	C
N1_Macaq	0.0148282044617	1	1060	T	A
N1_Macaq	0.0150932537578	1	1246	T	G
N1_Macaq	0.0156960371983	1	1012	G	A
N1_Macaq	0.0158238659762	1	876	T	A
N1_Macaq	0.0159018232662	1	402	C	A
N1_Macaq	0.0159347402781	1	643	C	T
N1_Macaq	0.0176052521783	2	233	C	T
N1_Macaq	0.0176761063938	2	727	G	A
N1_Macaq	0.0187672484844	2	440	A	G
N1_Macaq	0.0188818863791	2	1284	T	A
N1_Macaq	0.0189821707375	2	44	T	A
N1_Macaq	0.0197018962104	1	1128	A	C
N1_Macaq	0.0201091955711	1	4	G	A
N1_Macaq	0.0201809781164	2	529	A	G
N1_Macaq	0.0209349210141	2	1223	C	A
N1_Macaq	0.0210950649484	2	1091	C	A
N1_Macaq	0.02145586699	2	1146	C	T
N1_Macaq	0.0217614567396	2	481	T	G
N1_Macaq	0.0219072443691	1	1571	T	C
N1_Macaq	0.0221022359485	2	1107	A	T
N1_Macaq	0.0224573135932	2	707	A	G
N1_Macaq	0.0225791412329	2	140	T	C
N1_Macaq	0.0226456812867	1	879	T	C
N1_Macaq	0.0226741983508	2	983	T	A
N1_Macaq	0.0228876760712	1	1476	T	C
N1_Macaq	0.0229234879984	1	1031	G	C
N1_Macaq	0.023274381013	2	541	G	A
N1_Macaq	0.0237306514477	1	184	A	C
N1_Macaq	0.0244769317259	2	278	T	C
N1_Macaq	0.0250846925132	1	1543	C	T
N1_Macaq	0.0251127375592	2	1508	A	T
N1_Macaq	0.0255278258359	1	1131	A	T
N1_Macaq	0.0265411509858	2	30	A	G
N1_Macaq	0.0266438379962	1	1406	G	A
N1_Macaq	0.0268112123837	2	651	T	A
N1_Macaq	0.0268773164348	1	346	G	T
N1_Macaq	0.0268886512319	2	254	A	G
N1_Macaq	0.0285824504475	1	1154	G	C
N1_Macaq	0.0299636028897	2	306	T	G
N1_Macaq	0.0306299644365	1	934	T	G
N1_Macaq	0.0312139582063	1	1720	G	A
N1_Macaq	0.0319536868882	1	1072	C	G
N1_Macaq	0.032384909161	2	39	G	A
N1_Macaq	0.0325330612244	1	1624	C	T
N1_Macaq	0.0333952066903	2	189	T	G
N1_Macaq	0.0334629500235	1	782	A	T
N1_Macaq	0.0334924707321	1	915	G	C
N1_Macaq	0.0336672061094	2	711	A	C
N1_Macaq	0.0337405310679	2	1145	G	A
N1_Macaq	0.0340733513437	2	1127	G	A
N1_Macaq	0.0342142777265	1	879	C	G
N1_Macaq	0.0342558704217	1	470	A	G
N1_Macaq	0.0343984223949	1	742	C	G
N1_Macaq	0.0350185383414	2	686	C	T
N1_Macaq	0.0351897439289	2	1448	T	C
N1_Macaq	0.0357007276855	2	1314	G	A
N1_Macaq	0.0358087415146	2	263	A	G
N1_Macaq	0.0361524164609	2	1465	A	G
N1_Macaq	0.0361994547398	1	1481	A	T
N1_Macaq	0.0364699240611	2	671	A	G
N1_Macaq	0.0365789210075	2	1211	C	G
N1_Macaq	0.0367454894909	2	636	C	T
N1_Macaq	0.0367502301388	2	558	C	G
N1_Macaq	0.0372723016623	1	1624	T	C
N1_Macaq	0.0374486540588	1	122	A	T
N1_Macaq	0.0374854519263	2	90	A	G
N1_Macaq	0.03763215377	1	1005	G	A
N1_Macaq	0.0378365643349	2	1732	T	A
N1_Macaq	0.0378678365764	1	892	G	A
N1_Macaq	0.0379091200124	1	966	T	C
N1_Macaq	0.0381913955442	1	1074	A	T
N1_Macaq	0.0382750085017	1	824	T	C
N1_Macaq	0.0385672873573	1	127	A	C
N1_Macaq	0.0387544308535	1	190	G	A
N1_Macaq	0.0388049836377	2	1388	C	T
N1_Macaq	0.0388437784844	2	1487	G	A
N1_Macaq	0.0393206443191	2	271	A	T
N1_Macaq	0.0400207415221	1	1363	A	T
N1_Macaq	0.0400694216252	1	1396	T	A
N1_Macaq	0.0401992858615	2	519	C	A
N1_Macaq	0.0403257553937	1	1510	C	T
N1_Macaq	0.0404053905451	2	1520	A	G
N1_Macaq	0.0406252128009	1	160	G	C
N1_Macaq	0.0408722680345	1	1083	A	G
N1_Macaq	0.0419653112276	1	395	C	T
N1_Macaq	0.042101767666	2	1065	A	G
N1_Macaq	0.0421151389837	1	1418	G	T
N1_Macaq	0.0424000771073	2	95	T	A
N1_Macaq	0.0424469473205	1	863	G	A
N1_Macaq	0.0424852830466	1	414	A	G
N1_Macaq	0.0425846321315	1	837	G	A
N1_Macaq	0.0426823797074	2	1360	C	T
N1_Macaq	0.0433804805949	2	348	A	G
N1_Macaq	0.043612841914	1	1673	G	T
N0_Mouse	0.00103414183521	0	460	G	A
N0_Mouse	0.00266456028379	0	259	C	G
N0_Mouse	0.00301856239655	0	1171	A	G
N0_Mouse	0.0039314787319	0	26	G	A
N0_Mouse	0.00530863688786	0	788	T	G
N0_Mouse	0.00591901668783	0	1402	G	A
N0_Mouse	0.00610853237324	0	756	T	C
N0_Mouse	0.00614449907871	0	561	C	G
N0_Mouse	0.00634986808677	0	1716	T	G
N0_Mouse	0.00668529514738	0	1315	T	A
N0_Mouse	0.0076342875043	0	1524	T	C
N0_Mouse	0.00775496530717	0	1664	A	C
N0_Mouse	0.00792489676454	0	514	C	A
N0_Mouse	0.00855294349608	0	677	A	T
N0_Mouse	0.00891460766958	0	1322	T	G
N0_Mouse	0.00966101554599	0	1535	T	C
N0_Mouse	0.00983157008197	0	188	A	G
N0_Mouse	0.011241693173	0	417	T	C
N0_Mouse	0.0124457928964	0	1359	A	G
N0_Mouse	0.0151499792176	0	1030	A	G
N0_Mouse	0.0152044404599	0	1399	A	G
N0_Mouse	0.0156645700026	0	887	T	A
N0_Mouse	0.0162729655821	0	170	A	T
N0_Mouse	0.0167660601361	0	119	G	T
N0_Mouse	0.016812941597	0	755	T	C
N0_Mouse	0.0170212639746	0	1632	G	T
N0_Mouse	0.0176041814017	0	1284	T	A
N0_Mouse	0.0179365218607	0	168	A	G
N0_Mouse	0.0181411105897	0	806	C	A
N0_Mouse	0.0182230418443	0	1294	A	T
N0_Mouse	0.0188747325975	0	131	C	T
N0_Mouse	0.0193453837331	0	635	T	A
N0_Mouse	0.020395383823	0	1629	T	C
N0_Mouse	0.0207962152227	0	497	T	C
N0_Mouse	0.0210402209489	0	1618	A	T
N0_Mouse	0.0222943591426	0	309	A	G
N0_Mouse	0.0226749056616	0	208	G	C
N0_Mouse	0.0229210533682	0	1623	G	A
N0_Mouse	0.0231247103568	0	1252	C	T
N0_Mouse	0.0235817622903	0	1041	A	C
N0_Mouse	0.0237164954562	0	1205	G	A
N0_Mouse	0.023746983065	0	867	C	G
N0_Mouse	0.0242842247468	0	1223	C	A
N0_Mouse	0.0243835654751	0	671	C	T
N0_Mouse	0.0247400936292	0	251	C	A
N0_Mouse	0.0250458959714	0	17	G	A
N0_Mouse	0.0253184355717	0	1084	G	A
N0_Mouse	0.0253986382898	0	939	A	C
N0_Mouse	0.0271896062167	0	524	C	T
N0_Mouse	0.0272863762766	0	535	T	A
N0_Mouse	0.0285458686497	0	588	T	C
N0_Mouse	0.0287162798692	0	1441	C	G
N0_Mouse	0.0290546696471	0	616	A	G
N0_Mouse	0.0299671950155	0	511	T	C
N0_Mouse	0.0305310528113	0	615	A	G
N0_Mouse	0.030854152031	0	1194	G	T
N0_Mouse	0.0317454099907	0	1576	T	C
N0_Mouse	0.0325435923599	0	84	T	C
N0_Mouse	0.0328255143918	0	775	G	A
N0_Mouse	0.034485040935	0	302	G	A
N0_Mouse	0.0346109891936	0	225	C	A
N0_Mouse	0.0354715041987	0	818	C	T
N0_Mouse	0.0364650774595	0	1344	T	C
N0_Mouse	0.0369857954519	0	1308	G	A
N0_Mouse	0.0373321431546	0	113	C	T
N0_Mouse	0.0377624032897	0	503	C	T
N0_Mouse	0.0379426162439	0	142	A	T
N0_Mouse	0.038228282209	0	45	C	A
N0_Mouse	0.0397159511886	0	9	A	G
N0_Mouse	0.0406120867493	0	1656	C	G
N0_Mouse	0.0433882914455	0	608	T	C
N0_Mouse	0.0452562808465	0	1292	T	G
N0_Mouse	0.0454470892363	0	453	G	A
N0_Mouse	0.0457296487429	0	1697	A	T
N0_Mouse	0.046911642654	0	1675	A	G
N0_Mouse	0.050753898861	0	277	G	A
N0_Mouse	0.0507870682446	0	1489	G	A
N0_Mouse	0.0510715395962	0	897	C	T
N0_Mouse	0.051529224113	0	1222	G	A
N0_Mouse	0.0519341033114	0	1449	T	A
N0_Mouse	0.0519484720184	0	889	C	A
N0_Mouse	0.0519754784716	0	950	T	A
N0_Mouse	0.0527735630913	0	1669	C	T
N0_Mouse	0.0529440424805	0	287	G	A
N0_Mouse	0.0533847753306	0	1453	T	C
N0_Mouse	0.053505897912	0	812	A	G
N0_Mouse	0.0553624752964	0	333	C	T
N0_Mouse	0.0555117205765	0	1334	G	A
N0_Mouse	0.0555394263905	0	218	A	C
N0_Mouse	0.0559801805024	0	924	C	T
N0_Mouse	0.0563381611103	0	1633	T	A
N0_Mouse	0.057081222624	0	525	G	C
N0_Mouse	0.0574986091516	0	1690	G	C
N0_Mouse	0.0584758600486	0	1163	T	A
N0_Mouse	0.0588711321117	0	1389	T	C
N0_Mouse	0.0591610573502	0	436	A	G
N0_Mouse	0.0596908136959	0	1078	A	G
N0_Mouse	0.0600368511133	0	328	G	A
N0_Mouse	0.0602226042429	0	558	C	T
N0_Mouse	0.0608515640939	0	1648	T	C
N0_Mouse	0.0612796009416	0	1179	A	C
N0_Mouse	0.0621301004666	0	871	A	G
N0_Mouse	0.0627082460008	0	756	C	T
N0_Mouse	0.0629684619009	0	1045	T	C
N0_Mouse	0.0649183247032	0	1643	T	C
N0_Mouse	0.0651127000641	0	1548	C	T
N0_Mouse	0.0663168684606	0	1403	G	A
N0_Mouse	0.0665456503963	0	1412	T	G
N0_Mouse	0.0666274674098	0	323	C	A
N0_Mouse	0.0668282690748	0	1105	T	A
N0_Mouse	0.0676319941813	0	1240	G	A
N0_Mouse	0.068727037951	0	74	T	G
N0_Mouse	0.0693896413107	0	1345	C	T
N0_Mouse	0.0695753943543	0	585	G	A
N0_Mouse	0.0696061671041	0	1703	A	G
N0_Mouse	0.0697129742696	0	1523	T	A
N0_Mouse	0.0702454466868	0	552	T	C
N0_Mouse	0.0708417539866	0	1450	C	T
N0_Mouse	0.0709279615821	0	878	A	T
N0_Mouse	0.0724160664058	0	172	G	T
N0_Mouse	0.0731667578006	0	374	G	T
N0_Mouse	0.073283924619	0	1187	G	A
N0_Mouse	0.0738737295589	0	801	T	G
N0_Mouse	0.0754272664419	0	855	A	G
N0_Mouse	0.0760044258816	0	980	C	A
N0_Mouse	0.0764508473076	0	720	C	T
N0_Mouse	0.0775558139803	0	1070	C	G
N0_Mouse	0.0781207026714	0	1686	G	A
N0_Mouse	0.0783531897278	0	470	A	G
N0_Mouse	0.0788347286765	0	129	C	G
N0_Mouse	0.0798818900462	0	17	A	G
N0_Mouse	0.0802848121343	0	1610	T	C
N0_Mouse	0.0806685524029	0	1206	T	C
N0_Mouse	0.0818995094604	0	366	T	C
N0_Mouse	0.0825697792935	0	108	G	T
N0_Mouse	0.0826138959274	0	438	T	A
N0_Mouse	0.0826271588974	0	995	T	C
N0_Mouse	0.0832667576218	0	1442	T	A
N0_Mouse	0.0841811719838	0	1307	G	C
N0_Mouse	0.0842719568989	0	1041	C	T
N0_Mouse	0.0844415227666	0	652	C	A
N0_Mouse	0.0851253636289	0	740	C	T
N0_Mouse	0.0852775843185	0	105	T	A
N0_Mouse	0.0861424694122	0	729	G	A
N0_Mouse	0.0864710163784	0	802	T	C
N0_Mouse	0.0874927316311	0	1568	G	A
N0_Mouse	0.0878696846081	0	1475	G	A
N0_Mouse	0.0880419300762	0	1161	T	A
N0_Mouse	0.0882472165728	0	1088	A	T
N0_Mouse	0.088667667597	0	1488	C	T
N0_Mouse	0.0889233087275	0	1610	C	T
N0_Mouse	0.0889594287083	0	1672	A	G
N0_Mouse	0.0889744933903	0	1428	A	C
N0_Mouse	0.0902471334912	0	1269	A	G
N0_Mouse	0.0905148020677	0	1066	G	A
N0_Mouse	0.090575795268	0	454	T	C
N0_Mouse	0.091036377107	0	1356	C	G
N0_Mouse	0.0911780824503	0	1468	T	A
N0_Mouse	0.0912092281849	0	794	C	T
N0_Mouse	0.091363295224	0	1267	C	T
N0_Mouse	0.0917941766422	0	661	C	T
N0_Mouse	0.0935216643235	0	49	A	T
N0_Mouse	0.0935261937732	0	407	A	T
N0_Mouse	0.094415586108	0	1683	C	T
N0_Mouse	0.0946301442109	0	1563	A	T
N0_Mouse	0.095436843818	0	417	C	T
N0_Mouse	0.0974935668027	0	544	A	T
N0_Mouse	0.0979535292926	0	1728	G	A
N0_Mouse	0.0980765897899	0	88	T	G
N0_Mouse	0.0988710021829	0	602	G	T
N0_Mouse	0.0996493918515	0	31	G	A
N0_Mouse	0.100149354932	0	666	C	T
N0_Mouse	0.102099814737	0	1521	A	G
N0_Mouse	0.10429999577	0	720	T	G
N0_Mouse	0.104392759251	0	816	T	G
N0_Mouse	0.104991329053	0	1134	C	T
N0_Mouse	0.105155565019	0	1106	A	C
N0_Mouse	0.105743932131	0	1288	A	C
N0_Mouse	0.106011851389	0	1168	T	A
N0_Mouse	0.106027518865	0	1117	G	A
N0_Mouse	0.10621120422	0	882	C	A
N0_Mouse	0.107177535524	0	1145	C	A
N0_Mouse	0.107341609304	0	395	C	T
N0_Mouse	0.107679240532	0	532	G	C
N0_Mouse	0.107784283578	0	421	C	T
N0_Mouse	0.10799762111	0	870	C	T
N0_Mouse	0.111377206017	0	1597	G	A
N0_Mouse	0.111469558968	0	1675	G	T
N0_Mouse	0.111928520028	0	1166	T	C
N0_Mouse	0.11197133987	0	1165	C	G
N0_Mouse	0.112029669245	0	1046	G	C
N0_Mouse	0.113236136458	0	852	A	G
N0_Mouse	0.113327868953	0	340	A	G
N0_Mouse	0.114789116357	0	17	G	A
N0_Mouse	0.115597121015	0	431	C	T
N0_Mouse	0.115726007447	0	390	A	G
N0_Mouse	0.115946606184	0	1394	C	T
N0_Mouse	0.116256364331	0	350	T	C
N0_Mouse	0.116407402492	0	1679	A	T
N0_Mouse	0.116533833263	0	348	A	G
N0_Mouse	0.117451347499	0	1082	G	A
N0_Mouse	0.11762600383	0	127	G	C
N0_Mouse	0.118242668745	0	874	G	A
N0_Mouse	0.119309603476	0	1227	G	A
N0_Mouse	0.120230826329	0	1619	A	T
N0_Mouse	0.120755265742	0	813	G	A
N0_Mouse	0.120761967643	0	634	A	T
N0_Mouse	0.121443925763	0	1121	T	A
N0_Mouse	0.121822178995	0	1388	C	T
N0_Mouse	0.122328799545	0	1406	G	A
N0_Mouse	0.122624324751	0	1731	T	G
N0_Mouse	0.123095539435	0	950	A	G
N0_Mouse	0.123949165988	0	1375	G	T
N0_Mouse	0.12442597743	0	387	A	G
N0_Mouse	0.125625176126	0	1692	G	A
N0_Mouse	0.125987510401	0	820	C	T
N0_Mouse	0.126598874438	0	1318	C	T
N0_Mouse	0.12688379396	0	314	A	C
N0_Mouse	0.127182547646	0	1289	C	T
N0_Mouse	0.127392639354	0	1106	C	A
N0_Mouse	0.128143840791	0	1684	T	G
N0_Mouse	0.128695136253	0	358	G	A
N0_Mouse	0.129729311003	0	1145	A	T
N0_Mouse	0.129774391635	0	906	A	G
N0_Mouse	0.131015954983	0	1017	A	T
N0_Mouse	0.131405245148	0	336	T	A
N0_Mouse	0.131639195368	0	1360	C	T
N0_Mouse	0.132179728629	0	216	T	C
N0_Mouse	0.132850410755	0	1658	C	A
N0_Mouse	0.13320866194	0	58	C	T
N0_Mouse	0.133210217319	0	1282	A	G
N0_Mouse	0.133571592413	0	922	A	T
N0_Mouse	0.133857096179	0	1294	T	G
N0_Mouse	0.136255226058	0	541	T	C
N0_Mouse	0.136493006164	0	180	A	T
N0_Mouse	0.136794219736	0	146	T	C
N0_Mouse	0.137149881957	0	1102	A	T
N0_Mouse	0.137340724714	0	746	C	T
N0_Mouse	0.139079075972	0	1293	T	C
N0_Mouse	0.139736283794	0	1468	A	G
N0_Mouse	0.13977771767	0	1240	A	G
N0_Mouse	0.140191926723	0	122	A	T
N0_Mouse	0.14146322476	0	1191	T	C
N0_Mouse	0.141736309204	0	998	T	C
N0_Mouse	0.143361420773	0	1269	G	T
N0_Mouse	0.144259733756	0	870	T	A
N0_Mouse	0.144528730474	0	434	T	C
N0_Mouse	0.145779410891	0	1682	G	C
N0_Mouse	0.145805028261	0	1631	G	A
N0_Mouse	0.145828029424	0	505	G	A
N0_Mouse	0.145956243142	0	571	A	G
N0_Mouse	0.146447140496	0	267	A	G
N0_Mouse	0.147188719097	0	324	T	C
N0_Mouse	0.147284321053	0	1311	T	C
N0_Mouse	0.147567677128	0	937	T	C
N0_Mouse	0.148117034798	0	1250	C	T
N0_Mouse	0.148463143012	0	1393	T	C
N0_Mouse	0.148632213884	0	1178	G	A
N0_Mouse	0.149802914517	0	1391	C	T
N0_Mouse	0.151109005672	0	51	A	T
N0_Mouse	0.151689949425	0	84	C	G
N0_Mouse	0.151836792298	0	1675	T	G
N0_Mouse	0.152276366591	0	668	C	T
N0_Mouse	0.152380831391	0	435	T	C
N0_Mouse	0.154291611178	0	821	G	A
N0_Mouse	0.15577578456	0	1653	T	A
N0_Mouse	0.156132935528	0	1518	A	G
N0_Mouse	0.156145049223	0	1341	G	A
N0_Mouse	0.15628442856	0	837	A	C
N0_Mouse	0.156833027054	0	634	T	C
N0_Mouse	0.156921643011	0	1019	A	G
N0_Mouse	0.157067080831	0	594	A	C
N0_Mouse	0.157676228523	0	1247	T	A
N0_Mouse	0.158004197441	0	455	C	G
N0_Mouse	0.160550416868	0	527	T	G
N0_Mouse	0.161325808182	0	139	T	C
N0_Mouse	0.161600538345	0	970	A	T
N0_Mouse	0.161797902397	0	1160	A	T
N0_Mouse	0.162074788942	0	1336	C	T
N0_Mouse	0.162807099746	0	486	T	C
N0_Mouse	0.163727925558	0	1373	G	T
N0_Mouse	0.163967831145	0	1222	A	T
N0_Mouse	0.164071707184	0	255	T	G
N0_Mouse	0.165749263288	0	504	G	A
N0_Mouse	0.167707147386	0	710	C	T
N0_Mouse	0.168457948207	0	1291	G	C
N0_Mouse	0.168998713606	0	1445	T	C
N0_Mouse	0.169512415169	0	11	G	A
N0_Mouse	0.170509845531	0	747	T	A
N0_Mouse	0.171605975287	0	113	T	A
N0_Mouse	0.172115297155	0	18	T	A
N0_Mouse	0.172654781706	0	1483	T	A
N0_Mouse	0.173110167362	0	1316	T	C
N0_Mouse	0.173412798856	0	641	A	C
N0_Mouse	0.173432125023	0	1698	G	A
N0_Mouse	0.173994989992	0	1264	A	G
N0_Mouse	0.17432316272	0	612	T	A
N0_Mouse	0.17547045421	0	1561	T	C
N0_Mouse	0.175670647199	0	1207	C	T
N0_Mouse	0.176660263264	0	1517	A	G
N0_Mouse	0.177027313748	0	117	A	T
N0_Mouse	0.177676550907	0	1306	T	A
N0_Mouse	0.178575847346	0	1025	T	G
N0_Mouse	0.180581925963	0	753	G	T
N0_Mouse	0.181145379579	0	504	A	T
N0_Mouse	0.181287663992	0	891	G	A
N0_Mouse	0.18157887551	0	718	C	T
N0_Mouse	0.182786487042	0	1410	T	C
N0_Mouse	0.183059169512	0	1233	C	T
N0_Mouse	0.184701523998	0	710	T	C
N0_Mouse	0.184883252927	0	481	C	T
N0_Mouse	0.185487112184	0	610	A	G
N0_Mouse	0.186739124272	0	904	G	C
N0_Mouse	0.186822882472	0	294	A	G
N0_Mouse	0.187162501324	0	1291	C	A
N0_Mouse	0.187412558773	0	712	T	A
N0_Mouse	0.188391057009	0	806	A	G
N0_Mouse	0.189801477511	0	467	C	A
N0_Mouse	0.191215689736	0	1358	A	G
N0_Mouse	0.19182697166	0	144	A	T
N0_Mouse	0.192604291503	0	652	A	G
N0_Mouse	0.192739735221	0	632	A	C
N0_Mouse	0.192916648396	0	135	T	C
N0_Mouse	0.193386523351	0	1109	C	G
N0_Mouse	0.19402848573	0	485	G	C
N0_Mouse	0.195631527689	0	73	C	A
N0_Mouse	0.195800870073	0	626	T	C
N0_Mouse	0.195848928687	0	1193	A	T
N0_Mouse	0.196716381886	0	1463	A	C
N0_Mouse	0.196925213487	0	934	T	C
N0_Mouse	0.197910240075	0	1715	A	C
N0_Mouse	0.198054500351	0	209	T	A
N0_Mouse	0.198132242509	0	208	C	A
N0_Mouse	0.198646459092	0	643	C	T
N0_Mouse	0.199688857412	0	1361	T	C
N0_Mouse	0.199732022395	0	987	A	G
N0_Mouse	0.199829359376	0	509	C	T
N0_Mouse	0.199983152304	0	263	A	T
N0_Mouse	0.200073544267	0	1623	A	C
N0_Mouse	0.201762730093	0	1592	A	G
N0_Mouse	0.202307796169	0	1365	T	C
N0_Mouse	0.202439658143	0	892	A	T
N0_Mouse	0.203506753002	0	1312	A	G
N0_Mouse	0.203811660856	0	658	T	C
N0_Mouse	0.204032375223	0	1342	C	T
N0_Mouse	0.204661660046	0	923	C	T
N0_Mouse	0.204863375604	0	754	C	A
N0_Mouse	0.20503826494	0	1160	T	C
N0_Mouse	0.205118621739	0	855	G	T
N0_Mouse	0.205286071628	0	1047	A	G
N0_Mouse	0.205410485366	0	600	C	T
N0_Mouse	0.206028628024	0	551	T	C
N0_Mouse	0.206483776106	0	469	A	G
N0_Mouse	0.208572743331	0	1033	A	G
N0_Mouse	0.209290326916	0	175	T	C
N0_Mouse	0.21132654624	0	1301	A	G
N0_Mouse	0.212716430698	0	1578	G	T
N0_Mouse	0.213057482736	0	674	C	T
N0_Mouse	0.213889687449	0	1341	A	C
N0_Mouse	0.214493091914	0	116	A	T
N0_Mouse	0.215125760811	0	764	T	A
N0_Mouse	0.215474624578	0	1478	A	G
N0_Mouse	0.215507339212	0	1728	A	T
N0_Mouse	0.21615340503	0	244	C	T
N0_Mouse	0.216434896114	0	477	C	T
N0_Mouse	0.216812212901	0	1478	G	T
N0_Mouse	0.217703670223	0	1427	C	T
N0_Mouse	0.218457543249	0	495	C	T
N0_Mouse	0.218590110216	0	1192	G	A
N0_Mouse	0.21961101673	0	1328	A	G
N0_Mouse	0.220032543285	0	591	T	A
N0_Mouse	0.220359414959	0	1069	C	A
N0_Mouse	0.220530367616	0	1527	C	T
N0_Mouse	0.220705015848	0	1627	C	T
N0_Mouse	0.221219586972	0	162	G	A
N0_Mouse	0.221462026428	0	1584	C	T
N0_Mouse	0.22218004184	0	477	T	C
N0_Mouse	0.222582967192	0	980	A	G
N0_Mouse	0.22274865575	0	483	G	T
N0_Mouse	0.223165991033	0	107	G	T
N0_Mouse	0.223418252894	0	6	A	G
N0_Mouse	0.223919129032	0	781	A	C
N0_Mouse	0.22458879935	0	647	T	C
N0_Mouse	0.225342426191	0	1185	G	C
N0_Mouse	0.225645242755	0	709	A	T
N0_Mouse	0.226527032928	0	1214	A	T
N0_Mouse	0.226562488525	0	343	C	T
N0_Mouse	0.226580682429	0	8	T	A
N0_Mouse	0.22747385051	0	982	A	C
N0_Mouse	0.227867476413	0	1664	C	T
N0_Mouse	0.227947705657	0	983	T	G
N0_Mouse	0.22824568146	0	1644	C	A
N0_Mouse	0.228913903684	0	1709	A	G
N0_Mouse	0.229411706233	0	871	G	A
N0_Mouse	0.23218285119	0	1281	C	T
N0_Mouse	0.233039284673	0	874	A	T
N0_Mouse	0.23336278049	0	1188	A	C
N0_Mouse	0.233652634625	0	995	C	T
N0_Mouse	0.233858806926	0	120	C	T
N0_Mouse	0.234759882389	0	1489	A	C
N0_Mouse	0.235209367569	0	225	A	T
N0_Mouse	0.235697735501	0	1145	T	A
N0_Mouse	0.236295050359	0	1241	T	G
N0_Mouse	0.236900919187	0	896	A	G
N0_Mouse	0.237759708532	0	71	T	C
N0_Mouse	0.238082176288	0	506	C	T
N0_Mouse	0.239346276087	0	457	G	T
N0_Mouse	0.241229240886	0	741	C	T
N0_Mouse	0.241453761397	0	680	A	T
N0_Mouse	0.241504765925	0	280	T	C
N0_Mouse	0.241967408457	0	1457	G	A
N0_Mouse	0.243063236099	0	856	A	C
N0_Mouse	0.243843622972	0	1662	G	A
N0_Mouse	0.243886199127	0	728	G	A
N0_Mouse	0.244029657211	0	993	T	C
N0_Mouse	0.244328717108	0	961	T	G
N0_Mouse	0.244465052874	0	164	A	G
N0_Mouse	0.244722090898	0	662	A	G
N0_Mouse	0.245042520881	0	1456	G	A
N0_Mouse	0.24507846653	0	1402	A	G
N0_Mouse	0.247555877703	0	1709	G	A
N0_Mouse	0.248928221116	0	752	C	A
N0_Mouse	0.249192470679	0	424	C	T
N0_Mouse	0.24950596572	0	887	A	C
N0_Mouse	0.249877974846	0	1344	C	T
N0_Mouse	0.250672228275	0	169	A	T
N0_Mouse	0.250805928318	0	667	G	A
N0_Mouse	0.251617465598	0	1002	A	G
N0_Mouse	0.252163898036	0	660	A	G
N0_Mouse	0.252410182767	0	1022	A	C
N0_Mouse	0.252781380665	0	1376	G	A
N0_Mouse	0.25328123526	0	970	T	A
N0_Mouse	0.25342979657	0	48	T	A
N0_Mouse	0.25542435199	0	654	C	A
N0_Mouse	0.255522080556	0	1586	T	G
N0_Mouse	0.255662889507	0	536	T	A
N0_Mouse	0.256666448382	0	1014	A	G
N0_Mouse	0.257268657476	0	819	C	T
N0_Mouse	0.257649991411	0	1076	A	G
N0_Mouse	0.258481234067	0	1346	G	A
N0_Mouse	0.259155317082	0	1223	A	G
N0_Mouse	0.260030706814	0	78	G	C
N0_Mouse	0.260208631259	0	892	T	A
N0_Mouse	0.261385200492	0	507	T	C
N0_Mouse	0.261424412901	0	1255	T	C
N0_Mouse	0.261979061514	0	1713	T	C
N0_Mouse	0.262009051797	0	775	A	G
N0_Mouse	0.26259217167	0	788	G	T
N0_Mouse	0.263097443887	0	978	C	A
N0_Mouse	0.263274029159	0	131	T	G
N0_Mouse	0.264169374744	0	1622	A	G
N0_Mouse	0.265229993014	0	449	C	T
N0_Mouse	0.265620087493	0	53	A	C
N0_Mouse	0.266070022184	0	69	A	G
N0_Mouse	0.266303914523	0	757	A	T
N0_Mouse	0.266438150322	0	1316	C	T
N0_Mouse	0.267199331751	0	1418	G	A
N0_Mouse	0.267615739844	0	1296	C	T
N0_Mouse	0.267634474742	0	1002	G	A
N0_Mouse	0.26793843773	0	1651	T	A
N0_Mouse	0.268567493188	0	1424	A	G
N0_Mouse	0.268680744555	0	1598	A	G
N0_Mouse	0.268757450562	0	1548	T	C
N0_Mouse	0.269743111159	0	692	G	A
N0_Mouse	0.270269030924	0	297	G	A
N0_Mouse	0.270664665324	0	550	G	A
N0_Mouse	0.271346559286	0	762	A	G
N0_Mouse	0.271574529827	0	853	C	T
N0_Mouse	0.272222821479	0	432	G	A
N0_Mouse	0.2731995136	0	1001	C	A
N0_Mouse	0.27351561679	0	90	A	G
N0_Mouse	0.27439756364	0	321	C	T
N0_Mouse	0.274653616332	0	978	A	G
N0_Mouse	0.275428011625	0	1473	A	T
N0_Mouse	0.275692750209	0	1148	T	C
N0_Mouse	0.276296977885	0	364	G	A
N0_Mouse	0.276403593151	0	1421	T	C
N0_Mouse	0.276429654106	0	227	A	T
N0_Mouse	0.276962584416	0	1464	A	T
N0_Mouse	0.278519012488	0	1275	A	T
N0_Mouse	0.282446353599	0	445	A	C
N0_Mouse	0.282850766269	0	212	A	G
N0_Mouse	0.283910845383	0	1490	G	T
N0_Mouse	0.284706461943	0	1179	C	T
N0_Mouse	0.284869931269	0	72	A	C
N0_Mouse	0.2850203976	0	563	T	G
N0_Mouse	0.28554086023	0	910	T	A
N0_Mouse	0.286273122798	0	668	T	A
N0_Mouse	0.287029490841	0	353	G	A
N0_Mouse	0.287078201069	0	829	G	C
N0_Mouse	0.289532623135	0	787	G	A
N0_Mouse	0.289660200739	0	382	T	C
N0_Mouse	0.291514744227	0	1477	T	G
N0_Mouse	0.291711062514	0	1332	G	A
N0_Mouse	0.29237622245	0	978	G	T
N0_Mouse	0.292769857515	0	1552	A	C
N0_Mouse	0.292834314102	0	707	A	T
N0_Mouse	0.292993168494	0	1492	A	T
N0_Mouse	0.29317397268	0	1168	A	T
N0_Mouse	0.293694666641	0	1218	T	G
N0_Mouse	0.293899655533	0	958	T	C
N0_Mouse	0.294072276092	0	292	T	C
N0_Mouse	0.295104298843	0	662	G	A
N0_Mouse	0.295213906025	0	733	A	T
N0_Mouse	0.296858966081	0	1723	T	C
N0_Mouse	0.297676117615	0	147	A	C
N0_Mouse	0.297819244753	0	281	C	T
N0_Mouse	0.297954587663	0	964	C	A
N0_Mouse	0.298011531982	0	1270	T	G
N0_Mouse	0.298048654762	0	1439	T	G
N0_Mouse	0.3008860621	0	73	A	G
N0_Mouse	0.300996215935	0	790	T	G
N0_Mouse	0.301370243711	0	100	T	C
N0_Mouse	0.301553515041	0	929	T	C
N0_Mouse	0.301555118938	0	1699	A	T
N0_Mouse	0.302837522647	0	1721	T	C
N0_Mouse	0.303361066831	0	589	A	G
N0_Mouse	0.303489353959	0	688	G	A
N0_Mouse	0.303663166513	0	286	G	A
N0_Mouse	0.303708955106	0	68	C	G
N0_Mouse	0.306561600542	0	694	C	T
N0_Mouse	0.307053500399	0	622	A	T
N0_Mouse	0.30740227128	0	90	G	C
N0_Mouse	0.307459632353	0	997	A	G
N0_Mouse	0.308966302694	0	1455	T	A
N0_Mouse	0.30913689349	0	1281	T	A
N0_Mouse	0.309137038439	0	1469	T	A
N0_Mouse	0.309187512949	0	1549	G	A
N0_Mouse	0.310440344543	0	1281	A	T
N0_Mouse	0.310782248001	0	1563	T	A
N0_Mouse	0.311145589002	0	424	T	A
N0_Mouse	0.31130053106	0	315	C	T
N0_Mouse	0.31186986496	0	747	A	G
N0_Mouse	0.311972683467	0	647	C	T
N0_Mouse	0.313071336053	0	1353	A	G
N0_Mouse	0.314047941213	0	617	G	A
N0_Mouse	0.314260595036	0	1103	A	G
N0_Mouse	0.314943055157	0	682	T	C
N0_Mouse	0.316140162018	0	723	T	A
N0_Mouse	0.316886999593	0	7	A	G
N0_Mouse	0.317139133662	0	1055	C	T
N0_Mouse	0.317927468551	0	504	T	A
N0_Mouse	0.318152629404	0	379	A	G
N0_Mouse	0.318262161069	0	237	G	C
N0_Mouse	0.318659775786	0	205	G	C
N0_Mouse	0.319148636418	0	559	G	A
N0_Mouse	0.319749685111	0	737	C	T
N0_Mouse	0.320264732785	0	657	A	G
N0_Mouse	0.320383172635	0	1501	T	G
N0_Mouse	0.321076861143	0	1500	A	C
N0_Mouse	0.321378790241	0	1067	G	A
N0_Mouse	0.321784020042	0	1178	A	C
N0_Mouse	0.321849693926	0	38	C	A
N0_Mouse	0.32217002289	0	533	G	A
N0_Mouse	0.323022604083	0	213	G	T
N0_Mouse	0.323283453154	0	1029	C	T
N0_Mouse	0.323304821975	0	1249	T	A
N0_Mouse	0.324385733938	0	597	T	A
N0_Mouse	0.324784339928	0	1603	A	G
N0_Mouse	0.324982609357	0	384	C	A
N0_Mouse	0.325140415141	0	240	A	C
N0_Mouse	0.325901520313	0	1425	G	A
N0_Mouse	0.32627143331	0	343	T	A
N0_Mouse	0.326715780071	0	573	T	C
N0_Mouse	0.326958620289	0	369	A	G
N0_Mouse	0.327146502259	0	579	A	C
N0_Mouse	0.327282155379	0	391	A	C
N0_Mouse	0.327833957229	0	98	A	T
N0_Mouse	0.327877921271	0	163	A	C
N0_Mouse	0.32910060958	0	1554	A	G
N0_Mouse	0.329240511101	0	1122	C	T
N0_Mouse	0.329669011649	0	57	T	C
N0_Mouse	0.329927253926	0	784	A	T
N0_Mouse	0.32993950177	0	1021	T	G
N0_Mouse	0.330532121666	0	79	G	A
N0_Mouse	0.330767158296	0	1521	G	C
N0_Mouse	0.33103181692	0	1465	C	T
N0_Mouse	0.331435240069	0	450	T	C
N0_Mouse	0.331753539359	0	641	C	T
N0_Mouse	0.333523813037	0	1386	T	G
N0_Mouse	0.333892475179	0	213	T	C
N0_Mouse	0.33464748251	0	1664	T	G
N0_Mouse	0.334744550184	0	992	A	G
N0_Mouse	0.335060866777	0	529	A	T
N0_Mouse	0.335472757441	0	1253	C	G
N0_Mouse	0.336064408877	0	1706	A	G
N0_Mouse	0.336128994801	0	391	C	A
N0_Mouse	0.336372348782	0	314	C	T
N0_Mouse	0.336480076753	0	959	T	A
N0_Mouse	0.336977323017	0	1341	C	A
N0_Mouse	0.33776646708	0	877	A	G
N0_Mouse	0.3382520083	0	247	A	G
N0_Mouse	0.338743978324	0	1421	C	A
N0_Mouse	0.339019333228	0	1264	G	A
N0_Mouse	0.339051128046	0	161	G	T
N0_Mouse	0.340284518096	0	1371	T	G
N0_Mouse	0.34087681807	0	1539	T	G
N0_Mouse	0.341271094674	0	275	A	G
N0_Mouse	0.341526793964	0	495	T	C
N0_Mouse	0.34199623199	0	435	C	T
N0_Mouse	0.342269326458	0	1580	T	G
N0_Mouse	0.342705936552	0	193	T	G
N0_Mouse	0.342724060346	0	1029	T	C
N0_Mouse	0.342885611259	0	888	A	T
N0_Mouse	0.343117250307	0	832	C	T
N0_Mouse	0.34388311025	0	938	C	G
N0_Mouse	0.347083160234	0	1383	A	C
N0_Mouse	0.34710939316	0	1263	T	G
N0_Mouse	0.347401248635	0	1079	C	T
N0_Mouse	0.347644383179	0	469	G	A
N0_Mouse	0.348046540662	0	1003	G	A
N0_Mouse	0.348182368571	0	1088	T	A
N0_Mouse	0.350242600213	0	1097	G	A
N0_Mouse	0.35040619726	0	15	T	A
N0_Mouse	0.350676880773	0	612	A	G
N0_Mouse	0.350838843648	0	213	C	T
N0_Mouse	0.350923274521	0	1044	C	G
N0_Mouse	0.351222149847	0	802	C	G
N0_Mouse	0.351557506002	0	1417	T	A
N0_Mouse	0.351806023784	0	621	C	G
N0_Mouse	0.352279217176	0	330	G	A
N0_Mouse	0.352606144901	0	1138	A	T
N0_Mouse	0.353357968818	0	190	T	C
N0_Mouse	0.3543395202	0	338	A	G
N0_Mouse	0.354458390261	0	539	C	A
N0_Mouse	0.355114969264	0	1209	G	T
N0_Mouse	0.35568663531	0	79	A	C
N0_Mouse	0.35574635918	0	525	C	T
N0_Mouse	0.355793509738	0	1607	G	T
N0_Mouse	0.355888563346	0	489	T	C
N0_Mouse	0.357990054878	0	1487	G	T
N0_Mouse	0.359397851275	0	794	T	G
N0_Mouse	0.359416914686	0	1373	T	G
N0_Mouse	0.360052857639	0	470	G	T
N0_Mouse	0.362347725072	0	1227	A	G
N0_Mouse	0.36259616114	0	220	C	G
N0_Mouse	0.362916027018	0	1653	A	T
N0_Mouse	0.363274067862	0	1230	A	C
N0_Mouse	0.364002561836	0	1278	C	A
N0_Mouse	0.364822117364	0	520	T	G
N0_Mouse	0.365285047695	0	162	A	C
N0_Mouse	0.366022423663	0	322	G	A
N0_Mouse	0.3664839444	0	903	C	A
N0_Mouse	0.366563817093	0	1481	C	T
N0_Mouse	0.367473150109	0	606	A	G
N0_Mouse	0.367562053061	0	837	C	A
N0_Mouse	0.367887053957	0	1491	G	A
N0_Mouse	0.36823396614	0	518	G	T
N0_Mouse	0.368929890772	0	1185	C	T
N0_Mouse	0.369369174093	0	1211	C	T
N0_Mouse	0.369585608539	0	447	C	G
N0_Mouse	0.369929871122	0	1082	A	T
N0_Mouse	0.370847382163	0	377	G	A
N0_Mouse	0.37128004666	0	1243	A	C
N0_Mouse	0.373110427295	0	940	C	A
N0_Mouse	0.37368266032	0	228	A	C
N0_Mouse	0.374284755563	0	1311	C	T
N0_Mouse	0.374652411998	0	342	G	A
N0_Mouse	0.37522547158	0	1496	T	C
N0_Mouse	0.375332239523	0	173	G	A
N0_Mouse	0.376416156185	0	21	C	T
N0_Mouse	0.376800667477	0	308	G	T
N0_Mouse	0.377507799779	0	1262	C	G
N0_Mouse	0.378525980256	0	1239	G	C
N0_Mouse	0.379084581142	0	1627	T	C
N0_Mouse	0.380425657225	0	700	A	T
N0_Mouse	0.380464735315	0	1252	T	A
N0_Mouse	0.380572572548	0	956	T	G
N0_Mouse	0.381575808635	0	1540	G	A
N0_Mouse	0.38171664822	0	641	T	G
N0_Mouse	0.382709011918	0	1678	G	C
N0_Mouse	0.383552665788	0	1260	A	G
N0_Mouse	0.38366663703	0	729	A	C
N0_Mouse	0.383891909771	0	951	C	T
N0_Mouse	0.384054816466	0	1670	G	A
N0_Mouse	0.384071246083	0	1331	A	C
N0_Mouse	0.384324062978	0	1654	T	A
N0_Mouse	0.384343295311	0	237	C	T
N0_Mouse	0.384614352077	0	1271	C	T
N0_Mouse	0.38468606354	0	1064	C	G
N0_Mouse	0.387372333468	0	1092	T	C
N0_Mouse	0.38784515626	0	1559	C	T
N0_Mouse	0.388544815398	0	934	C	T
N0_Mouse	0.388745676508	0	1692	A	C
N0_Mouse	0.389555775584	0	1597	A	T
N0_Mouse	0.390191387948	0	879	C	A
N0_Mouse	0.390294536086	0	1208	C	T
N0_Mouse	0.390352154553	0	1441	G	T
N0_Mouse	0.391175980176	0	311	G	C
N0_Mouse	0.391507847687	0	1106	A	T
N0_Mouse	0.392441372224	0	1089	C	T
N0_Mouse	0.393371052067	0	752	A	T
N0_Mouse	0.393396966101	0	1464	T	C
N0_Mouse	0.393885647031	0	208	A	G
N0_Mouse	0.395157751811	0	506	T	C
N0_Mouse	0.395578875057	0	1464	C	T
N0_Mouse	0.396187131314	0	927	T	C
N0_Mouse	0.397197953448	0	59	T	C
N0_Mouse	0.397339895491	0	961	G	T
N0_Mouse	0.397953058242	0	1566	A	G
N0_Mouse	0.399657636352	0	722	G	T
N0_Mouse	0.400512153379	0	531	C	A
N0_Mouse	0.402680385962	0	1521	C	T
N0_Mouse	0.402962748267	0	1318	T	A
N0_Mouse	0.403393684601	0	941	G	C
N0_Mouse	0.404021438787	0	968	T	C
N0_Mouse	0.404189194687	0	1405	G	A
N0_Mouse	0.405063093456	0	484	A	C
N0_Mouse	0.405063849066	0	1591	A	G
N0_Mouse	0.406629063341	0	1577	C	T
N0_Mouse	0.40692671206	0	989	A	T
N0_Mouse	0.407744417193	0	1130	A	G
N0_Mouse	0.40961858828	0	1717	T	C
N0_Mouse	0.410084159644	0	1094	C	T
N0_Mouse	0.41129886583	0	446	T	A
N0_Mouse	0.412438014546	0	1367	T	C
N0_Mouse	0.413128467838	0	1165	G	A
N0_Mouse	0.413219136842	0	1660	C	G
N0_Mouse	0.414097568828	0	758	A	T
N0_Mouse	0.414325583131	0	542	A	T
N0_Mouse	0.415083174845	0	754	A	T
N0_Mouse	0.415411609865	0	144	T	A
N0_Mouse	0.415716307441	0	662	A	T
N0_Mouse	0.417647795356	0	1029	C	T
N0_Mouse	0.417956282217	0	1544	T	A
N0_Mouse	0.418308477612	0	852	G	C
N0_Mouse	0.418764863436	0	538	G	A
N0_Mouse	0.419190879104	0	1040	A	C
N0_Mouse	0.419256834739	0	620	T	G
N0_Mouse	0.420734542577	0	1024	A	T
N0_Mouse	0.421127486889	0	520	G	A
N0_Mouse	0.42160928475	0	153	A	G
N0_Mouse	0.421651849714	0	1603	G	A
N0_Mouse	0.42172402187	0	1717	C	A
N0_Mouse	0.422101879561	0	68	G	C
N0_Mouse	0.422830395547	0	370	T	C
N0_Mouse	0.42291961458	0	377	A	G
N0_Mouse	0.423218920633	0	951	T	C
N0_Mouse	0.424630561025	0	1618	T	A
N0_Mouse	0.425412725693	0	1383	C	T
N0_Mouse	0.425906421032	0	292	C	G
N0_Mouse	0.426152504157	0	1292	G	A
N0_Mouse	0.426416208133	0	798	C	T
N0_Mouse	0.426829746689	0	1647	G	A
N0_Mouse	0.428336411483	0	164	G	A
N0_Mouse	0.428473908881	0	1286	A	T
N0_Mouse	0.429317720528	0	251	A	C
N0_Mouse	0.430316984136	0	184	A	G
N0_Mouse	0.430534250366	0	1068	T	C
N0_Mouse	0.430973214973	0	762	G	A
N0_Mouse	0.43178858055	0	41	T	C
N0_Mouse	0.432007629105	0	565	A	T
N0_Mouse	0.432276728354	0	211	G	A
N0_Mouse	0.433330603564	0	134	T	C
N0_Mouse	0.433334319823	0	667	A	G
N0_Mouse	0.435882919276	0	981	G	A
N0_Mouse	0.436330958513	0	1341	A	G
N0_Mouse	0.436692603834	0	498	A	C
N0_Mouse	0.437840290054	0	905	A	C
N0_Mouse	0.43837154536	0	336	A	T
N0_Mouse	0.438551109543	0	1731	G	A
N0_Mouse	0.43905061094	0	1301	G	A
N0_Mouse	0.439842948831	0	1222	T	G
N0_Mouse	0.440531773853	0	1543	C	T
N0_Mouse	0.44381463303	0	159	G	T
N0_Mouse	0.44389703192	0	796	A	G
N0_Mouse	0.444387224064	0	741	T	A
N0_Mouse	0.444576839219	0	1332	A	C
N0_Mouse	0.445014207199	0	1229	A	G
N0_Mouse	0.445598921897	0	1409	C	T
N0_Mouse	0.445611808854	0	1480	C	T
N0_Mouse	0.445753477918	0	316	G	T
N0_Mouse	0.446296464599	0	405	G	T
N0_Mouse	0.446530644781	0	187	T	C
N0_Mouse	0.446864506566	0	71	C	T
N0_Mouse	0.447853098763	0	159	T	A
N0_Mouse	0.448330966407	0	178	G	A
