edge	time	mut_orlg	mut_pos	old_state	new_state
N0_kluyveri	2.44221271229e-05	0	640	A	G
N0_kluyveri	0.00169265787791	0	491	G	T
N0_kluyveri	0.00288606307001	0	850	A	G
N0_kluyveri	0.00340150911704	0	736	A	G
N0_kluyveri	0.00370227808807	0	411	A	G
N0_kluyveri	0.00379862387903	0	972	C	T
N0_kluyveri	0.00400168701747	0	532	T	A
N0_kluyveri	0.00471292285751	0	991	C	T
N0_kluyveri	0.00628493007618	0	838	A	G
N0_kluyveri	0.00842747000624	0	826	T	C
N0_kluyveri	0.00947393620142	0	1021	A	G
N0_kluyveri	0.0108665741876	0	114	T	C
N0_kluyveri	0.0117045889523	0	436	C	T
N0_D1	0.0002101051248	0	818	C	T
N0_D1	0.000485711942896	0	761	T	C
D1_N1	0.000183680154121	1	757	T	C
D1_N1	0.000857682514352	1	1024	T	C
D1_N1	0.000887210605787	2	598	G	A
D1_N1	0.0009370209987	2	430	T	C
D1_N1	0.000987076128301	1	635	A	G
D1_N1	0.00169559940672	2	622	T	C
D1_N1	0.00171130127271	1	33	A	G
D1_N1	0.00235988783053	2	23	C	T
D1_N1	0.00307940544531	1	245	A	G
D1_N1	0.00328292043078	1	288	A	C
D1_N1	0.00350076150705	2	577	T	A
D1_N1	0.00380684739086	1	892	T	C
D1_N1	0.00388100109488	1	1006	C	T
D1_N1	0.00423385263311	2	354	G	T
D1_N1	0.00444900722638	2	976	A	G
D1_N1	0.00529624050696	1	967	G	A
D1_N1	0.00645678056249	2	216	C	T
D1_N1	0.00654296673244	1	619	A	G
D1_N1	0.00657355027931	1	547	T	A
D1_N1	0.00684241752906	2	961	T	C
D1_N1	0.00708004782829	2	58	T	C
D1_N1	0.00708881470504	1	487	C	T
D1_N1	0.00812483115705	2	616	T	A
D1_N1	0.00815355329994	2	96	A	G
D1_N1	0.00857549085669	1	928	C	T
D1_N1	0.00858470306934	1	418	A	T
D1_N1	0.00881797050638	2	923	A	C
D1_N1	0.00886019120567	2	1003	A	G
D1_N1	0.0091839505432	1	646	C	T
D1_N1	0.00922999049917	2	8	C	T
D1_N1	0.00934915858042	1	493	T	C
D1_N1	0.00992928621156	2	811	T	A
D1_N1	0.0100948846589	2	541	T	G
D1_N1	0.0103743726643	1	171	T	C
D1_N1	0.010675820041	2	883	C	T
D1_N1	0.0111758350869	1	565	G	A
D1_N1	0.0112993832089	1	674	A	G
D1_N1	0.0114479662149	1	682	T	C
D1_N1	0.0117033992946	1	883	C	T
D1_N1	0.0120558309139	2	214	T	C
D1_N1	0.0131569523852	1	952	C	T
D1_N1	0.0136320292252	1	435	G	A
D1_N1	0.0140498058908	1	946	C	T
D1_N1	0.0141111544204	1	322	T	C
D1_N1	0.0145086921125	1	571	T	C
D1_N1	0.0150882899056	1	709	G	A
D1_N1	0.0164094919774	2	138	T	A
D1_N1	0.0166957496741	2	736	A	G
D1_N1	0.0169049866867	1	718	C	A
D1_N1	0.0174204867404	1	694	T	C
D1_N1	0.017757064452	2	658	C	A
D1_N1	0.0191839164884	2	296	G	A
D1_N1	0.0194525247015	1	937	T	C
D1_N1	0.0197864630837	2	468	C	T
D1_N1	0.0198956077678	1	731	A	G
D1_N1	0.0202259473945	1	172	T	C
D1_N1	0.0202424290465	2	23	T	C
D1_N1	0.0206539592892	2	226	G	A
D1_N1	0.0206910242644	2	805	G	C
D1_N1	0.0212367198368	1	724	A	G
D1_N1	0.0212871579875	2	907	T	C
D1_N1	0.0215376926262	2	808	A	G
D1_N1	0.0224157822835	2	769	T	C
D1_N1	0.0224444541905	2	838	A	G
D1_N1	0.0224652752376	2	526	A	G
D1_N1	0.022541956203	1	652	A	G
D1_N1	0.0226875463131	2	649	G	A
D1_N1	0.0227030086358	2	106	C	A
D1_N1	0.0233243334783	1	835	T	C
D1_N1	0.0233331796608	2	81	G	A
D1_N1	0.0248774789067	1	840	C	T
D1_N1	0.0248844807983	1	742	T	A
D1_N1	0.026376314066	1	298	T	C
D1_N1	0.0265006889325	1	523	A	G
D1_N1	0.0272677212675	1	379	G	A
D1_N1	0.0273305208338	2	598	A	T
D1_N1	0.0276752212417	2	646	C	T
D1_N1	0.0284732812828	2	622	C	T
D1_N1	0.028725709735	2	892	T	C
D1_N1	0.0289918457696	1	395	G	A
N1_castellii	0.000467686451719	2	760	T	C
N1_castellii	0.000550359471812	2	674	G	A
N1_castellii	0.00120103653654	2	1012	C	T
N1_castellii	0.00123778644023	1	643	T	C
N1_castellii	0.00165761975514	1	209	C	T
N1_castellii	0.00197495245513	1	493	C	T
N1_castellii	0.00232422426284	2	1012	T	C
N1_castellii	0.00300626148674	1	811	T	A
N1_castellii	0.00332909221409	2	257	T	C
N1_castellii	0.00349849024975	2	813	T	C
N1_castellii	0.00386090894544	2	166	T	C
N1_castellii	0.00420165040616	1	297	C	T
N1_castellii	0.00459113002973	2	421	C	T
N1_castellii	0.00565858701993	1	451	C	T
N1_castellii	0.00590160134019	2	520	T	C
N1_castellii	0.00601537199569	1	592	T	C
N1_castellii	0.00646989800427	2	48	C	T
N1_castellii	0.00665181810766	1	908	G	A
N1_castellii	0.00669137729346	1	904	G	A
N1_castellii	0.00792467688617	1	131	C	T
N1_castellii	0.00799426738402	2	998	A	G
N1_castellii	0.00812669717192	2	502	G	A
N1_castellii	0.00820036280149	1	607	T	A
N1_castellii	0.00827390889094	2	348	A	G
N1_castellii	0.00855116251307	1	676	A	G
N1_castellii	0.00873576536692	1	555	C	T
N1_castellii	0.00877500451766	2	682	C	T
N1_castellii	0.00974705965743	1	724	G	A
N1_castellii	0.00988761339765	2	526	G	A
N1_castellii	0.00998748520924	2	938	C	T
N1_castellii	0.0100213615828	2	694	T	C
N1_castellii	0.0101683541802	2	958	T	C
N1_castellii	0.0104513461243	2	820	T	C
N1_castellii	0.0114911356442	2	826	T	C
N1_castellii	0.0119590445386	1	895	G	T
N1_castellii	0.0124392615347	2	11	T	C
N1_castellii	0.0126663664644	1	568	C	T
N1_castellii	0.0129605861888	2	243	C	T
N1_castellii	0.013063536071	2	529	T	C
N1_castellii	0.0131152387626	2	910	T	C
N1_castellii	0.0140230160013	1	556	A	G
N1_castellii	0.0142467681938	2	868	T	C
N1_castellii	0.0143073328493	1	721	C	T
N1_castellii	0.0143268949052	1	772	C	T
N1_castellii	0.0145947725385	1	694	C	T
N1_castellii	0.0146692683702	2	553	A	C
N1_castellii	0.0148953138807	1	568	T	C
N1_castellii	0.0149269275829	2	351	G	T
N1_castellii	0.0154110621333	2	916	G	A
N1_castellii	0.0157522107738	2	246	T	A
N1_castellii	0.0159423379746	1	514	A	G
N1_castellii	0.0162850725066	2	332	G	A
N1_castellii	0.016365267295	2	64	A	G
N1_castellii	0.0164886815107	2	5	T	C
N1_castellii	0.0165670030976	1	715	G	A
N1_castellii	0.0166075083292	2	707	C	T
N1_castellii	0.0166609511518	2	487	C	T
N1_castellii	0.01731342407	1	172	C	T
N1_castellii	0.0175509671527	1	361	T	C
N1_castellii	0.0175548702641	2	992	T	C
N1_castellii	0.0177764486957	1	781	A	G
N1_castellii	0.0180860861558	2	381	C	T
N1_castellii	0.0182085741168	2	991	C	T
N1_castellii	0.0184414893074	1	44	C	T
N1_castellii	0.0191998884092	1	850	A	G
N1_castellii	0.0197116287898	1	1033	C	A
N1_castellii	0.0200114296179	1	446	A	G
N1_castellii	0.020250466479	2	298	T	C
N1_castellii	0.0202869406455	2	959	C	A
N1_castellii	0.0204115335747	1	664	C	T
N1_castellii	0.0206753282941	2	1027	T	C
N1_castellii	0.0209152101966	2	503	C	T
N1_castellii	0.0215305001623	2	299	C	T
N1_castellii	0.0216735544807	2	258	T	C
N1_castellii	0.0219363197733	2	405	A	G
N1_castellii	0.0223041082782	1	198	T	C
N1_castellii	0.0225241214146	2	880	C	T
N1_castellii	0.0228452837397	1	808	A	G
N1_castellii	0.0230338930975	2	667	T	C
N1_castellii	0.0232303192291	1	6	T	C
N1_castellii	0.0233860341728	1	907	T	G
N1_castellii	0.0236013386971	2	476	A	G
N1_castellii	0.0249218365642	2	270	C	G
N1_castellii	0.0250902964814	1	775	A	G
N1_castellii	0.0251112052987	1	529	T	A
N1_castellii	0.0256193220483	2	99	G	T
N1_castellii	0.0260670800389	2	661	C	T
N1_castellii	0.0264105957658	1	325	T	C
N1_castellii	0.0265242752988	1	985	T	C
N1_castellii	0.0267674785118	2	802	C	T
N1_castellii	0.027327020238	1	562	G	A
N1_castellii	0.0273585766801	2	432	C	T
N1_castellii	0.02819275498	2	460	C	T
N1_castellii	0.0283776251383	2	316	T	A
N1_castellii	0.0286513107536	1	733	T	C
N1_castellii	0.0286600239857	1	122	T	G
N1_castellii	0.0286633551166	1	306	G	T
N1_castellii	0.0287195243915	2	994	T	C
N1_castellii	0.0292356004445	2	141	C	T
N1_castellii	0.0298033083559	2	874	T	C
N1_castellii	0.0301722239202	1	528	C	T
N1_castellii	0.0303822323732	1	820	T	C
N1_castellii	0.030507321557	1	12	A	G
N1_castellii	0.0310832013884	2	490	T	C
N1_castellii	0.031376236203	1	703	T	C
N1_castellii	0.0314912045955	1	67	C	T
N1_castellii	0.0316364571156	2	487	T	C
N1_castellii	0.0316943415391	2	769	C	T
N1_castellii	0.0319029227938	2	676	A	G
N1_castellii	0.0321269999268	2	70	T	C
N1_castellii	0.0326500792426	2	805	C	T
N1_castellii	0.0328029319827	2	443	C	T
N1_castellii	0.0333843931368	1	193	C	T
N1_N2	0.000155380768443	1	76	G	A
N1_N2	0.00101006825519	2	541	G	A
N1_N2	0.00116862898496	2	988	T	C
N1_N2	0.00117061471457	1	979	T	C
N1_N2	0.00126554874394	2	907	C	T
N1_N2	0.00162512234127	2	583	T	A
N1_N2	0.00169665929232	2	730	T	C
N1_N2	0.00171653314189	2	363	C	T
N1_N2	0.00199866208738	2	682	C	G
N1_N2	0.00300693168899	1	949	T	A
N1_N2	0.00303451438222	2	922	C	T
N1_N2	0.00313387865512	2	967	A	G
N1_N2	0.00393301578999	2	976	A	G
N1_N2	0.00426445638903	1	963	T	C
N1_N2	0.0043428367413	2	508	T	C
N1_N2	0.00491764114246	2	854	T	C
N1_N2	0.00519588932239	2	769	C	T
N1_N2	0.00617883915945	2	476	A	T
N1_N2	0.00674705221785	1	85	C	T
N1_N2	0.00677496865916	2	955	G	A
N1_N2	0.00711674260368	2	823	G	C
N1_N2	0.00717124962654	1	24	T	G
N1_N2	0.00731629733876	2	551	C	T
N1_N2	0.00736599452183	2	550	T	C
N1_N2	0.00738255095946	1	77	A	G
N1_N2	0.00794859215251	2	958	T	G
N1_N2	0.00805878429865	1	553	A	C
N1_N2	0.0081856303342	2	778	G	A
N1_N2	0.00856006812296	2	832	G	T
N1_N2	0.00892224397916	2	623	G	A
N1_N2	0.00915819601526	1	532	T	C
N1_N2	0.00926537113866	1	374	T	G
N1_N2	0.00940852873114	2	730	C	T
N1_N2	0.00959016206209	1	841	C	T
N1_N2	0.00977850721658	2	425	A	G
N1_N2	0.0114369731619	2	889	G	A
N1_N2	0.0116800539111	2	860	T	G
N1_N2	0.0122980962791	1	964	G	A
N1_N2	0.0124747456973	2	475	T	C
N1_N2	0.0125882981023	2	757	C	A
N1_N2	0.0125889463998	1	844	A	G
N1_N2	0.0126470478892	2	976	G	A
N1_N2	0.0129182113197	2	664	C	T
N1_N2	0.013299602363	1	700	G	A
N1_N2	0.013673197337	2	77	A	G
N1_N2	0.0147198021191	2	881	C	A
N1_N2	0.0148825854753	1	29	C	T
N1_N2	0.0150241071706	1	712	T	A
N1_N2	0.0156114809046	2	613	G	A
N1_N2	0.015683458669	1	877	A	G
N1_N2	0.0157397938413	1	458	T	C
N1_N2	0.0158640378403	2	700	G	A
N1_N2	0.0161925827821	2	508	T	A
N1_N2	0.0165932639959	2	529	T	C
N1_N2	0.0167774070291	2	489	T	G
N1_N2	0.0168290915634	1	745	C	T
N1_N2	0.0168363408931	1	164	A	T
N1_N2	0.0168787616201	1	511	C	T
N1_N2	0.0169301213843	1	167	G	T
N1_N2	0.0169999879624	1	589	A	G
N1_N2	0.0172012215901	2	850	A	G
N1_N2	0.0176094351597	2	817	C	T
N1_N2	0.0176509165186	2	550	C	T
N1_N2	0.0182629022521	1	300	A	G
N1_N2	0.0183760951997	2	910	T	A
N1_N2	0.0186165906412	2	1003	G	A
N1_N2	0.0197648074025	2	847	C	T
N1_N2	0.019766495228	1	167	T	C
N1_N2	0.0201590749475	2	868	T	C
N1_N2	0.0201917793448	2	283	G	A
N1_N2	0.0207909147051	1	147	A	G
N1_N2	0.0209082863216	2	973	G	T
N1_N2	0.0222178790949	2	910	A	G
N1_N2	0.0222373275595	1	963	C	T
N1_N2	0.0224801117137	1	376	A	C
N1_N2	0.0228868524653	2	386	A	G
N1_N2	0.0231688446809	2	661	C	T
N1_N2	0.0247565381169	2	932	A	G
N1_N2	0.024843693577	2	113	G	T
N1_N2	0.0250730595352	1	853	A	T
N1_N2	0.0252119932725	1	391	T	C
N1_N2	0.0253030345994	1	850	A	C
N1_N2	0.026410011173	2	940	T	A
N2_bayanus	0.00043277310364	2	797	A	G
N2_bayanus	0.000889223350809	2	571	T	C
N2_bayanus	0.000954900238703	1	358	G	C
N2_bayanus	0.00115921112917	2	27	C	T
N2_bayanus	0.00128867857055	2	805	C	A
N2_bayanus	0.00192093623329	2	640	A	G
N2_bayanus	0.00208938947172	2	821	C	G
N2_bayanus	0.00403243212906	2	721	C	A
N2_bayanus	0.00411558924268	2	482	T	C
N2_bayanus	0.00413647503284	1	530	G	A
N2_bayanus	0.0043387718062	2	772	C	T
N2_bayanus	0.00438620611235	2	961	T	C
N2_bayanus	0.00459837107597	2	279	A	G
N2_bayanus	0.00540176713512	2	82	A	G
N2_bayanus	0.00542185496578	1	8	T	A
N2_bayanus	0.00542400008682	1	54	A	G
N2_bayanus	0.00597670697778	2	1009	G	A
N2_bayanus	0.00659421839372	2	487	C	T
N2_bayanus	0.00704104596016	2	280	G	A
N2_bayanus	0.00758189345996	2	149	T	C
N2_bayanus	0.00797216918133	1	484	G	A
N2_bayanus	0.00827347365395	2	793	T	C
N2_bayanus	0.00920745872845	1	524	T	C
N2_bayanus	0.00994931573839	2	23	C	T
N2_bayanus	0.0101616365913	2	265	C	T
N2_bayanus	0.0102908974787	1	683	T	C
N2_bayanus	0.0103226225285	2	529	C	T
N2_bayanus	0.0106179534252	1	667	T	C
N2_bayanus	0.0106928342093	2	228	T	G
N2_bayanus	0.0107343318526	2	367	A	G
N2_bayanus	0.0109987816918	2	351	G	A
N2_bayanus	0.0113677864901	1	514	A	T
N2_bayanus	0.0114367002436	1	631	T	C
N2_bayanus	0.0121328098943	2	937	T	C
N2_bayanus	0.0127330706805	2	169	T	C
N2_bayanus	0.0127909075549	1	325	T	C
N2_N3	0.000288199269172	2	61	T	C
N2_N3	0.00103735783391	2	366	T	C
N2_N3	0.00108833998603	1	154	G	A
N2_N3	0.00126568104329	2	813	T	C
N2_N3	0.00135888422657	2	600	G	A
N2_N3	0.00142459279578	2	790	C	T
N2_N3	0.00156332538166	2	646	T	C
N2_N3	0.00226088875252	1	616	A	G
N2_N3	0.00306467510783	1	686	G	A
N3_kudriavzevii	0.000188576089005	1	518	T	C
N3_kudriavzevii	0.000216589005591	1	535	C	T
N3_kudriavzevii	0.00028011836289	2	952	C	T
N3_kudriavzevii	0.000953873837666	1	669	T	C
N3_kudriavzevii	0.00118321600727	1	505	A	T
N3_kudriavzevii	0.00168081224489	2	571	T	C
N3_kudriavzevii	0.00176314495623	2	96	G	A
N3_kudriavzevii	0.00190705836183	2	17	A	G
N3_kudriavzevii	0.00209858462293	2	670	T	C
N3_kudriavzevii	0.00229250474479	1	995	G	T
N3_kudriavzevii	0.0024816146842	1	958	T	A
N3_kudriavzevii	0.00375438641563	1	254	T	C
N3_kudriavzevii	0.00382309230067	1	509	T	C
N3_kudriavzevii	0.00426160799875	1	252	T	C
N3_kudriavzevii	0.004317744661	2	441	G	A
N3_kudriavzevii	0.00459168548066	1	718	A	G
N3_kudriavzevii	0.00468737736428	1	855	C	T
N3_kudriavzevii	0.00645214332977	2	520	T	C
N3_kudriavzevii	0.0065337564539	1	803	G	A
N3_kudriavzevii	0.00671498871021	1	823	G	A
N3_kudriavzevii	0.00735115294118	2	1018	G	C
N3_kudriavzevii	0.00800289702158	1	631	T	C
N3_kudriavzevii	0.00832472985601	1	860	G	A
N3_kudriavzevii	0.00848788971961	1	856	C	T
N3_kudriavzevii	0.00851008634359	1	147	G	A
N3_kudriavzevii	0.00853226696811	1	673	A	C
N3_kudriavzevii	0.00891719298813	2	649	A	G
N3_kudriavzevii	0.00914233829438	2	532	C	T
N3_kudriavzevii	0.0097241322703	1	694	C	T
N3_kudriavzevii	0.00984654210857	1	830	G	T
N3_kudriavzevii	0.00989496143145	1	994	T	C
N3_kudriavzevii	0.00994319890299	1	370	C	T
N3_kudriavzevii	0.0100427559138	1	955	G	C
N3_kudriavzevii	0.0101872736109	1	478	A	T
N3_kudriavzevii	0.010787320012	2	563	G	C
N3_kudriavzevii	0.0110417169771	1	60	C	T
N3_kudriavzevii	0.0110816814863	2	895	G	A
N3_kudriavzevii	0.0115825401437	2	811	A	T
N3_kudriavzevii	0.0115882238213	1	596	T	C
N3_N4	0.00026443974737	1	826	T	C
N3_N4	0.000311622035895	1	931	A	T
N3_N4	0.000382172572808	2	853	A	G
N3_N4	0.000492849718655	1	994	T	C
N3_N4	0.000622414440097	2	653	T	C
N3_N4	0.000834014382613	1	990	A	G
N4_mikatae	0.000113557323493	2	624	A	G
N4_mikatae	0.000754020006893	2	451	C	T
N4_mikatae	0.000932268877268	2	147	A	G
N4_mikatae	0.000948865282379	2	655	G	A
N4_mikatae	0.00114508231269	1	168	T	C
N4_mikatae	0.00115015822788	1	614	C	T
N4_mikatae	0.00138986574179	2	925	A	G
N4_mikatae	0.0019347222888	1	940	A	G
N4_mikatae	0.00212385891164	1	772	C	T
N4_mikatae	0.00276740440194	2	4	G	A
N4_mikatae	0.00298226317782	1	553	C	A
N4_mikatae	0.00344610818863	1	4	G	A
N4_mikatae	0.00354526553291	1	643	T	C
N4_mikatae	0.00355574879676	1	40	C	T
N4_mikatae	0.0047212637945	1	901	G	A
N4_mikatae	0.0048498088461	2	870	C	T
N4_mikatae	0.00489537631754	1	4	A	T
N4_mikatae	0.00498213938808	2	841	C	T
N4_mikatae	0.00601183495704	2	105	G	A
N4_mikatae	0.00612779552419	1	613	G	A
N4_mikatae	0.0062600288713	2	740	A	C
N4_mikatae	0.00636481492549	1	763	C	T
N4_mikatae	0.00653318281105	1	970	T	C
N4_mikatae	0.00692594304104	2	388	G	A
N4_mikatae	0.00702620572043	2	867	T	C
N4_mikatae	0.00717615106596	1	784	G	T
N4_mikatae	0.00724253183481	2	330	A	G
N4_mikatae	0.00807158617558	1	844	G	A
N4_mikatae	0.00828202138702	2	942	T	A
N4_mikatae	0.00849634655676	2	481	A	G
N4_mikatae	0.00851534198168	2	931	A	G
N4_mikatae	0.00862072513688	2	358	G	A
N4_mikatae	0.00904364776573	1	41	A	C
N4_N5	0.000547636430239	1	784	G	A
N4_N5	0.000812880471601	2	527	C	T
N4_N5	0.000824795553597	2	487	C	T
N4_N5	0.000920260132195	2	298	T	A
N4_N5	0.00147930194174	1	805	G	A
N4_N5	0.00184852342863	1	229	C	T
N4_N5	0.00208119975283	1	56	T	C
N4_N5	0.0021534723826	1	109	A	G
N4_N5	0.00260022383636	1	835	C	T
N4_N5	0.00278647309183	2	664	C	T
N4_N5	0.00324049456246	1	763	C	T
N5_paradoxus	9.35959597765e-05	1	964	A	G
N5_paradoxus	0.00020464471276	2	450	T	C
N5_paradoxus	0.000465676247369	1	599	T	C
N5_paradoxus	0.000501317783559	1	253	A	C
N5_paradoxus	0.000728212000016	1	877	G	A
N5_paradoxus	0.000846805284388	2	610	G	A
N5_paradoxus	0.00123020843561	2	596	T	C
N5_cerevisiae	6.88303580513e-05	2	195	C	T
N5_cerevisiae	0.00013249805624	1	26	A	T
N5_cerevisiae	0.000166041289154	1	940	A	G
N5_cerevisiae	0.000454418903402	1	898	A	G
N5_cerevisiae	0.000664388450361	2	697	T	C
N5_cerevisiae	0.00161728092482	2	763	C	T
N5_cerevisiae	0.00243434217878	2	408	G	A
N5_cerevisiae	0.00309929806074	2	29	C	T
N5_cerevisiae	0.00342240343668	1	649	A	G
N5_cerevisiae	0.00363082521274	1	890	T	C
N5_cerevisiae	0.00379494836599	1	937	C	T
N5_cerevisiae	0.00428671211282	2	254	T	C
N5_cerevisiae	0.00433753590178	1	332	G	A
N5_cerevisiae	0.00444562642417	2	598	A	G
N5_cerevisiae	0.00446324787175	2	1024	C	T
N5_cerevisiae	0.00462918625252	2	671	T	C
N5_cerevisiae	0.00527321088992	2	179	C	T
N5_cerevisiae	0.00532772935908	2	1029	A	G
N5_cerevisiae	0.00539446575437	2	787	T	A
N5_cerevisiae	0.00567529528947	1	565	A	G
N5_cerevisiae	0.00568158153721	2	3	C	T
N5_cerevisiae	0.00572947923417	1	260	T	C
N5_cerevisiae	0.00584578992478	1	508	T	G
N5_cerevisiae	0.00604514290383	2	469	A	G
