edge	time	mut_orlg	mut_pos	old_state	new_state
N0_D1	0.000227740870795	0	294	T	C
N0_D1	0.000387320111054	0	318	T	G
N0_D1	0.00201082800265	0	202	A	G
N0_D1	0.00373408118184	0	268	C	A
N0_D1	0.00718619837801	0	365	A	G
N0_D1	0.00875305614737	0	314	C	T
N0_D1	0.0108728246968	0	213	A	G
N0_D1	0.0154064872131	0	151	G	A
N0_D1	0.0156649603244	0	263	T	C
N0_D1	0.0209860967222	0	236	A	T
N0_D1	0.022498678863	0	210	T	A
N0_D1	0.0261882224318	0	273	A	T
N0_D1	0.0303849659669	0	44	T	C
N0_D1	0.0314193549655	0	334	C	T
N0_D1	0.0317727141047	0	131	G	A
N0_D1	0.0324327070097	0	200	C	A
N0_D1	0.0349652888453	0	388	C	T
N0_D1	0.037908863013	0	32	A	G
N0_D1	0.0408415188662	0	303	G	A
N0_D1	0.0420371852681	0	415	T	A
N0_D1	0.0425138794219	0	282	T	C
N0_D1	0.0426646821351	0	174	T	A
N0_D1	0.0451102622155	0	344	G	T
N0_D1	0.0475008036208	0	357	A	T
N0_D1	0.0484922193756	0	122	G	A
N0_D1	0.0489127130467	0	336	A	T
D1_N1	0.000279513719525	1	137	T	C
D1_N1	0.000790729753187	1	220	T	C
D1_N1	0.00215223457103	1	387	G	A
D1_N1	0.00406825988185	1	400	G	A
D1_N1	0.00655541524483	2	76	G	T
D1_N1	0.00712465959753	1	154	C	A
D1_N1	0.00862146053833	1	48	A	G
D1_N1	0.0110807273597	2	231	G	A
D1_N1	0.01159310874	1	78	T	A
D1_N1	0.0155598284964	2	266	G	T
D1_N1	0.0182438413691	1	386	A	T
D1_N1	0.018373058763	2	291	C	T
D1_N1	0.0185712437261	2	199	G	A
D1_N1	0.0237824519907	1	359	A	C
D1_N1	0.0258763067314	1	166	C	A
D1_N1	0.0269297265146	2	194	C	T
D1_N1	0.028484661474	1	438	A	G
D1_N1	0.0292033644772	1	89	A	T
D1_N1	0.0300160686642	2	313	A	C
D1_N1	0.0304438593719	2	236	T	C
D1_N1	0.0318480673511	2	4	A	T
D1_N1	0.0335624028869	2	299	T	A
D1_N1	0.0337802849466	2	63	T	G
D1_N1	0.0342365005698	1	375	C	T
D1_N1	0.035268338259	2	372	G	A
D1_N1	0.0355105366882	1	73	C	A
D1_N1	0.0359628496452	1	271	C	G
D1_N1	0.0365440172605	1	103	G	A
D1_N1	0.0378761708245	2	291	T	C
D1_N1	0.0381388275937	1	100	T	G
D1_N1	0.0390669709048	1	215	C	T
D1_N1	0.0401743899844	1	53	T	C
D1_N1	0.0404625348871	1	45	G	C
D1_N1	0.0410341603279	2	390	G	T
D1_N1	0.0425523204968	2	84	T	C
D1_N1	0.0426045723019	2	233	G	T
D1_N1	0.0447602277347	1	172	A	C
D1_N1	0.0465187595013	2	42	A	G
D1_N1	0.0491474958709	2	440	G	A
D1_N1	0.0495544476341	2	299	A	T
D1_N1	0.0497518008157	1	113	T	G
D1_N1	0.0516310639932	1	76	T	C
D1_N1	0.0562976259836	1	214	T	C
D1_N1	0.0594445396291	2	15	A	C
D1_N1	0.0601710105619	2	395	T	A
D1_N1	0.0630047285935	2	286	G	A
D1_N1	0.0638115541338	1	188	C	A
D1_N1	0.0657044694762	1	430	T	A
D1_N1	0.0658109421735	1	295	T	C
D1_N1	0.0661986926243	1	62	C	A
D1_N1	0.0662002046336	1	73	A	G
D1_N1	0.0668193332358	1	54	G	C
D1_N1	0.0675501940786	1	3	C	A
D1_N1	0.070046000846	1	395	T	A
D1_N1	0.0709721475697	1	252	C	T
D1_N1	0.0724585965351	2	69	T	G
D1_N1	0.0738715382561	1	100	G	A
D1_N1	0.0749238027335	2	245	G	T
D1_N1	0.0757531281417	1	12	C	T
D1_N1	0.0771432498955	2	234	G	A
D1_N1	0.077532932557	2	164	A	C
D1_N1	0.0779986522459	2	388	T	C
D1_N1	0.0796868376731	2	62	C	A
D1_N1	0.0803354592387	2	108	C	A
D1_N1	0.081689350578	1	53	C	G
D1_N1	0.0831878891335	2	144	A	C
D1_N1	0.0858321757266	1	151	A	G
D1_N1	0.0862199466682	1	255	A	T
D1_N1	0.0866124493713	2	140	T	A
D1_N1	0.0877716852881	2	203	T	A
D1_N1	0.0878465551418	2	143	C	T
D1_N1	0.0890843261194	2	216	T	G
D1_N1	0.0892441520295	2	423	C	A
D1_N1	0.0897239819518	1	297	T	C
D1_N1	0.0898892390805	1	259	T	G
D1_N1	0.0929508121754	2	368	A	T
D1_N1	0.0930807599279	1	330	A	G
D1_N1	0.0933117816097	2	42	G	T
D1_N1	0.0953018061628	1	63	T	G
D1_N1	0.0956059623961	2	67	T	C
D1_N1	0.096013443772	1	218	G	T
D1_N1	0.0973569896817	2	16	T	G
D1_N1	0.0996026201206	1	64	G	C
D1_N1	0.0996460261577	2	348	T	A
D1_N1	0.100424217539	2	226	G	A
D1_N1	0.101956146364	1	14	G	T
D1_N1	0.104105788099	2	331	A	G
D1_N1	0.104295392365	1	88	C	T
D1_N1	0.104852162044	1	393	C	T
D1_N1	0.105685227557	1	360	G	A
D1_N1	0.108654514695	2	157	T	A
D1_N1	0.110030462188	1	388	T	G
D1_N1	0.11060744885	1	314	T	C
D1_N1	0.111163664706	2	393	C	A
D1_N1	0.11161081726	1	340	T	A
D1_N1	0.113644828579	2	190	C	G
D1_N1	0.115465989409	1	0	A	T
D1_N1	0.115761334462	2	297	T	C
D1_N1	0.119830090871	1	339	A	C
D1_N1	0.123253259886	1	75	A	G
D1_N1	0.124228631883	2	63	G	A
D1_N1	0.125341057535	1	79	C	T
D1_N1	0.126208257656	2	185	C	T
D1_N1	0.128267317543	2	183	G	C
D1_N1	0.129062387231	1	307	G	A
D1_N1	0.129891419015	2	320	G	C
D1_N1	0.130186407937	2	339	A	T
D1_N1	0.130858239322	1	414	C	A
D1_N1	0.133165304973	2	312	A	C
D1_N1	0.133263084782	2	135	T	C
D1_N1	0.133363514385	2	173	A	G
D1_N1	0.135178297457	1	259	T	C
D1_N1	0.136458305492	1	133	A	G
D1_N1	0.136506029843	2	228	G	A
D1_N1	0.136768191521	2	94	T	C
D1_N1	0.137110212462	2	304	C	T
D1_N1	0.138453932425	2	199	A	G
D1_N1	0.138765471724	2	205	T	C
D1_N1	0.139653778267	2	10	T	G
D1_N1	0.141630775539	1	56	G	A
D1_N1	0.144461393454	1	228	G	A
D1_N1	0.144652570243	1	129	A	G
D1_N1	0.144657916399	2	293	A	G
D1_N1	0.145120918391	1	85	G	A
D1_N1	0.145148133209	2	61	A	C
D1_N1	0.145418524092	1	376	G	A
D1_N1	0.145734154087	2	115	C	A
D1_N1	0.147076531038	2	90	G	T
D1_N1	0.148026160666	1	99	C	T
D1_N1	0.148167823906	2	333	T	C
D1_N1	0.149548432159	2	266	T	C
D1_N1	0.152535764916	2	181	G	A
D1_N1	0.153171527054	2	30	A	G
D1_N1	0.154284439304	2	47	G	A
D1_N1	0.154773954294	2	420	C	T
D1_N1	0.155167048546	1	70	A	G
D1_N1	0.155376090137	1	162	G	T
D1_N1	0.155553608968	1	202	G	T
D1_N1	0.157998596102	2	221	C	T
D1_N1	0.158133820549	1	26	C	A
D1_N1	0.158162716107	2	215	C	T
D1_N1	0.158938678308	1	284	A	C
D1_N1	0.159592309873	2	301	G	T
D1_N1	0.160853874797	2	161	A	T
D1_N1	0.161802664336	1	238	G	C
D1_N1	0.165029214225	1	5	C	A
D1_N1	0.16569686082	1	75	G	A
D1_N1	0.165774812391	2	130	C	T
D1_N1	0.165809841754	2	15	A	G
D1_N1	0.167262493566	2	193	G	A
D1_N1	0.168352711541	2	263	C	G
D1_N1	0.169110684942	2	48	A	C
D1_N1	0.170178120532	1	287	A	C
D1_N1	0.170756286856	2	411	G	A
D1_N1	0.1713460993	1	404	C	T
D1_N1	0.172433871251	1	129	G	A
D1_N1	0.173353808988	2	162	G	A
D1_N1	0.174079367145	1	317	A	T
D1_N1	0.177283214323	1	298	C	T
D1_N1	0.177955815367	2	165	T	C
D1_N1	0.1784005501	1	260	A	G
D1_N1	0.179097657875	2	193	A	T
D1_N1	0.181207035582	2	330	A	G
D1_N1	0.185715128288	1	13	C	A
D1_N1	0.18584377459	1	258	A	G
D1_N1	0.186688964325	1	303	A	G
D1_N1	0.188600232141	1	429	G	A
D1_N1	0.189533831652	2	418	C	T
D1_N1	0.190783214711	1	386	T	A
D1_N1	0.191398087081	2	380	A	G
D1_N1	0.192584321517	2	232	A	T
D1_N1	0.192614498746	1	168	G	A
D1_N1	0.19269898974	1	82	T	C
D1_N1	0.192881171777	1	438	G	T
D1_N1	0.193313769606	2	251	C	T
D1_N1	0.195444416825	2	169	T	G
D1_N1	0.196027345924	2	419	C	A
D1_N1	0.196144638795	1	13	A	G
D1_N1	0.196350731256	2	179	T	C
D1_N1	0.19729846926	1	303	G	T
D1_N1	0.197470082466	1	308	T	C
D1_N1	0.197893236103	1	75	A	G
D1_N1	0.197995445622	1	197	A	T
D1_N1	0.198238514528	1	210	A	T
D1_N1	0.200178965511	1	214	C	A
D1_N1	0.200550830335	2	158	C	A
D1_N1	0.200910834888	1	45	C	T
D1_N1	0.203321016128	1	322	A	G
D1_N1	0.204546282284	1	362	G	T
D1_N1	0.204952486701	2	145	G	T
D1_N1	0.205794713612	2	270	C	T
D1_N1	0.2058008074	1	423	C	T
D1_N1	0.206130528383	1	388	G	A
D1_N1	0.20656219317	2	198	T	C
D1_N1	0.211974453066	1	436	T	C
D1_N1	0.213077993667	1	405	T	C
D1_N1	0.213311301396	2	382	C	A
D1_N1	0.214859037215	2	275	C	G
D1_N1	0.215586653404	1	237	A	T
D1_N1	0.216610535266	1	361	T	A
D1_N1	0.217264281699	1	372	G	C
D1_N1	0.218278818973	2	102	G	T
D1_N1	0.219261196138	2	6	A	G
D1_N1	0.2199230534	1	58	A	G
D1_N1	0.220955948551	2	138	G	A
D1_N1	0.2236818863	1	322	G	A
D1_N1	0.224137935921	2	74	C	T
D1_N1	0.224953016963	2	205	C	T
D1_N1	0.22744141419	1	73	G	T
D1_N1	0.229046508972	2	158	A	C
D1_N1	0.22925580369	2	237	A	G
D1_N1	0.229739584537	2	440	A	T
D1_N1	0.230834602712	2	12	C	T
D1_N1	0.232052889801	2	231	A	G
N1_N2	0.00123231226972	1	396	G	A
N1_N2	0.00131569873302	1	169	T	G
N1_N2	0.00162818454645	1	194	C	A
N1_N2	0.00227830957278	1	281	A	G
N1_N2	0.0024510827934	1	260	G	A
N1_N2	0.00266272374435	2	67	C	T
N1_N2	0.00478958109298	2	30	G	A
N1_N2	0.00587972410488	2	240	A	C
N1_N2	0.00788317873947	1	429	A	T
N1_N2	0.00988157381944	2	362	G	A
N1_N2	0.0105350493086	2	29	T	C
N1_N2	0.0120935693183	2	21	T	C
N1_N2	0.0132539310342	1	120	A	C
N1_N2	0.0144750880756	2	253	A	T
N2_N3	0.000741303210776	1	116	G	A
N2_N3	0.00361375598412	2	260	A	T
N2_N3	0.00365132632268	1	18	T	C
N2_N3	0.00444222013722	1	19	T	C
N2_N3	0.00642325821045	2	6	G	A
N3_N4	0.000468703211695	1	239	A	G
N3_N4	0.00167736351271	1	139	C	T
N3_N4	0.00239074861135	2	50	G	C
N3_N4	0.00249571042101	1	336	T	C
N3_N4	0.00274574865723	1	86	C	T
N3_N4	0.00292816991751	1	298	T	C
N3_N4	0.00342857004583	1	335	C	A
N3_N4	0.00594362841722	2	242	T	C
N3_N4	0.00621283654497	1	362	T	C
N3_N4	0.00646205522812	1	2	T	G
N3_N4	0.00747312795621	1	18	C	T
N3_N4	0.0076928443617	2	161	T	A
N3_N4	0.00852859073032	2	195	C	T
N3_N4	0.00886631437931	2	219	A	G
N4_Human	0.00123537722099	2	311	C	A
N4_Human	0.00126525793727	1	256	G	A
N4_Human	0.00132053924843	1	27	T	C
N4_Human	0.00158912106098	2	80	T	A
N4_Human	0.00409590395165	2	27	T	G
N4_Human	0.00608337034476	1	7	C	T
N4_Human	0.00778432667857	1	278	T	G
N4_Human	0.00786525760811	1	66	T	A
N4_Human	0.0087549012509	2	287	A	G
N4_Human	0.00997855428306	2	83	A	C
N4_Chimp	0.000659179624933	2	6	A	T
N4_Chimp	0.0016262497417	2	241	A	G
N4_Chimp	0.00186129368403	1	327	A	C
N4_Chimp	0.00248277340961	1	193	G	C
N4_Chimp	0.00433424817621	2	133	A	G
N4_Chimp	0.0050458681753	2	43	A	G
N4_Chimp	0.00576579391897	1	378	T	G
N4_Chimp	0.00681753500445	1	254	G	A
N4_Chimp	0.00752413717395	1	417	C	A
N4_Chimp	0.0096981619552	1	151	G	A
N4_Chimp	0.00998283504303	1	40	C	T
N3_Goril	0.00181277097331	1	97	T	G
N3_Goril	0.00212041642028	2	231	G	A
N3_Goril	0.0025422155248	2	149	T	C
N3_Goril	0.00559981829463	1	248	G	A
N3_Goril	0.00620899865947	1	2	T	C
N3_Goril	0.00684822769449	1	435	T	G
N3_Goril	0.00717304853805	1	92	A	G
N3_Goril	0.00753394925592	1	50	G	T
N3_Goril	0.00958625327628	2	308	T	A
N3_Goril	0.0127150748943	2	200	A	T
N3_Goril	0.013286872111	2	91	C	T
N3_Goril	0.0136461246121	2	438	A	G
N3_Goril	0.0145006451388	2	392	T	C
N3_Goril	0.015034529297	2	392	C	A
N3_Goril	0.0158687591352	1	83	A	G
N3_Goril	0.0173551551996	1	405	C	T
N3_Goril	0.0193949116746	2	189	A	G
N3_Goril	0.0197564736111	2	412	G	A
N3_Goril	0.0198947975094	2	277	C	T
N2_Orang	0.00270638976702	2	318	G	A
N2_Orang	0.00691216091675	2	384	G	A
N2_Orang	0.00950244450208	2	162	A	G
N2_Orang	0.009986536853	1	346	G	T
N2_Orang	0.0109147052889	1	340	A	T
N2_Orang	0.0112751229274	1	240	A	T
N2_Orang	0.0113606120845	1	302	T	G
N2_Orang	0.0116033696723	2	207	G	A
N2_Orang	0.0149897883961	2	398	A	G
N2_Orang	0.0153608910012	2	391	A	G
N2_Orang	0.0167119201096	2	279	A	G
N2_Orang	0.0177117331573	2	300	G	C
N2_Orang	0.0185371266002	2	107	A	C
N1_Macaq	0.00111895427774	1	375	C	T
N1_Macaq	0.00251902406431	1	387	A	G
N1_Macaq	0.00295168960659	1	214	A	G
N1_Macaq	0.00378083010795	2	212	A	G
N1_Macaq	0.00407628532958	1	318	G	A
N1_Macaq	0.00628686719838	2	402	A	C
N1_Macaq	0.00641594833968	1	313	C	T
N1_Macaq	0.010531970934	1	125	T	A
N1_Macaq	0.0118865882047	1	302	T	A
N1_Macaq	0.0121745311578	1	327	A	T
N1_Macaq	0.01472889265	1	270	C	T
N1_Macaq	0.0151150565678	1	208	G	A
N1_Macaq	0.0195395072655	1	72	C	G
N1_Macaq	0.0212890285797	1	124	A	C
N1_Macaq	0.0242456875425	1	397	C	T
N1_Macaq	0.0243317279774	1	129	A	T
N1_Macaq	0.0249659457282	1	44	C	A
N1_Macaq	0.0256556612423	1	233	T	C
N1_Macaq	0.0257279166784	2	336	T	C
N1_Macaq	0.0258927383916	2	84	C	A
N1_Macaq	0.0279123111498	2	237	G	T
N1_Macaq	0.0288791675399	2	227	A	G
N1_Macaq	0.029178960591	1	60	T	C
N1_Macaq	0.0293855549393	2	341	A	T
N1_Macaq	0.0295313337238	1	60	C	A
N1_Macaq	0.0296598532985	2	375	C	G
N1_Macaq	0.0312606055392	2	263	G	A
N1_Macaq	0.0350736896963	2	217	G	C
N1_Macaq	0.0355180756672	2	186	C	A
N1_Macaq	0.036051363493	2	297	C	T
N1_Macaq	0.0362149387858	2	333	C	T
N1_Macaq	0.0365456151075	2	213	G	T
N1_Macaq	0.0381058665419	2	142	T	C
N1_Macaq	0.039709895113	2	209	C	T
N1_Macaq	0.0424871099857	2	177	C	T
N1_Macaq	0.0425850688823	1	430	A	C
N1_Macaq	0.0426966378471	2	343	A	T
N0_Mouse	7.74224405406e-05	0	26	C	T
N0_Mouse	0.000590850218727	0	271	C	G
N0_Mouse	0.00668492678116	0	258	A	T
N0_Mouse	0.00984818794023	0	152	A	G
N0_Mouse	0.0139470962941	0	426	G	T
N0_Mouse	0.0150497221422	0	42	A	G
N0_Mouse	0.0184305487538	0	192	T	C
N0_Mouse	0.0267137786404	0	195	C	A
N0_Mouse	0.0280866888002	0	152	G	A
N0_Mouse	0.0333612863872	0	321	A	T
N0_Mouse	0.0353022550048	0	292	G	A
N0_Mouse	0.0366177844546	0	225	C	T
N0_Mouse	0.0386128974559	0	25	T	C
N0_Mouse	0.0426675719908	0	360	G	A
N0_Mouse	0.0437915345751	0	139	C	A
N0_Mouse	0.0460135787926	0	80	T	G
N0_Mouse	0.0470589660989	0	164	A	G
N0_Mouse	0.048389790051	0	77	A	T
N0_Mouse	0.0522561845206	0	49	C	T
N0_Mouse	0.0527760963832	0	265	A	T
N0_Mouse	0.0548426544455	0	33	A	G
N0_Mouse	0.0707661822495	0	329	G	A
N0_Mouse	0.0726643215805	0	161	A	C
N0_Mouse	0.0741941635527	0	161	C	T
N0_Mouse	0.0783201875003	0	51	C	A
N0_Mouse	0.0786592032664	0	118	G	C
N0_Mouse	0.0796326935549	0	172	A	C
N0_Mouse	0.0831302957826	0	336	A	T
N0_Mouse	0.0839279440327	0	58	A	T
N0_Mouse	0.084868671907	0	275	C	A
N0_Mouse	0.0853184335332	0	423	C	G
N0_Mouse	0.0882887590445	0	259	T	C
N0_Mouse	0.0914066461759	0	302	T	A
N0_Mouse	0.0960358032484	0	272	G	A
N0_Mouse	0.0966955334404	0	45	G	A
N0_Mouse	0.0978057580151	0	181	G	A
N0_Mouse	0.101497727412	0	352	T	C
N0_Mouse	0.10162631695	0	218	G	A
N0_Mouse	0.101631419004	0	157	T	C
N0_Mouse	0.109252676832	0	27	T	C
N0_Mouse	0.117460761766	0	235	A	G
N0_Mouse	0.117860122187	0	417	C	A
N0_Mouse	0.117917872109	0	440	G	T
N0_Mouse	0.122507445622	0	355	C	G
N0_Mouse	0.126554745528	0	284	A	G
N0_Mouse	0.131454532782	0	321	T	A
N0_Mouse	0.131624593793	0	260	A	C
N0_Mouse	0.136584642832	0	56	G	A
N0_Mouse	0.139067384261	0	135	T	A
N0_Mouse	0.139228692237	0	104	G	T
N0_Mouse	0.139685460021	0	294	T	G
N0_Mouse	0.1439099221	0	187	T	C
N0_Mouse	0.150461896288	0	56	A	G
N0_Mouse	0.153103277161	0	131	G	A
N0_Mouse	0.155416527348	0	181	A	T
N0_Mouse	0.156510912284	0	278	T	A
N0_Mouse	0.156624828665	0	57	A	G
N0_Mouse	0.157663782196	0	72	C	A
N0_Mouse	0.158507497103	0	175	A	T
N0_Mouse	0.159806961361	0	188	C	T
N0_Mouse	0.163175999105	0	312	A	C
N0_Mouse	0.163813927842	0	365	A	T
N0_Mouse	0.164073832423	0	286	G	A
N0_Mouse	0.165116897315	0	175	T	G
N0_Mouse	0.165342930945	0	380	A	G
N0_Mouse	0.165847840761	0	114	G	A
N0_Mouse	0.167017268666	0	439	C	T
N0_Mouse	0.168220251144	0	370	C	T
N0_Mouse	0.168563873187	0	239	A	G
N0_Mouse	0.168802183544	0	94	T	G
N0_Mouse	0.17040547526	0	62	C	T
N0_Mouse	0.170519322526	0	130	C	G
N0_Mouse	0.172505743527	0	263	T	C
N0_Mouse	0.179484479189	0	362	G	C
N0_Mouse	0.180069991334	0	178	A	C
N0_Mouse	0.185915803583	0	54	G	A
N0_Mouse	0.186122672177	0	243	T	G
N0_Mouse	0.186707930575	0	126	G	T
N0_Mouse	0.189743472565	0	173	A	G
N0_Mouse	0.190514278388	0	424	T	C
N0_Mouse	0.191653922905	0	217	G	T
N0_Mouse	0.194327791425	0	202	A	T
N0_Mouse	0.19593048779	0	357	A	G
N0_Mouse	0.201657539905	0	301	G	A
N0_Mouse	0.201965808367	0	170	G	A
N0_Mouse	0.203177772217	0	137	T	G
N0_Mouse	0.203979539995	0	171	G	A
N0_Mouse	0.205150809804	0	213	A	C
N0_Mouse	0.20628582658	0	125	T	C
N0_Mouse	0.20881317052	0	59	G	A
N0_Mouse	0.214044818477	0	330	A	C
N0_Mouse	0.217848454364	0	177	C	T
N0_Mouse	0.220157638401	0	200	C	A
N0_Mouse	0.220186348129	0	100	T	A
N0_Mouse	0.220496410578	0	365	T	A
N0_Mouse	0.221529782789	0	330	C	T
N0_Mouse	0.222509111669	0	103	G	T
N0_Mouse	0.224041111215	0	128	T	A
N0_Mouse	0.226744079243	0	228	G	A
N0_Mouse	0.22702069669	0	161	T	A
N0_Mouse	0.229202916782	0	283	G	A
N0_Mouse	0.231564421968	0	270	C	T
N0_Mouse	0.233865247674	0	110	T	C
N0_Mouse	0.234066725991	0	314	C	G
N0_Mouse	0.235507072119	0	260	C	T
N0_Mouse	0.238107706691	0	260	T	C
N0_Mouse	0.240096598139	0	176	C	T
N0_Mouse	0.240786803708	0	294	G	T
N0_Mouse	0.24184192422	0	258	T	A
N0_Mouse	0.242299276174	0	140	T	G
N0_Mouse	0.244123083365	0	239	G	A
N0_Mouse	0.246390892469	0	426	T	C
N0_Mouse	0.249369663786	0	88	C	T
N0_Mouse	0.25197919343	0	217	T	C
N0_Mouse	0.252499056441	0	240	A	C
N0_Mouse	0.253148877745	0	0	A	G
N0_Mouse	0.255517789227	0	423	G	A
N0_Mouse	0.256679465178	0	239	A	T
N0_Mouse	0.257666174702	0	285	T	C
N0_Mouse	0.260669167336	0	285	C	G
N0_Mouse	0.263646129076	0	164	G	C
N0_Mouse	0.266047688919	0	43	A	G
N0_Mouse	0.266449204649	0	307	G	A
N0_Mouse	0.269489023229	0	293	A	G
N0_Mouse	0.270610056228	0	128	A	G
N0_Mouse	0.275790015681	0	264	G	A
N0_Mouse	0.280715881661	0	63	T	A
N0_Mouse	0.281661289409	0	194	C	G
N0_Mouse	0.282698426604	0	145	G	T
N0_Mouse	0.283113515476	0	252	C	A
N0_Mouse	0.283669173642	0	146	T	C
N0_Mouse	0.288146948105	0	221	C	A
N0_Mouse	0.290379553351	0	412	G	A
N0_Mouse	0.294948466334	0	150	C	T
N0_Mouse	0.296914361564	0	120	A	G
N0_Mouse	0.301034495124	0	434	C	T
N0_Mouse	0.30203931047	0	245	G	C
N0_Mouse	0.30247345166	0	77	T	G
N0_Mouse	0.303159292556	0	132	C	T
N0_Mouse	0.303834327809	0	351	A	C
N0_Mouse	0.304093259541	0	172	C	T
N0_Mouse	0.30643413393	0	52	A	G
N0_Mouse	0.310145646641	0	101	T	A
N0_Mouse	0.310863220904	0	95	G	T
N0_Mouse	0.313452960164	0	386	A	C
N0_Mouse	0.316778604617	0	134	G	T
N0_Mouse	0.318458225435	0	86	C	T
N0_Mouse	0.320072527941	0	8	T	C
N0_Mouse	0.321376697093	0	225	T	C
N0_Mouse	0.32466836626	0	94	G	A
N0_Mouse	0.325758976456	0	329	A	T
N0_Mouse	0.32596992579	0	215	C	T
N0_Mouse	0.326610313485	0	191	A	C
N0_Mouse	0.329966047959	0	313	A	C
N0_Mouse	0.332021855064	0	120	G	A
N0_Mouse	0.333147618132	0	253	A	T
N0_Mouse	0.333647989446	0	231	G	C
N0_Mouse	0.335817796665	0	325	G	C
N0_Mouse	0.346099328316	0	136	G	A
N0_Mouse	0.346851755287	0	331	A	T
N0_Mouse	0.346856635181	0	111	A	T
N0_Mouse	0.348564100688	0	215	T	C
N0_Mouse	0.351547131505	0	277	C	T
N0_Mouse	0.356648466805	0	319	T	C
N0_Mouse	0.35694585542	0	394	T	C
N0_Mouse	0.357522335221	0	106	C	A
N0_Mouse	0.358707159683	0	439	T	A
N0_Mouse	0.359143163851	0	233	G	T
N0_Mouse	0.360312217181	0	336	T	A
N0_Mouse	0.36069784263	0	300	G	A
N0_Mouse	0.361727067722	0	246	G	A
N0_Mouse	0.369343873595	0	225	C	G
N0_Mouse	0.370203470126	0	151	G	C
N0_Mouse	0.371053566701	0	320	G	C
N0_Mouse	0.37353682116	0	258	A	G
N0_Mouse	0.374516889636	0	313	C	T
N0_Mouse	0.376735693078	0	189	A	C
N0_Mouse	0.378905733272	0	68	T	A
N0_Mouse	0.38113025787	0	19	T	G
N0_Mouse	0.381135327865	0	306	C	A
N0_Mouse	0.381874362908	0	208	G	T
N0_Mouse	0.384293730205	0	209	C	T
N0_Mouse	0.389347373421	0	426	C	G
N0_Mouse	0.39427952245	0	105	T	C
N0_Mouse	0.398519700212	0	385	T	A
N0_Mouse	0.398553256022	0	108	C	T
N0_Mouse	0.398922425249	0	145	T	C
N0_Mouse	0.399304595921	0	267	C	A
N0_Mouse	0.40639991942	0	189	C	T
N0_Mouse	0.407714896812	0	437	T	C
N0_Mouse	0.409787178625	0	9	G	C
N0_Mouse	0.410164281383	0	389	A	T
N0_Mouse	0.412612373198	0	89	A	T
N0_Mouse	0.414881363765	0	230	G	T
N0_Mouse	0.41553915255	0	73	C	T
N0_Mouse	0.416305357673	0	3	C	T
N0_Mouse	0.416585799671	0	397	C	A
N0_Mouse	0.418740068412	0	360	A	T
N0_Mouse	0.419291520797	0	15	A	T
N0_Mouse	0.419293898891	0	332	T	G
N0_Mouse	0.423151432709	0	420	C	G
N0_Mouse	0.424638662204	0	151	C	T
N0_Mouse	0.428053274711	0	143	C	A
N0_Mouse	0.434836761788	0	71	T	A
N0_Mouse	0.440610412084	0	423	A	C
N0_Mouse	0.440912821432	0	214	T	C
N0_Mouse	0.443915268091	0	225	G	C
