edge	time	mut_orlg	mut_pos	old_state	new_state
N0_D1	0.0106186830394	0	50	A	T
N0_D1	0.0146743944823	0	134	A	G
N0_D1	0.0157401178453	0	25	C	G
N0_D1	0.01625845223	0	121	C	T
N0_D1	0.019977788216	0	142	T	A
N0_D1	0.0307832188668	0	52	G	T
N0_D1	0.0380083186152	0	185	T	C
N0_D1	0.0412240624153	0	84	A	G
D1_N1	0.0012179379744	1	47	G	T
D1_N1	0.00184378382465	2	193	A	T
D1_N1	0.00510594665154	2	12	A	G
D1_N1	0.00586909485685	2	96	C	G
D1_N1	0.00647457187201	2	183	T	G
D1_N1	0.00696166657947	2	94	T	G
D1_N1	0.0122189245986	1	6	G	A
D1_N1	0.0122221948661	2	82	G	A
D1_N1	0.0131744615154	1	151	G	T
D1_N1	0.0137086947127	1	120	G	A
D1_N1	0.0226962077274	2	156	C	T
D1_N1	0.0246886108766	2	159	T	C
D1_N1	0.0264659642993	1	116	A	C
D1_N1	0.0280104275467	1	72	T	A
D1_N1	0.0418052678095	1	167	G	T
D1_N1	0.0436391763774	1	111	A	T
D1_N1	0.0437497789213	2	87	A	T
D1_N1	0.0476517488273	2	83	A	C
D1_N1	0.0480349612298	1	76	G	A
D1_N1	0.0567096918343	2	49	G	T
D1_N1	0.0592406419358	2	40	A	C
D1_N1	0.0630392584907	1	103	A	C
D1_N1	0.0670711598148	2	56	T	C
D1_N1	0.0769081471255	1	144	A	C
D1_N1	0.0769406315803	1	173	C	T
D1_N1	0.0791899196215	1	117	A	G
D1_N1	0.0824073208668	2	80	T	C
D1_N1	0.0832714036519	1	2	A	T
D1_N1	0.0872676715458	1	124	T	G
D1_N1	0.0888425067102	1	80	T	A
D1_N1	0.0898560375353	1	109	A	G
D1_N1	0.0899752056721	2	24	C	T
D1_N1	0.0942522510052	1	161	A	G
D1_N1	0.0962752171012	2	55	C	A
D1_N1	0.0982310846348	1	162	T	A
D1_N1	0.10133497982	2	147	G	T
D1_N1	0.114392163251	1	38	C	G
D1_N1	0.115564607773	1	63	A	T
D1_N1	0.115888023929	1	82	G	T
D1_N1	0.117679393859	2	188	A	T
D1_N1	0.117876169358	2	20	T	A
D1_N1	0.119176496592	1	158	T	C
D1_N1	0.119627826087	2	151	G	A
D1_N1	0.122063847066	1	189	T	A
D1_N1	0.125533792949	1	202	T	A
D1_N1	0.125846783155	2	48	A	T
D1_N1	0.128189719267	2	75	A	G
D1_N1	0.129974206273	2	132	T	C
D1_N1	0.130521229258	2	8	G	A
D1_N1	0.130594049096	1	56	T	G
D1_N1	0.132009069586	1	65	T	C
D1_N1	0.134491195733	2	82	A	C
D1_N1	0.142667229591	2	75	G	T
D1_N1	0.142703400488	1	40	A	G
D1_N1	0.142880452439	2	137	G	T
D1_N1	0.143719884964	2	184	T	A
D1_N1	0.146262293419	1	74	A	G
D1_N1	0.148521591484	2	60	T	C
D1_N1	0.148986588638	2	179	G	C
D1_N1	0.14927698393	2	179	C	A
D1_N1	0.154750352829	2	135	A	C
D1_N1	0.156227397789	2	52	T	C
D1_N1	0.166975336514	1	6	A	C
D1_N1	0.169762778822	2	123	T	A
D1_N1	0.173687125577	1	58	T	C
D1_N1	0.181572855093	1	116	C	A
D1_N1	0.182266770968	1	93	A	T
D1_N1	0.18655925794	1	66	A	T
D1_N1	0.186717640696	2	165	A	C
D1_N1	0.192131091218	2	22	G	T
D1_N1	0.192767290113	1	139	T	G
D1_N1	0.200916565361	1	178	G	A
D1_N1	0.202230004879	1	155	A	C
D1_N1	0.202820853738	2	23	C	T
D1_N1	0.210610300306	2	156	T	C
D1_N1	0.210841005757	1	45	G	T
D1_N1	0.211298690846	2	182	T	G
D1_N1	0.211411553265	1	40	G	A
D1_N1	0.211680488946	1	17	G	A
D1_N1	0.212519015271	2	105	T	G
N1_N2	0.00527693623693	1	173	T	G
N1_N2	0.00825585721026	1	121	T	G
N1_N2	0.0163940068871	2	65	T	C
N1_N2	0.0176040182758	1	114	T	C
N2_N3	0.00511357753895	1	165	A	C
N3_N4	0.000736762716325	1	152	C	A
N3_N4	0.00368152405098	2	57	T	C
N3_N4	0.0043495276217	1	144	C	A
N3_N4	0.00646529220871	2	98	A	T
N4_Human	0.00249668241257	2	86	A	C
N4_Human	0.00675466079458	2	112	A	T
N4_Human	0.00996897677221	2	65	C	A
N4_Human	0.0110646478266	2	145	C	A
N4_Chimp	0.00568661269626	1	150	G	C
N4_Chimp	0.00574200321642	1	125	T	A
N4_Chimp	0.00966454777664	1	113	G	C
N3_Goril	0.000561640600869	1	171	T	C
N3_Goril	0.00236371968205	1	136	A	C
N3_Goril	0.00246015974083	1	196	T	G
N3_Goril	0.00449867768616	1	67	G	C
N3_Goril	0.00749010237343	2	5	A	G
N3_Goril	0.0136614937261	2	43	T	C
N3_Goril	0.0172404653889	1	157	G	C
N3_Goril	0.0203369942272	1	199	A	G
N3_Goril	0.0211699544897	1	122	C	T
N2_Orang	7.33866586545e-05	2	152	C	T
N2_Orang	0.00047384530537	2	68	G	A
N2_Orang	0.00690529113804	1	94	T	C
N2_Orang	0.00735918114269	2	181	A	G
N2_Orang	0.00742126969933	2	121	T	C
N2_Orang	0.00985089212942	2	26	A	G
N2_Orang	0.010322394879	2	164	G	A
N2_Orang	0.0104768805097	2	172	A	C
N1_Macaq	0.00541629422574	1	14	C	T
N1_Macaq	0.0118332714728	1	191	A	C
N1_Macaq	0.0177254079346	1	159	T	G
N1_Macaq	0.0186131285245	2	60	C	T
N1_Macaq	0.0221143491617	2	39	C	T
N1_Macaq	0.028872610155	2	187	G	A
N0_Mouse	0.00559814009092	0	99	T	C
N0_Mouse	0.00767012666565	0	166	A	T
N0_Mouse	0.00782744250381	0	126	C	A
N0_Mouse	0.0145375850553	0	30	C	A
N0_Mouse	0.0215607139072	0	185	T	G
N0_Mouse	0.0243886874267	0	152	C	T
N0_Mouse	0.029781863788	0	56	T	A
N0_Mouse	0.0303791652144	0	100	A	G
N0_Mouse	0.0374284641938	0	125	T	G
N0_Mouse	0.0379023324166	0	103	A	T
N0_Mouse	0.0395393846107	0	111	A	C
N0_Mouse	0.0430090278736	0	14	C	A
N0_Mouse	0.0494314588129	0	36	A	G
N0_Mouse	0.0524825324531	0	202	T	G
N0_Mouse	0.0554304153621	0	121	C	G
N0_Mouse	0.0607073240998	0	14	A	G
N0_Mouse	0.0623531275996	0	169	A	T
N0_Mouse	0.0653146713948	0	62	T	A
N0_Mouse	0.0694063132114	0	63	A	G
N0_Mouse	0.0699104826548	0	2	A	T
N0_Mouse	0.07556524493	0	36	G	A
N0_Mouse	0.0838903612756	0	163	C	A
N0_Mouse	0.0861864267516	0	160	C	G
N0_Mouse	0.0910788554373	0	173	C	T
N0_Mouse	0.0936205914474	0	52	G	T
N0_Mouse	0.0938221164284	0	93	A	C
N0_Mouse	0.0964513485765	0	104	C	T
N0_Mouse	0.103285440752	0	139	T	G
N0_Mouse	0.115318505881	0	54	T	C
N0_Mouse	0.132959967876	0	186	G	A
N0_Mouse	0.138041855434	0	46	T	G
N0_Mouse	0.160752983453	0	137	G	A
N0_Mouse	0.169836985907	0	8	G	A
N0_Mouse	0.172404478828	0	154	C	G
N0_Mouse	0.182179319116	0	13	T	C
N0_Mouse	0.188121010912	0	153	T	A
N0_Mouse	0.191831485026	0	50	A	G
N0_Mouse	0.193249832902	0	29	T	C
N0_Mouse	0.194432921914	0	137	A	G
N0_Mouse	0.196486896616	0	49	G	A
N0_Mouse	0.198916324466	0	23	C	T
N0_Mouse	0.199157350163	0	31	A	G
N0_Mouse	0.199728599805	0	144	A	G
N0_Mouse	0.21153413713	0	106	T	C
N0_Mouse	0.215882881718	0	164	G	T
N0_Mouse	0.220916645033	0	61	A	G
N0_Mouse	0.22189057927	0	101	G	A
N0_Mouse	0.228614376368	0	22	G	A
N0_Mouse	0.229357554356	0	87	A	G
N0_Mouse	0.231321258203	0	55	C	T
N0_Mouse	0.245313588972	0	62	A	G
N0_Mouse	0.251696402389	0	138	A	C
N0_Mouse	0.251805070439	0	0	T	G
N0_Mouse	0.26114130651	0	176	A	G
N0_Mouse	0.26213340316	0	196	T	A
N0_Mouse	0.275919188144	0	84	A	G
N0_Mouse	0.276965114136	0	158	T	G
N0_Mouse	0.277977503896	0	187	G	A
N0_Mouse	0.298256961443	0	43	T	C
N0_Mouse	0.308747599917	0	26	A	G
N0_Mouse	0.314289240732	0	31	G	A
N0_Mouse	0.317857528626	0	197	A	G
N0_Mouse	0.330227467465	0	97	T	G
N0_Mouse	0.333659543322	0	125	G	T
N0_Mouse	0.337833684377	0	74	A	G
N0_Mouse	0.341458773433	0	144	G	T
N0_Mouse	0.342632045261	0	83	A	T
N0_Mouse	0.35543866226	0	89	G	A
N0_Mouse	0.361885337587	0	153	A	T
N0_Mouse	0.369805436582	0	71	A	G
N0_Mouse	0.370740095288	0	49	A	G
N0_Mouse	0.371746977457	0	192	C	A
N0_Mouse	0.379265632999	0	53	T	C
N0_Mouse	0.384655157504	0	123	T	C
N0_Mouse	0.391989316961	0	137	G	A
N0_Mouse	0.393467538536	0	201	C	G
N0_Mouse	0.393698363585	0	182	T	C
N0_Mouse	0.395078494647	0	21	C	A
N0_Mouse	0.402629469001	0	90	T	A
N0_Mouse	0.404689228947	0	178	G	A
N0_Mouse	0.414262366466	0	167	G	A
N0_Mouse	0.415443467663	0	145	C	T
N0_Mouse	0.42207650858	0	13	C	G
N0_Mouse	0.424175735073	0	200	T	G
N0_Mouse	0.433254892846	0	44	G	A
N0_Mouse	0.435835910433	0	18	A	T
N0_Mouse	0.436487853051	0	126	A	T
N0_Mouse	0.441255843724	0	45	G	T
N0_Mouse	0.444882734054	0	52	T	C
N0_Mouse	0.446665270563	0	139	G	A
N0_Mouse	0.456588624509	0	154	G	T
