edge	time	mut_orlg	mut_pos	old_state	new_state
N0_kluyveri	0.000416359409145	0	824	C	T
N0_kluyveri	0.000494527076169	0	625	T	A
N0_kluyveri	0.000903133479204	0	350	G	A
N0_kluyveri	0.000950044045169	0	287	G	A
N0_kluyveri	0.00195042405212	0	383	G	A
N0_kluyveri	0.00204805266779	0	587	A	C
N0_kluyveri	0.00277372937214	0	59	A	C
N0_kluyveri	0.00290925200086	0	860	T	C
N0_kluyveri	0.00320553572746	0	462	C	T
N0_kluyveri	0.00355390600315	0	26	A	G
N0_kluyveri	0.00358348541648	0	449	C	T
N0_kluyveri	0.00477373777258	0	254	G	A
N0_kluyveri	0.00497731835305	0	170	T	G
N0_kluyveri	0.00531644207487	0	551	C	T
N0_kluyveri	0.00671381360243	0	842	T	C
N0_kluyveri	0.0069410369664	0	731	A	G
N0_kluyveri	0.00700488420645	0	428	A	G
N0_kluyveri	0.00836245730872	0	65	C	G
N0_kluyveri	0.00839778269787	0	215	T	C
N0_kluyveri	0.00899489103478	0	272	T	C
N0_kluyveri	0.0094646856659	0	428	G	A
N0_kluyveri	0.00981628136464	0	533	C	A
N0_kluyveri	0.00995252726932	0	335	A	G
N0_kluyveri	0.010083865163	0	806	C	T
N0_kluyveri	0.0101083676402	0	102	T	C
N0_kluyveri	0.0109470576428	0	548	G	A
N0_kluyveri	0.0111705509925	0	362	T	C
N0_kluyveri	0.0120686957109	0	554	T	C
N0_kluyveri	0.012427916355	0	785	C	T
N0_kluyveri	0.0126789398071	0	731	G	A
N0_kluyveri	0.0128639899965	0	599	G	A
N0_kluyveri	0.0129578213264	0	47	G	A
N0_kluyveri	0.0129728952951	0	425	G	C
N0_kluyveri	0.013234362114	0	278	G	A
N0_kluyveri	0.0140778525222	0	134	G	A
N0_kluyveri	0.014082293096	0	539	T	A
N0_kluyveri	0.0145295988947	0	35	T	C
N0_kluyveri	0.015700780302	0	77	G	A
N0_kluyveri	0.0157967067727	0	389	G	A
N0_D1	0.000510113813027	0	26	A	G
N0_D1	0.0005798783975	0	503	T	C
N0_D1	0.000976908152612	0	36	A	G
N0_D1	0.00102109974219	0	140	T	G
N0_D1	0.00153920684157	0	524	C	T
N0_D1	0.00179578823271	0	747	T	C
N0_D1	0.00180733838949	0	500	G	A
D1_N1	1.07713826259e-05	1	143	T	C
D1_N1	0.000122350350259	1	384	A	T
D1_N1	0.000783310367559	1	266	C	A
D1_N1	0.000870411936819	1	584	T	C
D1_N1	0.000910205337907	2	374	C	A
D1_N1	0.00097586946886	2	269	T	C
D1_N1	0.00100056202414	2	389	G	A
D1_N1	0.00105255715207	1	290	T	C
D1_N1	0.00127966256805	1	674	G	A
D1_N1	0.0013254648799	1	599	G	A
D1_N1	0.00139066694489	1	425	G	A
D1_N1	0.00140004354362	2	554	T	A
D1_N1	0.00168765550153	2	65	C	A
D1_N1	0.00207607986106	1	119	A	G
D1_N1	0.00215761078833	1	752	T	C
D1_N1	0.00231682605185	1	434	A	T
D1_N1	0.00266813526108	1	848	G	A
D1_N1	0.00311097206011	1	797	A	G
N1_castellii	0.000113631912312	1	488	A	G
N1_castellii	0.000334219714287	2	101	A	G
N1_castellii	0.000373679339917	1	284	T	C
N1_castellii	0.000735373393435	1	179	G	A
N1_castellii	0.000846811463984	2	425	G	A
N1_castellii	0.000980751945195	2	731	A	T
N1_castellii	0.00102570455771	1	407	C	T
N1_castellii	0.00119548992717	1	629	C	T
N1_castellii	0.00152445595697	1	50	A	C
N1_castellii	0.00166823581613	2	551	C	T
N1_castellii	0.0017216729831	1	794	A	G
N1_castellii	0.00213037636197	1	840	C	T
N1_castellii	0.00228723946571	2	500	A	G
N1_castellii	0.0028147860296	1	576	T	C
N1_castellii	0.00289831089727	1	53	C	T
N1_castellii	0.00327218397471	2	470	T	C
N1_castellii	0.0036621266386	2	827	T	C
N1_castellii	0.00367565192882	2	525	G	A
N1_castellii	0.00376044070426	2	86	T	C
N1_castellii	0.003890860216	2	608	T	C
N1_castellii	0.00395251850015	2	653	G	A
N1_castellii	0.00423530160503	1	719	A	C
N1_castellii	0.00458320672617	1	20	C	T
N1_castellii	0.00465012734956	2	531	A	T
N1_castellii	0.00489371154962	2	617	A	G
N1_castellii	0.00490198181042	2	815	G	A
N1_castellii	0.00499200344194	1	362	T	C
N1_castellii	0.00541052776415	2	653	A	G
N1_castellii	0.00545074689013	1	735	G	A
N1_castellii	0.00571680714952	1	80	T	C
N1_castellii	0.00574748028784	1	647	G	A
N1_castellii	0.00582373085253	1	158	A	G
N1_castellii	0.00594380149501	2	530	T	C
N1_castellii	0.00598761224161	2	149	C	T
N1_castellii	0.00611263503875	1	155	T	C
N1_castellii	0.00625461637367	2	692	C	G
N1_castellii	0.00662390287235	1	108	T	C
N1_castellii	0.00669690558537	1	434	T	G
N1_castellii	0.00674713961782	1	839	T	C
N1_castellii	0.00679823891601	2	332	C	T
N1_castellii	0.00685249282359	1	839	C	G
N1_castellii	0.00686989259098	2	563	G	C
N1_castellii	0.00699190765457	1	350	G	A
N1_castellii	0.00728200594164	2	512	T	A
N1_castellii	0.00731806925895	1	320	G	A
N1_castellii	0.0073261380197	2	698	G	A
N1_castellii	0.00760141532857	2	842	T	C
N1_castellii	0.00768932964006	2	338	G	A
N1_castellii	0.0078345023383	1	644	C	T
N1_castellii	0.00800576910952	1	506	A	G
N1_castellii	0.00807482831821	2	764	A	G
N1_castellii	0.0081007883788	1	185	G	C
N1_castellii	0.00813976350497	1	503	C	T
N1_castellii	0.00822613953318	1	2	A	T
N1_castellii	0.00830247617009	2	573	C	T
N1_castellii	0.00840374942934	2	455	T	C
N1_castellii	0.00841497084397	2	533	C	G
N1_castellii	0.00842794884483	1	506	G	A
N1_castellii	0.00842928134372	1	311	G	A
N1_castellii	0.00844759062309	2	380	T	C
N1_castellii	0.00868925475199	1	698	G	A
N1_castellii	0.00887256907605	1	731	A	G
N1_castellii	0.00897290360966	1	71	T	C
N1_castellii	0.009015248435	1	44	T	A
N1_castellii	0.0091732332248	1	294	T	C
N1_castellii	0.00934866936068	1	548	G	A
N1_castellii	0.00942251393213	2	38	G	A
N1_castellii	0.00950456619534	2	593	T	C
N1_castellii	0.00959385797601	2	176	C	T
N1_castellii	0.0097188575385	2	411	G	A
N1_castellii	0.00979415837999	1	287	G	A
N1_castellii	0.00998101496436	1	473	G	A
N1_castellii	0.0101584276259	1	698	A	G
N1_castellii	0.0103453878283	1	638	T	C
N1_castellii	0.0103831410862	1	343	C	T
N1_castellii	0.010798336483	2	506	A	G
N1_castellii	0.0110797855848	2	71	T	C
N1_castellii	0.0113650504912	1	191	T	C
N1_castellii	0.0113997639015	1	515	C	T
N1_castellii	0.0114482991946	2	33	C	T
N1_castellii	0.0117939031305	1	491	T	C
N1_castellii	0.0120300363754	1	527	G	A
N1_castellii	0.0124438898763	2	737	G	A
N1_castellii	0.0127845387162	1	536	T	C
N1_castellii	0.0128711065851	2	818	G	A
N1_castellii	0.0134679244727	2	5	T	C
N1_castellii	0.0137920561161	2	855	A	C
N1_castellii	0.0141678932977	1	818	G	A
N1_castellii	0.014813671621	2	419	C	T
N1_castellii	0.0150536165598	2	52	A	G
N1_castellii	0.0153889113215	2	467	G	A
N1_castellii	0.0154210163365	1	458	G	A
N1_castellii	0.0159130071359	1	128	G	A
N1_castellii	0.0159234664188	2	242	G	A
N1_castellii	0.0159484902599	2	77	G	A
N1_castellii	0.0161703107947	2	277	C	T
N1_castellii	0.0161816075495	2	827	C	T
N1_castellii	0.0165090269551	2	695	T	C
N1_castellii	0.016634828049	2	329	A	G
N1_castellii	0.016659882712	2	445	C	T
N1_castellii	0.0167110885137	2	683	T	C
N1_castellii	0.0167739449656	1	317	A	C
N1_castellii	0.0168294414531	2	266	C	T
N1_castellii	0.0168389437021	2	466	A	G
N1_castellii	0.0168395579704	2	344	C	T
N1_castellii	0.0169157389565	1	5	T	C
N1_castellii	0.0172454432205	2	851	T	C
N1_N2	0.000116800294752	1	143	C	T
N1_N2	0.000130454553336	2	110	T	C
N1_N2	0.000152109701722	1	596	A	C
N1_N2	0.000206709614519	2	287	G	C
N1_N2	0.000911215597033	2	146	C	T
N1_N2	0.00125587148299	2	113	C	T
N1_N2	0.00162996531724	1	201	C	T
N1_N2	0.00166451567847	1	773	A	G
N1_N2	0.00182130539388	1	107	C	A
N1_N2	0.00198106019624	2	611	A	G
N1_N2	0.00209735531711	1	629	C	G
N1_N2	0.00229136435694	1	518	T	C
N1_N2	0.0026384636734	2	140	G	A
N1_N2	0.00271121687276	1	329	A	G
N1_N2	0.00287615241278	1	482	T	C
N1_N2	0.00302957882384	2	206	G	A
N1_N2	0.0035078863379	1	614	A	G
N1_N2	0.00359414780612	1	728	T	C
N1_N2	0.00364611743459	1	50	A	G
N1_N2	0.00379123622192	1	572	T	C
N1_N2	0.00393439943614	1	632	C	T
N1_N2	0.00419549439881	2	56	C	T
N1_N2	0.00430186086634	2	777	G	A
N1_N2	0.00501438284887	1	5	T	C
N1_N2	0.00508779780472	2	599	G	A
N1_N2	0.00509837602657	2	674	G	A
N1_N2	0.00519868209875	1	59	A	G
N1_N2	0.00530310989472	2	554	A	G
N1_N2	0.00542192770143	1	410	A	G
N1_N2	0.00553666494351	1	281	T	C
N1_N2	0.00562827240177	1	593	T	C
N1_N2	0.00564733553452	2	734	A	T
N1_N2	0.00583517611523	2	563	G	A
N1_N2	0.00604308214614	1	473	G	C
N1_N2	0.00625867593286	1	308	T	C
N1_N2	0.006494622766	1	266	C	T
N1_N2	0.00650698294139	2	398	C	A
N1_N2	0.00682292359993	1	599	A	G
N1_N2	0.00695524906135	1	176	C	T
N1_N2	0.00761813657288	1	122	T	C
N1_N2	0.00770086806072	2	242	G	A
N1_N2	0.00779218787191	2	11	G	C
N1_N2	0.00814858199632	1	227	T	C
N1_N2	0.00818948908188	1	305	A	C
N1_N2	0.00846696360567	1	372	G	A
N1_N2	0.00853868968463	1	71	T	C
N1_N2	0.00856204421415	2	257	A	G
N1_N2	0.00865990054501	2	32	G	A
N1_N2	0.00871030997258	1	455	T	C
N1_N2	0.00896659472828	2	98	T	C
N1_N2	0.00896716669949	1	182	G	A
N1_N2	0.00924687962782	2	471	A	G
N1_N2	0.00931971077769	2	827	T	G
N1_N2	0.00960002551689	2	588	T	A
N1_N2	0.00968527560001	2	833	C	T
N1_N2	0.0100994988247	1	845	C	T
N1_N2	0.0101320530702	1	137	A	G
N1_N2	0.0101604017196	2	83	C	T
N1_N2	0.0103599995002	1	782	A	C
N1_N2	0.0105754993773	1	200	T	A
N1_N2	0.0106415578406	1	455	C	T
N1_N2	0.0106483046688	2	491	T	C
N1_N2	0.0109297244497	2	533	C	T
N1_N2	0.0111180314688	1	365	T	C
N1_N2	0.0111935115652	1	539	T	C
N1_N2	0.0112395349359	2	74	C	T
N1_N2	0.0113408674326	2	794	A	G
N1_N2	0.0114114443227	1	608	T	C
N1_N2	0.0115910718489	1	533	C	T
N1_N2	0.0117009410811	2	740	A	C
N1_N2	0.0120941396239	2	545	T	C
N1_N2	0.0121630516427	2	113	T	G
N1_N2	0.0123296292427	1	446	A	G
N1_N2	0.0123403267063	1	284	T	C
N1_N2	0.0124016577962	1	131	T	C
N1_N2	0.012845536641	2	608	T	A
N1_N2	0.0128720157522	2	434	A	T
N1_N2	0.0129234249737	2	23	T	C
N1_N2	0.013034233645	1	365	C	T
N1_N2	0.0131075240641	2	476	A	C
N1_N2	0.0133218412177	2	836	A	G
N1_N2	0.0133504375232	2	530	T	C
N1_N2	0.013511742241	1	710	C	T
N1_N2	0.0136465440874	1	842	T	C
N1_N2	0.0137161316458	2	641	C	T
N1_N2	0.0137382966078	1	215	T	C
N1_N2	0.0137638211392	2	266	C	A
N1_N2	0.0137771298303	2	467	G	A
N1_N2	0.014080401408	1	305	C	T
N1_N2	0.014200232998	2	783	A	G
N1_N2	0.014471666345	1	113	C	T
N1_N2	0.0145041696941	1	824	C	T
N1_N2	0.0145990724408	1	822	T	C
N1_N2	0.0146102959504	2	557	G	A
N1_N2	0.0150830645969	1	167	A	G
N1_N2	0.0153220895095	1	26	G	A
N2_bayanus	0.00028260513845	2	230	T	C
N2_bayanus	0.000501796324968	1	314	T	A
N2_bayanus	0.000549774974805	2	455	T	C
N2_bayanus	0.0005668392502	1	477	A	T
N2_bayanus	0.000574315618382	2	602	A	G
N2_bayanus	0.000581151499569	1	413	T	C
N2_bayanus	0.000609337093408	1	218	A	G
N2_bayanus	0.000711140157794	1	620	C	T
N2_bayanus	0.000807871475096	2	209	A	C
N2_bayanus	0.000875483367727	2	737	G	A
N2_bayanus	0.00100761511384	1	149	C	T
N2_bayanus	0.00120153474731	1	212	T	C
N2_bayanus	0.00153964339114	1	644	C	T
N2_bayanus	0.00170963177555	1	158	A	G
N2_bayanus	0.00200411614132	2	683	T	C
N2_bayanus	0.00208762645178	1	269	C	T
N2_bayanus	0.00219532706634	2	695	T	C
N2_bayanus	0.00230027359866	1	116	G	A
N2_bayanus	0.00242053440669	2	239	A	C
N2_bayanus	0.00255746394846	2	848	G	A
N2_bayanus	0.00260167115439	2	152	C	A
N2_bayanus	0.0026458530177	2	425	G	A
N2_bayanus	0.0028902334503	2	710	C	T
N2_N3	0.000354104972857	1	38	G	A
N2_N3	0.000397347841106	2	740	C	T
N2_N3	0.000597945741184	2	515	C	T
N2_N3	0.000609697288485	2	83	T	C
N2_N3	0.00102062218032	1	332	C	T
N2_N3	0.0010419727921	2	497	A	T
N2_N3	0.00122939097511	2	197	C	A
N2_N3	0.00134145449442	1	71	C	T
N2_N3	0.00135962782241	1	554	T	C
N2_N3	0.00159659570477	1	452	A	G
N2_N3	0.00180913398568	1	509	C	T
N2_N3	0.00188525920553	1	665	A	C
N2_N3	0.00189785496778	1	680	A	G
N3_kudriavzevii	0.000558934700563	2	350	G	T
N3_kudriavzevii	0.000768521804814	1	410	G	A
N3_kudriavzevii	0.000849103164135	2	167	A	G
N3_kudriavzevii	0.00109221875524	1	38	A	G
N3_kudriavzevii	0.00119426118087	2	737	G	C
N3_kudriavzevii	0.0012005296049	2	435	A	G
N3_kudriavzevii	0.00148066148377	2	385	G	A
N3_kudriavzevii	0.00149609082833	1	461	C	T
N3_kudriavzevii	0.00174115156933	1	422	T	C
N3_kudriavzevii	0.00240893104157	1	131	C	T
N3_kudriavzevii	0.00256501064066	1	590	C	T
N3_kudriavzevii	0.00312265568361	1	212	T	C
N3_kudriavzevii	0.00343877645714	1	98	T	A
N3_kudriavzevii	0.00347944327746	2	68	A	G
N3_kudriavzevii	0.0035902098189	1	53	C	T
N3_kudriavzevii	0.00363664797234	1	419	C	T
N3_kudriavzevii	0.00366616909899	2	419	C	T
N3_kudriavzevii	0.00387052803599	1	326	A	G
N3_kudriavzevii	0.00408419173531	1	773	G	T
N3_kudriavzevii	0.00442838719007	1	237	G	A
N3_kudriavzevii	0.00462972776701	1	782	C	A
N3_kudriavzevii	0.0046467022588	1	362	T	C
N3_N4	8.12858797928e-05	2	266	A	G
N3_N4	0.000226122566227	2	11	G	A
N3_N4	0.000308762533764	1	827	T	C
N3_N4	0.00034170338572	2	506	A	T
N3_N4	0.000375553034828	2	92	A	G
N3_N4	0.000620439295342	1	158	A	G
N3_N4	0.000672752681669	2	713	T	C
N3_N4	0.000774293082835	1	398	C	G
N3_N4	0.000808762564536	1	551	C	T
N3_N4	0.00115638428006	2	281	T	C
N3_N4	0.00117610075059	1	152	C	T
N3_N4	0.00137548100679	2	197	A	G
N3_N4	0.00144565719056	1	308	T	C
N4_mikatae	0.000173486550848	1	527	G	A
N4_mikatae	0.00024725371753	2	407	C	T
N4_mikatae	0.000289957634007	1	638	T	C
N4_mikatae	0.000324177277186	2	56	T	C
N4_mikatae	0.000429981042562	2	778	T	C
N4_mikatae	0.000772170884716	1	758	G	A
N4_mikatae	0.00086452869152	2	795	T	C
N4_mikatae	0.000895455966715	2	600	C	T
N4_mikatae	0.00112496441256	2	173	T	C
N4_mikatae	0.0011525458876	2	428	A	C
N4_mikatae	0.00131932674497	1	404	A	G
N4_mikatae	0.00148699338349	1	587	A	G
N4_mikatae	0.00171869236566	1	347	T	C
N4_mikatae	0.00174298865214	2	110	C	T
N4_mikatae	0.00196225625505	2	69	T	C
N4_mikatae	0.00223582820778	1	350	G	A
N4_mikatae	0.00253145082526	1	272	T	C
N4_mikatae	0.00260557398517	1	368	G	A
N4_mikatae	0.00289267028114	2	743	A	G
N4_mikatae	0.0030832473024	2	728	T	G
N4_mikatae	0.00310265933374	2	155	T	C
N4_mikatae	0.00322333548583	1	131	C	T
N4_mikatae	0.00324663779253	1	677	T	A
N4_mikatae	0.00327655030742	1	155	T	G
N4_mikatae	0.00339917932955	1	641	C	A
N4_mikatae	0.00347866102306	2	488	A	G
N4_mikatae	0.0037670719054	2	611	G	A
N4_mikatae	0.00377858951859	1	283	A	C
N4_N5	0.000129398691917	1	461	C	G
N4_N5	0.000136306995387	1	773	G	A
N4_N5	0.000225461415487	2	8	T	C
N4_N5	0.000382185664529	1	449	C	T
N4_N5	0.000878390503832	2	302	C	T
N5_paradoxus	9.90681205947e-05	1	113	T	C
N5_paradoxus	0.000747185145239	1	416	C	A
N5_paradoxus	0.000928390107286	1	176	T	C
N5_paradoxus	0.000931384846056	1	518	C	A
N5_paradoxus	0.00109230312534	1	691	G	A
N5_paradoxus	0.00118783727063	1	2	A	G
N5_paradoxus	0.00119515717197	2	89	A	C
N5_paradoxus	0.00146507603647	2	788	A	G
N5_paradoxus	0.00170963884244	1	638	T	C
N5_paradoxus	0.00202176293943	1	245	G	C
N5_paradoxus	0.00212687365131	1	227	C	T
N5_paradoxus	0.00253285736827	1	446	G	C
N5_paradoxus	0.0027859352571	2	808	T	A
N5_paradoxus	0.00284334328491	2	647	G	C
N5_paradoxus	0.00289245185773	2	120	T	C
N5_paradoxus	0.00294154027508	2	725	G	A
N5_paradoxus	0.00308231534772	1	32	G	T
N5_paradoxus	0.00316968660716	1	734	T	C
N5_cerevisiae	2.43847734062e-05	1	5	C	T
N5_cerevisiae	3.68615540884e-05	2	329	A	G
N5_cerevisiae	0.000331926579265	2	199	T	C
N5_cerevisiae	0.000340401797206	2	475	C	T
N5_cerevisiae	0.000466161401994	1	89	A	G
N5_cerevisiae	0.000926855889007	2	539	T	C
N5_cerevisiae	0.00101544896635	2	380	T	C
N5_cerevisiae	0.00136842103246	1	122	C	T
N5_cerevisiae	0.00141946947026	1	845	T	A
N5_cerevisiae	0.00147567177873	1	521	T	C
N5_cerevisiae	0.00162344515699	1	413	T	G
N5_cerevisiae	0.00175746491895	2	119	A	G
N5_cerevisiae	0.00186262766081	2	311	G	A
N5_cerevisiae	0.00196223502445	2	500	A	T
N5_cerevisiae	0.00207529257608	2	62	C	T
N5_cerevisiae	0.00231088018157	1	371	A	G
