edge	time	mut_orlg	mut_pos	old_state	new_state
N0_D1	0.00059392435101	0	1288	C	T
N0_D1	0.00319670004656	0	525	A	G
N0_D1	0.0037061090766	0	428	T	C
N0_D1	0.00400263294355	0	416	A	G
N0_D1	0.00453693856053	0	504	C	T
N0_D1	0.00494262696934	0	858	C	T
N0_D1	0.00496786220243	0	1343	A	T
N0_D1	0.0050980689167	0	73	A	T
N0_D1	0.00583775757845	0	381	A	G
N0_D1	0.00614700231569	0	678	A	T
N0_D1	0.00649646369029	0	1356	G	A
N0_D1	0.00712146236837	0	750	T	C
N0_D1	0.00725849125144	0	1434	G	T
N0_D1	0.00877582363069	0	1410	A	G
N0_D1	0.00886357792346	0	212	A	G
N0_D1	0.0109640147103	0	496	T	C
N0_D1	0.0113131638654	0	189	A	G
N0_D1	0.0116922501075	0	490	A	T
N0_D1	0.0117548814212	0	416	G	C
N0_D1	0.0127134848139	0	1059	C	T
N0_D1	0.013751638108	0	99	T	A
N0_D1	0.0146479549731	0	373	A	G
N0_D1	0.014670183612	0	693	T	C
N0_D1	0.0150958352332	0	842	T	A
N0_D1	0.0156121793715	0	1156	C	G
N0_D1	0.0160894535906	0	1060	T	C
N0_D1	0.0162059180036	0	1078	T	A
N0_D1	0.0164379548037	0	1268	C	T
N0_D1	0.0170720302773	0	1236	C	G
N0_D1	0.0171743760741	0	1053	A	C
N0_D1	0.0179851054856	0	959	G	T
N0_D1	0.0180647791857	0	985	C	T
N0_D1	0.018225926098	0	159	G	A
N0_D1	0.0184056074807	0	763	A	C
N0_D1	0.019496509488	0	280	A	G
N0_D1	0.019563278465	0	1386	G	T
N0_D1	0.0200777008269	0	719	T	A
N0_D1	0.021585228783	0	335	C	T
N0_D1	0.0220050492257	0	914	C	T
N0_D1	0.0225929327973	0	1222	A	G
N0_D1	0.0230035272595	0	1461	C	A
N0_D1	0.0234976632689	0	406	G	A
N0_D1	0.0236643185498	0	1254	T	C
N0_D1	0.0258674424014	0	442	A	T
N0_D1	0.0259820533876	0	21	A	C
N0_D1	0.0273005137077	0	645	A	G
N0_D1	0.0302934937612	0	643	A	T
N0_D1	0.0311392507404	0	688	A	G
N0_D1	0.0323529277372	0	638	T	C
N0_D1	0.0324997965555	0	1346	T	A
N0_D1	0.0326805612414	0	1301	T	C
N0_D1	0.032728118526	0	225	C	T
N0_D1	0.0328343874384	0	1459	T	C
N0_D1	0.0358675551506	0	130	T	C
N0_D1	0.0375257261608	0	302	G	A
N0_D1	0.0376650121262	0	1343	T	A
N0_D1	0.0378356213334	0	1241	A	G
N0_D1	0.0389770109306	0	1124	T	A
N0_D1	0.0398299092297	0	1381	T	G
N0_D1	0.0398795181881	0	308	T	A
N0_D1	0.0402812597934	0	1499	G	A
N0_D1	0.0402852214668	0	372	T	A
N0_D1	0.0403499585689	0	1414	C	A
N0_D1	0.0405262659475	0	426	T	A
N0_D1	0.0410852304115	0	390	G	A
N0_D1	0.0430576448772	0	942	G	T
N0_D1	0.0445830017381	0	1446	T	C
N0_D1	0.0450324843076	0	952	G	A
N0_D1	0.045442817583	0	691	A	G
N0_D1	0.0460222956288	0	237	G	T
N0_D1	0.0461885678306	0	321	A	C
N0_D1	0.0462772357905	0	277	A	G
N0_D1	0.046890994308	0	44	T	C
N0_D1	0.0470447301529	0	394	C	A
N0_D1	0.0475616222229	0	633	C	T
N0_D1	0.0492842858047	0	917	G	T
N0_D1	0.0495550868772	0	275	A	T
N0_D1	0.0497841195918	0	196	G	A
N0_D1	0.0498692476875	0	189	G	T
N0_D1	0.0503855672947	0	115	T	G
D1_N1	0.000344153511527	1	543	C	G
D1_N1	0.000849497942408	1	1402	G	A
D1_N1	0.00143788810041	1	539	T	G
D1_N1	0.00198649629494	2	189	T	C
D1_N1	0.00216260735038	2	1481	C	T
D1_N1	0.00221173369301	1	382	A	C
D1_N1	0.0022599407295	1	542	T	C
D1_N1	0.00294497136998	1	1485	C	T
D1_N1	0.00294670132317	1	172	C	A
D1_N1	0.00367806519829	1	1027	A	G
D1_N1	0.00390018906909	1	872	A	G
D1_N1	0.00421343752409	2	729	G	T
D1_N1	0.00427550240459	2	249	C	A
D1_N1	0.00460397858175	1	276	C	A
D1_N1	0.00483544745058	1	767	A	G
D1_N1	0.00498253075157	2	801	A	G
D1_N1	0.00546540571557	1	168	A	T
D1_N1	0.00568755429907	1	624	A	T
D1_N1	0.00569122176997	1	1368	C	T
D1_N1	0.00588913180953	2	104	C	T
D1_N1	0.00601311991438	1	471	A	C
D1_N1	0.00674791365867	1	1431	T	C
D1_N1	0.00682767809743	2	645	G	A
D1_N1	0.00722811782504	1	1340	A	G
D1_N1	0.00747308575327	2	956	T	C
D1_N1	0.00783042895356	1	1195	G	T
D1_N1	0.00783782335408	2	1003	A	G
D1_N1	0.00843403903302	1	1432	G	C
D1_N1	0.00875317049182	1	235	C	G
D1_N1	0.00894106078238	1	636	A	T
D1_N1	0.00928567302792	2	647	A	T
D1_N1	0.00934183180328	2	252	T	C
D1_N1	0.00944778913109	1	697	T	G
D1_N1	0.00948245050083	2	1403	T	A
D1_N1	0.00951813143637	1	832	A	G
D1_N1	0.010039251872	2	1317	A	G
D1_N1	0.010211083622	1	974	A	G
D1_N1	0.0111064471086	1	734	T	A
D1_N1	0.0116447714917	1	697	G	C
D1_N1	0.0116512923153	1	954	G	A
D1_N1	0.011688787639	2	376	G	A
D1_N1	0.0119899668965	2	1328	T	C
D1_N1	0.0121852720808	2	679	G	A
D1_N1	0.0126658511289	2	1396	A	G
D1_N1	0.0129329553038	2	1444	A	G
D1_N1	0.0136211539605	2	983	T	G
D1_N1	0.0142577761917	2	1473	G	A
D1_N1	0.0160970260424	2	875	T	C
D1_N1	0.0162640194378	2	993	C	A
D1_N1	0.016286697493	1	427	G	C
D1_N1	0.016589010354	2	1286	A	C
D1_N1	0.0173648096168	1	526	G	A
D1_N1	0.0175077494253	2	886	A	G
D1_N1	0.0180034081956	1	483	T	A
D1_N1	0.0181913448141	1	904	G	C
D1_N1	0.018511040769	1	691	G	A
D1_N1	0.0190399959763	2	560	C	G
D1_N1	0.0198390660091	2	296	A	C
D1_N1	0.0199218918083	2	1257	T	A
D1_N1	0.0199909041284	1	368	A	T
D1_N1	0.0200651974936	1	550	A	C
D1_N1	0.0201013282612	1	1196	G	A
D1_N1	0.0201051985225	2	203	A	T
D1_N1	0.020320260242	2	1318	T	C
D1_N1	0.0204161837796	2	335	T	C
D1_N1	0.0211245757325	1	1283	A	G
D1_N1	0.0213196817492	2	1115	G	A
D1_N1	0.0214348794311	1	382	C	T
D1_N1	0.0222708012908	1	585	T	G
D1_N1	0.0224185179442	1	1288	T	C
D1_N1	0.0229396262555	1	222	C	A
D1_N1	0.0231482871641	1	464	G	C
D1_N1	0.0233416307373	2	1325	C	T
D1_N1	0.0243026035754	1	959	T	G
D1_N1	0.0245539047293	1	971	T	C
D1_N1	0.0247180375925	2	569	G	A
D1_N1	0.0252240095187	1	1229	A	G
D1_N1	0.0256562435596	1	937	T	A
D1_N1	0.0259353995482	2	1093	T	G
D1_N1	0.0260924881936	2	579	T	C
D1_N1	0.027135356401	1	1357	T	A
D1_N1	0.0274371989253	1	1177	A	T
D1_N1	0.027753932788	2	245	A	G
D1_N1	0.0280777752724	2	68	T	G
D1_N1	0.0281724013445	1	1340	G	A
D1_N1	0.0282529268778	1	857	A	G
D1_N1	0.0284323939655	1	179	T	C
D1_N1	0.0294527631293	2	902	A	G
D1_N1	0.0295564492611	2	523	T	A
D1_N1	0.0299898608612	1	951	A	C
D1_N1	0.0301387455311	2	149	A	T
D1_N1	0.0308204489819	1	335	T	G
D1_N1	0.0308603025519	2	686	A	G
D1_N1	0.03154848051	1	876	A	G
D1_N1	0.0319493626734	1	1341	A	G
D1_N1	0.0321361928065	2	868	G	A
D1_N1	0.0325160663531	1	1168	G	T
D1_N1	0.0325222186483	1	733	A	G
D1_N1	0.0334972788983	2	509	A	G
D1_N1	0.0343871239308	2	967	T	C
D1_N1	0.0355675937779	1	111	A	C
D1_N1	0.0359280307466	2	1371	A	G
D1_N1	0.0362954239753	1	1139	T	C
D1_N1	0.0363286517593	1	467	A	C
D1_N1	0.0365372288562	2	753	A	G
D1_N1	0.0367699450871	1	627	A	G
D1_N1	0.0370605980093	1	584	G	A
D1_N1	0.037237251558	2	161	G	A
D1_N1	0.037575275689	1	791	C	T
D1_N1	0.037591725134	2	349	A	T
D1_N1	0.0377379890919	2	1427	T	C
D1_N1	0.0378171334101	1	440	G	A
D1_N1	0.0380984756478	1	108	C	T
D1_N1	0.0382201544655	2	659	T	A
D1_N1	0.0388935985364	1	1068	C	T
D1_N1	0.0389571142096	1	1409	C	T
D1_N1	0.038994015758	1	1113	A	C
D1_N1	0.0394261771553	1	1065	A	G
D1_N1	0.0395035402251	1	346	G	T
D1_N1	0.0396675835643	2	844	T	C
D1_N1	0.0397624778278	2	612	G	A
D1_N1	0.0405810908729	1	851	T	A
D1_N1	0.0410605875795	2	250	T	A
D1_N1	0.0413299250061	2	259	C	T
D1_N1	0.0413563613362	2	1468	T	G
D1_N1	0.0420683560582	2	155	T	C
D1_N1	0.042708370431	1	1012	T	C
D1_N1	0.0427133076281	2	324	T	A
D1_N1	0.0427519999755	2	36	T	C
D1_N1	0.0428903359891	1	666	G	A
D1_N1	0.0436718824928	1	619	A	G
D1_N1	0.0436955341984	1	939	C	A
D1_N1	0.0437180765823	2	568	T	C
D1_N1	0.0438936745307	2	119	G	T
D1_N1	0.0443039978171	1	1224	C	G
D1_N1	0.0445377503455	1	1021	A	G
D1_N1	0.0448420843603	2	671	T	C
D1_N1	0.0452803775516	1	1469	T	A
D1_N1	0.0456750950438	2	790	T	C
D1_N1	0.0458624311551	2	963	C	T
D1_N1	0.045939923027	2	999	T	G
D1_N1	0.0464590885391	1	1229	G	A
D1_N1	0.0467123132986	2	1097	C	T
D1_N1	0.0470326026363	2	726	A	G
D1_N1	0.0470703211579	2	689	C	T
D1_N1	0.0477701203324	2	1198	T	A
D1_N1	0.0478569372619	2	606	G	A
D1_N1	0.0483866672344	1	842	A	C
D1_N1	0.0484463260315	2	321	C	A
D1_N1	0.0486732559963	1	96	T	C
D1_N1	0.0488550185934	1	556	A	G
D1_N1	0.0489430124791	2	360	C	G
D1_N1	0.0491877174716	2	193	T	C
D1_N1	0.0492366900912	1	1279	T	C
D1_N1	0.0494243585029	2	1017	A	G
D1_N1	0.0498216838887	2	853	A	T
D1_N1	0.0499885737099	1	505	A	G
D1_N1	0.0503135944874	1	22	T	C
D1_N1	0.0503283672405	1	113	T	C
D1_N1	0.0503895995577	1	394	A	G
D1_N1	0.0503939053567	2	610	A	T
D1_N1	0.0511238794352	2	372	A	T
D1_N1	0.0512134123107	1	510	A	G
D1_N1	0.0514901023259	1	819	T	A
D1_N1	0.0520369733163	1	1262	C	A
D1_N1	0.0521873314127	2	663	A	G
D1_N1	0.0523740317581	2	73	T	A
D1_N1	0.05262252163	1	1055	G	A
D1_N1	0.0527845995391	2	866	A	T
D1_N1	0.053717392456	2	1139	T	C
D1_N1	0.0540842187878	2	1145	C	A
D1_N1	0.0543978972572	2	438	G	C
D1_N1	0.0546512040182	1	784	G	A
D1_N1	0.0547336611258	2	488	A	G
D1_N1	0.0549251683692	1	947	A	G
D1_N1	0.0550636496426	1	983	T	C
D1_N1	0.0554876911223	1	63	T	A
D1_N1	0.0557150544084	2	693	C	G
D1_N1	0.055807025449	1	1076	G	A
D1_N1	0.0561289082348	2	745	C	T
D1_N1	0.0562575124665	2	980	A	T
D1_N1	0.0564478276884	1	503	T	A
D1_N1	0.0569122339924	1	1426	G	C
D1_N1	0.0570545835088	1	114	C	G
D1_N1	0.0577650700314	1	1482	G	T
D1_N1	0.0587054347242	1	1363	T	A
D1_N1	0.0591204234906	1	1146	A	G
D1_N1	0.0593716340188	1	145	C	A
D1_N1	0.0598085920707	1	1281	G	C
D1_N1	0.0610180674253	1	21	C	T
D1_N1	0.0611693780691	1	162	T	G
D1_N1	0.0617524162931	1	1160	T	C
D1_N1	0.0623483988453	1	542	C	T
D1_N1	0.0624179990776	1	523	T	A
D1_N1	0.062978676488	2	306	A	C
D1_N1	0.0632236666758	1	208	A	T
D1_N1	0.063263492142	2	1286	C	A
D1_N1	0.0633283971853	2	689	T	G
D1_N1	0.0638720439509	2	1230	A	G
D1_N1	0.0640575611099	1	404	G	A
D1_N1	0.064527239798	2	576	G	C
D1_N1	0.06461268052	2	1383	C	T
D1_N1	0.0646559152327	2	428	C	G
D1_N1	0.0652083525826	1	538	A	G
D1_N1	0.0654041727291	1	486	G	A
D1_N1	0.0656005440056	2	17	T	A
D1_N1	0.0659751249616	1	1501	A	T
D1_N1	0.0667236508176	2	11	A	C
D1_N1	0.0669075871807	1	620	A	C
D1_N1	0.0672081226623	1	857	G	A
D1_N1	0.0679237126678	1	442	T	C
D1_N1	0.0679242802752	1	827	C	T
D1_N1	0.0685095675173	2	1479	A	G
D1_N1	0.0685866032481	1	1321	T	A
D1_N1	0.0690440717318	1	370	C	A
D1_N1	0.0690589260702	2	851	T	A
D1_N1	0.0692878100085	2	40	G	T
D1_N1	0.0701212340783	2	69	C	T
D1_N1	0.0708738193523	2	983	G	A
D1_N1	0.0710532478237	2	229	G	A
D1_N1	0.0717549208447	2	320	T	C
D1_N1	0.0721122789242	1	803	A	G
D1_N1	0.0723388889207	2	112	G	A
D1_N1	0.0724656775574	2	1114	A	G
D1_N1	0.0727627824962	1	71	G	A
D1_N1	0.0727712491048	1	908	A	G
D1_N1	0.0727906787089	2	128	C	T
D1_N1	0.0728414743657	2	190	T	A
D1_N1	0.0729666112094	2	562	A	G
D1_N1	0.0732724398589	1	992	C	G
D1_N1	0.073680459647	2	409	T	C
D1_N1	0.0737447177905	2	547	A	T
D1_N1	0.0750355363335	2	491	C	T
D1_N1	0.0750707330016	2	1226	T	C
D1_N1	0.0754245005121	1	1493	G	A
D1_N1	0.0755255435536	1	382	T	C
D1_N1	0.0760012314362	2	182	A	G
D1_N1	0.0761832176144	2	231	A	T
D1_N1	0.076230283416	1	85	A	C
D1_N1	0.0763295698976	1	796	A	G
D1_N1	0.0764564675165	1	356	A	G
D1_N1	0.0764565562815	1	182	A	T
D1_N1	0.0768065434566	1	1473	G	C
D1_N1	0.0770952855388	1	673	A	T
D1_N1	0.0772132266809	2	1044	A	T
D1_N1	0.0773032440007	2	175	C	T
D1_N1	0.077433842131	1	459	T	C
D1_N1	0.0780966418699	2	1496	T	G
D1_N1	0.0783559727908	1	446	T	A
D1_N1	0.0785128679776	1	1409	T	G
D1_N1	0.0788178070487	1	404	A	C
D1_N1	0.0789836820973	2	913	G	C
D1_N1	0.0790708415602	2	1396	G	A
D1_N1	0.0792294959492	1	890	C	G
D1_N1	0.0796204811881	1	1238	G	A
D1_N1	0.079816995437	1	543	G	T
D1_N1	0.0801022495842	1	619	G	A
D1_N1	0.0801263749555	1	399	T	C
D1_N1	0.0802102658192	1	256	C	T
D1_N1	0.0803434863526	2	1002	T	C
D1_N1	0.0804079028998	1	1371	A	G
D1_N1	0.0806367963388	2	1101	T	G
D1_N1	0.0808005709435	2	54	C	T
D1_N1	0.081023809257	1	177	G	A
D1_N1	0.0810795757147	1	1221	T	C
D1_N1	0.0812523062981	2	322	A	G
D1_N1	0.0814717127981	1	1074	T	C
D1_N1	0.0815949590344	1	1257	T	C
D1_N1	0.0822056373599	2	676	A	C
D1_N1	0.0826831128112	1	574	A	T
D1_N1	0.0830182591389	1	1130	T	G
D1_N1	0.0839550085816	2	1293	A	G
D1_N1	0.0839957691286	1	759	A	G
D1_N1	0.084330406382	2	478	G	C
D1_N1	0.0847565877732	1	453	G	C
D1_N1	0.0848404421357	2	931	G	A
D1_N1	0.0850387526027	2	1293	G	C
D1_N1	0.0851644906065	1	850	T	C
D1_N1	0.085916481145	1	683	G	C
D1_N1	0.0862404182153	1	364	T	A
D1_N1	0.0867607591265	2	283	C	T
D1_N1	0.0870625870302	2	894	A	C
D1_N1	0.08711384333	2	156	T	G
D1_N1	0.0876822394722	1	207	A	G
D1_N1	0.0878037799889	2	1383	T	G
D1_N1	0.0883167326117	1	1058	G	A
D1_N1	0.0885774814672	2	613	T	A
D1_N1	0.0894983259755	2	1352	C	T
D1_N1	0.0897170442241	2	754	A	T
D1_N1	0.0897750260588	2	1329	G	A
D1_N1	0.091124722608	2	1224	C	T
D1_N1	0.0918925204703	1	606	G	A
D1_N1	0.0920336951773	1	1301	C	A
D1_N1	0.0921790502771	1	787	T	C
D1_N1	0.0922586100757	1	1338	T	A
D1_N1	0.0927392804411	1	1486	C	A
D1_N1	0.0929712647441	2	554	T	G
D1_N1	0.0930318520787	2	495	G	A
D1_N1	0.094791384478	1	112	G	T
D1_N1	0.0951580085907	2	559	C	T
D1_N1	0.0952123644284	2	1388	A	T
D1_N1	0.0960467971244	2	699	T	A
D1_N1	0.0965945781524	1	1389	A	G
D1_N1	0.0966045491776	1	502	C	A
D1_N1	0.0971972491913	2	272	A	T
D1_N1	0.0972922161816	1	1192	A	G
D1_N1	0.0973224897667	2	810	T	A
D1_N1	0.0974162928785	1	948	T	G
D1_N1	0.0974804211205	2	824	C	T
D1_N1	0.0976883548882	1	458	A	G
D1_N1	0.0982254451235	2	108	C	G
D1_N1	0.0998076952448	2	434	C	T
D1_N1	0.100413977299	1	1149	C	G
D1_N1	0.100676284539	2	286	A	G
D1_N1	0.10123495652	1	1233	T	A
D1_N1	0.101285973913	1	722	T	A
D1_N1	0.101553571025	1	294	G	A
D1_N1	0.101773044731	1	782	T	G
D1_N1	0.101789575064	1	218	C	A
D1_N1	0.102035458017	1	891	A	G
D1_N1	0.102165177661	1	639	T	C
D1_N1	0.102357052494	1	1263	A	T
D1_N1	0.102640561278	1	888	T	A
D1_N1	0.103341092698	1	738	G	A
D1_N1	0.103342442622	2	1399	C	T
D1_N1	0.103425914588	1	717	A	G
D1_N1	0.103555616058	1	113	C	T
D1_N1	0.103808227987	2	472	A	G
D1_N1	0.105663250483	1	196	A	G
D1_N1	0.106544412251	2	1275	T	C
D1_N1	0.106771232364	1	762	G	T
D1_N1	0.10735817194	1	1362	T	C
D1_N1	0.108347095303	1	588	C	G
D1_N1	0.108423538691	1	287	A	C
D1_N1	0.108978047343	2	862	A	G
D1_N1	0.109057228517	2	838	C	A
D1_N1	0.109325910585	1	1196	A	T
D1_N1	0.109471096777	1	1387	C	A
D1_N1	0.109494102717	1	112	T	C
D1_N1	0.109691528617	1	201	C	G
D1_N1	0.109978251221	2	1510	A	T
D1_N1	0.110157536924	2	462	G	C
D1_N1	0.110255206246	2	309	A	T
D1_N1	0.110364986508	2	404	G	T
D1_N1	0.110956303948	1	749	A	G
D1_N1	0.111295839101	1	339	G	T
D1_N1	0.112038428489	2	1133	A	T
D1_N1	0.11261985729	2	765	C	A
D1_N1	0.112876564371	2	28	G	C
D1_N1	0.112957597814	1	1147	A	G
D1_N1	0.113373764471	2	1476	C	T
D1_N1	0.11401436568	1	157	A	T
D1_N1	0.114018345847	1	580	T	A
D1_N1	0.114189664647	2	926	C	T
D1_N1	0.114605297937	1	499	A	G
D1_N1	0.114863350082	2	478	C	A
D1_N1	0.114980700698	2	754	T	G
D1_N1	0.115121881591	1	739	T	C
D1_N1	0.115153488686	2	172	C	T
D1_N1	0.115950392627	2	46	G	T
D1_N1	0.115987375792	2	595	G	T
D1_N1	0.116036094099	2	98	A	G
D1_N1	0.116717019991	1	1232	T	A
D1_N1	0.116900438628	1	152	G	A
D1_N1	0.117429965177	1	174	C	G
D1_N1	0.117829663845	2	1118	A	G
D1_N1	0.118358375317	1	183	T	C
D1_N1	0.119301582328	1	1510	A	G
D1_N1	0.11930686916	1	328	A	T
D1_N1	0.119751159644	2	1134	A	G
D1_N1	0.119973225443	1	320	T	C
D1_N1	0.120014764798	2	351	G	C
D1_N1	0.120054684716	1	1104	T	G
D1_N1	0.12083753755	2	623	T	C
D1_N1	0.121048262301	1	644	C	T
D1_N1	0.121077315416	2	1082	A	G
D1_N1	0.121977673182	2	654	T	A
D1_N1	0.122022317936	2	886	G	T
D1_N1	0.12210129003	1	1413	C	T
D1_N1	0.122820230268	1	423	A	C
D1_N1	0.12283344093	1	53	C	T
D1_N1	0.122856691393	2	808	A	T
D1_N1	0.123007243174	2	390	A	G
D1_N1	0.123093573577	1	1392	C	A
D1_N1	0.123399071906	2	873	A	C
D1_N1	0.1235362918	1	463	T	G
D1_N1	0.123658764785	1	1429	G	T
D1_N1	0.123662090483	2	307	C	T
D1_N1	0.123851026159	2	538	A	T
D1_N1	0.124195925134	1	273	G	A
D1_N1	0.124344531852	1	214	T	C
D1_N1	0.12494169421	2	699	A	G
D1_N1	0.12554525021	1	922	G	C
D1_N1	0.125664330766	1	484	G	T
D1_N1	0.126267170246	2	1076	G	C
D1_N1	0.126447268611	2	999	G	C
D1_N1	0.126780664582	1	1154	A	G
D1_N1	0.126830075131	2	840	T	G
D1_N1	0.127261347761	2	109	G	T
D1_N1	0.127282734852	2	38	A	T
D1_N1	0.127625446719	2	205	A	G
D1_N1	0.127904878922	1	150	C	T
D1_N1	0.128720535035	2	615	A	G
D1_N1	0.128750709705	1	1053	C	G
D1_N1	0.128992902652	1	399	C	T
D1_N1	0.129182296391	1	342	A	G
D1_N1	0.12948406452	2	564	A	G
D1_N1	0.129560928867	1	1050	G	T
D1_N1	0.129582017694	1	719	A	T
D1_N1	0.129706868994	1	1342	G	A
D1_N1	0.129792615703	2	447	A	G
D1_N1	0.13025387145	1	204	G	A
D1_N1	0.130871331206	1	782	G	A
D1_N1	0.130961505334	2	312	A	T
D1_N1	0.131200358513	1	783	A	T
D1_N1	0.131332040449	1	1371	G	A
D1_N1	0.13136481431	1	203	A	T
D1_N1	0.133176659672	2	802	C	T
D1_N1	0.133205793825	1	368	T	G
D1_N1	0.133501804176	1	170	T	A
D1_N1	0.135414852403	1	407	T	A
D1_N1	0.13550502285	1	1082	A	T
D1_N1	0.135544264096	2	96	T	G
D1_N1	0.135606990555	1	921	C	T
D1_N1	0.135785394563	2	1372	C	T
D1_N1	0.136325385569	1	217	C	T
D1_N1	0.136847612752	2	1036	G	C
D1_N1	0.137206152089	1	392	T	A
D1_N1	0.137558033103	2	868	A	C
D1_N1	0.137570923691	2	782	T	G
D1_N1	0.137599953929	1	614	G	T
D1_N1	0.137749852415	2	143	A	T
D1_N1	0.137826294638	2	500	G	A
D1_N1	0.138565539939	2	260	T	A
D1_N1	0.139276809294	2	1068	C	T
D1_N1	0.139307962617	1	1510	G	A
D1_N1	0.139354528143	1	456	T	C
D1_N1	0.139716108981	2	1333	A	G
D1_N1	0.139801278371	2	1317	G	A
D1_N1	0.140280143971	2	832	A	C
D1_N1	0.140523222935	2	810	A	G
D1_N1	0.140797135235	1	1469	A	T
D1_N1	0.141417278194	1	1223	A	T
D1_N1	0.142158985305	1	451	T	G
D1_N1	0.142569326896	1	1031	T	C
D1_N1	0.142781516267	1	251	G	T
D1_N1	0.143526986519	1	411	T	A
D1_N1	0.143646125919	1	1341	G	A
D1_N1	0.144085874913	2	102	A	C
D1_N1	0.144277018633	2	779	T	C
D1_N1	0.144375000017	2	404	T	C
D1_N1	0.144383075351	1	1392	A	G
D1_N1	0.144661356441	2	21	C	G
D1_N1	0.145202454381	2	1446	C	T
D1_N1	0.145823939817	2	864	G	A
D1_N1	0.14600978683	2	601	T	A
D1_N1	0.146610860872	2	1376	A	G
D1_N1	0.147420289849	2	375	T	G
D1_N1	0.147498353734	2	380	G	A
D1_N1	0.147932053359	1	588	G	C
D1_N1	0.14827932639	1	626	A	C
D1_N1	0.148340077364	1	20	A	G
D1_N1	0.148649579901	1	1225	A	T
D1_N1	0.14891743583	1	280	G	T
D1_N1	0.148968151668	1	1221	C	T
D1_N1	0.149163717523	1	369	A	G
D1_N1	0.149893788891	2	292	A	G
D1_N1	0.150277131722	1	158	A	G
D1_N1	0.150317249293	2	953	A	C
D1_N1	0.150458741381	1	1	C	A
D1_N1	0.150515893588	1	793	T	A
D1_N1	0.150722109613	2	59	C	T
D1_N1	0.151143663686	2	635	T	A
D1_N1	0.151166953622	1	470	T	A
D1_N1	0.15185217213	1	1021	G	A
D1_N1	0.152015864784	2	1413	C	T
D1_N1	0.152170050538	1	1114	A	G
D1_N1	0.152419400807	2	1358	T	A
D1_N1	0.153094493989	2	774	C	T
D1_N1	0.153188053261	1	1061	C	G
D1_N1	0.153237078356	1	806	A	G
D1_N1	0.153384074275	1	792	C	G
D1_N1	0.153519569865	1	1145	C	T
D1_N1	0.153644848099	1	521	G	A
D1_N1	0.153807522438	2	1003	G	T
D1_N1	0.153924692538	2	583	T	C
D1_N1	0.153971354938	2	1161	T	A
D1_N1	0.154415865942	1	1415	G	T
D1_N1	0.154801266854	2	641	C	G
D1_N1	0.155578864066	2	1173	A	T
D1_N1	0.156187772571	2	649	A	T
D1_N1	0.156592713034	1	50	T	C
D1_N1	0.156648710736	2	270	C	T
D1_N1	0.156816267336	1	64	T	G
D1_N1	0.157188074802	2	659	A	T
D1_N1	0.15788608711	1	1448	G	A
D1_N1	0.158203438682	2	4	T	A
D1_N1	0.158334302705	1	1153	T	A
D1_N1	0.158363106874	2	1434	T	C
D1_N1	0.158934328477	1	1441	A	T
D1_N1	0.159010331698	2	1287	A	T
D1_N1	0.159264357804	2	750	C	T
D1_N1	0.159512479085	1	725	G	A
D1_N1	0.16008200885	1	401	T	A
D1_N1	0.160920922199	1	56	A	T
D1_N1	0.16151541678	2	1375	G	A
D1_N1	0.161612100436	1	1297	A	T
D1_N1	0.162957479125	2	1304	G	A
D1_N1	0.163139188775	1	108	T	A
D1_N1	0.163338129166	2	46	T	A
D1_N1	0.163383108183	1	426	A	C
D1_N1	0.163458289633	2	1023	C	A
D1_N1	0.163562662915	1	1008	A	C
D1_N1	0.163707027419	2	624	A	G
D1_N1	0.163929421926	1	1492	C	T
D1_N1	0.164039883466	2	1199	C	A
D1_N1	0.164228284075	1	968	T	C
D1_N1	0.164909355532	1	1137	G	A
D1_N1	0.165119639981	1	482	G	T
D1_N1	0.165161342254	2	967	C	T
D1_N1	0.165469336443	2	802	T	G
D1_N1	0.165576788171	2	30	A	T
D1_N1	0.165583957511	1	389	A	T
D1_N1	0.166123155614	2	988	T	G
D1_N1	0.166127244199	1	518	A	G
D1_N1	0.166135954998	2	762	G	A
D1_N1	0.166223988052	2	1149	C	G
D1_N1	0.166840074281	1	540	C	T
D1_N1	0.16716212747	1	1174	T	C
D1_N1	0.167590579448	1	335	C	G
D1_N1	0.167608765504	1	77	A	T
D1_N1	0.168336556114	2	311	G	C
D1_N1	0.168645811772	2	632	A	T
D1_N1	0.168750749348	1	1009	T	A
D1_N1	0.16942830871	2	641	G	C
D1_N1	0.169749135104	2	1327	G	C
D1_N1	0.17017067763	1	885	C	T
D1_N1	0.170566348786	1	577	A	T
D1_N1	0.170577730306	2	1315	C	T
D1_N1	0.171843873198	1	1347	A	C
D1_N1	0.172515989773	2	80	A	C
D1_N1	0.172602881159	2	529	G	A
D1_N1	0.172619876337	1	1389	A	G
D1_N1	0.172958264793	1	1306	A	G
D1_N1	0.173065327579	1	779	C	A
D1_N1	0.173253806786	2	429	A	T
D1_N1	0.173805557954	1	1078	A	G
D1_N1	0.17433200804	2	130	C	G
D1_N1	0.174702146957	2	730	C	A
D1_N1	0.174827154659	2	469	A	G
D1_N1	0.174931154218	1	214	C	T
D1_N1	0.175022815809	2	222	C	T
D1_N1	0.17580204235	1	505	A	C
D1_N1	0.175986360986	1	983	A	T
D1_N1	0.176049991012	2	417	G	A
D1_N1	0.176290600612	2	560	G	T
D1_N1	0.176879745085	2	798	T	A
D1_N1	0.17755017655	1	679	A	G
D1_N1	0.178049591722	2	527	G	T
D1_N1	0.178301561269	1	676	C	T
D1_N1	0.178519160351	1	977	T	A
D1_N1	0.178697083746	1	235	G	A
D1_N1	0.178765316948	1	1364	G	A
D1_N1	0.178796556837	1	344	C	T
D1_N1	0.178959624074	1	1139	C	A
D1_N1	0.179025732772	1	757	T	C
D1_N1	0.179635171784	2	847	T	C
D1_N1	0.179798929213	2	39	A	G
D1_N1	0.17989673305	2	1179	T	C
D1_N1	0.180075958756	2	647	T	G
D1_N1	0.180789178906	1	894	C	A
D1_N1	0.180943719101	1	580	T	A
D1_N1	0.181035574741	2	234	G	T
D1_N1	0.181073603905	1	1030	T	C
D1_N1	0.181209559775	1	370	C	G
D1_N1	0.181300416867	2	448	A	C
D1_N1	0.182529252437	1	1066	A	G
D1_N1	0.182617132999	1	1341	A	G
D1_N1	0.183053360914	2	847	C	G
D1_N1	0.184647981142	2	53	C	A
D1_N1	0.185711510716	1	837	T	G
D1_N1	0.18575485479	1	1197	A	G
D1_N1	0.185977405267	1	195	G	T
D1_N1	0.186156846202	1	1037	G	T
D1_N1	0.186227381726	1	855	A	G
D1_N1	0.186869128069	1	922	G	C
D1_N1	0.187513158059	1	226	C	G
D1_N1	0.18756741216	2	845	C	A
D1_N1	0.188122279125	2	743	C	T
D1_N1	0.188129686526	2	573	T	G
D1_N1	0.188231203876	2	1222	G	C
D1_N1	0.188283881423	2	467	A	T
D1_N1	0.188799458171	1	692	C	T
D1_N1	0.188900102577	2	628	C	T
D1_N1	0.188946626254	2	1132	G	A
D1_N1	0.189020392124	1	936	T	A
D1_N1	0.189163140471	2	1097	T	A
D1_N1	0.190774124004	2	96	G	A
D1_N1	0.191279212987	2	164	A	C
D1_N1	0.192099543451	1	716	A	G
D1_N1	0.192185685389	2	443	T	C
D1_N1	0.192187117379	2	2	A	G
D1_N1	0.19275875729	2	1119	A	T
D1_N1	0.193001731742	1	833	G	T
D1_N1	0.193520171766	2	966	G	C
D1_N1	0.194150650096	2	52	G	A
D1_N1	0.19427824727	2	547	T	G
D1_N1	0.19457082296	1	1296	C	A
D1_N1	0.194689527771	1	1097	T	C
D1_N1	0.194720835301	1	1366	A	C
D1_N1	0.194737561559	2	190	A	G
D1_N1	0.194841257436	2	1313	G	T
D1_N1	0.194882056818	1	128	C	T
D1_N1	0.194977785937	2	789	G	T
D1_N1	0.195712483816	1	1027	A	G
D1_N1	0.195786646454	2	334	A	G
D1_N1	0.196384466785	2	1347	A	G
D1_N1	0.196729787398	1	909	T	C
D1_N1	0.196840471934	2	1064	A	T
D1_N1	0.197473576133	1	421	G	T
D1_N1	0.1974738012	2	731	C	T
D1_N1	0.1975729022	1	880	C	T
D1_N1	0.197827607454	1	47	A	T
D1_N1	0.197980935848	2	765	A	T
D1_N1	0.198200089023	2	288	A	G
D1_N1	0.198696439728	1	354	G	A
D1_N1	0.199104413071	1	1027	G	A
D1_N1	0.199315156449	1	527	G	T
D1_N1	0.199685119695	2	93	A	G
D1_N1	0.200168365551	2	1155	A	G
D1_N1	0.200178350956	2	985	T	G
D1_N1	0.200242091852	2	975	T	C
D1_N1	0.200540944895	2	713	A	T
D1_N1	0.200674275035	1	927	A	T
D1_N1	0.200930576553	2	512	C	T
D1_N1	0.201246918875	2	832	C	T
D1_N1	0.201823600625	1	310	C	T
D1_N1	0.202724974509	1	682	A	T
D1_N1	0.202895360014	2	750	T	A
D1_N1	0.202930996496	1	416	C	T
D1_N1	0.203036599352	1	111	C	G
D1_N1	0.203499279612	1	151	A	T
D1_N1	0.203692221081	1	218	A	T
D1_N1	0.204155433347	2	535	A	T
D1_N1	0.204615575606	2	302	A	T
D1_N1	0.204718001648	2	167	A	G
D1_N1	0.205293472742	2	679	A	G
D1_N1	0.205872251051	1	1206	C	G
D1_N1	0.208742019449	2	1088	G	A
D1_N1	0.209226062251	2	347	T	A
D1_N1	0.209509515411	2	882	G	A
D1_N1	0.2095573222	2	1111	C	T
D1_N1	0.209635836631	1	558	A	G
D1_N1	0.209880653735	2	1149	G	T
D1_N1	0.210055975142	1	176	G	T
D1_N1	0.211988791024	1	460	T	C
D1_N1	0.21200996741	1	107	G	C
D1_N1	0.212424803612	2	492	T	G
D1_N1	0.21261784531	1	404	C	T
D1_N1	0.212787377129	2	664	G	T
D1_N1	0.212939761126	2	312	T	G
D1_N1	0.213218301484	1	793	T	A
D1_N1	0.213423193485	1	273	A	T
D1_N1	0.213619205411	1	649	T	A
D1_N1	0.213888793533	2	68	G	C
D1_N1	0.213912915131	2	714	A	C
D1_N1	0.214095466081	2	505	A	G
D1_N1	0.214423622437	2	273	G	T
D1_N1	0.214678398752	2	1058	G	T
D1_N1	0.214760850187	1	464	G	A
N1_N2	0.000125922980008	2	592	T	C
N1_N2	0.000364563980411	2	617	A	T
N1_N2	0.000459958363157	2	781	A	C
N1_N2	0.000460714315651	2	1132	A	T
N1_N2	0.000637919106073	2	1024	C	T
N1_N2	0.000958456964679	1	22	C	A
N1_N2	0.00208108386122	2	1235	G	A
N1_N2	0.00227410201672	1	48	T	A
N1_N2	0.0034605466618	1	1394	A	T
N1_N2	0.00371974709624	1	169	C	T
N1_N2	0.00439358520428	2	455	T	A
N1_N2	0.00553773705674	1	645	A	C
N1_N2	0.0065681547357	2	1037	G	A
N1_N2	0.00700903256303	1	971	T	G
N1_N2	0.00760235457528	2	1489	A	T
N1_N2	0.00793802308674	1	1344	A	T
N1_N2	0.00800628317201	1	897	T	C
N1_N2	0.00807160733809	2	1256	C	T
N1_N2	0.0085504704566	1	565	T	A
N1_N2	0.00881336945146	2	1103	G	A
N1_N2	0.00992443550252	2	1490	T	A
N1_N2	0.0100388903179	2	1254	C	A
N1_N2	0.0104178613592	2	1365	G	A
N1_N2	0.0106198713298	2	7	A	G
N1_N2	0.0110495191622	2	169	C	T
N1_N2	0.0111850303944	2	660	G	C
N1_N2	0.0112288843257	2	1300	G	A
N1_N2	0.0118065739773	2	1181	C	T
N1_N2	0.0129362952127	2	279	T	C
N1_N2	0.013095722575	2	883	T	A
N1_N2	0.0137373496158	2	623	C	T
N1_N2	0.013767798791	2	611	T	G
N1_N2	0.0145105025571	2	411	T	C
N1_N2	0.0146584423663	2	455	A	G
N1_N2	0.0147331066234	1	938	T	A
N1_N2	0.0153887011626	2	968	T	C
N1_N2	0.0156588110877	1	1391	G	C
N1_N2	0.0159605724316	2	327	C	A
N1_N2	0.0160755528663	2	479	A	T
N1_N2	0.016106137849	2	991	T	G
N1_N2	0.0164449123757	2	315	A	G
N1_N2	0.0169199632588	2	194	T	A
N1_N2	0.0171448177748	1	1253	C	T
N1_N2	0.017252523569	2	1397	T	C
N1_N2	0.0174192840578	2	1164	A	G
N1_N2	0.0174425971501	1	1313	G	T
N1_N2	0.0174623589036	2	513	T	C
N1_N2	0.0174831916697	2	1084	T	C
N1_N2	0.0180299621308	1	1024	C	T
N2_N3	0.000303519046649	1	935	T	C
N2_N3	0.00114101460096	2	431	C	A
N2_N3	0.00161758874796	2	378	G	A
N2_N3	0.00220592255282	2	757	T	A
N2_N3	0.00233419223323	1	1235	G	A
N2_N3	0.00254097798736	1	341	A	T
N2_N3	0.00336604411762	2	108	G	A
N2_N3	0.00344659351242	2	16	A	G
N2_N3	0.00359482114015	1	189	T	C
N2_N3	0.0038196052827	2	1007	T	C
N2_N3	0.00411968553977	2	1159	A	G
N2_N3	0.00478131236174	1	584	G	A
N2_N3	0.00499390184701	1	264	T	A
N2_N3	0.0057325659438	2	1041	A	G
N2_N3	0.00627653476476	1	766	G	T
N2_N3	0.00651984033072	1	344	T	A
N2_N3	0.00658320358752	2	648	T	G
N2_N3	0.00663306532389	2	1	C	G
N3_N4	6.49431165607e-05	1	180	G	C
N3_N4	0.000690390399353	2	1	G	C
N3_N4	0.000987813283823	1	707	T	G
N3_N4	0.00104463975694	2	859	C	G
N3_N4	0.00111002466021	2	1245	C	A
N3_N4	0.00152036939486	1	1193	G	A
N3_N4	0.00203194686585	1	95	T	C
N3_N4	0.00218435282903	1	550	A	C
N3_N4	0.00220570437973	2	326	A	C
N3_N4	0.0022439127891	2	1322	T	G
N3_N4	0.00227152415696	1	1437	A	G
N3_N4	0.00297940193817	2	101	T	A
N3_N4	0.00309650618025	1	951	A	T
N3_N4	0.00311173926554	2	324	A	T
N3_N4	0.00333260977404	1	703	T	C
N3_N4	0.00338725122402	1	967	C	A
N3_N4	0.00435030968048	1	146	C	T
N3_N4	0.0044365104993	2	585	T	A
N3_N4	0.00458917720181	1	828	A	G
N3_N4	0.00483307044296	2	228	A	G
N3_N4	0.00566280936002	1	305	T	A
N3_N4	0.00582416579977	2	618	T	A
N3_N4	0.00636718166055	1	1484	T	C
N3_N4	0.00707545570052	2	493	G	A
N3_N4	0.00715285128449	1	186	A	C
N3_N4	0.00765483973672	2	915	A	G
N3_N4	0.00782816826094	2	929	G	A
N3_N4	0.00813300489944	2	1445	A	T
N3_N4	0.00835069588034	1	791	C	G
N3_N4	0.0084374562724	1	821	C	T
N4_Human	0.000266052906273	2	972	A	C
N4_Human	0.000498772656428	1	552	T	A
N4_Human	0.00106198198058	2	549	G	T
N4_Human	0.00120396080693	1	331	C	T
N4_Human	0.00151429737011	2	1294	T	G
N4_Human	0.00183624383889	2	1343	A	T
N4_Human	0.00250508470607	1	247	T	C
N4_Human	0.0025821584373	1	596	C	T
N4_Human	0.00260169858322	2	184	G	C
N4_Human	0.00293155041793	1	557	G	A
N4_Human	0.00303392823159	1	994	T	A
N4_Human	0.00317691825765	2	419	A	T
N4_Human	0.00371690616966	2	1331	C	T
N4_Human	0.00375020966005	2	832	T	G
N4_Human	0.004185927835	1	418	T	C
N4_Human	0.00425626295234	2	842	A	C
N4_Human	0.00450917286174	1	1389	G	A
N4_Human	0.0046890216844	1	1156	G	A
N4_Human	0.0049238961552	1	1315	C	T
N4_Human	0.0053011767381	2	909	T	C
N4_Human	0.00548403456176	1	975	T	C
N4_Human	0.00590683333909	1	961	C	A
N4_Human	0.00684975473657	2	1273	T	C
N4_Human	0.00702125326212	1	453	G	A
N4_Human	0.00745384329897	2	634	T	A
N4_Human	0.00772628794319	2	560	T	A
N4_Human	0.00915582750751	1	1354	C	A
N4_Human	0.00934554644741	1	110	C	A
N4_Human	0.00963979409027	1	18	A	T
N4_Human	0.00973519984169	2	165	G	A
N4_Human	0.0100990298456	1	283	C	A
N4_Human	0.0102251676483	2	627	A	G
N4_Human	0.0104141714438	1	1103	G	C
N4_Human	0.01044143828	2	1457	G	A
N4_Human	0.0106040490782	1	765	A	C
N4_Human	0.0112955313005	2	1343	T	A
N4_Chimp	0.000128141293828	2	421	G	A
N4_Chimp	0.000469018905804	1	228	A	G
N4_Chimp	0.000695575689964	1	782	G	A
N4_Chimp	0.00107187043676	1	625	A	C
N4_Chimp	0.00139057724401	2	516	G	A
N4_Chimp	0.00214294097285	1	1126	C	G
N4_Chimp	0.00218553127163	1	532	A	G
N4_Chimp	0.00255491600568	1	629	C	A
N4_Chimp	0.00349987057176	2	1070	G	T
N4_Chimp	0.00367220386363	1	399	T	C
N4_Chimp	0.00368983166105	1	1080	C	T
N4_Chimp	0.00398960168224	1	490	T	A
N4_Chimp	0.00454900867684	1	787	T	A
N4_Chimp	0.00463116944458	2	1314	G	T
N4_Chimp	0.00483813511461	1	1090	G	A
N4_Chimp	0.00506744884885	2	974	A	T
N4_Chimp	0.00527326443687	1	165	G	T
N4_Chimp	0.0058854494679	2	554	G	A
N4_Chimp	0.00604578502369	2	726	G	T
N4_Chimp	0.00715393071667	2	406	A	G
N4_Chimp	0.00752487117151	2	303	A	G
N4_Chimp	0.00777714608199	2	938	T	C
N4_Chimp	0.00798347615993	1	1492	T	A
N4_Chimp	0.00807210148513	1	642	T	G
N4_Chimp	0.00855011831271	2	171	G	A
N4_Chimp	0.00895362285528	2	101	A	G
N4_Chimp	0.00924252953649	2	453	G	A
N4_Chimp	0.00934040784072	1	1480	C	T
N4_Chimp	0.0101376050684	1	1186	A	G
N4_Chimp	0.0103028266548	2	932	G	A
N4_Chimp	0.0103675407648	1	568	C	A
N4_Chimp	0.0103676358717	1	1124	A	T
N4_Chimp	0.010392040362	1	351	C	T
N4_Chimp	0.0104213052363	1	1034	T	C
N4_Chimp	0.0108191618308	2	181	A	G
N3_Goril	9.83644364202e-05	1	234	G	A
N3_Goril	0.000347778851233	2	602	A	C
N3_Goril	0.000424853378198	1	200	T	C
N3_Goril	0.00144274313715	1	653	T	C
N3_Goril	0.0014926002464	2	810	G	A
N3_Goril	0.00187993250686	2	136	C	A
N3_Goril	0.00277165840937	2	188	T	C
N3_Goril	0.00314089587669	2	536	C	T
N3_Goril	0.00341199842133	1	453	G	A
N3_Goril	0.00353304522035	2	613	A	C
N3_Goril	0.00382479883979	1	1153	A	T
N3_Goril	0.00407283882733	2	483	T	C
N3_Goril	0.00457748731938	1	506	T	A
N3_Goril	0.00467792180769	1	805	A	G
N3_Goril	0.0047623468457	2	470	T	A
N3_Goril	0.00491023842583	2	204	G	C
N3_Goril	0.00510878988627	2	1234	T	A
N3_Goril	0.00542675460019	1	1298	T	C
N3_Goril	0.00573301708217	2	489	G	A
N3_Goril	0.00613454420212	2	1260	A	T
N3_Goril	0.00658421266422	1	444	T	G
N3_Goril	0.00675550520377	2	703	T	G
N3_Goril	0.00676692345928	1	894	A	T
N3_Goril	0.00693152638005	1	169	T	C
N3_Goril	0.00757924323333	1	477	T	G
N3_Goril	0.0081069690936	2	1306	A	T
N3_Goril	0.00816026431311	2	1326	A	G
N3_Goril	0.00882446202798	2	681	C	T
N3_Goril	0.00894094629524	2	913	C	T
N3_Goril	0.00898173567751	2	800	T	G
N3_Goril	0.00913480519918	2	653	T	C
N3_Goril	0.00948538689989	2	1086	A	T
N3_Goril	0.0099990055001	2	931	A	T
N3_Goril	0.0100049431594	2	949	T	C
N3_Goril	0.0100466600697	1	1093	G	A
N3_Goril	0.0107816461652	1	150	T	C
N3_Goril	0.0108342446568	2	1347	G	T
N3_Goril	0.0115545233101	1	1249	A	G
N3_Goril	0.0117836330794	1	1051	G	A
N3_Goril	0.0136549804415	2	821	C	A
N3_Goril	0.0138849334411	1	225	T	G
N3_Goril	0.014181242757	1	91	A	G
N3_Goril	0.0150799675382	1	1235	A	C
N3_Goril	0.0156377384417	1	156	T	A
N3_Goril	0.016381990852	1	1150	A	G
N3_Goril	0.0164980928625	1	378	G	A
N3_Goril	0.0165241015779	1	1254	C	T
N3_Goril	0.017004567067	2	19	G	A
N3_Goril	0.0170491116712	1	1159	A	T
N3_Goril	0.0171226883888	2	1397	C	T
N3_Goril	0.0179914138189	1	21	T	A
N3_Goril	0.0182689575281	1	582	T	A
N3_Goril	0.0182770974253	2	444	T	C
N3_Goril	0.0185727379922	1	1014	C	A
N3_Goril	0.0191436122472	1	22	A	G
N3_Goril	0.0193601048734	1	777	G	A
N3_Goril	0.0194203968077	1	166	G	C
N3_Goril	0.0194560598264	1	719	A	G
N3_Goril	0.0200400932773	1	673	A	G
N3_Goril	0.0205800903619	2	956	C	A
N3_Goril	0.0207168248685	1	8	T	G
N3_Goril	0.0212451995145	1	226	G	T
N2_Orang	0.000481503725024	1	724	T	C
N2_Orang	0.000685321821784	1	1152	T	A
N2_Orang	0.000789795983664	2	414	T	C
N2_Orang	0.000847057772167	1	1299	A	G
N2_Orang	0.00104442475138	2	428	G	A
N2_Orang	0.00105327217355	2	1423	A	G
N2_Orang	0.00119048975356	2	424	A	G
N2_Orang	0.00119660085737	2	887	A	G
N2_Orang	0.0013560555335	2	518	A	T
N2_Orang	0.00172330777405	2	1337	A	G
N2_Orang	0.00182483180576	2	1465	A	T
N2_Orang	0.00201332538687	2	426	A	G
N2_Orang	0.00241851845264	1	1377	A	T
N2_Orang	0.00296908965207	2	423	A	T
N2_Orang	0.0039634304366	2	1480	C	G
N2_Orang	0.00459465233707	2	642	T	G
N2_Orang	0.00485802096545	2	166	G	C
N2_Orang	0.00525524895447	2	968	C	A
N2_Orang	0.0055417137978	1	1290	T	A
N2_Orang	0.00558426790286	1	1028	G	T
N2_Orang	0.00608346262164	1	191	G	A
N2_Orang	0.00692516214482	1	1396	A	C
N2_Orang	0.00701567159157	1	394	A	T
N2_Orang	0.0071117827708	1	354	A	T
N2_Orang	0.00790566675427	1	488	G	A
N2_Orang	0.00884659731881	1	1111	C	A
N2_Orang	0.00940464157659	2	1118	G	A
N2_Orang	0.0101774081472	1	121	A	G
N2_Orang	0.0101838011896	2	468	T	C
N2_Orang	0.0111312237213	1	555	C	T
N2_Orang	0.0111946922972	1	568	C	T
N2_Orang	0.0114816167474	2	231	T	C
N2_Orang	0.0119259587525	1	1060	C	A
N2_Orang	0.0122278485901	1	1362	T	G
N2_Orang	0.0126176832402	2	695	G	A
N2_Orang	0.0131874643433	2	1092	A	G
N2_Orang	0.013829131397	1	1136	T	G
N2_Orang	0.013917972537	2	1089	G	T
N2_Orang	0.0145469232687	2	566	G	A
N2_Orang	0.0145743003132	1	1212	A	T
N1_Macaq	3.54038061852e-05	1	476	A	T
N1_Macaq	0.00105195048725	1	386	A	T
N1_Macaq	0.00151741913384	1	1407	A	C
N1_Macaq	0.00160155636794	1	578	A	G
N1_Macaq	0.00256041448578	1	929	G	T
N1_Macaq	0.00257403243579	2	1314	G	A
N1_Macaq	0.00276142805172	1	1098	T	C
N1_Macaq	0.00285244475079	1	834	C	A
N1_Macaq	0.00288349492916	1	489	G	A
N1_Macaq	0.00299430962497	1	480	C	T
N1_Macaq	0.0034885423311	1	677	A	G
N1_Macaq	0.00357115616814	1	304	T	G
N1_Macaq	0.00366109400587	2	133	T	C
N1_Macaq	0.00410744271229	2	868	C	G
N1_Macaq	0.00443789553248	2	1347	G	A
N1_Macaq	0.00445844751279	2	949	T	A
N1_Macaq	0.00535338632141	2	180	G	T
N1_Macaq	0.00545850330655	2	1062	T	A
N1_Macaq	0.00561179930502	2	153	A	C
N1_Macaq	0.00603458198614	1	234	G	T
N1_Macaq	0.00616080689693	1	1069	T	G
N1_Macaq	0.00632473489283	2	1278	T	A
N1_Macaq	0.00709326662932	2	48	T	C
N1_Macaq	0.00746568067099	1	1146	A	G
N1_Macaq	0.00767858991039	1	1064	A	T
N1_Macaq	0.00771966510756	1	1382	G	A
N1_Macaq	0.00819424469386	2	933	C	A
N1_Macaq	0.00853185958952	2	252	C	A
N1_Macaq	0.00860052125655	2	208	A	G
N1_Macaq	0.00869742922973	2	921	C	T
N1_Macaq	0.00876164270039	2	516	G	A
N1_Macaq	0.00900894031891	2	212	G	C
N1_Macaq	0.00920904576714	1	3	G	T
N1_Macaq	0.00922940585399	2	1469	T	G
N1_Macaq	0.00942725625393	2	1287	T	C
N1_Macaq	0.00952097147551	1	149	A	G
N1_Macaq	0.00952846004741	2	393	A	G
N1_Macaq	0.00955986805042	2	371	A	C
N1_Macaq	0.0096740984428	2	1430	C	T
N1_Macaq	0.0104953593344	1	1155	A	G
N1_Macaq	0.0106227494457	2	119	T	C
N1_Macaq	0.0111890234211	2	1353	G	A
N1_Macaq	0.0114326980333	2	790	C	T
N1_Macaq	0.0114631162996	2	102	C	A
N1_Macaq	0.0118263042735	1	586	T	G
N1_Macaq	0.0130354552234	1	240	T	A
N1_Macaq	0.0131326038703	2	975	C	T
N1_Macaq	0.0133845569472	1	1012	T	C
N1_Macaq	0.013480802241	2	1156	G	T
N1_Macaq	0.0137083884034	2	444	T	G
N1_Macaq	0.0138436644977	1	770	C	T
N1_Macaq	0.0139577162399	2	96	A	G
N1_Macaq	0.013983847424	1	286	A	G
N1_Macaq	0.0143964290066	2	106	A	C
N1_Macaq	0.0152140845214	2	167	G	A
N1_Macaq	0.0152683973539	1	1506	A	G
N1_Macaq	0.0152925011604	1	740	T	C
N1_Macaq	0.0154205270307	2	1382	G	T
N1_Macaq	0.0162700651036	2	1194	G	C
N1_Macaq	0.016894783927	2	549	G	A
N1_Macaq	0.0175036652236	1	815	A	G
N1_Macaq	0.0177964920785	2	291	A	T
N1_Macaq	0.0196483967733	2	1259	A	C
N1_Macaq	0.0197205449295	2	298	T	A
N1_Macaq	0.0200614242521	1	1263	A	C
N1_Macaq	0.020149316553	1	1496	G	A
N1_Macaq	0.0202756856573	2	225	T	G
N1_Macaq	0.0203184047776	1	111	G	T
N1_Macaq	0.0203943217792	1	1245	C	T
N1_Macaq	0.0206536533894	1	313	C	T
N1_Macaq	0.0209474406798	2	1163	G	A
N1_Macaq	0.0215980884397	2	1141	C	G
N1_Macaq	0.0220205735843	1	424	A	G
N1_Macaq	0.0220943580889	2	170	T	C
N1_Macaq	0.0221842178068	2	376	A	G
N1_Macaq	0.0222259077189	2	390	G	A
N1_Macaq	0.0227535024595	2	576	C	A
N1_Macaq	0.0236113673442	2	10	G	A
N1_Macaq	0.0237237107805	1	1081	A	C
N1_Macaq	0.0244141918961	2	1	C	T
N1_Macaq	0.0244581001504	2	111	A	T
N1_Macaq	0.024549137058	2	88	A	G
N1_Macaq	0.0253115468264	1	114	G	T
N1_Macaq	0.0261569165967	1	1200	A	C
N1_Macaq	0.0267524576786	2	254	T	A
N1_Macaq	0.0269644252852	1	460	C	A
N1_Macaq	0.0276773314785	1	649	A	T
N1_Macaq	0.0276894373191	2	141	T	C
N1_Macaq	0.0278888440104	2	733	A	G
N1_Macaq	0.0279116655212	1	1002	C	T
N1_Macaq	0.0284898084357	1	650	T	C
N1_Macaq	0.0285504460368	2	1380	A	T
N1_Macaq	0.028997046212	1	1205	A	C
N1_Macaq	0.0296834137717	1	296	A	T
N1_Macaq	0.0299060667624	2	798	A	G
N1_Macaq	0.030036615613	1	558	G	A
N1_Macaq	0.0300993581446	2	1303	T	G
N1_Macaq	0.0311267237543	2	1062	A	C
N1_Macaq	0.0316137409043	2	1235	G	T
N1_Macaq	0.0316907932091	1	991	T	A
N1_Macaq	0.0321467525553	1	1492	T	A
N1_Macaq	0.0323107465069	2	718	G	A
N0_Mouse	0.000367448850839	0	1051	G	T
N0_Mouse	0.000739358054834	0	409	T	C
N0_Mouse	0.00126415473796	0	174	C	G
N0_Mouse	0.00176521954876	0	226	C	T
N0_Mouse	0.00213431908835	0	104	C	T
N0_Mouse	0.00316583217559	0	537	T	A
N0_Mouse	0.00429167351256	0	1401	G	C
N0_Mouse	0.00452017532874	0	14	C	T
N0_Mouse	0.00496940257644	0	465	A	T
N0_Mouse	0.0064700300043	0	858	C	T
N0_Mouse	0.00663862778012	0	935	T	C
N0_Mouse	0.00666037016052	0	754	A	G
N0_Mouse	0.00772380526834	0	1373	T	C
N0_Mouse	0.00784861948253	0	1414	C	G
N0_Mouse	0.00787561610134	0	573	T	A
N0_Mouse	0.0080655645466	0	0	G	C
N0_Mouse	0.010041965748	0	647	A	C
N0_Mouse	0.0100610863171	0	998	G	A
N0_Mouse	0.0103676253572	0	166	G	A
N0_Mouse	0.0110562922425	0	1051	T	C
N0_Mouse	0.0131319058107	0	745	C	T
N0_Mouse	0.0133464133551	0	985	C	G
N0_Mouse	0.0133708259384	0	419	A	T
N0_Mouse	0.01479869665	0	987	C	T
N0_Mouse	0.0148068654558	0	670	T	G
N0_Mouse	0.0148129884984	0	1098	T	A
N0_Mouse	0.0157638552555	0	652	T	C
N0_Mouse	0.0157666166647	0	606	G	A
N0_Mouse	0.0183725634644	0	126	T	G
N0_Mouse	0.0184270410438	0	671	T	A
N0_Mouse	0.0188237454446	0	175	C	T
N0_Mouse	0.0190325323922	0	1270	A	T
N0_Mouse	0.0207894230501	0	103	T	C
N0_Mouse	0.0209825292334	0	806	A	G
N0_Mouse	0.0224267430576	0	567	C	T
N0_Mouse	0.0227670578059	0	1456	T	C
N0_Mouse	0.023645884686	0	976	T	C
N0_Mouse	0.0237882977189	0	1035	A	T
N0_Mouse	0.0248530148218	0	922	G	A
N0_Mouse	0.0249114509309	0	23	T	C
N0_Mouse	0.0249646750909	0	750	T	C
N0_Mouse	0.0259988012973	0	62	A	G
N0_Mouse	0.0265818622511	0	667	T	G
N0_Mouse	0.0271655028331	0	1043	G	A
N0_Mouse	0.0278942769781	0	644	C	G
N0_Mouse	0.0291113753506	0	76	G	T
N0_Mouse	0.0300961042738	0	1291	T	A
N0_Mouse	0.0304627858744	0	86	G	A
N0_Mouse	0.0322309967756	0	306	A	G
N0_Mouse	0.0323399203089	0	85	A	C
N0_Mouse	0.0342075012607	0	942	G	C
N0_Mouse	0.0344770452595	0	1059	C	T
N0_Mouse	0.0351674590209	0	1047	G	T
N0_Mouse	0.0367213226681	0	1502	A	C
N0_Mouse	0.0368112720399	0	791	C	A
N0_Mouse	0.03686524648	0	309	A	G
N0_Mouse	0.0370109352088	0	304	T	C
N0_Mouse	0.0377938966841	0	1225	A	C
N0_Mouse	0.039357727882	0	1344	A	T
N0_Mouse	0.0395226738166	0	1137	G	T
N0_Mouse	0.0395697743681	0	677	A	T
N0_Mouse	0.0401678831592	0	1271	C	A
N0_Mouse	0.0420731007395	0	714	A	G
N0_Mouse	0.0421220580315	0	540	C	A
N0_Mouse	0.0422906133206	0	482	G	A
N0_Mouse	0.0423586395033	0	657	A	T
N0_Mouse	0.0438164625328	0	365	T	G
N0_Mouse	0.0450203247267	0	317	A	C
N0_Mouse	0.0467664028252	0	652	C	A
N0_Mouse	0.0477311697326	0	55	A	G
N0_Mouse	0.0478209484985	0	1059	T	A
N0_Mouse	0.0484231703528	0	1055	G	T
N0_Mouse	0.0508147233837	0	1292	A	T
N0_Mouse	0.052077282208	0	107	G	A
N0_Mouse	0.0524474663217	0	225	C	T
N0_Mouse	0.053600807105	0	1476	C	T
N0_Mouse	0.0537034314567	0	801	A	G
N0_Mouse	0.0538995417623	0	1189	T	C
N0_Mouse	0.054290817106	0	404	G	T
N0_Mouse	0.057424767606	0	144	A	T
N0_Mouse	0.0575276304677	0	507	G	C
N0_Mouse	0.058709357544	0	1426	G	C
N0_Mouse	0.0590781217475	0	736	G	A
N0_Mouse	0.0596194858745	0	182	A	G
N0_Mouse	0.0601019382004	0	1245	C	G
N0_Mouse	0.0623350612085	0	327	C	T
N0_Mouse	0.0643543278658	0	1144	T	C
N0_Mouse	0.0645971689796	0	156	T	A
N0_Mouse	0.0654347623199	0	251	G	A
N0_Mouse	0.0661777150533	0	403	T	C
N0_Mouse	0.0668721585812	0	1183	T	C
N0_Mouse	0.0669109982925	0	6	A	T
N0_Mouse	0.0672996579512	0	831	A	T
N0_Mouse	0.0676844397936	0	519	T	C
N0_Mouse	0.0678720481348	0	1455	A	T
N0_Mouse	0.0706189213016	0	468	T	G
N0_Mouse	0.0707213004258	0	1193	G	A
N0_Mouse	0.0710532277268	0	49	A	T
N0_Mouse	0.0714575958975	0	1448	G	C
N0_Mouse	0.0717458111504	0	1097	C	T
N0_Mouse	0.072120115315	0	820	A	C
N0_Mouse	0.0724651991272	0	868	G	A
N0_Mouse	0.072523847644	0	577	A	G
N0_Mouse	0.073174956324	0	643	A	C
N0_Mouse	0.0751091789788	0	1399	C	T
N0_Mouse	0.075519960236	0	1418	C	A
N0_Mouse	0.075812940025	0	703	T	G
N0_Mouse	0.0759607737969	0	110	C	T
N0_Mouse	0.0768130362676	0	800	T	G
N0_Mouse	0.0769987934248	0	80	A	T
N0_Mouse	0.0778071395903	0	952	G	C
N0_Mouse	0.077854493062	0	694	C	A
N0_Mouse	0.0778802514579	0	718	G	A
N0_Mouse	0.0781762029787	0	1274	T	C
N0_Mouse	0.0782713673792	0	540	A	C
N0_Mouse	0.0783989595753	0	1487	T	C
N0_Mouse	0.078836909613	0	1458	A	T
N0_Mouse	0.0796284880103	0	1395	G	A
N0_Mouse	0.0801781272381	0	1103	G	A
N0_Mouse	0.0806559911393	0	1292	T	G
N0_Mouse	0.0814303134925	0	996	A	T
N0_Mouse	0.0834059620317	0	597	T	C
N0_Mouse	0.0840802730688	0	1097	T	A
N0_Mouse	0.084443236143	0	252	T	A
N0_Mouse	0.0847280976495	0	749	A	G
N0_Mouse	0.0855658643617	0	305	T	C
N0_Mouse	0.0861365147634	0	1336	T	A
N0_Mouse	0.0866266331812	0	828	A	C
N0_Mouse	0.086990383808	0	227	T	A
N0_Mouse	0.0872950935447	0	1014	C	G
N0_Mouse	0.0877224485972	0	725	G	T
N0_Mouse	0.0880148954753	0	1460	C	T
N0_Mouse	0.0882647437673	0	1394	A	T
N0_Mouse	0.088732804626	0	13	A	T
N0_Mouse	0.0890717910443	0	864	G	A
N0_Mouse	0.0901721897341	0	1325	C	G
N0_Mouse	0.0902351963762	0	921	C	A
N0_Mouse	0.0904994942276	0	923	G	A
N0_Mouse	0.0905924785268	0	1286	A	C
N0_Mouse	0.0906412804561	0	1087	C	T
N0_Mouse	0.091245552671	0	63	T	C
N0_Mouse	0.0917754153368	0	893	T	C
N0_Mouse	0.0918989955732	0	988	T	C
N0_Mouse	0.0923515006087	0	160	A	C
N0_Mouse	0.0946705407693	0	1308	A	G
N0_Mouse	0.0952590960911	0	1202	A	G
N0_Mouse	0.0964886792209	0	519	C	T
N0_Mouse	0.0981376743171	0	815	A	C
N0_Mouse	0.0982246471361	0	79	G	T
N0_Mouse	0.102497972354	0	1277	A	T
N0_Mouse	0.103441810548	0	111	A	G
N0_Mouse	0.103717754487	0	673	A	C
N0_Mouse	0.103728302856	0	1138	C	A
N0_Mouse	0.106000953195	0	381	A	T
N0_Mouse	0.106123246772	0	941	T	C
N0_Mouse	0.107764830329	0	406	G	A
N0_Mouse	0.107981572727	0	44	T	G
N0_Mouse	0.108601038275	0	737	G	C
N0_Mouse	0.108813726264	0	454	C	G
N0_Mouse	0.109109022535	0	248	A	G
N0_Mouse	0.11103380444	0	1308	G	A
N0_Mouse	0.111258846135	0	969	C	T
N0_Mouse	0.111280504859	0	157	A	T
N0_Mouse	0.11155368633	0	965	G	A
N0_Mouse	0.111774537316	0	846	T	G
N0_Mouse	0.111957880855	0	650	T	A
N0_Mouse	0.112490290231	0	845	C	A
N0_Mouse	0.113192972944	0	526	G	A
N0_Mouse	0.11329127631	0	1006	G	C
N0_Mouse	0.113570268839	0	1108	G	A
N0_Mouse	0.113570633602	0	356	A	G
N0_Mouse	0.11373068869	0	631	G	A
N0_Mouse	0.114438290426	0	236	A	T
N0_Mouse	0.115512531125	0	473	G	T
N0_Mouse	0.116169444943	0	341	A	C
N0_Mouse	0.116731760568	0	838	C	G
N0_Mouse	0.117846294791	0	927	A	T
N0_Mouse	0.11802721426	0	865	A	C
N0_Mouse	0.118091888174	0	90	C	G
N0_Mouse	0.118733555873	0	1092	A	T
N0_Mouse	0.118932371839	0	404	T	C
N0_Mouse	0.119891328384	0	49	T	G
N0_Mouse	0.121558808225	0	517	A	T
N0_Mouse	0.121945261297	0	281	A	C
N0_Mouse	0.122283775279	0	912	G	A
N0_Mouse	0.122435187353	0	264	T	C
N0_Mouse	0.1230194499	0	152	G	A
N0_Mouse	0.123849891849	0	987	T	A
N0_Mouse	0.124336375583	0	546	T	G
N0_Mouse	0.125272304904	0	10	G	T
N0_Mouse	0.125871243904	0	370	C	A
N0_Mouse	0.126408902546	0	226	T	C
N0_Mouse	0.128125770838	0	817	A	C
N0_Mouse	0.128159465778	0	3	G	A
N0_Mouse	0.12890775271	0	1386	G	A
N0_Mouse	0.129034285667	0	826	G	A
N0_Mouse	0.129068469663	0	1441	A	G
N0_Mouse	0.129580731358	0	591	T	C
N0_Mouse	0.129662304128	0	387	A	G
N0_Mouse	0.130429609075	0	410	A	C
N0_Mouse	0.130545913294	0	1364	G	C
N0_Mouse	0.130818492414	0	865	C	T
N0_Mouse	0.131466495458	0	317	C	T
N0_Mouse	0.132830519265	0	223	A	T
N0_Mouse	0.133095366387	0	32	C	T
N0_Mouse	0.135661279282	0	1069	T	A
N0_Mouse	0.135797726886	0	37	C	A
N0_Mouse	0.137043605999	0	931	G	A
N0_Mouse	0.137612490752	0	486	G	T
N0_Mouse	0.137755889868	0	545	A	T
N0_Mouse	0.138035912213	0	754	G	T
N0_Mouse	0.140606240397	0	1040	T	C
N0_Mouse	0.141215869005	0	1313	G	C
N0_Mouse	0.141345123847	0	146	C	A
N0_Mouse	0.141843722931	0	190	T	G
N0_Mouse	0.141949502805	0	1365	G	A
N0_Mouse	0.142040756709	0	1464	A	C
N0_Mouse	0.142093156246	0	1156	C	T
N0_Mouse	0.145055001132	0	795	A	G
N0_Mouse	0.145789470605	0	67	T	G
N0_Mouse	0.145792236274	0	1202	G	C
N0_Mouse	0.146338052041	0	9	A	T
N0_Mouse	0.146718875202	0	1434	G	A
N0_Mouse	0.146780346784	0	1086	A	C
N0_Mouse	0.14809580647	0	582	T	C
N0_Mouse	0.148760274046	0	740	T	A
N0_Mouse	0.149562942118	0	53	C	A
N0_Mouse	0.149755154458	0	1143	C	T
N0_Mouse	0.150528845808	0	253	T	G
N0_Mouse	0.151461467724	0	464	G	C
N0_Mouse	0.152844946306	0	1164	A	C
N0_Mouse	0.155464560645	0	1472	G	A
N0_Mouse	0.155676061993	0	149	A	C
N0_Mouse	0.155740592452	0	1053	A	T
N0_Mouse	0.156354762845	0	1067	T	A
N0_Mouse	0.156692584572	0	602	A	T
N0_Mouse	0.157301788088	0	791	A	G
N0_Mouse	0.157469602182	0	715	C	A
N0_Mouse	0.157690645894	0	234	G	A
N0_Mouse	0.158249413898	0	1185	T	A
N0_Mouse	0.158369428067	0	1207	G	A
N0_Mouse	0.158821645144	0	157	T	C
N0_Mouse	0.158990572206	0	1505	A	T
N0_Mouse	0.15948998451	0	979	T	A
N0_Mouse	0.159642888917	0	111	G	A
N0_Mouse	0.160751291566	0	1425	A	G
N0_Mouse	0.161656118756	0	1110	T	C
N0_Mouse	0.162167240125	0	1090	G	A
N0_Mouse	0.162454990509	0	205	A	T
N0_Mouse	0.162969047594	0	286	A	C
N0_Mouse	0.163041265081	0	398	A	T
N0_Mouse	0.163994876058	0	814	G	T
N0_Mouse	0.164484455537	0	126	G	T
N0_Mouse	0.165118583748	0	487	T	C
N0_Mouse	0.165623728039	0	999	T	G
N0_Mouse	0.166068691466	0	1316	G	A
N0_Mouse	0.166233631889	0	627	A	C
N0_Mouse	0.166667400418	0	1196	G	C
N0_Mouse	0.167347639786	0	799	G	A
N0_Mouse	0.168771726874	0	421	G	A
N0_Mouse	0.168787050113	0	698	A	C
N0_Mouse	0.169102526025	0	1425	G	T
N0_Mouse	0.170056763378	0	1054	A	C
N0_Mouse	0.171436803354	0	588	C	A
N0_Mouse	0.171874869585	0	852	A	G
N0_Mouse	0.171954590053	0	477	T	C
N0_Mouse	0.172294467392	0	197	A	C
N0_Mouse	0.173666918485	0	149	C	A
N0_Mouse	0.17384328837	0	469	A	T
N0_Mouse	0.173859835649	0	164	A	T
N0_Mouse	0.174172298621	0	202	A	T
N0_Mouse	0.174244393037	0	660	G	T
N0_Mouse	0.174306082791	0	1371	A	T
N0_Mouse	0.174780063353	0	642	T	C
N0_Mouse	0.175541331992	0	424	A	G
N0_Mouse	0.176299497084	0	238	C	T
N0_Mouse	0.176552075531	0	1057	T	A
N0_Mouse	0.17678325305	0	1348	C	A
N0_Mouse	0.177054978073	0	1510	A	C
N0_Mouse	0.177645223525	0	748	A	T
N0_Mouse	0.178248905154	0	1018	G	A
N0_Mouse	0.178286391215	0	1260	A	G
N0_Mouse	0.17831963419	0	545	T	C
N0_Mouse	0.178380062101	0	119	G	A
N0_Mouse	0.178740972229	0	1391	G	T
N0_Mouse	0.178993135768	0	1507	C	T
N0_Mouse	0.179036288838	0	318	C	A
N0_Mouse	0.179344581832	0	975	T	G
N0_Mouse	0.179395013263	0	182	G	A
N0_Mouse	0.180048631847	0	1303	T	G
N0_Mouse	0.181002556726	0	351	G	A
N0_Mouse	0.181393625297	0	17	T	C
N0_Mouse	0.182610941212	0	291	A	G
N0_Mouse	0.185559459743	0	738	G	C
N0_Mouse	0.185565240449	0	712	A	G
N0_Mouse	0.185795509193	0	423	A	T
N0_Mouse	0.187413106705	0	884	G	A
N0_Mouse	0.187777751086	0	985	G	A
N0_Mouse	0.187865464142	0	637	A	G
N0_Mouse	0.188008072331	0	688	A	T
N0_Mouse	0.188412628212	0	812	G	A
N0_Mouse	0.18844010582	0	578	A	C
N0_Mouse	0.189232855093	0	56	A	G
N0_Mouse	0.189298869873	0	707	T	C
N0_Mouse	0.191096238689	0	1096	G	C
N0_Mouse	0.191475599362	0	988	C	T
N0_Mouse	0.19147797231	0	1205	A	G
N0_Mouse	0.191885698002	0	658	T	A
N0_Mouse	0.192612716857	0	990	A	T
N0_Mouse	0.194988654098	0	604	G	T
N0_Mouse	0.195114462897	0	318	A	C
N0_Mouse	0.196815689386	0	1388	A	G
N0_Mouse	0.199289021181	0	609	A	G
N0_Mouse	0.200248549087	0	672	T	G
N0_Mouse	0.202150395951	0	885	C	G
N0_Mouse	0.202197927508	0	1421	A	T
N0_Mouse	0.202249962979	0	1429	G	A
N0_Mouse	0.20272555003	0	1050	G	A
N0_Mouse	0.203086868772	0	282	T	C
N0_Mouse	0.203222020655	0	530	G	T
N0_Mouse	0.204754110317	0	1464	C	A
N0_Mouse	0.205071822042	0	605	C	T
N0_Mouse	0.20508312481	0	852	G	A
N0_Mouse	0.205315573088	0	264	C	A
N0_Mouse	0.205366603973	0	1114	A	T
N0_Mouse	0.206831566258	0	1229	A	C
N0_Mouse	0.207382411398	0	639	T	C
N0_Mouse	0.207520362739	0	874	A	T
N0_Mouse	0.207752300645	0	1183	C	A
N0_Mouse	0.208629017861	0	1060	T	C
N0_Mouse	0.209047029424	0	695	G	A
N0_Mouse	0.209122574248	0	301	G	A
N0_Mouse	0.209307826191	0	1491	G	T
N0_Mouse	0.209495707098	0	340	A	G
N0_Mouse	0.21025123484	0	636	A	G
N0_Mouse	0.210477253534	0	1488	G	T
N0_Mouse	0.210580678478	0	1205	G	A
N0_Mouse	0.211005875755	0	498	G	A
N0_Mouse	0.211378737599	0	1280	A	T
N0_Mouse	0.212438555662	0	1176	C	T
N0_Mouse	0.212555530466	0	1280	T	A
N0_Mouse	0.212837422345	0	809	G	A
N0_Mouse	0.212965666032	0	1174	T	C
N0_Mouse	0.21420571963	0	882	G	C
N0_Mouse	0.21462027745	0	1407	A	T
N0_Mouse	0.215600865504	0	1	C	A
N0_Mouse	0.215631088119	0	1130	T	G
N0_Mouse	0.217075819241	0	260	T	A
N0_Mouse	0.217403382761	0	857	A	G
N0_Mouse	0.217467322481	0	955	A	T
N0_Mouse	0.217684859302	0	1008	A	C
N0_Mouse	0.218150148393	0	42	C	T
N0_Mouse	0.218773656082	0	520	T	G
N0_Mouse	0.219073826371	0	82	G	A
N0_Mouse	0.219584463904	0	1044	A	G
N0_Mouse	0.219944594691	0	611	T	C
N0_Mouse	0.220229778362	0	52	G	A
N0_Mouse	0.220807106714	0	781	A	G
N0_Mouse	0.221291606329	0	445	A	T
N0_Mouse	0.22176350664	0	19	G	A
N0_Mouse	0.221775125966	0	433	A	T
N0_Mouse	0.221823599527	0	418	T	G
N0_Mouse	0.222420065778	0	1010	T	A
N0_Mouse	0.222891777639	0	353	A	G
N0_Mouse	0.223992186859	0	1435	A	T
N0_Mouse	0.224126389017	0	739	T	G
N0_Mouse	0.226653664399	0	1465	A	G
N0_Mouse	0.226755768237	0	390	G	A
N0_Mouse	0.226944014973	0	1155	A	T
N0_Mouse	0.227027083139	0	808	A	C
N0_Mouse	0.227262216148	0	460	T	A
N0_Mouse	0.227407922779	0	1189	C	G
N0_Mouse	0.227485287623	0	1053	T	G
N0_Mouse	0.227653355993	0	1003	A	T
N0_Mouse	0.228111636567	0	648	T	A
N0_Mouse	0.228604273974	0	158	A	T
N0_Mouse	0.229325911731	0	504	C	A
N0_Mouse	0.230444970258	0	334	A	T
N0_Mouse	0.230821533243	0	237	G	A
N0_Mouse	0.230908802502	0	727	C	G
N0_Mouse	0.233376630061	0	750	C	G
N0_Mouse	0.23361116572	0	886	A	T
N0_Mouse	0.233641295964	0	942	C	G
N0_Mouse	0.234256492522	0	79	T	G
N0_Mouse	0.234549094521	0	621	A	G
N0_Mouse	0.237514421909	0	710	C	G
N0_Mouse	0.239848879828	0	35	G	A
N0_Mouse	0.23996696947	0	674	A	G
N0_Mouse	0.240538309736	0	816	G	T
N0_Mouse	0.242537673326	0	904	G	C
N0_Mouse	0.242632815523	0	1457	G	A
N0_Mouse	0.243554170358	0	1320	T	C
N0_Mouse	0.243732017704	0	962	G	A
N0_Mouse	0.244651732807	0	185	T	C
N0_Mouse	0.246255902557	0	1015	T	G
N0_Mouse	0.246641351703	0	1162	A	G
N0_Mouse	0.249008814389	0	1367	T	G
N0_Mouse	0.249351162961	0	580	T	A
N0_Mouse	0.249738810274	0	1303	G	C
N0_Mouse	0.250886549852	0	246	T	A
N0_Mouse	0.251038468911	0	315	A	T
N0_Mouse	0.251420755827	0	704	G	C
N0_Mouse	0.252223678495	0	735	T	A
N0_Mouse	0.253485365364	0	1015	G	A
N0_Mouse	0.255103649332	0	47	A	C
N0_Mouse	0.255452442377	0	911	G	T
N0_Mouse	0.255703050708	0	1505	T	C
N0_Mouse	0.2566659069	0	1457	A	T
N0_Mouse	0.25803328072	0	958	C	T
N0_Mouse	0.259206682371	0	465	T	G
N0_Mouse	0.259590651404	0	424	G	A
N0_Mouse	0.260557018	0	395	C	T
N0_Mouse	0.260628175526	0	39	A	G
N0_Mouse	0.26129186668	0	724	T	A
N0_Mouse	0.262406163444	0	1272	G	T
N0_Mouse	0.262905440768	0	1430	C	T
N0_Mouse	0.264446379397	0	521	G	C
N0_Mouse	0.264639282436	0	1209	C	A
N0_Mouse	0.264805432278	0	928	C	T
N0_Mouse	0.264957578315	0	480	C	G
N0_Mouse	0.265239573896	0	940	G	A
N0_Mouse	0.265384099285	0	458	A	T
N0_Mouse	0.266593539262	0	769	A	G
N0_Mouse	0.266640435519	0	512	C	A
N0_Mouse	0.266811100898	0	1118	A	G
N0_Mouse	0.267027989885	0	819	T	C
N0_Mouse	0.268239805129	0	1448	C	T
N0_Mouse	0.268244494742	0	500	G	C
N0_Mouse	0.269053827012	0	1068	C	A
N0_Mouse	0.269083279313	0	1263	A	G
N0_Mouse	0.269966041082	0	1491	T	A
N0_Mouse	0.270061551049	0	261	G	C
N0_Mouse	0.270691225403	0	1297	A	G
N0_Mouse	0.271240728948	0	1435	T	C
N0_Mouse	0.271623221797	0	1065	A	C
N0_Mouse	0.27213828006	0	610	A	G
N0_Mouse	0.274149212006	0	327	T	G
N0_Mouse	0.274730154939	0	874	T	C
N0_Mouse	0.274799223136	0	78	C	G
N0_Mouse	0.276061430749	0	579	T	A
N0_Mouse	0.276631611454	0	765	C	T
N0_Mouse	0.27676125947	0	548	G	A
N0_Mouse	0.276789974366	0	925	C	G
N0_Mouse	0.276907558652	0	848	T	G
N0_Mouse	0.277020722807	0	727	G	A
N0_Mouse	0.277366156777	0	1088	G	A
N0_Mouse	0.278233852005	0	577	G	T
N0_Mouse	0.278629702077	0	1327	G	C
N0_Mouse	0.279010866354	0	545	C	A
N0_Mouse	0.279220034442	0	670	G	A
N0_Mouse	0.279606080573	0	1383	C	T
N0_Mouse	0.279751198165	0	311	G	A
N0_Mouse	0.280001574516	0	1385	A	G
N0_Mouse	0.281737198862	0	233	C	G
N0_Mouse	0.282229062201	0	917	G	A
N0_Mouse	0.282519710016	0	223	T	G
N0_Mouse	0.282766893003	0	260	A	G
N0_Mouse	0.282862247204	0	703	G	C
N0_Mouse	0.284332492025	0	829	T	C
N0_Mouse	0.284782160588	0	660	T	A
N0_Mouse	0.285170937028	0	1279	T	A
N0_Mouse	0.285659898245	0	1303	C	A
N0_Mouse	0.286012983999	0	585	T	A
N0_Mouse	0.287444739322	0	1017	A	G
N0_Mouse	0.288115662285	0	1372	C	T
N0_Mouse	0.288215314634	0	409	C	A
N0_Mouse	0.288335823385	0	601	T	C
N0_Mouse	0.29028036174	0	653	T	C
N0_Mouse	0.293487644396	0	735	A	G
N0_Mouse	0.293775104571	0	206	G	A
N0_Mouse	0.294049239858	0	439	C	T
N0_Mouse	0.294158269725	0	1431	T	C
N0_Mouse	0.29434429924	0	351	A	G
N0_Mouse	0.2945323317	0	1463	C	T
N0_Mouse	0.294883163762	0	1247	T	C
N0_Mouse	0.295484390315	0	1238	G	A
N0_Mouse	0.296061604317	0	1480	C	T
N0_Mouse	0.297636391781	0	739	G	A
N0_Mouse	0.297818058342	0	1356	G	A
N0_Mouse	0.299034251172	0	197	C	G
N0_Mouse	0.299579952392	0	1114	T	C
N0_Mouse	0.299983817357	0	1380	A	G
N0_Mouse	0.300748323374	0	575	T	A
N0_Mouse	0.300904458345	0	261	C	T
N0_Mouse	0.3015758841	0	761	G	A
N0_Mouse	0.303620962112	0	910	G	A
N0_Mouse	0.305837450563	0	997	A	T
N0_Mouse	0.307013051623	0	1327	C	T
N0_Mouse	0.307549598799	0	134	A	T
N0_Mouse	0.309811602894	0	1420	A	T
N0_Mouse	0.310188952342	0	127	T	C
N0_Mouse	0.311490221761	0	355	A	G
N0_Mouse	0.311670560293	0	186	A	T
N0_Mouse	0.312539651072	0	520	G	A
N0_Mouse	0.312606353715	0	26	A	T
N0_Mouse	0.312622619216	0	996	T	C
N0_Mouse	0.31374515985	0	144	T	A
N0_Mouse	0.313768654082	0	724	A	C
N0_Mouse	0.313924786506	0	1434	A	G
N0_Mouse	0.315125637098	0	102	A	G
N0_Mouse	0.315344384773	0	1250	A	G
N0_Mouse	0.315397097586	0	1392	C	T
N0_Mouse	0.316353193098	0	700	C	T
N0_Mouse	0.316365439775	0	108	C	T
N0_Mouse	0.316719893933	0	749	G	A
N0_Mouse	0.317786181575	0	474	G	A
N0_Mouse	0.319716790746	0	747	C	A
N0_Mouse	0.320852974444	0	249	C	T
N0_Mouse	0.321289328043	0	802	C	A
N0_Mouse	0.322935674178	0	281	C	A
N0_Mouse	0.322983086013	0	1470	T	C
N0_Mouse	0.323568088049	0	721	G	A
N0_Mouse	0.324195787834	0	165	G	A
N0_Mouse	0.324471207475	0	335	C	A
N0_Mouse	0.325142647587	0	468	G	A
N0_Mouse	0.325557534574	0	806	G	A
N0_Mouse	0.326283525809	0	363	G	A
N0_Mouse	0.326800767085	0	1209	A	C
N0_Mouse	0.327470658148	0	1210	T	A
N0_Mouse	0.327700182255	0	885	G	A
N0_Mouse	0.328687131546	0	1194	G	T
N0_Mouse	0.328855298619	0	979	A	C
N0_Mouse	0.329630493776	0	3	A	C
N0_Mouse	0.33022737302	0	1013	A	G
N0_Mouse	0.331241682127	0	1266	T	A
N0_Mouse	0.331573320696	0	890	C	T
N0_Mouse	0.331596637816	0	385	A	T
N0_Mouse	0.33159986205	0	1030	T	A
N0_Mouse	0.331622757919	0	1003	T	A
N0_Mouse	0.332348551451	0	1344	T	C
N0_Mouse	0.332646609713	0	1100	C	A
N0_Mouse	0.333474340416	0	1434	G	A
N0_Mouse	0.333561070899	0	112	G	T
N0_Mouse	0.333658571482	0	577	T	G
N0_Mouse	0.335370001548	0	1053	G	A
N0_Mouse	0.33548038735	0	1071	G	A
N0_Mouse	0.337281947888	0	781	G	C
N0_Mouse	0.338105388315	0	1045	C	T
N0_Mouse	0.338237498231	0	321	A	T
N0_Mouse	0.340049456809	0	76	T	A
N0_Mouse	0.340907590601	0	35	A	T
N0_Mouse	0.341831256576	0	1019	A	G
N0_Mouse	0.34244806161	0	1025	A	G
N0_Mouse	0.34306803622	0	1040	C	G
N0_Mouse	0.343449209316	0	158	T	G
N0_Mouse	0.343601115524	0	1228	G	A
N0_Mouse	0.344225723215	0	646	C	T
N0_Mouse	0.344528234577	0	918	A	C
N0_Mouse	0.344847596955	0	1011	T	G
N0_Mouse	0.345106403911	0	403	C	A
N0_Mouse	0.345448820952	0	807	T	C
N0_Mouse	0.345909313981	0	760	A	G
N0_Mouse	0.346294752689	0	1420	T	C
N0_Mouse	0.34683622336	0	758	A	G
N0_Mouse	0.348377094744	0	9	T	G
N0_Mouse	0.348685254783	0	609	G	C
N0_Mouse	0.35071754291	0	619	A	G
N0_Mouse	0.350841861572	0	410	C	G
N0_Mouse	0.351049302031	0	447	A	G
N0_Mouse	0.353113307876	0	237	A	G
N0_Mouse	0.353191227772	0	449	T	G
N0_Mouse	0.353482082148	0	683	G	T
N0_Mouse	0.353518574007	0	1068	A	T
N0_Mouse	0.353570194456	0	389	A	T
N0_Mouse	0.354034768767	0	846	G	A
N0_Mouse	0.354762115786	0	793	T	A
N0_Mouse	0.355213821041	0	1068	T	G
N0_Mouse	0.356264194698	0	125	A	T
N0_Mouse	0.357391582062	0	920	C	T
N0_Mouse	0.357873878721	0	464	C	A
N0_Mouse	0.358003098322	0	357	A	G
N0_Mouse	0.358580415546	0	1435	C	T
N0_Mouse	0.358764987595	0	1444	A	G
N0_Mouse	0.359543563462	0	1390	T	C
N0_Mouse	0.359881423727	0	913	G	A
N0_Mouse	0.360515590705	0	1134	A	G
N0_Mouse	0.360859737637	0	1231	G	C
N0_Mouse	0.360860161018	0	1022	A	T
N0_Mouse	0.360917001843	0	1097	A	C
N0_Mouse	0.361111404878	0	699	T	G
N0_Mouse	0.361675014196	0	1227	A	G
N0_Mouse	0.362327070449	0	276	C	T
N0_Mouse	0.362415404932	0	1052	C	A
N0_Mouse	0.363046473056	0	1194	T	A
N0_Mouse	0.363877225116	0	1019	G	A
N0_Mouse	0.363974489571	0	799	A	T
N0_Mouse	0.364006748624	0	839	G	A
N0_Mouse	0.364268503668	0	698	C	T
N0_Mouse	0.366167797558	0	1229	C	T
N0_Mouse	0.368673272029	0	1140	T	G
N0_Mouse	0.369714745094	0	1021	A	G
N0_Mouse	0.369735631117	0	1194	A	G
N0_Mouse	0.369999291436	0	528	A	C
N0_Mouse	0.371520336332	0	729	G	T
N0_Mouse	0.371581526567	0	938	T	G
N0_Mouse	0.371702428737	0	1012	T	A
N0_Mouse	0.371778185771	0	1118	G	T
N0_Mouse	0.372296148051	0	981	G	T
N0_Mouse	0.372352554646	0	1209	C	A
N0_Mouse	0.372531960771	0	568	T	C
N0_Mouse	0.372878409293	0	300	C	T
N0_Mouse	0.372896283208	0	194	T	C
N0_Mouse	0.37413155496	0	446	T	A
N0_Mouse	0.374375465461	0	1102	T	C
N0_Mouse	0.374930324001	0	724	C	A
N0_Mouse	0.375196631879	0	480	G	A
N0_Mouse	0.375914793959	0	899	T	C
N0_Mouse	0.376867407428	0	866	A	G
N0_Mouse	0.377660916727	0	315	T	C
N0_Mouse	0.377681804714	0	1466	C	G
N0_Mouse	0.380123937606	0	1058	G	A
N0_Mouse	0.380661532198	0	1238	A	T
N0_Mouse	0.381123832785	0	1234	T	C
N0_Mouse	0.382120372654	0	436	G	C
N0_Mouse	0.383298391367	0	716	A	C
N0_Mouse	0.38491404339	0	1165	G	A
N0_Mouse	0.386793017309	0	184	G	A
N0_Mouse	0.386957699259	0	216	A	G
N0_Mouse	0.387474623404	0	1249	A	T
N0_Mouse	0.387556880093	0	867	C	G
N0_Mouse	0.387671709278	0	16	A	C
N0_Mouse	0.387931312952	0	1006	C	A
N0_Mouse	0.391228908027	0	508	A	C
N0_Mouse	0.391756106915	0	764	T	C
N0_Mouse	0.391768469562	0	344	C	A
N0_Mouse	0.39178181667	0	153	A	G
N0_Mouse	0.391966337632	0	141	T	C
N0_Mouse	0.393119388922	0	219	T	G
N0_Mouse	0.393423711458	0	690	A	C
N0_Mouse	0.394416333841	0	647	C	T
N0_Mouse	0.39515274162	0	1404	T	C
N0_Mouse	0.395476117046	0	1052	A	T
N0_Mouse	0.397459627843	0	1120	C	T
N0_Mouse	0.397592513047	0	103	C	T
N0_Mouse	0.397622112864	0	121	A	C
N0_Mouse	0.397988961774	0	1217	T	A
N0_Mouse	0.398806624649	0	1129	A	T
N0_Mouse	0.399320363215	0	553	C	T
N0_Mouse	0.399790071135	0	730	C	T
N0_Mouse	0.399822670318	0	167	A	T
N0_Mouse	0.400026515342	0	1149	C	G
N0_Mouse	0.400081653542	0	1254	T	C
N0_Mouse	0.402216170902	0	1130	G	A
N0_Mouse	0.402679001848	0	1485	C	T
N0_Mouse	0.403106194467	0	1240	T	C
N0_Mouse	0.403321442861	0	87	C	T
N0_Mouse	0.403665965912	0	136	C	T
N0_Mouse	0.403786477331	0	430	A	T
N0_Mouse	0.403877210129	0	188	T	A
N0_Mouse	0.403891838272	0	126	T	C
N0_Mouse	0.404611417797	0	793	A	G
N0_Mouse	0.405135164009	0	552	T	G
N0_Mouse	0.405216712022	0	359	G	C
N0_Mouse	0.406680233211	0	1389	A	T
N0_Mouse	0.40672499939	0	1205	A	G
N0_Mouse	0.406853044112	0	186	T	A
N0_Mouse	0.407424829509	0	1487	C	T
N0_Mouse	0.408226816149	0	239	G	T
N0_Mouse	0.408694178507	0	609	C	T
N0_Mouse	0.408873804758	0	1433	T	G
N0_Mouse	0.408974398268	0	96	T	A
N0_Mouse	0.409959237714	0	43	T	A
N0_Mouse	0.410134986272	0	694	A	C
N0_Mouse	0.410790750231	0	1352	C	T
N0_Mouse	0.411849349226	0	922	A	G
N0_Mouse	0.412414224349	0	926	C	G
N0_Mouse	0.412980296024	0	1282	T	G
N0_Mouse	0.413034238627	0	534	G	A
N0_Mouse	0.413111208013	0	1422	G	A
N0_Mouse	0.413748626886	0	522	A	G
N0_Mouse	0.414292376191	0	1459	T	G
N0_Mouse	0.414818494947	0	1184	C	A
N0_Mouse	0.414943918301	0	794	C	A
N0_Mouse	0.415608722772	0	791	G	A
N0_Mouse	0.415704797707	0	857	G	T
N0_Mouse	0.415813682224	0	1408	T	C
N0_Mouse	0.416573500809	0	951	A	T
N0_Mouse	0.417023024688	0	891	A	T
N0_Mouse	0.41968251834	0	284	T	A
N0_Mouse	0.420220916271	0	147	G	T
N0_Mouse	0.42026660956	0	127	C	G
N0_Mouse	0.420775435335	0	1280	A	C
N0_Mouse	0.420853069446	0	1340	A	T
N0_Mouse	0.421601371959	0	1064	A	G
N0_Mouse	0.421792967723	0	219	G	C
N0_Mouse	0.422539839984	0	838	G	A
N0_Mouse	0.423105008241	0	1145	C	T
N0_Mouse	0.423733683289	0	425	G	A
N0_Mouse	0.424054371684	0	848	G	C
N0_Mouse	0.424110996407	0	1044	G	T
N0_Mouse	0.425052717342	0	493	G	A
N0_Mouse	0.425730148759	0	1010	A	T
N0_Mouse	0.426271634675	0	1094	T	A
N0_Mouse	0.426520161897	0	431	C	G
N0_Mouse	0.426656006335	0	422	A	C
N0_Mouse	0.42822039844	0	426	T	C
N0_Mouse	0.42866622514	0	49	G	A
N0_Mouse	0.430098587129	0	550	A	G
N0_Mouse	0.430739324669	0	1351	T	A
N0_Mouse	0.432398046318	0	573	A	C
N0_Mouse	0.432833415594	0	276	T	A
N0_Mouse	0.433198284358	0	441	G	A
N0_Mouse	0.43371385764	0	1171	A	T
N0_Mouse	0.433952322099	0	810	T	A
N0_Mouse	0.435016901799	0	753	A	T
N0_Mouse	0.435373365004	0	543	C	G
N0_Mouse	0.437335471262	0	610	G	C
N0_Mouse	0.438359443865	0	1052	T	C
N0_Mouse	0.438443994867	0	484	G	A
N0_Mouse	0.43856864956	0	992	C	T
N0_Mouse	0.439212512329	0	1262	C	T
N0_Mouse	0.440847284329	0	810	A	T
N0_Mouse	0.441968032374	0	1040	G	T
N0_Mouse	0.44254832718	0	1032	T	A
N0_Mouse	0.44266057163	0	683	T	A
N0_Mouse	0.443830559554	0	784	G	A
N0_Mouse	0.445265502586	0	47	C	T
N0_Mouse	0.446796774942	0	771	A	C
N0_Mouse	0.446873256707	0	419	T	A
N0_Mouse	0.447791990548	0	127	G	A
N0_Mouse	0.449258429583	0	106	A	T
N0_Mouse	0.450769770962	0	1196	C	T
N0_Mouse	0.450981426393	0	225	T	C
N0_Mouse	0.451243985464	0	1419	A	G
N0_Mouse	0.451990669747	0	738	C	G
N0_Mouse	0.453018830058	0	307	C	A
N0_Mouse	0.453754626769	0	15	T	C
N0_Mouse	0.454401475254	0	119	A	G
N0_Mouse	0.455616865392	0	663	A	T
N0_Mouse	0.456104123363	0	317	T	C
N0_Mouse	0.456738441862	0	451	T	G
N0_Mouse	0.457182523041	0	1406	T	A
N0_Mouse	0.457406078796	0	121	C	G
N0_Mouse	0.458204327581	0	775	G	A
N0_Mouse	0.458404935559	0	208	A	C
N0_Mouse	0.458580665784	0	491	C	T
N0_Mouse	0.459120746665	0	262	A	G
