edge	time	mut_orlg	mut_pos	old_state	new_state
N0_kluyveri	0.000336591544731	0	113	C	A
N0_kluyveri	0.00050300433846	0	86	A	G
N0_kluyveri	0.000560889225214	0	488	T	C
N0_kluyveri	0.000624339877498	0	146	C	T
N0_kluyveri	0.00271437990436	0	377	G	A
N0_kluyveri	0.00274340381436	0	98	A	G
N0_kluyveri	0.00355102066751	0	38	C	T
N0_kluyveri	0.00371952349245	0	419	G	A
N0_kluyveri	0.00456202866061	0	314	C	T
N0_kluyveri	0.00482083073386	0	389	C	T
N0_kluyveri	0.00622714716697	0	176	G	A
N0_kluyveri	0.00692192704985	0	431	C	A
N0_kluyveri	0.0074527177677	0	71	A	G
N0_kluyveri	0.00745644527221	0	32	G	A
N0_kluyveri	0.0082466262216	0	67	G	A
N0_kluyveri	0.00939895312494	0	89	T	C
N0_kluyveri	0.00951317712702	0	89	C	T
N0_kluyveri	0.00995108408317	0	422	C	T
N0_kluyveri	0.010020173381	0	35	G	C
N0_kluyveri	0.0101225224281	0	11	G	A
N0_kluyveri	0.0106535073934	0	443	C	T
N0_kluyveri	0.0108168283042	0	266	T	C
N0_kluyveri	0.0108373515738	0	245	C	T
N0_kluyveri	0.0108596048561	0	359	A	G
N0_kluyveri	0.0121608755918	0	146	T	C
N0_kluyveri	0.0125101884997	0	92	A	G
N0_kluyveri	0.0130527463388	0	142	A	G
N0_kluyveri	0.0131427860136	0	35	C	T
N0_kluyveri	0.0135861393923	0	485	T	G
N0_D1	0.00150020732354	0	278	T	C
D1_N1	3.49113499661e-05	2	129	A	G
D1_N1	0.000751394562201	2	368	G	A
D1_N1	0.00137450452627	1	452	T	A
D1_N1	0.00143716796675	1	230	G	A
D1_N1	0.00150540165478	1	251	C	T
D1_N1	0.00204471653793	2	401	C	T
D1_N1	0.002468943085	2	185	A	G
D1_N1	0.00258058687753	2	305	A	G
D1_N1	0.00293326661672	2	14	C	T
D1_N1	0.00339753066939	1	131	C	T
N1_castellii	4.10111036107e-05	1	146	C	T
N1_castellii	0.000705864996234	2	164	T	C
N1_castellii	0.000924579802485	2	221	C	T
N1_castellii	0.000987289733298	1	14	C	T
N1_castellii	0.00102043436742	1	131	T	C
N1_castellii	0.0010223759419	1	176	G	A
N1_castellii	0.00160254836978	2	251	C	T
N1_castellii	0.00204028798672	2	350	A	G
N1_castellii	0.00220988981432	1	92	A	G
N1_castellii	0.00254048147754	1	476	T	C
N1_castellii	0.00256148685577	2	473	C	T
N1_castellii	0.0029311795976	1	344	C	T
N1_castellii	0.00310842305639	1	317	A	G
N1_castellii	0.0031131692463	2	14	T	C
N1_castellii	0.00323289219219	2	38	C	T
N1_castellii	0.00334966711523	1	260	A	G
N1_castellii	0.00352670217098	2	473	T	C
N1_castellii	0.00381681542397	1	152	T	C
N1_castellii	0.00385121487441	1	2	A	C
N1_castellii	0.00397213584003	2	83	C	T
N1_castellii	0.0040291086605	1	374	G	A
N1_castellii	0.00421279813477	1	294	G	A
N1_castellii	0.00442971390697	1	239	C	T
N1_castellii	0.00482302026129	1	32	G	A
N1_castellii	0.00513969501975	1	149	G	A
N1_castellii	0.00516336362236	2	104	T	C
N1_castellii	0.00538120198568	1	161	T	C
N1_castellii	0.00540293947701	2	215	A	G
N1_castellii	0.00571019318249	1	356	A	G
N1_castellii	0.00591770388908	1	269	T	C
N1_castellii	0.00605142988927	2	242	C	A
N1_castellii	0.00641169172526	2	350	G	C
N1_castellii	0.00747841525791	2	308	A	G
N1_castellii	0.00765337562969	2	206	A	G
N1_castellii	0.00776530772997	1	146	T	C
N1_castellii	0.0078512833714	1	236	A	G
N1_castellii	0.00788142442438	1	82	C	T
N1_castellii	0.00819833100209	1	424	G	A
N1_castellii	0.00831975469774	2	443	C	G
N1_castellii	0.00862194878995	1	260	G	A
N1_castellii	0.00873847594473	2	5	T	C
N1_castellii	0.00878441014428	1	221	C	T
N1_castellii	0.0088480106551	2	143	C	T
N1_castellii	0.00890148273439	1	302	C	T
N1_castellii	0.008987221542	1	158	C	T
N1_castellii	0.00898813382737	1	161	C	A
N1_castellii	0.00905436570212	1	260	A	G
N1_castellii	0.00938599954225	2	78	A	G
N1_castellii	0.00977252775451	2	74	A	G
N1_castellii	0.00984729166933	2	458	T	C
N1_castellii	0.0098755607279	1	35	G	C
N1_castellii	0.0100864678071	2	14	C	T
N1_castellii	0.0103697025648	1	461	T	G
N1_castellii	0.0108386115648	1	173	A	G
N1_castellii	0.0109541856793	1	455	C	T
N1_castellii	0.0110671341154	1	110	T	C
N1_castellii	0.0114000161945	1	302	T	C
N1_castellii	0.0117894560118	2	218	C	T
N1_castellii	0.0120040784617	1	446	A	G
N1_castellii	0.0125053349449	1	290	A	G
N1_castellii	0.0128590257356	1	374	A	G
N1_N2	7.27163325153e-05	2	452	T	C
N1_N2	0.00018209463949	2	11	G	A
N1_N2	0.000472195190899	1	134	T	C
N1_N2	0.000741849028746	2	479	G	A
N1_N2	0.00131329480039	2	101	T	C
N1_N2	0.00147085536504	1	134	C	T
N1_N2	0.0019060005827	1	443	C	T
N1_N2	0.00234725678424	1	74	A	T
N1_N2	0.00245655762825	1	101	T	C
N1_N2	0.00272226304025	2	20	T	C
N1_N2	0.00303013986451	1	233	T	C
N1_N2	0.00332779925488	2	161	T	C
N1_N2	0.00350129704016	2	473	C	T
N1_N2	0.00380780502172	2	26	A	G
N1_N2	0.00402156932707	2	284	C	T
N1_N2	0.00427585861201	1	104	T	C
N1_N2	0.00444775584336	2	284	T	C
N1_N2	0.00471079126055	1	278	C	T
N1_N2	0.00485972914259	2	362	A	G
N1_N2	0.00508123066974	2	47	A	G
N1_N2	0.00516982784433	1	320	G	A
N1_N2	0.00543924614149	1	149	G	A
N1_N2	0.0055229401837	1	170	C	T
N1_N2	0.00556288668878	1	209	C	G
N1_N2	0.00597863681288	2	155	G	A
N1_N2	0.00607076064479	2	335	G	A
N1_N2	0.00759159526784	2	474	T	A
N1_N2	0.00784447483351	2	290	A	G
N1_N2	0.007908862467	2	436	C	T
N1_N2	0.00801635826581	2	371	G	A
N1_N2	0.00811250447651	1	482	A	G
N1_N2	0.00841765934626	2	404	C	T
N1_N2	0.00842886476162	1	305	A	G
N1_N2	0.0087856084155	1	257	A	G
N1_N2	0.00886791482392	2	47	G	A
N1_N2	0.00926028016073	2	383	T	C
N1_N2	0.00956614306409	1	428	G	A
N1_N2	0.0100072859604	2	83	C	T
N1_N2	0.010172561814	2	254	A	C
N1_N2	0.0102947838798	2	251	C	A
N1_N2	0.0107690334543	2	386	G	A
N1_N2	0.0108111837262	1	37	G	T
N1_N2	0.0108461977402	2	66	G	A
N1_N2	0.0108597938142	1	335	G	A
N1_N2	0.0108658910011	1	158	C	T
N1_N2	0.0114430750418	1	362	A	G
N1_N2	0.0115511661225	2	431	C	T
N1_N2	0.0117548236502	1	293	C	T
N1_N2	0.0118132670573	1	203	A	G
N1_N2	0.0118207013762	1	101	C	T
N1_N2	0.0121511355121	1	386	G	A
N1_N2	0.0124279471245	2	383	C	T
N1_N2	0.012443493793	1	104	C	T
N1_N2	0.0126677179378	1	161	T	C
N1_N2	0.0128636434636	2	390	G	A
N1_N2	0.0131265585164	2	305	G	A
N1_N2	0.0137891151944	2	476	T	C
N1_N2	0.0148589768239	2	431	T	C
N1_N2	0.0154168179252	1	116	G	A
N1_N2	0.0154517339003	1	302	C	T
N1_N2	0.0155679681202	2	182	C	T
N1_N2	0.0156729947915	2	23	T	C
N2_bayanus	0.00045037127485	2	263	A	C
N2_bayanus	0.000691691524039	1	47	A	G
N2_bayanus	0.000745535678293	2	317	A	C
N2_bayanus	0.00132099745495	1	101	T	C
N2_bayanus	0.00174197312981	2	323	C	T
N2_N3	0.000325794765789	2	347	A	G
N2_N3	0.000394102190049	1	110	T	C
N2_N3	0.000438372134447	2	350	A	G
N2_N3	0.000806524057413	1	239	C	T
N2_N3	0.00106475671691	2	431	C	T
N2_N3	0.00129861548286	1	239	T	C
N3_kudriavzevii	0.000329196661309	2	332	G	A
N3_kudriavzevii	0.000679763212527	2	290	G	C
N3_kudriavzevii	0.00106946484806	2	365	A	G
N3_kudriavzevii	0.00173430659214	2	222	C	T
N3_kudriavzevii	0.00202313963202	2	368	A	C
N3_kudriavzevii	0.00229963172832	1	347	A	C
N3_kudriavzevii	0.00232073827462	1	431	C	T
N3_kudriavzevii	0.00233483043142	2	290	C	A
N3_kudriavzevii	0.00244364780579	2	416	A	G
N3_kudriavzevii	0.0028450323693	1	326	A	G
N3_kudriavzevii	0.00316069880554	1	224	A	G
N3_kudriavzevii	0.00327509613626	1	491	G	A
N3_kudriavzevii	0.00361759079997	1	152	T	C
N3_kudriavzevii	0.00370201163223	1	332	G	A
N3_kudriavzevii	0.00386171068905	2	464	G	A
N3_kudriavzevii	0.00401378730097	1	335	A	G
N3_kudriavzevii	0.00418423733397	1	473	C	T
N3_kudriavzevii	0.00465050612145	1	308	A	G
N3_kudriavzevii	0.00499206796385	2	458	T	C
N3_kudriavzevii	0.00532446590974	1	410	T	C
N3_kudriavzevii	0.0055588546794	2	167	T	C
N3_kudriavzevii	0.00571153194229	1	389	C	T
N3_kudriavzevii	0.00580933380854	1	452	A	G
N3_kudriavzevii	0.00596043666673	1	83	C	T
N3_kudriavzevii	0.00597645649626	1	473	T	C
N3_kudriavzevii	0.00600091740855	2	149	G	A
N3_N4	3.97650900171e-05	2	29	C	A
N3_N4	5.45973338201e-05	1	239	C	T
N3_N4	0.000106004309293	1	323	C	T
N3_N4	0.000261910934151	2	404	T	C
N3_N4	0.000552507240328	1	200	T	C
N3_N4	0.000889388937287	1	401	C	T
N3_N4	0.000933804378239	2	217	T	C
N3_N4	0.00115549639318	2	221	C	T
N3_N4	0.00125681453217	1	209	G	A
N3_N4	0.00143745950321	1	176	G	A
N3_N4	0.00147693620919	1	377	G	A
N3_N4	0.00148610919814	1	452	A	T
N3_N4	0.00149020817563	2	281	C	T
N3_N4	0.00164189619604	1	473	C	T
N3_N4	0.00221009151021	2	296	A	G
N3_N4	0.00233327444743	2	75	C	T
N4_mikatae	8.14083944959e-05	1	143	C	T
N4_mikatae	0.000124411094323	1	92	A	G
N4_mikatae	0.000413709361511	2	83	T	C
N4_mikatae	0.000753549308303	1	91	A	G
N4_mikatae	0.000838333474955	1	410	T	C
N4_mikatae	0.000890943053019	2	404	C	T
N4_mikatae	0.00100944109762	1	11	G	T
N4_mikatae	0.00121814698074	2	63	G	A
N4_mikatae	0.00164923504285	2	482	A	G
N4_mikatae	0.00172456068718	2	152	T	C
N4_mikatae	0.00233964118577	2	468	T	C
N4_mikatae	0.00281613785075	1	389	C	T
N4_mikatae	0.00321930582783	1	470	T	C
N4_mikatae	0.00327949897054	1	68	T	C
N4_mikatae	0.00329679143054	2	176	G	A
N4_mikatae	0.0033458753229	2	309	T	C
N4_mikatae	0.00345890410407	2	413	T	C
N4_mikatae	0.00357490084761	2	260	A	C
N4_mikatae	0.00360320240083	1	419	G	A
N4_mikatae	0.0037662588561	1	87	C	T
N4_mikatae	0.00392703883421	1	146	C	T
N4_N5	0.00054710683575	2	455	C	T
N4_N5	0.00069631003705	1	218	C	G
N4_N5	0.00106392349611	2	461	T	A
N4_N5	0.00116113613947	2	11	A	G
N4_N5	0.00142922223395	2	176	G	A
N4_N5	0.00159038238211	2	167	T	C
N5_paradoxus	3.20488132531e-05	1	353	T	C
N5_paradoxus	6.60227310094e-05	2	105	G	A
N5_paradoxus	0.000197671935904	2	308	A	G
N5_paradoxus	0.000221556471445	1	207	G	A
N5_paradoxus	0.000222154263208	1	123	A	G
N5_paradoxus	0.000552161757866	2	383	T	C
N5_paradoxus	0.000616237167172	2	21	T	C
N5_paradoxus	0.00101251355433	2	152	T	G
N5_paradoxus	0.00154847856368	1	155	G	A
N5_cerevisiae	3.27381415828e-05	1	179	T	C
N5_cerevisiae	0.000219045682723	2	62	T	C
N5_cerevisiae	0.000451754147768	2	476	C	T
N5_cerevisiae	0.000646047789906	2	284	C	T
N5_cerevisiae	0.00067572223101	1	59	T	C
N5_cerevisiae	0.000871894514325	2	247	G	A
N5_cerevisiae	0.00164762888099	1	77	A	C
N5_cerevisiae	0.00171822741362	1	305	G	A
N5_cerevisiae	0.00183510650686	1	320	A	G
N5_cerevisiae	0.00227520530436	1	395	G	A
N5_cerevisiae	0.00260625736947	2	278	C	T
N5_cerevisiae	0.0028277387404	2	362	G	A
N5_cerevisiae	0.00357752468901	1	461	T	C
N5_cerevisiae	0.00404734765326	1	110	C	T
