edge	time	mut_orlg	mut_pos	old_state	new_state
N0_kluyveri	0.000618247833484	0	485	T	C
N0_kluyveri	0.000631973537531	0	314	T	C
N0_kluyveri	0.000961952072502	0	236	A	G
N0_kluyveri	0.00110989486711	0	380	G	A
N0_kluyveri	0.00204430114787	0	488	T	C
N0_kluyveri	0.00332869701827	0	143	A	C
N0_kluyveri	0.00342600437686	0	305	A	C
N0_kluyveri	0.00366699642109	0	233	T	C
N0_kluyveri	0.00367953634343	0	470	A	G
N0_kluyveri	0.00387388421582	0	128	T	C
N0_kluyveri	0.00405833108969	0	29	C	T
N0_kluyveri	0.00516511358062	0	119	G	A
N0_kluyveri	0.00543922857439	0	173	C	T
N0_kluyveri	0.00640680108869	0	203	T	C
N0_kluyveri	0.0064135273242	0	95	T	C
N0_kluyveri	0.00649206694704	0	167	C	T
N0_kluyveri	0.00655754360484	0	203	C	T
N0_kluyveri	0.00711480227949	0	152	T	C
N0_kluyveri	0.0074590260155	0	56	T	C
N0_kluyveri	0.00751760871213	0	335	A	G
N0_kluyveri	0.00786277687817	0	48	A	G
N0_kluyveri	0.00803085480001	0	485	C	T
N0_kluyveri	0.00838609147995	0	95	C	T
N0_kluyveri	0.00848631650034	0	95	T	A
N0_kluyveri	0.0089249130155	0	254	C	A
N0_kluyveri	0.00900739628171	0	321	C	T
N0_kluyveri	0.00973163317507	0	398	G	A
N0_kluyveri	0.0105619348557	0	167	T	C
N0_kluyveri	0.010689231308	0	341	C	T
N0_kluyveri	0.0108423664965	0	221	T	C
N0_kluyveri	0.0115985780884	0	269	C	T
N0_kluyveri	0.0117552522205	0	182	A	G
N0_kluyveri	0.0132177298488	0	344	T	G
N0_kluyveri	0.0134222207048	0	122	C	T
N0_kluyveri	0.0137787268392	0	369	T	C
N0_D1	0.000499093989954	0	71	C	T
D1_N1	0.000270031788902	1	461	T	C
D1_N1	0.000601824364891	1	416	A	G
D1_N1	0.00081243297306	2	14	C	T
D1_N1	0.000886096453009	1	377	T	C
D1_N1	0.00140620376785	2	401	C	T
D1_N1	0.00142624784973	2	398	G	A
D1_N1	0.00161854002885	2	326	T	C
D1_N1	0.00195387846931	1	293	T	C
D1_N1	0.00195503363479	1	192	G	A
D1_N1	0.00203816294615	1	218	C	T
D1_N1	0.00209279626359	1	428	A	G
D1_N1	0.0021598453469	2	302	A	G
D1_N1	0.00217354052234	2	326	C	T
D1_N1	0.0021995476108	1	374	A	G
D1_N1	0.00243744933494	1	191	T	A
D1_N1	0.00257345138978	1	338	G	A
D1_N1	0.00276932347295	2	122	C	T
D1_N1	0.00307477170935	2	257	C	T
D1_N1	0.00319044856369	2	308	T	C
D1_N1	0.00339763552508	1	44	T	C
N1_castellii	0.000730414377982	2	281	G	A
N1_castellii	0.000861607951239	2	455	A	G
N1_castellii	0.000997742309978	2	410	A	G
N1_castellii	0.00100134754829	2	407	T	C
N1_castellii	0.00101208868496	2	140	A	G
N1_castellii	0.00114517070422	2	464	C	T
N1_castellii	0.00114866545968	1	209	C	T
N1_castellii	0.00118864327798	2	257	T	C
N1_castellii	0.00156781856488	1	489	G	A
N1_castellii	0.00162307554972	2	278	A	G
N1_castellii	0.00185632888175	2	17	T	C
N1_castellii	0.00186946751738	2	443	C	T
N1_castellii	0.00202295787713	2	395	T	C
N1_castellii	0.00206193703181	2	218	C	T
N1_castellii	0.00220741964022	1	62	T	C
N1_castellii	0.00243804792717	2	215	T	C
N1_castellii	0.00299113982281	2	401	T	C
N1_castellii	0.00385632305442	1	32	A	C
N1_castellii	0.00407252894605	2	479	T	A
N1_castellii	0.00407806887128	2	323	T	C
N1_castellii	0.0044370188541	1	341	C	T
N1_castellii	0.0045136733582	2	458	G	A
N1_castellii	0.0045661160836	2	29	C	T
N1_castellii	0.00518052768609	2	397	G	A
N1_castellii	0.00563045061543	2	224	G	A
N1_castellii	0.00636082937654	2	470	A	G
N1_castellii	0.00645584501752	1	239	T	C
N1_castellii	0.0069690006573	2	333	C	T
N1_castellii	0.00704240937873	1	420	G	A
N1_castellii	0.00735708098134	2	422	T	C
N1_castellii	0.0074768332632	1	434	A	G
N1_castellii	0.00750093582583	1	245	G	A
N1_castellii	0.00776829169446	2	377	T	C
N1_castellii	0.00820935285704	2	401	C	T
N1_castellii	0.00836284089295	2	179	T	C
N1_castellii	0.00850593727073	1	68	T	C
N1_castellii	0.00885419796754	2	48	A	G
N1_castellii	0.00937354151211	1	320	C	T
N1_castellii	0.0100060387247	2	47	C	T
N1_castellii	0.0105800302411	2	128	T	C
N1_castellii	0.0107208158671	2	254	C	T
N1_castellii	0.0110659439704	2	245	G	C
N1_castellii	0.0112304624483	1	125	T	C
N1_castellii	0.0112512629359	1	197	T	C
N1_castellii	0.0124072081415	1	2	G	A
N1_castellii	0.0128566840349	1	137	A	C
N1_N2	0.000661484111938	1	281	G	A
N1_N2	0.00075959993072	2	50	C	T
N1_N2	0.00100740724009	2	29	C	T
N1_N2	0.00102835417513	1	317	G	A
N1_N2	0.00122194180082	2	76	G	A
N1_N2	0.00127709646856	1	365	G	A
N1_N2	0.00166052679997	1	212	C	T
N1_N2	0.00231724315175	1	308	T	C
N1_N2	0.00276346470615	2	233	T	C
N1_N2	0.0030258807141	1	35	C	T
N1_N2	0.00310609453792	2	299	A	G
N1_N2	0.00329231742998	1	201	T	C
N1_N2	0.00345482663704	2	362	G	A
N1_N2	0.00349352460601	1	386	C	T
N1_N2	0.0039047221483	2	227	C	T
N1_N2	0.00398089349316	2	391	A	G
N1_N2	0.00437297362548	1	50	C	T
N1_N2	0.00483524517073	1	332	A	G
N1_N2	0.00497229726972	2	432	T	C
N1_N2	0.00593383541867	1	239	T	G
N1_N2	0.0065356839757	1	89	T	A
N1_N2	0.00696018596563	2	35	C	T
N1_N2	0.0076313899587	1	23	C	T
N1_N2	0.00771879556787	2	110	C	T
N1_N2	0.00777119940698	1	338	A	G
N1_N2	0.00780351389822	1	95	T	C
N1_N2	0.00859969310912	2	197	T	C
N1_N2	0.00919936068679	1	233	T	C
N1_N2	0.00921179008541	1	272	C	T
N1_N2	0.00930316232065	1	89	A	T
N1_N2	0.00933864984388	1	320	C	T
N1_N2	0.00965969607868	2	437	A	G
N1_N2	0.00968764548789	2	380	G	A
N1_N2	0.0105892767274	2	98	C	T
N1_N2	0.0108407360996	2	326	T	C
N1_N2	0.0113012307215	2	137	A	G
N1_N2	0.0117730964334	2	482	A	G
N1_N2	0.0118867908952	2	470	A	G
N1_N2	0.0119597200918	2	86	A	G
N1_N2	0.0119702808698	2	476	T	C
N1_N2	0.0119717320395	2	332	A	G
N1_N2	0.0122349895453	1	458	G	A
N1_N2	0.01230860357	2	431	A	G
N1_N2	0.012340877047	1	341	C	T
N1_N2	0.0123734140173	1	309	A	G
N1_N2	0.0124560796807	1	479	T	C
N1_N2	0.0126531130186	2	23	T	G
N1_N2	0.0127206859111	1	380	G	A
N1_N2	0.0133041245302	2	377	C	T
N1_N2	0.0133964751668	2	41	A	G
N1_N2	0.0137580303335	2	405	G	A
N1_N2	0.0138110734936	2	77	C	T
N1_N2	0.0139963070703	2	435	A	G
N1_N2	0.0142105764138	2	170	C	T
N1_N2	0.0147951781629	1	440	C	T
N1_N2	0.0148943705835	2	236	A	G
N1_N2	0.0154575936099	1	173	C	T
N1_N2	0.0154576426031	2	95	C	T
N1_N2	0.0156491414956	1	464	C	T
N1_N2	0.0158846230607	1	407	T	C
N2_bayanus	8.38966518772e-05	1	173	T	C
N2_bayanus	0.000581728091063	1	296	G	A
N2_bayanus	0.000740949212376	1	89	T	C
N2_bayanus	0.000744172343734	2	182	A	G
N2_bayanus	0.00132299310926	1	489	G	A
N2_bayanus	0.00170926209109	2	383	A	G
N2_bayanus	0.00189799291629	2	134	T	C
N2_bayanus	0.00204200411038	1	254	C	T
N2_bayanus	0.00213180331034	1	80	T	C
N2_bayanus	0.00231608890041	1	197	T	C
N2_N3	1.66367872979e-05	1	185	C	T
N2_N3	9.10652994692e-05	1	212	T	G
N2_N3	0.000274993784172	2	131	C	G
N2_N3	0.000275418860102	1	26	T	C
N2_N3	0.000675542220557	1	482	A	G
N2_N3	0.00143927895339	2	353	A	G
N3_kudriavzevii	0.00072940412801	1	458	A	G
N3_kudriavzevii	0.00122806325208	1	456	G	A
N3_kudriavzevii	0.00125517175945	2	179	T	C
N3_kudriavzevii	0.00130127401846	2	465	T	C
N3_kudriavzevii	0.00150209910779	1	209	C	T
N3_kudriavzevii	0.00170648455292	2	50	T	C
N3_kudriavzevii	0.00200129816914	2	374	G	A
N3_kudriavzevii	0.0025633745999	2	221	T	C
N3_kudriavzevii	0.00257186606969	2	86	A	G
N3_kudriavzevii	0.00259982082154	2	113	C	T
N3_kudriavzevii	0.00283254001105	1	436	A	G
N3_kudriavzevii	0.00333738113716	2	206	T	A
N3_kudriavzevii	0.00333765495821	1	44	C	T
N3_kudriavzevii	0.00339019027709	2	332	G	A
N3_kudriavzevii	0.00359858959924	1	470	A	G
N3_kudriavzevii	0.00389101571379	1	482	G	C
N3_kudriavzevii	0.00403220458602	1	50	T	G
N3_kudriavzevii	0.00443557979453	2	290	T	G
N3_kudriavzevii	0.00453570461181	2	485	T	C
N3_kudriavzevii	0.00466194080988	2	225	G	T
N3_kudriavzevii	0.0048788816483	2	23	G	A
N3_kudriavzevii	0.00588370345677	1	431	A	G
N3_N4	9.15325169146e-05	2	17	T	C
N3_N4	0.000159794355256	1	2	G	A
N3_N4	0.000161317392904	1	230	A	C
N3_N4	0.000284979050362	2	263	C	T
N3_N4	0.000453218008714	1	134	T	C
N3_N4	0.000472616551065	2	257	C	T
N3_N4	0.000582141155184	2	128	T	C
N3_N4	0.000630757130021	1	371	A	G
N3_N4	0.000735364395079	1	278	A	G
N3_N4	0.000786260482846	1	158	C	T
N3_N4	0.000999232116935	1	194	T	C
N3_N4	0.00119233208461	1	147	A	G
N3_N4	0.00217660953638	1	17	T	C
N4_mikatae	8.0092951323e-05	2	89	T	C
N4_mikatae	0.000817321076434	1	212	G	A
N4_mikatae	0.000953519996834	1	224	G	A
N4_mikatae	0.000974388004918	1	254	C	T
N4_mikatae	0.00106088898245	1	296	G	A
N4_mikatae	0.00146107642769	1	293	C	T
N4_mikatae	0.00169830920661	1	383	A	G
N4_mikatae	0.00182694388985	2	290	T	C
N4_mikatae	0.00208580966475	1	299	A	G
N4_mikatae	0.00215229965092	1	41	A	T
N4_mikatae	0.0023288081234	2	161	A	G
N4_mikatae	0.00244775974947	2	101	T	C
N4_mikatae	0.00281089862382	1	467	T	C
N4_mikatae	0.00299109227716	1	2	A	C
N4_mikatae	0.00320955449191	1	428	G	A
N4_mikatae	0.00373095844318	2	254	C	T
N4_mikatae	0.00378673855962	1	347	G	T
N4_mikatae	0.00380136223493	1	173	T	C
N4_mikatae	0.00396646820122	2	269	C	T
N4_N5	8.45680833744e-05	1	377	C	A
N4_N5	0.000434976675234	2	26	T	C
N4_N5	0.000539067214258	2	224	G	A
N4_N5	0.000733483184437	2	170	T	C
N4_N5	0.000874111751806	1	455	A	G
N4_N5	0.0012449423411	1	422	T	C
N4_N5	0.00140258122403	2	326	T	C
N5_paradoxus	4.99614689839e-05	2	284	T	C
N5_paradoxus	0.000202149967657	2	290	T	C
N5_paradoxus	0.000377598967578	1	208	A	G
N5_paradoxus	0.00105291103514	1	89	T	C
N5_cerevisiae	0.000346081686447	1	236	A	G
N5_cerevisiae	0.000393274969747	2	311	A	G
N5_cerevisiae	0.000562779477486	2	104	T	C
N5_cerevisiae	0.000855850362884	1	446	T	C
N5_cerevisiae	0.00107535834939	2	464	C	T
N5_cerevisiae	0.00125392269141	2	50	T	C
N5_cerevisiae	0.00148077287697	1	56	T	C
N5_cerevisiae	0.0015374230226	2	359	A	G
N5_cerevisiae	0.00188222260672	1	152	T	C
N5_cerevisiae	0.00189654852472	2	251	T	A
N5_cerevisiae	0.00224856161709	2	443	C	T
N5_cerevisiae	0.00227238061379	1	17	C	A
N5_cerevisiae	0.00233926598715	1	488	T	C
N5_cerevisiae	0.00242390775017	1	386	T	C
N5_cerevisiae	0.00260981215625	1	128	T	C
N5_cerevisiae	0.00262395799284	1	437	A	G
N5_cerevisiae	0.00262507734412	1	371	G	A
N5_cerevisiae	0.00263412516203	1	386	C	T
N5_cerevisiae	0.0028339957872	2	236	G	T
N5_cerevisiae	0.00341922039777	2	62	T	C
N5_cerevisiae	0.00345520124577	2	206	T	C
N5_cerevisiae	0.0035093870025	2	440	C	T
N5_cerevisiae	0.00355485500645	2	71	T	C
N5_cerevisiae	0.00366260548671	1	239	G	A
N5_cerevisiae	0.00422230822019	1	323	T	C
