edge	time	mut_orlg	mut_pos	old_state	new_state
N0_kluyveri	0.000618246931142	0	485	T	C
N0_kluyveri	0.000631972615008	0	314	T	C
N0_kluyveri	0.000961950661324	0	236	A	G
N0_kluyveri	0.0011098932396	0	380	G	A
N0_kluyveri	0.00204429813663	0	488	T	C
N0_kluyveri	0.00332869209134	0	143	A	C
N0_kluyveri	0.00342599928988	0	305	A	C
N0_kluyveri	0.00366699090096	0	233	T	C
N0_kluyveri	0.00367953080064	0	470	A	G
N0_kluyveri	0.00387387832545	0	128	T	C
N0_kluyveri	0.00405832486759	0	29	C	T
N0_kluyveri	0.00516510537914	0	119	G	A
N0_kluyveri	0.00543921987745	0	173	C	T
N0_kluyveri	0.00640679065266	0	203	T	C
N0_kluyveri	0.00641351687601	0	95	T	C
N0_kluyveri	0.0064920563561	0	167	C	T
N0_kluyveri	0.00655753289555	0	203	C	T
N0_kluyveri	0.00711479056859	0	152	T	C
N0_kluyveri	0.00745901368242	0	56	T	C
N0_kluyveri	0.00751759627256	0	335	A	G
N0_kluyveri	0.00786276381781	0	48	A	G
N0_kluyveri	0.00803084143764	0	485	C	T
N0_kluyveri	0.00838607748288	0	95	C	T
N0_kluyveri	0.00848630232522	0	95	T	A
N0_kluyveri	0.00892489812344	0	254	C	A
N0_kluyveri	0.00900738126743	0	321	C	T
N0_kluyveri	0.00973161708821	0	398	G	A
N0_kluyveri	0.0105619175237	0	167	T	C
N0_kluyveri	0.0106892137838	0	341	C	T
N0_kluyveri	0.0108423487427	0	221	T	C
N0_kluyveri	0.0115985591926	0	269	C	T
N0_kluyveri	0.0117552330897	0	182	A	G
N0_kluyveri	0.0132177085521	0	344	T	G
N0_kluyveri	0.0134221991382	0	122	C	T
N0_kluyveri	0.0137787048058	0	369	T	C
N0_D1	0.000499093261518	0	71	C	T
D1_N1	0.000274402023252	1	461	T	C
D1_N1	0.000611560672318	1	416	A	G
D1_N1	0.000825572209472	2	14	C	T
D1_N1	0.000900426735677	1	377	T	C
D1_N1	0.00142893773483	2	401	C	T
D1_N1	0.00144930590442	2	398	G	A
D1_N1	0.00164471016856	2	326	T	C
D1_N1	0.00198547202928	1	293	T	C
D1_N1	0.00198664586433	1	192	G	A
D1_N1	0.00207111880685	1	218	C	T
D1_N1	0.0021266357802	1	428	A	G
D1_N1	0.00219476830453	2	302	A	G
D1_N1	0.00220868456902	2	326	C	T
D1_N1	0.0022351117943	1	374	A	G
D1_N1	0.00247685310014	1	191	T	A
D1_N1	0.00261505087486	1	338	G	A
D1_N1	0.00281408827223	2	122	C	T
D1_N1	0.0031244759926	2	257	C	T
D1_N1	0.00324202477997	2	308	T	C
N1_castellii	0.000143549629648	1	197	T	C
N1_castellii	0.000885767583551	2	281	G	A
N1_castellii	0.00101908327739	2	455	A	G
N1_castellii	0.0011574175822	2	410	A	G
N1_castellii	0.0011610810262	2	407	T	C
N1_castellii	0.00117199545647	2	140	A	G
N1_castellii	0.0013072225361	2	464	C	T
N1_castellii	0.00131077365998	1	209	C	T
N1_castellii	0.00135139674198	2	257	T	C
N1_castellii	0.00173668791037	1	489	G	A
N1_castellii	0.00179283623197	2	278	A	G
N1_castellii	0.00202984854754	2	17	T	C
N1_castellii	0.00204319877271	2	443	C	T
N1_castellii	0.00219916269941	2	395	T	C
N1_castellii	0.00223876958909	2	218	C	T
N1_castellii	0.00238659671591	1	62	T	C
N1_castellii	0.00262093912772	2	215	T	C
N1_castellii	0.00318293210504	2	401	T	C
N1_castellii	0.00406202944415	1	32	A	C
N1_castellii	0.00428170887551	2	479	T	A
N1_castellii	0.00428733783417	2	323	T	C
N1_castellii	0.00465205263166	1	341	C	T
N1_castellii	0.00472993906826	2	458	G	A
N1_castellii	0.00478322541086	2	29	C	T
N1_castellii	0.00498954096023	2	449	A	G
N1_castellii	0.00504422839851	1	386	C	T
N1_castellii	0.0051587539984	1	150	G	A
N1_castellii	0.00523872159623	1	8	T	G
N1_castellii	0.00542687330903	1	67	C	T
N1_castellii	0.00553429918329	1	446	T	C
N1_castellii	0.00565973037563	1	32	C	T
N1_castellii	0.00587415590627	1	35	C	T
N1_castellii	0.00601287947611	1	430	T	C
N1_castellii	0.00625334827671	1	203	T	C
N1_castellii	0.00649012350449	1	290	T	C
N1_castellii	0.00689511351888	2	125	T	C
N1_castellii	0.00702978471138	2	285	C	T
N1_castellii	0.00728736063792	2	452	A	G
N1_castellii	0.00751478844978	1	155	T	C
N1_castellii	0.00762192653643	1	389	C	T
N1_castellii	0.00772592699012	2	377	T	C
N1_castellii	0.00781055187623	1	101	T	C
N1_castellii	0.00791977494779	1	146	C	T
N1_castellii	0.00842215299437	1	300	G	A
N1_castellii	0.00899863107125	1	239	T	C
N1_castellii	0.00909536009342	1	80	T	C
N1_castellii	0.00912478717048	2	491	A	G
N1_castellii	0.00947463971709	2	449	G	A
N1_castellii	0.0094751880466	2	350	T	C
N1_castellii	0.00951126578864	2	341	C	T
N1_castellii	0.0100572668071	1	230	A	G
N1_castellii	0.0100785816638	2	389	C	T
N1_castellii	0.0101646801547	2	395	C	G
N1_castellii	0.0101935287493	2	182	A	G
N1_castellii	0.010536738161	2	368	T	C
N1_castellii	0.0106620107421	1	83	A	G
N1_castellii	0.0109920627361	1	209	T	C
N1_castellii	0.0114412169543	2	209	C	T
N1_castellii	0.0116553777532	2	8	T	C
N1_castellii	0.0118068514993	2	23	C	T
N1_castellii	0.011991662759	1	308	T	C
N1_castellii	0.0120869263561	1	314	T	C
N1_castellii	0.0121614169259	2	200	A	G
N1_castellii	0.0126166062875	1	335	A	G
N1_N2	0.000311500733042	1	272	C	T
N1_N2	0.000858010232199	2	305	A	G
N1_N2	0.000870764938416	2	351	T	C
N1_N2	0.000967972689823	1	437	A	G
N1_N2	0.0016339531376	2	476	T	C
N1_N2	0.00169970075285	2	414	A	G
N1_N2	0.00172161287146	2	329	C	T
N1_N2	0.00190089456302	2	437	A	T
N1_N2	0.00230224192115	2	170	C	T
N1_N2	0.00234728846017	1	455	A	G
N1_N2	0.00254825823792	2	320	C	T
N1_N2	0.00263574556604	1	188	A	G
N1_N2	0.00294473440182	2	125	T	C
N1_N2	0.0031617982769	2	405	G	A
N1_N2	0.00451063783071	1	431	A	G
N1_N2	0.00455050993103	1	77	C	T
N1_N2	0.00480795672006	2	416	G	C
N1_N2	0.00489496049124	2	2	G	A
N1_N2	0.00515216294938	1	254	C	T
N1_N2	0.00521851508536	2	369	T	C
N1_N2	0.00559348832944	2	239	T	G
N1_N2	0.00561609842859	2	431	A	T
N1_N2	0.00590480544729	1	482	A	G
N1_N2	0.00613366578934	1	244	C	T
N1_N2	0.00643473575824	2	328	C	T
N1_N2	0.00652791803734	1	404	T	C
N1_N2	0.00675648188939	2	80	T	C
N1_N2	0.00692395336774	2	167	C	T
N1_N2	0.00698383911981	1	2	G	A
N1_N2	0.00733168726967	2	208	A	G
N1_N2	0.00755086854085	2	476	T	G
N1_N2	0.00764102349384	1	377	C	T
N1_N2	0.00781325464027	1	251	T	A
N1_N2	0.00792767370066	2	413	G	A
N1_N2	0.0084328654073	1	326	T	C
N1_N2	0.0086142861867	2	284	T	C
N1_N2	0.00918739087036	1	203	T	G
N1_N2	0.00938824220379	2	50	C	T
N1_N2	0.0100605591625	2	104	T	C
N1_N2	0.0103235104754	2	413	A	G
N1_N2	0.0104623971179	1	344	T	C
N1_N2	0.0107777827474	2	404	T	C
N1_N2	0.0108232116031	1	0	C	T
N1_N2	0.0110325354072	2	62	T	C
N1_N2	0.0111805816183	2	134	T	C
N1_N2	0.0113050945587	1	458	G	A
N1_N2	0.0113098331953	2	125	C	T
N1_N2	0.0114313830195	1	113	C	T
N1_N2	0.011545221243	1	377	T	A
N1_N2	0.0121933561801	1	434	A	T
N1_N2	0.0126976093519	2	236	A	G
N1_N2	0.0129218114421	2	122	C	T
N1_N2	0.013024237661	2	185	C	T
N1_N2	0.0130415926241	2	170	T	C
N1_N2	0.0130480918991	2	386	C	T
N1_N2	0.01338353475	2	128	T	G
N1_N2	0.013400232305	1	188	G	A
N1_N2	0.0134749523091	1	212	C	T
N1_N2	0.0136598412641	2	131	C	G
N1_N2	0.01366026856	1	26	T	C
N1_N2	0.0140624800974	1	482	G	A
N1_N2	0.0140863094526	2	173	C	T
N1_N2	0.0140891520073	1	350	T	C
N1_N2	0.014290272098	2	449	A	G
N1_N2	0.0144360365276	2	380	G	A
N1_N2	0.014580943257	1	110	C	T
N1_N2	0.014848941877	1	179	T	C
N1_N2	0.0157044187394	2	81	A	G
N1_N2	0.0157599377458	2	89	T	C
N2_bayanus	8.67752387679e-05	1	269	C	T
N2_bayanus	0.000264127276117	1	347	G	A
N2_bayanus	0.000529861117787	2	113	C	T
N2_bayanus	0.000621860833062	2	185	T	C
N2_bayanus	0.000668490508357	1	341	C	T
N2_bayanus	0.000728656835182	1	17	T	C
N2_bayanus	0.000741561619873	1	480	T	A
N2_bayanus	0.000784711860061	2	455	A	G
N2_bayanus	0.00116195940471	2	440	C	T
N2_bayanus	0.00128327293265	2	35	C	T
N2_bayanus	0.00185719703278	2	60	G	A
N2_N3	0.000406849474859	2	293	C	T
N2_N3	0.000507967741133	2	485	T	C
N2_N3	0.000635455609402	2	227	C	T
N2_N3	0.000854686068533	2	26	T	C
N3_kudriavzevii	9.52782320784e-05	1	249	C	T
N3_kudriavzevii	0.000187483396666	2	20	A	G
N3_kudriavzevii	0.000256228639368	1	5	T	C
N3_kudriavzevii	0.000257759976221	1	230	A	C
N3_kudriavzevii	0.000382094789735	2	263	C	T
N3_kudriavzevii	0.000551250189173	1	134	T	C
N3_kudriavzevii	0.00057075432809	2	258	A	G
N3_kudriavzevii	0.000680791352957	2	128	G	C
N3_kudriavzevii	0.000729664696753	1	373	G	A
N3_kudriavzevii	0.00083492898132	1	281	G	A
N3_kudriavzevii	0.000886241097297	1	158	C	T
N3_kudriavzevii	0.00110095476894	1	194	T	C
N3_kudriavzevii	0.00129563314937	1	149	G	A
N3_kudriavzevii	0.00228897373688	1	17	T	C
N3_kudriavzevii	0.0025712542968	2	62	C	T
N3_kudriavzevii	0.0027269496059	2	38	G	A
N3_kudriavzevii	0.00279361911468	2	38	A	G
N3_kudriavzevii	0.00280222632321	1	23	C	T
N3_kudriavzevii	0.00287384275303	1	398	G	A
N3_kudriavzevii	0.00292925814227	2	326	T	C
N3_kudriavzevii	0.00301545155157	1	372	A	G
N3_kudriavzevii	0.0033311222611	2	296	G	A
N3_kudriavzevii	0.00369291047316	1	472	C	T
N3_kudriavzevii	0.00388655722961	1	383	A	C
N3_kudriavzevii	0.00476049426932	2	216	A	G
N3_kudriavzevii	0.0047780557384	2	286	T	C
N3_kudriavzevii	0.0049763075925	2	341	C	T
N3_kudriavzevii	0.00499913458028	1	377	A	C
N3_kudriavzevii	0.0050042445384	2	287	T	C
N3_kudriavzevii	0.00509961572652	2	236	G	A
N3_kudriavzevii	0.00534642577199	1	257	C	T
N3_N4	1.47868987526e-05	1	176	T	C
N3_N4	0.000181734447402	2	269	C	T
N3_N4	0.00077276557198	2	416	C	T
N3_N4	0.000779851688232	2	260	C	T
N3_N4	0.000832160209724	1	431	G	A
N3_N4	0.000887621225654	1	326	C	T
N3_N4	0.00139104467086	1	320	C	T
N3_N4	0.00157935085286	1	200	A	G
N3_N4	0.00168586001064	1	281	G	A
N3_N4	0.00177301635398	1	191	A	G
N3_N4	0.00213934323091	1	476	T	C
N4_mikatae	0.000223498336613	1	422	T	C
N4_mikatae	0.000293224237065	1	122	C	G
N4_mikatae	0.000442982082667	2	272	T	C
N4_mikatae	0.000507745803553	1	182	A	G
N4_mikatae	0.000903516681759	2	23	C	T
N4_mikatae	0.0011211036759	2	218	T	C
N4_mikatae	0.00126182897248	2	113	C	T
N4_mikatae	0.0020983828859	2	41	A	G
N4_mikatae	0.00228581581187	2	125	T	C
N4_mikatae	0.00229907967249	1	212	T	C
N4_mikatae	0.00277050707987	2	272	C	T
N4_mikatae	0.00280973629503	1	59	G	A
N4_mikatae	0.0031396113084	2	280	T	C
N4_mikatae	0.00385320150921	1	101	T	C
N4_mikatae	0.00385723667664	1	248	A	G
N4_mikatae	0.00401730757179	1	302	A	G
N4_mikatae	0.00413309329364	2	56	T	C
N4_mikatae	0.00416528175291	1	59	A	C
N4_N5	0.000248343012269	2	422	T	C
N4_N5	0.000365258036019	1	296	G	A
N4_N5	0.000662121547873	1	270	C	T
N4_N5	0.00154536001892	2	48	A	G
N5_paradoxus	3.66914937733e-05	2	212	C	T
N5_paradoxus	9.20226365724e-05	2	444	G	A
N5_paradoxus	0.000138424314504	2	77	C	T
N5_paradoxus	0.000248537097518	1	239	T	C
N5_paradoxus	0.000819586987283	1	324	G	A
N5_paradoxus	0.00155568363223	1	113	T	C
N5_cerevisiae	5.29707840304e-05	1	398	G	A
N5_cerevisiae	0.000128295183595	2	92	T	C
N5_cerevisiae	0.000165359464038	2	152	T	C
N5_cerevisiae	0.000641412212637	1	173	C	T
N5_cerevisiae	0.000688698813965	1	168	G	T
N5_cerevisiae	0.00113580622368	2	32	A	G
N5_cerevisiae	0.00204625270857	1	428	G	A
N5_cerevisiae	0.00262978060434	2	104	C	T
N5_cerevisiae	0.00284564200774	1	302	A	G
N5_cerevisiae	0.00335449525301	2	113	C	T
N5_cerevisiae	0.00344488686268	2	32	G	A
N5_cerevisiae	0.00345951774596	1	341	C	T
N5_cerevisiae	0.00355400643435	1	479	T	C
N5_cerevisiae	0.00358338177523	2	59	G	A
N5_cerevisiae	0.00362288063987	2	233	T	A
N5_cerevisiae	0.00382893542048	1	123	G	A
N5_cerevisiae	0.00384326397445	1	50	C	T
N5_cerevisiae	0.00402698005438	2	371	A	G
N5_cerevisiae	0.00409529006552	1	464	C	T
