edge	time	orlg_from	orlg_to	tract_length	start_pos	stop_pos	num_diff	template_seq	overide_seq
D1_N1	4.64593400257e-05	2	1	19	4	22	0	AATAATACCATGCCGGTTT	AATAATACCATGCCGGTTT
D1_N1	6.08499017772e-05	2	1	4	411	414	0	ATTC	ATTC
D1_N1	0.000135938145229	1	2	9	878	886	0	CGGCCAGTG	CGGCCAGTG
D1_N1	0.000170908984092	2	1	3	495	497	0	CCG	CCG
D1_N1	0.000200670816799	2	1	7	839	845	0	GCATCAT	GCATCAT
D1_N1	0.000212424156876	2	1	2	154	155	0	GG	GG
D1_N1	0.00021243274713	2	1	2	648	649	0	CT	CT
D1_N1	0.0002309977719	2	1	1	379	379	0	G	G
D1_N1	0.000239931745632	1	2	4	269	272	0	TATT	TATT
D1_N1	0.000308880498679	2	1	5	103	107	0	TTATC	TTATC
D1_N1	0.000354121363011	2	1	17	154	170	0	GGCCTAGTTACAAACAT	GGCCTAGTTACAAACAT
D1_N1	0.000396923667441	1	2	1	372	372	0	A	A
D1_N1	0.000410561864442	2	1	6	404	409	0	TAAACC	TAAACC
D1_N1	0.000496219223148	2	1	11	244	254	0	GACTGCAACTT	GACTGCAACTT
D1_N1	0.00050683591453	2	1	7	439	445	0	AACTTAC	AACTTAC
D1_N1	0.000590341328929	2	1	6	899	904	0	TCACTA	TCACTA
D1_N1	0.000664002776393	1	2	1	290	290	0	G	G
D1_N1	0.000743640194986	2	1	2	149	150	0	TA	TA
D1_N1	0.00075762373219	2	1	3	825	827	0	TCT	TCT
D1_N1	0.000783731973049	1	2	1	171	171	0	C	C
D1_N1	0.00079039520186	2	1	6	114	119	0	TATCTT	TATCTT
D1_N1	0.000793791971486	1	2	8	227	234	0	ATAATAGC	ATAATAGC
D1_N1	0.000843699696141	2	1	3	194	196	0	TGA	TGA
D1_N1	0.000890864344195	1	2	7	121	127	0	TAGGAAG	TAGGAAG
D1_N1	0.000903817878461	2	1	17	197	213	0	TACCGTGCCGTCACTAT	TACCGTGCCGTCACTAT
N1_castellii	2.57483525889e-05	2	1	4	552	555	0	AGAG	AGAG
N1_castellii	4.37339301188e-05	1	2	3	419	421	0	CGT	CGT
N1_castellii	8.96223314857e-05	2	1	9	791	799	0	CCTAATGTA	CCTAATGTA
N1_castellii	0.000248670649642	1	2	1	928	928	0	T	T
N1_castellii	0.000257458490263	1	2	7	471	477	0	GCTTAAA	GCTTAAA
N1_castellii	0.000389242895377	2	1	2	104	105	0	TA	TA
N1_castellii	0.000437309346253	2	1	16	206	221	0	GTCACTATGCTGCTAA	GTCACTATGCTGCTAA
N1_castellii	0.000465258877976	1	2	2	202	203	0	TG	TG
N1_castellii	0.000473574718047	2	1	11	346	356	0	GGCACTTATAG	GGCACTTATAG
N1_castellii	0.000501647194597	1	2	11	52	62	0	AATTGCTATAC	AATTGCTATAC
N1_castellii	0.000523442748462	1	2	4	15	18	0	GCCG	GCCG
N1_castellii	0.000530537710401	2	1	1	338	338	0	G	G
N1_castellii	0.000578822545528	2	1	6	887	892	0	GCGTCT	GCGTCT
N1_castellii	0.000688177581797	2	1	2	745	746	0	CC	CC
N1_castellii	0.000738643687478	2	1	4	683	686	0	AAGG	AAGG
N1_castellii	0.000770806319119	2	1	3	220	222	0	AAG	AAG
N1_castellii	0.000774476500283	1	2	2	867	868	0	TA	TA
N1_castellii	0.000839983539988	1	2	3	677	679	0	CCC	CCC
N1_castellii	0.00103063503002	1	2	9	76	84	0	TAAAGTTCT	TAAAGTTCT
N1_castellii	0.00104204011853	1	2	9	529	537	0	CCCACTCTT	CCCACTCTT
N1_castellii	0.00110937465175	1	2	10	256	265	0	CAGTGACCGC	CAGTGACCGC
N1_castellii	0.00115665205609	1	2	2	332	333	0	TT	TT
N1_castellii	0.00118633048748	1	2	2	186	187	0	AT	AT
N1_castellii	0.00126410047839	2	1	2	404	405	0	TA	TA
N1_castellii	0.00128637971894	2	1	3	243	245	0	CGA	CGA
N1_castellii	0.0014495450706	2	1	2	276	277	0	TA	TA
N1_castellii	0.00151294549135	2	1	4	420	423	0	GTCC	GTCC
N1_castellii	0.00156097848498	1	2	7	271	277	0	TTATCTA	TTATCTA
N1_castellii	0.00174140909785	2	1	11	283	293	0	TTAGCAAGTTG	TTAGCAAGTTG
N1_castellii	0.00176700359787	1	2	13	365	377	0	TAGGTAGATCGAT	TAGGTAGATCGAT
N1_castellii	0.00178548928517	2	1	2	818	819	0	AA	AA
N1_castellii	0.00207258668623	1	2	1	493	493	0	T	T
N1_castellii	0.00220032982295	1	2	5	205	209	0	CGTCA	CGTCA
N1_castellii	0.00232533118808	1	2	4	429	432	0	ATAT	ATAT
N1_castellii	0.00246633051511	2	1	17	0	16	1	TGTCAGTAATACCATGC	TGTCAATAATACCATGC
N1_castellii	0.00258482923226	2	1	9	15	23	0	GCCGGTTTC	GCCGGTTTC
N1_castellii	0.00259516837199	1	2	7	295	301	0	ACCCCAG	ACCCCAG
N1_castellii	0.00263555225914	2	1	6	912	917	0	TCAGGG	TCAGGG
N1_castellii	0.00264712204309	2	1	3	525	527	0	CGC	CGC
N1_castellii	0.00266048688946	1	2	2	381	382	0	TC	TC
N1_castellii	0.00272631404529	1	2	2	86	87	0	CG	CG
N1_castellii	0.00280218715016	1	2	1	646	646	0	C	C
N1_castellii	0.00280749566089	1	2	4	112	115	0	TATA	TATA
N1_castellii	0.00283913144722	1	2	10	0	9	0	TGTCAGTAAT	TGTCAGTAAT
N1_castellii	0.00288759122044	1	2	1	291	291	0	T	T
N1_castellii	0.00293885436447	1	2	1	755	755	0	T	T
N1_castellii	0.00303111500493	2	1	4	360	363	0	AATG	AATG
N1_castellii	0.00305344989163	1	2	8	870	877	1	AGGATTAG	AGGATTGG
N1_castellii	0.00313408146638	1	2	5	502	506	0	ATTTA	ATTTA
N1_castellii	0.00314034597553	1	2	3	576	578	1	TTC	GTC
N1_castellii	0.00315097103251	2	1	3	51	53	0	TAA	TAA
N1_castellii	0.00317212636939	1	2	7	297	303	0	CCCAGTA	CCCAGTA
N1_castellii	0.00319462411835	1	2	5	40	44	0	ATGGT	ATGGT
N1_castellii	0.00336985345464	1	2	3	328	330	0	TAA	TAA
N1_castellii	0.0033925009929	1	2	3	928	930	0	TCT	TCT
N1_castellii	0.00341108723527	2	1	8	668	675	0	CATCACGG	CATCACGG
N1_castellii	0.00345626068527	1	2	2	234	235	0	CG	CG
N1_castellii	0.0035311516864	1	2	3	521	523	0	AGT	AGT
N1_castellii	0.00359152751134	1	2	5	311	315	0	CATCT	CATCT
N1_castellii	0.00365560970685	1	2	1	924	924	0	A	A
N1_castellii	0.00371191648189	2	1	8	832	839	1	TCACGAAG	TCACGGAG
N1_castellii	0.00373661450923	2	1	1	776	776	0	C	C
N1_castellii	0.00378289093168	1	2	10	673	682	2	CGGCCTCCCG	CGGCCCCCAG
N1_castellii	0.0038021050636	2	1	1	404	404	0	T	T
N1_castellii	0.00383014202076	1	2	1	861	861	0	T	T
N1_castellii	0.00389586516005	2	1	4	82	85	0	TCTG	TCTG
N1_castellii	0.00391686666157	2	1	2	155	156	0	GC	GC
N1_castellii	0.00400646130298	1	2	4	654	657	0	AATG	AATG
N1_castellii	0.00403350183993	2	1	2	384	385	0	TA	TA
N1_castellii	0.00404723792753	1	2	1	609	609	0	T	T
N1_castellii	0.00406984689651	1	2	7	939	945	0	CTGTTAA	CTGTTAA
N1_castellii	0.00408666796718	1	2	1	365	365	0	T	T
N1_castellii	0.00411936155391	2	1	7	394	400	0	ATTCGTG	ATTCGTG
N1_castellii	0.0041267475851	2	1	1	578	578	0	C	C
N1_castellii	0.00414210872568	2	1	13	152	164	0	TTGGCCTAGTTAC	TTGGCCTAGTTAC
N1_castellii	0.00414436659186	2	1	2	138	139	0	TT	TT
N1_castellii	0.00415909823651	2	1	31	424	454	0	AGGTCATATATCAGAAACTTACGTGAACCGC	AGGTCATATATCAGAAACTTACGTGAACCGC
N1_castellii	0.00416119312351	2	1	7	135	141	0	CACTTCT	CACTTCT
N1_castellii	0.00420788059592	2	1	1	680	680	0	C	C
N1_castellii	0.00424101141904	2	1	9	819	827	0	AGATTCTCT	AGATTCTCT
N1_castellii	0.00431131702785	1	2	16	56	71	0	GCTATACCGTTATGAG	GCTATACCGTTATGAG
N1_castellii	0.00431981558674	2	1	4	252	255	0	CTTT	CTTT
N1_castellii	0.00432319620374	2	1	1	695	695	0	A	A
N1_castellii	0.00434465952073	1	2	6	809	814	0	GTTTTT	GTTTTT
N1_castellii	0.0043744379242	2	1	3	513	515	1	CAT	TAT
N1_castellii	0.00437611836405	1	2	9	662	670	0	GGAAGACAT	GGAAGACAT
N1_castellii	0.00438505262723	1	2	7	391	397	0	ACGATTC	ACGATTC
N1_castellii	0.00442459315579	2	1	5	279	283	0	ACATT	ACATT
N1_castellii	0.0044758491822	2	1	5	926	930	0	GTTCT	GTTCT
N1_castellii	0.00457316028767	1	2	3	480	482	0	TTC	TTC
N1_castellii	0.0045969054828	1	2	4	418	421	0	CCGT	CCGT
N1_castellii	0.00461493063079	1	2	3	281	283	0	ATT	ATT
N1_castellii	0.00462409872427	2	1	1	43	43	0	G	G
N1_castellii	0.00466590527334	2	1	14	542	555	0	GTGGTAAGGTAGAG	GTGGTAAGGTAGAG
N1_castellii	0.00468094691342	2	1	16	503	518	0	TTTAAAGGTACATTCA	TTTAAAGGTACATTCA
N1_castellii	0.00471387147556	1	2	4	264	267	0	GCCT	GCCT
N1_castellii	0.00471912600154	1	2	9	325	333	0	TATTAATTT	TATTAATTT
N1_castellii	0.00474580916906	2	1	1	124	124	0	G	G
N1_castellii	0.00477109110143	1	2	10	376	385	0	ATTGCTCGTA	ATTGCTCGTA
N1_castellii	0.00483995907848	2	1	3	851	853	0	TGA	TGA
N1_castellii	0.00485346956601	2	1	7	699	705	0	TGAAGAT	TGAAGAT
N1_castellii	0.00486308996297	2	1	1	498	498	0	T	T
N1_castellii	0.00487487877948	2	1	4	331	334	0	TTTA	TTTA
N1_castellii	0.00499291987077	2	1	9	431	439	0	ATATCAGAA	ATATCAGAA
N1_castellii	0.00500609209932	2	1	12	680	691	1	CCGAAGGTTTTC	CCGAAGGTTTAC
N1_castellii	0.00503099068056	1	2	1	342	342	0	G	G
N1_castellii	0.00506854345763	2	1	6	535	540	0	CTTGGA	CTTGGA
N1_castellii	0.0050775940661	1	2	8	904	911	0	ATTCGGCT	ATTCGGCT
N1_castellii	0.00513940950639	2	1	16	330	345	0	ATTTAAATGCTGGCAC	ATTTAAATGCTGGCAC
N1_castellii	0.00517583736617	2	1	12	560	571	1	ATTTGATGGTTT	ATTTGATGGTCT
N1_castellii	0.00520607679401	1	2	1	98	98	0	A	A
N1_castellii	0.00524247986095	1	2	2	545	546	0	GT	GT
N1_castellii	0.0053106242254	1	2	23	747	769	3	AGTAATCTTACTGACTCATCATC	GGTAATTTTACTGACTTATCATC
N1_castellii	0.00531794758141	1	2	4	500	503	0	TTAT	TTAT
N1_castellii	0.0053292921358	1	2	12	380	391	0	CTCGTAGCGCAA	CTCGTAGCGCAA
N1_castellii	0.00534607645545	2	1	3	107	109	0	CTA	CTA
N1_castellii	0.00535733508902	2	1	4	423	426	0	CAGG	CAGG
N1_castellii	0.00548771467344	2	1	1	945	945	0	A	A
N1_castellii	0.00562968421498	1	2	1	185	185	0	C	C
N1_castellii	0.00577836526255	1	2	4	230	233	0	ATAG	ATAG
N1_castellii	0.00578165229939	2	1	13	447	459	0	TGAACCGCCAATT	TGAACCGCCAATT
N1_castellii	0.00579389512992	1	2	6	919	924	0	CCTTAA	CCTTAA
N1_castellii	0.0058522455756	1	2	1	280	280	0	C	C
N1_castellii	0.00587089565171	1	2	1	17	17	0	C	C
N1_castellii	0.00595187315033	2	1	2	499	500	0	CT	CT
N1_castellii	0.00601481497763	1	2	5	698	702	0	GTGAA	GTGAA
N1_castellii	0.00603115564026	1	2	1	523	523	0	T	T
N1_castellii	0.00604730281581	1	2	14	711	724	2	CCACCCTAAACAAA	CCATCCCAAACAAA
N1_castellii	0.00609496894489	1	2	17	285	301	0	AGCAAGTTGAACCCCAG	AGCAAGTTGAACCCCAG
N1_castellii	0.00611844474355	1	2	11	686	696	0	GTTTTCCATAC	GTTTTCCATAC
N1_castellii	0.00614888338287	1	2	2	45	46	0	TA	TA
N1_castellii	0.00615322003531	1	2	2	213	214	0	TG	TG
N1_castellii	0.0062487063769	1	2	1	258	258	0	G	G
N1_castellii	0.00641750655523	1	2	1	926	926	0	G	G
N1_castellii	0.00655106500233	2	1	3	602	604	0	CCG	CCG
N1_castellii	0.00658738722511	1	2	10	919	928	0	CCTTAAGGTT	CCTTAAGGTT
N1_castellii	0.0065945393165	2	1	18	222	239	0	GTTTGATAATAGCGTCGG	GTTTGATAATAGCGTCGG
N1_castellii	0.00677210488193	2	1	3	915	917	1	GGG	GAG
N1_N2	1.48121874969e-05	1	2	3	885	887	0	TGG	TGG
N1_N2	1.54864223104e-05	1	2	2	591	592	0	GA	GA
N1_N2	2.01339165747e-05	1	2	6	538	543	0	GGAAGT	GGAAGT
N1_N2	4.48616339344e-05	2	1	1	667	667	0	A	A
N1_N2	0.000108657457954	1	2	7	800	806	0	CAAGATG	CAAGATG
N1_N2	0.000152525482142	2	1	5	168	172	0	CATCC	CATCC
N1_N2	0.000161191243901	1	2	3	819	821	0	AGA	AGA
N1_N2	0.000186164901428	1	2	1	230	230	0	A	A
N1_N2	0.000277048487631	1	2	3	655	657	0	ATG	ATG
N1_N2	0.000281791390707	1	2	5	706	710	0	AGTTC	AGTTC
N1_N2	0.000293350212741	1	2	6	199	204	0	CCGTGC	CCGTGC
N1_N2	0.000312923512117	2	1	5	586	590	0	TCAAA	TCAAA
N1_N2	0.000317665272405	2	1	9	823	831	0	TCTCTAACC	TCTCTAACC
N1_N2	0.000338916137685	2	1	5	871	875	0	GGATT	GGATT
N1_N2	0.00037578809076	1	2	3	196	198	0	ATA	ATA
N1_N2	0.000416824661747	1	2	1	704	704	0	A	A
N1_N2	0.000423829630206	2	1	7	835	841	0	CGAAGCA	CGAAGCA
N1_N2	0.00060204568347	1	2	4	703	706	0	GATA	GATA
N1_N2	0.000806840425441	2	1	1	410	410	0	T	T
N1_N2	0.000919618905465	2	1	9	535	543	0	CTTGGAAGT	CTTGGAAGT
N1_N2	0.000927382462733	2	1	1	600	600	0	T	T
N1_N2	0.000974806585169	2	1	1	16	16	0	C	C
N1_N2	0.000975631442162	2	1	7	179	185	0	CTTAAGC	CTTAAGC
N1_N2	0.000986858621288	1	2	2	269	270	0	TA	TA
N1_N2	0.00101368176672	1	2	4	618	621	0	TTAG	TTAG
N1_N2	0.00106882308194	2	1	5	563	567	0	TGATG	TGATG
N1_N2	0.00108186312522	2	1	2	777	778	0	TT	TT
N1_N2	0.00112294862888	2	1	15	563	577	0	TGATGGTCTCGGTTT	TGATGGTCTCGGTTT
N1_N2	0.00112296558405	2	1	14	484	497	1	TCCAGTGTCTTCCG	TCCAGTATCTTCCG
N1_N2	0.0011453399002	2	1	8	795	802	0	ATGTACAA	ATGTACAA
N1_N2	0.00115506128397	1	2	4	404	407	0	TAAA	TAAA
N1_N2	0.00124763254096	2	1	4	750	753	1	AATT	AATC
N1_N2	0.00130707579698	2	1	2	603	604	0	CG	CG
N1_N2	0.0014200817633	1	2	2	841	842	0	AT	AT
N1_N2	0.00148943498867	2	1	5	134	138	0	CCACT	CCACT
N1_N2	0.00155592174343	1	2	6	485	490	0	CCAGTG	CCAGTG
N1_N2	0.00159876231677	1	2	14	552	565	0	AGAGCTATATTTGA	AGAGCTATATTTGA
N1_N2	0.00160366235603	2	1	4	443	446	0	TACG	TACG
N1_N2	0.00164891233972	2	1	2	420	421	0	GT	GT
N1_N2	0.00166391659262	2	1	4	614	617	0	CCCC	CCCC
N1_N2	0.00170279399672	1	2	1	482	482	0	C	C
N1_N2	0.00173141698919	1	2	3	555	557	0	GCT	GCT
N1_N2	0.0017369954774	2	1	9	786	794	0	GAGGTCCTA	GAGGTCCTA
N1_N2	0.00183086692204	2	1	4	627	630	1	TATT	CATT
N1_N2	0.00186224734958	1	2	2	857	858	0	AG	AG
N1_N2	0.001879823286	2	1	2	299	300	0	CA	CA
N1_N2	0.00190125236373	1	2	7	730	736	0	CCATCTT	CCATCTT
N1_N2	0.00195374564117	1	2	9	205	213	0	CGTCACTAT	CGTCACTAT
N1_N2	0.00210261131195	1	2	3	309	311	0	TTC	TTC
N1_N2	0.00211163477065	2	1	5	492	496	0	CTTCC	CTTCC
N1_N2	0.0021426287707	2	1	2	550	551	0	GT	GT
N1_N2	0.0021895344674	2	1	2	270	271	0	AT	AT
N1_N2	0.00218970331822	2	1	5	138	142	0	TTCTT	TTCTT
N1_N2	0.00221390514228	2	1	4	896	899	0	TCAT	TCAT
N1_N2	0.00223050534532	2	1	1	775	775	0	A	A
N1_N2	0.00224905330056	2	1	1	366	366	0	A	A
N1_N2	0.00226502064064	2	1	2	334	335	0	AA	AA
N1_N2	0.00227396679327	1	2	6	348	353	0	CACTTA	CACTTA
N1_N2	0.00230518479161	1	2	1	735	735	0	T	T
N1_N2	0.00241729070075	1	2	1	929	929	0	C	C
N1_N2	0.00243728815524	2	1	10	324	333	0	TTATTAATTT	TTATTAATTT
N1_N2	0.00248186206732	2	1	1	374	374	0	C	C
N1_N2	0.00249645938829	1	2	3	150	152	0	ATT	ATT
N1_N2	0.00253680293324	1	2	27	188	214	0	TAATGGTGATACCGTGCCGTCACTATG	TAATGGTGATACCGTGCCGTCACTATG
N1_N2	0.00253820955511	2	1	9	308	316	0	ATTCATCTT	ATTCATCTT
N1_N2	0.00261960593161	1	2	1	184	184	0	G	G
N1_N2	0.00263518807319	1	2	1	95	95	0	A	A
N1_N2	0.0026667698361	1	2	1	679	679	0	C	C
N1_N2	0.00279219737611	2	1	3	487	489	0	AGT	AGT
N1_N2	0.00280411128414	2	1	6	799	804	0	ACAAGA	ACAAGA
N1_N2	0.00281752809904	2	1	1	65	65	0	T	T
N1_N2	0.00293999511309	1	2	5	869	873	1	GAGGA	GGGGA
N1_N2	0.00300376443378	1	2	12	238	249	0	GGCATCGACTGC	GGCATCGACTGC
N1_N2	0.00302228668695	2	1	11	373	383	0	TCGATTGCTCG	TCGATTGCTCG
N1_N2	0.00303433760293	2	1	4	940	943	0	TGTT	TGTT
N1_N2	0.00308382767156	1	2	2	551	552	0	TA	TA
N1_N2	0.00313927048704	2	1	3	371	373	0	GAT	GAT
N1_N2	0.00317104792422	2	1	8	242	249	0	TCGACTGC	TCGACTGC
N1_N2	0.00323353118558	1	2	2	622	623	0	TT	TT
N1_N2	0.00328546769583	2	1	1	577	577	0	T	T
N1_N2	0.00343758117484	1	2	5	654	658	0	AATGC	AATGC
N1_N2	0.00350879483125	2	1	1	577	577	0	T	T
N1_N2	0.00381517373014	1	2	3	319	321	1	ATA	ACA
N1_N2	0.00384023420838	2	1	3	585	587	0	ATC	ATC
N1_N2	0.00391781037188	1	2	1	368	368	0	G	G
N1_N2	0.00392352422148	2	1	11	673	683	0	CGGCCCCCAGA	CGGCCCCCAGA
N1_N2	0.00394872925985	2	1	3	214	216	0	GCT	GCT
N1_N2	0.00398207559015	2	1	3	879	881	1	AGC	GGC
N1_N2	0.00399110788774	2	1	1	619	619	0	T	T
N1_N2	0.00400214382403	2	1	3	1	3	0	GTC	GTC
N1_N2	0.00403012036202	1	2	2	860	861	0	GT	GT
N1_N2	0.0040312556397	2	1	1	444	444	0	A	A
N1_N2	0.00405004180487	2	1	1	108	108	0	T	T
N1_N2	0.00407269629434	2	1	4	248	251	0	GCAA	GCAA
N1_N2	0.00408994419819	1	2	1	755	755	0	T	T
N1_N2	0.00409005103074	2	1	2	935	936	1	GC	GT
N1_N2	0.00411534100071	2	1	7	621	627	0	GTTGATT	GTTGATT
N1_N2	0.00417622097222	1	2	4	278	281	0	AACA	AACA
N1_N2	0.00418710350779	2	1	4	435	438	0	CAGA	CAGA
N1_N2	0.00421120429177	1	2	2	517	518	0	CA	CA
N1_N2	0.00428329355918	2	1	3	552	554	0	AGA	AGA
N1_N2	0.00428699307667	2	1	6	576	581	0	TTCTTT	TTCTTT
N1_N2	0.0043301378118	1	2	4	235	238	0	GTCG	GTCG
N1_N2	0.00436355678976	1	2	2	708	709	0	TT	TT
N1_N2	0.00442935402521	1	2	1	192	192	0	G	G
N1_N2	0.00443705685019	1	2	3	627	629	0	TAT	TAT
N1_N2	0.00471441092616	2	1	4	26	29	0	ATCA	ATCA
N1_N2	0.00479974724239	1	2	2	909	910	0	GC	GC
N1_N2	0.00482305670572	1	2	3	186	188	0	ATT	ATT
N1_N2	0.00485491815755	1	2	3	844	846	0	ATC	ATC
N1_N2	0.00485838093887	2	1	1	295	295	0	A	A
N1_N2	0.00487493010827	2	1	1	107	107	0	C	C
N1_N2	0.00488833716755	2	1	5	330	334	0	ATTTA	ATTTA
N1_N2	0.00489651589447	1	2	4	568	571	0	GTCT	GTCT
N1_N2	0.00492791269708	1	2	2	455	456	0	CA	CA
N1_N2	0.00494369129953	1	2	10	413	422	0	TCCAACCGTC	TCCAACCGTC
N1_N2	0.00496898913751	2	1	11	910	920	0	CTTCAGGGTCC	CTTCAGGGTCC
N1_N2	0.00503713138319	2	1	1	668	668	0	C	C
N1_N2	0.00504400600591	1	2	9	704	712	0	ATAGTTCCC	ATAGTTCCC
N1_N2	0.00508336993505	2	1	3	229	231	0	AAT	AAT
N1_N2	0.00513652111262	1	2	9	344	352	0	ACGGCACTT	ACGGCACTT
N1_N2	0.0052200519721	2	1	1	770	770	0	G	G
N1_N2	0.00543178292368	2	1	5	249	253	0	CAACT	CAACT
N1_N2	0.00544118643267	1	2	4	38	41	0	CTAT	CTAT
N1_N2	0.00547168082711	1	2	1	921	921	1	C	T
N1_N2	0.00549993653836	2	1	5	53	57	0	ATTGC	ATTGC
N1_N2	0.00551176560381	2	1	3	311	313	0	CAT	CAT
N1_N2	0.00556949958489	2	1	15	636	650	1	CCATACCAGCCACTA	TCATACCAGCCACTA
N1_N2	0.0055756387273	2	1	2	101	102	0	CG	CG
N1_N2	0.00563621164988	1	2	7	317	323	0	GGATACA	GGATACA
N1_N2	0.00584543309693	1	2	18	55	72	0	TGCTATACCGTTATGAGC	TGCTATACCGTTATGAGC
N1_N2	0.0058564844939	1	2	1	9	9	0	T	T
N1_N2	0.00588767496584	2	1	8	420	427	0	GTCCAGGT	GTCCAGGT
N1_N2	0.00589351007036	1	2	4	872	875	0	GATT	GATT
N1_N2	0.00589463530521	2	1	11	324	334	0	TTATTAATTTA	TTATTAATTTA
N1_N2	0.00598792553461	1	2	9	431	439	0	ATATCAGAA	ATATCAGAA
N1_N2	0.00600826733695	2	1	10	563	572	1	TGATGGTCTC	TGATGGTTTC
N1_N2	0.0060738772651	1	2	5	327	331	0	TTAAT	TTAAT
N1_N2	0.00614067859527	1	2	5	246	250	0	CTGCA	CTGCA
N1_N2	0.00614761476211	1	2	2	319	320	0	AT	AT
N1_N2	0.00614799707802	2	1	5	507	511	1	AAGGT	AAGGC
N1_N2	0.00615682076129	2	1	3	134	136	0	CCA	CCA
N1_N2	0.00616178206645	1	2	4	868	871	0	AGAG	AGAG
N1_N2	0.00616684873679	2	1	11	879	889	2	GGCCAGCGGCG	AGCCAGTGGCG
N1_N2	0.00617696108511	1	2	4	510	513	0	GTAC	GTAC
N1_N2	0.0061869031955	2	1	1	709	709	0	T	T
N1_N2	0.00630591462743	1	2	1	721	721	0	C	C
N1_N2	0.00633134188004	2	1	2	174	175	0	CT	CT
N1_N2	0.0063489634532	2	1	11	690	700	1	TCCATACCGTG	CCCATACCGTG
N1_N2	0.00652338847203	1	2	10	832	841	0	TCACGAAGCA	TCACGAAGCA
N1_N2	0.00657191011096	2	1	7	233	239	0	GCGTCGG	GCGTCGG
N1_N2	0.00657610794141	2	1	1	351	351	0	T	T
N1_N2	0.0066169685266	2	1	3	711	713	0	CCA	CCA
N1_N2	0.00663168681516	1	2	1	919	919	0	C	C
N1_N2	0.0066363734661	1	2	3	736	738	0	TTA	TTA
N1_N2	0.00666608497665	2	1	4	745	748	0	CCAG	CCAG
N1_N2	0.00667232419077	1	2	2	0	1	0	TG	TG
N1_N2	0.00667331531212	1	2	3	941	943	0	GTT	GTT
N1_N2	0.00670064589303	1	2	1	928	928	0	T	T
N1_N2	0.00680305800248	1	2	3	734	736	0	CTT	CTT
N1_N2	0.00681331546722	2	1	9	442	450	1	CTACGTGAA	TTACGTGAA
N1_N2	0.00683855527645	2	1	1	932	932	0	T	T
N1_N2	0.00688379941542	1	2	12	720	731	0	ACAAATATGCCC	ACAAATATGCCC
N1_N2	0.00689421218967	1	2	4	860	863	0	GTTT	GTTT
N1_N2	0.00690513358144	2	1	3	222	224	0	GTT	GTT
N1_N2	0.00694867447595	2	1	16	418	433	0	CCGTCCAGGTCATATA	CCGTCCAGGTCATATA
N1_N2	0.00697172545431	2	1	3	820	822	0	GAT	GAT
N1_N2	0.00698767444836	1	2	14	627	640	2	CATTGCTACCCATA	TATCGCTACCCATA
N1_N2	0.00701234933599	2	1	1	4	4	0	A	A
N1_N2	0.00704091112575	1	2	2	326	327	0	AT	AT
N1_N2	0.00718407678092	1	2	8	515	522	0	TTCATGAG	TTCATGAG
N1_N2	0.00719352509711	1	2	5	648	652	1	CTACA	CTATA
N1_N2	0.0072012231889	1	2	8	814	821	0	TACTAAGA	TACTAAGA
N1_N2	0.00725046252932	1	2	3	415	417	0	CAA	CAA
N1_N2	0.0072865101041	2	1	5	497	501	0	GTCTT	GTCTT
N1_N2	0.00734351055746	2	1	4	498	501	0	TCTT	TCTT
N1_N2	0.00734408841085	1	2	1	36	36	1	C	T
N1_N2	0.00745787905915	1	2	6	244	249	0	GACTGC	GACTGC
N1_N2	0.007476011029	2	1	5	856	860	0	TAGAG	TAGAG
N1_N2	0.00748017287625	2	1	7	118	124	0	TTGTAGG	TTGTAGG
N1_N2	0.00753410448994	2	1	6	70	75	0	AGCAAG	AGCAAG
N1_N2	0.00769131447863	2	1	13	34	46	0	ATCCCTATGGTTA	ATCCCTATGGTTA
N1_N2	0.00775154743095	2	1	2	621	622	0	GT	GT
N1_N2	0.00775228879361	2	1	4	213	216	0	TGCT	TGCT
N1_N2	0.00776138502954	2	1	5	826	830	1	CTAAC	CTGAC
N1_N2	0.00791142956801	2	1	7	238	244	0	GGCATCG	GGCATCG
N1_N2	0.00796754048919	1	2	1	98	98	0	A	A
N1_N2	0.00797250486386	1	2	1	752	752	0	T	T
N1_N2	0.00799311017548	2	1	2	709	710	0	TC	TC
N1_N2	0.00804663818044	1	2	2	109	110	0	AT	AT
N1_N2	0.00809398202616	2	1	7	19	25	0	GTTTCTT	GTTTCTT
N1_N2	0.00812419180812	1	2	4	334	337	0	AAAT	AAAT
N1_N2	0.00813338203468	1	2	4	195	198	0	GATA	GATA
N1_N2	0.00815036414055	1	2	15	825	839	1	TCTAACCTCACGAAG	TCTAACTTCACGAAG
N1_N2	0.0081556727518	2	1	3	833	835	0	CAC	CAC
N1_N2	0.00820960284694	2	1	2	891	892	1	TT	CT
N1_N2	0.00824094579097	1	2	1	661	661	0	C	C
N1_N2	0.00831672936111	2	1	7	741	747	1	CTTTCCA	TTTTCCA
N1_N2	0.00839378344208	1	2	2	350	351	0	CT	CT
N1_N2	0.00844198974031	1	2	6	486	491	0	CAGTGT	CAGTGT
N1_N2	0.0084759815862	1	2	4	777	780	0	TTGT	TTGT
N1_N2	0.00857427128945	1	2	3	220	222	0	AAG	AAG
N1_N2	0.00863428874514	2	1	1	289	289	0	A	A
N1_N2	0.00863507252247	2	1	1	191	191	0	T	T
N1_N2	0.00865516817604	2	1	1	842	842	0	T	T
N2_bayanus	1.46887679175e-05	2	1	16	851	866	0	TGAAATAGAGTTTGAT	TGAAATAGAGTTTGAT
N2_bayanus	3.28859535227e-05	1	2	4	584	587	0	TATC	TATC
N2_bayanus	4.45662803665e-05	2	1	1	369	369	0	T	T
N2_bayanus	9.55254445961e-05	2	1	3	879	881	0	GGC	GGC
N2_bayanus	0.000124174684166	1	2	7	331	337	0	TTTAAAT	TTTAAAT
N2_bayanus	0.000159268316769	1	2	3	486	488	0	CAG	CAG
N2_bayanus	0.000174450279426	2	1	13	899	911	0	TCACTATTCGGCT	TCACTATTCGGCT
N2_bayanus	0.000188785091457	1	2	1	853	853	0	A	A
N2_bayanus	0.000233183887228	2	1	7	205	211	0	CGTCACT	CGTCACT
N2_bayanus	0.000250789411291	1	2	4	694	697	0	TACC	TACC
N2_bayanus	0.000253073631034	2	1	2	895	896	0	TT	TT
N2_bayanus	0.000356653218698	2	1	4	273	276	0	ATCT	ATCT
N2_bayanus	0.000358280948293	2	1	2	522	523	0	GT	GT
N2_bayanus	0.000359491662184	1	2	2	904	905	0	AT	AT
N2_bayanus	0.000518259130896	1	2	3	377	379	0	TTG	TTG
N2_bayanus	0.000537789096964	2	1	2	72	73	0	CA	CA
N2_bayanus	0.000645436165795	2	1	4	798	801	1	CACA	TACA
N2_bayanus	0.000670040298224	2	1	2	914	915	0	AG	AG
N2_bayanus	0.000753217783771	1	2	14	114	127	1	TATCTTGTACGAAG	TATCTTGTAGGAAG
N2_bayanus	0.000783756477173	1	2	6	709	714	0	TCCCAT	TCCCAT
N2_bayanus	0.000793848334482	2	1	4	12	15	0	CATG	CATG
N2_bayanus	0.00082256504742	2	1	2	776	777	0	CT	CT
N2_bayanus	0.000922430328093	1	2	3	597	599	1	CAC	TAC
N2_bayanus	0.000975019446942	1	2	5	432	436	0	TATCA	TATCA
N2_bayanus	0.00106721769976	2	1	2	259	260	0	TG	TG
N2_bayanus	0.00107048571112	1	2	1	549	549	0	G	G
N2_bayanus	0.00109928117183	2	1	7	196	202	0	ATACCGT	ATACCGT
N2_bayanus	0.00120038490469	1	2	7	460	466	0	GAAACCT	GAAACCT
N2_bayanus	0.00121459145727	2	1	3	724	726	0	ATA	ATA
N2_bayanus	0.00127459320221	1	2	1	96	96	0	G	G
N2_bayanus	0.00127578728791	1	2	5	911	915	1	TCCAG	TTCAG
N2_bayanus	0.00130365510836	1	2	2	577	578	0	TC	TC
N2_bayanus	0.00131756525518	2	1	1	616	616	0	C	C
N2_bayanus	0.0013961548371	1	2	2	880	881	0	GC	GC
N2_bayanus	0.00144770163258	1	2	5	199	203	0	CCGTG	CCGTG
N2_bayanus	0.00144940382991	2	1	12	280	291	1	CATTTAGTAAGT	CATTTAGCAAGT
N2_bayanus	0.00149764429538	2	1	3	355	357	0	AGT	AGT
N2_bayanus	0.00150738910799	1	2	8	787	794	0	AGGTCCTA	AGGTCCTA
N2_bayanus	0.00151782264873	1	2	7	134	140	0	CCACTTC	CCACTTC
N2_bayanus	0.00153330641091	2	1	13	748	760	0	GTAATTTTACTGA	GTAATTTTACTGA
N2_bayanus	0.00175657968445	1	2	2	431	432	0	AT	AT
N2_bayanus	0.00178331684099	2	1	1	885	885	1	T	C
N2_bayanus	0.00186286945241	2	1	3	625	627	0	ATC	ATC
N2_bayanus	0.00193359903858	2	1	1	505	505	0	T	T
N2_bayanus	0.00196463344686	1	2	3	834	836	0	ACG	ACG
N2_bayanus	0.00197044934232	1	2	1	430	430	0	T	T
N2_bayanus	0.00202636418981	2	1	1	205	205	0	C	C
N2_bayanus	0.00203718566038	2	1	2	486	487	0	CA	CA
N2_bayanus	0.00208765087154	2	1	5	923	927	0	AAGGT	AAGGT
N2_bayanus	0.00210599205336	2	1	4	268	271	0	ATAT	ATAT
N2_bayanus	0.00211649685094	1	2	13	639	651	0	TACCAGCCACTAC	TACCAGCCACTAC
N2_bayanus	0.00216349795966	2	1	2	799	800	0	AC	AC
N2_bayanus	0.00222457865396	1	2	8	432	439	0	TATCAGAA	TATCAGAA
N2_bayanus	0.00232033255308	2	1	1	790	790	0	T	T
N2_bayanus	0.00235585502953	1	2	3	72	74	0	CAA	CAA
N2_bayanus	0.00241416797723	1	2	5	579	583	1	TTTTC	TTTCC
N2_bayanus	0.00245657269744	1	2	1	487	487	0	A	A
N2_bayanus	0.0024642275285	2	1	11	562	572	1	TTGATGGTTTC	TTGATGGTCTC
N2_bayanus	0.00250045423162	1	2	5	689	693	1	TTCCA	TTCCG
N2_bayanus	0.00251903315929	2	1	5	908	912	0	GGCTC	GGCTC
N2_bayanus	0.00254401930341	1	2	1	159	159	0	A	A
N2_bayanus	0.00256345086082	1	2	1	753	753	0	T	T
N2_bayanus	0.00266038169467	1	2	2	328	329	0	TA	TA
N2_bayanus	0.00280954773402	2	1	3	183	185	0	AGC	AGC
N2_bayanus	0.00283645194949	2	1	1	852	852	0	G	G
N2_bayanus	0.00286479965991	2	1	1	152	152	0	T	T
N2_N3	0.000103293086394	1	2	10	707	716	0	GTTCCCATCC	GTTCCCATCC
N2_N3	0.00022797746479	1	2	14	90	103	1	CCAGTAGAATACGT	CCAATAGAATACGT
N2_N3	0.000231220359932	1	2	1	897	897	0	C	C
N2_N3	0.000241218103572	2	1	8	399	406	0	TGAACTAA	TGAACTAA
N2_N3	0.000260952410088	2	1	1	770	770	0	G	G
N2_N3	0.000309878682182	2	1	6	164	169	1	CAATCA	CAAACA
N2_N3	0.00033687189584	2	1	3	65	67	0	TTA	TTA
N2_N3	0.0003923055844	1	2	10	136	145	0	ACTTCTTCAG	ACTTCTTCAG
N2_N3	0.000398868371967	1	2	6	69	74	0	GAGCAA	GAGCAA
N2_N3	0.000544106565652	1	2	4	760	763	0	ACTT	ACTT
N2_N3	0.000612752918438	1	2	5	754	758	0	TTACT	TTACT
N2_N3	0.000652885308333	1	2	4	232	235	0	AGCG	AGCG
N2_N3	0.000660775534516	1	2	9	231	239	0	TAGCGTCGG	TAGCGTCGG
N2_N3	0.000681204826324	2	1	1	577	577	0	T	T
N2_N3	0.000712074503042	2	1	3	472	474	0	CTT	CTT
N2_N3	0.000716618850856	2	1	4	179	182	0	CTTA	CTTA
N2_N3	0.000840610980506	1	2	4	246	249	0	CTGC	CTGC
N2_N3	0.000852469510111	1	2	3	886	888	0	GGC	GGC
N2_N3	0.000980712918209	2	1	1	714	714	0	T	T
N2_N3	0.000983131656071	2	1	5	370	374	0	AGATC	AGATC
N2_N3	0.0010813031489	1	2	10	239	248	0	GCATCGACTG	GCATCGACTG
N2_N3	0.00109345697838	1	2	10	430	439	0	TATATCAGAA	TATATCAGAA
N2_N3	0.00109952041962	1	2	9	147	155	0	TGTATTTGG	TGTATTTGG
N2_N3	0.00113073057838	2	1	2	409	410	0	CT	CT
N2_N3	0.00113397506983	2	1	1	655	655	0	A	A
N2_N3	0.00115817902604	1	2	9	377	385	0	TTGCTCGTA	TTGCTCGTA
N2_N3	0.00123125858783	1	2	3	409	411	0	CTA	CTA
N2_N3	0.00126783988202	1	2	3	2	4	0	TCA	TCA
N2_N3	0.0012718542894	2	1	5	561	565	0	TTTGA	TTTGA
N2_N3	0.00127453309991	1	2	3	250	252	0	AAC	AAC
N2_N3	0.00132711682836	1	2	4	54	57	0	TTGC	TTGC
N3_kudriavzevii	4.5547631593e-06	1	2	2	424	425	0	AG	AG
N3_kudriavzevii	4.64613807438e-05	1	2	3	81	83	0	TTC	TTC
N3_kudriavzevii	6.48274140428e-05	1	2	2	275	276	0	CT	CT
N3_kudriavzevii	0.000229246836849	1	2	2	754	755	0	TT	TT
N3_kudriavzevii	0.000232972226886	1	2	2	594	595	0	GT	GT
N3_kudriavzevii	0.000276970853005	2	1	3	327	329	0	TTA	TTA
N3_kudriavzevii	0.000315420292826	1	2	1	297	297	0	C	C
N3_kudriavzevii	0.000324645297882	2	1	9	781	789	1	ATTGCGAGG	ATAGCGAGG
N3_kudriavzevii	0.00047874583632	2	1	5	112	116	0	TATAT	TATAT
N3_kudriavzevii	0.000633060981822	1	2	3	768	770	1	TTG	TCG
N3_kudriavzevii	0.000660641838809	2	1	2	218	219	0	CT	CT
N3_kudriavzevii	0.000694350610263	1	2	3	770	772	0	GTG	GTG
N3_kudriavzevii	0.000698353763627	2	1	3	899	901	0	TCA	TCA
N3_kudriavzevii	0.000801671703465	1	2	6	531	536	0	CACTCT	CACTCT
N3_kudriavzevii	0.000885367597252	1	2	7	793	799	0	TAATGTA	TAATGTA
N3_kudriavzevii	0.000926365479851	1	2	1	590	590	0	A	A
N3_kudriavzevii	0.00108605447402	1	2	1	680	680	0	C	C
N3_kudriavzevii	0.00110072753376	1	2	5	648	652	1	CTACA	TTACA
N3_kudriavzevii	0.00111311614555	1	2	2	156	157	1	CC	TC
N3_kudriavzevii	0.0012014600515	1	2	2	203	204	0	GC	GC
N3_kudriavzevii	0.00127354496047	2	1	2	799	800	0	AC	AC
N3_kudriavzevii	0.00129751363417	1	2	6	834	839	0	ACGAAG	ACGAAG
N3_kudriavzevii	0.0013088963886	2	1	1	197	197	0	T	T
N3_kudriavzevii	0.00141023013769	2	1	20	424	443	0	AGGTCATATATCAGAAACCT	AGGTCATATATCAGAAACCT
N3_kudriavzevii	0.0014167820232	1	2	7	194	200	0	TGATACC	TGATACC
N3_kudriavzevii	0.0014239215529	2	1	1	118	118	0	T	T
N3_kudriavzevii	0.00146588156606	1	2	7	168	174	0	CATCCAC	CATCCAC
N3_kudriavzevii	0.00162717150944	1	2	5	394	398	0	ATTCG	ATTCG
N3_kudriavzevii	0.00169187680336	1	2	3	349	351	0	ACT	ACT
N3_kudriavzevii	0.00177282238712	1	2	2	307	308	0	AA	AA
N3_kudriavzevii	0.00182283680769	2	1	2	786	787	0	GA	GA
N3_kudriavzevii	0.00192694262075	1	2	16	232	247	0	AGCGTCGGCATCGACT	AGCGTCGGCATCGACT
N3_kudriavzevii	0.00198288066918	2	1	4	484	487	0	TCCA	TCCA
N3_kudriavzevii	0.00203388666216	1	2	2	332	333	0	TT	TT
N3_kudriavzevii	0.00204381920214	1	2	4	87	90	0	GTTC	GTTC
N3_kudriavzevii	0.00206485347946	2	1	3	169	171	0	ATC	ATC
N3_kudriavzevii	0.0020798453898	2	1	2	461	462	0	AA	AA
N3_kudriavzevii	0.00212939240697	2	1	2	420	421	0	GT	GT
N3_kudriavzevii	0.00214955843241	2	1	17	103	119	0	TTATCTATATATATCTT	TTATCTATATATATCTT
N3_kudriavzevii	0.00216160002328	2	1	1	0	0	0	T	T
N3_kudriavzevii	0.00231467352607	1	2	5	904	908	0	ATTCG	ATTCG
N3_kudriavzevii	0.00232606821183	2	1	1	824	824	0	C	C
N3_kudriavzevii	0.00238336652319	1	2	4	606	609	0	GTAT	GTAT
N3_kudriavzevii	0.00239656719558	1	2	3	748	750	0	GTA	GTA
N3_kudriavzevii	0.00252968879439	1	2	2	494	495	0	TC	TC
N3_kudriavzevii	0.00271184147582	1	2	8	556	563	0	CTATATTT	CTATATTT
N3_kudriavzevii	0.00275698939465	2	1	5	91	95	0	CAGTA	CAGTA
N3_kudriavzevii	0.00288558378729	2	1	2	352	353	0	TA	TA
N3_kudriavzevii	0.00293580368702	1	2	1	463	463	0	A	A
N3_kudriavzevii	0.00305663044446	2	1	6	506	511	0	AAAGGT	AAAGGT
N3_kudriavzevii	0.00310770782125	1	2	14	276	289	1	TAAACATTTAGCAA	TAAACATTTAGTAA
N3_kudriavzevii	0.003115250547	2	1	7	372	378	0	ATCGATT	ATCGATT
N3_kudriavzevii	0.00314717846248	2	1	1	540	540	0	A	A
N3_kudriavzevii	0.00320352910592	1	2	2	331	332	0	TT	TT
N3_kudriavzevii	0.00320754078425	1	2	6	585	590	2	GTCGAA	ATCAAA
N3_kudriavzevii	0.00325185022277	2	1	10	658	667	0	CAGCGGAAGA	CAGCGGAAGA
N3_kudriavzevii	0.00326805142189	2	1	9	389	397	0	CAACGATTC	CAACGATTC
N3_kudriavzevii	0.00331892742066	2	1	1	895	895	0	T	T
N3_N4	1.55145765726e-05	2	1	10	342	351	0	GCACGGCACT	GCACGGCACT
N3_N4	3.30283629763e-05	1	2	9	945	945	1	C	A
N3_N4	4.79682535392e-05	2	1	16	649	664	0	TACAAAATGCAGCGGA	TACAAAATGCAGCGGA
N3_N4	0.000129705685082	1	2	14	410	423	0	TATTCCAACCGTCC	TATTCCAACCGTCC
N3_N4	0.000237511301666	1	2	6	706	711	0	AGTTCC	AGTTCC
N3_N4	0.000292523518376	1	2	7	152	158	1	TTGGCCT	TTGGTCT
N3_N4	0.000328995959584	2	1	1	639	639	0	T	T
N3_N4	0.000373125288296	2	1	6	334	339	0	AAATGC	AAATGC
N3_N4	0.000445637521002	2	1	13	130	142	1	AAAACCACTTCTT	ATAACCACTTCTT
N3_N4	0.000460291999427	2	1	18	492	509	0	CTTCCGTCTTATTTAAAG	CTTCCGTCTTATTTAAAG
N3_N4	0.000469990564926	1	2	9	600	608	0	TGCCGGGTA	TGCCGGGTA
N3_N4	0.000472509699748	1	2	2	150	151	0	AT	AT
N3_N4	0.000512336857503	1	2	11	40	50	0	ATGGTTACTCT	ATGGTTACTCT
N3_N4	0.000529264706111	1	2	1	860	860	0	G	G
N3_N4	0.000545838084065	2	1	2	534	535	0	TC	TC
N3_N4	0.0005958614356	2	1	4	742	745	0	TTTC	TTTC
N3_N4	0.000665989106655	1	2	10	592	601	1	AGGTCCACTG	AGGTCTACTG
N3_N4	0.000723163043165	1	2	1	502	502	0	A	A
N3_N4	0.000799278563783	1	2	1	176	176	0	G	G
N3_N4	0.000905047888483	2	1	8	461	468	0	AAACCTTG	AAACCTTG
N3_N4	0.0010350911688	1	2	3	299	301	0	CAG	CAG
N4_mikatae	9.56582682597e-07	2	1	3	486	488	0	CAG	CAG
N4_mikatae	9.85321800548e-05	2	1	1	862	862	0	T	T
N4_mikatae	0.000105170048008	2	1	1	936	936	0	C	C
N4_mikatae	0.000122491906094	1	2	7	632	638	0	CTACCCA	CTACCCA
N4_mikatae	0.000136207725806	2	1	5	227	231	0	ATAAT	ATAAT
N4_mikatae	0.00023772271126	2	1	7	40	46	0	ATGGTTA	ATGGTTA
N4_mikatae	0.000308455061404	2	1	2	521	522	0	AG	AG
N4_mikatae	0.000422282815041	2	1	1	733	733	0	T	T
N4_mikatae	0.000434797141868	1	2	1	801	801	0	A	A
N4_mikatae	0.000472912269413	1	2	2	172	173	0	CA	CA
N4_mikatae	0.000474644064817	1	2	3	724	726	0	ATA	ATA
N4_mikatae	0.000485241070183	2	1	4	491	494	0	TCTT	TCTT
N4_mikatae	0.000492499635254	1	2	28	612	639	2	ACCCCCTTAGTTGATCATAGCTACCCAT	ACCTCCTTAGTTGATCATTGCTACCCAT
N4_mikatae	0.000508082486406	2	1	6	76	81	0	TAAAGT	TAAAGT
N4_mikatae	0.000552805903962	2	1	1	14	14	0	T	T
N4_mikatae	0.000614112209411	1	2	9	697	705	0	CGTGAAGAT	CGTGAAGAT
N4_mikatae	0.000624876929554	1	2	11	368	378	0	GTAGATCGATT	GTAGATCGATT
N4_mikatae	0.000627420436418	2	1	3	86	88	1	CGT	TGT
N4_mikatae	0.000634056612467	1	2	8	457	464	1	ATTAAAAC	ATTGAAAC
N4_mikatae	0.000727522073946	2	1	14	209	222	0	ACTATGCTGCTAAG	ACTATGCTGCTAAG
N4_mikatae	0.000787339679826	2	1	1	558	558	0	A	A
N4_mikatae	0.000791105609597	1	2	1	401	401	0	A	A
N4_mikatae	0.00080330956814	2	1	10	642	651	2	CAGTCATTAC	CAGCCACTAC
N4_mikatae	0.000858050969559	2	1	2	941	942	0	GT	GT
N4_mikatae	0.000885782702616	2	1	5	421	425	0	TCCAG	TCCAG
N4_mikatae	0.000890739434435	2	1	2	733	734	0	TC	TC
N4_mikatae	0.000946415378467	1	2	2	81	82	0	TT	TT
N4_mikatae	0.000946740180137	2	1	6	108	113	0	TATATA	TATATA
N4_mikatae	0.000956708148409	2	1	4	77	80	0	AAAG	AAAG
N4_mikatae	0.000957214141716	1	2	3	538	540	0	GGA	GGA
N4_mikatae	0.00102560598809	2	1	4	525	528	0	CGCA	CGCA
N4_mikatae	0.00110571488606	1	2	10	481	490	0	TCGTCCAGTG	TCGTCCAGTG
N4_mikatae	0.00110728856584	2	1	2	883	884	0	AG	AG
N4_mikatae	0.0011081745825	2	1	2	917	918	0	GT	GT
N4_mikatae	0.00120139642007	2	1	8	178	185	0	CCTTAAGC	CCTTAAGC
N4_mikatae	0.00124401560698	2	1	15	137	151	0	CTTCTTCAGCTGTAT	CTTCTTCAGCTGTAT
N4_mikatae	0.00128755419638	2	1	3	195	197	0	GAT	GAT
N4_mikatae	0.00129482129024	1	2	2	550	551	0	GT	GT
N4_mikatae	0.00131318227876	1	2	2	62	63	0	CC	CC
N4_mikatae	0.00134239206042	2	1	2	592	593	0	AG	AG
N4_mikatae	0.00137808670093	2	1	8	798	805	0	TACAAGAT	TACAAGAT
N4_mikatae	0.00138309698201	1	2	7	94	100	0	TAGAATA	TAGAATA
N4_mikatae	0.00147157668862	1	2	4	342	345	0	GCAC	GCAC
N4_mikatae	0.00159978169951	2	1	5	164	168	0	CAATC	CAATC
N4_mikatae	0.00162307382131	2	1	4	212	215	0	ATGC	ATGC
N4_mikatae	0.00165760821251	1	2	7	390	396	0	AACGATT	AACGATT
N4_mikatae	0.00169847802237	1	2	2	709	710	0	TC	TC
N4_mikatae	0.00172606282593	1	2	2	22	23	0	TC	TC
N4_mikatae	0.00179938375621	2	1	6	546	551	0	TAAGGT	TAAGGT
N4_mikatae	0.00195371440053	1	2	3	335	337	0	AAT	AAT
N4_mikatae	0.00197671632729	2	1	3	711	713	0	CCA	CCA
N4_mikatae	0.00202717159619	2	1	1	68	68	0	T	T
N4_mikatae	0.00203340244161	1	2	1	135	135	0	C	C
N4_mikatae	0.00220756274649	1	2	2	188	189	0	TA	TA
N4_mikatae	0.00225206242175	1	2	3	801	803	0	AAG	AAG
N4_mikatae	0.00225616485825	1	2	9	476	484	0	AAGTTTCGT	AAGTTTCGT
N4_mikatae	0.00231048042949	1	2	2	685	686	0	GG	GG
N4_mikatae	0.00232703222878	1	2	8	244	251	0	GACTGCAA	GACTGCAA
N4_mikatae	0.00236735509116	2	1	1	520	520	0	G	G
N4_mikatae	0.00241344957684	2	1	3	775	777	0	ACT	ACT
N4_mikatae	0.00254312816553	1	2	7	20	26	0	TTTCTTA	TTTCTTA
N4_mikatae	0.00258387982362	2	1	6	176	181	0	GTCCTT	GTCCTT
N4_mikatae	0.00260473810726	1	2	6	351	356	0	TTATAG	TTATAG
N4_mikatae	0.00266311697987	1	2	2	3	4	0	CA	CA
N4_mikatae	0.00272299204382	1	2	1	941	941	0	G	G
N4_mikatae	0.0027324717827	2	1	2	595	596	0	TC	TC
N4_mikatae	0.00281569632615	1	2	1	919	919	0	C	C
N4_mikatae	0.00282490076859	2	1	11	349	359	0	ACTTATAGTAG	ACTTATAGTAG
N4_mikatae	0.00297315571061	2	1	1	377	377	0	T	T
N4_mikatae	0.00297525772483	2	1	6	525	530	0	CGCACC	CGCACC
N4_N5	9.89913697825e-06	1	2	4	876	879	1	AGCG	GGCG
N4_N5	1.01694672157e-05	1	2	12	942	945	0	TTAC	TTAC
N4_N5	3.34164248101e-05	1	2	11	450	460	1	ACCGCCAATTA	ACCGCCAATTG
N4_N5	5.68897911435e-05	2	1	3	486	488	0	CAG	CAG
N4_N5	0.000134132343269	1	2	5	333	337	0	TAAAT	TAAAT
N5_paradoxus	2.40876680471e-05	1	2	2	30	31	0	TA	TA
N5_paradoxus	2.42786558003e-05	2	1	3	249	251	0	CAA	CAA
N5_paradoxus	6.13810834025e-05	1	2	5	905	909	0	TTCGG	TTCGG
N5_paradoxus	0.000124332825807	1	2	3	303	305	0	AAT	AAT
N5_paradoxus	0.000159604944403	1	2	7	503	509	0	TTTAAAG	TTTAAAG
N5_paradoxus	0.000261402125925	1	2	2	386	387	0	GC	GC
N5_paradoxus	0.000312531260888	2	1	10	752	761	0	TTTTACTGAC	TTTTACTGAC
N5_paradoxus	0.000341177471095	1	2	5	0	4	0	TGTCA	TGTCA
N5_paradoxus	0.000358687556417	2	1	5	398	402	0	GTGAA	GTGAA
N5_paradoxus	0.000538198439569	1	2	5	438	442	0	AAACC	AAACC
N5_paradoxus	0.000582254458431	2	1	3	206	208	0	GTC	GTC
N5_paradoxus	0.000584705293523	1	2	4	225	228	0	TGAT	TGAT
N5_paradoxus	0.000696697278316	1	2	2	816	817	0	CT	CT
N5_paradoxus	0.000873709374623	2	1	6	312	317	1	ATCTTG	ATCTCG
N5_paradoxus	0.00101935563316	2	1	1	139	139	0	T	T
N5_paradoxus	0.00107103825993	2	1	10	60	69	0	TACCGTTATG	TACCGTTATG
N5_paradoxus	0.00108204159932	2	1	2	721	722	0	CA	CA
N5_paradoxus	0.00112744369607	1	2	8	124	131	0	GAAGCTAA	GAAGCTAA
N5_paradoxus	0.00113773289642	2	1	1	302	302	0	T	T
N5_paradoxus	0.00123470906708	1	2	2	379	380	0	GC	GC
N5_paradoxus	0.0012921970375	1	2	20	371	390	0	GATCGATTGCTCGTAGCGCA	GATCGATTGCTCGTAGCGCA
N5_paradoxus	0.00133957598614	2	1	6	476	481	0	AAGTTT	AAGTTT
N5_paradoxus	0.00136636609272	1	2	1	273	273	0	A	A
N5_paradoxus	0.00137365874328	2	1	31	68	98	1	TGAGCAAGTAAAGTTCTGCGTTCCAGTAGAA	TGAGCAAGTAAAGTTCTGTGTTCCAGTAGAA
N5_paradoxus	0.00137660390839	2	1	1	656	656	0	T	T
N5_paradoxus	0.00140983826386	2	1	13	495	507	0	CCGTCTTATTTAA	CCGTCTTATTTAA
N5_paradoxus	0.00141524123712	1	2	2	657	658	0	GC	GC
N5_paradoxus	0.00146570842966	2	1	3	490	492	0	GTC	GTC
N5_paradoxus	0.0015719105414	1	2	1	2	2	0	T	T
N5_paradoxus	0.00161393284131	1	2	2	25	26	0	TA	TA
N5_paradoxus	0.0016717215006	2	1	8	505	512	0	TAAAGGTA	TAAAGGTA
N5_paradoxus	0.00170766120036	2	1	9	576	584	1	TTCTTTCCT	TTCTTTTCT
N5_paradoxus	0.00179990493433	1	2	12	537	548	0	TGGAAGTGGTAA	TGGAAGTGGTAA
N5_cerevisiae	2.55827419777e-05	1	2	11	768	778	2	CTGTGATACTT	TCGTGATACTT
N5_cerevisiae	6.79552640261e-05	2	1	13	732	744	0	ATCTTTAATCTTT	ATCTTTAATCTTT
N5_cerevisiae	8.17227604483e-05	2	1	2	844	845	0	AT	AT
N5_cerevisiae	9.35644779907e-05	2	1	6	684	689	1	CGGTTT	AGGTTT
N5_cerevisiae	0.000102477600204	1	2	1	437	437	0	G	G
N5_cerevisiae	0.00014262943172	1	2	8	339	346	0	CTGGCACG	CTGGCACG
N5_cerevisiae	0.000177124584234	1	2	1	883	883	0	A	A
N5_cerevisiae	0.000252810982367	2	1	3	834	836	0	ACG	ACG
N5_cerevisiae	0.000273961765774	1	2	7	739	745	0	ATCTTTC	ATCTTTC
N5_cerevisiae	0.000307273909667	1	2	5	540	544	0	AAGTG	AAGTG
N5_cerevisiae	0.000379520355765	2	1	15	568	582	3	GTTTCGGTTTCTTTC	GTCTCAGTTTCTTTT
N5_cerevisiae	0.000381383180799	1	2	6	48	53	0	TCTTAA	TCTTAA
N5_cerevisiae	0.00040643398237	2	1	2	530	531	0	CC	CC
N5_cerevisiae	0.000439654069259	2	1	3	781	783	1	ATT	ATA
N5_cerevisiae	0.000444935253172	1	2	2	670	671	0	TC	TC
N5_cerevisiae	0.00046232502872	2	1	1	843	843	0	C	C
N5_cerevisiae	0.000539890011989	1	2	1	297	297	0	C	C
N5_cerevisiae	0.000546148309422	2	1	8	729	736	0	CCCATCTT	CCCATCTT
N5_cerevisiae	0.000566983278832	2	1	6	485	490	0	CCAGTG	CCAGTG
N5_cerevisiae	0.000777158861566	1	2	4	197	200	0	TACC	TACC
N5_cerevisiae	0.000848193009813	1	2	1	688	688	0	T	T
N5_cerevisiae	0.000868719241254	1	2	1	82	82	0	T	T
N5_cerevisiae	0.000903442508973	2	1	2	106	107	0	TC	TC
N5_cerevisiae	0.000981990378078	2	1	13	475	487	0	AAAGTTTCGTCCA	AAAGTTTCGTCCA
N5_cerevisiae	0.00102102834516	1	2	5	671	675	0	CACGG	CACGG
N5_cerevisiae	0.00102859835221	2	1	1	273	273	0	A	A
N5_cerevisiae	0.00113120641007	2	1	3	531	533	0	CAC	CAC
N5_cerevisiae	0.00115568845683	2	1	8	599	606	0	CTGCCGGG	CTGCCGGG
N5_cerevisiae	0.00116684006176	2	1	10	641	650	2	CCAGTCATTA	CCAGCCACTA
N5_cerevisiae	0.00121859482915	1	2	8	452	459	0	CGCCAATT	CGCCAATT
N5_cerevisiae	0.00140324360204	1	2	3	516	518	0	TCA	TCA
N5_cerevisiae	0.00141414546256	2	1	10	822	831	0	TTCTCTAACC	TTCTCTAACC
N5_cerevisiae	0.00143408814064	2	1	5	177	181	0	TCCTT	TCCTT
N5_cerevisiae	0.00149799739703	1	2	9	495	503	0	CCGTCTTAT	CCGTCTTAT
N5_cerevisiae	0.00153929673077	2	1	1	814	814	0	T	T
N5_cerevisiae	0.00153999397347	1	2	3	358	360	0	AGA	AGA
N5_cerevisiae	0.00160421686541	2	1	3	47	49	0	CTC	CTC
