edge	time	mut_orlg	mut_pos	old_state	new_state
N0_kluyveri	0.00872998112709	0	123	TCC	TCT
N0_kluyveri	0.0110901920224	0	24	TAT	TAC
N0_kluyveri	0.0162392882562	0	19	AGT	AGC
N0_kluyveri	0.0181028355169	0	79	TCT	TCC
N0_kluyveri	0.0199343552943	0	136	CGA	CGT
D1_N1	0.00621429241236	2	65	GTT	GTA
D1_N1	0.011763082127	1	88	GGC	GGT
D1_N1	0.0256049734527	1	148	TAC	TAT
D1_N1	0.0285934291343	2	91	ACT	ACC
D1_N1	0.028840577926	2	155	TTG	TCG
D1_N1	0.0290386255916	1	109	AGG	AGA
D1_N1	0.0299677633589	2	120	ATC	ATT
D1_N1	0.0318679138821	2	128	CAG	CAA
D1_N1	0.0329223488609	2	42	TAT	TAC
D1_N1	0.037017198575	2	162	TTG	TTA
D1_N1	0.0384280851143	2	40	TTG	TTA
D1_N1	0.0412155198105	2	86	GTT	GTC
D1_N1	0.0435367297444	2	15	ACT	ACA
D1_N1	0.0683673198353	2	70	AAT	AAC
D1_N1	0.08298838742	1	69	AAG	AAA
D1_N1	0.0967158098567	1	20	CTC	CTT
D1_N1	0.0975377751349	2	15	ACA	ACG
D1_N1	0.0988362772365	1	12	GCT	GCA
D1_N1	0.0998053531211	2	78	CTA	CTG
D1_N1	0.103964613861	1	13	CAC	CAT
D1_N1	0.103973569111	1	6	GTG	GTA
D1_N1	0.122619587874	1	78	CTA	TTA
D1_N1	0.12284324448	1	132	AAA	AAG
D1_N1	0.130892351866	2	67	GTG	GTA
D1_N1	0.131913344325	1	25	ACC	GCC
D1_N1	0.134651890596	2	123	TCC	TCT
D1_N1	0.135503116195	1	47	AAA	AAG
D1_N1	0.136694617548	2	94	AAA	AAG
D1_N1	0.138517828649	1	135	CCA	CCG
D1_N1	0.13890471745	1	25	GCC	GCT
D1_N1	0.141150166439	2	147	CAA	CAG
D1_N1	0.143495733763	1	35	CGA	CGG
D1_N1	0.144923712762	2	8	CGC	CGT
D1_N1	0.147555089077	2	153	GCG	GCA
D1_N1	0.156887624056	2	90	AGC	AGT
D1_N1	0.157416611064	1	67	GTG	GTA
D1_N1	0.157577642129	1	15	ACT	ACC
D1_N1	0.158092499894	1	63	ATT	ATA
D1_N1	0.158697891835	2	126	CTT	CTC
D1_N1	0.160266146632	2	115	AAA	AAG
D1_N1	0.162767804609	1	128	CAG	CAA
D1_N1	0.162853932167	1	45	TCT	TCC
D1_N1	0.163167988953	1	4	AGA	AGG
D1_N1	0.165196211522	2	52	GTC	GTT
D1_N1	0.166246967068	1	4	AGG	AAG
D1_N1	0.166279749166	1	111	GCA	GCG
D1_N1	0.169648586093	2	40	TTA	TTG
D1_N1	0.16998596355	2	79	TCT	TCC
D1_N1	0.173282513882	1	98	GTA	GTG
D1_N1	0.181954744633	1	139	TGC	TGT
D1_N1	0.18722176985	2	76	TCA	TCG
D1_N1	0.18907514204	1	119	TTT	TTC
D1_N1	0.191248428848	2	21	GCA	GCG
D1_N1	0.191427310075	2	57	AAG	GAG
D1_N1	0.196229470241	2	122	CGA	CGG
D1_N1	0.197056744953	2	89	TTT	TTC
D1_N1	0.202043887309	2	62	AGA	AAA
D1_N1	0.20428362799	1	124	GCG	GCA
D1_N1	0.207450075825	2	48	TTT	TTC
D1_N1	0.210257277336	2	58	GAA	GAG
D1_N1	0.212446194356	2	126	CTC	CTT
N1_castellii	0.00268041044013	2	96	ATC	ATT
N1_castellii	0.00324094759665	2	2	CAC	CAT
N1_castellii	0.00715226305015	1	45	TCC	TCT
N1_castellii	0.00909495896187	1	30	ATC	ATT
N1_castellii	0.0100804544403	2	95	TAC	TAT
N1_castellii	0.0208299467203	2	57	GAG	GAA
N1_castellii	0.0234459200097	2	56	CAA	CAG
N1_castellii	0.0248612478896	2	44	AAG	AAA
N1_castellii	0.0261968348831	1	51	TGC	TGT
N1_castellii	0.0264742125509	2	91	ACC	ACT
N1_castellii	0.026908626846	1	131	TTG	CTG
N1_castellii	0.0277799909897	1	4	AAG	AAA
N1_castellii	0.0394071204134	2	35	CGA	AGA
N1_castellii	0.0401116279744	1	65	GTT	GTC
N1_castellii	0.0434159489542	2	147	CAA	CAG
N1_castellii	0.0471558095977	1	59	CCG	CCA
N1_castellii	0.0481863612804	1	20	CTT	CTG
N1_castellii	0.0510883255065	1	138	CAA	CAG
N1_castellii	0.0566664199093	2	35	AGA	AGG
N1_castellii	0.0580820060077	1	50	AGG	AGA
N1_castellii	0.0624842626426	2	86	GTC	GGC
N1_castellii	0.0625551860507	2	154	ACT	ACC
N1_castellii	0.0637082185729	1	112	CTA	CCA
N1_castellii	0.0738866582475	1	116	GAC	GAT
N1_castellii	0.0760085615966	2	20	CTC	CTT
N1_castellii	0.0761107732398	1	130	TAC	TAT
N1_castellii	0.0773078411597	2	158	TCT	GCT
N1_castellii	0.0780676913596	1	153	GCG	GCA
N1_castellii	0.0792767491144	2	109	AGA	AGG
N1_castellii	0.082918415798	1	163	AAG	AAA
N1_castellii	0.0831946722591	1	2	CAC	CAT
N1_castellii	0.0839998695122	2	83	AAT	AAC
N1_castellii	0.086672757119	1	70	AAT	AAC
N1_castellii	0.0904656499937	2	56	CAG	CAA
N1_castellii	0.0930021486819	1	30	ATT	ATC
N1_castellii	0.0942430364458	1	138	CAG	CAA
N1_castellii	0.0951014244601	1	146	GTG	GTT
N1_castellii	0.0979703186176	2	123	TCT	TCC
N1_castellii	0.107972136867	1	145	TCG	TCA
N1_castellii	0.108560918067	2	27	TAT	TAC
N1_castellii	0.109826260306	1	52	GTC	GTT
N1_castellii	0.110706517866	1	49	TCA	TCT
N1_castellii	0.113640312245	1	110	GGT	GGC
N1_castellii	0.120376276704	2	155	TTG	CTG
N1_castellii	0.125104870618	2	121	ATT	ACT
N1_castellii	0.127828337568	2	85	CTA	CTG
N1_castellii	0.135594336002	1	38	AAC	AAT
N1_castellii	0.136206386493	2	85	CTG	CTA
N1_castellii	0.1381614787	2	139	TGC	TGT
N1_castellii	0.140588732054	2	157	CTT	CTC
N1_castellii	0.146220065207	2	117	GAA	GAG
N1_castellii	0.14937387806	2	35	AGG	AGA
N1_castellii	0.150093832488	2	82	AAG	GAG
N1_castellii	0.154527799476	1	25	GCT	GTT
N1_castellii	0.155729016612	2	11	GTG	GTA
N1_castellii	0.156907900583	2	42	TAT	TAC
N1_castellii	0.159296871389	2	6	GTG	GTA
N1_castellii	0.164690978789	1	118	AGG	AGA
N1_castellii	0.167829126527	2	63	ATT	ATC
N1_castellii	0.168609213589	2	158	TCT	TCC
N1_castellii	0.168704478176	2	41	CCT	CCC
N1_castellii	0.171512441763	1	130	TAT	TAC
N1_castellii	0.179165703814	1	155	TTG	TTA
N1_N2	0.00217077931342	2	115	AAG	AAA
N1_N2	0.00388065728927	1	138	CAA	CAG
N1_N2	0.00649480440426	1	25	GCT	GGT
N1_N2	0.0071147612815	1	35	CGG	CGA
N1_N2	0.0100102627348	2	82	AAG	AAA
N1_N2	0.0148640310161	1	17	ATA	ATT
N1_N2	0.0163335269999	1	2	CAC	CAT
N1_N2	0.01807303434	1	52	GTC	GTT
N1_N2	0.023571600885	1	127	GAT	GAC
N1_N2	0.0319471543105	2	38	AAC	AAT
N1_N2	0.0330668764156	2	123	TCC	TCT
N1_N2	0.0442957820822	1	96	ATC	ATT
N1_N2	0.0471691913986	1	131	TTG	CTG
N1_N2	0.0477238465344	2	57	GAG	GAA
N1_N2	0.0480335250999	2	68	TTA	TTG
N1_N2	0.054777082376	2	160	AAC	AAT
N1_N2	0.0595074188795	1	46	GCC	GCT
N1_N2	0.0640388400049	2	108	AAA	AGA
N1_N2	0.0647543206241	1	111	GCG	GCA
N1_N2	0.0666790071984	2	72	ACA	ACG
N1_N2	0.0689636724665	1	111	GCA	GCG
N1_N2	0.0690753137296	1	67	GTA	GTC
N1_N2	0.0715712863798	2	105	TAC	TAT
N1_N2	0.0756373813437	1	149	CTC	CTT
N1_N2	0.0845397112001	2	15	ACG	ACA
N1_N2	0.087087601467	2	159	GGG	GAG
N1_N2	0.0901288613322	1	131	CTG	TTG
N1_N2	0.102255098749	1	105	TAC	TAT
N1_N2	0.104846790221	1	8	CGC	CGG
N1_N2	0.105544837769	2	54	CGG	CGA
N1_N2	0.108774706891	1	95	TAC	TAT
N1_N2	0.110105118299	1	163	AAG	AAA
N1_N2	0.117997372446	2	147	CAA	CAG
N1_N2	0.118589762799	1	103	GAG	GTG
N1_N2	0.122912472236	1	64	TTT	TTC
N1_N2	0.124974346718	2	59	CCG	CCA
N1_N2	0.126119566378	1	122	CGA	CGG
N1_N2	0.134919214296	1	138	CAG	CAA
N1_N2	0.138204619884	1	104	GTA	GTG
N1_N2	0.138587051778	1	0	AGA	AGG
N1_N2	0.142265253412	2	126	CTT	CTC
N1_N2	0.147222243431	2	9	TAT	TAC
N1_N2	0.148673316065	2	17	ATT	ATC
N1_N2	0.156633489825	1	122	CGG	CGA
N1_N2	0.160689783417	2	153	GCA	GCG
N1_N2	0.161137239199	2	88	GGC	GGT
N1_N2	0.162992669669	2	30	ATC	ATT
N1_N2	0.167756834112	1	60	ACA	ACG
N1_N2	0.169505167734	1	30	ATC	ATT
N1_N2	0.172867138953	2	61	GGT	GGC
N1_N2	0.173091717848	1	51	TGC	TGT
N1_N2	0.175976714021	1	13	CAT	CAC
N1_N2	0.183783527783	1	119	TTC	TTG
N1_N2	0.184021184156	2	0	AGA	AGG
N1_N2	0.186403674686	1	21	GCA	GCG
N1_N2	0.196996415105	2	32	ACT	ACC
N1_N2	0.201669705646	2	153	GCG	GCA
N1_N2	0.203285993401	2	91	ACC	ACT
N1_N2	0.20333666684	2	40	TTG	CTG
N1_N2	0.206420162801	1	153	GCG	GCA
N1_N2	0.206838500995	2	44	AAG	AAA
N1_N2	0.20793747522	1	114	TCA	TCG
N1_N2	0.20816006175	1	41	CCT	CCA
N2_bayanus	7.73093319783e-05	1	55	ATC	ATT
N2_bayanus	0.00445686554675	2	103	GAG	GAA
N2_bayanus	0.00565365830348	2	59	CCA	CCC
N2_bayanus	0.00590413211356	2	95	TAC	TAT
N2_bayanus	0.00653010515985	2	95	TAT	TAC
N2_bayanus	0.00831710708047	1	56	CAA	CAG
N2_bayanus	0.0124356162977	2	156	GCT	GTT
N2_bayanus	0.0138297664342	1	104	GTG	GTA
N2_bayanus	0.0180998978191	1	134	TCA	TCC
N2_bayanus	0.0186419768119	2	97	ATA	ATG
N2_bayanus	0.0201455887981	1	9	TAT	TAC
N2_bayanus	0.0264846077498	1	67	GTC	GTT
N2_N3	0.00771443759086	2	123	TCC	TCT
N2_N3	0.0135791550943	2	21	GCA	GCG
N2_N3	0.0137629272542	2	159	GAG	GAA
N2_N3	0.0180601441722	2	71	GCC	GCA
N2_N3	0.0203538519875	2	147	CAG	CAA
N2_N3	0.0217015146587	2	147	CAA	CAG
N3_kudriavzevii	0.00270831647989	1	80	CAT	CAC
N3_kudriavzevii	0.00664828774807	1	148	TAT	TAC
N3_kudriavzevii	0.00693302776769	2	12	GCT	GCC
N3_kudriavzevii	0.0110568781856	1	137	GTT	GTC
N3_kudriavzevii	0.0135989431674	2	76	TCA	TCC
N3_kudriavzevii	0.0147284644645	1	39	GTC	GTT
N3_kudriavzevii	0.019172345202	1	149	CTT	CTA
N3_kudriavzevii	0.0242297929467	2	133	ATT	GTT
N3_kudriavzevii	0.0301298630719	1	62	AGA	AGG
N3_kudriavzevii	0.0301731136049	1	25	GGT	AGT
N3_kudriavzevii	0.0311901459741	1	11	GTG	GTA
N3_kudriavzevii	0.0353856569396	2	141	CCA	CCG
N3_kudriavzevii	0.0416498027139	1	122	CGA	CGT
N3_kudriavzevii	0.041891473666	1	67	GTC	GTA
N3_kudriavzevii	0.0466573049558	1	46	GCT	GCA
N3_kudriavzevii	0.0549674739503	2	12	GCA	GTA
N3_kudriavzevii	0.0571467531405	2	40	CTG	CTT
N3_kudriavzevii	0.0586319582819	2	68	TTG	CTG
N3_kudriavzevii	0.0640240416873	1	131	TTG	CTG
N3_kudriavzevii	0.0650767975201	2	150	TTA	CTA
N3_kudriavzevii	0.0661318601328	2	141	CCG	CCA
N3_kudriavzevii	0.0713465565042	1	68	TTA	CTA
N3_kudriavzevii	0.074203127466	2	56	CAA	CAG
N3_kudriavzevii	0.078405098861	1	118	AGG	ATG
N3_kudriavzevii	0.0796481485998	1	64	TTC	TTT
N3_kudriavzevii	0.0807572837104	2	95	TAC	TAT
N3_kudriavzevii	0.0827199800794	2	86	GTT	GTC
N3_kudriavzevii	0.0832590039738	1	155	TTG	TTA
N3_N4	7.15459416947e-05	1	52	GTT	GTC
N3_N4	0.00351127846906	2	100	AAA	AAG
N3_N4	0.00391684042981	1	59	CCG	CCA
N3_N4	0.01031619382	1	74	CAG	CGG
N3_N4	0.0143760732235	1	38	AAC	AAT
N3_N4	0.0158768152298	1	68	TTA	TCA
N3_N4	0.0159543651718	2	58	GAA	GAG
N3_N4	0.0291851401966	1	134	TCA	TCG
N4_mikatae	0.000375050397022	1	105	TAT	TAC
N4_mikatae	0.00486505068881	2	145	TCG	TCA
N4_mikatae	0.00867064051968	1	52	GTC	GTT
N4_mikatae	0.0157501607926	2	80	CAT	CAC
N4_mikatae	0.0173160008486	2	68	TTG	TTA
N4_mikatae	0.0239207644374	2	78	CTG	CTT
N4_mikatae	0.0246351514711	2	99	TCT	TCA
N4_mikatae	0.0361967364588	1	136	CGA	CGG
N4_mikatae	0.0364512928916	1	128	CAA	CAG
N4_mikatae	0.0390789146354	1	91	ACT	ACC
N4_mikatae	0.0418316692438	2	10	GGT	GGC
N4_mikatae	0.0464175675464	2	105	TAT	TAC
N4_mikatae	0.0470466826939	2	106	GAT	TAT
N4_mikatae	0.0520536984177	2	73	ACA	ACG
N4_mikatae	0.0535622540297	1	82	AAG	AGG
N4_mikatae	0.0568706875971	2	124	GCG	GCA
N4_N5	0.0016603968437	2	23	AGT	AGC
N4_N5	0.0030549397695	1	114	TCG	TCA
N4_N5	0.00326693056827	2	25	GGT	GGC
N4_N5	0.00641113269679	2	95	TAT	TAC
N4_N5	0.00854607335611	1	110	GGT	GGC
N4_N5	0.0141470581765	2	27	TAT	TAC
N4_N5	0.0149306069564	2	139	TGT	TGC
N4_N5	0.0150092761767	2	98	GTA	GTG
N4_N5	0.0219831706527	2	118	AGG	GGG
N5_paradoxus	0.000251962712624	1	20	CTT	CTA
N5_paradoxus	0.00266154686944	1	27	TAT	TAC
N5_paradoxus	0.0129369377588	1	66	ATG	ATA
N5_paradoxus	0.0130077087655	1	64	TTC	TTT
N5_paradoxus	0.0171350369603	2	35	CGA	CGG
N5_cerevisiae	0.00332308983512	2	127	GAC	GAT
N5_cerevisiae	0.00759209225226	1	71	GCC	GCT
N5_cerevisiae	0.0145797593841	2	130	TAC	TAT
N5_cerevisiae	0.0147238844016	1	114	TCA	TCT
N5_cerevisiae	0.0167618714156	1	37	ACT	ACC
N5_cerevisiae	0.0192887123146	2	38	AAC	AAT
N5_cerevisiae	0.0205801372476	2	9	TAC	TAT
N5_cerevisiae	0.0225920453716	2	40	CTG	CAG
N5_cerevisiae	0.0232251634853	2	50	AGG	AGA
N5_cerevisiae	0.0236727252454	2	47	AAG	AAA
N5_cerevisiae	0.0245159165037	2	8	CGG	CGA
N5_cerevisiae	0.0246193624106	1	50	AGG	AGA
N5_cerevisiae	0.0246568995521	1	58	GAA	GAG
N5_cerevisiae	0.0290011662953	1	161	GAG	GAA
N5_cerevisiae	0.0326773285655	1	93	CGC	TGC
N5_cerevisiae	0.0337481307495	2	53	CTC	CTT
N5_cerevisiae	0.0365426075587	2	153	GCA	GCG
N5_cerevisiae	0.0423365279627	2	21	GCG	GCT
N5_cerevisiae	0.0564261387415	2	162	TTA	CTA
