edge	time	mut_orlg	mut_pos	old_state	new_state
N0_kluyveri	0.000919970496982	0	863	T	A
N0_kluyveri	0.0010974260006	0	732	G	C
N0_kluyveri	0.00182630656806	0	588	G	C
N0_kluyveri	0.00270221494115	0	14	C	T
N0_kluyveri	0.00294997740788	0	626	C	T
N0_kluyveri	0.00481072219262	0	330	C	G
N0_kluyveri	0.0050895938146	0	221	C	A
N0_kluyveri	0.00789508523072	0	612	C	G
N0_D1	0.000243646688147	0	906	G	A
N0_D1	0.000473520026312	0	11	T	C
N0_D1	0.000765455791429	0	747	T	G
D1_N1	9.81631190154e-06	1	873	C	T
D1_N1	0.000428932058306	1	711	C	T
D1_N1	0.000554604834461	1	793	A	C
D1_N1	0.000580048555006	2	741	T	C
D1_N1	0.000605334977602	1	620	T	C
D1_N1	0.00130255978056	2	607	G	A
D1_N1	0.00133008365721	1	478	G	A
D1_N1	0.00142306490372	1	210	T	C
D1_N1	0.00145731842262	2	255	C	T
D1_N1	0.00205343119728	1	812	G	C
D1_N1	0.00231383740133	2	780	C	T
D1_N1	0.00258722743614	2	226	A	G
D1_N1	0.00286669600799	2	843	C	A
D1_N1	0.0032160068772	1	711	T	G
D1_N1	0.00322239128587	2	870	G	A
D1_N1	0.00343697025626	1	798	T	C
D1_N1	0.00375606175363	1	919	G	A
D1_N1	0.00381563320247	2	822	T	A
D1_N1	0.00415250919544	1	227	A	G
D1_N1	0.00416184251701	1	75	T	C
D1_N1	0.00435075559162	2	95	A	T
D1_N1	0.00446522255584	1	864	A	G
D1_N1	0.00508751691504	2	328	G	A
D1_N1	0.00582683146303	2	520	C	A
D1_N1	0.00648267543868	2	179	T	C
D1_N1	0.00650720414461	1	757	A	G
D1_N1	0.00681398611022	2	766	G	A
D1_N1	0.00759321967743	1	636	A	T
D1_N1	0.00799001464219	2	828	T	C
D1_N1	0.0081165175121	1	604	C	T
D1_N1	0.00851505286054	2	598	A	G
D1_N1	0.00862776052925	1	802	C	T
N1_castellii	0.000117248412457	2	831	A	G
N1_castellii	0.000486281353219	1	846	T	A
N1_castellii	0.000510613308626	2	433	A	C
N1_castellii	0.000793678525832	1	576	A	G
N1_castellii	0.00156939277633	1	745	T	C
N1_castellii	0.00166231812656	1	795	C	G
N1_castellii	0.00171248468862	1	639	A	T
N1_castellii	0.00225866939168	2	687	A	C
N1_castellii	0.00281962249539	1	264	C	T
N1_castellii	0.00343429857654	1	688	C	T
N1_castellii	0.00349404108322	2	67	T	G
N1_castellii	0.00426283667571	2	624	T	C
N1_castellii	0.00458879910403	1	207	T	C
N1_castellii	0.00496173664145	2	903	G	C
N1_castellii	0.00511646876646	2	759	C	T
N1_castellii	0.00536098299492	2	225	G	T
N1_castellii	0.00596747795815	1	777	A	G
N1_castellii	0.00622272223169	2	173	A	G
N1_castellii	0.00690383153953	1	909	C	T
N1_castellii	0.00753940412669	1	780	C	G
N1_castellii	0.00778279784552	2	687	C	T
N1_castellii	0.00876514123942	2	470	C	T
N1_castellii	0.00876606141168	1	868	A	G
N1_castellii	0.00879950242802	1	890	T	C
N1_castellii	0.0090510245533	1	861	A	G
N1_castellii	0.00927500852806	1	37	T	C
N1_castellii	0.00966832923629	2	633	T	C
N1_castellii	0.00969293044415	2	121	T	C
N1_N2	5.39734784846e-05	1	457	A	G
N1_N2	0.000277096371707	2	871	G	A
N1_N2	0.000810575010183	1	726	T	C
N1_N2	0.00152560102719	1	868	A	G
N1_N2	0.00258477421632	2	442	G	A
N1_N2	0.00324546581558	2	655	A	G
N1_N2	0.0032679631348	1	927	T	A
N1_N2	0.00341270142129	1	622	A	G
N1_N2	0.00341899549644	2	243	G	T
N1_N2	0.00372306262451	1	423	C	T
N1_N2	0.00410523974433	1	394	A	C
N1_N2	0.00413787500208	1	693	A	G
N1_N2	0.00417605638503	2	350	T	G
N1_N2	0.00433560323977	1	449	C	T
N1_N2	0.00465738315505	1	348	T	C
N1_N2	0.00465747087635	1	230	T	C
N1_N2	0.00476212410823	2	284	G	A
N1_N2	0.00477684152443	1	606	G	A
N1_N2	0.00489931063173	1	732	G	A
N1_N2	0.00493516765464	2	444	C	A
N1_N2	0.00572816390567	2	685	A	G
N1_N2	0.00578113367309	2	855	T	C
N1_N2	0.00632474329114	1	246	G	A
N1_N2	0.00658204222203	2	23	A	G
N1_N2	0.00691855536427	2	509	C	T
N1_N2	0.00764471399158	1	278	G	A
N1_N2	0.00777305416664	1	720	C	T
N1_N2	0.00897648525476	2	726	T	G
N1_N2	0.00965663791452	2	309	T	G
N1_N2	0.00982321658996	2	744	A	G
N1_N2	0.00992435556756	2	939	T	C
N2_bayanus	0.000524626774492	2	588	G	A
N2_bayanus	0.00125394113346	1	794	T	C
N2_bayanus	0.00250382640239	1	52	G	T
N2_bayanus	0.0031448443642	2	379	A	G
N2_bayanus	0.00343430082881	1	811	A	G
N2_bayanus	0.00354771731324	1	428	G	A
N2_bayanus	0.00360635564272	1	286	T	C
N2_bayanus	0.00364930369093	2	461	C	T
N2_bayanus	0.00375457030883	1	123	C	T
N2_bayanus	0.00397356396501	2	89	A	C
N2_bayanus	0.00500277530599	1	854	A	G
N2_bayanus	0.00551868250984	1	860	C	G
N2_bayanus	0.00568213817798	1	382	G	A
N2_bayanus	0.00640441881456	1	541	C	T
N2_bayanus	0.00704007395125	1	150	T	C
N2_bayanus	0.00704532390987	1	750	T	C
N2_bayanus	0.00705594584214	2	590	T	C
N2_bayanus	0.00813414648587	2	417	A	G
N2_bayanus	0.00823720311086	2	771	A	G
N2_bayanus	0.00879906942043	1	26	A	T
N2_bayanus	0.00888373479543	2	186	C	T
N2_bayanus	0.00894938699346	2	710	C	T
N2_bayanus	0.00952842755676	2	306	T	C
N2_bayanus	0.00999831439098	2	942	A	C
N2_N3	0.000671655415334	2	245	T	A
N2_N3	0.000730303688995	1	127	T	G
N2_N3	0.000787576829713	1	801	G	A
N2_N3	0.000878283081141	2	428	G	A
N2_N3	0.000942010406439	1	804	G	T
N2_N3	0.00103286362468	2	873	C	T
N2_N3	0.00133396223973	1	593	C	G
N2_N3	0.00138055338123	1	867	C	T
N2_N3	0.00225746844937	2	738	G	A
N2_N3	0.00232796471606	2	61	G	C
N2_N3	0.0041490672827	2	545	T	C
N2_N3	0.00483628430271	2	690	G	C
N2_N3	0.00499333785249	1	669	G	A
N2_N3	0.00596762506423	1	111	A	G
N2_N3	0.00617976403229	2	630	A	G
N2_N3	0.00619255368711	2	795	C	T
N2_N3	0.00662476058766	2	867	C	T
N2_N3	0.00670635126123	2	882	A	G
N2_N3	0.00682057438429	2	861	A	G
N2_N3	0.00728930819272	1	753	C	T
N2_N3	0.00773736411914	2	723	C	T
N2_N3	0.00829901791872	2	664	G	A
N2_N3	0.00876588482621	2	71	A	G
N2_N3	0.00888094076529	2	657	C	T
N2_N3	0.00895757293981	2	60	T	C
N2_N3	0.00920212980614	1	240	T	G
N2_N3	0.0095100588323	1	594	G	A
N2_N3	0.00969669977854	2	14	C	T
N3_kudriavzevii	6.09029122864e-05	2	840	G	A
N3_kudriavzevii	0.000433538877171	2	767	G	A
N3_kudriavzevii	0.0010874693422	1	91	A	G
N3_kudriavzevii	0.00120830865388	2	639	A	G
N3_kudriavzevii	0.00202660242706	2	741	C	T
N3_kudriavzevii	0.00227367903828	2	858	C	G
N3_kudriavzevii	0.00235000125832	1	726	C	A
N3_kudriavzevii	0.00285026963085	1	23	A	G
N3_kudriavzevii	0.00309767448702	1	798	C	T
N3_kudriavzevii	0.00320471192422	1	566	T	C
N3_kudriavzevii	0.00322169358618	2	443	C	T
N3_kudriavzevii	0.00397454220623	2	214	C	T
N3_kudriavzevii	0.00398006531811	2	570	C	T
N3_kudriavzevii	0.00410403002377	2	599	C	T
N3_kudriavzevii	0.00499663022154	2	315	A	G
N3_kudriavzevii	0.00514155653074	1	825	T	C
N3_kudriavzevii	0.00544177953723	2	14	T	G
N3_kudriavzevii	0.00553842579613	2	93	G	T
N3_kudriavzevii	0.00577156142885	2	433	A	G
N3_kudriavzevii	0.00587865493307	2	215	C	T
N3_kudriavzevii	0.00602476486878	1	822	T	C
N3_kudriavzevii	0.00662433749005	2	923	G	C
N3_kudriavzevii	0.006743545119	2	560	A	G
N3_kudriavzevii	0.00738190929967	2	883	C	T
N3_kudriavzevii	0.00744555138483	2	603	T	C
N3_kudriavzevii	0.00779642049273	2	820	G	A
N3_kudriavzevii	0.0078853763287	2	822	A	G
N3_kudriavzevii	0.00801716510306	1	687	A	G
N3_kudriavzevii	0.00802870848439	1	222	T	C
N3_kudriavzevii	0.00808501707334	2	714	A	C
N3_kudriavzevii	0.00863098404537	1	23	G	T
N3_kudriavzevii	0.00896588764018	2	538	A	C
N3_kudriavzevii	0.00918021511852	2	315	G	A
N3_kudriavzevii	0.00996101725356	1	801	A	G
N3_N4	0.000768087243054	1	930	C	T
N3_N4	0.00183984195729	1	293	T	C
N3_N4	0.00206552254408	1	756	T	C
N3_N4	0.00229431348247	2	451	A	C
N3_N4	0.00276144071762	1	925	G	A
N3_N4	0.0028351749563	2	208	C	T
N3_N4	0.00312053442039	2	558	G	T
N3_N4	0.00366003220182	2	579	G	A
N3_N4	0.0037151471248	2	699	T	A
N3_N4	0.00430641849638	1	102	G	A
N3_N4	0.00453199828493	1	327	A	G
N3_N4	0.00466475209131	2	945	C	T
N3_N4	0.00496769655889	1	780	C	T
N3_N4	0.00547017502707	1	852	T	C
N3_N4	0.00569451710554	2	924	T	G
N3_N4	0.00571005419249	2	777	A	G
N3_N4	0.0060900387959	1	234	A	G
N3_N4	0.00673444498551	2	482	C	A
N3_N4	0.00710622863545	1	121	T	C
N3_N4	0.00723696200313	1	140	T	C
N3_N4	0.00804763876892	1	170	T	G
N3_N4	0.00930082409213	2	38	C	A
N4_mikatae	4.43816253559e-05	1	454	A	G
N4_mikatae	0.000278922352052	1	69	G	A
N4_mikatae	0.00152311513184	1	732	A	G
N4_mikatae	0.00164071066449	2	141	T	C
N4_mikatae	0.00182085048353	2	142	A	T
N4_mikatae	0.00303350664133	1	765	G	A
N4_mikatae	0.00310423963913	1	654	A	C
N4_mikatae	0.00345357380316	1	398	C	A
N4_mikatae	0.00361692969311	2	828	C	T
N4_mikatae	0.0041011163568	2	783	A	T
N4_mikatae	0.00462862115109	2	762	C	T
N4_mikatae	0.00532181252451	2	693	A	G
N4_mikatae	0.00533842968305	2	762	T	C
N4_mikatae	0.00586087105462	2	343	G	C
N4_mikatae	0.00587190557687	2	576	A	C
N4_mikatae	0.00724523910163	2	352	A	C
N4_mikatae	0.0081726166731	2	723	T	C
N4_mikatae	0.00850962099657	1	326	A	C
N4_mikatae	0.00859953522929	1	802	T	A
N4_mikatae	0.009047846094	1	242	C	A
N4_mikatae	0.00918426855234	2	651	C	T
N4_mikatae	0.00953767187882	2	582	A	T
N4_mikatae	0.00982039681579	2	864	A	G
N4_N5	0.000439559689713	2	87	T	C
N4_N5	0.00067188118847	1	647	G	A
N4_N5	0.000765346508028	1	777	A	G
N4_N5	0.000865230382584	2	672	G	A
N4_N5	0.000981088868173	2	915	A	T
N4_N5	0.00129716466492	1	533	A	C
N4_N5	0.00167436537376	1	741	T	C
N4_N5	0.00207288589456	2	744	G	T
N4_N5	0.00221130594103	1	69	G	A
N4_N5	0.00224735173444	1	888	G	A
N4_N5	0.00308914296167	1	519	T	C
N4_N5	0.00321421143372	1	395	C	T
N4_N5	0.00351206840875	2	657	T	C
N4_N5	0.00363761836967	2	891	C	T
N4_N5	0.00364413637875	2	645	A	G
N4_N5	0.00369973929875	1	134	G	A
N4_N5	0.0044477004302	1	763	G	A
N4_N5	0.00453382122522	1	942	A	G
N4_N5	0.00479988029474	2	720	C	T
N4_N5	0.00503508778537	1	660	A	G
N4_N5	0.0051835911906	1	843	C	T
N4_N5	0.00588781464471	1	843	T	C
N4_N5	0.00626408536012	2	372	C	T
N4_N5	0.00652222209812	2	807	T	A
N4_N5	0.00674662419355	2	597	C	T
N4_N5	0.00727899658261	1	834	T	C
N4_N5	0.00751290801672	2	459	G	A
N4_N5	0.00814883292825	2	61	C	T
N4_N5	0.00820740538247	1	420	G	C
N4_N5	0.0085984074717	1	150	T	C
N4_N5	0.00887061164987	1	687	A	G
N4_N5	0.00903415660457	2	143	C	T
N4_N5	0.00911356403736	1	834	C	T
N4_N5	0.00922444373753	1	822	T	C
N4_N5	0.00977757045946	2	685	G	A
N4_N5	0.00988791703266	1	927	A	G
N4_N5	0.00995648709821	1	663	A	G
N5_paradoxus	0.000127767128947	2	873	T	C
N5_paradoxus	0.000750628973386	1	54	G	T
N5_paradoxus	0.000866773935375	2	476	T	A
N5_paradoxus	0.00136696645415	2	21	G	A
N5_paradoxus	0.00167768211719	2	350	G	A
N5_paradoxus	0.00203622325478	2	696	A	C
N5_paradoxus	0.00220670728069	1	694	C	T
N5_paradoxus	0.0022489751743	2	558	T	C
N5_paradoxus	0.00238959793287	1	465	C	T
N5_paradoxus	0.00268731303029	1	748	A	G
N5_paradoxus	0.0031336012993	2	756	T	C
N5_paradoxus	0.00334196700879	1	612	C	T
N5_paradoxus	0.00368537681688	2	70	T	C
N5_paradoxus	0.00373282521209	2	175	C	T
N5_paradoxus	0.00412645274246	1	461	C	G
N5_paradoxus	0.00511948653852	2	687	A	G
N5_paradoxus	0.00516884715248	2	945	T	C
N5_paradoxus	0.00518692608083	2	10	C	A
N5_paradoxus	0.00549398907876	1	705	G	C
N5_paradoxus	0.00558553514087	1	538	A	C
N5_paradoxus	0.00596930807468	1	327	G	A
N5_paradoxus	0.00598665441682	1	356	T	C
N5_paradoxus	0.00604349864366	1	21	G	A
N5_paradoxus	0.00612337466984	1	690	G	C
N5_paradoxus	0.00728936144258	2	852	T	G
N5_paradoxus	0.00792206494129	2	252	C	T
N5_paradoxus	0.00795562542071	1	831	A	G
N5_paradoxus	0.00916629405531	2	59	C	T
N5_paradoxus	0.00927972515402	1	474	T	C
N5_paradoxus	0.00937123635677	1	882	A	T
N5_paradoxus	0.00949129708442	2	765	G	C
N5_paradoxus	0.00959616163723	1	478	A	G
N5_paradoxus	0.0098614727072	2	637	A	G
N5_cerevisiae	0.000245806120888	2	732	G	A
N5_cerevisiae	0.000429662357649	2	714	A	G
N5_cerevisiae	0.000607764363575	1	46	T	A
N5_cerevisiae	0.000908133016054	1	132	T	G
N5_cerevisiae	0.0013813348963	1	723	C	T
N5_cerevisiae	0.00140030625214	2	937	G	T
N5_cerevisiae	0.00144863520365	2	783	A	G
N5_cerevisiae	0.00153568715947	2	621	G	A
N5_cerevisiae	0.00181381570337	2	690	C	G
N5_cerevisiae	0.0023572625879	2	807	A	G
N5_cerevisiae	0.00260736428827	1	941	G	A
N5_cerevisiae	0.00296956606862	1	406	A	G
N5_cerevisiae	0.00314249921526	1	252	C	T
N5_cerevisiae	0.00324120600168	1	163	G	T
N5_cerevisiae	0.00418039360656	2	17	A	T
N5_cerevisiae	0.00486692389345	1	873	T	C
N5_cerevisiae	0.00489787600594	2	681	T	C
N5_cerevisiae	0.00551301680669	1	888	A	G
N5_cerevisiae	0.00561900981523	2	298	C	T
N5_cerevisiae	0.00602830820195	2	930	C	G
N5_cerevisiae	0.0065624595311	1	888	G	A
N5_cerevisiae	0.00689990404995	2	703	C	G
N5_cerevisiae	0.00732558037544	2	660	A	G
N5_cerevisiae	0.0074465813379	2	440	T	C
N5_cerevisiae	0.0080900386524	1	903	G	A
N5_cerevisiae	0.00840699621502	1	11	C	A
N5_cerevisiae	0.00845106036992	1	630	A	G
N5_cerevisiae	0.00878105489404	2	196	C	G
N5_cerevisiae	0.00882278990207	1	657	C	G
N5_cerevisiae	0.00885626572153	1	666	A	G
N5_cerevisiae	0.00941224147892	1	91	A	G
N5_cerevisiae	0.00969358571394	2	742	C	T
N5_cerevisiae	0.00995749486558	1	100	G	A
