edge	time	mut_orlg	mut_pos	old_state	new_state
N0_kluyveri	0.000497820163556	0	317	C	T
N0_kluyveri	0.00124498703401	0	215	C	T
N0_kluyveri	0.00130452195913	0	197	C	T
N0_kluyveri	0.00199978499948	0	476	C	T
N0_kluyveri	0.00218128579115	0	272	T	C
N0_kluyveri	0.0024761717456	0	59	T	C
N0_kluyveri	0.00302754298026	0	440	A	G
N0_kluyveri	0.00309655521148	0	167	A	G
N0_kluyveri	0.00412841266828	0	167	G	A
N0_kluyveri	0.00514721998019	0	335	A	G
N0_kluyveri	0.00524376208262	0	9	A	G
N0_kluyveri	0.0053277847288	0	491	C	T
N0_kluyveri	0.00548664544547	0	434	T	C
N0_kluyveri	0.00568622454382	0	39	T	C
N0_kluyveri	0.00611182631747	0	290	T	C
N0_kluyveri	0.00624392723088	0	374	G	A
N0_kluyveri	0.00626550511706	0	335	G	A
N0_kluyveri	0.00651630768329	0	257	T	G
N0_kluyveri	0.00657327530478	0	485	T	A
N0_kluyveri	0.00690232822988	0	314	T	C
N0_kluyveri	0.00713741508254	0	452	A	G
N0_kluyveri	0.00733835352632	0	404	T	C
N0_kluyveri	0.00814697930855	0	449	T	C
N0_kluyveri	0.00822579416732	0	203	C	T
N0_kluyveri	0.0111451308171	0	422	A	G
N0_kluyveri	0.0112551579891	0	32	T	C
N0_kluyveri	0.0113226178908	0	41	T	C
N0_kluyveri	0.011875533748	0	131	T	C
N0_kluyveri	0.0120732062619	0	479	G	A
N0_kluyveri	0.0127053775648	0	434	C	T
N0_kluyveri	0.0130871944738	0	125	C	T
N0_kluyveri	0.0137881217104	0	392	C	T
N0_kluyveri	0.0138607341435	0	470	A	G
N0_D1	8.7841459411e-05	0	479	G	A
N0_D1	0.000648709620157	0	371	A	T
N0_D1	0.000829342767666	0	371	T	C
N0_D1	0.00101560954872	0	341	T	C
D1_N1	2.72820097465e-05	2	467	A	G
D1_N1	0.000186730863826	1	398	G	A
D1_N1	0.000298293432043	1	77	C	T
D1_N1	0.000539551787068	2	128	C	T
D1_N1	0.000851158603437	2	389	G	A
D1_N1	0.000921348392433	2	5	C	T
D1_N1	0.00117468700487	1	320	A	G
D1_N1	0.00122125687241	2	230	A	G
D1_N1	0.00167347769181	2	93	C	T
D1_N1	0.00172875150678	1	392	C	A
D1_N1	0.00199910222204	1	239	T	C
D1_N1	0.00243012957494	1	340	G	A
D1_N1	0.0025140991229	2	206	G	A
D1_N1	0.00292044845253	1	257	T	C
D1_N1	0.00317376861988	2	89	T	C
D1_N1	0.00323998477404	2	302	T	C
D1_N1	0.00332675149555	1	296	T	C
N1_castellii	7.66594032649e-05	1	431	G	A
N1_castellii	0.000893305853665	1	98	A	G
N1_castellii	0.00117264324261	1	389	G	A
N1_castellii	0.00132389029976	1	305	G	A
N1_castellii	0.0021665553165	1	440	A	G
N1_castellii	0.00233677336398	2	194	G	A
N1_castellii	0.00245583790662	2	84	C	T
N1_castellii	0.00289714948143	2	367	G	A
N1_castellii	0.0032592154003	1	107	T	C
N1_castellii	0.0033502601737	2	120	T	C
N1_castellii	0.00350214179254	2	65	A	T
N1_castellii	0.00350462103963	1	17	C	T
N1_castellii	0.00361154497041	1	206	G	A
N1_castellii	0.0043572340982	1	305	A	G
N1_castellii	0.00465669784681	2	23	A	G
N1_castellii	0.00506757572802	1	254	C	T
N1_castellii	0.00520927326536	1	200	C	T
N1_castellii	0.00546387148408	2	209	C	T
N1_castellii	0.006459424685	1	428	C	T
N1_castellii	0.00704490683445	2	95	T	C
N1_castellii	0.00745597412729	1	14	C	T
N1_castellii	0.00771880655924	1	293	C	T
N1_castellii	0.00777137153646	1	266	C	T
N1_castellii	0.00778149658671	1	59	T	C
N1_castellii	0.00803612742211	1	71	C	T
N1_castellii	0.00811505619499	2	413	T	A
N1_castellii	0.00866197125213	1	464	A	G
N1_castellii	0.00871029546637	2	446	A	G
N1_castellii	0.00903883668076	2	101	C	T
N1_castellii	0.00908386927967	2	79	G	A
N1_castellii	0.0091908044002	1	425	A	G
N1_castellii	0.00938796732919	1	92	G	A
N1_castellii	0.0095805099253	1	230	A	G
N1_castellii	0.0097924927758	1	332	C	T
N1_castellii	0.0100114089668	2	350	T	C
N1_castellii	0.0100308442835	2	2	T	C
N1_castellii	0.0102523096425	1	296	C	T
N1_castellii	0.0103527074732	1	431	A	G
N1_castellii	0.010428307524	2	155	C	T
N1_castellii	0.0105078570649	2	479	A	G
N1_castellii	0.0106345727948	2	35	T	C
N1_castellii	0.010636305081	1	371	C	T
N1_castellii	0.0107293069814	1	122	C	T
N1_castellii	0.0109704250106	1	71	T	C
N1_castellii	0.0110424000153	1	272	T	C
N1_castellii	0.0110494934463	2	398	G	A
N1_castellii	0.0112400358602	1	53	T	G
N1_castellii	0.0112695978047	2	377	G	A
N1_castellii	0.0112733436159	2	56	A	G
N1_castellii	0.0112897538598	2	464	A	G
N1_castellii	0.0113042057524	1	83	C	T
N1_castellii	0.0113534699485	2	149	T	C
N1_castellii	0.0114217193379	1	485	T	C
N1_castellii	0.0116864526616	1	88	G	A
N1_castellii	0.0123583157031	2	149	C	T
N1_castellii	0.0124329588039	2	434	T	C
N1_N2	0.000231920154978	1	424	G	A
N1_N2	0.000310444310439	2	299	T	C
N1_N2	0.000314050829327	2	314	T	C
N1_N2	0.000505542822709	1	350	T	C
N1_N2	0.00114236220702	1	200	C	T
N1_N2	0.00152936272801	1	140	G	A
N1_N2	0.00156001127945	1	374	G	A
N1_N2	0.002273196499	2	434	T	C
N1_N2	0.00297827266084	2	482	C	T
N1_N2	0.00298555915077	2	281	A	G
N1_N2	0.00299658935204	2	71	C	T
N1_N2	0.0034106518798	1	179	C	T
N1_N2	0.00353500421645	1	218	G	A
N1_N2	0.00357239608266	1	209	C	G
N1_N2	0.00385746608373	2	282	T	C
N1_N2	0.00456317623693	2	26	G	A
N1_N2	0.00462213597232	1	275	T	C
N1_N2	0.00475241906118	2	56	A	G
N1_N2	0.00477231661964	1	335	A	G
N1_N2	0.00496388806532	2	188	G	A
N1_N2	0.00505531779656	1	179	T	C
N1_N2	0.0051761433661	2	44	A	G
N1_N2	0.00533725738071	2	263	A	G
N1_N2	0.00536077393763	2	86	A	T
N1_N2	0.00546499729748	2	317	C	T
N1_N2	0.00559935371363	2	316	C	T
N1_N2	0.00561031005407	1	182	T	C
N1_N2	0.00609423658105	2	74	T	C
N1_N2	0.00612165090451	1	323	G	A
N1_N2	0.00647850499451	1	3	T	C
N1_N2	0.00686771928398	2	284	A	G
N1_N2	0.00700585658666	2	146	C	T
N1_N2	0.00709595574807	1	206	G	A
N1_N2	0.00735705749592	1	62	T	C
N1_N2	0.00736691626749	1	437	A	G
N1_N2	0.00770754490765	2	26	A	G
N1_N2	0.0077772149064	1	201	G	A
N1_N2	0.00786747248362	1	71	C	T
N1_N2	0.00794230476195	1	332	C	T
N1_N2	0.00800386877663	2	11	C	T
N1_N2	0.00821079140281	2	374	G	A
N1_N2	0.00843889084115	1	416	C	T
N1_N2	0.00885865918997	1	152	C	T
N1_N2	0.00890593051053	1	256	T	C
N1_N2	0.00891579520791	1	458	A	G
N1_N2	0.00908616651054	1	86	A	G
N1_N2	0.00939321155001	1	179	C	T
N1_N2	0.00964689467612	1	194	G	A
N1_N2	0.0099280891817	1	490	G	A
N1_N2	0.0100489844091	2	341	C	T
N1_N2	0.0101881946057	2	17	C	A
N1_N2	0.0102676043984	2	356	A	G
N1_N2	0.0105075366335	2	26	G	A
N1_N2	0.0108312276903	2	440	A	G
N1_N2	0.0112412148371	2	455	T	C
N1_N2	0.0114811640227	2	20	A	G
N1_N2	0.0116330198489	1	440	A	G
N1_N2	0.0123247391046	1	122	C	T
N1_N2	0.0126652843663	2	287	C	T
N1_N2	0.0130186109648	1	410	A	G
N1_N2	0.0131812601862	1	92	G	T
N1_N2	0.0132255269099	2	215	C	G
N1_N2	0.0133006696955	2	4	A	G
N1_N2	0.0134552036804	2	401	T	C
N1_N2	0.0136206401802	2	209	C	T
N1_N2	0.013626238878	1	35	T	C
N1_N2	0.0136660432547	2	107	T	C
N1_N2	0.0139252821948	2	443	A	G
N1_N2	0.013979391409	1	359	A	G
N1_N2	0.0140187445596	2	296	T	C
N1_N2	0.014088015522	1	293	C	A
N1_N2	0.0141950249834	2	281	G	A
N1_N2	0.0142215068224	1	389	G	A
N1_N2	0.0143155385379	1	124	T	C
N1_N2	0.0148974889945	1	84	C	T
N1_N2	0.0150337082264	2	53	T	C
N1_N2	0.0154279286758	1	191	A	G
N1_N2	0.0155242808621	1	365	T	C
N1_N2	0.0158396157136	2	206	A	G
N2_bayanus	0.000210409478649	1	242	T	C
N2_bayanus	0.000683118666233	1	122	T	C
N2_bayanus	0.000719952292417	2	263	G	A
N2_bayanus	0.000856682354952	1	17	C	T
N2_bayanus	0.00107236055373	2	14	C	T
N2_bayanus	0.001498937169	1	17	T	C
N2_bayanus	0.00157409104959	2	344	C	T
N2_bayanus	0.0017256446486	2	467	G	A
N2_bayanus	0.00189787346319	1	143	T	C
N2_bayanus	0.00227889073285	1	386	G	A
N2_N3	0.000763132269889	2	422	A	G
N2_N3	0.000907839340364	1	350	C	T
N2_N3	0.000912465468409	1	95	T	A
N2_N3	0.00115752646682	1	308	T	C
N2_N3	0.0012436620742	2	284	G	C
N2_N3	0.00138395634086	1	164	G	A
N3_kudriavzevii	0.000192388391291	2	407	A	G
N3_kudriavzevii	0.000313150594703	2	422	G	A
N3_kudriavzevii	0.000390926061418	1	261	T	C
N3_kudriavzevii	0.000830914312102	1	371	C	G
N3_kudriavzevii	0.00202806002316	1	275	C	T
N3_kudriavzevii	0.00213246336458	2	366	T	A
N3_kudriavzevii	0.00231268811975	2	179	C	T
N3_kudriavzevii	0.00236172768671	1	326	G	T
N3_kudriavzevii	0.00315001518644	1	353	G	T
N3_kudriavzevii	0.00348031595118	2	278	A	T
N3_kudriavzevii	0.00361240761562	1	197	C	T
N3_kudriavzevii	0.00370571833049	2	245	T	C
N3_kudriavzevii	0.00397996516679	1	296	C	T
N3_kudriavzevii	0.00400606514812	2	265	T	C
N3_kudriavzevii	0.00448125275161	2	83	C	T
N3_kudriavzevii	0.0048560662214	1	71	T	C
N3_kudriavzevii	0.00486253055119	2	308	T	C
N3_kudriavzevii	0.00520549851727	1	177	G	A
N3_kudriavzevii	0.00548708786411	2	295	A	G
N3_kudriavzevii	0.00564103688384	1	260	G	A
N3_kudriavzevii	0.00580802845118	1	405	T	C
N3_N4	0.000426196557337	2	477	C	T
N3_N4	0.000501146812763	2	479	A	G
N3_N4	0.000634912502111	1	407	A	G
N3_N4	0.00068245390848	1	257	C	T
N3_N4	0.000723605311142	2	193	T	C
N3_N4	0.000792508056002	2	308	T	C
N3_N4	0.000820486340752	1	284	A	T
N3_N4	0.00107835141561	2	68	T	C
N3_N4	0.001116654943	1	299	T	C
N3_N4	0.00127506389567	2	305	G	A
N3_N4	0.0013166849052	2	302	C	T
N3_N4	0.00133274621634	2	19	A	G
N3_N4	0.00196113301242	2	239	T	C
N3_N4	0.00196125555951	2	20	G	A
N3_N4	0.00217107923338	1	186	C	T
N4_mikatae	1.9158336355e-05	2	110	C	T
N4_mikatae	8.65247617156e-05	2	332	C	T
N4_mikatae	0.000404614412956	1	237	T	C
N4_mikatae	0.000938584487395	2	200	C	T
N4_mikatae	0.0017793490192	1	419	A	G
N4_mikatae	0.00202634117324	2	203	C	T
N4_mikatae	0.00208288654967	1	185	A	T
N4_mikatae	0.00210269422641	1	188	G	A
N4_mikatae	0.0023103840817	1	35	C	T
N4_mikatae	0.00231923327016	2	195	A	G
N4_mikatae	0.00240242222113	2	113	A	G
N4_mikatae	0.00247533686506	2	125	C	T
N4_mikatae	0.00257038305256	2	263	G	A
N4_mikatae	0.00273377735668	2	440	G	A
N4_mikatae	0.00276445456089	2	89	C	T
N4_mikatae	0.00281157348866	2	380	G	A
N4_mikatae	0.00296423855932	1	407	G	A
N4_mikatae	0.00312983341921	2	392	C	T
N4_mikatae	0.00322736996635	1	296	C	T
N4_mikatae	0.00322743819706	1	272	T	C
N4_mikatae	0.00342224697022	1	91	C	T
N4_mikatae	0.0039430451087	1	338	G	T
N4_mikatae	0.00396553662233	1	386	G	A
N4_mikatae	0.00411268575836	1	438	C	T
N4_N5	1.81960776673e-05	2	473	T	A
N4_N5	2.98435470062e-05	1	290	T	C
N4_N5	0.000550109321331	2	272	T	C
N4_N5	0.000675495200779	2	350	T	C
N4_N5	0.000821404613088	1	144	G	T
N4_N5	0.00126928401369	2	155	C	T
N5_paradoxus	1.10955842379e-05	1	326	G	T
N5_paradoxus	0.000493939269505	1	437	G	A
N5_paradoxus	0.000543494468964	1	410	G	T
N5_paradoxus	0.000662718296786	1	113	A	G
N5_paradoxus	0.000680616494929	1	377	G	A
N5_paradoxus	0.00142390290447	1	149	T	C
N5_paradoxus	0.00149160147555	1	380	G	A
N5_paradoxus	0.00154652218558	1	404	T	C
N5_cerevisiae	9.94610811618e-06	1	464	A	G
N5_cerevisiae	0.000243695559479	2	11	T	G
N5_cerevisiae	0.000248222369822	1	65	A	C
N5_cerevisiae	0.000476704585001	1	242	T	C
N5_cerevisiae	0.00121778265037	2	392	C	T
N5_cerevisiae	0.0012506057379	1	440	G	A
N5_cerevisiae	0.00132900311598	1	111	C	T
N5_cerevisiae	0.0013444442037	1	314	T	C
N5_cerevisiae	0.00154393222546	2	125	C	T
N5_cerevisiae	0.00193420832512	1	80	C	T
N5_cerevisiae	0.00196175455232	1	361	A	G
N5_cerevisiae	0.00197336123485	1	266	C	T
N5_cerevisiae	0.00241483788673	1	248	T	C
N5_cerevisiae	0.0024608102836	1	212	C	T
N5_cerevisiae	0.00252688275469	2	281	A	G
N5_cerevisiae	0.0026688541732	1	343	C	T
N5_cerevisiae	0.00282084778115	2	260	G	A
N5_cerevisiae	0.00295696110808	1	125	C	T
N5_cerevisiae	0.00301357417204	1	146	C	T
N5_cerevisiae	0.00323245435971	1	164	A	G
N5_cerevisiae	0.00326148012374	1	2	T	C
N5_cerevisiae	0.00327336496738	2	164	G	A
N5_cerevisiae	0.00356046075175	1	323	A	G
N5_cerevisiae	0.00385187897358	1	230	A	T
