edge	time	orlg_from	orlg_to	tract_length	start_pos	stop_pos	num_diff	template_seq	overide_seq
D1_N1	0.000268627297755	1	2	1	150	150	0	A	A
D1_N1	0.000944742002836	2	1	1	730	730	0	C	C
D1_N1	0.00311414724277	2	1	1	539	539	0	A	A
D1_N1	0.0068309947066	2	1	1	239	239	0	A	A
D1_N1	0.0109566566959	1	2	1	385	385	0	C	C
D1_N1	0.0119991013793	1	2	1	404	404	0	G	G
D1_N1	0.0125168071416	2	1	1	481	481	0	A	A
D1_N1	0.0140024869173	1	2	1	97	97	0	T	T
D1_N1	0.0177381845823	2	1	1	246	246	0	C	C
D1_N1	0.0184555393165	1	2	1	119	119	0	C	C
D1_N1	0.0192492328758	1	2	1	567	567	0	A	A
D1_N1	0.0243010958002	1	2	1	494	494	0	A	A
D1_N1	0.024582058588	1	2	1	535	535	0	T	T
D1_N1	0.0256197904971	2	1	1	28	28	0	A	A
D1_N1	0.0377113583297	1	2	1	604	604	0	A	A
D1_N1	0.0386517644178	1	2	1	80	80	0	A	A
D1_N1	0.0427059467524	2	1	1	668	668	0	C	C
D1_N1	0.0436972898254	1	2	1	587	587	0	G	G
D1_N1	0.044293998934	2	1	1	554	554	0	T	T
D1_N1	0.0457674233863	2	1	1	326	326	0	G	G
D1_N1	0.046118092245	2	1	1	697	697	0	A	A
D1_N1	0.049523332703	1	2	1	437	437	0	C	C
D1_N1	0.0501834967133	1	2	1	695	695	0	G	G
D1_N1	0.0508196287945	2	1	1	386	386	0	A	A
D1_N1	0.059992775994	1	2	1	380	380	0	G	G
D1_N1	0.0618635415973	1	2	1	78	78	1	A	T
D1_N1	0.0621638955345	2	1	1	12	12	0	T	T
D1_N1	0.0622293749057	2	1	1	512	512	1	A	G
D1_N1	0.0622642896191	1	2	1	229	229	1	C	T
D1_N1	0.0635279833417	2	1	1	600	600	1	A	G
D1_N1	0.0648224806621	1	2	1	140	140	0	A	A
D1_N1	0.0651016429925	2	1	1	367	367	0	A	A
D1_N1	0.0652526027336	2	1	1	581	581	0	T	T
D1_N1	0.0670361487809	2	1	1	336	336	0	A	A
D1_N1	0.0679628133888	2	1	1	443	443	0	T	T
D1_N1	0.0681772192771	2	1	1	579	579	0	A	A
D1_N1	0.070868182945	2	1	1	543	543	1	A	T
D1_N1	0.0719071794318	2	1	1	173	173	0	A	A
D1_N1	0.0721889943271	2	1	1	380	380	0	G	G
D1_N1	0.0759008126074	2	1	1	243	243	0	A	A
D1_N1	0.0762604536911	2	1	1	721	721	1	C	A
D1_N1	0.0777106228052	1	2	1	340	340	0	T	T
D1_N1	0.0831185194872	2	1	1	417	417	0	T	T
D1_N1	0.0846102110635	2	1	1	703	703	0	C	C
D1_N1	0.0846691721487	2	1	1	112	112	0	C	C
D1_N1	0.0883291259395	1	2	1	263	263	0	G	G
D1_N1	0.0893223197568	1	2	1	226	226	1	C	G
D1_N1	0.0900860307745	1	2	1	444	444	0	T	T
D1_N1	0.0902163175497	2	1	1	18	18	0	C	C
D1_N1	0.0943262251845	2	1	1	433	433	0	G	G
D1_N1	0.094605173376	1	2	1	705	705	1	C	G
D1_N1	0.0959170125347	1	2	1	378	378	0	T	T
D1_N1	0.0966313195372	1	2	1	323	323	0	T	T
D1_N1	0.0977720835388	2	1	1	295	295	0	C	C
D1_N1	0.0983932497297	2	1	1	465	465	0	G	G
D1_N1	0.101188898778	1	2	1	700	700	0	A	A
D1_N1	0.104242898787	2	1	1	240	240	0	C	C
D1_N1	0.104972048744	1	2	1	267	267	0	C	C
D1_N1	0.105563796057	2	1	1	455	455	0	T	T
D1_N1	0.107965243811	2	1	1	246	246	0	C	C
D1_N1	0.108011583201	1	2	1	86	86	0	G	G
D1_N1	0.108895658238	1	2	1	192	192	0	A	A
D1_N1	0.111201117085	1	2	1	463	463	0	A	A
D1_N1	0.116156127925	2	1	1	150	150	0	A	A
D1_N1	0.117033242456	1	2	1	112	112	0	C	C
D1_N1	0.118177361186	2	1	1	646	646	0	A	A
D1_N1	0.118647794154	1	2	1	253	253	1	C	A
D1_N1	0.119037284966	2	1	1	254	254	0	G	G
D1_N1	0.119049034044	2	1	1	141	141	1	T	C
D1_N1	0.119529572596	1	2	1	83	83	0	G	G
D1_N1	0.119652338547	2	1	1	408	408	0	A	A
D1_N1	0.120406202058	2	1	1	499	499	0	C	C
D1_N1	0.120621026649	1	2	1	348	348	1	A	C
D1_N1	0.122124036884	1	2	1	571	571	0	G	G
D1_N1	0.122768225492	2	1	1	7	7	1	A	C
D1_N1	0.12678094026	2	1	1	474	474	0	C	C
D1_N1	0.126965151783	2	1	1	573	573	1	A	G
D1_N1	0.127152552399	2	1	1	445	445	0	C	C
D1_N1	0.129681669742	1	2	1	618	618	0	G	G
D1_N1	0.133278373503	1	2	1	194	194	0	T	T
D1_N1	0.134493006471	1	2	1	100	100	0	T	T
D1_N1	0.135272360261	2	1	1	466	466	1	C	A
D1_N1	0.136639548181	2	1	1	22	22	1	T	C
D1_N1	0.136718137284	2	1	1	530	530	0	A	A
D1_N1	0.140135587455	2	1	1	137	137	0	G	G
D1_N1	0.150630179816	1	2	1	269	269	1	C	A
D1_N1	0.151056814121	2	1	1	392	392	0	C	C
D1_N1	0.151353528485	2	1	1	264	264	0	A	A
D1_N1	0.153041041593	2	1	1	405	405	0	A	A
D1_N1	0.153755309281	2	1	1	73	73	0	G	G
D1_N1	0.154966370435	1	2	1	209	209	1	G	C
D1_N1	0.157346557138	2	1	1	367	367	0	A	A
D1_N1	0.158660323154	1	2	1	243	243	0	A	A
D1_N1	0.159568739051	1	2	1	71	71	1	T	C
D1_N1	0.164116781497	2	1	1	395	395	0	A	A
D1_N1	0.164267318762	1	2	1	725	725	0	A	A
D1_N1	0.169231371094	2	1	1	608	608	1	A	G
D1_N1	0.171208942717	2	1	1	489	489	0	G	G
D1_N1	0.171579049674	2	1	1	312	312	1	C	T
D1_N1	0.178920278953	1	2	1	109	109	0	A	A
D1_N1	0.17980687395	1	2	1	64	64	0	A	A
D1_N1	0.181935479296	1	2	1	40	40	0	C	C
D1_N1	0.182416766998	2	1	1	699	699	0	A	A
D1_N1	0.182599299482	2	1	1	140	140	0	A	A
D1_N1	0.182963140255	1	2	1	270	270	1	G	T
D1_N1	0.183349782386	2	1	1	117	117	0	A	A
D1_N1	0.185059928399	2	1	1	1	1	0	G	G
D1_N1	0.185736636264	2	1	1	386	386	0	A	A
D1_N1	0.185840238646	1	2	1	199	199	0	A	A
D1_N1	0.186095444895	1	2	1	623	623	1	C	T
D1_N1	0.186461862148	2	1	1	707	707	0	A	A
D1_N1	0.188534728384	2	1	1	529	529	0	C	C
D1_N1	0.189460538001	1	2	1	121	121	0	C	C
D1_N1	0.18947682534	2	1	1	715	715	0	A	A
D1_N1	0.189994315337	2	1	1	35	35	1	C	T
D1_N1	0.190514188974	1	2	1	656	656	0	T	T
D1_N1	0.190890664575	2	1	1	563	563	1	A	G
D1_N1	0.194136836349	1	2	1	14	14	0	C	C
D1_N1	0.198882992844	1	2	1	645	645	0	A	A
D1_N1	0.199855400246	1	2	1	677	677	0	A	A
D1_N1	0.204739947318	1	2	1	118	118	1	A	T
D1_N1	0.213219597181	1	2	1	345	345	0	T	T
D1_N1	0.2153721468	1	2	1	474	474	0	C	C
D1_N1	0.215648930856	2	1	1	638	638	0	T	T
D1_N1	0.215881557801	1	2	1	699	699	0	A	A
D1_N1	0.215915402974	1	2	1	223	223	0	A	A
D1_N1	0.215992107357	1	2	1	612	612	0	T	T
D1_N1	0.217160350147	2	1	1	300	300	1	G	T
D1_N1	0.217269694435	1	2	1	648	648	0	A	A
D1_N1	0.217489295439	2	1	1	188	188	0	T	T
D1_N1	0.219937692811	1	2	1	267	267	0	C	C
D1_N1	0.223577177497	2	1	1	371	371	1	T	G
D1_N1	0.223768479415	1	2	1	511	511	0	G	G
D1_N1	0.225813860247	2	1	1	530	530	0	A	A
D1_N1	0.228183708353	2	1	1	183	183	0	T	T
D1_N1	0.230851867693	2	1	1	130	130	0	G	G
N1_N2	0.000141002976201	1	2	1	461	461	0	A	A
N1_N2	0.00113341424253	2	1	1	257	257	0	T	T
N1_N2	0.00328535417394	1	2	1	514	514	0	A	A
N1_N2	0.00506939873317	1	2	1	252	252	0	T	T
N1_N2	0.00561359863181	1	2	1	131	131	1	A	C
N1_N2	0.0075333135	1	2	1	1	1	0	G	G
N1_N2	0.00908001065149	2	1	1	694	694	0	G	G
N1_N2	0.0108440887255	2	1	1	362	362	0	C	C
N1_N2	0.0115186063914	2	1	1	651	651	0	C	C
N1_N2	0.0123882431726	1	2	1	434	434	0	C	C
N1_N2	0.0128983244223	1	2	1	617	617	0	G	G
N1_N2	0.0146654513996	1	2	1	690	690	0	A	A
N1_N2	0.0151591743823	1	2	1	375	375	0	T	T
N2_N3	0.00280246841609	2	1	1	648	648	0	A	A
N3_N4	0.000495859883383	2	1	1	335	335	0	G	G
N3_N4	0.000791810685884	2	1	1	203	203	1	A	T
N3_N4	0.00166412681667	1	2	1	659	659	0	T	T
N3_N4	0.0038658106997	2	1	1	213	213	1	C	A
N3_N4	0.00426659011868	1	2	1	159	159	1	A	C
N3_N4	0.00630914355049	1	2	1	560	560	0	A	A
N4_Human	0.000311054686978	1	2	1	519	519	0	A	A
N4_Human	0.00331110573	1	2	1	74	74	1	G	A
N4_Human	0.00438748820171	2	1	1	621	621	1	T	G
N4_Human	0.00488006246892	2	1	1	370	370	1	C	A
N4_Human	0.00496345577936	1	2	1	432	432	0	T	T
N4_Human	0.00945188033136	1	2	1	127	127	0	T	T
N4_Human	0.00991462419018	1	2	1	609	609	0	G	G
N4_Chimp	0.000557037544857	1	2	1	56	56	0	A	A
N4_Chimp	0.0030859826477	1	2	1	252	252	0	T	T
N4_Chimp	0.00351798713472	1	2	1	139	139	0	T	T
N4_Chimp	0.00354999240097	1	2	1	346	346	0	A	A
N4_Chimp	0.00713227463422	2	1	1	209	209	0	G	G
N4_Chimp	0.00939942128458	2	1	1	50	50	1	C	T
N4_Chimp	0.0105565239926	1	2	1	652	652	0	G	G
N3_Goril	0.00317671806151	2	1	1	430	430	0	G	G
N3_Goril	0.00460013050143	2	1	1	48	48	1	T	C
N3_Goril	0.00521016339072	2	1	1	676	676	0	G	G
N3_Goril	0.00535036737441	2	1	1	418	418	1	T	G
N3_Goril	0.00707317430353	1	2	1	77	77	0	C	C
N3_Goril	0.00754131911845	1	2	1	185	185	1	C	T
N3_Goril	0.00803659016554	1	2	1	715	715	0	A	A
N3_Goril	0.00809608957405	1	2	1	193	193	0	A	A
N3_Goril	0.0111783829642	2	1	1	34	34	0	A	A
N3_Goril	0.012139955786	2	1	1	290	290	1	C	T
N3_Goril	0.0180620465258	1	2	1	546	546	1	G	A
N2_Orang	0.00219997960551	1	2	1	136	136	1	C	T
N2_Orang	0.00292302106017	1	2	1	683	683	1	G	A
N2_Orang	0.00400281147192	2	1	1	474	474	0	C	C
N2_Orang	0.00473767155708	2	1	1	538	538	0	T	T
N2_Orang	0.00490452702484	2	1	1	38	38	0	T	T
N2_Orang	0.00495889431322	1	2	1	64	64	0	A	A
N2_Orang	0.00511473099546	2	1	1	442	442	0	A	A
N2_Orang	0.0100041172275	1	2	1	386	386	0	A	A
N2_Orang	0.0107087517361	2	1	1	208	208	0	C	C
N2_Orang	0.0129062634681	2	1	1	482	482	0	T	T
N2_Orang	0.0130149040319	1	2	1	336	336	0	A	A
N2_Orang	0.0133809452227	1	2	1	361	361	1	G	A
N2_Orang	0.0140288680764	2	1	1	459	459	1	A	G
N2_Orang	0.0168336372866	2	1	1	181	181	0	T	T
N2_Orang	0.018311579438	2	1	1	351	351	0	A	A
N1_Macaq	0.00422776520267	1	2	1	65	65	0	T	T
N1_Macaq	0.00450000682852	1	2	1	686	686	0	C	C
N1_Macaq	0.00984674717563	1	2	1	471	471	0	C	C
N1_Macaq	0.0100882445823	2	1	1	221	221	0	A	A
N1_Macaq	0.0102296597462	2	1	1	122	122	0	T	T
N1_Macaq	0.0103097546061	1	2	1	114	114	0	G	G
N1_Macaq	0.0107699901541	1	2	1	552	552	0	G	G
N1_Macaq	0.0155424487136	2	1	1	155	155	1	T	C
N1_Macaq	0.016783542687	2	1	1	486	486	0	C	C
N1_Macaq	0.018853721029	2	1	1	91	91	0	T	T
N1_Macaq	0.0230085852848	1	2	1	194	194	0	T	T
N1_Macaq	0.0233257701288	2	1	1	187	187	0	G	G
N1_Macaq	0.0296100918129	1	2	1	705	705	1	G	C
N1_Macaq	0.0305674719285	1	2	1	298	298	0	T	T
N1_Macaq	0.0312500975764	2	1	1	120	120	1	T	C
N1_Macaq	0.0318018636832	1	2	1	128	128	1	C	A
N1_Macaq	0.0327304057185	1	2	1	298	298	0	T	T
N1_Macaq	0.0337439316412	1	2	1	635	635	1	T	G
N1_Macaq	0.0352067367607	1	2	1	262	262	0	G	G
N1_Macaq	0.036013505604	2	1	1	643	643	0	C	C
N1_Macaq	0.037205904464	2	1	1	443	443	0	T	T
N1_Macaq	0.0398220239778	1	2	1	205	205	0	C	C
N1_Macaq	0.0427536272445	1	2	1	711	711	1	A	T
