edge	time	mut_orlg	mut_pos	old_state	new_state
N0_D1	0.00143206839233	0	96	G	T
N0_D1	0.00157681119266	0	259	C	A
N0_D1	0.00329987035762	0	311	G	A
N0_D1	0.00510572786901	0	603	A	G
N0_D1	0.0088170186875	0	305	A	G
N0_D1	0.0095689702739	0	384	C	G
N0_D1	0.0116068868676	0	102	C	A
N0_D1	0.0141986646145	0	438	T	A
N0_D1	0.0160234211674	0	106	A	G
N0_D1	0.0164179703222	0	58	C	G
N0_D1	0.0167626261429	0	701	C	T
N0_D1	0.0183365125649	0	347	A	G
N0_D1	0.0186799918896	0	201	G	A
N0_D1	0.0206716443071	0	302	G	A
N0_D1	0.0216980999782	0	553	G	T
N0_D1	0.0221392482373	0	203	T	A
N0_D1	0.022653951443	0	482	A	G
N0_D1	0.0242543322972	0	688	G	T
N0_D1	0.0242763792242	0	45	C	G
N0_D1	0.025398471888	0	117	A	C
N0_D1	0.0257521337363	0	477	C	A
N0_D1	0.0295073064886	0	306	C	G
N0_D1	0.0300159774036	0	471	G	C
N0_D1	0.031307311228	0	595	A	C
N0_D1	0.0322863752152	0	490	T	C
N0_D1	0.032483136244	0	289	G	A
N0_D1	0.042921312391	0	166	C	T
N0_D1	0.0453954527156	0	324	T	G
N0_D1	0.0492952917688	0	192	T	C
D1_N1	0.0002081716327	1	689	T	C
D1_N1	0.000247770999351	1	130	T	A
D1_N1	0.00039118882936	1	582	G	A
D1_N1	0.00138999127121	1	468	C	G
D1_N1	0.00196002590316	1	45	G	C
D1_N1	0.00209989321286	1	185	A	T
D1_N1	0.00215078373108	1	680	A	T
D1_N1	0.00221382344767	2	382	T	C
D1_N1	0.0031541190166	1	35	G	T
D1_N1	0.00316986854512	1	338	A	G
D1_N1	0.00358049585243	1	373	C	A
D1_N1	0.00464598299846	1	692	G	A
D1_N1	0.0049168352347	1	160	A	T
D1_N1	0.00524150626823	1	335	T	G
D1_N1	0.00602481130528	2	264	G	T
D1_N1	0.00722522957114	2	396	A	T
D1_N1	0.00738375510523	1	512	T	C
D1_N1	0.00776359732614	2	401	T	A
D1_N1	0.00789048691671	2	353	G	A
D1_N1	0.00841734883345	2	39	A	C
D1_N1	0.00914746080587	1	624	A	C
D1_N1	0.00924489954429	1	349	T	C
D1_N1	0.00933395402497	2	726	C	T
D1_N1	0.0100070806237	1	171	A	T
D1_N1	0.0101580531542	1	677	A	G
D1_N1	0.0105013064983	2	95	C	G
D1_N1	0.0115638748605	1	161	G	T
D1_N1	0.0121839795562	1	515	A	C
D1_N1	0.0131779896066	1	640	C	T
D1_N1	0.013388780514	2	271	A	G
D1_N1	0.0140369672217	2	381	T	C
D1_N1	0.0145505392681	1	31	G	A
D1_N1	0.015521675821	1	609	A	T
D1_N1	0.0163898012597	2	58	G	T
D1_N1	0.016578759675	1	454	T	C
D1_N1	0.0165990236618	2	75	C	A
D1_N1	0.0169623902979	1	573	T	C
D1_N1	0.0176560721094	1	260	T	C
D1_N1	0.0176569978557	1	729	G	A
D1_N1	0.0178384742696	1	464	G	T
D1_N1	0.0186683321573	2	107	G	A
D1_N1	0.0191693711578	1	208	G	T
D1_N1	0.0192608422542	1	510	G	A
D1_N1	0.0201530970471	2	49	A	T
D1_N1	0.0214212678939	1	92	C	T
D1_N1	0.0214702453911	1	128	T	A
D1_N1	0.0226312883227	1	503	C	T
D1_N1	0.0236428577942	2	254	G	A
D1_N1	0.0244793315961	2	221	T	C
D1_N1	0.0261194990453	2	636	C	G
D1_N1	0.0265441140583	1	512	T	G
D1_N1	0.0265872437413	1	44	C	T
D1_N1	0.0269859237371	1	123	A	T
D1_N1	0.0299001515255	1	716	C	T
D1_N1	0.0304423659316	1	454	C	T
D1_N1	0.0318567808016	2	721	A	G
D1_N1	0.0326878295037	2	311	A	T
D1_N1	0.0327480930971	2	506	C	A
D1_N1	0.0328675850064	1	148	A	G
D1_N1	0.0350184528831	2	443	G	A
D1_N1	0.0350473484982	2	188	A	T
D1_N1	0.0356603515539	2	214	A	T
D1_N1	0.0364788223727	1	523	C	G
D1_N1	0.0375811152076	1	607	G	A
D1_N1	0.0380066021545	1	566	A	G
D1_N1	0.0391640753286	1	186	G	A
D1_N1	0.0393433692084	1	379	A	T
D1_N1	0.0399824666461	1	638	T	A
D1_N1	0.0406214837945	1	142	A	T
D1_N1	0.0437163130418	1	208	T	C
D1_N1	0.0437774701815	2	290	T	C
D1_N1	0.0444867608386	2	187	T	A
D1_N1	0.0446040739179	1	659	A	T
D1_N1	0.0484693530268	2	369	A	G
D1_N1	0.0492530236907	1	226	T	C
D1_N1	0.0503484798566	2	532	G	A
D1_N1	0.0506347726636	1	256	T	A
D1_N1	0.0511889249001	2	205	G	T
D1_N1	0.0514357403693	1	677	G	C
D1_N1	0.0519753800863	1	561	C	A
D1_N1	0.0520310813503	1	378	A	G
D1_N1	0.0521407923558	1	20	T	C
D1_N1	0.0545873289264	2	92	C	T
D1_N1	0.054964091383	1	530	C	G
D1_N1	0.0551249159545	2	337	G	T
D1_N1	0.0562063355781	1	74	T	G
D1_N1	0.0562505765279	1	364	G	T
D1_N1	0.0565607576818	2	136	C	T
D1_N1	0.0569466472273	1	6	A	G
D1_N1	0.0576836211457	1	396	A	T
D1_N1	0.0581185860945	1	417	T	C
D1_N1	0.0584283258143	1	358	G	C
D1_N1	0.0602117514521	1	51	A	G
D1_N1	0.0607395648152	2	603	G	C
D1_N1	0.0629742536222	2	431	C	A
D1_N1	0.0638386940224	2	342	G	C
D1_N1	0.0642366715971	2	270	C	T
D1_N1	0.0681365179603	1	33	A	C
D1_N1	0.0684951644888	2	329	G	A
D1_N1	0.0685659078513	2	679	G	T
D1_N1	0.0686769918689	1	599	C	G
D1_N1	0.0690655785946	2	145	A	G
D1_N1	0.0696289046668	1	666	C	T
D1_N1	0.0704463892504	1	673	T	A
D1_N1	0.0711884141803	1	232	G	A
D1_N1	0.0713264208005	1	336	T	A
D1_N1	0.071629316319	1	53	A	T
D1_N1	0.0725239694656	1	130	A	T
D1_N1	0.0730132861382	2	371	G	A
D1_N1	0.0742801904999	1	376	T	A
D1_N1	0.0751384357243	2	113	C	T
D1_N1	0.0762292842326	1	508	A	C
D1_N1	0.0773082790444	1	145	A	G
D1_N1	0.0781514768603	1	157	T	C
D1_N1	0.0799708800414	2	349	T	A
D1_N1	0.0809891996156	2	504	G	T
D1_N1	0.0816126804801	1	120	C	A
D1_N1	0.0826866023122	1	14	T	A
D1_N1	0.0830313080548	1	158	A	G
D1_N1	0.0858708844299	2	700	A	C
D1_N1	0.0885078980972	2	135	T	A
D1_N1	0.0904187859435	2	576	C	T
D1_N1	0.0905154523357	1	148	G	A
D1_N1	0.0910614095314	1	408	C	A
D1_N1	0.0912011490429	2	72	A	G
D1_N1	0.0916566614802	1	37	G	T
D1_N1	0.0920740085637	2	426	G	T
D1_N1	0.0925200459532	2	187	A	G
D1_N1	0.0930433742027	2	277	G	T
D1_N1	0.0931099311633	2	248	C	A
D1_N1	0.0934890477357	1	393	A	T
D1_N1	0.0936371056813	1	253	G	A
D1_N1	0.0937071329919	2	189	C	A
D1_N1	0.0939110989332	2	4	G	T
D1_N1	0.0953627350583	2	707	A	T
D1_N1	0.0967376049499	2	177	G	T
D1_N1	0.0977365011125	2	533	G	A
D1_N1	0.0989364090468	1	540	C	A
D1_N1	0.100580350428	1	79	G	A
D1_N1	0.101116650425	2	501	C	A
D1_N1	0.101196585705	2	8	T	G
D1_N1	0.101936047442	1	161	T	G
D1_N1	0.102372213714	1	653	T	C
D1_N1	0.102400521311	2	38	C	T
D1_N1	0.103568904543	1	306	G	T
D1_N1	0.104233233659	2	626	T	G
D1_N1	0.10426684154	2	170	A	G
D1_N1	0.104614905054	1	21	C	A
D1_N1	0.104688042661	1	35	T	G
D1_N1	0.105000433945	1	196	T	G
D1_N1	0.106623639737	2	121	G	T
D1_N1	0.106899075845	1	155	G	C
D1_N1	0.108236370417	2	411	G	A
D1_N1	0.108331945376	1	477	A	G
D1_N1	0.10917212891	2	579	A	G
D1_N1	0.109309278309	2	31	G	T
D1_N1	0.109567205441	1	131	C	A
D1_N1	0.109993942176	1	395	C	T
D1_N1	0.110170314853	2	498	A	G
D1_N1	0.110623054091	1	484	A	T
D1_N1	0.110669950196	1	659	T	A
D1_N1	0.110946743043	2	698	T	G
D1_N1	0.111035090058	2	214	T	C
D1_N1	0.111271155483	2	710	C	T
D1_N1	0.112488312238	2	23	C	T
D1_N1	0.112861370683	2	405	G	A
D1_N1	0.112914824739	1	670	A	G
D1_N1	0.113180979734	1	457	G	A
D1_N1	0.113526158159	1	402	A	C
D1_N1	0.113778919913	2	648	C	A
D1_N1	0.114091141052	1	575	T	A
D1_N1	0.115085791262	2	225	C	T
D1_N1	0.117554587847	1	114	A	C
D1_N1	0.118068826149	1	591	T	G
D1_N1	0.118474088128	1	578	A	T
D1_N1	0.118614459241	1	402	C	T
D1_N1	0.119388418658	1	342	G	A
D1_N1	0.119642350873	1	358	C	A
D1_N1	0.119682379889	2	236	T	A
D1_N1	0.120028369845	1	227	A	G
D1_N1	0.120961240147	2	167	T	A
D1_N1	0.121270868601	1	155	C	G
D1_N1	0.121887900637	2	466	T	C
D1_N1	0.123001941656	2	291	C	A
D1_N1	0.123110032159	1	84	T	A
D1_N1	0.123190624982	1	117	C	A
D1_N1	0.124140369331	2	492	A	T
D1_N1	0.124516874012	2	715	G	T
D1_N1	0.124662866879	1	480	A	G
D1_N1	0.125026580964	1	500	T	G
D1_N1	0.125059984325	1	378	G	T
D1_N1	0.125328820931	1	582	A	G
D1_N1	0.125390211337	2	306	G	A
D1_N1	0.125508522373	1	535	T	C
D1_N1	0.125680527674	1	197	G	A
D1_N1	0.12611453615	2	673	T	G
D1_N1	0.126465316177	2	239	T	C
D1_N1	0.126874337085	1	332	T	C
D1_N1	0.127535373546	2	85	A	G
D1_N1	0.128342742422	2	502	G	A
D1_N1	0.128381181895	1	119	G	A
D1_N1	0.12854277704	2	536	T	C
D1_N1	0.129179616307	2	597	T	G
D1_N1	0.130166599382	2	562	T	G
D1_N1	0.130192198686	2	665	A	T
D1_N1	0.131586094204	1	481	C	T
D1_N1	0.133402169549	2	465	C	T
D1_N1	0.134535177208	1	523	G	C
D1_N1	0.1361594624	1	622	A	C
D1_N1	0.136647864232	1	185	T	A
D1_N1	0.136666654623	1	483	G	T
D1_N1	0.137213631327	2	34	G	C
D1_N1	0.137493358948	1	659	A	G
D1_N1	0.137870289654	1	503	T	C
D1_N1	0.140351742836	2	3	C	A
D1_N1	0.141501165154	2	657	A	C
D1_N1	0.141712573976	2	708	A	C
D1_N1	0.142484482761	1	438	A	G
D1_N1	0.143594958151	2	395	C	A
D1_N1	0.145056351527	1	497	T	C
D1_N1	0.147605706377	1	116	A	C
D1_N1	0.147753304171	1	548	A	C
D1_N1	0.148727695401	1	355	A	T
D1_N1	0.149136804855	2	446	T	C
D1_N1	0.149160104291	1	714	T	C
D1_N1	0.150456554906	1	379	T	C
D1_N1	0.153132082761	1	153	A	G
D1_N1	0.153481856537	1	359	T	G
D1_N1	0.153486541456	2	366	T	A
D1_N1	0.15355537124	2	598	C	G
D1_N1	0.153906745568	1	102	A	T
D1_N1	0.154126463231	1	409	A	G
D1_N1	0.155740588205	2	593	G	A
D1_N1	0.156125159726	2	102	A	G
D1_N1	0.156264332594	1	14	A	T
D1_N1	0.15682771397	1	250	G	A
D1_N1	0.160138795885	1	129	C	T
D1_N1	0.16099350166	2	438	A	C
D1_N1	0.161091218168	2	207	G	T
D1_N1	0.161831812502	2	131	C	A
D1_N1	0.162535271286	2	489	T	C
D1_N1	0.162804687783	2	183	C	G
D1_N1	0.163245456292	1	447	C	T
D1_N1	0.164381301646	1	702	C	G
D1_N1	0.164558483471	1	453	G	C
D1_N1	0.164788228162	1	722	G	A
D1_N1	0.165095609406	1	49	A	G
D1_N1	0.165400619466	1	354	G	A
D1_N1	0.165833243578	2	266	C	T
D1_N1	0.166025079402	1	555	C	T
D1_N1	0.167134832026	2	386	T	A
D1_N1	0.169792786362	2	657	C	A
D1_N1	0.170039008229	1	151	A	G
D1_N1	0.172342981224	1	631	G	A
D1_N1	0.173492718049	1	152	A	G
D1_N1	0.173976849213	1	532	G	A
D1_N1	0.174010122044	1	259	A	C
D1_N1	0.174716876208	1	334	A	G
D1_N1	0.175078562742	2	98	A	C
D1_N1	0.17600596283	1	25	A	C
D1_N1	0.17643058817	2	126	T	C
D1_N1	0.176459080117	2	170	G	T
D1_N1	0.176742879081	1	214	A	C
D1_N1	0.176834714028	1	178	G	A
D1_N1	0.177493332795	1	170	A	C
D1_N1	0.178568518898	2	220	C	T
D1_N1	0.180193910383	2	288	T	C
D1_N1	0.18226555694	2	388	C	T
D1_N1	0.183278248345	2	631	G	A
D1_N1	0.183675180802	2	244	C	A
D1_N1	0.183725536375	1	392	G	A
D1_N1	0.183814894353	2	299	A	T
D1_N1	0.183902318023	1	119	A	T
D1_N1	0.184624375432	2	117	C	G
D1_N1	0.185594473941	1	223	T	C
D1_N1	0.186086915243	2	350	T	A
D1_N1	0.186759190004	2	103	C	A
D1_N1	0.18701153555	1	116	C	T
D1_N1	0.187524964517	1	21	A	G
D1_N1	0.189156676886	2	320	C	T
D1_N1	0.190236138663	2	201	A	G
D1_N1	0.190661326396	2	693	A	G
D1_N1	0.191448241386	1	476	G	T
D1_N1	0.191498511812	2	278	T	C
D1_N1	0.192922219849	2	292	T	A
D1_N1	0.193076165631	2	517	T	A
D1_N1	0.194910917806	1	521	G	C
D1_N1	0.195990633274	1	121	G	A
D1_N1	0.196144621872	2	243	G	A
D1_N1	0.1967628103	2	455	C	A
D1_N1	0.19766418956	2	601	A	C
D1_N1	0.198945309695	1	136	C	A
D1_N1	0.200193118338	2	31	T	A
D1_N1	0.200338728189	2	513	T	G
D1_N1	0.200570449714	1	317	T	A
D1_N1	0.200684931915	2	538	G	T
D1_N1	0.20313500973	1	409	G	T
D1_N1	0.20321838901	2	491	A	G
D1_N1	0.203646041323	1	583	A	G
D1_N1	0.204824795917	1	139	T	C
D1_N1	0.20637196469	1	339	A	G
D1_N1	0.206665128004	2	497	T	A
D1_N1	0.206965628296	1	626	T	A
D1_N1	0.207124031196	1	480	G	A
D1_N1	0.208863452266	1	46	C	A
D1_N1	0.209910974919	2	407	A	C
D1_N1	0.210170874488	2	321	C	T
D1_N1	0.210205913466	1	15	T	C
D1_N1	0.210897219964	2	581	G	A
D1_N1	0.211967219941	2	689	T	A
D1_N1	0.212273896478	1	648	C	T
D1_N1	0.21235918953	2	372	A	G
D1_N1	0.213140811079	2	514	C	T
D1_N1	0.213443505412	1	546	T	A
D1_N1	0.214114147661	2	485	G	T
D1_N1	0.215153820249	2	464	G	A
D1_N1	0.215179391854	2	319	A	G
D1_N1	0.215316405737	1	284	T	C
D1_N1	0.220737353777	2	468	C	T
D1_N1	0.220875736816	1	248	C	A
D1_N1	0.221271362628	2	159	G	A
D1_N1	0.221439494687	2	19	A	G
D1_N1	0.222101813741	2	86	C	T
D1_N1	0.222104297374	1	387	A	C
D1_N1	0.222979752726	2	640	C	T
D1_N1	0.223069076777	2	31	A	G
D1_N1	0.223474825869	2	481	C	A
D1_N1	0.223964505921	2	109	A	G
D1_N1	0.224542801167	1	281	C	G
D1_N1	0.224968963823	1	29	C	T
D1_N1	0.22731942441	1	691	G	C
D1_N1	0.228150278686	2	132	T	C
D1_N1	0.228749644227	2	240	A	T
D1_N1	0.228859402528	1	366	T	G
D1_N1	0.229169162686	2	145	G	C
D1_N1	0.229291638285	2	414	A	G
D1_N1	0.229502258703	1	551	T	C
D1_N1	0.229973279724	1	462	A	T
D1_N1	0.230311354989	1	270	C	T
D1_N1	0.230575624221	2	453	G	A
D1_N1	0.231205395762	1	118	G	T
D1_N1	0.232533606012	2	453	A	T
D1_N1	0.23339190288	2	598	C	T
N1_N2	0.000315027480062	2	316	G	A
N1_N2	0.000814686072941	1	717	T	G
N1_N2	0.00114912371514	1	179	C	T
N1_N2	0.00470826492631	2	345	A	C
N1_N2	0.00828503604922	1	671	C	T
N1_N2	0.00983627741634	2	646	T	C
N1_N2	0.0103270412292	1	418	T	C
N1_N2	0.011475413373	1	717	G	C
N1_N2	0.0121205404417	2	634	A	T
N1_N2	0.01245392952	2	160	A	G
N1_N2	0.0124655660318	1	539	C	G
N1_N2	0.012620497406	2	394	C	T
N1_N2	0.0138246689956	2	618	A	T
N1_N2	0.0149435893613	1	88	T	C
N1_N2	0.0153947402895	1	403	T	A
N2_N3	0.00318022267449	2	538	T	A
N2_N3	0.00388901024491	2	400	A	G
N2_N3	0.00400251597996	1	77	A	G
N2_N3	0.00425815764209	2	207	T	A
N2_N3	0.0050399596986	1	62	T	A
N2_N3	0.00705292402938	2	455	A	C
N3_N4	0.00142105522944	2	270	T	A
N3_N4	0.00164729565136	2	150	T	A
N3_N4	0.00226957922405	1	462	T	A
N3_N4	0.00250072449181	1	434	T	C
N3_N4	0.00255396130813	2	167	A	G
N3_N4	0.00284142496605	2	417	T	G
N3_N4	0.00394344584155	2	706	A	T
N3_N4	0.00412285018737	1	549	C	A
N3_N4	0.00523702909325	1	72	A	T
N3_N4	0.00568089508478	1	385	G	A
N3_N4	0.00601133302935	2	329	G	A
N3_N4	0.00625707798975	1	32	C	T
N3_N4	0.00625969664367	1	632	A	G
N3_N4	0.0067623263464	1	150	T	G
N3_N4	0.00750942508962	2	113	T	A
N3_N4	0.00882442318471	2	344	A	T
N4_Human	0.00116447654121	1	493	T	A
N4_Human	0.00379553885131	1	426	G	A
N4_Human	0.00395949742958	2	360	G	T
N4_Human	0.00399706478623	1	530	G	A
N4_Human	0.00421424360869	2	223	T	G
N4_Human	0.00459738823833	2	117	G	T
N4_Human	0.0054201884277	1	485	G	A
N4_Human	0.00657630370556	2	478	T	C
N4_Human	0.00731997507283	2	473	T	G
N4_Human	0.00780299297009	1	445	A	T
N4_Human	0.00783540037128	2	492	T	C
N4_Human	0.00837585000471	2	179	C	T
N4_Chimp	0.000347657633548	2	482	G	A
N4_Chimp	0.000390888749903	2	108	G	A
N4_Chimp	0.000840465436484	1	670	G	T
N4_Chimp	0.000894978037482	1	14	T	C
N4_Chimp	0.00151618101208	2	463	T	C
N4_Chimp	0.0030227108276	1	116	T	C
N4_Chimp	0.00347919389111	2	497	A	T
N4_Chimp	0.00371316006455	2	145	C	T
N4_Chimp	0.00480944766934	2	281	C	T
N4_Chimp	0.00529323657652	1	698	T	C
N4_Chimp	0.00665502421963	2	705	T	C
N4_Chimp	0.00743728003112	2	220	T	A
N4_Chimp	0.00753693586199	1	310	C	T
N4_Chimp	0.00779242217268	1	374	G	A
N4_Chimp	0.00846237039151	2	31	G	A
N4_Chimp	0.00890375165607	1	506	C	G
N4_Chimp	0.00900720900185	1	2	C	A
N4_Chimp	0.00905634422916	2	408	C	T
N4_Chimp	0.0092744438699	1	477	G	T
N4_Chimp	0.0102922532881	2	595	C	G
N4_Chimp	0.0105217366637	1	241	T	G
N4_Chimp	0.0109740815538	1	508	C	G
N3_Goril	7.38022019627e-05	1	486	T	G
N3_Goril	0.0014902657672	1	153	G	T
N3_Goril	0.00170180715248	1	639	G	A
N3_Goril	0.00239681828933	1	210	G	A
N3_Goril	0.00277636432018	1	467	C	T
N3_Goril	0.00353126914262	1	66	T	C
N3_Goril	0.00404768406971	1	124	T	A
N3_Goril	0.00505522275897	1	283	A	G
N3_Goril	0.00540204253954	1	659	G	A
N3_Goril	0.00572330777095	1	576	C	A
N3_Goril	0.00666623842994	2	405	A	T
N3_Goril	0.00831838948642	1	60	T	A
N3_Goril	0.00860216023805	1	24	T	G
N3_Goril	0.00985480484758	2	119	G	A
N3_Goril	0.0101542541579	1	665	A	C
N3_Goril	0.0105179608758	2	697	G	A
N3_Goril	0.0120757517239	2	466	C	A
N3_Goril	0.012949913556	1	150	T	G
N3_Goril	0.0141749871707	1	725	G	A
N3_Goril	0.014543397914	2	557	T	C
N3_Goril	0.0154693847597	2	514	T	C
N3_Goril	0.0162055485272	1	259	C	T
N3_Goril	0.0163563625865	2	532	A	T
N3_Goril	0.0170042082743	1	283	G	A
N3_Goril	0.017461124967	1	85	A	G
N3_Goril	0.0196849246737	1	62	A	T
N3_Goril	0.0199612294891	1	661	C	G
N2_Orang	0.000365020654506	2	497	A	T
N2_Orang	0.00168917692906	1	309	A	T
N2_Orang	0.0019306638013	2	683	T	C
N2_Orang	0.00205096838151	2	398	T	C
N2_Orang	0.00239619119674	1	613	T	C
N2_Orang	0.00281534424911	2	714	T	C
N2_Orang	0.00305961651003	2	180	A	T
N2_Orang	0.00345151188961	1	35	G	A
N2_Orang	0.0042576868217	2	678	T	G
N2_Orang	0.0053280302834	2	409	A	T
N2_Orang	0.00591630397196	1	138	T	C
N2_Orang	0.0065347275235	2	229	C	G
N2_Orang	0.00654492855804	2	108	G	A
N2_Orang	0.00708323706156	2	344	A	C
N2_Orang	0.00711134208345	1	496	A	T
N2_Orang	0.0079726616947	1	294	A	T
N2_Orang	0.00874019866916	1	370	T	C
N2_Orang	0.00970126544819	2	354	G	T
N2_Orang	0.00973493991996	2	72	G	A
N2_Orang	0.00979234732702	2	296	T	C
N2_Orang	0.00985187186563	2	230	A	G
N2_Orang	0.0103062664916	2	728	G	T
N2_Orang	0.0103987816231	2	268	A	T
N2_Orang	0.0104425910521	1	717	C	A
N2_Orang	0.0106626119676	1	435	T	C
N2_Orang	0.0114316831551	1	491	A	G
N2_Orang	0.0121367687379	2	507	T	C
N2_Orang	0.0128059121156	1	283	A	C
N2_Orang	0.0138058046589	2	333	C	T
N2_Orang	0.0140266794187	1	532	A	T
N2_Orang	0.0143475260711	2	28	A	T
N2_Orang	0.0160426138586	2	187	G	T
N2_Orang	0.0162187636499	1	32	C	T
N2_Orang	0.0162747147226	2	475	A	C
N2_Orang	0.0165451444164	2	406	C	A
N2_Orang	0.017140379341	1	55	A	C
N1_Macaq	0.000312837693586	2	135	A	G
N1_Macaq	0.000866080430604	1	545	C	T
N1_Macaq	0.000905373635574	2	583	A	C
N1_Macaq	0.00126101353151	2	685	T	A
N1_Macaq	0.00257044532317	1	715	G	T
N1_Macaq	0.00336505432079	2	460	G	A
N1_Macaq	0.00352999586535	1	247	A	T
N1_Macaq	0.00369771235104	1	47	A	T
N1_Macaq	0.00505799337848	2	411	A	T
N1_Macaq	0.00562211757247	1	574	A	C
N1_Macaq	0.00589058774179	2	234	T	A
N1_Macaq	0.00708593298375	2	406	C	T
N1_Macaq	0.00733144702746	1	590	T	A
N1_Macaq	0.00790087852762	2	166	T	G
N1_Macaq	0.00974810477123	1	481	T	C
N1_Macaq	0.0106764324843	1	420	G	T
N1_Macaq	0.0112165115643	1	88	T	C
N1_Macaq	0.0112739605847	2	204	A	C
N1_Macaq	0.0118314996274	2	48	T	C
N1_Macaq	0.0122998696072	2	149	T	A
N1_Macaq	0.0126785046057	1	30	A	T
N1_Macaq	0.0129063198951	1	7	A	G
N1_Macaq	0.0141252024429	1	91	T	A
N1_Macaq	0.0143377092414	1	522	A	G
N1_Macaq	0.0143429558644	2	595	C	A
N1_Macaq	0.0144756862175	1	657	A	G
N1_Macaq	0.0146508808486	2	534	T	G
N1_Macaq	0.0172850172686	1	334	G	A
N1_Macaq	0.0173636699391	2	91	T	G
N1_Macaq	0.0174677197891	2	594	A	T
N1_Macaq	0.0188010484193	1	446	C	T
N1_Macaq	0.0194085966157	1	528	C	T
N1_Macaq	0.0209197458915	2	659	A	C
N1_Macaq	0.0210886103438	1	151	G	A
N1_Macaq	0.0217495135951	2	597	G	A
N1_Macaq	0.0228686301239	1	275	A	C
N1_Macaq	0.0231848866692	2	132	C	T
N1_Macaq	0.0241220142377	1	279	G	A
N1_Macaq	0.0256268330705	2	216	T	G
N1_Macaq	0.0261404755305	1	151	A	G
N1_Macaq	0.0261614829736	1	166	T	G
N1_Macaq	0.0266850654011	1	613	T	A
N1_Macaq	0.0269114828924	2	318	A	C
N1_Macaq	0.0277440865344	1	206	T	C
N1_Macaq	0.0283157109889	1	631	A	T
N1_Macaq	0.0285117898207	2	476	G	A
N1_Macaq	0.0295533021821	1	413	A	T
N1_Macaq	0.029919077486	2	574	A	T
N1_Macaq	0.030423604445	1	659	G	T
N1_Macaq	0.0312401698509	1	699	T	C
N1_Macaq	0.0314859366468	1	154	A	T
N1_Macaq	0.0318756117698	1	291	C	T
N1_Macaq	0.0319813793995	1	501	C	T
N1_Macaq	0.0334849461393	1	690	A	G
N1_Macaq	0.0338533524012	1	9	A	T
N1_Macaq	0.0350643728546	1	688	T	G
N1_Macaq	0.0356994907253	2	111	T	C
N1_Macaq	0.0364425407137	1	500	G	C
N1_Macaq	0.037776314638	1	316	G	A
N1_Macaq	0.0383092149206	2	338	A	G
N1_Macaq	0.0392895485358	2	589	A	T
N1_Macaq	0.0393011061615	1	436	A	G
N1_Macaq	0.0398499860613	2	287	G	T
N1_Macaq	0.0406594590397	1	275	C	T
N1_Macaq	0.0407461754883	2	456	G	T
N1_Macaq	0.04081146636	2	721	G	A
N1_Macaq	0.0417001945562	2	680	A	T
N1_Macaq	0.0419801026796	2	410	T	C
N1_Macaq	0.0421850394465	1	297	G	A
N1_Macaq	0.0425456461855	1	484	T	C
N1_Macaq	0.0427785493916	2	332	T	C
N1_Macaq	0.0429981458909	2	162	G	T
N0_Mouse	0.000844760964757	0	149	T	C
N0_Mouse	0.00129572815006	0	557	T	C
N0_Mouse	0.0048294562114	0	244	C	G
N0_Mouse	0.00592731052468	0	362	C	A
N0_Mouse	0.00976777078807	0	342	G	C
N0_Mouse	0.0148544077196	0	421	C	T
N0_Mouse	0.015500201158	0	548	A	C
N0_Mouse	0.0192030906136	0	151	A	C
N0_Mouse	0.0200765515312	0	583	A	T
N0_Mouse	0.0230469738741	0	102	C	T
N0_Mouse	0.0245588253926	0	90	A	G
N0_Mouse	0.0284431951624	0	91	T	C
N0_Mouse	0.0302843536215	0	11	G	T
N0_Mouse	0.0344152519748	0	105	T	A
N0_Mouse	0.0396052039051	0	336	T	C
N0_Mouse	0.039735787824	0	485	G	C
N0_Mouse	0.0397899045971	0	544	A	G
N0_Mouse	0.0402464256019	0	664	T	G
N0_Mouse	0.0435421411186	0	197	G	T
N0_Mouse	0.0473536123307	0	180	A	C
N0_Mouse	0.0478454680326	0	418	T	G
N0_Mouse	0.0483957571231	0	637	T	A
N0_Mouse	0.0485813415134	0	557	C	A
N0_Mouse	0.0507429281293	0	385	G	A
N0_Mouse	0.0516244394852	0	126	T	A
N0_Mouse	0.0538137600496	0	158	A	T
N0_Mouse	0.0544383482205	0	658	T	A
N0_Mouse	0.0544395714347	0	424	C	T
N0_Mouse	0.0559136053318	0	183	C	T
N0_Mouse	0.0560011915114	0	105	A	T
N0_Mouse	0.0561111925976	0	56	C	G
N0_Mouse	0.0580328969497	0	49	A	T
N0_Mouse	0.0585956027433	0	342	C	T
N0_Mouse	0.0595323618026	0	582	G	A
N0_Mouse	0.0596211366364	0	604	T	G
N0_Mouse	0.0602962571792	0	500	T	A
N0_Mouse	0.0633158493295	0	434	T	A
N0_Mouse	0.0634081843171	0	426	G	A
N0_Mouse	0.0639430247692	0	295	T	C
N0_Mouse	0.0651071001795	0	550	G	T
N0_Mouse	0.0658618007429	0	586	C	T
N0_Mouse	0.0660717012542	0	358	G	T
N0_Mouse	0.0675046843976	0	134	T	C
N0_Mouse	0.0678594386621	0	628	T	A
N0_Mouse	0.0692628498205	0	58	C	G
N0_Mouse	0.0709183470393	0	68	C	T
N0_Mouse	0.0714070714535	0	502	G	T
N0_Mouse	0.0721708987294	0	502	T	C
N0_Mouse	0.0735705623387	0	504	G	A
N0_Mouse	0.0736700273536	0	342	T	A
N0_Mouse	0.0739651322626	0	44	C	T
N0_Mouse	0.074224449013	0	25	A	T
N0_Mouse	0.0745365092752	0	411	G	A
N0_Mouse	0.0766979494389	0	123	A	G
N0_Mouse	0.0791872351235	0	600	C	T
N0_Mouse	0.0797315600196	0	243	G	C
N0_Mouse	0.0813850432326	0	545	C	G
N0_Mouse	0.0814080194268	0	651	T	C
N0_Mouse	0.0817595005499	0	383	A	G
N0_Mouse	0.0823249166507	0	32	C	T
N0_Mouse	0.0828802433783	0	371	G	A
N0_Mouse	0.086419677313	0	443	G	T
N0_Mouse	0.0872061121043	0	632	A	T
N0_Mouse	0.08774940724	0	664	G	T
N0_Mouse	0.0894120338147	0	253	G	A
N0_Mouse	0.0894710042996	0	35	G	T
N0_Mouse	0.0897779774932	0	193	T	C
N0_Mouse	0.0912475844427	0	465	C	T
N0_Mouse	0.0931111082334	0	474	A	T
N0_Mouse	0.0938087520918	0	355	A	G
N0_Mouse	0.0948130772787	0	478	T	G
N0_Mouse	0.0957797683885	0	459	T	C
N0_Mouse	0.0987001541114	0	67	A	C
N0_Mouse	0.100246327394	0	494	C	T
N0_Mouse	0.100737407343	0	126	A	T
N0_Mouse	0.101924305176	0	155	G	A
N0_Mouse	0.101999244154	0	470	A	G
N0_Mouse	0.104889680353	0	43	T	A
N0_Mouse	0.105917954169	0	553	G	C
N0_Mouse	0.106352145386	0	588	T	A
N0_Mouse	0.108006450584	0	269	T	A
N0_Mouse	0.108741965007	0	557	A	G
N0_Mouse	0.108861928073	0	323	C	A
N0_Mouse	0.108987986502	0	659	A	T
N0_Mouse	0.110353055943	0	458	C	T
N0_Mouse	0.110406421841	0	714	T	C
N0_Mouse	0.1107178473	0	664	T	A
N0_Mouse	0.113541480134	0	613	T	A
N0_Mouse	0.114975523913	0	559	G	A
N0_Mouse	0.115374722673	0	345	A	G
N0_Mouse	0.116518686351	0	651	C	T
N0_Mouse	0.118693896259	0	366	T	C
N0_Mouse	0.119441957233	0	522	A	G
N0_Mouse	0.121001912865	0	717	T	C
N0_Mouse	0.123293780767	0	125	A	T
N0_Mouse	0.123445060637	0	134	C	T
N0_Mouse	0.125305556961	0	693	A	G
N0_Mouse	0.126504354942	0	438	T	A
N0_Mouse	0.128746632102	0	562	T	A
N0_Mouse	0.129564344139	0	381	T	A
N0_Mouse	0.132084826929	0	334	A	G
N0_Mouse	0.133830015738	0	648	C	T
N0_Mouse	0.134508488689	0	516	A	G
N0_Mouse	0.136141644145	0	187	T	G
N0_Mouse	0.13723063253	0	543	C	G
N0_Mouse	0.137603946209	0	450	T	C
N0_Mouse	0.137940000078	0	44	T	C
N0_Mouse	0.14082494079	0	67	C	A
N0_Mouse	0.141286601528	0	347	A	G
N0_Mouse	0.143522932068	0	248	C	T
N0_Mouse	0.143693089531	0	170	A	G
N0_Mouse	0.144212290678	0	204	A	G
N0_Mouse	0.144583822595	0	244	G	A
N0_Mouse	0.146272458949	0	714	C	T
N0_Mouse	0.150842459458	0	577	A	G
N0_Mouse	0.151023938799	0	28	A	C
N0_Mouse	0.151891238794	0	686	C	A
N0_Mouse	0.152834311031	0	257	A	T
N0_Mouse	0.153044980775	0	97	T	A
N0_Mouse	0.155229105248	0	437	A	G
N0_Mouse	0.165947104761	0	293	C	T
N0_Mouse	0.168464941329	0	353	G	C
N0_Mouse	0.168581693221	0	462	A	C
N0_Mouse	0.169259244697	0	670	A	T
N0_Mouse	0.17168713213	0	601	A	C
N0_Mouse	0.171738286919	0	297	G	A
N0_Mouse	0.172069713946	0	319	A	G
N0_Mouse	0.173040957993	0	9	A	T
N0_Mouse	0.175963040864	0	565	A	T
N0_Mouse	0.177211894875	0	641	A	G
N0_Mouse	0.177571067248	0	599	C	T
N0_Mouse	0.17822868522	0	381	A	G
N0_Mouse	0.178624594574	0	570	T	C
N0_Mouse	0.179314946102	0	149	C	A
N0_Mouse	0.179658201765	0	374	G	T
N0_Mouse	0.181757136401	0	275	A	C
N0_Mouse	0.182719629433	0	674	C	A
N0_Mouse	0.184922394464	0	117	A	G
N0_Mouse	0.186351172848	0	469	A	T
N0_Mouse	0.188524610574	0	464	G	A
N0_Mouse	0.188964034877	0	548	C	T
N0_Mouse	0.189883667977	0	285	T	A
N0_Mouse	0.190996171154	0	634	A	G
N0_Mouse	0.191460391044	0	282	C	T
N0_Mouse	0.191915673117	0	359	T	G
N0_Mouse	0.193440564699	0	65	A	G
N0_Mouse	0.193810194807	0	142	A	C
N0_Mouse	0.194915498724	0	169	A	G
N0_Mouse	0.195061424616	0	710	C	T
N0_Mouse	0.195738764044	0	551	T	A
N0_Mouse	0.195832318374	0	184	A	G
N0_Mouse	0.196271327385	0	156	A	G
N0_Mouse	0.200273950919	0	406	C	T
N0_Mouse	0.202753036982	0	18	T	G
N0_Mouse	0.203757779534	0	32	T	A
N0_Mouse	0.207256299968	0	31	G	A
N0_Mouse	0.207974909906	0	21	C	G
N0_Mouse	0.210760244768	0	105	T	C
N0_Mouse	0.210770787193	0	642	G	A
N0_Mouse	0.211183236609	0	696	G	A
N0_Mouse	0.212674879417	0	605	C	T
N0_Mouse	0.213421303357	0	61	T	C
N0_Mouse	0.215578421875	0	347	G	T
N0_Mouse	0.215771793439	0	533	G	A
N0_Mouse	0.216155498442	0	435	T	C
N0_Mouse	0.216814474834	0	415	A	G
N0_Mouse	0.224767408588	0	718	C	T
N0_Mouse	0.226185193237	0	509	C	T
N0_Mouse	0.228847807083	0	303	A	G
N0_Mouse	0.229025421737	0	362	A	G
N0_Mouse	0.23504017015	0	180	C	A
N0_Mouse	0.23728041757	0	380	G	A
N0_Mouse	0.237856284377	0	608	T	G
N0_Mouse	0.239834302384	0	11	T	A
N0_Mouse	0.240950207243	0	190	T	A
N0_Mouse	0.244050543569	0	555	C	A
N0_Mouse	0.245439306059	0	348	A	G
N0_Mouse	0.246127501537	0	718	T	A
N0_Mouse	0.246386798225	0	430	A	G
N0_Mouse	0.248951865181	0	354	G	A
N0_Mouse	0.249628315826	0	560	A	C
N0_Mouse	0.252634073552	0	389	C	G
N0_Mouse	0.253093010399	0	191	G	A
N0_Mouse	0.255510303531	0	458	T	G
N0_Mouse	0.258384776468	0	657	A	G
N0_Mouse	0.258920155481	0	344	A	G
N0_Mouse	0.259961835754	0	364	G	A
N0_Mouse	0.260046232685	0	631	G	C
N0_Mouse	0.262296904583	0	699	T	G
N0_Mouse	0.263528402683	0	225	C	G
N0_Mouse	0.263811979207	0	352	A	C
N0_Mouse	0.265757915715	0	348	G	T
N0_Mouse	0.266304912119	0	426	A	C
N0_Mouse	0.267113214219	0	385	A	T
N0_Mouse	0.270794748258	0	638	T	C
N0_Mouse	0.271217059999	0	64	T	G
N0_Mouse	0.271473143494	0	4	G	A
N0_Mouse	0.275149759601	0	530	C	T
N0_Mouse	0.276057244727	0	633	A	C
N0_Mouse	0.278147964788	0	365	G	C
N0_Mouse	0.28407395718	0	266	C	T
N0_Mouse	0.284790993414	0	307	T	G
N0_Mouse	0.285670572141	0	406	T	C
N0_Mouse	0.286565314567	0	619	G	A
N0_Mouse	0.288995839259	0	618	A	T
N0_Mouse	0.28926802847	0	455	C	T
N0_Mouse	0.290012967259	0	342	A	G
N0_Mouse	0.291421500992	0	15	T	C
N0_Mouse	0.292458532188	0	56	G	A
N0_Mouse	0.294033445958	0	680	A	G
N0_Mouse	0.296874264404	0	107	G	A
N0_Mouse	0.298868595719	0	421	T	C
N0_Mouse	0.300431646378	0	481	C	T
N0_Mouse	0.301032186373	0	462	C	T
N0_Mouse	0.302641512016	0	540	C	T
N0_Mouse	0.309191852819	0	11	A	C
N0_Mouse	0.309603515918	0	394	C	T
N0_Mouse	0.311344927703	0	355	G	A
N0_Mouse	0.314191053817	0	626	T	C
N0_Mouse	0.318522947385	0	460	G	A
N0_Mouse	0.319129604487	0	614	G	A
N0_Mouse	0.321362026892	0	545	G	A
N0_Mouse	0.322907839558	0	203	T	A
N0_Mouse	0.32304163144	0	16	C	T
N0_Mouse	0.323349309367	0	604	G	C
N0_Mouse	0.324857259169	0	730	A	G
N0_Mouse	0.326103131632	0	310	C	A
N0_Mouse	0.326789080809	0	546	T	C
N0_Mouse	0.326814518444	0	475	A	G
N0_Mouse	0.326834706318	0	325	T	C
N0_Mouse	0.32830330005	0	309	A	G
N0_Mouse	0.328726397378	0	90	G	T
N0_Mouse	0.333310827927	0	210	G	A
N0_Mouse	0.333931709973	0	359	G	A
N0_Mouse	0.334283285036	0	70	T	C
N0_Mouse	0.339415119268	0	228	A	G
N0_Mouse	0.340803078753	0	624	A	T
N0_Mouse	0.341018527034	0	366	C	T
N0_Mouse	0.341316289937	0	11	C	A
N0_Mouse	0.341449139408	0	641	G	T
N0_Mouse	0.341637155332	0	9	T	G
N0_Mouse	0.343036888864	0	74	T	G
N0_Mouse	0.345177773005	0	541	T	A
N0_Mouse	0.345493246207	0	725	G	C
N0_Mouse	0.348003504018	0	692	G	A
N0_Mouse	0.350063499178	0	117	G	A
N0_Mouse	0.350283418704	0	699	G	A
N0_Mouse	0.350759099678	0	722	G	T
N0_Mouse	0.35752999702	0	593	G	A
N0_Mouse	0.358555354832	0	538	G	A
N0_Mouse	0.358703130308	0	125	T	A
N0_Mouse	0.360600028168	0	485	C	A
N0_Mouse	0.363132599893	0	674	A	G
N0_Mouse	0.363920554984	0	341	T	C
N0_Mouse	0.364589630516	0	670	T	C
N0_Mouse	0.364660898578	0	158	T	G
N0_Mouse	0.366178592053	0	178	G	A
N0_Mouse	0.367166488945	0	255	T	A
N0_Mouse	0.369282623601	0	57	T	C
N0_Mouse	0.373484728771	0	57	C	A
N0_Mouse	0.373908621735	0	676	T	G
N0_Mouse	0.374610837357	0	105	C	G
N0_Mouse	0.376075653375	0	186	G	T
N0_Mouse	0.378386459665	0	513	T	C
N0_Mouse	0.379187274149	0	63	G	A
N0_Mouse	0.379310940847	0	646	T	G
N0_Mouse	0.379437012651	0	192	T	C
N0_Mouse	0.380259192847	0	647	T	C
N0_Mouse	0.380317600601	0	621	C	T
N0_Mouse	0.380765503638	0	594	A	T
N0_Mouse	0.381176294142	0	671	C	A
N0_Mouse	0.381708322141	0	676	G	A
N0_Mouse	0.382058313553	0	171	A	C
N0_Mouse	0.382483851211	0	722	T	A
N0_Mouse	0.382863925783	0	598	C	T
N0_Mouse	0.383524206555	0	585	G	C
N0_Mouse	0.386931633196	0	156	G	A
N0_Mouse	0.38703969062	0	400	A	C
N0_Mouse	0.387652947972	0	264	G	C
N0_Mouse	0.390813797213	0	263	A	G
N0_Mouse	0.390861735873	0	405	G	T
N0_Mouse	0.395637156814	0	477	C	T
N0_Mouse	0.395694017751	0	380	A	T
N0_Mouse	0.398964174234	0	623	T	A
N0_Mouse	0.399751587642	0	112	T	C
N0_Mouse	0.400345427179	0	294	A	G
N0_Mouse	0.402361401497	0	69	A	T
N0_Mouse	0.404429234029	0	152	A	C
N0_Mouse	0.404676525156	0	378	A	G
N0_Mouse	0.405469001183	0	420	G	A
N0_Mouse	0.406419748377	0	211	G	A
N0_Mouse	0.406471959681	0	11	A	G
N0_Mouse	0.406976349054	0	169	G	A
N0_Mouse	0.408235364566	0	347	T	C
N0_Mouse	0.408810772661	0	382	T	A
N0_Mouse	0.409326534464	0	192	C	A
N0_Mouse	0.410115585408	0	606	A	G
N0_Mouse	0.410460678288	0	363	A	T
N0_Mouse	0.410690301526	0	354	A	G
N0_Mouse	0.410800657111	0	371	A	T
N0_Mouse	0.411618058087	0	241	T	A
N0_Mouse	0.412361039822	0	90	T	C
N0_Mouse	0.414676518127	0	511	T	C
N0_Mouse	0.416447232335	0	573	T	C
N0_Mouse	0.417998990969	0	316	G	A
N0_Mouse	0.418998341396	0	88	T	C
N0_Mouse	0.419660719981	0	726	C	A
N0_Mouse	0.421990994057	0	513	C	T
N0_Mouse	0.422670646081	0	341	C	T
N0_Mouse	0.423938085761	0	14	T	A
N0_Mouse	0.42717407118	0	661	C	G
N0_Mouse	0.427327175581	0	34	G	A
N0_Mouse	0.427507672295	0	496	A	G
N0_Mouse	0.428318008506	0	578	A	C
N0_Mouse	0.428537905483	0	141	G	A
N0_Mouse	0.428575187682	0	186	T	A
N0_Mouse	0.42933950702	0	172	G	T
N0_Mouse	0.430322104495	0	357	T	C
N0_Mouse	0.433877653213	0	360	G	A
N0_Mouse	0.43481643222	0	692	A	G
N0_Mouse	0.435950744347	0	48	T	C
N0_Mouse	0.43718308512	0	469	T	C
N0_Mouse	0.437644896581	0	77	A	G
N0_Mouse	0.438825293239	0	258	A	G
N0_Mouse	0.43883493837	0	487	T	A
N0_Mouse	0.439039893363	0	202	C	A
N0_Mouse	0.440395855424	0	142	C	A
N0_Mouse	0.444036037266	0	502	C	T
N0_Mouse	0.446724463223	0	526	T	A
N0_Mouse	0.447772331186	0	269	A	C
